start 2026-06-02T01:18:31+08:00
{
  "stage": "pfd_v0_preflight",
  "seed": 3407,
  "device": "cuda",
  "data_dir": "/root/autodl-tmp/workspace/Dehaze-Net/dataset/HAZE4K",
  "checkpoint": "/root/autodl-tmp/workspace/ConvIR-B/Dehazing/pretrained_models/haze4k-base.pkl",
  "pair_audit": {
    "train": {
      "split": "train",
      "image_dir": "/root/autodl-tmp/workspace/Dehaze-Net/dataset/HAZE4K/train",
      "input_dir": "/root/autodl-tmp/workspace/Dehaze-Net/dataset/HAZE4K/train/haze",
      "label_dir": "/root/autodl-tmp/workspace/Dehaze-Net/dataset/HAZE4K/train/gt",
      "input_count": 3000,
      "label_count": 3000,
      "mapped_target_count": 3000,
      "missing_label_count": 0,
      "missing_labels": [],
      "orphan_label_count": 0,
      "orphan_labels": [],
      "duplicate_target_mapping_count": 0,
      "duplicate_target_mappings": {},
      "duplicate_input_stem_count": 0,
      "duplicate_input_stems": {},
      "duplicate_label_stem_count": 0,
      "duplicate_label_stems": {},
      "crop_compatible_sample_count": 32,
      "crop_compatible_failure_count": 0,
      "crop_compatible_failures": [],
      "pass": true
    },
    "test": {
      "split": "test",
      "image_dir": "/root/autodl-tmp/workspace/Dehaze-Net/dataset/HAZE4K/test",
      "input_dir": "/root/autodl-tmp/workspace/Dehaze-Net/dataset/HAZE4K/test/haze",
      "label_dir": "/root/autodl-tmp/workspace/Dehaze-Net/dataset/HAZE4K/test/gt",
      "input_count": 1000,
      "label_count": 1000,
      "mapped_target_count": 1000,
      "missing_label_count": 0,
      "missing_labels": [],
      "orphan_label_count": 0,
      "orphan_labels": [],
      "duplicate_target_mapping_count": 0,
      "duplicate_target_mappings": {},
      "duplicate_input_stem_count": 0,
      "duplicate_input_stems": {},
      "duplicate_label_stem_count": 0,
      "duplicate_label_stems": {},
      "crop_compatible_sample_count": 32,
      "crop_compatible_failure_count": 0,
      "crop_compatible_failures": [],
      "pass": true
    }
  },
  "checkpoint_load": {
    "original": {
      "missing": [],
      "unexpected": []
    },
    "pfd": {
      "missing": [
        "PFD_HSCM2.confidence.0.weight",
        "PFD_HSCM2.confidence.0.bias",
        "PFD_HSCM2.project.0.weight",
        "PFD_HSCM2.project.0.bias",
        "PFD_HSCM2.project.2.weight",
        "PFD_HSCM2.project.2.bias",
        "PFD_HSCM1.confidence.0.weight",
        "PFD_HSCM1.confidence.0.bias",
        "PFD_HSCM1.project.0.weight",
        "PFD_HSCM1.project.0.bias",
        "PFD_HSCM1.project.2.weight",
        "PFD_HSCM1.project.2.bias",
        "PFD_RHFD2.body.0.weight",
        "PFD_RHFD2.body.0.bias",
        "PFD_RHFD2.body.2.weight",
        "PFD_RHFD2.body.2.bias",
        "PFD_RHFD2.body.4.weight",
        "PFD_RHFD2.body.4.bias",
        "PFD_RHFD1.body.0.weight",
        "PFD_RHFD1.body.0.bias",
        "PFD_RHFD1.body.2.weight",
        "PFD_RHFD1.body.2.bias",
        "PFD_RHFD1.body.4.weight",
        "PFD_RHFD1.body.4.bias",
        "PFD_PFFB2.project.weight",
        "PFD_PFFB2.project.bias",
        "PFD_PFFB1.project.weight",
        "PFD_PFFB1.project.bias"
      ],
      "unexpected": [],
      "bad_missing": [],
      "pass": true
    },
    "pass": true
  },
  "random_tensor_equivalence": {
    "max_abs_diff": 0.0,
    "mean_abs_diff": 0.0,
    "outputs": [
      {
        "output_index": 0,
        "shape": [
          1,
          3,
          64,
          64
        ],
        "max_abs_diff": 0.0,
        "mean_abs_diff": 0.0
      },
      {
        "output_index": 1,
        "shape": [
          1,
          3,
          128,
          128
        ],
        "max_abs_diff": 0.0,
        "mean_abs_diff": 0.0
      },
      {
        "output_index": 2,
        "shape": [
          1,
          3,
          256,
          256
        ],
        "max_abs_diff": 0.0,
        "mean_abs_diff": 0.0
      }
    ],
    "pass": true
  },
  "real_batch_equivalence": {
    "max_abs_diff": 0.0,
    "mean_abs_diff": 0.0,
    "input_shape": [
      1,
      3,
      256,
      256
    ],
    "outputs": [
      {
        "output_index": 0,
        "shape": [
          1,
          3,
          64,
          64
        ],
        "max_abs_diff": 0.0,
        "mean_abs_diff": 0.0
      },
      {
        "output_index": 1,
        "shape": [
          1,
          3,
          128,
          128
        ],
        "max_abs_diff": 0.0,
        "mean_abs_diff": 0.0
      },
      {
        "output_index": 2,
        "shape": [
          1,
          3,
          256,
          256
        ],
        "max_abs_diff": 0.0,
        "mean_abs_diff": 0.0
      }
    ],
    "pass": true
  },
  "params": {
    "original": 8630665,
    "pfd_v0": 8696785,
    "delta": 66120,
    "delta_pct": 0.7661055086716957
  },
  "pass": true
}
preflight_pass 2026-06-02T01:18:35+08:00
train_start ConvIR-Haze4K-A1-init-official-stop20-seed3407-20260602 2026-06-02T01:18:35+08:00
train_done ConvIR-Haze4K-A1-init-official-stop20-seed3407-20260602 rc=0 2026-06-02T01:52:01+08:00
train_start ConvIR-Haze4K-PFD-B1-rhfd-stop20-seed3407-20260602 2026-06-02T01:52:01+08:00
train_done ConvIR-Haze4K-PFD-B1-rhfd-stop20-seed3407-20260602 rc=0 2026-06-02T02:25:39+08:00
eval_start B1 2026-06-02T02:25:39+08:00
original 100/1000 psnr=29.6875
original 200/1000 psnr=29.4486
original 300/1000 psnr=29.2643
original 400/1000 psnr=29.1527
original 500/1000 psnr=30.0009
original 600/1000 psnr=31.0360
original 700/1000 psnr=31.9562
original 800/1000 psnr=32.4510
original 900/1000 psnr=33.0100
original 1000/1000 psnr=33.4260
original 100/1000 psnr=29.8496
original 200/1000 psnr=29.5701
original 300/1000 psnr=29.4372
original 400/1000 psnr=29.3424
original 500/1000 psnr=30.0988
original 600/1000 psnr=31.0838
original 700/1000 psnr=31.9106
original 800/1000 psnr=32.4261
original 900/1000 psnr=32.9525
original 1000/1000 psnr=33.3375
{
  "runs": {
    "a1": {
      "mode": "original",
      "arch": "convir",
      "checkpoint": "/root/autodl-tmp/workspace/ConvIR-B-pfd-mainline/Dehazing/ITS/results/ConvIR-Haze4K-A1-init-official-stop20-seed3407-20260602/Training-Results/Best.pkl",
      "count": 1000,
      "mean_psnr": 33.42601767539978,
      "mean_ssim": 0.9886073943376541,
      "avg_time_sec_sync": 0.054325011014938356,
      "median_time_sec_sync": 0.06728339195251465,
      "peak_cuda_mem_mib": 570.69287109375,
      "label": "a1"
    },
    "b1": {
      "mode": "original",
      "arch": "pfd",
      "checkpoint": "/root/autodl-tmp/workspace/ConvIR-B-pfd-mainline/Dehazing/ITS/results/ConvIR-Haze4K-PFD-B1-rhfd-stop20-seed3407-20260602/Training-Results/Best.pkl",
      "count": 1000,
      "mean_psnr": 33.33754905319214,
      "mean_ssim": 0.9866236138939858,
      "avg_time_sec_sync": 0.05346550941467285,
      "median_time_sec_sync": 0.06462228298187256,
      "peak_cuda_mem_mib": 572.24658203125,
      "label": "b1"
    }
  },
  "comparison": {
    "common_count": 1000,
    "mean_psnr_delta": -0.0884686222076416,
    "median_psnr_delta": 0.040978431701660156,
    "p5_psnr_delta": -2.1382423400878907,
    "p95_psnr_delta": 2.103942394256591,
    "worst10_mean_psnr_delta": -3.164797992706299,
    "best10_mean_psnr_delta": 2.383524990081787,
    "mean_ssim_delta": -0.0019837804436683656,
    "strong_reference_cut_psnr": 37.7932014465332,
    "strong_reference_count": 250,
    "strong_regression_count_delta_le_-0.05": 137,
    "worst_regression_count_delta_le_-0.20": 434
  }
}
wrote /root/autodl-tmp/workspace/ConvIR-B-pfd-mainline/experience_docx/experiment_logs/haze4k_pfd_mainline_20260602/scout_eval_compare_seed3407_B1_vs_A1_best.json
wrote /root/autodl-tmp/workspace/ConvIR-B-pfd-mainline/experience_docx/experiment_logs/haze4k_pfd_mainline_20260602/scout_eval_per_image_seed3407_B1_vs_A1_best.csv
{
  "source_csv": "/root/autodl-tmp/workspace/ConvIR-B-pfd-mainline/experience_docx/experiment_logs/haze4k_pfd_mainline_20260602/scout_eval_per_image_seed3407_B1_vs_A1_best.csv",
  "candidate_name": "b1",
  "overall": {
    "count": 1000,
    "mean_delta_psnr": -0.0884686222076416,
    "median_delta_psnr": 0.040978431701660156,
    "p5_delta_psnr": -2.1382423400878907,
    "p95_delta_psnr": 2.103942394256591,
    "positive_delta_count": 507,
    "positive_delta_ratio": 0.507,
    "regression_delta_le_-0.05": 481,
    "regression_delta_le_-0.10": 468,
    "regression_delta_le_-0.20": 434,
    "gain_delta_ge_0.05": 496,
    "gain_delta_ge_0.10": 481,
    "mean_delta_ssim": -0.0019837804436683656,
    "median_delta_ssim": -0.00021532177925109863,
    "worst_10_mean_delta_psnr": -11.92030372619629,
    "best_10_mean_delta_psnr": 4.049022102355957
  },
  "difficulty_buckets_by_original_psnr": {
    "hard_bottom_25pct": {
      "original_psnr_range": [
        15.532119750976562,
        29.141353607177734
      ],
      "count": 250,
      "mean_delta_psnr": 0.38380596923828125,
      "median_delta_psnr": 0.3698873519897461,
      "p5_delta_psnr": -1.5402445793151855,
      "p95_delta_psnr": 2.691102695465088,
      "positive_delta_count": 155,
      "positive_delta_ratio": 0.62,
      "regression_delta_le_-0.05": 95,
      "regression_delta_le_-0.10": 92,
      "regression_delta_le_-0.20": 83,
      "gain_delta_ge_0.05": 153,
      "gain_delta_ge_0.10": 147,
      "mean_delta_ssim": -0.00015139150619506835,
      "median_delta_ssim": 0.00037297606468200684,
      "worst_10_mean_delta_psnr": -1.9863393783569336,
      "best_10_mean_delta_psnr": 3.8290021896362303
    },
    "medium_middle_50pct": {
      "original_psnr_range": [
        29.15151596069336,
        37.78970718383789
      ],
      "count": 500,
      "mean_delta_psnr": -0.20158668899536134,
      "median_delta_psnr": -0.048018455505371094,
      "p5_delta_psnr": -2.2426025390625,
      "p95_delta_psnr": 2.074629592895508,
      "positive_delta_count": 242,
      "positive_delta_ratio": 0.484,
      "regression_delta_le_-0.05": 249,
      "regression_delta_le_-0.10": 245,
      "regression_delta_le_-0.20": 229,
      "gain_delta_ge_0.05": 237,
      "gain_delta_ge_0.10": 230,
      "mean_delta_ssim": -0.0032098944187164305,
      "median_delta_ssim": -0.00018718838691711426,
      "worst_10_mean_delta_psnr": -9.923015213012695,
      "best_10_mean_delta_psnr": 3.3320512771606445
    },
    "easy_top_25pct": {
      "original_psnr_range": [
        37.80368423461914,
        48.002933502197266
      ],
      "count": 250,
      "mean_delta_psnr": -0.334507080078125,
      "median_delta_psnr": -0.17301368713378906,
      "p5_delta_psnr": -2.3584741592407226,
      "p95_delta_psnr": 1.7272918701171878,
      "positive_delta_count": 110,
      "positive_delta_ratio": 0.44,
      "regression_delta_le_-0.05": 137,
      "regression_delta_le_-0.10": 131,
      "regression_delta_le_-0.20": 122,
      "gain_delta_ge_0.05": 106,
      "gain_delta_ge_0.10": 104,
      "mean_delta_ssim": -0.0013639414310455322,
      "median_delta_ssim": -0.0004406273365020752,
      "worst_10_mean_delta_psnr": -5.2879375457763675,
      "best_10_mean_delta_psnr": 2.2349899291992186
    }
  },
  "filename_parameter_correlations_inferred": {
    "note": "Haze4K filenames look like id_param1_param2.png; this file records correlation only and does not assume the parameter meaning.",
    "param_1_vs_original_psnr": -0.14840882154932764,
    "param_1_vs_delta_psnr": 0.08107814086610708,
    "param_2_vs_original_psnr": -0.32809004221723953,
    "param_2_vs_delta_psnr": 0.04372008320336956
  },
  "worst_regressions": [
    {
      "name": "685_0.95_1.13.png",
      "original_psnr": 35.89845275878906,
      "candidate_psnr": 9.130663871765137,
      "delta_psnr": -26.767788887023926,
      "original_ssim": 0.9941073656082153,
      "candidate_ssim": 0.357693612575531,
      "delta_ssim": -0.6364137530326843,
      "filename_param_1": 0.95,
      "filename_param_2": 1.13
    },
    {
      "name": "688_0.83_1.51.png",
      "original_psnr": 35.2674446105957,
      "candidate_psnr": 8.703539848327637,
      "delta_psnr": -26.563904762268066,
      "original_ssim": 0.9928290247917175,
      "candidate_ssim": 0.3298393487930298,
      "delta_ssim": -0.6629896759986877,
      "filename_param_1": 0.83,
      "filename_param_2": 1.51
    },
    {
      "name": "686_0.88_1.15.png",
      "original_psnr": 36.28247833251953,
      "candidate_psnr": 16.934017181396484,
      "delta_psnr": -19.348461151123047,
      "original_ssim": 0.9944801330566406,
      "candidate_ssim": 0.8143430948257446,
      "delta_ssim": -0.180137038230896,
      "filename_param_1": 0.88,
      "filename_param_2": 1.15
    },
    {
      "name": "508_0.72_1.04.png",
      "original_psnr": 39.203189849853516,
      "candidate_psnr": 20.358322143554688,
      "delta_psnr": -18.844867706298828,
      "original_ssim": 0.9972400665283203,
      "candidate_ssim": 0.9339226484298706,
      "delta_ssim": -0.06331741809844971,
      "filename_param_1": 0.72,
      "filename_param_2": 1.04
    },
    {
      "name": "993_0.73_0.6.png",
      "original_psnr": 39.839759826660156,
      "candidate_psnr": 34.1108512878418,
      "delta_psnr": -5.728908538818359,
      "original_ssim": 0.9980853796005249,
      "candidate_ssim": 0.9955916404724121,
      "delta_ssim": -0.002493739128112793,
      "filename_param_1": 0.73,
      "filename_param_2": 0.6
    },
    {
      "name": "507_0.66_0.7.png",
      "original_psnr": 42.304874420166016,
      "candidate_psnr": 37.59941101074219,
      "delta_psnr": -4.705463409423828,
      "original_ssim": 0.9982926249504089,
      "candidate_ssim": 0.9959728121757507,
      "delta_ssim": -0.002319812774658203,
      "filename_param_1": 0.66,
      "filename_param_2": 0.7
    },
    {
      "name": "115_0.52_0.82.png",
      "original_psnr": 35.861305236816406,
      "candidate_psnr": 31.284276962280273,
      "delta_psnr": -4.577028274536133,
      "original_ssim": 0.9948618412017822,
      "candidate_ssim": 0.9922919273376465,
      "delta_ssim": -0.002569913864135742,
      "filename_param_1": 0.52,
      "filename_param_2": 0.82
    },
    {
      "name": "936_0.99_0.55.png",
      "original_psnr": 46.003746032714844,
      "candidate_psnr": 41.465816497802734,
      "delta_psnr": -4.537929534912109,
      "original_ssim": 0.9949636459350586,
      "candidate_ssim": 0.9835923910140991,
      "delta_ssim": -0.011371254920959473,
      "filename_param_1": 0.99,
      "filename_param_2": 0.55
    },
    {
      "name": "858_0.8_1.72.png",
      "original_psnr": 35.944175720214844,
      "candidate_psnr": 31.661731719970703,
      "delta_psnr": -4.282444000244141,
      "original_ssim": 0.9887663125991821,
      "candidate_ssim": 0.9889039397239685,
      "delta_ssim": 0.00013762712478637695,
      "filename_param_1": 0.8,
      "filename_param_2": 1.72
    },
    {
      "name": "427_0.69_0.58.png",
      "original_psnr": 35.15858459472656,
      "candidate_psnr": 31.31234359741211,
      "delta_psnr": -3.846240997314453,
      "original_ssim": 0.9964119791984558,
      "candidate_ssim": 0.990586519241333,
      "delta_ssim": -0.005825459957122803,
      "filename_param_1": 0.69,
      "filename_param_2": 0.58
    },
    {
      "name": "935_0.58_0.55.png",
      "original_psnr": 48.002933502197266,
      "candidate_psnr": 44.18571090698242,
      "delta_psnr": -3.8172225952148438,
      "original_ssim": 0.9968605041503906,
      "candidate_ssim": 0.9831029772758484,
      "delta_ssim": -0.013757526874542236,
      "filename_param_1": 0.58,
      "filename_param_2": 0.55
    },
    {
      "name": "885_0.82_0.54.png",
      "original_psnr": 41.696441650390625,
      "candidate_psnr": 37.92639923095703,
      "delta_psnr": -3.7700424194335938,
      "original_ssim": 0.9972519278526306,
      "candidate_ssim": 0.9962844252586365,
      "delta_ssim": -0.0009675025939941406,
      "filename_param_1": 0.82,
      "filename_param_2": 0.54
    },
    {
      "name": "219_0.62_1.27.png",
      "original_psnr": 37.42768478393555,
      "candidate_psnr": 33.733436584472656,
      "delta_psnr": -3.6942481994628906,
      "original_ssim": 0.9971746206283569,
      "candidate_ssim": 0.9960027933120728,
      "delta_ssim": -0.0011718273162841797,
      "filename_param_1": 0.62,
      "filename_param_2": 1.27
    },
    {
      "name": "313_0.51_1.58.png",
      "original_psnr": 33.553611755371094,
      "candidate_psnr": 30.11939239501953,
      "delta_psnr": -3.4342193603515625,
      "original_ssim": 0.9944490194320679,
      "candidate_ssim": 0.9913547039031982,
      "delta_ssim": -0.003094315528869629,
      "filename_param_1": 0.51,
      "filename_param_2": 1.58
    },
    {
      "name": "315_0.52_1.41.png",
      "original_psnr": 34.1512336730957,
      "candidate_psnr": 30.723854064941406,
      "delta_psnr": -3.427379608154297,
      "original_ssim": 0.9949266910552979,
      "candidate_ssim": 0.9923087358474731,
      "delta_ssim": -0.002617955207824707,
      "filename_param_1": 0.52,
      "filename_param_2": 1.41
    },
    {
      "name": "49_0.7_1.47.png",
      "original_psnr": 32.975067138671875,
      "candidate_psnr": 29.686630249023438,
      "delta_psnr": -3.2884368896484375,
      "original_ssim": 0.9957619905471802,
      "candidate_ssim": 0.9945214986801147,
      "delta_ssim": -0.0012404918670654297,
      "filename_param_1": 0.7,
      "filename_param_2": 1.47
    },
    {
      "name": "733_0.65_1.63.png",
      "original_psnr": 39.1134147644043,
      "candidate_psnr": 35.906036376953125,
      "delta_psnr": -3.207378387451172,
      "original_ssim": 0.9971264600753784,
      "candidate_ssim": 0.9968067407608032,
      "delta_ssim": -0.0003197193145751953,
      "filename_param_1": 0.65,
      "filename_param_2": 1.63
    },
    {
      "name": "994_0.53_1.75.png",
      "original_psnr": 36.76958465576172,
      "candidate_psnr": 33.81595993041992,
      "delta_psnr": -2.953624725341797,
      "original_ssim": 0.9956461787223816,
      "candidate_ssim": 0.9931957721710205,
      "delta_ssim": -0.002450406551361084,
      "filename_param_1": 0.53,
      "filename_param_2": 1.75
    },
    {
      "name": "923_1.0_0.51.png",
      "original_psnr": 40.964813232421875,
      "candidate_psnr": 38.06953048706055,
      "delta_psnr": -2.895282745361328,
      "original_ssim": 0.9976358413696289,
      "candidate_ssim": 0.9965004920959473,
      "delta_ssim": -0.0011353492736816406,
      "filename_param_1": 1.0,
      "filename_param_2": 0.51
    },
    {
      "name": "96_0.6_1.11.png",
      "original_psnr": 33.35396194458008,
      "candidate_psnr": 30.49270248413086,
      "delta_psnr": -2.8612594604492188,
      "original_ssim": 0.9860320091247559,
      "candidate_ssim": 0.9752810001373291,
      "delta_ssim": -0.010751008987426758,
      "filename_param_1": 0.6,
      "filename_param_2": 1.11
    }
  ],
  "best_gains": [
    {
      "name": "342_0.96_1.08.png",
      "original_psnr": 23.854503631591797,
      "candidate_psnr": 28.929636001586914,
      "delta_psnr": 5.075132369995117,
      "original_ssim": 0.9746681451797485,
      "candidate_ssim": 0.9886547923088074,
      "delta_ssim": 0.013986647129058838,
      "filename_param_1": 0.96,
      "filename_param_2": 1.08
    },
    {
      "name": "122_0.94_1.72.png",
      "original_psnr": 27.078401565551758,
      "candidate_psnr": 31.7515869140625,
      "delta_psnr": 4.673185348510742,
      "original_ssim": 0.9774624705314636,
      "candidate_ssim": 0.9860692024230957,
      "delta_ssim": 0.00860673189163208,
      "filename_param_1": 0.94,
      "filename_param_2": 1.72
    },
    {
      "name": "111_0.98_0.89.png",
      "original_psnr": 30.243694305419922,
      "candidate_psnr": 34.713096618652344,
      "delta_psnr": 4.469402313232422,
      "original_ssim": 0.9921455383300781,
      "candidate_ssim": 0.996285080909729,
      "delta_ssim": 0.004139542579650879,
      "filename_param_1": 0.98,
      "filename_param_2": 0.89
    },
    {
      "name": "78_1.0_0.78.png",
      "original_psnr": 27.958251953125,
      "candidate_psnr": 32.385658264160156,
      "delta_psnr": 4.427406311035156,
      "original_ssim": 0.9790451526641846,
      "candidate_ssim": 0.9824438095092773,
      "delta_ssim": 0.0033986568450927734,
      "filename_param_1": 1.0,
      "filename_param_2": 0.78
    },
    {
      "name": "998_0.7_0.93.png",
      "original_psnr": 34.58762741088867,
      "candidate_psnr": 38.580718994140625,
      "delta_psnr": 3.993091583251953,
      "original_ssim": 0.9970452189445496,
      "candidate_ssim": 0.9976877570152283,
      "delta_ssim": 0.0006425380706787109,
      "filename_param_1": 0.7,
      "filename_param_2": 0.93
    },
    {
      "name": "269_0.97_1.84.png",
      "original_psnr": 24.652040481567383,
      "candidate_psnr": 28.47599220275879,
      "delta_psnr": 3.8239517211914062,
      "original_ssim": 0.9750706553459167,
      "candidate_ssim": 0.9862167239189148,
      "delta_ssim": 0.011146068572998047,
      "filename_param_1": 0.97,
      "filename_param_2": 1.84
    },
    {
      "name": "167_0.53_1.34.png",
      "original_psnr": 28.321744918823242,
      "candidate_psnr": 31.89830780029297,
      "delta_psnr": 3.5765628814697266,
      "original_ssim": 0.9864833354949951,
      "candidate_ssim": 0.9903788566589355,
      "delta_ssim": 0.0038955211639404297,
      "filename_param_1": 0.53,
      "filename_param_2": 1.34
    },
    {
      "name": "869_0.55_0.51.png",
      "original_psnr": 39.000064849853516,
      "candidate_psnr": 42.5275764465332,
      "delta_psnr": 3.5275115966796875,
      "original_ssim": 0.9980189800262451,
      "candidate_ssim": 0.9979966878890991,
      "delta_ssim": -2.2292137145996094e-05,
      "filename_param_1": 0.55,
      "filename_param_2": 0.51
    },
    {
      "name": "488_0.99_1.47.png",
      "original_psnr": 28.019329071044922,
      "candidate_psnr": 31.494548797607422,
      "delta_psnr": 3.4752197265625,
      "original_ssim": 0.9875175952911377,
      "candidate_ssim": 0.9904731512069702,
      "delta_ssim": 0.0029555559158325195,
      "filename_param_1": 0.99,
      "filename_param_2": 1.47
    },
    {
      "name": "109_0.74_1.74.png",
      "original_psnr": 30.75299072265625,
      "candidate_psnr": 34.20174789428711,
      "delta_psnr": 3.4487571716308594,
      "original_ssim": 0.9937191009521484,
      "candidate_ssim": 0.9958056211471558,
      "delta_ssim": 0.0020865201950073242,
      "filename_param_1": 0.74,
      "filename_param_2": 1.74
    },
    {
      "name": "344_0.82_1.51.png",
      "original_psnr": 23.21965980529785,
      "candidate_psnr": 26.634292602539062,
      "delta_psnr": 3.414632797241211,
      "original_ssim": 0.9715616106987,
      "candidate_ssim": 0.9835364818572998,
      "delta_ssim": 0.011974871158599854,
      "filename_param_1": 0.82,
      "filename_param_2": 1.51
    },
    {
      "name": "121_0.86_1.21.png",
      "original_psnr": 27.988075256347656,
      "candidate_psnr": 31.374380111694336,
      "delta_psnr": 3.3863048553466797,
      "original_ssim": 0.9830099940299988,
      "candidate_ssim": 0.9885231852531433,
      "delta_ssim": 0.005513191223144531,
      "filename_param_1": 0.86,
      "filename_param_2": 1.21
    },
    {
      "name": "271_0.97_1.97.png",
      "original_psnr": 24.14520263671875,
      "candidate_psnr": 27.521347045898438,
      "delta_psnr": 3.3761444091796875,
      "original_ssim": 0.969623327255249,
      "candidate_ssim": 0.9815640449523926,
      "delta_ssim": 0.011940717697143555,
      "filename_param_1": 0.97,
      "filename_param_2": 1.97
    },
    {
      "name": "699_0.67_1.68.png",
      "original_psnr": 37.43838882446289,
      "candidate_psnr": 40.6112060546875,
      "delta_psnr": 3.1728172302246094,
      "original_ssim": 0.9958556890487671,
      "candidate_ssim": 0.9967806339263916,
      "delta_ssim": 0.0009249448776245117,
      "filename_param_1": 0.67,
      "filename_param_2": 1.68
    },
    {
      "name": "27_0.76_0.89.png",
      "original_psnr": 31.36825942993164,
      "candidate_psnr": 34.45106506347656,
      "delta_psnr": 3.082805633544922,
      "original_ssim": 0.9937201738357544,
      "candidate_ssim": 0.9956910014152527,
      "delta_ssim": 0.001970827579498291,
      "filename_param_1": 0.76,
      "filename_param_2": 0.89
    },
    {
      "name": "904_0.82_1.3.png",
      "original_psnr": 35.15877151489258,
      "candidate_psnr": 38.23760223388672,
      "delta_psnr": 3.0788307189941406,
      "original_ssim": 0.9975339770317078,
      "candidate_ssim": 0.9975563883781433,
      "delta_ssim": 2.2411346435546875e-05,
      "filename_param_1": 0.82,
      "filename_param_2": 1.3
    },
    {
      "name": "37_0.76_1.34.png",
      "original_psnr": 31.474830627441406,
      "candidate_psnr": 34.538429260253906,
      "delta_psnr": 3.0635986328125,
      "original_ssim": 0.9907473921775818,
      "candidate_ssim": 0.992568850517273,
      "delta_ssim": 0.0018214583396911621,
      "filename_param_1": 0.76,
      "filename_param_2": 1.34
    },
    {
      "name": "486_0.96_1.3.png",
      "original_psnr": 28.038249969482422,
      "candidate_psnr": 31.0997314453125,
      "delta_psnr": 3.061481475830078,
      "original_ssim": 0.988294243812561,
      "candidate_ssim": 0.9913188219070435,
      "delta_ssim": 0.003024578094482422,
      "filename_param_1": 0.96,
      "filename_param_2": 1.3
    },
    {
      "name": "39_0.78_1.14.png",
      "original_psnr": 31.957502365112305,
      "candidate_psnr": 34.989009857177734,
      "delta_psnr": 3.0315074920654297,
      "original_ssim": 0.991285502910614,
      "candidate_ssim": 0.9931852221488953,
      "delta_ssim": 0.00189971923828125,
      "filename_param_1": 0.78,
      "filename_param_2": 1.14
    },
    {
      "name": "950_0.57_1.28.png",
      "original_psnr": 30.86220932006836,
      "candidate_psnr": 33.882808685302734,
      "delta_psnr": 3.020599365234375,
      "original_ssim": 0.9942560195922852,
      "candidate_ssim": 0.9957777857780457,
      "delta_ssim": 0.001521766185760498,
      "filename_param_1": 0.57,
      "filename_param_2": 1.28
    }
  ]
}
wrote /root/autodl-tmp/workspace/ConvIR-B-pfd-mainline/experience_docx/experiment_logs/haze4k_pfd_mainline_20260602/scout_eval_bucket_analysis_seed3407_B1_vs_A1_best.json
{
  "stage": "B1",
  "compare_json": "/root/autodl-tmp/workspace/ConvIR-B-pfd-mainline/experience_docx/experiment_logs/haze4k_pfd_mainline_20260602/scout_eval_compare_seed3407_B1_vs_A1_best.json",
  "bucket_json": "/root/autodl-tmp/workspace/ConvIR-B-pfd-mainline/experience_docx/experiment_logs/haze4k_pfd_mainline_20260602/scout_eval_bucket_analysis_seed3407_B1_vs_A1_best.json",
  "metrics": {
    "global_mean_delta_psnr": -0.0884686222076416,
    "hard_bottom25_mean_delta_psnr": 0.38380596923828125,
    "easy_top25_mean_delta_psnr": -0.334507080078125,
    "strong_reference_regressions_delta_le_-0.05": 137,
    "severe_all_image_regressions_delta_le_-0.20": 434
  },
  "checks": [
    {
      "name": "global_psnr_delta_vs_a1",
      "value": -0.0884686222076416,
      "op": ">=",
      "threshold": -0.05,
      "pass": false
    },
    {
      "name": "easy_top25_mean_delta",
      "value": -0.334507080078125,
      "op": ">=",
      "threshold": -0.05,
      "pass": false
    },
    {
      "name": "strong_reference_regressions",
      "value": 137,
      "op": "<=",
      "threshold": 50,
      "pass": false
    },
    {
      "name": "severe_all_image_regressions",
      "value": 434,
      "op": "<",
      "threshold": 444,
      "pass": true
    }
  ],
  "automatic_pass": false,
  "manual_visual_artifact_check": "pending"
}
gate_fail_stop B1 2026-06-02T02:28:20+08:00
