/home/caozhiyang/ConvIR-B/repos/ConvIR-B-official-arch-anchor/Dehazing/ITS/main.py:13: UserWarning: Environment variable TORCH_FORCE_NO_WEIGHTS_ONLY_LOAD detected, since the`weights_only` argument was not explicitly passed to `torch.load`, forcing weights_only=False.
  state = torch.load(path, map_location=map_location)
INIT_MODEL_LOAD path=/home/caozhiyang/ConvIR-B/checkpoints/official/Haze4K/haze4k-base.pkl missing=[] unexpected=[]
{
  "checkpoint": "/home/caozhiyang/ConvIR-B/checkpoints/official/Haze4K/haze4k-base.pkl",
  "checkpoint_sha256": "6f42037d57a4e3de3a10ac0ab909d66a3415864a19433c29204a975f4efa4088",
  "checks": {
    "learning_rate_aliases_present": true,
    "official_state_clean": true,
    "strict_init_model_load": true,
    "synthetic_forward_finite": true,
    "synthetic_three_scales": true,
    "train_batch_forward_finite": true
  },
  "cuda_available": true,
  "cuda_device_name": "NVIDIA GeForce RTX 5090",
  "cuda_visible_devices": "0",
  "data_dir": "/home/caozhiyang/ConvIR-B/datasets/Haze4K/Haze4K",
  "data_test_haze_count": 1000,
  "data_train_gt_count": 3000,
  "data_train_haze_count": 3001,
  "forbidden_state_keys": [],
  "init_model_loaded": true,
  "locked_test_touched": false,
  "parameter_count": 8630665,
  "pass": true,
  "python": "/home/caozhiyang/ConvIR-B/envs/convir-cu128/bin/python",
  "run_host": "P6X8G",
  "synthetic_output_shapes": [
    [
      1,
      3,
      64,
      64
    ],
    [
      1,
      3,
      128,
      128
    ],
    [
      1,
      3,
      256,
      256
    ]
  ],
  "torch_cuda_version": "12.8",
  "torch_force_no_weights_only_load": "1",
  "torch_version": "2.11.0+cu128",
  "train_batch_l1_multiscale": 0.009163891896605492,
  "train_batch_shapes": {
    "input": [
      1,
      3,
      256,
      256
    ],
    "label": [
      1,
      3,
      256,
      256
    ],
    "outputs": [
      [
        1,
        3,
        64,
        64
      ],
      [
        1,
        3,
        128,
        128
      ],
      [
        1,
        3,
        256,
        256
      ]
    ]
  }
}
