dpga_runtime_diagnostics_start 2026-06-04T12:09:17+08:00
work=/root/autodl-tmp/workspace/ConvIR-B-dpga-tail-control
lite_work=/root/autodl-tmp/workspace/ConvIR-B-dpga-lite-826caaf
data=/root/autodl-tmp/workspace/Dehaze-Net/dataset/HAZE4K
depth=/root/autodl-tmp/workspace/Dehaze-Net/experiment/HAZE4K/depth_cache/depth_anything_v2_small_hf
a0=/root/autodl-tmp/workspace/ConvIR-B/Dehazing/pretrained_models/haze4k-base.pkl
ckpt_dir=/root/autodl-tmp/workspace/ConvIR-B-dpga-lite-826caaf/Dehazing/ITS/results/ConvIR-Haze4K-DPGA-Lite-v1.0-adapter-only-stop20-seed3407-20260604/Training-Results
eval original A0
a0 100/1000 mean_psnr=30.1351
a0 200/1000 mean_psnr=29.8689
a0 300/1000 mean_psnr=29.7201
a0 400/1000 mean_psnr=29.5827
a0 500/1000 mean_psnr=30.4696
a0 600/1000 mean_psnr=31.5690
a0 700/1000 mean_psnr=32.5781
a0 800/1000 mean_psnr=33.1187
a0 900/1000 mean_psnr=33.7140
a0 1000/1000 mean_psnr=34.1466
eval module_ablation best_all_adapters
best_all_adapters 100/1000 mean_psnr=30.1152
best_all_adapters 200/1000 mean_psnr=29.8525
best_all_adapters 300/1000 mean_psnr=29.7030
best_all_adapters 400/1000 mean_psnr=29.5765
best_all_adapters 500/1000 mean_psnr=30.4527
best_all_adapters 600/1000 mean_psnr=31.5501
best_all_adapters 700/1000 mean_psnr=32.5721
best_all_adapters 800/1000 mean_psnr=33.1243
best_all_adapters 900/1000 mean_psnr=33.7401
best_all_adapters 1000/1000 mean_psnr=34.1778
eval module_ablation best_no_shallow
best_no_shallow 100/1000 mean_psnr=30.1056
best_no_shallow 200/1000 mean_psnr=29.8384
best_no_shallow 300/1000 mean_psnr=29.6929
best_no_shallow 400/1000 mean_psnr=29.5609
best_no_shallow 500/1000 mean_psnr=30.4354
best_no_shallow 600/1000 mean_psnr=31.5327
best_no_shallow 700/1000 mean_psnr=32.5539
best_no_shallow 800/1000 mean_psnr=33.1046
best_no_shallow 900/1000 mean_psnr=33.7157
best_no_shallow 1000/1000 mean_psnr=34.1530
eval module_ablation best_no_bottleneck
best_no_bottleneck 100/1000 mean_psnr=30.1214
best_no_bottleneck 200/1000 mean_psnr=29.8594
best_no_bottleneck 300/1000 mean_psnr=29.7086
best_no_bottleneck 400/1000 mean_psnr=29.5801
best_no_bottleneck 500/1000 mean_psnr=30.4624
best_no_bottleneck 600/1000 mean_psnr=31.5589
best_no_bottleneck 700/1000 mean_psnr=32.5745
best_no_bottleneck 800/1000 mean_psnr=33.1223
best_no_bottleneck 900/1000 mean_psnr=33.7342
best_no_bottleneck 1000/1000 mean_psnr=34.1701
eval module_ablation best_no_skip
best_no_skip 100/1000 mean_psnr=30.1384
best_no_skip 200/1000 mean_psnr=29.8765
best_no_skip 300/1000 mean_psnr=29.7248
best_no_skip 400/1000 mean_psnr=29.5950
best_no_skip 500/1000 mean_psnr=30.4785
best_no_skip 600/1000 mean_psnr=31.5799
best_no_skip 700/1000 mean_psnr=32.5965
best_no_skip 800/1000 mean_psnr=33.1438
best_no_skip 900/1000 mean_psnr=33.7486
best_no_skip 1000/1000 mean_psnr=34.1837
eval module_ablation best_shallow_only
best_shallow_only 100/1000 mean_psnr=30.1443
best_shallow_only 200/1000 mean_psnr=29.8832
best_shallow_only 300/1000 mean_psnr=29.7304
best_shallow_only 400/1000 mean_psnr=29.5985
best_shallow_only 500/1000 mean_psnr=30.4881
best_shallow_only 600/1000 mean_psnr=31.5881
best_shallow_only 700/1000 mean_psnr=32.5986
best_shallow_only 800/1000 mean_psnr=33.1413
best_shallow_only 900/1000 mean_psnr=33.7418
best_shallow_only 1000/1000 mean_psnr=34.1749
eval module_ablation best_bottleneck_only
best_bottleneck_only 100/1000 mean_psnr=30.1289
best_bottleneck_only 200/1000 mean_psnr=29.8622
best_bottleneck_only 300/1000 mean_psnr=29.7146
best_bottleneck_only 400/1000 mean_psnr=29.5793
best_bottleneck_only 500/1000 mean_psnr=30.4607
best_bottleneck_only 600/1000 mean_psnr=31.5613
best_bottleneck_only 700/1000 mean_psnr=32.5762
best_bottleneck_only 800/1000 mean_psnr=33.1214
best_bottleneck_only 900/1000 mean_psnr=33.7208
best_bottleneck_only 1000/1000 mean_psnr=34.1554
eval module_ablation best_skip_only
best_skip_only 100/1000 mean_psnr=30.1122
best_skip_only 200/1000 mean_psnr=29.8453
best_skip_only 300/1000 mean_psnr=29.6984
best_skip_only 400/1000 mean_psnr=29.5644
best_skip_only 500/1000 mean_psnr=30.4445
best_skip_only 600/1000 mean_psnr=31.5411
best_skip_only 700/1000 mean_psnr=32.5562
best_skip_only 800/1000 mean_psnr=33.1025
best_skip_only 900/1000 mean_psnr=33.7098
best_skip_only 1000/1000 mean_psnr=34.1454
eval scale_sweep best_scale_0
best_scale_0 100/1000 mean_psnr=30.1351
best_scale_0 200/1000 mean_psnr=29.8689
best_scale_0 300/1000 mean_psnr=29.7201
best_scale_0 400/1000 mean_psnr=29.5827
best_scale_0 500/1000 mean_psnr=30.4696
best_scale_0 600/1000 mean_psnr=31.5690
best_scale_0 700/1000 mean_psnr=32.5781
best_scale_0 800/1000 mean_psnr=33.1187
best_scale_0 900/1000 mean_psnr=33.7140
best_scale_0 1000/1000 mean_psnr=34.1466
eval scale_sweep best_scale_0.25
best_scale_0.25 100/1000 mean_psnr=30.1309
best_scale_0.25 200/1000 mean_psnr=29.8656
best_scale_0.25 300/1000 mean_psnr=29.7165
best_scale_0.25 400/1000 mean_psnr=29.5818
best_scale_0.25 500/1000 mean_psnr=30.4679
best_scale_0.25 600/1000 mean_psnr=31.5674
best_scale_0.25 700/1000 mean_psnr=32.5803
best_scale_0.25 800/1000 mean_psnr=33.1243
best_scale_0.25 900/1000 mean_psnr=33.7252
best_scale_0.25 1000/1000 mean_psnr=34.1593
eval scale_sweep best_scale_0.5
best_scale_0.5 100/1000 mean_psnr=30.1262
best_scale_0.5 200/1000 mean_psnr=29.8618
best_scale_0.5 300/1000 mean_psnr=29.7125
best_scale_0.5 400/1000 mean_psnr=29.5805
best_scale_0.5 500/1000 mean_psnr=30.4648
best_scale_0.5 600/1000 mean_psnr=31.5639
best_scale_0.5 700/1000 mean_psnr=32.5802
best_scale_0.5 800/1000 mean_psnr=33.1273
best_scale_0.5 900/1000 mean_psnr=33.7334
best_scale_0.5 1000/1000 mean_psnr=34.1689
eval scale_sweep best_scale_0.75
best_scale_0.75 100/1000 mean_psnr=30.1211
best_scale_0.75 200/1000 mean_psnr=29.8574
best_scale_0.75 300/1000 mean_psnr=29.7080
best_scale_0.75 400/1000 mean_psnr=29.5787
best_scale_0.75 500/1000 mean_psnr=30.4598
best_scale_0.75 600/1000 mean_psnr=31.5582
best_scale_0.75 700/1000 mean_psnr=32.5776
best_scale_0.75 800/1000 mean_psnr=33.1274
best_scale_0.75 900/1000 mean_psnr=33.7385
best_scale_0.75 1000/1000 mean_psnr=34.1751
eval scale_sweep best_scale_1
best_scale_1 100/1000 mean_psnr=30.1152
best_scale_1 200/1000 mean_psnr=29.8525
best_scale_1 300/1000 mean_psnr=29.7030
best_scale_1 400/1000 mean_psnr=29.5765
best_scale_1 500/1000 mean_psnr=30.4527
best_scale_1 600/1000 mean_psnr=31.5501
best_scale_1 700/1000 mean_psnr=32.5721
best_scale_1 800/1000 mean_psnr=33.1243
best_scale_1 900/1000 mean_psnr=33.7401
best_scale_1 1000/1000 mean_psnr=34.1778
eval module_ablation final_all_adapters
final_all_adapters 100/1000 mean_psnr=30.1074
final_all_adapters 200/1000 mean_psnr=29.8383
final_all_adapters 300/1000 mean_psnr=29.6892
final_all_adapters 400/1000 mean_psnr=29.5614
final_all_adapters 500/1000 mean_psnr=30.4403
final_all_adapters 600/1000 mean_psnr=31.5406
final_all_adapters 700/1000 mean_psnr=32.5627
final_all_adapters 800/1000 mean_psnr=33.1157
final_all_adapters 900/1000 mean_psnr=33.7300
final_all_adapters 1000/1000 mean_psnr=34.1659
eval module_ablation final_no_shallow
final_no_shallow 100/1000 mean_psnr=30.1007
final_no_shallow 200/1000 mean_psnr=29.8289
final_no_shallow 300/1000 mean_psnr=29.6841
final_no_shallow 400/1000 mean_psnr=29.5514
final_no_shallow 500/1000 mean_psnr=30.4290
final_no_shallow 600/1000 mean_psnr=31.5286
final_no_shallow 700/1000 mean_psnr=32.5496
final_no_shallow 800/1000 mean_psnr=33.1009
final_no_shallow 900/1000 mean_psnr=33.7103
final_no_shallow 1000/1000 mean_psnr=34.1454
eval module_ablation final_no_bottleneck
final_no_bottleneck 100/1000 mean_psnr=30.1195
final_no_bottleneck 200/1000 mean_psnr=29.8549
final_no_bottleneck 300/1000 mean_psnr=29.7050
final_no_bottleneck 400/1000 mean_psnr=29.5751
final_no_bottleneck 500/1000 mean_psnr=30.4580
final_no_bottleneck 600/1000 mean_psnr=31.5559
final_no_bottleneck 700/1000 mean_psnr=32.5727
final_no_bottleneck 800/1000 mean_psnr=33.1210
final_no_bottleneck 900/1000 mean_psnr=33.7327
final_no_bottleneck 1000/1000 mean_psnr=34.1683
eval module_ablation final_no_skip
final_no_skip 100/1000 mean_psnr=30.1300
final_no_skip 200/1000 mean_psnr=29.8622
final_no_skip 300/1000 mean_psnr=29.7098
final_no_skip 400/1000 mean_psnr=29.5796
final_no_skip 500/1000 mean_psnr=30.4646
final_no_skip 600/1000 mean_psnr=31.5677
final_no_skip 700/1000 mean_psnr=32.5833
final_no_skip 800/1000 mean_psnr=33.1310
final_no_skip 900/1000 mean_psnr=33.7348
final_no_skip 1000/1000 mean_psnr=34.1687
eval module_ablation final_shallow_only
final_shallow_only 100/1000 mean_psnr=30.1416
final_shallow_only 200/1000 mean_psnr=29.8786
final_shallow_only 300/1000 mean_psnr=29.7255
final_shallow_only 400/1000 mean_psnr=29.5931
final_shallow_only 500/1000 mean_psnr=30.4821
final_shallow_only 600/1000 mean_psnr=31.5826
final_shallow_only 700/1000 mean_psnr=32.5933
final_shallow_only 800/1000 mean_psnr=33.1362
final_shallow_only 900/1000 mean_psnr=33.7369
final_shallow_only 1000/1000 mean_psnr=34.1705
eval module_ablation final_bottleneck_only
final_bottleneck_only 100/1000 mean_psnr=30.1232
final_bottleneck_only 200/1000 mean_psnr=29.8527
final_bottleneck_only 300/1000 mean_psnr=29.7046
final_bottleneck_only 400/1000 mean_psnr=29.5695
final_bottleneck_only 500/1000 mean_psnr=30.4527
final_bottleneck_only 600/1000 mean_psnr=31.5545
final_bottleneck_only 700/1000 mean_psnr=32.5682
final_bottleneck_only 800/1000 mean_psnr=33.1137
final_bottleneck_only 900/1000 mean_psnr=33.7119
final_bottleneck_only 1000/1000 mean_psnr=34.1449
eval module_ablation final_skip_only
final_skip_only 100/1000 mean_psnr=30.1131
final_skip_only 200/1000 mean_psnr=29.8454
final_skip_only 300/1000 mean_psnr=29.6997
final_skip_only 400/1000 mean_psnr=29.5648
final_skip_only 500/1000 mean_psnr=30.4460
final_skip_only 600/1000 mean_psnr=31.5435
final_skip_only 700/1000 mean_psnr=32.5593
final_skip_only 800/1000 mean_psnr=33.1061
final_skip_only 900/1000 mean_psnr=33.7129
final_skip_only 1000/1000 mean_psnr=34.1477
eval scale_sweep final_scale_0
final_scale_0 100/1000 mean_psnr=30.1351
final_scale_0 200/1000 mean_psnr=29.8689
final_scale_0 300/1000 mean_psnr=29.7201
final_scale_0 400/1000 mean_psnr=29.5827
final_scale_0 500/1000 mean_psnr=30.4696
final_scale_0 600/1000 mean_psnr=31.5690
final_scale_0 700/1000 mean_psnr=32.5781
final_scale_0 800/1000 mean_psnr=33.1187
final_scale_0 900/1000 mean_psnr=33.7140
final_scale_0 1000/1000 mean_psnr=34.1466
eval scale_sweep final_scale_0.25
final_scale_0.25 100/1000 mean_psnr=30.1292
final_scale_0.25 200/1000 mean_psnr=29.8623
final_scale_0.25 300/1000 mean_psnr=29.7133
final_scale_0.25 400/1000 mean_psnr=29.5782
final_scale_0.25 500/1000 mean_psnr=30.4647
final_scale_0.25 600/1000 mean_psnr=31.5649
final_scale_0.25 700/1000 mean_psnr=32.5777
final_scale_0.25 800/1000 mean_psnr=33.1220
final_scale_0.25 900/1000 mean_psnr=33.7226
final_scale_0.25 1000/1000 mean_psnr=34.1563
eval scale_sweep final_scale_0.5
final_scale_0.5 100/1000 mean_psnr=30.1225
final_scale_0.5 200/1000 mean_psnr=29.8549
final_scale_0.5 300/1000 mean_psnr=29.7058
final_scale_0.5 400/1000 mean_psnr=29.5731
final_scale_0.5 500/1000 mean_psnr=30.4580
final_scale_0.5 600/1000 mean_psnr=31.5587
final_scale_0.5 700/1000 mean_psnr=32.5750
final_scale_0.5 800/1000 mean_psnr=33.1227
final_scale_0.5 900/1000 mean_psnr=33.7282
final_scale_0.5 1000/1000 mean_psnr=34.1627
eval scale_sweep final_scale_0.75
final_scale_0.75 100/1000 mean_psnr=30.1151
final_scale_0.75 200/1000 mean_psnr=29.8468
final_scale_0.75 300/1000 mean_psnr=29.6978
final_scale_0.75 400/1000 mean_psnr=29.5675
final_scale_0.75 500/1000 mean_psnr=30.4491
final_scale_0.75 600/1000 mean_psnr=31.5499
final_scale_0.75 700/1000 mean_psnr=32.5694
final_scale_0.75 800/1000 mean_psnr=33.1200
final_scale_0.75 900/1000 mean_psnr=33.7302
final_scale_0.75 1000/1000 mean_psnr=34.1655
eval scale_sweep final_scale_1
final_scale_1 100/1000 mean_psnr=30.1074
final_scale_1 200/1000 mean_psnr=29.8383
final_scale_1 300/1000 mean_psnr=29.6892
final_scale_1 400/1000 mean_psnr=29.5614
final_scale_1 500/1000 mean_psnr=30.4403
final_scale_1 600/1000 mean_psnr=31.5406
final_scale_1 700/1000 mean_psnr=32.5627
final_scale_1 800/1000 mean_psnr=33.1157
final_scale_1 900/1000 mean_psnr=33.7300
final_scale_1 1000/1000 mean_psnr=34.1659
wrote /root/autodl-tmp/workspace/ConvIR-B-dpga-tail-control/experience_docx/experiment_logs/haze4k_dpga_tail_control_20260604/runtime_diagnostics
dpga_runtime_diagnostics_done 2026-06-04T13:06:49+08:00
runtime_diagnostics_out=/root/autodl-tmp/workspace/ConvIR-B-dpga-tail-control/experience_docx/experiment_logs/haze4k_dpga_tail_control_20260604/runtime_diagnostics
module_ablation_csv=/root/autodl-tmp/workspace/ConvIR-B-dpga-tail-control/experience_docx/experiment_logs/haze4k_dpga_tail_control_20260604/runtime_diagnostics/dpga_module_ablation_best_final.csv
scale_sweep_csv=/root/autodl-tmp/workspace/ConvIR-B-dpga-tail-control/experience_docx/experiment_logs/haze4k_dpga_tail_control_20260604/runtime_diagnostics/dpga_scale_sweep_best_final.csv
