Namespace(model_name='ConvIR-Haze4K-DTA-v2-adapter_only-invert-seed3411-f1-oof20', data='Haze4K', version='base', fam_mode='original', arch='dta_v2', seed=3411, mode='train', data_dir='/sda/home/wangyuxin/ConvIR-B/datasets/Haze4K/Haze4K', batch_size=4, learning_rate=0.0001, weight_decay=0.0, num_epoch=20, stop_epoch=20, print_freq=50, num_worker=4, save_freq=5, valid_freq=9999, mod_stats_freq=5, mod_stats_batches=16, grad_clip_norm=0.001, dta_grad_clip_norm=0.05, dta_neighbor_grad_clip_norm=0.005, init_model='/sda/home/wangyuxin/ConvIR-B/checkpoints/official/Haze4K/haze4k-base.pkl', init_model_partial=True, partial_new_prefixes='DTA.', resume='', train_scope='adapter_only', dta_depth_cache_dir='/sda/home/wangyuxin/ConvIR-B/depth_cache/depth_anything_v2_small_hf', dta_train_depth_split='train', dta_eval_depth_split='train', valid_root_split='train', eval_root_split='test', dta_require_depth=True, dta_variant='v2', dta_depth_mode='invert', dta_prior_channels=32, dta_gate_bias=-6.0, dta_gate_limit=0.06, dta_gamma_limit=0.12, dta_beta_limit=0.06, dta_alpha_init=1.0, dta_confidence_floor=0.25, dta_confidence_local_scale=6.0, dta_output_residual_scale=0.03, dta_use_trans_gt=True, dta_trans_weight=0.02, dta_phys_weight=0.005, dta_preserve_weight=0.02, dta_preserve_trans_thresh=0.8, dta_gate_ramp_start=0.01, dta_gate_ramp_mid=0.03, dta_gate_ramp_end=0.06, dta_gate_ramp_warmup_epochs=2, dta_gate_ramp_mid_epochs=8, dta_rank_weight=0.001, dta_tv_weight=0.0001, dta_proxy_weight=0.0, dta_rank_pairs=512, dta_rank_min_depth_gap=0.03, split_json='/sda/home/wangyuxin/ConvIR-B/repos/ConvIR-B-dta-v2-calibrated/experience_docx/experiment_logs/haze4k_dta_v2_calibrated_20260611/dta_v2_haze4k_oof_splits_seed3407.json', split_name='fold1_train', test_model='', save_image=False, leaning_rate=0.0001, model_save_dir='results/ConvIR-Haze4K-DTA-v2-adapter_only-invert-seed3411-f1-oof20/Training-Results/', result_dir='results/ConvIR-Haze4K-DTA-v2-adapter_only-invert-seed3411-f1-oof20/images/Haze4K', init_model_sha256='6f42037d57a4e3de3a10ac0ab909d66a3415864a19433c29204a975f4efa4088')
/sda/home/wangyuxin/ConvIR-B/repos/ConvIR-B-dta-v2-calibrated/Dehazing/ITS/main.py:14: FutureWarning: You are using `torch.load` with `weights_only=False` (the current default value), which uses the default pickle module implicitly. It is possible to construct malicious pickle data which will execute arbitrary code during unpickling (See https://github.com/pytorch/pytorch/blob/main/SECURITY.md#untrusted-models for more details). In a future release, the default value for `weights_only` will be flipped to `True`. This limits the functions that could be executed during unpickling. Arbitrary objects will no longer be allowed to be loaded via this mode unless they are explicitly allowlisted by the user via `torch.serialization.add_safe_globals`. We recommend you start setting `weights_only=True` for any use case where you don't have full control of the loaded file. Please open an issue on GitHub for any issues related to this experimental feature.
  state = torch.load(path, map_location=map_location)
INIT_MODEL_PARTIAL_LOAD path=/sda/home/wangyuxin/ConvIR-B/checkpoints/official/Haze4K/haze4k-base.pkl loaded=602 missing_allowed=25 unexpected=[] allowed_new_prefixes=('DTA.',)
TRAIN_SCOPE scope=adapter_only arch=dta_v2 trainable=74699 total=8705364
/sda/home/wangyuxin/ConvIR-B/envs/convir-cu121/lib/python3.10/site-packages/torch/optim/lr_scheduler.py:224: UserWarning: Detected call of `lr_scheduler.step()` before `optimizer.step()`. In PyTorch 1.1.0 and later, you should call them in the opposite order: `optimizer.step()` before `lr_scheduler.step()`.  Failure to do this will result in PyTorch skipping the first value of the learning rate schedule. See more details at https://pytorch.org/docs/stable/optim.html#how-to-adjust-learning-rate
  warnings.warn(
DTA_GATE_RAMP epoch=1 gate_limit=0.010000
Time:  0.0982 Epoch: 001 Iter:   50/ 600 LR: 0.0000333333 Loss content:  0.0178 Loss fft:  0.8350 Loss dta_rank:  0.6927 Loss dta_tv:  0.0031 Loss dta_proxy:  0.1204 Loss dta_trans:  0.0418 Loss dta_phys:  0.0072 Loss dta_preserve:  0.0053
Time:  0.0759 Epoch: 001 Iter:  100/ 600 LR: 0.0000333333 Loss content:  0.0177 Loss fft:  0.8201 Loss dta_rank:  0.6897 Loss dta_tv:  0.0103 Loss dta_proxy:  0.1210 Loss dta_trans:  0.0335 Loss dta_phys:  0.0084 Loss dta_preserve:  0.0066
Time:  0.0802 Epoch: 001 Iter:  150/ 600 LR: 0.0000333333 Loss content:  0.0178 Loss fft:  0.8553 Loss dta_rank:  0.6819 Loss dta_tv:  0.0166 Loss dta_proxy:  0.1437 Loss dta_trans:  0.0302 Loss dta_phys:  0.0094 Loss dta_preserve:  0.0053
Time:  0.0795 Epoch: 001 Iter:  200/ 600 LR: 0.0000333333 Loss content:  0.0176 Loss fft:  0.8192 Loss dta_rank:  0.6669 Loss dta_tv:  0.0224 Loss dta_proxy:  0.1480 Loss dta_trans:  0.0215 Loss dta_phys:  0.0070 Loss dta_preserve:  0.0050
Time:  0.0775 Epoch: 001 Iter:  250/ 600 LR: 0.0000333333 Loss content:  0.0170 Loss fft:  0.8211 Loss dta_rank:  0.6528 Loss dta_tv:  0.0293 Loss dta_proxy:  0.1668 Loss dta_trans:  0.0160 Loss dta_phys:  0.0069 Loss dta_preserve:  0.0061
Time:  0.0768 Epoch: 001 Iter:  300/ 600 LR: 0.0000333333 Loss content:  0.0164 Loss fft:  0.8097 Loss dta_rank:  0.6432 Loss dta_tv:  0.0342 Loss dta_proxy:  0.1772 Loss dta_trans:  0.0140 Loss dta_phys:  0.0061 Loss dta_preserve:  0.0047
Time:  0.0768 Epoch: 001 Iter:  350/ 600 LR: 0.0000333333 Loss content:  0.0182 Loss fft:  0.8470 Loss dta_rank:  0.6333 Loss dta_tv:  0.0376 Loss dta_proxy:  0.1889 Loss dta_trans:  0.0120 Loss dta_phys:  0.0065 Loss dta_preserve:  0.0048
Time:  0.0767 Epoch: 001 Iter:  400/ 600 LR: 0.0000333333 Loss content:  0.0174 Loss fft:  0.8345 Loss dta_rank:  0.6316 Loss dta_tv:  0.0395 Loss dta_proxy:  0.1983 Loss dta_trans:  0.0118 Loss dta_phys:  0.0065 Loss dta_preserve:  0.0053
Time:  0.0747 Epoch: 001 Iter:  450/ 600 LR: 0.0000333333 Loss content:  0.0172 Loss fft:  0.8026 Loss dta_rank:  0.6274 Loss dta_tv:  0.0392 Loss dta_proxy:  0.1909 Loss dta_trans:  0.0110 Loss dta_phys:  0.0063 Loss dta_preserve:  0.0093
Time:  0.0781 Epoch: 001 Iter:  500/ 600 LR: 0.0000333333 Loss content:  0.0175 Loss fft:  0.8355 Loss dta_rank:  0.6258 Loss dta_tv:  0.0405 Loss dta_proxy:  0.2040 Loss dta_trans:  0.0112 Loss dta_phys:  0.0064 Loss dta_preserve:  0.0057
Time:  0.0769 Epoch: 001 Iter:  550/ 600 LR: 0.0000333333 Loss content:  0.0163 Loss fft:  0.7999 Loss dta_rank:  0.6276 Loss dta_tv:  0.0401 Loss dta_proxy:  0.2039 Loss dta_trans:  0.0098 Loss dta_phys:  0.0066 Loss dta_preserve:  0.0037
Time:  0.0765 Epoch: 001 Iter:  600/ 600 LR: 0.0000333333 Loss content:  0.0172 Loss fft:  0.7946 Loss dta_rank:  0.6291 Loss dta_tv:  0.0392 Loss dta_proxy:  0.2075 Loss dta_trans:  0.0107 Loss dta_phys:  0.0073 Loss dta_preserve:  0.0060
EPOCH: 01
Elapsed time: 0.95 Epoch Pixel Loss:  0.0173 Epoch FFT Loss:  0.8229 Epoch DTA Rank:  0.6502 Epoch DTA TV:  0.0293 Epoch DTA Proxy:  0.1726 Epoch DTA Trans:  0.0186 Epoch DTA Phys:  0.0070 Epoch DTA Preserve:  0.0056
DTA_GATE_RAMP epoch=2 gate_limit=0.010000
Time:  0.0860 Epoch: 002 Iter:   50/ 600 LR: 0.0000666667 Loss content:  0.0173 Loss fft:  0.8465 Loss dta_rank:  0.6203 Loss dta_tv:  0.0411 Loss dta_proxy:  0.2019 Loss dta_trans:  0.0098 Loss dta_phys:  0.0071 Loss dta_preserve:  0.0054
Time:  0.0766 Epoch: 002 Iter:  100/ 600 LR: 0.0000666667 Loss content:  0.0175 Loss fft:  0.8535 Loss dta_rank:  0.6212 Loss dta_tv:  0.0411 Loss dta_proxy:  0.1987 Loss dta_trans:  0.0100 Loss dta_phys:  0.0062 Loss dta_preserve:  0.0053
Time:  0.0796 Epoch: 002 Iter:  150/ 600 LR: 0.0000666667 Loss content:  0.0178 Loss fft:  0.8375 Loss dta_rank:  0.6186 Loss dta_tv:  0.0403 Loss dta_proxy:  0.2046 Loss dta_trans:  0.0092 Loss dta_phys:  0.0069 Loss dta_preserve:  0.0049
Time:  0.0784 Epoch: 002 Iter:  200/ 600 LR: 0.0000666667 Loss content:  0.0165 Loss fft:  0.8017 Loss dta_rank:  0.6212 Loss dta_tv:  0.0397 Loss dta_proxy:  0.2179 Loss dta_trans:  0.0085 Loss dta_phys:  0.0070 Loss dta_preserve:  0.0066
Time:  0.0767 Epoch: 002 Iter:  250/ 600 LR: 0.0000666667 Loss content:  0.0172 Loss fft:  0.8009 Loss dta_rank:  0.6149 Loss dta_tv:  0.0393 Loss dta_proxy:  0.2065 Loss dta_trans:  0.0094 Loss dta_phys:  0.0068 Loss dta_preserve:  0.0062
Time:  0.0774 Epoch: 002 Iter:  300/ 600 LR: 0.0000666667 Loss content:  0.0175 Loss fft:  0.8112 Loss dta_rank:  0.6159 Loss dta_tv:  0.0401 Loss dta_proxy:  0.2088 Loss dta_trans:  0.0090 Loss dta_phys:  0.0073 Loss dta_preserve:  0.0064
Time:  0.0782 Epoch: 002 Iter:  350/ 600 LR: 0.0000666667 Loss content:  0.0171 Loss fft:  0.8113 Loss dta_rank:  0.6148 Loss dta_tv:  0.0387 Loss dta_proxy:  0.2091 Loss dta_trans:  0.0088 Loss dta_phys:  0.0065 Loss dta_preserve:  0.0051
Time:  0.0779 Epoch: 002 Iter:  400/ 600 LR: 0.0000666667 Loss content:  0.0166 Loss fft:  0.8242 Loss dta_rank:  0.6222 Loss dta_tv:  0.0391 Loss dta_proxy:  0.2126 Loss dta_trans:  0.0095 Loss dta_phys:  0.0067 Loss dta_preserve:  0.0046
Time:  0.0749 Epoch: 002 Iter:  450/ 600 LR: 0.0000666667 Loss content:  0.0172 Loss fft:  0.8102 Loss dta_rank:  0.6202 Loss dta_tv:  0.0375 Loss dta_proxy:  0.2257 Loss dta_trans:  0.0080 Loss dta_phys:  0.0070 Loss dta_preserve:  0.0044
Time:  0.0758 Epoch: 002 Iter:  500/ 600 LR: 0.0000666667 Loss content:  0.0177 Loss fft:  0.8301 Loss dta_rank:  0.6183 Loss dta_tv:  0.0381 Loss dta_proxy:  0.2141 Loss dta_trans:  0.0096 Loss dta_phys:  0.0065 Loss dta_preserve:  0.0053
Time:  0.0786 Epoch: 002 Iter:  550/ 600 LR: 0.0000666667 Loss content:  0.0173 Loss fft:  0.8442 Loss dta_rank:  0.6138 Loss dta_tv:  0.0373 Loss dta_proxy:  0.2105 Loss dta_trans:  0.0079 Loss dta_phys:  0.0064 Loss dta_preserve:  0.0067
Time:  0.0779 Epoch: 002 Iter:  600/ 600 LR: 0.0000666667 Loss content:  0.0172 Loss fft:  0.8070 Loss dta_rank:  0.6118 Loss dta_tv:  0.0365 Loss dta_proxy:  0.2197 Loss dta_trans:  0.0068 Loss dta_phys:  0.0066 Loss dta_preserve:  0.0055
EPOCH: 02
Elapsed time: 0.94 Epoch Pixel Loss:  0.0172 Epoch FFT Loss:  0.8232 Epoch DTA Rank:  0.6178 Epoch DTA TV:  0.0391 Epoch DTA Proxy:  0.2108 Epoch DTA Trans:  0.0089 Epoch DTA Phys:  0.0068 Epoch DTA Preserve:  0.0055
DTA_GATE_RAMP epoch=3 gate_limit=0.030000
Time:  0.0853 Epoch: 003 Iter:   50/ 600 LR: 0.0001000000 Loss content:  0.0170 Loss fft:  0.7908 Loss dta_rank:  0.6114 Loss dta_tv:  0.0376 Loss dta_proxy:  0.2071 Loss dta_trans:  0.0074 Loss dta_phys:  0.0064 Loss dta_preserve:  0.0057
Time:  0.0774 Epoch: 003 Iter:  100/ 600 LR: 0.0001000000 Loss content:  0.0177 Loss fft:  0.8322 Loss dta_rank:  0.6118 Loss dta_tv:  0.0368 Loss dta_proxy:  0.2178 Loss dta_trans:  0.0086 Loss dta_phys:  0.0059 Loss dta_preserve:  0.0052
Time:  0.0770 Epoch: 003 Iter:  150/ 600 LR: 0.0001000000 Loss content:  0.0174 Loss fft:  0.8359 Loss dta_rank:  0.6151 Loss dta_tv:  0.0368 Loss dta_proxy:  0.2081 Loss dta_trans:  0.0083 Loss dta_phys:  0.0068 Loss dta_preserve:  0.0065
Time:  0.0771 Epoch: 003 Iter:  200/ 600 LR: 0.0001000000 Loss content:  0.0175 Loss fft:  0.8333 Loss dta_rank:  0.6136 Loss dta_tv:  0.0374 Loss dta_proxy:  0.2023 Loss dta_trans:  0.0076 Loss dta_phys:  0.0064 Loss dta_preserve:  0.0046
Time:  0.0758 Epoch: 003 Iter:  250/ 600 LR: 0.0001000000 Loss content:  0.0171 Loss fft:  0.7948 Loss dta_rank:  0.6081 Loss dta_tv:  0.0360 Loss dta_proxy:  0.2007 Loss dta_trans:  0.0082 Loss dta_phys:  0.0061 Loss dta_preserve:  0.0060
Time:  0.0767 Epoch: 003 Iter:  300/ 600 LR: 0.0001000000 Loss content:  0.0176 Loss fft:  0.8218 Loss dta_rank:  0.6101 Loss dta_tv:  0.0378 Loss dta_proxy:  0.2113 Loss dta_trans:  0.0072 Loss dta_phys:  0.0061 Loss dta_preserve:  0.0056
Time:  0.0763 Epoch: 003 Iter:  350/ 600 LR: 0.0001000000 Loss content:  0.0176 Loss fft:  0.8288 Loss dta_rank:  0.6116 Loss dta_tv:  0.0354 Loss dta_proxy:  0.2151 Loss dta_trans:  0.0073 Loss dta_phys:  0.0072 Loss dta_preserve:  0.0055
Time:  0.0795 Epoch: 003 Iter:  400/ 600 LR: 0.0001000000 Loss content:  0.0168 Loss fft:  0.8219 Loss dta_rank:  0.6122 Loss dta_tv:  0.0358 Loss dta_proxy:  0.2050 Loss dta_trans:  0.0069 Loss dta_phys:  0.0058 Loss dta_preserve:  0.0048
Time:  0.0777 Epoch: 003 Iter:  450/ 600 LR: 0.0001000000 Loss content:  0.0170 Loss fft:  0.8359 Loss dta_rank:  0.6092 Loss dta_tv:  0.0356 Loss dta_proxy:  0.2076 Loss dta_trans:  0.0095 Loss dta_phys:  0.0068 Loss dta_preserve:  0.0057
Time:  0.0747 Epoch: 003 Iter:  500/ 600 LR: 0.0001000000 Loss content:  0.0183 Loss fft:  0.8650 Loss dta_rank:  0.6102 Loss dta_tv:  0.0355 Loss dta_proxy:  0.2165 Loss dta_trans:  0.0077 Loss dta_phys:  0.0058 Loss dta_preserve:  0.0045
Time:  0.0766 Epoch: 003 Iter:  550/ 600 LR: 0.0001000000 Loss content:  0.0180 Loss fft:  0.8346 Loss dta_rank:  0.6112 Loss dta_tv:  0.0360 Loss dta_proxy:  0.2178 Loss dta_trans:  0.0062 Loss dta_phys:  0.0069 Loss dta_preserve:  0.0057
Time:  0.0679 Epoch: 003 Iter:  600/ 600 LR: 0.0001000000 Loss content:  0.0169 Loss fft:  0.8132 Loss dta_rank:  0.6077 Loss dta_tv:  0.0357 Loss dta_proxy:  0.2138 Loss dta_trans:  0.0071 Loss dta_phys:  0.0071 Loss dta_preserve:  0.0053
EPOCH: 03
Elapsed time: 0.92 Epoch Pixel Loss:  0.0174 Epoch FFT Loss:  0.8257 Epoch DTA Rank:  0.6110 Epoch DTA TV:  0.0363 Epoch DTA Proxy:  0.2103 Epoch DTA Trans:  0.0077 Epoch DTA Phys:  0.0064 Epoch DTA Preserve:  0.0054
/sda/home/wangyuxin/ConvIR-B/envs/convir-cu121/lib/python3.10/site-packages/torch/optim/lr_scheduler.py:1087: UserWarning: To get the last learning rate computed by the scheduler, please use `get_last_lr()`.
  _warn_get_lr_called_within_step(self)
DTA_GATE_RAMP epoch=4 gate_limit=0.030000
Time:  0.0705 Epoch: 004 Iter:   50/ 600 LR: 0.0001000000 Loss content:  0.0179 Loss fft:  0.8437 Loss dta_rank:  0.6101 Loss dta_tv:  0.0344 Loss dta_proxy:  0.2254 Loss dta_trans:  0.0071 Loss dta_phys:  0.0068 Loss dta_preserve:  0.0056
Time:  0.0757 Epoch: 004 Iter:  100/ 600 LR: 0.0001000000 Loss content:  0.0172 Loss fft:  0.8261 Loss dta_rank:  0.6098 Loss dta_tv:  0.0360 Loss dta_proxy:  0.2018 Loss dta_trans:  0.0071 Loss dta_phys:  0.0058 Loss dta_preserve:  0.0042
Time:  0.0797 Epoch: 004 Iter:  150/ 600 LR: 0.0001000000 Loss content:  0.0174 Loss fft:  0.8283 Loss dta_rank:  0.6065 Loss dta_tv:  0.0351 Loss dta_proxy:  0.2057 Loss dta_trans:  0.0066 Loss dta_phys:  0.0061 Loss dta_preserve:  0.0049
Time:  0.0761 Epoch: 004 Iter:  200/ 600 LR: 0.0001000000 Loss content:  0.0168 Loss fft:  0.8074 Loss dta_rank:  0.6089 Loss dta_tv:  0.0345 Loss dta_proxy:  0.2086 Loss dta_trans:  0.0074 Loss dta_phys:  0.0064 Loss dta_preserve:  0.0061
Time:  0.0776 Epoch: 004 Iter:  250/ 600 LR: 0.0001000000 Loss content:  0.0173 Loss fft:  0.8125 Loss dta_rank:  0.6072 Loss dta_tv:  0.0354 Loss dta_proxy:  0.2084 Loss dta_trans:  0.0085 Loss dta_phys:  0.0066 Loss dta_preserve:  0.0051
Time:  0.0773 Epoch: 004 Iter:  300/ 600 LR: 0.0001000000 Loss content:  0.0175 Loss fft:  0.8442 Loss dta_rank:  0.6047 Loss dta_tv:  0.0345 Loss dta_proxy:  0.2163 Loss dta_trans:  0.0065 Loss dta_phys:  0.0067 Loss dta_preserve:  0.0049
Time:  0.0780 Epoch: 004 Iter:  350/ 600 LR: 0.0001000000 Loss content:  0.0166 Loss fft:  0.7981 Loss dta_rank:  0.6109 Loss dta_tv:  0.0343 Loss dta_proxy:  0.2103 Loss dta_trans:  0.0068 Loss dta_phys:  0.0069 Loss dta_preserve:  0.0051
Time:  0.0773 Epoch: 004 Iter:  400/ 600 LR: 0.0001000000 Loss content:  0.0170 Loss fft:  0.8183 Loss dta_rank:  0.6138 Loss dta_tv:  0.0332 Loss dta_proxy:  0.2172 Loss dta_trans:  0.0068 Loss dta_phys:  0.0061 Loss dta_preserve:  0.0050
Time:  0.0760 Epoch: 004 Iter:  450/ 600 LR: 0.0001000000 Loss content:  0.0175 Loss fft:  0.8556 Loss dta_rank:  0.6111 Loss dta_tv:  0.0335 Loss dta_proxy:  0.2209 Loss dta_trans:  0.0068 Loss dta_phys:  0.0070 Loss dta_preserve:  0.0049
Time:  0.0764 Epoch: 004 Iter:  500/ 600 LR: 0.0001000000 Loss content:  0.0173 Loss fft:  0.8139 Loss dta_rank:  0.6119 Loss dta_tv:  0.0333 Loss dta_proxy:  0.2122 Loss dta_trans:  0.0074 Loss dta_phys:  0.0066 Loss dta_preserve:  0.0043
Time:  0.0738 Epoch: 004 Iter:  550/ 600 LR: 0.0001000000 Loss content:  0.0175 Loss fft:  0.8272 Loss dta_rank:  0.6076 Loss dta_tv:  0.0335 Loss dta_proxy:  0.2044 Loss dta_trans:  0.0066 Loss dta_phys:  0.0065 Loss dta_preserve:  0.0044
Time:  0.0736 Epoch: 004 Iter:  600/ 600 LR: 0.0001000000 Loss content:  0.0172 Loss fft:  0.8173 Loss dta_rank:  0.6070 Loss dta_tv:  0.0344 Loss dta_proxy:  0.2114 Loss dta_trans:  0.0071 Loss dta_phys:  0.0077 Loss dta_preserve:  0.0053
EPOCH: 04
Elapsed time: 0.91 Epoch Pixel Loss:  0.0173 Epoch FFT Loss:  0.8244 Epoch DTA Rank:  0.6091 Epoch DTA TV:  0.0343 Epoch DTA Proxy:  0.2119 Epoch DTA Trans:  0.0071 Epoch DTA Phys:  0.0066 Epoch DTA Preserve:  0.0050
DTA_GATE_RAMP epoch=5 gate_limit=0.030000
Time:  0.0789 Epoch: 005 Iter:   50/ 600 LR: 0.0000983215 Loss content:  0.0172 Loss fft:  0.8206 Loss dta_rank:  0.6098 Loss dta_tv:  0.0324 Loss dta_proxy:  0.2129 Loss dta_trans:  0.0072 Loss dta_phys:  0.0064 Loss dta_preserve:  0.0047
Time:  0.0733 Epoch: 005 Iter:  100/ 600 LR: 0.0000983215 Loss content:  0.0165 Loss fft:  0.8234 Loss dta_rank:  0.6090 Loss dta_tv:  0.0336 Loss dta_proxy:  0.2105 Loss dta_trans:  0.0070 Loss dta_phys:  0.0062 Loss dta_preserve:  0.0035
Time:  0.0746 Epoch: 005 Iter:  150/ 600 LR: 0.0000983215 Loss content:  0.0175 Loss fft:  0.8305 Loss dta_rank:  0.6093 Loss dta_tv:  0.0334 Loss dta_proxy:  0.2033 Loss dta_trans:  0.0068 Loss dta_phys:  0.0068 Loss dta_preserve:  0.0053
Time:  0.0741 Epoch: 005 Iter:  200/ 600 LR: 0.0000983215 Loss content:  0.0166 Loss fft:  0.7860 Loss dta_rank:  0.6052 Loss dta_tv:  0.0321 Loss dta_proxy:  0.2196 Loss dta_trans:  0.0060 Loss dta_phys:  0.0060 Loss dta_preserve:  0.0043
Time:  0.0642 Epoch: 005 Iter:  250/ 600 LR: 0.0000983215 Loss content:  0.0176 Loss fft:  0.8131 Loss dta_rank:  0.6049 Loss dta_tv:  0.0331 Loss dta_proxy:  0.2167 Loss dta_trans:  0.0064 Loss dta_phys:  0.0070 Loss dta_preserve:  0.0053
Time:  0.0644 Epoch: 005 Iter:  300/ 600 LR: 0.0000983215 Loss content:  0.0173 Loss fft:  0.8144 Loss dta_rank:  0.6077 Loss dta_tv:  0.0340 Loss dta_proxy:  0.1961 Loss dta_trans:  0.0076 Loss dta_phys:  0.0068 Loss dta_preserve:  0.0048
Time:  0.0654 Epoch: 005 Iter:  350/ 600 LR: 0.0000983215 Loss content:  0.0169 Loss fft:  0.7917 Loss dta_rank:  0.6085 Loss dta_tv:  0.0315 Loss dta_proxy:  0.2144 Loss dta_trans:  0.0061 Loss dta_phys:  0.0077 Loss dta_preserve:  0.0053
Time:  0.0676 Epoch: 005 Iter:  400/ 600 LR: 0.0000983215 Loss content:  0.0184 Loss fft:  0.8346 Loss dta_rank:  0.6035 Loss dta_tv:  0.0316 Loss dta_proxy:  0.2195 Loss dta_trans:  0.0067 Loss dta_phys:  0.0071 Loss dta_preserve:  0.0057
Time:  0.0652 Epoch: 005 Iter:  450/ 600 LR: 0.0000983215 Loss content:  0.0173 Loss fft:  0.8369 Loss dta_rank:  0.6066 Loss dta_tv:  0.0329 Loss dta_proxy:  0.2002 Loss dta_trans:  0.0062 Loss dta_phys:  0.0055 Loss dta_preserve:  0.0051
Time:  0.0673 Epoch: 005 Iter:  500/ 600 LR: 0.0000983215 Loss content:  0.0174 Loss fft:  0.8221 Loss dta_rank:  0.6072 Loss dta_tv:  0.0328 Loss dta_proxy:  0.2054 Loss dta_trans:  0.0063 Loss dta_phys:  0.0061 Loss dta_preserve:  0.0048
Time:  0.0778 Epoch: 005 Iter:  550/ 600 LR: 0.0000983215 Loss content:  0.0177 Loss fft:  0.8373 Loss dta_rank:  0.6049 Loss dta_tv:  0.0314 Loss dta_proxy:  0.2157 Loss dta_trans:  0.0055 Loss dta_phys:  0.0062 Loss dta_preserve:  0.0047
Time:  0.0718 Epoch: 005 Iter:  600/ 600 LR: 0.0000983215 Loss content:  0.0172 Loss fft:  0.8038 Loss dta_rank:  0.6049 Loss dta_tv:  0.0325 Loss dta_proxy:  0.2109 Loss dta_trans:  0.0074 Loss dta_phys:  0.0071 Loss dta_preserve:  0.0049
EPOCH: 05
Elapsed time: 0.85 Epoch Pixel Loss:  0.0173 Epoch FFT Loss:  0.8179 Epoch DTA Rank:  0.6068 Epoch DTA TV:  0.0326 Epoch DTA Proxy:  0.2104 Epoch DTA Trans:  0.0066 Epoch DTA Phys:  0.0066 Epoch DTA Preserve:  0.0049
DTA_GATE_RAMP epoch=6 gate_limit=0.030000
Time:  0.0783 Epoch: 006 Iter:   50/ 600 LR: 0.0000942212 Loss content:  0.0174 Loss fft:  0.8235 Loss dta_rank:  0.6087 Loss dta_tv:  0.0328 Loss dta_proxy:  0.2080 Loss dta_trans:  0.0077 Loss dta_phys:  0.0072 Loss dta_preserve:  0.0061
Time:  0.0767 Epoch: 006 Iter:  100/ 600 LR: 0.0000942212 Loss content:  0.0169 Loss fft:  0.8275 Loss dta_rank:  0.6055 Loss dta_tv:  0.0313 Loss dta_proxy:  0.2266 Loss dta_trans:  0.0055 Loss dta_phys:  0.0060 Loss dta_preserve:  0.0046
Time:  0.0779 Epoch: 006 Iter:  150/ 600 LR: 0.0000942212 Loss content:  0.0174 Loss fft:  0.8391 Loss dta_rank:  0.6047 Loss dta_tv:  0.0325 Loss dta_proxy:  0.2157 Loss dta_trans:  0.0064 Loss dta_phys:  0.0070 Loss dta_preserve:  0.0048
Time:  0.0771 Epoch: 006 Iter:  200/ 600 LR: 0.0000942212 Loss content:  0.0171 Loss fft:  0.8156 Loss dta_rank:  0.6055 Loss dta_tv:  0.0318 Loss dta_proxy:  0.2146 Loss dta_trans:  0.0066 Loss dta_phys:  0.0066 Loss dta_preserve:  0.0046
Time:  0.0760 Epoch: 006 Iter:  250/ 600 LR: 0.0000942212 Loss content:  0.0164 Loss fft:  0.8295 Loss dta_rank:  0.6021 Loss dta_tv:  0.0313 Loss dta_proxy:  0.2084 Loss dta_trans:  0.0061 Loss dta_phys:  0.0060 Loss dta_preserve:  0.0045
Time:  0.0769 Epoch: 006 Iter:  300/ 600 LR: 0.0000942212 Loss content:  0.0171 Loss fft:  0.7988 Loss dta_rank:  0.6055 Loss dta_tv:  0.0312 Loss dta_proxy:  0.2147 Loss dta_trans:  0.0066 Loss dta_phys:  0.0065 Loss dta_preserve:  0.0056
Time:  0.0772 Epoch: 006 Iter:  350/ 600 LR: 0.0000942212 Loss content:  0.0165 Loss fft:  0.8103 Loss dta_rank:  0.6089 Loss dta_tv:  0.0319 Loss dta_proxy:  0.2084 Loss dta_trans:  0.0072 Loss dta_phys:  0.0073 Loss dta_preserve:  0.0042
Time:  0.0779 Epoch: 006 Iter:  400/ 600 LR: 0.0000942212 Loss content:  0.0180 Loss fft:  0.8330 Loss dta_rank:  0.6027 Loss dta_tv:  0.0311 Loss dta_proxy:  0.2081 Loss dta_trans:  0.0061 Loss dta_phys:  0.0062 Loss dta_preserve:  0.0052
Time:  0.0761 Epoch: 006 Iter:  450/ 600 LR: 0.0000942212 Loss content:  0.0163 Loss fft:  0.7809 Loss dta_rank:  0.6066 Loss dta_tv:  0.0315 Loss dta_proxy:  0.2077 Loss dta_trans:  0.0065 Loss dta_phys:  0.0061 Loss dta_preserve:  0.0058
Time:  0.0814 Epoch: 006 Iter:  500/ 600 LR: 0.0000942212 Loss content:  0.0177 Loss fft:  0.8075 Loss dta_rank:  0.6053 Loss dta_tv:  0.0315 Loss dta_proxy:  0.2035 Loss dta_trans:  0.0063 Loss dta_phys:  0.0068 Loss dta_preserve:  0.0058
Time:  0.0768 Epoch: 006 Iter:  550/ 600 LR: 0.0000942212 Loss content:  0.0172 Loss fft:  0.8402 Loss dta_rank:  0.6075 Loss dta_tv:  0.0320 Loss dta_proxy:  0.2147 Loss dta_trans:  0.0065 Loss dta_phys:  0.0069 Loss dta_preserve:  0.0054
Time:  0.0744 Epoch: 006 Iter:  600/ 600 LR: 0.0000942212 Loss content:  0.0175 Loss fft:  0.8269 Loss dta_rank:  0.6118 Loss dta_tv:  0.0317 Loss dta_proxy:  0.2084 Loss dta_trans:  0.0067 Loss dta_phys:  0.0066 Loss dta_preserve:  0.0059
EPOCH: 06
Elapsed time: 0.93 Epoch Pixel Loss:  0.0171 Epoch FFT Loss:  0.8194 Epoch DTA Rank:  0.6062 Epoch DTA TV:  0.0317 Epoch DTA Proxy:  0.2116 Epoch DTA Trans:  0.0065 Epoch DTA Phys:  0.0066 Epoch DTA Preserve:  0.0052
DTA_GATE_RAMP epoch=7 gate_limit=0.030000
Time:  0.0798 Epoch: 007 Iter:   50/ 600 LR: 0.0000886874 Loss content:  0.0161 Loss fft:  0.7902 Loss dta_rank:  0.6015 Loss dta_tv:  0.0317 Loss dta_proxy:  0.2044 Loss dta_trans:  0.0052 Loss dta_phys:  0.0062 Loss dta_preserve:  0.0048
Time:  0.0756 Epoch: 007 Iter:  100/ 600 LR: 0.0000886874 Loss content:  0.0174 Loss fft:  0.7962 Loss dta_rank:  0.6025 Loss dta_tv:  0.0310 Loss dta_proxy:  0.2084 Loss dta_trans:  0.0060 Loss dta_phys:  0.0063 Loss dta_preserve:  0.0055
Time:  0.0755 Epoch: 007 Iter:  150/ 600 LR: 0.0000886874 Loss content:  0.0190 Loss fft:  0.8821 Loss dta_rank:  0.6004 Loss dta_tv:  0.0302 Loss dta_proxy:  0.2213 Loss dta_trans:  0.0052 Loss dta_phys:  0.0073 Loss dta_preserve:  0.0069
Time:  0.0728 Epoch: 007 Iter:  200/ 600 LR: 0.0000886874 Loss content:  0.0177 Loss fft:  0.8316 Loss dta_rank:  0.6059 Loss dta_tv:  0.0311 Loss dta_proxy:  0.2126 Loss dta_trans:  0.0078 Loss dta_phys:  0.0062 Loss dta_preserve:  0.0057
Time:  0.0752 Epoch: 007 Iter:  250/ 600 LR: 0.0000886874 Loss content:  0.0173 Loss fft:  0.8030 Loss dta_rank:  0.6080 Loss dta_tv:  0.0304 Loss dta_proxy:  0.2146 Loss dta_trans:  0.0066 Loss dta_phys:  0.0064 Loss dta_preserve:  0.0037
Time:  0.0704 Epoch: 007 Iter:  300/ 600 LR: 0.0000886874 Loss content:  0.0167 Loss fft:  0.7815 Loss dta_rank:  0.6021 Loss dta_tv:  0.0318 Loss dta_proxy:  0.1889 Loss dta_trans:  0.0066 Loss dta_phys:  0.0067 Loss dta_preserve:  0.0047
Time:  0.0737 Epoch: 007 Iter:  350/ 600 LR: 0.0000886874 Loss content:  0.0175 Loss fft:  0.8284 Loss dta_rank:  0.6005 Loss dta_tv:  0.0317 Loss dta_proxy:  0.2022 Loss dta_trans:  0.0071 Loss dta_phys:  0.0066 Loss dta_preserve:  0.0057
Time:  0.0662 Epoch: 007 Iter:  400/ 600 LR: 0.0000886874 Loss content:  0.0169 Loss fft:  0.8394 Loss dta_rank:  0.6107 Loss dta_tv:  0.0307 Loss dta_proxy:  0.2120 Loss dta_trans:  0.0062 Loss dta_phys:  0.0068 Loss dta_preserve:  0.0060
Time:  0.0727 Epoch: 007 Iter:  450/ 600 LR: 0.0000886874 Loss content:  0.0174 Loss fft:  0.8270 Loss dta_rank:  0.6058 Loss dta_tv:  0.0308 Loss dta_proxy:  0.2145 Loss dta_trans:  0.0067 Loss dta_phys:  0.0070 Loss dta_preserve:  0.0065
Time:  0.0742 Epoch: 007 Iter:  500/ 600 LR: 0.0000886874 Loss content:  0.0178 Loss fft:  0.8345 Loss dta_rank:  0.6096 Loss dta_tv:  0.0310 Loss dta_proxy:  0.2058 Loss dta_trans:  0.0062 Loss dta_phys:  0.0070 Loss dta_preserve:  0.0059
Time:  0.0715 Epoch: 007 Iter:  550/ 600 LR: 0.0000886874 Loss content:  0.0167 Loss fft:  0.7962 Loss dta_rank:  0.6058 Loss dta_tv:  0.0311 Loss dta_proxy:  0.1996 Loss dta_trans:  0.0058 Loss dta_phys:  0.0060 Loss dta_preserve:  0.0047
Time:  0.0718 Epoch: 007 Iter:  600/ 600 LR: 0.0000886874 Loss content:  0.0170 Loss fft:  0.8142 Loss dta_rank:  0.6026 Loss dta_tv:  0.0315 Loss dta_proxy:  0.1964 Loss dta_trans:  0.0069 Loss dta_phys:  0.0069 Loss dta_preserve:  0.0044
EPOCH: 07
Elapsed time: 0.88 Epoch Pixel Loss:  0.0173 Epoch FFT Loss:  0.8187 Epoch DTA Rank:  0.6046 Epoch DTA TV:  0.0311 Epoch DTA Proxy:  0.2067 Epoch DTA Trans:  0.0064 Epoch DTA Phys:  0.0066 Epoch DTA Preserve:  0.0054
DTA_GATE_RAMP epoch=8 gate_limit=0.030000
Time:  0.0770 Epoch: 008 Iter:   50/ 600 LR: 0.0000819070 Loss content:  0.0174 Loss fft:  0.8343 Loss dta_rank:  0.6059 Loss dta_tv:  0.0301 Loss dta_proxy:  0.2108 Loss dta_trans:  0.0056 Loss dta_phys:  0.0070 Loss dta_preserve:  0.0058
Time:  0.0764 Epoch: 008 Iter:  100/ 600 LR: 0.0000819070 Loss content:  0.0167 Loss fft:  0.7880 Loss dta_rank:  0.6015 Loss dta_tv:  0.0309 Loss dta_proxy:  0.2080 Loss dta_trans:  0.0053 Loss dta_phys:  0.0069 Loss dta_preserve:  0.0051
Time:  0.0799 Epoch: 008 Iter:  150/ 600 LR: 0.0000819070 Loss content:  0.0176 Loss fft:  0.8192 Loss dta_rank:  0.6080 Loss dta_tv:  0.0294 Loss dta_proxy:  0.2264 Loss dta_trans:  0.0064 Loss dta_phys:  0.0072 Loss dta_preserve:  0.0058
Time:  0.0739 Epoch: 008 Iter:  200/ 600 LR: 0.0000819070 Loss content:  0.0183 Loss fft:  0.8465 Loss dta_rank:  0.6078 Loss dta_tv:  0.0308 Loss dta_proxy:  0.2039 Loss dta_trans:  0.0066 Loss dta_phys:  0.0067 Loss dta_preserve:  0.0052
Time:  0.0749 Epoch: 008 Iter:  250/ 600 LR: 0.0000819070 Loss content:  0.0170 Loss fft:  0.8234 Loss dta_rank:  0.6021 Loss dta_tv:  0.0307 Loss dta_proxy:  0.1988 Loss dta_trans:  0.0064 Loss dta_phys:  0.0063 Loss dta_preserve:  0.0041
Time:  0.0687 Epoch: 008 Iter:  300/ 600 LR: 0.0000819070 Loss content:  0.0169 Loss fft:  0.8108 Loss dta_rank:  0.6046 Loss dta_tv:  0.0313 Loss dta_proxy:  0.1984 Loss dta_trans:  0.0066 Loss dta_phys:  0.0068 Loss dta_preserve:  0.0063
Time:  0.0649 Epoch: 008 Iter:  350/ 600 LR: 0.0000819070 Loss content:  0.0168 Loss fft:  0.8398 Loss dta_rank:  0.6031 Loss dta_tv:  0.0310 Loss dta_proxy:  0.1945 Loss dta_trans:  0.0064 Loss dta_phys:  0.0059 Loss dta_preserve:  0.0050
Time:  0.0784 Epoch: 008 Iter:  400/ 600 LR: 0.0000819070 Loss content:  0.0178 Loss fft:  0.8403 Loss dta_rank:  0.6066 Loss dta_tv:  0.0313 Loss dta_proxy:  0.1835 Loss dta_trans:  0.0057 Loss dta_phys:  0.0067 Loss dta_preserve:  0.0044
Time:  0.0779 Epoch: 008 Iter:  450/ 600 LR: 0.0000819070 Loss content:  0.0174 Loss fft:  0.8121 Loss dta_rank:  0.5998 Loss dta_tv:  0.0306 Loss dta_proxy:  0.1922 Loss dta_trans:  0.0070 Loss dta_phys:  0.0069 Loss dta_preserve:  0.0046
Time:  0.0785 Epoch: 008 Iter:  500/ 600 LR: 0.0000819070 Loss content:  0.0172 Loss fft:  0.8055 Loss dta_rank:  0.6022 Loss dta_tv:  0.0309 Loss dta_proxy:  0.1953 Loss dta_trans:  0.0062 Loss dta_phys:  0.0065 Loss dta_preserve:  0.0047
Time:  0.0755 Epoch: 008 Iter:  550/ 600 LR: 0.0000819070 Loss content:  0.0171 Loss fft:  0.8052 Loss dta_rank:  0.6024 Loss dta_tv:  0.0302 Loss dta_proxy:  0.2085 Loss dta_trans:  0.0057 Loss dta_phys:  0.0063 Loss dta_preserve:  0.0060
Time:  0.0754 Epoch: 008 Iter:  600/ 600 LR: 0.0000819070 Loss content:  0.0172 Loss fft:  0.8354 Loss dta_rank:  0.6034 Loss dta_tv:  0.0311 Loss dta_proxy:  0.2002 Loss dta_trans:  0.0064 Loss dta_phys:  0.0064 Loss dta_preserve:  0.0044
EPOCH: 08
Elapsed time: 0.90 Epoch Pixel Loss:  0.0173 Epoch FFT Loss:  0.8217 Epoch DTA Rank:  0.6040 Epoch DTA TV:  0.0307 Epoch DTA Proxy:  0.2017 Epoch DTA Trans:  0.0062 Epoch DTA Phys:  0.0066 Epoch DTA Preserve:  0.0051
DTA_GATE_RAMP epoch=9 gate_limit=0.060000
Time:  0.0824 Epoch: 009 Iter:   50/ 600 LR: 0.0000741093 Loss content:  0.0175 Loss fft:  0.8205 Loss dta_rank:  0.6058 Loss dta_tv:  0.0303 Loss dta_proxy:  0.1993 Loss dta_trans:  0.0066 Loss dta_phys:  0.0064 Loss dta_preserve:  0.0043
Time:  0.0777 Epoch: 009 Iter:  100/ 600 LR: 0.0000741093 Loss content:  0.0173 Loss fft:  0.8165 Loss dta_rank:  0.6010 Loss dta_tv:  0.0301 Loss dta_proxy:  0.2005 Loss dta_trans:  0.0054 Loss dta_phys:  0.0065 Loss dta_preserve:  0.0046
Time:  0.0806 Epoch: 009 Iter:  150/ 600 LR: 0.0000741093 Loss content:  0.0177 Loss fft:  0.8161 Loss dta_rank:  0.6038 Loss dta_tv:  0.0303 Loss dta_proxy:  0.1988 Loss dta_trans:  0.0071 Loss dta_phys:  0.0075 Loss dta_preserve:  0.0050
Time:  0.0798 Epoch: 009 Iter:  200/ 600 LR: 0.0000741093 Loss content:  0.0174 Loss fft:  0.8298 Loss dta_rank:  0.6020 Loss dta_tv:  0.0306 Loss dta_proxy:  0.1961 Loss dta_trans:  0.0056 Loss dta_phys:  0.0068 Loss dta_preserve:  0.0048
Time:  0.0777 Epoch: 009 Iter:  250/ 600 LR: 0.0000741093 Loss content:  0.0178 Loss fft:  0.8101 Loss dta_rank:  0.6034 Loss dta_tv:  0.0305 Loss dta_proxy:  0.2012 Loss dta_trans:  0.0061 Loss dta_phys:  0.0069 Loss dta_preserve:  0.0058
Time:  0.0764 Epoch: 009 Iter:  300/ 600 LR: 0.0000741093 Loss content:  0.0169 Loss fft:  0.8378 Loss dta_rank:  0.6053 Loss dta_tv:  0.0308 Loss dta_proxy:  0.1910 Loss dta_trans:  0.0055 Loss dta_phys:  0.0067 Loss dta_preserve:  0.0052
Time:  0.0774 Epoch: 009 Iter:  350/ 600 LR: 0.0000741093 Loss content:  0.0185 Loss fft:  0.8492 Loss dta_rank:  0.6023 Loss dta_tv:  0.0309 Loss dta_proxy:  0.1924 Loss dta_trans:  0.0057 Loss dta_phys:  0.0065 Loss dta_preserve:  0.0056
Time:  0.0771 Epoch: 009 Iter:  400/ 600 LR: 0.0000741093 Loss content:  0.0171 Loss fft:  0.7989 Loss dta_rank:  0.6065 Loss dta_tv:  0.0305 Loss dta_proxy:  0.2079 Loss dta_trans:  0.0073 Loss dta_phys:  0.0068 Loss dta_preserve:  0.0045
Time:  0.0781 Epoch: 009 Iter:  450/ 600 LR: 0.0000741093 Loss content:  0.0168 Loss fft:  0.7963 Loss dta_rank:  0.6013 Loss dta_tv:  0.0295 Loss dta_proxy:  0.2084 Loss dta_trans:  0.0066 Loss dta_phys:  0.0073 Loss dta_preserve:  0.0043
Time:  0.0764 Epoch: 009 Iter:  500/ 600 LR: 0.0000741093 Loss content:  0.0169 Loss fft:  0.8191 Loss dta_rank:  0.6009 Loss dta_tv:  0.0297 Loss dta_proxy:  0.2014 Loss dta_trans:  0.0054 Loss dta_phys:  0.0062 Loss dta_preserve:  0.0042
Time:  0.0771 Epoch: 009 Iter:  550/ 600 LR: 0.0000741093 Loss content:  0.0174 Loss fft:  0.8318 Loss dta_rank:  0.6050 Loss dta_tv:  0.0296 Loss dta_proxy:  0.2035 Loss dta_trans:  0.0053 Loss dta_phys:  0.0062 Loss dta_preserve:  0.0048
Time:  0.0751 Epoch: 009 Iter:  600/ 600 LR: 0.0000741093 Loss content:  0.0182 Loss fft:  0.8762 Loss dta_rank:  0.6031 Loss dta_tv:  0.0288 Loss dta_proxy:  0.2047 Loss dta_trans:  0.0058 Loss dta_phys:  0.0063 Loss dta_preserve:  0.0071
EPOCH: 09
Elapsed time: 0.94 Epoch Pixel Loss:  0.0175 Epoch FFT Loss:  0.8252 Epoch DTA Rank:  0.6034 Epoch DTA TV:  0.0301 Epoch DTA Proxy:  0.2004 Epoch DTA Trans:  0.0060 Epoch DTA Phys:  0.0067 Epoch DTA Preserve:  0.0050
DTA_GATE_RAMP epoch=10 gate_limit=0.060000
Time:  0.0800 Epoch: 010 Iter:   50/ 600 LR: 0.0000655580 Loss content:  0.0171 Loss fft:  0.8213 Loss dta_rank:  0.6055 Loss dta_tv:  0.0299 Loss dta_proxy:  0.1872 Loss dta_trans:  0.0067 Loss dta_phys:  0.0058 Loss dta_preserve:  0.0048
Time:  0.0776 Epoch: 010 Iter:  100/ 600 LR: 0.0000655580 Loss content:  0.0174 Loss fft:  0.8251 Loss dta_rank:  0.6043 Loss dta_tv:  0.0298 Loss dta_proxy:  0.1951 Loss dta_trans:  0.0060 Loss dta_phys:  0.0073 Loss dta_preserve:  0.0054
Time:  0.0753 Epoch: 010 Iter:  150/ 600 LR: 0.0000655580 Loss content:  0.0168 Loss fft:  0.7973 Loss dta_rank:  0.6060 Loss dta_tv:  0.0292 Loss dta_proxy:  0.1998 Loss dta_trans:  0.0056 Loss dta_phys:  0.0063 Loss dta_preserve:  0.0054
Time:  0.0796 Epoch: 010 Iter:  200/ 600 LR: 0.0000655580 Loss content:  0.0169 Loss fft:  0.7879 Loss dta_rank:  0.6039 Loss dta_tv:  0.0301 Loss dta_proxy:  0.2000 Loss dta_trans:  0.0053 Loss dta_phys:  0.0067 Loss dta_preserve:  0.0046
Time:  0.0773 Epoch: 010 Iter:  250/ 600 LR: 0.0000655580 Loss content:  0.0171 Loss fft:  0.8174 Loss dta_rank:  0.5997 Loss dta_tv:  0.0305 Loss dta_proxy:  0.1889 Loss dta_trans:  0.0060 Loss dta_phys:  0.0062 Loss dta_preserve:  0.0064
Time:  0.0755 Epoch: 010 Iter:  300/ 600 LR: 0.0000655580 Loss content:  0.0173 Loss fft:  0.8200 Loss dta_rank:  0.6034 Loss dta_tv:  0.0304 Loss dta_proxy:  0.1947 Loss dta_trans:  0.0061 Loss dta_phys:  0.0067 Loss dta_preserve:  0.0050
Time:  0.0768 Epoch: 010 Iter:  350/ 600 LR: 0.0000655580 Loss content:  0.0178 Loss fft:  0.8675 Loss dta_rank:  0.5978 Loss dta_tv:  0.0297 Loss dta_proxy:  0.2010 Loss dta_trans:  0.0055 Loss dta_phys:  0.0055 Loss dta_preserve:  0.0056
Time:  0.0788 Epoch: 010 Iter:  400/ 600 LR: 0.0000655580 Loss content:  0.0167 Loss fft:  0.8131 Loss dta_rank:  0.6020 Loss dta_tv:  0.0302 Loss dta_proxy:  0.1916 Loss dta_trans:  0.0058 Loss dta_phys:  0.0066 Loss dta_preserve:  0.0048
Time:  0.0778 Epoch: 010 Iter:  450/ 600 LR: 0.0000655580 Loss content:  0.0169 Loss fft:  0.7899 Loss dta_rank:  0.6080 Loss dta_tv:  0.0298 Loss dta_proxy:  0.1975 Loss dta_trans:  0.0072 Loss dta_phys:  0.0080 Loss dta_preserve:  0.0046
Time:  0.0740 Epoch: 010 Iter:  500/ 600 LR: 0.0000655580 Loss content:  0.0177 Loss fft:  0.8391 Loss dta_rank:  0.6025 Loss dta_tv:  0.0301 Loss dta_proxy:  0.1952 Loss dta_trans:  0.0056 Loss dta_phys:  0.0058 Loss dta_preserve:  0.0056
Time:  0.0743 Epoch: 010 Iter:  550/ 600 LR: 0.0000655580 Loss content:  0.0169 Loss fft:  0.8193 Loss dta_rank:  0.6014 Loss dta_tv:  0.0296 Loss dta_proxy:  0.2019 Loss dta_trans:  0.0058 Loss dta_phys:  0.0071 Loss dta_preserve:  0.0051
Time:  0.0746 Epoch: 010 Iter:  600/ 600 LR: 0.0000655580 Loss content:  0.0172 Loss fft:  0.8294 Loss dta_rank:  0.6036 Loss dta_tv:  0.0295 Loss dta_proxy:  0.1986 Loss dta_trans:  0.0056 Loss dta_phys:  0.0064 Loss dta_preserve:  0.0060
EPOCH: 10
Elapsed time: 0.93 Epoch Pixel Loss:  0.0171 Epoch FFT Loss:  0.8190 Epoch DTA Rank:  0.6032 Epoch DTA TV:  0.0299 Epoch DTA Proxy:  0.1960 Epoch DTA Trans:  0.0059 Epoch DTA Phys:  0.0065 Epoch DTA Preserve:  0.0053
DTA_GATE_RAMP epoch=11 gate_limit=0.060000
Time:  0.0846 Epoch: 011 Iter:   50/ 600 LR: 0.0000565424 Loss content:  0.0176 Loss fft:  0.8450 Loss dta_rank:  0.6014 Loss dta_tv:  0.0297 Loss dta_proxy:  0.1986 Loss dta_trans:  0.0051 Loss dta_phys:  0.0071 Loss dta_preserve:  0.0049
Time:  0.0736 Epoch: 011 Iter:  100/ 600 LR: 0.0000565424 Loss content:  0.0170 Loss fft:  0.8270 Loss dta_rank:  0.6053 Loss dta_tv:  0.0287 Loss dta_proxy:  0.2101 Loss dta_trans:  0.0058 Loss dta_phys:  0.0065 Loss dta_preserve:  0.0058
Time:  0.0735 Epoch: 011 Iter:  150/ 600 LR: 0.0000565424 Loss content:  0.0167 Loss fft:  0.7984 Loss dta_rank:  0.6004 Loss dta_tv:  0.0293 Loss dta_proxy:  0.1934 Loss dta_trans:  0.0062 Loss dta_phys:  0.0068 Loss dta_preserve:  0.0053
Time:  0.0727 Epoch: 011 Iter:  200/ 600 LR: 0.0000565424 Loss content:  0.0171 Loss fft:  0.8526 Loss dta_rank:  0.5991 Loss dta_tv:  0.0311 Loss dta_proxy:  0.1839 Loss dta_trans:  0.0060 Loss dta_phys:  0.0064 Loss dta_preserve:  0.0054
Time:  0.0770 Epoch: 011 Iter:  250/ 600 LR: 0.0000565424 Loss content:  0.0173 Loss fft:  0.8319 Loss dta_rank:  0.5996 Loss dta_tv:  0.0290 Loss dta_proxy:  0.2009 Loss dta_trans:  0.0053 Loss dta_phys:  0.0064 Loss dta_preserve:  0.0055
Time:  0.0790 Epoch: 011 Iter:  300/ 600 LR: 0.0000565424 Loss content:  0.0179 Loss fft:  0.8561 Loss dta_rank:  0.6044 Loss dta_tv:  0.0297 Loss dta_proxy:  0.1872 Loss dta_trans:  0.0074 Loss dta_phys:  0.0065 Loss dta_preserve:  0.0053
Time:  0.0755 Epoch: 011 Iter:  350/ 600 LR: 0.0000565424 Loss content:  0.0160 Loss fft:  0.7845 Loss dta_rank:  0.6094 Loss dta_tv:  0.0290 Loss dta_proxy:  0.2007 Loss dta_trans:  0.0060 Loss dta_phys:  0.0069 Loss dta_preserve:  0.0050
Time:  0.0767 Epoch: 011 Iter:  400/ 600 LR: 0.0000565424 Loss content:  0.0176 Loss fft:  0.7999 Loss dta_rank:  0.6010 Loss dta_tv:  0.0296 Loss dta_proxy:  0.1972 Loss dta_trans:  0.0055 Loss dta_phys:  0.0073 Loss dta_preserve:  0.0040
Time:  0.0783 Epoch: 011 Iter:  450/ 600 LR: 0.0000565424 Loss content:  0.0175 Loss fft:  0.8536 Loss dta_rank:  0.6050 Loss dta_tv:  0.0292 Loss dta_proxy:  0.1939 Loss dta_trans:  0.0063 Loss dta_phys:  0.0063 Loss dta_preserve:  0.0046
Time:  0.0802 Epoch: 011 Iter:  500/ 600 LR: 0.0000565424 Loss content:  0.0175 Loss fft:  0.8132 Loss dta_rank:  0.6072 Loss dta_tv:  0.0296 Loss dta_proxy:  0.1961 Loss dta_trans:  0.0057 Loss dta_phys:  0.0063 Loss dta_preserve:  0.0053
Time:  0.0763 Epoch: 011 Iter:  550/ 600 LR: 0.0000565424 Loss content:  0.0180 Loss fft:  0.8605 Loss dta_rank:  0.6039 Loss dta_tv:  0.0295 Loss dta_proxy:  0.1999 Loss dta_trans:  0.0060 Loss dta_phys:  0.0073 Loss dta_preserve:  0.0048
Time:  0.0757 Epoch: 011 Iter:  600/ 600 LR: 0.0000565424 Loss content:  0.0172 Loss fft:  0.8001 Loss dta_rank:  0.6059 Loss dta_tv:  0.0294 Loss dta_proxy:  0.1935 Loss dta_trans:  0.0065 Loss dta_phys:  0.0066 Loss dta_preserve:  0.0066
EPOCH: 11
Elapsed time: 0.93 Epoch Pixel Loss:  0.0173 Epoch FFT Loss:  0.8269 Epoch DTA Rank:  0.6036 Epoch DTA TV:  0.0295 Epoch DTA Proxy:  0.1963 Epoch DTA Trans:  0.0060 Epoch DTA Phys:  0.0067 Epoch DTA Preserve:  0.0052
DTA_GATE_RAMP epoch=12 gate_limit=0.060000
Time:  0.0800 Epoch: 012 Iter:   50/ 600 LR: 0.0000473670 Loss content:  0.0171 Loss fft:  0.8402 Loss dta_rank:  0.6049 Loss dta_tv:  0.0287 Loss dta_proxy:  0.2108 Loss dta_trans:  0.0062 Loss dta_phys:  0.0075 Loss dta_preserve:  0.0055
Time:  0.0778 Epoch: 012 Iter:  100/ 600 LR: 0.0000473670 Loss content:  0.0168 Loss fft:  0.8186 Loss dta_rank:  0.6032 Loss dta_tv:  0.0288 Loss dta_proxy:  0.1998 Loss dta_trans:  0.0056 Loss dta_phys:  0.0067 Loss dta_preserve:  0.0047
Time:  0.0737 Epoch: 012 Iter:  150/ 600 LR: 0.0000473670 Loss content:  0.0173 Loss fft:  0.8225 Loss dta_rank:  0.6040 Loss dta_tv:  0.0295 Loss dta_proxy:  0.1993 Loss dta_trans:  0.0065 Loss dta_phys:  0.0061 Loss dta_preserve:  0.0053
Time:  0.0809 Epoch: 012 Iter:  200/ 600 LR: 0.0000473670 Loss content:  0.0169 Loss fft:  0.8012 Loss dta_rank:  0.6037 Loss dta_tv:  0.0300 Loss dta_proxy:  0.2010 Loss dta_trans:  0.0062 Loss dta_phys:  0.0068 Loss dta_preserve:  0.0047
Time:  0.0773 Epoch: 012 Iter:  250/ 600 LR: 0.0000473670 Loss content:  0.0169 Loss fft:  0.8353 Loss dta_rank:  0.6038 Loss dta_tv:  0.0303 Loss dta_proxy:  0.1965 Loss dta_trans:  0.0065 Loss dta_phys:  0.0062 Loss dta_preserve:  0.0051
Time:  0.0786 Epoch: 012 Iter:  300/ 600 LR: 0.0000473670 Loss content:  0.0175 Loss fft:  0.8156 Loss dta_rank:  0.6019 Loss dta_tv:  0.0301 Loss dta_proxy:  0.1938 Loss dta_trans:  0.0052 Loss dta_phys:  0.0074 Loss dta_preserve:  0.0067
Time:  0.0730 Epoch: 012 Iter:  350/ 600 LR: 0.0000473670 Loss content:  0.0165 Loss fft:  0.8054 Loss dta_rank:  0.6041 Loss dta_tv:  0.0297 Loss dta_proxy:  0.1943 Loss dta_trans:  0.0053 Loss dta_phys:  0.0068 Loss dta_preserve:  0.0035
Time:  0.0764 Epoch: 012 Iter:  400/ 600 LR: 0.0000473670 Loss content:  0.0173 Loss fft:  0.8284 Loss dta_rank:  0.6030 Loss dta_tv:  0.0294 Loss dta_proxy:  0.1964 Loss dta_trans:  0.0061 Loss dta_phys:  0.0064 Loss dta_preserve:  0.0051
Time:  0.0787 Epoch: 012 Iter:  450/ 600 LR: 0.0000473670 Loss content:  0.0179 Loss fft:  0.8501 Loss dta_rank:  0.6001 Loss dta_tv:  0.0287 Loss dta_proxy:  0.1981 Loss dta_trans:  0.0049 Loss dta_phys:  0.0071 Loss dta_preserve:  0.0049
Time:  0.0728 Epoch: 012 Iter:  500/ 600 LR: 0.0000473670 Loss content:  0.0164 Loss fft:  0.8061 Loss dta_rank:  0.5992 Loss dta_tv:  0.0287 Loss dta_proxy:  0.1975 Loss dta_trans:  0.0059 Loss dta_phys:  0.0065 Loss dta_preserve:  0.0052
Time:  0.0764 Epoch: 012 Iter:  550/ 600 LR: 0.0000473670 Loss content:  0.0172 Loss fft:  0.8256 Loss dta_rank:  0.6023 Loss dta_tv:  0.0290 Loss dta_proxy:  0.1947 Loss dta_trans:  0.0055 Loss dta_phys:  0.0066 Loss dta_preserve:  0.0062
Time:  0.0765 Epoch: 012 Iter:  600/ 600 LR: 0.0000473670 Loss content:  0.0176 Loss fft:  0.8317 Loss dta_rank:  0.6037 Loss dta_tv:  0.0293 Loss dta_proxy:  0.1989 Loss dta_trans:  0.0054 Loss dta_phys:  0.0061 Loss dta_preserve:  0.0047
EPOCH: 12
Elapsed time: 0.92 Epoch Pixel Loss:  0.0171 Epoch FFT Loss:  0.8234 Epoch DTA Rank:  0.6028 Epoch DTA TV:  0.0294 Epoch DTA Proxy:  0.1984 Epoch DTA Trans:  0.0058 Epoch DTA Phys:  0.0067 Epoch DTA Preserve:  0.0051
DTA_GATE_RAMP epoch=13 gate_limit=0.060000
Time:  0.0832 Epoch: 013 Iter:   50/ 600 LR: 0.0000383414 Loss content:  0.0178 Loss fft:  0.8383 Loss dta_rank:  0.6010 Loss dta_tv:  0.0298 Loss dta_proxy:  0.1969 Loss dta_trans:  0.0050 Loss dta_phys:  0.0066 Loss dta_preserve:  0.0046
Time:  0.0764 Epoch: 013 Iter:  100/ 600 LR: 0.0000383414 Loss content:  0.0160 Loss fft:  0.7808 Loss dta_rank:  0.6011 Loss dta_tv:  0.0297 Loss dta_proxy:  0.1979 Loss dta_trans:  0.0060 Loss dta_phys:  0.0071 Loss dta_preserve:  0.0044
Time:  0.0791 Epoch: 013 Iter:  150/ 600 LR: 0.0000383414 Loss content:  0.0167 Loss fft:  0.8046 Loss dta_rank:  0.6076 Loss dta_tv:  0.0278 Loss dta_proxy:  0.2037 Loss dta_trans:  0.0060 Loss dta_phys:  0.0064 Loss dta_preserve:  0.0054
Time:  0.0790 Epoch: 013 Iter:  200/ 600 LR: 0.0000383414 Loss content:  0.0182 Loss fft:  0.8697 Loss dta_rank:  0.5955 Loss dta_tv:  0.0289 Loss dta_proxy:  0.1906 Loss dta_trans:  0.0055 Loss dta_phys:  0.0074 Loss dta_preserve:  0.0052
Time:  0.0797 Epoch: 013 Iter:  250/ 600 LR: 0.0000383414 Loss content:  0.0170 Loss fft:  0.8154 Loss dta_rank:  0.6030 Loss dta_tv:  0.0287 Loss dta_proxy:  0.1928 Loss dta_trans:  0.0060 Loss dta_phys:  0.0064 Loss dta_preserve:  0.0039
Time:  0.0787 Epoch: 013 Iter:  300/ 600 LR: 0.0000383414 Loss content:  0.0176 Loss fft:  0.8512 Loss dta_rank:  0.6012 Loss dta_tv:  0.0300 Loss dta_proxy:  0.1949 Loss dta_trans:  0.0059 Loss dta_phys:  0.0063 Loss dta_preserve:  0.0060
Time:  0.0767 Epoch: 013 Iter:  350/ 600 LR: 0.0000383414 Loss content:  0.0169 Loss fft:  0.8211 Loss dta_rank:  0.6048 Loss dta_tv:  0.0292 Loss dta_proxy:  0.1891 Loss dta_trans:  0.0054 Loss dta_phys:  0.0067 Loss dta_preserve:  0.0057
Time:  0.0790 Epoch: 013 Iter:  400/ 600 LR: 0.0000383414 Loss content:  0.0177 Loss fft:  0.8342 Loss dta_rank:  0.6040 Loss dta_tv:  0.0288 Loss dta_proxy:  0.1967 Loss dta_trans:  0.0058 Loss dta_phys:  0.0069 Loss dta_preserve:  0.0054
Time:  0.0745 Epoch: 013 Iter:  450/ 600 LR: 0.0000383414 Loss content:  0.0174 Loss fft:  0.8224 Loss dta_rank:  0.6037 Loss dta_tv:  0.0295 Loss dta_proxy:  0.1902 Loss dta_trans:  0.0061 Loss dta_phys:  0.0057 Loss dta_preserve:  0.0045
Time:  0.0769 Epoch: 013 Iter:  500/ 600 LR: 0.0000383414 Loss content:  0.0168 Loss fft:  0.8312 Loss dta_rank:  0.6015 Loss dta_tv:  0.0290 Loss dta_proxy:  0.1897 Loss dta_trans:  0.0055 Loss dta_phys:  0.0067 Loss dta_preserve:  0.0043
Time:  0.0773 Epoch: 013 Iter:  550/ 600 LR: 0.0000383414 Loss content:  0.0171 Loss fft:  0.8343 Loss dta_rank:  0.6062 Loss dta_tv:  0.0293 Loss dta_proxy:  0.2015 Loss dta_trans:  0.0059 Loss dta_phys:  0.0069 Loss dta_preserve:  0.0057
Time:  0.0757 Epoch: 013 Iter:  600/ 600 LR: 0.0000383414 Loss content:  0.0168 Loss fft:  0.7937 Loss dta_rank:  0.6024 Loss dta_tv:  0.0277 Loss dta_proxy:  0.2017 Loss dta_trans:  0.0060 Loss dta_phys:  0.0062 Loss dta_preserve:  0.0059
EPOCH: 13
Elapsed time: 0.94 Epoch Pixel Loss:  0.0172 Epoch FFT Loss:  0.8247 Epoch DTA Rank:  0.6027 Epoch DTA TV:  0.0290 Epoch DTA Proxy:  0.1955 Epoch DTA Trans:  0.0058 Epoch DTA Phys:  0.0066 Epoch DTA Preserve:  0.0051
DTA_GATE_RAMP epoch=14 gate_limit=0.060000
Time:  0.0771 Epoch: 014 Iter:   50/ 600 LR: 0.0000297690 Loss content:  0.0164 Loss fft:  0.8040 Loss dta_rank:  0.6038 Loss dta_tv:  0.0288 Loss dta_proxy:  0.1970 Loss dta_trans:  0.0054 Loss dta_phys:  0.0066 Loss dta_preserve:  0.0048
Time:  0.0737 Epoch: 014 Iter:  100/ 600 LR: 0.0000297690 Loss content:  0.0168 Loss fft:  0.8055 Loss dta_rank:  0.5996 Loss dta_tv:  0.0288 Loss dta_proxy:  0.1952 Loss dta_trans:  0.0051 Loss dta_phys:  0.0067 Loss dta_preserve:  0.0044
Time:  0.0788 Epoch: 014 Iter:  150/ 600 LR: 0.0000297690 Loss content:  0.0173 Loss fft:  0.8248 Loss dta_rank:  0.6028 Loss dta_tv:  0.0294 Loss dta_proxy:  0.1824 Loss dta_trans:  0.0061 Loss dta_phys:  0.0067 Loss dta_preserve:  0.0043
Time:  0.0732 Epoch: 014 Iter:  200/ 600 LR: 0.0000297690 Loss content:  0.0164 Loss fft:  0.8216 Loss dta_rank:  0.6028 Loss dta_tv:  0.0296 Loss dta_proxy:  0.1955 Loss dta_trans:  0.0063 Loss dta_phys:  0.0070 Loss dta_preserve:  0.0050
Time:  0.0754 Epoch: 014 Iter:  250/ 600 LR: 0.0000297690 Loss content:  0.0166 Loss fft:  0.8133 Loss dta_rank:  0.6040 Loss dta_tv:  0.0291 Loss dta_proxy:  0.1912 Loss dta_trans:  0.0068 Loss dta_phys:  0.0073 Loss dta_preserve:  0.0063
Time:  0.0675 Epoch: 014 Iter:  300/ 600 LR: 0.0000297690 Loss content:  0.0173 Loss fft:  0.8038 Loss dta_rank:  0.6093 Loss dta_tv:  0.0282 Loss dta_proxy:  0.2024 Loss dta_trans:  0.0050 Loss dta_phys:  0.0065 Loss dta_preserve:  0.0047
Time:  0.0659 Epoch: 014 Iter:  350/ 600 LR: 0.0000297690 Loss content:  0.0167 Loss fft:  0.7945 Loss dta_rank:  0.6056 Loss dta_tv:  0.0295 Loss dta_proxy:  0.2002 Loss dta_trans:  0.0064 Loss dta_phys:  0.0069 Loss dta_preserve:  0.0046
Time:  0.0751 Epoch: 014 Iter:  400/ 600 LR: 0.0000297690 Loss content:  0.0175 Loss fft:  0.8125 Loss dta_rank:  0.6051 Loss dta_tv:  0.0294 Loss dta_proxy:  0.1951 Loss dta_trans:  0.0067 Loss dta_phys:  0.0069 Loss dta_preserve:  0.0045
Time:  0.0772 Epoch: 014 Iter:  450/ 600 LR: 0.0000297690 Loss content:  0.0180 Loss fft:  0.8642 Loss dta_rank:  0.6075 Loss dta_tv:  0.0295 Loss dta_proxy:  0.1974 Loss dta_trans:  0.0047 Loss dta_phys:  0.0063 Loss dta_preserve:  0.0057
Time:  0.0757 Epoch: 014 Iter:  500/ 600 LR: 0.0000297690 Loss content:  0.0178 Loss fft:  0.8351 Loss dta_rank:  0.6038 Loss dta_tv:  0.0295 Loss dta_proxy:  0.1888 Loss dta_trans:  0.0063 Loss dta_phys:  0.0063 Loss dta_preserve:  0.0062
Time:  0.0751 Epoch: 014 Iter:  550/ 600 LR: 0.0000297690 Loss content:  0.0168 Loss fft:  0.8044 Loss dta_rank:  0.6044 Loss dta_tv:  0.0285 Loss dta_proxy:  0.1997 Loss dta_trans:  0.0061 Loss dta_phys:  0.0066 Loss dta_preserve:  0.0049
Time:  0.0759 Epoch: 014 Iter:  600/ 600 LR: 0.0000297690 Loss content:  0.0171 Loss fft:  0.8276 Loss dta_rank:  0.5976 Loss dta_tv:  0.0290 Loss dta_proxy:  0.1970 Loss dta_trans:  0.0063 Loss dta_phys:  0.0063 Loss dta_preserve:  0.0054
EPOCH: 14
Elapsed time: 0.89 Epoch Pixel Loss:  0.0171 Epoch FFT Loss:  0.8176 Epoch DTA Rank:  0.6039 Epoch DTA TV:  0.0291 Epoch DTA Proxy:  0.1952 Epoch DTA Trans:  0.0059 Epoch DTA Phys:  0.0067 Epoch DTA Preserve:  0.0051
DTA_GATE_RAMP epoch=15 gate_limit=0.060000
Time:  0.0814 Epoch: 015 Iter:   50/ 600 LR: 0.0000219361 Loss content:  0.0183 Loss fft:  0.8171 Loss dta_rank:  0.6052 Loss dta_tv:  0.0287 Loss dta_proxy:  0.1947 Loss dta_trans:  0.0064 Loss dta_phys:  0.0065 Loss dta_preserve:  0.0052
Time:  0.0792 Epoch: 015 Iter:  100/ 600 LR: 0.0000219361 Loss content:  0.0169 Loss fft:  0.8370 Loss dta_rank:  0.6037 Loss dta_tv:  0.0296 Loss dta_proxy:  0.1935 Loss dta_trans:  0.0057 Loss dta_phys:  0.0068 Loss dta_preserve:  0.0044
Time:  0.0730 Epoch: 015 Iter:  150/ 600 LR: 0.0000219361 Loss content:  0.0174 Loss fft:  0.8526 Loss dta_rank:  0.6012 Loss dta_tv:  0.0295 Loss dta_proxy:  0.1935 Loss dta_trans:  0.0060 Loss dta_phys:  0.0070 Loss dta_preserve:  0.0046
Time:  0.0780 Epoch: 015 Iter:  200/ 600 LR: 0.0000219361 Loss content:  0.0169 Loss fft:  0.8258 Loss dta_rank:  0.5968 Loss dta_tv:  0.0286 Loss dta_proxy:  0.1938 Loss dta_trans:  0.0058 Loss dta_phys:  0.0072 Loss dta_preserve:  0.0047
Time:  0.0760 Epoch: 015 Iter:  250/ 600 LR: 0.0000219361 Loss content:  0.0171 Loss fft:  0.8114 Loss dta_rank:  0.6044 Loss dta_tv:  0.0290 Loss dta_proxy:  0.1961 Loss dta_trans:  0.0063 Loss dta_phys:  0.0068 Loss dta_preserve:  0.0046
Time:  0.0773 Epoch: 015 Iter:  300/ 600 LR: 0.0000219361 Loss content:  0.0170 Loss fft:  0.8055 Loss dta_rank:  0.6059 Loss dta_tv:  0.0282 Loss dta_proxy:  0.2025 Loss dta_trans:  0.0053 Loss dta_phys:  0.0064 Loss dta_preserve:  0.0085
Time:  0.0742 Epoch: 015 Iter:  350/ 600 LR: 0.0000219361 Loss content:  0.0174 Loss fft:  0.8003 Loss dta_rank:  0.6026 Loss dta_tv:  0.0284 Loss dta_proxy:  0.1982 Loss dta_trans:  0.0056 Loss dta_phys:  0.0075 Loss dta_preserve:  0.0073
Time:  0.0749 Epoch: 015 Iter:  400/ 600 LR: 0.0000219361 Loss content:  0.0175 Loss fft:  0.8222 Loss dta_rank:  0.6052 Loss dta_tv:  0.0292 Loss dta_proxy:  0.1943 Loss dta_trans:  0.0066 Loss dta_phys:  0.0069 Loss dta_preserve:  0.0052
Time:  0.0767 Epoch: 015 Iter:  450/ 600 LR: 0.0000219361 Loss content:  0.0170 Loss fft:  0.8258 Loss dta_rank:  0.5976 Loss dta_tv:  0.0290 Loss dta_proxy:  0.1968 Loss dta_trans:  0.0050 Loss dta_phys:  0.0059 Loss dta_preserve:  0.0056
Time:  0.0754 Epoch: 015 Iter:  500/ 600 LR: 0.0000219361 Loss content:  0.0173 Loss fft:  0.8674 Loss dta_rank:  0.5963 Loss dta_tv:  0.0292 Loss dta_proxy:  0.1937 Loss dta_trans:  0.0053 Loss dta_phys:  0.0058 Loss dta_preserve:  0.0036
Time:  0.0765 Epoch: 015 Iter:  550/ 600 LR: 0.0000219361 Loss content:  0.0173 Loss fft:  0.8111 Loss dta_rank:  0.6025 Loss dta_tv:  0.0294 Loss dta_proxy:  0.1934 Loss dta_trans:  0.0058 Loss dta_phys:  0.0065 Loss dta_preserve:  0.0060
Time:  0.0694 Epoch: 015 Iter:  600/ 600 LR: 0.0000219361 Loss content:  0.0169 Loss fft:  0.8051 Loss dta_rank:  0.6059 Loss dta_tv:  0.0285 Loss dta_proxy:  0.2013 Loss dta_trans:  0.0062 Loss dta_phys:  0.0068 Loss dta_preserve:  0.0052
EPOCH: 15
Elapsed time: 0.92 Epoch Pixel Loss:  0.0172 Epoch FFT Loss:  0.8234 Epoch DTA Rank:  0.6023 Epoch DTA TV:  0.0289 Epoch DTA Proxy:  0.1960 Epoch DTA Trans:  0.0058 Epoch DTA Phys:  0.0067 Epoch DTA Preserve:  0.0054
DTA_GATE_RAMP epoch=16 gate_limit=0.060000
Time:  0.0791 Epoch: 016 Iter:   50/ 600 LR: 0.0000151017 Loss content:  0.0160 Loss fft:  0.7779 Loss dta_rank:  0.6032 Loss dta_tv:  0.0295 Loss dta_proxy:  0.1928 Loss dta_trans:  0.0072 Loss dta_phys:  0.0067 Loss dta_preserve:  0.0047
Time:  0.0703 Epoch: 016 Iter:  100/ 600 LR: 0.0000151017 Loss content:  0.0178 Loss fft:  0.8285 Loss dta_rank:  0.6004 Loss dta_tv:  0.0279 Loss dta_proxy:  0.2099 Loss dta_trans:  0.0048 Loss dta_phys:  0.0068 Loss dta_preserve:  0.0050
Time:  0.0789 Epoch: 016 Iter:  150/ 600 LR: 0.0000151017 Loss content:  0.0179 Loss fft:  0.8511 Loss dta_rank:  0.6005 Loss dta_tv:  0.0286 Loss dta_proxy:  0.1998 Loss dta_trans:  0.0054 Loss dta_phys:  0.0062 Loss dta_preserve:  0.0072
Time:  0.0764 Epoch: 016 Iter:  200/ 600 LR: 0.0000151017 Loss content:  0.0170 Loss fft:  0.8072 Loss dta_rank:  0.6024 Loss dta_tv:  0.0290 Loss dta_proxy:  0.1932 Loss dta_trans:  0.0068 Loss dta_phys:  0.0064 Loss dta_preserve:  0.0048
Time:  0.0771 Epoch: 016 Iter:  250/ 600 LR: 0.0000151017 Loss content:  0.0167 Loss fft:  0.8122 Loss dta_rank:  0.6054 Loss dta_tv:  0.0294 Loss dta_proxy:  0.1953 Loss dta_trans:  0.0059 Loss dta_phys:  0.0064 Loss dta_preserve:  0.0039
Time:  0.0790 Epoch: 016 Iter:  300/ 600 LR: 0.0000151017 Loss content:  0.0177 Loss fft:  0.8405 Loss dta_rank:  0.6030 Loss dta_tv:  0.0296 Loss dta_proxy:  0.1945 Loss dta_trans:  0.0055 Loss dta_phys:  0.0064 Loss dta_preserve:  0.0045
Time:  0.0767 Epoch: 016 Iter:  350/ 600 LR: 0.0000151017 Loss content:  0.0171 Loss fft:  0.8351 Loss dta_rank:  0.6074 Loss dta_tv:  0.0296 Loss dta_proxy:  0.1983 Loss dta_trans:  0.0063 Loss dta_phys:  0.0066 Loss dta_preserve:  0.0042
Time:  0.0795 Epoch: 016 Iter:  400/ 600 LR: 0.0000151017 Loss content:  0.0174 Loss fft:  0.8104 Loss dta_rank:  0.6051 Loss dta_tv:  0.0286 Loss dta_proxy:  0.2045 Loss dta_trans:  0.0057 Loss dta_phys:  0.0064 Loss dta_preserve:  0.0050
Time:  0.0780 Epoch: 016 Iter:  450/ 600 LR: 0.0000151017 Loss content:  0.0167 Loss fft:  0.8130 Loss dta_rank:  0.6010 Loss dta_tv:  0.0299 Loss dta_proxy:  0.1823 Loss dta_trans:  0.0055 Loss dta_phys:  0.0065 Loss dta_preserve:  0.0049
Time:  0.0813 Epoch: 016 Iter:  500/ 600 LR: 0.0000151017 Loss content:  0.0166 Loss fft:  0.8259 Loss dta_rank:  0.6029 Loss dta_tv:  0.0287 Loss dta_proxy:  0.1982 Loss dta_trans:  0.0055 Loss dta_phys:  0.0071 Loss dta_preserve:  0.0042
Time:  0.0769 Epoch: 016 Iter:  550/ 600 LR: 0.0000151017 Loss content:  0.0177 Loss fft:  0.8072 Loss dta_rank:  0.6020 Loss dta_tv:  0.0287 Loss dta_proxy:  0.1943 Loss dta_trans:  0.0061 Loss dta_phys:  0.0068 Loss dta_preserve:  0.0044
Time:  0.0729 Epoch: 016 Iter:  600/ 600 LR: 0.0000151017 Loss content:  0.0173 Loss fft:  0.8422 Loss dta_rank:  0.6020 Loss dta_tv:  0.0283 Loss dta_proxy:  0.2008 Loss dta_trans:  0.0047 Loss dta_phys:  0.0066 Loss dta_preserve:  0.0058
EPOCH: 16
Elapsed time: 0.93 Epoch Pixel Loss:  0.0171 Epoch FFT Loss:  0.8209 Epoch DTA Rank:  0.6029 Epoch DTA TV:  0.0290 Epoch DTA Proxy:  0.1970 Epoch DTA Trans:  0.0058 Epoch DTA Phys:  0.0066 Epoch DTA Preserve:  0.0049
DTA_GATE_RAMP epoch=17 gate_limit=0.060000
Time:  0.0828 Epoch: 017 Iter:   50/ 600 LR: 0.0000094853 Loss content:  0.0164 Loss fft:  0.8118 Loss dta_rank:  0.6013 Loss dta_tv:  0.0285 Loss dta_proxy:  0.1982 Loss dta_trans:  0.0057 Loss dta_phys:  0.0068 Loss dta_preserve:  0.0047
Time:  0.0777 Epoch: 017 Iter:  100/ 600 LR: 0.0000094853 Loss content:  0.0171 Loss fft:  0.8089 Loss dta_rank:  0.5981 Loss dta_tv:  0.0295 Loss dta_proxy:  0.1879 Loss dta_trans:  0.0057 Loss dta_phys:  0.0064 Loss dta_preserve:  0.0059
Time:  0.0772 Epoch: 017 Iter:  150/ 600 LR: 0.0000094853 Loss content:  0.0179 Loss fft:  0.8107 Loss dta_rank:  0.6003 Loss dta_tv:  0.0281 Loss dta_proxy:  0.2039 Loss dta_trans:  0.0050 Loss dta_phys:  0.0069 Loss dta_preserve:  0.0047
Time:  0.0678 Epoch: 017 Iter:  200/ 600 LR: 0.0000094853 Loss content:  0.0170 Loss fft:  0.8231 Loss dta_rank:  0.6008 Loss dta_tv:  0.0288 Loss dta_proxy:  0.1948 Loss dta_trans:  0.0055 Loss dta_phys:  0.0065 Loss dta_preserve:  0.0051
Time:  0.0679 Epoch: 017 Iter:  250/ 600 LR: 0.0000094853 Loss content:  0.0167 Loss fft:  0.8089 Loss dta_rank:  0.6048 Loss dta_tv:  0.0296 Loss dta_proxy:  0.1919 Loss dta_trans:  0.0061 Loss dta_phys:  0.0064 Loss dta_preserve:  0.0049
Time:  0.0666 Epoch: 017 Iter:  300/ 600 LR: 0.0000094853 Loss content:  0.0177 Loss fft:  0.8308 Loss dta_rank:  0.6022 Loss dta_tv:  0.0291 Loss dta_proxy:  0.1945 Loss dta_trans:  0.0054 Loss dta_phys:  0.0066 Loss dta_preserve:  0.0056
Time:  0.0748 Epoch: 017 Iter:  350/ 600 LR: 0.0000094853 Loss content:  0.0179 Loss fft:  0.8354 Loss dta_rank:  0.6074 Loss dta_tv:  0.0284 Loss dta_proxy:  0.1972 Loss dta_trans:  0.0062 Loss dta_phys:  0.0064 Loss dta_preserve:  0.0066
Time:  0.0767 Epoch: 017 Iter:  400/ 600 LR: 0.0000094853 Loss content:  0.0171 Loss fft:  0.8308 Loss dta_rank:  0.6049 Loss dta_tv:  0.0292 Loss dta_proxy:  0.1975 Loss dta_trans:  0.0052 Loss dta_phys:  0.0068 Loss dta_preserve:  0.0045
Time:  0.0769 Epoch: 017 Iter:  450/ 600 LR: 0.0000094853 Loss content:  0.0171 Loss fft:  0.8345 Loss dta_rank:  0.5985 Loss dta_tv:  0.0287 Loss dta_proxy:  0.1991 Loss dta_trans:  0.0063 Loss dta_phys:  0.0067 Loss dta_preserve:  0.0050
Time:  0.0798 Epoch: 017 Iter:  500/ 600 LR: 0.0000094853 Loss content:  0.0168 Loss fft:  0.8276 Loss dta_rank:  0.6091 Loss dta_tv:  0.0284 Loss dta_proxy:  0.2070 Loss dta_trans:  0.0059 Loss dta_phys:  0.0064 Loss dta_preserve:  0.0047
Time:  0.0751 Epoch: 017 Iter:  550/ 600 LR: 0.0000094853 Loss content:  0.0172 Loss fft:  0.8202 Loss dta_rank:  0.6063 Loss dta_tv:  0.0297 Loss dta_proxy:  0.1887 Loss dta_trans:  0.0053 Loss dta_phys:  0.0066 Loss dta_preserve:  0.0051
Time:  0.0722 Epoch: 017 Iter:  600/ 600 LR: 0.0000094853 Loss content:  0.0171 Loss fft:  0.7713 Loss dta_rank:  0.6065 Loss dta_tv:  0.0292 Loss dta_proxy:  0.1940 Loss dta_trans:  0.0063 Loss dta_phys:  0.0072 Loss dta_preserve:  0.0054
EPOCH: 17
Elapsed time: 0.90 Epoch Pixel Loss:  0.0172 Epoch FFT Loss:  0.8178 Epoch DTA Rank:  0.6034 Epoch DTA TV:  0.0289 Epoch DTA Proxy:  0.1962 Epoch DTA Trans:  0.0057 Epoch DTA Phys:  0.0066 Epoch DTA Preserve:  0.0052
DTA_GATE_RAMP epoch=18 gate_limit=0.060000
Time:  0.0837 Epoch: 018 Iter:   50/ 600 LR: 0.0000052550 Loss content:  0.0169 Loss fft:  0.8184 Loss dta_rank:  0.6011 Loss dta_tv:  0.0291 Loss dta_proxy:  0.1890 Loss dta_trans:  0.0056 Loss dta_phys:  0.0071 Loss dta_preserve:  0.0060
Time:  0.0763 Epoch: 018 Iter:  100/ 600 LR: 0.0000052550 Loss content:  0.0176 Loss fft:  0.8230 Loss dta_rank:  0.6027 Loss dta_tv:  0.0286 Loss dta_proxy:  0.2026 Loss dta_trans:  0.0056 Loss dta_phys:  0.0070 Loss dta_preserve:  0.0040
Time:  0.0762 Epoch: 018 Iter:  150/ 600 LR: 0.0000052550 Loss content:  0.0167 Loss fft:  0.8207 Loss dta_rank:  0.6000 Loss dta_tv:  0.0290 Loss dta_proxy:  0.1889 Loss dta_trans:  0.0051 Loss dta_phys:  0.0070 Loss dta_preserve:  0.0038
Time:  0.0762 Epoch: 018 Iter:  200/ 600 LR: 0.0000052550 Loss content:  0.0173 Loss fft:  0.8291 Loss dta_rank:  0.6031 Loss dta_tv:  0.0291 Loss dta_proxy:  0.1992 Loss dta_trans:  0.0051 Loss dta_phys:  0.0061 Loss dta_preserve:  0.0044
Time:  0.0822 Epoch: 018 Iter:  250/ 600 LR: 0.0000052550 Loss content:  0.0176 Loss fft:  0.8571 Loss dta_rank:  0.6010 Loss dta_tv:  0.0293 Loss dta_proxy:  0.1970 Loss dta_trans:  0.0059 Loss dta_phys:  0.0059 Loss dta_preserve:  0.0047
Time:  0.0759 Epoch: 018 Iter:  300/ 600 LR: 0.0000052550 Loss content:  0.0169 Loss fft:  0.8082 Loss dta_rank:  0.6037 Loss dta_tv:  0.0289 Loss dta_proxy:  0.1962 Loss dta_trans:  0.0049 Loss dta_phys:  0.0067 Loss dta_preserve:  0.0046
Time:  0.0708 Epoch: 018 Iter:  350/ 600 LR: 0.0000052550 Loss content:  0.0169 Loss fft:  0.7968 Loss dta_rank:  0.6047 Loss dta_tv:  0.0287 Loss dta_proxy:  0.1967 Loss dta_trans:  0.0054 Loss dta_phys:  0.0071 Loss dta_preserve:  0.0057
Time:  0.0792 Epoch: 018 Iter:  400/ 600 LR: 0.0000052550 Loss content:  0.0178 Loss fft:  0.8312 Loss dta_rank:  0.6082 Loss dta_tv:  0.0287 Loss dta_proxy:  0.2017 Loss dta_trans:  0.0063 Loss dta_phys:  0.0068 Loss dta_preserve:  0.0064
Time:  0.0800 Epoch: 018 Iter:  450/ 600 LR: 0.0000052550 Loss content:  0.0174 Loss fft:  0.8339 Loss dta_rank:  0.6001 Loss dta_tv:  0.0287 Loss dta_proxy:  0.1898 Loss dta_trans:  0.0055 Loss dta_phys:  0.0066 Loss dta_preserve:  0.0053
Time:  0.0777 Epoch: 018 Iter:  500/ 600 LR: 0.0000052550 Loss content:  0.0174 Loss fft:  0.8003 Loss dta_rank:  0.6074 Loss dta_tv:  0.0287 Loss dta_proxy:  0.1974 Loss dta_trans:  0.0069 Loss dta_phys:  0.0063 Loss dta_preserve:  0.0046
Time:  0.0807 Epoch: 018 Iter:  550/ 600 LR: 0.0000052550 Loss content:  0.0173 Loss fft:  0.8084 Loss dta_rank:  0.6085 Loss dta_tv:  0.0281 Loss dta_proxy:  0.2072 Loss dta_trans:  0.0059 Loss dta_phys:  0.0069 Loss dta_preserve:  0.0047
Time:  0.0794 Epoch: 018 Iter:  600/ 600 LR: 0.0000052550 Loss content:  0.0169 Loss fft:  0.8310 Loss dta_rank:  0.6026 Loss dta_tv:  0.0285 Loss dta_proxy:  0.1960 Loss dta_trans:  0.0058 Loss dta_phys:  0.0060 Loss dta_preserve:  0.0056
EPOCH: 18
Elapsed time: 0.94 Epoch Pixel Loss:  0.0172 Epoch FFT Loss:  0.8215 Epoch DTA Rank:  0.6036 Epoch DTA TV:  0.0288 Epoch DTA Proxy:  0.1968 Epoch DTA Trans:  0.0057 Epoch DTA Phys:  0.0066 Epoch DTA Preserve:  0.0050
DTA_GATE_RAMP epoch=19 gate_limit=0.060000
Time:  0.0786 Epoch: 019 Iter:   50/ 600 LR: 0.0000025070 Loss content:  0.0168 Loss fft:  0.8314 Loss dta_rank:  0.6019 Loss dta_tv:  0.0292 Loss dta_proxy:  0.1956 Loss dta_trans:  0.0060 Loss dta_phys:  0.0064 Loss dta_preserve:  0.0045
Time:  0.0757 Epoch: 019 Iter:  100/ 600 LR: 0.0000025070 Loss content:  0.0174 Loss fft:  0.8379 Loss dta_rank:  0.6039 Loss dta_tv:  0.0286 Loss dta_proxy:  0.2004 Loss dta_trans:  0.0055 Loss dta_phys:  0.0066 Loss dta_preserve:  0.0050
Time:  0.0737 Epoch: 019 Iter:  150/ 600 LR: 0.0000025070 Loss content:  0.0174 Loss fft:  0.8182 Loss dta_rank:  0.6057 Loss dta_tv:  0.0292 Loss dta_proxy:  0.1922 Loss dta_trans:  0.0071 Loss dta_phys:  0.0076 Loss dta_preserve:  0.0043
Time:  0.0784 Epoch: 019 Iter:  200/ 600 LR: 0.0000025070 Loss content:  0.0169 Loss fft:  0.8135 Loss dta_rank:  0.6029 Loss dta_tv:  0.0286 Loss dta_proxy:  0.2063 Loss dta_trans:  0.0058 Loss dta_phys:  0.0068 Loss dta_preserve:  0.0065
Time:  0.0741 Epoch: 019 Iter:  250/ 600 LR: 0.0000025070 Loss content:  0.0174 Loss fft:  0.8292 Loss dta_rank:  0.6030 Loss dta_tv:  0.0280 Loss dta_proxy:  0.2019 Loss dta_trans:  0.0052 Loss dta_phys:  0.0066 Loss dta_preserve:  0.0057
Time:  0.0781 Epoch: 019 Iter:  300/ 600 LR: 0.0000025070 Loss content:  0.0170 Loss fft:  0.7970 Loss dta_rank:  0.6071 Loss dta_tv:  0.0293 Loss dta_proxy:  0.1954 Loss dta_trans:  0.0060 Loss dta_phys:  0.0059 Loss dta_preserve:  0.0050
Time:  0.0806 Epoch: 019 Iter:  350/ 600 LR: 0.0000025070 Loss content:  0.0170 Loss fft:  0.7938 Loss dta_rank:  0.6033 Loss dta_tv:  0.0293 Loss dta_proxy:  0.1921 Loss dta_trans:  0.0059 Loss dta_phys:  0.0062 Loss dta_preserve:  0.0056
Time:  0.0804 Epoch: 019 Iter:  400/ 600 LR: 0.0000025070 Loss content:  0.0178 Loss fft:  0.8128 Loss dta_rank:  0.6066 Loss dta_tv:  0.0281 Loss dta_proxy:  0.2109 Loss dta_trans:  0.0053 Loss dta_phys:  0.0068 Loss dta_preserve:  0.0059
Time:  0.0793 Epoch: 019 Iter:  450/ 600 LR: 0.0000025070 Loss content:  0.0161 Loss fft:  0.8141 Loss dta_rank:  0.5998 Loss dta_tv:  0.0291 Loss dta_proxy:  0.1878 Loss dta_trans:  0.0050 Loss dta_phys:  0.0065 Loss dta_preserve:  0.0051
Time:  0.0755 Epoch: 019 Iter:  500/ 600 LR: 0.0000025070 Loss content:  0.0174 Loss fft:  0.8407 Loss dta_rank:  0.6007 Loss dta_tv:  0.0289 Loss dta_proxy:  0.1961 Loss dta_trans:  0.0058 Loss dta_phys:  0.0064 Loss dta_preserve:  0.0035
Time:  0.0775 Epoch: 019 Iter:  550/ 600 LR: 0.0000025070 Loss content:  0.0175 Loss fft:  0.8285 Loss dta_rank:  0.6056 Loss dta_tv:  0.0285 Loss dta_proxy:  0.1997 Loss dta_trans:  0.0065 Loss dta_phys:  0.0068 Loss dta_preserve:  0.0059
Time:  0.0770 Epoch: 019 Iter:  600/ 600 LR: 0.0000025070 Loss content:  0.0169 Loss fft:  0.8297 Loss dta_rank:  0.6003 Loss dta_tv:  0.0290 Loss dta_proxy:  0.1963 Loss dta_trans:  0.0056 Loss dta_phys:  0.0067 Loss dta_preserve:  0.0053
EPOCH: 19
Elapsed time: 0.93 Epoch Pixel Loss:  0.0171 Epoch FFT Loss:  0.8206 Epoch DTA Rank:  0.6034 Epoch DTA TV:  0.0288 Epoch DTA Proxy:  0.1979 Epoch DTA Trans:  0.0058 Epoch DTA Phys:  0.0066 Epoch DTA Preserve:  0.0052
DTA_GATE_RAMP epoch=20 gate_limit=0.060000
Time:  0.0807 Epoch: 020 Iter:   50/ 600 LR: 0.0000012125 Loss content:  0.0171 Loss fft:  0.7937 Loss dta_rank:  0.6030 Loss dta_tv:  0.0292 Loss dta_proxy:  0.1952 Loss dta_trans:  0.0068 Loss dta_phys:  0.0072 Loss dta_preserve:  0.0047
Time:  0.0761 Epoch: 020 Iter:  100/ 600 LR: 0.0000012125 Loss content:  0.0163 Loss fft:  0.8082 Loss dta_rank:  0.6066 Loss dta_tv:  0.0292 Loss dta_proxy:  0.2041 Loss dta_trans:  0.0058 Loss dta_phys:  0.0066 Loss dta_preserve:  0.0049
Time:  0.0686 Epoch: 020 Iter:  150/ 600 LR: 0.0000012125 Loss content:  0.0168 Loss fft:  0.8246 Loss dta_rank:  0.5959 Loss dta_tv:  0.0286 Loss dta_proxy:  0.1929 Loss dta_trans:  0.0054 Loss dta_phys:  0.0066 Loss dta_preserve:  0.0045
Time:  0.0729 Epoch: 020 Iter:  200/ 600 LR: 0.0000012125 Loss content:  0.0176 Loss fft:  0.8631 Loss dta_rank:  0.6031 Loss dta_tv:  0.0296 Loss dta_proxy:  0.1960 Loss dta_trans:  0.0050 Loss dta_phys:  0.0066 Loss dta_preserve:  0.0045
Time:  0.0756 Epoch: 020 Iter:  250/ 600 LR: 0.0000012125 Loss content:  0.0179 Loss fft:  0.8271 Loss dta_rank:  0.6050 Loss dta_tv:  0.0281 Loss dta_proxy:  0.2057 Loss dta_trans:  0.0053 Loss dta_phys:  0.0070 Loss dta_preserve:  0.0060
Time:  0.0717 Epoch: 020 Iter:  300/ 600 LR: 0.0000012125 Loss content:  0.0167 Loss fft:  0.7929 Loss dta_rank:  0.6058 Loss dta_tv:  0.0296 Loss dta_proxy:  0.1920 Loss dta_trans:  0.0066 Loss dta_phys:  0.0062 Loss dta_preserve:  0.0042
Time:  0.0671 Epoch: 020 Iter:  350/ 600 LR: 0.0000012125 Loss content:  0.0166 Loss fft:  0.8219 Loss dta_rank:  0.6088 Loss dta_tv:  0.0289 Loss dta_proxy:  0.2006 Loss dta_trans:  0.0054 Loss dta_phys:  0.0066 Loss dta_preserve:  0.0045
Time:  0.0690 Epoch: 020 Iter:  400/ 600 LR: 0.0000012125 Loss content:  0.0166 Loss fft:  0.8114 Loss dta_rank:  0.6006 Loss dta_tv:  0.0288 Loss dta_proxy:  0.1973 Loss dta_trans:  0.0061 Loss dta_phys:  0.0070 Loss dta_preserve:  0.0063
Time:  0.0665 Epoch: 020 Iter:  450/ 600 LR: 0.0000012125 Loss content:  0.0173 Loss fft:  0.8294 Loss dta_rank:  0.5985 Loss dta_tv:  0.0288 Loss dta_proxy:  0.1985 Loss dta_trans:  0.0057 Loss dta_phys:  0.0061 Loss dta_preserve:  0.0046
Time:  0.0739 Epoch: 020 Iter:  500/ 600 LR: 0.0000012125 Loss content:  0.0173 Loss fft:  0.8169 Loss dta_rank:  0.5970 Loss dta_tv:  0.0287 Loss dta_proxy:  0.1949 Loss dta_trans:  0.0052 Loss dta_phys:  0.0074 Loss dta_preserve:  0.0065
Time:  0.0734 Epoch: 020 Iter:  550/ 600 LR: 0.0000012125 Loss content:  0.0173 Loss fft:  0.8151 Loss dta_rank:  0.6116 Loss dta_tv:  0.0290 Loss dta_proxy:  0.1973 Loss dta_trans:  0.0055 Loss dta_phys:  0.0066 Loss dta_preserve:  0.0046
Time:  0.0718 Epoch: 020 Iter:  600/ 600 LR: 0.0000012125 Loss content:  0.0176 Loss fft:  0.8230 Loss dta_rank:  0.6061 Loss dta_tv:  0.0294 Loss dta_proxy:  0.1953 Loss dta_trans:  0.0066 Loss dta_phys:  0.0066 Loss dta_preserve:  0.0053
EPOCH: 20
Elapsed time: 0.88 Epoch Pixel Loss:  0.0171 Epoch FFT Loss:  0.8190 Epoch DTA Rank:  0.6035 Epoch DTA TV:  0.0290 Epoch DTA Proxy:  0.1975 Epoch DTA Trans:  0.0058 Epoch DTA Phys:  0.0067 Epoch DTA Preserve:  0.0050
