Namespace(model_name='ConvIR-Haze4K-DTA-v2-adapter_only-shuffle-seed3411-f2-oof20', data='Haze4K', version='base', fam_mode='original', arch='dta_v2', seed=3411, mode='train', data_dir='/sda/home/wangyuxin/ConvIR-B/datasets/Haze4K/Haze4K', batch_size=4, learning_rate=0.0001, weight_decay=0.0, num_epoch=20, stop_epoch=20, print_freq=50, num_worker=4, save_freq=5, valid_freq=9999, mod_stats_freq=5, mod_stats_batches=16, grad_clip_norm=0.001, dta_grad_clip_norm=0.05, dta_neighbor_grad_clip_norm=0.005, init_model='/sda/home/wangyuxin/ConvIR-B/checkpoints/official/Haze4K/haze4k-base.pkl', init_model_partial=True, partial_new_prefixes='DTA.', resume='', train_scope='adapter_only', dta_depth_cache_dir='/sda/home/wangyuxin/ConvIR-B/depth_cache/depth_anything_v2_small_hf', dta_train_depth_split='train', dta_eval_depth_split='train', valid_root_split='train', eval_root_split='test', dta_require_depth=True, dta_variant='v2', dta_depth_mode='shuffle', dta_prior_channels=32, dta_gate_bias=-6.0, dta_gate_limit=0.06, dta_gamma_limit=0.12, dta_beta_limit=0.06, dta_alpha_init=1.0, dta_confidence_floor=0.25, dta_confidence_local_scale=6.0, dta_output_residual_scale=0.03, dta_use_trans_gt=True, dta_trans_weight=0.02, dta_phys_weight=0.005, dta_preserve_weight=0.02, dta_preserve_trans_thresh=0.8, dta_gate_ramp_start=0.01, dta_gate_ramp_mid=0.03, dta_gate_ramp_end=0.06, dta_gate_ramp_warmup_epochs=2, dta_gate_ramp_mid_epochs=8, dta_rank_weight=0.001, dta_tv_weight=0.0001, dta_proxy_weight=0.0, dta_rank_pairs=512, dta_rank_min_depth_gap=0.03, split_json='/sda/home/wangyuxin/ConvIR-B/repos/ConvIR-B-dta-v2-calibrated/experience_docx/experiment_logs/haze4k_dta_v2_calibrated_20260611/dta_v2_haze4k_oof_splits_seed3407.json', split_name='fold2_train', test_model='', save_image=False, leaning_rate=0.0001, model_save_dir='results/ConvIR-Haze4K-DTA-v2-adapter_only-shuffle-seed3411-f2-oof20/Training-Results/', result_dir='results/ConvIR-Haze4K-DTA-v2-adapter_only-shuffle-seed3411-f2-oof20/images/Haze4K', init_model_sha256='6f42037d57a4e3de3a10ac0ab909d66a3415864a19433c29204a975f4efa4088')
/sda/home/wangyuxin/ConvIR-B/repos/ConvIR-B-dta-v2-calibrated/Dehazing/ITS/main.py:14: FutureWarning: You are using `torch.load` with `weights_only=False` (the current default value), which uses the default pickle module implicitly. It is possible to construct malicious pickle data which will execute arbitrary code during unpickling (See https://github.com/pytorch/pytorch/blob/main/SECURITY.md#untrusted-models for more details). In a future release, the default value for `weights_only` will be flipped to `True`. This limits the functions that could be executed during unpickling. Arbitrary objects will no longer be allowed to be loaded via this mode unless they are explicitly allowlisted by the user via `torch.serialization.add_safe_globals`. We recommend you start setting `weights_only=True` for any use case where you don't have full control of the loaded file. Please open an issue on GitHub for any issues related to this experimental feature.
  state = torch.load(path, map_location=map_location)
INIT_MODEL_PARTIAL_LOAD path=/sda/home/wangyuxin/ConvIR-B/checkpoints/official/Haze4K/haze4k-base.pkl loaded=602 missing_allowed=25 unexpected=[] allowed_new_prefixes=('DTA.',)
TRAIN_SCOPE scope=adapter_only arch=dta_v2 trainable=74699 total=8705364
/sda/home/wangyuxin/ConvIR-B/envs/convir-cu121/lib/python3.10/site-packages/torch/optim/lr_scheduler.py:224: UserWarning: Detected call of `lr_scheduler.step()` before `optimizer.step()`. In PyTorch 1.1.0 and later, you should call them in the opposite order: `optimizer.step()` before `lr_scheduler.step()`.  Failure to do this will result in PyTorch skipping the first value of the learning rate schedule. See more details at https://pytorch.org/docs/stable/optim.html#how-to-adjust-learning-rate
  warnings.warn(
DTA_GATE_RAMP epoch=1 gate_limit=0.010000
Time:  0.1095 Epoch: 001 Iter:   50/ 600 LR: 0.0000333333 Loss content:  0.0168 Loss fft:  0.8414 Loss dta_rank:  0.6935 Loss dta_tv:  0.0030 Loss dta_proxy:  0.2766 Loss dta_trans:  0.0419 Loss dta_phys:  0.0069 Loss dta_preserve:  0.0035
Time:  0.0837 Epoch: 001 Iter:  100/ 600 LR: 0.0000333333 Loss content:  0.0176 Loss fft:  0.8016 Loss dta_rank:  0.6955 Loss dta_tv:  0.0096 Loss dta_proxy:  0.3151 Loss dta_trans:  0.0338 Loss dta_phys:  0.0086 Loss dta_preserve:  0.0053
Time:  0.0788 Epoch: 001 Iter:  150/ 600 LR: 0.0000333333 Loss content:  0.0171 Loss fft:  0.8410 Loss dta_rank:  0.6996 Loss dta_tv:  0.0149 Loss dta_proxy:  0.3580 Loss dta_trans:  0.0294 Loss dta_phys:  0.0090 Loss dta_preserve:  0.0055
Time:  0.0946 Epoch: 001 Iter:  200/ 600 LR: 0.0000333333 Loss content:  0.0165 Loss fft:  0.8045 Loss dta_rank:  0.7071 Loss dta_tv:  0.0203 Loss dta_proxy:  0.3586 Loss dta_trans:  0.0239 Loss dta_phys:  0.0090 Loss dta_preserve:  0.0049
Time:  0.0921 Epoch: 001 Iter:  250/ 600 LR: 0.0000333333 Loss content:  0.0171 Loss fft:  0.8111 Loss dta_rank:  0.7099 Loss dta_tv:  0.0267 Loss dta_proxy:  0.3729 Loss dta_trans:  0.0183 Loss dta_phys:  0.0067 Loss dta_preserve:  0.0051
Time:  0.0838 Epoch: 001 Iter:  300/ 600 LR: 0.0000333333 Loss content:  0.0172 Loss fft:  0.8187 Loss dta_rank:  0.7185 Loss dta_tv:  0.0310 Loss dta_proxy:  0.4099 Loss dta_trans:  0.0151 Loss dta_phys:  0.0062 Loss dta_preserve:  0.0060
Time:  0.0846 Epoch: 001 Iter:  350/ 600 LR: 0.0000333333 Loss content:  0.0173 Loss fft:  0.7914 Loss dta_rank:  0.7215 Loss dta_tv:  0.0340 Loss dta_proxy:  0.4095 Loss dta_trans:  0.0131 Loss dta_phys:  0.0068 Loss dta_preserve:  0.0057
Time:  0.0864 Epoch: 001 Iter:  400/ 600 LR: 0.0000333333 Loss content:  0.0170 Loss fft:  0.8126 Loss dta_rank:  0.7250 Loss dta_tv:  0.0361 Loss dta_proxy:  0.4113 Loss dta_trans:  0.0119 Loss dta_phys:  0.0063 Loss dta_preserve:  0.0045
Time:  0.0911 Epoch: 001 Iter:  450/ 600 LR: 0.0000333333 Loss content:  0.0175 Loss fft:  0.8251 Loss dta_rank:  0.7274 Loss dta_tv:  0.0388 Loss dta_proxy:  0.4059 Loss dta_trans:  0.0105 Loss dta_phys:  0.0083 Loss dta_preserve:  0.0052
Time:  0.0885 Epoch: 001 Iter:  500/ 600 LR: 0.0000333333 Loss content:  0.0171 Loss fft:  0.8305 Loss dta_rank:  0.7343 Loss dta_tv:  0.0377 Loss dta_proxy:  0.4288 Loss dta_trans:  0.0117 Loss dta_phys:  0.0073 Loss dta_preserve:  0.0053
Time:  0.0742 Epoch: 001 Iter:  550/ 600 LR: 0.0000333333 Loss content:  0.0170 Loss fft:  0.8284 Loss dta_rank:  0.7324 Loss dta_tv:  0.0366 Loss dta_proxy:  0.4339 Loss dta_trans:  0.0101 Loss dta_phys:  0.0068 Loss dta_preserve:  0.0044
Time:  0.0740 Epoch: 001 Iter:  600/ 600 LR: 0.0000333333 Loss content:  0.0168 Loss fft:  0.8243 Loss dta_rank:  0.7285 Loss dta_tv:  0.0376 Loss dta_proxy:  0.4259 Loss dta_trans:  0.0102 Loss dta_phys:  0.0075 Loss dta_preserve:  0.0040
EPOCH: 01
Elapsed time: 1.04 Epoch Pixel Loss:  0.0171 Epoch FFT Loss:  0.8192 Epoch DTA Rank:  0.7161 Epoch DTA TV:  0.0272 Epoch DTA Proxy:  0.3839 Epoch DTA Trans:  0.0192 Epoch DTA Phys:  0.0074 Epoch DTA Preserve:  0.0050
DTA_GATE_RAMP epoch=2 gate_limit=0.010000
Time:  0.0767 Epoch: 002 Iter:   50/ 600 LR: 0.0000666667 Loss content:  0.0171 Loss fft:  0.8183 Loss dta_rank:  0.7283 Loss dta_tv:  0.0377 Loss dta_proxy:  0.4230 Loss dta_trans:  0.0094 Loss dta_phys:  0.0066 Loss dta_preserve:  0.0050
Time:  0.0737 Epoch: 002 Iter:  100/ 600 LR: 0.0000666667 Loss content:  0.0175 Loss fft:  0.8199 Loss dta_rank:  0.7342 Loss dta_tv:  0.0388 Loss dta_proxy:  0.4189 Loss dta_trans:  0.0105 Loss dta_phys:  0.0074 Loss dta_preserve:  0.0042
Time:  0.0742 Epoch: 002 Iter:  150/ 600 LR: 0.0000666667 Loss content:  0.0174 Loss fft:  0.8292 Loss dta_rank:  0.7280 Loss dta_tv:  0.0376 Loss dta_proxy:  0.4320 Loss dta_trans:  0.0088 Loss dta_phys:  0.0071 Loss dta_preserve:  0.0059
Time:  0.0759 Epoch: 002 Iter:  200/ 600 LR: 0.0000666667 Loss content:  0.0167 Loss fft:  0.8045 Loss dta_rank:  0.7408 Loss dta_tv:  0.0373 Loss dta_proxy:  0.4579 Loss dta_trans:  0.0089 Loss dta_phys:  0.0076 Loss dta_preserve:  0.0058
Time:  0.0726 Epoch: 002 Iter:  250/ 600 LR: 0.0000666667 Loss content:  0.0169 Loss fft:  0.7904 Loss dta_rank:  0.7340 Loss dta_tv:  0.0364 Loss dta_proxy:  0.4429 Loss dta_trans:  0.0092 Loss dta_phys:  0.0065 Loss dta_preserve:  0.0050
Time:  0.0763 Epoch: 002 Iter:  300/ 600 LR: 0.0000666667 Loss content:  0.0174 Loss fft:  0.8260 Loss dta_rank:  0.7318 Loss dta_tv:  0.0362 Loss dta_proxy:  0.4211 Loss dta_trans:  0.0092 Loss dta_phys:  0.0073 Loss dta_preserve:  0.0051
Time:  0.0775 Epoch: 002 Iter:  350/ 600 LR: 0.0000666667 Loss content:  0.0168 Loss fft:  0.8074 Loss dta_rank:  0.7334 Loss dta_tv:  0.0379 Loss dta_proxy:  0.4035 Loss dta_trans:  0.0091 Loss dta_phys:  0.0067 Loss dta_preserve:  0.0046
Time:  0.0805 Epoch: 002 Iter:  400/ 600 LR: 0.0000666667 Loss content:  0.0176 Loss fft:  0.8301 Loss dta_rank:  0.7320 Loss dta_tv:  0.0365 Loss dta_proxy:  0.4115 Loss dta_trans:  0.0080 Loss dta_phys:  0.0066 Loss dta_preserve:  0.0062
Time:  0.0784 Epoch: 002 Iter:  450/ 600 LR: 0.0000666667 Loss content:  0.0178 Loss fft:  0.8208 Loss dta_rank:  0.7301 Loss dta_tv:  0.0352 Loss dta_proxy:  0.4378 Loss dta_trans:  0.0092 Loss dta_phys:  0.0075 Loss dta_preserve:  0.0054
Time:  0.0767 Epoch: 002 Iter:  500/ 600 LR: 0.0000666667 Loss content:  0.0166 Loss fft:  0.8094 Loss dta_rank:  0.7324 Loss dta_tv:  0.0354 Loss dta_proxy:  0.4313 Loss dta_trans:  0.0087 Loss dta_phys:  0.0072 Loss dta_preserve:  0.0047
Time:  0.0779 Epoch: 002 Iter:  550/ 600 LR: 0.0000666667 Loss content:  0.0179 Loss fft:  0.8411 Loss dta_rank:  0.7373 Loss dta_tv:  0.0362 Loss dta_proxy:  0.4192 Loss dta_trans:  0.0098 Loss dta_phys:  0.0065 Loss dta_preserve:  0.0054
Time:  0.0781 Epoch: 002 Iter:  600/ 600 LR: 0.0000666667 Loss content:  0.0176 Loss fft:  0.8215 Loss dta_rank:  0.7385 Loss dta_tv:  0.0346 Loss dta_proxy:  0.4380 Loss dta_trans:  0.0076 Loss dta_phys:  0.0062 Loss dta_preserve:  0.0065
EPOCH: 02
Elapsed time: 0.92 Epoch Pixel Loss:  0.0173 Epoch FFT Loss:  0.8182 Epoch DTA Rank:  0.7334 Epoch DTA TV:  0.0367 Epoch DTA Proxy:  0.4281 Epoch DTA Trans:  0.0090 Epoch DTA Phys:  0.0070 Epoch DTA Preserve:  0.0053
DTA_GATE_RAMP epoch=3 gate_limit=0.030000
Time:  0.0817 Epoch: 003 Iter:   50/ 600 LR: 0.0001000000 Loss content:  0.0174 Loss fft:  0.8269 Loss dta_rank:  0.7340 Loss dta_tv:  0.0348 Loss dta_proxy:  0.4401 Loss dta_trans:  0.0094 Loss dta_phys:  0.0074 Loss dta_preserve:  0.0054
Time:  0.0783 Epoch: 003 Iter:  100/ 600 LR: 0.0001000000 Loss content:  0.0174 Loss fft:  0.8190 Loss dta_rank:  0.7352 Loss dta_tv:  0.0333 Loss dta_proxy:  0.4380 Loss dta_trans:  0.0075 Loss dta_phys:  0.0057 Loss dta_preserve:  0.0065
Time:  0.0769 Epoch: 003 Iter:  150/ 600 LR: 0.0001000000 Loss content:  0.0176 Loss fft:  0.8279 Loss dta_rank:  0.7286 Loss dta_tv:  0.0340 Loss dta_proxy:  0.4255 Loss dta_trans:  0.0081 Loss dta_phys:  0.0058 Loss dta_preserve:  0.0049
Time:  0.0787 Epoch: 003 Iter:  200/ 600 LR: 0.0001000000 Loss content:  0.0175 Loss fft:  0.8527 Loss dta_rank:  0.7386 Loss dta_tv:  0.0347 Loss dta_proxy:  0.4329 Loss dta_trans:  0.0072 Loss dta_phys:  0.0068 Loss dta_preserve:  0.0070
Time:  0.0726 Epoch: 003 Iter:  250/ 600 LR: 0.0001000000 Loss content:  0.0171 Loss fft:  0.8011 Loss dta_rank:  0.7455 Loss dta_tv:  0.0340 Loss dta_proxy:  0.4373 Loss dta_trans:  0.0079 Loss dta_phys:  0.0067 Loss dta_preserve:  0.0050
Time:  0.0646 Epoch: 003 Iter:  300/ 600 LR: 0.0001000000 Loss content:  0.0168 Loss fft:  0.8155 Loss dta_rank:  0.7363 Loss dta_tv:  0.0341 Loss dta_proxy:  0.4212 Loss dta_trans:  0.0087 Loss dta_phys:  0.0060 Loss dta_preserve:  0.0052
Time:  0.0688 Epoch: 003 Iter:  350/ 600 LR: 0.0001000000 Loss content:  0.0172 Loss fft:  0.8271 Loss dta_rank:  0.7375 Loss dta_tv:  0.0340 Loss dta_proxy:  0.4237 Loss dta_trans:  0.0078 Loss dta_phys:  0.0065 Loss dta_preserve:  0.0051
Time:  0.0683 Epoch: 003 Iter:  400/ 600 LR: 0.0001000000 Loss content:  0.0173 Loss fft:  0.8108 Loss dta_rank:  0.7374 Loss dta_tv:  0.0327 Loss dta_proxy:  0.4545 Loss dta_trans:  0.0072 Loss dta_phys:  0.0075 Loss dta_preserve:  0.0071
Time:  0.0747 Epoch: 003 Iter:  450/ 600 LR: 0.0001000000 Loss content:  0.0182 Loss fft:  0.8325 Loss dta_rank:  0.7374 Loss dta_tv:  0.0325 Loss dta_proxy:  0.4280 Loss dta_trans:  0.0066 Loss dta_phys:  0.0065 Loss dta_preserve:  0.0062
Time:  0.0754 Epoch: 003 Iter:  500/ 600 LR: 0.0001000000 Loss content:  0.0171 Loss fft:  0.8282 Loss dta_rank:  0.7352 Loss dta_tv:  0.0334 Loss dta_proxy:  0.4310 Loss dta_trans:  0.0067 Loss dta_phys:  0.0075 Loss dta_preserve:  0.0048
Time:  0.0764 Epoch: 003 Iter:  550/ 600 LR: 0.0001000000 Loss content:  0.0170 Loss fft:  0.8031 Loss dta_rank:  0.7411 Loss dta_tv:  0.0333 Loss dta_proxy:  0.4194 Loss dta_trans:  0.0076 Loss dta_phys:  0.0072 Loss dta_preserve:  0.0053
Time:  0.0780 Epoch: 003 Iter:  600/ 600 LR: 0.0001000000 Loss content:  0.0169 Loss fft:  0.7880 Loss dta_rank:  0.7380 Loss dta_tv:  0.0331 Loss dta_proxy:  0.4232 Loss dta_trans:  0.0082 Loss dta_phys:  0.0075 Loss dta_preserve:  0.0049
EPOCH: 03
Elapsed time: 0.90 Epoch Pixel Loss:  0.0173 Epoch FFT Loss:  0.8194 Epoch DTA Rank:  0.7371 Epoch DTA TV:  0.0337 Epoch DTA Proxy:  0.4312 Epoch DTA Trans:  0.0078 Epoch DTA Phys:  0.0068 Epoch DTA Preserve:  0.0056
/sda/home/wangyuxin/ConvIR-B/envs/convir-cu121/lib/python3.10/site-packages/torch/optim/lr_scheduler.py:1087: UserWarning: To get the last learning rate computed by the scheduler, please use `get_last_lr()`.
  _warn_get_lr_called_within_step(self)
DTA_GATE_RAMP epoch=4 gate_limit=0.030000
Time:  0.0814 Epoch: 004 Iter:   50/ 600 LR: 0.0001000000 Loss content:  0.0171 Loss fft:  0.8384 Loss dta_rank:  0.7377 Loss dta_tv:  0.0321 Loss dta_proxy:  0.4280 Loss dta_trans:  0.0071 Loss dta_phys:  0.0065 Loss dta_preserve:  0.0040
Time:  0.0781 Epoch: 004 Iter:  100/ 600 LR: 0.0001000000 Loss content:  0.0173 Loss fft:  0.8198 Loss dta_rank:  0.7368 Loss dta_tv:  0.0318 Loss dta_proxy:  0.4343 Loss dta_trans:  0.0081 Loss dta_phys:  0.0063 Loss dta_preserve:  0.0089
Time:  0.0732 Epoch: 004 Iter:  150/ 600 LR: 0.0001000000 Loss content:  0.0176 Loss fft:  0.8331 Loss dta_rank:  0.7408 Loss dta_tv:  0.0323 Loss dta_proxy:  0.4302 Loss dta_trans:  0.0076 Loss dta_phys:  0.0067 Loss dta_preserve:  0.0053
Time:  0.0766 Epoch: 004 Iter:  200/ 600 LR: 0.0001000000 Loss content:  0.0168 Loss fft:  0.8091 Loss dta_rank:  0.7366 Loss dta_tv:  0.0314 Loss dta_proxy:  0.4357 Loss dta_trans:  0.0073 Loss dta_phys:  0.0068 Loss dta_preserve:  0.0040
Time:  0.0795 Epoch: 004 Iter:  250/ 600 LR: 0.0001000000 Loss content:  0.0174 Loss fft:  0.8422 Loss dta_rank:  0.7377 Loss dta_tv:  0.0316 Loss dta_proxy:  0.4247 Loss dta_trans:  0.0073 Loss dta_phys:  0.0065 Loss dta_preserve:  0.0040
Time:  0.0765 Epoch: 004 Iter:  300/ 600 LR: 0.0001000000 Loss content:  0.0165 Loss fft:  0.8026 Loss dta_rank:  0.7436 Loss dta_tv:  0.0310 Loss dta_proxy:  0.4413 Loss dta_trans:  0.0070 Loss dta_phys:  0.0069 Loss dta_preserve:  0.0056
Time:  0.0778 Epoch: 004 Iter:  350/ 600 LR: 0.0001000000 Loss content:  0.0174 Loss fft:  0.8243 Loss dta_rank:  0.7395 Loss dta_tv:  0.0308 Loss dta_proxy:  0.4257 Loss dta_trans:  0.0069 Loss dta_phys:  0.0063 Loss dta_preserve:  0.0056
Time:  0.0716 Epoch: 004 Iter:  400/ 600 LR: 0.0001000000 Loss content:  0.0176 Loss fft:  0.8269 Loss dta_rank:  0.7391 Loss dta_tv:  0.0315 Loss dta_proxy:  0.4435 Loss dta_trans:  0.0069 Loss dta_phys:  0.0070 Loss dta_preserve:  0.0055
Time:  0.0733 Epoch: 004 Iter:  450/ 600 LR: 0.0001000000 Loss content:  0.0163 Loss fft:  0.8015 Loss dta_rank:  0.7344 Loss dta_tv:  0.0311 Loss dta_proxy:  0.4299 Loss dta_trans:  0.0070 Loss dta_phys:  0.0072 Loss dta_preserve:  0.0047
Time:  0.0755 Epoch: 004 Iter:  500/ 600 LR: 0.0001000000 Loss content:  0.0167 Loss fft:  0.8015 Loss dta_rank:  0.7370 Loss dta_tv:  0.0303 Loss dta_proxy:  0.4344 Loss dta_trans:  0.0067 Loss dta_phys:  0.0064 Loss dta_preserve:  0.0052
Time:  0.0745 Epoch: 004 Iter:  550/ 600 LR: 0.0001000000 Loss content:  0.0173 Loss fft:  0.8205 Loss dta_rank:  0.7370 Loss dta_tv:  0.0316 Loss dta_proxy:  0.4108 Loss dta_trans:  0.0071 Loss dta_phys:  0.0065 Loss dta_preserve:  0.0069
Time:  0.0735 Epoch: 004 Iter:  600/ 600 LR: 0.0001000000 Loss content:  0.0180 Loss fft:  0.8499 Loss dta_rank:  0.7356 Loss dta_tv:  0.0307 Loss dta_proxy:  0.4437 Loss dta_trans:  0.0062 Loss dta_phys:  0.0059 Loss dta_preserve:  0.0062
EPOCH: 04
Elapsed time: 0.91 Epoch Pixel Loss:  0.0172 Epoch FFT Loss:  0.8225 Epoch DTA Rank:  0.7380 Epoch DTA TV:  0.0313 Epoch DTA Proxy:  0.4318 Epoch DTA Trans:  0.0071 Epoch DTA Phys:  0.0066 Epoch DTA Preserve:  0.0055
DTA_GATE_RAMP epoch=5 gate_limit=0.030000
Time:  0.0703 Epoch: 005 Iter:   50/ 600 LR: 0.0000983215 Loss content:  0.0179 Loss fft:  0.8100 Loss dta_rank:  0.7450 Loss dta_tv:  0.0310 Loss dta_proxy:  0.4350 Loss dta_trans:  0.0068 Loss dta_phys:  0.0070 Loss dta_preserve:  0.0049
Time:  0.0749 Epoch: 005 Iter:  100/ 600 LR: 0.0000983215 Loss content:  0.0173 Loss fft:  0.8316 Loss dta_rank:  0.7362 Loss dta_tv:  0.0301 Loss dta_proxy:  0.4469 Loss dta_trans:  0.0060 Loss dta_phys:  0.0069 Loss dta_preserve:  0.0044
Time:  0.0776 Epoch: 005 Iter:  150/ 600 LR: 0.0000983215 Loss content:  0.0172 Loss fft:  0.8195 Loss dta_rank:  0.7279 Loss dta_tv:  0.0302 Loss dta_proxy:  0.4384 Loss dta_trans:  0.0066 Loss dta_phys:  0.0062 Loss dta_preserve:  0.0045
Time:  0.0771 Epoch: 005 Iter:  200/ 600 LR: 0.0000983215 Loss content:  0.0176 Loss fft:  0.8294 Loss dta_rank:  0.7412 Loss dta_tv:  0.0294 Loss dta_proxy:  0.4421 Loss dta_trans:  0.0059 Loss dta_phys:  0.0069 Loss dta_preserve:  0.0054
Time:  0.0740 Epoch: 005 Iter:  250/ 600 LR: 0.0000983215 Loss content:  0.0172 Loss fft:  0.8043 Loss dta_rank:  0.7381 Loss dta_tv:  0.0312 Loss dta_proxy:  0.4207 Loss dta_trans:  0.0073 Loss dta_phys:  0.0067 Loss dta_preserve:  0.0046
Time:  0.0755 Epoch: 005 Iter:  300/ 600 LR: 0.0000983215 Loss content:  0.0170 Loss fft:  0.8280 Loss dta_rank:  0.7351 Loss dta_tv:  0.0304 Loss dta_proxy:  0.4134 Loss dta_trans:  0.0066 Loss dta_phys:  0.0065 Loss dta_preserve:  0.0063
Time:  0.0772 Epoch: 005 Iter:  350/ 600 LR: 0.0000983215 Loss content:  0.0173 Loss fft:  0.8284 Loss dta_rank:  0.7393 Loss dta_tv:  0.0299 Loss dta_proxy:  0.4442 Loss dta_trans:  0.0067 Loss dta_phys:  0.0074 Loss dta_preserve:  0.0051
Time:  0.0773 Epoch: 005 Iter:  400/ 600 LR: 0.0000983215 Loss content:  0.0172 Loss fft:  0.8090 Loss dta_rank:  0.7382 Loss dta_tv:  0.0295 Loss dta_proxy:  0.4537 Loss dta_trans:  0.0065 Loss dta_phys:  0.0065 Loss dta_preserve:  0.0047
Time:  0.0768 Epoch: 005 Iter:  450/ 600 LR: 0.0000983215 Loss content:  0.0174 Loss fft:  0.8187 Loss dta_rank:  0.7413 Loss dta_tv:  0.0299 Loss dta_proxy:  0.4174 Loss dta_trans:  0.0052 Loss dta_phys:  0.0063 Loss dta_preserve:  0.0062
Time:  0.0750 Epoch: 005 Iter:  500/ 600 LR: 0.0000983215 Loss content:  0.0169 Loss fft:  0.7912 Loss dta_rank:  0.7361 Loss dta_tv:  0.0298 Loss dta_proxy:  0.4135 Loss dta_trans:  0.0085 Loss dta_phys:  0.0070 Loss dta_preserve:  0.0048
Time:  0.0777 Epoch: 005 Iter:  550/ 600 LR: 0.0000983215 Loss content:  0.0171 Loss fft:  0.8182 Loss dta_rank:  0.7427 Loss dta_tv:  0.0285 Loss dta_proxy:  0.4376 Loss dta_trans:  0.0067 Loss dta_phys:  0.0067 Loss dta_preserve:  0.0052
Time:  0.0769 Epoch: 005 Iter:  600/ 600 LR: 0.0000983215 Loss content:  0.0173 Loss fft:  0.8239 Loss dta_rank:  0.7426 Loss dta_tv:  0.0292 Loss dta_proxy:  0.4402 Loss dta_trans:  0.0071 Loss dta_phys:  0.0066 Loss dta_preserve:  0.0047
EPOCH: 05
Elapsed time: 0.91 Epoch Pixel Loss:  0.0173 Epoch FFT Loss:  0.8177 Epoch DTA Rank:  0.7386 Epoch DTA TV:  0.0299 Epoch DTA Proxy:  0.4336 Epoch DTA Trans:  0.0067 Epoch DTA Phys:  0.0067 Epoch DTA Preserve:  0.0051
DTA_GATE_RAMP epoch=6 gate_limit=0.030000
Time:  0.0823 Epoch: 006 Iter:   50/ 600 LR: 0.0000942212 Loss content:  0.0172 Loss fft:  0.8262 Loss dta_rank:  0.7349 Loss dta_tv:  0.0296 Loss dta_proxy:  0.4227 Loss dta_trans:  0.0063 Loss dta_phys:  0.0064 Loss dta_preserve:  0.0046
Time:  0.0758 Epoch: 006 Iter:  100/ 600 LR: 0.0000942212 Loss content:  0.0161 Loss fft:  0.8087 Loss dta_rank:  0.7363 Loss dta_tv:  0.0301 Loss dta_proxy:  0.4093 Loss dta_trans:  0.0063 Loss dta_phys:  0.0059 Loss dta_preserve:  0.0046
Time:  0.0788 Epoch: 006 Iter:  150/ 600 LR: 0.0000942212 Loss content:  0.0169 Loss fft:  0.8361 Loss dta_rank:  0.7428 Loss dta_tv:  0.0292 Loss dta_proxy:  0.4418 Loss dta_trans:  0.0064 Loss dta_phys:  0.0062 Loss dta_preserve:  0.0060
Time:  0.0757 Epoch: 006 Iter:  200/ 600 LR: 0.0000942212 Loss content:  0.0173 Loss fft:  0.7953 Loss dta_rank:  0.7375 Loss dta_tv:  0.0286 Loss dta_proxy:  0.4492 Loss dta_trans:  0.0069 Loss dta_phys:  0.0083 Loss dta_preserve:  0.0048
Time:  0.0746 Epoch: 006 Iter:  250/ 600 LR: 0.0000942212 Loss content:  0.0171 Loss fft:  0.8351 Loss dta_rank:  0.7431 Loss dta_tv:  0.0293 Loss dta_proxy:  0.4396 Loss dta_trans:  0.0057 Loss dta_phys:  0.0069 Loss dta_preserve:  0.0049
Time:  0.0788 Epoch: 006 Iter:  300/ 600 LR: 0.0000942212 Loss content:  0.0173 Loss fft:  0.8266 Loss dta_rank:  0.7434 Loss dta_tv:  0.0296 Loss dta_proxy:  0.4195 Loss dta_trans:  0.0061 Loss dta_phys:  0.0065 Loss dta_preserve:  0.0055
Time:  0.0759 Epoch: 006 Iter:  350/ 600 LR: 0.0000942212 Loss content:  0.0174 Loss fft:  0.8070 Loss dta_rank:  0.7392 Loss dta_tv:  0.0286 Loss dta_proxy:  0.4329 Loss dta_trans:  0.0065 Loss dta_phys:  0.0074 Loss dta_preserve:  0.0052
Time:  0.0759 Epoch: 006 Iter:  400/ 600 LR: 0.0000942212 Loss content:  0.0181 Loss fft:  0.8007 Loss dta_rank:  0.7321 Loss dta_tv:  0.0271 Loss dta_proxy:  0.4470 Loss dta_trans:  0.0074 Loss dta_phys:  0.0064 Loss dta_preserve:  0.0056
Time:  0.0782 Epoch: 006 Iter:  450/ 600 LR: 0.0000942212 Loss content:  0.0171 Loss fft:  0.8065 Loss dta_rank:  0.7420 Loss dta_tv:  0.0288 Loss dta_proxy:  0.4310 Loss dta_trans:  0.0062 Loss dta_phys:  0.0062 Loss dta_preserve:  0.0050
Time:  0.0806 Epoch: 006 Iter:  500/ 600 LR: 0.0000942212 Loss content:  0.0167 Loss fft:  0.7973 Loss dta_rank:  0.7398 Loss dta_tv:  0.0287 Loss dta_proxy:  0.4537 Loss dta_trans:  0.0068 Loss dta_phys:  0.0069 Loss dta_preserve:  0.0047
Time:  0.0761 Epoch: 006 Iter:  550/ 600 LR: 0.0000942212 Loss content:  0.0173 Loss fft:  0.8436 Loss dta_rank:  0.7353 Loss dta_tv:  0.0285 Loss dta_proxy:  0.4293 Loss dta_trans:  0.0051 Loss dta_phys:  0.0060 Loss dta_preserve:  0.0056
Time:  0.0768 Epoch: 006 Iter:  600/ 600 LR: 0.0000942212 Loss content:  0.0175 Loss fft:  0.8304 Loss dta_rank:  0.7311 Loss dta_tv:  0.0288 Loss dta_proxy:  0.4281 Loss dta_trans:  0.0073 Loss dta_phys:  0.0073 Loss dta_preserve:  0.0056
EPOCH: 06
Elapsed time: 0.93 Epoch Pixel Loss:  0.0172 Epoch FFT Loss:  0.8178 Epoch DTA Rank:  0.7381 Epoch DTA TV:  0.0289 Epoch DTA Proxy:  0.4337 Epoch DTA Trans:  0.0064 Epoch DTA Phys:  0.0067 Epoch DTA Preserve:  0.0052
DTA_GATE_RAMP epoch=7 gate_limit=0.030000
Time:  0.0832 Epoch: 007 Iter:   50/ 600 LR: 0.0000886874 Loss content:  0.0176 Loss fft:  0.8458 Loss dta_rank:  0.7391 Loss dta_tv:  0.0290 Loss dta_proxy:  0.4147 Loss dta_trans:  0.0061 Loss dta_phys:  0.0065 Loss dta_preserve:  0.0048
Time:  0.0740 Epoch: 007 Iter:  100/ 600 LR: 0.0000886874 Loss content:  0.0177 Loss fft:  0.8072 Loss dta_rank:  0.7364 Loss dta_tv:  0.0279 Loss dta_proxy:  0.4553 Loss dta_trans:  0.0064 Loss dta_phys:  0.0063 Loss dta_preserve:  0.0049
Time:  0.0685 Epoch: 007 Iter:  150/ 600 LR: 0.0000886874 Loss content:  0.0186 Loss fft:  0.8343 Loss dta_rank:  0.7418 Loss dta_tv:  0.0272 Loss dta_proxy:  0.4481 Loss dta_trans:  0.0057 Loss dta_phys:  0.0072 Loss dta_preserve:  0.0057
Time:  0.0756 Epoch: 007 Iter:  200/ 600 LR: 0.0000886874 Loss content:  0.0176 Loss fft:  0.8231 Loss dta_rank:  0.7338 Loss dta_tv:  0.0286 Loss dta_proxy:  0.4118 Loss dta_trans:  0.0069 Loss dta_phys:  0.0070 Loss dta_preserve:  0.0057
Time:  0.0802 Epoch: 007 Iter:  250/ 600 LR: 0.0000886874 Loss content:  0.0171 Loss fft:  0.8204 Loss dta_rank:  0.7442 Loss dta_tv:  0.0276 Loss dta_proxy:  0.4421 Loss dta_trans:  0.0062 Loss dta_phys:  0.0068 Loss dta_preserve:  0.0048
Time:  0.0788 Epoch: 007 Iter:  300/ 600 LR: 0.0000886874 Loss content:  0.0174 Loss fft:  0.8069 Loss dta_rank:  0.7402 Loss dta_tv:  0.0281 Loss dta_proxy:  0.4258 Loss dta_trans:  0.0071 Loss dta_phys:  0.0072 Loss dta_preserve:  0.0066
Time:  0.0814 Epoch: 007 Iter:  350/ 600 LR: 0.0000886874 Loss content:  0.0161 Loss fft:  0.7803 Loss dta_rank:  0.7373 Loss dta_tv:  0.0277 Loss dta_proxy:  0.4423 Loss dta_trans:  0.0057 Loss dta_phys:  0.0072 Loss dta_preserve:  0.0051
Time:  0.0707 Epoch: 007 Iter:  400/ 600 LR: 0.0000886874 Loss content:  0.0163 Loss fft:  0.8112 Loss dta_rank:  0.7439 Loss dta_tv:  0.0286 Loss dta_proxy:  0.4358 Loss dta_trans:  0.0061 Loss dta_phys:  0.0069 Loss dta_preserve:  0.0054
Time:  0.0789 Epoch: 007 Iter:  450/ 600 LR: 0.0000886874 Loss content:  0.0167 Loss fft:  0.8280 Loss dta_rank:  0.7395 Loss dta_tv:  0.0284 Loss dta_proxy:  0.4249 Loss dta_trans:  0.0059 Loss dta_phys:  0.0058 Loss dta_preserve:  0.0043
Time:  0.0755 Epoch: 007 Iter:  500/ 600 LR: 0.0000886874 Loss content:  0.0167 Loss fft:  0.8229 Loss dta_rank:  0.7316 Loss dta_tv:  0.0280 Loss dta_proxy:  0.4239 Loss dta_trans:  0.0071 Loss dta_phys:  0.0074 Loss dta_preserve:  0.0056
Time:  0.0761 Epoch: 007 Iter:  550/ 600 LR: 0.0000886874 Loss content:  0.0172 Loss fft:  0.8244 Loss dta_rank:  0.7374 Loss dta_tv:  0.0278 Loss dta_proxy:  0.4265 Loss dta_trans:  0.0067 Loss dta_phys:  0.0065 Loss dta_preserve:  0.0055
Time:  0.0747 Epoch: 007 Iter:  600/ 600 LR: 0.0000886874 Loss content:  0.0175 Loss fft:  0.8351 Loss dta_rank:  0.7406 Loss dta_tv:  0.0270 Loss dta_proxy:  0.4552 Loss dta_trans:  0.0059 Loss dta_phys:  0.0065 Loss dta_preserve:  0.0046
EPOCH: 07
Elapsed time: 0.92 Epoch Pixel Loss:  0.0172 Epoch FFT Loss:  0.8200 Epoch DTA Rank:  0.7388 Epoch DTA TV:  0.0280 Epoch DTA Proxy:  0.4339 Epoch DTA Trans:  0.0063 Epoch DTA Phys:  0.0068 Epoch DTA Preserve:  0.0053
DTA_GATE_RAMP epoch=8 gate_limit=0.030000
Time:  0.0739 Epoch: 008 Iter:   50/ 600 LR: 0.0000819070 Loss content:  0.0176 Loss fft:  0.8467 Loss dta_rank:  0.7409 Loss dta_tv:  0.0278 Loss dta_proxy:  0.4357 Loss dta_trans:  0.0059 Loss dta_phys:  0.0071 Loss dta_preserve:  0.0048
Time:  0.0638 Epoch: 008 Iter:  100/ 600 LR: 0.0000819070 Loss content:  0.0171 Loss fft:  0.8267 Loss dta_rank:  0.7425 Loss dta_tv:  0.0277 Loss dta_proxy:  0.4415 Loss dta_trans:  0.0066 Loss dta_phys:  0.0069 Loss dta_preserve:  0.0046
Time:  0.0645 Epoch: 008 Iter:  150/ 600 LR: 0.0000819070 Loss content:  0.0169 Loss fft:  0.8116 Loss dta_rank:  0.7426 Loss dta_tv:  0.0268 Loss dta_proxy:  0.4631 Loss dta_trans:  0.0058 Loss dta_phys:  0.0075 Loss dta_preserve:  0.0052
Time:  0.0672 Epoch: 008 Iter:  200/ 600 LR: 0.0000819070 Loss content:  0.0173 Loss fft:  0.8138 Loss dta_rank:  0.7355 Loss dta_tv:  0.0275 Loss dta_proxy:  0.4263 Loss dta_trans:  0.0070 Loss dta_phys:  0.0070 Loss dta_preserve:  0.0070
Time:  0.0730 Epoch: 008 Iter:  250/ 600 LR: 0.0000819070 Loss content:  0.0173 Loss fft:  0.8208 Loss dta_rank:  0.7426 Loss dta_tv:  0.0273 Loss dta_proxy:  0.4439 Loss dta_trans:  0.0063 Loss dta_phys:  0.0070 Loss dta_preserve:  0.0052
Time:  0.0754 Epoch: 008 Iter:  300/ 600 LR: 0.0000819070 Loss content:  0.0165 Loss fft:  0.7893 Loss dta_rank:  0.7334 Loss dta_tv:  0.0285 Loss dta_proxy:  0.4192 Loss dta_trans:  0.0062 Loss dta_phys:  0.0065 Loss dta_preserve:  0.0056
Time:  0.0757 Epoch: 008 Iter:  350/ 600 LR: 0.0000819070 Loss content:  0.0167 Loss fft:  0.7980 Loss dta_rank:  0.7430 Loss dta_tv:  0.0271 Loss dta_proxy:  0.4446 Loss dta_trans:  0.0068 Loss dta_phys:  0.0073 Loss dta_preserve:  0.0048
Time:  0.0785 Epoch: 008 Iter:  400/ 600 LR: 0.0000819070 Loss content:  0.0175 Loss fft:  0.8528 Loss dta_rank:  0.7333 Loss dta_tv:  0.0280 Loss dta_proxy:  0.4259 Loss dta_trans:  0.0056 Loss dta_phys:  0.0070 Loss dta_preserve:  0.0057
Time:  0.0780 Epoch: 008 Iter:  450/ 600 LR: 0.0000819070 Loss content:  0.0174 Loss fft:  0.8053 Loss dta_rank:  0.7406 Loss dta_tv:  0.0279 Loss dta_proxy:  0.4309 Loss dta_trans:  0.0057 Loss dta_phys:  0.0067 Loss dta_preserve:  0.0045
Time:  0.0736 Epoch: 008 Iter:  500/ 600 LR: 0.0000819070 Loss content:  0.0174 Loss fft:  0.8479 Loss dta_rank:  0.7406 Loss dta_tv:  0.0276 Loss dta_proxy:  0.4409 Loss dta_trans:  0.0060 Loss dta_phys:  0.0066 Loss dta_preserve:  0.0040
Time:  0.0770 Epoch: 008 Iter:  550/ 600 LR: 0.0000819070 Loss content:  0.0171 Loss fft:  0.8120 Loss dta_rank:  0.7380 Loss dta_tv:  0.0279 Loss dta_proxy:  0.4105 Loss dta_trans:  0.0067 Loss dta_phys:  0.0063 Loss dta_preserve:  0.0053
Time:  0.0757 Epoch: 008 Iter:  600/ 600 LR: 0.0000819070 Loss content:  0.0170 Loss fft:  0.7956 Loss dta_rank:  0.7384 Loss dta_tv:  0.0279 Loss dta_proxy:  0.4254 Loss dta_trans:  0.0057 Loss dta_phys:  0.0059 Loss dta_preserve:  0.0049
EPOCH: 08
Elapsed time: 0.88 Epoch Pixel Loss:  0.0171 Epoch FFT Loss:  0.8184 Epoch DTA Rank:  0.7393 Epoch DTA TV:  0.0277 Epoch DTA Proxy:  0.4340 Epoch DTA Trans:  0.0062 Epoch DTA Phys:  0.0068 Epoch DTA Preserve:  0.0051
DTA_GATE_RAMP epoch=9 gate_limit=0.060000
Time:  0.0807 Epoch: 009 Iter:   50/ 600 LR: 0.0000741093 Loss content:  0.0174 Loss fft:  0.8280 Loss dta_rank:  0.7466 Loss dta_tv:  0.0281 Loss dta_proxy:  0.4231 Loss dta_trans:  0.0063 Loss dta_phys:  0.0069 Loss dta_preserve:  0.0055
Time:  0.0788 Epoch: 009 Iter:  100/ 600 LR: 0.0000741093 Loss content:  0.0164 Loss fft:  0.7831 Loss dta_rank:  0.7289 Loss dta_tv:  0.0271 Loss dta_proxy:  0.4239 Loss dta_trans:  0.0066 Loss dta_phys:  0.0068 Loss dta_preserve:  0.0047
Time:  0.0775 Epoch: 009 Iter:  150/ 600 LR: 0.0000741093 Loss content:  0.0166 Loss fft:  0.7770 Loss dta_rank:  0.7425 Loss dta_tv:  0.0280 Loss dta_proxy:  0.4216 Loss dta_trans:  0.0064 Loss dta_phys:  0.0069 Loss dta_preserve:  0.0059
Time:  0.0780 Epoch: 009 Iter:  200/ 600 LR: 0.0000741093 Loss content:  0.0168 Loss fft:  0.8281 Loss dta_rank:  0.7394 Loss dta_tv:  0.0277 Loss dta_proxy:  0.4265 Loss dta_trans:  0.0059 Loss dta_phys:  0.0067 Loss dta_preserve:  0.0049
Time:  0.0777 Epoch: 009 Iter:  250/ 600 LR: 0.0000741093 Loss content:  0.0168 Loss fft:  0.8139 Loss dta_rank:  0.7371 Loss dta_tv:  0.0275 Loss dta_proxy:  0.4392 Loss dta_trans:  0.0064 Loss dta_phys:  0.0076 Loss dta_preserve:  0.0046
Time:  0.0777 Epoch: 009 Iter:  300/ 600 LR: 0.0000741093 Loss content:  0.0168 Loss fft:  0.8309 Loss dta_rank:  0.7368 Loss dta_tv:  0.0270 Loss dta_proxy:  0.4350 Loss dta_trans:  0.0056 Loss dta_phys:  0.0059 Loss dta_preserve:  0.0049
Time:  0.0757 Epoch: 009 Iter:  350/ 600 LR: 0.0000741093 Loss content:  0.0177 Loss fft:  0.8343 Loss dta_rank:  0.7375 Loss dta_tv:  0.0271 Loss dta_proxy:  0.4231 Loss dta_trans:  0.0062 Loss dta_phys:  0.0071 Loss dta_preserve:  0.0048
Time:  0.0765 Epoch: 009 Iter:  400/ 600 LR: 0.0000741093 Loss content:  0.0173 Loss fft:  0.8304 Loss dta_rank:  0.7383 Loss dta_tv:  0.0264 Loss dta_proxy:  0.4301 Loss dta_trans:  0.0061 Loss dta_phys:  0.0071 Loss dta_preserve:  0.0056
Time:  0.0777 Epoch: 009 Iter:  450/ 600 LR: 0.0000741093 Loss content:  0.0178 Loss fft:  0.8336 Loss dta_rank:  0.7389 Loss dta_tv:  0.0266 Loss dta_proxy:  0.4457 Loss dta_trans:  0.0067 Loss dta_phys:  0.0067 Loss dta_preserve:  0.0067
Time:  0.0779 Epoch: 009 Iter:  500/ 600 LR: 0.0000741093 Loss content:  0.0171 Loss fft:  0.8253 Loss dta_rank:  0.7394 Loss dta_tv:  0.0270 Loss dta_proxy:  0.4457 Loss dta_trans:  0.0059 Loss dta_phys:  0.0071 Loss dta_preserve:  0.0051
Time:  0.0775 Epoch: 009 Iter:  550/ 600 LR: 0.0000741093 Loss content:  0.0181 Loss fft:  0.8391 Loss dta_rank:  0.7350 Loss dta_tv:  0.0262 Loss dta_proxy:  0.4477 Loss dta_trans:  0.0056 Loss dta_phys:  0.0070 Loss dta_preserve:  0.0056
Time:  0.0774 Epoch: 009 Iter:  600/ 600 LR: 0.0000741093 Loss content:  0.0162 Loss fft:  0.8210 Loss dta_rank:  0.7485 Loss dta_tv:  0.0275 Loss dta_proxy:  0.4230 Loss dta_trans:  0.0061 Loss dta_phys:  0.0064 Loss dta_preserve:  0.0053
EPOCH: 09
Elapsed time: 0.94 Epoch Pixel Loss:  0.0171 Epoch FFT Loss:  0.8204 Epoch DTA Rank:  0.7391 Epoch DTA TV:  0.0272 Epoch DTA Proxy:  0.4321 Epoch DTA Trans:  0.0061 Epoch DTA Phys:  0.0068 Epoch DTA Preserve:  0.0053
DTA_GATE_RAMP epoch=10 gate_limit=0.060000
Time:  0.0844 Epoch: 010 Iter:   50/ 600 LR: 0.0000655580 Loss content:  0.0171 Loss fft:  0.8192 Loss dta_rank:  0.7412 Loss dta_tv:  0.0275 Loss dta_proxy:  0.4250 Loss dta_trans:  0.0060 Loss dta_phys:  0.0062 Loss dta_preserve:  0.0078
Time:  0.0705 Epoch: 010 Iter:  100/ 600 LR: 0.0000655580 Loss content:  0.0174 Loss fft:  0.8277 Loss dta_rank:  0.7550 Loss dta_tv:  0.0270 Loss dta_proxy:  0.4485 Loss dta_trans:  0.0050 Loss dta_phys:  0.0058 Loss dta_preserve:  0.0058
Time:  0.0803 Epoch: 010 Iter:  150/ 600 LR: 0.0000655580 Loss content:  0.0172 Loss fft:  0.7962 Loss dta_rank:  0.7423 Loss dta_tv:  0.0264 Loss dta_proxy:  0.4489 Loss dta_trans:  0.0066 Loss dta_phys:  0.0081 Loss dta_preserve:  0.0052
Time:  0.0772 Epoch: 010 Iter:  200/ 600 LR: 0.0000655580 Loss content:  0.0166 Loss fft:  0.7914 Loss dta_rank:  0.7444 Loss dta_tv:  0.0269 Loss dta_proxy:  0.4264 Loss dta_trans:  0.0061 Loss dta_phys:  0.0071 Loss dta_preserve:  0.0048
Time:  0.0767 Epoch: 010 Iter:  250/ 600 LR: 0.0000655580 Loss content:  0.0176 Loss fft:  0.8412 Loss dta_rank:  0.7411 Loss dta_tv:  0.0261 Loss dta_proxy:  0.4411 Loss dta_trans:  0.0061 Loss dta_phys:  0.0065 Loss dta_preserve:  0.0053
Time:  0.0769 Epoch: 010 Iter:  300/ 600 LR: 0.0000655580 Loss content:  0.0167 Loss fft:  0.7840 Loss dta_rank:  0.7396 Loss dta_tv:  0.0277 Loss dta_proxy:  0.4217 Loss dta_trans:  0.0067 Loss dta_phys:  0.0074 Loss dta_preserve:  0.0046
Time:  0.0771 Epoch: 010 Iter:  350/ 600 LR: 0.0000655580 Loss content:  0.0172 Loss fft:  0.8404 Loss dta_rank:  0.7434 Loss dta_tv:  0.0271 Loss dta_proxy:  0.4212 Loss dta_trans:  0.0058 Loss dta_phys:  0.0060 Loss dta_preserve:  0.0050
Time:  0.0777 Epoch: 010 Iter:  400/ 600 LR: 0.0000655580 Loss content:  0.0162 Loss fft:  0.8114 Loss dta_rank:  0.7517 Loss dta_tv:  0.0264 Loss dta_proxy:  0.4369 Loss dta_trans:  0.0062 Loss dta_phys:  0.0063 Loss dta_preserve:  0.0050
Time:  0.0801 Epoch: 010 Iter:  450/ 600 LR: 0.0000655580 Loss content:  0.0170 Loss fft:  0.8319 Loss dta_rank:  0.7417 Loss dta_tv:  0.0275 Loss dta_proxy:  0.4168 Loss dta_trans:  0.0055 Loss dta_phys:  0.0064 Loss dta_preserve:  0.0075
Time:  0.0748 Epoch: 010 Iter:  500/ 600 LR: 0.0000655580 Loss content:  0.0171 Loss fft:  0.8189 Loss dta_rank:  0.7414 Loss dta_tv:  0.0268 Loss dta_proxy:  0.4264 Loss dta_trans:  0.0059 Loss dta_phys:  0.0069 Loss dta_preserve:  0.0044
Time:  0.0769 Epoch: 010 Iter:  550/ 600 LR: 0.0000655580 Loss content:  0.0172 Loss fft:  0.8303 Loss dta_rank:  0.7445 Loss dta_tv:  0.0261 Loss dta_proxy:  0.4407 Loss dta_trans:  0.0064 Loss dta_phys:  0.0069 Loss dta_preserve:  0.0036
Time:  0.0748 Epoch: 010 Iter:  600/ 600 LR: 0.0000655580 Loss content:  0.0176 Loss fft:  0.8161 Loss dta_rank:  0.7390 Loss dta_tv:  0.0274 Loss dta_proxy:  0.4153 Loss dta_trans:  0.0074 Loss dta_phys:  0.0071 Loss dta_preserve:  0.0057
EPOCH: 10
Elapsed time: 0.93 Epoch Pixel Loss:  0.0171 Epoch FFT Loss:  0.8174 Epoch DTA Rank:  0.7438 Epoch DTA TV:  0.0269 Epoch DTA Proxy:  0.4307 Epoch DTA Trans:  0.0061 Epoch DTA Phys:  0.0067 Epoch DTA Preserve:  0.0054
DTA_GATE_RAMP epoch=11 gate_limit=0.060000
Time:  0.0819 Epoch: 011 Iter:   50/ 600 LR: 0.0000565424 Loss content:  0.0172 Loss fft:  0.8128 Loss dta_rank:  0.7362 Loss dta_tv:  0.0266 Loss dta_proxy:  0.4323 Loss dta_trans:  0.0056 Loss dta_phys:  0.0069 Loss dta_preserve:  0.0051
Time:  0.0804 Epoch: 011 Iter:  100/ 600 LR: 0.0000565424 Loss content:  0.0169 Loss fft:  0.8222 Loss dta_rank:  0.7420 Loss dta_tv:  0.0266 Loss dta_proxy:  0.4441 Loss dta_trans:  0.0053 Loss dta_phys:  0.0069 Loss dta_preserve:  0.0046
Time:  0.0767 Epoch: 011 Iter:  150/ 600 LR: 0.0000565424 Loss content:  0.0165 Loss fft:  0.8127 Loss dta_rank:  0.7415 Loss dta_tv:  0.0263 Loss dta_proxy:  0.4325 Loss dta_trans:  0.0058 Loss dta_phys:  0.0066 Loss dta_preserve:  0.0056
Time:  0.0756 Epoch: 011 Iter:  200/ 600 LR: 0.0000565424 Loss content:  0.0171 Loss fft:  0.8311 Loss dta_rank:  0.7343 Loss dta_tv:  0.0271 Loss dta_proxy:  0.4140 Loss dta_trans:  0.0051 Loss dta_phys:  0.0068 Loss dta_preserve:  0.0049
Time:  0.0800 Epoch: 011 Iter:  250/ 600 LR: 0.0000565424 Loss content:  0.0166 Loss fft:  0.7896 Loss dta_rank:  0.7458 Loss dta_tv:  0.0272 Loss dta_proxy:  0.4236 Loss dta_trans:  0.0068 Loss dta_phys:  0.0066 Loss dta_preserve:  0.0046
Time:  0.0791 Epoch: 011 Iter:  300/ 600 LR: 0.0000565424 Loss content:  0.0174 Loss fft:  0.8012 Loss dta_rank:  0.7382 Loss dta_tv:  0.0264 Loss dta_proxy:  0.4255 Loss dta_trans:  0.0068 Loss dta_phys:  0.0066 Loss dta_preserve:  0.0056
Time:  0.0806 Epoch: 011 Iter:  350/ 600 LR: 0.0000565424 Loss content:  0.0173 Loss fft:  0.8198 Loss dta_rank:  0.7399 Loss dta_tv:  0.0260 Loss dta_proxy:  0.4376 Loss dta_trans:  0.0063 Loss dta_phys:  0.0069 Loss dta_preserve:  0.0048
Time:  0.0769 Epoch: 011 Iter:  400/ 600 LR: 0.0000565424 Loss content:  0.0165 Loss fft:  0.8293 Loss dta_rank:  0.7495 Loss dta_tv:  0.0266 Loss dta_proxy:  0.4370 Loss dta_trans:  0.0055 Loss dta_phys:  0.0056 Loss dta_preserve:  0.0044
Time:  0.0774 Epoch: 011 Iter:  450/ 600 LR: 0.0000565424 Loss content:  0.0177 Loss fft:  0.8664 Loss dta_rank:  0.7327 Loss dta_tv:  0.0272 Loss dta_proxy:  0.4294 Loss dta_trans:  0.0057 Loss dta_phys:  0.0061 Loss dta_preserve:  0.0044
Time:  0.0742 Epoch: 011 Iter:  500/ 600 LR: 0.0000565424 Loss content:  0.0164 Loss fft:  0.7756 Loss dta_rank:  0.7389 Loss dta_tv:  0.0264 Loss dta_proxy:  0.4415 Loss dta_trans:  0.0061 Loss dta_phys:  0.0076 Loss dta_preserve:  0.0056
Time:  0.0763 Epoch: 011 Iter:  550/ 600 LR: 0.0000565424 Loss content:  0.0180 Loss fft:  0.8438 Loss dta_rank:  0.7385 Loss dta_tv:  0.0272 Loss dta_proxy:  0.4094 Loss dta_trans:  0.0061 Loss dta_phys:  0.0070 Loss dta_preserve:  0.0054
Time:  0.0768 Epoch: 011 Iter:  600/ 600 LR: 0.0000565424 Loss content:  0.0169 Loss fft:  0.8187 Loss dta_rank:  0.7355 Loss dta_tv:  0.0267 Loss dta_proxy:  0.4225 Loss dta_trans:  0.0055 Loss dta_phys:  0.0071 Loss dta_preserve:  0.0046
EPOCH: 11
Elapsed time: 0.94 Epoch Pixel Loss:  0.0170 Epoch FFT Loss:  0.8186 Epoch DTA Rank:  0.7394 Epoch DTA TV:  0.0267 Epoch DTA Proxy:  0.4291 Epoch DTA Trans:  0.0059 Epoch DTA Phys:  0.0067 Epoch DTA Preserve:  0.0050
DTA_GATE_RAMP epoch=12 gate_limit=0.060000
Time:  0.0814 Epoch: 012 Iter:   50/ 600 LR: 0.0000473670 Loss content:  0.0169 Loss fft:  0.8252 Loss dta_rank:  0.7464 Loss dta_tv:  0.0262 Loss dta_proxy:  0.4451 Loss dta_trans:  0.0063 Loss dta_phys:  0.0067 Loss dta_preserve:  0.0041
Time:  0.0780 Epoch: 012 Iter:  100/ 600 LR: 0.0000473670 Loss content:  0.0167 Loss fft:  0.8165 Loss dta_rank:  0.7444 Loss dta_tv:  0.0263 Loss dta_proxy:  0.4367 Loss dta_trans:  0.0060 Loss dta_phys:  0.0066 Loss dta_preserve:  0.0050
Time:  0.0811 Epoch: 012 Iter:  150/ 600 LR: 0.0000473670 Loss content:  0.0168 Loss fft:  0.8150 Loss dta_rank:  0.7413 Loss dta_tv:  0.0263 Loss dta_proxy:  0.4299 Loss dta_trans:  0.0057 Loss dta_phys:  0.0066 Loss dta_preserve:  0.0052
Time:  0.0704 Epoch: 012 Iter:  200/ 600 LR: 0.0000473670 Loss content:  0.0178 Loss fft:  0.8448 Loss dta_rank:  0.7435 Loss dta_tv:  0.0265 Loss dta_proxy:  0.4293 Loss dta_trans:  0.0066 Loss dta_phys:  0.0075 Loss dta_preserve:  0.0051
Time:  0.0723 Epoch: 012 Iter:  250/ 600 LR: 0.0000473670 Loss content:  0.0178 Loss fft:  0.8269 Loss dta_rank:  0.7357 Loss dta_tv:  0.0268 Loss dta_proxy:  0.4178 Loss dta_trans:  0.0057 Loss dta_phys:  0.0060 Loss dta_preserve:  0.0061
Time:  0.0773 Epoch: 012 Iter:  300/ 600 LR: 0.0000473670 Loss content:  0.0174 Loss fft:  0.8085 Loss dta_rank:  0.7338 Loss dta_tv:  0.0260 Loss dta_proxy:  0.4320 Loss dta_trans:  0.0066 Loss dta_phys:  0.0070 Loss dta_preserve:  0.0054
Time:  0.0768 Epoch: 012 Iter:  350/ 600 LR: 0.0000473670 Loss content:  0.0159 Loss fft:  0.7672 Loss dta_rank:  0.7436 Loss dta_tv:  0.0262 Loss dta_proxy:  0.4337 Loss dta_trans:  0.0058 Loss dta_phys:  0.0067 Loss dta_preserve:  0.0036
Time:  0.0775 Epoch: 012 Iter:  400/ 600 LR: 0.0000473670 Loss content:  0.0170 Loss fft:  0.8457 Loss dta_rank:  0.7389 Loss dta_tv:  0.0275 Loss dta_proxy:  0.4176 Loss dta_trans:  0.0061 Loss dta_phys:  0.0061 Loss dta_preserve:  0.0042
Time:  0.0786 Epoch: 012 Iter:  450/ 600 LR: 0.0000473670 Loss content:  0.0166 Loss fft:  0.8074 Loss dta_rank:  0.7357 Loss dta_tv:  0.0268 Loss dta_proxy:  0.4167 Loss dta_trans:  0.0063 Loss dta_phys:  0.0069 Loss dta_preserve:  0.0045
Time:  0.0806 Epoch: 012 Iter:  500/ 600 LR: 0.0000473670 Loss content:  0.0161 Loss fft:  0.7958 Loss dta_rank:  0.7420 Loss dta_tv:  0.0255 Loss dta_proxy:  0.4518 Loss dta_trans:  0.0059 Loss dta_phys:  0.0071 Loss dta_preserve:  0.0041
Time:  0.0749 Epoch: 012 Iter:  550/ 600 LR: 0.0000473670 Loss content:  0.0171 Loss fft:  0.8188 Loss dta_rank:  0.7465 Loss dta_tv:  0.0261 Loss dta_proxy:  0.4291 Loss dta_trans:  0.0063 Loss dta_phys:  0.0064 Loss dta_preserve:  0.0058
Time:  0.0778 Epoch: 012 Iter:  600/ 600 LR: 0.0000473670 Loss content:  0.0172 Loss fft:  0.8086 Loss dta_rank:  0.7465 Loss dta_tv:  0.0265 Loss dta_proxy:  0.4286 Loss dta_trans:  0.0051 Loss dta_phys:  0.0068 Loss dta_preserve:  0.0046
EPOCH: 12
Elapsed time: 0.93 Epoch Pixel Loss:  0.0170 Epoch FFT Loss:  0.8150 Epoch DTA Rank:  0.7415 Epoch DTA TV:  0.0264 Epoch DTA Proxy:  0.4307 Epoch DTA Trans:  0.0060 Epoch DTA Phys:  0.0067 Epoch DTA Preserve:  0.0048
DTA_GATE_RAMP epoch=13 gate_limit=0.060000
Time:  0.0834 Epoch: 013 Iter:   50/ 600 LR: 0.0000383414 Loss content:  0.0177 Loss fft:  0.8113 Loss dta_rank:  0.7362 Loss dta_tv:  0.0272 Loss dta_proxy:  0.4121 Loss dta_trans:  0.0066 Loss dta_phys:  0.0065 Loss dta_preserve:  0.0040
Time:  0.0792 Epoch: 013 Iter:  100/ 600 LR: 0.0000383414 Loss content:  0.0173 Loss fft:  0.8116 Loss dta_rank:  0.7394 Loss dta_tv:  0.0265 Loss dta_proxy:  0.4279 Loss dta_trans:  0.0058 Loss dta_phys:  0.0071 Loss dta_preserve:  0.0066
Time:  0.0778 Epoch: 013 Iter:  150/ 600 LR: 0.0000383414 Loss content:  0.0173 Loss fft:  0.8312 Loss dta_rank:  0.7403 Loss dta_tv:  0.0260 Loss dta_proxy:  0.4420 Loss dta_trans:  0.0051 Loss dta_phys:  0.0072 Loss dta_preserve:  0.0060
Time:  0.0792 Epoch: 013 Iter:  200/ 600 LR: 0.0000383414 Loss content:  0.0166 Loss fft:  0.8013 Loss dta_rank:  0.7378 Loss dta_tv:  0.0271 Loss dta_proxy:  0.4353 Loss dta_trans:  0.0064 Loss dta_phys:  0.0071 Loss dta_preserve:  0.0049
Time:  0.0701 Epoch: 013 Iter:  250/ 600 LR: 0.0000383414 Loss content:  0.0170 Loss fft:  0.7939 Loss dta_rank:  0.7464 Loss dta_tv:  0.0262 Loss dta_proxy:  0.4412 Loss dta_trans:  0.0063 Loss dta_phys:  0.0066 Loss dta_preserve:  0.0063
Time:  0.0742 Epoch: 013 Iter:  300/ 600 LR: 0.0000383414 Loss content:  0.0178 Loss fft:  0.8724 Loss dta_rank:  0.7439 Loss dta_tv:  0.0267 Loss dta_proxy:  0.4145 Loss dta_trans:  0.0060 Loss dta_phys:  0.0062 Loss dta_preserve:  0.0066
Time:  0.0799 Epoch: 013 Iter:  350/ 600 LR: 0.0000383414 Loss content:  0.0169 Loss fft:  0.8271 Loss dta_rank:  0.7375 Loss dta_tv:  0.0268 Loss dta_proxy:  0.4142 Loss dta_trans:  0.0063 Loss dta_phys:  0.0069 Loss dta_preserve:  0.0072
Time:  0.0796 Epoch: 013 Iter:  400/ 600 LR: 0.0000383414 Loss content:  0.0177 Loss fft:  0.8181 Loss dta_rank:  0.7367 Loss dta_tv:  0.0259 Loss dta_proxy:  0.4326 Loss dta_trans:  0.0062 Loss dta_phys:  0.0070 Loss dta_preserve:  0.0048
Time:  0.0776 Epoch: 013 Iter:  450/ 600 LR: 0.0000383414 Loss content:  0.0171 Loss fft:  0.8278 Loss dta_rank:  0.7383 Loss dta_tv:  0.0268 Loss dta_proxy:  0.4252 Loss dta_trans:  0.0062 Loss dta_phys:  0.0071 Loss dta_preserve:  0.0065
Time:  0.0763 Epoch: 013 Iter:  500/ 600 LR: 0.0000383414 Loss content:  0.0167 Loss fft:  0.8244 Loss dta_rank:  0.7350 Loss dta_tv:  0.0262 Loss dta_proxy:  0.4342 Loss dta_trans:  0.0052 Loss dta_phys:  0.0061 Loss dta_preserve:  0.0056
Time:  0.0787 Epoch: 013 Iter:  550/ 600 LR: 0.0000383414 Loss content:  0.0175 Loss fft:  0.8471 Loss dta_rank:  0.7443 Loss dta_tv:  0.0262 Loss dta_proxy:  0.4432 Loss dta_trans:  0.0059 Loss dta_phys:  0.0065 Loss dta_preserve:  0.0064
Time:  0.0817 Epoch: 013 Iter:  600/ 600 LR: 0.0000383414 Loss content:  0.0168 Loss fft:  0.8166 Loss dta_rank:  0.7356 Loss dta_tv:  0.0267 Loss dta_proxy:  0.4182 Loss dta_trans:  0.0057 Loss dta_phys:  0.0069 Loss dta_preserve:  0.0042
EPOCH: 13
Elapsed time: 0.94 Epoch Pixel Loss:  0.0172 Epoch FFT Loss:  0.8236 Epoch DTA Rank:  0.7393 Epoch DTA TV:  0.0265 Epoch DTA Proxy:  0.4284 Epoch DTA Trans:  0.0060 Epoch DTA Phys:  0.0068 Epoch DTA Preserve:  0.0058
DTA_GATE_RAMP epoch=14 gate_limit=0.060000
Time:  0.0824 Epoch: 014 Iter:   50/ 600 LR: 0.0000297690 Loss content:  0.0178 Loss fft:  0.8215 Loss dta_rank:  0.7479 Loss dta_tv:  0.0264 Loss dta_proxy:  0.4321 Loss dta_trans:  0.0061 Loss dta_phys:  0.0072 Loss dta_preserve:  0.0053
Time:  0.0787 Epoch: 014 Iter:  100/ 600 LR: 0.0000297690 Loss content:  0.0160 Loss fft:  0.7895 Loss dta_rank:  0.7429 Loss dta_tv:  0.0263 Loss dta_proxy:  0.4422 Loss dta_trans:  0.0057 Loss dta_phys:  0.0072 Loss dta_preserve:  0.0047
Time:  0.0786 Epoch: 014 Iter:  150/ 600 LR: 0.0000297690 Loss content:  0.0170 Loss fft:  0.8245 Loss dta_rank:  0.7437 Loss dta_tv:  0.0263 Loss dta_proxy:  0.4352 Loss dta_trans:  0.0056 Loss dta_phys:  0.0067 Loss dta_preserve:  0.0053
Time:  0.0768 Epoch: 014 Iter:  200/ 600 LR: 0.0000297690 Loss content:  0.0171 Loss fft:  0.8273 Loss dta_rank:  0.7455 Loss dta_tv:  0.0264 Loss dta_proxy:  0.4274 Loss dta_trans:  0.0056 Loss dta_phys:  0.0061 Loss dta_preserve:  0.0044
Time:  0.0773 Epoch: 014 Iter:  250/ 600 LR: 0.0000297690 Loss content:  0.0182 Loss fft:  0.8191 Loss dta_rank:  0.7466 Loss dta_tv:  0.0258 Loss dta_proxy:  0.4519 Loss dta_trans:  0.0061 Loss dta_phys:  0.0059 Loss dta_preserve:  0.0061
Time:  0.0690 Epoch: 014 Iter:  300/ 600 LR: 0.0000297690 Loss content:  0.0169 Loss fft:  0.8059 Loss dta_rank:  0.7397 Loss dta_tv:  0.0263 Loss dta_proxy:  0.4401 Loss dta_trans:  0.0052 Loss dta_phys:  0.0068 Loss dta_preserve:  0.0041
Time:  0.0652 Epoch: 014 Iter:  350/ 600 LR: 0.0000297690 Loss content:  0.0177 Loss fft:  0.8533 Loss dta_rank:  0.7371 Loss dta_tv:  0.0267 Loss dta_proxy:  0.4170 Loss dta_trans:  0.0059 Loss dta_phys:  0.0065 Loss dta_preserve:  0.0043
Time:  0.0672 Epoch: 014 Iter:  400/ 600 LR: 0.0000297690 Loss content:  0.0172 Loss fft:  0.8162 Loss dta_rank:  0.7455 Loss dta_tv:  0.0263 Loss dta_proxy:  0.4247 Loss dta_trans:  0.0060 Loss dta_phys:  0.0073 Loss dta_preserve:  0.0055
Time:  0.0661 Epoch: 014 Iter:  450/ 600 LR: 0.0000297690 Loss content:  0.0178 Loss fft:  0.8456 Loss dta_rank:  0.7393 Loss dta_tv:  0.0266 Loss dta_proxy:  0.4153 Loss dta_trans:  0.0059 Loss dta_phys:  0.0063 Loss dta_preserve:  0.0056
Time:  0.0711 Epoch: 014 Iter:  500/ 600 LR: 0.0000297690 Loss content:  0.0173 Loss fft:  0.8117 Loss dta_rank:  0.7346 Loss dta_tv:  0.0265 Loss dta_proxy:  0.4221 Loss dta_trans:  0.0056 Loss dta_phys:  0.0063 Loss dta_preserve:  0.0061
Time:  0.0791 Epoch: 014 Iter:  550/ 600 LR: 0.0000297690 Loss content:  0.0167 Loss fft:  0.7983 Loss dta_rank:  0.7392 Loss dta_tv:  0.0257 Loss dta_proxy:  0.4531 Loss dta_trans:  0.0057 Loss dta_phys:  0.0070 Loss dta_preserve:  0.0053
Time:  0.0785 Epoch: 014 Iter:  600/ 600 LR: 0.0000297690 Loss content:  0.0166 Loss fft:  0.8262 Loss dta_rank:  0.7366 Loss dta_tv:  0.0261 Loss dta_proxy:  0.4212 Loss dta_trans:  0.0054 Loss dta_phys:  0.0068 Loss dta_preserve:  0.0040
EPOCH: 14
Elapsed time: 0.89 Epoch Pixel Loss:  0.0172 Epoch FFT Loss:  0.8199 Epoch DTA Rank:  0.7415 Epoch DTA TV:  0.0263 Epoch DTA Proxy:  0.4318 Epoch DTA Trans:  0.0057 Epoch DTA Phys:  0.0067 Epoch DTA Preserve:  0.0051
DTA_GATE_RAMP epoch=15 gate_limit=0.060000
Time:  0.0844 Epoch: 015 Iter:   50/ 600 LR: 0.0000219361 Loss content:  0.0172 Loss fft:  0.8053 Loss dta_rank:  0.7398 Loss dta_tv:  0.0261 Loss dta_proxy:  0.4457 Loss dta_trans:  0.0061 Loss dta_phys:  0.0066 Loss dta_preserve:  0.0058
Time:  0.0773 Epoch: 015 Iter:  100/ 600 LR: 0.0000219361 Loss content:  0.0171 Loss fft:  0.8016 Loss dta_rank:  0.7391 Loss dta_tv:  0.0264 Loss dta_proxy:  0.4277 Loss dta_trans:  0.0063 Loss dta_phys:  0.0066 Loss dta_preserve:  0.0042
Time:  0.0764 Epoch: 015 Iter:  150/ 600 LR: 0.0000219361 Loss content:  0.0180 Loss fft:  0.8461 Loss dta_rank:  0.7404 Loss dta_tv:  0.0268 Loss dta_proxy:  0.4203 Loss dta_trans:  0.0061 Loss dta_phys:  0.0070 Loss dta_preserve:  0.0049
Time:  0.0779 Epoch: 015 Iter:  200/ 600 LR: 0.0000219361 Loss content:  0.0165 Loss fft:  0.8094 Loss dta_rank:  0.7384 Loss dta_tv:  0.0271 Loss dta_proxy:  0.4097 Loss dta_trans:  0.0068 Loss dta_phys:  0.0073 Loss dta_preserve:  0.0045
Time:  0.0798 Epoch: 015 Iter:  250/ 600 LR: 0.0000219361 Loss content:  0.0169 Loss fft:  0.7920 Loss dta_rank:  0.7385 Loss dta_tv:  0.0263 Loss dta_proxy:  0.4384 Loss dta_trans:  0.0061 Loss dta_phys:  0.0070 Loss dta_preserve:  0.0046
Time:  0.0811 Epoch: 015 Iter:  300/ 600 LR: 0.0000219361 Loss content:  0.0170 Loss fft:  0.8223 Loss dta_rank:  0.7402 Loss dta_tv:  0.0263 Loss dta_proxy:  0.4485 Loss dta_trans:  0.0057 Loss dta_phys:  0.0069 Loss dta_preserve:  0.0051
Time:  0.0718 Epoch: 015 Iter:  350/ 600 LR: 0.0000219361 Loss content:  0.0177 Loss fft:  0.8188 Loss dta_rank:  0.7429 Loss dta_tv:  0.0269 Loss dta_proxy:  0.4211 Loss dta_trans:  0.0058 Loss dta_phys:  0.0069 Loss dta_preserve:  0.0069
Time:  0.0652 Epoch: 015 Iter:  400/ 600 LR: 0.0000219361 Loss content:  0.0166 Loss fft:  0.7951 Loss dta_rank:  0.7393 Loss dta_tv:  0.0258 Loss dta_proxy:  0.4349 Loss dta_trans:  0.0055 Loss dta_phys:  0.0074 Loss dta_preserve:  0.0057
Time:  0.0776 Epoch: 015 Iter:  450/ 600 LR: 0.0000219361 Loss content:  0.0175 Loss fft:  0.8377 Loss dta_rank:  0.7431 Loss dta_tv:  0.0262 Loss dta_proxy:  0.4481 Loss dta_trans:  0.0054 Loss dta_phys:  0.0078 Loss dta_preserve:  0.0054
Time:  0.0771 Epoch: 015 Iter:  500/ 600 LR: 0.0000219361 Loss content:  0.0177 Loss fft:  0.8755 Loss dta_rank:  0.7448 Loss dta_tv:  0.0265 Loss dta_proxy:  0.4290 Loss dta_trans:  0.0053 Loss dta_phys:  0.0062 Loss dta_preserve:  0.0040
Time:  0.0802 Epoch: 015 Iter:  550/ 600 LR: 0.0000219361 Loss content:  0.0179 Loss fft:  0.8401 Loss dta_rank:  0.7346 Loss dta_tv:  0.0265 Loss dta_proxy:  0.4210 Loss dta_trans:  0.0047 Loss dta_phys:  0.0057 Loss dta_preserve:  0.0074
Time:  0.0806 Epoch: 015 Iter:  600/ 600 LR: 0.0000219361 Loss content:  0.0174 Loss fft:  0.8479 Loss dta_rank:  0.7458 Loss dta_tv:  0.0255 Loss dta_proxy:  0.4504 Loss dta_trans:  0.0053 Loss dta_phys:  0.0058 Loss dta_preserve:  0.0052
EPOCH: 15
Elapsed time: 0.94 Epoch Pixel Loss:  0.0173 Epoch FFT Loss:  0.8243 Epoch DTA Rank:  0.7406 Epoch DTA TV:  0.0264 Epoch DTA Proxy:  0.4329 Epoch DTA Trans:  0.0058 Epoch DTA Phys:  0.0068 Epoch DTA Preserve:  0.0053
DTA_GATE_RAMP epoch=16 gate_limit=0.060000
Time:  0.0822 Epoch: 016 Iter:   50/ 600 LR: 0.0000151017 Loss content:  0.0181 Loss fft:  0.8309 Loss dta_rank:  0.7435 Loss dta_tv:  0.0260 Loss dta_proxy:  0.4515 Loss dta_trans:  0.0056 Loss dta_phys:  0.0065 Loss dta_preserve:  0.0070
Time:  0.0779 Epoch: 016 Iter:  100/ 600 LR: 0.0000151017 Loss content:  0.0180 Loss fft:  0.8561 Loss dta_rank:  0.7445 Loss dta_tv:  0.0256 Loss dta_proxy:  0.4463 Loss dta_trans:  0.0054 Loss dta_phys:  0.0067 Loss dta_preserve:  0.0047
Time:  0.0766 Epoch: 016 Iter:  150/ 600 LR: 0.0000151017 Loss content:  0.0169 Loss fft:  0.8253 Loss dta_rank:  0.7492 Loss dta_tv:  0.0262 Loss dta_proxy:  0.4350 Loss dta_trans:  0.0054 Loss dta_phys:  0.0059 Loss dta_preserve:  0.0042
Time:  0.0775 Epoch: 016 Iter:  200/ 600 LR: 0.0000151017 Loss content:  0.0163 Loss fft:  0.7711 Loss dta_rank:  0.7343 Loss dta_tv:  0.0266 Loss dta_proxy:  0.4125 Loss dta_trans:  0.0058 Loss dta_phys:  0.0063 Loss dta_preserve:  0.0042
Time:  0.0727 Epoch: 016 Iter:  250/ 600 LR: 0.0000151017 Loss content:  0.0167 Loss fft:  0.7989 Loss dta_rank:  0.7366 Loss dta_tv:  0.0263 Loss dta_proxy:  0.4243 Loss dta_trans:  0.0070 Loss dta_phys:  0.0069 Loss dta_preserve:  0.0047
Time:  0.0759 Epoch: 016 Iter:  300/ 600 LR: 0.0000151017 Loss content:  0.0174 Loss fft:  0.8650 Loss dta_rank:  0.7392 Loss dta_tv:  0.0261 Loss dta_proxy:  0.4429 Loss dta_trans:  0.0060 Loss dta_phys:  0.0070 Loss dta_preserve:  0.0062
Time:  0.0758 Epoch: 016 Iter:  350/ 600 LR: 0.0000151017 Loss content:  0.0168 Loss fft:  0.8234 Loss dta_rank:  0.7398 Loss dta_tv:  0.0270 Loss dta_proxy:  0.4232 Loss dta_trans:  0.0068 Loss dta_phys:  0.0067 Loss dta_preserve:  0.0053
Time:  0.0775 Epoch: 016 Iter:  400/ 600 LR: 0.0000151017 Loss content:  0.0164 Loss fft:  0.7793 Loss dta_rank:  0.7378 Loss dta_tv:  0.0253 Loss dta_proxy:  0.4498 Loss dta_trans:  0.0053 Loss dta_phys:  0.0070 Loss dta_preserve:  0.0063
Time:  0.0770 Epoch: 016 Iter:  450/ 600 LR: 0.0000151017 Loss content:  0.0177 Loss fft:  0.8298 Loss dta_rank:  0.7422 Loss dta_tv:  0.0254 Loss dta_proxy:  0.4411 Loss dta_trans:  0.0050 Loss dta_phys:  0.0070 Loss dta_preserve:  0.0056
Time:  0.0789 Epoch: 016 Iter:  500/ 600 LR: 0.0000151017 Loss content:  0.0166 Loss fft:  0.8014 Loss dta_rank:  0.7446 Loss dta_tv:  0.0260 Loss dta_proxy:  0.4248 Loss dta_trans:  0.0051 Loss dta_phys:  0.0069 Loss dta_preserve:  0.0068
Time:  0.0777 Epoch: 016 Iter:  550/ 600 LR: 0.0000151017 Loss content:  0.0172 Loss fft:  0.8224 Loss dta_rank:  0.7436 Loss dta_tv:  0.0263 Loss dta_proxy:  0.4272 Loss dta_trans:  0.0067 Loss dta_phys:  0.0070 Loss dta_preserve:  0.0056
Time:  0.0759 Epoch: 016 Iter:  600/ 600 LR: 0.0000151017 Loss content:  0.0171 Loss fft:  0.8345 Loss dta_rank:  0.7378 Loss dta_tv:  0.0264 Loss dta_proxy:  0.4214 Loss dta_trans:  0.0064 Loss dta_phys:  0.0067 Loss dta_preserve:  0.0054
EPOCH: 16
Elapsed time: 0.93 Epoch Pixel Loss:  0.0171 Epoch FFT Loss:  0.8198 Epoch DTA Rank:  0.7411 Epoch DTA TV:  0.0261 Epoch DTA Proxy:  0.4333 Epoch DTA Trans:  0.0059 Epoch DTA Phys:  0.0067 Epoch DTA Preserve:  0.0055
DTA_GATE_RAMP epoch=17 gate_limit=0.060000
Time:  0.0811 Epoch: 017 Iter:   50/ 600 LR: 0.0000094853 Loss content:  0.0172 Loss fft:  0.8161 Loss dta_rank:  0.7432 Loss dta_tv:  0.0251 Loss dta_proxy:  0.4566 Loss dta_trans:  0.0051 Loss dta_phys:  0.0077 Loss dta_preserve:  0.0049
Time:  0.0743 Epoch: 017 Iter:  100/ 600 LR: 0.0000094853 Loss content:  0.0172 Loss fft:  0.8341 Loss dta_rank:  0.7366 Loss dta_tv:  0.0253 Loss dta_proxy:  0.4310 Loss dta_trans:  0.0058 Loss dta_phys:  0.0065 Loss dta_preserve:  0.0049
Time:  0.0785 Epoch: 017 Iter:  150/ 600 LR: 0.0000094853 Loss content:  0.0173 Loss fft:  0.8168 Loss dta_rank:  0.7468 Loss dta_tv:  0.0260 Loss dta_proxy:  0.4321 Loss dta_trans:  0.0049 Loss dta_phys:  0.0061 Loss dta_preserve:  0.0054
Time:  0.0684 Epoch: 017 Iter:  200/ 600 LR: 0.0000094853 Loss content:  0.0168 Loss fft:  0.8184 Loss dta_rank:  0.7390 Loss dta_tv:  0.0265 Loss dta_proxy:  0.4129 Loss dta_trans:  0.0052 Loss dta_phys:  0.0067 Loss dta_preserve:  0.0048
Time:  0.0648 Epoch: 017 Iter:  250/ 600 LR: 0.0000094853 Loss content:  0.0168 Loss fft:  0.8109 Loss dta_rank:  0.7335 Loss dta_tv:  0.0264 Loss dta_proxy:  0.4354 Loss dta_trans:  0.0063 Loss dta_phys:  0.0068 Loss dta_preserve:  0.0063
Time:  0.0766 Epoch: 017 Iter:  300/ 600 LR: 0.0000094853 Loss content:  0.0173 Loss fft:  0.8056 Loss dta_rank:  0.7391 Loss dta_tv:  0.0267 Loss dta_proxy:  0.4189 Loss dta_trans:  0.0060 Loss dta_phys:  0.0067 Loss dta_preserve:  0.0074
Time:  0.0771 Epoch: 017 Iter:  350/ 600 LR: 0.0000094853 Loss content:  0.0171 Loss fft:  0.8155 Loss dta_rank:  0.7495 Loss dta_tv:  0.0273 Loss dta_proxy:  0.4140 Loss dta_trans:  0.0059 Loss dta_phys:  0.0069 Loss dta_preserve:  0.0052
Time:  0.0807 Epoch: 017 Iter:  400/ 600 LR: 0.0000094853 Loss content:  0.0170 Loss fft:  0.8098 Loss dta_rank:  0.7357 Loss dta_tv:  0.0261 Loss dta_proxy:  0.4242 Loss dta_trans:  0.0061 Loss dta_phys:  0.0068 Loss dta_preserve:  0.0047
Time:  0.0749 Epoch: 017 Iter:  450/ 600 LR: 0.0000094853 Loss content:  0.0169 Loss fft:  0.8380 Loss dta_rank:  0.7323 Loss dta_tv:  0.0266 Loss dta_proxy:  0.4189 Loss dta_trans:  0.0057 Loss dta_phys:  0.0065 Loss dta_preserve:  0.0065
Time:  0.0751 Epoch: 017 Iter:  500/ 600 LR: 0.0000094853 Loss content:  0.0165 Loss fft:  0.7903 Loss dta_rank:  0.7422 Loss dta_tv:  0.0261 Loss dta_proxy:  0.4308 Loss dta_trans:  0.0063 Loss dta_phys:  0.0066 Loss dta_preserve:  0.0041
Time:  0.0726 Epoch: 017 Iter:  550/ 600 LR: 0.0000094853 Loss content:  0.0181 Loss fft:  0.8441 Loss dta_rank:  0.7389 Loss dta_tv:  0.0259 Loss dta_proxy:  0.4296 Loss dta_trans:  0.0054 Loss dta_phys:  0.0069 Loss dta_preserve:  0.0060
Time:  0.0729 Epoch: 017 Iter:  600/ 600 LR: 0.0000094853 Loss content:  0.0175 Loss fft:  0.8149 Loss dta_rank:  0.7405 Loss dta_tv:  0.0256 Loss dta_proxy:  0.4393 Loss dta_trans:  0.0066 Loss dta_phys:  0.0065 Loss dta_preserve:  0.0052
EPOCH: 17
Elapsed time: 0.90 Epoch Pixel Loss:  0.0172 Epoch FFT Loss:  0.8179 Epoch DTA Rank:  0.7398 Epoch DTA TV:  0.0261 Epoch DTA Proxy:  0.4286 Epoch DTA Trans:  0.0058 Epoch DTA Phys:  0.0067 Epoch DTA Preserve:  0.0054
DTA_GATE_RAMP epoch=18 gate_limit=0.060000
Time:  0.0815 Epoch: 018 Iter:   50/ 600 LR: 0.0000052550 Loss content:  0.0161 Loss fft:  0.7780 Loss dta_rank:  0.7390 Loss dta_tv:  0.0263 Loss dta_proxy:  0.4270 Loss dta_trans:  0.0067 Loss dta_phys:  0.0074 Loss dta_preserve:  0.0049
Time:  0.0772 Epoch: 018 Iter:  100/ 600 LR: 0.0000052550 Loss content:  0.0173 Loss fft:  0.8226 Loss dta_rank:  0.7374 Loss dta_tv:  0.0254 Loss dta_proxy:  0.4474 Loss dta_trans:  0.0060 Loss dta_phys:  0.0074 Loss dta_preserve:  0.0051
Time:  0.0739 Epoch: 018 Iter:  150/ 600 LR: 0.0000052550 Loss content:  0.0166 Loss fft:  0.8024 Loss dta_rank:  0.7354 Loss dta_tv:  0.0259 Loss dta_proxy:  0.4235 Loss dta_trans:  0.0053 Loss dta_phys:  0.0069 Loss dta_preserve:  0.0057
Time:  0.0768 Epoch: 018 Iter:  200/ 600 LR: 0.0000052550 Loss content:  0.0168 Loss fft:  0.8267 Loss dta_rank:  0.7462 Loss dta_tv:  0.0265 Loss dta_proxy:  0.4345 Loss dta_trans:  0.0059 Loss dta_phys:  0.0065 Loss dta_preserve:  0.0051
Time:  0.0771 Epoch: 018 Iter:  250/ 600 LR: 0.0000052550 Loss content:  0.0182 Loss fft:  0.8518 Loss dta_rank:  0.7443 Loss dta_tv:  0.0260 Loss dta_proxy:  0.4394 Loss dta_trans:  0.0059 Loss dta_phys:  0.0071 Loss dta_preserve:  0.0061
Time:  0.0775 Epoch: 018 Iter:  300/ 600 LR: 0.0000052550 Loss content:  0.0167 Loss fft:  0.7996 Loss dta_rank:  0.7333 Loss dta_tv:  0.0260 Loss dta_proxy:  0.4372 Loss dta_trans:  0.0052 Loss dta_phys:  0.0063 Loss dta_preserve:  0.0040
Time:  0.0696 Epoch: 018 Iter:  350/ 600 LR: 0.0000052550 Loss content:  0.0169 Loss fft:  0.7776 Loss dta_rank:  0.7388 Loss dta_tv:  0.0262 Loss dta_proxy:  0.4279 Loss dta_trans:  0.0058 Loss dta_phys:  0.0066 Loss dta_preserve:  0.0040
Time:  0.0710 Epoch: 018 Iter:  400/ 600 LR: 0.0000052550 Loss content:  0.0174 Loss fft:  0.8197 Loss dta_rank:  0.7351 Loss dta_tv:  0.0264 Loss dta_proxy:  0.4181 Loss dta_trans:  0.0060 Loss dta_phys:  0.0065 Loss dta_preserve:  0.0046
Time:  0.0704 Epoch: 018 Iter:  450/ 600 LR: 0.0000052550 Loss content:  0.0185 Loss fft:  0.8496 Loss dta_rank:  0.7423 Loss dta_tv:  0.0260 Loss dta_proxy:  0.4362 Loss dta_trans:  0.0064 Loss dta_phys:  0.0063 Loss dta_preserve:  0.0058
Time:  0.0679 Epoch: 018 Iter:  500/ 600 LR: 0.0000052550 Loss content:  0.0174 Loss fft:  0.8008 Loss dta_rank:  0.7382 Loss dta_tv:  0.0253 Loss dta_proxy:  0.4433 Loss dta_trans:  0.0053 Loss dta_phys:  0.0068 Loss dta_preserve:  0.0051
Time:  0.0778 Epoch: 018 Iter:  550/ 600 LR: 0.0000052550 Loss content:  0.0177 Loss fft:  0.8436 Loss dta_rank:  0.7443 Loss dta_tv:  0.0260 Loss dta_proxy:  0.4318 Loss dta_trans:  0.0052 Loss dta_phys:  0.0069 Loss dta_preserve:  0.0051
Time:  0.0748 Epoch: 018 Iter:  600/ 600 LR: 0.0000052550 Loss content:  0.0174 Loss fft:  0.8617 Loss dta_rank:  0.7508 Loss dta_tv:  0.0265 Loss dta_proxy:  0.4420 Loss dta_trans:  0.0057 Loss dta_phys:  0.0061 Loss dta_preserve:  0.0057
EPOCH: 18
Elapsed time: 0.90 Epoch Pixel Loss:  0.0173 Epoch FFT Loss:  0.8195 Epoch DTA Rank:  0.7404 Epoch DTA TV:  0.0260 Epoch DTA Proxy:  0.4340 Epoch DTA Trans:  0.0058 Epoch DTA Phys:  0.0067 Epoch DTA Preserve:  0.0051
DTA_GATE_RAMP epoch=19 gate_limit=0.060000
Time:  0.0834 Epoch: 019 Iter:   50/ 600 LR: 0.0000025070 Loss content:  0.0175 Loss fft:  0.8717 Loss dta_rank:  0.7428 Loss dta_tv:  0.0266 Loss dta_proxy:  0.4366 Loss dta_trans:  0.0052 Loss dta_phys:  0.0065 Loss dta_preserve:  0.0045
Time:  0.0782 Epoch: 019 Iter:  100/ 600 LR: 0.0000025070 Loss content:  0.0170 Loss fft:  0.8208 Loss dta_rank:  0.7381 Loss dta_tv:  0.0267 Loss dta_proxy:  0.4214 Loss dta_trans:  0.0067 Loss dta_phys:  0.0060 Loss dta_preserve:  0.0052
Time:  0.0771 Epoch: 019 Iter:  150/ 600 LR: 0.0000025070 Loss content:  0.0175 Loss fft:  0.8190 Loss dta_rank:  0.7398 Loss dta_tv:  0.0264 Loss dta_proxy:  0.4290 Loss dta_trans:  0.0063 Loss dta_phys:  0.0062 Loss dta_preserve:  0.0075
Time:  0.0750 Epoch: 019 Iter:  200/ 600 LR: 0.0000025070 Loss content:  0.0176 Loss fft:  0.8337 Loss dta_rank:  0.7484 Loss dta_tv:  0.0258 Loss dta_proxy:  0.4392 Loss dta_trans:  0.0056 Loss dta_phys:  0.0066 Loss dta_preserve:  0.0058
Time:  0.0735 Epoch: 019 Iter:  250/ 600 LR: 0.0000025070 Loss content:  0.0173 Loss fft:  0.8270 Loss dta_rank:  0.7348 Loss dta_tv:  0.0257 Loss dta_proxy:  0.4371 Loss dta_trans:  0.0063 Loss dta_phys:  0.0072 Loss dta_preserve:  0.0052
Time:  0.0771 Epoch: 019 Iter:  300/ 600 LR: 0.0000025070 Loss content:  0.0167 Loss fft:  0.7936 Loss dta_rank:  0.7395 Loss dta_tv:  0.0256 Loss dta_proxy:  0.4381 Loss dta_trans:  0.0060 Loss dta_phys:  0.0075 Loss dta_preserve:  0.0058
Time:  0.0747 Epoch: 019 Iter:  350/ 600 LR: 0.0000025070 Loss content:  0.0170 Loss fft:  0.7966 Loss dta_rank:  0.7419 Loss dta_tv:  0.0259 Loss dta_proxy:  0.4262 Loss dta_trans:  0.0057 Loss dta_phys:  0.0073 Loss dta_preserve:  0.0054
Time:  0.0767 Epoch: 019 Iter:  400/ 600 LR: 0.0000025070 Loss content:  0.0170 Loss fft:  0.8033 Loss dta_rank:  0.7365 Loss dta_tv:  0.0257 Loss dta_proxy:  0.4352 Loss dta_trans:  0.0053 Loss dta_phys:  0.0072 Loss dta_preserve:  0.0056
Time:  0.0763 Epoch: 019 Iter:  450/ 600 LR: 0.0000025070 Loss content:  0.0171 Loss fft:  0.8458 Loss dta_rank:  0.7429 Loss dta_tv:  0.0263 Loss dta_proxy:  0.4272 Loss dta_trans:  0.0049 Loss dta_phys:  0.0069 Loss dta_preserve:  0.0049
Time:  0.0742 Epoch: 019 Iter:  500/ 600 LR: 0.0000025070 Loss content:  0.0174 Loss fft:  0.8311 Loss dta_rank:  0.7439 Loss dta_tv:  0.0262 Loss dta_proxy:  0.4295 Loss dta_trans:  0.0053 Loss dta_phys:  0.0067 Loss dta_preserve:  0.0049
Time:  0.0772 Epoch: 019 Iter:  550/ 600 LR: 0.0000025070 Loss content:  0.0171 Loss fft:  0.8064 Loss dta_rank:  0.7374 Loss dta_tv:  0.0258 Loss dta_proxy:  0.4355 Loss dta_trans:  0.0050 Loss dta_phys:  0.0065 Loss dta_preserve:  0.0049
Time:  0.0726 Epoch: 019 Iter:  600/ 600 LR: 0.0000025070 Loss content:  0.0173 Loss fft:  0.8117 Loss dta_rank:  0.7415 Loss dta_tv:  0.0259 Loss dta_proxy:  0.4501 Loss dta_trans:  0.0060 Loss dta_phys:  0.0062 Loss dta_preserve:  0.0046
EPOCH: 19
Elapsed time: 0.92 Epoch Pixel Loss:  0.0172 Epoch FFT Loss:  0.8217 Epoch DTA Rank:  0.7406 Epoch DTA TV:  0.0260 Epoch DTA Proxy:  0.4338 Epoch DTA Trans:  0.0057 Epoch DTA Phys:  0.0067 Epoch DTA Preserve:  0.0054
DTA_GATE_RAMP epoch=20 gate_limit=0.060000
Time:  0.0807 Epoch: 020 Iter:   50/ 600 LR: 0.0000012125 Loss content:  0.0162 Loss fft:  0.7836 Loss dta_rank:  0.7347 Loss dta_tv:  0.0258 Loss dta_proxy:  0.4304 Loss dta_trans:  0.0063 Loss dta_phys:  0.0068 Loss dta_preserve:  0.0039
Time:  0.0765 Epoch: 020 Iter:  100/ 600 LR: 0.0000012125 Loss content:  0.0161 Loss fft:  0.7848 Loss dta_rank:  0.7411 Loss dta_tv:  0.0267 Loss dta_proxy:  0.4086 Loss dta_trans:  0.0059 Loss dta_phys:  0.0066 Loss dta_preserve:  0.0041
Time:  0.0749 Epoch: 020 Iter:  150/ 600 LR: 0.0000012125 Loss content:  0.0174 Loss fft:  0.8337 Loss dta_rank:  0.7397 Loss dta_tv:  0.0259 Loss dta_proxy:  0.4264 Loss dta_trans:  0.0057 Loss dta_phys:  0.0068 Loss dta_preserve:  0.0048
Time:  0.0716 Epoch: 020 Iter:  200/ 600 LR: 0.0000012125 Loss content:  0.0185 Loss fft:  0.8788 Loss dta_rank:  0.7426 Loss dta_tv:  0.0259 Loss dta_proxy:  0.4432 Loss dta_trans:  0.0056 Loss dta_phys:  0.0062 Loss dta_preserve:  0.0047
Time:  0.0749 Epoch: 020 Iter:  250/ 600 LR: 0.0000012125 Loss content:  0.0166 Loss fft:  0.8054 Loss dta_rank:  0.7387 Loss dta_tv:  0.0262 Loss dta_proxy:  0.4325 Loss dta_trans:  0.0047 Loss dta_phys:  0.0070 Loss dta_preserve:  0.0041
Time:  0.0755 Epoch: 020 Iter:  300/ 600 LR: 0.0000012125 Loss content:  0.0179 Loss fft:  0.8246 Loss dta_rank:  0.7396 Loss dta_tv:  0.0261 Loss dta_proxy:  0.4350 Loss dta_trans:  0.0059 Loss dta_phys:  0.0066 Loss dta_preserve:  0.0056
Time:  0.0761 Epoch: 020 Iter:  350/ 600 LR: 0.0000012125 Loss content:  0.0177 Loss fft:  0.8571 Loss dta_rank:  0.7354 Loss dta_tv:  0.0265 Loss dta_proxy:  0.4327 Loss dta_trans:  0.0056 Loss dta_phys:  0.0070 Loss dta_preserve:  0.0056
Time:  0.0753 Epoch: 020 Iter:  400/ 600 LR: 0.0000012125 Loss content:  0.0176 Loss fft:  0.8239 Loss dta_rank:  0.7384 Loss dta_tv:  0.0250 Loss dta_proxy:  0.4537 Loss dta_trans:  0.0058 Loss dta_phys:  0.0064 Loss dta_preserve:  0.0048
Time:  0.0861 Epoch: 020 Iter:  450/ 600 LR: 0.0000012125 Loss content:  0.0162 Loss fft:  0.7866 Loss dta_rank:  0.7492 Loss dta_tv:  0.0265 Loss dta_proxy:  0.4228 Loss dta_trans:  0.0053 Loss dta_phys:  0.0075 Loss dta_preserve:  0.0047
Time:  0.0963 Epoch: 020 Iter:  500/ 600 LR: 0.0000012125 Loss content:  0.0165 Loss fft:  0.7755 Loss dta_rank:  0.7382 Loss dta_tv:  0.0253 Loss dta_proxy:  0.4395 Loss dta_trans:  0.0063 Loss dta_phys:  0.0064 Loss dta_preserve:  0.0049
Time:  0.0950 Epoch: 020 Iter:  550/ 600 LR: 0.0000012125 Loss content:  0.0161 Loss fft:  0.8035 Loss dta_rank:  0.7510 Loss dta_tv:  0.0262 Loss dta_proxy:  0.4365 Loss dta_trans:  0.0062 Loss dta_phys:  0.0074 Loss dta_preserve:  0.0044
Time:  0.0945 Epoch: 020 Iter:  600/ 600 LR: 0.0000012125 Loss content:  0.0169 Loss fft:  0.7992 Loss dta_rank:  0.7402 Loss dta_tv:  0.0263 Loss dta_proxy:  0.4314 Loss dta_trans:  0.0057 Loss dta_phys:  0.0072 Loss dta_preserve:  0.0066
EPOCH: 20
Elapsed time: 0.99 Epoch Pixel Loss:  0.0170 Epoch FFT Loss:  0.8131 Epoch DTA Rank:  0.7407 Epoch DTA TV:  0.0260 Epoch DTA Proxy:  0.4327 Epoch DTA Trans:  0.0058 Epoch DTA Phys:  0.0068 Epoch DTA Preserve:  0.0049
