Namespace(model_name='ConvIR-Haze4K-DTA-v2-adapter_only-normal-seed3411-f1-oof20', data='Haze4K', version='base', fam_mode='original', arch='dta_v2', seed=3411, mode='train', data_dir='/sda/home/wangyuxin/ConvIR-B/datasets/Haze4K/Haze4K', batch_size=4, learning_rate=0.0001, weight_decay=0.0, num_epoch=20, stop_epoch=20, print_freq=50, num_worker=4, save_freq=5, valid_freq=9999, mod_stats_freq=5, mod_stats_batches=16, grad_clip_norm=0.001, dta_grad_clip_norm=0.05, dta_neighbor_grad_clip_norm=0.005, init_model='/sda/home/wangyuxin/ConvIR-B/checkpoints/official/Haze4K/haze4k-base.pkl', init_model_partial=True, partial_new_prefixes='DTA.', resume='', train_scope='adapter_only', dta_depth_cache_dir='/sda/home/wangyuxin/ConvIR-B/depth_cache/depth_anything_v2_small_hf', dta_train_depth_split='train', dta_eval_depth_split='train', valid_root_split='train', eval_root_split='test', dta_require_depth=True, dta_variant='v2', dta_depth_mode='normal', dta_prior_channels=32, dta_gate_bias=-6.0, dta_gate_limit=0.06, dta_gamma_limit=0.12, dta_beta_limit=0.06, dta_alpha_init=1.0, dta_confidence_floor=0.25, dta_confidence_local_scale=6.0, dta_output_residual_scale=0.03, dta_use_trans_gt=True, dta_trans_weight=0.02, dta_phys_weight=0.005, dta_preserve_weight=0.02, dta_preserve_trans_thresh=0.8, dta_gate_ramp_start=0.01, dta_gate_ramp_mid=0.03, dta_gate_ramp_end=0.06, dta_gate_ramp_warmup_epochs=2, dta_gate_ramp_mid_epochs=8, dta_rank_weight=0.001, dta_tv_weight=0.0001, dta_proxy_weight=0.0, dta_rank_pairs=512, dta_rank_min_depth_gap=0.03, split_json='/sda/home/wangyuxin/ConvIR-B/repos/ConvIR-B-dta-v2-calibrated/experience_docx/experiment_logs/haze4k_dta_v2_calibrated_20260611/dta_v2_haze4k_oof_splits_seed3407.json', split_name='fold1_train', test_model='', save_image=False, leaning_rate=0.0001, model_save_dir='results/ConvIR-Haze4K-DTA-v2-adapter_only-normal-seed3411-f1-oof20/Training-Results/', result_dir='results/ConvIR-Haze4K-DTA-v2-adapter_only-normal-seed3411-f1-oof20/images/Haze4K', init_model_sha256='6f42037d57a4e3de3a10ac0ab909d66a3415864a19433c29204a975f4efa4088')
/sda/home/wangyuxin/ConvIR-B/repos/ConvIR-B-dta-v2-calibrated/Dehazing/ITS/main.py:14: FutureWarning: You are using `torch.load` with `weights_only=False` (the current default value), which uses the default pickle module implicitly. It is possible to construct malicious pickle data which will execute arbitrary code during unpickling (See https://github.com/pytorch/pytorch/blob/main/SECURITY.md#untrusted-models for more details). In a future release, the default value for `weights_only` will be flipped to `True`. This limits the functions that could be executed during unpickling. Arbitrary objects will no longer be allowed to be loaded via this mode unless they are explicitly allowlisted by the user via `torch.serialization.add_safe_globals`. We recommend you start setting `weights_only=True` for any use case where you don't have full control of the loaded file. Please open an issue on GitHub for any issues related to this experimental feature.
  state = torch.load(path, map_location=map_location)
INIT_MODEL_PARTIAL_LOAD path=/sda/home/wangyuxin/ConvIR-B/checkpoints/official/Haze4K/haze4k-base.pkl loaded=602 missing_allowed=25 unexpected=[] allowed_new_prefixes=('DTA.',)
TRAIN_SCOPE scope=adapter_only arch=dta_v2 trainable=74699 total=8705364
/sda/home/wangyuxin/ConvIR-B/envs/convir-cu121/lib/python3.10/site-packages/torch/optim/lr_scheduler.py:224: UserWarning: Detected call of `lr_scheduler.step()` before `optimizer.step()`. In PyTorch 1.1.0 and later, you should call them in the opposite order: `optimizer.step()` before `lr_scheduler.step()`.  Failure to do this will result in PyTorch skipping the first value of the learning rate schedule. See more details at https://pytorch.org/docs/stable/optim.html#how-to-adjust-learning-rate
  warnings.warn(
DTA_GATE_RAMP epoch=1 gate_limit=0.010000
Time:  0.0950 Epoch: 001 Iter:   50/ 600 LR: 0.0000333333 Loss content:  0.0178 Loss fft:  0.8350 Loss dta_rank:  0.6933 Loss dta_tv:  0.0031 Loss dta_proxy:  0.2827 Loss dta_trans:  0.0418 Loss dta_phys:  0.0073 Loss dta_preserve:  0.0053
Time:  0.0750 Epoch: 001 Iter:  100/ 600 LR: 0.0000333333 Loss content:  0.0177 Loss fft:  0.8201 Loss dta_rank:  0.6952 Loss dta_tv:  0.0102 Loss dta_proxy:  0.3401 Loss dta_trans:  0.0338 Loss dta_phys:  0.0088 Loss dta_preserve:  0.0066
Time:  0.0727 Epoch: 001 Iter:  150/ 600 LR: 0.0000333333 Loss content:  0.0178 Loss fft:  0.8553 Loss dta_rank:  0.7014 Loss dta_tv:  0.0155 Loss dta_proxy:  0.3650 Loss dta_trans:  0.0317 Loss dta_phys:  0.0103 Loss dta_preserve:  0.0053
Time:  0.0723 Epoch: 001 Iter:  200/ 600 LR: 0.0000333333 Loss content:  0.0176 Loss fft:  0.8192 Loss dta_rank:  0.7135 Loss dta_tv:  0.0196 Loss dta_proxy:  0.3893 Loss dta_trans:  0.0239 Loss dta_phys:  0.0080 Loss dta_preserve:  0.0050
Time:  0.0609 Epoch: 001 Iter:  250/ 600 LR: 0.0000333333 Loss content:  0.0170 Loss fft:  0.8211 Loss dta_rank:  0.7262 Loss dta_tv:  0.0253 Loss dta_proxy:  0.3978 Loss dta_trans:  0.0183 Loss dta_phys:  0.0079 Loss dta_preserve:  0.0061
Time:  0.0634 Epoch: 001 Iter:  300/ 600 LR: 0.0000333333 Loss content:  0.0164 Loss fft:  0.8097 Loss dta_rank:  0.7376 Loss dta_tv:  0.0299 Loss dta_proxy:  0.4094 Loss dta_trans:  0.0158 Loss dta_phys:  0.0070 Loss dta_preserve:  0.0047
Time:  0.0716 Epoch: 001 Iter:  350/ 600 LR: 0.0000333333 Loss content:  0.0182 Loss fft:  0.8470 Loss dta_rank:  0.7488 Loss dta_tv:  0.0335 Loss dta_proxy:  0.4098 Loss dta_trans:  0.0135 Loss dta_phys:  0.0071 Loss dta_preserve:  0.0048
Time:  0.0756 Epoch: 001 Iter:  400/ 600 LR: 0.0000333333 Loss content:  0.0174 Loss fft:  0.8345 Loss dta_rank:  0.7524 Loss dta_tv:  0.0357 Loss dta_proxy:  0.4146 Loss dta_trans:  0.0124 Loss dta_phys:  0.0071 Loss dta_preserve:  0.0053
Time:  0.0746 Epoch: 001 Iter:  450/ 600 LR: 0.0000333333 Loss content:  0.0172 Loss fft:  0.8026 Loss dta_rank:  0.7567 Loss dta_tv:  0.0357 Loss dta_proxy:  0.4340 Loss dta_trans:  0.0116 Loss dta_phys:  0.0066 Loss dta_preserve:  0.0093
Time:  0.0739 Epoch: 001 Iter:  500/ 600 LR: 0.0000333333 Loss content:  0.0175 Loss fft:  0.8355 Loss dta_rank:  0.7591 Loss dta_tv:  0.0370 Loss dta_proxy:  0.4293 Loss dta_trans:  0.0120 Loss dta_phys:  0.0067 Loss dta_preserve:  0.0057
Time:  0.0719 Epoch: 001 Iter:  550/ 600 LR: 0.0000333333 Loss content:  0.0163 Loss fft:  0.7999 Loss dta_rank:  0.7568 Loss dta_tv:  0.0367 Loss dta_proxy:  0.4202 Loss dta_trans:  0.0101 Loss dta_phys:  0.0070 Loss dta_preserve:  0.0037
Time:  0.0687 Epoch: 001 Iter:  600/ 600 LR: 0.0000333333 Loss content:  0.0172 Loss fft:  0.7946 Loss dta_rank:  0.7549 Loss dta_tv:  0.0359 Loss dta_proxy:  0.4548 Loss dta_trans:  0.0113 Loss dta_phys:  0.0076 Loss dta_preserve:  0.0060
EPOCH: 01
Elapsed time: 0.88 Epoch Pixel Loss:  0.0173 Epoch FFT Loss:  0.8229 Epoch DTA Rank:  0.7330 Epoch DTA TV:  0.0265 Epoch DTA Proxy:  0.3956 Epoch DTA Trans:  0.0197 Epoch DTA Phys:  0.0076 Epoch DTA Preserve:  0.0056
DTA_GATE_RAMP epoch=2 gate_limit=0.010000
Time:  0.0777 Epoch: 002 Iter:   50/ 600 LR: 0.0000666667 Loss content:  0.0173 Loss fft:  0.8464 Loss dta_rank:  0.7647 Loss dta_tv:  0.0376 Loss dta_proxy:  0.4469 Loss dta_trans:  0.0103 Loss dta_phys:  0.0075 Loss dta_preserve:  0.0054
Time:  0.0755 Epoch: 002 Iter:  100/ 600 LR: 0.0000666667 Loss content:  0.0175 Loss fft:  0.8535 Loss dta_rank:  0.7640 Loss dta_tv:  0.0375 Loss dta_proxy:  0.4279 Loss dta_trans:  0.0101 Loss dta_phys:  0.0064 Loss dta_preserve:  0.0053
Time:  0.0739 Epoch: 002 Iter:  150/ 600 LR: 0.0000666667 Loss content:  0.0178 Loss fft:  0.8375 Loss dta_rank:  0.7658 Loss dta_tv:  0.0368 Loss dta_proxy:  0.4380 Loss dta_trans:  0.0097 Loss dta_phys:  0.0072 Loss dta_preserve:  0.0049
Time:  0.0757 Epoch: 002 Iter:  200/ 600 LR: 0.0000666667 Loss content:  0.0165 Loss fft:  0.8017 Loss dta_rank:  0.7614 Loss dta_tv:  0.0360 Loss dta_proxy:  0.4514 Loss dta_trans:  0.0089 Loss dta_phys:  0.0073 Loss dta_preserve:  0.0066
Time:  0.0778 Epoch: 002 Iter:  250/ 600 LR: 0.0000666667 Loss content:  0.0172 Loss fft:  0.8008 Loss dta_rank:  0.7685 Loss dta_tv:  0.0357 Loss dta_proxy:  0.4461 Loss dta_trans:  0.0099 Loss dta_phys:  0.0071 Loss dta_preserve:  0.0061
Time:  0.0739 Epoch: 002 Iter:  300/ 600 LR: 0.0000666667 Loss content:  0.0175 Loss fft:  0.8111 Loss dta_rank:  0.7669 Loss dta_tv:  0.0361 Loss dta_proxy:  0.4360 Loss dta_trans:  0.0096 Loss dta_phys:  0.0076 Loss dta_preserve:  0.0064
Time:  0.0609 Epoch: 002 Iter:  350/ 600 LR: 0.0000666667 Loss content:  0.0171 Loss fft:  0.8112 Loss dta_rank:  0.7684 Loss dta_tv:  0.0349 Loss dta_proxy:  0.4585 Loss dta_trans:  0.0092 Loss dta_phys:  0.0068 Loss dta_preserve:  0.0051
Time:  0.0663 Epoch: 002 Iter:  400/ 600 LR: 0.0000666667 Loss content:  0.0166 Loss fft:  0.8242 Loss dta_rank:  0.7606 Loss dta_tv:  0.0350 Loss dta_proxy:  0.4537 Loss dta_trans:  0.0100 Loss dta_phys:  0.0069 Loss dta_preserve:  0.0046
Time:  0.0761 Epoch: 002 Iter:  450/ 600 LR: 0.0000666667 Loss content:  0.0172 Loss fft:  0.8102 Loss dta_rank:  0.7618 Loss dta_tv:  0.0337 Loss dta_proxy:  0.4557 Loss dta_trans:  0.0087 Loss dta_phys:  0.0073 Loss dta_preserve:  0.0044
Time:  0.0692 Epoch: 002 Iter:  500/ 600 LR: 0.0000666667 Loss content:  0.0177 Loss fft:  0.8301 Loss dta_rank:  0.7650 Loss dta_tv:  0.0343 Loss dta_proxy:  0.4361 Loss dta_trans:  0.0099 Loss dta_phys:  0.0068 Loss dta_preserve:  0.0053
Time:  0.0674 Epoch: 002 Iter:  550/ 600 LR: 0.0000666667 Loss content:  0.0173 Loss fft:  0.8442 Loss dta_rank:  0.7689 Loss dta_tv:  0.0335 Loss dta_proxy:  0.4623 Loss dta_trans:  0.0084 Loss dta_phys:  0.0067 Loss dta_preserve:  0.0067
Time:  0.0719 Epoch: 002 Iter:  600/ 600 LR: 0.0000666667 Loss content:  0.0172 Loss fft:  0.8070 Loss dta_rank:  0.7702 Loss dta_tv:  0.0328 Loss dta_proxy:  0.4676 Loss dta_trans:  0.0076 Loss dta_phys:  0.0069 Loss dta_preserve:  0.0055
EPOCH: 02
Elapsed time: 0.87 Epoch Pixel Loss:  0.0172 Epoch FFT Loss:  0.8232 Epoch DTA Rank:  0.7655 Epoch DTA TV:  0.0353 Epoch DTA Proxy:  0.4483 Epoch DTA Trans:  0.0093 Epoch DTA Phys:  0.0070 Epoch DTA Preserve:  0.0055
DTA_GATE_RAMP epoch=3 gate_limit=0.030000
Time:  0.0831 Epoch: 003 Iter:   50/ 600 LR: 0.0001000000 Loss content:  0.0170 Loss fft:  0.7909 Loss dta_rank:  0.7699 Loss dta_tv:  0.0336 Loss dta_proxy:  0.4543 Loss dta_trans:  0.0076 Loss dta_phys:  0.0067 Loss dta_preserve:  0.0057
Time:  0.0766 Epoch: 003 Iter:  100/ 600 LR: 0.0001000000 Loss content:  0.0177 Loss fft:  0.8321 Loss dta_rank:  0.7700 Loss dta_tv:  0.0328 Loss dta_proxy:  0.4525 Loss dta_trans:  0.0088 Loss dta_phys:  0.0062 Loss dta_preserve:  0.0052
Time:  0.0756 Epoch: 003 Iter:  150/ 600 LR: 0.0001000000 Loss content:  0.0174 Loss fft:  0.8359 Loss dta_rank:  0.7650 Loss dta_tv:  0.0322 Loss dta_proxy:  0.4449 Loss dta_trans:  0.0088 Loss dta_phys:  0.0071 Loss dta_preserve:  0.0065
Time:  0.0749 Epoch: 003 Iter:  200/ 600 LR: 0.0001000000 Loss content:  0.0175 Loss fft:  0.8333 Loss dta_rank:  0.7681 Loss dta_tv:  0.0331 Loss dta_proxy:  0.4428 Loss dta_trans:  0.0080 Loss dta_phys:  0.0066 Loss dta_preserve:  0.0046
Time:  0.0785 Epoch: 003 Iter:  250/ 600 LR: 0.0001000000 Loss content:  0.0171 Loss fft:  0.7948 Loss dta_rank:  0.7742 Loss dta_tv:  0.0320 Loss dta_proxy:  0.4504 Loss dta_trans:  0.0086 Loss dta_phys:  0.0064 Loss dta_preserve:  0.0060
Time:  0.0795 Epoch: 003 Iter:  300/ 600 LR: 0.0001000000 Loss content:  0.0176 Loss fft:  0.8218 Loss dta_rank:  0.7719 Loss dta_tv:  0.0335 Loss dta_proxy:  0.4315 Loss dta_trans:  0.0076 Loss dta_phys:  0.0064 Loss dta_preserve:  0.0056
Time:  0.0773 Epoch: 003 Iter:  350/ 600 LR: 0.0001000000 Loss content:  0.0176 Loss fft:  0.8288 Loss dta_rank:  0.7698 Loss dta_tv:  0.0314 Loss dta_proxy:  0.4593 Loss dta_trans:  0.0077 Loss dta_phys:  0.0072 Loss dta_preserve:  0.0055
Time:  0.0773 Epoch: 003 Iter:  400/ 600 LR: 0.0001000000 Loss content:  0.0168 Loss fft:  0.8218 Loss dta_rank:  0.7695 Loss dta_tv:  0.0316 Loss dta_proxy:  0.4291 Loss dta_trans:  0.0073 Loss dta_phys:  0.0060 Loss dta_preserve:  0.0048
Time:  0.0811 Epoch: 003 Iter:  450/ 600 LR: 0.0001000000 Loss content:  0.0170 Loss fft:  0.8358 Loss dta_rank:  0.7717 Loss dta_tv:  0.0315 Loss dta_proxy:  0.4563 Loss dta_trans:  0.0099 Loss dta_phys:  0.0070 Loss dta_preserve:  0.0057
Time:  0.0794 Epoch: 003 Iter:  500/ 600 LR: 0.0001000000 Loss content:  0.0183 Loss fft:  0.8650 Loss dta_rank:  0.7699 Loss dta_tv:  0.0310 Loss dta_proxy:  0.4569 Loss dta_trans:  0.0082 Loss dta_phys:  0.0061 Loss dta_preserve:  0.0045
Time:  0.0725 Epoch: 003 Iter:  550/ 600 LR: 0.0001000000 Loss content:  0.0180 Loss fft:  0.8346 Loss dta_rank:  0.7695 Loss dta_tv:  0.0315 Loss dta_proxy:  0.4508 Loss dta_trans:  0.0067 Loss dta_phys:  0.0071 Loss dta_preserve:  0.0056
Time:  0.0711 Epoch: 003 Iter:  600/ 600 LR: 0.0001000000 Loss content:  0.0169 Loss fft:  0.8132 Loss dta_rank:  0.7718 Loss dta_tv:  0.0312 Loss dta_proxy:  0.4624 Loss dta_trans:  0.0075 Loss dta_phys:  0.0073 Loss dta_preserve:  0.0053
EPOCH: 03
Elapsed time: 0.93 Epoch Pixel Loss:  0.0174 Epoch FFT Loss:  0.8257 Epoch DTA Rank:  0.7701 Epoch DTA TV:  0.0321 Epoch DTA Proxy:  0.4493 Epoch DTA Trans:  0.0081 Epoch DTA Phys:  0.0067 Epoch DTA Preserve:  0.0054
/sda/home/wangyuxin/ConvIR-B/envs/convir-cu121/lib/python3.10/site-packages/torch/optim/lr_scheduler.py:1087: UserWarning: To get the last learning rate computed by the scheduler, please use `get_last_lr()`.
  _warn_get_lr_called_within_step(self)
DTA_GATE_RAMP epoch=4 gate_limit=0.030000
Time:  0.0765 Epoch: 004 Iter:   50/ 600 LR: 0.0001000000 Loss content:  0.0179 Loss fft:  0.8437 Loss dta_rank:  0.7708 Loss dta_tv:  0.0303 Loss dta_proxy:  0.4648 Loss dta_trans:  0.0074 Loss dta_phys:  0.0068 Loss dta_preserve:  0.0056
Time:  0.0801 Epoch: 004 Iter:  100/ 600 LR: 0.0001000000 Loss content:  0.0172 Loss fft:  0.8261 Loss dta_rank:  0.7715 Loss dta_tv:  0.0316 Loss dta_proxy:  0.4325 Loss dta_trans:  0.0072 Loss dta_phys:  0.0060 Loss dta_preserve:  0.0042
Time:  0.0751 Epoch: 004 Iter:  150/ 600 LR: 0.0001000000 Loss content:  0.0174 Loss fft:  0.8283 Loss dta_rank:  0.7735 Loss dta_tv:  0.0308 Loss dta_proxy:  0.4573 Loss dta_trans:  0.0070 Loss dta_phys:  0.0063 Loss dta_preserve:  0.0049
Time:  0.0773 Epoch: 004 Iter:  200/ 600 LR: 0.0001000000 Loss content:  0.0168 Loss fft:  0.8074 Loss dta_rank:  0.7713 Loss dta_tv:  0.0302 Loss dta_proxy:  0.4484 Loss dta_trans:  0.0078 Loss dta_phys:  0.0065 Loss dta_preserve:  0.0061
Time:  0.0733 Epoch: 004 Iter:  250/ 600 LR: 0.0001000000 Loss content:  0.0173 Loss fft:  0.8125 Loss dta_rank:  0.7736 Loss dta_tv:  0.0310 Loss dta_proxy:  0.4533 Loss dta_trans:  0.0086 Loss dta_phys:  0.0066 Loss dta_preserve:  0.0051
Time:  0.0766 Epoch: 004 Iter:  300/ 600 LR: 0.0001000000 Loss content:  0.0175 Loss fft:  0.8442 Loss dta_rank:  0.7738 Loss dta_tv:  0.0302 Loss dta_proxy:  0.4848 Loss dta_trans:  0.0070 Loss dta_phys:  0.0070 Loss dta_preserve:  0.0050
Time:  0.0750 Epoch: 004 Iter:  350/ 600 LR: 0.0001000000 Loss content:  0.0166 Loss fft:  0.7980 Loss dta_rank:  0.7675 Loss dta_tv:  0.0297 Loss dta_proxy:  0.4586 Loss dta_trans:  0.0070 Loss dta_phys:  0.0070 Loss dta_preserve:  0.0051
Time:  0.0794 Epoch: 004 Iter:  400/ 600 LR: 0.0001000000 Loss content:  0.0170 Loss fft:  0.8183 Loss dta_rank:  0.7648 Loss dta_tv:  0.0287 Loss dta_proxy:  0.4624 Loss dta_trans:  0.0075 Loss dta_phys:  0.0063 Loss dta_preserve:  0.0050
Time:  0.0751 Epoch: 004 Iter:  450/ 600 LR: 0.0001000000 Loss content:  0.0175 Loss fft:  0.8556 Loss dta_rank:  0.7690 Loss dta_tv:  0.0291 Loss dta_proxy:  0.4647 Loss dta_trans:  0.0070 Loss dta_phys:  0.0071 Loss dta_preserve:  0.0049
Time:  0.0812 Epoch: 004 Iter:  500/ 600 LR: 0.0001000000 Loss content:  0.0173 Loss fft:  0.8139 Loss dta_rank:  0.7672 Loss dta_tv:  0.0288 Loss dta_proxy:  0.4663 Loss dta_trans:  0.0077 Loss dta_phys:  0.0067 Loss dta_preserve:  0.0043
Time:  0.0813 Epoch: 004 Iter:  550/ 600 LR: 0.0001000000 Loss content:  0.0175 Loss fft:  0.8272 Loss dta_rank:  0.7708 Loss dta_tv:  0.0287 Loss dta_proxy:  0.4576 Loss dta_trans:  0.0071 Loss dta_phys:  0.0066 Loss dta_preserve:  0.0044
Time:  0.0785 Epoch: 004 Iter:  600/ 600 LR: 0.0001000000 Loss content:  0.0172 Loss fft:  0.8173 Loss dta_rank:  0.7733 Loss dta_tv:  0.0299 Loss dta_proxy:  0.4583 Loss dta_trans:  0.0072 Loss dta_phys:  0.0078 Loss dta_preserve:  0.0053
EPOCH: 04
Elapsed time: 0.93 Epoch Pixel Loss:  0.0173 Epoch FFT Loss:  0.8244 Epoch DTA Rank:  0.7706 Epoch DTA TV:  0.0299 Epoch DTA Proxy:  0.4591 Epoch DTA Trans:  0.0074 Epoch DTA Phys:  0.0067 Epoch DTA Preserve:  0.0050
DTA_GATE_RAMP epoch=5 gate_limit=0.030000
Time:  0.0815 Epoch: 005 Iter:   50/ 600 LR: 0.0000983215 Loss content:  0.0172 Loss fft:  0.8206 Loss dta_rank:  0.7690 Loss dta_tv:  0.0281 Loss dta_proxy:  0.4523 Loss dta_trans:  0.0075 Loss dta_phys:  0.0066 Loss dta_preserve:  0.0047
Time:  0.0771 Epoch: 005 Iter:  100/ 600 LR: 0.0000983215 Loss content:  0.0165 Loss fft:  0.8234 Loss dta_rank:  0.7717 Loss dta_tv:  0.0294 Loss dta_proxy:  0.4519 Loss dta_trans:  0.0074 Loss dta_phys:  0.0063 Loss dta_preserve:  0.0035
Time:  0.0794 Epoch: 005 Iter:  150/ 600 LR: 0.0000983215 Loss content:  0.0175 Loss fft:  0.8305 Loss dta_rank:  0.7706 Loss dta_tv:  0.0290 Loss dta_proxy:  0.4411 Loss dta_trans:  0.0071 Loss dta_phys:  0.0069 Loss dta_preserve:  0.0053
Time:  0.0784 Epoch: 005 Iter:  200/ 600 LR: 0.0000983215 Loss content:  0.0166 Loss fft:  0.7860 Loss dta_rank:  0.7743 Loss dta_tv:  0.0281 Loss dta_proxy:  0.4704 Loss dta_trans:  0.0062 Loss dta_phys:  0.0061 Loss dta_preserve:  0.0043
Time:  0.0791 Epoch: 005 Iter:  250/ 600 LR: 0.0000983215 Loss content:  0.0176 Loss fft:  0.8131 Loss dta_rank:  0.7753 Loss dta_tv:  0.0289 Loss dta_proxy:  0.4595 Loss dta_trans:  0.0066 Loss dta_phys:  0.0070 Loss dta_preserve:  0.0053
Time:  0.0774 Epoch: 005 Iter:  300/ 600 LR: 0.0000983215 Loss content:  0.0173 Loss fft:  0.8144 Loss dta_rank:  0.7724 Loss dta_tv:  0.0295 Loss dta_proxy:  0.4319 Loss dta_trans:  0.0082 Loss dta_phys:  0.0069 Loss dta_preserve:  0.0047
Time:  0.0788 Epoch: 005 Iter:  350/ 600 LR: 0.0000983215 Loss content:  0.0169 Loss fft:  0.7917 Loss dta_rank:  0.7700 Loss dta_tv:  0.0272 Loss dta_proxy:  0.4828 Loss dta_trans:  0.0064 Loss dta_phys:  0.0077 Loss dta_preserve:  0.0053
Time:  0.0614 Epoch: 005 Iter:  400/ 600 LR: 0.0000983215 Loss content:  0.0184 Loss fft:  0.8346 Loss dta_rank:  0.7754 Loss dta_tv:  0.0272 Loss dta_proxy:  0.4669 Loss dta_trans:  0.0069 Loss dta_phys:  0.0073 Loss dta_preserve:  0.0057
Time:  0.0663 Epoch: 005 Iter:  450/ 600 LR: 0.0000983215 Loss content:  0.0173 Loss fft:  0.8369 Loss dta_rank:  0.7726 Loss dta_tv:  0.0281 Loss dta_proxy:  0.4464 Loss dta_trans:  0.0067 Loss dta_phys:  0.0057 Loss dta_preserve:  0.0051
Time:  0.0653 Epoch: 005 Iter:  500/ 600 LR: 0.0000983215 Loss content:  0.0174 Loss fft:  0.8221 Loss dta_rank:  0.7724 Loss dta_tv:  0.0283 Loss dta_proxy:  0.4399 Loss dta_trans:  0.0064 Loss dta_phys:  0.0061 Loss dta_preserve:  0.0048
Time:  0.0658 Epoch: 005 Iter:  550/ 600 LR: 0.0000983215 Loss content:  0.0177 Loss fft:  0.8373 Loss dta_rank:  0.7736 Loss dta_tv:  0.0272 Loss dta_proxy:  0.4652 Loss dta_trans:  0.0059 Loss dta_phys:  0.0064 Loss dta_preserve:  0.0047
Time:  0.0686 Epoch: 005 Iter:  600/ 600 LR: 0.0000983215 Loss content:  0.0172 Loss fft:  0.8038 Loss dta_rank:  0.7740 Loss dta_tv:  0.0283 Loss dta_proxy:  0.4546 Loss dta_trans:  0.0078 Loss dta_phys:  0.0071 Loss dta_preserve:  0.0048
EPOCH: 05
Elapsed time: 0.88 Epoch Pixel Loss:  0.0173 Epoch FFT Loss:  0.8179 Epoch DTA Rank:  0.7726 Epoch DTA TV:  0.0283 Epoch DTA Proxy:  0.4553 Epoch DTA Trans:  0.0069 Epoch DTA Phys:  0.0067 Epoch DTA Preserve:  0.0049
DTA_GATE_RAMP epoch=6 gate_limit=0.030000
Time:  0.0830 Epoch: 006 Iter:   50/ 600 LR: 0.0000942212 Loss content:  0.0174 Loss fft:  0.8235 Loss dta_rank:  0.7694 Loss dta_tv:  0.0280 Loss dta_proxy:  0.4506 Loss dta_trans:  0.0081 Loss dta_phys:  0.0074 Loss dta_preserve:  0.0061
Time:  0.0771 Epoch: 006 Iter:  100/ 600 LR: 0.0000942212 Loss content:  0.0169 Loss fft:  0.8275 Loss dta_rank:  0.7751 Loss dta_tv:  0.0273 Loss dta_proxy:  0.4670 Loss dta_trans:  0.0057 Loss dta_phys:  0.0061 Loss dta_preserve:  0.0046
Time:  0.0766 Epoch: 006 Iter:  150/ 600 LR: 0.0000942212 Loss content:  0.0174 Loss fft:  0.8390 Loss dta_rank:  0.7752 Loss dta_tv:  0.0283 Loss dta_proxy:  0.4601 Loss dta_trans:  0.0065 Loss dta_phys:  0.0070 Loss dta_preserve:  0.0048
Time:  0.0769 Epoch: 006 Iter:  200/ 600 LR: 0.0000942212 Loss content:  0.0171 Loss fft:  0.8156 Loss dta_rank:  0.7739 Loss dta_tv:  0.0276 Loss dta_proxy:  0.4645 Loss dta_trans:  0.0068 Loss dta_phys:  0.0068 Loss dta_preserve:  0.0046
Time:  0.0770 Epoch: 006 Iter:  250/ 600 LR: 0.0000942212 Loss content:  0.0164 Loss fft:  0.8295 Loss dta_rank:  0.7772 Loss dta_tv:  0.0274 Loss dta_proxy:  0.4705 Loss dta_trans:  0.0065 Loss dta_phys:  0.0059 Loss dta_preserve:  0.0045
Time:  0.0763 Epoch: 006 Iter:  300/ 600 LR: 0.0000942212 Loss content:  0.0171 Loss fft:  0.7988 Loss dta_rank:  0.7739 Loss dta_tv:  0.0271 Loss dta_proxy:  0.4581 Loss dta_trans:  0.0071 Loss dta_phys:  0.0066 Loss dta_preserve:  0.0056
Time:  0.0783 Epoch: 006 Iter:  350/ 600 LR: 0.0000942212 Loss content:  0.0165 Loss fft:  0.8102 Loss dta_rank:  0.7689 Loss dta_tv:  0.0272 Loss dta_proxy:  0.4598 Loss dta_trans:  0.0074 Loss dta_phys:  0.0073 Loss dta_preserve:  0.0042
Time:  0.0663 Epoch: 006 Iter:  400/ 600 LR: 0.0000942212 Loss content:  0.0180 Loss fft:  0.8330 Loss dta_rank:  0.7758 Loss dta_tv:  0.0268 Loss dta_proxy:  0.4699 Loss dta_trans:  0.0063 Loss dta_phys:  0.0063 Loss dta_preserve:  0.0052
Time:  0.0767 Epoch: 006 Iter:  450/ 600 LR: 0.0000942212 Loss content:  0.0163 Loss fft:  0.7809 Loss dta_rank:  0.7736 Loss dta_tv:  0.0275 Loss dta_proxy:  0.4537 Loss dta_trans:  0.0067 Loss dta_phys:  0.0062 Loss dta_preserve:  0.0058
Time:  0.0787 Epoch: 006 Iter:  500/ 600 LR: 0.0000942212 Loss content:  0.0177 Loss fft:  0.8075 Loss dta_rank:  0.7729 Loss dta_tv:  0.0272 Loss dta_proxy:  0.4633 Loss dta_trans:  0.0066 Loss dta_phys:  0.0071 Loss dta_preserve:  0.0058
Time:  0.0761 Epoch: 006 Iter:  550/ 600 LR: 0.0000942212 Loss content:  0.0172 Loss fft:  0.8402 Loss dta_rank:  0.7705 Loss dta_tv:  0.0277 Loss dta_proxy:  0.4479 Loss dta_trans:  0.0068 Loss dta_phys:  0.0071 Loss dta_preserve:  0.0054
Time:  0.0784 Epoch: 006 Iter:  600/ 600 LR: 0.0000942212 Loss content:  0.0175 Loss fft:  0.8269 Loss dta_rank:  0.7672 Loss dta_tv:  0.0272 Loss dta_proxy:  0.4381 Loss dta_trans:  0.0072 Loss dta_phys:  0.0067 Loss dta_preserve:  0.0059
EPOCH: 06
Elapsed time: 0.92 Epoch Pixel Loss:  0.0171 Epoch FFT Loss:  0.8194 Epoch DTA Rank:  0.7728 Epoch DTA TV:  0.0274 Epoch DTA Proxy:  0.4586 Epoch DTA Trans:  0.0068 Epoch DTA Phys:  0.0067 Epoch DTA Preserve:  0.0052
DTA_GATE_RAMP epoch=7 gate_limit=0.030000
Time:  0.0828 Epoch: 007 Iter:   50/ 600 LR: 0.0000886874 Loss content:  0.0161 Loss fft:  0.7902 Loss dta_rank:  0.7791 Loss dta_tv:  0.0277 Loss dta_proxy:  0.4533 Loss dta_trans:  0.0056 Loss dta_phys:  0.0062 Loss dta_preserve:  0.0048
Time:  0.0764 Epoch: 007 Iter:  100/ 600 LR: 0.0000886874 Loss content:  0.0174 Loss fft:  0.7962 Loss dta_rank:  0.7764 Loss dta_tv:  0.0269 Loss dta_proxy:  0.4712 Loss dta_trans:  0.0062 Loss dta_phys:  0.0065 Loss dta_preserve:  0.0055
Time:  0.0765 Epoch: 007 Iter:  150/ 600 LR: 0.0000886874 Loss content:  0.0190 Loss fft:  0.8821 Loss dta_rank:  0.7785 Loss dta_tv:  0.0260 Loss dta_proxy:  0.4776 Loss dta_trans:  0.0052 Loss dta_phys:  0.0073 Loss dta_preserve:  0.0069
Time:  0.0779 Epoch: 007 Iter:  200/ 600 LR: 0.0000886874 Loss content:  0.0177 Loss fft:  0.8316 Loss dta_rank:  0.7739 Loss dta_tv:  0.0269 Loss dta_proxy:  0.4565 Loss dta_trans:  0.0081 Loss dta_phys:  0.0063 Loss dta_preserve:  0.0057
Time:  0.0747 Epoch: 007 Iter:  250/ 600 LR: 0.0000886874 Loss content:  0.0173 Loss fft:  0.8030 Loss dta_rank:  0.7691 Loss dta_tv:  0.0260 Loss dta_proxy:  0.4569 Loss dta_trans:  0.0071 Loss dta_phys:  0.0066 Loss dta_preserve:  0.0037
Time:  0.0788 Epoch: 007 Iter:  300/ 600 LR: 0.0000886874 Loss content:  0.0167 Loss fft:  0.7815 Loss dta_rank:  0.7764 Loss dta_tv:  0.0276 Loss dta_proxy:  0.4426 Loss dta_trans:  0.0068 Loss dta_phys:  0.0067 Loss dta_preserve:  0.0047
Time:  0.0766 Epoch: 007 Iter:  350/ 600 LR: 0.0000886874 Loss content:  0.0175 Loss fft:  0.8284 Loss dta_rank:  0.7795 Loss dta_tv:  0.0274 Loss dta_proxy:  0.4558 Loss dta_trans:  0.0072 Loss dta_phys:  0.0067 Loss dta_preserve:  0.0057
Time:  0.0773 Epoch: 007 Iter:  400/ 600 LR: 0.0000886874 Loss content:  0.0169 Loss fft:  0.8394 Loss dta_rank:  0.7673 Loss dta_tv:  0.0264 Loss dta_proxy:  0.4615 Loss dta_trans:  0.0066 Loss dta_phys:  0.0069 Loss dta_preserve:  0.0060
Time:  0.0759 Epoch: 007 Iter:  450/ 600 LR: 0.0000886874 Loss content:  0.0174 Loss fft:  0.8271 Loss dta_rank:  0.7735 Loss dta_tv:  0.0264 Loss dta_proxy:  0.4626 Loss dta_trans:  0.0070 Loss dta_phys:  0.0070 Loss dta_preserve:  0.0065
Time:  0.0764 Epoch: 007 Iter:  500/ 600 LR: 0.0000886874 Loss content:  0.0178 Loss fft:  0.8345 Loss dta_rank:  0.7679 Loss dta_tv:  0.0263 Loss dta_proxy:  0.4688 Loss dta_trans:  0.0068 Loss dta_phys:  0.0072 Loss dta_preserve:  0.0059
Time:  0.0777 Epoch: 007 Iter:  550/ 600 LR: 0.0000886874 Loss content:  0.0167 Loss fft:  0.7962 Loss dta_rank:  0.7728 Loss dta_tv:  0.0266 Loss dta_proxy:  0.4597 Loss dta_trans:  0.0061 Loss dta_phys:  0.0061 Loss dta_preserve:  0.0046
Time:  0.0782 Epoch: 007 Iter:  600/ 600 LR: 0.0000886874 Loss content:  0.0170 Loss fft:  0.8142 Loss dta_rank:  0.7747 Loss dta_tv:  0.0269 Loss dta_proxy:  0.4483 Loss dta_trans:  0.0072 Loss dta_phys:  0.0070 Loss dta_preserve:  0.0044
EPOCH: 07
Elapsed time: 0.93 Epoch Pixel Loss:  0.0173 Epoch FFT Loss:  0.8187 Epoch DTA Rank:  0.7741 Epoch DTA TV:  0.0268 Epoch DTA Proxy:  0.4596 Epoch DTA Trans:  0.0067 Epoch DTA Phys:  0.0067 Epoch DTA Preserve:  0.0054
DTA_GATE_RAMP epoch=8 gate_limit=0.030000
Time:  0.0776 Epoch: 008 Iter:   50/ 600 LR: 0.0000819070 Loss content:  0.0174 Loss fft:  0.8343 Loss dta_rank:  0.7713 Loss dta_tv:  0.0257 Loss dta_proxy:  0.4813 Loss dta_trans:  0.0059 Loss dta_phys:  0.0072 Loss dta_preserve:  0.0058
Time:  0.0739 Epoch: 008 Iter:  100/ 600 LR: 0.0000819070 Loss content:  0.0167 Loss fft:  0.7880 Loss dta_rank:  0.7772 Loss dta_tv:  0.0265 Loss dta_proxy:  0.4534 Loss dta_trans:  0.0057 Loss dta_phys:  0.0070 Loss dta_preserve:  0.0051
Time:  0.0780 Epoch: 008 Iter:  150/ 600 LR: 0.0000819070 Loss content:  0.0176 Loss fft:  0.8192 Loss dta_rank:  0.7692 Loss dta_tv:  0.0251 Loss dta_proxy:  0.4845 Loss dta_trans:  0.0067 Loss dta_phys:  0.0073 Loss dta_preserve:  0.0058
Time:  0.0772 Epoch: 008 Iter:  200/ 600 LR: 0.0000819070 Loss content:  0.0183 Loss fft:  0.8465 Loss dta_rank:  0.7713 Loss dta_tv:  0.0262 Loss dta_proxy:  0.4594 Loss dta_trans:  0.0068 Loss dta_phys:  0.0067 Loss dta_preserve:  0.0052
Time:  0.0792 Epoch: 008 Iter:  250/ 600 LR: 0.0000819070 Loss content:  0.0170 Loss fft:  0.8234 Loss dta_rank:  0.7750 Loss dta_tv:  0.0261 Loss dta_proxy:  0.4550 Loss dta_trans:  0.0067 Loss dta_phys:  0.0065 Loss dta_preserve:  0.0041
Time:  0.0783 Epoch: 008 Iter:  300/ 600 LR: 0.0000819070 Loss content:  0.0169 Loss fft:  0.8108 Loss dta_rank:  0.7735 Loss dta_tv:  0.0266 Loss dta_proxy:  0.4381 Loss dta_trans:  0.0068 Loss dta_phys:  0.0068 Loss dta_preserve:  0.0063
Time:  0.0799 Epoch: 008 Iter:  350/ 600 LR: 0.0000819070 Loss content:  0.0168 Loss fft:  0.8399 Loss dta_rank:  0.7755 Loss dta_tv:  0.0264 Loss dta_proxy:  0.4537 Loss dta_trans:  0.0067 Loss dta_phys:  0.0059 Loss dta_preserve:  0.0050
Time:  0.0789 Epoch: 008 Iter:  400/ 600 LR: 0.0000819070 Loss content:  0.0178 Loss fft:  0.8403 Loss dta_rank:  0.7719 Loss dta_tv:  0.0268 Loss dta_proxy:  0.4445 Loss dta_trans:  0.0059 Loss dta_phys:  0.0067 Loss dta_preserve:  0.0044
Time:  0.0790 Epoch: 008 Iter:  450/ 600 LR: 0.0000819070 Loss content:  0.0174 Loss fft:  0.8121 Loss dta_rank:  0.7803 Loss dta_tv:  0.0263 Loss dta_proxy:  0.4671 Loss dta_trans:  0.0072 Loss dta_phys:  0.0069 Loss dta_preserve:  0.0046
Time:  0.0774 Epoch: 008 Iter:  500/ 600 LR: 0.0000819070 Loss content:  0.0172 Loss fft:  0.8055 Loss dta_rank:  0.7762 Loss dta_tv:  0.0265 Loss dta_proxy:  0.4515 Loss dta_trans:  0.0065 Loss dta_phys:  0.0067 Loss dta_preserve:  0.0047
Time:  0.0775 Epoch: 008 Iter:  550/ 600 LR: 0.0000819070 Loss content:  0.0171 Loss fft:  0.8052 Loss dta_rank:  0.7750 Loss dta_tv:  0.0258 Loss dta_proxy:  0.4722 Loss dta_trans:  0.0059 Loss dta_phys:  0.0064 Loss dta_preserve:  0.0060
Time:  0.0767 Epoch: 008 Iter:  600/ 600 LR: 0.0000819070 Loss content:  0.0172 Loss fft:  0.8354 Loss dta_rank:  0.7760 Loss dta_tv:  0.0267 Loss dta_proxy:  0.4461 Loss dta_trans:  0.0067 Loss dta_phys:  0.0065 Loss dta_preserve:  0.0044
EPOCH: 08
Elapsed time: 0.94 Epoch Pixel Loss:  0.0173 Epoch FFT Loss:  0.8217 Epoch DTA Rank:  0.7744 Epoch DTA TV:  0.0262 Epoch DTA Proxy:  0.4589 Epoch DTA Trans:  0.0065 Epoch DTA Phys:  0.0067 Epoch DTA Preserve:  0.0051
DTA_GATE_RAMP epoch=9 gate_limit=0.060000
Time:  0.0836 Epoch: 009 Iter:   50/ 600 LR: 0.0000741093 Loss content:  0.0175 Loss fft:  0.8204 Loss dta_rank:  0.7730 Loss dta_tv:  0.0260 Loss dta_proxy:  0.4492 Loss dta_trans:  0.0070 Loss dta_phys:  0.0065 Loss dta_preserve:  0.0043
Time:  0.0749 Epoch: 009 Iter:  100/ 600 LR: 0.0000741093 Loss content:  0.0173 Loss fft:  0.8165 Loss dta_rank:  0.7768 Loss dta_tv:  0.0257 Loss dta_proxy:  0.4668 Loss dta_trans:  0.0056 Loss dta_phys:  0.0066 Loss dta_preserve:  0.0046
Time:  0.0779 Epoch: 009 Iter:  150/ 600 LR: 0.0000741093 Loss content:  0.0177 Loss fft:  0.8161 Loss dta_rank:  0.7747 Loss dta_tv:  0.0260 Loss dta_proxy:  0.4635 Loss dta_trans:  0.0072 Loss dta_phys:  0.0075 Loss dta_preserve:  0.0051
Time:  0.0800 Epoch: 009 Iter:  200/ 600 LR: 0.0000741093 Loss content:  0.0174 Loss fft:  0.8298 Loss dta_rank:  0.7766 Loss dta_tv:  0.0262 Loss dta_proxy:  0.4476 Loss dta_trans:  0.0057 Loss dta_phys:  0.0068 Loss dta_preserve:  0.0048
Time:  0.0759 Epoch: 009 Iter:  250/ 600 LR: 0.0000741093 Loss content:  0.0178 Loss fft:  0.8101 Loss dta_rank:  0.7759 Loss dta_tv:  0.0262 Loss dta_proxy:  0.4556 Loss dta_trans:  0.0063 Loss dta_phys:  0.0069 Loss dta_preserve:  0.0058
Time:  0.0774 Epoch: 009 Iter:  300/ 600 LR: 0.0000741093 Loss content:  0.0169 Loss fft:  0.8378 Loss dta_rank:  0.7725 Loss dta_tv:  0.0262 Loss dta_proxy:  0.4425 Loss dta_trans:  0.0057 Loss dta_phys:  0.0066 Loss dta_preserve:  0.0053
Time:  0.0673 Epoch: 009 Iter:  350/ 600 LR: 0.0000741093 Loss content:  0.0185 Loss fft:  0.8492 Loss dta_rank:  0.7766 Loss dta_tv:  0.0263 Loss dta_proxy:  0.4521 Loss dta_trans:  0.0059 Loss dta_phys:  0.0065 Loss dta_preserve:  0.0056
Time:  0.0766 Epoch: 009 Iter:  400/ 600 LR: 0.0000741093 Loss content:  0.0171 Loss fft:  0.7989 Loss dta_rank:  0.7724 Loss dta_tv:  0.0262 Loss dta_proxy:  0.4378 Loss dta_trans:  0.0074 Loss dta_phys:  0.0067 Loss dta_preserve:  0.0045
Time:  0.0756 Epoch: 009 Iter:  450/ 600 LR: 0.0000741093 Loss content:  0.0168 Loss fft:  0.7963 Loss dta_rank:  0.7760 Loss dta_tv:  0.0254 Loss dta_proxy:  0.4820 Loss dta_trans:  0.0068 Loss dta_phys:  0.0074 Loss dta_preserve:  0.0043
Time:  0.0773 Epoch: 009 Iter:  500/ 600 LR: 0.0000741093 Loss content:  0.0169 Loss fft:  0.8191 Loss dta_rank:  0.7778 Loss dta_tv:  0.0255 Loss dta_proxy:  0.4606 Loss dta_trans:  0.0057 Loss dta_phys:  0.0063 Loss dta_preserve:  0.0042
Time:  0.0722 Epoch: 009 Iter:  550/ 600 LR: 0.0000741093 Loss content:  0.0174 Loss fft:  0.8318 Loss dta_rank:  0.7745 Loss dta_tv:  0.0254 Loss dta_proxy:  0.4620 Loss dta_trans:  0.0056 Loss dta_phys:  0.0063 Loss dta_preserve:  0.0048
Time:  0.0735 Epoch: 009 Iter:  600/ 600 LR: 0.0000741093 Loss content:  0.0182 Loss fft:  0.8762 Loss dta_rank:  0.7749 Loss dta_tv:  0.0246 Loss dta_proxy:  0.4807 Loss dta_trans:  0.0062 Loss dta_phys:  0.0063 Loss dta_preserve:  0.0071
EPOCH: 09
Elapsed time: 0.92 Epoch Pixel Loss:  0.0175 Epoch FFT Loss:  0.8252 Epoch DTA Rank:  0.7751 Epoch DTA TV:  0.0258 Epoch DTA Proxy:  0.4584 Epoch DTA Trans:  0.0063 Epoch DTA Phys:  0.0067 Epoch DTA Preserve:  0.0050
DTA_GATE_RAMP epoch=10 gate_limit=0.060000
Time:  0.0837 Epoch: 010 Iter:   50/ 600 LR: 0.0000655580 Loss content:  0.0172 Loss fft:  0.8213 Loss dta_rank:  0.7728 Loss dta_tv:  0.0254 Loss dta_proxy:  0.4510 Loss dta_trans:  0.0070 Loss dta_phys:  0.0059 Loss dta_preserve:  0.0048
Time:  0.0707 Epoch: 010 Iter:  100/ 600 LR: 0.0000655580 Loss content:  0.0174 Loss fft:  0.8251 Loss dta_rank:  0.7728 Loss dta_tv:  0.0254 Loss dta_proxy:  0.4756 Loss dta_trans:  0.0065 Loss dta_phys:  0.0074 Loss dta_preserve:  0.0054
Time:  0.0734 Epoch: 010 Iter:  150/ 600 LR: 0.0000655580 Loss content:  0.0168 Loss fft:  0.7973 Loss dta_rank:  0.7719 Loss dta_tv:  0.0246 Loss dta_proxy:  0.4694 Loss dta_trans:  0.0060 Loss dta_phys:  0.0065 Loss dta_preserve:  0.0054
Time:  0.0770 Epoch: 010 Iter:  200/ 600 LR: 0.0000655580 Loss content:  0.0169 Loss fft:  0.7879 Loss dta_rank:  0.7746 Loss dta_tv:  0.0257 Loss dta_proxy:  0.4495 Loss dta_trans:  0.0057 Loss dta_phys:  0.0067 Loss dta_preserve:  0.0046
Time:  0.0770 Epoch: 010 Iter:  250/ 600 LR: 0.0000655580 Loss content:  0.0171 Loss fft:  0.8174 Loss dta_rank:  0.7787 Loss dta_tv:  0.0260 Loss dta_proxy:  0.4369 Loss dta_trans:  0.0062 Loss dta_phys:  0.0061 Loss dta_preserve:  0.0064
Time:  0.0750 Epoch: 010 Iter:  300/ 600 LR: 0.0000655580 Loss content:  0.0173 Loss fft:  0.8200 Loss dta_rank:  0.7752 Loss dta_tv:  0.0259 Loss dta_proxy:  0.4547 Loss dta_trans:  0.0062 Loss dta_phys:  0.0067 Loss dta_preserve:  0.0050
Time:  0.0770 Epoch: 010 Iter:  350/ 600 LR: 0.0000655580 Loss content:  0.0178 Loss fft:  0.8674 Loss dta_rank:  0.7795 Loss dta_tv:  0.0251 Loss dta_proxy:  0.4687 Loss dta_trans:  0.0059 Loss dta_phys:  0.0057 Loss dta_preserve:  0.0056
Time:  0.0734 Epoch: 010 Iter:  400/ 600 LR: 0.0000655580 Loss content:  0.0167 Loss fft:  0.8130 Loss dta_rank:  0.7762 Loss dta_tv:  0.0260 Loss dta_proxy:  0.4439 Loss dta_trans:  0.0061 Loss dta_phys:  0.0066 Loss dta_preserve:  0.0048
Time:  0.0789 Epoch: 010 Iter:  450/ 600 LR: 0.0000655580 Loss content:  0.0169 Loss fft:  0.7900 Loss dta_rank:  0.7688 Loss dta_tv:  0.0252 Loss dta_proxy:  0.4632 Loss dta_trans:  0.0075 Loss dta_phys:  0.0081 Loss dta_preserve:  0.0046
Time:  0.0770 Epoch: 010 Iter:  500/ 600 LR: 0.0000655580 Loss content:  0.0177 Loss fft:  0.8391 Loss dta_rank:  0.7744 Loss dta_tv:  0.0254 Loss dta_proxy:  0.4408 Loss dta_trans:  0.0062 Loss dta_phys:  0.0060 Loss dta_preserve:  0.0056
Time:  0.0755 Epoch: 010 Iter:  550/ 600 LR: 0.0000655580 Loss content:  0.0169 Loss fft:  0.8192 Loss dta_rank:  0.7770 Loss dta_tv:  0.0254 Loss dta_proxy:  0.4651 Loss dta_trans:  0.0057 Loss dta_phys:  0.0071 Loss dta_preserve:  0.0051
Time:  0.0762 Epoch: 010 Iter:  600/ 600 LR: 0.0000655580 Loss content:  0.0172 Loss fft:  0.8294 Loss dta_rank:  0.7754 Loss dta_tv:  0.0253 Loss dta_proxy:  0.4536 Loss dta_trans:  0.0058 Loss dta_phys:  0.0064 Loss dta_preserve:  0.0060
EPOCH: 10
Elapsed time: 0.92 Epoch Pixel Loss:  0.0171 Epoch FFT Loss:  0.8189 Epoch DTA Rank:  0.7748 Epoch DTA TV:  0.0255 Epoch DTA Proxy:  0.4560 Epoch DTA Trans:  0.0062 Epoch DTA Phys:  0.0066 Epoch DTA Preserve:  0.0053
DTA_GATE_RAMP epoch=11 gate_limit=0.060000
Time:  0.0806 Epoch: 011 Iter:   50/ 600 LR: 0.0000565424 Loss content:  0.0176 Loss fft:  0.8449 Loss dta_rank:  0.7771 Loss dta_tv:  0.0256 Loss dta_proxy:  0.4712 Loss dta_trans:  0.0052 Loss dta_phys:  0.0071 Loss dta_preserve:  0.0049
Time:  0.0753 Epoch: 011 Iter:  100/ 600 LR: 0.0000565424 Loss content:  0.0170 Loss fft:  0.8270 Loss dta_rank:  0.7723 Loss dta_tv:  0.0247 Loss dta_proxy:  0.4688 Loss dta_trans:  0.0061 Loss dta_phys:  0.0066 Loss dta_preserve:  0.0058
Time:  0.0789 Epoch: 011 Iter:  150/ 600 LR: 0.0000565424 Loss content:  0.0167 Loss fft:  0.7984 Loss dta_rank:  0.7754 Loss dta_tv:  0.0248 Loss dta_proxy:  0.4640 Loss dta_trans:  0.0066 Loss dta_phys:  0.0071 Loss dta_preserve:  0.0053
Time:  0.0781 Epoch: 011 Iter:  200/ 600 LR: 0.0000565424 Loss content:  0.0171 Loss fft:  0.8526 Loss dta_rank:  0.7795 Loss dta_tv:  0.0266 Loss dta_proxy:  0.4482 Loss dta_trans:  0.0063 Loss dta_phys:  0.0064 Loss dta_preserve:  0.0054
Time:  0.0770 Epoch: 011 Iter:  250/ 600 LR: 0.0000565424 Loss content:  0.0173 Loss fft:  0.8320 Loss dta_rank:  0.7782 Loss dta_tv:  0.0248 Loss dta_proxy:  0.4592 Loss dta_trans:  0.0054 Loss dta_phys:  0.0064 Loss dta_preserve:  0.0055
Time:  0.0774 Epoch: 011 Iter:  300/ 600 LR: 0.0000565424 Loss content:  0.0179 Loss fft:  0.8561 Loss dta_rank:  0.7737 Loss dta_tv:  0.0253 Loss dta_proxy:  0.4532 Loss dta_trans:  0.0075 Loss dta_phys:  0.0065 Loss dta_preserve:  0.0053
Time:  0.0743 Epoch: 011 Iter:  350/ 600 LR: 0.0000565424 Loss content:  0.0160 Loss fft:  0.7844 Loss dta_rank:  0.7676 Loss dta_tv:  0.0247 Loss dta_proxy:  0.4577 Loss dta_trans:  0.0067 Loss dta_phys:  0.0071 Loss dta_preserve:  0.0050
Time:  0.0756 Epoch: 011 Iter:  400/ 600 LR: 0.0000565424 Loss content:  0.0176 Loss fft:  0.7998 Loss dta_rank:  0.7777 Loss dta_tv:  0.0255 Loss dta_proxy:  0.4539 Loss dta_trans:  0.0057 Loss dta_phys:  0.0071 Loss dta_preserve:  0.0040
Time:  0.0789 Epoch: 011 Iter:  450/ 600 LR: 0.0000565424 Loss content:  0.0175 Loss fft:  0.8536 Loss dta_rank:  0.7736 Loss dta_tv:  0.0249 Loss dta_proxy:  0.4655 Loss dta_trans:  0.0067 Loss dta_phys:  0.0063 Loss dta_preserve:  0.0046
Time:  0.0753 Epoch: 011 Iter:  500/ 600 LR: 0.0000565424 Loss content:  0.0175 Loss fft:  0.8132 Loss dta_rank:  0.7708 Loss dta_tv:  0.0252 Loss dta_proxy:  0.4513 Loss dta_trans:  0.0058 Loss dta_phys:  0.0064 Loss dta_preserve:  0.0053
Time:  0.0789 Epoch: 011 Iter:  550/ 600 LR: 0.0000565424 Loss content:  0.0180 Loss fft:  0.8605 Loss dta_rank:  0.7736 Loss dta_tv:  0.0251 Loss dta_proxy:  0.4640 Loss dta_trans:  0.0065 Loss dta_phys:  0.0072 Loss dta_preserve:  0.0048
Time:  0.0790 Epoch: 011 Iter:  600/ 600 LR: 0.0000565424 Loss content:  0.0172 Loss fft:  0.8002 Loss dta_rank:  0.7718 Loss dta_tv:  0.0250 Loss dta_proxy:  0.4468 Loss dta_trans:  0.0067 Loss dta_phys:  0.0067 Loss dta_preserve:  0.0066
EPOCH: 11
Elapsed time: 0.93 Epoch Pixel Loss:  0.0173 Epoch FFT Loss:  0.8269 Epoch DTA Rank:  0.7743 Epoch DTA TV:  0.0252 Epoch DTA Proxy:  0.4586 Epoch DTA Trans:  0.0063 Epoch DTA Phys:  0.0067 Epoch DTA Preserve:  0.0052
DTA_GATE_RAMP epoch=12 gate_limit=0.060000
Time:  0.0806 Epoch: 012 Iter:   50/ 600 LR: 0.0000473670 Loss content:  0.0172 Loss fft:  0.8403 Loss dta_rank:  0.7718 Loss dta_tv:  0.0244 Loss dta_proxy:  0.4764 Loss dta_trans:  0.0066 Loss dta_phys:  0.0076 Loss dta_preserve:  0.0055
Time:  0.0759 Epoch: 012 Iter:  100/ 600 LR: 0.0000473670 Loss content:  0.0168 Loss fft:  0.8186 Loss dta_rank:  0.7738 Loss dta_tv:  0.0244 Loss dta_proxy:  0.4666 Loss dta_trans:  0.0061 Loss dta_phys:  0.0068 Loss dta_preserve:  0.0047
Time:  0.0752 Epoch: 012 Iter:  150/ 600 LR: 0.0000473670 Loss content:  0.0173 Loss fft:  0.8225 Loss dta_rank:  0.7730 Loss dta_tv:  0.0253 Loss dta_proxy:  0.4585 Loss dta_trans:  0.0067 Loss dta_phys:  0.0062 Loss dta_preserve:  0.0053
Time:  0.0757 Epoch: 012 Iter:  200/ 600 LR: 0.0000473670 Loss content:  0.0169 Loss fft:  0.8012 Loss dta_rank:  0.7738 Loss dta_tv:  0.0258 Loss dta_proxy:  0.4522 Loss dta_trans:  0.0064 Loss dta_phys:  0.0069 Loss dta_preserve:  0.0047
Time:  0.0743 Epoch: 012 Iter:  250/ 600 LR: 0.0000473670 Loss content:  0.0169 Loss fft:  0.8353 Loss dta_rank:  0.7738 Loss dta_tv:  0.0257 Loss dta_proxy:  0.4424 Loss dta_trans:  0.0067 Loss dta_phys:  0.0062 Loss dta_preserve:  0.0051
Time:  0.0722 Epoch: 012 Iter:  300/ 600 LR: 0.0000473670 Loss content:  0.0175 Loss fft:  0.8155 Loss dta_rank:  0.7777 Loss dta_tv:  0.0259 Loss dta_proxy:  0.4634 Loss dta_trans:  0.0053 Loss dta_phys:  0.0074 Loss dta_preserve:  0.0067
Time:  0.0725 Epoch: 012 Iter:  350/ 600 LR: 0.0000473670 Loss content:  0.0165 Loss fft:  0.8054 Loss dta_rank:  0.7747 Loss dta_tv:  0.0255 Loss dta_proxy:  0.4513 Loss dta_trans:  0.0054 Loss dta_phys:  0.0067 Loss dta_preserve:  0.0035
Time:  0.0746 Epoch: 012 Iter:  400/ 600 LR: 0.0000473670 Loss content:  0.0173 Loss fft:  0.8284 Loss dta_rank:  0.7755 Loss dta_tv:  0.0251 Loss dta_proxy:  0.4574 Loss dta_trans:  0.0063 Loss dta_phys:  0.0064 Loss dta_preserve:  0.0051
Time:  0.0748 Epoch: 012 Iter:  450/ 600 LR: 0.0000473670 Loss content:  0.0179 Loss fft:  0.8501 Loss dta_rank:  0.7782 Loss dta_tv:  0.0246 Loss dta_proxy:  0.4684 Loss dta_trans:  0.0053 Loss dta_phys:  0.0070 Loss dta_preserve:  0.0049
Time:  0.0784 Epoch: 012 Iter:  500/ 600 LR: 0.0000473670 Loss content:  0.0164 Loss fft:  0.8061 Loss dta_rank:  0.7771 Loss dta_tv:  0.0244 Loss dta_proxy:  0.4601 Loss dta_trans:  0.0059 Loss dta_phys:  0.0066 Loss dta_preserve:  0.0052
Time:  0.0766 Epoch: 012 Iter:  550/ 600 LR: 0.0000473670 Loss content:  0.0172 Loss fft:  0.8256 Loss dta_rank:  0.7747 Loss dta_tv:  0.0247 Loss dta_proxy:  0.4611 Loss dta_trans:  0.0057 Loss dta_phys:  0.0067 Loss dta_preserve:  0.0062
Time:  0.0783 Epoch: 012 Iter:  600/ 600 LR: 0.0000473670 Loss content:  0.0176 Loss fft:  0.8317 Loss dta_rank:  0.7741 Loss dta_tv:  0.0251 Loss dta_proxy:  0.4451 Loss dta_trans:  0.0057 Loss dta_phys:  0.0062 Loss dta_preserve:  0.0047
EPOCH: 12
Elapsed time: 0.91 Epoch Pixel Loss:  0.0171 Epoch FFT Loss:  0.8234 Epoch DTA Rank:  0.7748 Epoch DTA TV:  0.0251 Epoch DTA Proxy:  0.4586 Epoch DTA Trans:  0.0060 Epoch DTA Phys:  0.0067 Epoch DTA Preserve:  0.0051
DTA_GATE_RAMP epoch=13 gate_limit=0.060000
Time:  0.0844 Epoch: 013 Iter:   50/ 600 LR: 0.0000383414 Loss content:  0.0178 Loss fft:  0.8383 Loss dta_rank:  0.7787 Loss dta_tv:  0.0256 Loss dta_proxy:  0.4554 Loss dta_trans:  0.0050 Loss dta_phys:  0.0066 Loss dta_preserve:  0.0046
Time:  0.0776 Epoch: 013 Iter:  100/ 600 LR: 0.0000383414 Loss content:  0.0161 Loss fft:  0.7808 Loss dta_rank:  0.7769 Loss dta_tv:  0.0254 Loss dta_proxy:  0.4360 Loss dta_trans:  0.0062 Loss dta_phys:  0.0070 Loss dta_preserve:  0.0044
Time:  0.0776 Epoch: 013 Iter:  150/ 600 LR: 0.0000383414 Loss content:  0.0167 Loss fft:  0.8047 Loss dta_rank:  0.7693 Loss dta_tv:  0.0238 Loss dta_proxy:  0.4679 Loss dta_trans:  0.0065 Loss dta_phys:  0.0066 Loss dta_preserve:  0.0054
Time:  0.0783 Epoch: 013 Iter:  200/ 600 LR: 0.0000383414 Loss content:  0.0183 Loss fft:  0.8696 Loss dta_rank:  0.7826 Loss dta_tv:  0.0247 Loss dta_proxy:  0.4583 Loss dta_trans:  0.0058 Loss dta_phys:  0.0073 Loss dta_preserve:  0.0052
Time:  0.0799 Epoch: 013 Iter:  250/ 600 LR: 0.0000383414 Loss content:  0.0171 Loss fft:  0.8154 Loss dta_rank:  0.7737 Loss dta_tv:  0.0245 Loss dta_proxy:  0.4532 Loss dta_trans:  0.0065 Loss dta_phys:  0.0065 Loss dta_preserve:  0.0039
Time:  0.0772 Epoch: 013 Iter:  300/ 600 LR: 0.0000383414 Loss content:  0.0176 Loss fft:  0.8511 Loss dta_rank:  0.7769 Loss dta_tv:  0.0258 Loss dta_proxy:  0.4278 Loss dta_trans:  0.0061 Loss dta_phys:  0.0063 Loss dta_preserve:  0.0060
Time:  0.0797 Epoch: 013 Iter:  350/ 600 LR: 0.0000383414 Loss content:  0.0169 Loss fft:  0.8211 Loss dta_rank:  0.7724 Loss dta_tv:  0.0248 Loss dta_proxy:  0.4375 Loss dta_trans:  0.0059 Loss dta_phys:  0.0066 Loss dta_preserve:  0.0057
Time:  0.0777 Epoch: 013 Iter:  400/ 600 LR: 0.0000383414 Loss content:  0.0177 Loss fft:  0.8342 Loss dta_rank:  0.7726 Loss dta_tv:  0.0245 Loss dta_proxy:  0.4547 Loss dta_trans:  0.0060 Loss dta_phys:  0.0069 Loss dta_preserve:  0.0054
Time:  0.0766 Epoch: 013 Iter:  450/ 600 LR: 0.0000383414 Loss content:  0.0174 Loss fft:  0.8225 Loss dta_rank:  0.7750 Loss dta_tv:  0.0251 Loss dta_proxy:  0.4440 Loss dta_trans:  0.0062 Loss dta_phys:  0.0057 Loss dta_preserve:  0.0045
Time:  0.0762 Epoch: 013 Iter:  500/ 600 LR: 0.0000383414 Loss content:  0.0168 Loss fft:  0.8313 Loss dta_rank:  0.7764 Loss dta_tv:  0.0248 Loss dta_proxy:  0.4651 Loss dta_trans:  0.0057 Loss dta_phys:  0.0067 Loss dta_preserve:  0.0043
Time:  0.0762 Epoch: 013 Iter:  550/ 600 LR: 0.0000383414 Loss content:  0.0171 Loss fft:  0.8343 Loss dta_rank:  0.7711 Loss dta_tv:  0.0250 Loss dta_proxy:  0.4603 Loss dta_trans:  0.0060 Loss dta_phys:  0.0071 Loss dta_preserve:  0.0057
Time:  0.0740 Epoch: 013 Iter:  600/ 600 LR: 0.0000383414 Loss content:  0.0168 Loss fft:  0.7937 Loss dta_rank:  0.7748 Loss dta_tv:  0.0237 Loss dta_proxy:  0.4785 Loss dta_trans:  0.0064 Loss dta_phys:  0.0062 Loss dta_preserve:  0.0059
EPOCH: 13
Elapsed time: 0.94 Epoch Pixel Loss:  0.0172 Epoch FFT Loss:  0.8247 Epoch DTA Rank:  0.7750 Epoch DTA TV:  0.0248 Epoch DTA Proxy:  0.4532 Epoch DTA Trans:  0.0060 Epoch DTA Phys:  0.0066 Epoch DTA Preserve:  0.0051
DTA_GATE_RAMP epoch=14 gate_limit=0.060000
Time:  0.0828 Epoch: 014 Iter:   50/ 600 LR: 0.0000297690 Loss content:  0.0164 Loss fft:  0.8040 Loss dta_rank:  0.7736 Loss dta_tv:  0.0246 Loss dta_proxy:  0.4687 Loss dta_trans:  0.0056 Loss dta_phys:  0.0068 Loss dta_preserve:  0.0048
Time:  0.0773 Epoch: 014 Iter:  100/ 600 LR: 0.0000297690 Loss content:  0.0168 Loss fft:  0.8055 Loss dta_rank:  0.7778 Loss dta_tv:  0.0246 Loss dta_proxy:  0.4641 Loss dta_trans:  0.0053 Loss dta_phys:  0.0067 Loss dta_preserve:  0.0044
Time:  0.0790 Epoch: 014 Iter:  150/ 600 LR: 0.0000297690 Loss content:  0.0173 Loss fft:  0.8248 Loss dta_rank:  0.7751 Loss dta_tv:  0.0251 Loss dta_proxy:  0.4570 Loss dta_trans:  0.0065 Loss dta_phys:  0.0066 Loss dta_preserve:  0.0043
Time:  0.0776 Epoch: 014 Iter:  200/ 600 LR: 0.0000297690 Loss content:  0.0165 Loss fft:  0.8215 Loss dta_rank:  0.7745 Loss dta_tv:  0.0252 Loss dta_proxy:  0.4629 Loss dta_trans:  0.0067 Loss dta_phys:  0.0069 Loss dta_preserve:  0.0050
Time:  0.0765 Epoch: 014 Iter:  250/ 600 LR: 0.0000297690 Loss content:  0.0166 Loss fft:  0.8132 Loss dta_rank:  0.7723 Loss dta_tv:  0.0247 Loss dta_proxy:  0.4667 Loss dta_trans:  0.0069 Loss dta_phys:  0.0075 Loss dta_preserve:  0.0063
Time:  0.0774 Epoch: 014 Iter:  300/ 600 LR: 0.0000297690 Loss content:  0.0173 Loss fft:  0.8037 Loss dta_rank:  0.7676 Loss dta_tv:  0.0241 Loss dta_proxy:  0.4623 Loss dta_trans:  0.0052 Loss dta_phys:  0.0065 Loss dta_preserve:  0.0047
Time:  0.0784 Epoch: 014 Iter:  350/ 600 LR: 0.0000297690 Loss content:  0.0167 Loss fft:  0.7945 Loss dta_rank:  0.7717 Loss dta_tv:  0.0252 Loss dta_proxy:  0.4369 Loss dta_trans:  0.0067 Loss dta_phys:  0.0069 Loss dta_preserve:  0.0046
Time:  0.0838 Epoch: 014 Iter:  400/ 600 LR: 0.0000297690 Loss content:  0.0175 Loss fft:  0.8125 Loss dta_rank:  0.7728 Loss dta_tv:  0.0251 Loss dta_proxy:  0.4328 Loss dta_trans:  0.0069 Loss dta_phys:  0.0068 Loss dta_preserve:  0.0045
Time:  0.0769 Epoch: 014 Iter:  450/ 600 LR: 0.0000297690 Loss content:  0.0180 Loss fft:  0.8642 Loss dta_rank:  0.7703 Loss dta_tv:  0.0250 Loss dta_proxy:  0.4566 Loss dta_trans:  0.0052 Loss dta_phys:  0.0063 Loss dta_preserve:  0.0057
Time:  0.0765 Epoch: 014 Iter:  500/ 600 LR: 0.0000297690 Loss content:  0.0178 Loss fft:  0.8351 Loss dta_rank:  0.7736 Loss dta_tv:  0.0251 Loss dta_proxy:  0.4358 Loss dta_trans:  0.0065 Loss dta_phys:  0.0063 Loss dta_preserve:  0.0062
Time:  0.0805 Epoch: 014 Iter:  550/ 600 LR: 0.0000297690 Loss content:  0.0168 Loss fft:  0.8044 Loss dta_rank:  0.7723 Loss dta_tv:  0.0243 Loss dta_proxy:  0.4623 Loss dta_trans:  0.0064 Loss dta_phys:  0.0068 Loss dta_preserve:  0.0049
Time:  0.0721 Epoch: 014 Iter:  600/ 600 LR: 0.0000297690 Loss content:  0.0171 Loss fft:  0.8275 Loss dta_rank:  0.7800 Loss dta_tv:  0.0247 Loss dta_proxy:  0.4695 Loss dta_trans:  0.0063 Loss dta_phys:  0.0062 Loss dta_preserve:  0.0054
EPOCH: 14
Elapsed time: 0.94 Epoch Pixel Loss:  0.0171 Epoch FFT Loss:  0.8176 Epoch DTA Rank:  0.7735 Epoch DTA TV:  0.0248 Epoch DTA Proxy:  0.4563 Epoch DTA Trans:  0.0062 Epoch DTA Phys:  0.0067 Epoch DTA Preserve:  0.0051
DTA_GATE_RAMP epoch=15 gate_limit=0.060000
Time:  0.0800 Epoch: 015 Iter:   50/ 600 LR: 0.0000219361 Loss content:  0.0183 Loss fft:  0.8171 Loss dta_rank:  0.7722 Loss dta_tv:  0.0245 Loss dta_proxy:  0.4582 Loss dta_trans:  0.0066 Loss dta_phys:  0.0067 Loss dta_preserve:  0.0052
Time:  0.0778 Epoch: 015 Iter:  100/ 600 LR: 0.0000219361 Loss content:  0.0169 Loss fft:  0.8371 Loss dta_rank:  0.7731 Loss dta_tv:  0.0252 Loss dta_proxy:  0.4637 Loss dta_trans:  0.0058 Loss dta_phys:  0.0068 Loss dta_preserve:  0.0044
Time:  0.0770 Epoch: 015 Iter:  150/ 600 LR: 0.0000219361 Loss content:  0.0174 Loss fft:  0.8526 Loss dta_rank:  0.7758 Loss dta_tv:  0.0251 Loss dta_proxy:  0.4632 Loss dta_trans:  0.0063 Loss dta_phys:  0.0070 Loss dta_preserve:  0.0046
Time:  0.0769 Epoch: 015 Iter:  200/ 600 LR: 0.0000219361 Loss content:  0.0169 Loss fft:  0.8257 Loss dta_rank:  0.7806 Loss dta_tv:  0.0245 Loss dta_proxy:  0.4575 Loss dta_trans:  0.0062 Loss dta_phys:  0.0072 Loss dta_preserve:  0.0047
Time:  0.0751 Epoch: 015 Iter:  250/ 600 LR: 0.0000219361 Loss content:  0.0171 Loss fft:  0.8114 Loss dta_rank:  0.7734 Loss dta_tv:  0.0247 Loss dta_proxy:  0.4565 Loss dta_trans:  0.0066 Loss dta_phys:  0.0069 Loss dta_preserve:  0.0046
Time:  0.0776 Epoch: 015 Iter:  300/ 600 LR: 0.0000219361 Loss content:  0.0170 Loss fft:  0.8055 Loss dta_rank:  0.7717 Loss dta_tv:  0.0241 Loss dta_proxy:  0.4742 Loss dta_trans:  0.0057 Loss dta_phys:  0.0065 Loss dta_preserve:  0.0085
Time:  0.0766 Epoch: 015 Iter:  350/ 600 LR: 0.0000219361 Loss content:  0.0174 Loss fft:  0.8003 Loss dta_rank:  0.7743 Loss dta_tv:  0.0243 Loss dta_proxy:  0.4636 Loss dta_trans:  0.0058 Loss dta_phys:  0.0075 Loss dta_preserve:  0.0073
Time:  0.0787 Epoch: 015 Iter:  400/ 600 LR: 0.0000219361 Loss content:  0.0175 Loss fft:  0.8222 Loss dta_rank:  0.7714 Loss dta_tv:  0.0248 Loss dta_proxy:  0.4502 Loss dta_trans:  0.0068 Loss dta_phys:  0.0069 Loss dta_preserve:  0.0051
Time:  0.0795 Epoch: 015 Iter:  450/ 600 LR: 0.0000219361 Loss content:  0.0170 Loss fft:  0.8258 Loss dta_rank:  0.7805 Loss dta_tv:  0.0246 Loss dta_proxy:  0.4576 Loss dta_trans:  0.0055 Loss dta_phys:  0.0059 Loss dta_preserve:  0.0055
Time:  0.0831 Epoch: 015 Iter:  500/ 600 LR: 0.0000219361 Loss content:  0.0173 Loss fft:  0.8674 Loss dta_rank:  0.7821 Loss dta_tv:  0.0250 Loss dta_proxy:  0.4565 Loss dta_trans:  0.0058 Loss dta_phys:  0.0058 Loss dta_preserve:  0.0036
Time:  0.0775 Epoch: 015 Iter:  550/ 600 LR: 0.0000219361 Loss content:  0.0173 Loss fft:  0.8110 Loss dta_rank:  0.7757 Loss dta_tv:  0.0251 Loss dta_proxy:  0.4391 Loss dta_trans:  0.0059 Loss dta_phys:  0.0065 Loss dta_preserve:  0.0060
Time:  0.0750 Epoch: 015 Iter:  600/ 600 LR: 0.0000219361 Loss content:  0.0169 Loss fft:  0.8050 Loss dta_rank:  0.7705 Loss dta_tv:  0.0243 Loss dta_proxy:  0.4626 Loss dta_trans:  0.0064 Loss dta_phys:  0.0068 Loss dta_preserve:  0.0052
EPOCH: 15
Elapsed time: 0.94 Epoch Pixel Loss:  0.0172 Epoch FFT Loss:  0.8234 Epoch DTA Rank:  0.7751 Epoch DTA TV:  0.0247 Epoch DTA Proxy:  0.4586 Epoch DTA Trans:  0.0061 Epoch DTA Phys:  0.0067 Epoch DTA Preserve:  0.0054
DTA_GATE_RAMP epoch=16 gate_limit=0.060000
Time:  0.0851 Epoch: 016 Iter:   50/ 600 LR: 0.0000151017 Loss content:  0.0160 Loss fft:  0.7779 Loss dta_rank:  0.7740 Loss dta_tv:  0.0252 Loss dta_proxy:  0.4549 Loss dta_trans:  0.0075 Loss dta_phys:  0.0068 Loss dta_preserve:  0.0047
Time:  0.0794 Epoch: 016 Iter:  100/ 600 LR: 0.0000151017 Loss content:  0.0178 Loss fft:  0.8284 Loss dta_rank:  0.7767 Loss dta_tv:  0.0237 Loss dta_proxy:  0.4825 Loss dta_trans:  0.0053 Loss dta_phys:  0.0070 Loss dta_preserve:  0.0050
Time:  0.0782 Epoch: 016 Iter:  150/ 600 LR: 0.0000151017 Loss content:  0.0179 Loss fft:  0.8510 Loss dta_rank:  0.7763 Loss dta_tv:  0.0242 Loss dta_proxy:  0.4682 Loss dta_trans:  0.0055 Loss dta_phys:  0.0063 Loss dta_preserve:  0.0072
Time:  0.0789 Epoch: 016 Iter:  200/ 600 LR: 0.0000151017 Loss content:  0.0171 Loss fft:  0.8072 Loss dta_rank:  0.7760 Loss dta_tv:  0.0248 Loss dta_proxy:  0.4427 Loss dta_trans:  0.0068 Loss dta_phys:  0.0065 Loss dta_preserve:  0.0048
Time:  0.0767 Epoch: 016 Iter:  250/ 600 LR: 0.0000151017 Loss content:  0.0167 Loss fft:  0.8122 Loss dta_rank:  0.7739 Loss dta_tv:  0.0252 Loss dta_proxy:  0.4397 Loss dta_trans:  0.0062 Loss dta_phys:  0.0064 Loss dta_preserve:  0.0039
Time:  0.0769 Epoch: 016 Iter:  300/ 600 LR: 0.0000151017 Loss content:  0.0177 Loss fft:  0.8404 Loss dta_rank:  0.7758 Loss dta_tv:  0.0252 Loss dta_proxy:  0.4465 Loss dta_trans:  0.0056 Loss dta_phys:  0.0064 Loss dta_preserve:  0.0045
Time:  0.0793 Epoch: 016 Iter:  350/ 600 LR: 0.0000151017 Loss content:  0.0171 Loss fft:  0.8351 Loss dta_rank:  0.7717 Loss dta_tv:  0.0253 Loss dta_proxy:  0.4415 Loss dta_trans:  0.0065 Loss dta_phys:  0.0064 Loss dta_preserve:  0.0042
Time:  0.0756 Epoch: 016 Iter:  400/ 600 LR: 0.0000151017 Loss content:  0.0174 Loss fft:  0.8104 Loss dta_rank:  0.7715 Loss dta_tv:  0.0243 Loss dta_proxy:  0.4459 Loss dta_trans:  0.0058 Loss dta_phys:  0.0065 Loss dta_preserve:  0.0050
Time:  0.0798 Epoch: 016 Iter:  450/ 600 LR: 0.0000151017 Loss content:  0.0167 Loss fft:  0.8131 Loss dta_rank:  0.7763 Loss dta_tv:  0.0256 Loss dta_proxy:  0.4308 Loss dta_trans:  0.0059 Loss dta_phys:  0.0066 Loss dta_preserve:  0.0049
Time:  0.0749 Epoch: 016 Iter:  500/ 600 LR: 0.0000151017 Loss content:  0.0166 Loss fft:  0.8259 Loss dta_rank:  0.7732 Loss dta_tv:  0.0244 Loss dta_proxy:  0.4451 Loss dta_trans:  0.0058 Loss dta_phys:  0.0070 Loss dta_preserve:  0.0042
Time:  0.0721 Epoch: 016 Iter:  550/ 600 LR: 0.0000151017 Loss content:  0.0177 Loss fft:  0.8072 Loss dta_rank:  0.7755 Loss dta_tv:  0.0245 Loss dta_proxy:  0.4594 Loss dta_trans:  0.0064 Loss dta_phys:  0.0069 Loss dta_preserve:  0.0044
Time:  0.0715 Epoch: 016 Iter:  600/ 600 LR: 0.0000151017 Loss content:  0.0173 Loss fft:  0.8421 Loss dta_rank:  0.7746 Loss dta_tv:  0.0241 Loss dta_proxy:  0.4725 Loss dta_trans:  0.0051 Loss dta_phys:  0.0067 Loss dta_preserve:  0.0058
EPOCH: 16
Elapsed time: 0.93 Epoch Pixel Loss:  0.0171 Epoch FFT Loss:  0.8209 Epoch DTA Rank:  0.7746 Epoch DTA TV:  0.0247 Epoch DTA Proxy:  0.4525 Epoch DTA Trans:  0.0060 Epoch DTA Phys:  0.0066 Epoch DTA Preserve:  0.0049
DTA_GATE_RAMP epoch=17 gate_limit=0.060000
Time:  0.0815 Epoch: 017 Iter:   50/ 600 LR: 0.0000094853 Loss content:  0.0164 Loss fft:  0.8117 Loss dta_rank:  0.7749 Loss dta_tv:  0.0244 Loss dta_proxy:  0.4748 Loss dta_trans:  0.0059 Loss dta_phys:  0.0069 Loss dta_preserve:  0.0047
Time:  0.0772 Epoch: 017 Iter:  100/ 600 LR: 0.0000094853 Loss content:  0.0171 Loss fft:  0.8090 Loss dta_rank:  0.7804 Loss dta_tv:  0.0251 Loss dta_proxy:  0.4416 Loss dta_trans:  0.0060 Loss dta_phys:  0.0063 Loss dta_preserve:  0.0059
Time:  0.0757 Epoch: 017 Iter:  150/ 600 LR: 0.0000094853 Loss content:  0.0179 Loss fft:  0.8106 Loss dta_rank:  0.7757 Loss dta_tv:  0.0239 Loss dta_proxy:  0.4655 Loss dta_trans:  0.0053 Loss dta_phys:  0.0070 Loss dta_preserve:  0.0047
Time:  0.0774 Epoch: 017 Iter:  200/ 600 LR: 0.0000094853 Loss content:  0.0170 Loss fft:  0.8231 Loss dta_rank:  0.7777 Loss dta_tv:  0.0246 Loss dta_proxy:  0.4563 Loss dta_trans:  0.0058 Loss dta_phys:  0.0063 Loss dta_preserve:  0.0051
Time:  0.0753 Epoch: 017 Iter:  250/ 600 LR: 0.0000094853 Loss content:  0.0166 Loss fft:  0.8088 Loss dta_rank:  0.7731 Loss dta_tv:  0.0253 Loss dta_proxy:  0.4487 Loss dta_trans:  0.0063 Loss dta_phys:  0.0065 Loss dta_preserve:  0.0048
Time:  0.0709 Epoch: 017 Iter:  300/ 600 LR: 0.0000094853 Loss content:  0.0177 Loss fft:  0.8308 Loss dta_rank:  0.7745 Loss dta_tv:  0.0248 Loss dta_proxy:  0.4569 Loss dta_trans:  0.0055 Loss dta_phys:  0.0066 Loss dta_preserve:  0.0056
Time:  0.0693 Epoch: 017 Iter:  350/ 600 LR: 0.0000094853 Loss content:  0.0179 Loss fft:  0.8353 Loss dta_rank:  0.7697 Loss dta_tv:  0.0241 Loss dta_proxy:  0.4537 Loss dta_trans:  0.0063 Loss dta_phys:  0.0065 Loss dta_preserve:  0.0066
Time:  0.0786 Epoch: 017 Iter:  400/ 600 LR: 0.0000094853 Loss content:  0.0171 Loss fft:  0.8307 Loss dta_rank:  0.7718 Loss dta_tv:  0.0249 Loss dta_proxy:  0.4465 Loss dta_trans:  0.0056 Loss dta_phys:  0.0069 Loss dta_preserve:  0.0045
Time:  0.0772 Epoch: 017 Iter:  450/ 600 LR: 0.0000094853 Loss content:  0.0171 Loss fft:  0.8345 Loss dta_rank:  0.7795 Loss dta_tv:  0.0246 Loss dta_proxy:  0.4564 Loss dta_trans:  0.0065 Loss dta_phys:  0.0067 Loss dta_preserve:  0.0050
Time:  0.0756 Epoch: 017 Iter:  500/ 600 LR: 0.0000094853 Loss content:  0.0168 Loss fft:  0.8276 Loss dta_rank:  0.7667 Loss dta_tv:  0.0241 Loss dta_proxy:  0.4492 Loss dta_trans:  0.0061 Loss dta_phys:  0.0065 Loss dta_preserve:  0.0047
Time:  0.0746 Epoch: 017 Iter:  550/ 600 LR: 0.0000094853 Loss content:  0.0172 Loss fft:  0.8202 Loss dta_rank:  0.7719 Loss dta_tv:  0.0254 Loss dta_proxy:  0.4353 Loss dta_trans:  0.0056 Loss dta_phys:  0.0067 Loss dta_preserve:  0.0051
Time:  0.0737 Epoch: 017 Iter:  600/ 600 LR: 0.0000094853 Loss content:  0.0171 Loss fft:  0.7712 Loss dta_rank:  0.7707 Loss dta_tv:  0.0249 Loss dta_proxy:  0.4527 Loss dta_trans:  0.0065 Loss dta_phys:  0.0072 Loss dta_preserve:  0.0054
EPOCH: 17
Elapsed time: 0.91 Epoch Pixel Loss:  0.0172 Epoch FFT Loss:  0.8178 Epoch DTA Rank:  0.7739 Epoch DTA TV:  0.0247 Epoch DTA Proxy:  0.4531 Epoch DTA Trans:  0.0060 Epoch DTA Phys:  0.0067 Epoch DTA Preserve:  0.0052
DTA_GATE_RAMP epoch=18 gate_limit=0.060000
Time:  0.0811 Epoch: 018 Iter:   50/ 600 LR: 0.0000052550 Loss content:  0.0169 Loss fft:  0.8183 Loss dta_rank:  0.7764 Loss dta_tv:  0.0248 Loss dta_proxy:  0.4527 Loss dta_trans:  0.0058 Loss dta_phys:  0.0071 Loss dta_preserve:  0.0060
Time:  0.0775 Epoch: 018 Iter:  100/ 600 LR: 0.0000052550 Loss content:  0.0176 Loss fft:  0.8230 Loss dta_rank:  0.7737 Loss dta_tv:  0.0244 Loss dta_proxy:  0.4643 Loss dta_trans:  0.0058 Loss dta_phys:  0.0070 Loss dta_preserve:  0.0040
Time:  0.0817 Epoch: 018 Iter:  150/ 600 LR: 0.0000052550 Loss content:  0.0168 Loss fft:  0.8207 Loss dta_rank:  0.7781 Loss dta_tv:  0.0248 Loss dta_proxy:  0.4596 Loss dta_trans:  0.0056 Loss dta_phys:  0.0070 Loss dta_preserve:  0.0038
Time:  0.0794 Epoch: 018 Iter:  200/ 600 LR: 0.0000052550 Loss content:  0.0173 Loss fft:  0.8291 Loss dta_rank:  0.7739 Loss dta_tv:  0.0248 Loss dta_proxy:  0.4532 Loss dta_trans:  0.0054 Loss dta_phys:  0.0063 Loss dta_preserve:  0.0044
Time:  0.0747 Epoch: 018 Iter:  250/ 600 LR: 0.0000052550 Loss content:  0.0176 Loss fft:  0.8570 Loss dta_rank:  0.7772 Loss dta_tv:  0.0249 Loss dta_proxy:  0.4559 Loss dta_trans:  0.0062 Loss dta_phys:  0.0059 Loss dta_preserve:  0.0047
Time:  0.0761 Epoch: 018 Iter:  300/ 600 LR: 0.0000052550 Loss content:  0.0169 Loss fft:  0.8081 Loss dta_rank:  0.7731 Loss dta_tv:  0.0246 Loss dta_proxy:  0.4620 Loss dta_trans:  0.0054 Loss dta_phys:  0.0067 Loss dta_preserve:  0.0046
Time:  0.0707 Epoch: 018 Iter:  350/ 600 LR: 0.0000052550 Loss content:  0.0170 Loss fft:  0.7968 Loss dta_rank:  0.7717 Loss dta_tv:  0.0245 Loss dta_proxy:  0.4416 Loss dta_trans:  0.0059 Loss dta_phys:  0.0071 Loss dta_preserve:  0.0057
Time:  0.0684 Epoch: 018 Iter:  400/ 600 LR: 0.0000052550 Loss content:  0.0178 Loss fft:  0.8312 Loss dta_rank:  0.7685 Loss dta_tv:  0.0243 Loss dta_proxy:  0.4556 Loss dta_trans:  0.0068 Loss dta_phys:  0.0069 Loss dta_preserve:  0.0064
Time:  0.0778 Epoch: 018 Iter:  450/ 600 LR: 0.0000052550 Loss content:  0.0174 Loss fft:  0.8338 Loss dta_rank:  0.7779 Loss dta_tv:  0.0246 Loss dta_proxy:  0.4520 Loss dta_trans:  0.0059 Loss dta_phys:  0.0066 Loss dta_preserve:  0.0053
Time:  0.0747 Epoch: 018 Iter:  500/ 600 LR: 0.0000052550 Loss content:  0.0174 Loss fft:  0.8003 Loss dta_rank:  0.7690 Loss dta_tv:  0.0244 Loss dta_proxy:  0.4622 Loss dta_trans:  0.0070 Loss dta_phys:  0.0064 Loss dta_preserve:  0.0046
Time:  0.0749 Epoch: 018 Iter:  550/ 600 LR: 0.0000052550 Loss content:  0.0173 Loss fft:  0.8084 Loss dta_rank:  0.7686 Loss dta_tv:  0.0240 Loss dta_proxy:  0.4555 Loss dta_trans:  0.0065 Loss dta_phys:  0.0070 Loss dta_preserve:  0.0047
Time:  0.0781 Epoch: 018 Iter:  600/ 600 LR: 0.0000052550 Loss content:  0.0169 Loss fft:  0.8309 Loss dta_rank:  0.7738 Loss dta_tv:  0.0242 Loss dta_proxy:  0.4634 Loss dta_trans:  0.0061 Loss dta_phys:  0.0061 Loss dta_preserve:  0.0056
EPOCH: 18
Elapsed time: 0.92 Epoch Pixel Loss:  0.0173 Epoch FFT Loss:  0.8215 Epoch DTA Rank:  0.7735 Epoch DTA TV:  0.0245 Epoch DTA Proxy:  0.4565 Epoch DTA Trans:  0.0060 Epoch DTA Phys:  0.0067 Epoch DTA Preserve:  0.0050
DTA_GATE_RAMP epoch=19 gate_limit=0.060000
Time:  0.0828 Epoch: 019 Iter:   50/ 600 LR: 0.0000025070 Loss content:  0.0168 Loss fft:  0.8313 Loss dta_rank:  0.7755 Loss dta_tv:  0.0249 Loss dta_proxy:  0.4568 Loss dta_trans:  0.0062 Loss dta_phys:  0.0065 Loss dta_preserve:  0.0045
Time:  0.0722 Epoch: 019 Iter:  100/ 600 LR: 0.0000025070 Loss content:  0.0174 Loss fft:  0.8378 Loss dta_rank:  0.7732 Loss dta_tv:  0.0242 Loss dta_proxy:  0.4697 Loss dta_trans:  0.0057 Loss dta_phys:  0.0067 Loss dta_preserve:  0.0050
Time:  0.0759 Epoch: 019 Iter:  150/ 600 LR: 0.0000025070 Loss content:  0.0174 Loss fft:  0.8182 Loss dta_rank:  0.7709 Loss dta_tv:  0.0249 Loss dta_proxy:  0.4410 Loss dta_trans:  0.0070 Loss dta_phys:  0.0075 Loss dta_preserve:  0.0043
Time:  0.0750 Epoch: 019 Iter:  200/ 600 LR: 0.0000025070 Loss content:  0.0169 Loss fft:  0.8134 Loss dta_rank:  0.7742 Loss dta_tv:  0.0244 Loss dta_proxy:  0.4661 Loss dta_trans:  0.0063 Loss dta_phys:  0.0069 Loss dta_preserve:  0.0065
Time:  0.0772 Epoch: 019 Iter:  250/ 600 LR: 0.0000025070 Loss content:  0.0174 Loss fft:  0.8292 Loss dta_rank:  0.7741 Loss dta_tv:  0.0238 Loss dta_proxy:  0.4729 Loss dta_trans:  0.0055 Loss dta_phys:  0.0067 Loss dta_preserve:  0.0057
Time:  0.0779 Epoch: 019 Iter:  300/ 600 LR: 0.0000025070 Loss content:  0.0170 Loss fft:  0.7970 Loss dta_rank:  0.7695 Loss dta_tv:  0.0250 Loss dta_proxy:  0.4315 Loss dta_trans:  0.0062 Loss dta_phys:  0.0060 Loss dta_preserve:  0.0049
Time:  0.0789 Epoch: 019 Iter:  350/ 600 LR: 0.0000025070 Loss content:  0.0170 Loss fft:  0.7937 Loss dta_rank:  0.7743 Loss dta_tv:  0.0251 Loss dta_proxy:  0.4443 Loss dta_trans:  0.0063 Loss dta_phys:  0.0063 Loss dta_preserve:  0.0055
Time:  0.0765 Epoch: 019 Iter:  400/ 600 LR: 0.0000025070 Loss content:  0.0178 Loss fft:  0.8128 Loss dta_rank:  0.7713 Loss dta_tv:  0.0240 Loss dta_proxy:  0.4511 Loss dta_trans:  0.0057 Loss dta_phys:  0.0068 Loss dta_preserve:  0.0059
Time:  0.0802 Epoch: 019 Iter:  450/ 600 LR: 0.0000025070 Loss content:  0.0161 Loss fft:  0.8141 Loss dta_rank:  0.7776 Loss dta_tv:  0.0249 Loss dta_proxy:  0.4514 Loss dta_trans:  0.0055 Loss dta_phys:  0.0066 Loss dta_preserve:  0.0051
Time:  0.0782 Epoch: 019 Iter:  500/ 600 LR: 0.0000025070 Loss content:  0.0174 Loss fft:  0.8406 Loss dta_rank:  0.7763 Loss dta_tv:  0.0247 Loss dta_proxy:  0.4572 Loss dta_trans:  0.0062 Loss dta_phys:  0.0065 Loss dta_preserve:  0.0035
Time:  0.0771 Epoch: 019 Iter:  550/ 600 LR: 0.0000025070 Loss content:  0.0175 Loss fft:  0.8285 Loss dta_rank:  0.7712 Loss dta_tv:  0.0244 Loss dta_proxy:  0.4626 Loss dta_trans:  0.0068 Loss dta_phys:  0.0068 Loss dta_preserve:  0.0058
Time:  0.0733 Epoch: 019 Iter:  600/ 600 LR: 0.0000025070 Loss content:  0.0169 Loss fft:  0.8297 Loss dta_rank:  0.7781 Loss dta_tv:  0.0247 Loss dta_proxy:  0.4707 Loss dta_trans:  0.0060 Loss dta_phys:  0.0066 Loss dta_preserve:  0.0053
EPOCH: 19
Elapsed time: 0.93 Epoch Pixel Loss:  0.0171 Epoch FFT Loss:  0.8205 Epoch DTA Rank:  0.7739 Epoch DTA TV:  0.0246 Epoch DTA Proxy:  0.4563 Epoch DTA Trans:  0.0061 Epoch DTA Phys:  0.0067 Epoch DTA Preserve:  0.0052
DTA_GATE_RAMP epoch=20 gate_limit=0.060000
Time:  0.0763 Epoch: 020 Iter:   50/ 600 LR: 0.0000012125 Loss content:  0.0171 Loss fft:  0.7937 Loss dta_rank:  0.7743 Loss dta_tv:  0.0249 Loss dta_proxy:  0.4491 Loss dta_trans:  0.0068 Loss dta_phys:  0.0073 Loss dta_preserve:  0.0047
Time:  0.0708 Epoch: 020 Iter:  100/ 600 LR: 0.0000012125 Loss content:  0.0163 Loss fft:  0.8081 Loss dta_rank:  0.7724 Loss dta_tv:  0.0248 Loss dta_proxy:  0.4410 Loss dta_trans:  0.0060 Loss dta_phys:  0.0066 Loss dta_preserve:  0.0049
Time:  0.0689 Epoch: 020 Iter:  150/ 600 LR: 0.0000012125 Loss content:  0.0168 Loss fft:  0.8246 Loss dta_rank:  0.7815 Loss dta_tv:  0.0244 Loss dta_proxy:  0.4695 Loss dta_trans:  0.0057 Loss dta_phys:  0.0066 Loss dta_preserve:  0.0045
Time:  0.0707 Epoch: 020 Iter:  200/ 600 LR: 0.0000012125 Loss content:  0.0176 Loss fft:  0.8630 Loss dta_rank:  0.7744 Loss dta_tv:  0.0252 Loss dta_proxy:  0.4539 Loss dta_trans:  0.0054 Loss dta_phys:  0.0067 Loss dta_preserve:  0.0045
Time:  0.0816 Epoch: 020 Iter:  250/ 600 LR: 0.0000012125 Loss content:  0.0179 Loss fft:  0.8271 Loss dta_rank:  0.7722 Loss dta_tv:  0.0239 Loss dta_proxy:  0.4614 Loss dta_trans:  0.0056 Loss dta_phys:  0.0070 Loss dta_preserve:  0.0060
Time:  0.0734 Epoch: 020 Iter:  300/ 600 LR: 0.0000012125 Loss content:  0.0167 Loss fft:  0.7930 Loss dta_rank:  0.7717 Loss dta_tv:  0.0252 Loss dta_proxy:  0.4389 Loss dta_trans:  0.0070 Loss dta_phys:  0.0063 Loss dta_preserve:  0.0042
Time:  0.0743 Epoch: 020 Iter:  350/ 600 LR: 0.0000012125 Loss content:  0.0166 Loss fft:  0.8219 Loss dta_rank:  0.7677 Loss dta_tv:  0.0245 Loss dta_proxy:  0.4474 Loss dta_trans:  0.0057 Loss dta_phys:  0.0066 Loss dta_preserve:  0.0045
Time:  0.0708 Epoch: 020 Iter:  400/ 600 LR: 0.0000012125 Loss content:  0.0166 Loss fft:  0.8113 Loss dta_rank:  0.7756 Loss dta_tv:  0.0247 Loss dta_proxy:  0.4642 Loss dta_trans:  0.0065 Loss dta_phys:  0.0070 Loss dta_preserve:  0.0063
Time:  0.0743 Epoch: 020 Iter:  450/ 600 LR: 0.0000012125 Loss content:  0.0173 Loss fft:  0.8294 Loss dta_rank:  0.7784 Loss dta_tv:  0.0246 Loss dta_proxy:  0.4646 Loss dta_trans:  0.0058 Loss dta_phys:  0.0061 Loss dta_preserve:  0.0046
Time:  0.0734 Epoch: 020 Iter:  500/ 600 LR: 0.0000012125 Loss content:  0.0173 Loss fft:  0.8169 Loss dta_rank:  0.7797 Loss dta_tv:  0.0245 Loss dta_proxy:  0.4759 Loss dta_trans:  0.0054 Loss dta_phys:  0.0074 Loss dta_preserve:  0.0065
Time:  0.0751 Epoch: 020 Iter:  550/ 600 LR: 0.0000012125 Loss content:  0.0173 Loss fft:  0.8149 Loss dta_rank:  0.7654 Loss dta_tv:  0.0247 Loss dta_proxy:  0.4386 Loss dta_trans:  0.0059 Loss dta_phys:  0.0067 Loss dta_preserve:  0.0046
Time:  0.0752 Epoch: 020 Iter:  600/ 600 LR: 0.0000012125 Loss content:  0.0176 Loss fft:  0.8230 Loss dta_rank:  0.7708 Loss dta_tv:  0.0249 Loss dta_proxy:  0.4530 Loss dta_trans:  0.0069 Loss dta_phys:  0.0066 Loss dta_preserve:  0.0053
EPOCH: 20
Elapsed time: 0.89 Epoch Pixel Loss:  0.0171 Epoch FFT Loss:  0.8189 Epoch DTA Rank:  0.7737 Epoch DTA TV:  0.0247 Epoch DTA Proxy:  0.4548 Epoch DTA Trans:  0.0061 Epoch DTA Phys:  0.0068 Epoch DTA Preserve:  0.0050
