Namespace(model_name='ConvIR-Haze4K-DTA-v2-adapter_only-zero-seed3407-f2-oof20', data='Haze4K', version='base', fam_mode='original', arch='dta_v2', seed=3407, mode='train', data_dir='/sda/home/wangyuxin/ConvIR-B/datasets/Haze4K/Haze4K', batch_size=4, learning_rate=0.0001, weight_decay=0.0, num_epoch=20, stop_epoch=20, print_freq=50, num_worker=4, save_freq=5, valid_freq=9999, mod_stats_freq=5, mod_stats_batches=16, grad_clip_norm=0.001, dta_grad_clip_norm=0.05, dta_neighbor_grad_clip_norm=0.005, init_model='/sda/home/wangyuxin/ConvIR-B/checkpoints/official/Haze4K/haze4k-base.pkl', init_model_partial=True, partial_new_prefixes='DTA.', resume='', train_scope='adapter_only', dta_depth_cache_dir='/sda/home/wangyuxin/ConvIR-B/depth_cache/depth_anything_v2_small_hf', dta_train_depth_split='train', dta_eval_depth_split='train', valid_root_split='train', eval_root_split='test', dta_require_depth=True, dta_variant='v2', dta_depth_mode='zero', dta_prior_channels=32, dta_gate_bias=-6.0, dta_gate_limit=0.06, dta_gamma_limit=0.12, dta_beta_limit=0.06, dta_alpha_init=1.0, dta_confidence_floor=0.25, dta_confidence_local_scale=6.0, dta_output_residual_scale=0.03, dta_use_trans_gt=True, dta_trans_weight=0.02, dta_phys_weight=0.005, dta_preserve_weight=0.02, dta_preserve_trans_thresh=0.8, dta_gate_ramp_start=0.01, dta_gate_ramp_mid=0.03, dta_gate_ramp_end=0.06, dta_gate_ramp_warmup_epochs=2, dta_gate_ramp_mid_epochs=8, dta_rank_weight=0.001, dta_tv_weight=0.0001, dta_proxy_weight=0.0, dta_rank_pairs=512, dta_rank_min_depth_gap=0.03, split_json='/sda/home/wangyuxin/ConvIR-B/repos/ConvIR-B-dta-v2-calibrated/experience_docx/experiment_logs/haze4k_dta_v2_calibrated_20260611/dta_v2_haze4k_oof_splits_seed3407.json', split_name='fold2_train', test_model='', save_image=False, leaning_rate=0.0001, model_save_dir='results/ConvIR-Haze4K-DTA-v2-adapter_only-zero-seed3407-f2-oof20/Training-Results/', result_dir='results/ConvIR-Haze4K-DTA-v2-adapter_only-zero-seed3407-f2-oof20/images/Haze4K', init_model_sha256='6f42037d57a4e3de3a10ac0ab909d66a3415864a19433c29204a975f4efa4088')
/sda/home/wangyuxin/ConvIR-B/repos/ConvIR-B-dta-v2-calibrated/Dehazing/ITS/main.py:14: FutureWarning: You are using `torch.load` with `weights_only=False` (the current default value), which uses the default pickle module implicitly. It is possible to construct malicious pickle data which will execute arbitrary code during unpickling (See https://github.com/pytorch/pytorch/blob/main/SECURITY.md#untrusted-models for more details). In a future release, the default value for `weights_only` will be flipped to `True`. This limits the functions that could be executed during unpickling. Arbitrary objects will no longer be allowed to be loaded via this mode unless they are explicitly allowlisted by the user via `torch.serialization.add_safe_globals`. We recommend you start setting `weights_only=True` for any use case where you don't have full control of the loaded file. Please open an issue on GitHub for any issues related to this experimental feature.
  state = torch.load(path, map_location=map_location)
INIT_MODEL_PARTIAL_LOAD path=/sda/home/wangyuxin/ConvIR-B/checkpoints/official/Haze4K/haze4k-base.pkl loaded=602 missing_allowed=25 unexpected=[] allowed_new_prefixes=('DTA.',)
TRAIN_SCOPE scope=adapter_only arch=dta_v2 trainable=74699 total=8705364
/sda/home/wangyuxin/ConvIR-B/envs/convir-cu121/lib/python3.10/site-packages/torch/optim/lr_scheduler.py:224: UserWarning: Detected call of `lr_scheduler.step()` before `optimizer.step()`. In PyTorch 1.1.0 and later, you should call them in the opposite order: `optimizer.step()` before `lr_scheduler.step()`.  Failure to do this will result in PyTorch skipping the first value of the learning rate schedule. See more details at https://pytorch.org/docs/stable/optim.html#how-to-adjust-learning-rate
  warnings.warn(
DTA_GATE_RAMP epoch=1 gate_limit=0.010000
Time:  0.0871 Epoch: 001 Iter:   50/ 600 LR: 0.0000333333 Loss content:  0.0175 Loss fft:  0.8023 Loss dta_rank:  0.0000 Loss dta_tv:  0.0031 Loss dta_proxy:  0.5216 Loss dta_trans:  0.0414 Loss dta_phys:  0.0076 Loss dta_preserve:  0.0058
Time:  0.0701 Epoch: 001 Iter:  100/ 600 LR: 0.0000333333 Loss content:  0.0174 Loss fft:  0.8141 Loss dta_rank:  0.0000 Loss dta_tv:  0.0102 Loss dta_proxy:  0.5765 Loss dta_trans:  0.0340 Loss dta_phys:  0.0099 Loss dta_preserve:  0.0048
Time:  0.0674 Epoch: 001 Iter:  150/ 600 LR: 0.0000333333 Loss content:  0.0178 Loss fft:  0.8454 Loss dta_rank:  0.0000 Loss dta_tv:  0.0158 Loss dta_proxy:  0.6246 Loss dta_trans:  0.0285 Loss dta_phys:  0.0103 Loss dta_preserve:  0.0059
Time:  0.0707 Epoch: 001 Iter:  200/ 600 LR: 0.0000333333 Loss content:  0.0170 Loss fft:  0.8063 Loss dta_rank:  0.0000 Loss dta_tv:  0.0201 Loss dta_proxy:  0.6329 Loss dta_trans:  0.0260 Loss dta_phys:  0.0112 Loss dta_preserve:  0.0049
Time:  0.0729 Epoch: 001 Iter:  250/ 600 LR: 0.0000333333 Loss content:  0.0179 Loss fft:  0.8675 Loss dta_rank:  0.0000 Loss dta_tv:  0.0244 Loss dta_proxy:  0.6334 Loss dta_trans:  0.0204 Loss dta_phys:  0.0086 Loss dta_preserve:  0.0045
Time:  0.0778 Epoch: 001 Iter:  300/ 600 LR: 0.0000333333 Loss content:  0.0174 Loss fft:  0.8171 Loss dta_rank:  0.0000 Loss dta_tv:  0.0299 Loss dta_proxy:  0.6230 Loss dta_trans:  0.0176 Loss dta_phys:  0.0090 Loss dta_preserve:  0.0049
Time:  0.0739 Epoch: 001 Iter:  350/ 600 LR: 0.0000333333 Loss content:  0.0173 Loss fft:  0.8180 Loss dta_rank:  0.0000 Loss dta_tv:  0.0341 Loss dta_proxy:  0.6167 Loss dta_trans:  0.0181 Loss dta_phys:  0.0077 Loss dta_preserve:  0.0041
Time:  0.0789 Epoch: 001 Iter:  400/ 600 LR: 0.0000333333 Loss content:  0.0166 Loss fft:  0.8124 Loss dta_rank:  0.0000 Loss dta_tv:  0.0365 Loss dta_proxy:  0.6240 Loss dta_trans:  0.0156 Loss dta_phys:  0.0076 Loss dta_preserve:  0.0049
Time:  0.0745 Epoch: 001 Iter:  450/ 600 LR: 0.0000333333 Loss content:  0.0173 Loss fft:  0.7871 Loss dta_rank:  0.0000 Loss dta_tv:  0.0370 Loss dta_proxy:  0.6272 Loss dta_trans:  0.0136 Loss dta_phys:  0.0073 Loss dta_preserve:  0.0055
Time:  0.0762 Epoch: 001 Iter:  500/ 600 LR: 0.0000333333 Loss content:  0.0172 Loss fft:  0.8133 Loss dta_rank:  0.0000 Loss dta_tv:  0.0383 Loss dta_proxy:  0.6270 Loss dta_trans:  0.0122 Loss dta_phys:  0.0079 Loss dta_preserve:  0.0052
Time:  0.0763 Epoch: 001 Iter:  550/ 600 LR: 0.0000333333 Loss content:  0.0171 Loss fft:  0.8132 Loss dta_rank:  0.0000 Loss dta_tv:  0.0379 Loss dta_proxy:  0.6483 Loss dta_trans:  0.0121 Loss dta_phys:  0.0079 Loss dta_preserve:  0.0045
Time:  0.0773 Epoch: 001 Iter:  600/ 600 LR: 0.0000333333 Loss content:  0.0173 Loss fft:  0.8414 Loss dta_rank:  0.0000 Loss dta_tv:  0.0382 Loss dta_proxy:  0.6492 Loss dta_trans:  0.0106 Loss dta_phys:  0.0076 Loss dta_preserve:  0.0052
EPOCH: 01
Elapsed time: 0.90 Epoch Pixel Loss:  0.0173 Epoch FFT Loss:  0.8198 Epoch DTA Rank:  0.0000 Epoch DTA TV:  0.0271 Epoch DTA Proxy:  0.6170 Epoch DTA Trans:  0.0208 Epoch DTA Phys:  0.0085 Epoch DTA Preserve:  0.0050
DTA_GATE_RAMP epoch=2 gate_limit=0.010000
Time:  0.0783 Epoch: 002 Iter:   50/ 600 LR: 0.0000666667 Loss content:  0.0164 Loss fft:  0.8173 Loss dta_rank:  0.0000 Loss dta_tv:  0.0386 Loss dta_proxy:  0.6636 Loss dta_trans:  0.0104 Loss dta_phys:  0.0079 Loss dta_preserve:  0.0059
Time:  0.0694 Epoch: 002 Iter:  100/ 600 LR: 0.0000666667 Loss content:  0.0170 Loss fft:  0.8147 Loss dta_rank:  0.0000 Loss dta_tv:  0.0399 Loss dta_proxy:  0.6347 Loss dta_trans:  0.0112 Loss dta_phys:  0.0076 Loss dta_preserve:  0.0064
Time:  0.0770 Epoch: 002 Iter:  150/ 600 LR: 0.0000666667 Loss content:  0.0175 Loss fft:  0.8026 Loss dta_rank:  0.0000 Loss dta_tv:  0.0386 Loss dta_proxy:  0.6495 Loss dta_trans:  0.0111 Loss dta_phys:  0.0074 Loss dta_preserve:  0.0054
Time:  0.0755 Epoch: 002 Iter:  200/ 600 LR: 0.0000666667 Loss content:  0.0163 Loss fft:  0.7975 Loss dta_rank:  0.0000 Loss dta_tv:  0.0387 Loss dta_proxy:  0.6217 Loss dta_trans:  0.0102 Loss dta_phys:  0.0067 Loss dta_preserve:  0.0048
Time:  0.0738 Epoch: 002 Iter:  250/ 600 LR: 0.0000666667 Loss content:  0.0165 Loss fft:  0.8053 Loss dta_rank:  0.0000 Loss dta_tv:  0.0384 Loss dta_proxy:  0.6293 Loss dta_trans:  0.0106 Loss dta_phys:  0.0075 Loss dta_preserve:  0.0040
Time:  0.0716 Epoch: 002 Iter:  300/ 600 LR: 0.0000666667 Loss content:  0.0172 Loss fft:  0.8389 Loss dta_rank:  0.0000 Loss dta_tv:  0.0379 Loss dta_proxy:  0.6278 Loss dta_trans:  0.0100 Loss dta_phys:  0.0069 Loss dta_preserve:  0.0053
Time:  0.0697 Epoch: 002 Iter:  350/ 600 LR: 0.0000666667 Loss content:  0.0174 Loss fft:  0.8293 Loss dta_rank:  0.0000 Loss dta_tv:  0.0378 Loss dta_proxy:  0.6400 Loss dta_trans:  0.0088 Loss dta_phys:  0.0068 Loss dta_preserve:  0.0049
Time:  0.0728 Epoch: 002 Iter:  400/ 600 LR: 0.0000666667 Loss content:  0.0169 Loss fft:  0.8121 Loss dta_rank:  0.0000 Loss dta_tv:  0.0369 Loss dta_proxy:  0.6401 Loss dta_trans:  0.0096 Loss dta_phys:  0.0067 Loss dta_preserve:  0.0050
Time:  0.0729 Epoch: 002 Iter:  450/ 600 LR: 0.0000666667 Loss content:  0.0172 Loss fft:  0.8388 Loss dta_rank:  0.0000 Loss dta_tv:  0.0373 Loss dta_proxy:  0.6411 Loss dta_trans:  0.0095 Loss dta_phys:  0.0067 Loss dta_preserve:  0.0053
Time:  0.0744 Epoch: 002 Iter:  500/ 600 LR: 0.0000666667 Loss content:  0.0174 Loss fft:  0.8457 Loss dta_rank:  0.0000 Loss dta_tv:  0.0365 Loss dta_proxy:  0.6550 Loss dta_trans:  0.0079 Loss dta_phys:  0.0073 Loss dta_preserve:  0.0040
Time:  0.0650 Epoch: 002 Iter:  550/ 600 LR: 0.0000666667 Loss content:  0.0161 Loss fft:  0.7974 Loss dta_rank:  0.0000 Loss dta_tv:  0.0368 Loss dta_proxy:  0.6496 Loss dta_trans:  0.0092 Loss dta_phys:  0.0068 Loss dta_preserve:  0.0046
Time:  0.0743 Epoch: 002 Iter:  600/ 600 LR: 0.0000666667 Loss content:  0.0179 Loss fft:  0.8532 Loss dta_rank:  0.0000 Loss dta_tv:  0.0358 Loss dta_proxy:  0.6537 Loss dta_trans:  0.0082 Loss dta_phys:  0.0070 Loss dta_preserve:  0.0058
EPOCH: 02
Elapsed time: 0.88 Epoch Pixel Loss:  0.0170 Epoch FFT Loss:  0.8211 Epoch DTA Rank:  0.0000 Epoch DTA TV:  0.0378 Epoch DTA Proxy:  0.6422 Epoch DTA Trans:  0.0097 Epoch DTA Phys:  0.0071 Epoch DTA Preserve:  0.0051
DTA_GATE_RAMP epoch=3 gate_limit=0.030000
Time:  0.0782 Epoch: 003 Iter:   50/ 600 LR: 0.0001000000 Loss content:  0.0172 Loss fft:  0.8334 Loss dta_rank:  0.0000 Loss dta_tv:  0.0377 Loss dta_proxy:  0.6320 Loss dta_trans:  0.0075 Loss dta_phys:  0.0064 Loss dta_preserve:  0.0050
Time:  0.0742 Epoch: 003 Iter:  100/ 600 LR: 0.0001000000 Loss content:  0.0170 Loss fft:  0.8216 Loss dta_rank:  0.0000 Loss dta_tv:  0.0365 Loss dta_proxy:  0.6414 Loss dta_trans:  0.0081 Loss dta_phys:  0.0063 Loss dta_preserve:  0.0054
Time:  0.0755 Epoch: 003 Iter:  150/ 600 LR: 0.0001000000 Loss content:  0.0169 Loss fft:  0.8021 Loss dta_rank:  0.0000 Loss dta_tv:  0.0358 Loss dta_proxy:  0.6420 Loss dta_trans:  0.0081 Loss dta_phys:  0.0065 Loss dta_preserve:  0.0050
Time:  0.0719 Epoch: 003 Iter:  200/ 600 LR: 0.0001000000 Loss content:  0.0163 Loss fft:  0.7953 Loss dta_rank:  0.0000 Loss dta_tv:  0.0373 Loss dta_proxy:  0.6083 Loss dta_trans:  0.0083 Loss dta_phys:  0.0075 Loss dta_preserve:  0.0044
Time:  0.0783 Epoch: 003 Iter:  250/ 600 LR: 0.0001000000 Loss content:  0.0164 Loss fft:  0.8319 Loss dta_rank:  0.0000 Loss dta_tv:  0.0347 Loss dta_proxy:  0.6598 Loss dta_trans:  0.0076 Loss dta_phys:  0.0067 Loss dta_preserve:  0.0050
Time:  0.0726 Epoch: 003 Iter:  300/ 600 LR: 0.0001000000 Loss content:  0.0182 Loss fft:  0.8544 Loss dta_rank:  0.0000 Loss dta_tv:  0.0358 Loss dta_proxy:  0.6442 Loss dta_trans:  0.0079 Loss dta_phys:  0.0068 Loss dta_preserve:  0.0060
Time:  0.0739 Epoch: 003 Iter:  350/ 600 LR: 0.0001000000 Loss content:  0.0170 Loss fft:  0.8292 Loss dta_rank:  0.0000 Loss dta_tv:  0.0357 Loss dta_proxy:  0.6341 Loss dta_trans:  0.0082 Loss dta_phys:  0.0076 Loss dta_preserve:  0.0065
Time:  0.0752 Epoch: 003 Iter:  400/ 600 LR: 0.0001000000 Loss content:  0.0173 Loss fft:  0.8382 Loss dta_rank:  0.0000 Loss dta_tv:  0.0356 Loss dta_proxy:  0.6262 Loss dta_trans:  0.0078 Loss dta_phys:  0.0065 Loss dta_preserve:  0.0043
Time:  0.0751 Epoch: 003 Iter:  450/ 600 LR: 0.0001000000 Loss content:  0.0177 Loss fft:  0.8074 Loss dta_rank:  0.0000 Loss dta_tv:  0.0342 Loss dta_proxy:  0.6442 Loss dta_trans:  0.0068 Loss dta_phys:  0.0064 Loss dta_preserve:  0.0056
Time:  0.0743 Epoch: 003 Iter:  500/ 600 LR: 0.0001000000 Loss content:  0.0178 Loss fft:  0.8155 Loss dta_rank:  0.0000 Loss dta_tv:  0.0337 Loss dta_proxy:  0.6560 Loss dta_trans:  0.0076 Loss dta_phys:  0.0069 Loss dta_preserve:  0.0070
Time:  0.0708 Epoch: 003 Iter:  550/ 600 LR: 0.0001000000 Loss content:  0.0169 Loss fft:  0.7947 Loss dta_rank:  0.0000 Loss dta_tv:  0.0349 Loss dta_proxy:  0.6404 Loss dta_trans:  0.0070 Loss dta_phys:  0.0073 Loss dta_preserve:  0.0054
Time:  0.0747 Epoch: 003 Iter:  600/ 600 LR: 0.0001000000 Loss content:  0.0174 Loss fft:  0.8139 Loss dta_rank:  0.0000 Loss dta_tv:  0.0351 Loss dta_proxy:  0.6211 Loss dta_trans:  0.0076 Loss dta_phys:  0.0066 Loss dta_preserve:  0.0058
EPOCH: 03
Elapsed time: 0.90 Epoch Pixel Loss:  0.0172 Epoch FFT Loss:  0.8198 Epoch DTA Rank:  0.0000 Epoch DTA TV:  0.0356 Epoch DTA Proxy:  0.6375 Epoch DTA Trans:  0.0077 Epoch DTA Phys:  0.0068 Epoch DTA Preserve:  0.0055
/sda/home/wangyuxin/ConvIR-B/envs/convir-cu121/lib/python3.10/site-packages/torch/optim/lr_scheduler.py:1087: UserWarning: To get the last learning rate computed by the scheduler, please use `get_last_lr()`.
  _warn_get_lr_called_within_step(self)
DTA_GATE_RAMP epoch=4 gate_limit=0.030000
Time:  0.0793 Epoch: 004 Iter:   50/ 600 LR: 0.0001000000 Loss content:  0.0172 Loss fft:  0.8286 Loss dta_rank:  0.0000 Loss dta_tv:  0.0348 Loss dta_proxy:  0.6306 Loss dta_trans:  0.0068 Loss dta_phys:  0.0066 Loss dta_preserve:  0.0040
Time:  0.0718 Epoch: 004 Iter:  100/ 600 LR: 0.0001000000 Loss content:  0.0170 Loss fft:  0.8155 Loss dta_rank:  0.0000 Loss dta_tv:  0.0349 Loss dta_proxy:  0.6408 Loss dta_trans:  0.0075 Loss dta_phys:  0.0066 Loss dta_preserve:  0.0047
Time:  0.0749 Epoch: 004 Iter:  150/ 600 LR: 0.0001000000 Loss content:  0.0173 Loss fft:  0.8309 Loss dta_rank:  0.0000 Loss dta_tv:  0.0337 Loss dta_proxy:  0.6469 Loss dta_trans:  0.0062 Loss dta_phys:  0.0066 Loss dta_preserve:  0.0042
Time:  0.0742 Epoch: 004 Iter:  200/ 600 LR: 0.0001000000 Loss content:  0.0171 Loss fft:  0.8031 Loss dta_rank:  0.0000 Loss dta_tv:  0.0343 Loss dta_proxy:  0.6222 Loss dta_trans:  0.0068 Loss dta_phys:  0.0063 Loss dta_preserve:  0.0103
Time:  0.0667 Epoch: 004 Iter:  250/ 600 LR: 0.0001000000 Loss content:  0.0184 Loss fft:  0.8461 Loss dta_rank:  0.0000 Loss dta_tv:  0.0335 Loss dta_proxy:  0.6413 Loss dta_trans:  0.0063 Loss dta_phys:  0.0060 Loss dta_preserve:  0.0061
Time:  0.0607 Epoch: 004 Iter:  300/ 600 LR: 0.0001000000 Loss content:  0.0178 Loss fft:  0.8313 Loss dta_rank:  0.0000 Loss dta_tv:  0.0341 Loss dta_proxy:  0.6425 Loss dta_trans:  0.0074 Loss dta_phys:  0.0065 Loss dta_preserve:  0.0059
Time:  0.0637 Epoch: 004 Iter:  350/ 600 LR: 0.0001000000 Loss content:  0.0168 Loss fft:  0.8037 Loss dta_rank:  0.0000 Loss dta_tv:  0.0333 Loss dta_proxy:  0.6423 Loss dta_trans:  0.0070 Loss dta_phys:  0.0063 Loss dta_preserve:  0.0053
Time:  0.0739 Epoch: 004 Iter:  400/ 600 LR: 0.0001000000 Loss content:  0.0165 Loss fft:  0.7965 Loss dta_rank:  0.0000 Loss dta_tv:  0.0334 Loss dta_proxy:  0.6406 Loss dta_trans:  0.0077 Loss dta_phys:  0.0069 Loss dta_preserve:  0.0043
Time:  0.0668 Epoch: 004 Iter:  450/ 600 LR: 0.0001000000 Loss content:  0.0159 Loss fft:  0.8073 Loss dta_rank:  0.0000 Loss dta_tv:  0.0336 Loss dta_proxy:  0.6449 Loss dta_trans:  0.0070 Loss dta_phys:  0.0074 Loss dta_preserve:  0.0056
Time:  0.0663 Epoch: 004 Iter:  500/ 600 LR: 0.0001000000 Loss content:  0.0172 Loss fft:  0.8116 Loss dta_rank:  0.0000 Loss dta_tv:  0.0328 Loss dta_proxy:  0.6353 Loss dta_trans:  0.0058 Loss dta_phys:  0.0064 Loss dta_preserve:  0.0044
Time:  0.0712 Epoch: 004 Iter:  550/ 600 LR: 0.0001000000 Loss content:  0.0169 Loss fft:  0.8191 Loss dta_rank:  0.0000 Loss dta_tv:  0.0345 Loss dta_proxy:  0.6402 Loss dta_trans:  0.0076 Loss dta_phys:  0.0074 Loss dta_preserve:  0.0051
Time:  0.0722 Epoch: 004 Iter:  600/ 600 LR: 0.0001000000 Loss content:  0.0177 Loss fft:  0.8436 Loss dta_rank:  0.0000 Loss dta_tv:  0.0326 Loss dta_proxy:  0.6559 Loss dta_trans:  0.0066 Loss dta_phys:  0.0066 Loss dta_preserve:  0.0049
EPOCH: 04
Elapsed time: 0.84 Epoch Pixel Loss:  0.0171 Epoch FFT Loss:  0.8198 Epoch DTA Rank:  0.0000 Epoch DTA TV:  0.0338 Epoch DTA Proxy:  0.6403 Epoch DTA Trans:  0.0069 Epoch DTA Phys:  0.0066 Epoch DTA Preserve:  0.0054
DTA_GATE_RAMP epoch=5 gate_limit=0.030000
Time:  0.0684 Epoch: 005 Iter:   50/ 600 LR: 0.0000983215 Loss content:  0.0176 Loss fft:  0.8130 Loss dta_rank:  0.0000 Loss dta_tv:  0.0318 Loss dta_proxy:  0.6556 Loss dta_trans:  0.0056 Loss dta_phys:  0.0066 Loss dta_preserve:  0.0039
Time:  0.0719 Epoch: 005 Iter:  100/ 600 LR: 0.0000983215 Loss content:  0.0167 Loss fft:  0.8145 Loss dta_rank:  0.0000 Loss dta_tv:  0.0336 Loss dta_proxy:  0.6366 Loss dta_trans:  0.0076 Loss dta_phys:  0.0071 Loss dta_preserve:  0.0052
Time:  0.0706 Epoch: 005 Iter:  150/ 600 LR: 0.0000983215 Loss content:  0.0168 Loss fft:  0.8273 Loss dta_rank:  0.0000 Loss dta_tv:  0.0331 Loss dta_proxy:  0.6318 Loss dta_trans:  0.0068 Loss dta_phys:  0.0067 Loss dta_preserve:  0.0043
Time:  0.0705 Epoch: 005 Iter:  200/ 600 LR: 0.0000983215 Loss content:  0.0180 Loss fft:  0.8300 Loss dta_rank:  0.0000 Loss dta_tv:  0.0326 Loss dta_proxy:  0.6510 Loss dta_trans:  0.0061 Loss dta_phys:  0.0068 Loss dta_preserve:  0.0049
Time:  0.0719 Epoch: 005 Iter:  250/ 600 LR: 0.0000983215 Loss content:  0.0176 Loss fft:  0.7863 Loss dta_rank:  0.0000 Loss dta_tv:  0.0328 Loss dta_proxy:  0.6456 Loss dta_trans:  0.0063 Loss dta_phys:  0.0073 Loss dta_preserve:  0.0055
Time:  0.0724 Epoch: 005 Iter:  300/ 600 LR: 0.0000983215 Loss content:  0.0169 Loss fft:  0.8247 Loss dta_rank:  0.0000 Loss dta_tv:  0.0336 Loss dta_proxy:  0.6135 Loss dta_trans:  0.0072 Loss dta_phys:  0.0063 Loss dta_preserve:  0.0045
Time:  0.0740 Epoch: 005 Iter:  350/ 600 LR: 0.0000983215 Loss content:  0.0165 Loss fft:  0.7915 Loss dta_rank:  0.0000 Loss dta_tv:  0.0334 Loss dta_proxy:  0.6190 Loss dta_trans:  0.0067 Loss dta_phys:  0.0064 Loss dta_preserve:  0.0048
Time:  0.0744 Epoch: 005 Iter:  400/ 600 LR: 0.0000983215 Loss content:  0.0170 Loss fft:  0.8057 Loss dta_rank:  0.0000 Loss dta_tv:  0.0315 Loss dta_proxy:  0.6490 Loss dta_trans:  0.0058 Loss dta_phys:  0.0060 Loss dta_preserve:  0.0055
Time:  0.0715 Epoch: 005 Iter:  450/ 600 LR: 0.0000983215 Loss content:  0.0163 Loss fft:  0.7990 Loss dta_rank:  0.0000 Loss dta_tv:  0.0316 Loss dta_proxy:  0.6402 Loss dta_trans:  0.0065 Loss dta_phys:  0.0070 Loss dta_preserve:  0.0048
Time:  0.0661 Epoch: 005 Iter:  500/ 600 LR: 0.0000983215 Loss content:  0.0178 Loss fft:  0.8548 Loss dta_rank:  0.0000 Loss dta_tv:  0.0313 Loss dta_proxy:  0.6701 Loss dta_trans:  0.0071 Loss dta_phys:  0.0071 Loss dta_preserve:  0.0059
Time:  0.0741 Epoch: 005 Iter:  550/ 600 LR: 0.0000983215 Loss content:  0.0173 Loss fft:  0.8083 Loss dta_rank:  0.0000 Loss dta_tv:  0.0313 Loss dta_proxy:  0.6324 Loss dta_trans:  0.0061 Loss dta_phys:  0.0057 Loss dta_preserve:  0.0045
Time:  0.0702 Epoch: 005 Iter:  600/ 600 LR: 0.0000983215 Loss content:  0.0173 Loss fft:  0.8308 Loss dta_rank:  0.0000 Loss dta_tv:  0.0317 Loss dta_proxy:  0.6546 Loss dta_trans:  0.0071 Loss dta_phys:  0.0074 Loss dta_preserve:  0.0056
EPOCH: 05
Elapsed time: 0.86 Epoch Pixel Loss:  0.0172 Epoch FFT Loss:  0.8155 Epoch DTA Rank:  0.0000 Epoch DTA TV:  0.0324 Epoch DTA Proxy:  0.6416 Epoch DTA Trans:  0.0066 Epoch DTA Phys:  0.0067 Epoch DTA Preserve:  0.0049
DTA_GATE_RAMP epoch=6 gate_limit=0.030000
Time:  0.0760 Epoch: 006 Iter:   50/ 600 LR: 0.0000942212 Loss content:  0.0180 Loss fft:  0.8240 Loss dta_rank:  0.0000 Loss dta_tv:  0.0318 Loss dta_proxy:  0.6307 Loss dta_trans:  0.0062 Loss dta_phys:  0.0067 Loss dta_preserve:  0.0049
Time:  0.0649 Epoch: 006 Iter:  100/ 600 LR: 0.0000942212 Loss content:  0.0178 Loss fft:  0.8191 Loss dta_rank:  0.0000 Loss dta_tv:  0.0311 Loss dta_proxy:  0.6570 Loss dta_trans:  0.0062 Loss dta_phys:  0.0070 Loss dta_preserve:  0.0058
Time:  0.0657 Epoch: 006 Iter:  150/ 600 LR: 0.0000942212 Loss content:  0.0164 Loss fft:  0.8034 Loss dta_rank:  0.0000 Loss dta_tv:  0.0319 Loss dta_proxy:  0.6267 Loss dta_trans:  0.0063 Loss dta_phys:  0.0062 Loss dta_preserve:  0.0047
Time:  0.0770 Epoch: 006 Iter:  200/ 600 LR: 0.0000942212 Loss content:  0.0162 Loss fft:  0.8054 Loss dta_rank:  0.0000 Loss dta_tv:  0.0310 Loss dta_proxy:  0.6386 Loss dta_trans:  0.0064 Loss dta_phys:  0.0062 Loss dta_preserve:  0.0039
Time:  0.0737 Epoch: 006 Iter:  250/ 600 LR: 0.0000942212 Loss content:  0.0165 Loss fft:  0.8024 Loss dta_rank:  0.0000 Loss dta_tv:  0.0321 Loss dta_proxy:  0.6293 Loss dta_trans:  0.0069 Loss dta_phys:  0.0063 Loss dta_preserve:  0.0047
Time:  0.0735 Epoch: 006 Iter:  300/ 600 LR: 0.0000942212 Loss content:  0.0175 Loss fft:  0.8174 Loss dta_rank:  0.0000 Loss dta_tv:  0.0307 Loss dta_proxy:  0.6553 Loss dta_trans:  0.0063 Loss dta_phys:  0.0074 Loss dta_preserve:  0.0050
Time:  0.0711 Epoch: 006 Iter:  350/ 600 LR: 0.0000942212 Loss content:  0.0173 Loss fft:  0.8406 Loss dta_rank:  0.0000 Loss dta_tv:  0.0317 Loss dta_proxy:  0.6331 Loss dta_trans:  0.0059 Loss dta_phys:  0.0071 Loss dta_preserve:  0.0058
Time:  0.0709 Epoch: 006 Iter:  400/ 600 LR: 0.0000942212 Loss content:  0.0171 Loss fft:  0.8389 Loss dta_rank:  0.0000 Loss dta_tv:  0.0306 Loss dta_proxy:  0.6544 Loss dta_trans:  0.0057 Loss dta_phys:  0.0064 Loss dta_preserve:  0.0046
Time:  0.0718 Epoch: 006 Iter:  450/ 600 LR: 0.0000942212 Loss content:  0.0171 Loss fft:  0.8215 Loss dta_rank:  0.0000 Loss dta_tv:  0.0318 Loss dta_proxy:  0.6438 Loss dta_trans:  0.0057 Loss dta_phys:  0.0066 Loss dta_preserve:  0.0058
Time:  0.0705 Epoch: 006 Iter:  500/ 600 LR: 0.0000942212 Loss content:  0.0175 Loss fft:  0.8577 Loss dta_rank:  0.0000 Loss dta_tv:  0.0309 Loss dta_proxy:  0.6556 Loss dta_trans:  0.0057 Loss dta_phys:  0.0060 Loss dta_preserve:  0.0062
Time:  0.0741 Epoch: 006 Iter:  550/ 600 LR: 0.0000942212 Loss content:  0.0164 Loss fft:  0.8033 Loss dta_rank:  0.0000 Loss dta_tv:  0.0322 Loss dta_proxy:  0.6278 Loss dta_trans:  0.0074 Loss dta_phys:  0.0072 Loss dta_preserve:  0.0048
Time:  0.0610 Epoch: 006 Iter:  600/ 600 LR: 0.0000942212 Loss content:  0.0173 Loss fft:  0.8215 Loss dta_rank:  0.0000 Loss dta_tv:  0.0309 Loss dta_proxy:  0.6658 Loss dta_trans:  0.0061 Loss dta_phys:  0.0079 Loss dta_preserve:  0.0050
EPOCH: 06
Elapsed time: 0.85 Epoch Pixel Loss:  0.0171 Epoch FFT Loss:  0.8213 Epoch DTA Rank:  0.0000 Epoch DTA TV:  0.0314 Epoch DTA Proxy:  0.6432 Epoch DTA Trans:  0.0062 Epoch DTA Phys:  0.0068 Epoch DTA Preserve:  0.0051
DTA_GATE_RAMP epoch=7 gate_limit=0.030000
Time:  0.0719 Epoch: 007 Iter:   50/ 600 LR: 0.0000886874 Loss content:  0.0169 Loss fft:  0.8035 Loss dta_rank:  0.0000 Loss dta_tv:  0.0318 Loss dta_proxy:  0.6477 Loss dta_trans:  0.0066 Loss dta_phys:  0.0073 Loss dta_preserve:  0.0056
Time:  0.0728 Epoch: 007 Iter:  100/ 600 LR: 0.0000886874 Loss content:  0.0172 Loss fft:  0.8217 Loss dta_rank:  0.0000 Loss dta_tv:  0.0308 Loss dta_proxy:  0.6512 Loss dta_trans:  0.0060 Loss dta_phys:  0.0070 Loss dta_preserve:  0.0060
Time:  0.0755 Epoch: 007 Iter:  150/ 600 LR: 0.0000886874 Loss content:  0.0180 Loss fft:  0.8464 Loss dta_rank:  0.0000 Loss dta_tv:  0.0311 Loss dta_proxy:  0.6296 Loss dta_trans:  0.0059 Loss dta_phys:  0.0061 Loss dta_preserve:  0.0059
Time:  0.0739 Epoch: 007 Iter:  200/ 600 LR: 0.0000886874 Loss content:  0.0164 Loss fft:  0.7817 Loss dta_rank:  0.0000 Loss dta_tv:  0.0311 Loss dta_proxy:  0.6489 Loss dta_trans:  0.0062 Loss dta_phys:  0.0068 Loss dta_preserve:  0.0058
Time:  0.0761 Epoch: 007 Iter:  250/ 600 LR: 0.0000886874 Loss content:  0.0168 Loss fft:  0.7920 Loss dta_rank:  0.0000 Loss dta_tv:  0.0315 Loss dta_proxy:  0.6453 Loss dta_trans:  0.0060 Loss dta_phys:  0.0069 Loss dta_preserve:  0.0067
Time:  0.0710 Epoch: 007 Iter:  300/ 600 LR: 0.0000886874 Loss content:  0.0172 Loss fft:  0.8198 Loss dta_rank:  0.0000 Loss dta_tv:  0.0318 Loss dta_proxy:  0.6348 Loss dta_trans:  0.0061 Loss dta_phys:  0.0070 Loss dta_preserve:  0.0044
Time:  0.0713 Epoch: 007 Iter:  350/ 600 LR: 0.0000886874 Loss content:  0.0174 Loss fft:  0.8240 Loss dta_rank:  0.0000 Loss dta_tv:  0.0316 Loss dta_proxy:  0.6290 Loss dta_trans:  0.0067 Loss dta_phys:  0.0067 Loss dta_preserve:  0.0068
Time:  0.0710 Epoch: 007 Iter:  400/ 600 LR: 0.0000886874 Loss content:  0.0174 Loss fft:  0.8372 Loss dta_rank:  0.0000 Loss dta_tv:  0.0291 Loss dta_proxy:  0.6496 Loss dta_trans:  0.0066 Loss dta_phys:  0.0068 Loss dta_preserve:  0.0053
Time:  0.0717 Epoch: 007 Iter:  450/ 600 LR: 0.0000886874 Loss content:  0.0175 Loss fft:  0.8255 Loss dta_rank:  0.0000 Loss dta_tv:  0.0301 Loss dta_proxy:  0.6446 Loss dta_trans:  0.0060 Loss dta_phys:  0.0065 Loss dta_preserve:  0.0045
Time:  0.0734 Epoch: 007 Iter:  500/ 600 LR: 0.0000886874 Loss content:  0.0175 Loss fft:  0.8299 Loss dta_rank:  0.0000 Loss dta_tv:  0.0304 Loss dta_proxy:  0.6477 Loss dta_trans:  0.0058 Loss dta_phys:  0.0060 Loss dta_preserve:  0.0048
Time:  0.0729 Epoch: 007 Iter:  550/ 600 LR: 0.0000886874 Loss content:  0.0175 Loss fft:  0.8444 Loss dta_rank:  0.0000 Loss dta_tv:  0.0295 Loss dta_proxy:  0.6533 Loss dta_trans:  0.0058 Loss dta_phys:  0.0063 Loss dta_preserve:  0.0055
Time:  0.0749 Epoch: 007 Iter:  600/ 600 LR: 0.0000886874 Loss content:  0.0168 Loss fft:  0.8090 Loss dta_rank:  0.0000 Loss dta_tv:  0.0302 Loss dta_proxy:  0.6306 Loss dta_trans:  0.0063 Loss dta_phys:  0.0071 Loss dta_preserve:  0.0048
EPOCH: 07
Elapsed time: 0.88 Epoch Pixel Loss:  0.0172 Epoch FFT Loss:  0.8196 Epoch DTA Rank:  0.0000 Epoch DTA TV:  0.0307 Epoch DTA Proxy:  0.6427 Epoch DTA Trans:  0.0062 Epoch DTA Phys:  0.0067 Epoch DTA Preserve:  0.0055
DTA_GATE_RAMP epoch=8 gate_limit=0.030000
Time:  0.0728 Epoch: 008 Iter:   50/ 600 LR: 0.0000819070 Loss content:  0.0171 Loss fft:  0.8044 Loss dta_rank:  0.0000 Loss dta_tv:  0.0304 Loss dta_proxy:  0.6413 Loss dta_trans:  0.0073 Loss dta_phys:  0.0073 Loss dta_preserve:  0.0046
Time:  0.0731 Epoch: 008 Iter:  100/ 600 LR: 0.0000819070 Loss content:  0.0167 Loss fft:  0.8071 Loss dta_rank:  0.0000 Loss dta_tv:  0.0298 Loss dta_proxy:  0.6312 Loss dta_trans:  0.0055 Loss dta_phys:  0.0068 Loss dta_preserve:  0.0050
Time:  0.0632 Epoch: 008 Iter:  150/ 600 LR: 0.0000819070 Loss content:  0.0171 Loss fft:  0.8420 Loss dta_rank:  0.0000 Loss dta_tv:  0.0296 Loss dta_proxy:  0.6469 Loss dta_trans:  0.0056 Loss dta_phys:  0.0063 Loss dta_preserve:  0.0049
Time:  0.0634 Epoch: 008 Iter:  200/ 600 LR: 0.0000819070 Loss content:  0.0177 Loss fft:  0.8240 Loss dta_rank:  0.0000 Loss dta_tv:  0.0309 Loss dta_proxy:  0.6327 Loss dta_trans:  0.0060 Loss dta_phys:  0.0065 Loss dta_preserve:  0.0056
Time:  0.0609 Epoch: 008 Iter:  250/ 600 LR: 0.0000819070 Loss content:  0.0167 Loss fft:  0.8146 Loss dta_rank:  0.0000 Loss dta_tv:  0.0308 Loss dta_proxy:  0.6390 Loss dta_trans:  0.0063 Loss dta_phys:  0.0074 Loss dta_preserve:  0.0044
Time:  0.0656 Epoch: 008 Iter:  300/ 600 LR: 0.0000819070 Loss content:  0.0179 Loss fft:  0.8332 Loss dta_rank:  0.0000 Loss dta_tv:  0.0306 Loss dta_proxy:  0.6253 Loss dta_trans:  0.0063 Loss dta_phys:  0.0063 Loss dta_preserve:  0.0047
Time:  0.0646 Epoch: 008 Iter:  350/ 600 LR: 0.0000819070 Loss content:  0.0163 Loss fft:  0.7873 Loss dta_rank:  0.0000 Loss dta_tv:  0.0298 Loss dta_proxy:  0.6556 Loss dta_trans:  0.0064 Loss dta_phys:  0.0069 Loss dta_preserve:  0.0060
Time:  0.0737 Epoch: 008 Iter:  400/ 600 LR: 0.0000819070 Loss content:  0.0182 Loss fft:  0.8360 Loss dta_rank:  0.0000 Loss dta_tv:  0.0300 Loss dta_proxy:  0.6383 Loss dta_trans:  0.0067 Loss dta_phys:  0.0059 Loss dta_preserve:  0.0047
Time:  0.0708 Epoch: 008 Iter:  450/ 600 LR: 0.0000819070 Loss content:  0.0171 Loss fft:  0.8408 Loss dta_rank:  0.0000 Loss dta_tv:  0.0290 Loss dta_proxy:  0.6684 Loss dta_trans:  0.0064 Loss dta_phys:  0.0072 Loss dta_preserve:  0.0053
Time:  0.0729 Epoch: 008 Iter:  500/ 600 LR: 0.0000819070 Loss content:  0.0173 Loss fft:  0.8182 Loss dta_rank:  0.0000 Loss dta_tv:  0.0293 Loss dta_proxy:  0.6551 Loss dta_trans:  0.0056 Loss dta_phys:  0.0069 Loss dta_preserve:  0.0046
Time:  0.0734 Epoch: 008 Iter:  550/ 600 LR: 0.0000819070 Loss content:  0.0176 Loss fft:  0.8419 Loss dta_rank:  0.0000 Loss dta_tv:  0.0294 Loss dta_proxy:  0.6496 Loss dta_trans:  0.0050 Loss dta_phys:  0.0063 Loss dta_preserve:  0.0053
Time:  0.0721 Epoch: 008 Iter:  600/ 600 LR: 0.0000819070 Loss content:  0.0171 Loss fft:  0.8079 Loss dta_rank:  0.0000 Loss dta_tv:  0.0287 Loss dta_proxy:  0.6638 Loss dta_trans:  0.0054 Loss dta_phys:  0.0064 Loss dta_preserve:  0.0048
EPOCH: 08
Elapsed time: 0.83 Epoch Pixel Loss:  0.0172 Epoch FFT Loss:  0.8214 Epoch DTA Rank:  0.0000 Epoch DTA TV:  0.0299 Epoch DTA Proxy:  0.6456 Epoch DTA Trans:  0.0060 Epoch DTA Phys:  0.0067 Epoch DTA Preserve:  0.0050
DTA_GATE_RAMP epoch=9 gate_limit=0.060000
Time:  0.0782 Epoch: 009 Iter:   50/ 600 LR: 0.0000741093 Loss content:  0.0174 Loss fft:  0.7974 Loss dta_rank:  0.0000 Loss dta_tv:  0.0291 Loss dta_proxy:  0.6436 Loss dta_trans:  0.0066 Loss dta_phys:  0.0076 Loss dta_preserve:  0.0057
Time:  0.0742 Epoch: 009 Iter:  100/ 600 LR: 0.0000741093 Loss content:  0.0173 Loss fft:  0.8507 Loss dta_rank:  0.0000 Loss dta_tv:  0.0296 Loss dta_proxy:  0.6366 Loss dta_trans:  0.0058 Loss dta_phys:  0.0060 Loss dta_preserve:  0.0047
Time:  0.0708 Epoch: 009 Iter:  150/ 600 LR: 0.0000741093 Loss content:  0.0166 Loss fft:  0.8140 Loss dta_rank:  0.0000 Loss dta_tv:  0.0301 Loss dta_proxy:  0.6408 Loss dta_trans:  0.0059 Loss dta_phys:  0.0076 Loss dta_preserve:  0.0047
Time:  0.0721 Epoch: 009 Iter:  200/ 600 LR: 0.0000741093 Loss content:  0.0181 Loss fft:  0.8451 Loss dta_rank:  0.0000 Loss dta_tv:  0.0303 Loss dta_proxy:  0.6416 Loss dta_trans:  0.0057 Loss dta_phys:  0.0066 Loss dta_preserve:  0.0051
Time:  0.0738 Epoch: 009 Iter:  250/ 600 LR: 0.0000741093 Loss content:  0.0171 Loss fft:  0.8149 Loss dta_rank:  0.0000 Loss dta_tv:  0.0297 Loss dta_proxy:  0.6481 Loss dta_trans:  0.0060 Loss dta_phys:  0.0063 Loss dta_preserve:  0.0057
Time:  0.0739 Epoch: 009 Iter:  300/ 600 LR: 0.0000741093 Loss content:  0.0172 Loss fft:  0.8201 Loss dta_rank:  0.0000 Loss dta_tv:  0.0298 Loss dta_proxy:  0.6531 Loss dta_trans:  0.0063 Loss dta_phys:  0.0065 Loss dta_preserve:  0.0040
Time:  0.0748 Epoch: 009 Iter:  350/ 600 LR: 0.0000741093 Loss content:  0.0179 Loss fft:  0.8528 Loss dta_rank:  0.0000 Loss dta_tv:  0.0290 Loss dta_proxy:  0.6599 Loss dta_trans:  0.0054 Loss dta_phys:  0.0068 Loss dta_preserve:  0.0064
Time:  0.0745 Epoch: 009 Iter:  400/ 600 LR: 0.0000741093 Loss content:  0.0171 Loss fft:  0.8002 Loss dta_rank:  0.0000 Loss dta_tv:  0.0303 Loss dta_proxy:  0.6232 Loss dta_trans:  0.0069 Loss dta_phys:  0.0067 Loss dta_preserve:  0.0047
Time:  0.0657 Epoch: 009 Iter:  450/ 600 LR: 0.0000741093 Loss content:  0.0180 Loss fft:  0.8029 Loss dta_rank:  0.0000 Loss dta_tv:  0.0305 Loss dta_proxy:  0.6248 Loss dta_trans:  0.0067 Loss dta_phys:  0.0067 Loss dta_preserve:  0.0050
Time:  0.0736 Epoch: 009 Iter:  500/ 600 LR: 0.0000741093 Loss content:  0.0168 Loss fft:  0.8284 Loss dta_rank:  0.0000 Loss dta_tv:  0.0284 Loss dta_proxy:  0.6589 Loss dta_trans:  0.0052 Loss dta_phys:  0.0062 Loss dta_preserve:  0.0040
Time:  0.0730 Epoch: 009 Iter:  550/ 600 LR: 0.0000741093 Loss content:  0.0169 Loss fft:  0.8102 Loss dta_rank:  0.0000 Loss dta_tv:  0.0295 Loss dta_proxy:  0.6457 Loss dta_trans:  0.0055 Loss dta_phys:  0.0078 Loss dta_preserve:  0.0050
Time:  0.0709 Epoch: 009 Iter:  600/ 600 LR: 0.0000741093 Loss content:  0.0165 Loss fft:  0.8098 Loss dta_rank:  0.0000 Loss dta_tv:  0.0306 Loss dta_proxy:  0.6302 Loss dta_trans:  0.0069 Loss dta_phys:  0.0067 Loss dta_preserve:  0.0045
EPOCH: 09
Elapsed time: 0.88 Epoch Pixel Loss:  0.0173 Epoch FFT Loss:  0.8205 Epoch DTA Rank:  0.0000 Epoch DTA TV:  0.0297 Epoch DTA Proxy:  0.6422 Epoch DTA Trans:  0.0061 Epoch DTA Phys:  0.0068 Epoch DTA Preserve:  0.0050
DTA_GATE_RAMP epoch=10 gate_limit=0.060000
Time:  0.0772 Epoch: 010 Iter:   50/ 600 LR: 0.0000655580 Loss content:  0.0177 Loss fft:  0.8584 Loss dta_rank:  0.0000 Loss dta_tv:  0.0290 Loss dta_proxy:  0.6395 Loss dta_trans:  0.0059 Loss dta_phys:  0.0073 Loss dta_preserve:  0.0042
Time:  0.0712 Epoch: 010 Iter:  100/ 600 LR: 0.0000655580 Loss content:  0.0173 Loss fft:  0.8217 Loss dta_rank:  0.0000 Loss dta_tv:  0.0286 Loss dta_proxy:  0.6385 Loss dta_trans:  0.0050 Loss dta_phys:  0.0059 Loss dta_preserve:  0.0049
Time:  0.0699 Epoch: 010 Iter:  150/ 600 LR: 0.0000655580 Loss content:  0.0175 Loss fft:  0.8101 Loss dta_rank:  0.0000 Loss dta_tv:  0.0290 Loss dta_proxy:  0.6450 Loss dta_trans:  0.0062 Loss dta_phys:  0.0070 Loss dta_preserve:  0.0040
Time:  0.0674 Epoch: 010 Iter:  200/ 600 LR: 0.0000655580 Loss content:  0.0166 Loss fft:  0.8001 Loss dta_rank:  0.0000 Loss dta_tv:  0.0293 Loss dta_proxy:  0.6513 Loss dta_trans:  0.0060 Loss dta_phys:  0.0071 Loss dta_preserve:  0.0056
Time:  0.0727 Epoch: 010 Iter:  250/ 600 LR: 0.0000655580 Loss content:  0.0175 Loss fft:  0.8164 Loss dta_rank:  0.0000 Loss dta_tv:  0.0291 Loss dta_proxy:  0.6522 Loss dta_trans:  0.0049 Loss dta_phys:  0.0068 Loss dta_preserve:  0.0073
Time:  0.0707 Epoch: 010 Iter:  300/ 600 LR: 0.0000655580 Loss content:  0.0169 Loss fft:  0.8118 Loss dta_rank:  0.0000 Loss dta_tv:  0.0305 Loss dta_proxy:  0.6236 Loss dta_trans:  0.0065 Loss dta_phys:  0.0067 Loss dta_preserve:  0.0048
Time:  0.0724 Epoch: 010 Iter:  350/ 600 LR: 0.0000655580 Loss content:  0.0172 Loss fft:  0.8250 Loss dta_rank:  0.0000 Loss dta_tv:  0.0281 Loss dta_proxy:  0.6599 Loss dta_trans:  0.0054 Loss dta_phys:  0.0068 Loss dta_preserve:  0.0077
Time:  0.0762 Epoch: 010 Iter:  400/ 600 LR: 0.0000655580 Loss content:  0.0176 Loss fft:  0.8338 Loss dta_rank:  0.0000 Loss dta_tv:  0.0295 Loss dta_proxy:  0.6264 Loss dta_trans:  0.0057 Loss dta_phys:  0.0066 Loss dta_preserve:  0.0046
Time:  0.0752 Epoch: 010 Iter:  450/ 600 LR: 0.0000655580 Loss content:  0.0165 Loss fft:  0.8203 Loss dta_rank:  0.0000 Loss dta_tv:  0.0304 Loss dta_proxy:  0.6353 Loss dta_trans:  0.0052 Loss dta_phys:  0.0068 Loss dta_preserve:  0.0045
Time:  0.0768 Epoch: 010 Iter:  500/ 600 LR: 0.0000655580 Loss content:  0.0171 Loss fft:  0.8353 Loss dta_rank:  0.0000 Loss dta_tv:  0.0289 Loss dta_proxy:  0.6396 Loss dta_trans:  0.0063 Loss dta_phys:  0.0062 Loss dta_preserve:  0.0062
Time:  0.0749 Epoch: 010 Iter:  550/ 600 LR: 0.0000655580 Loss content:  0.0164 Loss fft:  0.7893 Loss dta_rank:  0.0000 Loss dta_tv:  0.0290 Loss dta_proxy:  0.6308 Loss dta_trans:  0.0066 Loss dta_phys:  0.0065 Loss dta_preserve:  0.0044
Time:  0.0721 Epoch: 010 Iter:  600/ 600 LR: 0.0000655580 Loss content:  0.0167 Loss fft:  0.7930 Loss dta_rank:  0.0000 Loss dta_tv:  0.0294 Loss dta_proxy:  0.6423 Loss dta_trans:  0.0066 Loss dta_phys:  0.0066 Loss dta_preserve:  0.0042
EPOCH: 10
Elapsed time: 0.88 Epoch Pixel Loss:  0.0171 Epoch FFT Loss:  0.8179 Epoch DTA Rank:  0.0000 Epoch DTA TV:  0.0292 Epoch DTA Proxy:  0.6404 Epoch DTA Trans:  0.0059 Epoch DTA Phys:  0.0067 Epoch DTA Preserve:  0.0052
DTA_GATE_RAMP epoch=11 gate_limit=0.060000
Time:  0.0797 Epoch: 011 Iter:   50/ 600 LR: 0.0000565424 Loss content:  0.0170 Loss fft:  0.7978 Loss dta_rank:  0.0000 Loss dta_tv:  0.0283 Loss dta_proxy:  0.6348 Loss dta_trans:  0.0053 Loss dta_phys:  0.0062 Loss dta_preserve:  0.0046
Time:  0.0749 Epoch: 011 Iter:  100/ 600 LR: 0.0000565424 Loss content:  0.0163 Loss fft:  0.7996 Loss dta_rank:  0.0000 Loss dta_tv:  0.0287 Loss dta_proxy:  0.6396 Loss dta_trans:  0.0056 Loss dta_phys:  0.0061 Loss dta_preserve:  0.0047
Time:  0.0752 Epoch: 011 Iter:  150/ 600 LR: 0.0000565424 Loss content:  0.0165 Loss fft:  0.8038 Loss dta_rank:  0.0000 Loss dta_tv:  0.0292 Loss dta_proxy:  0.6414 Loss dta_trans:  0.0055 Loss dta_phys:  0.0068 Loss dta_preserve:  0.0051
Time:  0.0735 Epoch: 011 Iter:  200/ 600 LR: 0.0000565424 Loss content:  0.0173 Loss fft:  0.7991 Loss dta_rank:  0.0000 Loss dta_tv:  0.0290 Loss dta_proxy:  0.6258 Loss dta_trans:  0.0069 Loss dta_phys:  0.0073 Loss dta_preserve:  0.0049
Time:  0.0732 Epoch: 011 Iter:  250/ 600 LR: 0.0000565424 Loss content:  0.0176 Loss fft:  0.8427 Loss dta_rank:  0.0000 Loss dta_tv:  0.0287 Loss dta_proxy:  0.6257 Loss dta_trans:  0.0060 Loss dta_phys:  0.0059 Loss dta_preserve:  0.0054
Time:  0.0711 Epoch: 011 Iter:  300/ 600 LR: 0.0000565424 Loss content:  0.0174 Loss fft:  0.8214 Loss dta_rank:  0.0000 Loss dta_tv:  0.0293 Loss dta_proxy:  0.6361 Loss dta_trans:  0.0051 Loss dta_phys:  0.0063 Loss dta_preserve:  0.0049
Time:  0.0732 Epoch: 011 Iter:  350/ 600 LR: 0.0000565424 Loss content:  0.0173 Loss fft:  0.8378 Loss dta_rank:  0.0000 Loss dta_tv:  0.0288 Loss dta_proxy:  0.6383 Loss dta_trans:  0.0063 Loss dta_phys:  0.0065 Loss dta_preserve:  0.0063
Time:  0.0729 Epoch: 011 Iter:  400/ 600 LR: 0.0000565424 Loss content:  0.0171 Loss fft:  0.8046 Loss dta_rank:  0.0000 Loss dta_tv:  0.0291 Loss dta_proxy:  0.6464 Loss dta_trans:  0.0058 Loss dta_phys:  0.0077 Loss dta_preserve:  0.0055
Time:  0.0756 Epoch: 011 Iter:  450/ 600 LR: 0.0000565424 Loss content:  0.0175 Loss fft:  0.8268 Loss dta_rank:  0.0000 Loss dta_tv:  0.0282 Loss dta_proxy:  0.6571 Loss dta_trans:  0.0051 Loss dta_phys:  0.0067 Loss dta_preserve:  0.0057
Time:  0.0754 Epoch: 011 Iter:  500/ 600 LR: 0.0000565424 Loss content:  0.0169 Loss fft:  0.8044 Loss dta_rank:  0.0000 Loss dta_tv:  0.0290 Loss dta_proxy:  0.6435 Loss dta_trans:  0.0062 Loss dta_phys:  0.0069 Loss dta_preserve:  0.0062
Time:  0.0642 Epoch: 011 Iter:  550/ 600 LR: 0.0000565424 Loss content:  0.0173 Loss fft:  0.8164 Loss dta_rank:  0.0000 Loss dta_tv:  0.0285 Loss dta_proxy:  0.6414 Loss dta_trans:  0.0060 Loss dta_phys:  0.0059 Loss dta_preserve:  0.0041
Time:  0.0737 Epoch: 011 Iter:  600/ 600 LR: 0.0000565424 Loss content:  0.0168 Loss fft:  0.8208 Loss dta_rank:  0.0000 Loss dta_tv:  0.0284 Loss dta_proxy:  0.6635 Loss dta_trans:  0.0056 Loss dta_phys:  0.0072 Loss dta_preserve:  0.0042
EPOCH: 11
Elapsed time: 0.89 Epoch Pixel Loss:  0.0171 Epoch FFT Loss:  0.8146 Epoch DTA Rank:  0.0000 Epoch DTA TV:  0.0288 Epoch DTA Proxy:  0.6411 Epoch DTA Trans:  0.0058 Epoch DTA Phys:  0.0066 Epoch DTA Preserve:  0.0051
DTA_GATE_RAMP epoch=12 gate_limit=0.060000
Time:  0.0767 Epoch: 012 Iter:   50/ 600 LR: 0.0000473670 Loss content:  0.0166 Loss fft:  0.7959 Loss dta_rank:  0.0000 Loss dta_tv:  0.0285 Loss dta_proxy:  0.6296 Loss dta_trans:  0.0051 Loss dta_phys:  0.0064 Loss dta_preserve:  0.0053
Time:  0.0743 Epoch: 012 Iter:  100/ 600 LR: 0.0000473670 Loss content:  0.0166 Loss fft:  0.8011 Loss dta_rank:  0.0000 Loss dta_tv:  0.0281 Loss dta_proxy:  0.6499 Loss dta_trans:  0.0063 Loss dta_phys:  0.0078 Loss dta_preserve:  0.0047
Time:  0.0733 Epoch: 012 Iter:  150/ 600 LR: 0.0000473670 Loss content:  0.0177 Loss fft:  0.8509 Loss dta_rank:  0.0000 Loss dta_tv:  0.0287 Loss dta_proxy:  0.6411 Loss dta_trans:  0.0050 Loss dta_phys:  0.0067 Loss dta_preserve:  0.0047
Time:  0.0682 Epoch: 012 Iter:  200/ 600 LR: 0.0000473670 Loss content:  0.0165 Loss fft:  0.7853 Loss dta_rank:  0.0000 Loss dta_tv:  0.0286 Loss dta_proxy:  0.6316 Loss dta_trans:  0.0057 Loss dta_phys:  0.0075 Loss dta_preserve:  0.0048
Time:  0.0610 Epoch: 012 Iter:  250/ 600 LR: 0.0000473670 Loss content:  0.0172 Loss fft:  0.8229 Loss dta_rank:  0.0000 Loss dta_tv:  0.0288 Loss dta_proxy:  0.6536 Loss dta_trans:  0.0062 Loss dta_phys:  0.0074 Loss dta_preserve:  0.0051
Time:  0.0716 Epoch: 012 Iter:  300/ 600 LR: 0.0000473670 Loss content:  0.0169 Loss fft:  0.8157 Loss dta_rank:  0.0000 Loss dta_tv:  0.0280 Loss dta_proxy:  0.6381 Loss dta_trans:  0.0055 Loss dta_phys:  0.0066 Loss dta_preserve:  0.0072
Time:  0.0759 Epoch: 012 Iter:  350/ 600 LR: 0.0000473670 Loss content:  0.0176 Loss fft:  0.8306 Loss dta_rank:  0.0000 Loss dta_tv:  0.0286 Loss dta_proxy:  0.6305 Loss dta_trans:  0.0054 Loss dta_phys:  0.0062 Loss dta_preserve:  0.0057
Time:  0.0745 Epoch: 012 Iter:  400/ 600 LR: 0.0000473670 Loss content:  0.0172 Loss fft:  0.8124 Loss dta_rank:  0.0000 Loss dta_tv:  0.0289 Loss dta_proxy:  0.6190 Loss dta_trans:  0.0063 Loss dta_phys:  0.0061 Loss dta_preserve:  0.0050
Time:  0.0748 Epoch: 012 Iter:  450/ 600 LR: 0.0000473670 Loss content:  0.0176 Loss fft:  0.8330 Loss dta_rank:  0.0000 Loss dta_tv:  0.0283 Loss dta_proxy:  0.6456 Loss dta_trans:  0.0057 Loss dta_phys:  0.0068 Loss dta_preserve:  0.0052
Time:  0.0715 Epoch: 012 Iter:  500/ 600 LR: 0.0000473670 Loss content:  0.0166 Loss fft:  0.8038 Loss dta_rank:  0.0000 Loss dta_tv:  0.0284 Loss dta_proxy:  0.6447 Loss dta_trans:  0.0055 Loss dta_phys:  0.0064 Loss dta_preserve:  0.0056
Time:  0.0726 Epoch: 012 Iter:  550/ 600 LR: 0.0000473670 Loss content:  0.0167 Loss fft:  0.8306 Loss dta_rank:  0.0000 Loss dta_tv:  0.0285 Loss dta_proxy:  0.6558 Loss dta_trans:  0.0058 Loss dta_phys:  0.0061 Loss dta_preserve:  0.0045
Time:  0.0713 Epoch: 012 Iter:  600/ 600 LR: 0.0000473670 Loss content:  0.0166 Loss fft:  0.7840 Loss dta_rank:  0.0000 Loss dta_tv:  0.0280 Loss dta_proxy:  0.6533 Loss dta_trans:  0.0064 Loss dta_phys:  0.0062 Loss dta_preserve:  0.0050
EPOCH: 12
Elapsed time: 0.87 Epoch Pixel Loss:  0.0170 Epoch FFT Loss:  0.8138 Epoch DTA Rank:  0.0000 Epoch DTA TV:  0.0284 Epoch DTA Proxy:  0.6411 Epoch DTA Trans:  0.0057 Epoch DTA Phys:  0.0067 Epoch DTA Preserve:  0.0052
DTA_GATE_RAMP epoch=13 gate_limit=0.060000
Time:  0.0768 Epoch: 013 Iter:   50/ 600 LR: 0.0000383414 Loss content:  0.0173 Loss fft:  0.8334 Loss dta_rank:  0.0000 Loss dta_tv:  0.0276 Loss dta_proxy:  0.6503 Loss dta_trans:  0.0049 Loss dta_phys:  0.0060 Loss dta_preserve:  0.0046
Time:  0.0750 Epoch: 013 Iter:  100/ 600 LR: 0.0000383414 Loss content:  0.0165 Loss fft:  0.8074 Loss dta_rank:  0.0000 Loss dta_tv:  0.0286 Loss dta_proxy:  0.6376 Loss dta_trans:  0.0055 Loss dta_phys:  0.0072 Loss dta_preserve:  0.0054
Time:  0.0746 Epoch: 013 Iter:  150/ 600 LR: 0.0000383414 Loss content:  0.0175 Loss fft:  0.8045 Loss dta_rank:  0.0000 Loss dta_tv:  0.0285 Loss dta_proxy:  0.6391 Loss dta_trans:  0.0063 Loss dta_phys:  0.0067 Loss dta_preserve:  0.0063
Time:  0.0737 Epoch: 013 Iter:  200/ 600 LR: 0.0000383414 Loss content:  0.0169 Loss fft:  0.8218 Loss dta_rank:  0.0000 Loss dta_tv:  0.0284 Loss dta_proxy:  0.6542 Loss dta_trans:  0.0061 Loss dta_phys:  0.0071 Loss dta_preserve:  0.0047
Time:  0.0711 Epoch: 013 Iter:  250/ 600 LR: 0.0000383414 Loss content:  0.0166 Loss fft:  0.8155 Loss dta_rank:  0.0000 Loss dta_tv:  0.0286 Loss dta_proxy:  0.6355 Loss dta_trans:  0.0063 Loss dta_phys:  0.0066 Loss dta_preserve:  0.0055
Time:  0.0733 Epoch: 013 Iter:  300/ 600 LR: 0.0000383414 Loss content:  0.0172 Loss fft:  0.8330 Loss dta_rank:  0.0000 Loss dta_tv:  0.0287 Loss dta_proxy:  0.6315 Loss dta_trans:  0.0063 Loss dta_phys:  0.0069 Loss dta_preserve:  0.0065
Time:  0.0697 Epoch: 013 Iter:  350/ 600 LR: 0.0000383414 Loss content:  0.0162 Loss fft:  0.7843 Loss dta_rank:  0.0000 Loss dta_tv:  0.0282 Loss dta_proxy:  0.6488 Loss dta_trans:  0.0059 Loss dta_phys:  0.0069 Loss dta_preserve:  0.0050
Time:  0.0629 Epoch: 013 Iter:  400/ 600 LR: 0.0000383414 Loss content:  0.0171 Loss fft:  0.8144 Loss dta_rank:  0.0000 Loss dta_tv:  0.0286 Loss dta_proxy:  0.6399 Loss dta_trans:  0.0057 Loss dta_phys:  0.0069 Loss dta_preserve:  0.0056
Time:  0.0749 Epoch: 013 Iter:  450/ 600 LR: 0.0000383414 Loss content:  0.0165 Loss fft:  0.8182 Loss dta_rank:  0.0000 Loss dta_tv:  0.0302 Loss dta_proxy:  0.6204 Loss dta_trans:  0.0064 Loss dta_phys:  0.0066 Loss dta_preserve:  0.0041
Time:  0.0757 Epoch: 013 Iter:  500/ 600 LR: 0.0000383414 Loss content:  0.0172 Loss fft:  0.8158 Loss dta_rank:  0.0000 Loss dta_tv:  0.0288 Loss dta_proxy:  0.6427 Loss dta_trans:  0.0049 Loss dta_phys:  0.0066 Loss dta_preserve:  0.0057
Time:  0.0663 Epoch: 013 Iter:  550/ 600 LR: 0.0000383414 Loss content:  0.0175 Loss fft:  0.8389 Loss dta_rank:  0.0000 Loss dta_tv:  0.0287 Loss dta_proxy:  0.6327 Loss dta_trans:  0.0054 Loss dta_phys:  0.0056 Loss dta_preserve:  0.0040
Time:  0.0736 Epoch: 013 Iter:  600/ 600 LR: 0.0000383414 Loss content:  0.0174 Loss fft:  0.8420 Loss dta_rank:  0.0000 Loss dta_tv:  0.0277 Loss dta_proxy:  0.6458 Loss dta_trans:  0.0053 Loss dta_phys:  0.0068 Loss dta_preserve:  0.0077
EPOCH: 13
Elapsed time: 0.87 Epoch Pixel Loss:  0.0170 Epoch FFT Loss:  0.8191 Epoch DTA Rank:  0.0000 Epoch DTA TV:  0.0285 Epoch DTA Proxy:  0.6399 Epoch DTA Trans:  0.0057 Epoch DTA Phys:  0.0067 Epoch DTA Preserve:  0.0054
DTA_GATE_RAMP epoch=14 gate_limit=0.060000
Time:  0.0792 Epoch: 014 Iter:   50/ 600 LR: 0.0000297690 Loss content:  0.0168 Loss fft:  0.8074 Loss dta_rank:  0.0000 Loss dta_tv:  0.0290 Loss dta_proxy:  0.6355 Loss dta_trans:  0.0061 Loss dta_phys:  0.0064 Loss dta_preserve:  0.0064
Time:  0.0809 Epoch: 014 Iter:  100/ 600 LR: 0.0000297690 Loss content:  0.0169 Loss fft:  0.8164 Loss dta_rank:  0.0000 Loss dta_tv:  0.0288 Loss dta_proxy:  0.6352 Loss dta_trans:  0.0057 Loss dta_phys:  0.0067 Loss dta_preserve:  0.0041
Time:  0.0749 Epoch: 014 Iter:  150/ 600 LR: 0.0000297690 Loss content:  0.0173 Loss fft:  0.8024 Loss dta_rank:  0.0000 Loss dta_tv:  0.0278 Loss dta_proxy:  0.6503 Loss dta_trans:  0.0061 Loss dta_phys:  0.0062 Loss dta_preserve:  0.0053
Time:  0.0757 Epoch: 014 Iter:  200/ 600 LR: 0.0000297690 Loss content:  0.0177 Loss fft:  0.8392 Loss dta_rank:  0.0000 Loss dta_tv:  0.0285 Loss dta_proxy:  0.6386 Loss dta_trans:  0.0058 Loss dta_phys:  0.0066 Loss dta_preserve:  0.0045
Time:  0.0768 Epoch: 014 Iter:  250/ 600 LR: 0.0000297690 Loss content:  0.0171 Loss fft:  0.8285 Loss dta_rank:  0.0000 Loss dta_tv:  0.0292 Loss dta_proxy:  0.6355 Loss dta_trans:  0.0057 Loss dta_phys:  0.0064 Loss dta_preserve:  0.0042
Time:  0.0792 Epoch: 014 Iter:  300/ 600 LR: 0.0000297690 Loss content:  0.0176 Loss fft:  0.8385 Loss dta_rank:  0.0000 Loss dta_tv:  0.0290 Loss dta_proxy:  0.6258 Loss dta_trans:  0.0058 Loss dta_phys:  0.0066 Loss dta_preserve:  0.0052
Time:  0.0798 Epoch: 014 Iter:  350/ 600 LR: 0.0000297690 Loss content:  0.0166 Loss fft:  0.7871 Loss dta_rank:  0.0000 Loss dta_tv:  0.0288 Loss dta_proxy:  0.6308 Loss dta_trans:  0.0061 Loss dta_phys:  0.0072 Loss dta_preserve:  0.0059
Time:  0.0788 Epoch: 014 Iter:  400/ 600 LR: 0.0000297690 Loss content:  0.0174 Loss fft:  0.8279 Loss dta_rank:  0.0000 Loss dta_tv:  0.0283 Loss dta_proxy:  0.6467 Loss dta_trans:  0.0056 Loss dta_phys:  0.0067 Loss dta_preserve:  0.0052
Time:  0.0812 Epoch: 014 Iter:  450/ 600 LR: 0.0000297690 Loss content:  0.0172 Loss fft:  0.8192 Loss dta_rank:  0.0000 Loss dta_tv:  0.0282 Loss dta_proxy:  0.6539 Loss dta_trans:  0.0061 Loss dta_phys:  0.0067 Loss dta_preserve:  0.0046
Time:  0.0707 Epoch: 014 Iter:  500/ 600 LR: 0.0000297690 Loss content:  0.0172 Loss fft:  0.8324 Loss dta_rank:  0.0000 Loss dta_tv:  0.0282 Loss dta_proxy:  0.6465 Loss dta_trans:  0.0055 Loss dta_phys:  0.0065 Loss dta_preserve:  0.0057
Time:  0.0736 Epoch: 014 Iter:  550/ 600 LR: 0.0000297690 Loss content:  0.0169 Loss fft:  0.8246 Loss dta_rank:  0.0000 Loss dta_tv:  0.0285 Loss dta_proxy:  0.6437 Loss dta_trans:  0.0054 Loss dta_phys:  0.0065 Loss dta_preserve:  0.0046
Time:  0.0721 Epoch: 014 Iter:  600/ 600 LR: 0.0000297690 Loss content:  0.0166 Loss fft:  0.7714 Loss dta_rank:  0.0000 Loss dta_tv:  0.0278 Loss dta_proxy:  0.6498 Loss dta_trans:  0.0055 Loss dta_phys:  0.0065 Loss dta_preserve:  0.0052
EPOCH: 14
Elapsed time: 0.93 Epoch Pixel Loss:  0.0171 Epoch FFT Loss:  0.8162 Epoch DTA Rank:  0.0000 Epoch DTA TV:  0.0285 Epoch DTA Proxy:  0.6410 Epoch DTA Trans:  0.0058 Epoch DTA Phys:  0.0066 Epoch DTA Preserve:  0.0051
DTA_GATE_RAMP epoch=15 gate_limit=0.060000
Time:  0.0786 Epoch: 015 Iter:   50/ 600 LR: 0.0000219361 Loss content:  0.0179 Loss fft:  0.8397 Loss dta_rank:  0.0000 Loss dta_tv:  0.0287 Loss dta_proxy:  0.6554 Loss dta_trans:  0.0051 Loss dta_phys:  0.0070 Loss dta_preserve:  0.0056
Time:  0.0727 Epoch: 015 Iter:  100/ 600 LR: 0.0000219361 Loss content:  0.0177 Loss fft:  0.8298 Loss dta_rank:  0.0000 Loss dta_tv:  0.0278 Loss dta_proxy:  0.6407 Loss dta_trans:  0.0049 Loss dta_phys:  0.0069 Loss dta_preserve:  0.0060
Time:  0.0716 Epoch: 015 Iter:  150/ 600 LR: 0.0000219361 Loss content:  0.0166 Loss fft:  0.7902 Loss dta_rank:  0.0000 Loss dta_tv:  0.0285 Loss dta_proxy:  0.6498 Loss dta_trans:  0.0068 Loss dta_phys:  0.0066 Loss dta_preserve:  0.0045
Time:  0.0729 Epoch: 015 Iter:  200/ 600 LR: 0.0000219361 Loss content:  0.0174 Loss fft:  0.8272 Loss dta_rank:  0.0000 Loss dta_tv:  0.0281 Loss dta_proxy:  0.6491 Loss dta_trans:  0.0056 Loss dta_phys:  0.0070 Loss dta_preserve:  0.0052
Time:  0.0759 Epoch: 015 Iter:  250/ 600 LR: 0.0000219361 Loss content:  0.0168 Loss fft:  0.8138 Loss dta_rank:  0.0000 Loss dta_tv:  0.0284 Loss dta_proxy:  0.6365 Loss dta_trans:  0.0050 Loss dta_phys:  0.0064 Loss dta_preserve:  0.0045
Time:  0.0769 Epoch: 015 Iter:  300/ 600 LR: 0.0000219361 Loss content:  0.0171 Loss fft:  0.8165 Loss dta_rank:  0.0000 Loss dta_tv:  0.0281 Loss dta_proxy:  0.6315 Loss dta_trans:  0.0050 Loss dta_phys:  0.0066 Loss dta_preserve:  0.0055
Time:  0.0766 Epoch: 015 Iter:  350/ 600 LR: 0.0000219361 Loss content:  0.0168 Loss fft:  0.7884 Loss dta_rank:  0.0000 Loss dta_tv:  0.0276 Loss dta_proxy:  0.6566 Loss dta_trans:  0.0051 Loss dta_phys:  0.0072 Loss dta_preserve:  0.0059
Time:  0.0724 Epoch: 015 Iter:  400/ 600 LR: 0.0000219361 Loss content:  0.0171 Loss fft:  0.7916 Loss dta_rank:  0.0000 Loss dta_tv:  0.0281 Loss dta_proxy:  0.6328 Loss dta_trans:  0.0065 Loss dta_phys:  0.0067 Loss dta_preserve:  0.0044
Time:  0.0744 Epoch: 015 Iter:  450/ 600 LR: 0.0000219361 Loss content:  0.0170 Loss fft:  0.8264 Loss dta_rank:  0.0000 Loss dta_tv:  0.0282 Loss dta_proxy:  0.6390 Loss dta_trans:  0.0058 Loss dta_phys:  0.0073 Loss dta_preserve:  0.0048
Time:  0.0707 Epoch: 015 Iter:  500/ 600 LR: 0.0000219361 Loss content:  0.0170 Loss fft:  0.8114 Loss dta_rank:  0.0000 Loss dta_tv:  0.0287 Loss dta_proxy:  0.6200 Loss dta_trans:  0.0064 Loss dta_phys:  0.0065 Loss dta_preserve:  0.0051
Time:  0.0720 Epoch: 015 Iter:  550/ 600 LR: 0.0000219361 Loss content:  0.0165 Loss fft:  0.8345 Loss dta_rank:  0.0000 Loss dta_tv:  0.0287 Loss dta_proxy:  0.6258 Loss dta_trans:  0.0059 Loss dta_phys:  0.0060 Loss dta_preserve:  0.0048
Time:  0.0704 Epoch: 015 Iter:  600/ 600 LR: 0.0000219361 Loss content:  0.0176 Loss fft:  0.8517 Loss dta_rank:  0.0000 Loss dta_tv:  0.0284 Loss dta_proxy:  0.6643 Loss dta_trans:  0.0056 Loss dta_phys:  0.0062 Loss dta_preserve:  0.0048
EPOCH: 15
Elapsed time: 0.89 Epoch Pixel Loss:  0.0171 Epoch FFT Loss:  0.8184 Epoch DTA Rank:  0.0000 Epoch DTA TV:  0.0283 Epoch DTA Proxy:  0.6418 Epoch DTA Trans:  0.0056 Epoch DTA Phys:  0.0067 Epoch DTA Preserve:  0.0051
DTA_GATE_RAMP epoch=16 gate_limit=0.060000
Time:  0.0760 Epoch: 016 Iter:   50/ 600 LR: 0.0000151017 Loss content:  0.0170 Loss fft:  0.8240 Loss dta_rank:  0.0000 Loss dta_tv:  0.0285 Loss dta_proxy:  0.6376 Loss dta_trans:  0.0052 Loss dta_phys:  0.0071 Loss dta_preserve:  0.0050
Time:  0.0719 Epoch: 016 Iter:  100/ 600 LR: 0.0000151017 Loss content:  0.0174 Loss fft:  0.8146 Loss dta_rank:  0.0000 Loss dta_tv:  0.0277 Loss dta_proxy:  0.6574 Loss dta_trans:  0.0051 Loss dta_phys:  0.0065 Loss dta_preserve:  0.0053
Time:  0.0730 Epoch: 016 Iter:  150/ 600 LR: 0.0000151017 Loss content:  0.0171 Loss fft:  0.8085 Loss dta_rank:  0.0000 Loss dta_tv:  0.0294 Loss dta_proxy:  0.6006 Loss dta_trans:  0.0058 Loss dta_phys:  0.0063 Loss dta_preserve:  0.0043
Time:  0.0761 Epoch: 016 Iter:  200/ 600 LR: 0.0000151017 Loss content:  0.0174 Loss fft:  0.8070 Loss dta_rank:  0.0000 Loss dta_tv:  0.0275 Loss dta_proxy:  0.6510 Loss dta_trans:  0.0052 Loss dta_phys:  0.0066 Loss dta_preserve:  0.0051
Time:  0.0746 Epoch: 016 Iter:  250/ 600 LR: 0.0000151017 Loss content:  0.0173 Loss fft:  0.8130 Loss dta_rank:  0.0000 Loss dta_tv:  0.0284 Loss dta_proxy:  0.6510 Loss dta_trans:  0.0056 Loss dta_phys:  0.0069 Loss dta_preserve:  0.0081
Time:  0.0722 Epoch: 016 Iter:  300/ 600 LR: 0.0000151017 Loss content:  0.0173 Loss fft:  0.8369 Loss dta_rank:  0.0000 Loss dta_tv:  0.0284 Loss dta_proxy:  0.6557 Loss dta_trans:  0.0050 Loss dta_phys:  0.0069 Loss dta_preserve:  0.0050
Time:  0.0728 Epoch: 016 Iter:  350/ 600 LR: 0.0000151017 Loss content:  0.0179 Loss fft:  0.8203 Loss dta_rank:  0.0000 Loss dta_tv:  0.0280 Loss dta_proxy:  0.6328 Loss dta_trans:  0.0050 Loss dta_phys:  0.0066 Loss dta_preserve:  0.0061
Time:  0.0744 Epoch: 016 Iter:  400/ 600 LR: 0.0000151017 Loss content:  0.0177 Loss fft:  0.8527 Loss dta_rank:  0.0000 Loss dta_tv:  0.0286 Loss dta_proxy:  0.6550 Loss dta_trans:  0.0053 Loss dta_phys:  0.0068 Loss dta_preserve:  0.0052
Time:  0.0741 Epoch: 016 Iter:  450/ 600 LR: 0.0000151017 Loss content:  0.0162 Loss fft:  0.7975 Loss dta_rank:  0.0000 Loss dta_tv:  0.0284 Loss dta_proxy:  0.6261 Loss dta_trans:  0.0066 Loss dta_phys:  0.0065 Loss dta_preserve:  0.0045
Time:  0.0735 Epoch: 016 Iter:  500/ 600 LR: 0.0000151017 Loss content:  0.0170 Loss fft:  0.8185 Loss dta_rank:  0.0000 Loss dta_tv:  0.0291 Loss dta_proxy:  0.6332 Loss dta_trans:  0.0058 Loss dta_phys:  0.0063 Loss dta_preserve:  0.0054
Time:  0.0732 Epoch: 016 Iter:  550/ 600 LR: 0.0000151017 Loss content:  0.0171 Loss fft:  0.8312 Loss dta_rank:  0.0000 Loss dta_tv:  0.0281 Loss dta_proxy:  0.6545 Loss dta_trans:  0.0052 Loss dta_phys:  0.0075 Loss dta_preserve:  0.0056
Time:  0.0717 Epoch: 016 Iter:  600/ 600 LR: 0.0000151017 Loss content:  0.0166 Loss fft:  0.7943 Loss dta_rank:  0.0000 Loss dta_tv:  0.0286 Loss dta_proxy:  0.6255 Loss dta_trans:  0.0065 Loss dta_phys:  0.0065 Loss dta_preserve:  0.0059
EPOCH: 16
Elapsed time: 0.89 Epoch Pixel Loss:  0.0172 Epoch FFT Loss:  0.8182 Epoch DTA Rank:  0.0000 Epoch DTA TV:  0.0284 Epoch DTA Proxy:  0.6400 Epoch DTA Trans:  0.0055 Epoch DTA Phys:  0.0067 Epoch DTA Preserve:  0.0055
DTA_GATE_RAMP epoch=17 gate_limit=0.060000
Time:  0.0801 Epoch: 017 Iter:   50/ 600 LR: 0.0000094853 Loss content:  0.0174 Loss fft:  0.8495 Loss dta_rank:  0.0000 Loss dta_tv:  0.0292 Loss dta_proxy:  0.6357 Loss dta_trans:  0.0049 Loss dta_phys:  0.0067 Loss dta_preserve:  0.0055
Time:  0.0721 Epoch: 017 Iter:  100/ 600 LR: 0.0000094853 Loss content:  0.0175 Loss fft:  0.8225 Loss dta_rank:  0.0000 Loss dta_tv:  0.0283 Loss dta_proxy:  0.6426 Loss dta_trans:  0.0053 Loss dta_phys:  0.0064 Loss dta_preserve:  0.0052
Time:  0.0738 Epoch: 017 Iter:  150/ 600 LR: 0.0000094853 Loss content:  0.0166 Loss fft:  0.8077 Loss dta_rank:  0.0000 Loss dta_tv:  0.0282 Loss dta_proxy:  0.6503 Loss dta_trans:  0.0055 Loss dta_phys:  0.0064 Loss dta_preserve:  0.0058
Time:  0.0733 Epoch: 017 Iter:  200/ 600 LR: 0.0000094853 Loss content:  0.0172 Loss fft:  0.7997 Loss dta_rank:  0.0000 Loss dta_tv:  0.0284 Loss dta_proxy:  0.6324 Loss dta_trans:  0.0063 Loss dta_phys:  0.0067 Loss dta_preserve:  0.0057
Time:  0.0743 Epoch: 017 Iter:  250/ 600 LR: 0.0000094853 Loss content:  0.0175 Loss fft:  0.8468 Loss dta_rank:  0.0000 Loss dta_tv:  0.0292 Loss dta_proxy:  0.6194 Loss dta_trans:  0.0057 Loss dta_phys:  0.0063 Loss dta_preserve:  0.0048
Time:  0.0733 Epoch: 017 Iter:  300/ 600 LR: 0.0000094853 Loss content:  0.0174 Loss fft:  0.8293 Loss dta_rank:  0.0000 Loss dta_tv:  0.0285 Loss dta_proxy:  0.6438 Loss dta_trans:  0.0052 Loss dta_phys:  0.0067 Loss dta_preserve:  0.0037
Time:  0.0720 Epoch: 017 Iter:  350/ 600 LR: 0.0000094853 Loss content:  0.0169 Loss fft:  0.7999 Loss dta_rank:  0.0000 Loss dta_tv:  0.0288 Loss dta_proxy:  0.6457 Loss dta_trans:  0.0053 Loss dta_phys:  0.0068 Loss dta_preserve:  0.0045
Time:  0.0737 Epoch: 017 Iter:  400/ 600 LR: 0.0000094853 Loss content:  0.0167 Loss fft:  0.8249 Loss dta_rank:  0.0000 Loss dta_tv:  0.0281 Loss dta_proxy:  0.6231 Loss dta_trans:  0.0051 Loss dta_phys:  0.0061 Loss dta_preserve:  0.0051
Time:  0.0713 Epoch: 017 Iter:  450/ 600 LR: 0.0000094853 Loss content:  0.0172 Loss fft:  0.8088 Loss dta_rank:  0.0000 Loss dta_tv:  0.0288 Loss dta_proxy:  0.6290 Loss dta_trans:  0.0072 Loss dta_phys:  0.0062 Loss dta_preserve:  0.0045
Time:  0.0640 Epoch: 017 Iter:  500/ 600 LR: 0.0000094853 Loss content:  0.0169 Loss fft:  0.8042 Loss dta_rank:  0.0000 Loss dta_tv:  0.0286 Loss dta_proxy:  0.6400 Loss dta_trans:  0.0056 Loss dta_phys:  0.0072 Loss dta_preserve:  0.0061
Time:  0.0736 Epoch: 017 Iter:  550/ 600 LR: 0.0000094853 Loss content:  0.0169 Loss fft:  0.8157 Loss dta_rank:  0.0000 Loss dta_tv:  0.0278 Loss dta_proxy:  0.6515 Loss dta_trans:  0.0060 Loss dta_phys:  0.0072 Loss dta_preserve:  0.0048
Time:  0.0724 Epoch: 017 Iter:  600/ 600 LR: 0.0000094853 Loss content:  0.0172 Loss fft:  0.8406 Loss dta_rank:  0.0000 Loss dta_tv:  0.0282 Loss dta_proxy:  0.6494 Loss dta_trans:  0.0048 Loss dta_phys:  0.0072 Loss dta_preserve:  0.0055
EPOCH: 17
Elapsed time: 0.88 Epoch Pixel Loss:  0.0171 Epoch FFT Loss:  0.8208 Epoch DTA Rank:  0.0000 Epoch DTA TV:  0.0285 Epoch DTA Proxy:  0.6386 Epoch DTA Trans:  0.0056 Epoch DTA Phys:  0.0067 Epoch DTA Preserve:  0.0051
DTA_GATE_RAMP epoch=18 gate_limit=0.060000
Time:  0.0781 Epoch: 018 Iter:   50/ 600 LR: 0.0000052550 Loss content:  0.0171 Loss fft:  0.8081 Loss dta_rank:  0.0000 Loss dta_tv:  0.0284 Loss dta_proxy:  0.6502 Loss dta_trans:  0.0054 Loss dta_phys:  0.0068 Loss dta_preserve:  0.0073
Time:  0.0740 Epoch: 018 Iter:  100/ 600 LR: 0.0000052550 Loss content:  0.0173 Loss fft:  0.8086 Loss dta_rank:  0.0000 Loss dta_tv:  0.0287 Loss dta_proxy:  0.6448 Loss dta_trans:  0.0053 Loss dta_phys:  0.0072 Loss dta_preserve:  0.0055
Time:  0.0723 Epoch: 018 Iter:  150/ 600 LR: 0.0000052550 Loss content:  0.0162 Loss fft:  0.7946 Loss dta_rank:  0.0000 Loss dta_tv:  0.0284 Loss dta_proxy:  0.6435 Loss dta_trans:  0.0052 Loss dta_phys:  0.0066 Loss dta_preserve:  0.0043
Time:  0.0775 Epoch: 018 Iter:  200/ 600 LR: 0.0000052550 Loss content:  0.0167 Loss fft:  0.8117 Loss dta_rank:  0.0000 Loss dta_tv:  0.0283 Loss dta_proxy:  0.6351 Loss dta_trans:  0.0056 Loss dta_phys:  0.0064 Loss dta_preserve:  0.0049
Time:  0.0607 Epoch: 018 Iter:  250/ 600 LR: 0.0000052550 Loss content:  0.0175 Loss fft:  0.8209 Loss dta_rank:  0.0000 Loss dta_tv:  0.0288 Loss dta_proxy:  0.6295 Loss dta_trans:  0.0056 Loss dta_phys:  0.0066 Loss dta_preserve:  0.0051
Time:  0.0654 Epoch: 018 Iter:  300/ 600 LR: 0.0000052550 Loss content:  0.0173 Loss fft:  0.8202 Loss dta_rank:  0.0000 Loss dta_tv:  0.0281 Loss dta_proxy:  0.6500 Loss dta_trans:  0.0054 Loss dta_phys:  0.0067 Loss dta_preserve:  0.0056
Time:  0.0736 Epoch: 018 Iter:  350/ 600 LR: 0.0000052550 Loss content:  0.0165 Loss fft:  0.8052 Loss dta_rank:  0.0000 Loss dta_tv:  0.0285 Loss dta_proxy:  0.6466 Loss dta_trans:  0.0059 Loss dta_phys:  0.0067 Loss dta_preserve:  0.0064
Time:  0.0756 Epoch: 018 Iter:  400/ 600 LR: 0.0000052550 Loss content:  0.0170 Loss fft:  0.7982 Loss dta_rank:  0.0000 Loss dta_tv:  0.0284 Loss dta_proxy:  0.6375 Loss dta_trans:  0.0059 Loss dta_phys:  0.0067 Loss dta_preserve:  0.0058
Time:  0.0720 Epoch: 018 Iter:  450/ 600 LR: 0.0000052550 Loss content:  0.0170 Loss fft:  0.8487 Loss dta_rank:  0.0000 Loss dta_tv:  0.0287 Loss dta_proxy:  0.6273 Loss dta_trans:  0.0056 Loss dta_phys:  0.0071 Loss dta_preserve:  0.0048
Time:  0.0774 Epoch: 018 Iter:  500/ 600 LR: 0.0000052550 Loss content:  0.0181 Loss fft:  0.8147 Loss dta_rank:  0.0000 Loss dta_tv:  0.0282 Loss dta_proxy:  0.6286 Loss dta_trans:  0.0058 Loss dta_phys:  0.0060 Loss dta_preserve:  0.0049
Time:  0.0774 Epoch: 018 Iter:  550/ 600 LR: 0.0000052550 Loss content:  0.0173 Loss fft:  0.8469 Loss dta_rank:  0.0000 Loss dta_tv:  0.0280 Loss dta_proxy:  0.6527 Loss dta_trans:  0.0053 Loss dta_phys:  0.0061 Loss dta_preserve:  0.0070
Time:  0.0724 Epoch: 018 Iter:  600/ 600 LR: 0.0000052550 Loss content:  0.0180 Loss fft:  0.8333 Loss dta_rank:  0.0000 Loss dta_tv:  0.0292 Loss dta_proxy:  0.6244 Loss dta_trans:  0.0067 Loss dta_phys:  0.0065 Loss dta_preserve:  0.0048
EPOCH: 18
Elapsed time: 0.88 Epoch Pixel Loss:  0.0172 Epoch FFT Loss:  0.8176 Epoch DTA Rank:  0.0000 Epoch DTA TV:  0.0285 Epoch DTA Proxy:  0.6392 Epoch DTA Trans:  0.0056 Epoch DTA Phys:  0.0066 Epoch DTA Preserve:  0.0055
DTA_GATE_RAMP epoch=19 gate_limit=0.060000
Time:  0.0726 Epoch: 019 Iter:   50/ 600 LR: 0.0000025070 Loss content:  0.0168 Loss fft:  0.8324 Loss dta_rank:  0.0000 Loss dta_tv:  0.0287 Loss dta_proxy:  0.6543 Loss dta_trans:  0.0060 Loss dta_phys:  0.0073 Loss dta_preserve:  0.0055
Time:  0.0691 Epoch: 019 Iter:  100/ 600 LR: 0.0000025070 Loss content:  0.0170 Loss fft:  0.8089 Loss dta_rank:  0.0000 Loss dta_tv:  0.0287 Loss dta_proxy:  0.6250 Loss dta_trans:  0.0058 Loss dta_phys:  0.0066 Loss dta_preserve:  0.0051
Time:  0.0750 Epoch: 019 Iter:  150/ 600 LR: 0.0000025070 Loss content:  0.0169 Loss fft:  0.7830 Loss dta_rank:  0.0000 Loss dta_tv:  0.0284 Loss dta_proxy:  0.6355 Loss dta_trans:  0.0063 Loss dta_phys:  0.0069 Loss dta_preserve:  0.0048
Time:  0.0780 Epoch: 019 Iter:  200/ 600 LR: 0.0000025070 Loss content:  0.0177 Loss fft:  0.8548 Loss dta_rank:  0.0000 Loss dta_tv:  0.0277 Loss dta_proxy:  0.6615 Loss dta_trans:  0.0056 Loss dta_phys:  0.0066 Loss dta_preserve:  0.0046
Time:  0.0741 Epoch: 019 Iter:  250/ 600 LR: 0.0000025070 Loss content:  0.0164 Loss fft:  0.7951 Loss dta_rank:  0.0000 Loss dta_tv:  0.0283 Loss dta_proxy:  0.6534 Loss dta_trans:  0.0054 Loss dta_phys:  0.0065 Loss dta_preserve:  0.0050
Time:  0.0713 Epoch: 019 Iter:  300/ 600 LR: 0.0000025070 Loss content:  0.0175 Loss fft:  0.8290 Loss dta_rank:  0.0000 Loss dta_tv:  0.0284 Loss dta_proxy:  0.6301 Loss dta_trans:  0.0060 Loss dta_phys:  0.0069 Loss dta_preserve:  0.0051
Time:  0.0717 Epoch: 019 Iter:  350/ 600 LR: 0.0000025070 Loss content:  0.0164 Loss fft:  0.8057 Loss dta_rank:  0.0000 Loss dta_tv:  0.0281 Loss dta_proxy:  0.6349 Loss dta_trans:  0.0052 Loss dta_phys:  0.0067 Loss dta_preserve:  0.0058
Time:  0.0728 Epoch: 019 Iter:  400/ 600 LR: 0.0000025070 Loss content:  0.0171 Loss fft:  0.8285 Loss dta_rank:  0.0000 Loss dta_tv:  0.0287 Loss dta_proxy:  0.6355 Loss dta_trans:  0.0056 Loss dta_phys:  0.0073 Loss dta_preserve:  0.0045
Time:  0.0744 Epoch: 019 Iter:  450/ 600 LR: 0.0000025070 Loss content:  0.0174 Loss fft:  0.8077 Loss dta_rank:  0.0000 Loss dta_tv:  0.0291 Loss dta_proxy:  0.6221 Loss dta_trans:  0.0050 Loss dta_phys:  0.0063 Loss dta_preserve:  0.0053
Time:  0.0736 Epoch: 019 Iter:  500/ 600 LR: 0.0000025070 Loss content:  0.0171 Loss fft:  0.8037 Loss dta_rank:  0.0000 Loss dta_tv:  0.0277 Loss dta_proxy:  0.6627 Loss dta_trans:  0.0059 Loss dta_phys:  0.0070 Loss dta_preserve:  0.0070
Time:  0.0754 Epoch: 019 Iter:  550/ 600 LR: 0.0000025070 Loss content:  0.0163 Loss fft:  0.8093 Loss dta_rank:  0.0000 Loss dta_tv:  0.0285 Loss dta_proxy:  0.6430 Loss dta_trans:  0.0051 Loss dta_phys:  0.0060 Loss dta_preserve:  0.0041
Time:  0.0699 Epoch: 019 Iter:  600/ 600 LR: 0.0000025070 Loss content:  0.0179 Loss fft:  0.8321 Loss dta_rank:  0.0000 Loss dta_tv:  0.0283 Loss dta_proxy:  0.6442 Loss dta_trans:  0.0049 Loss dta_phys:  0.0063 Loss dta_preserve:  0.0050
EPOCH: 19
Elapsed time: 0.88 Epoch Pixel Loss:  0.0170 Epoch FFT Loss:  0.8158 Epoch DTA Rank:  0.0000 Epoch DTA TV:  0.0284 Epoch DTA Proxy:  0.6418 Epoch DTA Trans:  0.0056 Epoch DTA Phys:  0.0067 Epoch DTA Preserve:  0.0052
DTA_GATE_RAMP epoch=20 gate_limit=0.060000
Time:  0.0755 Epoch: 020 Iter:   50/ 600 LR: 0.0000012125 Loss content:  0.0178 Loss fft:  0.8557 Loss dta_rank:  0.0000 Loss dta_tv:  0.0288 Loss dta_proxy:  0.6417 Loss dta_trans:  0.0056 Loss dta_phys:  0.0068 Loss dta_preserve:  0.0049
Time:  0.0708 Epoch: 020 Iter:  100/ 600 LR: 0.0000012125 Loss content:  0.0174 Loss fft:  0.8110 Loss dta_rank:  0.0000 Loss dta_tv:  0.0281 Loss dta_proxy:  0.6423 Loss dta_trans:  0.0049 Loss dta_phys:  0.0069 Loss dta_preserve:  0.0043
Time:  0.0734 Epoch: 020 Iter:  150/ 600 LR: 0.0000012125 Loss content:  0.0163 Loss fft:  0.8325 Loss dta_rank:  0.0000 Loss dta_tv:  0.0280 Loss dta_proxy:  0.6344 Loss dta_trans:  0.0062 Loss dta_phys:  0.0061 Loss dta_preserve:  0.0045
Time:  0.0705 Epoch: 020 Iter:  200/ 600 LR: 0.0000012125 Loss content:  0.0169 Loss fft:  0.7996 Loss dta_rank:  0.0000 Loss dta_tv:  0.0282 Loss dta_proxy:  0.6423 Loss dta_trans:  0.0061 Loss dta_phys:  0.0068 Loss dta_preserve:  0.0047
Time:  0.0674 Epoch: 020 Iter:  250/ 600 LR: 0.0000012125 Loss content:  0.0177 Loss fft:  0.8162 Loss dta_rank:  0.0000 Loss dta_tv:  0.0278 Loss dta_proxy:  0.6499 Loss dta_trans:  0.0053 Loss dta_phys:  0.0073 Loss dta_preserve:  0.0058
Time:  0.0722 Epoch: 020 Iter:  300/ 600 LR: 0.0000012125 Loss content:  0.0176 Loss fft:  0.8156 Loss dta_rank:  0.0000 Loss dta_tv:  0.0279 Loss dta_proxy:  0.6459 Loss dta_trans:  0.0066 Loss dta_phys:  0.0064 Loss dta_preserve:  0.0049
Time:  0.0739 Epoch: 020 Iter:  350/ 600 LR: 0.0000012125 Loss content:  0.0165 Loss fft:  0.7958 Loss dta_rank:  0.0000 Loss dta_tv:  0.0289 Loss dta_proxy:  0.6263 Loss dta_trans:  0.0054 Loss dta_phys:  0.0069 Loss dta_preserve:  0.0039
Time:  0.0738 Epoch: 020 Iter:  400/ 600 LR: 0.0000012125 Loss content:  0.0171 Loss fft:  0.8349 Loss dta_rank:  0.0000 Loss dta_tv:  0.0287 Loss dta_proxy:  0.6411 Loss dta_trans:  0.0049 Loss dta_phys:  0.0063 Loss dta_preserve:  0.0050
Time:  0.0742 Epoch: 020 Iter:  450/ 600 LR: 0.0000012125 Loss content:  0.0170 Loss fft:  0.8348 Loss dta_rank:  0.0000 Loss dta_tv:  0.0282 Loss dta_proxy:  0.6448 Loss dta_trans:  0.0051 Loss dta_phys:  0.0064 Loss dta_preserve:  0.0044
Time:  0.0782 Epoch: 020 Iter:  500/ 600 LR: 0.0000012125 Loss content:  0.0166 Loss fft:  0.8299 Loss dta_rank:  0.0000 Loss dta_tv:  0.0286 Loss dta_proxy:  0.6344 Loss dta_trans:  0.0055 Loss dta_phys:  0.0068 Loss dta_preserve:  0.0053
Time:  0.0692 Epoch: 020 Iter:  550/ 600 LR: 0.0000012125 Loss content:  0.0170 Loss fft:  0.8426 Loss dta_rank:  0.0000 Loss dta_tv:  0.0286 Loss dta_proxy:  0.6370 Loss dta_trans:  0.0045 Loss dta_phys:  0.0066 Loss dta_preserve:  0.0051
Time:  0.0679 Epoch: 020 Iter:  600/ 600 LR: 0.0000012125 Loss content:  0.0166 Loss fft:  0.8030 Loss dta_rank:  0.0000 Loss dta_tv:  0.0287 Loss dta_proxy:  0.6380 Loss dta_trans:  0.0071 Loss dta_phys:  0.0068 Loss dta_preserve:  0.0050
EPOCH: 20
Elapsed time: 0.87 Epoch Pixel Loss:  0.0170 Epoch FFT Loss:  0.8226 Epoch DTA Rank:  0.0000 Epoch DTA TV:  0.0284 Epoch DTA Proxy:  0.6398 Epoch DTA Trans:  0.0056 Epoch DTA Phys:  0.0067 Epoch DTA Preserve:  0.0048
