Namespace(model_name='ConvIR-Haze4K-DTA-v2-adapter_only-zero-seed3413-f2-oof20', data='Haze4K', version='base', fam_mode='original', arch='dta_v2', seed=3413, mode='train', data_dir='/sda/home/wangyuxin/ConvIR-B/datasets/Haze4K/Haze4K', batch_size=4, learning_rate=0.0001, weight_decay=0.0, num_epoch=20, stop_epoch=20, print_freq=50, num_worker=4, save_freq=5, valid_freq=9999, mod_stats_freq=5, mod_stats_batches=16, grad_clip_norm=0.001, dta_grad_clip_norm=0.05, dta_neighbor_grad_clip_norm=0.005, init_model='/sda/home/wangyuxin/ConvIR-B/checkpoints/official/Haze4K/haze4k-base.pkl', init_model_partial=True, partial_new_prefixes='DTA.', resume='', train_scope='adapter_only', dta_depth_cache_dir='/sda/home/wangyuxin/ConvIR-B/depth_cache/depth_anything_v2_small_hf', dta_train_depth_split='train', dta_eval_depth_split='train', valid_root_split='train', eval_root_split='test', dta_require_depth=True, dta_variant='v2', dta_depth_mode='zero', dta_prior_channels=32, dta_gate_bias=-6.0, dta_gate_limit=0.06, dta_gamma_limit=0.12, dta_beta_limit=0.06, dta_alpha_init=1.0, dta_confidence_floor=0.25, dta_confidence_local_scale=6.0, dta_output_residual_scale=0.03, dta_use_trans_gt=True, dta_trans_weight=0.02, dta_phys_weight=0.005, dta_preserve_weight=0.02, dta_preserve_trans_thresh=0.8, dta_gate_ramp_start=0.01, dta_gate_ramp_mid=0.03, dta_gate_ramp_end=0.06, dta_gate_ramp_warmup_epochs=2, dta_gate_ramp_mid_epochs=8, dta_rank_weight=0.001, dta_tv_weight=0.0001, dta_proxy_weight=0.0, dta_rank_pairs=512, dta_rank_min_depth_gap=0.03, split_json='/sda/home/wangyuxin/ConvIR-B/repos/ConvIR-B-dta-v2-calibrated/experience_docx/experiment_logs/haze4k_dta_v2_calibrated_20260611/dta_v2_haze4k_oof_splits_seed3407.json', split_name='fold2_train', test_model='', save_image=False, leaning_rate=0.0001, model_save_dir='results/ConvIR-Haze4K-DTA-v2-adapter_only-zero-seed3413-f2-oof20/Training-Results/', result_dir='results/ConvIR-Haze4K-DTA-v2-adapter_only-zero-seed3413-f2-oof20/images/Haze4K', init_model_sha256='6f42037d57a4e3de3a10ac0ab909d66a3415864a19433c29204a975f4efa4088')
/sda/home/wangyuxin/ConvIR-B/repos/ConvIR-B-dta-v2-calibrated/Dehazing/ITS/main.py:14: FutureWarning: You are using `torch.load` with `weights_only=False` (the current default value), which uses the default pickle module implicitly. It is possible to construct malicious pickle data which will execute arbitrary code during unpickling (See https://github.com/pytorch/pytorch/blob/main/SECURITY.md#untrusted-models for more details). In a future release, the default value for `weights_only` will be flipped to `True`. This limits the functions that could be executed during unpickling. Arbitrary objects will no longer be allowed to be loaded via this mode unless they are explicitly allowlisted by the user via `torch.serialization.add_safe_globals`. We recommend you start setting `weights_only=True` for any use case where you don't have full control of the loaded file. Please open an issue on GitHub for any issues related to this experimental feature.
  state = torch.load(path, map_location=map_location)
INIT_MODEL_PARTIAL_LOAD path=/sda/home/wangyuxin/ConvIR-B/checkpoints/official/Haze4K/haze4k-base.pkl loaded=602 missing_allowed=25 unexpected=[] allowed_new_prefixes=('DTA.',)
TRAIN_SCOPE scope=adapter_only arch=dta_v2 trainable=74699 total=8705364
/sda/home/wangyuxin/ConvIR-B/envs/convir-cu121/lib/python3.10/site-packages/torch/optim/lr_scheduler.py:224: UserWarning: Detected call of `lr_scheduler.step()` before `optimizer.step()`. In PyTorch 1.1.0 and later, you should call them in the opposite order: `optimizer.step()` before `lr_scheduler.step()`.  Failure to do this will result in PyTorch skipping the first value of the learning rate schedule. See more details at https://pytorch.org/docs/stable/optim.html#how-to-adjust-learning-rate
  warnings.warn(
DTA_GATE_RAMP epoch=1 gate_limit=0.010000
Time:  0.0850 Epoch: 001 Iter:   50/ 600 LR: 0.0000333333 Loss content:  0.0168 Loss fft:  0.8306 Loss dta_rank:  0.0000 Loss dta_tv:  0.0040 Loss dta_proxy:  0.5265 Loss dta_trans:  0.0415 Loss dta_phys:  0.0074 Loss dta_preserve:  0.0063
Time:  0.0756 Epoch: 001 Iter:  100/ 600 LR: 0.0000333333 Loss content:  0.0177 Loss fft:  0.8207 Loss dta_rank:  0.0000 Loss dta_tv:  0.0092 Loss dta_proxy:  0.5621 Loss dta_trans:  0.0376 Loss dta_phys:  0.0077 Loss dta_preserve:  0.0053
Time:  0.0761 Epoch: 001 Iter:  150/ 600 LR: 0.0000333333 Loss content:  0.0164 Loss fft:  0.8010 Loss dta_rank:  0.0000 Loss dta_tv:  0.0150 Loss dta_proxy:  0.6101 Loss dta_trans:  0.0347 Loss dta_phys:  0.0101 Loss dta_preserve:  0.0056
Time:  0.0758 Epoch: 001 Iter:  200/ 600 LR: 0.0000333333 Loss content:  0.0171 Loss fft:  0.8163 Loss dta_rank:  0.0000 Loss dta_tv:  0.0181 Loss dta_proxy:  0.6302 Loss dta_trans:  0.0301 Loss dta_phys:  0.0091 Loss dta_preserve:  0.0043
Time:  0.0804 Epoch: 001 Iter:  250/ 600 LR: 0.0000333333 Loss content:  0.0172 Loss fft:  0.8213 Loss dta_rank:  0.0000 Loss dta_tv:  0.0199 Loss dta_proxy:  0.6278 Loss dta_trans:  0.0276 Loss dta_phys:  0.0101 Loss dta_preserve:  0.0040
Time:  0.0759 Epoch: 001 Iter:  300/ 600 LR: 0.0000333333 Loss content:  0.0175 Loss fft:  0.8421 Loss dta_rank:  0.0000 Loss dta_tv:  0.0222 Loss dta_proxy:  0.6387 Loss dta_trans:  0.0241 Loss dta_phys:  0.0093 Loss dta_preserve:  0.0049
Time:  0.0799 Epoch: 001 Iter:  350/ 600 LR: 0.0000333333 Loss content:  0.0168 Loss fft:  0.8156 Loss dta_rank:  0.0000 Loss dta_tv:  0.0270 Loss dta_proxy:  0.6219 Loss dta_trans:  0.0225 Loss dta_phys:  0.0102 Loss dta_preserve:  0.0052
Time:  0.0783 Epoch: 001 Iter:  400/ 600 LR: 0.0000333333 Loss content:  0.0170 Loss fft:  0.8421 Loss dta_rank:  0.0000 Loss dta_tv:  0.0307 Loss dta_proxy:  0.6284 Loss dta_trans:  0.0175 Loss dta_phys:  0.0076 Loss dta_preserve:  0.0052
Time:  0.0686 Epoch: 001 Iter:  450/ 600 LR: 0.0000333333 Loss content:  0.0173 Loss fft:  0.8351 Loss dta_rank:  0.0000 Loss dta_tv:  0.0350 Loss dta_proxy:  0.6185 Loss dta_trans:  0.0149 Loss dta_phys:  0.0077 Loss dta_preserve:  0.0053
Time:  0.0720 Epoch: 001 Iter:  500/ 600 LR: 0.0000333333 Loss content:  0.0162 Loss fft:  0.7641 Loss dta_rank:  0.0000 Loss dta_tv:  0.0374 Loss dta_proxy:  0.6265 Loss dta_trans:  0.0138 Loss dta_phys:  0.0078 Loss dta_preserve:  0.0043
Time:  0.0639 Epoch: 001 Iter:  550/ 600 LR: 0.0000333333 Loss content:  0.0174 Loss fft:  0.8250 Loss dta_rank:  0.0000 Loss dta_tv:  0.0387 Loss dta_proxy:  0.6224 Loss dta_trans:  0.0113 Loss dta_phys:  0.0069 Loss dta_preserve:  0.0041
Time:  0.0656 Epoch: 001 Iter:  600/ 600 LR: 0.0000333333 Loss content:  0.0178 Loss fft:  0.7977 Loss dta_rank:  0.0000 Loss dta_tv:  0.0387 Loss dta_proxy:  0.6566 Loss dta_trans:  0.0108 Loss dta_phys:  0.0071 Loss dta_preserve:  0.0057
EPOCH: 01
Elapsed time: 0.90 Epoch Pixel Loss:  0.0171 Epoch FFT Loss:  0.8176 Epoch DTA Rank:  0.0000 Epoch DTA TV:  0.0246 Epoch DTA Proxy:  0.6141 Epoch DTA Trans:  0.0239 Epoch DTA Phys:  0.0084 Epoch DTA Preserve:  0.0050
DTA_GATE_RAMP epoch=2 gate_limit=0.010000
Time:  0.0873 Epoch: 002 Iter:   50/ 600 LR: 0.0000666667 Loss content:  0.0165 Loss fft:  0.8126 Loss dta_rank:  0.0000 Loss dta_tv:  0.0406 Loss dta_proxy:  0.6268 Loss dta_trans:  0.0123 Loss dta_phys:  0.0067 Loss dta_preserve:  0.0056
Time:  0.0764 Epoch: 002 Iter:  100/ 600 LR: 0.0000666667 Loss content:  0.0172 Loss fft:  0.8310 Loss dta_rank:  0.0000 Loss dta_tv:  0.0403 Loss dta_proxy:  0.6384 Loss dta_trans:  0.0119 Loss dta_phys:  0.0076 Loss dta_preserve:  0.0051
Time:  0.0767 Epoch: 002 Iter:  150/ 600 LR: 0.0000666667 Loss content:  0.0169 Loss fft:  0.8042 Loss dta_rank:  0.0000 Loss dta_tv:  0.0402 Loss dta_proxy:  0.6320 Loss dta_trans:  0.0104 Loss dta_phys:  0.0075 Loss dta_preserve:  0.0046
Time:  0.0771 Epoch: 002 Iter:  200/ 600 LR: 0.0000666667 Loss content:  0.0173 Loss fft:  0.8211 Loss dta_rank:  0.0000 Loss dta_tv:  0.0390 Loss dta_proxy:  0.6421 Loss dta_trans:  0.0097 Loss dta_phys:  0.0072 Loss dta_preserve:  0.0047
Time:  0.0764 Epoch: 002 Iter:  250/ 600 LR: 0.0000666667 Loss content:  0.0179 Loss fft:  0.8498 Loss dta_rank:  0.0000 Loss dta_tv:  0.0386 Loss dta_proxy:  0.6627 Loss dta_trans:  0.0085 Loss dta_phys:  0.0070 Loss dta_preserve:  0.0051
Time:  0.0766 Epoch: 002 Iter:  300/ 600 LR: 0.0000666667 Loss content:  0.0169 Loss fft:  0.8224 Loss dta_rank:  0.0000 Loss dta_tv:  0.0396 Loss dta_proxy:  0.6239 Loss dta_trans:  0.0093 Loss dta_phys:  0.0062 Loss dta_preserve:  0.0052
Time:  0.0777 Epoch: 002 Iter:  350/ 600 LR: 0.0000666667 Loss content:  0.0167 Loss fft:  0.8200 Loss dta_rank:  0.0000 Loss dta_tv:  0.0395 Loss dta_proxy:  0.6261 Loss dta_trans:  0.0099 Loss dta_phys:  0.0065 Loss dta_preserve:  0.0049
Time:  0.0782 Epoch: 002 Iter:  400/ 600 LR: 0.0000666667 Loss content:  0.0169 Loss fft:  0.8209 Loss dta_rank:  0.0000 Loss dta_tv:  0.0381 Loss dta_proxy:  0.6401 Loss dta_trans:  0.0082 Loss dta_phys:  0.0073 Loss dta_preserve:  0.0045
Time:  0.0780 Epoch: 002 Iter:  450/ 600 LR: 0.0000666667 Loss content:  0.0166 Loss fft:  0.8117 Loss dta_rank:  0.0000 Loss dta_tv:  0.0382 Loss dta_proxy:  0.6323 Loss dta_trans:  0.0088 Loss dta_phys:  0.0058 Loss dta_preserve:  0.0043
Time:  0.0752 Epoch: 002 Iter:  500/ 600 LR: 0.0000666667 Loss content:  0.0170 Loss fft:  0.8229 Loss dta_rank:  0.0000 Loss dta_tv:  0.0373 Loss dta_proxy:  0.6519 Loss dta_trans:  0.0092 Loss dta_phys:  0.0066 Loss dta_preserve:  0.0044
Time:  0.0729 Epoch: 002 Iter:  550/ 600 LR: 0.0000666667 Loss content:  0.0168 Loss fft:  0.8163 Loss dta_rank:  0.0000 Loss dta_tv:  0.0373 Loss dta_proxy:  0.6328 Loss dta_trans:  0.0082 Loss dta_phys:  0.0064 Loss dta_preserve:  0.0043
Time:  0.0699 Epoch: 002 Iter:  600/ 600 LR: 0.0000666667 Loss content:  0.0162 Loss fft:  0.7963 Loss dta_rank:  0.0000 Loss dta_tv:  0.0384 Loss dta_proxy:  0.6254 Loss dta_trans:  0.0082 Loss dta_phys:  0.0077 Loss dta_preserve:  0.0064
EPOCH: 02
Elapsed time: 0.93 Epoch Pixel Loss:  0.0169 Epoch FFT Loss:  0.8191 Epoch DTA Rank:  0.0000 Epoch DTA TV:  0.0389 Epoch DTA Proxy:  0.6362 Epoch DTA Trans:  0.0095 Epoch DTA Phys:  0.0069 Epoch DTA Preserve:  0.0049
DTA_GATE_RAMP epoch=3 gate_limit=0.030000
Time:  0.0765 Epoch: 003 Iter:   50/ 600 LR: 0.0001000000 Loss content:  0.0171 Loss fft:  0.8243 Loss dta_rank:  0.0000 Loss dta_tv:  0.0373 Loss dta_proxy:  0.6422 Loss dta_trans:  0.0081 Loss dta_phys:  0.0077 Loss dta_preserve:  0.0046
Time:  0.0740 Epoch: 003 Iter:  100/ 600 LR: 0.0001000000 Loss content:  0.0163 Loss fft:  0.7804 Loss dta_rank:  0.0000 Loss dta_tv:  0.0377 Loss dta_proxy:  0.6340 Loss dta_trans:  0.0095 Loss dta_phys:  0.0069 Loss dta_preserve:  0.0060
Time:  0.0733 Epoch: 003 Iter:  150/ 600 LR: 0.0001000000 Loss content:  0.0180 Loss fft:  0.8529 Loss dta_rank:  0.0000 Loss dta_tv:  0.0363 Loss dta_proxy:  0.6469 Loss dta_trans:  0.0068 Loss dta_phys:  0.0059 Loss dta_preserve:  0.0055
Time:  0.0736 Epoch: 003 Iter:  200/ 600 LR: 0.0001000000 Loss content:  0.0179 Loss fft:  0.8272 Loss dta_rank:  0.0000 Loss dta_tv:  0.0370 Loss dta_proxy:  0.6460 Loss dta_trans:  0.0074 Loss dta_phys:  0.0061 Loss dta_preserve:  0.0055
Time:  0.0781 Epoch: 003 Iter:  250/ 600 LR: 0.0001000000 Loss content:  0.0189 Loss fft:  0.8483 Loss dta_rank:  0.0000 Loss dta_tv:  0.0361 Loss dta_proxy:  0.6312 Loss dta_trans:  0.0082 Loss dta_phys:  0.0067 Loss dta_preserve:  0.0077
Time:  0.0735 Epoch: 003 Iter:  300/ 600 LR: 0.0001000000 Loss content:  0.0175 Loss fft:  0.8285 Loss dta_rank:  0.0000 Loss dta_tv:  0.0347 Loss dta_proxy:  0.6627 Loss dta_trans:  0.0071 Loss dta_phys:  0.0066 Loss dta_preserve:  0.0049
Time:  0.0711 Epoch: 003 Iter:  350/ 600 LR: 0.0001000000 Loss content:  0.0173 Loss fft:  0.8348 Loss dta_rank:  0.0000 Loss dta_tv:  0.0350 Loss dta_proxy:  0.6503 Loss dta_trans:  0.0081 Loss dta_phys:  0.0068 Loss dta_preserve:  0.0049
Time:  0.0744 Epoch: 003 Iter:  400/ 600 LR: 0.0001000000 Loss content:  0.0169 Loss fft:  0.8156 Loss dta_rank:  0.0000 Loss dta_tv:  0.0356 Loss dta_proxy:  0.6422 Loss dta_trans:  0.0089 Loss dta_phys:  0.0060 Loss dta_preserve:  0.0058
Time:  0.0794 Epoch: 003 Iter:  450/ 600 LR: 0.0001000000 Loss content:  0.0166 Loss fft:  0.8062 Loss dta_rank:  0.0000 Loss dta_tv:  0.0358 Loss dta_proxy:  0.6395 Loss dta_trans:  0.0087 Loss dta_phys:  0.0074 Loss dta_preserve:  0.0054
Time:  0.0754 Epoch: 003 Iter:  500/ 600 LR: 0.0001000000 Loss content:  0.0172 Loss fft:  0.8231 Loss dta_rank:  0.0000 Loss dta_tv:  0.0359 Loss dta_proxy:  0.6371 Loss dta_trans:  0.0075 Loss dta_phys:  0.0062 Loss dta_preserve:  0.0048
Time:  0.0745 Epoch: 003 Iter:  550/ 600 LR: 0.0001000000 Loss content:  0.0171 Loss fft:  0.8010 Loss dta_rank:  0.0000 Loss dta_tv:  0.0353 Loss dta_proxy:  0.6407 Loss dta_trans:  0.0081 Loss dta_phys:  0.0069 Loss dta_preserve:  0.0047
Time:  0.0769 Epoch: 003 Iter:  600/ 600 LR: 0.0001000000 Loss content:  0.0167 Loss fft:  0.8045 Loss dta_rank:  0.0000 Loss dta_tv:  0.0349 Loss dta_proxy:  0.6369 Loss dta_trans:  0.0070 Loss dta_phys:  0.0063 Loss dta_preserve:  0.0060
EPOCH: 03
Elapsed time: 0.90 Epoch Pixel Loss:  0.0173 Epoch FFT Loss:  0.8206 Epoch DTA Rank:  0.0000 Epoch DTA TV:  0.0360 Epoch DTA Proxy:  0.6425 Epoch DTA Trans:  0.0080 Epoch DTA Phys:  0.0066 Epoch DTA Preserve:  0.0055
/sda/home/wangyuxin/ConvIR-B/envs/convir-cu121/lib/python3.10/site-packages/torch/optim/lr_scheduler.py:1087: UserWarning: To get the last learning rate computed by the scheduler, please use `get_last_lr()`.
  _warn_get_lr_called_within_step(self)
DTA_GATE_RAMP epoch=4 gate_limit=0.030000
Time:  0.0834 Epoch: 004 Iter:   50/ 600 LR: 0.0001000000 Loss content:  0.0175 Loss fft:  0.8180 Loss dta_rank:  0.0000 Loss dta_tv:  0.0347 Loss dta_proxy:  0.6477 Loss dta_trans:  0.0069 Loss dta_phys:  0.0066 Loss dta_preserve:  0.0049
Time:  0.0792 Epoch: 004 Iter:  100/ 600 LR: 0.0001000000 Loss content:  0.0182 Loss fft:  0.8362 Loss dta_rank:  0.0000 Loss dta_tv:  0.0343 Loss dta_proxy:  0.6650 Loss dta_trans:  0.0076 Loss dta_phys:  0.0072 Loss dta_preserve:  0.0052
Time:  0.0642 Epoch: 004 Iter:  150/ 600 LR: 0.0001000000 Loss content:  0.0178 Loss fft:  0.8522 Loss dta_rank:  0.0000 Loss dta_tv:  0.0347 Loss dta_proxy:  0.6395 Loss dta_trans:  0.0078 Loss dta_phys:  0.0068 Loss dta_preserve:  0.0064
Time:  0.0626 Epoch: 004 Iter:  200/ 600 LR: 0.0001000000 Loss content:  0.0174 Loss fft:  0.8285 Loss dta_rank:  0.0000 Loss dta_tv:  0.0346 Loss dta_proxy:  0.6421 Loss dta_trans:  0.0079 Loss dta_phys:  0.0069 Loss dta_preserve:  0.0056
Time:  0.0623 Epoch: 004 Iter:  250/ 600 LR: 0.0001000000 Loss content:  0.0163 Loss fft:  0.8020 Loss dta_rank:  0.0000 Loss dta_tv:  0.0339 Loss dta_proxy:  0.6457 Loss dta_trans:  0.0070 Loss dta_phys:  0.0065 Loss dta_preserve:  0.0050
Time:  0.0608 Epoch: 004 Iter:  300/ 600 LR: 0.0001000000 Loss content:  0.0179 Loss fft:  0.8197 Loss dta_rank:  0.0000 Loss dta_tv:  0.0345 Loss dta_proxy:  0.6259 Loss dta_trans:  0.0071 Loss dta_phys:  0.0067 Loss dta_preserve:  0.0053
Time:  0.0631 Epoch: 004 Iter:  350/ 600 LR: 0.0001000000 Loss content:  0.0167 Loss fft:  0.8100 Loss dta_rank:  0.0000 Loss dta_tv:  0.0342 Loss dta_proxy:  0.6509 Loss dta_trans:  0.0069 Loss dta_phys:  0.0074 Loss dta_preserve:  0.0059
Time:  0.0665 Epoch: 004 Iter:  400/ 600 LR: 0.0001000000 Loss content:  0.0172 Loss fft:  0.7996 Loss dta_rank:  0.0000 Loss dta_tv:  0.0329 Loss dta_proxy:  0.6589 Loss dta_trans:  0.0072 Loss dta_phys:  0.0074 Loss dta_preserve:  0.0050
Time:  0.0736 Epoch: 004 Iter:  450/ 600 LR: 0.0001000000 Loss content:  0.0167 Loss fft:  0.8005 Loss dta_rank:  0.0000 Loss dta_tv:  0.0355 Loss dta_proxy:  0.6034 Loss dta_trans:  0.0072 Loss dta_phys:  0.0060 Loss dta_preserve:  0.0046
Time:  0.0735 Epoch: 004 Iter:  500/ 600 LR: 0.0001000000 Loss content:  0.0174 Loss fft:  0.8390 Loss dta_rank:  0.0000 Loss dta_tv:  0.0337 Loss dta_proxy:  0.6509 Loss dta_trans:  0.0060 Loss dta_phys:  0.0060 Loss dta_preserve:  0.0050
Time:  0.0769 Epoch: 004 Iter:  550/ 600 LR: 0.0001000000 Loss content:  0.0170 Loss fft:  0.8270 Loss dta_rank:  0.0000 Loss dta_tv:  0.0332 Loss dta_proxy:  0.6462 Loss dta_trans:  0.0063 Loss dta_phys:  0.0066 Loss dta_preserve:  0.0055
Time:  0.0735 Epoch: 004 Iter:  600/ 600 LR: 0.0001000000 Loss content:  0.0164 Loss fft:  0.7973 Loss dta_rank:  0.0000 Loss dta_tv:  0.0340 Loss dta_proxy:  0.6278 Loss dta_trans:  0.0080 Loss dta_phys:  0.0071 Loss dta_preserve:  0.0054
EPOCH: 04
Elapsed time: 0.84 Epoch Pixel Loss:  0.0172 Epoch FFT Loss:  0.8192 Epoch DTA Rank:  0.0000 Epoch DTA TV:  0.0342 Epoch DTA Proxy:  0.6420 Epoch DTA Trans:  0.0072 Epoch DTA Phys:  0.0068 Epoch DTA Preserve:  0.0053
DTA_GATE_RAMP epoch=5 gate_limit=0.030000
Time:  0.0820 Epoch: 005 Iter:   50/ 600 LR: 0.0000983215 Loss content:  0.0169 Loss fft:  0.8148 Loss dta_rank:  0.0000 Loss dta_tv:  0.0331 Loss dta_proxy:  0.6539 Loss dta_trans:  0.0064 Loss dta_phys:  0.0074 Loss dta_preserve:  0.0053
Time:  0.0726 Epoch: 005 Iter:  100/ 600 LR: 0.0000983215 Loss content:  0.0167 Loss fft:  0.8013 Loss dta_rank:  0.0000 Loss dta_tv:  0.0335 Loss dta_proxy:  0.6302 Loss dta_trans:  0.0063 Loss dta_phys:  0.0061 Loss dta_preserve:  0.0045
Time:  0.0716 Epoch: 005 Iter:  150/ 600 LR: 0.0000983215 Loss content:  0.0168 Loss fft:  0.8295 Loss dta_rank:  0.0000 Loss dta_tv:  0.0339 Loss dta_proxy:  0.6482 Loss dta_trans:  0.0073 Loss dta_phys:  0.0069 Loss dta_preserve:  0.0054
Time:  0.0639 Epoch: 005 Iter:  200/ 600 LR: 0.0000983215 Loss content:  0.0167 Loss fft:  0.8489 Loss dta_rank:  0.0000 Loss dta_tv:  0.0337 Loss dta_proxy:  0.6396 Loss dta_trans:  0.0062 Loss dta_phys:  0.0068 Loss dta_preserve:  0.0046
Time:  0.0704 Epoch: 005 Iter:  250/ 600 LR: 0.0000983215 Loss content:  0.0178 Loss fft:  0.9539 Loss dta_rank:  0.0000 Loss dta_tv:  0.0344 Loss dta_proxy:  0.6359 Loss dta_trans:  0.0072 Loss dta_phys:  0.0072 Loss dta_preserve:  0.0049
Time:  0.0785 Epoch: 005 Iter:  300/ 600 LR: 0.0000983215 Loss content:  0.0168 Loss fft:  0.8087 Loss dta_rank:  0.0000 Loss dta_tv:  0.0335 Loss dta_proxy:  0.6260 Loss dta_trans:  0.0062 Loss dta_phys:  0.0063 Loss dta_preserve:  0.0045
Time:  0.0711 Epoch: 005 Iter:  350/ 600 LR: 0.0000983215 Loss content:  0.0180 Loss fft:  0.8394 Loss dta_rank:  0.0000 Loss dta_tv:  0.0324 Loss dta_proxy:  0.6631 Loss dta_trans:  0.0072 Loss dta_phys:  0.0066 Loss dta_preserve:  0.0061
Time:  0.0775 Epoch: 005 Iter:  400/ 600 LR: 0.0000983215 Loss content:  0.0177 Loss fft:  0.8316 Loss dta_rank:  0.0000 Loss dta_tv:  0.0323 Loss dta_proxy:  0.6463 Loss dta_trans:  0.0061 Loss dta_phys:  0.0069 Loss dta_preserve:  0.0042
Time:  0.0775 Epoch: 005 Iter:  450/ 600 LR: 0.0000983215 Loss content:  0.0164 Loss fft:  0.7814 Loss dta_rank:  0.0000 Loss dta_tv:  0.0330 Loss dta_proxy:  0.6340 Loss dta_trans:  0.0067 Loss dta_phys:  0.0063 Loss dta_preserve:  0.0047
Time:  0.0796 Epoch: 005 Iter:  500/ 600 LR: 0.0000983215 Loss content:  0.0167 Loss fft:  0.8314 Loss dta_rank:  0.0000 Loss dta_tv:  0.0327 Loss dta_proxy:  0.6389 Loss dta_trans:  0.0064 Loss dta_phys:  0.0063 Loss dta_preserve:  0.0048
Time:  0.0779 Epoch: 005 Iter:  550/ 600 LR: 0.0000983215 Loss content:  0.0167 Loss fft:  0.7907 Loss dta_rank:  0.0000 Loss dta_tv:  0.0323 Loss dta_proxy:  0.6378 Loss dta_trans:  0.0067 Loss dta_phys:  0.0067 Loss dta_preserve:  0.0056
Time:  0.0794 Epoch: 005 Iter:  600/ 600 LR: 0.0000983215 Loss content:  0.0167 Loss fft:  0.7981 Loss dta_rank:  0.0000 Loss dta_tv:  0.0321 Loss dta_proxy:  0.6286 Loss dta_trans:  0.0081 Loss dta_phys:  0.0068 Loss dta_preserve:  0.0043
EPOCH: 05
Elapsed time: 0.91 Epoch Pixel Loss:  0.0170 Epoch FFT Loss:  0.8275 Epoch DTA Rank:  0.0000 Epoch DTA TV:  0.0331 Epoch DTA Proxy:  0.6402 Epoch DTA Trans:  0.0067 Epoch DTA Phys:  0.0067 Epoch DTA Preserve:  0.0049
DTA_GATE_RAMP epoch=6 gate_limit=0.030000
Time:  0.0829 Epoch: 006 Iter:   50/ 600 LR: 0.0000942212 Loss content:  0.0174 Loss fft:  0.8378 Loss dta_rank:  0.0000 Loss dta_tv:  0.0325 Loss dta_proxy:  0.6428 Loss dta_trans:  0.0061 Loss dta_phys:  0.0068 Loss dta_preserve:  0.0044
Time:  0.0758 Epoch: 006 Iter:  100/ 600 LR: 0.0000942212 Loss content:  0.0175 Loss fft:  0.8507 Loss dta_rank:  0.0000 Loss dta_tv:  0.0329 Loss dta_proxy:  0.6323 Loss dta_trans:  0.0062 Loss dta_phys:  0.0064 Loss dta_preserve:  0.0055
Time:  0.0762 Epoch: 006 Iter:  150/ 600 LR: 0.0000942212 Loss content:  0.0181 Loss fft:  0.8393 Loss dta_rank:  0.0000 Loss dta_tv:  0.0320 Loss dta_proxy:  0.6413 Loss dta_trans:  0.0056 Loss dta_phys:  0.0058 Loss dta_preserve:  0.0059
Time:  0.0746 Epoch: 006 Iter:  200/ 600 LR: 0.0000942212 Loss content:  0.0175 Loss fft:  0.8362 Loss dta_rank:  0.0000 Loss dta_tv:  0.0321 Loss dta_proxy:  0.6568 Loss dta_trans:  0.0062 Loss dta_phys:  0.0069 Loss dta_preserve:  0.0049
Time:  0.0754 Epoch: 006 Iter:  250/ 600 LR: 0.0000942212 Loss content:  0.0167 Loss fft:  0.8113 Loss dta_rank:  0.0000 Loss dta_tv:  0.0329 Loss dta_proxy:  0.6253 Loss dta_trans:  0.0061 Loss dta_phys:  0.0072 Loss dta_preserve:  0.0047
Time:  0.0781 Epoch: 006 Iter:  300/ 600 LR: 0.0000942212 Loss content:  0.0175 Loss fft:  0.7971 Loss dta_rank:  0.0000 Loss dta_tv:  0.0325 Loss dta_proxy:  0.6407 Loss dta_trans:  0.0067 Loss dta_phys:  0.0066 Loss dta_preserve:  0.0053
Time:  0.0768 Epoch: 006 Iter:  350/ 600 LR: 0.0000942212 Loss content:  0.0178 Loss fft:  0.8098 Loss dta_rank:  0.0000 Loss dta_tv:  0.0315 Loss dta_proxy:  0.6442 Loss dta_trans:  0.0062 Loss dta_phys:  0.0065 Loss dta_preserve:  0.0041
Time:  0.0791 Epoch: 006 Iter:  400/ 600 LR: 0.0000942212 Loss content:  0.0165 Loss fft:  0.8059 Loss dta_rank:  0.0000 Loss dta_tv:  0.0318 Loss dta_proxy:  0.6481 Loss dta_trans:  0.0062 Loss dta_phys:  0.0069 Loss dta_preserve:  0.0053
Time:  0.0775 Epoch: 006 Iter:  450/ 600 LR: 0.0000942212 Loss content:  0.0171 Loss fft:  0.8278 Loss dta_rank:  0.0000 Loss dta_tv:  0.0322 Loss dta_proxy:  0.6538 Loss dta_trans:  0.0069 Loss dta_phys:  0.0071 Loss dta_preserve:  0.0048
Time:  0.0764 Epoch: 006 Iter:  500/ 600 LR: 0.0000942212 Loss content:  0.0171 Loss fft:  0.7927 Loss dta_rank:  0.0000 Loss dta_tv:  0.0306 Loss dta_proxy:  0.6657 Loss dta_trans:  0.0065 Loss dta_phys:  0.0069 Loss dta_preserve:  0.0057
Time:  0.0696 Epoch: 006 Iter:  550/ 600 LR: 0.0000942212 Loss content:  0.0169 Loss fft:  0.7736 Loss dta_rank:  0.0000 Loss dta_tv:  0.0312 Loss dta_proxy:  0.6430 Loss dta_trans:  0.0067 Loss dta_phys:  0.0071 Loss dta_preserve:  0.0060
Time:  0.0715 Epoch: 006 Iter:  600/ 600 LR: 0.0000942212 Loss content:  0.0171 Loss fft:  0.8321 Loss dta_rank:  0.0000 Loss dta_tv:  0.0322 Loss dta_proxy:  0.6411 Loss dta_trans:  0.0069 Loss dta_phys:  0.0073 Loss dta_preserve:  0.0061
EPOCH: 06
Elapsed time: 0.92 Epoch Pixel Loss:  0.0173 Epoch FFT Loss:  0.8178 Epoch DTA Rank:  0.0000 Epoch DTA TV:  0.0320 Epoch DTA Proxy:  0.6446 Epoch DTA Trans:  0.0064 Epoch DTA Phys:  0.0068 Epoch DTA Preserve:  0.0052
DTA_GATE_RAMP epoch=7 gate_limit=0.030000
Time:  0.0837 Epoch: 007 Iter:   50/ 600 LR: 0.0000886874 Loss content:  0.0169 Loss fft:  0.8335 Loss dta_rank:  0.0000 Loss dta_tv:  0.0313 Loss dta_proxy:  0.6598 Loss dta_trans:  0.0056 Loss dta_phys:  0.0077 Loss dta_preserve:  0.0051
Time:  0.0770 Epoch: 007 Iter:  100/ 600 LR: 0.0000886874 Loss content:  0.0169 Loss fft:  0.8208 Loss dta_rank:  0.0000 Loss dta_tv:  0.0317 Loss dta_proxy:  0.6362 Loss dta_trans:  0.0061 Loss dta_phys:  0.0066 Loss dta_preserve:  0.0046
Time:  0.0768 Epoch: 007 Iter:  150/ 600 LR: 0.0000886874 Loss content:  0.0174 Loss fft:  0.8293 Loss dta_rank:  0.0000 Loss dta_tv:  0.0300 Loss dta_proxy:  0.6602 Loss dta_trans:  0.0059 Loss dta_phys:  0.0064 Loss dta_preserve:  0.0048
Time:  0.0755 Epoch: 007 Iter:  200/ 600 LR: 0.0000886874 Loss content:  0.0168 Loss fft:  0.7948 Loss dta_rank:  0.0000 Loss dta_tv:  0.0315 Loss dta_proxy:  0.6410 Loss dta_trans:  0.0070 Loss dta_phys:  0.0072 Loss dta_preserve:  0.0045
Time:  0.0760 Epoch: 007 Iter:  250/ 600 LR: 0.0000886874 Loss content:  0.0166 Loss fft:  0.8036 Loss dta_rank:  0.0000 Loss dta_tv:  0.0319 Loss dta_proxy:  0.6134 Loss dta_trans:  0.0061 Loss dta_phys:  0.0068 Loss dta_preserve:  0.0048
Time:  0.0774 Epoch: 007 Iter:  300/ 600 LR: 0.0000886874 Loss content:  0.0171 Loss fft:  0.8338 Loss dta_rank:  0.0000 Loss dta_tv:  0.0320 Loss dta_proxy:  0.6341 Loss dta_trans:  0.0070 Loss dta_phys:  0.0058 Loss dta_preserve:  0.0046
Time:  0.0791 Epoch: 007 Iter:  350/ 600 LR: 0.0000886874 Loss content:  0.0171 Loss fft:  0.8210 Loss dta_rank:  0.0000 Loss dta_tv:  0.0316 Loss dta_proxy:  0.6404 Loss dta_trans:  0.0056 Loss dta_phys:  0.0062 Loss dta_preserve:  0.0051
Time:  0.0759 Epoch: 007 Iter:  400/ 600 LR: 0.0000886874 Loss content:  0.0169 Loss fft:  0.8222 Loss dta_rank:  0.0000 Loss dta_tv:  0.0318 Loss dta_proxy:  0.6500 Loss dta_trans:  0.0059 Loss dta_phys:  0.0068 Loss dta_preserve:  0.0048
Time:  0.0741 Epoch: 007 Iter:  450/ 600 LR: 0.0000886874 Loss content:  0.0175 Loss fft:  0.8147 Loss dta_rank:  0.0000 Loss dta_tv:  0.0307 Loss dta_proxy:  0.6472 Loss dta_trans:  0.0063 Loss dta_phys:  0.0070 Loss dta_preserve:  0.0059
Time:  0.0727 Epoch: 007 Iter:  500/ 600 LR: 0.0000886874 Loss content:  0.0170 Loss fft:  0.8297 Loss dta_rank:  0.0000 Loss dta_tv:  0.0320 Loss dta_proxy:  0.6194 Loss dta_trans:  0.0057 Loss dta_phys:  0.0062 Loss dta_preserve:  0.0054
Time:  0.0737 Epoch: 007 Iter:  550/ 600 LR: 0.0000886874 Loss content:  0.0178 Loss fft:  0.8056 Loss dta_rank:  0.0000 Loss dta_tv:  0.0305 Loss dta_proxy:  0.6579 Loss dta_trans:  0.0070 Loss dta_phys:  0.0077 Loss dta_preserve:  0.0057
Time:  0.0728 Epoch: 007 Iter:  600/ 600 LR: 0.0000886874 Loss content:  0.0169 Loss fft:  0.8208 Loss dta_rank:  0.0000 Loss dta_tv:  0.0310 Loss dta_proxy:  0.6400 Loss dta_trans:  0.0064 Loss dta_phys:  0.0070 Loss dta_preserve:  0.0050
EPOCH: 07
Elapsed time: 0.92 Epoch Pixel Loss:  0.0171 Epoch FFT Loss:  0.8192 Epoch DTA Rank:  0.0000 Epoch DTA TV:  0.0313 Epoch DTA Proxy:  0.6416 Epoch DTA Trans:  0.0062 Epoch DTA Phys:  0.0068 Epoch DTA Preserve:  0.0050
DTA_GATE_RAMP epoch=8 gate_limit=0.030000
Time:  0.0801 Epoch: 008 Iter:   50/ 600 LR: 0.0000819070 Loss content:  0.0170 Loss fft:  0.7901 Loss dta_rank:  0.0000 Loss dta_tv:  0.0298 Loss dta_proxy:  0.6558 Loss dta_trans:  0.0063 Loss dta_phys:  0.0065 Loss dta_preserve:  0.0045
Time:  0.0790 Epoch: 008 Iter:  100/ 600 LR: 0.0000819070 Loss content:  0.0167 Loss fft:  0.8054 Loss dta_rank:  0.0000 Loss dta_tv:  0.0312 Loss dta_proxy:  0.6425 Loss dta_trans:  0.0068 Loss dta_phys:  0.0071 Loss dta_preserve:  0.0048
Time:  0.0796 Epoch: 008 Iter:  150/ 600 LR: 0.0000819070 Loss content:  0.0171 Loss fft:  0.8269 Loss dta_rank:  0.0000 Loss dta_tv:  0.0304 Loss dta_proxy:  0.6609 Loss dta_trans:  0.0052 Loss dta_phys:  0.0067 Loss dta_preserve:  0.0059
Time:  0.0758 Epoch: 008 Iter:  200/ 600 LR: 0.0000819070 Loss content:  0.0167 Loss fft:  0.8149 Loss dta_rank:  0.0000 Loss dta_tv:  0.0314 Loss dta_proxy:  0.6115 Loss dta_trans:  0.0063 Loss dta_phys:  0.0066 Loss dta_preserve:  0.0038
Time:  0.0768 Epoch: 008 Iter:  250/ 600 LR: 0.0000819070 Loss content:  0.0176 Loss fft:  0.8220 Loss dta_rank:  0.0000 Loss dta_tv:  0.0306 Loss dta_proxy:  0.6502 Loss dta_trans:  0.0063 Loss dta_phys:  0.0065 Loss dta_preserve:  0.0044
Time:  0.0750 Epoch: 008 Iter:  300/ 600 LR: 0.0000819070 Loss content:  0.0167 Loss fft:  0.8163 Loss dta_rank:  0.0000 Loss dta_tv:  0.0304 Loss dta_proxy:  0.6326 Loss dta_trans:  0.0059 Loss dta_phys:  0.0061 Loss dta_preserve:  0.0051
Time:  0.0758 Epoch: 008 Iter:  350/ 600 LR: 0.0000819070 Loss content:  0.0169 Loss fft:  0.7805 Loss dta_rank:  0.0000 Loss dta_tv:  0.0299 Loss dta_proxy:  0.6567 Loss dta_trans:  0.0064 Loss dta_phys:  0.0074 Loss dta_preserve:  0.0048
Time:  0.0757 Epoch: 008 Iter:  400/ 600 LR: 0.0000819070 Loss content:  0.0167 Loss fft:  0.8240 Loss dta_rank:  0.0000 Loss dta_tv:  0.0308 Loss dta_proxy:  0.6396 Loss dta_trans:  0.0072 Loss dta_phys:  0.0067 Loss dta_preserve:  0.0045
Time:  0.0768 Epoch: 008 Iter:  450/ 600 LR: 0.0000819070 Loss content:  0.0170 Loss fft:  0.8309 Loss dta_rank:  0.0000 Loss dta_tv:  0.0302 Loss dta_proxy:  0.6566 Loss dta_trans:  0.0055 Loss dta_phys:  0.0069 Loss dta_preserve:  0.0053
Time:  0.0790 Epoch: 008 Iter:  500/ 600 LR: 0.0000819070 Loss content:  0.0174 Loss fft:  0.8363 Loss dta_rank:  0.0000 Loss dta_tv:  0.0308 Loss dta_proxy:  0.6539 Loss dta_trans:  0.0057 Loss dta_phys:  0.0076 Loss dta_preserve:  0.0044
Time:  0.0773 Epoch: 008 Iter:  550/ 600 LR: 0.0000819070 Loss content:  0.0179 Loss fft:  0.8420 Loss dta_rank:  0.0000 Loss dta_tv:  0.0308 Loss dta_proxy:  0.6548 Loss dta_trans:  0.0070 Loss dta_phys:  0.0067 Loss dta_preserve:  0.0060
Time:  0.0747 Epoch: 008 Iter:  600/ 600 LR: 0.0000819070 Loss content:  0.0172 Loss fft:  0.8454 Loss dta_rank:  0.0000 Loss dta_tv:  0.0311 Loss dta_proxy:  0.6318 Loss dta_trans:  0.0057 Loss dta_phys:  0.0062 Loss dta_preserve:  0.0049
EPOCH: 08
Elapsed time: 0.93 Epoch Pixel Loss:  0.0171 Epoch FFT Loss:  0.8196 Epoch DTA Rank:  0.0000 Epoch DTA TV:  0.0306 Epoch DTA Proxy:  0.6456 Epoch DTA Trans:  0.0062 Epoch DTA Phys:  0.0067 Epoch DTA Preserve:  0.0049
DTA_GATE_RAMP epoch=9 gate_limit=0.060000
Time:  0.0804 Epoch: 009 Iter:   50/ 600 LR: 0.0000741093 Loss content:  0.0169 Loss fft:  0.7933 Loss dta_rank:  0.0000 Loss dta_tv:  0.0307 Loss dta_proxy:  0.6360 Loss dta_trans:  0.0059 Loss dta_phys:  0.0068 Loss dta_preserve:  0.0054
Time:  0.0754 Epoch: 009 Iter:  100/ 600 LR: 0.0000741093 Loss content:  0.0172 Loss fft:  0.8158 Loss dta_rank:  0.0000 Loss dta_tv:  0.0302 Loss dta_proxy:  0.6458 Loss dta_trans:  0.0057 Loss dta_phys:  0.0067 Loss dta_preserve:  0.0049
Time:  0.0759 Epoch: 009 Iter:  150/ 600 LR: 0.0000741093 Loss content:  0.0169 Loss fft:  0.8406 Loss dta_rank:  0.0000 Loss dta_tv:  0.0306 Loss dta_proxy:  0.6299 Loss dta_trans:  0.0058 Loss dta_phys:  0.0060 Loss dta_preserve:  0.0041
Time:  0.0759 Epoch: 009 Iter:  200/ 600 LR: 0.0000741093 Loss content:  0.0161 Loss fft:  0.7784 Loss dta_rank:  0.0000 Loss dta_tv:  0.0308 Loss dta_proxy:  0.6249 Loss dta_trans:  0.0070 Loss dta_phys:  0.0070 Loss dta_preserve:  0.0050
Time:  0.0730 Epoch: 009 Iter:  250/ 600 LR: 0.0000741093 Loss content:  0.0164 Loss fft:  0.8027 Loss dta_rank:  0.0000 Loss dta_tv:  0.0301 Loss dta_proxy:  0.6552 Loss dta_trans:  0.0060 Loss dta_phys:  0.0073 Loss dta_preserve:  0.0048
Time:  0.0714 Epoch: 009 Iter:  300/ 600 LR: 0.0000741093 Loss content:  0.0174 Loss fft:  0.8474 Loss dta_rank:  0.0000 Loss dta_tv:  0.0302 Loss dta_proxy:  0.6502 Loss dta_trans:  0.0064 Loss dta_phys:  0.0066 Loss dta_preserve:  0.0052
Time:  0.0786 Epoch: 009 Iter:  350/ 600 LR: 0.0000741093 Loss content:  0.0178 Loss fft:  0.8074 Loss dta_rank:  0.0000 Loss dta_tv:  0.0299 Loss dta_proxy:  0.6469 Loss dta_trans:  0.0061 Loss dta_phys:  0.0065 Loss dta_preserve:  0.0050
Time:  0.0760 Epoch: 009 Iter:  400/ 600 LR: 0.0000741093 Loss content:  0.0164 Loss fft:  0.8104 Loss dta_rank:  0.0000 Loss dta_tv:  0.0304 Loss dta_proxy:  0.6511 Loss dta_trans:  0.0052 Loss dta_phys:  0.0067 Loss dta_preserve:  0.0044
Time:  0.0775 Epoch: 009 Iter:  450/ 600 LR: 0.0000741093 Loss content:  0.0172 Loss fft:  0.8242 Loss dta_rank:  0.0000 Loss dta_tv:  0.0307 Loss dta_proxy:  0.6427 Loss dta_trans:  0.0061 Loss dta_phys:  0.0064 Loss dta_preserve:  0.0044
Time:  0.0802 Epoch: 009 Iter:  500/ 600 LR: 0.0000741093 Loss content:  0.0171 Loss fft:  0.8215 Loss dta_rank:  0.0000 Loss dta_tv:  0.0307 Loss dta_proxy:  0.6370 Loss dta_trans:  0.0063 Loss dta_phys:  0.0069 Loss dta_preserve:  0.0053
Time:  0.0707 Epoch: 009 Iter:  550/ 600 LR: 0.0000741093 Loss content:  0.0174 Loss fft:  0.8419 Loss dta_rank:  0.0000 Loss dta_tv:  0.0313 Loss dta_proxy:  0.6127 Loss dta_trans:  0.0055 Loss dta_phys:  0.0065 Loss dta_preserve:  0.0046
Time:  0.0711 Epoch: 009 Iter:  600/ 600 LR: 0.0000741093 Loss content:  0.0167 Loss fft:  0.8117 Loss dta_rank:  0.0000 Loss dta_tv:  0.0304 Loss dta_proxy:  0.6361 Loss dta_trans:  0.0070 Loss dta_phys:  0.0071 Loss dta_preserve:  0.0054
EPOCH: 09
Elapsed time: 0.91 Epoch Pixel Loss:  0.0170 Epoch FFT Loss:  0.8163 Epoch DTA Rank:  0.0000 Epoch DTA TV:  0.0305 Epoch DTA Proxy:  0.6390 Epoch DTA Trans:  0.0061 Epoch DTA Phys:  0.0067 Epoch DTA Preserve:  0.0049
DTA_GATE_RAMP epoch=10 gate_limit=0.060000
Time:  0.0801 Epoch: 010 Iter:   50/ 600 LR: 0.0000655580 Loss content:  0.0171 Loss fft:  0.8317 Loss dta_rank:  0.0000 Loss dta_tv:  0.0295 Loss dta_proxy:  0.6448 Loss dta_trans:  0.0057 Loss dta_phys:  0.0066 Loss dta_preserve:  0.0050
Time:  0.0760 Epoch: 010 Iter:  100/ 600 LR: 0.0000655580 Loss content:  0.0176 Loss fft:  0.8290 Loss dta_rank:  0.0000 Loss dta_tv:  0.0288 Loss dta_proxy:  0.6509 Loss dta_trans:  0.0051 Loss dta_phys:  0.0066 Loss dta_preserve:  0.0055
Time:  0.0796 Epoch: 010 Iter:  150/ 600 LR: 0.0000655580 Loss content:  0.0168 Loss fft:  0.8106 Loss dta_rank:  0.0000 Loss dta_tv:  0.0297 Loss dta_proxy:  0.6503 Loss dta_trans:  0.0060 Loss dta_phys:  0.0068 Loss dta_preserve:  0.0050
Time:  0.0754 Epoch: 010 Iter:  200/ 600 LR: 0.0000655580 Loss content:  0.0179 Loss fft:  0.8419 Loss dta_rank:  0.0000 Loss dta_tv:  0.0303 Loss dta_proxy:  0.6316 Loss dta_trans:  0.0070 Loss dta_phys:  0.0070 Loss dta_preserve:  0.0054
Time:  0.0770 Epoch: 010 Iter:  250/ 600 LR: 0.0000655580 Loss content:  0.0169 Loss fft:  0.8167 Loss dta_rank:  0.0000 Loss dta_tv:  0.0298 Loss dta_proxy:  0.6388 Loss dta_trans:  0.0057 Loss dta_phys:  0.0065 Loss dta_preserve:  0.0060
Time:  0.0754 Epoch: 010 Iter:  300/ 600 LR: 0.0000655580 Loss content:  0.0166 Loss fft:  0.7900 Loss dta_rank:  0.0000 Loss dta_tv:  0.0297 Loss dta_proxy:  0.6324 Loss dta_trans:  0.0055 Loss dta_phys:  0.0062 Loss dta_preserve:  0.0054
Time:  0.0746 Epoch: 010 Iter:  350/ 600 LR: 0.0000655580 Loss content:  0.0167 Loss fft:  0.8277 Loss dta_rank:  0.0000 Loss dta_tv:  0.0298 Loss dta_proxy:  0.6365 Loss dta_trans:  0.0053 Loss dta_phys:  0.0067 Loss dta_preserve:  0.0085
Time:  0.0767 Epoch: 010 Iter:  400/ 600 LR: 0.0000655580 Loss content:  0.0171 Loss fft:  0.8338 Loss dta_rank:  0.0000 Loss dta_tv:  0.0297 Loss dta_proxy:  0.6479 Loss dta_trans:  0.0057 Loss dta_phys:  0.0064 Loss dta_preserve:  0.0065
Time:  0.0776 Epoch: 010 Iter:  450/ 600 LR: 0.0000655580 Loss content:  0.0167 Loss fft:  0.8075 Loss dta_rank:  0.0000 Loss dta_tv:  0.0301 Loss dta_proxy:  0.6351 Loss dta_trans:  0.0060 Loss dta_phys:  0.0067 Loss dta_preserve:  0.0058
Time:  0.0758 Epoch: 010 Iter:  500/ 600 LR: 0.0000655580 Loss content:  0.0170 Loss fft:  0.7987 Loss dta_rank:  0.0000 Loss dta_tv:  0.0293 Loss dta_proxy:  0.6438 Loss dta_trans:  0.0073 Loss dta_phys:  0.0068 Loss dta_preserve:  0.0051
Time:  0.0772 Epoch: 010 Iter:  550/ 600 LR: 0.0000655580 Loss content:  0.0169 Loss fft:  0.7813 Loss dta_rank:  0.0000 Loss dta_tv:  0.0297 Loss dta_proxy:  0.6362 Loss dta_trans:  0.0064 Loss dta_phys:  0.0073 Loss dta_preserve:  0.0054
Time:  0.0773 Epoch: 010 Iter:  600/ 600 LR: 0.0000655580 Loss content:  0.0174 Loss fft:  0.8545 Loss dta_rank:  0.0000 Loss dta_tv:  0.0297 Loss dta_proxy:  0.6524 Loss dta_trans:  0.0062 Loss dta_phys:  0.0069 Loss dta_preserve:  0.0044
EPOCH: 10
Elapsed time: 0.93 Epoch Pixel Loss:  0.0171 Epoch FFT Loss:  0.8186 Epoch DTA Rank:  0.0000 Epoch DTA TV:  0.0297 Epoch DTA Proxy:  0.6417 Epoch DTA Trans:  0.0060 Epoch DTA Phys:  0.0067 Epoch DTA Preserve:  0.0057
DTA_GATE_RAMP epoch=11 gate_limit=0.060000
Time:  0.0780 Epoch: 011 Iter:   50/ 600 LR: 0.0000565424 Loss content:  0.0164 Loss fft:  0.8197 Loss dta_rank:  0.0000 Loss dta_tv:  0.0295 Loss dta_proxy:  0.6343 Loss dta_trans:  0.0052 Loss dta_phys:  0.0064 Loss dta_preserve:  0.0039
Time:  0.0692 Epoch: 011 Iter:  100/ 600 LR: 0.0000565424 Loss content:  0.0168 Loss fft:  0.8301 Loss dta_rank:  0.0000 Loss dta_tv:  0.0307 Loss dta_proxy:  0.6225 Loss dta_trans:  0.0062 Loss dta_phys:  0.0060 Loss dta_preserve:  0.0047
Time:  0.0769 Epoch: 011 Iter:  150/ 600 LR: 0.0000565424 Loss content:  0.0176 Loss fft:  0.8003 Loss dta_rank:  0.0000 Loss dta_tv:  0.0292 Loss dta_proxy:  0.6235 Loss dta_trans:  0.0061 Loss dta_phys:  0.0066 Loss dta_preserve:  0.0050
Time:  0.0768 Epoch: 011 Iter:  200/ 600 LR: 0.0000565424 Loss content:  0.0173 Loss fft:  0.8145 Loss dta_rank:  0.0000 Loss dta_tv:  0.0289 Loss dta_proxy:  0.6518 Loss dta_trans:  0.0051 Loss dta_phys:  0.0070 Loss dta_preserve:  0.0048
Time:  0.0793 Epoch: 011 Iter:  250/ 600 LR: 0.0000565424 Loss content:  0.0176 Loss fft:  0.8425 Loss dta_rank:  0.0000 Loss dta_tv:  0.0301 Loss dta_proxy:  0.6402 Loss dta_trans:  0.0060 Loss dta_phys:  0.0072 Loss dta_preserve:  0.0052
Time:  0.0813 Epoch: 011 Iter:  300/ 600 LR: 0.0000565424 Loss content:  0.0174 Loss fft:  0.8322 Loss dta_rank:  0.0000 Loss dta_tv:  0.0299 Loss dta_proxy:  0.6453 Loss dta_trans:  0.0058 Loss dta_phys:  0.0072 Loss dta_preserve:  0.0055
Time:  0.0816 Epoch: 011 Iter:  350/ 600 LR: 0.0000565424 Loss content:  0.0166 Loss fft:  0.7831 Loss dta_rank:  0.0000 Loss dta_tv:  0.0295 Loss dta_proxy:  0.6454 Loss dta_trans:  0.0063 Loss dta_phys:  0.0070 Loss dta_preserve:  0.0058
Time:  0.0764 Epoch: 011 Iter:  400/ 600 LR: 0.0000565424 Loss content:  0.0177 Loss fft:  0.8465 Loss dta_rank:  0.0000 Loss dta_tv:  0.0288 Loss dta_proxy:  0.6669 Loss dta_trans:  0.0054 Loss dta_phys:  0.0065 Loss dta_preserve:  0.0041
Time:  0.0783 Epoch: 011 Iter:  450/ 600 LR: 0.0000565424 Loss content:  0.0167 Loss fft:  0.7925 Loss dta_rank:  0.0000 Loss dta_tv:  0.0296 Loss dta_proxy:  0.6492 Loss dta_trans:  0.0068 Loss dta_phys:  0.0074 Loss dta_preserve:  0.0051
Time:  0.0756 Epoch: 011 Iter:  500/ 600 LR: 0.0000565424 Loss content:  0.0172 Loss fft:  0.8178 Loss dta_rank:  0.0000 Loss dta_tv:  0.0293 Loss dta_proxy:  0.6475 Loss dta_trans:  0.0061 Loss dta_phys:  0.0065 Loss dta_preserve:  0.0062
Time:  0.0754 Epoch: 011 Iter:  550/ 600 LR: 0.0000565424 Loss content:  0.0162 Loss fft:  0.8095 Loss dta_rank:  0.0000 Loss dta_tv:  0.0287 Loss dta_proxy:  0.6636 Loss dta_trans:  0.0049 Loss dta_phys:  0.0066 Loss dta_preserve:  0.0036
Time:  0.0768 Epoch: 011 Iter:  600/ 600 LR: 0.0000565424 Loss content:  0.0172 Loss fft:  0.8229 Loss dta_rank:  0.0000 Loss dta_tv:  0.0297 Loss dta_proxy:  0.6117 Loss dta_trans:  0.0059 Loss dta_phys:  0.0067 Loss dta_preserve:  0.0049
EPOCH: 11
Elapsed time: 0.93 Epoch Pixel Loss:  0.0170 Epoch FFT Loss:  0.8176 Epoch DTA Rank:  0.0000 Epoch DTA TV:  0.0295 Epoch DTA Proxy:  0.6418 Epoch DTA Trans:  0.0058 Epoch DTA Phys:  0.0068 Epoch DTA Preserve:  0.0049
DTA_GATE_RAMP epoch=12 gate_limit=0.060000
Time:  0.0834 Epoch: 012 Iter:   50/ 600 LR: 0.0000473670 Loss content:  0.0173 Loss fft:  0.8099 Loss dta_rank:  0.0000 Loss dta_tv:  0.0289 Loss dta_proxy:  0.6586 Loss dta_trans:  0.0060 Loss dta_phys:  0.0063 Loss dta_preserve:  0.0046
Time:  0.0765 Epoch: 012 Iter:  100/ 600 LR: 0.0000473670 Loss content:  0.0177 Loss fft:  0.8387 Loss dta_rank:  0.0000 Loss dta_tv:  0.0291 Loss dta_proxy:  0.6417 Loss dta_trans:  0.0056 Loss dta_phys:  0.0063 Loss dta_preserve:  0.0058
Time:  0.0776 Epoch: 012 Iter:  150/ 600 LR: 0.0000473670 Loss content:  0.0170 Loss fft:  0.8078 Loss dta_rank:  0.0000 Loss dta_tv:  0.0294 Loss dta_proxy:  0.6328 Loss dta_trans:  0.0072 Loss dta_phys:  0.0066 Loss dta_preserve:  0.0042
Time:  0.0760 Epoch: 012 Iter:  200/ 600 LR: 0.0000473670 Loss content:  0.0177 Loss fft:  0.8299 Loss dta_rank:  0.0000 Loss dta_tv:  0.0279 Loss dta_proxy:  0.6699 Loss dta_trans:  0.0054 Loss dta_phys:  0.0069 Loss dta_preserve:  0.0049
Time:  0.0775 Epoch: 012 Iter:  250/ 600 LR: 0.0000473670 Loss content:  0.0172 Loss fft:  0.7977 Loss dta_rank:  0.0000 Loss dta_tv:  0.0288 Loss dta_proxy:  0.6455 Loss dta_trans:  0.0055 Loss dta_phys:  0.0068 Loss dta_preserve:  0.0053
Time:  0.0767 Epoch: 012 Iter:  300/ 600 LR: 0.0000473670 Loss content:  0.0172 Loss fft:  0.8043 Loss dta_rank:  0.0000 Loss dta_tv:  0.0292 Loss dta_proxy:  0.6396 Loss dta_trans:  0.0054 Loss dta_phys:  0.0065 Loss dta_preserve:  0.0059
Time:  0.0781 Epoch: 012 Iter:  350/ 600 LR: 0.0000473670 Loss content:  0.0178 Loss fft:  0.8346 Loss dta_rank:  0.0000 Loss dta_tv:  0.0292 Loss dta_proxy:  0.6376 Loss dta_trans:  0.0057 Loss dta_phys:  0.0065 Loss dta_preserve:  0.0053
Time:  0.0764 Epoch: 012 Iter:  400/ 600 LR: 0.0000473670 Loss content:  0.0167 Loss fft:  0.8242 Loss dta_rank:  0.0000 Loss dta_tv:  0.0296 Loss dta_proxy:  0.6244 Loss dta_trans:  0.0061 Loss dta_phys:  0.0069 Loss dta_preserve:  0.0045
Time:  0.0744 Epoch: 012 Iter:  450/ 600 LR: 0.0000473670 Loss content:  0.0175 Loss fft:  0.8071 Loss dta_rank:  0.0000 Loss dta_tv:  0.0297 Loss dta_proxy:  0.6301 Loss dta_trans:  0.0060 Loss dta_phys:  0.0069 Loss dta_preserve:  0.0051
Time:  0.0732 Epoch: 012 Iter:  500/ 600 LR: 0.0000473670 Loss content:  0.0177 Loss fft:  0.8327 Loss dta_rank:  0.0000 Loss dta_tv:  0.0294 Loss dta_proxy:  0.6244 Loss dta_trans:  0.0055 Loss dta_phys:  0.0061 Loss dta_preserve:  0.0050
Time:  0.0706 Epoch: 012 Iter:  550/ 600 LR: 0.0000473670 Loss content:  0.0172 Loss fft:  0.8286 Loss dta_rank:  0.0000 Loss dta_tv:  0.0294 Loss dta_proxy:  0.6405 Loss dta_trans:  0.0062 Loss dta_phys:  0.0072 Loss dta_preserve:  0.0056
Time:  0.0693 Epoch: 012 Iter:  600/ 600 LR: 0.0000473670 Loss content:  0.0168 Loss fft:  0.8084 Loss dta_rank:  0.0000 Loss dta_tv:  0.0295 Loss dta_proxy:  0.6385 Loss dta_trans:  0.0063 Loss dta_phys:  0.0075 Loss dta_preserve:  0.0042
EPOCH: 12
Elapsed time: 0.91 Epoch Pixel Loss:  0.0173 Epoch FFT Loss:  0.8187 Epoch DTA Rank:  0.0000 Epoch DTA TV:  0.0292 Epoch DTA Proxy:  0.6403 Epoch DTA Trans:  0.0059 Epoch DTA Phys:  0.0067 Epoch DTA Preserve:  0.0050
DTA_GATE_RAMP epoch=13 gate_limit=0.060000
Time:  0.0805 Epoch: 013 Iter:   50/ 600 LR: 0.0000383414 Loss content:  0.0171 Loss fft:  0.8361 Loss dta_rank:  0.0000 Loss dta_tv:  0.0302 Loss dta_proxy:  0.6198 Loss dta_trans:  0.0061 Loss dta_phys:  0.0066 Loss dta_preserve:  0.0053
Time:  0.0774 Epoch: 013 Iter:  100/ 600 LR: 0.0000383414 Loss content:  0.0167 Loss fft:  0.8101 Loss dta_rank:  0.0000 Loss dta_tv:  0.0294 Loss dta_proxy:  0.6386 Loss dta_trans:  0.0058 Loss dta_phys:  0.0066 Loss dta_preserve:  0.0051
Time:  0.0766 Epoch: 013 Iter:  150/ 600 LR: 0.0000383414 Loss content:  0.0170 Loss fft:  0.7966 Loss dta_rank:  0.0000 Loss dta_tv:  0.0297 Loss dta_proxy:  0.6350 Loss dta_trans:  0.0052 Loss dta_phys:  0.0074 Loss dta_preserve:  0.0048
Time:  0.0754 Epoch: 013 Iter:  200/ 600 LR: 0.0000383414 Loss content:  0.0173 Loss fft:  0.8386 Loss dta_rank:  0.0000 Loss dta_tv:  0.0292 Loss dta_proxy:  0.6466 Loss dta_trans:  0.0053 Loss dta_phys:  0.0062 Loss dta_preserve:  0.0047
Time:  0.0760 Epoch: 013 Iter:  250/ 600 LR: 0.0000383414 Loss content:  0.0168 Loss fft:  0.7770 Loss dta_rank:  0.0000 Loss dta_tv:  0.0283 Loss dta_proxy:  0.6570 Loss dta_trans:  0.0052 Loss dta_phys:  0.0068 Loss dta_preserve:  0.0055
Time:  0.0701 Epoch: 013 Iter:  300/ 600 LR: 0.0000383414 Loss content:  0.0175 Loss fft:  0.8125 Loss dta_rank:  0.0000 Loss dta_tv:  0.0296 Loss dta_proxy:  0.6425 Loss dta_trans:  0.0053 Loss dta_phys:  0.0064 Loss dta_preserve:  0.0055
Time:  0.0690 Epoch: 013 Iter:  350/ 600 LR: 0.0000383414 Loss content:  0.0170 Loss fft:  0.8098 Loss dta_rank:  0.0000 Loss dta_tv:  0.0290 Loss dta_proxy:  0.6353 Loss dta_trans:  0.0077 Loss dta_phys:  0.0064 Loss dta_preserve:  0.0040
Time:  0.0681 Epoch: 013 Iter:  400/ 600 LR: 0.0000383414 Loss content:  0.0160 Loss fft:  0.7910 Loss dta_rank:  0.0000 Loss dta_tv:  0.0293 Loss dta_proxy:  0.6419 Loss dta_trans:  0.0057 Loss dta_phys:  0.0066 Loss dta_preserve:  0.0040
Time:  0.0696 Epoch: 013 Iter:  450/ 600 LR: 0.0000383414 Loss content:  0.0172 Loss fft:  0.8317 Loss dta_rank:  0.0000 Loss dta_tv:  0.0298 Loss dta_proxy:  0.6225 Loss dta_trans:  0.0059 Loss dta_phys:  0.0071 Loss dta_preserve:  0.0050
Time:  0.0730 Epoch: 013 Iter:  500/ 600 LR: 0.0000383414 Loss content:  0.0169 Loss fft:  0.8320 Loss dta_rank:  0.0000 Loss dta_tv:  0.0284 Loss dta_proxy:  0.6617 Loss dta_trans:  0.0049 Loss dta_phys:  0.0063 Loss dta_preserve:  0.0050
Time:  0.0724 Epoch: 013 Iter:  550/ 600 LR: 0.0000383414 Loss content:  0.0168 Loss fft:  0.8264 Loss dta_rank:  0.0000 Loss dta_tv:  0.0300 Loss dta_proxy:  0.6458 Loss dta_trans:  0.0066 Loss dta_phys:  0.0072 Loss dta_preserve:  0.0045
Time:  0.0750 Epoch: 013 Iter:  600/ 600 LR: 0.0000383414 Loss content:  0.0178 Loss fft:  0.8612 Loss dta_rank:  0.0000 Loss dta_tv:  0.0289 Loss dta_proxy:  0.6464 Loss dta_trans:  0.0064 Loss dta_phys:  0.0064 Loss dta_preserve:  0.0054
EPOCH: 13
Elapsed time: 0.89 Epoch Pixel Loss:  0.0170 Epoch FFT Loss:  0.8186 Epoch DTA Rank:  0.0000 Epoch DTA TV:  0.0293 Epoch DTA Proxy:  0.6411 Epoch DTA Trans:  0.0058 Epoch DTA Phys:  0.0067 Epoch DTA Preserve:  0.0049
DTA_GATE_RAMP epoch=14 gate_limit=0.060000
Time:  0.0731 Epoch: 014 Iter:   50/ 600 LR: 0.0000297690 Loss content:  0.0164 Loss fft:  0.7998 Loss dta_rank:  0.0000 Loss dta_tv:  0.0284 Loss dta_proxy:  0.6525 Loss dta_trans:  0.0058 Loss dta_phys:  0.0062 Loss dta_preserve:  0.0051
Time:  0.0740 Epoch: 014 Iter:  100/ 600 LR: 0.0000297690 Loss content:  0.0169 Loss fft:  0.8234 Loss dta_rank:  0.0000 Loss dta_tv:  0.0288 Loss dta_proxy:  0.6461 Loss dta_trans:  0.0051 Loss dta_phys:  0.0059 Loss dta_preserve:  0.0056
Time:  0.0761 Epoch: 014 Iter:  150/ 600 LR: 0.0000297690 Loss content:  0.0172 Loss fft:  0.7975 Loss dta_rank:  0.0000 Loss dta_tv:  0.0288 Loss dta_proxy:  0.6265 Loss dta_trans:  0.0051 Loss dta_phys:  0.0062 Loss dta_preserve:  0.0040
Time:  0.0685 Epoch: 014 Iter:  200/ 600 LR: 0.0000297690 Loss content:  0.0181 Loss fft:  0.8399 Loss dta_rank:  0.0000 Loss dta_tv:  0.0288 Loss dta_proxy:  0.6394 Loss dta_trans:  0.0052 Loss dta_phys:  0.0073 Loss dta_preserve:  0.0057
Time:  0.0752 Epoch: 014 Iter:  250/ 600 LR: 0.0000297690 Loss content:  0.0169 Loss fft:  0.8414 Loss dta_rank:  0.0000 Loss dta_tv:  0.0296 Loss dta_proxy:  0.6373 Loss dta_trans:  0.0060 Loss dta_phys:  0.0063 Loss dta_preserve:  0.0055
Time:  0.0753 Epoch: 014 Iter:  300/ 600 LR: 0.0000297690 Loss content:  0.0169 Loss fft:  0.8012 Loss dta_rank:  0.0000 Loss dta_tv:  0.0296 Loss dta_proxy:  0.6195 Loss dta_trans:  0.0057 Loss dta_phys:  0.0068 Loss dta_preserve:  0.0058
Time:  0.0768 Epoch: 014 Iter:  350/ 600 LR: 0.0000297690 Loss content:  0.0175 Loss fft:  0.8357 Loss dta_rank:  0.0000 Loss dta_tv:  0.0294 Loss dta_proxy:  0.6404 Loss dta_trans:  0.0056 Loss dta_phys:  0.0068 Loss dta_preserve:  0.0049
Time:  0.0782 Epoch: 014 Iter:  400/ 600 LR: 0.0000297690 Loss content:  0.0173 Loss fft:  0.8101 Loss dta_rank:  0.0000 Loss dta_tv:  0.0287 Loss dta_proxy:  0.6433 Loss dta_trans:  0.0058 Loss dta_phys:  0.0066 Loss dta_preserve:  0.0039
Time:  0.0770 Epoch: 014 Iter:  450/ 600 LR: 0.0000297690 Loss content:  0.0179 Loss fft:  0.8281 Loss dta_rank:  0.0000 Loss dta_tv:  0.0283 Loss dta_proxy:  0.6718 Loss dta_trans:  0.0057 Loss dta_phys:  0.0073 Loss dta_preserve:  0.0055
Time:  0.0769 Epoch: 014 Iter:  500/ 600 LR: 0.0000297690 Loss content:  0.0168 Loss fft:  0.8223 Loss dta_rank:  0.0000 Loss dta_tv:  0.0287 Loss dta_proxy:  0.6516 Loss dta_trans:  0.0049 Loss dta_phys:  0.0070 Loss dta_preserve:  0.0052
Time:  0.0763 Epoch: 014 Iter:  550/ 600 LR: 0.0000297690 Loss content:  0.0166 Loss fft:  0.8127 Loss dta_rank:  0.0000 Loss dta_tv:  0.0294 Loss dta_proxy:  0.6421 Loss dta_trans:  0.0067 Loss dta_phys:  0.0067 Loss dta_preserve:  0.0046
Time:  0.0786 Epoch: 014 Iter:  600/ 600 LR: 0.0000297690 Loss content:  0.0174 Loss fft:  0.8349 Loss dta_rank:  0.0000 Loss dta_tv:  0.0295 Loss dta_proxy:  0.6433 Loss dta_trans:  0.0063 Loss dta_phys:  0.0074 Loss dta_preserve:  0.0081
EPOCH: 14
Elapsed time: 0.91 Epoch Pixel Loss:  0.0172 Epoch FFT Loss:  0.8206 Epoch DTA Rank:  0.0000 Epoch DTA TV:  0.0290 Epoch DTA Proxy:  0.6428 Epoch DTA Trans:  0.0057 Epoch DTA Phys:  0.0067 Epoch DTA Preserve:  0.0053
DTA_GATE_RAMP epoch=15 gate_limit=0.060000
Time:  0.0818 Epoch: 015 Iter:   50/ 600 LR: 0.0000219361 Loss content:  0.0169 Loss fft:  0.8441 Loss dta_rank:  0.0000 Loss dta_tv:  0.0283 Loss dta_proxy:  0.6511 Loss dta_trans:  0.0058 Loss dta_phys:  0.0064 Loss dta_preserve:  0.0058
Time:  0.0762 Epoch: 015 Iter:  100/ 600 LR: 0.0000219361 Loss content:  0.0172 Loss fft:  0.8315 Loss dta_rank:  0.0000 Loss dta_tv:  0.0290 Loss dta_proxy:  0.6444 Loss dta_trans:  0.0057 Loss dta_phys:  0.0063 Loss dta_preserve:  0.0054
Time:  0.0693 Epoch: 015 Iter:  150/ 600 LR: 0.0000219361 Loss content:  0.0170 Loss fft:  0.8070 Loss dta_rank:  0.0000 Loss dta_tv:  0.0290 Loss dta_proxy:  0.6359 Loss dta_trans:  0.0049 Loss dta_phys:  0.0066 Loss dta_preserve:  0.0055
Time:  0.0690 Epoch: 015 Iter:  200/ 600 LR: 0.0000219361 Loss content:  0.0173 Loss fft:  0.8203 Loss dta_rank:  0.0000 Loss dta_tv:  0.0287 Loss dta_proxy:  0.6545 Loss dta_trans:  0.0055 Loss dta_phys:  0.0070 Loss dta_preserve:  0.0054
Time:  0.0748 Epoch: 015 Iter:  250/ 600 LR: 0.0000219361 Loss content:  0.0172 Loss fft:  0.8319 Loss dta_rank:  0.0000 Loss dta_tv:  0.0291 Loss dta_proxy:  0.6253 Loss dta_trans:  0.0054 Loss dta_phys:  0.0065 Loss dta_preserve:  0.0049
Time:  0.0775 Epoch: 015 Iter:  300/ 600 LR: 0.0000219361 Loss content:  0.0169 Loss fft:  0.7959 Loss dta_rank:  0.0000 Loss dta_tv:  0.0291 Loss dta_proxy:  0.6381 Loss dta_trans:  0.0054 Loss dta_phys:  0.0068 Loss dta_preserve:  0.0049
Time:  0.0784 Epoch: 015 Iter:  350/ 600 LR: 0.0000219361 Loss content:  0.0176 Loss fft:  0.8377 Loss dta_rank:  0.0000 Loss dta_tv:  0.0298 Loss dta_proxy:  0.6299 Loss dta_trans:  0.0065 Loss dta_phys:  0.0068 Loss dta_preserve:  0.0059
Time:  0.0739 Epoch: 015 Iter:  400/ 600 LR: 0.0000219361 Loss content:  0.0166 Loss fft:  0.7755 Loss dta_rank:  0.0000 Loss dta_tv:  0.0298 Loss dta_proxy:  0.6246 Loss dta_trans:  0.0063 Loss dta_phys:  0.0071 Loss dta_preserve:  0.0045
Time:  0.0770 Epoch: 015 Iter:  450/ 600 LR: 0.0000219361 Loss content:  0.0176 Loss fft:  0.8401 Loss dta_rank:  0.0000 Loss dta_tv:  0.0289 Loss dta_proxy:  0.6443 Loss dta_trans:  0.0056 Loss dta_phys:  0.0063 Loss dta_preserve:  0.0053
Time:  0.0771 Epoch: 015 Iter:  500/ 600 LR: 0.0000219361 Loss content:  0.0175 Loss fft:  0.8420 Loss dta_rank:  0.0000 Loss dta_tv:  0.0288 Loss dta_proxy:  0.6356 Loss dta_trans:  0.0059 Loss dta_phys:  0.0061 Loss dta_preserve:  0.0050
Time:  0.0734 Epoch: 015 Iter:  550/ 600 LR: 0.0000219361 Loss content:  0.0180 Loss fft:  0.8393 Loss dta_rank:  0.0000 Loss dta_tv:  0.0287 Loss dta_proxy:  0.6494 Loss dta_trans:  0.0054 Loss dta_phys:  0.0069 Loss dta_preserve:  0.0052
Time:  0.0658 Epoch: 015 Iter:  600/ 600 LR: 0.0000219361 Loss content:  0.0174 Loss fft:  0.7939 Loss dta_rank:  0.0000 Loss dta_tv:  0.0289 Loss dta_proxy:  0.6484 Loss dta_trans:  0.0055 Loss dta_phys:  0.0066 Loss dta_preserve:  0.0046
EPOCH: 15
Elapsed time: 0.90 Epoch Pixel Loss:  0.0173 Epoch FFT Loss:  0.8216 Epoch DTA Rank:  0.0000 Epoch DTA TV:  0.0290 Epoch DTA Proxy:  0.6401 Epoch DTA Trans:  0.0057 Epoch DTA Phys:  0.0066 Epoch DTA Preserve:  0.0052
DTA_GATE_RAMP epoch=16 gate_limit=0.060000
Time:  0.0778 Epoch: 016 Iter:   50/ 600 LR: 0.0000151017 Loss content:  0.0176 Loss fft:  0.8194 Loss dta_rank:  0.0000 Loss dta_tv:  0.0282 Loss dta_proxy:  0.6651 Loss dta_trans:  0.0052 Loss dta_phys:  0.0071 Loss dta_preserve:  0.0054
Time:  0.0685 Epoch: 016 Iter:  100/ 600 LR: 0.0000151017 Loss content:  0.0179 Loss fft:  0.8675 Loss dta_rank:  0.0000 Loss dta_tv:  0.0297 Loss dta_proxy:  0.6347 Loss dta_trans:  0.0055 Loss dta_phys:  0.0062 Loss dta_preserve:  0.0054
Time:  0.0755 Epoch: 016 Iter:  150/ 600 LR: 0.0000151017 Loss content:  0.0174 Loss fft:  0.8208 Loss dta_rank:  0.0000 Loss dta_tv:  0.0285 Loss dta_proxy:  0.6503 Loss dta_trans:  0.0047 Loss dta_phys:  0.0071 Loss dta_preserve:  0.0060
Time:  0.0647 Epoch: 016 Iter:  200/ 600 LR: 0.0000151017 Loss content:  0.0169 Loss fft:  0.8034 Loss dta_rank:  0.0000 Loss dta_tv:  0.0295 Loss dta_proxy:  0.6294 Loss dta_trans:  0.0062 Loss dta_phys:  0.0065 Loss dta_preserve:  0.0046
Time:  0.0691 Epoch: 016 Iter:  250/ 600 LR: 0.0000151017 Loss content:  0.0166 Loss fft:  0.8040 Loss dta_rank:  0.0000 Loss dta_tv:  0.0286 Loss dta_proxy:  0.6505 Loss dta_trans:  0.0062 Loss dta_phys:  0.0073 Loss dta_preserve:  0.0042
Time:  0.0717 Epoch: 016 Iter:  300/ 600 LR: 0.0000151017 Loss content:  0.0175 Loss fft:  0.7984 Loss dta_rank:  0.0000 Loss dta_tv:  0.0295 Loss dta_proxy:  0.6364 Loss dta_trans:  0.0062 Loss dta_phys:  0.0072 Loss dta_preserve:  0.0045
Time:  0.0665 Epoch: 016 Iter:  350/ 600 LR: 0.0000151017 Loss content:  0.0170 Loss fft:  0.8006 Loss dta_rank:  0.0000 Loss dta_tv:  0.0280 Loss dta_proxy:  0.6639 Loss dta_trans:  0.0050 Loss dta_phys:  0.0069 Loss dta_preserve:  0.0055
Time:  0.0739 Epoch: 016 Iter:  400/ 600 LR: 0.0000151017 Loss content:  0.0171 Loss fft:  0.8385 Loss dta_rank:  0.0000 Loss dta_tv:  0.0293 Loss dta_proxy:  0.6375 Loss dta_trans:  0.0056 Loss dta_phys:  0.0059 Loss dta_preserve:  0.0044
Time:  0.0766 Epoch: 016 Iter:  450/ 600 LR: 0.0000151017 Loss content:  0.0169 Loss fft:  0.8214 Loss dta_rank:  0.0000 Loss dta_tv:  0.0283 Loss dta_proxy:  0.6586 Loss dta_trans:  0.0050 Loss dta_phys:  0.0067 Loss dta_preserve:  0.0050
Time:  0.0747 Epoch: 016 Iter:  500/ 600 LR: 0.0000151017 Loss content:  0.0168 Loss fft:  0.8083 Loss dta_rank:  0.0000 Loss dta_tv:  0.0301 Loss dta_proxy:  0.6184 Loss dta_trans:  0.0057 Loss dta_phys:  0.0063 Loss dta_preserve:  0.0055
Time:  0.0775 Epoch: 016 Iter:  550/ 600 LR: 0.0000151017 Loss content:  0.0171 Loss fft:  0.8063 Loss dta_rank:  0.0000 Loss dta_tv:  0.0296 Loss dta_proxy:  0.6287 Loss dta_trans:  0.0060 Loss dta_phys:  0.0065 Loss dta_preserve:  0.0063
Time:  0.0725 Epoch: 016 Iter:  600/ 600 LR: 0.0000151017 Loss content:  0.0179 Loss fft:  0.8436 Loss dta_rank:  0.0000 Loss dta_tv:  0.0295 Loss dta_proxy:  0.6315 Loss dta_trans:  0.0060 Loss dta_phys:  0.0066 Loss dta_preserve:  0.0077
EPOCH: 16
Elapsed time: 0.87 Epoch Pixel Loss:  0.0172 Epoch FFT Loss:  0.8193 Epoch DTA Rank:  0.0000 Epoch DTA TV:  0.0291 Epoch DTA Proxy:  0.6421 Epoch DTA Trans:  0.0056 Epoch DTA Phys:  0.0067 Epoch DTA Preserve:  0.0054
DTA_GATE_RAMP epoch=17 gate_limit=0.060000
Time:  0.0802 Epoch: 017 Iter:   50/ 600 LR: 0.0000094853 Loss content:  0.0169 Loss fft:  0.8030 Loss dta_rank:  0.0000 Loss dta_tv:  0.0293 Loss dta_proxy:  0.6394 Loss dta_trans:  0.0063 Loss dta_phys:  0.0074 Loss dta_preserve:  0.0055
Time:  0.0770 Epoch: 017 Iter:  100/ 600 LR: 0.0000094853 Loss content:  0.0163 Loss fft:  0.8036 Loss dta_rank:  0.0000 Loss dta_tv:  0.0291 Loss dta_proxy:  0.6361 Loss dta_trans:  0.0057 Loss dta_phys:  0.0065 Loss dta_preserve:  0.0051
Time:  0.0740 Epoch: 017 Iter:  150/ 600 LR: 0.0000094853 Loss content:  0.0171 Loss fft:  0.8208 Loss dta_rank:  0.0000 Loss dta_tv:  0.0286 Loss dta_proxy:  0.6606 Loss dta_trans:  0.0049 Loss dta_phys:  0.0070 Loss dta_preserve:  0.0056
Time:  0.0753 Epoch: 017 Iter:  200/ 600 LR: 0.0000094853 Loss content:  0.0175 Loss fft:  0.8722 Loss dta_rank:  0.0000 Loss dta_tv:  0.0292 Loss dta_proxy:  0.6288 Loss dta_trans:  0.0061 Loss dta_phys:  0.0058 Loss dta_preserve:  0.0058
Time:  0.0746 Epoch: 017 Iter:  250/ 600 LR: 0.0000094853 Loss content:  0.0176 Loss fft:  0.8239 Loss dta_rank:  0.0000 Loss dta_tv:  0.0287 Loss dta_proxy:  0.6378 Loss dta_trans:  0.0052 Loss dta_phys:  0.0065 Loss dta_preserve:  0.0054
Time:  0.0738 Epoch: 017 Iter:  300/ 600 LR: 0.0000094853 Loss content:  0.0170 Loss fft:  0.8208 Loss dta_rank:  0.0000 Loss dta_tv:  0.0282 Loss dta_proxy:  0.6505 Loss dta_trans:  0.0056 Loss dta_phys:  0.0072 Loss dta_preserve:  0.0055
Time:  0.0741 Epoch: 017 Iter:  350/ 600 LR: 0.0000094853 Loss content:  0.0166 Loss fft:  0.7846 Loss dta_rank:  0.0000 Loss dta_tv:  0.0280 Loss dta_proxy:  0.6585 Loss dta_trans:  0.0056 Loss dta_phys:  0.0070 Loss dta_preserve:  0.0054
Time:  0.0762 Epoch: 017 Iter:  400/ 600 LR: 0.0000094853 Loss content:  0.0168 Loss fft:  0.8060 Loss dta_rank:  0.0000 Loss dta_tv:  0.0287 Loss dta_proxy:  0.6365 Loss dta_trans:  0.0055 Loss dta_phys:  0.0063 Loss dta_preserve:  0.0047
Time:  0.0783 Epoch: 017 Iter:  450/ 600 LR: 0.0000094853 Loss content:  0.0168 Loss fft:  0.8018 Loss dta_rank:  0.0000 Loss dta_tv:  0.0288 Loss dta_proxy:  0.6360 Loss dta_trans:  0.0050 Loss dta_phys:  0.0062 Loss dta_preserve:  0.0060
Time:  0.0902 Epoch: 017 Iter:  500/ 600 LR: 0.0000094853 Loss content:  0.0169 Loss fft:  0.8286 Loss dta_rank:  0.0000 Loss dta_tv:  0.0284 Loss dta_proxy:  0.6424 Loss dta_trans:  0.0055 Loss dta_phys:  0.0063 Loss dta_preserve:  0.0046
Time:  0.0918 Epoch: 017 Iter:  550/ 600 LR: 0.0000094853 Loss content:  0.0168 Loss fft:  0.8238 Loss dta_rank:  0.0000 Loss dta_tv:  0.0291 Loss dta_proxy:  0.6553 Loss dta_trans:  0.0065 Loss dta_phys:  0.0068 Loss dta_preserve:  0.0057
Time:  0.0914 Epoch: 017 Iter:  600/ 600 LR: 0.0000094853 Loss content:  0.0172 Loss fft:  0.8126 Loss dta_rank:  0.0000 Loss dta_tv:  0.0284 Loss dta_proxy:  0.6521 Loss dta_trans:  0.0056 Loss dta_phys:  0.0075 Loss dta_preserve:  0.0041
EPOCH: 17
Elapsed time: 0.96 Epoch Pixel Loss:  0.0170 Epoch FFT Loss:  0.8168 Epoch DTA Rank:  0.0000 Epoch DTA TV:  0.0287 Epoch DTA Proxy:  0.6445 Epoch DTA Trans:  0.0056 Epoch DTA Phys:  0.0067 Epoch DTA Preserve:  0.0053
DTA_GATE_RAMP epoch=18 gate_limit=0.060000
Time:  0.1033 Epoch: 018 Iter:   50/ 600 LR: 0.0000052550 Loss content:  0.0173 Loss fft:  0.8102 Loss dta_rank:  0.0000 Loss dta_tv:  0.0280 Loss dta_proxy:  0.6540 Loss dta_trans:  0.0056 Loss dta_phys:  0.0069 Loss dta_preserve:  0.0060
Time:  0.0968 Epoch: 018 Iter:  100/ 600 LR: 0.0000052550 Loss content:  0.0178 Loss fft:  0.8510 Loss dta_rank:  0.0000 Loss dta_tv:  0.0282 Loss dta_proxy:  0.6425 Loss dta_trans:  0.0055 Loss dta_phys:  0.0063 Loss dta_preserve:  0.0056
Time:  0.0798 Epoch: 018 Iter:  150/ 600 LR: 0.0000052550 Loss content:  0.0165 Loss fft:  0.7720 Loss dta_rank:  0.0000 Loss dta_tv:  0.0293 Loss dta_proxy:  0.6405 Loss dta_trans:  0.0061 Loss dta_phys:  0.0073 Loss dta_preserve:  0.0049
Time:  0.0841 Epoch: 018 Iter:  200/ 600 LR: 0.0000052550 Loss content:  0.0165 Loss fft:  0.8078 Loss dta_rank:  0.0000 Loss dta_tv:  0.0283 Loss dta_proxy:  0.6454 Loss dta_trans:  0.0055 Loss dta_phys:  0.0066 Loss dta_preserve:  0.0038
Time:  0.0884 Epoch: 018 Iter:  250/ 600 LR: 0.0000052550 Loss content:  0.0169 Loss fft:  0.7866 Loss dta_rank:  0.0000 Loss dta_tv:  0.0288 Loss dta_proxy:  0.6548 Loss dta_trans:  0.0060 Loss dta_phys:  0.0070 Loss dta_preserve:  0.0069
Time:  0.0841 Epoch: 018 Iter:  300/ 600 LR: 0.0000052550 Loss content:  0.0168 Loss fft:  0.8119 Loss dta_rank:  0.0000 Loss dta_tv:  0.0284 Loss dta_proxy:  0.6391 Loss dta_trans:  0.0050 Loss dta_phys:  0.0061 Loss dta_preserve:  0.0038
Time:  0.0923 Epoch: 018 Iter:  350/ 600 LR: 0.0000052550 Loss content:  0.0168 Loss fft:  0.7877 Loss dta_rank:  0.0000 Loss dta_tv:  0.0298 Loss dta_proxy:  0.6292 Loss dta_trans:  0.0058 Loss dta_phys:  0.0064 Loss dta_preserve:  0.0051
Time:  0.0869 Epoch: 018 Iter:  400/ 600 LR: 0.0000052550 Loss content:  0.0175 Loss fft:  0.8428 Loss dta_rank:  0.0000 Loss dta_tv:  0.0283 Loss dta_proxy:  0.6483 Loss dta_trans:  0.0051 Loss dta_phys:  0.0074 Loss dta_preserve:  0.0051
Time:  0.0946 Epoch: 018 Iter:  450/ 600 LR: 0.0000052550 Loss content:  0.0169 Loss fft:  0.8085 Loss dta_rank:  0.0000 Loss dta_tv:  0.0297 Loss dta_proxy:  0.6249 Loss dta_trans:  0.0057 Loss dta_phys:  0.0071 Loss dta_preserve:  0.0058
Time:  0.0871 Epoch: 018 Iter:  500/ 600 LR: 0.0000052550 Loss content:  0.0178 Loss fft:  0.8158 Loss dta_rank:  0.0000 Loss dta_tv:  0.0284 Loss dta_proxy:  0.6529 Loss dta_trans:  0.0059 Loss dta_phys:  0.0067 Loss dta_preserve:  0.0066
Time:  0.0854 Epoch: 018 Iter:  550/ 600 LR: 0.0000052550 Loss content:  0.0169 Loss fft:  0.8250 Loss dta_rank:  0.0000 Loss dta_tv:  0.0287 Loss dta_proxy:  0.6379 Loss dta_trans:  0.0050 Loss dta_phys:  0.0068 Loss dta_preserve:  0.0052
Time:  0.0918 Epoch: 018 Iter:  600/ 600 LR: 0.0000052550 Loss content:  0.0176 Loss fft:  0.8656 Loss dta_rank:  0.0000 Loss dta_tv:  0.0296 Loss dta_proxy:  0.6294 Loss dta_trans:  0.0055 Loss dta_phys:  0.0063 Loss dta_preserve:  0.0053
EPOCH: 18
Elapsed time: 1.08 Epoch Pixel Loss:  0.0171 Epoch FFT Loss:  0.8154 Epoch DTA Rank:  0.0000 Epoch DTA TV:  0.0288 Epoch DTA Proxy:  0.6416 Epoch DTA Trans:  0.0056 Epoch DTA Phys:  0.0067 Epoch DTA Preserve:  0.0053
DTA_GATE_RAMP epoch=19 gate_limit=0.060000
Time:  0.0920 Epoch: 019 Iter:   50/ 600 LR: 0.0000025070 Loss content:  0.0170 Loss fft:  0.7994 Loss dta_rank:  0.0000 Loss dta_tv:  0.0281 Loss dta_proxy:  0.6373 Loss dta_trans:  0.0053 Loss dta_phys:  0.0064 Loss dta_preserve:  0.0045
Time:  0.0774 Epoch: 019 Iter:  100/ 600 LR: 0.0000025070 Loss content:  0.0172 Loss fft:  0.7948 Loss dta_rank:  0.0000 Loss dta_tv:  0.0291 Loss dta_proxy:  0.6274 Loss dta_trans:  0.0061 Loss dta_phys:  0.0065 Loss dta_preserve:  0.0054
Time:  0.0713 Epoch: 019 Iter:  150/ 600 LR: 0.0000025070 Loss content:  0.0166 Loss fft:  0.8279 Loss dta_rank:  0.0000 Loss dta_tv:  0.0295 Loss dta_proxy:  0.6289 Loss dta_trans:  0.0057 Loss dta_phys:  0.0061 Loss dta_preserve:  0.0046
Time:  0.0725 Epoch: 019 Iter:  200/ 600 LR: 0.0000025070 Loss content:  0.0173 Loss fft:  0.8601 Loss dta_rank:  0.0000 Loss dta_tv:  0.0289 Loss dta_proxy:  0.6450 Loss dta_trans:  0.0057 Loss dta_phys:  0.0069 Loss dta_preserve:  0.0077
Time:  0.0743 Epoch: 019 Iter:  250/ 600 LR: 0.0000025070 Loss content:  0.0173 Loss fft:  0.8244 Loss dta_rank:  0.0000 Loss dta_tv:  0.0285 Loss dta_proxy:  0.6442 Loss dta_trans:  0.0050 Loss dta_phys:  0.0063 Loss dta_preserve:  0.0047
Time:  0.0769 Epoch: 019 Iter:  300/ 600 LR: 0.0000025070 Loss content:  0.0173 Loss fft:  0.8437 Loss dta_rank:  0.0000 Loss dta_tv:  0.0283 Loss dta_proxy:  0.6529 Loss dta_trans:  0.0054 Loss dta_phys:  0.0071 Loss dta_preserve:  0.0053
Time:  0.0766 Epoch: 019 Iter:  350/ 600 LR: 0.0000025070 Loss content:  0.0173 Loss fft:  0.8139 Loss dta_rank:  0.0000 Loss dta_tv:  0.0296 Loss dta_proxy:  0.6204 Loss dta_trans:  0.0051 Loss dta_phys:  0.0067 Loss dta_preserve:  0.0067
Time:  0.0713 Epoch: 019 Iter:  400/ 600 LR: 0.0000025070 Loss content:  0.0164 Loss fft:  0.7909 Loss dta_rank:  0.0000 Loss dta_tv:  0.0290 Loss dta_proxy:  0.6393 Loss dta_trans:  0.0056 Loss dta_phys:  0.0065 Loss dta_preserve:  0.0052
Time:  0.0738 Epoch: 019 Iter:  450/ 600 LR: 0.0000025070 Loss content:  0.0179 Loss fft:  0.8351 Loss dta_rank:  0.0000 Loss dta_tv:  0.0285 Loss dta_proxy:  0.6591 Loss dta_trans:  0.0049 Loss dta_phys:  0.0063 Loss dta_preserve:  0.0066
Time:  0.0920 Epoch: 019 Iter:  500/ 600 LR: 0.0000025070 Loss content:  0.0174 Loss fft:  0.8087 Loss dta_rank:  0.0000 Loss dta_tv:  0.0285 Loss dta_proxy:  0.6424 Loss dta_trans:  0.0060 Loss dta_phys:  0.0063 Loss dta_preserve:  0.0047
Time:  0.0802 Epoch: 019 Iter:  550/ 600 LR: 0.0000025070 Loss content:  0.0174 Loss fft:  0.8259 Loss dta_rank:  0.0000 Loss dta_tv:  0.0286 Loss dta_proxy:  0.6510 Loss dta_trans:  0.0061 Loss dta_phys:  0.0071 Loss dta_preserve:  0.0053
Time:  0.0889 Epoch: 019 Iter:  600/ 600 LR: 0.0000025070 Loss content:  0.0170 Loss fft:  0.8004 Loss dta_rank:  0.0000 Loss dta_tv:  0.0282 Loss dta_proxy:  0.6475 Loss dta_trans:  0.0053 Loss dta_phys:  0.0070 Loss dta_preserve:  0.0047
EPOCH: 19
Elapsed time: 0.95 Epoch Pixel Loss:  0.0172 Epoch FFT Loss:  0.8188 Epoch DTA Rank:  0.0000 Epoch DTA TV:  0.0287 Epoch DTA Proxy:  0.6413 Epoch DTA Trans:  0.0055 Epoch DTA Phys:  0.0066 Epoch DTA Preserve:  0.0054
DTA_GATE_RAMP epoch=20 gate_limit=0.060000
Time:  0.0925 Epoch: 020 Iter:   50/ 600 LR: 0.0000012125 Loss content:  0.0170 Loss fft:  0.8238 Loss dta_rank:  0.0000 Loss dta_tv:  0.0292 Loss dta_proxy:  0.6412 Loss dta_trans:  0.0062 Loss dta_phys:  0.0065 Loss dta_preserve:  0.0041
Time:  0.0927 Epoch: 020 Iter:  100/ 600 LR: 0.0000012125 Loss content:  0.0167 Loss fft:  0.8251 Loss dta_rank:  0.0000 Loss dta_tv:  0.0290 Loss dta_proxy:  0.6336 Loss dta_trans:  0.0057 Loss dta_phys:  0.0064 Loss dta_preserve:  0.0047
Time:  0.0895 Epoch: 020 Iter:  150/ 600 LR: 0.0000012125 Loss content:  0.0174 Loss fft:  0.8106 Loss dta_rank:  0.0000 Loss dta_tv:  0.0285 Loss dta_proxy:  0.6321 Loss dta_trans:  0.0053 Loss dta_phys:  0.0064 Loss dta_preserve:  0.0060
Time:  0.0938 Epoch: 020 Iter:  200/ 600 LR: 0.0000012125 Loss content:  0.0175 Loss fft:  0.8118 Loss dta_rank:  0.0000 Loss dta_tv:  0.0280 Loss dta_proxy:  0.6579 Loss dta_trans:  0.0057 Loss dta_phys:  0.0074 Loss dta_preserve:  0.0047
Time:  0.0955 Epoch: 020 Iter:  250/ 600 LR: 0.0000012125 Loss content:  0.0173 Loss fft:  0.8507 Loss dta_rank:  0.0000 Loss dta_tv:  0.0282 Loss dta_proxy:  0.6500 Loss dta_trans:  0.0050 Loss dta_phys:  0.0071 Loss dta_preserve:  0.0046
Time:  0.0992 Epoch: 020 Iter:  300/ 600 LR: 0.0000012125 Loss content:  0.0162 Loss fft:  0.7961 Loss dta_rank:  0.0000 Loss dta_tv:  0.0287 Loss dta_proxy:  0.6477 Loss dta_trans:  0.0059 Loss dta_phys:  0.0061 Loss dta_preserve:  0.0045
Time:  0.1016 Epoch: 020 Iter:  350/ 600 LR: 0.0000012125 Loss content:  0.0170 Loss fft:  0.8183 Loss dta_rank:  0.0000 Loss dta_tv:  0.0288 Loss dta_proxy:  0.6552 Loss dta_trans:  0.0052 Loss dta_phys:  0.0056 Loss dta_preserve:  0.0047
Time:  0.1035 Epoch: 020 Iter:  400/ 600 LR: 0.0000012125 Loss content:  0.0179 Loss fft:  0.8159 Loss dta_rank:  0.0000 Loss dta_tv:  0.0286 Loss dta_proxy:  0.6477 Loss dta_trans:  0.0054 Loss dta_phys:  0.0066 Loss dta_preserve:  0.0048
Time:  0.0888 Epoch: 020 Iter:  450/ 600 LR: 0.0000012125 Loss content:  0.0171 Loss fft:  0.8152 Loss dta_rank:  0.0000 Loss dta_tv:  0.0284 Loss dta_proxy:  0.6531 Loss dta_trans:  0.0050 Loss dta_phys:  0.0075 Loss dta_preserve:  0.0049
Time:  0.0728 Epoch: 020 Iter:  500/ 600 LR: 0.0000012125 Loss content:  0.0173 Loss fft:  0.8342 Loss dta_rank:  0.0000 Loss dta_tv:  0.0286 Loss dta_proxy:  0.6447 Loss dta_trans:  0.0049 Loss dta_phys:  0.0067 Loss dta_preserve:  0.0042
Time:  0.0879 Epoch: 020 Iter:  550/ 600 LR: 0.0000012125 Loss content:  0.0174 Loss fft:  0.8212 Loss dta_rank:  0.0000 Loss dta_tv:  0.0290 Loss dta_proxy:  0.6377 Loss dta_trans:  0.0056 Loss dta_phys:  0.0065 Loss dta_preserve:  0.0052
Time:  0.0818 Epoch: 020 Iter:  600/ 600 LR: 0.0000012125 Loss content:  0.0179 Loss fft:  0.8060 Loss dta_rank:  0.0000 Loss dta_tv:  0.0282 Loss dta_proxy:  0.6462 Loss dta_trans:  0.0057 Loss dta_phys:  0.0073 Loss dta_preserve:  0.0062
EPOCH: 20
Elapsed time: 1.11 Epoch Pixel Loss:  0.0172 Epoch FFT Loss:  0.8191 Epoch DTA Rank:  0.0000 Epoch DTA TV:  0.0286 Epoch DTA Proxy:  0.6456 Epoch DTA Trans:  0.0055 Epoch DTA Phys:  0.0067 Epoch DTA Preserve:  0.0049
