Namespace(model_name='ConvIR-Haze4K-DTA-v2-adapter_only-normal-seed3407-f0-scout5', data='Haze4K', version='base', fam_mode='original', arch='dta_v2', seed=3407, mode='train', data_dir='/sda/home/wangyuxin/ConvIR-B/datasets/Haze4K/Haze4K', batch_size=4, learning_rate=0.0001, weight_decay=0.0, num_epoch=5, stop_epoch=5, print_freq=50, num_worker=4, save_freq=1, valid_freq=9999, mod_stats_freq=1, mod_stats_batches=16, grad_clip_norm=0.001, dta_grad_clip_norm=0.05, dta_neighbor_grad_clip_norm=0.005, init_model='/sda/home/wangyuxin/ConvIR-B/checkpoints/official/Haze4K/haze4k-base.pkl', init_model_partial=True, partial_new_prefixes='DTA.', resume='', train_scope='adapter_only', dta_depth_cache_dir='/sda/home/wangyuxin/ConvIR-B/depth_cache/depth_anything_v2_small_hf', dta_train_depth_split='train', dta_eval_depth_split='train', valid_root_split='train', eval_root_split='test', dta_require_depth=True, dta_variant='v2', dta_depth_mode='normal', dta_prior_channels=32, dta_gate_bias=-6.0, dta_gate_limit=0.06, dta_gamma_limit=0.12, dta_beta_limit=0.06, dta_alpha_init=1.0, dta_confidence_floor=0.25, dta_confidence_local_scale=6.0, dta_output_residual_scale=0.03, dta_use_trans_gt=True, dta_trans_weight=0.02, dta_phys_weight=0.005, dta_preserve_weight=0.02, dta_preserve_trans_thresh=0.8, dta_gate_ramp_start=0.01, dta_gate_ramp_mid=0.03, dta_gate_ramp_end=0.06, dta_gate_ramp_warmup_epochs=2, dta_gate_ramp_mid_epochs=8, dta_rank_weight=0.001, dta_tv_weight=0.0001, dta_proxy_weight=0.0, dta_rank_pairs=512, dta_rank_min_depth_gap=0.03, split_json='/sda/home/wangyuxin/ConvIR-B/repos/ConvIR-B-dta-v2-calibrated/experience_docx/experiment_logs/haze4k_dta_v2_calibrated_20260611/dta_v2_haze4k_oof_splits_seed3407.json', split_name='fold0_train', test_model='', save_image=False, leaning_rate=0.0001, model_save_dir='results/ConvIR-Haze4K-DTA-v2-adapter_only-normal-seed3407-f0-scout5/Training-Results/', result_dir='results/ConvIR-Haze4K-DTA-v2-adapter_only-normal-seed3407-f0-scout5/images/Haze4K', init_model_sha256='6f42037d57a4e3de3a10ac0ab909d66a3415864a19433c29204a975f4efa4088')
/sda/home/wangyuxin/ConvIR-B/repos/ConvIR-B-dta-v2-calibrated/Dehazing/ITS/main.py:14: FutureWarning: You are using `torch.load` with `weights_only=False` (the current default value), which uses the default pickle module implicitly. It is possible to construct malicious pickle data which will execute arbitrary code during unpickling (See https://github.com/pytorch/pytorch/blob/main/SECURITY.md#untrusted-models for more details). In a future release, the default value for `weights_only` will be flipped to `True`. This limits the functions that could be executed during unpickling. Arbitrary objects will no longer be allowed to be loaded via this mode unless they are explicitly allowlisted by the user via `torch.serialization.add_safe_globals`. We recommend you start setting `weights_only=True` for any use case where you don't have full control of the loaded file. Please open an issue on GitHub for any issues related to this experimental feature.
  state = torch.load(path, map_location=map_location)
INIT_MODEL_PARTIAL_LOAD path=/sda/home/wangyuxin/ConvIR-B/checkpoints/official/Haze4K/haze4k-base.pkl loaded=602 missing_allowed=25 unexpected=[] allowed_new_prefixes=('DTA.',)
TRAIN_SCOPE scope=adapter_only arch=dta_v2 trainable=74699 total=8705364
/sda/home/wangyuxin/ConvIR-B/envs/convir-cu121/lib/python3.10/site-packages/torch/optim/lr_scheduler.py:224: UserWarning: Detected call of `lr_scheduler.step()` before `optimizer.step()`. In PyTorch 1.1.0 and later, you should call them in the opposite order: `optimizer.step()` before `lr_scheduler.step()`.  Failure to do this will result in PyTorch skipping the first value of the learning rate schedule. See more details at https://pytorch.org/docs/stable/optim.html#how-to-adjust-learning-rate
  warnings.warn(
DTA_GATE_RAMP epoch=1 gate_limit=0.010000
Time:  0.0948 Epoch: 001 Iter:   50/ 600 LR: 0.0000333333 Loss content:  0.0178 Loss fft:  0.8085 Loss dta_rank:  0.6924 Loss dta_tv:  0.0040 Loss dta_proxy:  0.2866 Loss dta_trans:  0.0413 Loss dta_phys:  0.0074 Loss dta_preserve:  0.0053
Time:  0.0784 Epoch: 001 Iter:  100/ 600 LR: 0.0000333333 Loss content:  0.0178 Loss fft:  0.8343 Loss dta_rank:  0.6937 Loss dta_tv:  0.0107 Loss dta_proxy:  0.3410 Loss dta_trans:  0.0354 Loss dta_phys:  0.0094 Loss dta_preserve:  0.0043
Time:  0.0784 Epoch: 001 Iter:  150/ 600 LR: 0.0000333333 Loss content:  0.0173 Loss fft:  0.8405 Loss dta_rank:  0.6979 Loss dta_tv:  0.0148 Loss dta_proxy:  0.3702 Loss dta_trans:  0.0280 Loss dta_phys:  0.0111 Loss dta_preserve:  0.0047
Time:  0.0740 Epoch: 001 Iter:  200/ 600 LR: 0.0000333333 Loss content:  0.0169 Loss fft:  0.8103 Loss dta_rank:  0.7047 Loss dta_tv:  0.0184 Loss dta_proxy:  0.3966 Loss dta_trans:  0.0259 Loss dta_phys:  0.0109 Loss dta_preserve:  0.0040
Time:  0.0778 Epoch: 001 Iter:  250/ 600 LR: 0.0000333333 Loss content:  0.0172 Loss fft:  0.8316 Loss dta_rank:  0.7151 Loss dta_tv:  0.0216 Loss dta_proxy:  0.3780 Loss dta_trans:  0.0236 Loss dta_phys:  0.0091 Loss dta_preserve:  0.0037
Time:  0.0762 Epoch: 001 Iter:  300/ 600 LR: 0.0000333333 Loss content:  0.0175 Loss fft:  0.8647 Loss dta_rank:  0.7254 Loss dta_tv:  0.0261 Loss dta_proxy:  0.3758 Loss dta_trans:  0.0195 Loss dta_phys:  0.0087 Loss dta_preserve:  0.0076
Time:  0.0753 Epoch: 001 Iter:  350/ 600 LR: 0.0000333333 Loss content:  0.0171 Loss fft:  0.8048 Loss dta_rank:  0.7326 Loss dta_tv:  0.0287 Loss dta_proxy:  0.4070 Loss dta_trans:  0.0174 Loss dta_phys:  0.0087 Loss dta_preserve:  0.0046
Time:  0.0752 Epoch: 001 Iter:  400/ 600 LR: 0.0000333333 Loss content:  0.0175 Loss fft:  0.8202 Loss dta_rank:  0.7385 Loss dta_tv:  0.0310 Loss dta_proxy:  0.4183 Loss dta_trans:  0.0145 Loss dta_phys:  0.0090 Loss dta_preserve:  0.0054
Time:  0.0769 Epoch: 001 Iter:  450/ 600 LR: 0.0000333333 Loss content:  0.0170 Loss fft:  0.8021 Loss dta_rank:  0.7479 Loss dta_tv:  0.0325 Loss dta_proxy:  0.4203 Loss dta_trans:  0.0143 Loss dta_phys:  0.0077 Loss dta_preserve:  0.0039
Time:  0.0744 Epoch: 001 Iter:  500/ 600 LR: 0.0000333333 Loss content:  0.0168 Loss fft:  0.8182 Loss dta_rank:  0.7523 Loss dta_tv:  0.0344 Loss dta_proxy:  0.4207 Loss dta_trans:  0.0136 Loss dta_phys:  0.0081 Loss dta_preserve:  0.0068
Time:  0.0778 Epoch: 001 Iter:  550/ 600 LR: 0.0000333333 Loss content:  0.0168 Loss fft:  0.8067 Loss dta_rank:  0.7521 Loss dta_tv:  0.0340 Loss dta_proxy:  0.4483 Loss dta_trans:  0.0129 Loss dta_phys:  0.0084 Loss dta_preserve:  0.0056
Time:  0.0743 Epoch: 001 Iter:  600/ 600 LR: 0.0000333333 Loss content:  0.0175 Loss fft:  0.8351 Loss dta_rank:  0.7532 Loss dta_tv:  0.0351 Loss dta_proxy:  0.4374 Loss dta_trans:  0.0140 Loss dta_phys:  0.0080 Loss dta_preserve:  0.0043
EPOCH: 01
Elapsed time: 0.94 Epoch Pixel Loss:  0.0173 Epoch FFT Loss:  0.8231 Epoch DTA Rank:  0.7255 Epoch DTA TV:  0.0243 Epoch DTA Proxy:  0.3917 Epoch DTA Trans:  0.0217 Epoch DTA Phys:  0.0089 Epoch DTA Preserve:  0.0050
DTA_GATE_RAMP epoch=2 gate_limit=0.010000
Time:  0.0770 Epoch: 002 Iter:   50/ 600 LR: 0.0000666667 Loss content:  0.0175 Loss fft:  0.8078 Loss dta_rank:  0.7539 Loss dta_tv:  0.0350 Loss dta_proxy:  0.4405 Loss dta_trans:  0.0114 Loss dta_phys:  0.0074 Loss dta_preserve:  0.0069
Time:  0.0765 Epoch: 002 Iter:  100/ 600 LR: 0.0000666667 Loss content:  0.0173 Loss fft:  0.8291 Loss dta_rank:  0.7587 Loss dta_tv:  0.0352 Loss dta_proxy:  0.4299 Loss dta_trans:  0.0121 Loss dta_phys:  0.0082 Loss dta_preserve:  0.0049
Time:  0.0735 Epoch: 002 Iter:  150/ 600 LR: 0.0000666667 Loss content:  0.0172 Loss fft:  0.8316 Loss dta_rank:  0.7589 Loss dta_tv:  0.0341 Loss dta_proxy:  0.4475 Loss dta_trans:  0.0111 Loss dta_phys:  0.0063 Loss dta_preserve:  0.0050
Time:  0.0764 Epoch: 002 Iter:  200/ 600 LR: 0.0000666667 Loss content:  0.0168 Loss fft:  0.7834 Loss dta_rank:  0.7583 Loss dta_tv:  0.0352 Loss dta_proxy:  0.3959 Loss dta_trans:  0.0110 Loss dta_phys:  0.0069 Loss dta_preserve:  0.0045
Time:  0.0764 Epoch: 002 Iter:  250/ 600 LR: 0.0000666667 Loss content:  0.0166 Loss fft:  0.8099 Loss dta_rank:  0.7581 Loss dta_tv:  0.0337 Loss dta_proxy:  0.4566 Loss dta_trans:  0.0101 Loss dta_phys:  0.0074 Loss dta_preserve:  0.0051
Time:  0.0750 Epoch: 002 Iter:  300/ 600 LR: 0.0000666667 Loss content:  0.0172 Loss fft:  0.8201 Loss dta_rank:  0.7594 Loss dta_tv:  0.0328 Loss dta_proxy:  0.4342 Loss dta_trans:  0.0106 Loss dta_phys:  0.0072 Loss dta_preserve:  0.0054
Time:  0.0750 Epoch: 002 Iter:  350/ 600 LR: 0.0000666667 Loss content:  0.0166 Loss fft:  0.8174 Loss dta_rank:  0.7620 Loss dta_tv:  0.0331 Loss dta_proxy:  0.4519 Loss dta_trans:  0.0100 Loss dta_phys:  0.0084 Loss dta_preserve:  0.0059
Time:  0.0743 Epoch: 002 Iter:  400/ 600 LR: 0.0000666667 Loss content:  0.0174 Loss fft:  0.8301 Loss dta_rank:  0.7578 Loss dta_tv:  0.0333 Loss dta_proxy:  0.4245 Loss dta_trans:  0.0111 Loss dta_phys:  0.0081 Loss dta_preserve:  0.0046
Time:  0.0734 Epoch: 002 Iter:  450/ 600 LR: 0.0000666667 Loss content:  0.0173 Loss fft:  0.8110 Loss dta_rank:  0.7628 Loss dta_tv:  0.0321 Loss dta_proxy:  0.4478 Loss dta_trans:  0.0096 Loss dta_phys:  0.0078 Loss dta_preserve:  0.0054
Time:  0.0748 Epoch: 002 Iter:  500/ 600 LR: 0.0000666667 Loss content:  0.0171 Loss fft:  0.8070 Loss dta_rank:  0.7634 Loss dta_tv:  0.0326 Loss dta_proxy:  0.4631 Loss dta_trans:  0.0090 Loss dta_phys:  0.0075 Loss dta_preserve:  0.0050
Time:  0.0755 Epoch: 002 Iter:  550/ 600 LR: 0.0000666667 Loss content:  0.0173 Loss fft:  0.8152 Loss dta_rank:  0.7680 Loss dta_tv:  0.0328 Loss dta_proxy:  0.4507 Loss dta_trans:  0.0087 Loss dta_phys:  0.0062 Loss dta_preserve:  0.0044
Time:  0.0724 Epoch: 002 Iter:  600/ 600 LR: 0.0000666667 Loss content:  0.0173 Loss fft:  0.8297 Loss dta_rank:  0.7670 Loss dta_tv:  0.0325 Loss dta_proxy:  0.4549 Loss dta_trans:  0.0083 Loss dta_phys:  0.0068 Loss dta_preserve:  0.0056
EPOCH: 02
Elapsed time: 0.90 Epoch Pixel Loss:  0.0171 Epoch FFT Loss:  0.8160 Epoch DTA Rank:  0.7607 Epoch DTA TV:  0.0335 Epoch DTA Proxy:  0.4415 Epoch DTA Trans:  0.0102 Epoch DTA Phys:  0.0074 Epoch DTA Preserve:  0.0052
DTA_GATE_RAMP epoch=3 gate_limit=0.030000
Time:  0.0775 Epoch: 003 Iter:   50/ 600 LR: 0.0001000000 Loss content:  0.0176 Loss fft:  0.8484 Loss dta_rank:  0.7647 Loss dta_tv:  0.0328 Loss dta_proxy:  0.4308 Loss dta_trans:  0.0087 Loss dta_phys:  0.0070 Loss dta_preserve:  0.0050
Time:  0.0745 Epoch: 003 Iter:  100/ 600 LR: 0.0001000000 Loss content:  0.0177 Loss fft:  0.8280 Loss dta_rank:  0.7665 Loss dta_tv:  0.0326 Loss dta_proxy:  0.4392 Loss dta_trans:  0.0080 Loss dta_phys:  0.0071 Loss dta_preserve:  0.0067
Time:  0.0695 Epoch: 003 Iter:  150/ 600 LR: 0.0001000000 Loss content:  0.0179 Loss fft:  0.8216 Loss dta_rank:  0.7661 Loss dta_tv:  0.0304 Loss dta_proxy:  0.4755 Loss dta_trans:  0.0098 Loss dta_phys:  0.0071 Loss dta_preserve:  0.0060
Time:  0.0638 Epoch: 003 Iter:  200/ 600 LR: 0.0001000000 Loss content:  0.0171 Loss fft:  0.8522 Loss dta_rank:  0.7718 Loss dta_tv:  0.0319 Loss dta_proxy:  0.4457 Loss dta_trans:  0.0081 Loss dta_phys:  0.0072 Loss dta_preserve:  0.0062
Time:  0.0636 Epoch: 003 Iter:  250/ 600 LR: 0.0001000000 Loss content:  0.0163 Loss fft:  0.8213 Loss dta_rank:  0.7773 Loss dta_tv:  0.0325 Loss dta_proxy:  0.4503 Loss dta_trans:  0.0076 Loss dta_phys:  0.0071 Loss dta_preserve:  0.0047
Time:  0.0625 Epoch: 003 Iter:  300/ 600 LR: 0.0001000000 Loss content:  0.0169 Loss fft:  0.7961 Loss dta_rank:  0.7689 Loss dta_tv:  0.0319 Loss dta_proxy:  0.4321 Loss dta_trans:  0.0087 Loss dta_phys:  0.0064 Loss dta_preserve:  0.0051
Time:  0.0642 Epoch: 003 Iter:  350/ 600 LR: 0.0001000000 Loss content:  0.0168 Loss fft:  0.8210 Loss dta_rank:  0.7704 Loss dta_tv:  0.0308 Loss dta_proxy:  0.4726 Loss dta_trans:  0.0093 Loss dta_phys:  0.0072 Loss dta_preserve:  0.0050
Time:  0.0686 Epoch: 003 Iter:  400/ 600 LR: 0.0001000000 Loss content:  0.0174 Loss fft:  0.8530 Loss dta_rank:  0.7704 Loss dta_tv:  0.0317 Loss dta_proxy:  0.4465 Loss dta_trans:  0.0086 Loss dta_phys:  0.0074 Loss dta_preserve:  0.0053
Time:  0.0709 Epoch: 003 Iter:  450/ 600 LR: 0.0001000000 Loss content:  0.0166 Loss fft:  0.8095 Loss dta_rank:  0.7698 Loss dta_tv:  0.0310 Loss dta_proxy:  0.4455 Loss dta_trans:  0.0083 Loss dta_phys:  0.0070 Loss dta_preserve:  0.0050
Time:  0.0747 Epoch: 003 Iter:  500/ 600 LR: 0.0001000000 Loss content:  0.0161 Loss fft:  0.7717 Loss dta_rank:  0.7647 Loss dta_tv:  0.0296 Loss dta_proxy:  0.4515 Loss dta_trans:  0.0075 Loss dta_phys:  0.0068 Loss dta_preserve:  0.0051
Time:  0.0740 Epoch: 003 Iter:  550/ 600 LR: 0.0001000000 Loss content:  0.0175 Loss fft:  0.8225 Loss dta_rank:  0.7698 Loss dta_tv:  0.0309 Loss dta_proxy:  0.4636 Loss dta_trans:  0.0077 Loss dta_phys:  0.0072 Loss dta_preserve:  0.0063
Time:  0.0723 Epoch: 003 Iter:  600/ 600 LR: 0.0001000000 Loss content:  0.0172 Loss fft:  0.8259 Loss dta_rank:  0.7698 Loss dta_tv:  0.0306 Loss dta_proxy:  0.4558 Loss dta_trans:  0.0073 Loss dta_phys:  0.0069 Loss dta_preserve:  0.0047
EPOCH: 03
Elapsed time: 0.84 Epoch Pixel Loss:  0.0171 Epoch FFT Loss:  0.8226 Epoch DTA Rank:  0.7692 Epoch DTA TV:  0.0314 Epoch DTA Proxy:  0.4508 Epoch DTA Trans:  0.0083 Epoch DTA Phys:  0.0070 Epoch DTA Preserve:  0.0054
/sda/home/wangyuxin/ConvIR-B/envs/convir-cu121/lib/python3.10/site-packages/torch/optim/lr_scheduler.py:1087: UserWarning: To get the last learning rate computed by the scheduler, please use `get_last_lr()`.
  _warn_get_lr_called_within_step(self)
DTA_GATE_RAMP epoch=4 gate_limit=0.030000
Time:  0.0785 Epoch: 004 Iter:   50/ 600 LR: 0.0001000000 Loss content:  0.0168 Loss fft:  0.8010 Loss dta_rank:  0.7652 Loss dta_tv:  0.0301 Loss dta_proxy:  0.4528 Loss dta_trans:  0.0091 Loss dta_phys:  0.0076 Loss dta_preserve:  0.0055
Time:  0.0724 Epoch: 004 Iter:  100/ 600 LR: 0.0001000000 Loss content:  0.0165 Loss fft:  0.8165 Loss dta_rank:  0.7717 Loss dta_tv:  0.0300 Loss dta_proxy:  0.4560 Loss dta_trans:  0.0072 Loss dta_phys:  0.0062 Loss dta_preserve:  0.0046
Time:  0.0740 Epoch: 004 Iter:  150/ 600 LR: 0.0001000000 Loss content:  0.0167 Loss fft:  0.8004 Loss dta_rank:  0.7673 Loss dta_tv:  0.0288 Loss dta_proxy:  0.4591 Loss dta_trans:  0.0077 Loss dta_phys:  0.0080 Loss dta_preserve:  0.0051
Time:  0.0740 Epoch: 004 Iter:  200/ 600 LR: 0.0001000000 Loss content:  0.0185 Loss fft:  0.8371 Loss dta_rank:  0.7703 Loss dta_tv:  0.0290 Loss dta_proxy:  0.4485 Loss dta_trans:  0.0074 Loss dta_phys:  0.0064 Loss dta_preserve:  0.0051
Time:  0.0753 Epoch: 004 Iter:  250/ 600 LR: 0.0001000000 Loss content:  0.0176 Loss fft:  0.8211 Loss dta_rank:  0.7738 Loss dta_tv:  0.0299 Loss dta_proxy:  0.4647 Loss dta_trans:  0.0070 Loss dta_phys:  0.0068 Loss dta_preserve:  0.0055
Time:  0.0745 Epoch: 004 Iter:  300/ 600 LR: 0.0001000000 Loss content:  0.0170 Loss fft:  0.8098 Loss dta_rank:  0.7698 Loss dta_tv:  0.0296 Loss dta_proxy:  0.4481 Loss dta_trans:  0.0071 Loss dta_phys:  0.0065 Loss dta_preserve:  0.0049
Time:  0.0788 Epoch: 004 Iter:  350/ 600 LR: 0.0001000000 Loss content:  0.0171 Loss fft:  0.8142 Loss dta_rank:  0.7750 Loss dta_tv:  0.0298 Loss dta_proxy:  0.4476 Loss dta_trans:  0.0073 Loss dta_phys:  0.0071 Loss dta_preserve:  0.0055
Time:  0.0758 Epoch: 004 Iter:  400/ 600 LR: 0.0001000000 Loss content:  0.0174 Loss fft:  0.8280 Loss dta_rank:  0.7731 Loss dta_tv:  0.0292 Loss dta_proxy:  0.4521 Loss dta_trans:  0.0076 Loss dta_phys:  0.0060 Loss dta_preserve:  0.0047
Time:  0.0766 Epoch: 004 Iter:  450/ 600 LR: 0.0001000000 Loss content:  0.0164 Loss fft:  0.8126 Loss dta_rank:  0.7744 Loss dta_tv:  0.0291 Loss dta_proxy:  0.4611 Loss dta_trans:  0.0071 Loss dta_phys:  0.0070 Loss dta_preserve:  0.0053
Time:  0.0746 Epoch: 004 Iter:  500/ 600 LR: 0.0001000000 Loss content:  0.0172 Loss fft:  0.8181 Loss dta_rank:  0.7734 Loss dta_tv:  0.0294 Loss dta_proxy:  0.4629 Loss dta_trans:  0.0074 Loss dta_phys:  0.0075 Loss dta_preserve:  0.0050
Time:  0.0763 Epoch: 004 Iter:  550/ 600 LR: 0.0001000000 Loss content:  0.0178 Loss fft:  0.8239 Loss dta_rank:  0.7722 Loss dta_tv:  0.0296 Loss dta_proxy:  0.4517 Loss dta_trans:  0.0064 Loss dta_phys:  0.0069 Loss dta_preserve:  0.0059
Time:  0.0745 Epoch: 004 Iter:  600/ 600 LR: 0.0001000000 Loss content:  0.0175 Loss fft:  0.8316 Loss dta_rank:  0.7812 Loss dta_tv:  0.0295 Loss dta_proxy:  0.4447 Loss dta_trans:  0.0070 Loss dta_phys:  0.0063 Loss dta_preserve:  0.0046
EPOCH: 04
Elapsed time: 0.91 Epoch Pixel Loss:  0.0172 Epoch FFT Loss:  0.8179 Epoch DTA Rank:  0.7723 Epoch DTA TV:  0.0295 Epoch DTA Proxy:  0.4541 Epoch DTA Trans:  0.0073 Epoch DTA Phys:  0.0068 Epoch DTA Preserve:  0.0051
DTA_GATE_RAMP epoch=5 gate_limit=0.030000
Time:  0.0793 Epoch: 005 Iter:   50/ 600 LR: 0.0000257500 Loss content:  0.0175 Loss fft:  0.8378 Loss dta_rank:  0.7740 Loss dta_tv:  0.0287 Loss dta_proxy:  0.4584 Loss dta_trans:  0.0072 Loss dta_phys:  0.0066 Loss dta_preserve:  0.0045
Time:  0.0777 Epoch: 005 Iter:  100/ 600 LR: 0.0000257500 Loss content:  0.0167 Loss fft:  0.8234 Loss dta_rank:  0.7783 Loss dta_tv:  0.0302 Loss dta_proxy:  0.4307 Loss dta_trans:  0.0067 Loss dta_phys:  0.0068 Loss dta_preserve:  0.0053
Time:  0.0756 Epoch: 005 Iter:  150/ 600 LR: 0.0000257500 Loss content:  0.0167 Loss fft:  0.8058 Loss dta_rank:  0.7731 Loss dta_tv:  0.0289 Loss dta_proxy:  0.4593 Loss dta_trans:  0.0065 Loss dta_phys:  0.0061 Loss dta_preserve:  0.0060
Time:  0.0730 Epoch: 005 Iter:  200/ 600 LR: 0.0000257500 Loss content:  0.0172 Loss fft:  0.8008 Loss dta_rank:  0.7725 Loss dta_tv:  0.0295 Loss dta_proxy:  0.4409 Loss dta_trans:  0.0076 Loss dta_phys:  0.0058 Loss dta_preserve:  0.0054
Time:  0.0755 Epoch: 005 Iter:  250/ 600 LR: 0.0000257500 Loss content:  0.0174 Loss fft:  0.8270 Loss dta_rank:  0.7740 Loss dta_tv:  0.0290 Loss dta_proxy:  0.4599 Loss dta_trans:  0.0067 Loss dta_phys:  0.0070 Loss dta_preserve:  0.0048
Time:  0.0767 Epoch: 005 Iter:  300/ 600 LR: 0.0000257500 Loss content:  0.0173 Loss fft:  0.8230 Loss dta_rank:  0.7761 Loss dta_tv:  0.0292 Loss dta_proxy:  0.4374 Loss dta_trans:  0.0070 Loss dta_phys:  0.0067 Loss dta_preserve:  0.0043
Time:  0.0767 Epoch: 005 Iter:  350/ 600 LR: 0.0000257500 Loss content:  0.0176 Loss fft:  0.8089 Loss dta_rank:  0.7771 Loss dta_tv:  0.0292 Loss dta_proxy:  0.4452 Loss dta_trans:  0.0070 Loss dta_phys:  0.0062 Loss dta_preserve:  0.0053
Time:  0.0767 Epoch: 005 Iter:  400/ 600 LR: 0.0000257500 Loss content:  0.0173 Loss fft:  0.8145 Loss dta_rank:  0.7718 Loss dta_tv:  0.0276 Loss dta_proxy:  0.4655 Loss dta_trans:  0.0075 Loss dta_phys:  0.0083 Loss dta_preserve:  0.0050
Time:  0.0762 Epoch: 005 Iter:  450/ 600 LR: 0.0000257500 Loss content:  0.0171 Loss fft:  0.8366 Loss dta_rank:  0.7757 Loss dta_tv:  0.0286 Loss dta_proxy:  0.4545 Loss dta_trans:  0.0067 Loss dta_phys:  0.0061 Loss dta_preserve:  0.0043
Time:  0.0763 Epoch: 005 Iter:  500/ 600 LR: 0.0000257500 Loss content:  0.0167 Loss fft:  0.8069 Loss dta_rank:  0.7660 Loss dta_tv:  0.0266 Loss dta_proxy:  0.4718 Loss dta_trans:  0.0062 Loss dta_phys:  0.0066 Loss dta_preserve:  0.0046
Time:  0.0740 Epoch: 005 Iter:  550/ 600 LR: 0.0000257500 Loss content:  0.0166 Loss fft:  0.7981 Loss dta_rank:  0.7714 Loss dta_tv:  0.0282 Loss dta_proxy:  0.4654 Loss dta_trans:  0.0074 Loss dta_phys:  0.0080 Loss dta_preserve:  0.0046
Time:  0.0764 Epoch: 005 Iter:  600/ 600 LR: 0.0000257500 Loss content:  0.0168 Loss fft:  0.7953 Loss dta_rank:  0.7684 Loss dta_tv:  0.0281 Loss dta_proxy:  0.4604 Loss dta_trans:  0.0067 Loss dta_phys:  0.0072 Loss dta_preserve:  0.0042
EPOCH: 05
Elapsed time: 0.92 Epoch Pixel Loss:  0.0171 Epoch FFT Loss:  0.8148 Epoch DTA Rank:  0.7732 Epoch DTA TV:  0.0287 Epoch DTA Proxy:  0.4541 Epoch DTA Trans:  0.0069 Epoch DTA Phys:  0.0068 Epoch DTA Preserve:  0.0049
