Namespace(model_name='ConvIR-Haze4K-DTA-v2-adapter_only-zero-seed3413-f4-oof20', data='Haze4K', version='base', fam_mode='original', arch='dta_v2', seed=3413, mode='train', data_dir='/sda/home/wangyuxin/ConvIR-B/datasets/Haze4K/Haze4K', batch_size=4, learning_rate=0.0001, weight_decay=0.0, num_epoch=20, stop_epoch=20, print_freq=50, num_worker=4, save_freq=5, valid_freq=9999, mod_stats_freq=5, mod_stats_batches=16, grad_clip_norm=0.001, dta_grad_clip_norm=0.05, dta_neighbor_grad_clip_norm=0.005, init_model='/sda/home/wangyuxin/ConvIR-B/checkpoints/official/Haze4K/haze4k-base.pkl', init_model_partial=True, partial_new_prefixes='DTA.', resume='', train_scope='adapter_only', dta_depth_cache_dir='/sda/home/wangyuxin/ConvIR-B/depth_cache/depth_anything_v2_small_hf', dta_train_depth_split='train', dta_eval_depth_split='train', valid_root_split='train', eval_root_split='test', dta_require_depth=True, dta_variant='v2', dta_depth_mode='zero', dta_prior_channels=32, dta_gate_bias=-6.0, dta_gate_limit=0.06, dta_gamma_limit=0.12, dta_beta_limit=0.06, dta_alpha_init=1.0, dta_confidence_floor=0.25, dta_confidence_local_scale=6.0, dta_output_residual_scale=0.03, dta_use_trans_gt=True, dta_trans_weight=0.02, dta_phys_weight=0.005, dta_preserve_weight=0.02, dta_preserve_trans_thresh=0.8, dta_gate_ramp_start=0.01, dta_gate_ramp_mid=0.03, dta_gate_ramp_end=0.06, dta_gate_ramp_warmup_epochs=2, dta_gate_ramp_mid_epochs=8, dta_rank_weight=0.001, dta_tv_weight=0.0001, dta_proxy_weight=0.0, dta_rank_pairs=512, dta_rank_min_depth_gap=0.03, split_json='/sda/home/wangyuxin/ConvIR-B/repos/ConvIR-B-dta-v2-calibrated/experience_docx/experiment_logs/haze4k_dta_v2_calibrated_20260611/dta_v2_haze4k_oof_splits_seed3407.json', split_name='fold4_train', test_model='', save_image=False, leaning_rate=0.0001, model_save_dir='results/ConvIR-Haze4K-DTA-v2-adapter_only-zero-seed3413-f4-oof20/Training-Results/', result_dir='results/ConvIR-Haze4K-DTA-v2-adapter_only-zero-seed3413-f4-oof20/images/Haze4K', init_model_sha256='6f42037d57a4e3de3a10ac0ab909d66a3415864a19433c29204a975f4efa4088')
/sda/home/wangyuxin/ConvIR-B/repos/ConvIR-B-dta-v2-calibrated/Dehazing/ITS/main.py:14: FutureWarning: You are using `torch.load` with `weights_only=False` (the current default value), which uses the default pickle module implicitly. It is possible to construct malicious pickle data which will execute arbitrary code during unpickling (See https://github.com/pytorch/pytorch/blob/main/SECURITY.md#untrusted-models for more details). In a future release, the default value for `weights_only` will be flipped to `True`. This limits the functions that could be executed during unpickling. Arbitrary objects will no longer be allowed to be loaded via this mode unless they are explicitly allowlisted by the user via `torch.serialization.add_safe_globals`. We recommend you start setting `weights_only=True` for any use case where you don't have full control of the loaded file. Please open an issue on GitHub for any issues related to this experimental feature.
  state = torch.load(path, map_location=map_location)
INIT_MODEL_PARTIAL_LOAD path=/sda/home/wangyuxin/ConvIR-B/checkpoints/official/Haze4K/haze4k-base.pkl loaded=602 missing_allowed=25 unexpected=[] allowed_new_prefixes=('DTA.',)
TRAIN_SCOPE scope=adapter_only arch=dta_v2 trainable=74699 total=8705364
/sda/home/wangyuxin/ConvIR-B/envs/convir-cu121/lib/python3.10/site-packages/torch/optim/lr_scheduler.py:224: UserWarning: Detected call of `lr_scheduler.step()` before `optimizer.step()`. In PyTorch 1.1.0 and later, you should call them in the opposite order: `optimizer.step()` before `lr_scheduler.step()`.  Failure to do this will result in PyTorch skipping the first value of the learning rate schedule. See more details at https://pytorch.org/docs/stable/optim.html#how-to-adjust-learning-rate
  warnings.warn(
DTA_GATE_RAMP epoch=1 gate_limit=0.010000
Time:  0.1019 Epoch: 001 Iter:   50/ 600 LR: 0.0000333333 Loss content:  0.0163 Loss fft:  0.7947 Loss dta_rank:  0.0000 Loss dta_tv:  0.0039 Loss dta_proxy:  0.5261 Loss dta_trans:  0.0397 Loss dta_phys:  0.0068 Loss dta_preserve:  0.0045
Time:  0.0666 Epoch: 001 Iter:  100/ 600 LR: 0.0000333333 Loss content:  0.0175 Loss fft:  0.8246 Loss dta_rank:  0.0000 Loss dta_tv:  0.0097 Loss dta_proxy:  0.5659 Loss dta_trans:  0.0385 Loss dta_phys:  0.0086 Loss dta_preserve:  0.0050
Time:  0.0630 Epoch: 001 Iter:  150/ 600 LR: 0.0000333333 Loss content:  0.0171 Loss fft:  0.8008 Loss dta_rank:  0.0000 Loss dta_tv:  0.0144 Loss dta_proxy:  0.6070 Loss dta_trans:  0.0344 Loss dta_phys:  0.0100 Loss dta_preserve:  0.0058
Time:  0.0698 Epoch: 001 Iter:  200/ 600 LR: 0.0000333333 Loss content:  0.0173 Loss fft:  0.8278 Loss dta_rank:  0.0000 Loss dta_tv:  0.0176 Loss dta_proxy:  0.6232 Loss dta_trans:  0.0304 Loss dta_phys:  0.0114 Loss dta_preserve:  0.0050
Time:  0.0730 Epoch: 001 Iter:  250/ 600 LR: 0.0000333333 Loss content:  0.0170 Loss fft:  0.8166 Loss dta_rank:  0.0000 Loss dta_tv:  0.0193 Loss dta_proxy:  0.6120 Loss dta_trans:  0.0301 Loss dta_phys:  0.0109 Loss dta_preserve:  0.0052
Time:  0.0711 Epoch: 001 Iter:  300/ 600 LR: 0.0000333333 Loss content:  0.0167 Loss fft:  0.8050 Loss dta_rank:  0.0000 Loss dta_tv:  0.0231 Loss dta_proxy:  0.6245 Loss dta_trans:  0.0240 Loss dta_phys:  0.0106 Loss dta_preserve:  0.0049
Time:  0.0714 Epoch: 001 Iter:  350/ 600 LR: 0.0000333333 Loss content:  0.0170 Loss fft:  0.8378 Loss dta_rank:  0.0000 Loss dta_tv:  0.0275 Loss dta_proxy:  0.6367 Loss dta_trans:  0.0196 Loss dta_phys:  0.0087 Loss dta_preserve:  0.0066
Time:  0.0722 Epoch: 001 Iter:  400/ 600 LR: 0.0000333333 Loss content:  0.0163 Loss fft:  0.7977 Loss dta_rank:  0.0000 Loss dta_tv:  0.0319 Loss dta_proxy:  0.6285 Loss dta_trans:  0.0171 Loss dta_phys:  0.0082 Loss dta_preserve:  0.0047
Time:  0.0725 Epoch: 001 Iter:  450/ 600 LR: 0.0000333333 Loss content:  0.0173 Loss fft:  0.8389 Loss dta_rank:  0.0000 Loss dta_tv:  0.0356 Loss dta_proxy:  0.6238 Loss dta_trans:  0.0145 Loss dta_phys:  0.0065 Loss dta_preserve:  0.0049
Time:  0.0739 Epoch: 001 Iter:  500/ 600 LR: 0.0000333333 Loss content:  0.0176 Loss fft:  0.8195 Loss dta_rank:  0.0000 Loss dta_tv:  0.0379 Loss dta_proxy:  0.6456 Loss dta_trans:  0.0121 Loss dta_phys:  0.0077 Loss dta_preserve:  0.0059
Time:  0.0731 Epoch: 001 Iter:  550/ 600 LR: 0.0000333333 Loss content:  0.0177 Loss fft:  0.8490 Loss dta_rank:  0.0000 Loss dta_tv:  0.0381 Loss dta_proxy:  0.6393 Loss dta_trans:  0.0111 Loss dta_phys:  0.0073 Loss dta_preserve:  0.0040
Time:  0.0692 Epoch: 001 Iter:  600/ 600 LR: 0.0000333333 Loss content:  0.0174 Loss fft:  0.8330 Loss dta_rank:  0.0000 Loss dta_tv:  0.0379 Loss dta_proxy:  0.6639 Loss dta_trans:  0.0112 Loss dta_phys:  0.0078 Loss dta_preserve:  0.0061
EPOCH: 01
Elapsed time: 0.88 Epoch Pixel Loss:  0.0171 Epoch FFT Loss:  0.8204 Epoch DTA Rank:  0.0000 Epoch DTA TV:  0.0247 Epoch DTA Proxy:  0.6164 Epoch DTA Trans:  0.0235 Epoch DTA Phys:  0.0087 Epoch DTA Preserve:  0.0052
DTA_GATE_RAMP epoch=2 gate_limit=0.010000
Time:  0.0741 Epoch: 002 Iter:   50/ 600 LR: 0.0000666667 Loss content:  0.0176 Loss fft:  0.8389 Loss dta_rank:  0.0000 Loss dta_tv:  0.0396 Loss dta_proxy:  0.6471 Loss dta_trans:  0.0115 Loss dta_phys:  0.0076 Loss dta_preserve:  0.0046
Time:  0.0712 Epoch: 002 Iter:  100/ 600 LR: 0.0000666667 Loss content:  0.0177 Loss fft:  0.8303 Loss dta_rank:  0.0000 Loss dta_tv:  0.0398 Loss dta_proxy:  0.6488 Loss dta_trans:  0.0103 Loss dta_phys:  0.0076 Loss dta_preserve:  0.0060
Time:  0.0747 Epoch: 002 Iter:  150/ 600 LR: 0.0000666667 Loss content:  0.0178 Loss fft:  0.8432 Loss dta_rank:  0.0000 Loss dta_tv:  0.0397 Loss dta_proxy:  0.6277 Loss dta_trans:  0.0102 Loss dta_phys:  0.0071 Loss dta_preserve:  0.0048
Time:  0.0735 Epoch: 002 Iter:  200/ 600 LR: 0.0000666667 Loss content:  0.0166 Loss fft:  0.8344 Loss dta_rank:  0.0000 Loss dta_tv:  0.0399 Loss dta_proxy:  0.6398 Loss dta_trans:  0.0098 Loss dta_phys:  0.0075 Loss dta_preserve:  0.0056
Time:  0.0726 Epoch: 002 Iter:  250/ 600 LR: 0.0000666667 Loss content:  0.0177 Loss fft:  0.8127 Loss dta_rank:  0.0000 Loss dta_tv:  0.0398 Loss dta_proxy:  0.6284 Loss dta_trans:  0.0097 Loss dta_phys:  0.0065 Loss dta_preserve:  0.0046
Time:  0.0723 Epoch: 002 Iter:  300/ 600 LR: 0.0000666667 Loss content:  0.0168 Loss fft:  0.8082 Loss dta_rank:  0.0000 Loss dta_tv:  0.0392 Loss dta_proxy:  0.6243 Loss dta_trans:  0.0103 Loss dta_phys:  0.0063 Loss dta_preserve:  0.0048
Time:  0.0743 Epoch: 002 Iter:  350/ 600 LR: 0.0000666667 Loss content:  0.0175 Loss fft:  0.8415 Loss dta_rank:  0.0000 Loss dta_tv:  0.0375 Loss dta_proxy:  0.6402 Loss dta_trans:  0.0090 Loss dta_phys:  0.0067 Loss dta_preserve:  0.0051
Time:  0.0737 Epoch: 002 Iter:  400/ 600 LR: 0.0000666667 Loss content:  0.0171 Loss fft:  0.7994 Loss dta_rank:  0.0000 Loss dta_tv:  0.0374 Loss dta_proxy:  0.6284 Loss dta_trans:  0.0085 Loss dta_phys:  0.0071 Loss dta_preserve:  0.0057
Time:  0.0723 Epoch: 002 Iter:  450/ 600 LR: 0.0000666667 Loss content:  0.0170 Loss fft:  0.8192 Loss dta_rank:  0.0000 Loss dta_tv:  0.0393 Loss dta_proxy:  0.6347 Loss dta_trans:  0.0094 Loss dta_phys:  0.0062 Loss dta_preserve:  0.0052
Time:  0.0699 Epoch: 002 Iter:  500/ 600 LR: 0.0000666667 Loss content:  0.0179 Loss fft:  0.8568 Loss dta_rank:  0.0000 Loss dta_tv:  0.0369 Loss dta_proxy:  0.6712 Loss dta_trans:  0.0077 Loss dta_phys:  0.0066 Loss dta_preserve:  0.0072
Time:  0.0718 Epoch: 002 Iter:  550/ 600 LR: 0.0000666667 Loss content:  0.0172 Loss fft:  0.8352 Loss dta_rank:  0.0000 Loss dta_tv:  0.0381 Loss dta_proxy:  0.6436 Loss dta_trans:  0.0079 Loss dta_phys:  0.0069 Loss dta_preserve:  0.0050
Time:  0.0707 Epoch: 002 Iter:  600/ 600 LR: 0.0000666667 Loss content:  0.0172 Loss fft:  0.7889 Loss dta_rank:  0.0000 Loss dta_tv:  0.0375 Loss dta_proxy:  0.6383 Loss dta_trans:  0.0077 Loss dta_phys:  0.0068 Loss dta_preserve:  0.0050
EPOCH: 02
Elapsed time: 0.87 Epoch Pixel Loss:  0.0173 Epoch FFT Loss:  0.8257 Epoch DTA Rank:  0.0000 Epoch DTA TV:  0.0387 Epoch DTA Proxy:  0.6394 Epoch DTA Trans:  0.0093 Epoch DTA Phys:  0.0069 Epoch DTA Preserve:  0.0053
DTA_GATE_RAMP epoch=3 gate_limit=0.030000
Time:  0.0747 Epoch: 003 Iter:   50/ 600 LR: 0.0001000000 Loss content:  0.0178 Loss fft:  0.8408 Loss dta_rank:  0.0000 Loss dta_tv:  0.0359 Loss dta_proxy:  0.6505 Loss dta_trans:  0.0080 Loss dta_phys:  0.0066 Loss dta_preserve:  0.0057
Time:  0.0715 Epoch: 003 Iter:  100/ 600 LR: 0.0001000000 Loss content:  0.0170 Loss fft:  0.7916 Loss dta_rank:  0.0000 Loss dta_tv:  0.0360 Loss dta_proxy:  0.6363 Loss dta_trans:  0.0082 Loss dta_phys:  0.0070 Loss dta_preserve:  0.0054
Time:  0.0728 Epoch: 003 Iter:  150/ 600 LR: 0.0001000000 Loss content:  0.0171 Loss fft:  0.8176 Loss dta_rank:  0.0000 Loss dta_tv:  0.0368 Loss dta_proxy:  0.6461 Loss dta_trans:  0.0069 Loss dta_phys:  0.0067 Loss dta_preserve:  0.0046
Time:  0.0728 Epoch: 003 Iter:  200/ 600 LR: 0.0001000000 Loss content:  0.0170 Loss fft:  0.8382 Loss dta_rank:  0.0000 Loss dta_tv:  0.0376 Loss dta_proxy:  0.6486 Loss dta_trans:  0.0081 Loss dta_phys:  0.0071 Loss dta_preserve:  0.0056
Time:  0.0750 Epoch: 003 Iter:  250/ 600 LR: 0.0001000000 Loss content:  0.0179 Loss fft:  0.8360 Loss dta_rank:  0.0000 Loss dta_tv:  0.0362 Loss dta_proxy:  0.6278 Loss dta_trans:  0.0088 Loss dta_phys:  0.0061 Loss dta_preserve:  0.0057
Time:  0.0753 Epoch: 003 Iter:  300/ 600 LR: 0.0001000000 Loss content:  0.0170 Loss fft:  0.8095 Loss dta_rank:  0.0000 Loss dta_tv:  0.0348 Loss dta_proxy:  0.6487 Loss dta_trans:  0.0086 Loss dta_phys:  0.0076 Loss dta_preserve:  0.0058
Time:  0.0717 Epoch: 003 Iter:  350/ 600 LR: 0.0001000000 Loss content:  0.0176 Loss fft:  0.8418 Loss dta_rank:  0.0000 Loss dta_tv:  0.0358 Loss dta_proxy:  0.6553 Loss dta_trans:  0.0082 Loss dta_phys:  0.0079 Loss dta_preserve:  0.0049
Time:  0.0735 Epoch: 003 Iter:  400/ 600 LR: 0.0001000000 Loss content:  0.0171 Loss fft:  0.8222 Loss dta_rank:  0.0000 Loss dta_tv:  0.0364 Loss dta_proxy:  0.6356 Loss dta_trans:  0.0074 Loss dta_phys:  0.0063 Loss dta_preserve:  0.0052
Time:  0.0732 Epoch: 003 Iter:  450/ 600 LR: 0.0001000000 Loss content:  0.0168 Loss fft:  0.8114 Loss dta_rank:  0.0000 Loss dta_tv:  0.0355 Loss dta_proxy:  0.6420 Loss dta_trans:  0.0071 Loss dta_phys:  0.0059 Loss dta_preserve:  0.0047
Time:  0.0719 Epoch: 003 Iter:  500/ 600 LR: 0.0001000000 Loss content:  0.0174 Loss fft:  0.8324 Loss dta_rank:  0.0000 Loss dta_tv:  0.0344 Loss dta_proxy:  0.6582 Loss dta_trans:  0.0069 Loss dta_phys:  0.0064 Loss dta_preserve:  0.0043
Time:  0.0730 Epoch: 003 Iter:  550/ 600 LR: 0.0001000000 Loss content:  0.0169 Loss fft:  0.7812 Loss dta_rank:  0.0000 Loss dta_tv:  0.0349 Loss dta_proxy:  0.6441 Loss dta_trans:  0.0069 Loss dta_phys:  0.0067 Loss dta_preserve:  0.0051
Time:  0.0684 Epoch: 003 Iter:  600/ 600 LR: 0.0001000000 Loss content:  0.0172 Loss fft:  0.7955 Loss dta_rank:  0.0000 Loss dta_tv:  0.0354 Loss dta_proxy:  0.6251 Loss dta_trans:  0.0076 Loss dta_phys:  0.0074 Loss dta_preserve:  0.0060
EPOCH: 03
Elapsed time: 0.88 Epoch Pixel Loss:  0.0172 Epoch FFT Loss:  0.8182 Epoch DTA Rank:  0.0000 Epoch DTA TV:  0.0358 Epoch DTA Proxy:  0.6432 Epoch DTA Trans:  0.0077 Epoch DTA Phys:  0.0068 Epoch DTA Preserve:  0.0053
/sda/home/wangyuxin/ConvIR-B/envs/convir-cu121/lib/python3.10/site-packages/torch/optim/lr_scheduler.py:1087: UserWarning: To get the last learning rate computed by the scheduler, please use `get_last_lr()`.
  _warn_get_lr_called_within_step(self)
DTA_GATE_RAMP epoch=4 gate_limit=0.030000
Time:  0.0745 Epoch: 004 Iter:   50/ 600 LR: 0.0001000000 Loss content:  0.0163 Loss fft:  0.8047 Loss dta_rank:  0.0000 Loss dta_tv:  0.0349 Loss dta_proxy:  0.6381 Loss dta_trans:  0.0061 Loss dta_phys:  0.0069 Loss dta_preserve:  0.0047
Time:  0.0743 Epoch: 004 Iter:  100/ 600 LR: 0.0001000000 Loss content:  0.0182 Loss fft:  0.8597 Loss dta_rank:  0.0000 Loss dta_tv:  0.0345 Loss dta_proxy:  0.6595 Loss dta_trans:  0.0064 Loss dta_phys:  0.0061 Loss dta_preserve:  0.0044
Time:  0.0714 Epoch: 004 Iter:  150/ 600 LR: 0.0001000000 Loss content:  0.0170 Loss fft:  0.8109 Loss dta_rank:  0.0000 Loss dta_tv:  0.0345 Loss dta_proxy:  0.6293 Loss dta_trans:  0.0076 Loss dta_phys:  0.0072 Loss dta_preserve:  0.0053
Time:  0.0699 Epoch: 004 Iter:  200/ 600 LR: 0.0001000000 Loss content:  0.0174 Loss fft:  0.8177 Loss dta_rank:  0.0000 Loss dta_tv:  0.0337 Loss dta_proxy:  0.6422 Loss dta_trans:  0.0071 Loss dta_phys:  0.0071 Loss dta_preserve:  0.0047
Time:  0.0615 Epoch: 004 Iter:  250/ 600 LR: 0.0001000000 Loss content:  0.0174 Loss fft:  0.8500 Loss dta_rank:  0.0000 Loss dta_tv:  0.0334 Loss dta_proxy:  0.6564 Loss dta_trans:  0.0061 Loss dta_phys:  0.0065 Loss dta_preserve:  0.0050
Time:  0.0670 Epoch: 004 Iter:  300/ 600 LR: 0.0001000000 Loss content:  0.0168 Loss fft:  0.8020 Loss dta_rank:  0.0000 Loss dta_tv:  0.0343 Loss dta_proxy:  0.6211 Loss dta_trans:  0.0069 Loss dta_phys:  0.0061 Loss dta_preserve:  0.0053
Time:  0.0737 Epoch: 004 Iter:  350/ 600 LR: 0.0001000000 Loss content:  0.0167 Loss fft:  0.8033 Loss dta_rank:  0.0000 Loss dta_tv:  0.0334 Loss dta_proxy:  0.6469 Loss dta_trans:  0.0071 Loss dta_phys:  0.0070 Loss dta_preserve:  0.0049
Time:  0.0590 Epoch: 004 Iter:  400/ 600 LR: 0.0001000000 Loss content:  0.0173 Loss fft:  0.8142 Loss dta_rank:  0.0000 Loss dta_tv:  0.0323 Loss dta_proxy:  0.6576 Loss dta_trans:  0.0065 Loss dta_phys:  0.0064 Loss dta_preserve:  0.0044
Time:  0.0607 Epoch: 004 Iter:  450/ 600 LR: 0.0001000000 Loss content:  0.0170 Loss fft:  0.8455 Loss dta_rank:  0.0000 Loss dta_tv:  0.0347 Loss dta_proxy:  0.5998 Loss dta_trans:  0.0076 Loss dta_phys:  0.0066 Loss dta_preserve:  0.0054
Time:  0.0598 Epoch: 004 Iter:  500/ 600 LR: 0.0001000000 Loss content:  0.0171 Loss fft:  0.8127 Loss dta_rank:  0.0000 Loss dta_tv:  0.0332 Loss dta_proxy:  0.6484 Loss dta_trans:  0.0073 Loss dta_phys:  0.0072 Loss dta_preserve:  0.0059
Time:  0.0716 Epoch: 004 Iter:  550/ 600 LR: 0.0001000000 Loss content:  0.0168 Loss fft:  0.8241 Loss dta_rank:  0.0000 Loss dta_tv:  0.0327 Loss dta_proxy:  0.6647 Loss dta_trans:  0.0070 Loss dta_phys:  0.0066 Loss dta_preserve:  0.0097
Time:  0.0626 Epoch: 004 Iter:  600/ 600 LR: 0.0001000000 Loss content:  0.0168 Loss fft:  0.8041 Loss dta_rank:  0.0000 Loss dta_tv:  0.0335 Loss dta_proxy:  0.6361 Loss dta_trans:  0.0076 Loss dta_phys:  0.0067 Loss dta_preserve:  0.0047
EPOCH: 04
Elapsed time: 0.81 Epoch Pixel Loss:  0.0171 Epoch FFT Loss:  0.8207 Epoch DTA Rank:  0.0000 Epoch DTA TV:  0.0338 Epoch DTA Proxy:  0.6417 Epoch DTA Trans:  0.0069 Epoch DTA Phys:  0.0067 Epoch DTA Preserve:  0.0054
DTA_GATE_RAMP epoch=5 gate_limit=0.030000
Time:  0.0745 Epoch: 005 Iter:   50/ 600 LR: 0.0000983215 Loss content:  0.0175 Loss fft:  0.8338 Loss dta_rank:  0.0000 Loss dta_tv:  0.0329 Loss dta_proxy:  0.6268 Loss dta_trans:  0.0072 Loss dta_phys:  0.0064 Loss dta_preserve:  0.0043
Time:  0.0725 Epoch: 005 Iter:  100/ 600 LR: 0.0000983215 Loss content:  0.0174 Loss fft:  0.8335 Loss dta_rank:  0.0000 Loss dta_tv:  0.0337 Loss dta_proxy:  0.6303 Loss dta_trans:  0.0071 Loss dta_phys:  0.0066 Loss dta_preserve:  0.0055
Time:  0.0739 Epoch: 005 Iter:  150/ 600 LR: 0.0000983215 Loss content:  0.0166 Loss fft:  0.8145 Loss dta_rank:  0.0000 Loss dta_tv:  0.0324 Loss dta_proxy:  0.6502 Loss dta_trans:  0.0063 Loss dta_phys:  0.0070 Loss dta_preserve:  0.0046
Time:  0.0771 Epoch: 005 Iter:  200/ 600 LR: 0.0000983215 Loss content:  0.0174 Loss fft:  0.8217 Loss dta_rank:  0.0000 Loss dta_tv:  0.0321 Loss dta_proxy:  0.6366 Loss dta_trans:  0.0070 Loss dta_phys:  0.0066 Loss dta_preserve:  0.0042
Time:  0.0749 Epoch: 005 Iter:  250/ 600 LR: 0.0000983215 Loss content:  0.0169 Loss fft:  0.8037 Loss dta_rank:  0.0000 Loss dta_tv:  0.0332 Loss dta_proxy:  0.6435 Loss dta_trans:  0.0065 Loss dta_phys:  0.0072 Loss dta_preserve:  0.0047
Time:  0.0686 Epoch: 005 Iter:  300/ 600 LR: 0.0000983215 Loss content:  0.0170 Loss fft:  0.7938 Loss dta_rank:  0.0000 Loss dta_tv:  0.0337 Loss dta_proxy:  0.6331 Loss dta_trans:  0.0071 Loss dta_phys:  0.0071 Loss dta_preserve:  0.0048
Time:  0.0598 Epoch: 005 Iter:  350/ 600 LR: 0.0000983215 Loss content:  0.0173 Loss fft:  0.7973 Loss dta_rank:  0.0000 Loss dta_tv:  0.0326 Loss dta_proxy:  0.6388 Loss dta_trans:  0.0069 Loss dta_phys:  0.0073 Loss dta_preserve:  0.0061
Time:  0.0743 Epoch: 005 Iter:  400/ 600 LR: 0.0000983215 Loss content:  0.0177 Loss fft:  0.8403 Loss dta_rank:  0.0000 Loss dta_tv:  0.0326 Loss dta_proxy:  0.6441 Loss dta_trans:  0.0066 Loss dta_phys:  0.0070 Loss dta_preserve:  0.0046
Time:  0.0703 Epoch: 005 Iter:  450/ 600 LR: 0.0000983215 Loss content:  0.0174 Loss fft:  0.8233 Loss dta_rank:  0.0000 Loss dta_tv:  0.0321 Loss dta_proxy:  0.6485 Loss dta_trans:  0.0064 Loss dta_phys:  0.0068 Loss dta_preserve:  0.0059
Time:  0.0704 Epoch: 005 Iter:  500/ 600 LR: 0.0000983215 Loss content:  0.0173 Loss fft:  0.8305 Loss dta_rank:  0.0000 Loss dta_tv:  0.0319 Loss dta_proxy:  0.6595 Loss dta_trans:  0.0055 Loss dta_phys:  0.0062 Loss dta_preserve:  0.0063
Time:  0.0731 Epoch: 005 Iter:  550/ 600 LR: 0.0000983215 Loss content:  0.0174 Loss fft:  0.8343 Loss dta_rank:  0.0000 Loss dta_tv:  0.0315 Loss dta_proxy:  0.6592 Loss dta_trans:  0.0062 Loss dta_phys:  0.0068 Loss dta_preserve:  0.0050
Time:  0.0730 Epoch: 005 Iter:  600/ 600 LR: 0.0000983215 Loss content:  0.0166 Loss fft:  0.8006 Loss dta_rank:  0.0000 Loss dta_tv:  0.0329 Loss dta_proxy:  0.6062 Loss dta_trans:  0.0058 Loss dta_phys:  0.0066 Loss dta_preserve:  0.0041
EPOCH: 05
Elapsed time: 0.87 Epoch Pixel Loss:  0.0172 Epoch FFT Loss:  0.8189 Epoch DTA Rank:  0.0000 Epoch DTA TV:  0.0326 Epoch DTA Proxy:  0.6397 Epoch DTA Trans:  0.0065 Epoch DTA Phys:  0.0068 Epoch DTA Preserve:  0.0050
DTA_GATE_RAMP epoch=6 gate_limit=0.030000
Time:  0.0787 Epoch: 006 Iter:   50/ 600 LR: 0.0000942212 Loss content:  0.0174 Loss fft:  0.7787 Loss dta_rank:  0.0000 Loss dta_tv:  0.0326 Loss dta_proxy:  0.6070 Loss dta_trans:  0.0068 Loss dta_phys:  0.0066 Loss dta_preserve:  0.0052
Time:  0.0738 Epoch: 006 Iter:  100/ 600 LR: 0.0000942212 Loss content:  0.0182 Loss fft:  0.8473 Loss dta_rank:  0.0000 Loss dta_tv:  0.0319 Loss dta_proxy:  0.6447 Loss dta_trans:  0.0060 Loss dta_phys:  0.0064 Loss dta_preserve:  0.0068
Time:  0.0746 Epoch: 006 Iter:  150/ 600 LR: 0.0000942212 Loss content:  0.0174 Loss fft:  0.8118 Loss dta_rank:  0.0000 Loss dta_tv:  0.0326 Loss dta_proxy:  0.6281 Loss dta_trans:  0.0060 Loss dta_phys:  0.0068 Loss dta_preserve:  0.0072
Time:  0.0722 Epoch: 006 Iter:  200/ 600 LR: 0.0000942212 Loss content:  0.0188 Loss fft:  0.8686 Loss dta_rank:  0.0000 Loss dta_tv:  0.0307 Loss dta_proxy:  0.6602 Loss dta_trans:  0.0060 Loss dta_phys:  0.0070 Loss dta_preserve:  0.0056
Time:  0.0720 Epoch: 006 Iter:  250/ 600 LR: 0.0000942212 Loss content:  0.0171 Loss fft:  0.8225 Loss dta_rank:  0.0000 Loss dta_tv:  0.0321 Loss dta_proxy:  0.6482 Loss dta_trans:  0.0063 Loss dta_phys:  0.0061 Loss dta_preserve:  0.0053
Time:  0.0713 Epoch: 006 Iter:  300/ 600 LR: 0.0000942212 Loss content:  0.0167 Loss fft:  0.7930 Loss dta_rank:  0.0000 Loss dta_tv:  0.0311 Loss dta_proxy:  0.6471 Loss dta_trans:  0.0063 Loss dta_phys:  0.0070 Loss dta_preserve:  0.0045
Time:  0.0720 Epoch: 006 Iter:  350/ 600 LR: 0.0000942212 Loss content:  0.0169 Loss fft:  0.8124 Loss dta_rank:  0.0000 Loss dta_tv:  0.0309 Loss dta_proxy:  0.6451 Loss dta_trans:  0.0065 Loss dta_phys:  0.0064 Loss dta_preserve:  0.0058
Time:  0.0705 Epoch: 006 Iter:  400/ 600 LR: 0.0000942212 Loss content:  0.0181 Loss fft:  0.8486 Loss dta_rank:  0.0000 Loss dta_tv:  0.0314 Loss dta_proxy:  0.6391 Loss dta_trans:  0.0063 Loss dta_phys:  0.0066 Loss dta_preserve:  0.0042
Time:  0.0717 Epoch: 006 Iter:  450/ 600 LR: 0.0000942212 Loss content:  0.0164 Loss fft:  0.7712 Loss dta_rank:  0.0000 Loss dta_tv:  0.0311 Loss dta_proxy:  0.6424 Loss dta_trans:  0.0066 Loss dta_phys:  0.0078 Loss dta_preserve:  0.0042
Time:  0.0703 Epoch: 006 Iter:  500/ 600 LR: 0.0000942212 Loss content:  0.0169 Loss fft:  0.8045 Loss dta_rank:  0.0000 Loss dta_tv:  0.0303 Loss dta_proxy:  0.6548 Loss dta_trans:  0.0061 Loss dta_phys:  0.0069 Loss dta_preserve:  0.0052
Time:  0.0703 Epoch: 006 Iter:  550/ 600 LR: 0.0000942212 Loss content:  0.0177 Loss fft:  0.8441 Loss dta_rank:  0.0000 Loss dta_tv:  0.0318 Loss dta_proxy:  0.6427 Loss dta_trans:  0.0054 Loss dta_phys:  0.0062 Loss dta_preserve:  0.0052
Time:  0.0713 Epoch: 006 Iter:  600/ 600 LR: 0.0000942212 Loss content:  0.0174 Loss fft:  0.8042 Loss dta_rank:  0.0000 Loss dta_tv:  0.0315 Loss dta_proxy:  0.6377 Loss dta_trans:  0.0054 Loss dta_phys:  0.0061 Loss dta_preserve:  0.0062
EPOCH: 06
Elapsed time: 0.87 Epoch Pixel Loss:  0.0174 Epoch FFT Loss:  0.8173 Epoch DTA Rank:  0.0000 Epoch DTA TV:  0.0315 Epoch DTA Proxy:  0.6414 Epoch DTA Trans:  0.0061 Epoch DTA Phys:  0.0067 Epoch DTA Preserve:  0.0055
DTA_GATE_RAMP epoch=7 gate_limit=0.030000
Time:  0.0776 Epoch: 007 Iter:   50/ 600 LR: 0.0000886874 Loss content:  0.0164 Loss fft:  0.8136 Loss dta_rank:  0.0000 Loss dta_tv:  0.0318 Loss dta_proxy:  0.6507 Loss dta_trans:  0.0063 Loss dta_phys:  0.0067 Loss dta_preserve:  0.0050
Time:  0.0701 Epoch: 007 Iter:  100/ 600 LR: 0.0000886874 Loss content:  0.0171 Loss fft:  0.8103 Loss dta_rank:  0.0000 Loss dta_tv:  0.0322 Loss dta_proxy:  0.6139 Loss dta_trans:  0.0051 Loss dta_phys:  0.0065 Loss dta_preserve:  0.0054
Time:  0.0736 Epoch: 007 Iter:  150/ 600 LR: 0.0000886874 Loss content:  0.0174 Loss fft:  0.8178 Loss dta_rank:  0.0000 Loss dta_tv:  0.0304 Loss dta_proxy:  0.6389 Loss dta_trans:  0.0067 Loss dta_phys:  0.0066 Loss dta_preserve:  0.0056
Time:  0.0723 Epoch: 007 Iter:  200/ 600 LR: 0.0000886874 Loss content:  0.0169 Loss fft:  0.8188 Loss dta_rank:  0.0000 Loss dta_tv:  0.0301 Loss dta_proxy:  0.6573 Loss dta_trans:  0.0068 Loss dta_phys:  0.0069 Loss dta_preserve:  0.0049
Time:  0.0713 Epoch: 007 Iter:  250/ 600 LR: 0.0000886874 Loss content:  0.0166 Loss fft:  0.8109 Loss dta_rank:  0.0000 Loss dta_tv:  0.0307 Loss dta_proxy:  0.6359 Loss dta_trans:  0.0063 Loss dta_phys:  0.0069 Loss dta_preserve:  0.0039
Time:  0.0721 Epoch: 007 Iter:  300/ 600 LR: 0.0000886874 Loss content:  0.0175 Loss fft:  0.8206 Loss dta_rank:  0.0000 Loss dta_tv:  0.0307 Loss dta_proxy:  0.6423 Loss dta_trans:  0.0063 Loss dta_phys:  0.0073 Loss dta_preserve:  0.0051
Time:  0.0740 Epoch: 007 Iter:  350/ 600 LR: 0.0000886874 Loss content:  0.0173 Loss fft:  0.8234 Loss dta_rank:  0.0000 Loss dta_tv:  0.0316 Loss dta_proxy:  0.6490 Loss dta_trans:  0.0058 Loss dta_phys:  0.0065 Loss dta_preserve:  0.0048
Time:  0.0744 Epoch: 007 Iter:  400/ 600 LR: 0.0000886874 Loss content:  0.0168 Loss fft:  0.8209 Loss dta_rank:  0.0000 Loss dta_tv:  0.0309 Loss dta_proxy:  0.6432 Loss dta_trans:  0.0061 Loss dta_phys:  0.0070 Loss dta_preserve:  0.0046
Time:  0.0719 Epoch: 007 Iter:  450/ 600 LR: 0.0000886874 Loss content:  0.0176 Loss fft:  0.8322 Loss dta_rank:  0.0000 Loss dta_tv:  0.0308 Loss dta_proxy:  0.6504 Loss dta_trans:  0.0061 Loss dta_phys:  0.0065 Loss dta_preserve:  0.0077
Time:  0.0742 Epoch: 007 Iter:  500/ 600 LR: 0.0000886874 Loss content:  0.0174 Loss fft:  0.8602 Loss dta_rank:  0.0000 Loss dta_tv:  0.0310 Loss dta_proxy:  0.6424 Loss dta_trans:  0.0056 Loss dta_phys:  0.0063 Loss dta_preserve:  0.0056
Time:  0.0673 Epoch: 007 Iter:  550/ 600 LR: 0.0000886874 Loss content:  0.0175 Loss fft:  0.8098 Loss dta_rank:  0.0000 Loss dta_tv:  0.0299 Loss dta_proxy:  0.6719 Loss dta_trans:  0.0053 Loss dta_phys:  0.0066 Loss dta_preserve:  0.0041
Time:  0.0587 Epoch: 007 Iter:  600/ 600 LR: 0.0000886874 Loss content:  0.0174 Loss fft:  0.8133 Loss dta_rank:  0.0000 Loss dta_tv:  0.0308 Loss dta_proxy:  0.6271 Loss dta_trans:  0.0056 Loss dta_phys:  0.0063 Loss dta_preserve:  0.0055
EPOCH: 07
Elapsed time: 0.86 Epoch Pixel Loss:  0.0172 Epoch FFT Loss:  0.8210 Epoch DTA Rank:  0.0000 Epoch DTA TV:  0.0309 Epoch DTA Proxy:  0.6436 Epoch DTA Trans:  0.0060 Epoch DTA Phys:  0.0067 Epoch DTA Preserve:  0.0052
DTA_GATE_RAMP epoch=8 gate_limit=0.030000
Time:  0.0651 Epoch: 008 Iter:   50/ 600 LR: 0.0000819070 Loss content:  0.0165 Loss fft:  0.7913 Loss dta_rank:  0.0000 Loss dta_tv:  0.0300 Loss dta_proxy:  0.6587 Loss dta_trans:  0.0059 Loss dta_phys:  0.0078 Loss dta_preserve:  0.0053
Time:  0.0687 Epoch: 008 Iter:  100/ 600 LR: 0.0000819070 Loss content:  0.0175 Loss fft:  0.8325 Loss dta_rank:  0.0000 Loss dta_tv:  0.0309 Loss dta_proxy:  0.6397 Loss dta_trans:  0.0068 Loss dta_phys:  0.0068 Loss dta_preserve:  0.0050
Time:  0.0726 Epoch: 008 Iter:  150/ 600 LR: 0.0000819070 Loss content:  0.0174 Loss fft:  0.8395 Loss dta_rank:  0.0000 Loss dta_tv:  0.0310 Loss dta_proxy:  0.6328 Loss dta_trans:  0.0061 Loss dta_phys:  0.0057 Loss dta_preserve:  0.0060
Time:  0.0759 Epoch: 008 Iter:  200/ 600 LR: 0.0000819070 Loss content:  0.0165 Loss fft:  0.7948 Loss dta_rank:  0.0000 Loss dta_tv:  0.0309 Loss dta_proxy:  0.6322 Loss dta_trans:  0.0072 Loss dta_phys:  0.0066 Loss dta_preserve:  0.0052
Time:  0.0777 Epoch: 008 Iter:  250/ 600 LR: 0.0000819070 Loss content:  0.0165 Loss fft:  0.8063 Loss dta_rank:  0.0000 Loss dta_tv:  0.0301 Loss dta_proxy:  0.6368 Loss dta_trans:  0.0056 Loss dta_phys:  0.0060 Loss dta_preserve:  0.0039
Time:  0.0758 Epoch: 008 Iter:  300/ 600 LR: 0.0000819070 Loss content:  0.0171 Loss fft:  0.8146 Loss dta_rank:  0.0000 Loss dta_tv:  0.0295 Loss dta_proxy:  0.6536 Loss dta_trans:  0.0048 Loss dta_phys:  0.0065 Loss dta_preserve:  0.0045
Time:  0.0784 Epoch: 008 Iter:  350/ 600 LR: 0.0000819070 Loss content:  0.0168 Loss fft:  0.8080 Loss dta_rank:  0.0000 Loss dta_tv:  0.0296 Loss dta_proxy:  0.6505 Loss dta_trans:  0.0060 Loss dta_phys:  0.0067 Loss dta_preserve:  0.0047
Time:  0.0744 Epoch: 008 Iter:  400/ 600 LR: 0.0000819070 Loss content:  0.0175 Loss fft:  0.8751 Loss dta_rank:  0.0000 Loss dta_tv:  0.0307 Loss dta_proxy:  0.6376 Loss dta_trans:  0.0054 Loss dta_phys:  0.0064 Loss dta_preserve:  0.0052
Time:  0.0775 Epoch: 008 Iter:  450/ 600 LR: 0.0000819070 Loss content:  0.0176 Loss fft:  0.8395 Loss dta_rank:  0.0000 Loss dta_tv:  0.0296 Loss dta_proxy:  0.6673 Loss dta_trans:  0.0051 Loss dta_phys:  0.0067 Loss dta_preserve:  0.0054
Time:  0.0731 Epoch: 008 Iter:  500/ 600 LR: 0.0000819070 Loss content:  0.0170 Loss fft:  0.8380 Loss dta_rank:  0.0000 Loss dta_tv:  0.0303 Loss dta_proxy:  0.6597 Loss dta_trans:  0.0050 Loss dta_phys:  0.0076 Loss dta_preserve:  0.0048
Time:  0.0759 Epoch: 008 Iter:  550/ 600 LR: 0.0000819070 Loss content:  0.0171 Loss fft:  0.7935 Loss dta_rank:  0.0000 Loss dta_tv:  0.0300 Loss dta_proxy:  0.6389 Loss dta_trans:  0.0065 Loss dta_phys:  0.0070 Loss dta_preserve:  0.0052
Time:  0.0731 Epoch: 008 Iter:  600/ 600 LR: 0.0000819070 Loss content:  0.0171 Loss fft:  0.8142 Loss dta_rank:  0.0000 Loss dta_tv:  0.0313 Loss dta_proxy:  0.6339 Loss dta_trans:  0.0067 Loss dta_phys:  0.0079 Loss dta_preserve:  0.0067
EPOCH: 08
Elapsed time: 0.89 Epoch Pixel Loss:  0.0170 Epoch FFT Loss:  0.8206 Epoch DTA Rank:  0.0000 Epoch DTA TV:  0.0303 Epoch DTA Proxy:  0.6451 Epoch DTA Trans:  0.0059 Epoch DTA Phys:  0.0068 Epoch DTA Preserve:  0.0052
DTA_GATE_RAMP epoch=9 gate_limit=0.060000
Time:  0.0787 Epoch: 009 Iter:   50/ 600 LR: 0.0000741093 Loss content:  0.0172 Loss fft:  0.8249 Loss dta_rank:  0.0000 Loss dta_tv:  0.0306 Loss dta_proxy:  0.6451 Loss dta_trans:  0.0053 Loss dta_phys:  0.0065 Loss dta_preserve:  0.0053
Time:  0.0744 Epoch: 009 Iter:  100/ 600 LR: 0.0000741093 Loss content:  0.0178 Loss fft:  0.8243 Loss dta_rank:  0.0000 Loss dta_tv:  0.0297 Loss dta_proxy:  0.6586 Loss dta_trans:  0.0057 Loss dta_phys:  0.0071 Loss dta_preserve:  0.0053
Time:  0.0736 Epoch: 009 Iter:  150/ 600 LR: 0.0000741093 Loss content:  0.0168 Loss fft:  0.8290 Loss dta_rank:  0.0000 Loss dta_tv:  0.0301 Loss dta_proxy:  0.6366 Loss dta_trans:  0.0048 Loss dta_phys:  0.0063 Loss dta_preserve:  0.0058
Time:  0.0754 Epoch: 009 Iter:  200/ 600 LR: 0.0000741093 Loss content:  0.0172 Loss fft:  0.7952 Loss dta_rank:  0.0000 Loss dta_tv:  0.0307 Loss dta_proxy:  0.6317 Loss dta_trans:  0.0063 Loss dta_phys:  0.0065 Loss dta_preserve:  0.0048
Time:  0.0751 Epoch: 009 Iter:  250/ 600 LR: 0.0000741093 Loss content:  0.0163 Loss fft:  0.7996 Loss dta_rank:  0.0000 Loss dta_tv:  0.0305 Loss dta_proxy:  0.6344 Loss dta_trans:  0.0054 Loss dta_phys:  0.0071 Loss dta_preserve:  0.0046
Time:  0.0750 Epoch: 009 Iter:  300/ 600 LR: 0.0000741093 Loss content:  0.0175 Loss fft:  0.8260 Loss dta_rank:  0.0000 Loss dta_tv:  0.0302 Loss dta_proxy:  0.6455 Loss dta_trans:  0.0055 Loss dta_phys:  0.0068 Loss dta_preserve:  0.0053
Time:  0.0726 Epoch: 009 Iter:  350/ 600 LR: 0.0000741093 Loss content:  0.0171 Loss fft:  0.8105 Loss dta_rank:  0.0000 Loss dta_tv:  0.0291 Loss dta_proxy:  0.6628 Loss dta_trans:  0.0052 Loss dta_phys:  0.0068 Loss dta_preserve:  0.0061
Time:  0.0723 Epoch: 009 Iter:  400/ 600 LR: 0.0000741093 Loss content:  0.0167 Loss fft:  0.7942 Loss dta_rank:  0.0000 Loss dta_tv:  0.0300 Loss dta_proxy:  0.6470 Loss dta_trans:  0.0055 Loss dta_phys:  0.0072 Loss dta_preserve:  0.0046
Time:  0.0721 Epoch: 009 Iter:  450/ 600 LR: 0.0000741093 Loss content:  0.0175 Loss fft:  0.8387 Loss dta_rank:  0.0000 Loss dta_tv:  0.0303 Loss dta_proxy:  0.6437 Loss dta_trans:  0.0064 Loss dta_phys:  0.0061 Loss dta_preserve:  0.0054
Time:  0.0746 Epoch: 009 Iter:  500/ 600 LR: 0.0000741093 Loss content:  0.0171 Loss fft:  0.8326 Loss dta_rank:  0.0000 Loss dta_tv:  0.0304 Loss dta_proxy:  0.6180 Loss dta_trans:  0.0063 Loss dta_phys:  0.0059 Loss dta_preserve:  0.0046
Time:  0.0722 Epoch: 009 Iter:  550/ 600 LR: 0.0000741093 Loss content:  0.0169 Loss fft:  0.8066 Loss dta_rank:  0.0000 Loss dta_tv:  0.0300 Loss dta_proxy:  0.6252 Loss dta_trans:  0.0067 Loss dta_phys:  0.0073 Loss dta_preserve:  0.0055
Time:  0.0710 Epoch: 009 Iter:  600/ 600 LR: 0.0000741093 Loss content:  0.0174 Loss fft:  0.8363 Loss dta_rank:  0.0000 Loss dta_tv:  0.0300 Loss dta_proxy:  0.6376 Loss dta_trans:  0.0056 Loss dta_phys:  0.0069 Loss dta_preserve:  0.0050
EPOCH: 09
Elapsed time: 0.89 Epoch Pixel Loss:  0.0171 Epoch FFT Loss:  0.8182 Epoch DTA Rank:  0.0000 Epoch DTA TV:  0.0301 Epoch DTA Proxy:  0.6405 Epoch DTA Trans:  0.0057 Epoch DTA Phys:  0.0067 Epoch DTA Preserve:  0.0052
DTA_GATE_RAMP epoch=10 gate_limit=0.060000
Time:  0.0744 Epoch: 010 Iter:   50/ 600 LR: 0.0000655580 Loss content:  0.0164 Loss fft:  0.7963 Loss dta_rank:  0.0000 Loss dta_tv:  0.0301 Loss dta_proxy:  0.6479 Loss dta_trans:  0.0060 Loss dta_phys:  0.0069 Loss dta_preserve:  0.0045
Time:  0.0733 Epoch: 010 Iter:  100/ 600 LR: 0.0000655580 Loss content:  0.0172 Loss fft:  0.8272 Loss dta_rank:  0.0000 Loss dta_tv:  0.0301 Loss dta_proxy:  0.6389 Loss dta_trans:  0.0055 Loss dta_phys:  0.0064 Loss dta_preserve:  0.0046
Time:  0.0719 Epoch: 010 Iter:  150/ 600 LR: 0.0000655580 Loss content:  0.0177 Loss fft:  0.8358 Loss dta_rank:  0.0000 Loss dta_tv:  0.0290 Loss dta_proxy:  0.6434 Loss dta_trans:  0.0057 Loss dta_phys:  0.0060 Loss dta_preserve:  0.0043
Time:  0.0740 Epoch: 010 Iter:  200/ 600 LR: 0.0000655580 Loss content:  0.0177 Loss fft:  0.8153 Loss dta_rank:  0.0000 Loss dta_tv:  0.0298 Loss dta_proxy:  0.6528 Loss dta_trans:  0.0060 Loss dta_phys:  0.0073 Loss dta_preserve:  0.0052
Time:  0.0717 Epoch: 010 Iter:  250/ 600 LR: 0.0000655580 Loss content:  0.0172 Loss fft:  0.8239 Loss dta_rank:  0.0000 Loss dta_tv:  0.0303 Loss dta_proxy:  0.6420 Loss dta_trans:  0.0057 Loss dta_phys:  0.0066 Loss dta_preserve:  0.0056
Time:  0.0755 Epoch: 010 Iter:  300/ 600 LR: 0.0000655580 Loss content:  0.0176 Loss fft:  0.8307 Loss dta_rank:  0.0000 Loss dta_tv:  0.0285 Loss dta_proxy:  0.6683 Loss dta_trans:  0.0053 Loss dta_phys:  0.0070 Loss dta_preserve:  0.0044
Time:  0.0713 Epoch: 010 Iter:  350/ 600 LR: 0.0000655580 Loss content:  0.0171 Loss fft:  0.8172 Loss dta_rank:  0.0000 Loss dta_tv:  0.0305 Loss dta_proxy:  0.6367 Loss dta_trans:  0.0060 Loss dta_phys:  0.0067 Loss dta_preserve:  0.0057
Time:  0.0731 Epoch: 010 Iter:  400/ 600 LR: 0.0000655580 Loss content:  0.0168 Loss fft:  0.7889 Loss dta_rank:  0.0000 Loss dta_tv:  0.0303 Loss dta_proxy:  0.6505 Loss dta_trans:  0.0057 Loss dta_phys:  0.0067 Loss dta_preserve:  0.0056
Time:  0.0731 Epoch: 010 Iter:  450/ 600 LR: 0.0000655580 Loss content:  0.0167 Loss fft:  0.8265 Loss dta_rank:  0.0000 Loss dta_tv:  0.0304 Loss dta_proxy:  0.6195 Loss dta_trans:  0.0058 Loss dta_phys:  0.0068 Loss dta_preserve:  0.0054
Time:  0.0760 Epoch: 010 Iter:  500/ 600 LR: 0.0000655580 Loss content:  0.0176 Loss fft:  0.8267 Loss dta_rank:  0.0000 Loss dta_tv:  0.0297 Loss dta_proxy:  0.6387 Loss dta_trans:  0.0058 Loss dta_phys:  0.0066 Loss dta_preserve:  0.0059
Time:  0.0728 Epoch: 010 Iter:  550/ 600 LR: 0.0000655580 Loss content:  0.0176 Loss fft:  0.8557 Loss dta_rank:  0.0000 Loss dta_tv:  0.0304 Loss dta_proxy:  0.6327 Loss dta_trans:  0.0052 Loss dta_phys:  0.0061 Loss dta_preserve:  0.0063
Time:  0.0728 Epoch: 010 Iter:  600/ 600 LR: 0.0000655580 Loss content:  0.0166 Loss fft:  0.7914 Loss dta_rank:  0.0000 Loss dta_tv:  0.0290 Loss dta_proxy:  0.6405 Loss dta_trans:  0.0055 Loss dta_phys:  0.0073 Loss dta_preserve:  0.0039
EPOCH: 10
Elapsed time: 0.88 Epoch Pixel Loss:  0.0172 Epoch FFT Loss:  0.8196 Epoch DTA Rank:  0.0000 Epoch DTA TV:  0.0299 Epoch DTA Proxy:  0.6427 Epoch DTA Trans:  0.0057 Epoch DTA Phys:  0.0067 Epoch DTA Preserve:  0.0051
DTA_GATE_RAMP epoch=11 gate_limit=0.060000
Time:  0.0786 Epoch: 011 Iter:   50/ 600 LR: 0.0000565424 Loss content:  0.0175 Loss fft:  0.8351 Loss dta_rank:  0.0000 Loss dta_tv:  0.0289 Loss dta_proxy:  0.6501 Loss dta_trans:  0.0053 Loss dta_phys:  0.0064 Loss dta_preserve:  0.0051
Time:  0.0714 Epoch: 011 Iter:  100/ 600 LR: 0.0000565424 Loss content:  0.0164 Loss fft:  0.8037 Loss dta_rank:  0.0000 Loss dta_tv:  0.0305 Loss dta_proxy:  0.6342 Loss dta_trans:  0.0056 Loss dta_phys:  0.0071 Loss dta_preserve:  0.0041
Time:  0.0677 Epoch: 011 Iter:  150/ 600 LR: 0.0000565424 Loss content:  0.0176 Loss fft:  0.8347 Loss dta_rank:  0.0000 Loss dta_tv:  0.0296 Loss dta_proxy:  0.6202 Loss dta_trans:  0.0056 Loss dta_phys:  0.0065 Loss dta_preserve:  0.0051
Time:  0.0727 Epoch: 011 Iter:  200/ 600 LR: 0.0000565424 Loss content:  0.0172 Loss fft:  0.8401 Loss dta_rank:  0.0000 Loss dta_tv:  0.0294 Loss dta_proxy:  0.6498 Loss dta_trans:  0.0051 Loss dta_phys:  0.0064 Loss dta_preserve:  0.0050
Time:  0.0738 Epoch: 011 Iter:  250/ 600 LR: 0.0000565424 Loss content:  0.0175 Loss fft:  0.8505 Loss dta_rank:  0.0000 Loss dta_tv:  0.0295 Loss dta_proxy:  0.6463 Loss dta_trans:  0.0064 Loss dta_phys:  0.0065 Loss dta_preserve:  0.0048
Time:  0.0748 Epoch: 011 Iter:  300/ 600 LR: 0.0000565424 Loss content:  0.0172 Loss fft:  0.8130 Loss dta_rank:  0.0000 Loss dta_tv:  0.0294 Loss dta_proxy:  0.6435 Loss dta_trans:  0.0057 Loss dta_phys:  0.0070 Loss dta_preserve:  0.0051
Time:  0.0739 Epoch: 011 Iter:  350/ 600 LR: 0.0000565424 Loss content:  0.0178 Loss fft:  0.8499 Loss dta_rank:  0.0000 Loss dta_tv:  0.0296 Loss dta_proxy:  0.6393 Loss dta_trans:  0.0061 Loss dta_phys:  0.0067 Loss dta_preserve:  0.0050
Time:  0.0751 Epoch: 011 Iter:  400/ 600 LR: 0.0000565424 Loss content:  0.0175 Loss fft:  0.8069 Loss dta_rank:  0.0000 Loss dta_tv:  0.0281 Loss dta_proxy:  0.6667 Loss dta_trans:  0.0056 Loss dta_phys:  0.0066 Loss dta_preserve:  0.0057
Time:  0.0749 Epoch: 011 Iter:  450/ 600 LR: 0.0000565424 Loss content:  0.0180 Loss fft:  0.8411 Loss dta_rank:  0.0000 Loss dta_tv:  0.0294 Loss dta_proxy:  0.6507 Loss dta_trans:  0.0059 Loss dta_phys:  0.0068 Loss dta_preserve:  0.0051
Time:  0.0754 Epoch: 011 Iter:  500/ 600 LR: 0.0000565424 Loss content:  0.0168 Loss fft:  0.8068 Loss dta_rank:  0.0000 Loss dta_tv:  0.0290 Loss dta_proxy:  0.6449 Loss dta_trans:  0.0063 Loss dta_phys:  0.0067 Loss dta_preserve:  0.0056
Time:  0.0757 Epoch: 011 Iter:  550/ 600 LR: 0.0000565424 Loss content:  0.0167 Loss fft:  0.7919 Loss dta_rank:  0.0000 Loss dta_tv:  0.0284 Loss dta_proxy:  0.6526 Loss dta_trans:  0.0051 Loss dta_phys:  0.0074 Loss dta_preserve:  0.0041
Time:  0.0748 Epoch: 011 Iter:  600/ 600 LR: 0.0000565424 Loss content:  0.0171 Loss fft:  0.7980 Loss dta_rank:  0.0000 Loss dta_tv:  0.0300 Loss dta_proxy:  0.6192 Loss dta_trans:  0.0056 Loss dta_phys:  0.0070 Loss dta_preserve:  0.0042
EPOCH: 11
Elapsed time: 0.89 Epoch Pixel Loss:  0.0173 Epoch FFT Loss:  0.8226 Epoch DTA Rank:  0.0000 Epoch DTA TV:  0.0293 Epoch DTA Proxy:  0.6431 Epoch DTA Trans:  0.0057 Epoch DTA Phys:  0.0068 Epoch DTA Preserve:  0.0049
DTA_GATE_RAMP epoch=12 gate_limit=0.060000
Time:  0.0772 Epoch: 012 Iter:   50/ 600 LR: 0.0000473670 Loss content:  0.0170 Loss fft:  0.8105 Loss dta_rank:  0.0000 Loss dta_tv:  0.0289 Loss dta_proxy:  0.6521 Loss dta_trans:  0.0054 Loss dta_phys:  0.0070 Loss dta_preserve:  0.0053
Time:  0.0724 Epoch: 012 Iter:  100/ 600 LR: 0.0000473670 Loss content:  0.0173 Loss fft:  0.7979 Loss dta_rank:  0.0000 Loss dta_tv:  0.0293 Loss dta_proxy:  0.6246 Loss dta_trans:  0.0059 Loss dta_phys:  0.0063 Loss dta_preserve:  0.0053
Time:  0.0721 Epoch: 012 Iter:  150/ 600 LR: 0.0000473670 Loss content:  0.0172 Loss fft:  0.8447 Loss dta_rank:  0.0000 Loss dta_tv:  0.0294 Loss dta_proxy:  0.6250 Loss dta_trans:  0.0058 Loss dta_phys:  0.0068 Loss dta_preserve:  0.0042
Time:  0.0737 Epoch: 012 Iter:  200/ 600 LR: 0.0000473670 Loss content:  0.0173 Loss fft:  0.8343 Loss dta_rank:  0.0000 Loss dta_tv:  0.0289 Loss dta_proxy:  0.6577 Loss dta_trans:  0.0056 Loss dta_phys:  0.0071 Loss dta_preserve:  0.0056
Time:  0.0729 Epoch: 012 Iter:  250/ 600 LR: 0.0000473670 Loss content:  0.0172 Loss fft:  0.8232 Loss dta_rank:  0.0000 Loss dta_tv:  0.0291 Loss dta_proxy:  0.6369 Loss dta_trans:  0.0046 Loss dta_phys:  0.0062 Loss dta_preserve:  0.0062
Time:  0.0723 Epoch: 012 Iter:  300/ 600 LR: 0.0000473670 Loss content:  0.0174 Loss fft:  0.8136 Loss dta_rank:  0.0000 Loss dta_tv:  0.0292 Loss dta_proxy:  0.6436 Loss dta_trans:  0.0050 Loss dta_phys:  0.0067 Loss dta_preserve:  0.0047
Time:  0.0740 Epoch: 012 Iter:  350/ 600 LR: 0.0000473670 Loss content:  0.0168 Loss fft:  0.8338 Loss dta_rank:  0.0000 Loss dta_tv:  0.0293 Loss dta_proxy:  0.6286 Loss dta_trans:  0.0058 Loss dta_phys:  0.0066 Loss dta_preserve:  0.0061
Time:  0.0745 Epoch: 012 Iter:  400/ 600 LR: 0.0000473670 Loss content:  0.0159 Loss fft:  0.7714 Loss dta_rank:  0.0000 Loss dta_tv:  0.0298 Loss dta_proxy:  0.6292 Loss dta_trans:  0.0063 Loss dta_phys:  0.0071 Loss dta_preserve:  0.0047
Time:  0.0730 Epoch: 012 Iter:  450/ 600 LR: 0.0000473670 Loss content:  0.0169 Loss fft:  0.8041 Loss dta_rank:  0.0000 Loss dta_tv:  0.0300 Loss dta_proxy:  0.6195 Loss dta_trans:  0.0064 Loss dta_phys:  0.0068 Loss dta_preserve:  0.0048
Time:  0.0730 Epoch: 012 Iter:  500/ 600 LR: 0.0000473670 Loss content:  0.0180 Loss fft:  0.8565 Loss dta_rank:  0.0000 Loss dta_tv:  0.0291 Loss dta_proxy:  0.6394 Loss dta_trans:  0.0061 Loss dta_phys:  0.0065 Loss dta_preserve:  0.0049
Time:  0.0738 Epoch: 012 Iter:  550/ 600 LR: 0.0000473670 Loss content:  0.0171 Loss fft:  0.8368 Loss dta_rank:  0.0000 Loss dta_tv:  0.0291 Loss dta_proxy:  0.6422 Loss dta_trans:  0.0055 Loss dta_phys:  0.0067 Loss dta_preserve:  0.0045
Time:  0.0730 Epoch: 012 Iter:  600/ 600 LR: 0.0000473670 Loss content:  0.0173 Loss fft:  0.8236 Loss dta_rank:  0.0000 Loss dta_tv:  0.0284 Loss dta_proxy:  0.6513 Loss dta_trans:  0.0056 Loss dta_phys:  0.0068 Loss dta_preserve:  0.0049
EPOCH: 12
Elapsed time: 0.89 Epoch Pixel Loss:  0.0171 Epoch FFT Loss:  0.8209 Epoch DTA Rank:  0.0000 Epoch DTA TV:  0.0292 Epoch DTA Proxy:  0.6375 Epoch DTA Trans:  0.0057 Epoch DTA Phys:  0.0067 Epoch DTA Preserve:  0.0051
DTA_GATE_RAMP epoch=13 gate_limit=0.060000
Time:  0.0775 Epoch: 013 Iter:   50/ 600 LR: 0.0000383414 Loss content:  0.0171 Loss fft:  0.8292 Loss dta_rank:  0.0000 Loss dta_tv:  0.0285 Loss dta_proxy:  0.6356 Loss dta_trans:  0.0057 Loss dta_phys:  0.0058 Loss dta_preserve:  0.0053
Time:  0.0715 Epoch: 013 Iter:  100/ 600 LR: 0.0000383414 Loss content:  0.0166 Loss fft:  0.8188 Loss dta_rank:  0.0000 Loss dta_tv:  0.0300 Loss dta_proxy:  0.6395 Loss dta_trans:  0.0060 Loss dta_phys:  0.0077 Loss dta_preserve:  0.0048
Time:  0.0718 Epoch: 013 Iter:  150/ 600 LR: 0.0000383414 Loss content:  0.0171 Loss fft:  0.8273 Loss dta_rank:  0.0000 Loss dta_tv:  0.0289 Loss dta_proxy:  0.6598 Loss dta_trans:  0.0056 Loss dta_phys:  0.0072 Loss dta_preserve:  0.0040
Time:  0.0728 Epoch: 013 Iter:  200/ 600 LR: 0.0000383414 Loss content:  0.0168 Loss fft:  0.8228 Loss dta_rank:  0.0000 Loss dta_tv:  0.0289 Loss dta_proxy:  0.6293 Loss dta_trans:  0.0063 Loss dta_phys:  0.0066 Loss dta_preserve:  0.0048
Time:  0.0708 Epoch: 013 Iter:  250/ 600 LR: 0.0000383414 Loss content:  0.0173 Loss fft:  0.8032 Loss dta_rank:  0.0000 Loss dta_tv:  0.0283 Loss dta_proxy:  0.6631 Loss dta_trans:  0.0055 Loss dta_phys:  0.0080 Loss dta_preserve:  0.0059
Time:  0.0629 Epoch: 013 Iter:  300/ 600 LR: 0.0000383414 Loss content:  0.0170 Loss fft:  0.8163 Loss dta_rank:  0.0000 Loss dta_tv:  0.0284 Loss dta_proxy:  0.6393 Loss dta_trans:  0.0055 Loss dta_phys:  0.0063 Loss dta_preserve:  0.0049
Time:  0.0741 Epoch: 013 Iter:  350/ 600 LR: 0.0000383414 Loss content:  0.0173 Loss fft:  0.7799 Loss dta_rank:  0.0000 Loss dta_tv:  0.0281 Loss dta_proxy:  0.6536 Loss dta_trans:  0.0049 Loss dta_phys:  0.0066 Loss dta_preserve:  0.0050
Time:  0.0749 Epoch: 013 Iter:  400/ 600 LR: 0.0000383414 Loss content:  0.0172 Loss fft:  0.8367 Loss dta_rank:  0.0000 Loss dta_tv:  0.0290 Loss dta_proxy:  0.6337 Loss dta_trans:  0.0058 Loss dta_phys:  0.0064 Loss dta_preserve:  0.0044
Time:  0.0707 Epoch: 013 Iter:  450/ 600 LR: 0.0000383414 Loss content:  0.0165 Loss fft:  0.7756 Loss dta_rank:  0.0000 Loss dta_tv:  0.0300 Loss dta_proxy:  0.6256 Loss dta_trans:  0.0054 Loss dta_phys:  0.0069 Loss dta_preserve:  0.0052
Time:  0.0764 Epoch: 013 Iter:  500/ 600 LR: 0.0000383414 Loss content:  0.0174 Loss fft:  0.8139 Loss dta_rank:  0.0000 Loss dta_tv:  0.0282 Loss dta_proxy:  0.6613 Loss dta_trans:  0.0044 Loss dta_phys:  0.0059 Loss dta_preserve:  0.0062
Time:  0.0728 Epoch: 013 Iter:  550/ 600 LR: 0.0000383414 Loss content:  0.0176 Loss fft:  0.8169 Loss dta_rank:  0.0000 Loss dta_tv:  0.0294 Loss dta_proxy:  0.6305 Loss dta_trans:  0.0061 Loss dta_phys:  0.0070 Loss dta_preserve:  0.0046
Time:  0.0722 Epoch: 013 Iter:  600/ 600 LR: 0.0000383414 Loss content:  0.0168 Loss fft:  0.8344 Loss dta_rank:  0.0000 Loss dta_tv:  0.0300 Loss dta_proxy:  0.6245 Loss dta_trans:  0.0056 Loss dta_phys:  0.0064 Loss dta_preserve:  0.0043
EPOCH: 13
Elapsed time: 0.87 Epoch Pixel Loss:  0.0171 Epoch FFT Loss:  0.8146 Epoch DTA Rank:  0.0000 Epoch DTA TV:  0.0290 Epoch DTA Proxy:  0.6413 Epoch DTA Trans:  0.0056 Epoch DTA Phys:  0.0067 Epoch DTA Preserve:  0.0049
DTA_GATE_RAMP epoch=14 gate_limit=0.060000
Time:  0.0780 Epoch: 014 Iter:   50/ 600 LR: 0.0000297690 Loss content:  0.0175 Loss fft:  0.8230 Loss dta_rank:  0.0000 Loss dta_tv:  0.0281 Loss dta_proxy:  0.6595 Loss dta_trans:  0.0049 Loss dta_phys:  0.0065 Loss dta_preserve:  0.0055
Time:  0.0689 Epoch: 014 Iter:  100/ 600 LR: 0.0000297690 Loss content:  0.0168 Loss fft:  0.8069 Loss dta_rank:  0.0000 Loss dta_tv:  0.0280 Loss dta_proxy:  0.6683 Loss dta_trans:  0.0050 Loss dta_phys:  0.0070 Loss dta_preserve:  0.0048
Time:  0.0710 Epoch: 014 Iter:  150/ 600 LR: 0.0000297690 Loss content:  0.0170 Loss fft:  0.8327 Loss dta_rank:  0.0000 Loss dta_tv:  0.0287 Loss dta_proxy:  0.6527 Loss dta_trans:  0.0058 Loss dta_phys:  0.0074 Loss dta_preserve:  0.0043
Time:  0.0743 Epoch: 014 Iter:  200/ 600 LR: 0.0000297690 Loss content:  0.0173 Loss fft:  0.8246 Loss dta_rank:  0.0000 Loss dta_tv:  0.0291 Loss dta_proxy:  0.6202 Loss dta_trans:  0.0049 Loss dta_phys:  0.0063 Loss dta_preserve:  0.0061
Time:  0.0737 Epoch: 014 Iter:  250/ 600 LR: 0.0000297690 Loss content:  0.0172 Loss fft:  0.8199 Loss dta_rank:  0.0000 Loss dta_tv:  0.0289 Loss dta_proxy:  0.6518 Loss dta_trans:  0.0060 Loss dta_phys:  0.0064 Loss dta_preserve:  0.0052
Time:  0.0734 Epoch: 014 Iter:  300/ 600 LR: 0.0000297690 Loss content:  0.0173 Loss fft:  0.8288 Loss dta_rank:  0.0000 Loss dta_tv:  0.0285 Loss dta_proxy:  0.6339 Loss dta_trans:  0.0057 Loss dta_phys:  0.0069 Loss dta_preserve:  0.0050
Time:  0.0733 Epoch: 014 Iter:  350/ 600 LR: 0.0000297690 Loss content:  0.0167 Loss fft:  0.7995 Loss dta_rank:  0.0000 Loss dta_tv:  0.0294 Loss dta_proxy:  0.6265 Loss dta_trans:  0.0048 Loss dta_phys:  0.0065 Loss dta_preserve:  0.0060
Time:  0.0714 Epoch: 014 Iter:  400/ 600 LR: 0.0000297690 Loss content:  0.0166 Loss fft:  0.8285 Loss dta_rank:  0.0000 Loss dta_tv:  0.0292 Loss dta_proxy:  0.6413 Loss dta_trans:  0.0053 Loss dta_phys:  0.0075 Loss dta_preserve:  0.0046
Time:  0.0707 Epoch: 014 Iter:  450/ 600 LR: 0.0000297690 Loss content:  0.0177 Loss fft:  0.8101 Loss dta_rank:  0.0000 Loss dta_tv:  0.0293 Loss dta_proxy:  0.6476 Loss dta_trans:  0.0058 Loss dta_phys:  0.0065 Loss dta_preserve:  0.0058
Time:  0.0768 Epoch: 014 Iter:  500/ 600 LR: 0.0000297690 Loss content:  0.0167 Loss fft:  0.8189 Loss dta_rank:  0.0000 Loss dta_tv:  0.0289 Loss dta_proxy:  0.6585 Loss dta_trans:  0.0054 Loss dta_phys:  0.0067 Loss dta_preserve:  0.0040
Time:  0.0750 Epoch: 014 Iter:  550/ 600 LR: 0.0000297690 Loss content:  0.0174 Loss fft:  0.8194 Loss dta_rank:  0.0000 Loss dta_tv:  0.0285 Loss dta_proxy:  0.6492 Loss dta_trans:  0.0052 Loss dta_phys:  0.0072 Loss dta_preserve:  0.0049
Time:  0.0739 Epoch: 014 Iter:  600/ 600 LR: 0.0000297690 Loss content:  0.0176 Loss fft:  0.8199 Loss dta_rank:  0.0000 Loss dta_tv:  0.0284 Loss dta_proxy:  0.6569 Loss dta_trans:  0.0062 Loss dta_phys:  0.0069 Loss dta_preserve:  0.0060
EPOCH: 14
Elapsed time: 0.88 Epoch Pixel Loss:  0.0172 Epoch FFT Loss:  0.8194 Epoch DTA Rank:  0.0000 Epoch DTA TV:  0.0287 Epoch DTA Proxy:  0.6472 Epoch DTA Trans:  0.0054 Epoch DTA Phys:  0.0068 Epoch DTA Preserve:  0.0052
DTA_GATE_RAMP epoch=15 gate_limit=0.060000
Time:  0.0768 Epoch: 015 Iter:   50/ 600 LR: 0.0000219361 Loss content:  0.0168 Loss fft:  0.7966 Loss dta_rank:  0.0000 Loss dta_tv:  0.0294 Loss dta_proxy:  0.6495 Loss dta_trans:  0.0060 Loss dta_phys:  0.0066 Loss dta_preserve:  0.0046
Time:  0.0718 Epoch: 015 Iter:  100/ 600 LR: 0.0000219361 Loss content:  0.0170 Loss fft:  0.8015 Loss dta_rank:  0.0000 Loss dta_tv:  0.0287 Loss dta_proxy:  0.6444 Loss dta_trans:  0.0056 Loss dta_phys:  0.0066 Loss dta_preserve:  0.0043
Time:  0.0728 Epoch: 015 Iter:  150/ 600 LR: 0.0000219361 Loss content:  0.0173 Loss fft:  0.8412 Loss dta_rank:  0.0000 Loss dta_tv:  0.0284 Loss dta_proxy:  0.6560 Loss dta_trans:  0.0047 Loss dta_phys:  0.0063 Loss dta_preserve:  0.0053
Time:  0.0709 Epoch: 015 Iter:  200/ 600 LR: 0.0000219361 Loss content:  0.0167 Loss fft:  0.7918 Loss dta_rank:  0.0000 Loss dta_tv:  0.0290 Loss dta_proxy:  0.6307 Loss dta_trans:  0.0058 Loss dta_phys:  0.0062 Loss dta_preserve:  0.0046
Time:  0.0709 Epoch: 015 Iter:  250/ 600 LR: 0.0000219361 Loss content:  0.0167 Loss fft:  0.8192 Loss dta_rank:  0.0000 Loss dta_tv:  0.0295 Loss dta_proxy:  0.6321 Loss dta_trans:  0.0052 Loss dta_phys:  0.0064 Loss dta_preserve:  0.0049
Time:  0.0712 Epoch: 015 Iter:  300/ 600 LR: 0.0000219361 Loss content:  0.0174 Loss fft:  0.8482 Loss dta_rank:  0.0000 Loss dta_tv:  0.0288 Loss dta_proxy:  0.6392 Loss dta_trans:  0.0050 Loss dta_phys:  0.0065 Loss dta_preserve:  0.0043
Time:  0.0710 Epoch: 015 Iter:  350/ 600 LR: 0.0000219361 Loss content:  0.0173 Loss fft:  0.8191 Loss dta_rank:  0.0000 Loss dta_tv:  0.0293 Loss dta_proxy:  0.6302 Loss dta_trans:  0.0053 Loss dta_phys:  0.0068 Loss dta_preserve:  0.0044
Time:  0.0715 Epoch: 015 Iter:  400/ 600 LR: 0.0000219361 Loss content:  0.0166 Loss fft:  0.7967 Loss dta_rank:  0.0000 Loss dta_tv:  0.0292 Loss dta_proxy:  0.6387 Loss dta_trans:  0.0068 Loss dta_phys:  0.0068 Loss dta_preserve:  0.0053
Time:  0.0723 Epoch: 015 Iter:  450/ 600 LR: 0.0000219361 Loss content:  0.0170 Loss fft:  0.8155 Loss dta_rank:  0.0000 Loss dta_tv:  0.0282 Loss dta_proxy:  0.6510 Loss dta_trans:  0.0057 Loss dta_phys:  0.0063 Loss dta_preserve:  0.0046
Time:  0.0750 Epoch: 015 Iter:  500/ 600 LR: 0.0000219361 Loss content:  0.0174 Loss fft:  0.8038 Loss dta_rank:  0.0000 Loss dta_tv:  0.0280 Loss dta_proxy:  0.6546 Loss dta_trans:  0.0051 Loss dta_phys:  0.0074 Loss dta_preserve:  0.0047
Time:  0.0714 Epoch: 015 Iter:  550/ 600 LR: 0.0000219361 Loss content:  0.0177 Loss fft:  0.8243 Loss dta_rank:  0.0000 Loss dta_tv:  0.0285 Loss dta_proxy:  0.6376 Loss dta_trans:  0.0055 Loss dta_phys:  0.0072 Loss dta_preserve:  0.0056
Time:  0.0759 Epoch: 015 Iter:  600/ 600 LR: 0.0000219361 Loss content:  0.0174 Loss fft:  0.8384 Loss dta_rank:  0.0000 Loss dta_tv:  0.0291 Loss dta_proxy:  0.6345 Loss dta_trans:  0.0064 Loss dta_phys:  0.0062 Loss dta_preserve:  0.0053
EPOCH: 15
Elapsed time: 0.88 Epoch Pixel Loss:  0.0171 Epoch FFT Loss:  0.8164 Epoch DTA Rank:  0.0000 Epoch DTA TV:  0.0288 Epoch DTA Proxy:  0.6416 Epoch DTA Trans:  0.0056 Epoch DTA Phys:  0.0066 Epoch DTA Preserve:  0.0048
DTA_GATE_RAMP epoch=16 gate_limit=0.060000
Time:  0.0795 Epoch: 016 Iter:   50/ 600 LR: 0.0000151017 Loss content:  0.0175 Loss fft:  0.8468 Loss dta_rank:  0.0000 Loss dta_tv:  0.0290 Loss dta_proxy:  0.6372 Loss dta_trans:  0.0049 Loss dta_phys:  0.0071 Loss dta_preserve:  0.0067
Time:  0.0746 Epoch: 016 Iter:  100/ 600 LR: 0.0000151017 Loss content:  0.0165 Loss fft:  0.7990 Loss dta_rank:  0.0000 Loss dta_tv:  0.0287 Loss dta_proxy:  0.6282 Loss dta_trans:  0.0053 Loss dta_phys:  0.0066 Loss dta_preserve:  0.0050
Time:  0.0759 Epoch: 016 Iter:  150/ 600 LR: 0.0000151017 Loss content:  0.0174 Loss fft:  0.8134 Loss dta_rank:  0.0000 Loss dta_tv:  0.0283 Loss dta_proxy:  0.6543 Loss dta_trans:  0.0056 Loss dta_phys:  0.0070 Loss dta_preserve:  0.0051
Time:  0.0731 Epoch: 016 Iter:  200/ 600 LR: 0.0000151017 Loss content:  0.0175 Loss fft:  0.8049 Loss dta_rank:  0.0000 Loss dta_tv:  0.0288 Loss dta_proxy:  0.6445 Loss dta_trans:  0.0046 Loss dta_phys:  0.0071 Loss dta_preserve:  0.0047
Time:  0.0744 Epoch: 016 Iter:  250/ 600 LR: 0.0000151017 Loss content:  0.0170 Loss fft:  0.8146 Loss dta_rank:  0.0000 Loss dta_tv:  0.0288 Loss dta_proxy:  0.6275 Loss dta_trans:  0.0056 Loss dta_phys:  0.0070 Loss dta_preserve:  0.0056
Time:  0.0750 Epoch: 016 Iter:  300/ 600 LR: 0.0000151017 Loss content:  0.0166 Loss fft:  0.8060 Loss dta_rank:  0.0000 Loss dta_tv:  0.0290 Loss dta_proxy:  0.6279 Loss dta_trans:  0.0060 Loss dta_phys:  0.0066 Loss dta_preserve:  0.0043
Time:  0.0742 Epoch: 016 Iter:  350/ 600 LR: 0.0000151017 Loss content:  0.0178 Loss fft:  0.8319 Loss dta_rank:  0.0000 Loss dta_tv:  0.0269 Loss dta_proxy:  0.6779 Loss dta_trans:  0.0045 Loss dta_phys:  0.0066 Loss dta_preserve:  0.0069
Time:  0.0752 Epoch: 016 Iter:  400/ 600 LR: 0.0000151017 Loss content:  0.0176 Loss fft:  0.8420 Loss dta_rank:  0.0000 Loss dta_tv:  0.0288 Loss dta_proxy:  0.6392 Loss dta_trans:  0.0052 Loss dta_phys:  0.0059 Loss dta_preserve:  0.0057
Time:  0.0737 Epoch: 016 Iter:  450/ 600 LR: 0.0000151017 Loss content:  0.0166 Loss fft:  0.8083 Loss dta_rank:  0.0000 Loss dta_tv:  0.0288 Loss dta_proxy:  0.6453 Loss dta_trans:  0.0059 Loss dta_phys:  0.0065 Loss dta_preserve:  0.0055
Time:  0.0742 Epoch: 016 Iter:  500/ 600 LR: 0.0000151017 Loss content:  0.0171 Loss fft:  0.8084 Loss dta_rank:  0.0000 Loss dta_tv:  0.0291 Loss dta_proxy:  0.6360 Loss dta_trans:  0.0062 Loss dta_phys:  0.0068 Loss dta_preserve:  0.0053
Time:  0.0715 Epoch: 016 Iter:  550/ 600 LR: 0.0000151017 Loss content:  0.0173 Loss fft:  0.8113 Loss dta_rank:  0.0000 Loss dta_tv:  0.0281 Loss dta_proxy:  0.6393 Loss dta_trans:  0.0056 Loss dta_phys:  0.0067 Loss dta_preserve:  0.0052
Time:  0.0718 Epoch: 016 Iter:  600/ 600 LR: 0.0000151017 Loss content:  0.0171 Loss fft:  0.8158 Loss dta_rank:  0.0000 Loss dta_tv:  0.0290 Loss dta_proxy:  0.6303 Loss dta_trans:  0.0065 Loss dta_phys:  0.0072 Loss dta_preserve:  0.0043
EPOCH: 16
Elapsed time: 0.90 Epoch Pixel Loss:  0.0172 Epoch FFT Loss:  0.8169 Epoch DTA Rank:  0.0000 Epoch DTA TV:  0.0286 Epoch DTA Proxy:  0.6406 Epoch DTA Trans:  0.0055 Epoch DTA Phys:  0.0068 Epoch DTA Preserve:  0.0054
DTA_GATE_RAMP epoch=17 gate_limit=0.060000
Time:  0.0777 Epoch: 017 Iter:   50/ 600 LR: 0.0000094853 Loss content:  0.0165 Loss fft:  0.8090 Loss dta_rank:  0.0000 Loss dta_tv:  0.0282 Loss dta_proxy:  0.6522 Loss dta_trans:  0.0051 Loss dta_phys:  0.0065 Loss dta_preserve:  0.0040
Time:  0.0710 Epoch: 017 Iter:  100/ 600 LR: 0.0000094853 Loss content:  0.0168 Loss fft:  0.8280 Loss dta_rank:  0.0000 Loss dta_tv:  0.0286 Loss dta_proxy:  0.6487 Loss dta_trans:  0.0059 Loss dta_phys:  0.0067 Loss dta_preserve:  0.0058
Time:  0.0756 Epoch: 017 Iter:  150/ 600 LR: 0.0000094853 Loss content:  0.0171 Loss fft:  0.8122 Loss dta_rank:  0.0000 Loss dta_tv:  0.0282 Loss dta_proxy:  0.6460 Loss dta_trans:  0.0054 Loss dta_phys:  0.0070 Loss dta_preserve:  0.0054
Time:  0.0725 Epoch: 017 Iter:  200/ 600 LR: 0.0000094853 Loss content:  0.0169 Loss fft:  0.8421 Loss dta_rank:  0.0000 Loss dta_tv:  0.0294 Loss dta_proxy:  0.6146 Loss dta_trans:  0.0057 Loss dta_phys:  0.0067 Loss dta_preserve:  0.0057
Time:  0.0716 Epoch: 017 Iter:  250/ 600 LR: 0.0000094853 Loss content:  0.0174 Loss fft:  0.8435 Loss dta_rank:  0.0000 Loss dta_tv:  0.0283 Loss dta_proxy:  0.6487 Loss dta_trans:  0.0050 Loss dta_phys:  0.0064 Loss dta_preserve:  0.0062
Time:  0.0716 Epoch: 017 Iter:  300/ 600 LR: 0.0000094853 Loss content:  0.0165 Loss fft:  0.8051 Loss dta_rank:  0.0000 Loss dta_tv:  0.0289 Loss dta_proxy:  0.6445 Loss dta_trans:  0.0061 Loss dta_phys:  0.0065 Loss dta_preserve:  0.0058
Time:  0.0733 Epoch: 017 Iter:  350/ 600 LR: 0.0000094853 Loss content:  0.0178 Loss fft:  0.8316 Loss dta_rank:  0.0000 Loss dta_tv:  0.0275 Loss dta_proxy:  0.6708 Loss dta_trans:  0.0053 Loss dta_phys:  0.0068 Loss dta_preserve:  0.0064
Time:  0.0702 Epoch: 017 Iter:  400/ 600 LR: 0.0000094853 Loss content:  0.0168 Loss fft:  0.7922 Loss dta_rank:  0.0000 Loss dta_tv:  0.0287 Loss dta_proxy:  0.6202 Loss dta_trans:  0.0052 Loss dta_phys:  0.0069 Loss dta_preserve:  0.0049
Time:  0.0721 Epoch: 017 Iter:  450/ 600 LR: 0.0000094853 Loss content:  0.0171 Loss fft:  0.8142 Loss dta_rank:  0.0000 Loss dta_tv:  0.0287 Loss dta_proxy:  0.6436 Loss dta_trans:  0.0063 Loss dta_phys:  0.0065 Loss dta_preserve:  0.0070
Time:  0.0759 Epoch: 017 Iter:  500/ 600 LR: 0.0000094853 Loss content:  0.0179 Loss fft:  0.8518 Loss dta_rank:  0.0000 Loss dta_tv:  0.0283 Loss dta_proxy:  0.6548 Loss dta_trans:  0.0053 Loss dta_phys:  0.0070 Loss dta_preserve:  0.0058
Time:  0.0736 Epoch: 017 Iter:  550/ 600 LR: 0.0000094853 Loss content:  0.0168 Loss fft:  0.7974 Loss dta_rank:  0.0000 Loss dta_tv:  0.0290 Loss dta_proxy:  0.6316 Loss dta_trans:  0.0060 Loss dta_phys:  0.0066 Loss dta_preserve:  0.0053
Time:  0.0723 Epoch: 017 Iter:  600/ 600 LR: 0.0000094853 Loss content:  0.0172 Loss fft:  0.8204 Loss dta_rank:  0.0000 Loss dta_tv:  0.0282 Loss dta_proxy:  0.6589 Loss dta_trans:  0.0051 Loss dta_phys:  0.0069 Loss dta_preserve:  0.0066
EPOCH: 17
Elapsed time: 0.88 Epoch Pixel Loss:  0.0171 Epoch FFT Loss:  0.8206 Epoch DTA Rank:  0.0000 Epoch DTA TV:  0.0285 Epoch DTA Proxy:  0.6445 Epoch DTA Trans:  0.0055 Epoch DTA Phys:  0.0067 Epoch DTA Preserve:  0.0057
DTA_GATE_RAMP epoch=18 gate_limit=0.060000
Time:  0.0770 Epoch: 018 Iter:   50/ 600 LR: 0.0000052550 Loss content:  0.0173 Loss fft:  0.8354 Loss dta_rank:  0.0000 Loss dta_tv:  0.0292 Loss dta_proxy:  0.6371 Loss dta_trans:  0.0058 Loss dta_phys:  0.0068 Loss dta_preserve:  0.0062
Time:  0.0724 Epoch: 018 Iter:  100/ 600 LR: 0.0000052550 Loss content:  0.0181 Loss fft:  0.8685 Loss dta_rank:  0.0000 Loss dta_tv:  0.0288 Loss dta_proxy:  0.6322 Loss dta_trans:  0.0055 Loss dta_phys:  0.0065 Loss dta_preserve:  0.0073
Time:  0.0749 Epoch: 018 Iter:  150/ 600 LR: 0.0000052550 Loss content:  0.0171 Loss fft:  0.8065 Loss dta_rank:  0.0000 Loss dta_tv:  0.0295 Loss dta_proxy:  0.6224 Loss dta_trans:  0.0060 Loss dta_phys:  0.0061 Loss dta_preserve:  0.0048
Time:  0.0711 Epoch: 018 Iter:  200/ 600 LR: 0.0000052550 Loss content:  0.0163 Loss fft:  0.7923 Loss dta_rank:  0.0000 Loss dta_tv:  0.0288 Loss dta_proxy:  0.6324 Loss dta_trans:  0.0055 Loss dta_phys:  0.0068 Loss dta_preserve:  0.0041
Time:  0.0714 Epoch: 018 Iter:  250/ 600 LR: 0.0000052550 Loss content:  0.0172 Loss fft:  0.7949 Loss dta_rank:  0.0000 Loss dta_tv:  0.0281 Loss dta_proxy:  0.6489 Loss dta_trans:  0.0054 Loss dta_phys:  0.0072 Loss dta_preserve:  0.0048
Time:  0.0762 Epoch: 018 Iter:  300/ 600 LR: 0.0000052550 Loss content:  0.0170 Loss fft:  0.8218 Loss dta_rank:  0.0000 Loss dta_tv:  0.0278 Loss dta_proxy:  0.6447 Loss dta_trans:  0.0051 Loss dta_phys:  0.0065 Loss dta_preserve:  0.0040
Time:  0.0738 Epoch: 018 Iter:  350/ 600 LR: 0.0000052550 Loss content:  0.0171 Loss fft:  0.8106 Loss dta_rank:  0.0000 Loss dta_tv:  0.0283 Loss dta_proxy:  0.6620 Loss dta_trans:  0.0051 Loss dta_phys:  0.0064 Loss dta_preserve:  0.0053
Time:  0.0715 Epoch: 018 Iter:  400/ 600 LR: 0.0000052550 Loss content:  0.0168 Loss fft:  0.8058 Loss dta_rank:  0.0000 Loss dta_tv:  0.0288 Loss dta_proxy:  0.6418 Loss dta_trans:  0.0056 Loss dta_phys:  0.0074 Loss dta_preserve:  0.0052
Time:  0.0728 Epoch: 018 Iter:  450/ 600 LR: 0.0000052550 Loss content:  0.0169 Loss fft:  0.8145 Loss dta_rank:  0.0000 Loss dta_tv:  0.0292 Loss dta_proxy:  0.6226 Loss dta_trans:  0.0055 Loss dta_phys:  0.0075 Loss dta_preserve:  0.0056
Time:  0.0739 Epoch: 018 Iter:  500/ 600 LR: 0.0000052550 Loss content:  0.0168 Loss fft:  0.8161 Loss dta_rank:  0.0000 Loss dta_tv:  0.0280 Loss dta_proxy:  0.6581 Loss dta_trans:  0.0045 Loss dta_phys:  0.0067 Loss dta_preserve:  0.0043
Time:  0.0717 Epoch: 018 Iter:  550/ 600 LR: 0.0000052550 Loss content:  0.0176 Loss fft:  0.8420 Loss dta_rank:  0.0000 Loss dta_tv:  0.0284 Loss dta_proxy:  0.6399 Loss dta_trans:  0.0050 Loss dta_phys:  0.0073 Loss dta_preserve:  0.0045
Time:  0.0710 Epoch: 018 Iter:  600/ 600 LR: 0.0000052550 Loss content:  0.0165 Loss fft:  0.8057 Loss dta_rank:  0.0000 Loss dta_tv:  0.0278 Loss dta_proxy:  0.6430 Loss dta_trans:  0.0055 Loss dta_phys:  0.0065 Loss dta_preserve:  0.0047
EPOCH: 18
Elapsed time: 0.88 Epoch Pixel Loss:  0.0171 Epoch FFT Loss:  0.8178 Epoch DTA Rank:  0.0000 Epoch DTA TV:  0.0286 Epoch DTA Proxy:  0.6404 Epoch DTA Trans:  0.0054 Epoch DTA Phys:  0.0068 Epoch DTA Preserve:  0.0051
DTA_GATE_RAMP epoch=19 gate_limit=0.060000
Time:  0.0797 Epoch: 019 Iter:   50/ 600 LR: 0.0000025070 Loss content:  0.0170 Loss fft:  0.8193 Loss dta_rank:  0.0000 Loss dta_tv:  0.0284 Loss dta_proxy:  0.6567 Loss dta_trans:  0.0047 Loss dta_phys:  0.0073 Loss dta_preserve:  0.0045
Time:  0.0626 Epoch: 019 Iter:  100/ 600 LR: 0.0000025070 Loss content:  0.0166 Loss fft:  0.8267 Loss dta_rank:  0.0000 Loss dta_tv:  0.0294 Loss dta_proxy:  0.6113 Loss dta_trans:  0.0059 Loss dta_phys:  0.0062 Loss dta_preserve:  0.0050
Time:  0.0710 Epoch: 019 Iter:  150/ 600 LR: 0.0000025070 Loss content:  0.0173 Loss fft:  0.8394 Loss dta_rank:  0.0000 Loss dta_tv:  0.0293 Loss dta_proxy:  0.6392 Loss dta_trans:  0.0064 Loss dta_phys:  0.0066 Loss dta_preserve:  0.0052
Time:  0.0762 Epoch: 019 Iter:  200/ 600 LR: 0.0000025070 Loss content:  0.0172 Loss fft:  0.8317 Loss dta_rank:  0.0000 Loss dta_tv:  0.0281 Loss dta_proxy:  0.6572 Loss dta_trans:  0.0057 Loss dta_phys:  0.0071 Loss dta_preserve:  0.0061
Time:  0.0745 Epoch: 019 Iter:  250/ 600 LR: 0.0000025070 Loss content:  0.0168 Loss fft:  0.7790 Loss dta_rank:  0.0000 Loss dta_tv:  0.0285 Loss dta_proxy:  0.6391 Loss dta_trans:  0.0050 Loss dta_phys:  0.0068 Loss dta_preserve:  0.0059
Time:  0.0727 Epoch: 019 Iter:  300/ 600 LR: 0.0000025070 Loss content:  0.0172 Loss fft:  0.8225 Loss dta_rank:  0.0000 Loss dta_tv:  0.0281 Loss dta_proxy:  0.6394 Loss dta_trans:  0.0048 Loss dta_phys:  0.0065 Loss dta_preserve:  0.0053
Time:  0.0736 Epoch: 019 Iter:  350/ 600 LR: 0.0000025070 Loss content:  0.0169 Loss fft:  0.8286 Loss dta_rank:  0.0000 Loss dta_tv:  0.0287 Loss dta_proxy:  0.6269 Loss dta_trans:  0.0047 Loss dta_phys:  0.0061 Loss dta_preserve:  0.0043
Time:  0.0757 Epoch: 019 Iter:  400/ 600 LR: 0.0000025070 Loss content:  0.0174 Loss fft:  0.8175 Loss dta_rank:  0.0000 Loss dta_tv:  0.0279 Loss dta_proxy:  0.6531 Loss dta_trans:  0.0054 Loss dta_phys:  0.0070 Loss dta_preserve:  0.0046
Time:  0.0718 Epoch: 019 Iter:  450/ 600 LR: 0.0000025070 Loss content:  0.0172 Loss fft:  0.8247 Loss dta_rank:  0.0000 Loss dta_tv:  0.0276 Loss dta_proxy:  0.6640 Loss dta_trans:  0.0048 Loss dta_phys:  0.0063 Loss dta_preserve:  0.0060
Time:  0.0729 Epoch: 019 Iter:  500/ 600 LR: 0.0000025070 Loss content:  0.0170 Loss fft:  0.8255 Loss dta_rank:  0.0000 Loss dta_tv:  0.0287 Loss dta_proxy:  0.6488 Loss dta_trans:  0.0050 Loss dta_phys:  0.0070 Loss dta_preserve:  0.0043
Time:  0.0733 Epoch: 019 Iter:  550/ 600 LR: 0.0000025070 Loss content:  0.0168 Loss fft:  0.8478 Loss dta_rank:  0.0000 Loss dta_tv:  0.0294 Loss dta_proxy:  0.6346 Loss dta_trans:  0.0060 Loss dta_phys:  0.0064 Loss dta_preserve:  0.0050
Time:  0.0760 Epoch: 019 Iter:  600/ 600 LR: 0.0000025070 Loss content:  0.0170 Loss fft:  0.8053 Loss dta_rank:  0.0000 Loss dta_tv:  0.0286 Loss dta_proxy:  0.6309 Loss dta_trans:  0.0056 Loss dta_phys:  0.0075 Loss dta_preserve:  0.0049
EPOCH: 19
Elapsed time: 0.88 Epoch Pixel Loss:  0.0170 Epoch FFT Loss:  0.8223 Epoch DTA Rank:  0.0000 Epoch DTA TV:  0.0285 Epoch DTA Proxy:  0.6418 Epoch DTA Trans:  0.0053 Epoch DTA Phys:  0.0067 Epoch DTA Preserve:  0.0051
DTA_GATE_RAMP epoch=20 gate_limit=0.060000
Time:  0.0765 Epoch: 020 Iter:   50/ 600 LR: 0.0000012125 Loss content:  0.0167 Loss fft:  0.7876 Loss dta_rank:  0.0000 Loss dta_tv:  0.0287 Loss dta_proxy:  0.6403 Loss dta_trans:  0.0056 Loss dta_phys:  0.0065 Loss dta_preserve:  0.0045
Time:  0.0770 Epoch: 020 Iter:  100/ 600 LR: 0.0000012125 Loss content:  0.0169 Loss fft:  0.7950 Loss dta_rank:  0.0000 Loss dta_tv:  0.0281 Loss dta_proxy:  0.6430 Loss dta_trans:  0.0053 Loss dta_phys:  0.0072 Loss dta_preserve:  0.0064
Time:  0.0747 Epoch: 020 Iter:  150/ 600 LR: 0.0000012125 Loss content:  0.0170 Loss fft:  0.8045 Loss dta_rank:  0.0000 Loss dta_tv:  0.0275 Loss dta_proxy:  0.6618 Loss dta_trans:  0.0056 Loss dta_phys:  0.0071 Loss dta_preserve:  0.0050
Time:  0.0711 Epoch: 020 Iter:  200/ 600 LR: 0.0000012125 Loss content:  0.0173 Loss fft:  0.8225 Loss dta_rank:  0.0000 Loss dta_tv:  0.0277 Loss dta_proxy:  0.6531 Loss dta_trans:  0.0052 Loss dta_phys:  0.0072 Loss dta_preserve:  0.0053
Time:  0.0713 Epoch: 020 Iter:  250/ 600 LR: 0.0000012125 Loss content:  0.0173 Loss fft:  0.8179 Loss dta_rank:  0.0000 Loss dta_tv:  0.0286 Loss dta_proxy:  0.6421 Loss dta_trans:  0.0050 Loss dta_phys:  0.0068 Loss dta_preserve:  0.0056
Time:  0.0709 Epoch: 020 Iter:  300/ 600 LR: 0.0000012125 Loss content:  0.0174 Loss fft:  0.8238 Loss dta_rank:  0.0000 Loss dta_tv:  0.0282 Loss dta_proxy:  0.6350 Loss dta_trans:  0.0050 Loss dta_phys:  0.0071 Loss dta_preserve:  0.0040
Time:  0.0743 Epoch: 020 Iter:  350/ 600 LR: 0.0000012125 Loss content:  0.0177 Loss fft:  0.8593 Loss dta_rank:  0.0000 Loss dta_tv:  0.0288 Loss dta_proxy:  0.6444 Loss dta_trans:  0.0056 Loss dta_phys:  0.0068 Loss dta_preserve:  0.0047
Time:  0.0732 Epoch: 020 Iter:  400/ 600 LR: 0.0000012125 Loss content:  0.0179 Loss fft:  0.8723 Loss dta_rank:  0.0000 Loss dta_tv:  0.0290 Loss dta_proxy:  0.6602 Loss dta_trans:  0.0058 Loss dta_phys:  0.0062 Loss dta_preserve:  0.0055
Time:  0.0737 Epoch: 020 Iter:  450/ 600 LR: 0.0000012125 Loss content:  0.0173 Loss fft:  0.8057 Loss dta_rank:  0.0000 Loss dta_tv:  0.0285 Loss dta_proxy:  0.6424 Loss dta_trans:  0.0054 Loss dta_phys:  0.0065 Loss dta_preserve:  0.0088
Time:  0.0754 Epoch: 020 Iter:  500/ 600 LR: 0.0000012125 Loss content:  0.0170 Loss fft:  0.8210 Loss dta_rank:  0.0000 Loss dta_tv:  0.0286 Loss dta_proxy:  0.6472 Loss dta_trans:  0.0065 Loss dta_phys:  0.0070 Loss dta_preserve:  0.0054
Time:  0.0729 Epoch: 020 Iter:  550/ 600 LR: 0.0000012125 Loss content:  0.0176 Loss fft:  0.8358 Loss dta_rank:  0.0000 Loss dta_tv:  0.0284 Loss dta_proxy:  0.6467 Loss dta_trans:  0.0047 Loss dta_phys:  0.0067 Loss dta_preserve:  0.0055
Time:  0.0709 Epoch: 020 Iter:  600/ 600 LR: 0.0000012125 Loss content:  0.0164 Loss fft:  0.7725 Loss dta_rank:  0.0000 Loss dta_tv:  0.0274 Loss dta_proxy:  0.6489 Loss dta_trans:  0.0050 Loss dta_phys:  0.0066 Loss dta_preserve:  0.0050
EPOCH: 20
Elapsed time: 0.89 Epoch Pixel Loss:  0.0172 Epoch FFT Loss:  0.8182 Epoch DTA Rank:  0.0000 Epoch DTA TV:  0.0283 Epoch DTA Proxy:  0.6471 Epoch DTA Trans:  0.0054 Epoch DTA Phys:  0.0068 Epoch DTA Preserve:  0.0055
