Namespace(model_name='ConvIR-Haze4K-DTA-v2-adapter_only-normal-seed3411-f2-oof20', data='Haze4K', version='base', fam_mode='original', arch='dta_v2', seed=3411, mode='train', data_dir='/sda/home/wangyuxin/ConvIR-B/datasets/Haze4K/Haze4K', batch_size=4, learning_rate=0.0001, weight_decay=0.0, num_epoch=20, stop_epoch=20, print_freq=50, num_worker=4, save_freq=5, valid_freq=9999, mod_stats_freq=5, mod_stats_batches=16, grad_clip_norm=0.001, dta_grad_clip_norm=0.05, dta_neighbor_grad_clip_norm=0.005, init_model='/sda/home/wangyuxin/ConvIR-B/checkpoints/official/Haze4K/haze4k-base.pkl', init_model_partial=True, partial_new_prefixes='DTA.', resume='', train_scope='adapter_only', dta_depth_cache_dir='/sda/home/wangyuxin/ConvIR-B/depth_cache/depth_anything_v2_small_hf', dta_train_depth_split='train', dta_eval_depth_split='train', valid_root_split='train', eval_root_split='test', dta_require_depth=True, dta_variant='v2', dta_depth_mode='normal', dta_prior_channels=32, dta_gate_bias=-6.0, dta_gate_limit=0.06, dta_gamma_limit=0.12, dta_beta_limit=0.06, dta_alpha_init=1.0, dta_confidence_floor=0.25, dta_confidence_local_scale=6.0, dta_output_residual_scale=0.03, dta_use_trans_gt=True, dta_trans_weight=0.02, dta_phys_weight=0.005, dta_preserve_weight=0.02, dta_preserve_trans_thresh=0.8, dta_gate_ramp_start=0.01, dta_gate_ramp_mid=0.03, dta_gate_ramp_end=0.06, dta_gate_ramp_warmup_epochs=2, dta_gate_ramp_mid_epochs=8, dta_rank_weight=0.001, dta_tv_weight=0.0001, dta_proxy_weight=0.0, dta_rank_pairs=512, dta_rank_min_depth_gap=0.03, split_json='/sda/home/wangyuxin/ConvIR-B/repos/ConvIR-B-dta-v2-calibrated/experience_docx/experiment_logs/haze4k_dta_v2_calibrated_20260611/dta_v2_haze4k_oof_splits_seed3407.json', split_name='fold2_train', test_model='', save_image=False, leaning_rate=0.0001, model_save_dir='results/ConvIR-Haze4K-DTA-v2-adapter_only-normal-seed3411-f2-oof20/Training-Results/', result_dir='results/ConvIR-Haze4K-DTA-v2-adapter_only-normal-seed3411-f2-oof20/images/Haze4K', init_model_sha256='6f42037d57a4e3de3a10ac0ab909d66a3415864a19433c29204a975f4efa4088')
/sda/home/wangyuxin/ConvIR-B/repos/ConvIR-B-dta-v2-calibrated/Dehazing/ITS/main.py:14: FutureWarning: You are using `torch.load` with `weights_only=False` (the current default value), which uses the default pickle module implicitly. It is possible to construct malicious pickle data which will execute arbitrary code during unpickling (See https://github.com/pytorch/pytorch/blob/main/SECURITY.md#untrusted-models for more details). In a future release, the default value for `weights_only` will be flipped to `True`. This limits the functions that could be executed during unpickling. Arbitrary objects will no longer be allowed to be loaded via this mode unless they are explicitly allowlisted by the user via `torch.serialization.add_safe_globals`. We recommend you start setting `weights_only=True` for any use case where you don't have full control of the loaded file. Please open an issue on GitHub for any issues related to this experimental feature.
  state = torch.load(path, map_location=map_location)
INIT_MODEL_PARTIAL_LOAD path=/sda/home/wangyuxin/ConvIR-B/checkpoints/official/Haze4K/haze4k-base.pkl loaded=602 missing_allowed=25 unexpected=[] allowed_new_prefixes=('DTA.',)
TRAIN_SCOPE scope=adapter_only arch=dta_v2 trainable=74699 total=8705364
/sda/home/wangyuxin/ConvIR-B/envs/convir-cu121/lib/python3.10/site-packages/torch/optim/lr_scheduler.py:224: UserWarning: Detected call of `lr_scheduler.step()` before `optimizer.step()`. In PyTorch 1.1.0 and later, you should call them in the opposite order: `optimizer.step()` before `lr_scheduler.step()`.  Failure to do this will result in PyTorch skipping the first value of the learning rate schedule. See more details at https://pytorch.org/docs/stable/optim.html#how-to-adjust-learning-rate
  warnings.warn(
DTA_GATE_RAMP epoch=1 gate_limit=0.010000
Time:  0.1011 Epoch: 001 Iter:   50/ 600 LR: 0.0000333333 Loss content:  0.0168 Loss fft:  0.8413 Loss dta_rank:  0.6933 Loss dta_tv:  0.0030 Loss dta_proxy:  0.2770 Loss dta_trans:  0.0419 Loss dta_phys:  0.0069 Loss dta_preserve:  0.0035
Time:  0.0721 Epoch: 001 Iter:  100/ 600 LR: 0.0000333333 Loss content:  0.0176 Loss fft:  0.8015 Loss dta_rank:  0.6961 Loss dta_tv:  0.0095 Loss dta_proxy:  0.3168 Loss dta_trans:  0.0339 Loss dta_phys:  0.0087 Loss dta_preserve:  0.0053
Time:  0.0722 Epoch: 001 Iter:  150/ 600 LR: 0.0000333333 Loss content:  0.0171 Loss fft:  0.8409 Loss dta_rank:  0.7019 Loss dta_tv:  0.0146 Loss dta_proxy:  0.3605 Loss dta_trans:  0.0297 Loss dta_phys:  0.0092 Loss dta_preserve:  0.0055
Time:  0.0751 Epoch: 001 Iter:  200/ 600 LR: 0.0000333333 Loss content:  0.0165 Loss fft:  0.8044 Loss dta_rank:  0.7131 Loss dta_tv:  0.0196 Loss dta_proxy:  0.3636 Loss dta_trans:  0.0245 Loss dta_phys:  0.0092 Loss dta_preserve:  0.0049
Time:  0.0760 Epoch: 001 Iter:  250/ 600 LR: 0.0000333333 Loss content:  0.0171 Loss fft:  0.8110 Loss dta_rank:  0.7239 Loss dta_tv:  0.0256 Loss dta_proxy:  0.3798 Loss dta_trans:  0.0189 Loss dta_phys:  0.0069 Loss dta_preserve:  0.0050
Time:  0.0773 Epoch: 001 Iter:  300/ 600 LR: 0.0000333333 Loss content:  0.0171 Loss fft:  0.8186 Loss dta_rank:  0.7377 Loss dta_tv:  0.0297 Loss dta_proxy:  0.4206 Loss dta_trans:  0.0156 Loss dta_phys:  0.0064 Loss dta_preserve:  0.0059
Time:  0.0735 Epoch: 001 Iter:  350/ 600 LR: 0.0000333333 Loss content:  0.0173 Loss fft:  0.7912 Loss dta_rank:  0.7420 Loss dta_tv:  0.0327 Loss dta_proxy:  0.4210 Loss dta_trans:  0.0135 Loss dta_phys:  0.0069 Loss dta_preserve:  0.0056
Time:  0.0718 Epoch: 001 Iter:  400/ 600 LR: 0.0000333333 Loss content:  0.0170 Loss fft:  0.8126 Loss dta_rank:  0.7538 Loss dta_tv:  0.0348 Loss dta_proxy:  0.4314 Loss dta_trans:  0.0123 Loss dta_phys:  0.0064 Loss dta_preserve:  0.0045
Time:  0.0737 Epoch: 001 Iter:  450/ 600 LR: 0.0000333333 Loss content:  0.0175 Loss fft:  0.8249 Loss dta_rank:  0.7533 Loss dta_tv:  0.0374 Loss dta_proxy:  0.4247 Loss dta_trans:  0.0107 Loss dta_phys:  0.0084 Loss dta_preserve:  0.0051
Time:  0.0757 Epoch: 001 Iter:  500/ 600 LR: 0.0000333333 Loss content:  0.0171 Loss fft:  0.8304 Loss dta_rank:  0.7566 Loss dta_tv:  0.0364 Loss dta_proxy:  0.4409 Loss dta_trans:  0.0118 Loss dta_phys:  0.0074 Loss dta_preserve:  0.0052
Time:  0.0667 Epoch: 001 Iter:  550/ 600 LR: 0.0000333333 Loss content:  0.0170 Loss fft:  0.8283 Loss dta_rank:  0.7549 Loss dta_tv:  0.0353 Loss dta_proxy:  0.4479 Loss dta_trans:  0.0103 Loss dta_phys:  0.0069 Loss dta_preserve:  0.0044
Time:  0.0677 Epoch: 001 Iter:  600/ 600 LR: 0.0000333333 Loss content:  0.0168 Loss fft:  0.8241 Loss dta_rank:  0.7575 Loss dta_tv:  0.0364 Loss dta_proxy:  0.4440 Loss dta_trans:  0.0104 Loss dta_phys:  0.0076 Loss dta_preserve:  0.0039
EPOCH: 01
Elapsed time: 0.90 Epoch Pixel Loss:  0.0171 Epoch FFT Loss:  0.8191 Epoch DTA Rank:  0.7320 Epoch DTA TV:  0.0263 Epoch DTA Proxy:  0.3940 Epoch DTA Trans:  0.0195 Epoch DTA Phys:  0.0076 Epoch DTA Preserve:  0.0049
DTA_GATE_RAMP epoch=2 gate_limit=0.010000
Time:  0.0777 Epoch: 002 Iter:   50/ 600 LR: 0.0000666667 Loss content:  0.0171 Loss fft:  0.8181 Loss dta_rank:  0.7597 Loss dta_tv:  0.0364 Loss dta_proxy:  0.4409 Loss dta_trans:  0.0096 Loss dta_phys:  0.0067 Loss dta_preserve:  0.0049
Time:  0.0736 Epoch: 002 Iter:  100/ 600 LR: 0.0000666667 Loss content:  0.0175 Loss fft:  0.8198 Loss dta_rank:  0.7630 Loss dta_tv:  0.0374 Loss dta_proxy:  0.4395 Loss dta_trans:  0.0107 Loss dta_phys:  0.0075 Loss dta_preserve:  0.0042
Time:  0.0730 Epoch: 002 Iter:  150/ 600 LR: 0.0000666667 Loss content:  0.0174 Loss fft:  0.8291 Loss dta_rank:  0.7590 Loss dta_tv:  0.0363 Loss dta_proxy:  0.4543 Loss dta_trans:  0.0090 Loss dta_phys:  0.0072 Loss dta_preserve:  0.0058
Time:  0.0759 Epoch: 002 Iter:  200/ 600 LR: 0.0000666667 Loss content:  0.0167 Loss fft:  0.8044 Loss dta_rank:  0.7642 Loss dta_tv:  0.0360 Loss dta_proxy:  0.4712 Loss dta_trans:  0.0091 Loss dta_phys:  0.0077 Loss dta_preserve:  0.0058
Time:  0.0752 Epoch: 002 Iter:  250/ 600 LR: 0.0000666667 Loss content:  0.0169 Loss fft:  0.7903 Loss dta_rank:  0.7640 Loss dta_tv:  0.0350 Loss dta_proxy:  0.4642 Loss dta_trans:  0.0095 Loss dta_phys:  0.0066 Loss dta_preserve:  0.0049
Time:  0.0729 Epoch: 002 Iter:  300/ 600 LR: 0.0000666667 Loss content:  0.0174 Loss fft:  0.8258 Loss dta_rank:  0.7604 Loss dta_tv:  0.0349 Loss dta_proxy:  0.4381 Loss dta_trans:  0.0095 Loss dta_phys:  0.0074 Loss dta_preserve:  0.0050
Time:  0.0726 Epoch: 002 Iter:  350/ 600 LR: 0.0000666667 Loss content:  0.0168 Loss fft:  0.8072 Loss dta_rank:  0.7647 Loss dta_tv:  0.0365 Loss dta_proxy:  0.4299 Loss dta_trans:  0.0093 Loss dta_phys:  0.0068 Loss dta_preserve:  0.0045
Time:  0.0761 Epoch: 002 Iter:  400/ 600 LR: 0.0000666667 Loss content:  0.0176 Loss fft:  0.8300 Loss dta_rank:  0.7641 Loss dta_tv:  0.0350 Loss dta_proxy:  0.4346 Loss dta_trans:  0.0082 Loss dta_phys:  0.0066 Loss dta_preserve:  0.0061
Time:  0.0717 Epoch: 002 Iter:  450/ 600 LR: 0.0000666667 Loss content:  0.0178 Loss fft:  0.8206 Loss dta_rank:  0.7587 Loss dta_tv:  0.0337 Loss dta_proxy:  0.4532 Loss dta_trans:  0.0094 Loss dta_phys:  0.0076 Loss dta_preserve:  0.0054
Time:  0.0737 Epoch: 002 Iter:  500/ 600 LR: 0.0000666667 Loss content:  0.0166 Loss fft:  0.8092 Loss dta_rank:  0.7659 Loss dta_tv:  0.0338 Loss dta_proxy:  0.4512 Loss dta_trans:  0.0091 Loss dta_phys:  0.0073 Loss dta_preserve:  0.0046
Time:  0.0750 Epoch: 002 Iter:  550/ 600 LR: 0.0000666667 Loss content:  0.0179 Loss fft:  0.8409 Loss dta_rank:  0.7704 Loss dta_tv:  0.0346 Loss dta_proxy:  0.4389 Loss dta_trans:  0.0100 Loss dta_phys:  0.0066 Loss dta_preserve:  0.0053
Time:  0.0759 Epoch: 002 Iter:  600/ 600 LR: 0.0000666667 Loss content:  0.0176 Loss fft:  0.8213 Loss dta_rank:  0.7689 Loss dta_tv:  0.0331 Loss dta_proxy:  0.4581 Loss dta_trans:  0.0079 Loss dta_phys:  0.0063 Loss dta_preserve:  0.0064
EPOCH: 02
Elapsed time: 0.90 Epoch Pixel Loss:  0.0173 Epoch FFT Loss:  0.8181 Epoch DTA Rank:  0.7636 Epoch DTA TV:  0.0352 Epoch DTA Proxy:  0.4478 Epoch DTA Trans:  0.0093 Epoch DTA Phys:  0.0070 Epoch DTA Preserve:  0.0053
DTA_GATE_RAMP epoch=3 gate_limit=0.030000
Time:  0.0784 Epoch: 003 Iter:   50/ 600 LR: 0.0001000000 Loss content:  0.0174 Loss fft:  0.8267 Loss dta_rank:  0.7673 Loss dta_tv:  0.0333 Loss dta_proxy:  0.4612 Loss dta_trans:  0.0096 Loss dta_phys:  0.0075 Loss dta_preserve:  0.0054
Time:  0.0742 Epoch: 003 Iter:  100/ 600 LR: 0.0001000000 Loss content:  0.0174 Loss fft:  0.8189 Loss dta_rank:  0.7649 Loss dta_tv:  0.0318 Loss dta_proxy:  0.4516 Loss dta_trans:  0.0079 Loss dta_phys:  0.0058 Loss dta_preserve:  0.0065
Time:  0.0745 Epoch: 003 Iter:  150/ 600 LR: 0.0001000000 Loss content:  0.0176 Loss fft:  0.8277 Loss dta_rank:  0.7643 Loss dta_tv:  0.0324 Loss dta_proxy:  0.4445 Loss dta_trans:  0.0085 Loss dta_phys:  0.0058 Loss dta_preserve:  0.0049
Time:  0.0711 Epoch: 003 Iter:  200/ 600 LR: 0.0001000000 Loss content:  0.0175 Loss fft:  0.8525 Loss dta_rank:  0.7678 Loss dta_tv:  0.0331 Loss dta_proxy:  0.4494 Loss dta_trans:  0.0074 Loss dta_phys:  0.0068 Loss dta_preserve:  0.0070
Time:  0.0730 Epoch: 003 Iter:  250/ 600 LR: 0.0001000000 Loss content:  0.0171 Loss fft:  0.8010 Loss dta_rank:  0.7767 Loss dta_tv:  0.0325 Loss dta_proxy:  0.4584 Loss dta_trans:  0.0082 Loss dta_phys:  0.0067 Loss dta_preserve:  0.0049
Time:  0.0682 Epoch: 003 Iter:  300/ 600 LR: 0.0001000000 Loss content:  0.0168 Loss fft:  0.8154 Loss dta_rank:  0.7667 Loss dta_tv:  0.0325 Loss dta_proxy:  0.4356 Loss dta_trans:  0.0090 Loss dta_phys:  0.0061 Loss dta_preserve:  0.0051
Time:  0.0667 Epoch: 003 Iter:  350/ 600 LR: 0.0001000000 Loss content:  0.0172 Loss fft:  0.8270 Loss dta_rank:  0.7731 Loss dta_tv:  0.0325 Loss dta_proxy:  0.4518 Loss dta_trans:  0.0081 Loss dta_phys:  0.0066 Loss dta_preserve:  0.0051
Time:  0.0739 Epoch: 003 Iter:  400/ 600 LR: 0.0001000000 Loss content:  0.0173 Loss fft:  0.8106 Loss dta_rank:  0.7682 Loss dta_tv:  0.0312 Loss dta_proxy:  0.4721 Loss dta_trans:  0.0075 Loss dta_phys:  0.0076 Loss dta_preserve:  0.0070
Time:  0.0743 Epoch: 003 Iter:  450/ 600 LR: 0.0001000000 Loss content:  0.0182 Loss fft:  0.8324 Loss dta_rank:  0.7715 Loss dta_tv:  0.0309 Loss dta_proxy:  0.4541 Loss dta_trans:  0.0069 Loss dta_phys:  0.0065 Loss dta_preserve:  0.0062
Time:  0.0767 Epoch: 003 Iter:  500/ 600 LR: 0.0001000000 Loss content:  0.0171 Loss fft:  0.8281 Loss dta_rank:  0.7711 Loss dta_tv:  0.0317 Loss dta_proxy:  0.4512 Loss dta_trans:  0.0070 Loss dta_phys:  0.0076 Loss dta_preserve:  0.0048
Time:  0.0732 Epoch: 003 Iter:  550/ 600 LR: 0.0001000000 Loss content:  0.0170 Loss fft:  0.8029 Loss dta_rank:  0.7694 Loss dta_tv:  0.0316 Loss dta_proxy:  0.4382 Loss dta_trans:  0.0079 Loss dta_phys:  0.0073 Loss dta_preserve:  0.0053
Time:  0.0739 Epoch: 003 Iter:  600/ 600 LR: 0.0001000000 Loss content:  0.0169 Loss fft:  0.7879 Loss dta_rank:  0.7685 Loss dta_tv:  0.0313 Loss dta_proxy:  0.4396 Loss dta_trans:  0.0085 Loss dta_phys:  0.0075 Loss dta_preserve:  0.0049
EPOCH: 03
Elapsed time: 0.88 Epoch Pixel Loss:  0.0173 Epoch FFT Loss:  0.8193 Epoch DTA Rank:  0.7691 Epoch DTA TV:  0.0321 Epoch DTA Proxy:  0.4506 Epoch DTA Trans:  0.0080 Epoch DTA Phys:  0.0068 Epoch DTA Preserve:  0.0056
/sda/home/wangyuxin/ConvIR-B/envs/convir-cu121/lib/python3.10/site-packages/torch/optim/lr_scheduler.py:1087: UserWarning: To get the last learning rate computed by the scheduler, please use `get_last_lr()`.
  _warn_get_lr_called_within_step(self)
DTA_GATE_RAMP epoch=4 gate_limit=0.030000
Time:  0.0792 Epoch: 004 Iter:   50/ 600 LR: 0.0001000000 Loss content:  0.0171 Loss fft:  0.8382 Loss dta_rank:  0.7696 Loss dta_tv:  0.0304 Loss dta_proxy:  0.4488 Loss dta_trans:  0.0074 Loss dta_phys:  0.0065 Loss dta_preserve:  0.0040
Time:  0.0714 Epoch: 004 Iter:  100/ 600 LR: 0.0001000000 Loss content:  0.0173 Loss fft:  0.8196 Loss dta_rank:  0.7742 Loss dta_tv:  0.0302 Loss dta_proxy:  0.4596 Loss dta_trans:  0.0083 Loss dta_phys:  0.0064 Loss dta_preserve:  0.0087
Time:  0.0721 Epoch: 004 Iter:  150/ 600 LR: 0.0001000000 Loss content:  0.0176 Loss fft:  0.8330 Loss dta_rank:  0.7739 Loss dta_tv:  0.0305 Loss dta_proxy:  0.4561 Loss dta_trans:  0.0079 Loss dta_phys:  0.0067 Loss dta_preserve:  0.0053
Time:  0.0720 Epoch: 004 Iter:  200/ 600 LR: 0.0001000000 Loss content:  0.0168 Loss fft:  0.8090 Loss dta_rank:  0.7665 Loss dta_tv:  0.0298 Loss dta_proxy:  0.4519 Loss dta_trans:  0.0076 Loss dta_phys:  0.0068 Loss dta_preserve:  0.0040
Time:  0.0705 Epoch: 004 Iter:  250/ 600 LR: 0.0001000000 Loss content:  0.0174 Loss fft:  0.8422 Loss dta_rank:  0.7664 Loss dta_tv:  0.0300 Loss dta_proxy:  0.4442 Loss dta_trans:  0.0076 Loss dta_phys:  0.0066 Loss dta_preserve:  0.0040
Time:  0.0742 Epoch: 004 Iter:  300/ 600 LR: 0.0001000000 Loss content:  0.0165 Loss fft:  0.8025 Loss dta_rank:  0.7735 Loss dta_tv:  0.0295 Loss dta_proxy:  0.4599 Loss dta_trans:  0.0072 Loss dta_phys:  0.0069 Loss dta_preserve:  0.0055
Time:  0.0757 Epoch: 004 Iter:  350/ 600 LR: 0.0001000000 Loss content:  0.0174 Loss fft:  0.8241 Loss dta_rank:  0.7706 Loss dta_tv:  0.0293 Loss dta_proxy:  0.4466 Loss dta_trans:  0.0072 Loss dta_phys:  0.0063 Loss dta_preserve:  0.0055
Time:  0.0749 Epoch: 004 Iter:  400/ 600 LR: 0.0001000000 Loss content:  0.0175 Loss fft:  0.8266 Loss dta_rank:  0.7692 Loss dta_tv:  0.0298 Loss dta_proxy:  0.4613 Loss dta_trans:  0.0071 Loss dta_phys:  0.0071 Loss dta_preserve:  0.0054
Time:  0.0735 Epoch: 004 Iter:  450/ 600 LR: 0.0001000000 Loss content:  0.0163 Loss fft:  0.8013 Loss dta_rank:  0.7705 Loss dta_tv:  0.0294 Loss dta_proxy:  0.4543 Loss dta_trans:  0.0073 Loss dta_phys:  0.0072 Loss dta_preserve:  0.0046
Time:  0.0733 Epoch: 004 Iter:  500/ 600 LR: 0.0001000000 Loss content:  0.0167 Loss fft:  0.8014 Loss dta_rank:  0.7689 Loss dta_tv:  0.0287 Loss dta_proxy:  0.4533 Loss dta_trans:  0.0069 Loss dta_phys:  0.0064 Loss dta_preserve:  0.0051
Time:  0.0739 Epoch: 004 Iter:  550/ 600 LR: 0.0001000000 Loss content:  0.0173 Loss fft:  0.8204 Loss dta_rank:  0.7734 Loss dta_tv:  0.0298 Loss dta_proxy:  0.4340 Loss dta_trans:  0.0074 Loss dta_phys:  0.0066 Loss dta_preserve:  0.0069
Time:  0.0737 Epoch: 004 Iter:  600/ 600 LR: 0.0001000000 Loss content:  0.0180 Loss fft:  0.8498 Loss dta_rank:  0.7733 Loss dta_tv:  0.0290 Loss dta_proxy:  0.4618 Loss dta_trans:  0.0064 Loss dta_phys:  0.0060 Loss dta_preserve:  0.0062
EPOCH: 04
Elapsed time: 0.89 Epoch Pixel Loss:  0.0172 Epoch FFT Loss:  0.8223 Epoch DTA Rank:  0.7708 Epoch DTA TV:  0.0297 Epoch DTA Proxy:  0.4527 Epoch DTA Trans:  0.0074 Epoch DTA Phys:  0.0066 Epoch DTA Preserve:  0.0054
DTA_GATE_RAMP epoch=5 gate_limit=0.030000
Time:  0.0772 Epoch: 005 Iter:   50/ 600 LR: 0.0000983215 Loss content:  0.0179 Loss fft:  0.8098 Loss dta_rank:  0.7734 Loss dta_tv:  0.0293 Loss dta_proxy:  0.4543 Loss dta_trans:  0.0071 Loss dta_phys:  0.0070 Loss dta_preserve:  0.0049
Time:  0.0762 Epoch: 005 Iter:  100/ 600 LR: 0.0000983215 Loss content:  0.0172 Loss fft:  0.8315 Loss dta_rank:  0.7682 Loss dta_tv:  0.0285 Loss dta_proxy:  0.4688 Loss dta_trans:  0.0062 Loss dta_phys:  0.0069 Loss dta_preserve:  0.0043
Time:  0.0769 Epoch: 005 Iter:  150/ 600 LR: 0.0000983215 Loss content:  0.0172 Loss fft:  0.8194 Loss dta_rank:  0.7712 Loss dta_tv:  0.0284 Loss dta_proxy:  0.4645 Loss dta_trans:  0.0068 Loss dta_phys:  0.0062 Loss dta_preserve:  0.0045
Time:  0.0776 Epoch: 005 Iter:  200/ 600 LR: 0.0000983215 Loss content:  0.0176 Loss fft:  0.8293 Loss dta_rank:  0.7747 Loss dta_tv:  0.0277 Loss dta_proxy:  0.4654 Loss dta_trans:  0.0063 Loss dta_phys:  0.0070 Loss dta_preserve:  0.0053
Time:  0.0756 Epoch: 005 Iter:  250/ 600 LR: 0.0000983215 Loss content:  0.0172 Loss fft:  0.8041 Loss dta_rank:  0.7755 Loss dta_tv:  0.0296 Loss dta_proxy:  0.4453 Loss dta_trans:  0.0076 Loss dta_phys:  0.0066 Loss dta_preserve:  0.0046
Time:  0.0761 Epoch: 005 Iter:  300/ 600 LR: 0.0000983215 Loss content:  0.0170 Loss fft:  0.8279 Loss dta_rank:  0.7728 Loss dta_tv:  0.0287 Loss dta_proxy:  0.4426 Loss dta_trans:  0.0069 Loss dta_phys:  0.0065 Loss dta_preserve:  0.0061
Time:  0.0758 Epoch: 005 Iter:  350/ 600 LR: 0.0000983215 Loss content:  0.0173 Loss fft:  0.8282 Loss dta_rank:  0.7707 Loss dta_tv:  0.0282 Loss dta_proxy:  0.4616 Loss dta_trans:  0.0070 Loss dta_phys:  0.0074 Loss dta_preserve:  0.0051
Time:  0.0768 Epoch: 005 Iter:  400/ 600 LR: 0.0000983215 Loss content:  0.0172 Loss fft:  0.8089 Loss dta_rank:  0.7699 Loss dta_tv:  0.0279 Loss dta_proxy:  0.4765 Loss dta_trans:  0.0067 Loss dta_phys:  0.0065 Loss dta_preserve:  0.0046
Time:  0.0737 Epoch: 005 Iter:  450/ 600 LR: 0.0000983215 Loss content:  0.0174 Loss fft:  0.8185 Loss dta_rank:  0.7770 Loss dta_tv:  0.0283 Loss dta_proxy:  0.4455 Loss dta_trans:  0.0054 Loss dta_phys:  0.0063 Loss dta_preserve:  0.0061
Time:  0.0742 Epoch: 005 Iter:  500/ 600 LR: 0.0000983215 Loss content:  0.0169 Loss fft:  0.7911 Loss dta_rank:  0.7692 Loss dta_tv:  0.0282 Loss dta_proxy:  0.4340 Loss dta_trans:  0.0087 Loss dta_phys:  0.0070 Loss dta_preserve:  0.0047
Time:  0.0762 Epoch: 005 Iter:  550/ 600 LR: 0.0000983215 Loss content:  0.0171 Loss fft:  0.8180 Loss dta_rank:  0.7720 Loss dta_tv:  0.0269 Loss dta_proxy:  0.4565 Loss dta_trans:  0.0071 Loss dta_phys:  0.0067 Loss dta_preserve:  0.0052
Time:  0.0772 Epoch: 005 Iter:  600/ 600 LR: 0.0000983215 Loss content:  0.0173 Loss fft:  0.8238 Loss dta_rank:  0.7789 Loss dta_tv:  0.0276 Loss dta_proxy:  0.4630 Loss dta_trans:  0.0074 Loss dta_phys:  0.0067 Loss dta_preserve:  0.0047
EPOCH: 05
Elapsed time: 0.92 Epoch Pixel Loss:  0.0173 Epoch FFT Loss:  0.8175 Epoch DTA Rank:  0.7728 Epoch DTA TV:  0.0283 Epoch DTA Proxy:  0.4565 Epoch DTA Trans:  0.0069 Epoch DTA Phys:  0.0067 Epoch DTA Preserve:  0.0050
DTA_GATE_RAMP epoch=6 gate_limit=0.030000
Time:  0.0713 Epoch: 006 Iter:   50/ 600 LR: 0.0000942212 Loss content:  0.0172 Loss fft:  0.8261 Loss dta_rank:  0.7666 Loss dta_tv:  0.0278 Loss dta_proxy:  0.4437 Loss dta_trans:  0.0065 Loss dta_phys:  0.0064 Loss dta_preserve:  0.0045
Time:  0.0718 Epoch: 006 Iter:  100/ 600 LR: 0.0000942212 Loss content:  0.0161 Loss fft:  0.8086 Loss dta_rank:  0.7725 Loss dta_tv:  0.0285 Loss dta_proxy:  0.4383 Loss dta_trans:  0.0066 Loss dta_phys:  0.0059 Loss dta_preserve:  0.0046
Time:  0.0728 Epoch: 006 Iter:  150/ 600 LR: 0.0000942212 Loss content:  0.0169 Loss fft:  0.8360 Loss dta_rank:  0.7743 Loss dta_tv:  0.0276 Loss dta_proxy:  0.4600 Loss dta_trans:  0.0066 Loss dta_phys:  0.0062 Loss dta_preserve:  0.0060
Time:  0.0762 Epoch: 006 Iter:  200/ 600 LR: 0.0000942212 Loss content:  0.0173 Loss fft:  0.7951 Loss dta_rank:  0.7726 Loss dta_tv:  0.0271 Loss dta_proxy:  0.4666 Loss dta_trans:  0.0071 Loss dta_phys:  0.0083 Loss dta_preserve:  0.0047
Time:  0.0733 Epoch: 006 Iter:  250/ 600 LR: 0.0000942212 Loss content:  0.0171 Loss fft:  0.8349 Loss dta_rank:  0.7793 Loss dta_tv:  0.0277 Loss dta_proxy:  0.4681 Loss dta_trans:  0.0060 Loss dta_phys:  0.0069 Loss dta_preserve:  0.0049
Time:  0.0765 Epoch: 006 Iter:  300/ 600 LR: 0.0000942212 Loss content:  0.0173 Loss fft:  0.8265 Loss dta_rank:  0.7803 Loss dta_tv:  0.0279 Loss dta_proxy:  0.4501 Loss dta_trans:  0.0064 Loss dta_phys:  0.0065 Loss dta_preserve:  0.0056
Time:  0.0740 Epoch: 006 Iter:  350/ 600 LR: 0.0000942212 Loss content:  0.0173 Loss fft:  0.8068 Loss dta_rank:  0.7714 Loss dta_tv:  0.0271 Loss dta_proxy:  0.4520 Loss dta_trans:  0.0067 Loss dta_phys:  0.0074 Loss dta_preserve:  0.0052
Time:  0.0743 Epoch: 006 Iter:  400/ 600 LR: 0.0000942212 Loss content:  0.0181 Loss fft:  0.8005 Loss dta_rank:  0.7685 Loss dta_tv:  0.0255 Loss dta_proxy:  0.4702 Loss dta_trans:  0.0077 Loss dta_phys:  0.0065 Loss dta_preserve:  0.0055
Time:  0.0753 Epoch: 006 Iter:  450/ 600 LR: 0.0000942212 Loss content:  0.0171 Loss fft:  0.8063 Loss dta_rank:  0.7724 Loss dta_tv:  0.0271 Loss dta_proxy:  0.4521 Loss dta_trans:  0.0065 Loss dta_phys:  0.0062 Loss dta_preserve:  0.0051
Time:  0.0780 Epoch: 006 Iter:  500/ 600 LR: 0.0000942212 Loss content:  0.0167 Loss fft:  0.7971 Loss dta_rank:  0.7716 Loss dta_tv:  0.0271 Loss dta_proxy:  0.4709 Loss dta_trans:  0.0071 Loss dta_phys:  0.0069 Loss dta_preserve:  0.0046
Time:  0.0778 Epoch: 006 Iter:  550/ 600 LR: 0.0000942212 Loss content:  0.0173 Loss fft:  0.8434 Loss dta_rank:  0.7743 Loss dta_tv:  0.0268 Loss dta_proxy:  0.4516 Loss dta_trans:  0.0053 Loss dta_phys:  0.0061 Loss dta_preserve:  0.0055
Time:  0.0769 Epoch: 006 Iter:  600/ 600 LR: 0.0000942212 Loss content:  0.0175 Loss fft:  0.8302 Loss dta_rank:  0.7716 Loss dta_tv:  0.0270 Loss dta_proxy:  0.4534 Loss dta_trans:  0.0076 Loss dta_phys:  0.0073 Loss dta_preserve:  0.0055
EPOCH: 06
Elapsed time: 0.90 Epoch Pixel Loss:  0.0172 Epoch FFT Loss:  0.8176 Epoch DTA Rank:  0.7730 Epoch DTA TV:  0.0273 Epoch DTA Proxy:  0.4564 Epoch DTA Trans:  0.0067 Epoch DTA Phys:  0.0067 Epoch DTA Preserve:  0.0051
DTA_GATE_RAMP epoch=7 gate_limit=0.030000
Time:  0.0808 Epoch: 007 Iter:   50/ 600 LR: 0.0000886874 Loss content:  0.0175 Loss fft:  0.8456 Loss dta_rank:  0.7797 Loss dta_tv:  0.0273 Loss dta_proxy:  0.4400 Loss dta_trans:  0.0064 Loss dta_phys:  0.0065 Loss dta_preserve:  0.0047
Time:  0.0729 Epoch: 007 Iter:  100/ 600 LR: 0.0000886874 Loss content:  0.0177 Loss fft:  0.8069 Loss dta_rank:  0.7760 Loss dta_tv:  0.0263 Loss dta_proxy:  0.4800 Loss dta_trans:  0.0066 Loss dta_phys:  0.0063 Loss dta_preserve:  0.0049
Time:  0.0732 Epoch: 007 Iter:  150/ 600 LR: 0.0000886874 Loss content:  0.0186 Loss fft:  0.8340 Loss dta_rank:  0.7687 Loss dta_tv:  0.0257 Loss dta_proxy:  0.4673 Loss dta_trans:  0.0059 Loss dta_phys:  0.0073 Loss dta_preserve:  0.0056
Time:  0.0730 Epoch: 007 Iter:  200/ 600 LR: 0.0000886874 Loss content:  0.0176 Loss fft:  0.8229 Loss dta_rank:  0.7701 Loss dta_tv:  0.0270 Loss dta_proxy:  0.4349 Loss dta_trans:  0.0071 Loss dta_phys:  0.0070 Loss dta_preserve:  0.0055
Time:  0.0695 Epoch: 007 Iter:  250/ 600 LR: 0.0000886874 Loss content:  0.0171 Loss fft:  0.8203 Loss dta_rank:  0.7726 Loss dta_tv:  0.0260 Loss dta_proxy:  0.4580 Loss dta_trans:  0.0065 Loss dta_phys:  0.0068 Loss dta_preserve:  0.0047
Time:  0.0749 Epoch: 007 Iter:  300/ 600 LR: 0.0000886874 Loss content:  0.0174 Loss fft:  0.8067 Loss dta_rank:  0.7775 Loss dta_tv:  0.0267 Loss dta_proxy:  0.4541 Loss dta_trans:  0.0074 Loss dta_phys:  0.0072 Loss dta_preserve:  0.0066
Time:  0.0735 Epoch: 007 Iter:  350/ 600 LR: 0.0000886874 Loss content:  0.0161 Loss fft:  0.7802 Loss dta_rank:  0.7700 Loss dta_tv:  0.0261 Loss dta_proxy:  0.4638 Loss dta_trans:  0.0060 Loss dta_phys:  0.0073 Loss dta_preserve:  0.0051
Time:  0.0706 Epoch: 007 Iter:  400/ 600 LR: 0.0000886874 Loss content:  0.0163 Loss fft:  0.8109 Loss dta_rank:  0.7802 Loss dta_tv:  0.0270 Loss dta_proxy:  0.4665 Loss dta_trans:  0.0062 Loss dta_phys:  0.0069 Loss dta_preserve:  0.0053
Time:  0.0676 Epoch: 007 Iter:  450/ 600 LR: 0.0000886874 Loss content:  0.0167 Loss fft:  0.8280 Loss dta_rank:  0.7778 Loss dta_tv:  0.0267 Loss dta_proxy:  0.4477 Loss dta_trans:  0.0062 Loss dta_phys:  0.0059 Loss dta_preserve:  0.0043
Time:  0.0688 Epoch: 007 Iter:  500/ 600 LR: 0.0000886874 Loss content:  0.0167 Loss fft:  0.8228 Loss dta_rank:  0.7632 Loss dta_tv:  0.0263 Loss dta_proxy:  0.4430 Loss dta_trans:  0.0074 Loss dta_phys:  0.0074 Loss dta_preserve:  0.0055
Time:  0.0725 Epoch: 007 Iter:  550/ 600 LR: 0.0000886874 Loss content:  0.0172 Loss fft:  0.8242 Loss dta_rank:  0.7732 Loss dta_tv:  0.0261 Loss dta_proxy:  0.4463 Loss dta_trans:  0.0071 Loss dta_phys:  0.0065 Loss dta_preserve:  0.0055
Time:  0.0714 Epoch: 007 Iter:  600/ 600 LR: 0.0000886874 Loss content:  0.0175 Loss fft:  0.8349 Loss dta_rank:  0.7692 Loss dta_tv:  0.0254 Loss dta_proxy:  0.4730 Loss dta_trans:  0.0061 Loss dta_phys:  0.0065 Loss dta_preserve:  0.0046
EPOCH: 07
Elapsed time: 0.87 Epoch Pixel Loss:  0.0172 Epoch FFT Loss:  0.8198 Epoch DTA Rank:  0.7732 Epoch DTA TV:  0.0264 Epoch DTA Proxy:  0.4562 Epoch DTA Trans:  0.0066 Epoch DTA Phys:  0.0068 Epoch DTA Preserve:  0.0052
DTA_GATE_RAMP epoch=8 gate_limit=0.030000
Time:  0.0786 Epoch: 008 Iter:   50/ 600 LR: 0.0000819070 Loss content:  0.0176 Loss fft:  0.8466 Loss dta_rank:  0.7765 Loss dta_tv:  0.0262 Loss dta_proxy:  0.4618 Loss dta_trans:  0.0061 Loss dta_phys:  0.0072 Loss dta_preserve:  0.0048
Time:  0.0743 Epoch: 008 Iter:  100/ 600 LR: 0.0000819070 Loss content:  0.0171 Loss fft:  0.8266 Loss dta_rank:  0.7750 Loss dta_tv:  0.0261 Loss dta_proxy:  0.4635 Loss dta_trans:  0.0069 Loss dta_phys:  0.0069 Loss dta_preserve:  0.0046
Time:  0.0732 Epoch: 008 Iter:  150/ 600 LR: 0.0000819070 Loss content:  0.0169 Loss fft:  0.8114 Loss dta_rank:  0.7702 Loss dta_tv:  0.0255 Loss dta_proxy:  0.4811 Loss dta_trans:  0.0061 Loss dta_phys:  0.0075 Loss dta_preserve:  0.0051
Time:  0.0754 Epoch: 008 Iter:  200/ 600 LR: 0.0000819070 Loss content:  0.0173 Loss fft:  0.8136 Loss dta_rank:  0.7690 Loss dta_tv:  0.0260 Loss dta_proxy:  0.4507 Loss dta_trans:  0.0072 Loss dta_phys:  0.0070 Loss dta_preserve:  0.0070
Time:  0.0758 Epoch: 008 Iter:  250/ 600 LR: 0.0000819070 Loss content:  0.0173 Loss fft:  0.8207 Loss dta_rank:  0.7702 Loss dta_tv:  0.0258 Loss dta_proxy:  0.4582 Loss dta_trans:  0.0066 Loss dta_phys:  0.0070 Loss dta_preserve:  0.0052
Time:  0.0773 Epoch: 008 Iter:  300/ 600 LR: 0.0000819070 Loss content:  0.0165 Loss fft:  0.7891 Loss dta_rank:  0.7740 Loss dta_tv:  0.0268 Loss dta_proxy:  0.4460 Loss dta_trans:  0.0065 Loss dta_phys:  0.0065 Loss dta_preserve:  0.0055
Time:  0.0763 Epoch: 008 Iter:  350/ 600 LR: 0.0000819070 Loss content:  0.0167 Loss fft:  0.7979 Loss dta_rank:  0.7740 Loss dta_tv:  0.0256 Loss dta_proxy:  0.4629 Loss dta_trans:  0.0071 Loss dta_phys:  0.0074 Loss dta_preserve:  0.0048
Time:  0.0750 Epoch: 008 Iter:  400/ 600 LR: 0.0000819070 Loss content:  0.0175 Loss fft:  0.8524 Loss dta_rank:  0.7759 Loss dta_tv:  0.0263 Loss dta_proxy:  0.4535 Loss dta_trans:  0.0059 Loss dta_phys:  0.0070 Loss dta_preserve:  0.0056
Time:  0.0764 Epoch: 008 Iter:  450/ 600 LR: 0.0000819070 Loss content:  0.0174 Loss fft:  0.8052 Loss dta_rank:  0.7762 Loss dta_tv:  0.0262 Loss dta_proxy:  0.4511 Loss dta_trans:  0.0059 Loss dta_phys:  0.0068 Loss dta_preserve:  0.0044
Time:  0.0722 Epoch: 008 Iter:  500/ 600 LR: 0.0000819070 Loss content:  0.0174 Loss fft:  0.8477 Loss dta_rank:  0.7745 Loss dta_tv:  0.0260 Loss dta_proxy:  0.4618 Loss dta_trans:  0.0063 Loss dta_phys:  0.0066 Loss dta_preserve:  0.0039
Time:  0.0723 Epoch: 008 Iter:  550/ 600 LR: 0.0000819070 Loss content:  0.0171 Loss fft:  0.8119 Loss dta_rank:  0.7762 Loss dta_tv:  0.0262 Loss dta_proxy:  0.4403 Loss dta_trans:  0.0069 Loss dta_phys:  0.0063 Loss dta_preserve:  0.0052
Time:  0.0719 Epoch: 008 Iter:  600/ 600 LR: 0.0000819070 Loss content:  0.0170 Loss fft:  0.7955 Loss dta_rank:  0.7790 Loss dta_tv:  0.0262 Loss dta_proxy:  0.4502 Loss dta_trans:  0.0060 Loss dta_phys:  0.0059 Loss dta_preserve:  0.0048
EPOCH: 08
Elapsed time: 0.90 Epoch Pixel Loss:  0.0171 Epoch FFT Loss:  0.8182 Epoch DTA Rank:  0.7742 Epoch DTA TV:  0.0261 Epoch DTA Proxy:  0.4567 Epoch DTA Trans:  0.0065 Epoch DTA Phys:  0.0068 Epoch DTA Preserve:  0.0051
DTA_GATE_RAMP epoch=9 gate_limit=0.060000
Time:  0.0799 Epoch: 009 Iter:   50/ 600 LR: 0.0000741093 Loss content:  0.0174 Loss fft:  0.8278 Loss dta_rank:  0.7782 Loss dta_tv:  0.0265 Loss dta_proxy:  0.4444 Loss dta_trans:  0.0065 Loss dta_phys:  0.0069 Loss dta_preserve:  0.0054
Time:  0.0750 Epoch: 009 Iter:  100/ 600 LR: 0.0000741093 Loss content:  0.0165 Loss fft:  0.7830 Loss dta_rank:  0.7700 Loss dta_tv:  0.0255 Loss dta_proxy:  0.4536 Loss dta_trans:  0.0068 Loss dta_phys:  0.0069 Loss dta_preserve:  0.0047
Time:  0.0741 Epoch: 009 Iter:  150/ 600 LR: 0.0000741093 Loss content:  0.0166 Loss fft:  0.7768 Loss dta_rank:  0.7795 Loss dta_tv:  0.0264 Loss dta_proxy:  0.4431 Loss dta_trans:  0.0067 Loss dta_phys:  0.0069 Loss dta_preserve:  0.0058
Time:  0.0788 Epoch: 009 Iter:  200/ 600 LR: 0.0000741093 Loss content:  0.0168 Loss fft:  0.8280 Loss dta_rank:  0.7714 Loss dta_tv:  0.0261 Loss dta_proxy:  0.4475 Loss dta_trans:  0.0062 Loss dta_phys:  0.0067 Loss dta_preserve:  0.0049
Time:  0.0724 Epoch: 009 Iter:  250/ 600 LR: 0.0000741093 Loss content:  0.0168 Loss fft:  0.8135 Loss dta_rank:  0.7755 Loss dta_tv:  0.0259 Loss dta_proxy:  0.4724 Loss dta_trans:  0.0066 Loss dta_phys:  0.0076 Loss dta_preserve:  0.0044
Time:  0.0731 Epoch: 009 Iter:  300/ 600 LR: 0.0000741093 Loss content:  0.0168 Loss fft:  0.8308 Loss dta_rank:  0.7746 Loss dta_tv:  0.0253 Loss dta_proxy:  0.4596 Loss dta_trans:  0.0058 Loss dta_phys:  0.0059 Loss dta_preserve:  0.0048
Time:  0.0756 Epoch: 009 Iter:  350/ 600 LR: 0.0000741093 Loss content:  0.0177 Loss fft:  0.8341 Loss dta_rank:  0.7728 Loss dta_tv:  0.0257 Loss dta_proxy:  0.4501 Loss dta_trans:  0.0065 Loss dta_phys:  0.0071 Loss dta_preserve:  0.0048
Time:  0.0744 Epoch: 009 Iter:  400/ 600 LR: 0.0000741093 Loss content:  0.0173 Loss fft:  0.8303 Loss dta_rank:  0.7696 Loss dta_tv:  0.0250 Loss dta_proxy:  0.4500 Loss dta_trans:  0.0064 Loss dta_phys:  0.0071 Loss dta_preserve:  0.0055
Time:  0.0794 Epoch: 009 Iter:  450/ 600 LR: 0.0000741093 Loss content:  0.0178 Loss fft:  0.8334 Loss dta_rank:  0.7717 Loss dta_tv:  0.0251 Loss dta_proxy:  0.4689 Loss dta_trans:  0.0070 Loss dta_phys:  0.0067 Loss dta_preserve:  0.0067
Time:  0.0760 Epoch: 009 Iter:  500/ 600 LR: 0.0000741093 Loss content:  0.0171 Loss fft:  0.8252 Loss dta_rank:  0.7747 Loss dta_tv:  0.0254 Loss dta_proxy:  0.4700 Loss dta_trans:  0.0061 Loss dta_phys:  0.0071 Loss dta_preserve:  0.0050
Time:  0.0797 Epoch: 009 Iter:  550/ 600 LR: 0.0000741093 Loss content:  0.0181 Loss fft:  0.8390 Loss dta_rank:  0.7688 Loss dta_tv:  0.0247 Loss dta_proxy:  0.4713 Loss dta_trans:  0.0060 Loss dta_phys:  0.0070 Loss dta_preserve:  0.0055
Time:  0.0735 Epoch: 009 Iter:  600/ 600 LR: 0.0000741093 Loss content:  0.0162 Loss fft:  0.8207 Loss dta_rank:  0.7781 Loss dta_tv:  0.0260 Loss dta_proxy:  0.4470 Loss dta_trans:  0.0063 Loss dta_phys:  0.0064 Loss dta_preserve:  0.0051
EPOCH: 09
Elapsed time: 0.91 Epoch Pixel Loss:  0.0171 Epoch FFT Loss:  0.8202 Epoch DTA Rank:  0.7737 Epoch DTA TV:  0.0256 Epoch DTA Proxy:  0.4565 Epoch DTA Trans:  0.0064 Epoch DTA Phys:  0.0069 Epoch DTA Preserve:  0.0052
DTA_GATE_RAMP epoch=10 gate_limit=0.060000
Time:  0.0775 Epoch: 010 Iter:   50/ 600 LR: 0.0000655580 Loss content:  0.0171 Loss fft:  0.8191 Loss dta_rank:  0.7791 Loss dta_tv:  0.0259 Loss dta_proxy:  0.4525 Loss dta_trans:  0.0062 Loss dta_phys:  0.0062 Loss dta_preserve:  0.0078
Time:  0.0781 Epoch: 010 Iter:  100/ 600 LR: 0.0000655580 Loss content:  0.0174 Loss fft:  0.8276 Loss dta_rank:  0.7842 Loss dta_tv:  0.0256 Loss dta_proxy:  0.4671 Loss dta_trans:  0.0052 Loss dta_phys:  0.0058 Loss dta_preserve:  0.0057
Time:  0.0766 Epoch: 010 Iter:  150/ 600 LR: 0.0000655580 Loss content:  0.0172 Loss fft:  0.7962 Loss dta_rank:  0.7738 Loss dta_tv:  0.0250 Loss dta_proxy:  0.4710 Loss dta_trans:  0.0069 Loss dta_phys:  0.0081 Loss dta_preserve:  0.0050
Time:  0.0689 Epoch: 010 Iter:  200/ 600 LR: 0.0000655580 Loss content:  0.0166 Loss fft:  0.7911 Loss dta_rank:  0.7727 Loss dta_tv:  0.0255 Loss dta_proxy:  0.4459 Loss dta_trans:  0.0064 Loss dta_phys:  0.0071 Loss dta_preserve:  0.0047
Time:  0.0716 Epoch: 010 Iter:  250/ 600 LR: 0.0000655580 Loss content:  0.0176 Loss fft:  0.8411 Loss dta_rank:  0.7716 Loss dta_tv:  0.0246 Loss dta_proxy:  0.4631 Loss dta_trans:  0.0063 Loss dta_phys:  0.0066 Loss dta_preserve:  0.0052
Time:  0.0778 Epoch: 010 Iter:  300/ 600 LR: 0.0000655580 Loss content:  0.0167 Loss fft:  0.7839 Loss dta_rank:  0.7779 Loss dta_tv:  0.0261 Loss dta_proxy:  0.4517 Loss dta_trans:  0.0070 Loss dta_phys:  0.0073 Loss dta_preserve:  0.0045
Time:  0.0808 Epoch: 010 Iter:  350/ 600 LR: 0.0000655580 Loss content:  0.0172 Loss fft:  0.8403 Loss dta_rank:  0.7771 Loss dta_tv:  0.0256 Loss dta_proxy:  0.4482 Loss dta_trans:  0.0061 Loss dta_phys:  0.0060 Loss dta_preserve:  0.0050
Time:  0.0794 Epoch: 010 Iter:  400/ 600 LR: 0.0000655580 Loss content:  0.0162 Loss fft:  0.8114 Loss dta_rank:  0.7842 Loss dta_tv:  0.0250 Loss dta_proxy:  0.4596 Loss dta_trans:  0.0064 Loss dta_phys:  0.0063 Loss dta_preserve:  0.0050
Time:  0.0775 Epoch: 010 Iter:  450/ 600 LR: 0.0000655580 Loss content:  0.0170 Loss fft:  0.8318 Loss dta_rank:  0.7754 Loss dta_tv:  0.0259 Loss dta_proxy:  0.4370 Loss dta_trans:  0.0057 Loss dta_phys:  0.0064 Loss dta_preserve:  0.0074
Time:  0.0727 Epoch: 010 Iter:  500/ 600 LR: 0.0000655580 Loss content:  0.0171 Loss fft:  0.8188 Loss dta_rank:  0.7737 Loss dta_tv:  0.0252 Loss dta_proxy:  0.4496 Loss dta_trans:  0.0062 Loss dta_phys:  0.0069 Loss dta_preserve:  0.0044
Time:  0.0747 Epoch: 010 Iter:  550/ 600 LR: 0.0000655580 Loss content:  0.0172 Loss fft:  0.8303 Loss dta_rank:  0.7781 Loss dta_tv:  0.0246 Loss dta_proxy:  0.4668 Loss dta_trans:  0.0067 Loss dta_phys:  0.0070 Loss dta_preserve:  0.0035
Time:  0.0739 Epoch: 010 Iter:  600/ 600 LR: 0.0000655580 Loss content:  0.0176 Loss fft:  0.8161 Loss dta_rank:  0.7723 Loss dta_tv:  0.0259 Loss dta_proxy:  0.4412 Loss dta_trans:  0.0076 Loss dta_phys:  0.0071 Loss dta_preserve:  0.0057
EPOCH: 10
Elapsed time: 0.91 Epoch Pixel Loss:  0.0171 Epoch FFT Loss:  0.8173 Epoch DTA Rank:  0.7767 Epoch DTA TV:  0.0254 Epoch DTA Proxy:  0.4545 Epoch DTA Trans:  0.0064 Epoch DTA Phys:  0.0067 Epoch DTA Preserve:  0.0053
DTA_GATE_RAMP epoch=11 gate_limit=0.060000
Time:  0.0795 Epoch: 011 Iter:   50/ 600 LR: 0.0000565424 Loss content:  0.0172 Loss fft:  0.8128 Loss dta_rank:  0.7732 Loss dta_tv:  0.0251 Loss dta_proxy:  0.4576 Loss dta_trans:  0.0059 Loss dta_phys:  0.0069 Loss dta_preserve:  0.0051
Time:  0.0739 Epoch: 011 Iter:  100/ 600 LR: 0.0000565424 Loss content:  0.0169 Loss fft:  0.8221 Loss dta_rank:  0.7755 Loss dta_tv:  0.0251 Loss dta_proxy:  0.4643 Loss dta_trans:  0.0056 Loss dta_phys:  0.0068 Loss dta_preserve:  0.0046
Time:  0.0790 Epoch: 011 Iter:  150/ 600 LR: 0.0000565424 Loss content:  0.0165 Loss fft:  0.8126 Loss dta_rank:  0.7741 Loss dta_tv:  0.0249 Loss dta_proxy:  0.4542 Loss dta_trans:  0.0060 Loss dta_phys:  0.0067 Loss dta_preserve:  0.0056
Time:  0.0767 Epoch: 011 Iter:  200/ 600 LR: 0.0000565424 Loss content:  0.0171 Loss fft:  0.8311 Loss dta_rank:  0.7768 Loss dta_tv:  0.0255 Loss dta_proxy:  0.4475 Loss dta_trans:  0.0054 Loss dta_phys:  0.0068 Loss dta_preserve:  0.0048
Time:  0.0767 Epoch: 011 Iter:  250/ 600 LR: 0.0000565424 Loss content:  0.0166 Loss fft:  0.7896 Loss dta_rank:  0.7755 Loss dta_tv:  0.0257 Loss dta_proxy:  0.4423 Loss dta_trans:  0.0071 Loss dta_phys:  0.0066 Loss dta_preserve:  0.0046
Time:  0.0718 Epoch: 011 Iter:  300/ 600 LR: 0.0000565424 Loss content:  0.0174 Loss fft:  0.8011 Loss dta_rank:  0.7736 Loss dta_tv:  0.0250 Loss dta_proxy:  0.4496 Loss dta_trans:  0.0071 Loss dta_phys:  0.0065 Loss dta_preserve:  0.0055
Time:  0.0773 Epoch: 011 Iter:  350/ 600 LR: 0.0000565424 Loss content:  0.0173 Loss fft:  0.8198 Loss dta_rank:  0.7758 Loss dta_tv:  0.0244 Loss dta_proxy:  0.4627 Loss dta_trans:  0.0066 Loss dta_phys:  0.0070 Loss dta_preserve:  0.0048
Time:  0.0725 Epoch: 011 Iter:  400/ 600 LR: 0.0000565424 Loss content:  0.0165 Loss fft:  0.8290 Loss dta_rank:  0.7806 Loss dta_tv:  0.0251 Loss dta_proxy:  0.4597 Loss dta_trans:  0.0057 Loss dta_phys:  0.0056 Loss dta_preserve:  0.0044
Time:  0.0735 Epoch: 011 Iter:  450/ 600 LR: 0.0000565424 Loss content:  0.0177 Loss fft:  0.8662 Loss dta_rank:  0.7752 Loss dta_tv:  0.0256 Loss dta_proxy:  0.4569 Loss dta_trans:  0.0060 Loss dta_phys:  0.0061 Loss dta_preserve:  0.0043
Time:  0.0779 Epoch: 011 Iter:  500/ 600 LR: 0.0000565424 Loss content:  0.0164 Loss fft:  0.7755 Loss dta_rank:  0.7682 Loss dta_tv:  0.0249 Loss dta_proxy:  0.4572 Loss dta_trans:  0.0064 Loss dta_phys:  0.0076 Loss dta_preserve:  0.0056
Time:  0.0781 Epoch: 011 Iter:  550/ 600 LR: 0.0000565424 Loss content:  0.0179 Loss fft:  0.8436 Loss dta_rank:  0.7742 Loss dta_tv:  0.0256 Loss dta_proxy:  0.4391 Loss dta_trans:  0.0064 Loss dta_phys:  0.0070 Loss dta_preserve:  0.0054
Time:  0.0736 Epoch: 011 Iter:  600/ 600 LR: 0.0000565424 Loss content:  0.0169 Loss fft:  0.8186 Loss dta_rank:  0.7742 Loss dta_tv:  0.0251 Loss dta_proxy:  0.4481 Loss dta_trans:  0.0057 Loss dta_phys:  0.0071 Loss dta_preserve:  0.0045
EPOCH: 11
Elapsed time: 0.91 Epoch Pixel Loss:  0.0170 Epoch FFT Loss:  0.8185 Epoch DTA Rank:  0.7747 Epoch DTA TV:  0.0252 Epoch DTA Proxy:  0.4533 Epoch DTA Trans:  0.0062 Epoch DTA Phys:  0.0067 Epoch DTA Preserve:  0.0049
DTA_GATE_RAMP epoch=12 gate_limit=0.060000
Time:  0.0708 Epoch: 012 Iter:   50/ 600 LR: 0.0000473670 Loss content:  0.0169 Loss fft:  0.8251 Loss dta_rank:  0.7715 Loss dta_tv:  0.0247 Loss dta_proxy:  0.4643 Loss dta_trans:  0.0064 Loss dta_phys:  0.0067 Loss dta_preserve:  0.0041
Time:  0.0762 Epoch: 012 Iter:  100/ 600 LR: 0.0000473670 Loss content:  0.0167 Loss fft:  0.8164 Loss dta_rank:  0.7752 Loss dta_tv:  0.0248 Loss dta_proxy:  0.4582 Loss dta_trans:  0.0062 Loss dta_phys:  0.0065 Loss dta_preserve:  0.0050
Time:  0.0745 Epoch: 012 Iter:  150/ 600 LR: 0.0000473670 Loss content:  0.0168 Loss fft:  0.8149 Loss dta_rank:  0.7724 Loss dta_tv:  0.0249 Loss dta_proxy:  0.4547 Loss dta_trans:  0.0060 Loss dta_phys:  0.0066 Loss dta_preserve:  0.0052
Time:  0.0738 Epoch: 012 Iter:  200/ 600 LR: 0.0000473670 Loss content:  0.0178 Loss fft:  0.8448 Loss dta_rank:  0.7749 Loss dta_tv:  0.0251 Loss dta_proxy:  0.4480 Loss dta_trans:  0.0068 Loss dta_phys:  0.0075 Loss dta_preserve:  0.0051
Time:  0.0738 Epoch: 012 Iter:  250/ 600 LR: 0.0000473670 Loss content:  0.0178 Loss fft:  0.8268 Loss dta_rank:  0.7808 Loss dta_tv:  0.0253 Loss dta_proxy:  0.4450 Loss dta_trans:  0.0060 Loss dta_phys:  0.0060 Loss dta_preserve:  0.0060
Time:  0.0746 Epoch: 012 Iter:  300/ 600 LR: 0.0000473670 Loss content:  0.0174 Loss fft:  0.8085 Loss dta_rank:  0.7682 Loss dta_tv:  0.0245 Loss dta_proxy:  0.4498 Loss dta_trans:  0.0069 Loss dta_phys:  0.0070 Loss dta_preserve:  0.0054
Time:  0.0733 Epoch: 012 Iter:  350/ 600 LR: 0.0000473670 Loss content:  0.0159 Loss fft:  0.7671 Loss dta_rank:  0.7728 Loss dta_tv:  0.0247 Loss dta_proxy:  0.4575 Loss dta_trans:  0.0060 Loss dta_phys:  0.0068 Loss dta_preserve:  0.0036
Time:  0.0692 Epoch: 012 Iter:  400/ 600 LR: 0.0000473670 Loss content:  0.0170 Loss fft:  0.8456 Loss dta_rank:  0.7743 Loss dta_tv:  0.0259 Loss dta_proxy:  0.4444 Loss dta_trans:  0.0063 Loss dta_phys:  0.0061 Loss dta_preserve:  0.0042
Time:  0.0713 Epoch: 012 Iter:  450/ 600 LR: 0.0000473670 Loss content:  0.0166 Loss fft:  0.8074 Loss dta_rank:  0.7776 Loss dta_tv:  0.0253 Loss dta_proxy:  0.4452 Loss dta_trans:  0.0066 Loss dta_phys:  0.0069 Loss dta_preserve:  0.0045
Time:  0.0750 Epoch: 012 Iter:  500/ 600 LR: 0.0000473670 Loss content:  0.0161 Loss fft:  0.7958 Loss dta_rank:  0.7742 Loss dta_tv:  0.0240 Loss dta_proxy:  0.4678 Loss dta_trans:  0.0061 Loss dta_phys:  0.0072 Loss dta_preserve:  0.0040
Time:  0.0761 Epoch: 012 Iter:  550/ 600 LR: 0.0000473670 Loss content:  0.0171 Loss fft:  0.8187 Loss dta_rank:  0.7735 Loss dta_tv:  0.0246 Loss dta_proxy:  0.4489 Loss dta_trans:  0.0066 Loss dta_phys:  0.0064 Loss dta_preserve:  0.0058
Time:  0.0750 Epoch: 012 Iter:  600/ 600 LR: 0.0000473670 Loss content:  0.0172 Loss fft:  0.8085 Loss dta_rank:  0.7766 Loss dta_tv:  0.0250 Loss dta_proxy:  0.4560 Loss dta_trans:  0.0053 Loss dta_phys:  0.0068 Loss dta_preserve:  0.0046
EPOCH: 12
Elapsed time: 0.89 Epoch Pixel Loss:  0.0170 Epoch FFT Loss:  0.8150 Epoch DTA Rank:  0.7743 Epoch DTA TV:  0.0249 Epoch DTA Proxy:  0.4533 Epoch DTA Trans:  0.0063 Epoch DTA Phys:  0.0067 Epoch DTA Preserve:  0.0048
DTA_GATE_RAMP epoch=13 gate_limit=0.060000
Time:  0.0814 Epoch: 013 Iter:   50/ 600 LR: 0.0000383414 Loss content:  0.0177 Loss fft:  0.8113 Loss dta_rank:  0.7730 Loss dta_tv:  0.0257 Loss dta_proxy:  0.4425 Loss dta_trans:  0.0068 Loss dta_phys:  0.0065 Loss dta_preserve:  0.0040
Time:  0.0753 Epoch: 013 Iter:  100/ 600 LR: 0.0000383414 Loss content:  0.0174 Loss fft:  0.8116 Loss dta_rank:  0.7738 Loss dta_tv:  0.0250 Loss dta_proxy:  0.4543 Loss dta_trans:  0.0061 Loss dta_phys:  0.0071 Loss dta_preserve:  0.0066
Time:  0.0769 Epoch: 013 Iter:  150/ 600 LR: 0.0000383414 Loss content:  0.0173 Loss fft:  0.8311 Loss dta_rank:  0.7767 Loss dta_tv:  0.0245 Loss dta_proxy:  0.4719 Loss dta_trans:  0.0054 Loss dta_phys:  0.0072 Loss dta_preserve:  0.0060
Time:  0.0736 Epoch: 013 Iter:  200/ 600 LR: 0.0000383414 Loss content:  0.0166 Loss fft:  0.8013 Loss dta_rank:  0.7772 Loss dta_tv:  0.0255 Loss dta_proxy:  0.4593 Loss dta_trans:  0.0067 Loss dta_phys:  0.0071 Loss dta_preserve:  0.0048
Time:  0.0728 Epoch: 013 Iter:  250/ 600 LR: 0.0000383414 Loss content:  0.0170 Loss fft:  0.7938 Loss dta_rank:  0.7780 Loss dta_tv:  0.0247 Loss dta_proxy:  0.4640 Loss dta_trans:  0.0065 Loss dta_phys:  0.0066 Loss dta_preserve:  0.0063
Time:  0.0758 Epoch: 013 Iter:  300/ 600 LR: 0.0000383414 Loss content:  0.0178 Loss fft:  0.8723 Loss dta_rank:  0.7757 Loss dta_tv:  0.0253 Loss dta_proxy:  0.4433 Loss dta_trans:  0.0062 Loss dta_phys:  0.0062 Loss dta_preserve:  0.0066
Time:  0.0737 Epoch: 013 Iter:  350/ 600 LR: 0.0000383414 Loss content:  0.0169 Loss fft:  0.8269 Loss dta_rank:  0.7751 Loss dta_tv:  0.0253 Loss dta_proxy:  0.4332 Loss dta_trans:  0.0066 Loss dta_phys:  0.0069 Loss dta_preserve:  0.0071
Time:  0.0704 Epoch: 013 Iter:  400/ 600 LR: 0.0000383414 Loss content:  0.0177 Loss fft:  0.8180 Loss dta_rank:  0.7711 Loss dta_tv:  0.0243 Loss dta_proxy:  0.4509 Loss dta_trans:  0.0064 Loss dta_phys:  0.0070 Loss dta_preserve:  0.0048
Time:  0.0664 Epoch: 013 Iter:  450/ 600 LR: 0.0000383414 Loss content:  0.0171 Loss fft:  0.8277 Loss dta_rank:  0.7743 Loss dta_tv:  0.0252 Loss dta_proxy:  0.4499 Loss dta_trans:  0.0065 Loss dta_phys:  0.0071 Loss dta_preserve:  0.0065
Time:  0.0743 Epoch: 013 Iter:  500/ 600 LR: 0.0000383414 Loss content:  0.0167 Loss fft:  0.8242 Loss dta_rank:  0.7713 Loss dta_tv:  0.0247 Loss dta_proxy:  0.4538 Loss dta_trans:  0.0055 Loss dta_phys:  0.0062 Loss dta_preserve:  0.0056
Time:  0.0732 Epoch: 013 Iter:  550/ 600 LR: 0.0000383414 Loss content:  0.0175 Loss fft:  0.8470 Loss dta_rank:  0.7778 Loss dta_tv:  0.0247 Loss dta_proxy:  0.4654 Loss dta_trans:  0.0062 Loss dta_phys:  0.0065 Loss dta_preserve:  0.0064
Time:  0.0717 Epoch: 013 Iter:  600/ 600 LR: 0.0000383414 Loss content:  0.0168 Loss fft:  0.8165 Loss dta_rank:  0.7758 Loss dta_tv:  0.0252 Loss dta_proxy:  0.4465 Loss dta_trans:  0.0060 Loss dta_phys:  0.0069 Loss dta_preserve:  0.0042
EPOCH: 13
Elapsed time: 0.89 Epoch Pixel Loss:  0.0172 Epoch FFT Loss:  0.8235 Epoch DTA Rank:  0.7750 Epoch DTA TV:  0.0250 Epoch DTA Proxy:  0.4529 Epoch DTA Trans:  0.0062 Epoch DTA Phys:  0.0068 Epoch DTA Preserve:  0.0057
DTA_GATE_RAMP epoch=14 gate_limit=0.060000
Time:  0.0780 Epoch: 014 Iter:   50/ 600 LR: 0.0000297690 Loss content:  0.0177 Loss fft:  0.8214 Loss dta_rank:  0.7744 Loss dta_tv:  0.0250 Loss dta_proxy:  0.4490 Loss dta_trans:  0.0063 Loss dta_phys:  0.0072 Loss dta_preserve:  0.0053
Time:  0.0742 Epoch: 014 Iter:  100/ 600 LR: 0.0000297690 Loss content:  0.0160 Loss fft:  0.7895 Loss dta_rank:  0.7724 Loss dta_tv:  0.0249 Loss dta_proxy:  0.4567 Loss dta_trans:  0.0060 Loss dta_phys:  0.0073 Loss dta_preserve:  0.0047
Time:  0.0768 Epoch: 014 Iter:  150/ 600 LR: 0.0000297690 Loss content:  0.0170 Loss fft:  0.8245 Loss dta_rank:  0.7729 Loss dta_tv:  0.0247 Loss dta_proxy:  0.4504 Loss dta_trans:  0.0059 Loss dta_phys:  0.0066 Loss dta_preserve:  0.0053
Time:  0.0757 Epoch: 014 Iter:  200/ 600 LR: 0.0000297690 Loss content:  0.0171 Loss fft:  0.8272 Loss dta_rank:  0.7779 Loss dta_tv:  0.0249 Loss dta_proxy:  0.4519 Loss dta_trans:  0.0059 Loss dta_phys:  0.0061 Loss dta_preserve:  0.0044
Time:  0.0757 Epoch: 014 Iter:  250/ 600 LR: 0.0000297690 Loss content:  0.0182 Loss fft:  0.8191 Loss dta_rank:  0.7769 Loss dta_tv:  0.0244 Loss dta_proxy:  0.4737 Loss dta_trans:  0.0062 Loss dta_phys:  0.0059 Loss dta_preserve:  0.0061
Time:  0.0748 Epoch: 014 Iter:  300/ 600 LR: 0.0000297690 Loss content:  0.0169 Loss fft:  0.8058 Loss dta_rank:  0.7845 Loss dta_tv:  0.0248 Loss dta_proxy:  0.4719 Loss dta_trans:  0.0054 Loss dta_phys:  0.0069 Loss dta_preserve:  0.0040
Time:  0.0748 Epoch: 014 Iter:  350/ 600 LR: 0.0000297690 Loss content:  0.0177 Loss fft:  0.8532 Loss dta_rank:  0.7716 Loss dta_tv:  0.0251 Loss dta_proxy:  0.4372 Loss dta_trans:  0.0061 Loss dta_phys:  0.0065 Loss dta_preserve:  0.0043
Time:  0.0793 Epoch: 014 Iter:  400/ 600 LR: 0.0000297690 Loss content:  0.0172 Loss fft:  0.8160 Loss dta_rank:  0.7765 Loss dta_tv:  0.0248 Loss dta_proxy:  0.4510 Loss dta_trans:  0.0063 Loss dta_phys:  0.0073 Loss dta_preserve:  0.0055
Time:  0.0779 Epoch: 014 Iter:  450/ 600 LR: 0.0000297690 Loss content:  0.0178 Loss fft:  0.8454 Loss dta_rank:  0.7772 Loss dta_tv:  0.0250 Loss dta_proxy:  0.4450 Loss dta_trans:  0.0062 Loss dta_phys:  0.0063 Loss dta_preserve:  0.0055
Time:  0.0762 Epoch: 014 Iter:  500/ 600 LR: 0.0000297690 Loss content:  0.0173 Loss fft:  0.8115 Loss dta_rank:  0.7704 Loss dta_tv:  0.0250 Loss dta_proxy:  0.4439 Loss dta_trans:  0.0059 Loss dta_phys:  0.0063 Loss dta_preserve:  0.0060
Time:  0.0752 Epoch: 014 Iter:  550/ 600 LR: 0.0000297690 Loss content:  0.0167 Loss fft:  0.7982 Loss dta_rank:  0.7739 Loss dta_tv:  0.0242 Loss dta_proxy:  0.4710 Loss dta_trans:  0.0059 Loss dta_phys:  0.0071 Loss dta_preserve:  0.0052
Time:  0.0720 Epoch: 014 Iter:  600/ 600 LR: 0.0000297690 Loss content:  0.0166 Loss fft:  0.8261 Loss dta_rank:  0.7734 Loss dta_tv:  0.0245 Loss dta_proxy:  0.4531 Loss dta_trans:  0.0057 Loss dta_phys:  0.0068 Loss dta_preserve:  0.0040
EPOCH: 14
Elapsed time: 0.91 Epoch Pixel Loss:  0.0172 Epoch FFT Loss:  0.8198 Epoch DTA Rank:  0.7752 Epoch DTA TV:  0.0248 Epoch DTA Proxy:  0.4546 Epoch DTA Trans:  0.0060 Epoch DTA Phys:  0.0067 Epoch DTA Preserve:  0.0050
DTA_GATE_RAMP epoch=15 gate_limit=0.060000
Time:  0.0715 Epoch: 015 Iter:   50/ 600 LR: 0.0000219361 Loss content:  0.0172 Loss fft:  0.8051 Loss dta_rank:  0.7720 Loss dta_tv:  0.0247 Loss dta_proxy:  0.4695 Loss dta_trans:  0.0063 Loss dta_phys:  0.0066 Loss dta_preserve:  0.0058
Time:  0.0650 Epoch: 015 Iter:  100/ 600 LR: 0.0000219361 Loss content:  0.0171 Loss fft:  0.8014 Loss dta_rank:  0.7724 Loss dta_tv:  0.0250 Loss dta_proxy:  0.4477 Loss dta_trans:  0.0066 Loss dta_phys:  0.0066 Loss dta_preserve:  0.0042
Time:  0.0748 Epoch: 015 Iter:  150/ 600 LR: 0.0000219361 Loss content:  0.0180 Loss fft:  0.8460 Loss dta_rank:  0.7751 Loss dta_tv:  0.0252 Loss dta_proxy:  0.4392 Loss dta_trans:  0.0064 Loss dta_phys:  0.0070 Loss dta_preserve:  0.0049
Time:  0.0731 Epoch: 015 Iter:  200/ 600 LR: 0.0000219361 Loss content:  0.0165 Loss fft:  0.8093 Loss dta_rank:  0.7736 Loss dta_tv:  0.0255 Loss dta_proxy:  0.4400 Loss dta_trans:  0.0071 Loss dta_phys:  0.0072 Loss dta_preserve:  0.0045
Time:  0.0699 Epoch: 015 Iter:  250/ 600 LR: 0.0000219361 Loss content:  0.0169 Loss fft:  0.7919 Loss dta_rank:  0.7750 Loss dta_tv:  0.0248 Loss dta_proxy:  0.4597 Loss dta_trans:  0.0064 Loss dta_phys:  0.0070 Loss dta_preserve:  0.0046
Time:  0.0615 Epoch: 015 Iter:  300/ 600 LR: 0.0000219361 Loss content:  0.0170 Loss fft:  0.8221 Loss dta_rank:  0.7777 Loss dta_tv:  0.0248 Loss dta_proxy:  0.4720 Loss dta_trans:  0.0059 Loss dta_phys:  0.0069 Loss dta_preserve:  0.0050
Time:  0.0736 Epoch: 015 Iter:  350/ 600 LR: 0.0000219361 Loss content:  0.0177 Loss fft:  0.8187 Loss dta_rank:  0.7740 Loss dta_tv:  0.0254 Loss dta_proxy:  0.4416 Loss dta_trans:  0.0060 Loss dta_phys:  0.0069 Loss dta_preserve:  0.0068
Time:  0.0744 Epoch: 015 Iter:  400/ 600 LR: 0.0000219361 Loss content:  0.0166 Loss fft:  0.7949 Loss dta_rank:  0.7737 Loss dta_tv:  0.0244 Loss dta_proxy:  0.4583 Loss dta_trans:  0.0058 Loss dta_phys:  0.0074 Loss dta_preserve:  0.0056
Time:  0.0773 Epoch: 015 Iter:  450/ 600 LR: 0.0000219361 Loss content:  0.0175 Loss fft:  0.8375 Loss dta_rank:  0.7765 Loss dta_tv:  0.0247 Loss dta_proxy:  0.4698 Loss dta_trans:  0.0057 Loss dta_phys:  0.0078 Loss dta_preserve:  0.0054
Time:  0.0754 Epoch: 015 Iter:  500/ 600 LR: 0.0000219361 Loss content:  0.0177 Loss fft:  0.8753 Loss dta_rank:  0.7852 Loss dta_tv:  0.0250 Loss dta_proxy:  0.4611 Loss dta_trans:  0.0056 Loss dta_phys:  0.0062 Loss dta_preserve:  0.0040
Time:  0.0740 Epoch: 015 Iter:  550/ 600 LR: 0.0000219361 Loss content:  0.0179 Loss fft:  0.8400 Loss dta_rank:  0.7788 Loss dta_tv:  0.0248 Loss dta_proxy:  0.4449 Loss dta_trans:  0.0049 Loss dta_phys:  0.0057 Loss dta_preserve:  0.0073
Time:  0.0690 Epoch: 015 Iter:  600/ 600 LR: 0.0000219361 Loss content:  0.0173 Loss fft:  0.8477 Loss dta_rank:  0.7775 Loss dta_tv:  0.0240 Loss dta_proxy:  0.4686 Loss dta_trans:  0.0055 Loss dta_phys:  0.0059 Loss dta_preserve:  0.0051
EPOCH: 15
Elapsed time: 0.86 Epoch Pixel Loss:  0.0173 Epoch FFT Loss:  0.8242 Epoch DTA Rank:  0.7760 Epoch DTA TV:  0.0249 Epoch DTA Proxy:  0.4560 Epoch DTA Trans:  0.0060 Epoch DTA Phys:  0.0068 Epoch DTA Preserve:  0.0053
DTA_GATE_RAMP epoch=16 gate_limit=0.060000
Time:  0.0819 Epoch: 016 Iter:   50/ 600 LR: 0.0000151017 Loss content:  0.0181 Loss fft:  0.8307 Loss dta_rank:  0.7759 Loss dta_tv:  0.0245 Loss dta_proxy:  0.4718 Loss dta_trans:  0.0059 Loss dta_phys:  0.0065 Loss dta_preserve:  0.0070
Time:  0.0770 Epoch: 016 Iter:  100/ 600 LR: 0.0000151017 Loss content:  0.0180 Loss fft:  0.8559 Loss dta_rank:  0.7753 Loss dta_tv:  0.0242 Loss dta_proxy:  0.4709 Loss dta_trans:  0.0056 Loss dta_phys:  0.0067 Loss dta_preserve:  0.0046
Time:  0.0743 Epoch: 016 Iter:  150/ 600 LR: 0.0000151017 Loss content:  0.0169 Loss fft:  0.8253 Loss dta_rank:  0.7807 Loss dta_tv:  0.0248 Loss dta_proxy:  0.4594 Loss dta_trans:  0.0057 Loss dta_phys:  0.0059 Loss dta_preserve:  0.0042
Time:  0.0730 Epoch: 016 Iter:  200/ 600 LR: 0.0000151017 Loss content:  0.0163 Loss fft:  0.7710 Loss dta_rank:  0.7716 Loss dta_tv:  0.0251 Loss dta_proxy:  0.4344 Loss dta_trans:  0.0060 Loss dta_phys:  0.0064 Loss dta_preserve:  0.0042
Time:  0.0703 Epoch: 016 Iter:  250/ 600 LR: 0.0000151017 Loss content:  0.0167 Loss fft:  0.7986 Loss dta_rank:  0.7725 Loss dta_tv:  0.0248 Loss dta_proxy:  0.4476 Loss dta_trans:  0.0073 Loss dta_phys:  0.0069 Loss dta_preserve:  0.0047
Time:  0.0713 Epoch: 016 Iter:  300/ 600 LR: 0.0000151017 Loss content:  0.0174 Loss fft:  0.8648 Loss dta_rank:  0.7776 Loss dta_tv:  0.0245 Loss dta_proxy:  0.4681 Loss dta_trans:  0.0063 Loss dta_phys:  0.0070 Loss dta_preserve:  0.0062
Time:  0.0747 Epoch: 016 Iter:  350/ 600 LR: 0.0000151017 Loss content:  0.0168 Loss fft:  0.8233 Loss dta_rank:  0.7774 Loss dta_tv:  0.0254 Loss dta_proxy:  0.4459 Loss dta_trans:  0.0071 Loss dta_phys:  0.0067 Loss dta_preserve:  0.0052
Time:  0.0719 Epoch: 016 Iter:  400/ 600 LR: 0.0000151017 Loss content:  0.0165 Loss fft:  0.7792 Loss dta_rank:  0.7735 Loss dta_tv:  0.0238 Loss dta_proxy:  0.4694 Loss dta_trans:  0.0055 Loss dta_phys:  0.0070 Loss dta_preserve:  0.0063
Time:  0.0755 Epoch: 016 Iter:  450/ 600 LR: 0.0000151017 Loss content:  0.0177 Loss fft:  0.8296 Loss dta_rank:  0.7772 Loss dta_tv:  0.0240 Loss dta_proxy:  0.4598 Loss dta_trans:  0.0053 Loss dta_phys:  0.0070 Loss dta_preserve:  0.0055
Time:  0.0739 Epoch: 016 Iter:  500/ 600 LR: 0.0000151017 Loss content:  0.0165 Loss fft:  0.8013 Loss dta_rank:  0.7761 Loss dta_tv:  0.0245 Loss dta_proxy:  0.4486 Loss dta_trans:  0.0053 Loss dta_phys:  0.0069 Loss dta_preserve:  0.0068
Time:  0.0754 Epoch: 016 Iter:  550/ 600 LR: 0.0000151017 Loss content:  0.0172 Loss fft:  0.8222 Loss dta_rank:  0.7787 Loss dta_tv:  0.0248 Loss dta_proxy:  0.4498 Loss dta_trans:  0.0070 Loss dta_phys:  0.0070 Loss dta_preserve:  0.0056
Time:  0.0727 Epoch: 016 Iter:  600/ 600 LR: 0.0000151017 Loss content:  0.0171 Loss fft:  0.8344 Loss dta_rank:  0.7719 Loss dta_tv:  0.0247 Loss dta_proxy:  0.4460 Loss dta_trans:  0.0066 Loss dta_phys:  0.0067 Loss dta_preserve:  0.0053
EPOCH: 16
Elapsed time: 0.90 Epoch Pixel Loss:  0.0171 Epoch FFT Loss:  0.8197 Epoch DTA Rank:  0.7757 Epoch DTA TV:  0.0246 Epoch DTA Proxy:  0.4560 Epoch DTA Trans:  0.0061 Epoch DTA Phys:  0.0067 Epoch DTA Preserve:  0.0055
DTA_GATE_RAMP epoch=17 gate_limit=0.060000
Time:  0.0769 Epoch: 017 Iter:   50/ 600 LR: 0.0000094853 Loss content:  0.0172 Loss fft:  0.8160 Loss dta_rank:  0.7732 Loss dta_tv:  0.0237 Loss dta_proxy:  0.4741 Loss dta_trans:  0.0053 Loss dta_phys:  0.0077 Loss dta_preserve:  0.0049
Time:  0.0744 Epoch: 017 Iter:  100/ 600 LR: 0.0000094853 Loss content:  0.0172 Loss fft:  0.8340 Loss dta_rank:  0.7759 Loss dta_tv:  0.0238 Loss dta_proxy:  0.4561 Loss dta_trans:  0.0061 Loss dta_phys:  0.0065 Loss dta_preserve:  0.0049
Time:  0.0725 Epoch: 017 Iter:  150/ 600 LR: 0.0000094853 Loss content:  0.0173 Loss fft:  0.8168 Loss dta_rank:  0.7792 Loss dta_tv:  0.0245 Loss dta_proxy:  0.4540 Loss dta_trans:  0.0051 Loss dta_phys:  0.0062 Loss dta_preserve:  0.0053
Time:  0.0736 Epoch: 017 Iter:  200/ 600 LR: 0.0000094853 Loss content:  0.0168 Loss fft:  0.8182 Loss dta_rank:  0.7763 Loss dta_tv:  0.0249 Loss dta_proxy:  0.4422 Loss dta_trans:  0.0055 Loss dta_phys:  0.0066 Loss dta_preserve:  0.0048
Time:  0.0732 Epoch: 017 Iter:  250/ 600 LR: 0.0000094853 Loss content:  0.0168 Loss fft:  0.8108 Loss dta_rank:  0.7731 Loss dta_tv:  0.0248 Loss dta_proxy:  0.4627 Loss dta_trans:  0.0065 Loss dta_phys:  0.0068 Loss dta_preserve:  0.0062
Time:  0.0743 Epoch: 017 Iter:  300/ 600 LR: 0.0000094853 Loss content:  0.0173 Loss fft:  0.8055 Loss dta_rank:  0.7770 Loss dta_tv:  0.0251 Loss dta_proxy:  0.4464 Loss dta_trans:  0.0063 Loss dta_phys:  0.0066 Loss dta_preserve:  0.0073
Time:  0.0681 Epoch: 017 Iter:  350/ 600 LR: 0.0000094853 Loss content:  0.0171 Loss fft:  0.8153 Loss dta_rank:  0.7806 Loss dta_tv:  0.0258 Loss dta_proxy:  0.4373 Loss dta_trans:  0.0061 Loss dta_phys:  0.0069 Loss dta_preserve:  0.0051
Time:  0.0640 Epoch: 017 Iter:  400/ 600 LR: 0.0000094853 Loss content:  0.0170 Loss fft:  0.8095 Loss dta_rank:  0.7742 Loss dta_tv:  0.0246 Loss dta_proxy:  0.4525 Loss dta_trans:  0.0064 Loss dta_phys:  0.0068 Loss dta_preserve:  0.0047
Time:  0.0741 Epoch: 017 Iter:  450/ 600 LR: 0.0000094853 Loss content:  0.0169 Loss fft:  0.8379 Loss dta_rank:  0.7713 Loss dta_tv:  0.0250 Loss dta_proxy:  0.4407 Loss dta_trans:  0.0060 Loss dta_phys:  0.0065 Loss dta_preserve:  0.0064
Time:  0.0729 Epoch: 017 Iter:  500/ 600 LR: 0.0000094853 Loss content:  0.0166 Loss fft:  0.7901 Loss dta_rank:  0.7750 Loss dta_tv:  0.0247 Loss dta_proxy:  0.4507 Loss dta_trans:  0.0065 Loss dta_phys:  0.0066 Loss dta_preserve:  0.0040
Time:  0.0782 Epoch: 017 Iter:  550/ 600 LR: 0.0000094853 Loss content:  0.0181 Loss fft:  0.8441 Loss dta_rank:  0.7752 Loss dta_tv:  0.0244 Loss dta_proxy:  0.4494 Loss dta_trans:  0.0056 Loss dta_phys:  0.0069 Loss dta_preserve:  0.0059
Time:  0.0764 Epoch: 017 Iter:  600/ 600 LR: 0.0000094853 Loss content:  0.0175 Loss fft:  0.8147 Loss dta_rank:  0.7707 Loss dta_tv:  0.0240 Loss dta_proxy:  0.4620 Loss dta_trans:  0.0068 Loss dta_phys:  0.0065 Loss dta_preserve:  0.0051
EPOCH: 17
Elapsed time: 0.88 Epoch Pixel Loss:  0.0172 Epoch FFT Loss:  0.8177 Epoch DTA Rank:  0.7751 Epoch DTA TV:  0.0246 Epoch DTA Proxy:  0.4523 Epoch DTA Trans:  0.0060 Epoch DTA Phys:  0.0067 Epoch DTA Preserve:  0.0054
DTA_GATE_RAMP epoch=18 gate_limit=0.060000
Time:  0.0766 Epoch: 018 Iter:   50/ 600 LR: 0.0000052550 Loss content:  0.0161 Loss fft:  0.7779 Loss dta_rank:  0.7741 Loss dta_tv:  0.0247 Loss dta_proxy:  0.4494 Loss dta_trans:  0.0069 Loss dta_phys:  0.0074 Loss dta_preserve:  0.0049
Time:  0.0737 Epoch: 018 Iter:  100/ 600 LR: 0.0000052550 Loss content:  0.0173 Loss fft:  0.8225 Loss dta_rank:  0.7736 Loss dta_tv:  0.0239 Loss dta_proxy:  0.4665 Loss dta_trans:  0.0062 Loss dta_phys:  0.0075 Loss dta_preserve:  0.0051
Time:  0.0749 Epoch: 018 Iter:  150/ 600 LR: 0.0000052550 Loss content:  0.0166 Loss fft:  0.8023 Loss dta_rank:  0.7738 Loss dta_tv:  0.0244 Loss dta_proxy:  0.4507 Loss dta_trans:  0.0056 Loss dta_phys:  0.0069 Loss dta_preserve:  0.0057
Time:  0.0762 Epoch: 018 Iter:  200/ 600 LR: 0.0000052550 Loss content:  0.0168 Loss fft:  0.8266 Loss dta_rank:  0.7788 Loss dta_tv:  0.0250 Loss dta_proxy:  0.4519 Loss dta_trans:  0.0062 Loss dta_phys:  0.0066 Loss dta_preserve:  0.0051
Time:  0.0753 Epoch: 018 Iter:  250/ 600 LR: 0.0000052550 Loss content:  0.0182 Loss fft:  0.8516 Loss dta_rank:  0.7746 Loss dta_tv:  0.0245 Loss dta_proxy:  0.4606 Loss dta_trans:  0.0061 Loss dta_phys:  0.0071 Loss dta_preserve:  0.0061
Time:  0.0751 Epoch: 018 Iter:  300/ 600 LR: 0.0000052550 Loss content:  0.0167 Loss fft:  0.7995 Loss dta_rank:  0.7739 Loss dta_tv:  0.0244 Loss dta_proxy:  0.4600 Loss dta_trans:  0.0055 Loss dta_phys:  0.0063 Loss dta_preserve:  0.0040
Time:  0.0740 Epoch: 018 Iter:  350/ 600 LR: 0.0000052550 Loss content:  0.0169 Loss fft:  0.7775 Loss dta_rank:  0.7732 Loss dta_tv:  0.0247 Loss dta_proxy:  0.4424 Loss dta_trans:  0.0061 Loss dta_phys:  0.0066 Loss dta_preserve:  0.0040
Time:  0.0757 Epoch: 018 Iter:  400/ 600 LR: 0.0000052550 Loss content:  0.0174 Loss fft:  0.8196 Loss dta_rank:  0.7761 Loss dta_tv:  0.0248 Loss dta_proxy:  0.4426 Loss dta_trans:  0.0063 Loss dta_phys:  0.0066 Loss dta_preserve:  0.0046
Time:  0.0715 Epoch: 018 Iter:  450/ 600 LR: 0.0000052550 Loss content:  0.0185 Loss fft:  0.8495 Loss dta_rank:  0.7756 Loss dta_tv:  0.0245 Loss dta_proxy:  0.4533 Loss dta_trans:  0.0067 Loss dta_phys:  0.0063 Loss dta_preserve:  0.0058
Time:  0.0759 Epoch: 018 Iter:  500/ 600 LR: 0.0000052550 Loss content:  0.0174 Loss fft:  0.8007 Loss dta_rank:  0.7716 Loss dta_tv:  0.0238 Loss dta_proxy:  0.4659 Loss dta_trans:  0.0056 Loss dta_phys:  0.0068 Loss dta_preserve:  0.0051
Time:  0.0695 Epoch: 018 Iter:  550/ 600 LR: 0.0000052550 Loss content:  0.0177 Loss fft:  0.8436 Loss dta_rank:  0.7750 Loss dta_tv:  0.0245 Loss dta_proxy:  0.4563 Loss dta_trans:  0.0054 Loss dta_phys:  0.0068 Loss dta_preserve:  0.0050
Time:  0.0706 Epoch: 018 Iter:  600/ 600 LR: 0.0000052550 Loss content:  0.0174 Loss fft:  0.8615 Loss dta_rank:  0.7767 Loss dta_tv:  0.0250 Loss dta_proxy:  0.4585 Loss dta_trans:  0.0060 Loss dta_phys:  0.0061 Loss dta_preserve:  0.0056
EPOCH: 18
Elapsed time: 0.89 Epoch Pixel Loss:  0.0173 Epoch FFT Loss:  0.8194 Epoch DTA Rank:  0.7747 Epoch DTA TV:  0.0245 Epoch DTA Proxy:  0.4548 Epoch DTA Trans:  0.0061 Epoch DTA Phys:  0.0067 Epoch DTA Preserve:  0.0051
DTA_GATE_RAMP epoch=19 gate_limit=0.060000
Time:  0.0791 Epoch: 019 Iter:   50/ 600 LR: 0.0000025070 Loss content:  0.0175 Loss fft:  0.8716 Loss dta_rank:  0.7782 Loss dta_tv:  0.0251 Loss dta_proxy:  0.4631 Loss dta_trans:  0.0055 Loss dta_phys:  0.0065 Loss dta_preserve:  0.0045
Time:  0.0725 Epoch: 019 Iter:  100/ 600 LR: 0.0000025070 Loss content:  0.0170 Loss fft:  0.8207 Loss dta_rank:  0.7724 Loss dta_tv:  0.0252 Loss dta_proxy:  0.4437 Loss dta_trans:  0.0069 Loss dta_phys:  0.0060 Loss dta_preserve:  0.0052
Time:  0.0782 Epoch: 019 Iter:  150/ 600 LR: 0.0000025070 Loss content:  0.0175 Loss fft:  0.8188 Loss dta_rank:  0.7740 Loss dta_tv:  0.0249 Loss dta_proxy:  0.4514 Loss dta_trans:  0.0065 Loss dta_phys:  0.0062 Loss dta_preserve:  0.0074
Time:  0.0751 Epoch: 019 Iter:  200/ 600 LR: 0.0000025070 Loss content:  0.0176 Loss fft:  0.8337 Loss dta_rank:  0.7794 Loss dta_tv:  0.0244 Loss dta_proxy:  0.4607 Loss dta_trans:  0.0058 Loss dta_phys:  0.0066 Loss dta_preserve:  0.0058
Time:  0.0755 Epoch: 019 Iter:  250/ 600 LR: 0.0000025070 Loss content:  0.0173 Loss fft:  0.8269 Loss dta_rank:  0.7740 Loss dta_tv:  0.0243 Loss dta_proxy:  0.4627 Loss dta_trans:  0.0066 Loss dta_phys:  0.0071 Loss dta_preserve:  0.0052
Time:  0.0744 Epoch: 019 Iter:  300/ 600 LR: 0.0000025070 Loss content:  0.0167 Loss fft:  0.7935 Loss dta_rank:  0.7723 Loss dta_tv:  0.0241 Loss dta_proxy:  0.4607 Loss dta_trans:  0.0061 Loss dta_phys:  0.0074 Loss dta_preserve:  0.0058
Time:  0.0716 Epoch: 019 Iter:  350/ 600 LR: 0.0000025070 Loss content:  0.0170 Loss fft:  0.7965 Loss dta_rank:  0.7740 Loss dta_tv:  0.0244 Loss dta_proxy:  0.4512 Loss dta_trans:  0.0060 Loss dta_phys:  0.0073 Loss dta_preserve:  0.0054
Time:  0.0727 Epoch: 019 Iter:  400/ 600 LR: 0.0000025070 Loss content:  0.0170 Loss fft:  0.8033 Loss dta_rank:  0.7741 Loss dta_tv:  0.0242 Loss dta_proxy:  0.4568 Loss dta_trans:  0.0056 Loss dta_phys:  0.0072 Loss dta_preserve:  0.0055
Time:  0.0697 Epoch: 019 Iter:  450/ 600 LR: 0.0000025070 Loss content:  0.0171 Loss fft:  0.8457 Loss dta_rank:  0.7789 Loss dta_tv:  0.0248 Loss dta_proxy:  0.4495 Loss dta_trans:  0.0052 Loss dta_phys:  0.0069 Loss dta_preserve:  0.0049
Time:  0.0662 Epoch: 019 Iter:  500/ 600 LR: 0.0000025070 Loss content:  0.0174 Loss fft:  0.8309 Loss dta_rank:  0.7772 Loss dta_tv:  0.0247 Loss dta_proxy:  0.4533 Loss dta_trans:  0.0056 Loss dta_phys:  0.0067 Loss dta_preserve:  0.0049
Time:  0.0718 Epoch: 019 Iter:  550/ 600 LR: 0.0000025070 Loss content:  0.0171 Loss fft:  0.8063 Loss dta_rank:  0.7721 Loss dta_tv:  0.0244 Loss dta_proxy:  0.4604 Loss dta_trans:  0.0053 Loss dta_phys:  0.0065 Loss dta_preserve:  0.0048
Time:  0.0730 Epoch: 019 Iter:  600/ 600 LR: 0.0000025070 Loss content:  0.0173 Loss fft:  0.8116 Loss dta_rank:  0.7719 Loss dta_tv:  0.0243 Loss dta_proxy:  0.4697 Loss dta_trans:  0.0063 Loss dta_phys:  0.0062 Loss dta_preserve:  0.0046
EPOCH: 19
Elapsed time: 0.88 Epoch Pixel Loss:  0.0172 Epoch FFT Loss:  0.8216 Epoch DTA Rank:  0.7749 Epoch DTA TV:  0.0246 Epoch DTA Proxy:  0.4569 Epoch DTA Trans:  0.0059 Epoch DTA Phys:  0.0067 Epoch DTA Preserve:  0.0053
DTA_GATE_RAMP epoch=20 gate_limit=0.060000
Time:  0.0776 Epoch: 020 Iter:   50/ 600 LR: 0.0000012125 Loss content:  0.0162 Loss fft:  0.7834 Loss dta_rank:  0.7744 Loss dta_tv:  0.0244 Loss dta_proxy:  0.4587 Loss dta_trans:  0.0066 Loss dta_phys:  0.0068 Loss dta_preserve:  0.0039
Time:  0.0824 Epoch: 020 Iter:  100/ 600 LR: 0.0000012125 Loss content:  0.0161 Loss fft:  0.7847 Loss dta_rank:  0.7691 Loss dta_tv:  0.0252 Loss dta_proxy:  0.4299 Loss dta_trans:  0.0061 Loss dta_phys:  0.0066 Loss dta_preserve:  0.0041
Time:  0.0858 Epoch: 020 Iter:  150/ 600 LR: 0.0000012125 Loss content:  0.0174 Loss fft:  0.8335 Loss dta_rank:  0.7771 Loss dta_tv:  0.0245 Loss dta_proxy:  0.4503 Loss dta_trans:  0.0060 Loss dta_phys:  0.0068 Loss dta_preserve:  0.0048
Time:  0.0864 Epoch: 020 Iter:  200/ 600 LR: 0.0000012125 Loss content:  0.0185 Loss fft:  0.8787 Loss dta_rank:  0.7750 Loss dta_tv:  0.0244 Loss dta_proxy:  0.4629 Loss dta_trans:  0.0059 Loss dta_phys:  0.0062 Loss dta_preserve:  0.0047
Time:  0.0890 Epoch: 020 Iter:  250/ 600 LR: 0.0000012125 Loss content:  0.0165 Loss fft:  0.8053 Loss dta_rank:  0.7764 Loss dta_tv:  0.0247 Loss dta_proxy:  0.4563 Loss dta_trans:  0.0049 Loss dta_phys:  0.0070 Loss dta_preserve:  0.0041
Time:  0.0846 Epoch: 020 Iter:  300/ 600 LR: 0.0000012125 Loss content:  0.0180 Loss fft:  0.8244 Loss dta_rank:  0.7745 Loss dta_tv:  0.0246 Loss dta_proxy:  0.4561 Loss dta_trans:  0.0061 Loss dta_phys:  0.0066 Loss dta_preserve:  0.0055
Time:  0.0841 Epoch: 020 Iter:  350/ 600 LR: 0.0000012125 Loss content:  0.0177 Loss fft:  0.8569 Loss dta_rank:  0.7780 Loss dta_tv:  0.0250 Loss dta_proxy:  0.4585 Loss dta_trans:  0.0058 Loss dta_phys:  0.0070 Loss dta_preserve:  0.0055
Time:  0.0889 Epoch: 020 Iter:  400/ 600 LR: 0.0000012125 Loss content:  0.0176 Loss fft:  0.8238 Loss dta_rank:  0.7705 Loss dta_tv:  0.0236 Loss dta_proxy:  0.4764 Loss dta_trans:  0.0060 Loss dta_phys:  0.0064 Loss dta_preserve:  0.0048
Time:  0.0867 Epoch: 020 Iter:  450/ 600 LR: 0.0000012125 Loss content:  0.0162 Loss fft:  0.7865 Loss dta_rank:  0.7789 Loss dta_tv:  0.0250 Loss dta_proxy:  0.4409 Loss dta_trans:  0.0056 Loss dta_phys:  0.0075 Loss dta_preserve:  0.0047
Time:  0.0934 Epoch: 020 Iter:  500/ 600 LR: 0.0000012125 Loss content:  0.0165 Loss fft:  0.7755 Loss dta_rank:  0.7695 Loss dta_tv:  0.0239 Loss dta_proxy:  0.4604 Loss dta_trans:  0.0065 Loss dta_phys:  0.0064 Loss dta_preserve:  0.0048
Time:  0.0753 Epoch: 020 Iter:  550/ 600 LR: 0.0000012125 Loss content:  0.0161 Loss fft:  0.8034 Loss dta_rank:  0.7770 Loss dta_tv:  0.0247 Loss dta_proxy:  0.4549 Loss dta_trans:  0.0065 Loss dta_phys:  0.0073 Loss dta_preserve:  0.0044
Time:  0.0858 Epoch: 020 Iter:  600/ 600 LR: 0.0000012125 Loss content:  0.0169 Loss fft:  0.7991 Loss dta_rank:  0.7718 Loss dta_tv:  0.0248 Loss dta_proxy:  0.4513 Loss dta_trans:  0.0060 Loss dta_phys:  0.0073 Loss dta_preserve:  0.0066
EPOCH: 20
Elapsed time: 1.03 Epoch Pixel Loss:  0.0170 Epoch FFT Loss:  0.8129 Epoch DTA Rank:  0.7743 Epoch DTA TV:  0.0245 Epoch DTA Proxy:  0.4547 Epoch DTA Trans:  0.0060 Epoch DTA Phys:  0.0068 Epoch DTA Preserve:  0.0048
