Namespace(model_name='ConvIR-Haze4K-DTA-v2-adapter_only-zero-seed3411-f0-oof20', data='Haze4K', version='base', fam_mode='original', arch='dta_v2', seed=3411, mode='train', data_dir='/sda/home/wangyuxin/ConvIR-B/datasets/Haze4K/Haze4K', batch_size=4, learning_rate=0.0001, weight_decay=0.0, num_epoch=20, stop_epoch=20, print_freq=50, num_worker=4, save_freq=5, valid_freq=9999, mod_stats_freq=5, mod_stats_batches=16, grad_clip_norm=0.001, dta_grad_clip_norm=0.05, dta_neighbor_grad_clip_norm=0.005, init_model='/sda/home/wangyuxin/ConvIR-B/checkpoints/official/Haze4K/haze4k-base.pkl', init_model_partial=True, partial_new_prefixes='DTA.', resume='', train_scope='adapter_only', dta_depth_cache_dir='/sda/home/wangyuxin/ConvIR-B/depth_cache/depth_anything_v2_small_hf', dta_train_depth_split='train', dta_eval_depth_split='train', valid_root_split='train', eval_root_split='test', dta_require_depth=True, dta_variant='v2', dta_depth_mode='zero', dta_prior_channels=32, dta_gate_bias=-6.0, dta_gate_limit=0.06, dta_gamma_limit=0.12, dta_beta_limit=0.06, dta_alpha_init=1.0, dta_confidence_floor=0.25, dta_confidence_local_scale=6.0, dta_output_residual_scale=0.03, dta_use_trans_gt=True, dta_trans_weight=0.02, dta_phys_weight=0.005, dta_preserve_weight=0.02, dta_preserve_trans_thresh=0.8, dta_gate_ramp_start=0.01, dta_gate_ramp_mid=0.03, dta_gate_ramp_end=0.06, dta_gate_ramp_warmup_epochs=2, dta_gate_ramp_mid_epochs=8, dta_rank_weight=0.001, dta_tv_weight=0.0001, dta_proxy_weight=0.0, dta_rank_pairs=512, dta_rank_min_depth_gap=0.03, split_json='/sda/home/wangyuxin/ConvIR-B/repos/ConvIR-B-dta-v2-calibrated/experience_docx/experiment_logs/haze4k_dta_v2_calibrated_20260611/dta_v2_haze4k_oof_splits_seed3407.json', split_name='fold0_train', test_model='', save_image=False, leaning_rate=0.0001, model_save_dir='results/ConvIR-Haze4K-DTA-v2-adapter_only-zero-seed3411-f0-oof20/Training-Results/', result_dir='results/ConvIR-Haze4K-DTA-v2-adapter_only-zero-seed3411-f0-oof20/images/Haze4K', init_model_sha256='6f42037d57a4e3de3a10ac0ab909d66a3415864a19433c29204a975f4efa4088')
/sda/home/wangyuxin/ConvIR-B/repos/ConvIR-B-dta-v2-calibrated/Dehazing/ITS/main.py:14: FutureWarning: You are using `torch.load` with `weights_only=False` (the current default value), which uses the default pickle module implicitly. It is possible to construct malicious pickle data which will execute arbitrary code during unpickling (See https://github.com/pytorch/pytorch/blob/main/SECURITY.md#untrusted-models for more details). In a future release, the default value for `weights_only` will be flipped to `True`. This limits the functions that could be executed during unpickling. Arbitrary objects will no longer be allowed to be loaded via this mode unless they are explicitly allowlisted by the user via `torch.serialization.add_safe_globals`. We recommend you start setting `weights_only=True` for any use case where you don't have full control of the loaded file. Please open an issue on GitHub for any issues related to this experimental feature.
  state = torch.load(path, map_location=map_location)
INIT_MODEL_PARTIAL_LOAD path=/sda/home/wangyuxin/ConvIR-B/checkpoints/official/Haze4K/haze4k-base.pkl loaded=602 missing_allowed=25 unexpected=[] allowed_new_prefixes=('DTA.',)
TRAIN_SCOPE scope=adapter_only arch=dta_v2 trainable=74699 total=8705364
/sda/home/wangyuxin/ConvIR-B/envs/convir-cu121/lib/python3.10/site-packages/torch/optim/lr_scheduler.py:224: UserWarning: Detected call of `lr_scheduler.step()` before `optimizer.step()`. In PyTorch 1.1.0 and later, you should call them in the opposite order: `optimizer.step()` before `lr_scheduler.step()`.  Failure to do this will result in PyTorch skipping the first value of the learning rate schedule. See more details at https://pytorch.org/docs/stable/optim.html#how-to-adjust-learning-rate
  warnings.warn(
DTA_GATE_RAMP epoch=1 gate_limit=0.010000
Time:  0.0859 Epoch: 001 Iter:   50/ 600 LR: 0.0000333333 Loss content:  0.0173 Loss fft:  0.8296 Loss dta_rank:  0.0000 Loss dta_tv:  0.0030 Loss dta_proxy:  0.5188 Loss dta_trans:  0.0412 Loss dta_phys:  0.0082 Loss dta_preserve:  0.0046
Time:  0.0695 Epoch: 001 Iter:  100/ 600 LR: 0.0000333333 Loss content:  0.0173 Loss fft:  0.8002 Loss dta_rank:  0.0000 Loss dta_tv:  0.0105 Loss dta_proxy:  0.5712 Loss dta_trans:  0.0343 Loss dta_phys:  0.0087 Loss dta_preserve:  0.0045
Time:  0.0743 Epoch: 001 Iter:  150/ 600 LR: 0.0000333333 Loss content:  0.0173 Loss fft:  0.8147 Loss dta_rank:  0.0000 Loss dta_tv:  0.0164 Loss dta_proxy:  0.6008 Loss dta_trans:  0.0287 Loss dta_phys:  0.0081 Loss dta_preserve:  0.0047
Time:  0.0667 Epoch: 001 Iter:  200/ 600 LR: 0.0000333333 Loss content:  0.0169 Loss fft:  0.7996 Loss dta_rank:  0.0000 Loss dta_tv:  0.0219 Loss dta_proxy:  0.6197 Loss dta_trans:  0.0236 Loss dta_phys:  0.0076 Loss dta_preserve:  0.0055
Time:  0.0639 Epoch: 001 Iter:  250/ 600 LR: 0.0000333333 Loss content:  0.0178 Loss fft:  0.8184 Loss dta_rank:  0.0000 Loss dta_tv:  0.0283 Loss dta_proxy:  0.6201 Loss dta_trans:  0.0172 Loss dta_phys:  0.0074 Loss dta_preserve:  0.0053
Time:  0.0657 Epoch: 001 Iter:  300/ 600 LR: 0.0000333333 Loss content:  0.0169 Loss fft:  0.8193 Loss dta_rank:  0.0000 Loss dta_tv:  0.0326 Loss dta_proxy:  0.6223 Loss dta_trans:  0.0142 Loss dta_phys:  0.0066 Loss dta_preserve:  0.0057
Time:  0.0675 Epoch: 001 Iter:  350/ 600 LR: 0.0000333333 Loss content:  0.0177 Loss fft:  0.8402 Loss dta_rank:  0.0000 Loss dta_tv:  0.0366 Loss dta_proxy:  0.6185 Loss dta_trans:  0.0121 Loss dta_phys:  0.0060 Loss dta_preserve:  0.0049
Time:  0.0671 Epoch: 001 Iter:  400/ 600 LR: 0.0000333333 Loss content:  0.0174 Loss fft:  0.8151 Loss dta_rank:  0.0000 Loss dta_tv:  0.0380 Loss dta_proxy:  0.6254 Loss dta_trans:  0.0111 Loss dta_phys:  0.0066 Loss dta_preserve:  0.0064
Time:  0.0739 Epoch: 001 Iter:  450/ 600 LR: 0.0000333333 Loss content:  0.0177 Loss fft:  0.8280 Loss dta_rank:  0.0000 Loss dta_tv:  0.0385 Loss dta_proxy:  0.6456 Loss dta_trans:  0.0108 Loss dta_phys:  0.0076 Loss dta_preserve:  0.0046
Time:  0.0667 Epoch: 001 Iter:  500/ 600 LR: 0.0000333333 Loss content:  0.0177 Loss fft:  0.8375 Loss dta_rank:  0.0000 Loss dta_tv:  0.0390 Loss dta_proxy:  0.6395 Loss dta_trans:  0.0099 Loss dta_phys:  0.0066 Loss dta_preserve:  0.0052
Time:  0.0694 Epoch: 001 Iter:  550/ 600 LR: 0.0000333333 Loss content:  0.0161 Loss fft:  0.8034 Loss dta_rank:  0.0000 Loss dta_tv:  0.0409 Loss dta_proxy:  0.6334 Loss dta_trans:  0.0100 Loss dta_phys:  0.0066 Loss dta_preserve:  0.0048
Time:  0.0639 Epoch: 001 Iter:  600/ 600 LR: 0.0000333333 Loss content:  0.0166 Loss fft:  0.8281 Loss dta_rank:  0.0000 Loss dta_tv:  0.0391 Loss dta_proxy:  0.6387 Loss dta_trans:  0.0099 Loss dta_phys:  0.0065 Loss dta_preserve:  0.0070
EPOCH: 01
Elapsed time: 0.84 Epoch Pixel Loss:  0.0172 Epoch FFT Loss:  0.8195 Epoch DTA Rank:  0.0000 Epoch DTA TV:  0.0287 Epoch DTA Proxy:  0.6128 Epoch DTA Trans:  0.0186 Epoch DTA Phys:  0.0072 Epoch DTA Preserve:  0.0053
DTA_GATE_RAMP epoch=2 gate_limit=0.010000
Time:  0.0761 Epoch: 002 Iter:   50/ 600 LR: 0.0000666667 Loss content:  0.0176 Loss fft:  0.8435 Loss dta_rank:  0.0000 Loss dta_tv:  0.0395 Loss dta_proxy:  0.6380 Loss dta_trans:  0.0110 Loss dta_phys:  0.0068 Loss dta_preserve:  0.0048
Time:  0.0723 Epoch: 002 Iter:  100/ 600 LR: 0.0000666667 Loss content:  0.0168 Loss fft:  0.8021 Loss dta_rank:  0.0000 Loss dta_tv:  0.0408 Loss dta_proxy:  0.6161 Loss dta_trans:  0.0096 Loss dta_phys:  0.0073 Loss dta_preserve:  0.0048
Time:  0.0724 Epoch: 002 Iter:  150/ 600 LR: 0.0000666667 Loss content:  0.0167 Loss fft:  0.8170 Loss dta_rank:  0.0000 Loss dta_tv:  0.0390 Loss dta_proxy:  0.6302 Loss dta_trans:  0.0091 Loss dta_phys:  0.0067 Loss dta_preserve:  0.0047
Time:  0.0730 Epoch: 002 Iter:  200/ 600 LR: 0.0000666667 Loss content:  0.0175 Loss fft:  0.8008 Loss dta_rank:  0.0000 Loss dta_tv:  0.0406 Loss dta_proxy:  0.6329 Loss dta_trans:  0.0094 Loss dta_phys:  0.0070 Loss dta_preserve:  0.0057
Time:  0.0710 Epoch: 002 Iter:  250/ 600 LR: 0.0000666667 Loss content:  0.0167 Loss fft:  0.7815 Loss dta_rank:  0.0000 Loss dta_tv:  0.0395 Loss dta_proxy:  0.6221 Loss dta_trans:  0.0085 Loss dta_phys:  0.0067 Loss dta_preserve:  0.0051
Time:  0.0735 Epoch: 002 Iter:  300/ 600 LR: 0.0000666667 Loss content:  0.0171 Loss fft:  0.8088 Loss dta_rank:  0.0000 Loss dta_tv:  0.0381 Loss dta_proxy:  0.6508 Loss dta_trans:  0.0091 Loss dta_phys:  0.0067 Loss dta_preserve:  0.0048
Time:  0.0668 Epoch: 002 Iter:  350/ 600 LR: 0.0000666667 Loss content:  0.0179 Loss fft:  0.8433 Loss dta_rank:  0.0000 Loss dta_tv:  0.0393 Loss dta_proxy:  0.6291 Loss dta_trans:  0.0080 Loss dta_phys:  0.0062 Loss dta_preserve:  0.0046
Time:  0.0611 Epoch: 002 Iter:  400/ 600 LR: 0.0000666667 Loss content:  0.0171 Loss fft:  0.8499 Loss dta_rank:  0.0000 Loss dta_tv:  0.0384 Loss dta_proxy:  0.6347 Loss dta_trans:  0.0087 Loss dta_phys:  0.0060 Loss dta_preserve:  0.0054
Time:  0.0714 Epoch: 002 Iter:  450/ 600 LR: 0.0000666667 Loss content:  0.0169 Loss fft:  0.7870 Loss dta_rank:  0.0000 Loss dta_tv:  0.0382 Loss dta_proxy:  0.6522 Loss dta_trans:  0.0085 Loss dta_phys:  0.0075 Loss dta_preserve:  0.0053
Time:  0.0708 Epoch: 002 Iter:  500/ 600 LR: 0.0000666667 Loss content:  0.0177 Loss fft:  0.8440 Loss dta_rank:  0.0000 Loss dta_tv:  0.0390 Loss dta_proxy:  0.6261 Loss dta_trans:  0.0095 Loss dta_phys:  0.0075 Loss dta_preserve:  0.0046
Time:  0.0763 Epoch: 002 Iter:  550/ 600 LR: 0.0000666667 Loss content:  0.0178 Loss fft:  0.8204 Loss dta_rank:  0.0000 Loss dta_tv:  0.0380 Loss dta_proxy:  0.6410 Loss dta_trans:  0.0077 Loss dta_phys:  0.0064 Loss dta_preserve:  0.0058
Time:  0.0688 Epoch: 002 Iter:  600/ 600 LR: 0.0000666667 Loss content:  0.0171 Loss fft:  0.8124 Loss dta_rank:  0.0000 Loss dta_tv:  0.0365 Loss dta_proxy:  0.6596 Loss dta_trans:  0.0077 Loss dta_phys:  0.0066 Loss dta_preserve:  0.0065
EPOCH: 02
Elapsed time: 0.86 Epoch Pixel Loss:  0.0172 Epoch FFT Loss:  0.8176 Epoch DTA Rank:  0.0000 Epoch DTA TV:  0.0389 Epoch DTA Proxy:  0.6361 Epoch DTA Trans:  0.0089 Epoch DTA Phys:  0.0068 Epoch DTA Preserve:  0.0052
DTA_GATE_RAMP epoch=3 gate_limit=0.030000
Time:  0.0794 Epoch: 003 Iter:   50/ 600 LR: 0.0001000000 Loss content:  0.0181 Loss fft:  0.8586 Loss dta_rank:  0.0000 Loss dta_tv:  0.0368 Loss dta_proxy:  0.6253 Loss dta_trans:  0.0085 Loss dta_phys:  0.0063 Loss dta_preserve:  0.0044
Time:  0.0785 Epoch: 003 Iter:  100/ 600 LR: 0.0001000000 Loss content:  0.0174 Loss fft:  0.8421 Loss dta_rank:  0.0000 Loss dta_tv:  0.0372 Loss dta_proxy:  0.6410 Loss dta_trans:  0.0066 Loss dta_phys:  0.0059 Loss dta_preserve:  0.0055
Time:  0.0760 Epoch: 003 Iter:  150/ 600 LR: 0.0001000000 Loss content:  0.0164 Loss fft:  0.7863 Loss dta_rank:  0.0000 Loss dta_tv:  0.0374 Loss dta_proxy:  0.6404 Loss dta_trans:  0.0086 Loss dta_phys:  0.0068 Loss dta_preserve:  0.0055
Time:  0.0741 Epoch: 003 Iter:  200/ 600 LR: 0.0001000000 Loss content:  0.0173 Loss fft:  0.8308 Loss dta_rank:  0.0000 Loss dta_tv:  0.0366 Loss dta_proxy:  0.6324 Loss dta_trans:  0.0078 Loss dta_phys:  0.0065 Loss dta_preserve:  0.0066
Time:  0.0754 Epoch: 003 Iter:  250/ 600 LR: 0.0001000000 Loss content:  0.0178 Loss fft:  0.8268 Loss dta_rank:  0.0000 Loss dta_tv:  0.0355 Loss dta_proxy:  0.6370 Loss dta_trans:  0.0081 Loss dta_phys:  0.0070 Loss dta_preserve:  0.0055
Time:  0.0734 Epoch: 003 Iter:  300/ 600 LR: 0.0001000000 Loss content:  0.0174 Loss fft:  0.8280 Loss dta_rank:  0.0000 Loss dta_tv:  0.0364 Loss dta_proxy:  0.6344 Loss dta_trans:  0.0080 Loss dta_phys:  0.0065 Loss dta_preserve:  0.0053
Time:  0.0752 Epoch: 003 Iter:  350/ 600 LR: 0.0001000000 Loss content:  0.0171 Loss fft:  0.8049 Loss dta_rank:  0.0000 Loss dta_tv:  0.0357 Loss dta_proxy:  0.6402 Loss dta_trans:  0.0082 Loss dta_phys:  0.0072 Loss dta_preserve:  0.0054
Time:  0.0753 Epoch: 003 Iter:  400/ 600 LR: 0.0001000000 Loss content:  0.0169 Loss fft:  0.8134 Loss dta_rank:  0.0000 Loss dta_tv:  0.0345 Loss dta_proxy:  0.6479 Loss dta_trans:  0.0072 Loss dta_phys:  0.0067 Loss dta_preserve:  0.0050
Time:  0.0760 Epoch: 003 Iter:  450/ 600 LR: 0.0001000000 Loss content:  0.0174 Loss fft:  0.8275 Loss dta_rank:  0.0000 Loss dta_tv:  0.0347 Loss dta_proxy:  0.6395 Loss dta_trans:  0.0069 Loss dta_phys:  0.0068 Loss dta_preserve:  0.0058
Time:  0.0768 Epoch: 003 Iter:  500/ 600 LR: 0.0001000000 Loss content:  0.0168 Loss fft:  0.8138 Loss dta_rank:  0.0000 Loss dta_tv:  0.0350 Loss dta_proxy:  0.6360 Loss dta_trans:  0.0068 Loss dta_phys:  0.0073 Loss dta_preserve:  0.0045
Time:  0.0738 Epoch: 003 Iter:  550/ 600 LR: 0.0001000000 Loss content:  0.0171 Loss fft:  0.8323 Loss dta_rank:  0.0000 Loss dta_tv:  0.0346 Loss dta_proxy:  0.6566 Loss dta_trans:  0.0069 Loss dta_phys:  0.0071 Loss dta_preserve:  0.0049
Time:  0.0731 Epoch: 003 Iter:  600/ 600 LR: 0.0001000000 Loss content:  0.0167 Loss fft:  0.8081 Loss dta_rank:  0.0000 Loss dta_tv:  0.0350 Loss dta_proxy:  0.6441 Loss dta_trans:  0.0078 Loss dta_phys:  0.0067 Loss dta_preserve:  0.0053
EPOCH: 03
Elapsed time: 0.91 Epoch Pixel Loss:  0.0172 Epoch FFT Loss:  0.8227 Epoch DTA Rank:  0.0000 Epoch DTA TV:  0.0358 Epoch DTA Proxy:  0.6396 Epoch DTA Trans:  0.0076 Epoch DTA Phys:  0.0067 Epoch DTA Preserve:  0.0053
/sda/home/wangyuxin/ConvIR-B/envs/convir-cu121/lib/python3.10/site-packages/torch/optim/lr_scheduler.py:1087: UserWarning: To get the last learning rate computed by the scheduler, please use `get_last_lr()`.
  _warn_get_lr_called_within_step(self)
DTA_GATE_RAMP epoch=4 gate_limit=0.030000
Time:  0.0747 Epoch: 004 Iter:   50/ 600 LR: 0.0001000000 Loss content:  0.0173 Loss fft:  0.8221 Loss dta_rank:  0.0000 Loss dta_tv:  0.0350 Loss dta_proxy:  0.6203 Loss dta_trans:  0.0072 Loss dta_phys:  0.0065 Loss dta_preserve:  0.0063
Time:  0.0727 Epoch: 004 Iter:  100/ 600 LR: 0.0001000000 Loss content:  0.0169 Loss fft:  0.7975 Loss dta_rank:  0.0000 Loss dta_tv:  0.0342 Loss dta_proxy:  0.6300 Loss dta_trans:  0.0078 Loss dta_phys:  0.0069 Loss dta_preserve:  0.0045
Time:  0.0747 Epoch: 004 Iter:  150/ 600 LR: 0.0001000000 Loss content:  0.0171 Loss fft:  0.8258 Loss dta_rank:  0.0000 Loss dta_tv:  0.0335 Loss dta_proxy:  0.6479 Loss dta_trans:  0.0069 Loss dta_phys:  0.0066 Loss dta_preserve:  0.0050
Time:  0.0729 Epoch: 004 Iter:  200/ 600 LR: 0.0001000000 Loss content:  0.0175 Loss fft:  0.8329 Loss dta_rank:  0.0000 Loss dta_tv:  0.0344 Loss dta_proxy:  0.6205 Loss dta_trans:  0.0066 Loss dta_phys:  0.0064 Loss dta_preserve:  0.0051
Time:  0.0769 Epoch: 004 Iter:  250/ 600 LR: 0.0001000000 Loss content:  0.0178 Loss fft:  0.8382 Loss dta_rank:  0.0000 Loss dta_tv:  0.0331 Loss dta_proxy:  0.6566 Loss dta_trans:  0.0068 Loss dta_phys:  0.0077 Loss dta_preserve:  0.0056
Time:  0.0806 Epoch: 004 Iter:  300/ 600 LR: 0.0001000000 Loss content:  0.0165 Loss fft:  0.8145 Loss dta_rank:  0.0000 Loss dta_tv:  0.0351 Loss dta_proxy:  0.6462 Loss dta_trans:  0.0075 Loss dta_phys:  0.0067 Loss dta_preserve:  0.0061
Time:  0.0788 Epoch: 004 Iter:  350/ 600 LR: 0.0001000000 Loss content:  0.0172 Loss fft:  0.8257 Loss dta_rank:  0.0000 Loss dta_tv:  0.0338 Loss dta_proxy:  0.6287 Loss dta_trans:  0.0062 Loss dta_phys:  0.0055 Loss dta_preserve:  0.0059
Time:  0.0697 Epoch: 004 Iter:  400/ 600 LR: 0.0001000000 Loss content:  0.0173 Loss fft:  0.8240 Loss dta_rank:  0.0000 Loss dta_tv:  0.0327 Loss dta_proxy:  0.6510 Loss dta_trans:  0.0071 Loss dta_phys:  0.0070 Loss dta_preserve:  0.0057
Time:  0.0612 Epoch: 004 Iter:  450/ 600 LR: 0.0001000000 Loss content:  0.0163 Loss fft:  0.7965 Loss dta_rank:  0.0000 Loss dta_tv:  0.0331 Loss dta_proxy:  0.6164 Loss dta_trans:  0.0062 Loss dta_phys:  0.0067 Loss dta_preserve:  0.0046
Time:  0.0615 Epoch: 004 Iter:  500/ 600 LR: 0.0001000000 Loss content:  0.0172 Loss fft:  0.8216 Loss dta_rank:  0.0000 Loss dta_tv:  0.0325 Loss dta_proxy:  0.6626 Loss dta_trans:  0.0075 Loss dta_phys:  0.0069 Loss dta_preserve:  0.0050
Time:  0.0616 Epoch: 004 Iter:  550/ 600 LR: 0.0001000000 Loss content:  0.0174 Loss fft:  0.8193 Loss dta_rank:  0.0000 Loss dta_tv:  0.0331 Loss dta_proxy:  0.6352 Loss dta_trans:  0.0074 Loss dta_phys:  0.0067 Loss dta_preserve:  0.0047
Time:  0.0611 Epoch: 004 Iter:  600/ 600 LR: 0.0001000000 Loss content:  0.0173 Loss fft:  0.8178 Loss dta_rank:  0.0000 Loss dta_tv:  0.0321 Loss dta_proxy:  0.6680 Loss dta_trans:  0.0069 Loss dta_phys:  0.0067 Loss dta_preserve:  0.0058
EPOCH: 04
Elapsed time: 0.85 Epoch Pixel Loss:  0.0171 Epoch FFT Loss:  0.8197 Epoch DTA Rank:  0.0000 Epoch DTA TV:  0.0335 Epoch DTA Proxy:  0.6403 Epoch DTA Trans:  0.0070 Epoch DTA Phys:  0.0067 Epoch DTA Preserve:  0.0054
DTA_GATE_RAMP epoch=5 gate_limit=0.030000
Time:  0.0724 Epoch: 005 Iter:   50/ 600 LR: 0.0000983215 Loss content:  0.0172 Loss fft:  0.8174 Loss dta_rank:  0.0000 Loss dta_tv:  0.0328 Loss dta_proxy:  0.6161 Loss dta_trans:  0.0071 Loss dta_phys:  0.0065 Loss dta_preserve:  0.0074
Time:  0.0716 Epoch: 005 Iter:  100/ 600 LR: 0.0000983215 Loss content:  0.0171 Loss fft:  0.8201 Loss dta_rank:  0.0000 Loss dta_tv:  0.0318 Loss dta_proxy:  0.6520 Loss dta_trans:  0.0063 Loss dta_phys:  0.0067 Loss dta_preserve:  0.0052
Time:  0.0720 Epoch: 005 Iter:  150/ 600 LR: 0.0000983215 Loss content:  0.0173 Loss fft:  0.8214 Loss dta_rank:  0.0000 Loss dta_tv:  0.0332 Loss dta_proxy:  0.6197 Loss dta_trans:  0.0070 Loss dta_phys:  0.0059 Loss dta_preserve:  0.0051
Time:  0.0695 Epoch: 005 Iter:  200/ 600 LR: 0.0000983215 Loss content:  0.0182 Loss fft:  0.8478 Loss dta_rank:  0.0000 Loss dta_tv:  0.0320 Loss dta_proxy:  0.6409 Loss dta_trans:  0.0056 Loss dta_phys:  0.0064 Loss dta_preserve:  0.0057
Time:  0.0743 Epoch: 005 Iter:  250/ 600 LR: 0.0000983215 Loss content:  0.0172 Loss fft:  0.8030 Loss dta_rank:  0.0000 Loss dta_tv:  0.0323 Loss dta_proxy:  0.6528 Loss dta_trans:  0.0062 Loss dta_phys:  0.0065 Loss dta_preserve:  0.0061
Time:  0.0753 Epoch: 005 Iter:  300/ 600 LR: 0.0000983215 Loss content:  0.0170 Loss fft:  0.8198 Loss dta_rank:  0.0000 Loss dta_tv:  0.0333 Loss dta_proxy:  0.6178 Loss dta_trans:  0.0066 Loss dta_phys:  0.0065 Loss dta_preserve:  0.0053
Time:  0.0745 Epoch: 005 Iter:  350/ 600 LR: 0.0000983215 Loss content:  0.0165 Loss fft:  0.8110 Loss dta_rank:  0.0000 Loss dta_tv:  0.0320 Loss dta_proxy:  0.6395 Loss dta_trans:  0.0061 Loss dta_phys:  0.0070 Loss dta_preserve:  0.0054
Time:  0.0747 Epoch: 005 Iter:  400/ 600 LR: 0.0000983215 Loss content:  0.0171 Loss fft:  0.8094 Loss dta_rank:  0.0000 Loss dta_tv:  0.0314 Loss dta_proxy:  0.6513 Loss dta_trans:  0.0063 Loss dta_phys:  0.0066 Loss dta_preserve:  0.0045
Time:  0.0697 Epoch: 005 Iter:  450/ 600 LR: 0.0000983215 Loss content:  0.0168 Loss fft:  0.8031 Loss dta_rank:  0.0000 Loss dta_tv:  0.0315 Loss dta_proxy:  0.6444 Loss dta_trans:  0.0065 Loss dta_phys:  0.0070 Loss dta_preserve:  0.0045
Time:  0.0736 Epoch: 005 Iter:  500/ 600 LR: 0.0000983215 Loss content:  0.0173 Loss fft:  0.8276 Loss dta_rank:  0.0000 Loss dta_tv:  0.0310 Loss dta_proxy:  0.6445 Loss dta_trans:  0.0065 Loss dta_phys:  0.0065 Loss dta_preserve:  0.0054
Time:  0.0726 Epoch: 005 Iter:  550/ 600 LR: 0.0000983215 Loss content:  0.0175 Loss fft:  0.8382 Loss dta_rank:  0.0000 Loss dta_tv:  0.0320 Loss dta_proxy:  0.6566 Loss dta_trans:  0.0075 Loss dta_phys:  0.0070 Loss dta_preserve:  0.0049
Time:  0.0709 Epoch: 005 Iter:  600/ 600 LR: 0.0000983215 Loss content:  0.0170 Loss fft:  0.8003 Loss dta_rank:  0.0000 Loss dta_tv:  0.0320 Loss dta_proxy:  0.6316 Loss dta_trans:  0.0064 Loss dta_phys:  0.0070 Loss dta_preserve:  0.0051
EPOCH: 05
Elapsed time: 0.88 Epoch Pixel Loss:  0.0172 Epoch FFT Loss:  0.8183 Epoch DTA Rank:  0.0000 Epoch DTA TV:  0.0321 Epoch DTA Proxy:  0.6389 Epoch DTA Trans:  0.0065 Epoch DTA Phys:  0.0066 Epoch DTA Preserve:  0.0054
DTA_GATE_RAMP epoch=6 gate_limit=0.030000
Time:  0.0771 Epoch: 006 Iter:   50/ 600 LR: 0.0000942212 Loss content:  0.0179 Loss fft:  0.8425 Loss dta_rank:  0.0000 Loss dta_tv:  0.0320 Loss dta_proxy:  0.6290 Loss dta_trans:  0.0073 Loss dta_phys:  0.0065 Loss dta_preserve:  0.0056
Time:  0.0706 Epoch: 006 Iter:  100/ 600 LR: 0.0000942212 Loss content:  0.0175 Loss fft:  0.8411 Loss dta_rank:  0.0000 Loss dta_tv:  0.0320 Loss dta_proxy:  0.6477 Loss dta_trans:  0.0062 Loss dta_phys:  0.0069 Loss dta_preserve:  0.0040
Time:  0.0732 Epoch: 006 Iter:  150/ 600 LR: 0.0000942212 Loss content:  0.0173 Loss fft:  0.8405 Loss dta_rank:  0.0000 Loss dta_tv:  0.0314 Loss dta_proxy:  0.6317 Loss dta_trans:  0.0055 Loss dta_phys:  0.0056 Loss dta_preserve:  0.0049
Time:  0.0735 Epoch: 006 Iter:  200/ 600 LR: 0.0000942212 Loss content:  0.0164 Loss fft:  0.8038 Loss dta_rank:  0.0000 Loss dta_tv:  0.0306 Loss dta_proxy:  0.6572 Loss dta_trans:  0.0058 Loss dta_phys:  0.0075 Loss dta_preserve:  0.0057
Time:  0.0734 Epoch: 006 Iter:  250/ 600 LR: 0.0000942212 Loss content:  0.0177 Loss fft:  0.8368 Loss dta_rank:  0.0000 Loss dta_tv:  0.0303 Loss dta_proxy:  0.6474 Loss dta_trans:  0.0064 Loss dta_phys:  0.0060 Loss dta_preserve:  0.0046
Time:  0.0720 Epoch: 006 Iter:  300/ 600 LR: 0.0000942212 Loss content:  0.0167 Loss fft:  0.8129 Loss dta_rank:  0.0000 Loss dta_tv:  0.0312 Loss dta_proxy:  0.6442 Loss dta_trans:  0.0063 Loss dta_phys:  0.0074 Loss dta_preserve:  0.0052
Time:  0.0730 Epoch: 006 Iter:  350/ 600 LR: 0.0000942212 Loss content:  0.0171 Loss fft:  0.8300 Loss dta_rank:  0.0000 Loss dta_tv:  0.0318 Loss dta_proxy:  0.6298 Loss dta_trans:  0.0074 Loss dta_phys:  0.0065 Loss dta_preserve:  0.0059
Time:  0.0773 Epoch: 006 Iter:  400/ 600 LR: 0.0000942212 Loss content:  0.0172 Loss fft:  0.8305 Loss dta_rank:  0.0000 Loss dta_tv:  0.0299 Loss dta_proxy:  0.6614 Loss dta_trans:  0.0070 Loss dta_phys:  0.0062 Loss dta_preserve:  0.0052
Time:  0.0764 Epoch: 006 Iter:  450/ 600 LR: 0.0000942212 Loss content:  0.0171 Loss fft:  0.7944 Loss dta_rank:  0.0000 Loss dta_tv:  0.0319 Loss dta_proxy:  0.6334 Loss dta_trans:  0.0058 Loss dta_phys:  0.0069 Loss dta_preserve:  0.0048
Time:  0.0751 Epoch: 006 Iter:  500/ 600 LR: 0.0000942212 Loss content:  0.0168 Loss fft:  0.8052 Loss dta_rank:  0.0000 Loss dta_tv:  0.0304 Loss dta_proxy:  0.6587 Loss dta_trans:  0.0057 Loss dta_phys:  0.0070 Loss dta_preserve:  0.0059
Time:  0.0764 Epoch: 006 Iter:  550/ 600 LR: 0.0000942212 Loss content:  0.0170 Loss fft:  0.8270 Loss dta_rank:  0.0000 Loss dta_tv:  0.0313 Loss dta_proxy:  0.6552 Loss dta_trans:  0.0061 Loss dta_phys:  0.0067 Loss dta_preserve:  0.0042
Time:  0.0709 Epoch: 006 Iter:  600/ 600 LR: 0.0000942212 Loss content:  0.0175 Loss fft:  0.8025 Loss dta_rank:  0.0000 Loss dta_tv:  0.0315 Loss dta_proxy:  0.6415 Loss dta_trans:  0.0061 Loss dta_phys:  0.0072 Loss dta_preserve:  0.0052
EPOCH: 06
Elapsed time: 0.89 Epoch Pixel Loss:  0.0172 Epoch FFT Loss:  0.8223 Epoch DTA Rank:  0.0000 Epoch DTA TV:  0.0312 Epoch DTA Proxy:  0.6448 Epoch DTA Trans:  0.0063 Epoch DTA Phys:  0.0067 Epoch DTA Preserve:  0.0051
DTA_GATE_RAMP epoch=7 gate_limit=0.030000
Time:  0.0786 Epoch: 007 Iter:   50/ 600 LR: 0.0000886874 Loss content:  0.0173 Loss fft:  0.8538 Loss dta_rank:  0.0000 Loss dta_tv:  0.0321 Loss dta_proxy:  0.6170 Loss dta_trans:  0.0064 Loss dta_phys:  0.0058 Loss dta_preserve:  0.0049
Time:  0.0768 Epoch: 007 Iter:  100/ 600 LR: 0.0000886874 Loss content:  0.0170 Loss fft:  0.8105 Loss dta_rank:  0.0000 Loss dta_tv:  0.0302 Loss dta_proxy:  0.6517 Loss dta_trans:  0.0058 Loss dta_phys:  0.0066 Loss dta_preserve:  0.0045
Time:  0.0754 Epoch: 007 Iter:  150/ 600 LR: 0.0000886874 Loss content:  0.0166 Loss fft:  0.8021 Loss dta_rank:  0.0000 Loss dta_tv:  0.0300 Loss dta_proxy:  0.6694 Loss dta_trans:  0.0060 Loss dta_phys:  0.0079 Loss dta_preserve:  0.0051
Time:  0.0727 Epoch: 007 Iter:  200/ 600 LR: 0.0000886874 Loss content:  0.0174 Loss fft:  0.8413 Loss dta_rank:  0.0000 Loss dta_tv:  0.0312 Loss dta_proxy:  0.6283 Loss dta_trans:  0.0064 Loss dta_phys:  0.0062 Loss dta_preserve:  0.0055
Time:  0.0741 Epoch: 007 Iter:  250/ 600 LR: 0.0000886874 Loss content:  0.0169 Loss fft:  0.8058 Loss dta_rank:  0.0000 Loss dta_tv:  0.0294 Loss dta_proxy:  0.6585 Loss dta_trans:  0.0059 Loss dta_phys:  0.0067 Loss dta_preserve:  0.0042
Time:  0.0717 Epoch: 007 Iter:  300/ 600 LR: 0.0000886874 Loss content:  0.0162 Loss fft:  0.7804 Loss dta_rank:  0.0000 Loss dta_tv:  0.0308 Loss dta_proxy:  0.6350 Loss dta_trans:  0.0078 Loss dta_phys:  0.0070 Loss dta_preserve:  0.0043
Time:  0.0719 Epoch: 007 Iter:  350/ 600 LR: 0.0000886874 Loss content:  0.0180 Loss fft:  0.8287 Loss dta_rank:  0.0000 Loss dta_tv:  0.0299 Loss dta_proxy:  0.6533 Loss dta_trans:  0.0070 Loss dta_phys:  0.0066 Loss dta_preserve:  0.0055
Time:  0.0695 Epoch: 007 Iter:  400/ 600 LR: 0.0000886874 Loss content:  0.0166 Loss fft:  0.8002 Loss dta_rank:  0.0000 Loss dta_tv:  0.0307 Loss dta_proxy:  0.6513 Loss dta_trans:  0.0054 Loss dta_phys:  0.0072 Loss dta_preserve:  0.0047
Time:  0.0746 Epoch: 007 Iter:  450/ 600 LR: 0.0000886874 Loss content:  0.0170 Loss fft:  0.8171 Loss dta_rank:  0.0000 Loss dta_tv:  0.0314 Loss dta_proxy:  0.6343 Loss dta_trans:  0.0064 Loss dta_phys:  0.0069 Loss dta_preserve:  0.0047
Time:  0.0780 Epoch: 007 Iter:  500/ 600 LR: 0.0000886874 Loss content:  0.0175 Loss fft:  0.8214 Loss dta_rank:  0.0000 Loss dta_tv:  0.0303 Loss dta_proxy:  0.6414 Loss dta_trans:  0.0060 Loss dta_phys:  0.0072 Loss dta_preserve:  0.0051
Time:  0.0752 Epoch: 007 Iter:  550/ 600 LR: 0.0000886874 Loss content:  0.0165 Loss fft:  0.8279 Loss dta_rank:  0.0000 Loss dta_tv:  0.0308 Loss dta_proxy:  0.6429 Loss dta_trans:  0.0058 Loss dta_phys:  0.0068 Loss dta_preserve:  0.0056
Time:  0.0718 Epoch: 007 Iter:  600/ 600 LR: 0.0000886874 Loss content:  0.0167 Loss fft:  0.8147 Loss dta_rank:  0.0000 Loss dta_tv:  0.0298 Loss dta_proxy:  0.6489 Loss dta_trans:  0.0052 Loss dta_phys:  0.0066 Loss dta_preserve:  0.0049
EPOCH: 07
Elapsed time: 0.89 Epoch Pixel Loss:  0.0170 Epoch FFT Loss:  0.8170 Epoch DTA Rank:  0.0000 Epoch DTA TV:  0.0305 Epoch DTA Proxy:  0.6443 Epoch DTA Trans:  0.0062 Epoch DTA Phys:  0.0068 Epoch DTA Preserve:  0.0049
DTA_GATE_RAMP epoch=8 gate_limit=0.030000
Time:  0.0766 Epoch: 008 Iter:   50/ 600 LR: 0.0000819070 Loss content:  0.0172 Loss fft:  0.8290 Loss dta_rank:  0.0000 Loss dta_tv:  0.0301 Loss dta_proxy:  0.6434 Loss dta_trans:  0.0054 Loss dta_phys:  0.0061 Loss dta_preserve:  0.0068
Time:  0.0754 Epoch: 008 Iter:  100/ 600 LR: 0.0000819070 Loss content:  0.0171 Loss fft:  0.8042 Loss dta_rank:  0.0000 Loss dta_tv:  0.0300 Loss dta_proxy:  0.6485 Loss dta_trans:  0.0067 Loss dta_phys:  0.0067 Loss dta_preserve:  0.0055
Time:  0.0658 Epoch: 008 Iter:  150/ 600 LR: 0.0000819070 Loss content:  0.0169 Loss fft:  0.7953 Loss dta_rank:  0.0000 Loss dta_tv:  0.0291 Loss dta_proxy:  0.6496 Loss dta_trans:  0.0052 Loss dta_phys:  0.0069 Loss dta_preserve:  0.0057
Time:  0.0726 Epoch: 008 Iter:  200/ 600 LR: 0.0000819070 Loss content:  0.0176 Loss fft:  0.8302 Loss dta_rank:  0.0000 Loss dta_tv:  0.0295 Loss dta_proxy:  0.6496 Loss dta_trans:  0.0060 Loss dta_phys:  0.0067 Loss dta_preserve:  0.0055
Time:  0.0756 Epoch: 008 Iter:  250/ 600 LR: 0.0000819070 Loss content:  0.0169 Loss fft:  0.8105 Loss dta_rank:  0.0000 Loss dta_tv:  0.0298 Loss dta_proxy:  0.6315 Loss dta_trans:  0.0054 Loss dta_phys:  0.0065 Loss dta_preserve:  0.0048
Time:  0.0715 Epoch: 008 Iter:  300/ 600 LR: 0.0000819070 Loss content:  0.0171 Loss fft:  0.8259 Loss dta_rank:  0.0000 Loss dta_tv:  0.0293 Loss dta_proxy:  0.6597 Loss dta_trans:  0.0070 Loss dta_phys:  0.0074 Loss dta_preserve:  0.0049
Time:  0.0744 Epoch: 008 Iter:  350/ 600 LR: 0.0000819070 Loss content:  0.0171 Loss fft:  0.8335 Loss dta_rank:  0.0000 Loss dta_tv:  0.0304 Loss dta_proxy:  0.6362 Loss dta_trans:  0.0063 Loss dta_phys:  0.0063 Loss dta_preserve:  0.0053
Time:  0.0721 Epoch: 008 Iter:  400/ 600 LR: 0.0000819070 Loss content:  0.0179 Loss fft:  0.8268 Loss dta_rank:  0.0000 Loss dta_tv:  0.0305 Loss dta_proxy:  0.6220 Loss dta_trans:  0.0066 Loss dta_phys:  0.0069 Loss dta_preserve:  0.0053
Time:  0.0729 Epoch: 008 Iter:  450/ 600 LR: 0.0000819070 Loss content:  0.0171 Loss fft:  0.8197 Loss dta_rank:  0.0000 Loss dta_tv:  0.0293 Loss dta_proxy:  0.6546 Loss dta_trans:  0.0058 Loss dta_phys:  0.0071 Loss dta_preserve:  0.0047
Time:  0.0755 Epoch: 008 Iter:  500/ 600 LR: 0.0000819070 Loss content:  0.0170 Loss fft:  0.8026 Loss dta_rank:  0.0000 Loss dta_tv:  0.0301 Loss dta_proxy:  0.6211 Loss dta_trans:  0.0056 Loss dta_phys:  0.0067 Loss dta_preserve:  0.0049
Time:  0.0751 Epoch: 008 Iter:  550/ 600 LR: 0.0000819070 Loss content:  0.0164 Loss fft:  0.7980 Loss dta_rank:  0.0000 Loss dta_tv:  0.0295 Loss dta_proxy:  0.6523 Loss dta_trans:  0.0060 Loss dta_phys:  0.0070 Loss dta_preserve:  0.0050
Time:  0.0713 Epoch: 008 Iter:  600/ 600 LR: 0.0000819070 Loss content:  0.0170 Loss fft:  0.8365 Loss dta_rank:  0.0000 Loss dta_tv:  0.0310 Loss dta_proxy:  0.6351 Loss dta_trans:  0.0070 Loss dta_phys:  0.0065 Loss dta_preserve:  0.0055
EPOCH: 08
Elapsed time: 0.88 Epoch Pixel Loss:  0.0171 Epoch FFT Loss:  0.8177 Epoch DTA Rank:  0.0000 Epoch DTA TV:  0.0299 Epoch DTA Proxy:  0.6419 Epoch DTA Trans:  0.0061 Epoch DTA Phys:  0.0067 Epoch DTA Preserve:  0.0053
DTA_GATE_RAMP epoch=9 gate_limit=0.060000
Time:  0.0755 Epoch: 009 Iter:   50/ 600 LR: 0.0000741093 Loss content:  0.0160 Loss fft:  0.7771 Loss dta_rank:  0.0000 Loss dta_tv:  0.0301 Loss dta_proxy:  0.6264 Loss dta_trans:  0.0058 Loss dta_phys:  0.0065 Loss dta_preserve:  0.0041
Time:  0.0716 Epoch: 009 Iter:  100/ 600 LR: 0.0000741093 Loss content:  0.0181 Loss fft:  0.8495 Loss dta_rank:  0.0000 Loss dta_tv:  0.0288 Loss dta_proxy:  0.6627 Loss dta_trans:  0.0060 Loss dta_phys:  0.0073 Loss dta_preserve:  0.0053
Time:  0.0702 Epoch: 009 Iter:  150/ 600 LR: 0.0000741093 Loss content:  0.0167 Loss fft:  0.7817 Loss dta_rank:  0.0000 Loss dta_tv:  0.0299 Loss dta_proxy:  0.6324 Loss dta_trans:  0.0063 Loss dta_phys:  0.0072 Loss dta_preserve:  0.0045
Time:  0.0747 Epoch: 009 Iter:  200/ 600 LR: 0.0000741093 Loss content:  0.0174 Loss fft:  0.8373 Loss dta_rank:  0.0000 Loss dta_tv:  0.0294 Loss dta_proxy:  0.6442 Loss dta_trans:  0.0064 Loss dta_phys:  0.0065 Loss dta_preserve:  0.0059
Time:  0.0738 Epoch: 009 Iter:  250/ 600 LR: 0.0000741093 Loss content:  0.0177 Loss fft:  0.8287 Loss dta_rank:  0.0000 Loss dta_tv:  0.0295 Loss dta_proxy:  0.6445 Loss dta_trans:  0.0059 Loss dta_phys:  0.0066 Loss dta_preserve:  0.0048
Time:  0.0712 Epoch: 009 Iter:  300/ 600 LR: 0.0000741093 Loss content:  0.0168 Loss fft:  0.7957 Loss dta_rank:  0.0000 Loss dta_tv:  0.0294 Loss dta_proxy:  0.6374 Loss dta_trans:  0.0063 Loss dta_phys:  0.0066 Loss dta_preserve:  0.0043
Time:  0.0717 Epoch: 009 Iter:  350/ 600 LR: 0.0000741093 Loss content:  0.0183 Loss fft:  0.8718 Loss dta_rank:  0.0000 Loss dta_tv:  0.0306 Loss dta_proxy:  0.6328 Loss dta_trans:  0.0063 Loss dta_phys:  0.0058 Loss dta_preserve:  0.0048
Time:  0.0706 Epoch: 009 Iter:  400/ 600 LR: 0.0000741093 Loss content:  0.0172 Loss fft:  0.8203 Loss dta_rank:  0.0000 Loss dta_tv:  0.0291 Loss dta_proxy:  0.6430 Loss dta_trans:  0.0066 Loss dta_phys:  0.0068 Loss dta_preserve:  0.0066
Time:  0.0729 Epoch: 009 Iter:  450/ 600 LR: 0.0000741093 Loss content:  0.0172 Loss fft:  0.7988 Loss dta_rank:  0.0000 Loss dta_tv:  0.0280 Loss dta_proxy:  0.6538 Loss dta_trans:  0.0063 Loss dta_phys:  0.0066 Loss dta_preserve:  0.0040
Time:  0.0669 Epoch: 009 Iter:  500/ 600 LR: 0.0000741093 Loss content:  0.0173 Loss fft:  0.8405 Loss dta_rank:  0.0000 Loss dta_tv:  0.0290 Loss dta_proxy:  0.6432 Loss dta_trans:  0.0050 Loss dta_phys:  0.0066 Loss dta_preserve:  0.0054
Time:  0.0750 Epoch: 009 Iter:  550/ 600 LR: 0.0000741093 Loss content:  0.0167 Loss fft:  0.7992 Loss dta_rank:  0.0000 Loss dta_tv:  0.0299 Loss dta_proxy:  0.6211 Loss dta_trans:  0.0052 Loss dta_phys:  0.0064 Loss dta_preserve:  0.0047
Time:  0.0682 Epoch: 009 Iter:  600/ 600 LR: 0.0000741093 Loss content:  0.0169 Loss fft:  0.8138 Loss dta_rank:  0.0000 Loss dta_tv:  0.0295 Loss dta_proxy:  0.6510 Loss dta_trans:  0.0067 Loss dta_phys:  0.0069 Loss dta_preserve:  0.0063
EPOCH: 09
Elapsed time: 0.86 Epoch Pixel Loss:  0.0172 Epoch FFT Loss:  0.8179 Epoch DTA Rank:  0.0000 Epoch DTA TV:  0.0294 Epoch DTA Proxy:  0.6410 Epoch DTA Trans:  0.0061 Epoch DTA Phys:  0.0067 Epoch DTA Preserve:  0.0051
DTA_GATE_RAMP epoch=10 gate_limit=0.060000
Time:  0.0754 Epoch: 010 Iter:   50/ 600 LR: 0.0000655580 Loss content:  0.0171 Loss fft:  0.8129 Loss dta_rank:  0.0000 Loss dta_tv:  0.0295 Loss dta_proxy:  0.6391 Loss dta_trans:  0.0076 Loss dta_phys:  0.0072 Loss dta_preserve:  0.0053
Time:  0.0681 Epoch: 010 Iter:  100/ 600 LR: 0.0000655580 Loss content:  0.0164 Loss fft:  0.8105 Loss dta_rank:  0.0000 Loss dta_tv:  0.0289 Loss dta_proxy:  0.6537 Loss dta_trans:  0.0055 Loss dta_phys:  0.0063 Loss dta_preserve:  0.0054
Time:  0.0727 Epoch: 010 Iter:  150/ 600 LR: 0.0000655580 Loss content:  0.0177 Loss fft:  0.8175 Loss dta_rank:  0.0000 Loss dta_tv:  0.0295 Loss dta_proxy:  0.6403 Loss dta_trans:  0.0067 Loss dta_phys:  0.0066 Loss dta_preserve:  0.0054
Time:  0.0713 Epoch: 010 Iter:  200/ 600 LR: 0.0000655580 Loss content:  0.0172 Loss fft:  0.8180 Loss dta_rank:  0.0000 Loss dta_tv:  0.0292 Loss dta_proxy:  0.6472 Loss dta_trans:  0.0054 Loss dta_phys:  0.0070 Loss dta_preserve:  0.0067
Time:  0.0728 Epoch: 010 Iter:  250/ 600 LR: 0.0000655580 Loss content:  0.0166 Loss fft:  0.7908 Loss dta_rank:  0.0000 Loss dta_tv:  0.0296 Loss dta_proxy:  0.6288 Loss dta_trans:  0.0061 Loss dta_phys:  0.0067 Loss dta_preserve:  0.0040
Time:  0.0642 Epoch: 010 Iter:  300/ 600 LR: 0.0000655580 Loss content:  0.0167 Loss fft:  0.8184 Loss dta_rank:  0.0000 Loss dta_tv:  0.0295 Loss dta_proxy:  0.6436 Loss dta_trans:  0.0058 Loss dta_phys:  0.0062 Loss dta_preserve:  0.0040
Time:  0.0727 Epoch: 010 Iter:  350/ 600 LR: 0.0000655580 Loss content:  0.0178 Loss fft:  0.8323 Loss dta_rank:  0.0000 Loss dta_tv:  0.0296 Loss dta_proxy:  0.6329 Loss dta_trans:  0.0062 Loss dta_phys:  0.0071 Loss dta_preserve:  0.0050
Time:  0.0727 Epoch: 010 Iter:  400/ 600 LR: 0.0000655580 Loss content:  0.0175 Loss fft:  0.8386 Loss dta_rank:  0.0000 Loss dta_tv:  0.0292 Loss dta_proxy:  0.6244 Loss dta_trans:  0.0054 Loss dta_phys:  0.0062 Loss dta_preserve:  0.0053
Time:  0.0751 Epoch: 010 Iter:  450/ 600 LR: 0.0000655580 Loss content:  0.0171 Loss fft:  0.8317 Loss dta_rank:  0.0000 Loss dta_tv:  0.0284 Loss dta_proxy:  0.6592 Loss dta_trans:  0.0057 Loss dta_phys:  0.0066 Loss dta_preserve:  0.0057
Time:  0.0742 Epoch: 010 Iter:  500/ 600 LR: 0.0000655580 Loss content:  0.0165 Loss fft:  0.7953 Loss dta_rank:  0.0000 Loss dta_tv:  0.0292 Loss dta_proxy:  0.6526 Loss dta_trans:  0.0053 Loss dta_phys:  0.0067 Loss dta_preserve:  0.0046
Time:  0.0720 Epoch: 010 Iter:  550/ 600 LR: 0.0000655580 Loss content:  0.0167 Loss fft:  0.8092 Loss dta_rank:  0.0000 Loss dta_tv:  0.0290 Loss dta_proxy:  0.6334 Loss dta_trans:  0.0063 Loss dta_phys:  0.0071 Loss dta_preserve:  0.0053
Time:  0.0666 Epoch: 010 Iter:  600/ 600 LR: 0.0000655580 Loss content:  0.0173 Loss fft:  0.8073 Loss dta_rank:  0.0000 Loss dta_tv:  0.0290 Loss dta_proxy:  0.6368 Loss dta_trans:  0.0053 Loss dta_phys:  0.0067 Loss dta_preserve:  0.0049
EPOCH: 10
Elapsed time: 0.86 Epoch Pixel Loss:  0.0170 Epoch FFT Loss:  0.8152 Epoch DTA Rank:  0.0000 Epoch DTA TV:  0.0292 Epoch DTA Proxy:  0.6410 Epoch DTA Trans:  0.0059 Epoch DTA Phys:  0.0067 Epoch DTA Preserve:  0.0051
DTA_GATE_RAMP epoch=11 gate_limit=0.060000
Time:  0.0773 Epoch: 011 Iter:   50/ 600 LR: 0.0000565424 Loss content:  0.0172 Loss fft:  0.8339 Loss dta_rank:  0.0000 Loss dta_tv:  0.0298 Loss dta_proxy:  0.6328 Loss dta_trans:  0.0064 Loss dta_phys:  0.0064 Loss dta_preserve:  0.0056
Time:  0.0714 Epoch: 011 Iter:  100/ 600 LR: 0.0000565424 Loss content:  0.0171 Loss fft:  0.8203 Loss dta_rank:  0.0000 Loss dta_tv:  0.0288 Loss dta_proxy:  0.6441 Loss dta_trans:  0.0054 Loss dta_phys:  0.0071 Loss dta_preserve:  0.0066
Time:  0.0719 Epoch: 011 Iter:  150/ 600 LR: 0.0000565424 Loss content:  0.0169 Loss fft:  0.8124 Loss dta_rank:  0.0000 Loss dta_tv:  0.0287 Loss dta_proxy:  0.6409 Loss dta_trans:  0.0053 Loss dta_phys:  0.0063 Loss dta_preserve:  0.0063
Time:  0.0699 Epoch: 011 Iter:  200/ 600 LR: 0.0000565424 Loss content:  0.0167 Loss fft:  0.8129 Loss dta_rank:  0.0000 Loss dta_tv:  0.0297 Loss dta_proxy:  0.6314 Loss dta_trans:  0.0063 Loss dta_phys:  0.0069 Loss dta_preserve:  0.0061
Time:  0.0703 Epoch: 011 Iter:  250/ 600 LR: 0.0000565424 Loss content:  0.0168 Loss fft:  0.8169 Loss dta_rank:  0.0000 Loss dta_tv:  0.0281 Loss dta_proxy:  0.6471 Loss dta_trans:  0.0045 Loss dta_phys:  0.0068 Loss dta_preserve:  0.0055
Time:  0.0714 Epoch: 011 Iter:  300/ 600 LR: 0.0000565424 Loss content:  0.0172 Loss fft:  0.8408 Loss dta_rank:  0.0000 Loss dta_tv:  0.0301 Loss dta_proxy:  0.6346 Loss dta_trans:  0.0058 Loss dta_phys:  0.0074 Loss dta_preserve:  0.0061
Time:  0.0733 Epoch: 011 Iter:  350/ 600 LR: 0.0000565424 Loss content:  0.0178 Loss fft:  0.8212 Loss dta_rank:  0.0000 Loss dta_tv:  0.0280 Loss dta_proxy:  0.6677 Loss dta_trans:  0.0061 Loss dta_phys:  0.0072 Loss dta_preserve:  0.0063
Time:  0.0665 Epoch: 011 Iter:  400/ 600 LR: 0.0000565424 Loss content:  0.0164 Loss fft:  0.8077 Loss dta_rank:  0.0000 Loss dta_tv:  0.0291 Loss dta_proxy:  0.6393 Loss dta_trans:  0.0053 Loss dta_phys:  0.0063 Loss dta_preserve:  0.0041
Time:  0.0722 Epoch: 011 Iter:  450/ 600 LR: 0.0000565424 Loss content:  0.0175 Loss fft:  0.8359 Loss dta_rank:  0.0000 Loss dta_tv:  0.0284 Loss dta_proxy:  0.6475 Loss dta_trans:  0.0058 Loss dta_phys:  0.0062 Loss dta_preserve:  0.0054
Time:  0.0733 Epoch: 011 Iter:  500/ 600 LR: 0.0000565424 Loss content:  0.0170 Loss fft:  0.8032 Loss dta_rank:  0.0000 Loss dta_tv:  0.0288 Loss dta_proxy:  0.6348 Loss dta_trans:  0.0060 Loss dta_phys:  0.0068 Loss dta_preserve:  0.0052
Time:  0.0731 Epoch: 011 Iter:  550/ 600 LR: 0.0000565424 Loss content:  0.0171 Loss fft:  0.8166 Loss dta_rank:  0.0000 Loss dta_tv:  0.0291 Loss dta_proxy:  0.6170 Loss dta_trans:  0.0060 Loss dta_phys:  0.0060 Loss dta_preserve:  0.0047
Time:  0.0721 Epoch: 011 Iter:  600/ 600 LR: 0.0000565424 Loss content:  0.0170 Loss fft:  0.8160 Loss dta_rank:  0.0000 Loss dta_tv:  0.0285 Loss dta_proxy:  0.6394 Loss dta_trans:  0.0064 Loss dta_phys:  0.0067 Loss dta_preserve:  0.0061
EPOCH: 11
Elapsed time: 0.87 Epoch Pixel Loss:  0.0171 Epoch FFT Loss:  0.8198 Epoch DTA Rank:  0.0000 Epoch DTA TV:  0.0289 Epoch DTA Proxy:  0.6397 Epoch DTA Trans:  0.0058 Epoch DTA Phys:  0.0067 Epoch DTA Preserve:  0.0057
DTA_GATE_RAMP epoch=12 gate_limit=0.060000
Time:  0.0763 Epoch: 012 Iter:   50/ 600 LR: 0.0000473670 Loss content:  0.0171 Loss fft:  0.8290 Loss dta_rank:  0.0000 Loss dta_tv:  0.0276 Loss dta_proxy:  0.6568 Loss dta_trans:  0.0054 Loss dta_phys:  0.0067 Loss dta_preserve:  0.0047
Time:  0.0704 Epoch: 012 Iter:  100/ 600 LR: 0.0000473670 Loss content:  0.0162 Loss fft:  0.7844 Loss dta_rank:  0.0000 Loss dta_tv:  0.0284 Loss dta_proxy:  0.6240 Loss dta_trans:  0.0051 Loss dta_phys:  0.0065 Loss dta_preserve:  0.0046
Time:  0.0711 Epoch: 012 Iter:  150/ 600 LR: 0.0000473670 Loss content:  0.0172 Loss fft:  0.7994 Loss dta_rank:  0.0000 Loss dta_tv:  0.0290 Loss dta_proxy:  0.6425 Loss dta_trans:  0.0058 Loss dta_phys:  0.0073 Loss dta_preserve:  0.0047
Time:  0.0785 Epoch: 012 Iter:  200/ 600 LR: 0.0000473670 Loss content:  0.0174 Loss fft:  0.7972 Loss dta_rank:  0.0000 Loss dta_tv:  0.0297 Loss dta_proxy:  0.6416 Loss dta_trans:  0.0067 Loss dta_phys:  0.0070 Loss dta_preserve:  0.0059
Time:  0.0723 Epoch: 012 Iter:  250/ 600 LR: 0.0000473670 Loss content:  0.0172 Loss fft:  0.8070 Loss dta_rank:  0.0000 Loss dta_tv:  0.0283 Loss dta_proxy:  0.6430 Loss dta_trans:  0.0060 Loss dta_phys:  0.0070 Loss dta_preserve:  0.0053
Time:  0.0754 Epoch: 012 Iter:  300/ 600 LR: 0.0000473670 Loss content:  0.0181 Loss fft:  0.7911 Loss dta_rank:  0.0000 Loss dta_tv:  0.0294 Loss dta_proxy:  0.6220 Loss dta_trans:  0.0069 Loss dta_phys:  0.0065 Loss dta_preserve:  0.0058
Time:  0.0720 Epoch: 012 Iter:  350/ 600 LR: 0.0000473670 Loss content:  0.0166 Loss fft:  0.8050 Loss dta_rank:  0.0000 Loss dta_tv:  0.0292 Loss dta_proxy:  0.6400 Loss dta_trans:  0.0061 Loss dta_phys:  0.0070 Loss dta_preserve:  0.0058
Time:  0.0723 Epoch: 012 Iter:  400/ 600 LR: 0.0000473670 Loss content:  0.0166 Loss fft:  0.8309 Loss dta_rank:  0.0000 Loss dta_tv:  0.0291 Loss dta_proxy:  0.6199 Loss dta_trans:  0.0048 Loss dta_phys:  0.0056 Loss dta_preserve:  0.0045
Time:  0.0754 Epoch: 012 Iter:  450/ 600 LR: 0.0000473670 Loss content:  0.0173 Loss fft:  0.8252 Loss dta_rank:  0.0000 Loss dta_tv:  0.0291 Loss dta_proxy:  0.6381 Loss dta_trans:  0.0057 Loss dta_phys:  0.0069 Loss dta_preserve:  0.0040
Time:  0.0762 Epoch: 012 Iter:  500/ 600 LR: 0.0000473670 Loss content:  0.0176 Loss fft:  0.8355 Loss dta_rank:  0.0000 Loss dta_tv:  0.0283 Loss dta_proxy:  0.6484 Loss dta_trans:  0.0052 Loss dta_phys:  0.0067 Loss dta_preserve:  0.0057
Time:  0.0745 Epoch: 012 Iter:  550/ 600 LR: 0.0000473670 Loss content:  0.0171 Loss fft:  0.8268 Loss dta_rank:  0.0000 Loss dta_tv:  0.0282 Loss dta_proxy:  0.6442 Loss dta_trans:  0.0059 Loss dta_phys:  0.0063 Loss dta_preserve:  0.0050
Time:  0.0724 Epoch: 012 Iter:  600/ 600 LR: 0.0000473670 Loss content:  0.0172 Loss fft:  0.8388 Loss dta_rank:  0.0000 Loss dta_tv:  0.0279 Loss dta_proxy:  0.6507 Loss dta_trans:  0.0057 Loss dta_phys:  0.0067 Loss dta_preserve:  0.0058
EPOCH: 12
Elapsed time: 0.89 Epoch Pixel Loss:  0.0171 Epoch FFT Loss:  0.8142 Epoch DTA Rank:  0.0000 Epoch DTA TV:  0.0287 Epoch DTA Proxy:  0.6393 Epoch DTA Trans:  0.0058 Epoch DTA Phys:  0.0067 Epoch DTA Preserve:  0.0051
DTA_GATE_RAMP epoch=13 gate_limit=0.060000
Time:  0.0769 Epoch: 013 Iter:   50/ 600 LR: 0.0000383414 Loss content:  0.0168 Loss fft:  0.8048 Loss dta_rank:  0.0000 Loss dta_tv:  0.0297 Loss dta_proxy:  0.6154 Loss dta_trans:  0.0055 Loss dta_phys:  0.0064 Loss dta_preserve:  0.0054
Time:  0.0757 Epoch: 013 Iter:  100/ 600 LR: 0.0000383414 Loss content:  0.0168 Loss fft:  0.8083 Loss dta_rank:  0.0000 Loss dta_tv:  0.0297 Loss dta_proxy:  0.6320 Loss dta_trans:  0.0060 Loss dta_phys:  0.0067 Loss dta_preserve:  0.0056
Time:  0.0700 Epoch: 013 Iter:  150/ 600 LR: 0.0000383414 Loss content:  0.0172 Loss fft:  0.8097 Loss dta_rank:  0.0000 Loss dta_tv:  0.0270 Loss dta_proxy:  0.6787 Loss dta_trans:  0.0054 Loss dta_phys:  0.0067 Loss dta_preserve:  0.0035
Time:  0.0668 Epoch: 013 Iter:  200/ 600 LR: 0.0000383414 Loss content:  0.0172 Loss fft:  0.8357 Loss dta_rank:  0.0000 Loss dta_tv:  0.0294 Loss dta_proxy:  0.6306 Loss dta_trans:  0.0048 Loss dta_phys:  0.0070 Loss dta_preserve:  0.0045
Time:  0.0682 Epoch: 013 Iter:  250/ 600 LR: 0.0000383414 Loss content:  0.0169 Loss fft:  0.8002 Loss dta_rank:  0.0000 Loss dta_tv:  0.0284 Loss dta_proxy:  0.6371 Loss dta_trans:  0.0056 Loss dta_phys:  0.0067 Loss dta_preserve:  0.0043
Time:  0.0728 Epoch: 013 Iter:  300/ 600 LR: 0.0000383414 Loss content:  0.0168 Loss fft:  0.8011 Loss dta_rank:  0.0000 Loss dta_tv:  0.0284 Loss dta_proxy:  0.6333 Loss dta_trans:  0.0058 Loss dta_phys:  0.0063 Loss dta_preserve:  0.0054
Time:  0.0732 Epoch: 013 Iter:  350/ 600 LR: 0.0000383414 Loss content:  0.0167 Loss fft:  0.8061 Loss dta_rank:  0.0000 Loss dta_tv:  0.0290 Loss dta_proxy:  0.6248 Loss dta_trans:  0.0066 Loss dta_phys:  0.0069 Loss dta_preserve:  0.0052
Time:  0.0709 Epoch: 013 Iter:  400/ 600 LR: 0.0000383414 Loss content:  0.0171 Loss fft:  0.7804 Loss dta_rank:  0.0000 Loss dta_tv:  0.0281 Loss dta_proxy:  0.6582 Loss dta_trans:  0.0061 Loss dta_phys:  0.0075 Loss dta_preserve:  0.0054
Time:  0.0716 Epoch: 013 Iter:  450/ 600 LR: 0.0000383414 Loss content:  0.0177 Loss fft:  0.8419 Loss dta_rank:  0.0000 Loss dta_tv:  0.0285 Loss dta_proxy:  0.6432 Loss dta_trans:  0.0060 Loss dta_phys:  0.0071 Loss dta_preserve:  0.0060
Time:  0.0725 Epoch: 013 Iter:  500/ 600 LR: 0.0000383414 Loss content:  0.0174 Loss fft:  0.8519 Loss dta_rank:  0.0000 Loss dta_tv:  0.0287 Loss dta_proxy:  0.6481 Loss dta_trans:  0.0055 Loss dta_phys:  0.0061 Loss dta_preserve:  0.0038
Time:  0.0722 Epoch: 013 Iter:  550/ 600 LR: 0.0000383414 Loss content:  0.0175 Loss fft:  0.8316 Loss dta_rank:  0.0000 Loss dta_tv:  0.0284 Loss dta_proxy:  0.6559 Loss dta_trans:  0.0057 Loss dta_phys:  0.0068 Loss dta_preserve:  0.0060
Time:  0.0752 Epoch: 013 Iter:  600/ 600 LR: 0.0000383414 Loss content:  0.0165 Loss fft:  0.8122 Loss dta_rank:  0.0000 Loss dta_tv:  0.0289 Loss dta_proxy:  0.6227 Loss dta_trans:  0.0064 Loss dta_phys:  0.0068 Loss dta_preserve:  0.0062
EPOCH: 13
Elapsed time: 0.87 Epoch Pixel Loss:  0.0171 Epoch FFT Loss:  0.8153 Epoch DTA Rank:  0.0000 Epoch DTA TV:  0.0287 Epoch DTA Proxy:  0.6400 Epoch DTA Trans:  0.0058 Epoch DTA Phys:  0.0068 Epoch DTA Preserve:  0.0051
DTA_GATE_RAMP epoch=14 gate_limit=0.060000
Time:  0.0795 Epoch: 014 Iter:   50/ 600 LR: 0.0000297690 Loss content:  0.0166 Loss fft:  0.8068 Loss dta_rank:  0.0000 Loss dta_tv:  0.0284 Loss dta_proxy:  0.6492 Loss dta_trans:  0.0047 Loss dta_phys:  0.0069 Loss dta_preserve:  0.0040
Time:  0.0766 Epoch: 014 Iter:  100/ 600 LR: 0.0000297690 Loss content:  0.0167 Loss fft:  0.8189 Loss dta_rank:  0.0000 Loss dta_tv:  0.0294 Loss dta_proxy:  0.6345 Loss dta_trans:  0.0059 Loss dta_phys:  0.0063 Loss dta_preserve:  0.0044
Time:  0.0786 Epoch: 014 Iter:  150/ 600 LR: 0.0000297690 Loss content:  0.0166 Loss fft:  0.8107 Loss dta_rank:  0.0000 Loss dta_tv:  0.0293 Loss dta_proxy:  0.6340 Loss dta_trans:  0.0060 Loss dta_phys:  0.0066 Loss dta_preserve:  0.0061
Time:  0.0801 Epoch: 014 Iter:  200/ 600 LR: 0.0000297690 Loss content:  0.0158 Loss fft:  0.7779 Loss dta_rank:  0.0000 Loss dta_tv:  0.0283 Loss dta_proxy:  0.6324 Loss dta_trans:  0.0049 Loss dta_phys:  0.0062 Loss dta_preserve:  0.0049
Time:  0.0737 Epoch: 014 Iter:  250/ 600 LR: 0.0000297690 Loss content:  0.0175 Loss fft:  0.8366 Loss dta_rank:  0.0000 Loss dta_tv:  0.0283 Loss dta_proxy:  0.6500 Loss dta_trans:  0.0051 Loss dta_phys:  0.0067 Loss dta_preserve:  0.0057
Time:  0.0766 Epoch: 014 Iter:  300/ 600 LR: 0.0000297690 Loss content:  0.0171 Loss fft:  0.8137 Loss dta_rank:  0.0000 Loss dta_tv:  0.0283 Loss dta_proxy:  0.6502 Loss dta_trans:  0.0063 Loss dta_phys:  0.0072 Loss dta_preserve:  0.0060
Time:  0.0773 Epoch: 014 Iter:  350/ 600 LR: 0.0000297690 Loss content:  0.0176 Loss fft:  0.8211 Loss dta_rank:  0.0000 Loss dta_tv:  0.0283 Loss dta_proxy:  0.6319 Loss dta_trans:  0.0063 Loss dta_phys:  0.0065 Loss dta_preserve:  0.0057
Time:  0.0754 Epoch: 014 Iter:  400/ 600 LR: 0.0000297690 Loss content:  0.0173 Loss fft:  0.8342 Loss dta_rank:  0.0000 Loss dta_tv:  0.0281 Loss dta_proxy:  0.6416 Loss dta_trans:  0.0057 Loss dta_phys:  0.0070 Loss dta_preserve:  0.0046
Time:  0.0705 Epoch: 014 Iter:  450/ 600 LR: 0.0000297690 Loss content:  0.0170 Loss fft:  0.8269 Loss dta_rank:  0.0000 Loss dta_tv:  0.0287 Loss dta_proxy:  0.6323 Loss dta_trans:  0.0054 Loss dta_phys:  0.0063 Loss dta_preserve:  0.0051
Time:  0.0725 Epoch: 014 Iter:  500/ 600 LR: 0.0000297690 Loss content:  0.0162 Loss fft:  0.7872 Loss dta_rank:  0.0000 Loss dta_tv:  0.0289 Loss dta_proxy:  0.6270 Loss dta_trans:  0.0065 Loss dta_phys:  0.0071 Loss dta_preserve:  0.0043
Time:  0.0758 Epoch: 014 Iter:  550/ 600 LR: 0.0000297690 Loss content:  0.0166 Loss fft:  0.8011 Loss dta_rank:  0.0000 Loss dta_tv:  0.0286 Loss dta_proxy:  0.6531 Loss dta_trans:  0.0056 Loss dta_phys:  0.0069 Loss dta_preserve:  0.0061
Time:  0.0753 Epoch: 014 Iter:  600/ 600 LR: 0.0000297690 Loss content:  0.0176 Loss fft:  0.8181 Loss dta_rank:  0.0000 Loss dta_tv:  0.0281 Loss dta_proxy:  0.6366 Loss dta_trans:  0.0063 Loss dta_phys:  0.0060 Loss dta_preserve:  0.0050
EPOCH: 14
Elapsed time: 0.91 Epoch Pixel Loss:  0.0169 Epoch FFT Loss:  0.8128 Epoch DTA Rank:  0.0000 Epoch DTA TV:  0.0286 Epoch DTA Proxy:  0.6394 Epoch DTA Trans:  0.0057 Epoch DTA Phys:  0.0066 Epoch DTA Preserve:  0.0052
DTA_GATE_RAMP epoch=15 gate_limit=0.060000
Time:  0.0859 Epoch: 015 Iter:   50/ 600 LR: 0.0000219361 Loss content:  0.0178 Loss fft:  0.8302 Loss dta_rank:  0.0000 Loss dta_tv:  0.0278 Loss dta_proxy:  0.6668 Loss dta_trans:  0.0049 Loss dta_phys:  0.0063 Loss dta_preserve:  0.0047
Time:  0.0742 Epoch: 015 Iter:  100/ 600 LR: 0.0000219361 Loss content:  0.0175 Loss fft:  0.8263 Loss dta_rank:  0.0000 Loss dta_tv:  0.0280 Loss dta_proxy:  0.6587 Loss dta_trans:  0.0058 Loss dta_phys:  0.0070 Loss dta_preserve:  0.0071
Time:  0.0745 Epoch: 015 Iter:  150/ 600 LR: 0.0000219361 Loss content:  0.0170 Loss fft:  0.8282 Loss dta_rank:  0.0000 Loss dta_tv:  0.0290 Loss dta_proxy:  0.6223 Loss dta_trans:  0.0057 Loss dta_phys:  0.0062 Loss dta_preserve:  0.0043
Time:  0.0761 Epoch: 015 Iter:  200/ 600 LR: 0.0000219361 Loss content:  0.0172 Loss fft:  0.8186 Loss dta_rank:  0.0000 Loss dta_tv:  0.0280 Loss dta_proxy:  0.6329 Loss dta_trans:  0.0050 Loss dta_phys:  0.0069 Loss dta_preserve:  0.0047
Time:  0.0795 Epoch: 015 Iter:  250/ 600 LR: 0.0000219361 Loss content:  0.0163 Loss fft:  0.7892 Loss dta_rank:  0.0000 Loss dta_tv:  0.0284 Loss dta_proxy:  0.6457 Loss dta_trans:  0.0064 Loss dta_phys:  0.0070 Loss dta_preserve:  0.0055
Time:  0.0756 Epoch: 015 Iter:  300/ 600 LR: 0.0000219361 Loss content:  0.0170 Loss fft:  0.8104 Loss dta_rank:  0.0000 Loss dta_tv:  0.0281 Loss dta_proxy:  0.6540 Loss dta_trans:  0.0052 Loss dta_phys:  0.0073 Loss dta_preserve:  0.0051
Time:  0.0757 Epoch: 015 Iter:  350/ 600 LR: 0.0000219361 Loss content:  0.0177 Loss fft:  0.8451 Loss dta_rank:  0.0000 Loss dta_tv:  0.0275 Loss dta_proxy:  0.6631 Loss dta_trans:  0.0050 Loss dta_phys:  0.0061 Loss dta_preserve:  0.0056
Time:  0.0758 Epoch: 015 Iter:  400/ 600 LR: 0.0000219361 Loss content:  0.0168 Loss fft:  0.7963 Loss dta_rank:  0.0000 Loss dta_tv:  0.0291 Loss dta_proxy:  0.6234 Loss dta_trans:  0.0063 Loss dta_phys:  0.0067 Loss dta_preserve:  0.0046
Time:  0.0781 Epoch: 015 Iter:  450/ 600 LR: 0.0000219361 Loss content:  0.0170 Loss fft:  0.8224 Loss dta_rank:  0.0000 Loss dta_tv:  0.0295 Loss dta_proxy:  0.6262 Loss dta_trans:  0.0057 Loss dta_phys:  0.0062 Loss dta_preserve:  0.0054
Time:  0.0801 Epoch: 015 Iter:  500/ 600 LR: 0.0000219361 Loss content:  0.0172 Loss fft:  0.8344 Loss dta_rank:  0.0000 Loss dta_tv:  0.0291 Loss dta_proxy:  0.6244 Loss dta_trans:  0.0064 Loss dta_phys:  0.0064 Loss dta_preserve:  0.0051
Time:  0.0784 Epoch: 015 Iter:  550/ 600 LR: 0.0000219361 Loss content:  0.0181 Loss fft:  0.8518 Loss dta_rank:  0.0000 Loss dta_tv:  0.0282 Loss dta_proxy:  0.6373 Loss dta_trans:  0.0056 Loss dta_phys:  0.0066 Loss dta_preserve:  0.0066
Time:  0.0739 Epoch: 015 Iter:  600/ 600 LR: 0.0000219361 Loss content:  0.0166 Loss fft:  0.7767 Loss dta_rank:  0.0000 Loss dta_tv:  0.0283 Loss dta_proxy:  0.6448 Loss dta_trans:  0.0061 Loss dta_phys:  0.0072 Loss dta_preserve:  0.0044
EPOCH: 15
Elapsed time: 0.93 Epoch Pixel Loss:  0.0172 Epoch FFT Loss:  0.8191 Epoch DTA Rank:  0.0000 Epoch DTA TV:  0.0284 Epoch DTA Proxy:  0.6416 Epoch DTA Trans:  0.0057 Epoch DTA Phys:  0.0067 Epoch DTA Preserve:  0.0053
DTA_GATE_RAMP epoch=16 gate_limit=0.060000
Time:  0.0834 Epoch: 016 Iter:   50/ 600 LR: 0.0000151017 Loss content:  0.0166 Loss fft:  0.8093 Loss dta_rank:  0.0000 Loss dta_tv:  0.0283 Loss dta_proxy:  0.6319 Loss dta_trans:  0.0046 Loss dta_phys:  0.0060 Loss dta_preserve:  0.0052
Time:  0.0798 Epoch: 016 Iter:  100/ 600 LR: 0.0000151017 Loss content:  0.0177 Loss fft:  0.8176 Loss dta_rank:  0.0000 Loss dta_tv:  0.0278 Loss dta_proxy:  0.6542 Loss dta_trans:  0.0051 Loss dta_phys:  0.0065 Loss dta_preserve:  0.0055
Time:  0.0741 Epoch: 016 Iter:  150/ 600 LR: 0.0000151017 Loss content:  0.0174 Loss fft:  0.8380 Loss dta_rank:  0.0000 Loss dta_tv:  0.0283 Loss dta_proxy:  0.6458 Loss dta_trans:  0.0057 Loss dta_phys:  0.0067 Loss dta_preserve:  0.0055
Time:  0.0739 Epoch: 016 Iter:  200/ 600 LR: 0.0000151017 Loss content:  0.0170 Loss fft:  0.8028 Loss dta_rank:  0.0000 Loss dta_tv:  0.0284 Loss dta_proxy:  0.6456 Loss dta_trans:  0.0067 Loss dta_phys:  0.0068 Loss dta_preserve:  0.0043
Time:  0.0781 Epoch: 016 Iter:  250/ 600 LR: 0.0000151017 Loss content:  0.0171 Loss fft:  0.8279 Loss dta_rank:  0.0000 Loss dta_tv:  0.0285 Loss dta_proxy:  0.6264 Loss dta_trans:  0.0061 Loss dta_phys:  0.0064 Loss dta_preserve:  0.0060
Time:  0.0762 Epoch: 016 Iter:  300/ 600 LR: 0.0000151017 Loss content:  0.0168 Loss fft:  0.8108 Loss dta_rank:  0.0000 Loss dta_tv:  0.0294 Loss dta_proxy:  0.6257 Loss dta_trans:  0.0068 Loss dta_phys:  0.0065 Loss dta_preserve:  0.0067
Time:  0.0741 Epoch: 016 Iter:  350/ 600 LR: 0.0000151017 Loss content:  0.0181 Loss fft:  0.8632 Loss dta_rank:  0.0000 Loss dta_tv:  0.0284 Loss dta_proxy:  0.6422 Loss dta_trans:  0.0053 Loss dta_phys:  0.0073 Loss dta_preserve:  0.0047
Time:  0.0746 Epoch: 016 Iter:  400/ 600 LR: 0.0000151017 Loss content:  0.0172 Loss fft:  0.8160 Loss dta_rank:  0.0000 Loss dta_tv:  0.0284 Loss dta_proxy:  0.6479 Loss dta_trans:  0.0063 Loss dta_phys:  0.0069 Loss dta_preserve:  0.0057
Time:  0.0748 Epoch: 016 Iter:  450/ 600 LR: 0.0000151017 Loss content:  0.0166 Loss fft:  0.7760 Loss dta_rank:  0.0000 Loss dta_tv:  0.0287 Loss dta_proxy:  0.6230 Loss dta_trans:  0.0051 Loss dta_phys:  0.0068 Loss dta_preserve:  0.0051
Time:  0.0789 Epoch: 016 Iter:  500/ 600 LR: 0.0000151017 Loss content:  0.0166 Loss fft:  0.8018 Loss dta_rank:  0.0000 Loss dta_tv:  0.0275 Loss dta_proxy:  0.6612 Loss dta_trans:  0.0054 Loss dta_phys:  0.0071 Loss dta_preserve:  0.0041
Time:  0.0770 Epoch: 016 Iter:  550/ 600 LR: 0.0000151017 Loss content:  0.0169 Loss fft:  0.8183 Loss dta_rank:  0.0000 Loss dta_tv:  0.0277 Loss dta_proxy:  0.6509 Loss dta_trans:  0.0054 Loss dta_phys:  0.0068 Loss dta_preserve:  0.0057
Time:  0.0754 Epoch: 016 Iter:  600/ 600 LR: 0.0000151017 Loss content:  0.0178 Loss fft:  0.8402 Loss dta_rank:  0.0000 Loss dta_tv:  0.0283 Loss dta_proxy:  0.6405 Loss dta_trans:  0.0054 Loss dta_phys:  0.0066 Loss dta_preserve:  0.0068
EPOCH: 16
Elapsed time: 0.92 Epoch Pixel Loss:  0.0171 Epoch FFT Loss:  0.8185 Epoch DTA Rank:  0.0000 Epoch DTA TV:  0.0283 Epoch DTA Proxy:  0.6413 Epoch DTA Trans:  0.0057 Epoch DTA Phys:  0.0067 Epoch DTA Preserve:  0.0054
DTA_GATE_RAMP epoch=17 gate_limit=0.060000
Time:  0.0809 Epoch: 017 Iter:   50/ 600 LR: 0.0000094853 Loss content:  0.0171 Loss fft:  0.8224 Loss dta_rank:  0.0000 Loss dta_tv:  0.0268 Loss dta_proxy:  0.6620 Loss dta_trans:  0.0054 Loss dta_phys:  0.0063 Loss dta_preserve:  0.0055
Time:  0.0762 Epoch: 017 Iter:  100/ 600 LR: 0.0000094853 Loss content:  0.0175 Loss fft:  0.8359 Loss dta_rank:  0.0000 Loss dta_tv:  0.0283 Loss dta_proxy:  0.6336 Loss dta_trans:  0.0059 Loss dta_phys:  0.0071 Loss dta_preserve:  0.0042
Time:  0.0776 Epoch: 017 Iter:  150/ 600 LR: 0.0000094853 Loss content:  0.0172 Loss fft:  0.7945 Loss dta_rank:  0.0000 Loss dta_tv:  0.0270 Loss dta_proxy:  0.6505 Loss dta_trans:  0.0047 Loss dta_phys:  0.0064 Loss dta_preserve:  0.0044
Time:  0.0760 Epoch: 017 Iter:  200/ 600 LR: 0.0000094853 Loss content:  0.0164 Loss fft:  0.8027 Loss dta_rank:  0.0000 Loss dta_tv:  0.0287 Loss dta_proxy:  0.6304 Loss dta_trans:  0.0054 Loss dta_phys:  0.0064 Loss dta_preserve:  0.0047
Time:  0.0754 Epoch: 017 Iter:  250/ 600 LR: 0.0000094853 Loss content:  0.0163 Loss fft:  0.7988 Loss dta_rank:  0.0000 Loss dta_tv:  0.0291 Loss dta_proxy:  0.6331 Loss dta_trans:  0.0063 Loss dta_phys:  0.0069 Loss dta_preserve:  0.0054
Time:  0.0793 Epoch: 017 Iter:  300/ 600 LR: 0.0000094853 Loss content:  0.0168 Loss fft:  0.8164 Loss dta_rank:  0.0000 Loss dta_tv:  0.0294 Loss dta_proxy:  0.6290 Loss dta_trans:  0.0056 Loss dta_phys:  0.0066 Loss dta_preserve:  0.0047
Time:  0.0784 Epoch: 017 Iter:  350/ 600 LR: 0.0000094853 Loss content:  0.0165 Loss fft:  0.7873 Loss dta_rank:  0.0000 Loss dta_tv:  0.0284 Loss dta_proxy:  0.6339 Loss dta_trans:  0.0065 Loss dta_phys:  0.0073 Loss dta_preserve:  0.0038
Time:  0.0725 Epoch: 017 Iter:  400/ 600 LR: 0.0000094853 Loss content:  0.0173 Loss fft:  0.8213 Loss dta_rank:  0.0000 Loss dta_tv:  0.0278 Loss dta_proxy:  0.6575 Loss dta_trans:  0.0052 Loss dta_phys:  0.0071 Loss dta_preserve:  0.0055
Time:  0.0753 Epoch: 017 Iter:  450/ 600 LR: 0.0000094853 Loss content:  0.0168 Loss fft:  0.8338 Loss dta_rank:  0.0000 Loss dta_tv:  0.0289 Loss dta_proxy:  0.6264 Loss dta_trans:  0.0050 Loss dta_phys:  0.0063 Loss dta_preserve:  0.0056
Time:  0.0768 Epoch: 017 Iter:  500/ 600 LR: 0.0000094853 Loss content:  0.0168 Loss fft:  0.8188 Loss dta_rank:  0.0000 Loss dta_tv:  0.0286 Loss dta_proxy:  0.6367 Loss dta_trans:  0.0055 Loss dta_phys:  0.0061 Loss dta_preserve:  0.0054
Time:  0.0699 Epoch: 017 Iter:  550/ 600 LR: 0.0000094853 Loss content:  0.0173 Loss fft:  0.8117 Loss dta_rank:  0.0000 Loss dta_tv:  0.0279 Loss dta_proxy:  0.6356 Loss dta_trans:  0.0056 Loss dta_phys:  0.0068 Loss dta_preserve:  0.0053
Time:  0.0699 Epoch: 017 Iter:  600/ 600 LR: 0.0000094853 Loss content:  0.0173 Loss fft:  0.8267 Loss dta_rank:  0.0000 Loss dta_tv:  0.0282 Loss dta_proxy:  0.6393 Loss dta_trans:  0.0066 Loss dta_phys:  0.0068 Loss dta_preserve:  0.0070
EPOCH: 17
Elapsed time: 0.91 Epoch Pixel Loss:  0.0169 Epoch FFT Loss:  0.8142 Epoch DTA Rank:  0.0000 Epoch DTA TV:  0.0282 Epoch DTA Proxy:  0.6390 Epoch DTA Trans:  0.0057 Epoch DTA Phys:  0.0067 Epoch DTA Preserve:  0.0051
DTA_GATE_RAMP epoch=18 gate_limit=0.060000
Time:  0.0851 Epoch: 018 Iter:   50/ 600 LR: 0.0000052550 Loss content:  0.0171 Loss fft:  0.7956 Loss dta_rank:  0.0000 Loss dta_tv:  0.0291 Loss dta_proxy:  0.6228 Loss dta_trans:  0.0061 Loss dta_phys:  0.0070 Loss dta_preserve:  0.0063
Time:  0.0754 Epoch: 018 Iter:  100/ 600 LR: 0.0000052550 Loss content:  0.0170 Loss fft:  0.8225 Loss dta_rank:  0.0000 Loss dta_tv:  0.0284 Loss dta_proxy:  0.6427 Loss dta_trans:  0.0060 Loss dta_phys:  0.0070 Loss dta_preserve:  0.0054
Time:  0.0774 Epoch: 018 Iter:  150/ 600 LR: 0.0000052550 Loss content:  0.0163 Loss fft:  0.7955 Loss dta_rank:  0.0000 Loss dta_tv:  0.0280 Loss dta_proxy:  0.6320 Loss dta_trans:  0.0051 Loss dta_phys:  0.0064 Loss dta_preserve:  0.0041
Time:  0.0802 Epoch: 018 Iter:  200/ 600 LR: 0.0000052550 Loss content:  0.0177 Loss fft:  0.8514 Loss dta_rank:  0.0000 Loss dta_tv:  0.0278 Loss dta_proxy:  0.6552 Loss dta_trans:  0.0056 Loss dta_phys:  0.0069 Loss dta_preserve:  0.0056
Time:  0.0648 Epoch: 018 Iter:  250/ 600 LR: 0.0000052550 Loss content:  0.0179 Loss fft:  0.8264 Loss dta_rank:  0.0000 Loss dta_tv:  0.0278 Loss dta_proxy:  0.6564 Loss dta_trans:  0.0052 Loss dta_phys:  0.0067 Loss dta_preserve:  0.0060
Time:  0.0693 Epoch: 018 Iter:  300/ 600 LR: 0.0000052550 Loss content:  0.0169 Loss fft:  0.7952 Loss dta_rank:  0.0000 Loss dta_tv:  0.0276 Loss dta_proxy:  0.6557 Loss dta_trans:  0.0060 Loss dta_phys:  0.0067 Loss dta_preserve:  0.0044
Time:  0.0753 Epoch: 018 Iter:  350/ 600 LR: 0.0000052550 Loss content:  0.0164 Loss fft:  0.7911 Loss dta_rank:  0.0000 Loss dta_tv:  0.0286 Loss dta_proxy:  0.6397 Loss dta_trans:  0.0062 Loss dta_phys:  0.0066 Loss dta_preserve:  0.0045
Time:  0.0741 Epoch: 018 Iter:  400/ 600 LR: 0.0000052550 Loss content:  0.0174 Loss fft:  0.8222 Loss dta_rank:  0.0000 Loss dta_tv:  0.0287 Loss dta_proxy:  0.6406 Loss dta_trans:  0.0054 Loss dta_phys:  0.0065 Loss dta_preserve:  0.0056
Time:  0.0823 Epoch: 018 Iter:  450/ 600 LR: 0.0000052550 Loss content:  0.0183 Loss fft:  0.8034 Loss dta_rank:  0.0000 Loss dta_tv:  0.0281 Loss dta_proxy:  0.6347 Loss dta_trans:  0.0057 Loss dta_phys:  0.0061 Loss dta_preserve:  0.0053
Time:  0.0779 Epoch: 018 Iter:  500/ 600 LR: 0.0000052550 Loss content:  0.0175 Loss fft:  0.8177 Loss dta_rank:  0.0000 Loss dta_tv:  0.0278 Loss dta_proxy:  0.6461 Loss dta_trans:  0.0066 Loss dta_phys:  0.0069 Loss dta_preserve:  0.0045
Time:  0.0750 Epoch: 018 Iter:  550/ 600 LR: 0.0000052550 Loss content:  0.0175 Loss fft:  0.8214 Loss dta_rank:  0.0000 Loss dta_tv:  0.0287 Loss dta_proxy:  0.6342 Loss dta_trans:  0.0051 Loss dta_phys:  0.0068 Loss dta_preserve:  0.0055
Time:  0.0777 Epoch: 018 Iter:  600/ 600 LR: 0.0000052550 Loss content:  0.0175 Loss fft:  0.8408 Loss dta_rank:  0.0000 Loss dta_tv:  0.0277 Loss dta_proxy:  0.6328 Loss dta_trans:  0.0050 Loss dta_phys:  0.0067 Loss dta_preserve:  0.0048
EPOCH: 18
Elapsed time: 0.92 Epoch Pixel Loss:  0.0173 Epoch FFT Loss:  0.8153 Epoch DTA Rank:  0.0000 Epoch DTA TV:  0.0282 Epoch DTA Proxy:  0.6411 Epoch DTA Trans:  0.0057 Epoch DTA Phys:  0.0067 Epoch DTA Preserve:  0.0052
DTA_GATE_RAMP epoch=19 gate_limit=0.060000
Time:  0.0818 Epoch: 019 Iter:   50/ 600 LR: 0.0000025070 Loss content:  0.0530 Loss fft:  3.0890 Loss dta_rank:  0.0000 Loss dta_tv:  0.0284 Loss dta_proxy:  0.6358 Loss dta_trans:  0.0057 Loss dta_phys:  0.0067 Loss dta_preserve:  0.0166
Time:  0.0670 Epoch: 019 Iter:  100/ 600 LR: 0.0000025070 Loss content:  0.0175 Loss fft:  0.8309 Loss dta_rank:  0.0000 Loss dta_tv:  0.0282 Loss dta_proxy:  0.6569 Loss dta_trans:  0.0052 Loss dta_phys:  0.0067 Loss dta_preserve:  0.0042
Time:  0.0747 Epoch: 019 Iter:  150/ 600 LR: 0.0000025070 Loss content:  0.0170 Loss fft:  0.8122 Loss dta_rank:  0.0000 Loss dta_tv:  0.0282 Loss dta_proxy:  0.6318 Loss dta_trans:  0.0055 Loss dta_phys:  0.0064 Loss dta_preserve:  0.0045
Time:  0.0780 Epoch: 019 Iter:  200/ 600 LR: 0.0000025070 Loss content:  0.0172 Loss fft:  0.8212 Loss dta_rank:  0.0000 Loss dta_tv:  0.0280 Loss dta_proxy:  0.6487 Loss dta_trans:  0.0054 Loss dta_phys:  0.0067 Loss dta_preserve:  0.0053
Time:  0.0766 Epoch: 019 Iter:  250/ 600 LR: 0.0000025070 Loss content:  0.0165 Loss fft:  0.7759 Loss dta_rank:  0.0000 Loss dta_tv:  0.0290 Loss dta_proxy:  0.6256 Loss dta_trans:  0.0064 Loss dta_phys:  0.0070 Loss dta_preserve:  0.0049
Time:  0.0778 Epoch: 019 Iter:  300/ 600 LR: 0.0000025070 Loss content:  0.0173 Loss fft:  0.8142 Loss dta_rank:  0.0000 Loss dta_tv:  0.0276 Loss dta_proxy:  0.6536 Loss dta_trans:  0.0044 Loss dta_phys:  0.0063 Loss dta_preserve:  0.0058
Time:  0.0784 Epoch: 019 Iter:  350/ 600 LR: 0.0000025070 Loss content:  0.0180 Loss fft:  0.8340 Loss dta_rank:  0.0000 Loss dta_tv:  0.0283 Loss dta_proxy:  0.6296 Loss dta_trans:  0.0068 Loss dta_phys:  0.0068 Loss dta_preserve:  0.0077
Time:  0.0778 Epoch: 019 Iter:  400/ 600 LR: 0.0000025070 Loss content:  0.0170 Loss fft:  0.8155 Loss dta_rank:  0.0000 Loss dta_tv:  0.0279 Loss dta_proxy:  0.6402 Loss dta_trans:  0.0057 Loss dta_phys:  0.0060 Loss dta_preserve:  0.0046
Time:  0.0830 Epoch: 019 Iter:  450/ 600 LR: 0.0000025070 Loss content:  0.0171 Loss fft:  0.8351 Loss dta_rank:  0.0000 Loss dta_tv:  0.0283 Loss dta_proxy:  0.6341 Loss dta_trans:  0.0058 Loss dta_phys:  0.0063 Loss dta_preserve:  0.0056
Time:  0.0779 Epoch: 019 Iter:  500/ 600 LR: 0.0000025070 Loss content:  0.0170 Loss fft:  0.8159 Loss dta_rank:  0.0000 Loss dta_tv:  0.0279 Loss dta_proxy:  0.6405 Loss dta_trans:  0.0051 Loss dta_phys:  0.0063 Loss dta_preserve:  0.0047
Time:  0.0762 Epoch: 019 Iter:  550/ 600 LR: 0.0000025070 Loss content:  0.0168 Loss fft:  0.8155 Loss dta_rank:  0.0000 Loss dta_tv:  0.0287 Loss dta_proxy:  0.6431 Loss dta_trans:  0.0056 Loss dta_phys:  0.0070 Loss dta_preserve:  0.0049
Time:  0.0762 Epoch: 019 Iter:  600/ 600 LR: 0.0000025070 Loss content:  0.0164 Loss fft:  0.8055 Loss dta_rank:  0.0000 Loss dta_tv:  0.0290 Loss dta_proxy:  0.6287 Loss dta_trans:  0.0052 Loss dta_phys:  0.0071 Loss dta_preserve:  0.0052
EPOCH: 19
Elapsed time: 0.93 Epoch Pixel Loss:  0.0201 Epoch FFT Loss:  1.0054 Epoch DTA Rank:  0.0000 Epoch DTA TV:  0.0283 Epoch DTA Proxy:  0.6391 Epoch DTA Trans:  0.0056 Epoch DTA Phys:  0.0066 Epoch DTA Preserve:  0.0062
DTA_GATE_RAMP epoch=20 gate_limit=0.060000
Time:  0.0804 Epoch: 020 Iter:   50/ 600 LR: 0.0000012125 Loss content:  0.0167 Loss fft:  0.8029 Loss dta_rank:  0.0000 Loss dta_tv:  0.0290 Loss dta_proxy:  0.6373 Loss dta_trans:  0.0065 Loss dta_phys:  0.0072 Loss dta_preserve:  0.0051
Time:  0.0786 Epoch: 020 Iter:  100/ 600 LR: 0.0000012125 Loss content:  0.0172 Loss fft:  0.8005 Loss dta_rank:  0.0000 Loss dta_tv:  0.0281 Loss dta_proxy:  0.6417 Loss dta_trans:  0.0062 Loss dta_phys:  0.0070 Loss dta_preserve:  0.0042
Time:  0.0775 Epoch: 020 Iter:  150/ 600 LR: 0.0000012125 Loss content:  0.0175 Loss fft:  0.8346 Loss dta_rank:  0.0000 Loss dta_tv:  0.0282 Loss dta_proxy:  0.6470 Loss dta_trans:  0.0053 Loss dta_phys:  0.0066 Loss dta_preserve:  0.0058
Time:  0.0785 Epoch: 020 Iter:  200/ 600 LR: 0.0000012125 Loss content:  0.0168 Loss fft:  0.8401 Loss dta_rank:  0.0000 Loss dta_tv:  0.0282 Loss dta_proxy:  0.6555 Loss dta_trans:  0.0057 Loss dta_phys:  0.0067 Loss dta_preserve:  0.0052
Time:  0.0835 Epoch: 020 Iter:  250/ 600 LR: 0.0000012125 Loss content:  0.0179 Loss fft:  0.8370 Loss dta_rank:  0.0000 Loss dta_tv:  0.0279 Loss dta_proxy:  0.6344 Loss dta_trans:  0.0054 Loss dta_phys:  0.0068 Loss dta_preserve:  0.0055
Time:  0.0685 Epoch: 020 Iter:  300/ 600 LR: 0.0000012125 Loss content:  0.0173 Loss fft:  0.8217 Loss dta_rank:  0.0000 Loss dta_tv:  0.0282 Loss dta_proxy:  0.6374 Loss dta_trans:  0.0053 Loss dta_phys:  0.0066 Loss dta_preserve:  0.0047
Time:  0.0702 Epoch: 020 Iter:  350/ 600 LR: 0.0000012125 Loss content:  0.0174 Loss fft:  0.8084 Loss dta_rank:  0.0000 Loss dta_tv:  0.0279 Loss dta_proxy:  0.6394 Loss dta_trans:  0.0059 Loss dta_phys:  0.0064 Loss dta_preserve:  0.0055
Time:  0.0780 Epoch: 020 Iter:  400/ 600 LR: 0.0000012125 Loss content:  0.0170 Loss fft:  0.7951 Loss dta_rank:  0.0000 Loss dta_tv:  0.0278 Loss dta_proxy:  0.6446 Loss dta_trans:  0.0057 Loss dta_phys:  0.0068 Loss dta_preserve:  0.0046
Time:  0.0767 Epoch: 020 Iter:  450/ 600 LR: 0.0000012125 Loss content:  0.0168 Loss fft:  0.7890 Loss dta_rank:  0.0000 Loss dta_tv:  0.0295 Loss dta_proxy:  0.6336 Loss dta_trans:  0.0061 Loss dta_phys:  0.0073 Loss dta_preserve:  0.0043
Time:  0.0722 Epoch: 020 Iter:  500/ 600 LR: 0.0000012125 Loss content:  0.0172 Loss fft:  0.8595 Loss dta_rank:  0.0000 Loss dta_tv:  0.0268 Loss dta_proxy:  0.6824 Loss dta_trans:  0.0043 Loss dta_phys:  0.0066 Loss dta_preserve:  0.0034
Time:  0.0754 Epoch: 020 Iter:  550/ 600 LR: 0.0000012125 Loss content:  0.0178 Loss fft:  0.7987 Loss dta_rank:  0.0000 Loss dta_tv:  0.0283 Loss dta_proxy:  0.6265 Loss dta_trans:  0.0056 Loss dta_phys:  0.0070 Loss dta_preserve:  0.0049
Time:  0.0759 Epoch: 020 Iter:  600/ 600 LR: 0.0000012125 Loss content:  0.0172 Loss fft:  0.8349 Loss dta_rank:  0.0000 Loss dta_tv:  0.0294 Loss dta_proxy:  0.6215 Loss dta_trans:  0.0061 Loss dta_phys:  0.0061 Loss dta_preserve:  0.0056
EPOCH: 20
Elapsed time: 0.92 Epoch Pixel Loss:  0.0172 Epoch FFT Loss:  0.8185 Epoch DTA Rank:  0.0000 Epoch DTA TV:  0.0283 Epoch DTA Proxy:  0.6418 Epoch DTA Trans:  0.0057 Epoch DTA Phys:  0.0068 Epoch DTA Preserve:  0.0049
