Namespace(model_name='ConvIR-Haze4K-DTA-v2-adapter_neighbors-shuffle-seed3407-f0-oof20', data='Haze4K', version='base', fam_mode='original', arch='dta_v2', seed=3407, mode='train', data_dir='/sda/home/wangyuxin/ConvIR-B/datasets/Haze4K/Haze4K', batch_size=4, learning_rate=0.0001, weight_decay=0.0, num_epoch=20, stop_epoch=20, print_freq=50, num_worker=4, save_freq=5, valid_freq=9999, mod_stats_freq=5, mod_stats_batches=16, grad_clip_norm=0.001, dta_grad_clip_norm=0.05, dta_neighbor_grad_clip_norm=0.005, init_model='/sda/home/wangyuxin/ConvIR-B/checkpoints/official/Haze4K/haze4k-base.pkl', init_model_partial=True, partial_new_prefixes='DTA.', resume='', train_scope='adapter_neighbors', dta_depth_cache_dir='/sda/home/wangyuxin/ConvIR-B/depth_cache/depth_anything_v2_small_hf', dta_train_depth_split='train', dta_eval_depth_split='train', valid_root_split='train', eval_root_split='test', dta_require_depth=True, dta_variant='v2', dta_depth_mode='shuffle', dta_prior_channels=32, dta_gate_bias=-6.0, dta_gate_limit=0.06, dta_gamma_limit=0.12, dta_beta_limit=0.06, dta_alpha_init=1.0, dta_confidence_floor=0.25, dta_confidence_local_scale=6.0, dta_output_residual_scale=0.03, dta_use_trans_gt=True, dta_trans_weight=0.02, dta_phys_weight=0.005, dta_preserve_weight=0.02, dta_preserve_trans_thresh=0.8, dta_gate_ramp_start=0.01, dta_gate_ramp_mid=0.03, dta_gate_ramp_end=0.06, dta_gate_ramp_warmup_epochs=2, dta_gate_ramp_mid_epochs=8, dta_rank_weight=0.001, dta_tv_weight=0.0001, dta_proxy_weight=0.0, dta_rank_pairs=512, dta_rank_min_depth_gap=0.03, split_json='/sda/home/wangyuxin/ConvIR-B/repos/ConvIR-B-dta-v2-calibrated/experience_docx/experiment_logs/haze4k_dta_v2_calibrated_20260611/dta_v2_haze4k_oof_splits_seed3407.json', split_name='fold0_train', test_model='', save_image=False, leaning_rate=0.0001, model_save_dir='results/ConvIR-Haze4K-DTA-v2-adapter_neighbors-shuffle-seed3407-f0-oof20/Training-Results/', result_dir='results/ConvIR-Haze4K-DTA-v2-adapter_neighbors-shuffle-seed3407-f0-oof20/images/Haze4K', init_model_sha256='6f42037d57a4e3de3a10ac0ab909d66a3415864a19433c29204a975f4efa4088')
/sda/home/wangyuxin/ConvIR-B/repos/ConvIR-B-dta-v2-calibrated/Dehazing/ITS/main.py:14: FutureWarning: You are using `torch.load` with `weights_only=False` (the current default value), which uses the default pickle module implicitly. It is possible to construct malicious pickle data which will execute arbitrary code during unpickling (See https://github.com/pytorch/pytorch/blob/main/SECURITY.md#untrusted-models for more details). In a future release, the default value for `weights_only` will be flipped to `True`. This limits the functions that could be executed during unpickling. Arbitrary objects will no longer be allowed to be loaded via this mode unless they are explicitly allowlisted by the user via `torch.serialization.add_safe_globals`. We recommend you start setting `weights_only=True` for any use case where you don't have full control of the loaded file. Please open an issue on GitHub for any issues related to this experimental feature.
  state = torch.load(path, map_location=map_location)
INIT_MODEL_PARTIAL_LOAD path=/sda/home/wangyuxin/ConvIR-B/checkpoints/official/Haze4K/haze4k-base.pkl loaded=602 missing_allowed=25 unexpected=[] allowed_new_prefixes=('DTA.',)
TRAIN_SCOPE scope=adapter_neighbors arch=dta_v2 trainable=453867 total=8705364
/sda/home/wangyuxin/ConvIR-B/envs/convir-cu121/lib/python3.10/site-packages/torch/optim/lr_scheduler.py:224: UserWarning: Detected call of `lr_scheduler.step()` before `optimizer.step()`. In PyTorch 1.1.0 and later, you should call them in the opposite order: `optimizer.step()` before `lr_scheduler.step()`.  Failure to do this will result in PyTorch skipping the first value of the learning rate schedule. See more details at https://pytorch.org/docs/stable/optim.html#how-to-adjust-learning-rate
  warnings.warn(
DTA_GATE_RAMP epoch=1 gate_limit=0.010000
Time:  0.1063 Epoch: 001 Iter:   50/ 600 LR: 0.0000333333 Loss content:  0.0177 Loss fft:  0.8086 Loss dta_rank:  0.6930 Loss dta_tv:  0.0040 Loss dta_proxy:  0.2866 Loss dta_trans:  0.0413 Loss dta_phys:  0.0074 Loss dta_preserve:  0.0053
Time:  0.0789 Epoch: 001 Iter:  100/ 600 LR: 0.0000333333 Loss content:  0.0178 Loss fft:  0.8350 Loss dta_rank:  0.6937 Loss dta_tv:  0.0107 Loss dta_proxy:  0.3400 Loss dta_trans:  0.0353 Loss dta_phys:  0.0093 Loss dta_preserve:  0.0042
Time:  0.0805 Epoch: 001 Iter:  150/ 600 LR: 0.0000333333 Loss content:  0.0172 Loss fft:  0.8418 Loss dta_rank:  0.6964 Loss dta_tv:  0.0151 Loss dta_proxy:  0.3693 Loss dta_trans:  0.0278 Loss dta_phys:  0.0110 Loss dta_preserve:  0.0046
Time:  0.0780 Epoch: 001 Iter:  200/ 600 LR: 0.0000333333 Loss content:  0.0169 Loss fft:  0.8118 Loss dta_rank:  0.7002 Loss dta_tv:  0.0189 Loss dta_proxy:  0.3950 Loss dta_trans:  0.0255 Loss dta_phys:  0.0108 Loss dta_preserve:  0.0040
Time:  0.0750 Epoch: 001 Iter:  250/ 600 LR: 0.0000333333 Loss content:  0.0172 Loss fft:  0.8331 Loss dta_rank:  0.7079 Loss dta_tv:  0.0227 Loss dta_proxy:  0.3737 Loss dta_trans:  0.0228 Loss dta_phys:  0.0088 Loss dta_preserve:  0.0038
Time:  0.0822 Epoch: 001 Iter:  300/ 600 LR: 0.0000333333 Loss content:  0.0177 Loss fft:  0.8663 Loss dta_rank:  0.7117 Loss dta_tv:  0.0277 Loss dta_proxy:  0.3702 Loss dta_trans:  0.0189 Loss dta_phys:  0.0084 Loss dta_preserve:  0.0075
Time:  0.0819 Epoch: 001 Iter:  350/ 600 LR: 0.0000333333 Loss content:  0.0172 Loss fft:  0.8054 Loss dta_rank:  0.7155 Loss dta_tv:  0.0305 Loss dta_proxy:  0.4014 Loss dta_trans:  0.0168 Loss dta_phys:  0.0085 Loss dta_preserve:  0.0047
Time:  0.0795 Epoch: 001 Iter:  400/ 600 LR: 0.0000333333 Loss content:  0.0175 Loss fft:  0.8217 Loss dta_rank:  0.7185 Loss dta_tv:  0.0327 Loss dta_proxy:  0.4092 Loss dta_trans:  0.0139 Loss dta_phys:  0.0088 Loss dta_preserve:  0.0054
Time:  0.0791 Epoch: 001 Iter:  450/ 600 LR: 0.0000333333 Loss content:  0.0172 Loss fft:  0.8045 Loss dta_rank:  0.7277 Loss dta_tv:  0.0342 Loss dta_proxy:  0.4107 Loss dta_trans:  0.0138 Loss dta_phys:  0.0075 Loss dta_preserve:  0.0040
Time:  0.0865 Epoch: 001 Iter:  500/ 600 LR: 0.0000333333 Loss content:  0.0172 Loss fft:  0.8205 Loss dta_rank:  0.7317 Loss dta_tv:  0.0359 Loss dta_proxy:  0.4100 Loss dta_trans:  0.0133 Loss dta_phys:  0.0080 Loss dta_preserve:  0.0069
Time:  0.0834 Epoch: 001 Iter:  550/ 600 LR: 0.0000333333 Loss content:  0.0170 Loss fft:  0.8090 Loss dta_rank:  0.7310 Loss dta_tv:  0.0353 Loss dta_proxy:  0.4381 Loss dta_trans:  0.0126 Loss dta_phys:  0.0083 Loss dta_preserve:  0.0058
Time:  0.0810 Epoch: 001 Iter:  600/ 600 LR: 0.0000333333 Loss content:  0.0178 Loss fft:  0.8376 Loss dta_rank:  0.7283 Loss dta_tv:  0.0365 Loss dta_proxy:  0.4240 Loss dta_trans:  0.0138 Loss dta_phys:  0.0078 Loss dta_preserve:  0.0044
EPOCH: 01
Elapsed time: 0.99 Epoch Pixel Loss:  0.0174 Epoch FFT Loss:  0.8246 Epoch DTA Rank:  0.7130 Epoch DTA TV:  0.0254 Epoch DTA Proxy:  0.3857 Epoch DTA Trans:  0.0213 Epoch DTA Phys:  0.0087 Epoch DTA Preserve:  0.0051
DTA_GATE_RAMP epoch=2 gate_limit=0.010000
Time:  0.0892 Epoch: 002 Iter:   50/ 600 LR: 0.0000666667 Loss content:  0.0176 Loss fft:  0.8096 Loss dta_rank:  0.7316 Loss dta_tv:  0.0363 Loss dta_proxy:  0.4310 Loss dta_trans:  0.0112 Loss dta_phys:  0.0073 Loss dta_preserve:  0.0069
Time:  0.0810 Epoch: 002 Iter:  100/ 600 LR: 0.0000666667 Loss content:  0.0175 Loss fft:  0.8326 Loss dta_rank:  0.7333 Loss dta_tv:  0.0365 Loss dta_proxy:  0.4144 Loss dta_trans:  0.0118 Loss dta_phys:  0.0081 Loss dta_preserve:  0.0050
Time:  0.0798 Epoch: 002 Iter:  150/ 600 LR: 0.0000666667 Loss content:  0.0177 Loss fft:  0.8363 Loss dta_rank:  0.7283 Loss dta_tv:  0.0355 Loss dta_proxy:  0.4302 Loss dta_trans:  0.0109 Loss dta_phys:  0.0062 Loss dta_preserve:  0.0051
Time:  0.0811 Epoch: 002 Iter:  200/ 600 LR: 0.0000666667 Loss content:  0.0171 Loss fft:  0.7855 Loss dta_rank:  0.7294 Loss dta_tv:  0.0368 Loss dta_proxy:  0.3747 Loss dta_trans:  0.0108 Loss dta_phys:  0.0068 Loss dta_preserve:  0.0045
Time:  0.0870 Epoch: 002 Iter:  250/ 600 LR: 0.0000666667 Loss content:  0.0172 Loss fft:  0.8139 Loss dta_rank:  0.7298 Loss dta_tv:  0.0351 Loss dta_proxy:  0.4382 Loss dta_trans:  0.0099 Loss dta_phys:  0.0074 Loss dta_preserve:  0.0051
Time:  0.0833 Epoch: 002 Iter:  300/ 600 LR: 0.0000666667 Loss content:  0.0176 Loss fft:  0.8267 Loss dta_rank:  0.7368 Loss dta_tv:  0.0342 Loss dta_proxy:  0.4216 Loss dta_trans:  0.0103 Loss dta_phys:  0.0073 Loss dta_preserve:  0.0054
Time:  0.0802 Epoch: 002 Iter:  350/ 600 LR: 0.0000666667 Loss content:  0.0169 Loss fft:  0.8219 Loss dta_rank:  0.7356 Loss dta_tv:  0.0346 Loss dta_proxy:  0.4373 Loss dta_trans:  0.0097 Loss dta_phys:  0.0083 Loss dta_preserve:  0.0062
Time:  0.0801 Epoch: 002 Iter:  400/ 600 LR: 0.0000666667 Loss content:  0.0176 Loss fft:  0.8334 Loss dta_rank:  0.7283 Loss dta_tv:  0.0348 Loss dta_proxy:  0.4094 Loss dta_trans:  0.0108 Loss dta_phys:  0.0081 Loss dta_preserve:  0.0048
Time:  0.0813 Epoch: 002 Iter:  450/ 600 LR: 0.0000666667 Loss content:  0.0177 Loss fft:  0.8150 Loss dta_rank:  0.7334 Loss dta_tv:  0.0336 Loss dta_proxy:  0.4300 Loss dta_trans:  0.0093 Loss dta_phys:  0.0077 Loss dta_preserve:  0.0055
Time:  0.0838 Epoch: 002 Iter:  500/ 600 LR: 0.0000666667 Loss content:  0.0176 Loss fft:  0.8142 Loss dta_rank:  0.7350 Loss dta_tv:  0.0341 Loss dta_proxy:  0.4465 Loss dta_trans:  0.0087 Loss dta_phys:  0.0075 Loss dta_preserve:  0.0052
Time:  0.0828 Epoch: 002 Iter:  550/ 600 LR: 0.0000666667 Loss content:  0.0177 Loss fft:  0.8210 Loss dta_rank:  0.7402 Loss dta_tv:  0.0343 Loss dta_proxy:  0.4346 Loss dta_trans:  0.0084 Loss dta_phys:  0.0062 Loss dta_preserve:  0.0047
Time:  0.0792 Epoch: 002 Iter:  600/ 600 LR: 0.0000666667 Loss content:  0.0179 Loss fft:  0.8364 Loss dta_rank:  0.7323 Loss dta_tv:  0.0341 Loss dta_proxy:  0.4336 Loss dta_trans:  0.0080 Loss dta_phys:  0.0067 Loss dta_preserve:  0.0057
EPOCH: 02
Elapsed time: 0.99 Epoch Pixel Loss:  0.0175 Epoch FFT Loss:  0.8205 Epoch DTA Rank:  0.7328 Epoch DTA TV:  0.0350 Epoch DTA Proxy:  0.4251 Epoch DTA Trans:  0.0100 Epoch DTA Phys:  0.0073 Epoch DTA Preserve:  0.0054
DTA_GATE_RAMP epoch=3 gate_limit=0.030000
Time:  0.0874 Epoch: 003 Iter:   50/ 600 LR: 0.0001000000 Loss content:  0.0181 Loss fft:  0.8571 Loss dta_rank:  0.7407 Loss dta_tv:  0.0344 Loss dta_proxy:  0.4174 Loss dta_trans:  0.0085 Loss dta_phys:  0.0069 Loss dta_preserve:  0.0053
Time:  0.0826 Epoch: 003 Iter:  100/ 600 LR: 0.0001000000 Loss content:  0.0180 Loss fft:  0.8347 Loss dta_rank:  0.7342 Loss dta_tv:  0.0342 Loss dta_proxy:  0.4203 Loss dta_trans:  0.0077 Loss dta_phys:  0.0070 Loss dta_preserve:  0.0069
Time:  0.0788 Epoch: 003 Iter:  150/ 600 LR: 0.0001000000 Loss content:  0.0187 Loss fft:  0.8304 Loss dta_rank:  0.7379 Loss dta_tv:  0.0319 Loss dta_proxy:  0.4618 Loss dta_trans:  0.0095 Loss dta_phys:  0.0071 Loss dta_preserve:  0.0061
Time:  0.0784 Epoch: 003 Iter:  200/ 600 LR: 0.0001000000 Loss content:  0.0178 Loss fft:  0.8621 Loss dta_rank:  0.7391 Loss dta_tv:  0.0334 Loss dta_proxy:  0.4268 Loss dta_trans:  0.0078 Loss dta_phys:  0.0072 Loss dta_preserve:  0.0064
Time:  0.0843 Epoch: 003 Iter:  250/ 600 LR: 0.0001000000 Loss content:  0.0170 Loss fft:  0.8307 Loss dta_rank:  0.7404 Loss dta_tv:  0.0342 Loss dta_proxy:  0.4290 Loss dta_trans:  0.0073 Loss dta_phys:  0.0071 Loss dta_preserve:  0.0047
Time:  0.0811 Epoch: 003 Iter:  300/ 600 LR: 0.0001000000 Loss content:  0.0174 Loss fft:  0.8045 Loss dta_rank:  0.7393 Loss dta_tv:  0.0333 Loss dta_proxy:  0.4130 Loss dta_trans:  0.0085 Loss dta_phys:  0.0064 Loss dta_preserve:  0.0052
Time:  0.0762 Epoch: 003 Iter:  350/ 600 LR: 0.0001000000 Loss content:  0.0173 Loss fft:  0.8294 Loss dta_rank:  0.7446 Loss dta_tv:  0.0322 Loss dta_proxy:  0.4550 Loss dta_trans:  0.0090 Loss dta_phys:  0.0072 Loss dta_preserve:  0.0049
Time:  0.0813 Epoch: 003 Iter:  400/ 600 LR: 0.0001000000 Loss content:  0.0182 Loss fft:  0.8614 Loss dta_rank:  0.7458 Loss dta_tv:  0.0333 Loss dta_proxy:  0.4302 Loss dta_trans:  0.0084 Loss dta_phys:  0.0074 Loss dta_preserve:  0.0055
Time:  0.0849 Epoch: 003 Iter:  450/ 600 LR: 0.0001000000 Loss content:  0.0176 Loss fft:  0.8203 Loss dta_rank:  0.7363 Loss dta_tv:  0.0327 Loss dta_proxy:  0.4219 Loss dta_trans:  0.0081 Loss dta_phys:  0.0069 Loss dta_preserve:  0.0050
Time:  0.0821 Epoch: 003 Iter:  500/ 600 LR: 0.0001000000 Loss content:  0.0168 Loss fft:  0.7810 Loss dta_rank:  0.7328 Loss dta_tv:  0.0312 Loss dta_proxy:  0.4330 Loss dta_trans:  0.0072 Loss dta_phys:  0.0067 Loss dta_preserve:  0.0053
Time:  0.0819 Epoch: 003 Iter:  550/ 600 LR: 0.0001000000 Loss content:  0.0180 Loss fft:  0.8307 Loss dta_rank:  0.7321 Loss dta_tv:  0.0328 Loss dta_proxy:  0.4400 Loss dta_trans:  0.0074 Loss dta_phys:  0.0071 Loss dta_preserve:  0.0065
Time:  0.0801 Epoch: 003 Iter:  600/ 600 LR: 0.0001000000 Loss content:  0.0179 Loss fft:  0.8355 Loss dta_rank:  0.7388 Loss dta_tv:  0.0323 Loss dta_proxy:  0.4378 Loss dta_trans:  0.0070 Loss dta_phys:  0.0069 Loss dta_preserve:  0.0054
EPOCH: 03
Elapsed time: 0.98 Epoch Pixel Loss:  0.0177 Epoch FFT Loss:  0.8315 Epoch DTA Rank:  0.7385 Epoch DTA TV:  0.0330 Epoch DTA Proxy:  0.4322 Epoch DTA Trans:  0.0080 Epoch DTA Phys:  0.0070 Epoch DTA Preserve:  0.0056
/sda/home/wangyuxin/ConvIR-B/envs/convir-cu121/lib/python3.10/site-packages/torch/optim/lr_scheduler.py:1087: UserWarning: To get the last learning rate computed by the scheduler, please use `get_last_lr()`.
  _warn_get_lr_called_within_step(self)
DTA_GATE_RAMP epoch=4 gate_limit=0.030000
Time:  0.0860 Epoch: 004 Iter:   50/ 600 LR: 0.0001000000 Loss content:  0.0176 Loss fft:  0.8099 Loss dta_rank:  0.7377 Loss dta_tv:  0.0315 Loss dta_proxy:  0.4341 Loss dta_trans:  0.0089 Loss dta_phys:  0.0076 Loss dta_preserve:  0.0057
Time:  0.0824 Epoch: 004 Iter:  100/ 600 LR: 0.0001000000 Loss content:  0.0169 Loss fft:  0.8252 Loss dta_rank:  0.7428 Loss dta_tv:  0.0316 Loss dta_proxy:  0.4377 Loss dta_trans:  0.0069 Loss dta_phys:  0.0062 Loss dta_preserve:  0.0048
Time:  0.0858 Epoch: 004 Iter:  150/ 600 LR: 0.0001000000 Loss content:  0.0173 Loss fft:  0.8085 Loss dta_rank:  0.7360 Loss dta_tv:  0.0304 Loss dta_proxy:  0.4378 Loss dta_trans:  0.0075 Loss dta_phys:  0.0080 Loss dta_preserve:  0.0052
Time:  0.0800 Epoch: 004 Iter:  200/ 600 LR: 0.0001000000 Loss content:  0.0192 Loss fft:  0.8451 Loss dta_rank:  0.7375 Loss dta_tv:  0.0307 Loss dta_proxy:  0.4250 Loss dta_trans:  0.0071 Loss dta_phys:  0.0064 Loss dta_preserve:  0.0051
Time:  0.0823 Epoch: 004 Iter:  250/ 600 LR: 0.0001000000 Loss content:  0.0182 Loss fft:  0.8322 Loss dta_rank:  0.7403 Loss dta_tv:  0.0316 Loss dta_proxy:  0.4440 Loss dta_trans:  0.0067 Loss dta_phys:  0.0068 Loss dta_preserve:  0.0055
Time:  0.0848 Epoch: 004 Iter:  300/ 600 LR: 0.0001000000 Loss content:  0.0176 Loss fft:  0.8207 Loss dta_rank:  0.7404 Loss dta_tv:  0.0312 Loss dta_proxy:  0.4317 Loss dta_trans:  0.0069 Loss dta_phys:  0.0064 Loss dta_preserve:  0.0049
Time:  0.0841 Epoch: 004 Iter:  350/ 600 LR: 0.0001000000 Loss content:  0.0179 Loss fft:  0.8235 Loss dta_rank:  0.7363 Loss dta_tv:  0.0316 Loss dta_proxy:  0.4216 Loss dta_trans:  0.0071 Loss dta_phys:  0.0070 Loss dta_preserve:  0.0056
Time:  0.0840 Epoch: 004 Iter:  400/ 600 LR: 0.0001000000 Loss content:  0.0179 Loss fft:  0.8363 Loss dta_rank:  0.7388 Loss dta_tv:  0.0312 Loss dta_proxy:  0.4283 Loss dta_trans:  0.0073 Loss dta_phys:  0.0060 Loss dta_preserve:  0.0048
Time:  0.0843 Epoch: 004 Iter:  450/ 600 LR: 0.0001000000 Loss content:  0.0171 Loss fft:  0.8223 Loss dta_rank:  0.7452 Loss dta_tv:  0.0308 Loss dta_proxy:  0.4443 Loss dta_trans:  0.0069 Loss dta_phys:  0.0069 Loss dta_preserve:  0.0054
Time:  0.0850 Epoch: 004 Iter:  500/ 600 LR: 0.0001000000 Loss content:  0.0178 Loss fft:  0.8265 Loss dta_rank:  0.7463 Loss dta_tv:  0.0311 Loss dta_proxy:  0.4468 Loss dta_trans:  0.0072 Loss dta_phys:  0.0074 Loss dta_preserve:  0.0054
Time:  0.0817 Epoch: 004 Iter:  550/ 600 LR: 0.0001000000 Loss content:  0.0184 Loss fft:  0.8323 Loss dta_rank:  0.7371 Loss dta_tv:  0.0315 Loss dta_proxy:  0.4310 Loss dta_trans:  0.0062 Loss dta_phys:  0.0068 Loss dta_preserve:  0.0058
Time:  0.0808 Epoch: 004 Iter:  600/ 600 LR: 0.0001000000 Loss content:  0.0182 Loss fft:  0.8415 Loss dta_rank:  0.7485 Loss dta_tv:  0.0313 Loss dta_proxy:  0.4244 Loss dta_trans:  0.0067 Loss dta_phys:  0.0063 Loss dta_preserve:  0.0047
EPOCH: 04
Elapsed time: 1.01 Epoch Pixel Loss:  0.0178 Epoch FFT Loss:  0.8270 Epoch DTA Rank:  0.7406 Epoch DTA TV:  0.0312 Epoch DTA Proxy:  0.4339 Epoch DTA Trans:  0.0071 Epoch DTA Phys:  0.0068 Epoch DTA Preserve:  0.0052
DTA_GATE_RAMP epoch=5 gate_limit=0.030000
Time:  0.0866 Epoch: 005 Iter:   50/ 600 LR: 0.0000983215 Loss content:  0.0181 Loss fft:  0.8470 Loss dta_rank:  0.7401 Loss dta_tv:  0.0304 Loss dta_proxy:  0.4442 Loss dta_trans:  0.0071 Loss dta_phys:  0.0067 Loss dta_preserve:  0.0047
Time:  0.0816 Epoch: 005 Iter:  100/ 600 LR: 0.0000983215 Loss content:  0.0173 Loss fft:  0.8308 Loss dta_rank:  0.7463 Loss dta_tv:  0.0318 Loss dta_proxy:  0.4077 Loss dta_trans:  0.0066 Loss dta_phys:  0.0067 Loss dta_preserve:  0.0054
Time:  0.0842 Epoch: 005 Iter:  150/ 600 LR: 0.0000983215 Loss content:  0.0174 Loss fft:  0.8163 Loss dta_rank:  0.7413 Loss dta_tv:  0.0303 Loss dta_proxy:  0.4292 Loss dta_trans:  0.0064 Loss dta_phys:  0.0061 Loss dta_preserve:  0.0058
Time:  0.0852 Epoch: 005 Iter:  200/ 600 LR: 0.0000983215 Loss content:  0.0181 Loss fft:  0.8103 Loss dta_rank:  0.7385 Loss dta_tv:  0.0307 Loss dta_proxy:  0.4184 Loss dta_trans:  0.0074 Loss dta_phys:  0.0058 Loss dta_preserve:  0.0059
Time:  0.0847 Epoch: 005 Iter:  250/ 600 LR: 0.0000983215 Loss content:  0.0181 Loss fft:  0.8382 Loss dta_rank:  0.7417 Loss dta_tv:  0.0302 Loss dta_proxy:  0.4432 Loss dta_trans:  0.0065 Loss dta_phys:  0.0071 Loss dta_preserve:  0.0050
Time:  0.0811 Epoch: 005 Iter:  300/ 600 LR: 0.0000983215 Loss content:  0.0182 Loss fft:  0.8330 Loss dta_rank:  0.7415 Loss dta_tv:  0.0302 Loss dta_proxy:  0.4117 Loss dta_trans:  0.0069 Loss dta_phys:  0.0067 Loss dta_preserve:  0.0046
Time:  0.0807 Epoch: 005 Iter:  350/ 600 LR: 0.0000983215 Loss content:  0.0181 Loss fft:  0.8167 Loss dta_rank:  0.7450 Loss dta_tv:  0.0302 Loss dta_proxy:  0.4247 Loss dta_trans:  0.0070 Loss dta_phys:  0.0062 Loss dta_preserve:  0.0053
Time:  0.0818 Epoch: 005 Iter:  400/ 600 LR: 0.0000983215 Loss content:  0.0181 Loss fft:  0.8241 Loss dta_rank:  0.7386 Loss dta_tv:  0.0285 Loss dta_proxy:  0.4455 Loss dta_trans:  0.0072 Loss dta_phys:  0.0083 Loss dta_preserve:  0.0051
Time:  0.0806 Epoch: 005 Iter:  450/ 600 LR: 0.0000983215 Loss content:  0.0181 Loss fft:  0.8468 Loss dta_rank:  0.7450 Loss dta_tv:  0.0295 Loss dta_proxy:  0.4337 Loss dta_trans:  0.0065 Loss dta_phys:  0.0060 Loss dta_preserve:  0.0044
Time:  0.0838 Epoch: 005 Iter:  500/ 600 LR: 0.0000983215 Loss content:  0.0176 Loss fft:  0.8188 Loss dta_rank:  0.7370 Loss dta_tv:  0.0275 Loss dta_proxy:  0.4595 Loss dta_trans:  0.0059 Loss dta_phys:  0.0066 Loss dta_preserve:  0.0049
Time:  0.0818 Epoch: 005 Iter:  550/ 600 LR: 0.0000983215 Loss content:  0.0174 Loss fft:  0.8089 Loss dta_rank:  0.7319 Loss dta_tv:  0.0292 Loss dta_proxy:  0.4411 Loss dta_trans:  0.0072 Loss dta_phys:  0.0081 Loss dta_preserve:  0.0045
Time:  0.0832 Epoch: 005 Iter:  600/ 600 LR: 0.0000983215 Loss content:  0.0173 Loss fft:  0.8038 Loss dta_rank:  0.7343 Loss dta_tv:  0.0294 Loss dta_proxy:  0.4421 Loss dta_trans:  0.0064 Loss dta_phys:  0.0073 Loss dta_preserve:  0.0044
EPOCH: 05
Elapsed time: 1.00 Epoch Pixel Loss:  0.0178 Epoch FFT Loss:  0.8246 Epoch DTA Rank:  0.7401 Epoch DTA TV:  0.0298 Epoch DTA Proxy:  0.4334 Epoch DTA Trans:  0.0068 Epoch DTA Phys:  0.0068 Epoch DTA Preserve:  0.0050
DTA_GATE_RAMP epoch=6 gate_limit=0.030000
Time:  0.0836 Epoch: 006 Iter:   50/ 600 LR: 0.0000942212 Loss content:  0.0176 Loss fft:  0.8166 Loss dta_rank:  0.7346 Loss dta_tv:  0.0298 Loss dta_proxy:  0.4280 Loss dta_trans:  0.0069 Loss dta_phys:  0.0077 Loss dta_preserve:  0.0046
Time:  0.0803 Epoch: 006 Iter:  100/ 600 LR: 0.0000942212 Loss content:  0.0174 Loss fft:  0.8023 Loss dta_rank:  0.7372 Loss dta_tv:  0.0290 Loss dta_proxy:  0.4585 Loss dta_trans:  0.0069 Loss dta_phys:  0.0074 Loss dta_preserve:  0.0055
Time:  0.0837 Epoch: 006 Iter:  150/ 600 LR: 0.0000942212 Loss content:  0.0176 Loss fft:  0.8183 Loss dta_rank:  0.7421 Loss dta_tv:  0.0292 Loss dta_proxy:  0.4377 Loss dta_trans:  0.0075 Loss dta_phys:  0.0065 Loss dta_preserve:  0.0043
Time:  0.0811 Epoch: 006 Iter:  200/ 600 LR: 0.0000942212 Loss content:  0.0176 Loss fft:  0.8401 Loss dta_rank:  0.7473 Loss dta_tv:  0.0284 Loss dta_proxy:  0.4605 Loss dta_trans:  0.0061 Loss dta_phys:  0.0073 Loss dta_preserve:  0.0046
Time:  0.0842 Epoch: 006 Iter:  250/ 600 LR: 0.0000942212 Loss content:  0.0174 Loss fft:  0.8374 Loss dta_rank:  0.7332 Loss dta_tv:  0.0299 Loss dta_proxy:  0.4091 Loss dta_trans:  0.0066 Loss dta_phys:  0.0056 Loss dta_preserve:  0.0047
Time:  0.0812 Epoch: 006 Iter:  300/ 600 LR: 0.0000942212 Loss content:  0.0184 Loss fft:  0.8020 Loss dta_rank:  0.7408 Loss dta_tv:  0.0289 Loss dta_proxy:  0.4324 Loss dta_trans:  0.0070 Loss dta_phys:  0.0073 Loss dta_preserve:  0.0079
Time:  0.0806 Epoch: 006 Iter:  350/ 600 LR: 0.0000942212 Loss content:  0.0170 Loss fft:  0.7989 Loss dta_rank:  0.7456 Loss dta_tv:  0.0291 Loss dta_proxy:  0.4322 Loss dta_trans:  0.0069 Loss dta_phys:  0.0067 Loss dta_preserve:  0.0048
Time:  0.0825 Epoch: 006 Iter:  400/ 600 LR: 0.0000942212 Loss content:  0.0180 Loss fft:  0.8439 Loss dta_rank:  0.7411 Loss dta_tv:  0.0282 Loss dta_proxy:  0.4423 Loss dta_trans:  0.0068 Loss dta_phys:  0.0070 Loss dta_preserve:  0.0043
Time:  0.0803 Epoch: 006 Iter:  450/ 600 LR: 0.0000942212 Loss content:  0.0178 Loss fft:  0.8436 Loss dta_rank:  0.7433 Loss dta_tv:  0.0291 Loss dta_proxy:  0.4243 Loss dta_trans:  0.0050 Loss dta_phys:  0.0063 Loss dta_preserve:  0.0049
Time:  0.0780 Epoch: 006 Iter:  500/ 600 LR: 0.0000942212 Loss content:  0.0182 Loss fft:  0.8328 Loss dta_rank:  0.7442 Loss dta_tv:  0.0289 Loss dta_proxy:  0.4446 Loss dta_trans:  0.0063 Loss dta_phys:  0.0063 Loss dta_preserve:  0.0053
Time:  0.0802 Epoch: 006 Iter:  550/ 600 LR: 0.0000942212 Loss content:  0.0178 Loss fft:  0.8495 Loss dta_rank:  0.7318 Loss dta_tv:  0.0293 Loss dta_proxy:  0.4239 Loss dta_trans:  0.0058 Loss dta_phys:  0.0065 Loss dta_preserve:  0.0055
Time:  0.0793 Epoch: 006 Iter:  600/ 600 LR: 0.0000942212 Loss content:  0.0172 Loss fft:  0.8461 Loss dta_rank:  0.7412 Loss dta_tv:  0.0287 Loss dta_proxy:  0.4430 Loss dta_trans:  0.0063 Loss dta_phys:  0.0071 Loss dta_preserve:  0.0062
EPOCH: 06
Elapsed time: 0.98 Epoch Pixel Loss:  0.0177 Epoch FFT Loss:  0.8276 Epoch DTA Rank:  0.7402 Epoch DTA TV:  0.0291 Epoch DTA Proxy:  0.4364 Epoch DTA Trans:  0.0065 Epoch DTA Phys:  0.0068 Epoch DTA Preserve:  0.0052
DTA_GATE_RAMP epoch=7 gate_limit=0.030000
Time:  0.0871 Epoch: 007 Iter:   50/ 600 LR: 0.0000886874 Loss content:  0.0177 Loss fft:  0.8161 Loss dta_rank:  0.7389 Loss dta_tv:  0.0278 Loss dta_proxy:  0.4407 Loss dta_trans:  0.0063 Loss dta_phys:  0.0064 Loss dta_preserve:  0.0045
Time:  0.0862 Epoch: 007 Iter:  100/ 600 LR: 0.0000886874 Loss content:  0.0181 Loss fft:  0.8375 Loss dta_rank:  0.7350 Loss dta_tv:  0.0283 Loss dta_proxy:  0.4323 Loss dta_trans:  0.0065 Loss dta_phys:  0.0070 Loss dta_preserve:  0.0047
Time:  0.0833 Epoch: 007 Iter:  150/ 600 LR: 0.0000886874 Loss content:  0.0188 Loss fft:  0.8385 Loss dta_rank:  0.7367 Loss dta_tv:  0.0283 Loss dta_proxy:  0.4441 Loss dta_trans:  0.0068 Loss dta_phys:  0.0066 Loss dta_preserve:  0.0065
Time:  0.0827 Epoch: 007 Iter:  200/ 600 LR: 0.0000886874 Loss content:  0.0168 Loss fft:  0.8155 Loss dta_rank:  0.7357 Loss dta_tv:  0.0283 Loss dta_proxy:  0.4372 Loss dta_trans:  0.0059 Loss dta_phys:  0.0069 Loss dta_preserve:  0.0052
Time:  0.0829 Epoch: 007 Iter:  250/ 600 LR: 0.0000886874 Loss content:  0.0179 Loss fft:  0.8324 Loss dta_rank:  0.7425 Loss dta_tv:  0.0283 Loss dta_proxy:  0.4292 Loss dta_trans:  0.0057 Loss dta_phys:  0.0071 Loss dta_preserve:  0.0063
Time:  0.0836 Epoch: 007 Iter:  300/ 600 LR: 0.0000886874 Loss content:  0.0176 Loss fft:  0.8269 Loss dta_rank:  0.7414 Loss dta_tv:  0.0287 Loss dta_proxy:  0.4085 Loss dta_trans:  0.0074 Loss dta_phys:  0.0073 Loss dta_preserve:  0.0049
Time:  0.0821 Epoch: 007 Iter:  350/ 600 LR: 0.0000886874 Loss content:  0.0175 Loss fft:  0.8017 Loss dta_rank:  0.7451 Loss dta_tv:  0.0284 Loss dta_proxy:  0.4153 Loss dta_trans:  0.0057 Loss dta_phys:  0.0062 Loss dta_preserve:  0.0049
Time:  0.0791 Epoch: 007 Iter:  400/ 600 LR: 0.0000886874 Loss content:  0.0176 Loss fft:  0.8234 Loss dta_rank:  0.7426 Loss dta_tv:  0.0288 Loss dta_proxy:  0.4224 Loss dta_trans:  0.0066 Loss dta_phys:  0.0066 Loss dta_preserve:  0.0042
Time:  0.0854 Epoch: 007 Iter:  450/ 600 LR: 0.0000886874 Loss content:  0.0176 Loss fft:  0.8223 Loss dta_rank:  0.7422 Loss dta_tv:  0.0286 Loss dta_proxy:  0.4382 Loss dta_trans:  0.0068 Loss dta_phys:  0.0072 Loss dta_preserve:  0.0063
Time:  0.0875 Epoch: 007 Iter:  500/ 600 LR: 0.0000886874 Loss content:  0.0182 Loss fft:  0.8231 Loss dta_rank:  0.7414 Loss dta_tv:  0.0277 Loss dta_proxy:  0.4471 Loss dta_trans:  0.0056 Loss dta_phys:  0.0067 Loss dta_preserve:  0.0043
Time:  0.0831 Epoch: 007 Iter:  550/ 600 LR: 0.0000886874 Loss content:  0.0176 Loss fft:  0.8294 Loss dta_rank:  0.7460 Loss dta_tv:  0.0281 Loss dta_proxy:  0.4448 Loss dta_trans:  0.0071 Loss dta_phys:  0.0064 Loss dta_preserve:  0.0048
Time:  0.0846 Epoch: 007 Iter:  600/ 600 LR: 0.0000886874 Loss content:  0.0183 Loss fft:  0.8258 Loss dta_rank:  0.7416 Loss dta_tv:  0.0276 Loss dta_proxy:  0.4445 Loss dta_trans:  0.0054 Loss dta_phys:  0.0066 Loss dta_preserve:  0.0058
EPOCH: 07
Elapsed time: 1.01 Epoch Pixel Loss:  0.0178 Epoch FFT Loss:  0.8244 Epoch DTA Rank:  0.7408 Epoch DTA TV:  0.0282 Epoch DTA Proxy:  0.4337 Epoch DTA Trans:  0.0063 Epoch DTA Phys:  0.0067 Epoch DTA Preserve:  0.0052
DTA_GATE_RAMP epoch=8 gate_limit=0.030000
Time:  0.0859 Epoch: 008 Iter:   50/ 600 LR: 0.0000819070 Loss content:  0.0177 Loss fft:  0.8421 Loss dta_rank:  0.7367 Loss dta_tv:  0.0269 Loss dta_proxy:  0.4544 Loss dta_trans:  0.0057 Loss dta_phys:  0.0076 Loss dta_preserve:  0.0061
Time:  0.0796 Epoch: 008 Iter:  100/ 600 LR: 0.0000819070 Loss content:  0.0182 Loss fft:  0.8128 Loss dta_rank:  0.7379 Loss dta_tv:  0.0281 Loss dta_proxy:  0.4158 Loss dta_trans:  0.0063 Loss dta_phys:  0.0063 Loss dta_preserve:  0.0049
Time:  0.0831 Epoch: 008 Iter:  150/ 600 LR: 0.0000819070 Loss content:  0.0179 Loss fft:  0.8371 Loss dta_rank:  0.7375 Loss dta_tv:  0.0277 Loss dta_proxy:  0.4235 Loss dta_trans:  0.0063 Loss dta_phys:  0.0065 Loss dta_preserve:  0.0053
Time:  0.0839 Epoch: 008 Iter:  200/ 600 LR: 0.0000819070 Loss content:  0.0180 Loss fft:  0.8207 Loss dta_rank:  0.7443 Loss dta_tv:  0.0278 Loss dta_proxy:  0.4353 Loss dta_trans:  0.0062 Loss dta_phys:  0.0074 Loss dta_preserve:  0.0051
Time:  0.0813 Epoch: 008 Iter:  250/ 600 LR: 0.0000819070 Loss content:  0.0184 Loss fft:  0.8580 Loss dta_rank:  0.7396 Loss dta_tv:  0.0281 Loss dta_proxy:  0.4160 Loss dta_trans:  0.0068 Loss dta_phys:  0.0068 Loss dta_preserve:  0.0045
Time:  0.0823 Epoch: 008 Iter:  300/ 600 LR: 0.0000819070 Loss content:  0.0177 Loss fft:  0.8176 Loss dta_rank:  0.7393 Loss dta_tv:  0.0275 Loss dta_proxy:  0.4478 Loss dta_trans:  0.0074 Loss dta_phys:  0.0067 Loss dta_preserve:  0.0052
Time:  0.0810 Epoch: 008 Iter:  350/ 600 LR: 0.0000819070 Loss content:  0.0174 Loss fft:  0.8119 Loss dta_rank:  0.7436 Loss dta_tv:  0.0271 Loss dta_proxy:  0.4482 Loss dta_trans:  0.0062 Loss dta_phys:  0.0068 Loss dta_preserve:  0.0041
Time:  0.0847 Epoch: 008 Iter:  400/ 600 LR: 0.0000819070 Loss content:  0.0180 Loss fft:  0.8624 Loss dta_rank:  0.7468 Loss dta_tv:  0.0270 Loss dta_proxy:  0.4405 Loss dta_trans:  0.0056 Loss dta_phys:  0.0062 Loss dta_preserve:  0.0052
Time:  0.0844 Epoch: 008 Iter:  450/ 600 LR: 0.0000819070 Loss content:  0.0181 Loss fft:  0.8260 Loss dta_rank:  0.7403 Loss dta_tv:  0.0272 Loss dta_proxy:  0.4267 Loss dta_trans:  0.0061 Loss dta_phys:  0.0065 Loss dta_preserve:  0.0068
Time:  0.0876 Epoch: 008 Iter:  500/ 600 LR: 0.0000819070 Loss content:  0.0175 Loss fft:  0.8130 Loss dta_rank:  0.7311 Loss dta_tv:  0.0275 Loss dta_proxy:  0.4265 Loss dta_trans:  0.0066 Loss dta_phys:  0.0065 Loss dta_preserve:  0.0043
Time:  0.0837 Epoch: 008 Iter:  550/ 600 LR: 0.0000819070 Loss content:  0.0178 Loss fft:  0.8453 Loss dta_rank:  0.7412 Loss dta_tv:  0.0281 Loss dta_proxy:  0.4424 Loss dta_trans:  0.0057 Loss dta_phys:  0.0063 Loss dta_preserve:  0.0041
Time:  0.0821 Epoch: 008 Iter:  600/ 600 LR: 0.0000819070 Loss content:  0.0178 Loss fft:  0.8005 Loss dta_rank:  0.7368 Loss dta_tv:  0.0278 Loss dta_proxy:  0.4428 Loss dta_trans:  0.0057 Loss dta_phys:  0.0072 Loss dta_preserve:  0.0055
EPOCH: 08
Elapsed time: 1.00 Epoch Pixel Loss:  0.0179 Epoch FFT Loss:  0.8289 Epoch DTA Rank:  0.7396 Epoch DTA TV:  0.0276 Epoch DTA Proxy:  0.4350 Epoch DTA Trans:  0.0062 Epoch DTA Phys:  0.0067 Epoch DTA Preserve:  0.0051
DTA_GATE_RAMP epoch=9 gate_limit=0.060000
Time:  0.0853 Epoch: 009 Iter:   50/ 600 LR: 0.0000741093 Loss content:  0.0178 Loss fft:  0.8264 Loss dta_rank:  0.7477 Loss dta_tv:  0.0271 Loss dta_proxy:  0.4403 Loss dta_trans:  0.0055 Loss dta_phys:  0.0071 Loss dta_preserve:  0.0049
Time:  0.0806 Epoch: 009 Iter:  100/ 600 LR: 0.0000741093 Loss content:  0.0179 Loss fft:  0.8104 Loss dta_rank:  0.7426 Loss dta_tv:  0.0276 Loss dta_proxy:  0.4326 Loss dta_trans:  0.0057 Loss dta_phys:  0.0064 Loss dta_preserve:  0.0060
Time:  0.0810 Epoch: 009 Iter:  150/ 600 LR: 0.0000741093 Loss content:  0.0177 Loss fft:  0.7910 Loss dta_rank:  0.7409 Loss dta_tv:  0.0265 Loss dta_proxy:  0.4571 Loss dta_trans:  0.0065 Loss dta_phys:  0.0074 Loss dta_preserve:  0.0071
Time:  0.0849 Epoch: 009 Iter:  200/ 600 LR: 0.0000741093 Loss content:  0.0173 Loss fft:  0.8401 Loss dta_rank:  0.7340 Loss dta_tv:  0.0268 Loss dta_proxy:  0.4141 Loss dta_trans:  0.0065 Loss dta_phys:  0.0061 Loss dta_preserve:  0.0039
Time:  0.0830 Epoch: 009 Iter:  250/ 600 LR: 0.0000741093 Loss content:  0.0172 Loss fft:  0.8321 Loss dta_rank:  0.7355 Loss dta_tv:  0.0272 Loss dta_proxy:  0.4283 Loss dta_trans:  0.0054 Loss dta_phys:  0.0068 Loss dta_preserve:  0.0044
Time:  0.0836 Epoch: 009 Iter:  300/ 600 LR: 0.0000741093 Loss content:  0.0185 Loss fft:  0.8597 Loss dta_rank:  0.7383 Loss dta_tv:  0.0272 Loss dta_proxy:  0.4366 Loss dta_trans:  0.0057 Loss dta_phys:  0.0064 Loss dta_preserve:  0.0059
Time:  0.0737 Epoch: 009 Iter:  350/ 600 LR: 0.0000741093 Loss content:  0.0177 Loss fft:  0.8160 Loss dta_rank:  0.7410 Loss dta_tv:  0.0264 Loss dta_proxy:  0.4410 Loss dta_trans:  0.0060 Loss dta_phys:  0.0062 Loss dta_preserve:  0.0048
Time:  0.0695 Epoch: 009 Iter:  400/ 600 LR: 0.0000741093 Loss content:  0.0174 Loss fft:  0.8027 Loss dta_rank:  0.7343 Loss dta_tv:  0.0275 Loss dta_proxy:  0.4124 Loss dta_trans:  0.0077 Loss dta_phys:  0.0067 Loss dta_preserve:  0.0061
Time:  0.0684 Epoch: 009 Iter:  450/ 600 LR: 0.0000741093 Loss content:  0.0167 Loss fft:  0.8028 Loss dta_rank:  0.7459 Loss dta_tv:  0.0275 Loss dta_proxy:  0.4517 Loss dta_trans:  0.0063 Loss dta_phys:  0.0071 Loss dta_preserve:  0.0056
Time:  0.0697 Epoch: 009 Iter:  500/ 600 LR: 0.0000741093 Loss content:  0.0175 Loss fft:  0.8459 Loss dta_rank:  0.7435 Loss dta_tv:  0.0272 Loss dta_proxy:  0.4387 Loss dta_trans:  0.0055 Loss dta_phys:  0.0064 Loss dta_preserve:  0.0046
Time:  0.0696 Epoch: 009 Iter:  550/ 600 LR: 0.0000741093 Loss content:  0.0172 Loss fft:  0.8162 Loss dta_rank:  0.7357 Loss dta_tv:  0.0274 Loss dta_proxy:  0.4379 Loss dta_trans:  0.0068 Loss dta_phys:  0.0066 Loss dta_preserve:  0.0056
Time:  0.0808 Epoch: 009 Iter:  600/ 600 LR: 0.0000741093 Loss content:  0.0176 Loss fft:  0.8282 Loss dta_rank:  0.7394 Loss dta_tv:  0.0277 Loss dta_proxy:  0.4292 Loss dta_trans:  0.0057 Loss dta_phys:  0.0072 Loss dta_preserve:  0.0055
EPOCH: 09
Elapsed time: 0.93 Epoch Pixel Loss:  0.0176 Epoch FFT Loss:  0.8226 Epoch DTA Rank:  0.7399 Epoch DTA TV:  0.0272 Epoch DTA Proxy:  0.4350 Epoch DTA Trans:  0.0061 Epoch DTA Phys:  0.0067 Epoch DTA Preserve:  0.0054
DTA_GATE_RAMP epoch=10 gate_limit=0.060000
Time:  0.0847 Epoch: 010 Iter:   50/ 600 LR: 0.0000655580 Loss content:  0.0171 Loss fft:  0.8144 Loss dta_rank:  0.7428 Loss dta_tv:  0.0276 Loss dta_proxy:  0.4397 Loss dta_trans:  0.0058 Loss dta_phys:  0.0067 Loss dta_preserve:  0.0045
Time:  0.0826 Epoch: 010 Iter:  100/ 600 LR: 0.0000655580 Loss content:  0.0168 Loss fft:  0.7790 Loss dta_rank:  0.7381 Loss dta_tv:  0.0274 Loss dta_proxy:  0.4225 Loss dta_trans:  0.0061 Loss dta_phys:  0.0071 Loss dta_preserve:  0.0058
Time:  0.0830 Epoch: 010 Iter:  150/ 600 LR: 0.0000655580 Loss content:  0.0177 Loss fft:  0.8452 Loss dta_rank:  0.7430 Loss dta_tv:  0.0266 Loss dta_proxy:  0.4625 Loss dta_trans:  0.0056 Loss dta_phys:  0.0072 Loss dta_preserve:  0.0057
Time:  0.0816 Epoch: 010 Iter:  200/ 600 LR: 0.0000655580 Loss content:  0.0180 Loss fft:  0.8368 Loss dta_rank:  0.7368 Loss dta_tv:  0.0267 Loss dta_proxy:  0.4221 Loss dta_trans:  0.0062 Loss dta_phys:  0.0062 Loss dta_preserve:  0.0054
Time:  0.0827 Epoch: 010 Iter:  250/ 600 LR: 0.0000655580 Loss content:  0.0176 Loss fft:  0.8048 Loss dta_rank:  0.7399 Loss dta_tv:  0.0265 Loss dta_proxy:  0.4539 Loss dta_trans:  0.0063 Loss dta_phys:  0.0067 Loss dta_preserve:  0.0062
Time:  0.0840 Epoch: 010 Iter:  300/ 600 LR: 0.0000655580 Loss content:  0.0172 Loss fft:  0.8275 Loss dta_rank:  0.7475 Loss dta_tv:  0.0284 Loss dta_proxy:  0.4145 Loss dta_trans:  0.0064 Loss dta_phys:  0.0068 Loss dta_preserve:  0.0054
Time:  0.0833 Epoch: 010 Iter:  350/ 600 LR: 0.0000655580 Loss content:  0.0169 Loss fft:  0.8070 Loss dta_rank:  0.7444 Loss dta_tv:  0.0271 Loss dta_proxy:  0.4395 Loss dta_trans:  0.0063 Loss dta_phys:  0.0065 Loss dta_preserve:  0.0042
Time:  0.0845 Epoch: 010 Iter:  400/ 600 LR: 0.0000655580 Loss content:  0.0179 Loss fft:  0.8367 Loss dta_rank:  0.7411 Loss dta_tv:  0.0263 Loss dta_proxy:  0.4359 Loss dta_trans:  0.0060 Loss dta_phys:  0.0065 Loss dta_preserve:  0.0058
Time:  0.0778 Epoch: 010 Iter:  450/ 600 LR: 0.0000655580 Loss content:  0.0176 Loss fft:  0.8372 Loss dta_rank:  0.7344 Loss dta_tv:  0.0275 Loss dta_proxy:  0.4120 Loss dta_trans:  0.0053 Loss dta_phys:  0.0065 Loss dta_preserve:  0.0047
Time:  0.0812 Epoch: 010 Iter:  500/ 600 LR: 0.0000655580 Loss content:  0.0188 Loss fft:  0.8499 Loss dta_rank:  0.7458 Loss dta_tv:  0.0264 Loss dta_proxy:  0.4617 Loss dta_trans:  0.0053 Loss dta_phys:  0.0066 Loss dta_preserve:  0.0055
Time:  0.0750 Epoch: 010 Iter:  550/ 600 LR: 0.0000655580 Loss content:  0.0174 Loss fft:  0.8394 Loss dta_rank:  0.7381 Loss dta_tv:  0.0268 Loss dta_proxy:  0.4549 Loss dta_trans:  0.0059 Loss dta_phys:  0.0074 Loss dta_preserve:  0.0051
Time:  0.0788 Epoch: 010 Iter:  600/ 600 LR: 0.0000655580 Loss content:  0.0180 Loss fft:  0.8042 Loss dta_rank:  0.7307 Loss dta_tv:  0.0267 Loss dta_proxy:  0.4291 Loss dta_trans:  0.0067 Loss dta_phys:  0.0069 Loss dta_preserve:  0.0047
EPOCH: 10
Elapsed time: 0.98 Epoch Pixel Loss:  0.0176 Epoch FFT Loss:  0.8235 Epoch DTA Rank:  0.7402 Epoch DTA TV:  0.0270 Epoch DTA Proxy:  0.4374 Epoch DTA Trans:  0.0060 Epoch DTA Phys:  0.0068 Epoch DTA Preserve:  0.0052
DTA_GATE_RAMP epoch=11 gate_limit=0.060000
Time:  0.0840 Epoch: 011 Iter:   50/ 600 LR: 0.0000565424 Loss content:  0.0170 Loss fft:  0.8004 Loss dta_rank:  0.7453 Loss dta_tv:  0.0263 Loss dta_proxy:  0.4489 Loss dta_trans:  0.0063 Loss dta_phys:  0.0068 Loss dta_preserve:  0.0044
Time:  0.0802 Epoch: 011 Iter:  100/ 600 LR: 0.0000565424 Loss content:  0.0172 Loss fft:  0.8310 Loss dta_rank:  0.7391 Loss dta_tv:  0.0266 Loss dta_proxy:  0.4352 Loss dta_trans:  0.0056 Loss dta_phys:  0.0063 Loss dta_preserve:  0.0047
Time:  0.0716 Epoch: 011 Iter:  150/ 600 LR: 0.0000565424 Loss content:  0.0183 Loss fft:  0.8309 Loss dta_rank:  0.7423 Loss dta_tv:  0.0266 Loss dta_proxy:  0.4598 Loss dta_trans:  0.0064 Loss dta_phys:  0.0067 Loss dta_preserve:  0.0054
Time:  0.0819 Epoch: 011 Iter:  200/ 600 LR: 0.0000565424 Loss content:  0.0168 Loss fft:  0.7896 Loss dta_rank:  0.7423 Loss dta_tv:  0.0271 Loss dta_proxy:  0.4248 Loss dta_trans:  0.0067 Loss dta_phys:  0.0072 Loss dta_preserve:  0.0047
Time:  0.0792 Epoch: 011 Iter:  250/ 600 LR: 0.0000565424 Loss content:  0.0179 Loss fft:  0.8350 Loss dta_rank:  0.7396 Loss dta_tv:  0.0271 Loss dta_proxy:  0.4279 Loss dta_trans:  0.0063 Loss dta_phys:  0.0067 Loss dta_preserve:  0.0057
Time:  0.0831 Epoch: 011 Iter:  300/ 600 LR: 0.0000565424 Loss content:  0.0177 Loss fft:  0.8181 Loss dta_rank:  0.7407 Loss dta_tv:  0.0267 Loss dta_proxy:  0.4266 Loss dta_trans:  0.0064 Loss dta_phys:  0.0066 Loss dta_preserve:  0.0050
Time:  0.0823 Epoch: 011 Iter:  350/ 600 LR: 0.0000565424 Loss content:  0.0174 Loss fft:  0.8291 Loss dta_rank:  0.7449 Loss dta_tv:  0.0264 Loss dta_proxy:  0.4425 Loss dta_trans:  0.0062 Loss dta_phys:  0.0059 Loss dta_preserve:  0.0056
Time:  0.0747 Epoch: 011 Iter:  400/ 600 LR: 0.0000565424 Loss content:  0.0182 Loss fft:  0.7995 Loss dta_rank:  0.7382 Loss dta_tv:  0.0264 Loss dta_proxy:  0.4373 Loss dta_trans:  0.0058 Loss dta_phys:  0.0068 Loss dta_preserve:  0.0058
Time:  0.0733 Epoch: 011 Iter:  450/ 600 LR: 0.0000565424 Loss content:  0.0173 Loss fft:  0.8153 Loss dta_rank:  0.7433 Loss dta_tv:  0.0263 Loss dta_proxy:  0.4351 Loss dta_trans:  0.0058 Loss dta_phys:  0.0065 Loss dta_preserve:  0.0049
Time:  0.0782 Epoch: 011 Iter:  500/ 600 LR: 0.0000565424 Loss content:  0.0174 Loss fft:  0.8187 Loss dta_rank:  0.7405 Loss dta_tv:  0.0266 Loss dta_proxy:  0.4325 Loss dta_trans:  0.0050 Loss dta_phys:  0.0069 Loss dta_preserve:  0.0054
Time:  0.0828 Epoch: 011 Iter:  550/ 600 LR: 0.0000565424 Loss content:  0.0173 Loss fft:  0.8156 Loss dta_rank:  0.7450 Loss dta_tv:  0.0274 Loss dta_proxy:  0.4555 Loss dta_trans:  0.0062 Loss dta_phys:  0.0073 Loss dta_preserve:  0.0059
Time:  0.0796 Epoch: 011 Iter:  600/ 600 LR: 0.0000565424 Loss content:  0.0188 Loss fft:  0.8591 Loss dta_rank:  0.7417 Loss dta_tv:  0.0262 Loss dta_proxy:  0.4407 Loss dta_trans:  0.0055 Loss dta_phys:  0.0066 Loss dta_preserve:  0.0052
EPOCH: 11
Elapsed time: 0.95 Epoch Pixel Loss:  0.0176 Epoch FFT Loss:  0.8202 Epoch DTA Rank:  0.7419 Epoch DTA TV:  0.0266 Epoch DTA Proxy:  0.4389 Epoch DTA Trans:  0.0060 Epoch DTA Phys:  0.0067 Epoch DTA Preserve:  0.0052
DTA_GATE_RAMP epoch=12 gate_limit=0.060000
Time:  0.0872 Epoch: 012 Iter:   50/ 600 LR: 0.0000473670 Loss content:  0.0179 Loss fft:  0.8251 Loss dta_rank:  0.7479 Loss dta_tv:  0.0264 Loss dta_proxy:  0.4525 Loss dta_trans:  0.0054 Loss dta_phys:  0.0067 Loss dta_preserve:  0.0050
Time:  0.0808 Epoch: 012 Iter:  100/ 600 LR: 0.0000473670 Loss content:  0.0174 Loss fft:  0.8381 Loss dta_rank:  0.7320 Loss dta_tv:  0.0275 Loss dta_proxy:  0.4193 Loss dta_trans:  0.0060 Loss dta_phys:  0.0072 Loss dta_preserve:  0.0059
Time:  0.0814 Epoch: 012 Iter:  150/ 600 LR: 0.0000473670 Loss content:  0.0178 Loss fft:  0.8064 Loss dta_rank:  0.7375 Loss dta_tv:  0.0264 Loss dta_proxy:  0.4383 Loss dta_trans:  0.0060 Loss dta_phys:  0.0066 Loss dta_preserve:  0.0068
Time:  0.0828 Epoch: 012 Iter:  200/ 600 LR: 0.0000473670 Loss content:  0.0175 Loss fft:  0.8105 Loss dta_rank:  0.7427 Loss dta_tv:  0.0267 Loss dta_proxy:  0.4347 Loss dta_trans:  0.0063 Loss dta_phys:  0.0069 Loss dta_preserve:  0.0061
Time:  0.0815 Epoch: 012 Iter:  250/ 600 LR: 0.0000473670 Loss content:  0.0176 Loss fft:  0.8221 Loss dta_rank:  0.7399 Loss dta_tv:  0.0265 Loss dta_proxy:  0.4331 Loss dta_trans:  0.0059 Loss dta_phys:  0.0062 Loss dta_preserve:  0.0063
Time:  0.0841 Epoch: 012 Iter:  300/ 600 LR: 0.0000473670 Loss content:  0.0172 Loss fft:  0.8348 Loss dta_rank:  0.7365 Loss dta_tv:  0.0271 Loss dta_proxy:  0.4331 Loss dta_trans:  0.0055 Loss dta_phys:  0.0075 Loss dta_preserve:  0.0048
Time:  0.0809 Epoch: 012 Iter:  350/ 600 LR: 0.0000473670 Loss content:  0.0172 Loss fft:  0.7993 Loss dta_rank:  0.7381 Loss dta_tv:  0.0264 Loss dta_proxy:  0.4272 Loss dta_trans:  0.0060 Loss dta_phys:  0.0064 Loss dta_preserve:  0.0048
Time:  0.0790 Epoch: 012 Iter:  400/ 600 LR: 0.0000473670 Loss content:  0.0174 Loss fft:  0.8230 Loss dta_rank:  0.7393 Loss dta_tv:  0.0269 Loss dta_proxy:  0.4215 Loss dta_trans:  0.0058 Loss dta_phys:  0.0062 Loss dta_preserve:  0.0042
Time:  0.0751 Epoch: 012 Iter:  450/ 600 LR: 0.0000473670 Loss content:  0.0171 Loss fft:  0.7797 Loss dta_rank:  0.7339 Loss dta_tv:  0.0263 Loss dta_proxy:  0.4455 Loss dta_trans:  0.0059 Loss dta_phys:  0.0072 Loss dta_preserve:  0.0063
Time:  0.0825 Epoch: 012 Iter:  500/ 600 LR: 0.0000473670 Loss content:  0.0174 Loss fft:  0.8441 Loss dta_rank:  0.7426 Loss dta_tv:  0.0260 Loss dta_proxy:  0.4411 Loss dta_trans:  0.0066 Loss dta_phys:  0.0060 Loss dta_preserve:  0.0048
Time:  0.0833 Epoch: 012 Iter:  550/ 600 LR: 0.0000473670 Loss content:  0.0170 Loss fft:  0.8208 Loss dta_rank:  0.7386 Loss dta_tv:  0.0263 Loss dta_proxy:  0.4344 Loss dta_trans:  0.0057 Loss dta_phys:  0.0066 Loss dta_preserve:  0.0042
Time:  0.0828 Epoch: 012 Iter:  600/ 600 LR: 0.0000473670 Loss content:  0.0176 Loss fft:  0.8173 Loss dta_rank:  0.7377 Loss dta_tv:  0.0259 Loss dta_proxy:  0.4356 Loss dta_trans:  0.0057 Loss dta_phys:  0.0069 Loss dta_preserve:  0.0054
EPOCH: 12
Elapsed time: 0.98 Epoch Pixel Loss:  0.0174 Epoch FFT Loss:  0.8184 Epoch DTA Rank:  0.7389 Epoch DTA TV:  0.0265 Epoch DTA Proxy:  0.4347 Epoch DTA Trans:  0.0059 Epoch DTA Phys:  0.0067 Epoch DTA Preserve:  0.0054
DTA_GATE_RAMP epoch=13 gate_limit=0.060000
Time:  0.0818 Epoch: 013 Iter:   50/ 600 LR: 0.0000383414 Loss content:  0.0171 Loss fft:  0.8068 Loss dta_rank:  0.7386 Loss dta_tv:  0.0259 Loss dta_proxy:  0.4466 Loss dta_trans:  0.0055 Loss dta_phys:  0.0063 Loss dta_preserve:  0.0057
Time:  0.0783 Epoch: 013 Iter:  100/ 600 LR: 0.0000383414 Loss content:  0.0175 Loss fft:  0.7959 Loss dta_rank:  0.7331 Loss dta_tv:  0.0277 Loss dta_proxy:  0.3998 Loss dta_trans:  0.0067 Loss dta_phys:  0.0073 Loss dta_preserve:  0.0052
Time:  0.0817 Epoch: 013 Iter:  150/ 600 LR: 0.0000383414 Loss content:  0.0176 Loss fft:  0.8085 Loss dta_rank:  0.7516 Loss dta_tv:  0.0258 Loss dta_proxy:  0.4460 Loss dta_trans:  0.0053 Loss dta_phys:  0.0065 Loss dta_preserve:  0.0047
Time:  0.0815 Epoch: 013 Iter:  200/ 600 LR: 0.0000383414 Loss content:  0.0175 Loss fft:  0.8294 Loss dta_rank:  0.7352 Loss dta_tv:  0.0258 Loss dta_proxy:  0.4482 Loss dta_trans:  0.0070 Loss dta_phys:  0.0068 Loss dta_preserve:  0.0067
Time:  0.0803 Epoch: 013 Iter:  250/ 600 LR: 0.0000383414 Loss content:  0.0170 Loss fft:  0.8566 Loss dta_rank:  0.7472 Loss dta_tv:  0.0263 Loss dta_proxy:  0.4346 Loss dta_trans:  0.0059 Loss dta_phys:  0.0067 Loss dta_preserve:  0.0052
Time:  0.0834 Epoch: 013 Iter:  300/ 600 LR: 0.0000383414 Loss content:  0.0167 Loss fft:  0.8082 Loss dta_rank:  0.7355 Loss dta_tv:  0.0265 Loss dta_proxy:  0.4249 Loss dta_trans:  0.0070 Loss dta_phys:  0.0080 Loss dta_preserve:  0.0045
Time:  0.0846 Epoch: 013 Iter:  350/ 600 LR: 0.0000383414 Loss content:  0.0177 Loss fft:  0.8413 Loss dta_rank:  0.7384 Loss dta_tv:  0.0259 Loss dta_proxy:  0.4418 Loss dta_trans:  0.0057 Loss dta_phys:  0.0061 Loss dta_preserve:  0.0054
Time:  0.0840 Epoch: 013 Iter:  400/ 600 LR: 0.0000383414 Loss content:  0.0176 Loss fft:  0.8441 Loss dta_rank:  0.7470 Loss dta_tv:  0.0256 Loss dta_proxy:  0.4534 Loss dta_trans:  0.0051 Loss dta_phys:  0.0062 Loss dta_preserve:  0.0046
Time:  0.0801 Epoch: 013 Iter:  450/ 600 LR: 0.0000383414 Loss content:  0.0173 Loss fft:  0.8194 Loss dta_rank:  0.7484 Loss dta_tv:  0.0265 Loss dta_proxy:  0.4437 Loss dta_trans:  0.0056 Loss dta_phys:  0.0072 Loss dta_preserve:  0.0056
Time:  0.0828 Epoch: 013 Iter:  500/ 600 LR: 0.0000383414 Loss content:  0.0173 Loss fft:  0.8291 Loss dta_rank:  0.7474 Loss dta_tv:  0.0267 Loss dta_proxy:  0.4368 Loss dta_trans:  0.0064 Loss dta_phys:  0.0071 Loss dta_preserve:  0.0052
Time:  0.0804 Epoch: 013 Iter:  550/ 600 LR: 0.0000383414 Loss content:  0.0182 Loss fft:  0.8319 Loss dta_rank:  0.7431 Loss dta_tv:  0.0261 Loss dta_proxy:  0.4450 Loss dta_trans:  0.0063 Loss dta_phys:  0.0065 Loss dta_preserve:  0.0040
Time:  0.0805 Epoch: 013 Iter:  600/ 600 LR: 0.0000383414 Loss content:  0.0164 Loss fft:  0.7893 Loss dta_rank:  0.7444 Loss dta_tv:  0.0257 Loss dta_proxy:  0.4449 Loss dta_trans:  0.0052 Loss dta_phys:  0.0070 Loss dta_preserve:  0.0042
EPOCH: 13
Elapsed time: 0.98 Epoch Pixel Loss:  0.0173 Epoch FFT Loss:  0.8217 Epoch DTA Rank:  0.7425 Epoch DTA TV:  0.0262 Epoch DTA Proxy:  0.4388 Epoch DTA Trans:  0.0060 Epoch DTA Phys:  0.0068 Epoch DTA Preserve:  0.0051
DTA_GATE_RAMP epoch=14 gate_limit=0.060000
Time:  0.0849 Epoch: 014 Iter:   50/ 600 LR: 0.0000297690 Loss content:  0.0180 Loss fft:  0.8386 Loss dta_rank:  0.7420 Loss dta_tv:  0.0255 Loss dta_proxy:  0.4497 Loss dta_trans:  0.0051 Loss dta_phys:  0.0070 Loss dta_preserve:  0.0047
Time:  0.0765 Epoch: 014 Iter:  100/ 600 LR: 0.0000297690 Loss content:  0.0168 Loss fft:  0.8140 Loss dta_rank:  0.7359 Loss dta_tv:  0.0268 Loss dta_proxy:  0.4372 Loss dta_trans:  0.0057 Loss dta_phys:  0.0064 Loss dta_preserve:  0.0059
Time:  0.0777 Epoch: 014 Iter:  150/ 600 LR: 0.0000297690 Loss content:  0.0177 Loss fft:  0.8280 Loss dta_rank:  0.7419 Loss dta_tv:  0.0261 Loss dta_proxy:  0.4444 Loss dta_trans:  0.0060 Loss dta_phys:  0.0062 Loss dta_preserve:  0.0050
Time:  0.0787 Epoch: 014 Iter:  200/ 600 LR: 0.0000297690 Loss content:  0.0174 Loss fft:  0.8129 Loss dta_rank:  0.7393 Loss dta_tv:  0.0262 Loss dta_proxy:  0.4350 Loss dta_trans:  0.0053 Loss dta_phys:  0.0073 Loss dta_preserve:  0.0050
Time:  0.0800 Epoch: 014 Iter:  250/ 600 LR: 0.0000297690 Loss content:  0.0172 Loss fft:  0.8464 Loss dta_rank:  0.7482 Loss dta_tv:  0.0263 Loss dta_proxy:  0.4287 Loss dta_trans:  0.0053 Loss dta_phys:  0.0060 Loss dta_preserve:  0.0050
Time:  0.0835 Epoch: 014 Iter:  300/ 600 LR: 0.0000297690 Loss content:  0.0171 Loss fft:  0.8104 Loss dta_rank:  0.7363 Loss dta_tv:  0.0260 Loss dta_proxy:  0.4281 Loss dta_trans:  0.0066 Loss dta_phys:  0.0065 Loss dta_preserve:  0.0048
Time:  0.0790 Epoch: 014 Iter:  350/ 600 LR: 0.0000297690 Loss content:  0.0165 Loss fft:  0.7991 Loss dta_rank:  0.7400 Loss dta_tv:  0.0267 Loss dta_proxy:  0.4218 Loss dta_trans:  0.0066 Loss dta_phys:  0.0070 Loss dta_preserve:  0.0042
Time:  0.0789 Epoch: 014 Iter:  400/ 600 LR: 0.0000297690 Loss content:  0.0166 Loss fft:  0.7892 Loss dta_rank:  0.7391 Loss dta_tv:  0.0264 Loss dta_proxy:  0.4368 Loss dta_trans:  0.0059 Loss dta_phys:  0.0071 Loss dta_preserve:  0.0053
Time:  0.0819 Epoch: 014 Iter:  450/ 600 LR: 0.0000297690 Loss content:  0.0175 Loss fft:  0.8249 Loss dta_rank:  0.7434 Loss dta_tv:  0.0260 Loss dta_proxy:  0.4385 Loss dta_trans:  0.0058 Loss dta_phys:  0.0065 Loss dta_preserve:  0.0053
Time:  0.0735 Epoch: 014 Iter:  500/ 600 LR: 0.0000297690 Loss content:  0.0173 Loss fft:  0.8010 Loss dta_rank:  0.7406 Loss dta_tv:  0.0263 Loss dta_proxy:  0.4483 Loss dta_trans:  0.0061 Loss dta_phys:  0.0075 Loss dta_preserve:  0.0051
Time:  0.0831 Epoch: 014 Iter:  550/ 600 LR: 0.0000297690 Loss content:  0.0175 Loss fft:  0.8473 Loss dta_rank:  0.7391 Loss dta_tv:  0.0265 Loss dta_proxy:  0.4330 Loss dta_trans:  0.0054 Loss dta_phys:  0.0066 Loss dta_preserve:  0.0044
Time:  0.0823 Epoch: 014 Iter:  600/ 600 LR: 0.0000297690 Loss content:  0.0171 Loss fft:  0.8182 Loss dta_rank:  0.7380 Loss dta_tv:  0.0256 Loss dta_proxy:  0.4401 Loss dta_trans:  0.0058 Loss dta_phys:  0.0073 Loss dta_preserve:  0.0052
EPOCH: 14
Elapsed time: 0.96 Epoch Pixel Loss:  0.0172 Epoch FFT Loss:  0.8192 Epoch DTA Rank:  0.7403 Epoch DTA TV:  0.0262 Epoch DTA Proxy:  0.4368 Epoch DTA Trans:  0.0058 Epoch DTA Phys:  0.0068 Epoch DTA Preserve:  0.0050
DTA_GATE_RAMP epoch=15 gate_limit=0.060000
Time:  0.0831 Epoch: 015 Iter:   50/ 600 LR: 0.0000219361 Loss content:  0.0173 Loss fft:  0.8114 Loss dta_rank:  0.7479 Loss dta_tv:  0.0255 Loss dta_proxy:  0.4532 Loss dta_trans:  0.0054 Loss dta_phys:  0.0069 Loss dta_preserve:  0.0049
Time:  0.0827 Epoch: 015 Iter:  100/ 600 LR: 0.0000219361 Loss content:  0.0172 Loss fft:  0.8111 Loss dta_rank:  0.7481 Loss dta_tv:  0.0262 Loss dta_proxy:  0.4494 Loss dta_trans:  0.0052 Loss dta_phys:  0.0071 Loss dta_preserve:  0.0056
Time:  0.0845 Epoch: 015 Iter:  150/ 600 LR: 0.0000219361 Loss content:  0.0175 Loss fft:  0.8502 Loss dta_rank:  0.7420 Loss dta_tv:  0.0260 Loss dta_proxy:  0.4615 Loss dta_trans:  0.0055 Loss dta_phys:  0.0063 Loss dta_preserve:  0.0055
Time:  0.0859 Epoch: 015 Iter:  200/ 600 LR: 0.0000219361 Loss content:  0.0169 Loss fft:  0.8132 Loss dta_rank:  0.7384 Loss dta_tv:  0.0265 Loss dta_proxy:  0.4177 Loss dta_trans:  0.0053 Loss dta_phys:  0.0068 Loss dta_preserve:  0.0054
Time:  0.0800 Epoch: 015 Iter:  250/ 600 LR: 0.0000219361 Loss content:  0.0176 Loss fft:  0.8344 Loss dta_rank:  0.7435 Loss dta_tv:  0.0254 Loss dta_proxy:  0.4612 Loss dta_trans:  0.0052 Loss dta_phys:  0.0066 Loss dta_preserve:  0.0041
Time:  0.0832 Epoch: 015 Iter:  300/ 600 LR: 0.0000219361 Loss content:  0.0171 Loss fft:  0.8215 Loss dta_rank:  0.7367 Loss dta_tv:  0.0262 Loss dta_proxy:  0.4145 Loss dta_trans:  0.0052 Loss dta_phys:  0.0061 Loss dta_preserve:  0.0049
Time:  0.0828 Epoch: 015 Iter:  350/ 600 LR: 0.0000219361 Loss content:  0.0176 Loss fft:  0.8117 Loss dta_rank:  0.7422 Loss dta_tv:  0.0257 Loss dta_proxy:  0.4543 Loss dta_trans:  0.0058 Loss dta_phys:  0.0068 Loss dta_preserve:  0.0054
Time:  0.0823 Epoch: 015 Iter:  400/ 600 LR: 0.0000219361 Loss content:  0.0171 Loss fft:  0.8153 Loss dta_rank:  0.7486 Loss dta_tv:  0.0265 Loss dta_proxy:  0.4185 Loss dta_trans:  0.0060 Loss dta_phys:  0.0060 Loss dta_preserve:  0.0047
Time:  0.0834 Epoch: 015 Iter:  450/ 600 LR: 0.0000219361 Loss content:  0.0161 Loss fft:  0.7931 Loss dta_rank:  0.7421 Loss dta_tv:  0.0264 Loss dta_proxy:  0.4226 Loss dta_trans:  0.0058 Loss dta_phys:  0.0070 Loss dta_preserve:  0.0044
Time:  0.0858 Epoch: 015 Iter:  500/ 600 LR: 0.0000219361 Loss content:  0.0171 Loss fft:  0.8139 Loss dta_rank:  0.7328 Loss dta_tv:  0.0271 Loss dta_proxy:  0.4189 Loss dta_trans:  0.0071 Loss dta_phys:  0.0071 Loss dta_preserve:  0.0060
Time:  0.0831 Epoch: 015 Iter:  550/ 600 LR: 0.0000219361 Loss content:  0.0173 Loss fft:  0.8432 Loss dta_rank:  0.7440 Loss dta_tv:  0.0263 Loss dta_proxy:  0.4286 Loss dta_trans:  0.0054 Loss dta_phys:  0.0069 Loss dta_preserve:  0.0062
Time:  0.0820 Epoch: 015 Iter:  600/ 600 LR: 0.0000219361 Loss content:  0.0164 Loss fft:  0.8073 Loss dta_rank:  0.7378 Loss dta_tv:  0.0265 Loss dta_proxy:  0.4193 Loss dta_trans:  0.0064 Loss dta_phys:  0.0066 Loss dta_preserve:  0.0087
EPOCH: 15
Elapsed time: 1.01 Epoch Pixel Loss:  0.0171 Epoch FFT Loss:  0.8189 Epoch DTA Rank:  0.7420 Epoch DTA TV:  0.0262 Epoch DTA Proxy:  0.4350 Epoch DTA Trans:  0.0057 Epoch DTA Phys:  0.0067 Epoch DTA Preserve:  0.0055
DTA_GATE_RAMP epoch=16 gate_limit=0.060000
Time:  0.0780 Epoch: 016 Iter:   50/ 600 LR: 0.0000151017 Loss content:  0.0179 Loss fft:  0.8572 Loss dta_rank:  0.7423 Loss dta_tv:  0.0251 Loss dta_proxy:  0.4573 Loss dta_trans:  0.0061 Loss dta_phys:  0.0075 Loss dta_preserve:  0.0057
Time:  0.0721 Epoch: 016 Iter:  100/ 600 LR: 0.0000151017 Loss content:  0.0175 Loss fft:  0.7973 Loss dta_rank:  0.7376 Loss dta_tv:  0.0254 Loss dta_proxy:  0.4504 Loss dta_trans:  0.0051 Loss dta_phys:  0.0066 Loss dta_preserve:  0.0049
Time:  0.0811 Epoch: 016 Iter:  150/ 600 LR: 0.0000151017 Loss content:  0.0168 Loss fft:  0.8137 Loss dta_rank:  0.7415 Loss dta_tv:  0.0271 Loss dta_proxy:  0.4223 Loss dta_trans:  0.0059 Loss dta_phys:  0.0067 Loss dta_preserve:  0.0047
Time:  0.0832 Epoch: 016 Iter:  200/ 600 LR: 0.0000151017 Loss content:  0.0175 Loss fft:  0.8213 Loss dta_rank:  0.7401 Loss dta_tv:  0.0260 Loss dta_proxy:  0.4426 Loss dta_trans:  0.0063 Loss dta_phys:  0.0064 Loss dta_preserve:  0.0051
Time:  0.0830 Epoch: 016 Iter:  250/ 600 LR: 0.0000151017 Loss content:  0.0171 Loss fft:  0.8069 Loss dta_rank:  0.7359 Loss dta_tv:  0.0263 Loss dta_proxy:  0.4372 Loss dta_trans:  0.0066 Loss dta_phys:  0.0066 Loss dta_preserve:  0.0069
Time:  0.0848 Epoch: 016 Iter:  300/ 600 LR: 0.0000151017 Loss content:  0.0173 Loss fft:  0.8318 Loss dta_rank:  0.7407 Loss dta_tv:  0.0264 Loss dta_proxy:  0.4378 Loss dta_trans:  0.0060 Loss dta_phys:  0.0069 Loss dta_preserve:  0.0043
Time:  0.0789 Epoch: 016 Iter:  350/ 600 LR: 0.0000151017 Loss content:  0.0170 Loss fft:  0.8007 Loss dta_rank:  0.7389 Loss dta_tv:  0.0258 Loss dta_proxy:  0.4369 Loss dta_trans:  0.0061 Loss dta_phys:  0.0075 Loss dta_preserve:  0.0062
Time:  0.0818 Epoch: 016 Iter:  400/ 600 LR: 0.0000151017 Loss content:  0.0164 Loss fft:  0.8124 Loss dta_rank:  0.7403 Loss dta_tv:  0.0262 Loss dta_proxy:  0.4220 Loss dta_trans:  0.0055 Loss dta_phys:  0.0068 Loss dta_preserve:  0.0045
Time:  0.0820 Epoch: 016 Iter:  450/ 600 LR: 0.0000151017 Loss content:  0.0179 Loss fft:  0.8395 Loss dta_rank:  0.7416 Loss dta_tv:  0.0257 Loss dta_proxy:  0.4453 Loss dta_trans:  0.0054 Loss dta_phys:  0.0063 Loss dta_preserve:  0.0055
Time:  0.0782 Epoch: 016 Iter:  500/ 600 LR: 0.0000151017 Loss content:  0.0168 Loss fft:  0.8284 Loss dta_rank:  0.7443 Loss dta_tv:  0.0273 Loss dta_proxy:  0.4257 Loss dta_trans:  0.0059 Loss dta_phys:  0.0066 Loss dta_preserve:  0.0057
Time:  0.0773 Epoch: 016 Iter:  550/ 600 LR: 0.0000151017 Loss content:  0.0172 Loss fft:  0.8235 Loss dta_rank:  0.7356 Loss dta_tv:  0.0263 Loss dta_proxy:  0.4400 Loss dta_trans:  0.0059 Loss dta_phys:  0.0074 Loss dta_preserve:  0.0051
Time:  0.0828 Epoch: 016 Iter:  600/ 600 LR: 0.0000151017 Loss content:  0.0164 Loss fft:  0.7856 Loss dta_rank:  0.7429 Loss dta_tv:  0.0264 Loss dta_proxy:  0.4332 Loss dta_trans:  0.0060 Loss dta_phys:  0.0075 Loss dta_preserve:  0.0060
EPOCH: 16
Elapsed time: 0.97 Epoch Pixel Loss:  0.0172 Epoch FFT Loss:  0.8182 Epoch DTA Rank:  0.7402 Epoch DTA TV:  0.0262 Epoch DTA Proxy:  0.4376 Epoch DTA Trans:  0.0059 Epoch DTA Phys:  0.0069 Epoch DTA Preserve:  0.0054
DTA_GATE_RAMP epoch=17 gate_limit=0.060000
Time:  0.0871 Epoch: 017 Iter:   50/ 600 LR: 0.0000094853 Loss content:  0.0174 Loss fft:  0.8316 Loss dta_rank:  0.7429 Loss dta_tv:  0.0260 Loss dta_proxy:  0.4395 Loss dta_trans:  0.0056 Loss dta_phys:  0.0066 Loss dta_preserve:  0.0046
Time:  0.0805 Epoch: 017 Iter:  100/ 600 LR: 0.0000094853 Loss content:  0.0173 Loss fft:  0.8280 Loss dta_rank:  0.7400 Loss dta_tv:  0.0260 Loss dta_proxy:  0.4404 Loss dta_trans:  0.0062 Loss dta_phys:  0.0067 Loss dta_preserve:  0.0055
Time:  0.0805 Epoch: 017 Iter:  150/ 600 LR: 0.0000094853 Loss content:  0.0168 Loss fft:  0.7997 Loss dta_rank:  0.7401 Loss dta_tv:  0.0251 Loss dta_proxy:  0.4486 Loss dta_trans:  0.0056 Loss dta_phys:  0.0066 Loss dta_preserve:  0.0048
Time:  0.0857 Epoch: 017 Iter:  200/ 600 LR: 0.0000094853 Loss content:  0.0170 Loss fft:  0.8256 Loss dta_rank:  0.7432 Loss dta_tv:  0.0269 Loss dta_proxy:  0.4279 Loss dta_trans:  0.0054 Loss dta_phys:  0.0066 Loss dta_preserve:  0.0037
Time:  0.0789 Epoch: 017 Iter:  250/ 600 LR: 0.0000094853 Loss content:  0.0167 Loss fft:  0.8331 Loss dta_rank:  0.7389 Loss dta_tv:  0.0263 Loss dta_proxy:  0.4281 Loss dta_trans:  0.0058 Loss dta_phys:  0.0062 Loss dta_preserve:  0.0051
Time:  0.0823 Epoch: 017 Iter:  300/ 600 LR: 0.0000094853 Loss content:  0.0169 Loss fft:  0.8107 Loss dta_rank:  0.7424 Loss dta_tv:  0.0267 Loss dta_proxy:  0.4164 Loss dta_trans:  0.0062 Loss dta_phys:  0.0065 Loss dta_preserve:  0.0048
Time:  0.0829 Epoch: 017 Iter:  350/ 600 LR: 0.0000094853 Loss content:  0.0170 Loss fft:  0.8177 Loss dta_rank:  0.7404 Loss dta_tv:  0.0268 Loss dta_proxy:  0.4315 Loss dta_trans:  0.0055 Loss dta_phys:  0.0072 Loss dta_preserve:  0.0045
Time:  0.0848 Epoch: 017 Iter:  400/ 600 LR: 0.0000094853 Loss content:  0.0175 Loss fft:  0.8460 Loss dta_rank:  0.7463 Loss dta_tv:  0.0268 Loss dta_proxy:  0.4273 Loss dta_trans:  0.0058 Loss dta_phys:  0.0066 Loss dta_preserve:  0.0057
Time:  0.0816 Epoch: 017 Iter:  450/ 600 LR: 0.0000094853 Loss content:  0.0173 Loss fft:  0.8305 Loss dta_rank:  0.7410 Loss dta_tv:  0.0261 Loss dta_proxy:  0.4282 Loss dta_trans:  0.0052 Loss dta_phys:  0.0062 Loss dta_preserve:  0.0047
Time:  0.0836 Epoch: 017 Iter:  500/ 600 LR: 0.0000094853 Loss content:  0.0181 Loss fft:  0.8092 Loss dta_rank:  0.7431 Loss dta_tv:  0.0263 Loss dta_proxy:  0.4473 Loss dta_trans:  0.0058 Loss dta_phys:  0.0073 Loss dta_preserve:  0.0063
Time:  0.0844 Epoch: 017 Iter:  550/ 600 LR: 0.0000094853 Loss content:  0.0167 Loss fft:  0.7897 Loss dta_rank:  0.7421 Loss dta_tv:  0.0263 Loss dta_proxy:  0.4398 Loss dta_trans:  0.0051 Loss dta_phys:  0.0069 Loss dta_preserve:  0.0061
Time:  0.0814 Epoch: 017 Iter:  600/ 600 LR: 0.0000094853 Loss content:  0.0164 Loss fft:  0.8049 Loss dta_rank:  0.7492 Loss dta_tv:  0.0265 Loss dta_proxy:  0.4323 Loss dta_trans:  0.0060 Loss dta_phys:  0.0064 Loss dta_preserve:  0.0042
EPOCH: 17
Elapsed time: 1.00 Epoch Pixel Loss:  0.0171 Epoch FFT Loss:  0.8189 Epoch DTA Rank:  0.7425 Epoch DTA TV:  0.0263 Epoch DTA Proxy:  0.4340 Epoch DTA Trans:  0.0057 Epoch DTA Phys:  0.0067 Epoch DTA Preserve:  0.0050
DTA_GATE_RAMP epoch=18 gate_limit=0.060000
Time:  0.0844 Epoch: 018 Iter:   50/ 600 LR: 0.0000052550 Loss content:  0.0166 Loss fft:  0.7919 Loss dta_rank:  0.7451 Loss dta_tv:  0.0254 Loss dta_proxy:  0.4493 Loss dta_trans:  0.0047 Loss dta_phys:  0.0072 Loss dta_preserve:  0.0052
Time:  0.0825 Epoch: 018 Iter:  100/ 600 LR: 0.0000052550 Loss content:  0.0165 Loss fft:  0.8198 Loss dta_rank:  0.7444 Loss dta_tv:  0.0270 Loss dta_proxy:  0.4270 Loss dta_trans:  0.0056 Loss dta_phys:  0.0074 Loss dta_preserve:  0.0053
Time:  0.0853 Epoch: 018 Iter:  150/ 600 LR: 0.0000052550 Loss content:  0.0164 Loss fft:  0.8147 Loss dta_rank:  0.7448 Loss dta_tv:  0.0252 Loss dta_proxy:  0.4491 Loss dta_trans:  0.0050 Loss dta_phys:  0.0066 Loss dta_preserve:  0.0043
Time:  0.0838 Epoch: 018 Iter:  200/ 600 LR: 0.0000052550 Loss content:  0.0171 Loss fft:  0.8216 Loss dta_rank:  0.7458 Loss dta_tv:  0.0263 Loss dta_proxy:  0.4232 Loss dta_trans:  0.0050 Loss dta_phys:  0.0062 Loss dta_preserve:  0.0055
Time:  0.0814 Epoch: 018 Iter:  250/ 600 LR: 0.0000052550 Loss content:  0.0167 Loss fft:  0.8065 Loss dta_rank:  0.7432 Loss dta_tv:  0.0265 Loss dta_proxy:  0.4437 Loss dta_trans:  0.0066 Loss dta_phys:  0.0067 Loss dta_preserve:  0.0047
Time:  0.0813 Epoch: 018 Iter:  300/ 600 LR: 0.0000052550 Loss content:  0.0171 Loss fft:  0.8379 Loss dta_rank:  0.7483 Loss dta_tv:  0.0263 Loss dta_proxy:  0.4405 Loss dta_trans:  0.0061 Loss dta_phys:  0.0071 Loss dta_preserve:  0.0054
Time:  0.0837 Epoch: 018 Iter:  350/ 600 LR: 0.0000052550 Loss content:  0.0174 Loss fft:  0.8147 Loss dta_rank:  0.7357 Loss dta_tv:  0.0252 Loss dta_proxy:  0.4522 Loss dta_trans:  0.0057 Loss dta_phys:  0.0068 Loss dta_preserve:  0.0058
Time:  0.0811 Epoch: 018 Iter:  400/ 600 LR: 0.0000052550 Loss content:  0.0174 Loss fft:  0.8328 Loss dta_rank:  0.7371 Loss dta_tv:  0.0259 Loss dta_proxy:  0.4344 Loss dta_trans:  0.0058 Loss dta_phys:  0.0066 Loss dta_preserve:  0.0062
Time:  0.0846 Epoch: 018 Iter:  450/ 600 LR: 0.0000052550 Loss content:  0.0170 Loss fft:  0.8566 Loss dta_rank:  0.7424 Loss dta_tv:  0.0272 Loss dta_proxy:  0.4082 Loss dta_trans:  0.0067 Loss dta_phys:  0.0063 Loss dta_preserve:  0.0056
Time:  0.0812 Epoch: 018 Iter:  500/ 600 LR: 0.0000052550 Loss content:  0.0171 Loss fft:  0.8002 Loss dta_rank:  0.7425 Loss dta_tv:  0.0263 Loss dta_proxy:  0.4262 Loss dta_trans:  0.0058 Loss dta_phys:  0.0069 Loss dta_preserve:  0.0045
Time:  0.0835 Epoch: 018 Iter:  550/ 600 LR: 0.0000052550 Loss content:  0.0173 Loss fft:  0.8283 Loss dta_rank:  0.7456 Loss dta_tv:  0.0256 Loss dta_proxy:  0.4457 Loss dta_trans:  0.0055 Loss dta_phys:  0.0064 Loss dta_preserve:  0.0053
Time:  0.0854 Epoch: 018 Iter:  600/ 600 LR: 0.0000052550 Loss content:  0.0166 Loss fft:  0.8202 Loss dta_rank:  0.7340 Loss dta_tv:  0.0271 Loss dta_proxy:  0.4140 Loss dta_trans:  0.0057 Loss dta_phys:  0.0068 Loss dta_preserve:  0.0044
EPOCH: 18
Elapsed time: 1.00 Epoch Pixel Loss:  0.0169 Epoch FFT Loss:  0.8204 Epoch DTA Rank:  0.7424 Epoch DTA TV:  0.0262 Epoch DTA Proxy:  0.4345 Epoch DTA Trans:  0.0057 Epoch DTA Phys:  0.0068 Epoch DTA Preserve:  0.0052
DTA_GATE_RAMP epoch=19 gate_limit=0.060000
Time:  0.0812 Epoch: 019 Iter:   50/ 600 LR: 0.0000025070 Loss content:  0.0163 Loss fft:  0.7919 Loss dta_rank:  0.7427 Loss dta_tv:  0.0262 Loss dta_proxy:  0.4325 Loss dta_trans:  0.0064 Loss dta_phys:  0.0072 Loss dta_preserve:  0.0052
Time:  0.0689 Epoch: 019 Iter:  100/ 600 LR: 0.0000025070 Loss content:  0.0178 Loss fft:  0.8349 Loss dta_rank:  0.7440 Loss dta_tv:  0.0256 Loss dta_proxy:  0.4384 Loss dta_trans:  0.0055 Loss dta_phys:  0.0067 Loss dta_preserve:  0.0053
Time:  0.0696 Epoch: 019 Iter:  150/ 600 LR: 0.0000025070 Loss content:  0.0179 Loss fft:  0.8413 Loss dta_rank:  0.7435 Loss dta_tv:  0.0261 Loss dta_proxy:  0.4450 Loss dta_trans:  0.0065 Loss dta_phys:  0.0068 Loss dta_preserve:  0.0056
Time:  0.0676 Epoch: 019 Iter:  200/ 600 LR: 0.0000025070 Loss content:  0.0164 Loss fft:  0.7886 Loss dta_rank:  0.7390 Loss dta_tv:  0.0255 Loss dta_proxy:  0.4458 Loss dta_trans:  0.0056 Loss dta_phys:  0.0067 Loss dta_preserve:  0.0049
Time:  0.0694 Epoch: 019 Iter:  250/ 600 LR: 0.0000025070 Loss content:  0.0169 Loss fft:  0.8368 Loss dta_rank:  0.7440 Loss dta_tv:  0.0266 Loss dta_proxy:  0.4257 Loss dta_trans:  0.0059 Loss dta_phys:  0.0068 Loss dta_preserve:  0.0050
Time:  0.0718 Epoch: 019 Iter:  300/ 600 LR: 0.0000025070 Loss content:  0.0171 Loss fft:  0.8131 Loss dta_rank:  0.7391 Loss dta_tv:  0.0256 Loss dta_proxy:  0.4349 Loss dta_trans:  0.0055 Loss dta_phys:  0.0070 Loss dta_preserve:  0.0050
Time:  0.0693 Epoch: 019 Iter:  350/ 600 LR: 0.0000025070 Loss content:  0.0170 Loss fft:  0.8189 Loss dta_rank:  0.7466 Loss dta_tv:  0.0262 Loss dta_proxy:  0.4419 Loss dta_trans:  0.0051 Loss dta_phys:  0.0068 Loss dta_preserve:  0.0054
Time:  0.0689 Epoch: 019 Iter:  400/ 600 LR: 0.0000025070 Loss content:  0.0175 Loss fft:  0.8313 Loss dta_rank:  0.7369 Loss dta_tv:  0.0255 Loss dta_proxy:  0.4371 Loss dta_trans:  0.0057 Loss dta_phys:  0.0069 Loss dta_preserve:  0.0059
Time:  0.0693 Epoch: 019 Iter:  450/ 600 LR: 0.0000025070 Loss content:  0.0164 Loss fft:  0.8148 Loss dta_rank:  0.7417 Loss dta_tv:  0.0259 Loss dta_proxy:  0.4268 Loss dta_trans:  0.0057 Loss dta_phys:  0.0064 Loss dta_preserve:  0.0049
Time:  0.0688 Epoch: 019 Iter:  500/ 600 LR: 0.0000025070 Loss content:  0.0170 Loss fft:  0.8081 Loss dta_rank:  0.7420 Loss dta_tv:  0.0263 Loss dta_proxy:  0.4369 Loss dta_trans:  0.0063 Loss dta_phys:  0.0070 Loss dta_preserve:  0.0044
Time:  0.0689 Epoch: 019 Iter:  550/ 600 LR: 0.0000025070 Loss content:  0.0173 Loss fft:  0.8140 Loss dta_rank:  0.7366 Loss dta_tv:  0.0260 Loss dta_proxy:  0.4512 Loss dta_trans:  0.0052 Loss dta_phys:  0.0067 Loss dta_preserve:  0.0058
Time:  0.0712 Epoch: 019 Iter:  600/ 600 LR: 0.0000025070 Loss content:  0.0169 Loss fft:  0.8151 Loss dta_rank:  0.7417 Loss dta_tv:  0.0266 Loss dta_proxy:  0.4188 Loss dta_trans:  0.0060 Loss dta_phys:  0.0064 Loss dta_preserve:  0.0057
EPOCH: 19
Elapsed time: 0.85 Epoch Pixel Loss:  0.0170 Epoch FFT Loss:  0.8174 Epoch DTA Rank:  0.7415 Epoch DTA TV:  0.0260 Epoch DTA Proxy:  0.4363 Epoch DTA Trans:  0.0058 Epoch DTA Phys:  0.0068 Epoch DTA Preserve:  0.0053
DTA_GATE_RAMP epoch=20 gate_limit=0.060000
Time:  0.0828 Epoch: 020 Iter:   50/ 600 LR: 0.0000012125 Loss content:  0.0172 Loss fft:  0.8503 Loss dta_rank:  0.7458 Loss dta_tv:  0.0260 Loss dta_proxy:  0.4377 Loss dta_trans:  0.0053 Loss dta_phys:  0.0064 Loss dta_preserve:  0.0052
Time:  0.0811 Epoch: 020 Iter:  100/ 600 LR: 0.0000012125 Loss content:  0.0176 Loss fft:  0.8252 Loss dta_rank:  0.7396 Loss dta_tv:  0.0262 Loss dta_proxy:  0.4411 Loss dta_trans:  0.0056 Loss dta_phys:  0.0064 Loss dta_preserve:  0.0069
Time:  0.0855 Epoch: 020 Iter:  150/ 600 LR: 0.0000012125 Loss content:  0.0170 Loss fft:  0.8416 Loss dta_rank:  0.7451 Loss dta_tv:  0.0253 Loss dta_proxy:  0.4545 Loss dta_trans:  0.0044 Loss dta_phys:  0.0064 Loss dta_preserve:  0.0038
Time:  0.0843 Epoch: 020 Iter:  200/ 600 LR: 0.0000012125 Loss content:  0.0171 Loss fft:  0.8163 Loss dta_rank:  0.7367 Loss dta_tv:  0.0257 Loss dta_proxy:  0.4389 Loss dta_trans:  0.0056 Loss dta_phys:  0.0064 Loss dta_preserve:  0.0064
Time:  0.0837 Epoch: 020 Iter:  250/ 600 LR: 0.0000012125 Loss content:  0.0166 Loss fft:  0.8149 Loss dta_rank:  0.7440 Loss dta_tv:  0.0263 Loss dta_proxy:  0.4370 Loss dta_trans:  0.0051 Loss dta_phys:  0.0067 Loss dta_preserve:  0.0045
Time:  0.0817 Epoch: 020 Iter:  300/ 600 LR: 0.0000012125 Loss content:  0.0161 Loss fft:  0.7885 Loss dta_rank:  0.7367 Loss dta_tv:  0.0263 Loss dta_proxy:  0.4248 Loss dta_trans:  0.0055 Loss dta_phys:  0.0071 Loss dta_preserve:  0.0040
Time:  0.0822 Epoch: 020 Iter:  350/ 600 LR: 0.0000012125 Loss content:  0.0161 Loss fft:  0.7696 Loss dta_rank:  0.7450 Loss dta_tv:  0.0266 Loss dta_proxy:  0.4226 Loss dta_trans:  0.0070 Loss dta_phys:  0.0064 Loss dta_preserve:  0.0050
Time:  0.0785 Epoch: 020 Iter:  400/ 600 LR: 0.0000012125 Loss content:  0.0173 Loss fft:  0.8265 Loss dta_rank:  0.7450 Loss dta_tv:  0.0261 Loss dta_proxy:  0.4479 Loss dta_trans:  0.0054 Loss dta_phys:  0.0071 Loss dta_preserve:  0.0049
Time:  0.0791 Epoch: 020 Iter:  450/ 600 LR: 0.0000012125 Loss content:  0.0162 Loss fft:  0.8036 Loss dta_rank:  0.7392 Loss dta_tv:  0.0263 Loss dta_proxy:  0.4304 Loss dta_trans:  0.0055 Loss dta_phys:  0.0065 Loss dta_preserve:  0.0050
Time:  0.0749 Epoch: 020 Iter:  500/ 600 LR: 0.0000012125 Loss content:  0.0165 Loss fft:  0.8319 Loss dta_rank:  0.7443 Loss dta_tv:  0.0270 Loss dta_proxy:  0.4163 Loss dta_trans:  0.0066 Loss dta_phys:  0.0062 Loss dta_preserve:  0.0041
Time:  0.0778 Epoch: 020 Iter:  550/ 600 LR: 0.0000012125 Loss content:  0.0170 Loss fft:  0.8293 Loss dta_rank:  0.7482 Loss dta_tv:  0.0258 Loss dta_proxy:  0.4271 Loss dta_trans:  0.0061 Loss dta_phys:  0.0070 Loss dta_preserve:  0.0043
Time:  0.0745 Epoch: 020 Iter:  600/ 600 LR: 0.0000012125 Loss content:  0.0171 Loss fft:  0.8026 Loss dta_rank:  0.7330 Loss dta_tv:  0.0264 Loss dta_proxy:  0.4237 Loss dta_trans:  0.0057 Loss dta_phys:  0.0073 Loss dta_preserve:  0.0063
EPOCH: 20
Elapsed time: 0.97 Epoch Pixel Loss:  0.0168 Epoch FFT Loss:  0.8167 Epoch DTA Rank:  0.7419 Epoch DTA TV:  0.0262 Epoch DTA Proxy:  0.4335 Epoch DTA Trans:  0.0056 Epoch DTA Phys:  0.0067 Epoch DTA Preserve:  0.0050
