Namespace(model_name='ConvIR-Haze4K-DTA-v2-adapter_only-shuffle-seed3407-f3-oof20', data='Haze4K', version='base', fam_mode='original', arch='dta_v2', seed=3407, mode='train', data_dir='/sda/home/wangyuxin/ConvIR-B/datasets/Haze4K/Haze4K', batch_size=4, learning_rate=0.0001, weight_decay=0.0, num_epoch=20, stop_epoch=20, print_freq=50, num_worker=4, save_freq=5, valid_freq=9999, mod_stats_freq=5, mod_stats_batches=16, grad_clip_norm=0.001, dta_grad_clip_norm=0.05, dta_neighbor_grad_clip_norm=0.005, init_model='/sda/home/wangyuxin/ConvIR-B/checkpoints/official/Haze4K/haze4k-base.pkl', init_model_partial=True, partial_new_prefixes='DTA.', resume='', train_scope='adapter_only', dta_depth_cache_dir='/sda/home/wangyuxin/ConvIR-B/depth_cache/depth_anything_v2_small_hf', dta_train_depth_split='train', dta_eval_depth_split='train', valid_root_split='train', eval_root_split='test', dta_require_depth=True, dta_variant='v2', dta_depth_mode='shuffle', dta_prior_channels=32, dta_gate_bias=-6.0, dta_gate_limit=0.06, dta_gamma_limit=0.12, dta_beta_limit=0.06, dta_alpha_init=1.0, dta_confidence_floor=0.25, dta_confidence_local_scale=6.0, dta_output_residual_scale=0.03, dta_use_trans_gt=True, dta_trans_weight=0.02, dta_phys_weight=0.005, dta_preserve_weight=0.02, dta_preserve_trans_thresh=0.8, dta_gate_ramp_start=0.01, dta_gate_ramp_mid=0.03, dta_gate_ramp_end=0.06, dta_gate_ramp_warmup_epochs=2, dta_gate_ramp_mid_epochs=8, dta_rank_weight=0.001, dta_tv_weight=0.0001, dta_proxy_weight=0.0, dta_rank_pairs=512, dta_rank_min_depth_gap=0.03, split_json='/sda/home/wangyuxin/ConvIR-B/repos/ConvIR-B-dta-v2-calibrated/experience_docx/experiment_logs/haze4k_dta_v2_calibrated_20260611/dta_v2_haze4k_oof_splits_seed3407.json', split_name='fold3_train', test_model='', save_image=False, leaning_rate=0.0001, model_save_dir='results/ConvIR-Haze4K-DTA-v2-adapter_only-shuffle-seed3407-f3-oof20/Training-Results/', result_dir='results/ConvIR-Haze4K-DTA-v2-adapter_only-shuffle-seed3407-f3-oof20/images/Haze4K', init_model_sha256='6f42037d57a4e3de3a10ac0ab909d66a3415864a19433c29204a975f4efa4088')
/sda/home/wangyuxin/ConvIR-B/repos/ConvIR-B-dta-v2-calibrated/Dehazing/ITS/main.py:14: FutureWarning: You are using `torch.load` with `weights_only=False` (the current default value), which uses the default pickle module implicitly. It is possible to construct malicious pickle data which will execute arbitrary code during unpickling (See https://github.com/pytorch/pytorch/blob/main/SECURITY.md#untrusted-models for more details). In a future release, the default value for `weights_only` will be flipped to `True`. This limits the functions that could be executed during unpickling. Arbitrary objects will no longer be allowed to be loaded via this mode unless they are explicitly allowlisted by the user via `torch.serialization.add_safe_globals`. We recommend you start setting `weights_only=True` for any use case where you don't have full control of the loaded file. Please open an issue on GitHub for any issues related to this experimental feature.
  state = torch.load(path, map_location=map_location)
INIT_MODEL_PARTIAL_LOAD path=/sda/home/wangyuxin/ConvIR-B/checkpoints/official/Haze4K/haze4k-base.pkl loaded=602 missing_allowed=25 unexpected=[] allowed_new_prefixes=('DTA.',)
TRAIN_SCOPE scope=adapter_only arch=dta_v2 trainable=74699 total=8705364
/sda/home/wangyuxin/ConvIR-B/envs/convir-cu121/lib/python3.10/site-packages/torch/optim/lr_scheduler.py:224: UserWarning: Detected call of `lr_scheduler.step()` before `optimizer.step()`. In PyTorch 1.1.0 and later, you should call them in the opposite order: `optimizer.step()` before `lr_scheduler.step()`.  Failure to do this will result in PyTorch skipping the first value of the learning rate schedule. See more details at https://pytorch.org/docs/stable/optim.html#how-to-adjust-learning-rate
  warnings.warn(
DTA_GATE_RAMP epoch=1 gate_limit=0.010000
Time:  0.0971 Epoch: 001 Iter:   50/ 600 LR: 0.0000333333 Loss content:  0.0180 Loss fft:  0.8207 Loss dta_rank:  0.6929 Loss dta_tv:  0.0037 Loss dta_proxy:  0.2885 Loss dta_trans:  0.0394 Loss dta_phys:  0.0079 Loss dta_preserve:  0.0043
Time:  0.0746 Epoch: 001 Iter:  100/ 600 LR: 0.0000333333 Loss content:  0.0180 Loss fft:  0.8561 Loss dta_rank:  0.6934 Loss dta_tv:  0.0104 Loss dta_proxy:  0.3279 Loss dta_trans:  0.0341 Loss dta_phys:  0.0094 Loss dta_preserve:  0.0083
Time:  0.0756 Epoch: 001 Iter:  150/ 600 LR: 0.0000333333 Loss content:  0.0170 Loss fft:  0.8371 Loss dta_rank:  0.6966 Loss dta_tv:  0.0145 Loss dta_proxy:  0.3541 Loss dta_trans:  0.0304 Loss dta_phys:  0.0105 Loss dta_preserve:  0.0054
Time:  0.0751 Epoch: 001 Iter:  200/ 600 LR: 0.0000333333 Loss content:  0.0168 Loss fft:  0.7984 Loss dta_rank:  0.7018 Loss dta_tv:  0.0187 Loss dta_proxy:  0.3921 Loss dta_trans:  0.0253 Loss dta_phys:  0.0088 Loss dta_preserve:  0.0071
Time:  0.0785 Epoch: 001 Iter:  250/ 600 LR: 0.0000333333 Loss content:  0.0172 Loss fft:  0.7916 Loss dta_rank:  0.7081 Loss dta_tv:  0.0235 Loss dta_proxy:  0.3759 Loss dta_trans:  0.0211 Loss dta_phys:  0.0098 Loss dta_preserve:  0.0052
Time:  0.0740 Epoch: 001 Iter:  300/ 600 LR: 0.0000333333 Loss content:  0.0165 Loss fft:  0.8143 Loss dta_rank:  0.7108 Loss dta_tv:  0.0280 Loss dta_proxy:  0.3740 Loss dta_trans:  0.0188 Loss dta_phys:  0.0091 Loss dta_preserve:  0.0049
Time:  0.0760 Epoch: 001 Iter:  350/ 600 LR: 0.0000333333 Loss content:  0.0171 Loss fft:  0.8307 Loss dta_rank:  0.7145 Loss dta_tv:  0.0315 Loss dta_proxy:  0.4083 Loss dta_trans:  0.0166 Loss dta_phys:  0.0084 Loss dta_preserve:  0.0059
Time:  0.0766 Epoch: 001 Iter:  400/ 600 LR: 0.0000333333 Loss content:  0.0170 Loss fft:  0.7960 Loss dta_rank:  0.7234 Loss dta_tv:  0.0337 Loss dta_proxy:  0.3953 Loss dta_trans:  0.0160 Loss dta_phys:  0.0083 Loss dta_preserve:  0.0046
Time:  0.0753 Epoch: 001 Iter:  450/ 600 LR: 0.0000333333 Loss content:  0.0169 Loss fft:  0.8353 Loss dta_rank:  0.7324 Loss dta_tv:  0.0348 Loss dta_proxy:  0.4031 Loss dta_trans:  0.0142 Loss dta_phys:  0.0074 Loss dta_preserve:  0.0050
Time:  0.0741 Epoch: 001 Iter:  500/ 600 LR: 0.0000333333 Loss content:  0.0171 Loss fft:  0.8179 Loss dta_rank:  0.7341 Loss dta_tv:  0.0360 Loss dta_proxy:  0.4031 Loss dta_trans:  0.0146 Loss dta_phys:  0.0076 Loss dta_preserve:  0.0054
Time:  0.0767 Epoch: 001 Iter:  550/ 600 LR: 0.0000333333 Loss content:  0.0173 Loss fft:  0.8178 Loss dta_rank:  0.7261 Loss dta_tv:  0.0351 Loss dta_proxy:  0.4306 Loss dta_trans:  0.0116 Loss dta_phys:  0.0083 Loss dta_preserve:  0.0043
Time:  0.0726 Epoch: 001 Iter:  600/ 600 LR: 0.0000333333 Loss content:  0.0172 Loss fft:  0.8469 Loss dta_rank:  0.7321 Loss dta_tv:  0.0361 Loss dta_proxy:  0.4335 Loss dta_trans:  0.0116 Loss dta_phys:  0.0071 Loss dta_preserve:  0.0065
EPOCH: 01
Elapsed time: 0.93 Epoch Pixel Loss:  0.0172 Epoch FFT Loss:  0.8219 Epoch DTA Rank:  0.7138 Epoch DTA TV:  0.0255 Epoch DTA Proxy:  0.3822 Epoch DTA Trans:  0.0211 Epoch DTA Phys:  0.0086 Epoch DTA Preserve:  0.0056
DTA_GATE_RAMP epoch=2 gate_limit=0.010000
Time:  0.0793 Epoch: 002 Iter:   50/ 600 LR: 0.0000666667 Loss content:  0.0169 Loss fft:  0.8123 Loss dta_rank:  0.7322 Loss dta_tv:  0.0366 Loss dta_proxy:  0.4374 Loss dta_trans:  0.0120 Loss dta_phys:  0.0080 Loss dta_preserve:  0.0058
Time:  0.0735 Epoch: 002 Iter:  100/ 600 LR: 0.0000666667 Loss content:  0.0166 Loss fft:  0.7999 Loss dta_rank:  0.7327 Loss dta_tv:  0.0373 Loss dta_proxy:  0.4119 Loss dta_trans:  0.0101 Loss dta_phys:  0.0076 Loss dta_preserve:  0.0067
Time:  0.0741 Epoch: 002 Iter:  150/ 600 LR: 0.0000666667 Loss content:  0.0174 Loss fft:  0.8314 Loss dta_rank:  0.7296 Loss dta_tv:  0.0356 Loss dta_proxy:  0.4242 Loss dta_trans:  0.0108 Loss dta_phys:  0.0073 Loss dta_preserve:  0.0048
Time:  0.0745 Epoch: 002 Iter:  200/ 600 LR: 0.0000666667 Loss content:  0.0167 Loss fft:  0.8049 Loss dta_rank:  0.7310 Loss dta_tv:  0.0363 Loss dta_proxy:  0.3887 Loss dta_trans:  0.0099 Loss dta_phys:  0.0071 Loss dta_preserve:  0.0052
Time:  0.0754 Epoch: 002 Iter:  250/ 600 LR: 0.0000666667 Loss content:  0.0177 Loss fft:  0.8399 Loss dta_rank:  0.7309 Loss dta_tv:  0.0354 Loss dta_proxy:  0.4342 Loss dta_trans:  0.0108 Loss dta_phys:  0.0074 Loss dta_preserve:  0.0057
Time:  0.0743 Epoch: 002 Iter:  300/ 600 LR: 0.0000666667 Loss content:  0.0169 Loss fft:  0.8252 Loss dta_rank:  0.7340 Loss dta_tv:  0.0353 Loss dta_proxy:  0.4357 Loss dta_trans:  0.0101 Loss dta_phys:  0.0075 Loss dta_preserve:  0.0058
Time:  0.0774 Epoch: 002 Iter:  350/ 600 LR: 0.0000666667 Loss content:  0.0168 Loss fft:  0.8137 Loss dta_rank:  0.7392 Loss dta_tv:  0.0345 Loss dta_proxy:  0.4154 Loss dta_trans:  0.0096 Loss dta_phys:  0.0064 Loss dta_preserve:  0.0057
Time:  0.0650 Epoch: 002 Iter:  400/ 600 LR: 0.0000666667 Loss content:  0.0173 Loss fft:  0.8330 Loss dta_rank:  0.7388 Loss dta_tv:  0.0345 Loss dta_proxy:  0.4405 Loss dta_trans:  0.0090 Loss dta_phys:  0.0077 Loss dta_preserve:  0.0053
Time:  0.0664 Epoch: 002 Iter:  450/ 600 LR: 0.0000666667 Loss content:  0.0174 Loss fft:  0.8215 Loss dta_rank:  0.7326 Loss dta_tv:  0.0341 Loss dta_proxy:  0.4231 Loss dta_trans:  0.0099 Loss dta_phys:  0.0069 Loss dta_preserve:  0.0046
Time:  0.0776 Epoch: 002 Iter:  500/ 600 LR: 0.0000666667 Loss content:  0.0174 Loss fft:  0.8300 Loss dta_rank:  0.7362 Loss dta_tv:  0.0344 Loss dta_proxy:  0.4386 Loss dta_trans:  0.0087 Loss dta_phys:  0.0075 Loss dta_preserve:  0.0045
Time:  0.0761 Epoch: 002 Iter:  550/ 600 LR: 0.0000666667 Loss content:  0.0165 Loss fft:  0.8062 Loss dta_rank:  0.7406 Loss dta_tv:  0.0345 Loss dta_proxy:  0.4301 Loss dta_trans:  0.0093 Loss dta_phys:  0.0069 Loss dta_preserve:  0.0051
Time:  0.0748 Epoch: 002 Iter:  600/ 600 LR: 0.0000666667 Loss content:  0.0176 Loss fft:  0.8264 Loss dta_rank:  0.7377 Loss dta_tv:  0.0347 Loss dta_proxy:  0.4424 Loss dta_trans:  0.0102 Loss dta_phys:  0.0071 Loss dta_preserve:  0.0056
EPOCH: 02
Elapsed time: 0.89 Epoch Pixel Loss:  0.0171 Epoch FFT Loss:  0.8204 Epoch DTA Rank:  0.7346 Epoch DTA TV:  0.0353 Epoch DTA Proxy:  0.4268 Epoch DTA Trans:  0.0100 Epoch DTA Phys:  0.0073 Epoch DTA Preserve:  0.0054
DTA_GATE_RAMP epoch=3 gate_limit=0.030000
Time:  0.0721 Epoch: 003 Iter:   50/ 600 LR: 0.0001000000 Loss content:  0.0174 Loss fft:  0.8102 Loss dta_rank:  0.7433 Loss dta_tv:  0.0354 Loss dta_proxy:  0.4173 Loss dta_trans:  0.0088 Loss dta_phys:  0.0069 Loss dta_preserve:  0.0048
Time:  0.0696 Epoch: 003 Iter:  100/ 600 LR: 0.0001000000 Loss content:  0.0164 Loss fft:  0.7887 Loss dta_rank:  0.7407 Loss dta_tv:  0.0334 Loss dta_proxy:  0.4375 Loss dta_trans:  0.0079 Loss dta_phys:  0.0065 Loss dta_preserve:  0.0052
Time:  0.0738 Epoch: 003 Iter:  150/ 600 LR: 0.0001000000 Loss content:  0.0178 Loss fft:  0.8243 Loss dta_rank:  0.7330 Loss dta_tv:  0.0326 Loss dta_proxy:  0.4504 Loss dta_trans:  0.0081 Loss dta_phys:  0.0073 Loss dta_preserve:  0.0055
Time:  0.0727 Epoch: 003 Iter:  200/ 600 LR: 0.0001000000 Loss content:  0.0174 Loss fft:  0.8120 Loss dta_rank:  0.7310 Loss dta_tv:  0.0339 Loss dta_proxy:  0.4133 Loss dta_trans:  0.0078 Loss dta_phys:  0.0068 Loss dta_preserve:  0.0048
Time:  0.0748 Epoch: 003 Iter:  250/ 600 LR: 0.0001000000 Loss content:  0.0170 Loss fft:  0.8377 Loss dta_rank:  0.7344 Loss dta_tv:  0.0334 Loss dta_proxy:  0.4483 Loss dta_trans:  0.0082 Loss dta_phys:  0.0072 Loss dta_preserve:  0.0052
Time:  0.0720 Epoch: 003 Iter:  300/ 600 LR: 0.0001000000 Loss content:  0.0173 Loss fft:  0.8452 Loss dta_rank:  0.7362 Loss dta_tv:  0.0339 Loss dta_proxy:  0.4074 Loss dta_trans:  0.0079 Loss dta_phys:  0.0063 Loss dta_preserve:  0.0045
Time:  0.0747 Epoch: 003 Iter:  350/ 600 LR: 0.0001000000 Loss content:  0.0165 Loss fft:  0.8178 Loss dta_rank:  0.7367 Loss dta_tv:  0.0334 Loss dta_proxy:  0.4186 Loss dta_trans:  0.0076 Loss dta_phys:  0.0064 Loss dta_preserve:  0.0045
Time:  0.0766 Epoch: 003 Iter:  400/ 600 LR: 0.0001000000 Loss content:  0.0171 Loss fft:  0.8328 Loss dta_rank:  0.7401 Loss dta_tv:  0.0327 Loss dta_proxy:  0.4369 Loss dta_trans:  0.0086 Loss dta_phys:  0.0073 Loss dta_preserve:  0.0054
Time:  0.0740 Epoch: 003 Iter:  450/ 600 LR: 0.0001000000 Loss content:  0.0165 Loss fft:  0.7931 Loss dta_rank:  0.7424 Loss dta_tv:  0.0327 Loss dta_proxy:  0.4247 Loss dta_trans:  0.0075 Loss dta_phys:  0.0067 Loss dta_preserve:  0.0045
Time:  0.0745 Epoch: 003 Iter:  500/ 600 LR: 0.0001000000 Loss content:  0.0176 Loss fft:  0.8216 Loss dta_rank:  0.7426 Loss dta_tv:  0.0320 Loss dta_proxy:  0.4343 Loss dta_trans:  0.0083 Loss dta_phys:  0.0072 Loss dta_preserve:  0.0050
Time:  0.0648 Epoch: 003 Iter:  550/ 600 LR: 0.0001000000 Loss content:  0.0175 Loss fft:  0.8180 Loss dta_rank:  0.7358 Loss dta_tv:  0.0328 Loss dta_proxy:  0.4174 Loss dta_trans:  0.0072 Loss dta_phys:  0.0071 Loss dta_preserve:  0.0057
Time:  0.0635 Epoch: 003 Iter:  600/ 600 LR: 0.0001000000 Loss content:  0.0182 Loss fft:  0.8380 Loss dta_rank:  0.7379 Loss dta_tv:  0.0322 Loss dta_proxy:  0.4331 Loss dta_trans:  0.0068 Loss dta_phys:  0.0066 Loss dta_preserve:  0.0056
EPOCH: 03
Elapsed time: 0.87 Epoch Pixel Loss:  0.0172 Epoch FFT Loss:  0.8200 Epoch DTA Rank:  0.7378 Epoch DTA TV:  0.0332 Epoch DTA Proxy:  0.4283 Epoch DTA Trans:  0.0079 Epoch DTA Phys:  0.0069 Epoch DTA Preserve:  0.0051
/sda/home/wangyuxin/ConvIR-B/envs/convir-cu121/lib/python3.10/site-packages/torch/optim/lr_scheduler.py:1087: UserWarning: To get the last learning rate computed by the scheduler, please use `get_last_lr()`.
  _warn_get_lr_called_within_step(self)
DTA_GATE_RAMP epoch=4 gate_limit=0.030000
Time:  0.0798 Epoch: 004 Iter:   50/ 600 LR: 0.0001000000 Loss content:  0.0175 Loss fft:  0.8270 Loss dta_rank:  0.7405 Loss dta_tv:  0.0315 Loss dta_proxy:  0.4387 Loss dta_trans:  0.0072 Loss dta_phys:  0.0073 Loss dta_preserve:  0.0045
Time:  0.0708 Epoch: 004 Iter:  100/ 600 LR: 0.0001000000 Loss content:  0.0166 Loss fft:  0.8240 Loss dta_rank:  0.7370 Loss dta_tv:  0.0322 Loss dta_proxy:  0.4302 Loss dta_trans:  0.0064 Loss dta_phys:  0.0072 Loss dta_preserve:  0.0050
Time:  0.0722 Epoch: 004 Iter:  150/ 600 LR: 0.0001000000 Loss content:  0.0169 Loss fft:  0.8194 Loss dta_rank:  0.7386 Loss dta_tv:  0.0315 Loss dta_proxy:  0.4344 Loss dta_trans:  0.0063 Loss dta_phys:  0.0070 Loss dta_preserve:  0.0057
Time:  0.0718 Epoch: 004 Iter:  200/ 600 LR: 0.0001000000 Loss content:  0.0164 Loss fft:  0.7925 Loss dta_rank:  0.7370 Loss dta_tv:  0.0318 Loss dta_proxy:  0.4230 Loss dta_trans:  0.0070 Loss dta_phys:  0.0061 Loss dta_preserve:  0.0042
Time:  0.0745 Epoch: 004 Iter:  250/ 600 LR: 0.0001000000 Loss content:  0.0176 Loss fft:  0.8283 Loss dta_rank:  0.7446 Loss dta_tv:  0.0310 Loss dta_proxy:  0.4552 Loss dta_trans:  0.0064 Loss dta_phys:  0.0066 Loss dta_preserve:  0.0060
Time:  0.0733 Epoch: 004 Iter:  300/ 600 LR: 0.0001000000 Loss content:  0.0171 Loss fft:  0.8321 Loss dta_rank:  0.7411 Loss dta_tv:  0.0320 Loss dta_proxy:  0.4059 Loss dta_trans:  0.0084 Loss dta_phys:  0.0062 Loss dta_preserve:  0.0058
Time:  0.0730 Epoch: 004 Iter:  350/ 600 LR: 0.0001000000 Loss content:  0.0180 Loss fft:  0.8351 Loss dta_rank:  0.7398 Loss dta_tv:  0.0307 Loss dta_proxy:  0.4377 Loss dta_trans:  0.0082 Loss dta_phys:  0.0066 Loss dta_preserve:  0.0055
Time:  0.0749 Epoch: 004 Iter:  400/ 600 LR: 0.0001000000 Loss content:  0.0167 Loss fft:  0.8232 Loss dta_rank:  0.7392 Loss dta_tv:  0.0309 Loss dta_proxy:  0.4069 Loss dta_trans:  0.0083 Loss dta_phys:  0.0064 Loss dta_preserve:  0.0065
Time:  0.0744 Epoch: 004 Iter:  450/ 600 LR: 0.0001000000 Loss content:  0.0168 Loss fft:  0.8313 Loss dta_rank:  0.7376 Loss dta_tv:  0.0304 Loss dta_proxy:  0.4407 Loss dta_trans:  0.0063 Loss dta_phys:  0.0070 Loss dta_preserve:  0.0044
Time:  0.0735 Epoch: 004 Iter:  500/ 600 LR: 0.0001000000 Loss content:  0.0169 Loss fft:  0.8134 Loss dta_rank:  0.7436 Loss dta_tv:  0.0305 Loss dta_proxy:  0.4373 Loss dta_trans:  0.0068 Loss dta_phys:  0.0070 Loss dta_preserve:  0.0054
Time:  0.0716 Epoch: 004 Iter:  550/ 600 LR: 0.0001000000 Loss content:  0.0181 Loss fft:  0.8657 Loss dta_rank:  0.7424 Loss dta_tv:  0.0307 Loss dta_proxy:  0.4490 Loss dta_trans:  0.0075 Loss dta_phys:  0.0084 Loss dta_preserve:  0.0059
Time:  0.0658 Epoch: 004 Iter:  600/ 600 LR: 0.0001000000 Loss content:  0.0174 Loss fft:  0.8056 Loss dta_rank:  0.7424 Loss dta_tv:  0.0309 Loss dta_proxy:  0.4310 Loss dta_trans:  0.0062 Loss dta_phys:  0.0064 Loss dta_preserve:  0.0078
EPOCH: 04
Elapsed time: 0.88 Epoch Pixel Loss:  0.0172 Epoch FFT Loss:  0.8248 Epoch DTA Rank:  0.7403 Epoch DTA TV:  0.0312 Epoch DTA Proxy:  0.4325 Epoch DTA Trans:  0.0071 Epoch DTA Phys:  0.0068 Epoch DTA Preserve:  0.0056
DTA_GATE_RAMP epoch=5 gate_limit=0.030000
Time:  0.0780 Epoch: 005 Iter:   50/ 600 LR: 0.0000983215 Loss content:  0.0173 Loss fft:  0.8179 Loss dta_rank:  0.7391 Loss dta_tv:  0.0301 Loss dta_proxy:  0.4451 Loss dta_trans:  0.0073 Loss dta_phys:  0.0070 Loss dta_preserve:  0.0044
Time:  0.0752 Epoch: 005 Iter:  100/ 600 LR: 0.0000983215 Loss content:  0.0170 Loss fft:  0.8420 Loss dta_rank:  0.7392 Loss dta_tv:  0.0308 Loss dta_proxy:  0.4180 Loss dta_trans:  0.0076 Loss dta_phys:  0.0069 Loss dta_preserve:  0.0057
Time:  0.0707 Epoch: 005 Iter:  150/ 600 LR: 0.0000983215 Loss content:  0.0171 Loss fft:  0.8295 Loss dta_rank:  0.7363 Loss dta_tv:  0.0296 Loss dta_proxy:  0.4461 Loss dta_trans:  0.0077 Loss dta_phys:  0.0071 Loss dta_preserve:  0.0055
Time:  0.0749 Epoch: 005 Iter:  200/ 600 LR: 0.0000983215 Loss content:  0.0173 Loss fft:  0.8090 Loss dta_rank:  0.7400 Loss dta_tv:  0.0295 Loss dta_proxy:  0.4434 Loss dta_trans:  0.0071 Loss dta_phys:  0.0066 Loss dta_preserve:  0.0053
Time:  0.0761 Epoch: 005 Iter:  250/ 600 LR: 0.0000983215 Loss content:  0.0170 Loss fft:  0.8068 Loss dta_rank:  0.7393 Loss dta_tv:  0.0294 Loss dta_proxy:  0.4377 Loss dta_trans:  0.0057 Loss dta_phys:  0.0068 Loss dta_preserve:  0.0054
Time:  0.0751 Epoch: 005 Iter:  300/ 600 LR: 0.0000983215 Loss content:  0.0169 Loss fft:  0.8255 Loss dta_rank:  0.7447 Loss dta_tv:  0.0298 Loss dta_proxy:  0.4244 Loss dta_trans:  0.0077 Loss dta_phys:  0.0067 Loss dta_preserve:  0.0044
Time:  0.0721 Epoch: 005 Iter:  350/ 600 LR: 0.0000983215 Loss content:  0.0180 Loss fft:  0.8370 Loss dta_rank:  0.7417 Loss dta_tv:  0.0305 Loss dta_proxy:  0.4294 Loss dta_trans:  0.0067 Loss dta_phys:  0.0062 Loss dta_preserve:  0.0056
Time:  0.0761 Epoch: 005 Iter:  400/ 600 LR: 0.0000983215 Loss content:  0.0166 Loss fft:  0.8068 Loss dta_rank:  0.7402 Loss dta_tv:  0.0304 Loss dta_proxy:  0.4423 Loss dta_trans:  0.0061 Loss dta_phys:  0.0069 Loss dta_preserve:  0.0052
Time:  0.0780 Epoch: 005 Iter:  450/ 600 LR: 0.0000983215 Loss content:  0.0163 Loss fft:  0.7783 Loss dta_rank:  0.7415 Loss dta_tv:  0.0303 Loss dta_proxy:  0.4208 Loss dta_trans:  0.0061 Loss dta_phys:  0.0065 Loss dta_preserve:  0.0047
Time:  0.0757 Epoch: 005 Iter:  500/ 600 LR: 0.0000983215 Loss content:  0.0172 Loss fft:  0.8200 Loss dta_rank:  0.7413 Loss dta_tv:  0.0297 Loss dta_proxy:  0.4408 Loss dta_trans:  0.0060 Loss dta_phys:  0.0071 Loss dta_preserve:  0.0052
Time:  0.0752 Epoch: 005 Iter:  550/ 600 LR: 0.0000983215 Loss content:  0.0170 Loss fft:  0.7967 Loss dta_rank:  0.7383 Loss dta_tv:  0.0303 Loss dta_proxy:  0.4292 Loss dta_trans:  0.0068 Loss dta_phys:  0.0068 Loss dta_preserve:  0.0052
Time:  0.0710 Epoch: 005 Iter:  600/ 600 LR: 0.0000983215 Loss content:  0.0168 Loss fft:  0.8162 Loss dta_rank:  0.7376 Loss dta_tv:  0.0292 Loss dta_proxy:  0.4459 Loss dta_trans:  0.0067 Loss dta_phys:  0.0068 Loss dta_preserve:  0.0065
EPOCH: 05
Elapsed time: 0.90 Epoch Pixel Loss:  0.0170 Epoch FFT Loss:  0.8155 Epoch DTA Rank:  0.7399 Epoch DTA TV:  0.0300 Epoch DTA Proxy:  0.4352 Epoch DTA Trans:  0.0068 Epoch DTA Phys:  0.0068 Epoch DTA Preserve:  0.0052
DTA_GATE_RAMP epoch=6 gate_limit=0.030000
Time:  0.0786 Epoch: 006 Iter:   50/ 600 LR: 0.0000942212 Loss content:  0.0172 Loss fft:  0.8249 Loss dta_rank:  0.7364 Loss dta_tv:  0.0295 Loss dta_proxy:  0.4257 Loss dta_trans:  0.0068 Loss dta_phys:  0.0067 Loss dta_preserve:  0.0053
Time:  0.0770 Epoch: 006 Iter:  100/ 600 LR: 0.0000942212 Loss content:  0.0176 Loss fft:  0.8236 Loss dta_rank:  0.7394 Loss dta_tv:  0.0290 Loss dta_proxy:  0.4490 Loss dta_trans:  0.0058 Loss dta_phys:  0.0059 Loss dta_preserve:  0.0043
Time:  0.0767 Epoch: 006 Iter:  150/ 600 LR: 0.0000942212 Loss content:  0.0171 Loss fft:  0.8239 Loss dta_rank:  0.7413 Loss dta_tv:  0.0292 Loss dta_proxy:  0.4404 Loss dta_trans:  0.0057 Loss dta_phys:  0.0066 Loss dta_preserve:  0.0057
Time:  0.0751 Epoch: 006 Iter:  200/ 600 LR: 0.0000942212 Loss content:  0.0172 Loss fft:  0.8293 Loss dta_rank:  0.7494 Loss dta_tv:  0.0296 Loss dta_proxy:  0.4426 Loss dta_trans:  0.0064 Loss dta_phys:  0.0073 Loss dta_preserve:  0.0056
Time:  0.0721 Epoch: 006 Iter:  250/ 600 LR: 0.0000942212 Loss content:  0.0170 Loss fft:  0.8124 Loss dta_rank:  0.7339 Loss dta_tv:  0.0305 Loss dta_proxy:  0.4184 Loss dta_trans:  0.0066 Loss dta_phys:  0.0071 Loss dta_preserve:  0.0063
Time:  0.0732 Epoch: 006 Iter:  300/ 600 LR: 0.0000942212 Loss content:  0.0177 Loss fft:  0.8030 Loss dta_rank:  0.7333 Loss dta_tv:  0.0292 Loss dta_proxy:  0.4299 Loss dta_trans:  0.0062 Loss dta_phys:  0.0065 Loss dta_preserve:  0.0056
Time:  0.0740 Epoch: 006 Iter:  350/ 600 LR: 0.0000942212 Loss content:  0.0174 Loss fft:  0.8612 Loss dta_rank:  0.7405 Loss dta_tv:  0.0289 Loss dta_proxy:  0.4309 Loss dta_trans:  0.0060 Loss dta_phys:  0.0059 Loss dta_preserve:  0.0048
Time:  0.0726 Epoch: 006 Iter:  400/ 600 LR: 0.0000942212 Loss content:  0.0168 Loss fft:  0.7789 Loss dta_rank:  0.7378 Loss dta_tv:  0.0293 Loss dta_proxy:  0.4243 Loss dta_trans:  0.0056 Loss dta_phys:  0.0069 Loss dta_preserve:  0.0054
Time:  0.0690 Epoch: 006 Iter:  450/ 600 LR: 0.0000942212 Loss content:  0.0170 Loss fft:  0.8420 Loss dta_rank:  0.7477 Loss dta_tv:  0.0290 Loss dta_proxy:  0.4314 Loss dta_trans:  0.0056 Loss dta_phys:  0.0070 Loss dta_preserve:  0.0053
Time:  0.0776 Epoch: 006 Iter:  500/ 600 LR: 0.0000942212 Loss content:  0.0164 Loss fft:  0.8186 Loss dta_rank:  0.7451 Loss dta_tv:  0.0285 Loss dta_proxy:  0.4477 Loss dta_trans:  0.0071 Loss dta_phys:  0.0069 Loss dta_preserve:  0.0062
Time:  0.0754 Epoch: 006 Iter:  550/ 600 LR: 0.0000942212 Loss content:  0.0160 Loss fft:  0.7793 Loss dta_rank:  0.7359 Loss dta_tv:  0.0290 Loss dta_proxy:  0.4289 Loss dta_trans:  0.0079 Loss dta_phys:  0.0072 Loss dta_preserve:  0.0058
Time:  0.0748 Epoch: 006 Iter:  600/ 600 LR: 0.0000942212 Loss content:  0.0169 Loss fft:  0.8174 Loss dta_rank:  0.7400 Loss dta_tv:  0.0275 Loss dta_proxy:  0.4614 Loss dta_trans:  0.0069 Loss dta_phys:  0.0076 Loss dta_preserve:  0.0040
EPOCH: 06
Elapsed time: 0.90 Epoch Pixel Loss:  0.0170 Epoch FFT Loss:  0.8179 Epoch DTA Rank:  0.7401 Epoch DTA TV:  0.0291 Epoch DTA Proxy:  0.4359 Epoch DTA Trans:  0.0064 Epoch DTA Phys:  0.0068 Epoch DTA Preserve:  0.0054
DTA_GATE_RAMP epoch=7 gate_limit=0.030000
Time:  0.0708 Epoch: 007 Iter:   50/ 600 LR: 0.0000886874 Loss content:  0.0174 Loss fft:  0.8232 Loss dta_rank:  0.7348 Loss dta_tv:  0.0282 Loss dta_proxy:  0.4453 Loss dta_trans:  0.0065 Loss dta_phys:  0.0063 Loss dta_preserve:  0.0051
Time:  0.0725 Epoch: 007 Iter:  100/ 600 LR: 0.0000886874 Loss content:  0.0176 Loss fft:  0.8369 Loss dta_rank:  0.7441 Loss dta_tv:  0.0283 Loss dta_proxy:  0.4468 Loss dta_trans:  0.0058 Loss dta_phys:  0.0077 Loss dta_preserve:  0.0066
Time:  0.0739 Epoch: 007 Iter:  150/ 600 LR: 0.0000886874 Loss content:  0.0165 Loss fft:  0.7960 Loss dta_rank:  0.7340 Loss dta_tv:  0.0290 Loss dta_proxy:  0.4202 Loss dta_trans:  0.0068 Loss dta_phys:  0.0069 Loss dta_preserve:  0.0054
Time:  0.0703 Epoch: 007 Iter:  200/ 600 LR: 0.0000886874 Loss content:  0.0168 Loss fft:  0.8221 Loss dta_rank:  0.7420 Loss dta_tv:  0.0291 Loss dta_proxy:  0.4046 Loss dta_trans:  0.0065 Loss dta_phys:  0.0059 Loss dta_preserve:  0.0050
Time:  0.0757 Epoch: 007 Iter:  250/ 600 LR: 0.0000886874 Loss content:  0.0173 Loss fft:  0.8278 Loss dta_rank:  0.7471 Loss dta_tv:  0.0272 Loss dta_proxy:  0.4556 Loss dta_trans:  0.0063 Loss dta_phys:  0.0065 Loss dta_preserve:  0.0071
Time:  0.0769 Epoch: 007 Iter:  300/ 600 LR: 0.0000886874 Loss content:  0.0171 Loss fft:  0.8278 Loss dta_rank:  0.7436 Loss dta_tv:  0.0271 Loss dta_proxy:  0.4513 Loss dta_trans:  0.0071 Loss dta_phys:  0.0070 Loss dta_preserve:  0.0054
Time:  0.0745 Epoch: 007 Iter:  350/ 600 LR: 0.0000886874 Loss content:  0.0174 Loss fft:  0.8272 Loss dta_rank:  0.7440 Loss dta_tv:  0.0285 Loss dta_proxy:  0.4318 Loss dta_trans:  0.0065 Loss dta_phys:  0.0070 Loss dta_preserve:  0.0058
Time:  0.0707 Epoch: 007 Iter:  400/ 600 LR: 0.0000886874 Loss content:  0.0169 Loss fft:  0.8440 Loss dta_rank:  0.7419 Loss dta_tv:  0.0282 Loss dta_proxy:  0.4349 Loss dta_trans:  0.0061 Loss dta_phys:  0.0068 Loss dta_preserve:  0.0043
Time:  0.0728 Epoch: 007 Iter:  450/ 600 LR: 0.0000886874 Loss content:  0.0174 Loss fft:  0.8223 Loss dta_rank:  0.7361 Loss dta_tv:  0.0283 Loss dta_proxy:  0.4327 Loss dta_trans:  0.0064 Loss dta_phys:  0.0065 Loss dta_preserve:  0.0039
Time:  0.0749 Epoch: 007 Iter:  500/ 600 LR: 0.0000886874 Loss content:  0.0161 Loss fft:  0.7956 Loss dta_rank:  0.7375 Loss dta_tv:  0.0283 Loss dta_proxy:  0.4327 Loss dta_trans:  0.0062 Loss dta_phys:  0.0065 Loss dta_preserve:  0.0052
Time:  0.0784 Epoch: 007 Iter:  550/ 600 LR: 0.0000886874 Loss content:  0.0167 Loss fft:  0.8115 Loss dta_rank:  0.7454 Loss dta_tv:  0.0282 Loss dta_proxy:  0.4463 Loss dta_trans:  0.0067 Loss dta_phys:  0.0074 Loss dta_preserve:  0.0045
Time:  0.0739 Epoch: 007 Iter:  600/ 600 LR: 0.0000886874 Loss content:  0.0162 Loss fft:  0.7933 Loss dta_rank:  0.7382 Loss dta_tv:  0.0275 Loss dta_proxy:  0.4439 Loss dta_trans:  0.0055 Loss dta_phys:  0.0073 Loss dta_preserve:  0.0047
EPOCH: 07
Elapsed time: 0.89 Epoch Pixel Loss:  0.0170 Epoch FFT Loss:  0.8190 Epoch DTA Rank:  0.7407 Epoch DTA TV:  0.0282 Epoch DTA Proxy:  0.4372 Epoch DTA Trans:  0.0064 Epoch DTA Phys:  0.0068 Epoch DTA Preserve:  0.0052
DTA_GATE_RAMP epoch=8 gate_limit=0.030000
Time:  0.0817 Epoch: 008 Iter:   50/ 600 LR: 0.0000819070 Loss content:  0.0176 Loss fft:  0.8313 Loss dta_rank:  0.7365 Loss dta_tv:  0.0283 Loss dta_proxy:  0.4324 Loss dta_trans:  0.0057 Loss dta_phys:  0.0061 Loss dta_preserve:  0.0061
Time:  0.0734 Epoch: 008 Iter:  100/ 600 LR: 0.0000819070 Loss content:  0.0173 Loss fft:  0.7992 Loss dta_rank:  0.7403 Loss dta_tv:  0.0283 Loss dta_proxy:  0.4259 Loss dta_trans:  0.0070 Loss dta_phys:  0.0069 Loss dta_preserve:  0.0052
Time:  0.0715 Epoch: 008 Iter:  150/ 600 LR: 0.0000819070 Loss content:  0.0170 Loss fft:  0.8101 Loss dta_rank:  0.7312 Loss dta_tv:  0.0282 Loss dta_proxy:  0.4276 Loss dta_trans:  0.0078 Loss dta_phys:  0.0070 Loss dta_preserve:  0.0039
Time:  0.0716 Epoch: 008 Iter:  200/ 600 LR: 0.0000819070 Loss content:  0.0178 Loss fft:  0.8811 Loss dta_rank:  0.7474 Loss dta_tv:  0.0278 Loss dta_proxy:  0.4475 Loss dta_trans:  0.0057 Loss dta_phys:  0.0065 Loss dta_preserve:  0.0048
Time:  0.0747 Epoch: 008 Iter:  250/ 600 LR: 0.0000819070 Loss content:  0.0166 Loss fft:  0.8395 Loss dta_rank:  0.7425 Loss dta_tv:  0.0288 Loss dta_proxy:  0.4295 Loss dta_trans:  0.0072 Loss dta_phys:  0.0066 Loss dta_preserve:  0.0043
Time:  0.0752 Epoch: 008 Iter:  300/ 600 LR: 0.0000819070 Loss content:  0.0169 Loss fft:  0.8195 Loss dta_rank:  0.7399 Loss dta_tv:  0.0284 Loss dta_proxy:  0.4251 Loss dta_trans:  0.0066 Loss dta_phys:  0.0072 Loss dta_preserve:  0.0045
Time:  0.0727 Epoch: 008 Iter:  350/ 600 LR: 0.0000819070 Loss content:  0.0174 Loss fft:  0.8483 Loss dta_rank:  0.7424 Loss dta_tv:  0.0275 Loss dta_proxy:  0.4363 Loss dta_trans:  0.0054 Loss dta_phys:  0.0066 Loss dta_preserve:  0.0050
Time:  0.0691 Epoch: 008 Iter:  400/ 600 LR: 0.0000819070 Loss content:  0.0172 Loss fft:  0.8039 Loss dta_rank:  0.7415 Loss dta_tv:  0.0278 Loss dta_proxy:  0.4411 Loss dta_trans:  0.0061 Loss dta_phys:  0.0068 Loss dta_preserve:  0.0063
Time:  0.0701 Epoch: 008 Iter:  450/ 600 LR: 0.0000819070 Loss content:  0.0163 Loss fft:  0.8058 Loss dta_rank:  0.7444 Loss dta_tv:  0.0273 Loss dta_proxy:  0.4433 Loss dta_trans:  0.0056 Loss dta_phys:  0.0068 Loss dta_preserve:  0.0067
Time:  0.0702 Epoch: 008 Iter:  500/ 600 LR: 0.0000819070 Loss content:  0.0178 Loss fft:  0.8428 Loss dta_rank:  0.7342 Loss dta_tv:  0.0272 Loss dta_proxy:  0.4392 Loss dta_trans:  0.0051 Loss dta_phys:  0.0066 Loss dta_preserve:  0.0059
Time:  0.0675 Epoch: 008 Iter:  550/ 600 LR: 0.0000819070 Loss content:  0.0176 Loss fft:  0.8291 Loss dta_rank:  0.7416 Loss dta_tv:  0.0275 Loss dta_proxy:  0.4439 Loss dta_trans:  0.0062 Loss dta_phys:  0.0072 Loss dta_preserve:  0.0052
Time:  0.0643 Epoch: 008 Iter:  600/ 600 LR: 0.0000819070 Loss content:  0.0171 Loss fft:  0.8038 Loss dta_rank:  0.7411 Loss dta_tv:  0.0275 Loss dta_proxy:  0.4490 Loss dta_trans:  0.0053 Loss dta_phys:  0.0073 Loss dta_preserve:  0.0048
EPOCH: 08
Elapsed time: 0.87 Epoch Pixel Loss:  0.0172 Epoch FFT Loss:  0.8262 Epoch DTA Rank:  0.7402 Epoch DTA TV:  0.0279 Epoch DTA Proxy:  0.4367 Epoch DTA Trans:  0.0061 Epoch DTA Phys:  0.0068 Epoch DTA Preserve:  0.0052
DTA_GATE_RAMP epoch=9 gate_limit=0.060000
Time:  0.0806 Epoch: 009 Iter:   50/ 600 LR: 0.0000741093 Loss content:  0.0166 Loss fft:  0.7977 Loss dta_rank:  0.7410 Loss dta_tv:  0.0267 Loss dta_proxy:  0.4437 Loss dta_trans:  0.0059 Loss dta_phys:  0.0068 Loss dta_preserve:  0.0066
Time:  0.0732 Epoch: 009 Iter:  100/ 600 LR: 0.0000741093 Loss content:  0.0176 Loss fft:  0.8317 Loss dta_rank:  0.7424 Loss dta_tv:  0.0284 Loss dta_proxy:  0.4193 Loss dta_trans:  0.0063 Loss dta_phys:  0.0065 Loss dta_preserve:  0.0045
Time:  0.0749 Epoch: 009 Iter:  150/ 600 LR: 0.0000741093 Loss content:  0.0179 Loss fft:  0.8259 Loss dta_rank:  0.7421 Loss dta_tv:  0.0270 Loss dta_proxy:  0.4407 Loss dta_trans:  0.0057 Loss dta_phys:  0.0073 Loss dta_preserve:  0.0056
Time:  0.0758 Epoch: 009 Iter:  200/ 600 LR: 0.0000741093 Loss content:  0.0167 Loss fft:  0.7840 Loss dta_rank:  0.7359 Loss dta_tv:  0.0276 Loss dta_proxy:  0.4284 Loss dta_trans:  0.0067 Loss dta_phys:  0.0063 Loss dta_preserve:  0.0047
Time:  0.0737 Epoch: 009 Iter:  250/ 600 LR: 0.0000741093 Loss content:  0.0174 Loss fft:  0.8098 Loss dta_rank:  0.7381 Loss dta_tv:  0.0274 Loss dta_proxy:  0.4450 Loss dta_trans:  0.0057 Loss dta_phys:  0.0065 Loss dta_preserve:  0.0038
Time:  0.0740 Epoch: 009 Iter:  300/ 600 LR: 0.0000741093 Loss content:  0.0168 Loss fft:  0.8538 Loss dta_rank:  0.7397 Loss dta_tv:  0.0267 Loss dta_proxy:  0.4552 Loss dta_trans:  0.0054 Loss dta_phys:  0.0070 Loss dta_preserve:  0.0046
Time:  0.0751 Epoch: 009 Iter:  350/ 600 LR: 0.0000741093 Loss content:  0.0180 Loss fft:  0.8334 Loss dta_rank:  0.7369 Loss dta_tv:  0.0269 Loss dta_proxy:  0.4453 Loss dta_trans:  0.0060 Loss dta_phys:  0.0073 Loss dta_preserve:  0.0059
Time:  0.0746 Epoch: 009 Iter:  400/ 600 LR: 0.0000741093 Loss content:  0.0175 Loss fft:  0.8234 Loss dta_rank:  0.7369 Loss dta_tv:  0.0267 Loss dta_proxy:  0.4531 Loss dta_trans:  0.0068 Loss dta_phys:  0.0068 Loss dta_preserve:  0.0064
Time:  0.0742 Epoch: 009 Iter:  450/ 600 LR: 0.0000741093 Loss content:  0.0169 Loss fft:  0.8093 Loss dta_rank:  0.7343 Loss dta_tv:  0.0277 Loss dta_proxy:  0.4203 Loss dta_trans:  0.0066 Loss dta_phys:  0.0063 Loss dta_preserve:  0.0047
Time:  0.0751 Epoch: 009 Iter:  500/ 600 LR: 0.0000741093 Loss content:  0.0169 Loss fft:  0.8250 Loss dta_rank:  0.7456 Loss dta_tv:  0.0273 Loss dta_proxy:  0.4348 Loss dta_trans:  0.0055 Loss dta_phys:  0.0068 Loss dta_preserve:  0.0038
Time:  0.0766 Epoch: 009 Iter:  550/ 600 LR: 0.0000741093 Loss content:  0.0182 Loss fft:  0.8427 Loss dta_rank:  0.7395 Loss dta_tv:  0.0270 Loss dta_proxy:  0.4551 Loss dta_trans:  0.0057 Loss dta_phys:  0.0071 Loss dta_preserve:  0.0058
Time:  0.0720 Epoch: 009 Iter:  600/ 600 LR: 0.0000741093 Loss content:  0.0169 Loss fft:  0.8149 Loss dta_rank:  0.7382 Loss dta_tv:  0.0274 Loss dta_proxy:  0.4388 Loss dta_trans:  0.0068 Loss dta_phys:  0.0071 Loss dta_preserve:  0.0051
EPOCH: 09
Elapsed time: 0.90 Epoch Pixel Loss:  0.0173 Epoch FFT Loss:  0.8210 Epoch DTA Rank:  0.7392 Epoch DTA TV:  0.0272 Epoch DTA Proxy:  0.4400 Epoch DTA Trans:  0.0061 Epoch DTA Phys:  0.0068 Epoch DTA Preserve:  0.0051
DTA_GATE_RAMP epoch=10 gate_limit=0.060000
Time:  0.0823 Epoch: 010 Iter:   50/ 600 LR: 0.0000655580 Loss content:  0.0177 Loss fft:  0.8446 Loss dta_rank:  0.7373 Loss dta_tv:  0.0272 Loss dta_proxy:  0.4287 Loss dta_trans:  0.0052 Loss dta_phys:  0.0061 Loss dta_preserve:  0.0039
Time:  0.0759 Epoch: 010 Iter:  100/ 600 LR: 0.0000655580 Loss content:  0.0174 Loss fft:  0.8328 Loss dta_rank:  0.7445 Loss dta_tv:  0.0272 Loss dta_proxy:  0.4446 Loss dta_trans:  0.0063 Loss dta_phys:  0.0063 Loss dta_preserve:  0.0047
Time:  0.0717 Epoch: 010 Iter:  150/ 600 LR: 0.0000655580 Loss content:  0.0171 Loss fft:  0.8344 Loss dta_rank:  0.7430 Loss dta_tv:  0.0275 Loss dta_proxy:  0.4506 Loss dta_trans:  0.0053 Loss dta_phys:  0.0068 Loss dta_preserve:  0.0048
Time:  0.0679 Epoch: 010 Iter:  200/ 600 LR: 0.0000655580 Loss content:  0.0176 Loss fft:  0.8349 Loss dta_rank:  0.7441 Loss dta_tv:  0.0269 Loss dta_proxy:  0.4478 Loss dta_trans:  0.0055 Loss dta_phys:  0.0061 Loss dta_preserve:  0.0053
Time:  0.0663 Epoch: 010 Iter:  250/ 600 LR: 0.0000655580 Loss content:  0.0175 Loss fft:  0.8133 Loss dta_rank:  0.7413 Loss dta_tv:  0.0265 Loss dta_proxy:  0.4584 Loss dta_trans:  0.0060 Loss dta_phys:  0.0073 Loss dta_preserve:  0.0048
Time:  0.0709 Epoch: 010 Iter:  300/ 600 LR: 0.0000655580 Loss content:  0.0166 Loss fft:  0.7897 Loss dta_rank:  0.7388 Loss dta_tv:  0.0275 Loss dta_proxy:  0.4208 Loss dta_trans:  0.0063 Loss dta_phys:  0.0073 Loss dta_preserve:  0.0047
Time:  0.0730 Epoch: 010 Iter:  350/ 600 LR: 0.0000655580 Loss content:  0.0168 Loss fft:  0.8103 Loss dta_rank:  0.7394 Loss dta_tv:  0.0269 Loss dta_proxy:  0.4581 Loss dta_trans:  0.0060 Loss dta_phys:  0.0071 Loss dta_preserve:  0.0055
Time:  0.0742 Epoch: 010 Iter:  400/ 600 LR: 0.0000655580 Loss content:  0.0168 Loss fft:  0.8143 Loss dta_rank:  0.7394 Loss dta_tv:  0.0272 Loss dta_proxy:  0.4231 Loss dta_trans:  0.0069 Loss dta_phys:  0.0069 Loss dta_preserve:  0.0051
Time:  0.0736 Epoch: 010 Iter:  450/ 600 LR: 0.0000655580 Loss content:  0.0171 Loss fft:  0.8465 Loss dta_rank:  0.7363 Loss dta_tv:  0.0268 Loss dta_proxy:  0.4401 Loss dta_trans:  0.0063 Loss dta_phys:  0.0069 Loss dta_preserve:  0.0051
Time:  0.0754 Epoch: 010 Iter:  500/ 600 LR: 0.0000655580 Loss content:  0.0172 Loss fft:  0.8150 Loss dta_rank:  0.7452 Loss dta_tv:  0.0268 Loss dta_proxy:  0.4443 Loss dta_trans:  0.0059 Loss dta_phys:  0.0070 Loss dta_preserve:  0.0055
Time:  0.0738 Epoch: 010 Iter:  550/ 600 LR: 0.0000655580 Loss content:  0.0178 Loss fft:  0.8427 Loss dta_rank:  0.7400 Loss dta_tv:  0.0264 Loss dta_proxy:  0.4573 Loss dta_trans:  0.0052 Loss dta_phys:  0.0072 Loss dta_preserve:  0.0058
Time:  0.0731 Epoch: 010 Iter:  600/ 600 LR: 0.0000655580 Loss content:  0.0179 Loss fft:  0.8205 Loss dta_rank:  0.7421 Loss dta_tv:  0.0266 Loss dta_proxy:  0.4473 Loss dta_trans:  0.0057 Loss dta_phys:  0.0070 Loss dta_preserve:  0.0062
EPOCH: 10
Elapsed time: 0.88 Epoch Pixel Loss:  0.0173 Epoch FFT Loss:  0.8249 Epoch DTA Rank:  0.7410 Epoch DTA TV:  0.0270 Epoch DTA Proxy:  0.4434 Epoch DTA Trans:  0.0059 Epoch DTA Phys:  0.0068 Epoch DTA Preserve:  0.0051
DTA_GATE_RAMP epoch=11 gate_limit=0.060000
Time:  0.0725 Epoch: 011 Iter:   50/ 600 LR: 0.0000565424 Loss content:  0.0170 Loss fft:  0.8176 Loss dta_rank:  0.7425 Loss dta_tv:  0.0268 Loss dta_proxy:  0.4372 Loss dta_trans:  0.0051 Loss dta_phys:  0.0058 Loss dta_preserve:  0.0051
Time:  0.0745 Epoch: 011 Iter:  100/ 600 LR: 0.0000565424 Loss content:  0.0171 Loss fft:  0.8344 Loss dta_rank:  0.7357 Loss dta_tv:  0.0273 Loss dta_proxy:  0.4381 Loss dta_trans:  0.0059 Loss dta_phys:  0.0072 Loss dta_preserve:  0.0063
Time:  0.0742 Epoch: 011 Iter:  150/ 600 LR: 0.0000565424 Loss content:  0.0170 Loss fft:  0.7950 Loss dta_rank:  0.7351 Loss dta_tv:  0.0272 Loss dta_proxy:  0.4292 Loss dta_trans:  0.0062 Loss dta_phys:  0.0068 Loss dta_preserve:  0.0043
Time:  0.0739 Epoch: 011 Iter:  200/ 600 LR: 0.0000565424 Loss content:  0.0174 Loss fft:  0.8412 Loss dta_rank:  0.7427 Loss dta_tv:  0.0263 Loss dta_proxy:  0.4455 Loss dta_trans:  0.0061 Loss dta_phys:  0.0065 Loss dta_preserve:  0.0042
Time:  0.0703 Epoch: 011 Iter:  250/ 600 LR: 0.0000565424 Loss content:  0.0175 Loss fft:  0.8800 Loss dta_rank:  0.7433 Loss dta_tv:  0.0275 Loss dta_proxy:  0.4335 Loss dta_trans:  0.0054 Loss dta_phys:  0.0060 Loss dta_preserve:  0.0055
Time:  0.0712 Epoch: 011 Iter:  300/ 600 LR: 0.0000565424 Loss content:  0.0164 Loss fft:  0.7880 Loss dta_rank:  0.7468 Loss dta_tv:  0.0277 Loss dta_proxy:  0.4319 Loss dta_trans:  0.0065 Loss dta_phys:  0.0069 Loss dta_preserve:  0.0039
Time:  0.0760 Epoch: 011 Iter:  350/ 600 LR: 0.0000565424 Loss content:  0.0172 Loss fft:  0.8455 Loss dta_rank:  0.7469 Loss dta_tv:  0.0269 Loss dta_proxy:  0.4525 Loss dta_trans:  0.0060 Loss dta_phys:  0.0066 Loss dta_preserve:  0.0062
Time:  0.0728 Epoch: 011 Iter:  400/ 600 LR: 0.0000565424 Loss content:  0.0171 Loss fft:  0.7807 Loss dta_rank:  0.7360 Loss dta_tv:  0.0263 Loss dta_proxy:  0.4395 Loss dta_trans:  0.0062 Loss dta_phys:  0.0071 Loss dta_preserve:  0.0044
Time:  0.0734 Epoch: 011 Iter:  450/ 600 LR: 0.0000565424 Loss content:  0.0166 Loss fft:  0.8153 Loss dta_rank:  0.7403 Loss dta_tv:  0.0269 Loss dta_proxy:  0.4320 Loss dta_trans:  0.0061 Loss dta_phys:  0.0071 Loss dta_preserve:  0.0055
Time:  0.0751 Epoch: 011 Iter:  500/ 600 LR: 0.0000565424 Loss content:  0.0173 Loss fft:  0.8258 Loss dta_rank:  0.7391 Loss dta_tv:  0.0265 Loss dta_proxy:  0.4454 Loss dta_trans:  0.0058 Loss dta_phys:  0.0068 Loss dta_preserve:  0.0046
Time:  0.0769 Epoch: 011 Iter:  550/ 600 LR: 0.0000565424 Loss content:  0.0174 Loss fft:  0.8131 Loss dta_rank:  0.7398 Loss dta_tv:  0.0267 Loss dta_proxy:  0.4570 Loss dta_trans:  0.0056 Loss dta_phys:  0.0067 Loss dta_preserve:  0.0062
Time:  0.0724 Epoch: 011 Iter:  600/ 600 LR: 0.0000565424 Loss content:  0.0168 Loss fft:  0.7824 Loss dta_rank:  0.7324 Loss dta_tv:  0.0269 Loss dta_proxy:  0.4367 Loss dta_trans:  0.0064 Loss dta_phys:  0.0074 Loss dta_preserve:  0.0055
EPOCH: 11
Elapsed time: 0.89 Epoch Pixel Loss:  0.0171 Epoch FFT Loss:  0.8182 Epoch DTA Rank:  0.7400 Epoch DTA TV:  0.0269 Epoch DTA Proxy:  0.4399 Epoch DTA Trans:  0.0059 Epoch DTA Phys:  0.0068 Epoch DTA Preserve:  0.0051
DTA_GATE_RAMP epoch=12 gate_limit=0.060000
Time:  0.0779 Epoch: 012 Iter:   50/ 600 LR: 0.0000473670 Loss content:  0.0177 Loss fft:  0.8186 Loss dta_rank:  0.7433 Loss dta_tv:  0.0263 Loss dta_proxy:  0.4448 Loss dta_trans:  0.0059 Loss dta_phys:  0.0069 Loss dta_preserve:  0.0066
Time:  0.0725 Epoch: 012 Iter:  100/ 600 LR: 0.0000473670 Loss content:  0.0160 Loss fft:  0.7827 Loss dta_rank:  0.7366 Loss dta_tv:  0.0269 Loss dta_proxy:  0.4382 Loss dta_trans:  0.0053 Loss dta_phys:  0.0068 Loss dta_preserve:  0.0047
Time:  0.0744 Epoch: 012 Iter:  150/ 600 LR: 0.0000473670 Loss content:  0.0177 Loss fft:  0.8282 Loss dta_rank:  0.7400 Loss dta_tv:  0.0278 Loss dta_proxy:  0.4424 Loss dta_trans:  0.0063 Loss dta_phys:  0.0068 Loss dta_preserve:  0.0045
Time:  0.0695 Epoch: 012 Iter:  200/ 600 LR: 0.0000473670 Loss content:  0.0163 Loss fft:  0.7995 Loss dta_rank:  0.7421 Loss dta_tv:  0.0274 Loss dta_proxy:  0.4328 Loss dta_trans:  0.0060 Loss dta_phys:  0.0069 Loss dta_preserve:  0.0050
Time:  0.0760 Epoch: 012 Iter:  250/ 600 LR: 0.0000473670 Loss content:  0.0176 Loss fft:  0.8319 Loss dta_rank:  0.7373 Loss dta_tv:  0.0264 Loss dta_proxy:  0.4547 Loss dta_trans:  0.0057 Loss dta_phys:  0.0072 Loss dta_preserve:  0.0076
Time:  0.0743 Epoch: 012 Iter:  300/ 600 LR: 0.0000473670 Loss content:  0.0167 Loss fft:  0.8134 Loss dta_rank:  0.7407 Loss dta_tv:  0.0275 Loss dta_proxy:  0.4181 Loss dta_trans:  0.0062 Loss dta_phys:  0.0066 Loss dta_preserve:  0.0041
Time:  0.0698 Epoch: 012 Iter:  350/ 600 LR: 0.0000473670 Loss content:  0.0167 Loss fft:  0.8028 Loss dta_rank:  0.7420 Loss dta_tv:  0.0274 Loss dta_proxy:  0.4337 Loss dta_trans:  0.0060 Loss dta_phys:  0.0072 Loss dta_preserve:  0.0054
Time:  0.0741 Epoch: 012 Iter:  400/ 600 LR: 0.0000473670 Loss content:  0.0174 Loss fft:  0.8313 Loss dta_rank:  0.7365 Loss dta_tv:  0.0268 Loss dta_proxy:  0.4307 Loss dta_trans:  0.0059 Loss dta_phys:  0.0060 Loss dta_preserve:  0.0053
Time:  0.0786 Epoch: 012 Iter:  450/ 600 LR: 0.0000473670 Loss content:  0.0177 Loss fft:  0.8256 Loss dta_rank:  0.7376 Loss dta_tv:  0.0265 Loss dta_proxy:  0.4461 Loss dta_trans:  0.0062 Loss dta_phys:  0.0069 Loss dta_preserve:  0.0057
Time:  0.0746 Epoch: 012 Iter:  500/ 600 LR: 0.0000473670 Loss content:  0.0182 Loss fft:  0.8411 Loss dta_rank:  0.7469 Loss dta_tv:  0.0270 Loss dta_proxy:  0.4383 Loss dta_trans:  0.0062 Loss dta_phys:  0.0063 Loss dta_preserve:  0.0059
Time:  0.0764 Epoch: 012 Iter:  550/ 600 LR: 0.0000473670 Loss content:  0.0174 Loss fft:  0.8358 Loss dta_rank:  0.7447 Loss dta_tv:  0.0258 Loss dta_proxy:  0.4667 Loss dta_trans:  0.0058 Loss dta_phys:  0.0072 Loss dta_preserve:  0.0049
Time:  0.0771 Epoch: 012 Iter:  600/ 600 LR: 0.0000473670 Loss content:  0.0174 Loss fft:  0.8254 Loss dta_rank:  0.7454 Loss dta_tv:  0.0267 Loss dta_proxy:  0.4340 Loss dta_trans:  0.0057 Loss dta_phys:  0.0070 Loss dta_preserve:  0.0056
EPOCH: 12
Elapsed time: 0.90 Epoch Pixel Loss:  0.0172 Epoch FFT Loss:  0.8197 Epoch DTA Rank:  0.7411 Epoch DTA TV:  0.0269 Epoch DTA Proxy:  0.4401 Epoch DTA Trans:  0.0059 Epoch DTA Phys:  0.0068 Epoch DTA Preserve:  0.0054
DTA_GATE_RAMP epoch=13 gate_limit=0.060000
Time:  0.0716 Epoch: 013 Iter:   50/ 600 LR: 0.0000383414 Loss content:  0.0173 Loss fft:  0.8293 Loss dta_rank:  0.7402 Loss dta_tv:  0.0268 Loss dta_proxy:  0.4468 Loss dta_trans:  0.0055 Loss dta_phys:  0.0062 Loss dta_preserve:  0.0044
Time:  0.0636 Epoch: 013 Iter:  100/ 600 LR: 0.0000383414 Loss content:  0.0168 Loss fft:  0.8106 Loss dta_rank:  0.7422 Loss dta_tv:  0.0268 Loss dta_proxy:  0.4300 Loss dta_trans:  0.0061 Loss dta_phys:  0.0059 Loss dta_preserve:  0.0064
Time:  0.0701 Epoch: 013 Iter:  150/ 600 LR: 0.0000383414 Loss content:  0.0170 Loss fft:  0.8047 Loss dta_rank:  0.7451 Loss dta_tv:  0.0256 Loss dta_proxy:  0.4642 Loss dta_trans:  0.0053 Loss dta_phys:  0.0070 Loss dta_preserve:  0.0045
Time:  0.0669 Epoch: 013 Iter:  200/ 600 LR: 0.0000383414 Loss content:  0.0172 Loss fft:  0.8132 Loss dta_rank:  0.7420 Loss dta_tv:  0.0264 Loss dta_proxy:  0.4507 Loss dta_trans:  0.0057 Loss dta_phys:  0.0078 Loss dta_preserve:  0.0046
Time:  0.0733 Epoch: 013 Iter:  250/ 600 LR: 0.0000383414 Loss content:  0.0165 Loss fft:  0.8149 Loss dta_rank:  0.7422 Loss dta_tv:  0.0271 Loss dta_proxy:  0.4223 Loss dta_trans:  0.0068 Loss dta_phys:  0.0067 Loss dta_preserve:  0.0042
Time:  0.0741 Epoch: 013 Iter:  300/ 600 LR: 0.0000383414 Loss content:  0.0181 Loss fft:  0.8419 Loss dta_rank:  0.7352 Loss dta_tv:  0.0266 Loss dta_proxy:  0.4443 Loss dta_trans:  0.0055 Loss dta_phys:  0.0069 Loss dta_preserve:  0.0070
Time:  0.0704 Epoch: 013 Iter:  350/ 600 LR: 0.0000383414 Loss content:  0.0168 Loss fft:  0.8037 Loss dta_rank:  0.7419 Loss dta_tv:  0.0264 Loss dta_proxy:  0.4594 Loss dta_trans:  0.0061 Loss dta_phys:  0.0067 Loss dta_preserve:  0.0041
Time:  0.0658 Epoch: 013 Iter:  400/ 600 LR: 0.0000383414 Loss content:  0.0165 Loss fft:  0.8076 Loss dta_rank:  0.7395 Loss dta_tv:  0.0269 Loss dta_proxy:  0.4280 Loss dta_trans:  0.0060 Loss dta_phys:  0.0070 Loss dta_preserve:  0.0048
Time:  0.0653 Epoch: 013 Iter:  450/ 600 LR: 0.0000383414 Loss content:  0.0171 Loss fft:  0.8311 Loss dta_rank:  0.7419 Loss dta_tv:  0.0267 Loss dta_proxy:  0.4386 Loss dta_trans:  0.0056 Loss dta_phys:  0.0068 Loss dta_preserve:  0.0051
Time:  0.0705 Epoch: 013 Iter:  500/ 600 LR: 0.0000383414 Loss content:  0.0168 Loss fft:  0.8217 Loss dta_rank:  0.7431 Loss dta_tv:  0.0270 Loss dta_proxy:  0.4382 Loss dta_trans:  0.0058 Loss dta_phys:  0.0063 Loss dta_preserve:  0.0051
Time:  0.0736 Epoch: 013 Iter:  550/ 600 LR: 0.0000383414 Loss content:  0.0169 Loss fft:  0.8193 Loss dta_rank:  0.7471 Loss dta_tv:  0.0268 Loss dta_proxy:  0.4536 Loss dta_trans:  0.0059 Loss dta_phys:  0.0064 Loss dta_preserve:  0.0043
Time:  0.0732 Epoch: 013 Iter:  600/ 600 LR: 0.0000383414 Loss content:  0.0176 Loss fft:  0.8548 Loss dta_rank:  0.7538 Loss dta_tv:  0.0263 Loss dta_proxy:  0.4513 Loss dta_trans:  0.0056 Loss dta_phys:  0.0068 Loss dta_preserve:  0.0060
EPOCH: 13
Elapsed time: 0.84 Epoch Pixel Loss:  0.0171 Epoch FFT Loss:  0.8211 Epoch DTA Rank:  0.7428 Epoch DTA TV:  0.0266 Epoch DTA Proxy:  0.4440 Epoch DTA Trans:  0.0058 Epoch DTA Phys:  0.0067 Epoch DTA Preserve:  0.0050
DTA_GATE_RAMP epoch=14 gate_limit=0.060000
Time:  0.0809 Epoch: 014 Iter:   50/ 600 LR: 0.0000297690 Loss content:  0.0177 Loss fft:  0.8509 Loss dta_rank:  0.7440 Loss dta_tv:  0.0254 Loss dta_proxy:  0.4562 Loss dta_trans:  0.0051 Loss dta_phys:  0.0065 Loss dta_preserve:  0.0058
Time:  0.0740 Epoch: 014 Iter:  100/ 600 LR: 0.0000297690 Loss content:  0.0169 Loss fft:  0.8275 Loss dta_rank:  0.7402 Loss dta_tv:  0.0269 Loss dta_proxy:  0.4501 Loss dta_trans:  0.0060 Loss dta_phys:  0.0063 Loss dta_preserve:  0.0047
Time:  0.0741 Epoch: 014 Iter:  150/ 600 LR: 0.0000297690 Loss content:  0.0166 Loss fft:  0.8058 Loss dta_rank:  0.7465 Loss dta_tv:  0.0265 Loss dta_proxy:  0.4365 Loss dta_trans:  0.0064 Loss dta_phys:  0.0069 Loss dta_preserve:  0.0041
Time:  0.0746 Epoch: 014 Iter:  200/ 600 LR: 0.0000297690 Loss content:  0.0167 Loss fft:  0.7958 Loss dta_rank:  0.7347 Loss dta_tv:  0.0265 Loss dta_proxy:  0.4177 Loss dta_trans:  0.0056 Loss dta_phys:  0.0061 Loss dta_preserve:  0.0043
Time:  0.0724 Epoch: 014 Iter:  250/ 600 LR: 0.0000297690 Loss content:  0.0168 Loss fft:  0.8246 Loss dta_rank:  0.7412 Loss dta_tv:  0.0267 Loss dta_proxy:  0.4381 Loss dta_trans:  0.0057 Loss dta_phys:  0.0068 Loss dta_preserve:  0.0052
Time:  0.0662 Epoch: 014 Iter:  300/ 600 LR: 0.0000297690 Loss content:  0.0174 Loss fft:  0.8281 Loss dta_rank:  0.7382 Loss dta_tv:  0.0268 Loss dta_proxy:  0.4296 Loss dta_trans:  0.0061 Loss dta_phys:  0.0074 Loss dta_preserve:  0.0051
Time:  0.0632 Epoch: 014 Iter:  350/ 600 LR: 0.0000297690 Loss content:  0.0176 Loss fft:  0.8182 Loss dta_rank:  0.7383 Loss dta_tv:  0.0271 Loss dta_proxy:  0.4204 Loss dta_trans:  0.0060 Loss dta_phys:  0.0063 Loss dta_preserve:  0.0046
Time:  0.0693 Epoch: 014 Iter:  400/ 600 LR: 0.0000297690 Loss content:  0.0168 Loss fft:  0.8366 Loss dta_rank:  0.7462 Loss dta_tv:  0.0261 Loss dta_proxy:  0.4528 Loss dta_trans:  0.0062 Loss dta_phys:  0.0069 Loss dta_preserve:  0.0061
Time:  0.0733 Epoch: 014 Iter:  450/ 600 LR: 0.0000297690 Loss content:  0.0169 Loss fft:  0.8059 Loss dta_rank:  0.7395 Loss dta_tv:  0.0263 Loss dta_proxy:  0.4553 Loss dta_trans:  0.0056 Loss dta_phys:  0.0075 Loss dta_preserve:  0.0056
Time:  0.0755 Epoch: 014 Iter:  500/ 600 LR: 0.0000297690 Loss content:  0.0173 Loss fft:  0.8106 Loss dta_rank:  0.7396 Loss dta_tv:  0.0262 Loss dta_proxy:  0.4520 Loss dta_trans:  0.0062 Loss dta_phys:  0.0073 Loss dta_preserve:  0.0054
Time:  0.0760 Epoch: 014 Iter:  550/ 600 LR: 0.0000297690 Loss content:  0.0176 Loss fft:  0.8301 Loss dta_rank:  0.7432 Loss dta_tv:  0.0263 Loss dta_proxy:  0.4492 Loss dta_trans:  0.0063 Loss dta_phys:  0.0064 Loss dta_preserve:  0.0052
Time:  0.0749 Epoch: 014 Iter:  600/ 600 LR: 0.0000297690 Loss content:  0.0163 Loss fft:  0.8079 Loss dta_rank:  0.7468 Loss dta_tv:  0.0260 Loss dta_proxy:  0.4472 Loss dta_trans:  0.0051 Loss dta_phys:  0.0069 Loss dta_preserve:  0.0048
EPOCH: 14
Elapsed time: 0.88 Epoch Pixel Loss:  0.0171 Epoch FFT Loss:  0.8202 Epoch DTA Rank:  0.7415 Epoch DTA TV:  0.0264 Epoch DTA Proxy:  0.4421 Epoch DTA Trans:  0.0059 Epoch DTA Phys:  0.0068 Epoch DTA Preserve:  0.0051
DTA_GATE_RAMP epoch=15 gate_limit=0.060000
Time:  0.0820 Epoch: 015 Iter:   50/ 600 LR: 0.0000219361 Loss content:  0.0173 Loss fft:  0.8213 Loss dta_rank:  0.7388 Loss dta_tv:  0.0260 Loss dta_proxy:  0.4522 Loss dta_trans:  0.0049 Loss dta_phys:  0.0074 Loss dta_preserve:  0.0046
Time:  0.0736 Epoch: 015 Iter:  100/ 600 LR: 0.0000219361 Loss content:  0.0169 Loss fft:  0.8278 Loss dta_rank:  0.7493 Loss dta_tv:  0.0265 Loss dta_proxy:  0.4489 Loss dta_trans:  0.0068 Loss dta_phys:  0.0070 Loss dta_preserve:  0.0051
Time:  0.0729 Epoch: 015 Iter:  150/ 600 LR: 0.0000219361 Loss content:  0.0170 Loss fft:  0.8162 Loss dta_rank:  0.7420 Loss dta_tv:  0.0260 Loss dta_proxy:  0.4363 Loss dta_trans:  0.0060 Loss dta_phys:  0.0059 Loss dta_preserve:  0.0044
Time:  0.0765 Epoch: 015 Iter:  200/ 600 LR: 0.0000219361 Loss content:  0.0177 Loss fft:  0.8437 Loss dta_rank:  0.7404 Loss dta_tv:  0.0258 Loss dta_proxy:  0.4304 Loss dta_trans:  0.0058 Loss dta_phys:  0.0069 Loss dta_preserve:  0.0052
Time:  0.0731 Epoch: 015 Iter:  250/ 600 LR: 0.0000219361 Loss content:  0.0172 Loss fft:  0.8500 Loss dta_rank:  0.7423 Loss dta_tv:  0.0253 Loss dta_proxy:  0.4664 Loss dta_trans:  0.0053 Loss dta_phys:  0.0063 Loss dta_preserve:  0.0039
Time:  0.0789 Epoch: 015 Iter:  300/ 600 LR: 0.0000219361 Loss content:  0.0171 Loss fft:  0.8145 Loss dta_rank:  0.7481 Loss dta_tv:  0.0265 Loss dta_proxy:  0.4334 Loss dta_trans:  0.0055 Loss dta_phys:  0.0071 Loss dta_preserve:  0.0044
Time:  0.0766 Epoch: 015 Iter:  350/ 600 LR: 0.0000219361 Loss content:  0.0168 Loss fft:  0.8026 Loss dta_rank:  0.7381 Loss dta_tv:  0.0252 Loss dta_proxy:  0.4642 Loss dta_trans:  0.0051 Loss dta_phys:  0.0064 Loss dta_preserve:  0.0066
Time:  0.0740 Epoch: 015 Iter:  400/ 600 LR: 0.0000219361 Loss content:  0.0165 Loss fft:  0.7995 Loss dta_rank:  0.7499 Loss dta_tv:  0.0265 Loss dta_proxy:  0.4438 Loss dta_trans:  0.0066 Loss dta_phys:  0.0068 Loss dta_preserve:  0.0047
Time:  0.0728 Epoch: 015 Iter:  450/ 600 LR: 0.0000219361 Loss content:  0.0174 Loss fft:  0.8571 Loss dta_rank:  0.7449 Loss dta_tv:  0.0268 Loss dta_proxy:  0.4305 Loss dta_trans:  0.0062 Loss dta_phys:  0.0068 Loss dta_preserve:  0.0070
Time:  0.0749 Epoch: 015 Iter:  500/ 600 LR: 0.0000219361 Loss content:  0.0167 Loss fft:  0.8027 Loss dta_rank:  0.7292 Loss dta_tv:  0.0266 Loss dta_proxy:  0.4250 Loss dta_trans:  0.0067 Loss dta_phys:  0.0067 Loss dta_preserve:  0.0049
Time:  0.0745 Epoch: 015 Iter:  550/ 600 LR: 0.0000219361 Loss content:  0.0166 Loss fft:  0.8065 Loss dta_rank:  0.7408 Loss dta_tv:  0.0255 Loss dta_proxy:  0.4472 Loss dta_trans:  0.0055 Loss dta_phys:  0.0079 Loss dta_preserve:  0.0041
Time:  0.0737 Epoch: 015 Iter:  600/ 600 LR: 0.0000219361 Loss content:  0.0166 Loss fft:  0.7825 Loss dta_rank:  0.7405 Loss dta_tv:  0.0264 Loss dta_proxy:  0.4338 Loss dta_trans:  0.0057 Loss dta_phys:  0.0073 Loss dta_preserve:  0.0049
EPOCH: 15
Elapsed time: 0.91 Epoch Pixel Loss:  0.0170 Epoch FFT Loss:  0.8187 Epoch DTA Rank:  0.7420 Epoch DTA TV:  0.0261 Epoch DTA Proxy:  0.4427 Epoch DTA Trans:  0.0058 Epoch DTA Phys:  0.0069 Epoch DTA Preserve:  0.0050
DTA_GATE_RAMP epoch=16 gate_limit=0.060000
Time:  0.0816 Epoch: 016 Iter:   50/ 600 LR: 0.0000151017 Loss content:  0.0168 Loss fft:  0.8139 Loss dta_rank:  0.7503 Loss dta_tv:  0.0258 Loss dta_proxy:  0.4482 Loss dta_trans:  0.0058 Loss dta_phys:  0.0065 Loss dta_preserve:  0.0057
Time:  0.0722 Epoch: 016 Iter:  100/ 600 LR: 0.0000151017 Loss content:  0.0174 Loss fft:  0.8192 Loss dta_rank:  0.7426 Loss dta_tv:  0.0260 Loss dta_proxy:  0.4543 Loss dta_trans:  0.0050 Loss dta_phys:  0.0074 Loss dta_preserve:  0.0050
Time:  0.0687 Epoch: 016 Iter:  150/ 600 LR: 0.0000151017 Loss content:  0.0176 Loss fft:  0.8123 Loss dta_rank:  0.7435 Loss dta_tv:  0.0267 Loss dta_proxy:  0.4316 Loss dta_trans:  0.0054 Loss dta_phys:  0.0066 Loss dta_preserve:  0.0048
Time:  0.0731 Epoch: 016 Iter:  200/ 600 LR: 0.0000151017 Loss content:  0.0168 Loss fft:  0.8119 Loss dta_rank:  0.7372 Loss dta_tv:  0.0267 Loss dta_proxy:  0.4489 Loss dta_trans:  0.0062 Loss dta_phys:  0.0070 Loss dta_preserve:  0.0051
Time:  0.0792 Epoch: 016 Iter:  250/ 600 LR: 0.0000151017 Loss content:  0.0169 Loss fft:  0.8158 Loss dta_rank:  0.7395 Loss dta_tv:  0.0255 Loss dta_proxy:  0.4491 Loss dta_trans:  0.0056 Loss dta_phys:  0.0069 Loss dta_preserve:  0.0049
Time:  0.0774 Epoch: 016 Iter:  300/ 600 LR: 0.0000151017 Loss content:  0.0176 Loss fft:  0.8409 Loss dta_rank:  0.7387 Loss dta_tv:  0.0268 Loss dta_proxy:  0.4404 Loss dta_trans:  0.0056 Loss dta_phys:  0.0065 Loss dta_preserve:  0.0051
Time:  0.0762 Epoch: 016 Iter:  350/ 600 LR: 0.0000151017 Loss content:  0.0170 Loss fft:  0.8182 Loss dta_rank:  0.7377 Loss dta_tv:  0.0267 Loss dta_proxy:  0.4256 Loss dta_trans:  0.0056 Loss dta_phys:  0.0067 Loss dta_preserve:  0.0056
Time:  0.0755 Epoch: 016 Iter:  400/ 600 LR: 0.0000151017 Loss content:  0.0168 Loss fft:  0.8306 Loss dta_rank:  0.7458 Loss dta_tv:  0.0257 Loss dta_proxy:  0.4556 Loss dta_trans:  0.0059 Loss dta_phys:  0.0064 Loss dta_preserve:  0.0045
Time:  0.0736 Epoch: 016 Iter:  450/ 600 LR: 0.0000151017 Loss content:  0.0174 Loss fft:  0.8395 Loss dta_rank:  0.7377 Loss dta_tv:  0.0267 Loss dta_proxy:  0.4366 Loss dta_trans:  0.0057 Loss dta_phys:  0.0068 Loss dta_preserve:  0.0040
Time:  0.0770 Epoch: 016 Iter:  500/ 600 LR: 0.0000151017 Loss content:  0.0178 Loss fft:  0.8382 Loss dta_rank:  0.7353 Loss dta_tv:  0.0264 Loss dta_proxy:  0.4332 Loss dta_trans:  0.0051 Loss dta_phys:  0.0062 Loss dta_preserve:  0.0069
Time:  0.0771 Epoch: 016 Iter:  550/ 600 LR: 0.0000151017 Loss content:  0.0169 Loss fft:  0.8119 Loss dta_rank:  0.7409 Loss dta_tv:  0.0259 Loss dta_proxy:  0.4439 Loss dta_trans:  0.0053 Loss dta_phys:  0.0073 Loss dta_preserve:  0.0042
Time:  0.0761 Epoch: 016 Iter:  600/ 600 LR: 0.0000151017 Loss content:  0.0167 Loss fft:  0.7896 Loss dta_rank:  0.7430 Loss dta_tv:  0.0263 Loss dta_proxy:  0.4363 Loss dta_trans:  0.0057 Loss dta_phys:  0.0065 Loss dta_preserve:  0.0049
EPOCH: 16
Elapsed time: 0.91 Epoch Pixel Loss:  0.0171 Epoch FFT Loss:  0.8202 Epoch DTA Rank:  0.7410 Epoch DTA TV:  0.0263 Epoch DTA Proxy:  0.4420 Epoch DTA Trans:  0.0056 Epoch DTA Phys:  0.0067 Epoch DTA Preserve:  0.0051
DTA_GATE_RAMP epoch=17 gate_limit=0.060000
Time:  0.0807 Epoch: 017 Iter:   50/ 600 LR: 0.0000094853 Loss content:  0.0170 Loss fft:  0.8435 Loss dta_rank:  0.7393 Loss dta_tv:  0.0264 Loss dta_proxy:  0.4351 Loss dta_trans:  0.0049 Loss dta_phys:  0.0070 Loss dta_preserve:  0.0044
Time:  0.0770 Epoch: 017 Iter:  100/ 600 LR: 0.0000094853 Loss content:  0.0175 Loss fft:  0.8216 Loss dta_rank:  0.7428 Loss dta_tv:  0.0265 Loss dta_proxy:  0.4457 Loss dta_trans:  0.0064 Loss dta_phys:  0.0072 Loss dta_preserve:  0.0060
Time:  0.0742 Epoch: 017 Iter:  150/ 600 LR: 0.0000094853 Loss content:  0.0167 Loss fft:  0.8092 Loss dta_rank:  0.7441 Loss dta_tv:  0.0254 Loss dta_proxy:  0.4618 Loss dta_trans:  0.0056 Loss dta_phys:  0.0073 Loss dta_preserve:  0.0053
Time:  0.0734 Epoch: 017 Iter:  200/ 600 LR: 0.0000094853 Loss content:  0.0164 Loss fft:  0.8093 Loss dta_rank:  0.7479 Loss dta_tv:  0.0265 Loss dta_proxy:  0.4407 Loss dta_trans:  0.0064 Loss dta_phys:  0.0068 Loss dta_preserve:  0.0040
Time:  0.0740 Epoch: 017 Iter:  250/ 600 LR: 0.0000094853 Loss content:  0.0176 Loss fft:  0.8170 Loss dta_rank:  0.7349 Loss dta_tv:  0.0274 Loss dta_proxy:  0.4073 Loss dta_trans:  0.0063 Loss dta_phys:  0.0066 Loss dta_preserve:  0.0055
Time:  0.0744 Epoch: 017 Iter:  300/ 600 LR: 0.0000094853 Loss content:  0.0179 Loss fft:  0.8398 Loss dta_rank:  0.7384 Loss dta_tv:  0.0265 Loss dta_proxy:  0.4427 Loss dta_trans:  0.0053 Loss dta_phys:  0.0063 Loss dta_preserve:  0.0055
Time:  0.0750 Epoch: 017 Iter:  350/ 600 LR: 0.0000094853 Loss content:  0.0174 Loss fft:  0.8171 Loss dta_rank:  0.7471 Loss dta_tv:  0.0259 Loss dta_proxy:  0.4663 Loss dta_trans:  0.0047 Loss dta_phys:  0.0069 Loss dta_preserve:  0.0045
Time:  0.0741 Epoch: 017 Iter:  400/ 600 LR: 0.0000094853 Loss content:  0.0171 Loss fft:  0.8282 Loss dta_rank:  0.7413 Loss dta_tv:  0.0266 Loss dta_proxy:  0.4203 Loss dta_trans:  0.0062 Loss dta_phys:  0.0072 Loss dta_preserve:  0.0058
Time:  0.0764 Epoch: 017 Iter:  450/ 600 LR: 0.0000094853 Loss content:  0.0172 Loss fft:  0.8237 Loss dta_rank:  0.7458 Loss dta_tv:  0.0269 Loss dta_proxy:  0.4289 Loss dta_trans:  0.0064 Loss dta_phys:  0.0064 Loss dta_preserve:  0.0054
Time:  0.0767 Epoch: 017 Iter:  500/ 600 LR: 0.0000094853 Loss content:  0.0171 Loss fft:  0.7996 Loss dta_rank:  0.7454 Loss dta_tv:  0.0263 Loss dta_proxy:  0.4373 Loss dta_trans:  0.0055 Loss dta_phys:  0.0066 Loss dta_preserve:  0.0058
Time:  0.0731 Epoch: 017 Iter:  550/ 600 LR: 0.0000094853 Loss content:  0.0178 Loss fft:  0.8293 Loss dta_rank:  0.7398 Loss dta_tv:  0.0256 Loss dta_proxy:  0.4544 Loss dta_trans:  0.0050 Loss dta_phys:  0.0063 Loss dta_preserve:  0.0071
Time:  0.0718 Epoch: 017 Iter:  600/ 600 LR: 0.0000094853 Loss content:  0.0163 Loss fft:  0.8433 Loss dta_rank:  0.7467 Loss dta_tv:  0.0266 Loss dta_proxy:  0.4370 Loss dta_trans:  0.0058 Loss dta_phys:  0.0060 Loss dta_preserve:  0.0043
EPOCH: 17
Elapsed time: 0.91 Epoch Pixel Loss:  0.0172 Epoch FFT Loss:  0.8235 Epoch DTA Rank:  0.7428 Epoch DTA TV:  0.0264 Epoch DTA Proxy:  0.4398 Epoch DTA Trans:  0.0057 Epoch DTA Phys:  0.0067 Epoch DTA Preserve:  0.0053
DTA_GATE_RAMP epoch=18 gate_limit=0.060000
Time:  0.0791 Epoch: 018 Iter:   50/ 600 LR: 0.0000052550 Loss content:  0.0165 Loss fft:  0.8146 Loss dta_rank:  0.7377 Loss dta_tv:  0.0269 Loss dta_proxy:  0.4300 Loss dta_trans:  0.0062 Loss dta_phys:  0.0071 Loss dta_preserve:  0.0064
Time:  0.0768 Epoch: 018 Iter:  100/ 600 LR: 0.0000052550 Loss content:  0.0171 Loss fft:  0.8116 Loss dta_rank:  0.7412 Loss dta_tv:  0.0267 Loss dta_proxy:  0.4304 Loss dta_trans:  0.0054 Loss dta_phys:  0.0074 Loss dta_preserve:  0.0058
Time:  0.0761 Epoch: 018 Iter:  150/ 600 LR: 0.0000052550 Loss content:  0.0170 Loss fft:  0.8314 Loss dta_rank:  0.7393 Loss dta_tv:  0.0262 Loss dta_proxy:  0.4528 Loss dta_trans:  0.0051 Loss dta_phys:  0.0063 Loss dta_preserve:  0.0055
Time:  0.0725 Epoch: 018 Iter:  200/ 600 LR: 0.0000052550 Loss content:  0.0170 Loss fft:  0.8083 Loss dta_rank:  0.7415 Loss dta_tv:  0.0272 Loss dta_proxy:  0.4219 Loss dta_trans:  0.0055 Loss dta_phys:  0.0069 Loss dta_preserve:  0.0046
Time:  0.0712 Epoch: 018 Iter:  250/ 600 LR: 0.0000052550 Loss content:  0.0168 Loss fft:  0.7969 Loss dta_rank:  0.7388 Loss dta_tv:  0.0264 Loss dta_proxy:  0.4334 Loss dta_trans:  0.0057 Loss dta_phys:  0.0061 Loss dta_preserve:  0.0047
Time:  0.0776 Epoch: 018 Iter:  300/ 600 LR: 0.0000052550 Loss content:  0.0171 Loss fft:  0.8306 Loss dta_rank:  0.7418 Loss dta_tv:  0.0259 Loss dta_proxy:  0.4505 Loss dta_trans:  0.0056 Loss dta_phys:  0.0070 Loss dta_preserve:  0.0070
Time:  0.0764 Epoch: 018 Iter:  350/ 600 LR: 0.0000052550 Loss content:  0.0168 Loss fft:  0.8254 Loss dta_rank:  0.7393 Loss dta_tv:  0.0265 Loss dta_proxy:  0.4359 Loss dta_trans:  0.0064 Loss dta_phys:  0.0062 Loss dta_preserve:  0.0041
Time:  0.0756 Epoch: 018 Iter:  400/ 600 LR: 0.0000052550 Loss content:  0.0175 Loss fft:  0.8047 Loss dta_rank:  0.7429 Loss dta_tv:  0.0259 Loss dta_proxy:  0.4527 Loss dta_trans:  0.0058 Loss dta_phys:  0.0068 Loss dta_preserve:  0.0061
Time:  0.0707 Epoch: 018 Iter:  450/ 600 LR: 0.0000052550 Loss content:  0.0170 Loss fft:  0.8328 Loss dta_rank:  0.7387 Loss dta_tv:  0.0258 Loss dta_proxy:  0.4314 Loss dta_trans:  0.0061 Loss dta_phys:  0.0065 Loss dta_preserve:  0.0046
Time:  0.0740 Epoch: 018 Iter:  500/ 600 LR: 0.0000052550 Loss content:  0.0171 Loss fft:  0.8052 Loss dta_rank:  0.7428 Loss dta_tv:  0.0267 Loss dta_proxy:  0.4361 Loss dta_trans:  0.0052 Loss dta_phys:  0.0076 Loss dta_preserve:  0.0054
Time:  0.0760 Epoch: 018 Iter:  550/ 600 LR: 0.0000052550 Loss content:  0.0179 Loss fft:  0.8320 Loss dta_rank:  0.7448 Loss dta_tv:  0.0258 Loss dta_proxy:  0.4579 Loss dta_trans:  0.0055 Loss dta_phys:  0.0072 Loss dta_preserve:  0.0054
Time:  0.0688 Epoch: 018 Iter:  600/ 600 LR: 0.0000052550 Loss content:  0.0177 Loss fft:  0.8655 Loss dta_rank:  0.7451 Loss dta_tv:  0.0269 Loss dta_proxy:  0.4322 Loss dta_trans:  0.0058 Loss dta_phys:  0.0070 Loss dta_preserve:  0.0054
EPOCH: 18
Elapsed time: 0.90 Epoch Pixel Loss:  0.0171 Epoch FFT Loss:  0.8216 Epoch DTA Rank:  0.7412 Epoch DTA TV:  0.0264 Epoch DTA Proxy:  0.4387 Epoch DTA Trans:  0.0057 Epoch DTA Phys:  0.0068 Epoch DTA Preserve:  0.0054
DTA_GATE_RAMP epoch=19 gate_limit=0.060000
Time:  0.0811 Epoch: 019 Iter:   50/ 600 LR: 0.0000025070 Loss content:  0.0168 Loss fft:  0.8120 Loss dta_rank:  0.7371 Loss dta_tv:  0.0259 Loss dta_proxy:  0.4454 Loss dta_trans:  0.0053 Loss dta_phys:  0.0068 Loss dta_preserve:  0.0047
Time:  0.0746 Epoch: 019 Iter:  100/ 600 LR: 0.0000025070 Loss content:  0.0169 Loss fft:  0.8012 Loss dta_rank:  0.7387 Loss dta_tv:  0.0260 Loss dta_proxy:  0.4322 Loss dta_trans:  0.0054 Loss dta_phys:  0.0071 Loss dta_preserve:  0.0046
Time:  0.0724 Epoch: 019 Iter:  150/ 600 LR: 0.0000025070 Loss content:  0.0176 Loss fft:  0.8155 Loss dta_rank:  0.7422 Loss dta_tv:  0.0257 Loss dta_proxy:  0.4470 Loss dta_trans:  0.0061 Loss dta_phys:  0.0067 Loss dta_preserve:  0.0090
Time:  0.0702 Epoch: 019 Iter:  200/ 600 LR: 0.0000025070 Loss content:  0.0159 Loss fft:  0.7807 Loss dta_rank:  0.7376 Loss dta_tv:  0.0268 Loss dta_proxy:  0.4318 Loss dta_trans:  0.0073 Loss dta_phys:  0.0072 Loss dta_preserve:  0.0043
Time:  0.0755 Epoch: 019 Iter:  250/ 600 LR: 0.0000025070 Loss content:  0.0167 Loss fft:  0.8282 Loss dta_rank:  0.7408 Loss dta_tv:  0.0259 Loss dta_proxy:  0.4517 Loss dta_trans:  0.0049 Loss dta_phys:  0.0063 Loss dta_preserve:  0.0060
Time:  0.0747 Epoch: 019 Iter:  300/ 600 LR: 0.0000025070 Loss content:  0.0173 Loss fft:  0.8471 Loss dta_rank:  0.7424 Loss dta_tv:  0.0267 Loss dta_proxy:  0.4191 Loss dta_trans:  0.0057 Loss dta_phys:  0.0071 Loss dta_preserve:  0.0047
Time:  0.0730 Epoch: 019 Iter:  350/ 600 LR: 0.0000025070 Loss content:  0.0174 Loss fft:  0.8408 Loss dta_rank:  0.7426 Loss dta_tv:  0.0267 Loss dta_proxy:  0.4363 Loss dta_trans:  0.0053 Loss dta_phys:  0.0070 Loss dta_preserve:  0.0051
Time:  0.0741 Epoch: 019 Iter:  400/ 600 LR: 0.0000025070 Loss content:  0.0172 Loss fft:  0.8247 Loss dta_rank:  0.7410 Loss dta_tv:  0.0261 Loss dta_proxy:  0.4358 Loss dta_trans:  0.0059 Loss dta_phys:  0.0063 Loss dta_preserve:  0.0057
Time:  0.0760 Epoch: 019 Iter:  450/ 600 LR: 0.0000025070 Loss content:  0.0167 Loss fft:  0.8062 Loss dta_rank:  0.7431 Loss dta_tv:  0.0261 Loss dta_proxy:  0.4263 Loss dta_trans:  0.0053 Loss dta_phys:  0.0068 Loss dta_preserve:  0.0046
Time:  0.0751 Epoch: 019 Iter:  500/ 600 LR: 0.0000025070 Loss content:  0.0177 Loss fft:  0.8422 Loss dta_rank:  0.7427 Loss dta_tv:  0.0257 Loss dta_proxy:  0.4505 Loss dta_trans:  0.0056 Loss dta_phys:  0.0067 Loss dta_preserve:  0.0059
Time:  0.0735 Epoch: 019 Iter:  550/ 600 LR: 0.0000025070 Loss content:  0.0164 Loss fft:  0.7988 Loss dta_rank:  0.7412 Loss dta_tv:  0.0261 Loss dta_proxy:  0.4513 Loss dta_trans:  0.0055 Loss dta_phys:  0.0066 Loss dta_preserve:  0.0052
Time:  0.0760 Epoch: 019 Iter:  600/ 600 LR: 0.0000025070 Loss content:  0.0178 Loss fft:  0.8257 Loss dta_rank:  0.7393 Loss dta_tv:  0.0262 Loss dta_proxy:  0.4366 Loss dta_trans:  0.0060 Loss dta_phys:  0.0074 Loss dta_preserve:  0.0051
EPOCH: 19
Elapsed time: 0.90 Epoch Pixel Loss:  0.0170 Epoch FFT Loss:  0.8186 Epoch DTA Rank:  0.7407 Epoch DTA TV:  0.0262 Epoch DTA Proxy:  0.4387 Epoch DTA Trans:  0.0057 Epoch DTA Phys:  0.0068 Epoch DTA Preserve:  0.0054
DTA_GATE_RAMP epoch=20 gate_limit=0.060000
Time:  0.0803 Epoch: 020 Iter:   50/ 600 LR: 0.0000012125 Loss content:  0.0177 Loss fft:  0.8455 Loss dta_rank:  0.7426 Loss dta_tv:  0.0269 Loss dta_proxy:  0.4287 Loss dta_trans:  0.0064 Loss dta_phys:  0.0071 Loss dta_preserve:  0.0050
Time:  0.0748 Epoch: 020 Iter:  100/ 600 LR: 0.0000012125 Loss content:  0.0168 Loss fft:  0.8043 Loss dta_rank:  0.7385 Loss dta_tv:  0.0257 Loss dta_proxy:  0.4462 Loss dta_trans:  0.0055 Loss dta_phys:  0.0073 Loss dta_preserve:  0.0055
Time:  0.0736 Epoch: 020 Iter:  150/ 600 LR: 0.0000012125 Loss content:  0.0164 Loss fft:  0.8059 Loss dta_rank:  0.7420 Loss dta_tv:  0.0274 Loss dta_proxy:  0.4114 Loss dta_trans:  0.0068 Loss dta_phys:  0.0064 Loss dta_preserve:  0.0041
Time:  0.0733 Epoch: 020 Iter:  200/ 600 LR: 0.0000012125 Loss content:  0.0176 Loss fft:  0.8183 Loss dta_rank:  0.7383 Loss dta_tv:  0.0260 Loss dta_proxy:  0.4457 Loss dta_trans:  0.0057 Loss dta_phys:  0.0066 Loss dta_preserve:  0.0046
Time:  0.0677 Epoch: 020 Iter:  250/ 600 LR: 0.0000012125 Loss content:  0.0170 Loss fft:  0.8117 Loss dta_rank:  0.7452 Loss dta_tv:  0.0263 Loss dta_proxy:  0.4424 Loss dta_trans:  0.0058 Loss dta_phys:  0.0070 Loss dta_preserve:  0.0051
Time:  0.0701 Epoch: 020 Iter:  300/ 600 LR: 0.0000012125 Loss content:  0.0166 Loss fft:  0.8061 Loss dta_rank:  0.7303 Loss dta_tv:  0.0268 Loss dta_proxy:  0.4193 Loss dta_trans:  0.0060 Loss dta_phys:  0.0069 Loss dta_preserve:  0.0059
Time:  0.0716 Epoch: 020 Iter:  350/ 600 LR: 0.0000012125 Loss content:  0.0163 Loss fft:  0.8098 Loss dta_rank:  0.7358 Loss dta_tv:  0.0261 Loss dta_proxy:  0.4324 Loss dta_trans:  0.0059 Loss dta_phys:  0.0064 Loss dta_preserve:  0.0044
Time:  0.0769 Epoch: 020 Iter:  400/ 600 LR: 0.0000012125 Loss content:  0.0167 Loss fft:  0.8176 Loss dta_rank:  0.7483 Loss dta_tv:  0.0265 Loss dta_proxy:  0.4388 Loss dta_trans:  0.0055 Loss dta_phys:  0.0065 Loss dta_preserve:  0.0064
Time:  0.0711 Epoch: 020 Iter:  450/ 600 LR: 0.0000012125 Loss content:  0.0167 Loss fft:  0.8244 Loss dta_rank:  0.7462 Loss dta_tv:  0.0261 Loss dta_proxy:  0.4486 Loss dta_trans:  0.0049 Loss dta_phys:  0.0070 Loss dta_preserve:  0.0054
Time:  0.0702 Epoch: 020 Iter:  500/ 600 LR: 0.0000012125 Loss content:  0.0168 Loss fft:  0.8159 Loss dta_rank:  0.7370 Loss dta_tv:  0.0262 Loss dta_proxy:  0.4411 Loss dta_trans:  0.0057 Loss dta_phys:  0.0066 Loss dta_preserve:  0.0066
Time:  0.0694 Epoch: 020 Iter:  550/ 600 LR: 0.0000012125 Loss content:  0.0171 Loss fft:  0.8149 Loss dta_rank:  0.7457 Loss dta_tv:  0.0254 Loss dta_proxy:  0.4550 Loss dta_trans:  0.0046 Loss dta_phys:  0.0065 Loss dta_preserve:  0.0048
Time:  0.0775 Epoch: 020 Iter:  600/ 600 LR: 0.0000012125 Loss content:  0.0176 Loss fft:  0.8514 Loss dta_rank:  0.7392 Loss dta_tv:  0.0258 Loss dta_proxy:  0.4557 Loss dta_trans:  0.0047 Loss dta_phys:  0.0062 Loss dta_preserve:  0.0059
EPOCH: 20
Elapsed time: 0.88 Epoch Pixel Loss:  0.0169 Epoch FFT Loss:  0.8188 Epoch DTA Rank:  0.7408 Epoch DTA TV:  0.0263 Epoch DTA Proxy:  0.4388 Epoch DTA Trans:  0.0056 Epoch DTA Phys:  0.0067 Epoch DTA Preserve:  0.0053
