Namespace(model_name='ConvIR-Haze4K-DTA-v2-adapter_only-zero-seed3413-f3-oof20', data='Haze4K', version='base', fam_mode='original', arch='dta_v2', seed=3413, mode='train', data_dir='/sda/home/wangyuxin/ConvIR-B/datasets/Haze4K/Haze4K', batch_size=4, learning_rate=0.0001, weight_decay=0.0, num_epoch=20, stop_epoch=20, print_freq=50, num_worker=4, save_freq=5, valid_freq=9999, mod_stats_freq=5, mod_stats_batches=16, grad_clip_norm=0.001, dta_grad_clip_norm=0.05, dta_neighbor_grad_clip_norm=0.005, init_model='/sda/home/wangyuxin/ConvIR-B/checkpoints/official/Haze4K/haze4k-base.pkl', init_model_partial=True, partial_new_prefixes='DTA.', resume='', train_scope='adapter_only', dta_depth_cache_dir='/sda/home/wangyuxin/ConvIR-B/depth_cache/depth_anything_v2_small_hf', dta_train_depth_split='train', dta_eval_depth_split='train', valid_root_split='train', eval_root_split='test', dta_require_depth=True, dta_variant='v2', dta_depth_mode='zero', dta_prior_channels=32, dta_gate_bias=-6.0, dta_gate_limit=0.06, dta_gamma_limit=0.12, dta_beta_limit=0.06, dta_alpha_init=1.0, dta_confidence_floor=0.25, dta_confidence_local_scale=6.0, dta_output_residual_scale=0.03, dta_use_trans_gt=True, dta_trans_weight=0.02, dta_phys_weight=0.005, dta_preserve_weight=0.02, dta_preserve_trans_thresh=0.8, dta_gate_ramp_start=0.01, dta_gate_ramp_mid=0.03, dta_gate_ramp_end=0.06, dta_gate_ramp_warmup_epochs=2, dta_gate_ramp_mid_epochs=8, dta_rank_weight=0.001, dta_tv_weight=0.0001, dta_proxy_weight=0.0, dta_rank_pairs=512, dta_rank_min_depth_gap=0.03, split_json='/sda/home/wangyuxin/ConvIR-B/repos/ConvIR-B-dta-v2-calibrated/experience_docx/experiment_logs/haze4k_dta_v2_calibrated_20260611/dta_v2_haze4k_oof_splits_seed3407.json', split_name='fold3_train', test_model='', save_image=False, leaning_rate=0.0001, model_save_dir='results/ConvIR-Haze4K-DTA-v2-adapter_only-zero-seed3413-f3-oof20/Training-Results/', result_dir='results/ConvIR-Haze4K-DTA-v2-adapter_only-zero-seed3413-f3-oof20/images/Haze4K', init_model_sha256='6f42037d57a4e3de3a10ac0ab909d66a3415864a19433c29204a975f4efa4088')
/sda/home/wangyuxin/ConvIR-B/repos/ConvIR-B-dta-v2-calibrated/Dehazing/ITS/main.py:14: FutureWarning: You are using `torch.load` with `weights_only=False` (the current default value), which uses the default pickle module implicitly. It is possible to construct malicious pickle data which will execute arbitrary code during unpickling (See https://github.com/pytorch/pytorch/blob/main/SECURITY.md#untrusted-models for more details). In a future release, the default value for `weights_only` will be flipped to `True`. This limits the functions that could be executed during unpickling. Arbitrary objects will no longer be allowed to be loaded via this mode unless they are explicitly allowlisted by the user via `torch.serialization.add_safe_globals`. We recommend you start setting `weights_only=True` for any use case where you don't have full control of the loaded file. Please open an issue on GitHub for any issues related to this experimental feature.
  state = torch.load(path, map_location=map_location)
INIT_MODEL_PARTIAL_LOAD path=/sda/home/wangyuxin/ConvIR-B/checkpoints/official/Haze4K/haze4k-base.pkl loaded=602 missing_allowed=25 unexpected=[] allowed_new_prefixes=('DTA.',)
TRAIN_SCOPE scope=adapter_only arch=dta_v2 trainable=74699 total=8705364
/sda/home/wangyuxin/ConvIR-B/envs/convir-cu121/lib/python3.10/site-packages/torch/optim/lr_scheduler.py:224: UserWarning: Detected call of `lr_scheduler.step()` before `optimizer.step()`. In PyTorch 1.1.0 and later, you should call them in the opposite order: `optimizer.step()` before `lr_scheduler.step()`.  Failure to do this will result in PyTorch skipping the first value of the learning rate schedule. See more details at https://pytorch.org/docs/stable/optim.html#how-to-adjust-learning-rate
  warnings.warn(
DTA_GATE_RAMP epoch=1 gate_limit=0.010000
Time:  0.0944 Epoch: 001 Iter:   50/ 600 LR: 0.0000333333 Loss content:  0.0172 Loss fft:  0.8143 Loss dta_rank:  0.0000 Loss dta_tv:  0.0038 Loss dta_proxy:  0.5251 Loss dta_trans:  0.0416 Loss dta_phys:  0.0069 Loss dta_preserve:  0.0047
Time:  0.0716 Epoch: 001 Iter:  100/ 600 LR: 0.0000333333 Loss content:  0.0177 Loss fft:  0.8419 Loss dta_rank:  0.0000 Loss dta_tv:  0.0097 Loss dta_proxy:  0.5666 Loss dta_trans:  0.0349 Loss dta_phys:  0.0090 Loss dta_preserve:  0.0044
Time:  0.0765 Epoch: 001 Iter:  150/ 600 LR: 0.0000333333 Loss content:  0.0171 Loss fft:  0.8103 Loss dta_rank:  0.0000 Loss dta_tv:  0.0146 Loss dta_proxy:  0.6047 Loss dta_trans:  0.0366 Loss dta_phys:  0.0091 Loss dta_preserve:  0.0045
Time:  0.0739 Epoch: 001 Iter:  200/ 600 LR: 0.0000333333 Loss content:  0.0169 Loss fft:  0.7926 Loss dta_rank:  0.0000 Loss dta_tv:  0.0170 Loss dta_proxy:  0.6096 Loss dta_trans:  0.0300 Loss dta_phys:  0.0101 Loss dta_preserve:  0.0055
Time:  0.0795 Epoch: 001 Iter:  250/ 600 LR: 0.0000333333 Loss content:  0.0172 Loss fft:  0.8286 Loss dta_rank:  0.0000 Loss dta_tv:  0.0195 Loss dta_proxy:  0.6135 Loss dta_trans:  0.0268 Loss dta_phys:  0.0092 Loss dta_preserve:  0.0064
Time:  0.0720 Epoch: 001 Iter:  300/ 600 LR: 0.0000333333 Loss content:  0.0164 Loss fft:  0.7890 Loss dta_rank:  0.0000 Loss dta_tv:  0.0232 Loss dta_proxy:  0.6197 Loss dta_trans:  0.0221 Loss dta_phys:  0.0098 Loss dta_preserve:  0.0058
Time:  0.0731 Epoch: 001 Iter:  350/ 600 LR: 0.0000333333 Loss content:  0.0167 Loss fft:  0.8294 Loss dta_rank:  0.0000 Loss dta_tv:  0.0278 Loss dta_proxy:  0.6224 Loss dta_trans:  0.0209 Loss dta_phys:  0.0081 Loss dta_preserve:  0.0051
Time:  0.0792 Epoch: 001 Iter:  400/ 600 LR: 0.0000333333 Loss content:  0.0172 Loss fft:  0.7990 Loss dta_rank:  0.0000 Loss dta_tv:  0.0322 Loss dta_proxy:  0.6266 Loss dta_trans:  0.0167 Loss dta_phys:  0.0078 Loss dta_preserve:  0.0051
Time:  0.0751 Epoch: 001 Iter:  450/ 600 LR: 0.0000333333 Loss content:  0.0176 Loss fft:  0.8395 Loss dta_rank:  0.0000 Loss dta_tv:  0.0352 Loss dta_proxy:  0.6337 Loss dta_trans:  0.0151 Loss dta_phys:  0.0086 Loss dta_preserve:  0.0054
Time:  0.0750 Epoch: 001 Iter:  500/ 600 LR: 0.0000333333 Loss content:  0.0176 Loss fft:  0.8417 Loss dta_rank:  0.0000 Loss dta_tv:  0.0355 Loss dta_proxy:  0.6651 Loss dta_trans:  0.0116 Loss dta_phys:  0.0078 Loss dta_preserve:  0.0061
Time:  0.0747 Epoch: 001 Iter:  550/ 600 LR: 0.0000333333 Loss content:  0.0164 Loss fft:  0.7988 Loss dta_rank:  0.0000 Loss dta_tv:  0.0389 Loss dta_proxy:  0.6259 Loss dta_trans:  0.0124 Loss dta_phys:  0.0075 Loss dta_preserve:  0.0050
Time:  0.0699 Epoch: 001 Iter:  600/ 600 LR: 0.0000333333 Loss content:  0.0167 Loss fft:  0.7980 Loss dta_rank:  0.0000 Loss dta_tv:  0.0380 Loss dta_proxy:  0.6612 Loss dta_trans:  0.0122 Loss dta_phys:  0.0072 Loss dta_preserve:  0.0057
EPOCH: 01
Elapsed time: 0.92 Epoch Pixel Loss:  0.0171 Epoch FFT Loss:  0.8153 Epoch DTA Rank:  0.0000 Epoch DTA TV:  0.0246 Epoch DTA Proxy:  0.6145 Epoch DTA Trans:  0.0234 Epoch DTA Phys:  0.0084 Epoch DTA Preserve:  0.0053
DTA_GATE_RAMP epoch=2 gate_limit=0.010000
Time:  0.0795 Epoch: 002 Iter:   50/ 600 LR: 0.0000666667 Loss content:  0.0170 Loss fft:  0.8436 Loss dta_rank:  0.0000 Loss dta_tv:  0.0394 Loss dta_proxy:  0.6371 Loss dta_trans:  0.0107 Loss dta_phys:  0.0066 Loss dta_preserve:  0.0049
Time:  0.0750 Epoch: 002 Iter:  100/ 600 LR: 0.0000666667 Loss content:  0.0177 Loss fft:  0.8477 Loss dta_rank:  0.0000 Loss dta_tv:  0.0399 Loss dta_proxy:  0.6435 Loss dta_trans:  0.0102 Loss dta_phys:  0.0069 Loss dta_preserve:  0.0064
Time:  0.0766 Epoch: 002 Iter:  150/ 600 LR: 0.0000666667 Loss content:  0.0171 Loss fft:  0.8150 Loss dta_rank:  0.0000 Loss dta_tv:  0.0388 Loss dta_proxy:  0.6124 Loss dta_trans:  0.0100 Loss dta_phys:  0.0070 Loss dta_preserve:  0.0047
Time:  0.0757 Epoch: 002 Iter:  200/ 600 LR: 0.0000666667 Loss content:  0.0164 Loss fft:  0.8102 Loss dta_rank:  0.0000 Loss dta_tv:  0.0406 Loss dta_proxy:  0.6318 Loss dta_trans:  0.0104 Loss dta_phys:  0.0075 Loss dta_preserve:  0.0052
Time:  0.0760 Epoch: 002 Iter:  250/ 600 LR: 0.0000666667 Loss content:  0.0167 Loss fft:  0.7849 Loss dta_rank:  0.0000 Loss dta_tv:  0.0396 Loss dta_proxy:  0.6211 Loss dta_trans:  0.0096 Loss dta_phys:  0.0071 Loss dta_preserve:  0.0041
Time:  0.0715 Epoch: 002 Iter:  300/ 600 LR: 0.0000666667 Loss content:  0.0176 Loss fft:  0.8402 Loss dta_rank:  0.0000 Loss dta_tv:  0.0396 Loss dta_proxy:  0.6341 Loss dta_trans:  0.0103 Loss dta_phys:  0.0063 Loss dta_preserve:  0.0058
Time:  0.0740 Epoch: 002 Iter:  350/ 600 LR: 0.0000666667 Loss content:  0.0176 Loss fft:  0.8370 Loss dta_rank:  0.0000 Loss dta_tv:  0.0387 Loss dta_proxy:  0.6382 Loss dta_trans:  0.0094 Loss dta_phys:  0.0062 Loss dta_preserve:  0.0051
Time:  0.0736 Epoch: 002 Iter:  400/ 600 LR: 0.0000666667 Loss content:  0.0171 Loss fft:  0.8163 Loss dta_rank:  0.0000 Loss dta_tv:  0.0378 Loss dta_proxy:  0.6493 Loss dta_trans:  0.0081 Loss dta_phys:  0.0068 Loss dta_preserve:  0.0059
Time:  0.0746 Epoch: 002 Iter:  450/ 600 LR: 0.0000666667 Loss content:  0.0177 Loss fft:  0.8189 Loss dta_rank:  0.0000 Loss dta_tv:  0.0380 Loss dta_proxy:  0.6450 Loss dta_trans:  0.0096 Loss dta_phys:  0.0072 Loss dta_preserve:  0.0049
Time:  0.0730 Epoch: 002 Iter:  500/ 600 LR: 0.0000666667 Loss content:  0.0172 Loss fft:  0.8205 Loss dta_rank:  0.0000 Loss dta_tv:  0.0371 Loss dta_proxy:  0.6503 Loss dta_trans:  0.0085 Loss dta_phys:  0.0064 Loss dta_preserve:  0.0067
Time:  0.0763 Epoch: 002 Iter:  550/ 600 LR: 0.0000666667 Loss content:  0.0171 Loss fft:  0.8404 Loss dta_rank:  0.0000 Loss dta_tv:  0.0364 Loss dta_proxy:  0.6505 Loss dta_trans:  0.0082 Loss dta_phys:  0.0068 Loss dta_preserve:  0.0056
Time:  0.0700 Epoch: 002 Iter:  600/ 600 LR: 0.0000666667 Loss content:  0.0173 Loss fft:  0.8148 Loss dta_rank:  0.0000 Loss dta_tv:  0.0371 Loss dta_proxy:  0.6532 Loss dta_trans:  0.0086 Loss dta_phys:  0.0075 Loss dta_preserve:  0.0049
EPOCH: 02
Elapsed time: 0.90 Epoch Pixel Loss:  0.0172 Epoch FFT Loss:  0.8241 Epoch DTA Rank:  0.0000 Epoch DTA TV:  0.0386 Epoch DTA Proxy:  0.6389 Epoch DTA Trans:  0.0095 Epoch DTA Phys:  0.0069 Epoch DTA Preserve:  0.0053
DTA_GATE_RAMP epoch=3 gate_limit=0.030000
Time:  0.0770 Epoch: 003 Iter:   50/ 600 LR: 0.0001000000 Loss content:  0.0170 Loss fft:  0.8091 Loss dta_rank:  0.0000 Loss dta_tv:  0.0363 Loss dta_proxy:  0.6599 Loss dta_trans:  0.0095 Loss dta_phys:  0.0080 Loss dta_preserve:  0.0061
Time:  0.0720 Epoch: 003 Iter:  100/ 600 LR: 0.0001000000 Loss content:  0.0173 Loss fft:  0.8267 Loss dta_rank:  0.0000 Loss dta_tv:  0.0363 Loss dta_proxy:  0.6612 Loss dta_trans:  0.0088 Loss dta_phys:  0.0071 Loss dta_preserve:  0.0056
Time:  0.0749 Epoch: 003 Iter:  150/ 600 LR: 0.0001000000 Loss content:  0.0166 Loss fft:  0.8329 Loss dta_rank:  0.0000 Loss dta_tv:  0.0371 Loss dta_proxy:  0.6409 Loss dta_trans:  0.0069 Loss dta_phys:  0.0062 Loss dta_preserve:  0.0062
Time:  0.0779 Epoch: 003 Iter:  200/ 600 LR: 0.0001000000 Loss content:  0.0175 Loss fft:  0.8156 Loss dta_rank:  0.0000 Loss dta_tv:  0.0365 Loss dta_proxy:  0.6439 Loss dta_trans:  0.0092 Loss dta_phys:  0.0064 Loss dta_preserve:  0.0063
Time:  0.0721 Epoch: 003 Iter:  250/ 600 LR: 0.0001000000 Loss content:  0.0172 Loss fft:  0.7992 Loss dta_rank:  0.0000 Loss dta_tv:  0.0365 Loss dta_proxy:  0.6432 Loss dta_trans:  0.0092 Loss dta_phys:  0.0071 Loss dta_preserve:  0.0058
Time:  0.0736 Epoch: 003 Iter:  300/ 600 LR: 0.0001000000 Loss content:  0.0172 Loss fft:  0.8239 Loss dta_rank:  0.0000 Loss dta_tv:  0.0360 Loss dta_proxy:  0.6316 Loss dta_trans:  0.0074 Loss dta_phys:  0.0062 Loss dta_preserve:  0.0055
Time:  0.0743 Epoch: 003 Iter:  350/ 600 LR: 0.0001000000 Loss content:  0.0171 Loss fft:  0.8432 Loss dta_rank:  0.0000 Loss dta_tv:  0.0365 Loss dta_proxy:  0.6462 Loss dta_trans:  0.0076 Loss dta_phys:  0.0067 Loss dta_preserve:  0.0042
Time:  0.0712 Epoch: 003 Iter:  400/ 600 LR: 0.0001000000 Loss content:  0.0174 Loss fft:  0.8521 Loss dta_rank:  0.0000 Loss dta_tv:  0.0366 Loss dta_proxy:  0.6327 Loss dta_trans:  0.0078 Loss dta_phys:  0.0069 Loss dta_preserve:  0.0044
Time:  0.0728 Epoch: 003 Iter:  450/ 600 LR: 0.0001000000 Loss content:  0.0172 Loss fft:  0.8161 Loss dta_rank:  0.0000 Loss dta_tv:  0.0357 Loss dta_proxy:  0.6466 Loss dta_trans:  0.0074 Loss dta_phys:  0.0072 Loss dta_preserve:  0.0045
Time:  0.0701 Epoch: 003 Iter:  500/ 600 LR: 0.0001000000 Loss content:  0.0174 Loss fft:  0.8399 Loss dta_rank:  0.0000 Loss dta_tv:  0.0348 Loss dta_proxy:  0.6400 Loss dta_trans:  0.0080 Loss dta_phys:  0.0061 Loss dta_preserve:  0.0049
Time:  0.0685 Epoch: 003 Iter:  550/ 600 LR: 0.0001000000 Loss content:  0.0170 Loss fft:  0.8204 Loss dta_rank:  0.0000 Loss dta_tv:  0.0355 Loss dta_proxy:  0.6475 Loss dta_trans:  0.0071 Loss dta_phys:  0.0069 Loss dta_preserve:  0.0050
Time:  0.0705 Epoch: 003 Iter:  600/ 600 LR: 0.0001000000 Loss content:  0.0170 Loss fft:  0.8077 Loss dta_rank:  0.0000 Loss dta_tv:  0.0354 Loss dta_proxy:  0.6341 Loss dta_trans:  0.0085 Loss dta_phys:  0.0070 Loss dta_preserve:  0.0052
EPOCH: 03
Elapsed time: 0.88 Epoch Pixel Loss:  0.0172 Epoch FFT Loss:  0.8239 Epoch DTA Rank:  0.0000 Epoch DTA TV:  0.0361 Epoch DTA Proxy:  0.6440 Epoch DTA Trans:  0.0081 Epoch DTA Phys:  0.0068 Epoch DTA Preserve:  0.0053
/sda/home/wangyuxin/ConvIR-B/envs/convir-cu121/lib/python3.10/site-packages/torch/optim/lr_scheduler.py:1087: UserWarning: To get the last learning rate computed by the scheduler, please use `get_last_lr()`.
  _warn_get_lr_called_within_step(self)
DTA_GATE_RAMP epoch=4 gate_limit=0.030000
Time:  0.0781 Epoch: 004 Iter:   50/ 600 LR: 0.0001000000 Loss content:  0.0174 Loss fft:  0.8591 Loss dta_rank:  0.0000 Loss dta_tv:  0.0343 Loss dta_proxy:  0.6460 Loss dta_trans:  0.0062 Loss dta_phys:  0.0059 Loss dta_preserve:  0.0054
Time:  0.0774 Epoch: 004 Iter:  100/ 600 LR: 0.0001000000 Loss content:  0.0173 Loss fft:  0.8258 Loss dta_rank:  0.0000 Loss dta_tv:  0.0341 Loss dta_proxy:  0.6467 Loss dta_trans:  0.0086 Loss dta_phys:  0.0066 Loss dta_preserve:  0.0069
Time:  0.0645 Epoch: 004 Iter:  150/ 600 LR: 0.0001000000 Loss content:  0.0172 Loss fft:  0.8483 Loss dta_rank:  0.0000 Loss dta_tv:  0.0350 Loss dta_proxy:  0.6218 Loss dta_trans:  0.0084 Loss dta_phys:  0.0065 Loss dta_preserve:  0.0056
Time:  0.0680 Epoch: 004 Iter:  200/ 600 LR: 0.0001000000 Loss content:  0.0176 Loss fft:  0.8318 Loss dta_rank:  0.0000 Loss dta_tv:  0.0332 Loss dta_proxy:  0.6542 Loss dta_trans:  0.0057 Loss dta_phys:  0.0059 Loss dta_preserve:  0.0048
Time:  0.0700 Epoch: 004 Iter:  250/ 600 LR: 0.0001000000 Loss content:  0.0160 Loss fft:  0.7733 Loss dta_rank:  0.0000 Loss dta_tv:  0.0342 Loss dta_proxy:  0.6401 Loss dta_trans:  0.0068 Loss dta_phys:  0.0070 Loss dta_preserve:  0.0047
Time:  0.0683 Epoch: 004 Iter:  300/ 600 LR: 0.0001000000 Loss content:  0.0168 Loss fft:  0.8089 Loss dta_rank:  0.0000 Loss dta_tv:  0.0342 Loss dta_proxy:  0.6401 Loss dta_trans:  0.0074 Loss dta_phys:  0.0075 Loss dta_preserve:  0.0063
Time:  0.0747 Epoch: 004 Iter:  350/ 600 LR: 0.0001000000 Loss content:  0.0170 Loss fft:  0.8165 Loss dta_rank:  0.0000 Loss dta_tv:  0.0343 Loss dta_proxy:  0.6550 Loss dta_trans:  0.0071 Loss dta_phys:  0.0073 Loss dta_preserve:  0.0060
Time:  0.0767 Epoch: 004 Iter:  400/ 600 LR: 0.0001000000 Loss content:  0.0173 Loss fft:  0.8344 Loss dta_rank:  0.0000 Loss dta_tv:  0.0334 Loss dta_proxy:  0.6429 Loss dta_trans:  0.0072 Loss dta_phys:  0.0071 Loss dta_preserve:  0.0047
Time:  0.0784 Epoch: 004 Iter:  450/ 600 LR: 0.0001000000 Loss content:  0.0174 Loss fft:  0.8324 Loss dta_rank:  0.0000 Loss dta_tv:  0.0343 Loss dta_proxy:  0.6318 Loss dta_trans:  0.0072 Loss dta_phys:  0.0065 Loss dta_preserve:  0.0046
Time:  0.0785 Epoch: 004 Iter:  500/ 600 LR: 0.0001000000 Loss content:  0.0173 Loss fft:  0.8181 Loss dta_rank:  0.0000 Loss dta_tv:  0.0346 Loss dta_proxy:  0.6429 Loss dta_trans:  0.0068 Loss dta_phys:  0.0067 Loss dta_preserve:  0.0060
Time:  0.0761 Epoch: 004 Iter:  550/ 600 LR: 0.0001000000 Loss content:  0.0167 Loss fft:  0.8116 Loss dta_rank:  0.0000 Loss dta_tv:  0.0332 Loss dta_proxy:  0.6546 Loss dta_trans:  0.0076 Loss dta_phys:  0.0069 Loss dta_preserve:  0.0054
Time:  0.0743 Epoch: 004 Iter:  600/ 600 LR: 0.0001000000 Loss content:  0.0172 Loss fft:  0.8086 Loss dta_rank:  0.0000 Loss dta_tv:  0.0328 Loss dta_proxy:  0.6317 Loss dta_trans:  0.0067 Loss dta_phys:  0.0060 Loss dta_preserve:  0.0046
EPOCH: 04
Elapsed time: 0.89 Epoch Pixel Loss:  0.0171 Epoch FFT Loss:  0.8224 Epoch DTA Rank:  0.0000 Epoch DTA TV:  0.0340 Epoch DTA Proxy:  0.6423 Epoch DTA Trans:  0.0071 Epoch DTA Phys:  0.0067 Epoch DTA Preserve:  0.0054
DTA_GATE_RAMP epoch=5 gate_limit=0.030000
Time:  0.0790 Epoch: 005 Iter:   50/ 600 LR: 0.0000983215 Loss content:  0.0167 Loss fft:  0.7976 Loss dta_rank:  0.0000 Loss dta_tv:  0.0332 Loss dta_proxy:  0.6410 Loss dta_trans:  0.0074 Loss dta_phys:  0.0070 Loss dta_preserve:  0.0047
Time:  0.0748 Epoch: 005 Iter:  100/ 600 LR: 0.0000983215 Loss content:  0.0169 Loss fft:  0.8076 Loss dta_rank:  0.0000 Loss dta_tv:  0.0342 Loss dta_proxy:  0.6109 Loss dta_trans:  0.0072 Loss dta_phys:  0.0063 Loss dta_preserve:  0.0049
Time:  0.0765 Epoch: 005 Iter:  150/ 600 LR: 0.0000983215 Loss content:  0.0167 Loss fft:  0.7825 Loss dta_rank:  0.0000 Loss dta_tv:  0.0320 Loss dta_proxy:  0.6569 Loss dta_trans:  0.0073 Loss dta_phys:  0.0079 Loss dta_preserve:  0.0054
Time:  0.0746 Epoch: 005 Iter:  200/ 600 LR: 0.0000983215 Loss content:  0.0172 Loss fft:  0.8476 Loss dta_rank:  0.0000 Loss dta_tv:  0.0325 Loss dta_proxy:  0.6375 Loss dta_trans:  0.0063 Loss dta_phys:  0.0061 Loss dta_preserve:  0.0039
Time:  0.0758 Epoch: 005 Iter:  250/ 600 LR: 0.0000983215 Loss content:  0.0175 Loss fft:  0.8484 Loss dta_rank:  0.0000 Loss dta_tv:  0.0322 Loss dta_proxy:  0.6594 Loss dta_trans:  0.0077 Loss dta_phys:  0.0064 Loss dta_preserve:  0.0053
Time:  0.0785 Epoch: 005 Iter:  300/ 600 LR: 0.0000983215 Loss content:  0.0171 Loss fft:  0.8030 Loss dta_rank:  0.0000 Loss dta_tv:  0.0338 Loss dta_proxy:  0.6141 Loss dta_trans:  0.0069 Loss dta_phys:  0.0066 Loss dta_preserve:  0.0057
Time:  0.0790 Epoch: 005 Iter:  350/ 600 LR: 0.0000983215 Loss content:  0.0174 Loss fft:  0.8148 Loss dta_rank:  0.0000 Loss dta_tv:  0.0328 Loss dta_proxy:  0.6423 Loss dta_trans:  0.0074 Loss dta_phys:  0.0068 Loss dta_preserve:  0.0062
Time:  0.0774 Epoch: 005 Iter:  400/ 600 LR: 0.0000983215 Loss content:  0.0171 Loss fft:  0.8309 Loss dta_rank:  0.0000 Loss dta_tv:  0.0329 Loss dta_proxy:  0.6449 Loss dta_trans:  0.0061 Loss dta_phys:  0.0061 Loss dta_preserve:  0.0047
Time:  0.0780 Epoch: 005 Iter:  450/ 600 LR: 0.0000983215 Loss content:  0.0171 Loss fft:  0.8368 Loss dta_rank:  0.0000 Loss dta_tv:  0.0324 Loss dta_proxy:  0.6400 Loss dta_trans:  0.0048 Loss dta_phys:  0.0061 Loss dta_preserve:  0.0047
Time:  0.0789 Epoch: 005 Iter:  500/ 600 LR: 0.0000983215 Loss content:  0.0171 Loss fft:  0.8549 Loss dta_rank:  0.0000 Loss dta_tv:  0.0329 Loss dta_proxy:  0.6673 Loss dta_trans:  0.0070 Loss dta_phys:  0.0069 Loss dta_preserve:  0.0051
Time:  0.0778 Epoch: 005 Iter:  550/ 600 LR: 0.0000983215 Loss content:  0.0166 Loss fft:  0.7919 Loss dta_rank:  0.0000 Loss dta_tv:  0.0330 Loss dta_proxy:  0.6386 Loss dta_trans:  0.0074 Loss dta_phys:  0.0075 Loss dta_preserve:  0.0050
Time:  0.0744 Epoch: 005 Iter:  600/ 600 LR: 0.0000983215 Loss content:  0.0171 Loss fft:  0.8038 Loss dta_rank:  0.0000 Loss dta_tv:  0.0331 Loss dta_proxy:  0.6358 Loss dta_trans:  0.0063 Loss dta_phys:  0.0074 Loss dta_preserve:  0.0052
EPOCH: 05
Elapsed time: 0.93 Epoch Pixel Loss:  0.0170 Epoch FFT Loss:  0.8183 Epoch DTA Rank:  0.0000 Epoch DTA TV:  0.0329 Epoch DTA Proxy:  0.6407 Epoch DTA Trans:  0.0068 Epoch DTA Phys:  0.0068 Epoch DTA Preserve:  0.0051
DTA_GATE_RAMP epoch=6 gate_limit=0.030000
Time:  0.0813 Epoch: 006 Iter:   50/ 600 LR: 0.0000942212 Loss content:  0.0170 Loss fft:  0.8241 Loss dta_rank:  0.0000 Loss dta_tv:  0.0325 Loss dta_proxy:  0.6425 Loss dta_trans:  0.0064 Loss dta_phys:  0.0069 Loss dta_preserve:  0.0069
Time:  0.0733 Epoch: 006 Iter:  100/ 600 LR: 0.0000942212 Loss content:  0.0171 Loss fft:  0.8383 Loss dta_rank:  0.0000 Loss dta_tv:  0.0318 Loss dta_proxy:  0.6492 Loss dta_trans:  0.0058 Loss dta_phys:  0.0064 Loss dta_preserve:  0.0052
Time:  0.0741 Epoch: 006 Iter:  150/ 600 LR: 0.0000942212 Loss content:  0.0168 Loss fft:  0.7684 Loss dta_rank:  0.0000 Loss dta_tv:  0.0320 Loss dta_proxy:  0.6322 Loss dta_trans:  0.0063 Loss dta_phys:  0.0067 Loss dta_preserve:  0.0042
Time:  0.0773 Epoch: 006 Iter:  200/ 600 LR: 0.0000942212 Loss content:  0.0170 Loss fft:  0.8223 Loss dta_rank:  0.0000 Loss dta_tv:  0.0323 Loss dta_proxy:  0.6416 Loss dta_trans:  0.0067 Loss dta_phys:  0.0066 Loss dta_preserve:  0.0057
Time:  0.0797 Epoch: 006 Iter:  250/ 600 LR: 0.0000942212 Loss content:  0.0187 Loss fft:  0.8576 Loss dta_rank:  0.0000 Loss dta_tv:  0.0313 Loss dta_proxy:  0.6512 Loss dta_trans:  0.0071 Loss dta_phys:  0.0067 Loss dta_preserve:  0.0046
Time:  0.0739 Epoch: 006 Iter:  300/ 600 LR: 0.0000942212 Loss content:  0.0170 Loss fft:  0.8394 Loss dta_rank:  0.0000 Loss dta_tv:  0.0323 Loss dta_proxy:  0.6497 Loss dta_trans:  0.0061 Loss dta_phys:  0.0063 Loss dta_preserve:  0.0051
Time:  0.0710 Epoch: 006 Iter:  350/ 600 LR: 0.0000942212 Loss content:  0.0167 Loss fft:  0.7858 Loss dta_rank:  0.0000 Loss dta_tv:  0.0313 Loss dta_proxy:  0.6427 Loss dta_trans:  0.0062 Loss dta_phys:  0.0066 Loss dta_preserve:  0.0049
Time:  0.0738 Epoch: 006 Iter:  400/ 600 LR: 0.0000942212 Loss content:  0.0181 Loss fft:  0.8448 Loss dta_rank:  0.0000 Loss dta_tv:  0.0314 Loss dta_proxy:  0.6563 Loss dta_trans:  0.0055 Loss dta_phys:  0.0070 Loss dta_preserve:  0.0072
Time:  0.0768 Epoch: 006 Iter:  450/ 600 LR: 0.0000942212 Loss content:  0.0172 Loss fft:  0.8275 Loss dta_rank:  0.0000 Loss dta_tv:  0.0321 Loss dta_proxy:  0.6521 Loss dta_trans:  0.0062 Loss dta_phys:  0.0076 Loss dta_preserve:  0.0046
Time:  0.0754 Epoch: 006 Iter:  500/ 600 LR: 0.0000942212 Loss content:  0.0162 Loss fft:  0.7609 Loss dta_rank:  0.0000 Loss dta_tv:  0.0311 Loss dta_proxy:  0.6452 Loss dta_trans:  0.0067 Loss dta_phys:  0.0059 Loss dta_preserve:  0.0056
Time:  0.0760 Epoch: 006 Iter:  550/ 600 LR: 0.0000942212 Loss content:  0.0177 Loss fft:  0.8643 Loss dta_rank:  0.0000 Loss dta_tv:  0.0315 Loss dta_proxy:  0.6419 Loss dta_trans:  0.0060 Loss dta_phys:  0.0062 Loss dta_preserve:  0.0047
Time:  0.0746 Epoch: 006 Iter:  600/ 600 LR: 0.0000942212 Loss content:  0.0172 Loss fft:  0.8123 Loss dta_rank:  0.0000 Loss dta_tv:  0.0314 Loss dta_proxy:  0.6410 Loss dta_trans:  0.0075 Loss dta_phys:  0.0076 Loss dta_preserve:  0.0045
EPOCH: 06
Elapsed time: 0.91 Epoch Pixel Loss:  0.0172 Epoch FFT Loss:  0.8205 Epoch DTA Rank:  0.0000 Epoch DTA TV:  0.0317 Epoch DTA Proxy:  0.6455 Epoch DTA Trans:  0.0064 Epoch DTA Phys:  0.0067 Epoch DTA Preserve:  0.0053
DTA_GATE_RAMP epoch=7 gate_limit=0.030000
Time:  0.0796 Epoch: 007 Iter:   50/ 600 LR: 0.0000886874 Loss content:  0.0171 Loss fft:  0.8230 Loss dta_rank:  0.0000 Loss dta_tv:  0.0309 Loss dta_proxy:  0.6549 Loss dta_trans:  0.0068 Loss dta_phys:  0.0073 Loss dta_preserve:  0.0041
Time:  0.0772 Epoch: 007 Iter:  100/ 600 LR: 0.0000886874 Loss content:  0.0174 Loss fft:  0.8247 Loss dta_rank:  0.0000 Loss dta_tv:  0.0319 Loss dta_proxy:  0.6244 Loss dta_trans:  0.0070 Loss dta_phys:  0.0073 Loss dta_preserve:  0.0061
Time:  0.0762 Epoch: 007 Iter:  150/ 600 LR: 0.0000886874 Loss content:  0.0174 Loss fft:  0.8131 Loss dta_rank:  0.0000 Loss dta_tv:  0.0301 Loss dta_proxy:  0.6559 Loss dta_trans:  0.0053 Loss dta_phys:  0.0065 Loss dta_preserve:  0.0046
Time:  0.0790 Epoch: 007 Iter:  200/ 600 LR: 0.0000886874 Loss content:  0.0177 Loss fft:  0.8229 Loss dta_rank:  0.0000 Loss dta_tv:  0.0308 Loss dta_proxy:  0.6674 Loss dta_trans:  0.0057 Loss dta_phys:  0.0079 Loss dta_preserve:  0.0049
Time:  0.0762 Epoch: 007 Iter:  250/ 600 LR: 0.0000886874 Loss content:  0.0167 Loss fft:  0.8117 Loss dta_rank:  0.0000 Loss dta_tv:  0.0325 Loss dta_proxy:  0.6321 Loss dta_trans:  0.0072 Loss dta_phys:  0.0058 Loss dta_preserve:  0.0041
Time:  0.0750 Epoch: 007 Iter:  300/ 600 LR: 0.0000886874 Loss content:  0.0168 Loss fft:  0.8241 Loss dta_rank:  0.0000 Loss dta_tv:  0.0323 Loss dta_proxy:  0.6362 Loss dta_trans:  0.0065 Loss dta_phys:  0.0070 Loss dta_preserve:  0.0061
Time:  0.0737 Epoch: 007 Iter:  350/ 600 LR: 0.0000886874 Loss content:  0.0175 Loss fft:  0.8669 Loss dta_rank:  0.0000 Loss dta_tv:  0.0311 Loss dta_proxy:  0.6458 Loss dta_trans:  0.0060 Loss dta_phys:  0.0058 Loss dta_preserve:  0.0043
Time:  0.0765 Epoch: 007 Iter:  400/ 600 LR: 0.0000886874 Loss content:  0.0170 Loss fft:  0.8313 Loss dta_rank:  0.0000 Loss dta_tv:  0.0312 Loss dta_proxy:  0.6435 Loss dta_trans:  0.0056 Loss dta_phys:  0.0064 Loss dta_preserve:  0.0051
Time:  0.0778 Epoch: 007 Iter:  450/ 600 LR: 0.0000886874 Loss content:  0.0175 Loss fft:  0.8112 Loss dta_rank:  0.0000 Loss dta_tv:  0.0301 Loss dta_proxy:  0.6532 Loss dta_trans:  0.0048 Loss dta_phys:  0.0062 Loss dta_preserve:  0.0062
Time:  0.0770 Epoch: 007 Iter:  500/ 600 LR: 0.0000886874 Loss content:  0.0165 Loss fft:  0.8192 Loss dta_rank:  0.0000 Loss dta_tv:  0.0316 Loss dta_proxy:  0.6300 Loss dta_trans:  0.0076 Loss dta_phys:  0.0070 Loss dta_preserve:  0.0054
Time:  0.0822 Epoch: 007 Iter:  550/ 600 LR: 0.0000886874 Loss content:  0.0160 Loss fft:  0.7847 Loss dta_rank:  0.0000 Loss dta_tv:  0.0304 Loss dta_proxy:  0.6476 Loss dta_trans:  0.0062 Loss dta_phys:  0.0072 Loss dta_preserve:  0.0061
Time:  0.0767 Epoch: 007 Iter:  600/ 600 LR: 0.0000886874 Loss content:  0.0165 Loss fft:  0.8187 Loss dta_rank:  0.0000 Loss dta_tv:  0.0304 Loss dta_proxy:  0.6341 Loss dta_trans:  0.0060 Loss dta_phys:  0.0064 Loss dta_preserve:  0.0049
EPOCH: 07
Elapsed time: 0.93 Epoch Pixel Loss:  0.0170 Epoch FFT Loss:  0.8210 Epoch DTA Rank:  0.0000 Epoch DTA TV:  0.0311 Epoch DTA Proxy:  0.6438 Epoch DTA Trans:  0.0062 Epoch DTA Phys:  0.0067 Epoch DTA Preserve:  0.0052
DTA_GATE_RAMP epoch=8 gate_limit=0.030000
Time:  0.0806 Epoch: 008 Iter:   50/ 600 LR: 0.0000819070 Loss content:  0.0165 Loss fft:  0.8012 Loss dta_rank:  0.0000 Loss dta_tv:  0.0312 Loss dta_proxy:  0.6436 Loss dta_trans:  0.0059 Loss dta_phys:  0.0073 Loss dta_preserve:  0.0060
Time:  0.0758 Epoch: 008 Iter:  100/ 600 LR: 0.0000819070 Loss content:  0.0172 Loss fft:  0.8100 Loss dta_rank:  0.0000 Loss dta_tv:  0.0310 Loss dta_proxy:  0.6500 Loss dta_trans:  0.0066 Loss dta_phys:  0.0066 Loss dta_preserve:  0.0065
Time:  0.0750 Epoch: 008 Iter:  150/ 600 LR: 0.0000819070 Loss content:  0.0169 Loss fft:  0.8220 Loss dta_rank:  0.0000 Loss dta_tv:  0.0306 Loss dta_proxy:  0.6431 Loss dta_trans:  0.0054 Loss dta_phys:  0.0070 Loss dta_preserve:  0.0056
Time:  0.0758 Epoch: 008 Iter:  200/ 600 LR: 0.0000819070 Loss content:  0.0165 Loss fft:  0.8013 Loss dta_rank:  0.0000 Loss dta_tv:  0.0306 Loss dta_proxy:  0.6458 Loss dta_trans:  0.0067 Loss dta_phys:  0.0064 Loss dta_preserve:  0.0041
Time:  0.0789 Epoch: 008 Iter:  250/ 600 LR: 0.0000819070 Loss content:  0.0174 Loss fft:  0.8319 Loss dta_rank:  0.0000 Loss dta_tv:  0.0312 Loss dta_proxy:  0.6372 Loss dta_trans:  0.0068 Loss dta_phys:  0.0067 Loss dta_preserve:  0.0045
Time:  0.0753 Epoch: 008 Iter:  300/ 600 LR: 0.0000819070 Loss content:  0.0169 Loss fft:  0.8049 Loss dta_rank:  0.0000 Loss dta_tv:  0.0302 Loss dta_proxy:  0.6409 Loss dta_trans:  0.0055 Loss dta_phys:  0.0065 Loss dta_preserve:  0.0062
Time:  0.0734 Epoch: 008 Iter:  350/ 600 LR: 0.0000819070 Loss content:  0.0173 Loss fft:  0.8040 Loss dta_rank:  0.0000 Loss dta_tv:  0.0306 Loss dta_proxy:  0.6534 Loss dta_trans:  0.0067 Loss dta_phys:  0.0073 Loss dta_preserve:  0.0046
Time:  0.0754 Epoch: 008 Iter:  400/ 600 LR: 0.0000819070 Loss content:  0.0170 Loss fft:  0.8364 Loss dta_rank:  0.0000 Loss dta_tv:  0.0306 Loss dta_proxy:  0.6370 Loss dta_trans:  0.0047 Loss dta_phys:  0.0064 Loss dta_preserve:  0.0054
Time:  0.0789 Epoch: 008 Iter:  450/ 600 LR: 0.0000819070 Loss content:  0.0168 Loss fft:  0.8165 Loss dta_rank:  0.0000 Loss dta_tv:  0.0304 Loss dta_proxy:  0.6680 Loss dta_trans:  0.0065 Loss dta_phys:  0.0068 Loss dta_preserve:  0.0048
Time:  0.0763 Epoch: 008 Iter:  500/ 600 LR: 0.0000819070 Loss content:  0.0178 Loss fft:  0.8446 Loss dta_rank:  0.0000 Loss dta_tv:  0.0307 Loss dta_proxy:  0.6462 Loss dta_trans:  0.0057 Loss dta_phys:  0.0072 Loss dta_preserve:  0.0057
Time:  0.0773 Epoch: 008 Iter:  550/ 600 LR: 0.0000819070 Loss content:  0.0175 Loss fft:  0.8510 Loss dta_rank:  0.0000 Loss dta_tv:  0.0305 Loss dta_proxy:  0.6450 Loss dta_trans:  0.0065 Loss dta_phys:  0.0071 Loss dta_preserve:  0.0045
Time:  0.0751 Epoch: 008 Iter:  600/ 600 LR: 0.0000819070 Loss content:  0.0172 Loss fft:  0.8201 Loss dta_rank:  0.0000 Loss dta_tv:  0.0304 Loss dta_proxy:  0.6303 Loss dta_trans:  0.0068 Loss dta_phys:  0.0062 Loss dta_preserve:  0.0062
EPOCH: 08
Elapsed time: 0.92 Epoch Pixel Loss:  0.0171 Epoch FFT Loss:  0.8203 Epoch DTA Rank:  0.0000 Epoch DTA TV:  0.0307 Epoch DTA Proxy:  0.6451 Epoch DTA Trans:  0.0062 Epoch DTA Phys:  0.0068 Epoch DTA Preserve:  0.0053
DTA_GATE_RAMP epoch=9 gate_limit=0.060000
Time:  0.0786 Epoch: 009 Iter:   50/ 600 LR: 0.0000741093 Loss content:  0.0174 Loss fft:  0.8169 Loss dta_rank:  0.0000 Loss dta_tv:  0.0308 Loss dta_proxy:  0.6393 Loss dta_trans:  0.0053 Loss dta_phys:  0.0062 Loss dta_preserve:  0.0053
Time:  0.0757 Epoch: 009 Iter:  100/ 600 LR: 0.0000741093 Loss content:  0.0174 Loss fft:  0.8221 Loss dta_rank:  0.0000 Loss dta_tv:  0.0309 Loss dta_proxy:  0.6483 Loss dta_trans:  0.0056 Loss dta_phys:  0.0067 Loss dta_preserve:  0.0087
Time:  0.0785 Epoch: 009 Iter:  150/ 600 LR: 0.0000741093 Loss content:  0.0168 Loss fft:  0.8359 Loss dta_rank:  0.0000 Loss dta_tv:  0.0313 Loss dta_proxy:  0.6268 Loss dta_trans:  0.0061 Loss dta_phys:  0.0061 Loss dta_preserve:  0.0066
Time:  0.0759 Epoch: 009 Iter:  200/ 600 LR: 0.0000741093 Loss content:  0.0173 Loss fft:  0.8135 Loss dta_rank:  0.0000 Loss dta_tv:  0.0306 Loss dta_proxy:  0.6320 Loss dta_trans:  0.0064 Loss dta_phys:  0.0064 Loss dta_preserve:  0.0050
Time:  0.0775 Epoch: 009 Iter:  250/ 600 LR: 0.0000741093 Loss content:  0.0168 Loss fft:  0.8136 Loss dta_rank:  0.0000 Loss dta_tv:  0.0305 Loss dta_proxy:  0.6447 Loss dta_trans:  0.0052 Loss dta_phys:  0.0068 Loss dta_preserve:  0.0059
Time:  0.0765 Epoch: 009 Iter:  300/ 600 LR: 0.0000741093 Loss content:  0.0177 Loss fft:  0.8242 Loss dta_rank:  0.0000 Loss dta_tv:  0.0308 Loss dta_proxy:  0.6448 Loss dta_trans:  0.0064 Loss dta_phys:  0.0059 Loss dta_preserve:  0.0053
Time:  0.0745 Epoch: 009 Iter:  350/ 600 LR: 0.0000741093 Loss content:  0.0175 Loss fft:  0.8113 Loss dta_rank:  0.0000 Loss dta_tv:  0.0303 Loss dta_proxy:  0.6406 Loss dta_trans:  0.0050 Loss dta_phys:  0.0070 Loss dta_preserve:  0.0047
Time:  0.0749 Epoch: 009 Iter:  400/ 600 LR: 0.0000741093 Loss content:  0.0169 Loss fft:  0.8407 Loss dta_rank:  0.0000 Loss dta_tv:  0.0301 Loss dta_proxy:  0.6633 Loss dta_trans:  0.0065 Loss dta_phys:  0.0078 Loss dta_preserve:  0.0044
Time:  0.0732 Epoch: 009 Iter:  450/ 600 LR: 0.0000741093 Loss content:  0.0174 Loss fft:  0.8172 Loss dta_rank:  0.0000 Loss dta_tv:  0.0297 Loss dta_proxy:  0.6543 Loss dta_trans:  0.0057 Loss dta_phys:  0.0074 Loss dta_preserve:  0.0058
Time:  0.0748 Epoch: 009 Iter:  500/ 600 LR: 0.0000741093 Loss content:  0.0165 Loss fft:  0.8138 Loss dta_rank:  0.0000 Loss dta_tv:  0.0304 Loss dta_proxy:  0.6508 Loss dta_trans:  0.0064 Loss dta_phys:  0.0076 Loss dta_preserve:  0.0049
Time:  0.0739 Epoch: 009 Iter:  550/ 600 LR: 0.0000741093 Loss content:  0.0168 Loss fft:  0.8143 Loss dta_rank:  0.0000 Loss dta_tv:  0.0312 Loss dta_proxy:  0.6110 Loss dta_trans:  0.0060 Loss dta_phys:  0.0063 Loss dta_preserve:  0.0061
Time:  0.0709 Epoch: 009 Iter:  600/ 600 LR: 0.0000741093 Loss content:  0.0174 Loss fft:  0.8190 Loss dta_rank:  0.0000 Loss dta_tv:  0.0306 Loss dta_proxy:  0.6384 Loss dta_trans:  0.0058 Loss dta_phys:  0.0064 Loss dta_preserve:  0.0051
EPOCH: 09
Elapsed time: 0.91 Epoch Pixel Loss:  0.0172 Epoch FFT Loss:  0.8202 Epoch DTA Rank:  0.0000 Epoch DTA TV:  0.0306 Epoch DTA Proxy:  0.6412 Epoch DTA Trans:  0.0059 Epoch DTA Phys:  0.0067 Epoch DTA Preserve:  0.0057
DTA_GATE_RAMP epoch=10 gate_limit=0.060000
Time:  0.0792 Epoch: 010 Iter:   50/ 600 LR: 0.0000655580 Loss content:  0.0166 Loss fft:  0.8103 Loss dta_rank:  0.0000 Loss dta_tv:  0.0305 Loss dta_proxy:  0.6467 Loss dta_trans:  0.0054 Loss dta_phys:  0.0070 Loss dta_preserve:  0.0060
Time:  0.0752 Epoch: 010 Iter:  100/ 600 LR: 0.0000655580 Loss content:  0.0171 Loss fft:  0.8233 Loss dta_rank:  0.0000 Loss dta_tv:  0.0306 Loss dta_proxy:  0.6600 Loss dta_trans:  0.0062 Loss dta_phys:  0.0065 Loss dta_preserve:  0.0059
Time:  0.0753 Epoch: 010 Iter:  150/ 600 LR: 0.0000655580 Loss content:  0.0174 Loss fft:  0.8259 Loss dta_rank:  0.0000 Loss dta_tv:  0.0298 Loss dta_proxy:  0.6480 Loss dta_trans:  0.0062 Loss dta_phys:  0.0071 Loss dta_preserve:  0.0052
Time:  0.0761 Epoch: 010 Iter:  200/ 600 LR: 0.0000655580 Loss content:  0.0177 Loss fft:  0.8236 Loss dta_rank:  0.0000 Loss dta_tv:  0.0302 Loss dta_proxy:  0.6299 Loss dta_trans:  0.0058 Loss dta_phys:  0.0063 Loss dta_preserve:  0.0056
Time:  0.0740 Epoch: 010 Iter:  250/ 600 LR: 0.0000655580 Loss content:  0.0174 Loss fft:  0.8293 Loss dta_rank:  0.0000 Loss dta_tv:  0.0300 Loss dta_proxy:  0.6496 Loss dta_trans:  0.0055 Loss dta_phys:  0.0069 Loss dta_preserve:  0.0053
Time:  0.0755 Epoch: 010 Iter:  300/ 600 LR: 0.0000655580 Loss content:  0.0165 Loss fft:  0.7689 Loss dta_rank:  0.0000 Loss dta_tv:  0.0301 Loss dta_proxy:  0.6319 Loss dta_trans:  0.0062 Loss dta_phys:  0.0069 Loss dta_preserve:  0.0057
Time:  0.0741 Epoch: 010 Iter:  350/ 600 LR: 0.0000655580 Loss content:  0.0175 Loss fft:  0.8251 Loss dta_rank:  0.0000 Loss dta_tv:  0.0297 Loss dta_proxy:  0.6497 Loss dta_trans:  0.0052 Loss dta_phys:  0.0067 Loss dta_preserve:  0.0080
Time:  0.0709 Epoch: 010 Iter:  400/ 600 LR: 0.0000655580 Loss content:  0.0171 Loss fft:  0.8114 Loss dta_rank:  0.0000 Loss dta_tv:  0.0298 Loss dta_proxy:  0.6445 Loss dta_trans:  0.0059 Loss dta_phys:  0.0065 Loss dta_preserve:  0.0057
Time:  0.0737 Epoch: 010 Iter:  450/ 600 LR: 0.0000655580 Loss content:  0.0174 Loss fft:  0.8329 Loss dta_rank:  0.0000 Loss dta_tv:  0.0297 Loss dta_proxy:  0.6484 Loss dta_trans:  0.0056 Loss dta_phys:  0.0068 Loss dta_preserve:  0.0041
Time:  0.0755 Epoch: 010 Iter:  500/ 600 LR: 0.0000655580 Loss content:  0.0170 Loss fft:  0.8139 Loss dta_rank:  0.0000 Loss dta_tv:  0.0304 Loss dta_proxy:  0.6376 Loss dta_trans:  0.0059 Loss dta_phys:  0.0067 Loss dta_preserve:  0.0045
Time:  0.0802 Epoch: 010 Iter:  550/ 600 LR: 0.0000655580 Loss content:  0.0168 Loss fft:  0.8231 Loss dta_rank:  0.0000 Loss dta_tv:  0.0307 Loss dta_proxy:  0.6119 Loss dta_trans:  0.0057 Loss dta_phys:  0.0057 Loss dta_preserve:  0.0061
Time:  0.0756 Epoch: 010 Iter:  600/ 600 LR: 0.0000655580 Loss content:  0.0169 Loss fft:  0.8384 Loss dta_rank:  0.0000 Loss dta_tv:  0.0302 Loss dta_proxy:  0.6467 Loss dta_trans:  0.0070 Loss dta_phys:  0.0073 Loss dta_preserve:  0.0046
EPOCH: 10
Elapsed time: 0.91 Epoch Pixel Loss:  0.0171 Epoch FFT Loss:  0.8188 Epoch DTA Rank:  0.0000 Epoch DTA TV:  0.0301 Epoch DTA Proxy:  0.6421 Epoch DTA Trans:  0.0059 Epoch DTA Phys:  0.0067 Epoch DTA Preserve:  0.0056
DTA_GATE_RAMP epoch=11 gate_limit=0.060000
Time:  0.0812 Epoch: 011 Iter:   50/ 600 LR: 0.0000565424 Loss content:  0.0172 Loss fft:  0.8210 Loss dta_rank:  0.0000 Loss dta_tv:  0.0302 Loss dta_proxy:  0.6380 Loss dta_trans:  0.0056 Loss dta_phys:  0.0065 Loss dta_preserve:  0.0051
Time:  0.0749 Epoch: 011 Iter:  100/ 600 LR: 0.0000565424 Loss content:  0.0163 Loss fft:  0.8214 Loss dta_rank:  0.0000 Loss dta_tv:  0.0301 Loss dta_proxy:  0.6413 Loss dta_trans:  0.0061 Loss dta_phys:  0.0069 Loss dta_preserve:  0.0044
Time:  0.0757 Epoch: 011 Iter:  150/ 600 LR: 0.0000565424 Loss content:  0.0170 Loss fft:  0.8023 Loss dta_rank:  0.0000 Loss dta_tv:  0.0303 Loss dta_proxy:  0.6357 Loss dta_trans:  0.0057 Loss dta_phys:  0.0067 Loss dta_preserve:  0.0055
Time:  0.0757 Epoch: 011 Iter:  200/ 600 LR: 0.0000565424 Loss content:  0.0179 Loss fft:  0.8352 Loss dta_rank:  0.0000 Loss dta_tv:  0.0299 Loss dta_proxy:  0.6454 Loss dta_trans:  0.0066 Loss dta_phys:  0.0063 Loss dta_preserve:  0.0045
Time:  0.0649 Epoch: 011 Iter:  250/ 600 LR: 0.0000565424 Loss content:  0.0169 Loss fft:  0.8346 Loss dta_rank:  0.0000 Loss dta_tv:  0.0300 Loss dta_proxy:  0.6539 Loss dta_trans:  0.0068 Loss dta_phys:  0.0066 Loss dta_preserve:  0.0061
Time:  0.0627 Epoch: 011 Iter:  300/ 600 LR: 0.0000565424 Loss content:  0.0176 Loss fft:  0.8077 Loss dta_rank:  0.0000 Loss dta_tv:  0.0299 Loss dta_proxy:  0.6512 Loss dta_trans:  0.0067 Loss dta_phys:  0.0073 Loss dta_preserve:  0.0065
Time:  0.0707 Epoch: 011 Iter:  350/ 600 LR: 0.0000565424 Loss content:  0.0164 Loss fft:  0.8299 Loss dta_rank:  0.0000 Loss dta_tv:  0.0296 Loss dta_proxy:  0.6515 Loss dta_trans:  0.0048 Loss dta_phys:  0.0065 Loss dta_preserve:  0.0045
Time:  0.0686 Epoch: 011 Iter:  400/ 600 LR: 0.0000565424 Loss content:  0.0176 Loss fft:  0.8244 Loss dta_rank:  0.0000 Loss dta_tv:  0.0295 Loss dta_proxy:  0.6394 Loss dta_trans:  0.0056 Loss dta_phys:  0.0069 Loss dta_preserve:  0.0064
Time:  0.0639 Epoch: 011 Iter:  450/ 600 LR: 0.0000565424 Loss content:  0.0174 Loss fft:  0.8242 Loss dta_rank:  0.0000 Loss dta_tv:  0.0303 Loss dta_proxy:  0.6359 Loss dta_trans:  0.0054 Loss dta_phys:  0.0069 Loss dta_preserve:  0.0043
Time:  0.0633 Epoch: 011 Iter:  500/ 600 LR: 0.0000565424 Loss content:  0.0179 Loss fft:  0.7924 Loss dta_rank:  0.0000 Loss dta_tv:  0.0291 Loss dta_proxy:  0.6316 Loss dta_trans:  0.0058 Loss dta_phys:  0.0072 Loss dta_preserve:  0.0052
Time:  0.0687 Epoch: 011 Iter:  550/ 600 LR: 0.0000565424 Loss content:  0.0164 Loss fft:  0.7861 Loss dta_rank:  0.0000 Loss dta_tv:  0.0296 Loss dta_proxy:  0.6451 Loss dta_trans:  0.0070 Loss dta_phys:  0.0075 Loss dta_preserve:  0.0037
Time:  0.0740 Epoch: 011 Iter:  600/ 600 LR: 0.0000565424 Loss content:  0.0178 Loss fft:  0.8750 Loss dta_rank:  0.0000 Loss dta_tv:  0.0289 Loss dta_proxy:  0.6611 Loss dta_trans:  0.0056 Loss dta_phys:  0.0070 Loss dta_preserve:  0.0055
EPOCH: 11
Elapsed time: 0.85 Epoch Pixel Loss:  0.0172 Epoch FFT Loss:  0.8212 Epoch DTA Rank:  0.0000 Epoch DTA TV:  0.0298 Epoch DTA Proxy:  0.6442 Epoch DTA Trans:  0.0060 Epoch DTA Phys:  0.0068 Epoch DTA Preserve:  0.0052
DTA_GATE_RAMP epoch=12 gate_limit=0.060000
Time:  0.0788 Epoch: 012 Iter:   50/ 600 LR: 0.0000473670 Loss content:  0.0183 Loss fft:  0.8073 Loss dta_rank:  0.0000 Loss dta_tv:  0.0301 Loss dta_proxy:  0.6316 Loss dta_trans:  0.0053 Loss dta_phys:  0.0074 Loss dta_preserve:  0.0060
Time:  0.0720 Epoch: 012 Iter:  100/ 600 LR: 0.0000473670 Loss content:  0.0167 Loss fft:  0.7821 Loss dta_rank:  0.0000 Loss dta_tv:  0.0304 Loss dta_proxy:  0.6426 Loss dta_trans:  0.0059 Loss dta_phys:  0.0077 Loss dta_preserve:  0.0041
Time:  0.0751 Epoch: 012 Iter:  150/ 600 LR: 0.0000473670 Loss content:  0.0164 Loss fft:  0.7971 Loss dta_rank:  0.0000 Loss dta_tv:  0.0300 Loss dta_proxy:  0.6270 Loss dta_trans:  0.0054 Loss dta_phys:  0.0064 Loss dta_preserve:  0.0038
Time:  0.0745 Epoch: 012 Iter:  200/ 600 LR: 0.0000473670 Loss content:  0.0169 Loss fft:  0.7948 Loss dta_rank:  0.0000 Loss dta_tv:  0.0295 Loss dta_proxy:  0.6518 Loss dta_trans:  0.0059 Loss dta_phys:  0.0069 Loss dta_preserve:  0.0051
Time:  0.0768 Epoch: 012 Iter:  250/ 600 LR: 0.0000473670 Loss content:  0.0170 Loss fft:  0.8396 Loss dta_rank:  0.0000 Loss dta_tv:  0.0295 Loss dta_proxy:  0.6518 Loss dta_trans:  0.0053 Loss dta_phys:  0.0061 Loss dta_preserve:  0.0052
Time:  0.0777 Epoch: 012 Iter:  300/ 600 LR: 0.0000473670 Loss content:  0.0173 Loss fft:  0.8295 Loss dta_rank:  0.0000 Loss dta_tv:  0.0294 Loss dta_proxy:  0.6379 Loss dta_trans:  0.0055 Loss dta_phys:  0.0058 Loss dta_preserve:  0.0060
Time:  0.0755 Epoch: 012 Iter:  350/ 600 LR: 0.0000473670 Loss content:  0.0173 Loss fft:  0.8293 Loss dta_rank:  0.0000 Loss dta_tv:  0.0293 Loss dta_proxy:  0.6482 Loss dta_trans:  0.0061 Loss dta_phys:  0.0071 Loss dta_preserve:  0.0052
Time:  0.0780 Epoch: 012 Iter:  400/ 600 LR: 0.0000473670 Loss content:  0.0177 Loss fft:  0.8467 Loss dta_rank:  0.0000 Loss dta_tv:  0.0295 Loss dta_proxy:  0.6358 Loss dta_trans:  0.0064 Loss dta_phys:  0.0068 Loss dta_preserve:  0.0054
Time:  0.0775 Epoch: 012 Iter:  450/ 600 LR: 0.0000473670 Loss content:  0.0173 Loss fft:  0.8400 Loss dta_rank:  0.0000 Loss dta_tv:  0.0296 Loss dta_proxy:  0.6236 Loss dta_trans:  0.0053 Loss dta_phys:  0.0066 Loss dta_preserve:  0.0065
Time:  0.0754 Epoch: 012 Iter:  500/ 600 LR: 0.0000473670 Loss content:  0.0181 Loss fft:  0.8504 Loss dta_rank:  0.0000 Loss dta_tv:  0.0294 Loss dta_proxy:  0.6413 Loss dta_trans:  0.0063 Loss dta_phys:  0.0071 Loss dta_preserve:  0.0056
Time:  0.0764 Epoch: 012 Iter:  550/ 600 LR: 0.0000473670 Loss content:  0.0170 Loss fft:  0.8107 Loss dta_rank:  0.0000 Loss dta_tv:  0.0296 Loss dta_proxy:  0.6362 Loss dta_trans:  0.0069 Loss dta_phys:  0.0065 Loss dta_preserve:  0.0060
Time:  0.0701 Epoch: 012 Iter:  600/ 600 LR: 0.0000473670 Loss content:  0.0171 Loss fft:  0.8451 Loss dta_rank:  0.0000 Loss dta_tv:  0.0293 Loss dta_proxy:  0.6477 Loss dta_trans:  0.0055 Loss dta_phys:  0.0066 Loss dta_preserve:  0.0047
EPOCH: 12
Elapsed time: 0.91 Epoch Pixel Loss:  0.0172 Epoch FFT Loss:  0.8227 Epoch DTA Rank:  0.0000 Epoch DTA TV:  0.0296 Epoch DTA Proxy:  0.6396 Epoch DTA Trans:  0.0058 Epoch DTA Phys:  0.0067 Epoch DTA Preserve:  0.0053
DTA_GATE_RAMP epoch=13 gate_limit=0.060000
Time:  0.0781 Epoch: 013 Iter:   50/ 600 LR: 0.0000383414 Loss content:  0.0164 Loss fft:  0.8059 Loss dta_rank:  0.0000 Loss dta_tv:  0.0303 Loss dta_proxy:  0.6277 Loss dta_trans:  0.0075 Loss dta_phys:  0.0063 Loss dta_preserve:  0.0046
Time:  0.0747 Epoch: 013 Iter:  100/ 600 LR: 0.0000383414 Loss content:  0.0166 Loss fft:  0.8097 Loss dta_rank:  0.0000 Loss dta_tv:  0.0299 Loss dta_proxy:  0.6548 Loss dta_trans:  0.0058 Loss dta_phys:  0.0067 Loss dta_preserve:  0.0058
Time:  0.0766 Epoch: 013 Iter:  150/ 600 LR: 0.0000383414 Loss content:  0.0177 Loss fft:  0.8433 Loss dta_rank:  0.0000 Loss dta_tv:  0.0289 Loss dta_proxy:  0.6437 Loss dta_trans:  0.0050 Loss dta_phys:  0.0064 Loss dta_preserve:  0.0045
Time:  0.0750 Epoch: 013 Iter:  200/ 600 LR: 0.0000383414 Loss content:  0.0171 Loss fft:  0.8241 Loss dta_rank:  0.0000 Loss dta_tv:  0.0290 Loss dta_proxy:  0.6556 Loss dta_trans:  0.0050 Loss dta_phys:  0.0066 Loss dta_preserve:  0.0047
Time:  0.0786 Epoch: 013 Iter:  250/ 600 LR: 0.0000383414 Loss content:  0.0171 Loss fft:  0.7958 Loss dta_rank:  0.0000 Loss dta_tv:  0.0293 Loss dta_proxy:  0.6467 Loss dta_trans:  0.0053 Loss dta_phys:  0.0070 Loss dta_preserve:  0.0049
Time:  0.0768 Epoch: 013 Iter:  300/ 600 LR: 0.0000383414 Loss content:  0.0175 Loss fft:  0.8131 Loss dta_rank:  0.0000 Loss dta_tv:  0.0301 Loss dta_proxy:  0.6349 Loss dta_trans:  0.0057 Loss dta_phys:  0.0066 Loss dta_preserve:  0.0051
Time:  0.0775 Epoch: 013 Iter:  350/ 600 LR: 0.0000383414 Loss content:  0.0165 Loss fft:  0.7961 Loss dta_rank:  0.0000 Loss dta_tv:  0.0287 Loss dta_proxy:  0.6450 Loss dta_trans:  0.0053 Loss dta_phys:  0.0065 Loss dta_preserve:  0.0057
Time:  0.0754 Epoch: 013 Iter:  400/ 600 LR: 0.0000383414 Loss content:  0.0169 Loss fft:  0.8072 Loss dta_rank:  0.0000 Loss dta_tv:  0.0289 Loss dta_proxy:  0.6443 Loss dta_trans:  0.0068 Loss dta_phys:  0.0069 Loss dta_preserve:  0.0040
Time:  0.0752 Epoch: 013 Iter:  450/ 600 LR: 0.0000383414 Loss content:  0.0182 Loss fft:  0.8543 Loss dta_rank:  0.0000 Loss dta_tv:  0.0291 Loss dta_proxy:  0.6517 Loss dta_trans:  0.0056 Loss dta_phys:  0.0064 Loss dta_preserve:  0.0043
Time:  0.0792 Epoch: 013 Iter:  500/ 600 LR: 0.0000383414 Loss content:  0.0176 Loss fft:  0.8198 Loss dta_rank:  0.0000 Loss dta_tv:  0.0289 Loss dta_proxy:  0.6439 Loss dta_trans:  0.0052 Loss dta_phys:  0.0067 Loss dta_preserve:  0.0053
Time:  0.0725 Epoch: 013 Iter:  550/ 600 LR: 0.0000383414 Loss content:  0.0167 Loss fft:  0.8114 Loss dta_rank:  0.0000 Loss dta_tv:  0.0295 Loss dta_proxy:  0.6331 Loss dta_trans:  0.0064 Loss dta_phys:  0.0071 Loss dta_preserve:  0.0054
Time:  0.0746 Epoch: 013 Iter:  600/ 600 LR: 0.0000383414 Loss content:  0.0168 Loss fft:  0.8358 Loss dta_rank:  0.0000 Loss dta_tv:  0.0295 Loss dta_proxy:  0.6473 Loss dta_trans:  0.0058 Loss dta_phys:  0.0070 Loss dta_preserve:  0.0045
EPOCH: 13
Elapsed time: 0.92 Epoch Pixel Loss:  0.0171 Epoch FFT Loss:  0.8180 Epoch DTA Rank:  0.0000 Epoch DTA TV:  0.0294 Epoch DTA Proxy:  0.6441 Epoch DTA Trans:  0.0058 Epoch DTA Phys:  0.0067 Epoch DTA Preserve:  0.0049
DTA_GATE_RAMP epoch=14 gate_limit=0.060000
Time:  0.0784 Epoch: 014 Iter:   50/ 600 LR: 0.0000297690 Loss content:  0.0166 Loss fft:  0.7961 Loss dta_rank:  0.0000 Loss dta_tv:  0.0285 Loss dta_proxy:  0.6545 Loss dta_trans:  0.0065 Loss dta_phys:  0.0068 Loss dta_preserve:  0.0051
Time:  0.0743 Epoch: 014 Iter:  100/ 600 LR: 0.0000297690 Loss content:  0.0174 Loss fft:  0.8294 Loss dta_rank:  0.0000 Loss dta_tv:  0.0287 Loss dta_proxy:  0.6605 Loss dta_trans:  0.0055 Loss dta_phys:  0.0067 Loss dta_preserve:  0.0039
Time:  0.0758 Epoch: 014 Iter:  150/ 600 LR: 0.0000297690 Loss content:  0.0170 Loss fft:  0.8213 Loss dta_rank:  0.0000 Loss dta_tv:  0.0291 Loss dta_proxy:  0.6412 Loss dta_trans:  0.0053 Loss dta_phys:  0.0068 Loss dta_preserve:  0.0051
Time:  0.0789 Epoch: 014 Iter:  200/ 600 LR: 0.0000297690 Loss content:  0.0178 Loss fft:  0.8477 Loss dta_rank:  0.0000 Loss dta_tv:  0.0297 Loss dta_proxy:  0.6305 Loss dta_trans:  0.0056 Loss dta_phys:  0.0070 Loss dta_preserve:  0.0052
Time:  0.0791 Epoch: 014 Iter:  250/ 600 LR: 0.0000297690 Loss content:  0.0170 Loss fft:  0.7985 Loss dta_rank:  0.0000 Loss dta_tv:  0.0304 Loss dta_proxy:  0.6231 Loss dta_trans:  0.0057 Loss dta_phys:  0.0060 Loss dta_preserve:  0.0064
Time:  0.0794 Epoch: 014 Iter:  300/ 600 LR: 0.0000297690 Loss content:  0.0169 Loss fft:  0.8293 Loss dta_rank:  0.0000 Loss dta_tv:  0.0296 Loss dta_proxy:  0.6270 Loss dta_trans:  0.0054 Loss dta_phys:  0.0066 Loss dta_preserve:  0.0066
Time:  0.0756 Epoch: 014 Iter:  350/ 600 LR: 0.0000297690 Loss content:  0.0171 Loss fft:  0.7908 Loss dta_rank:  0.0000 Loss dta_tv:  0.0294 Loss dta_proxy:  0.6433 Loss dta_trans:  0.0062 Loss dta_phys:  0.0074 Loss dta_preserve:  0.0064
Time:  0.0761 Epoch: 014 Iter:  400/ 600 LR: 0.0000297690 Loss content:  0.0176 Loss fft:  0.8470 Loss dta_rank:  0.0000 Loss dta_tv:  0.0288 Loss dta_proxy:  0.6451 Loss dta_trans:  0.0049 Loss dta_phys:  0.0064 Loss dta_preserve:  0.0047
Time:  0.0766 Epoch: 014 Iter:  450/ 600 LR: 0.0000297690 Loss content:  0.0176 Loss fft:  0.8397 Loss dta_rank:  0.0000 Loss dta_tv:  0.0290 Loss dta_proxy:  0.6584 Loss dta_trans:  0.0065 Loss dta_phys:  0.0069 Loss dta_preserve:  0.0056
Time:  0.0791 Epoch: 014 Iter:  500/ 600 LR: 0.0000297690 Loss content:  0.0173 Loss fft:  0.8381 Loss dta_rank:  0.0000 Loss dta_tv:  0.0286 Loss dta_proxy:  0.6527 Loss dta_trans:  0.0053 Loss dta_phys:  0.0062 Loss dta_preserve:  0.0042
Time:  0.0765 Epoch: 014 Iter:  550/ 600 LR: 0.0000297690 Loss content:  0.0174 Loss fft:  0.8124 Loss dta_rank:  0.0000 Loss dta_tv:  0.0293 Loss dta_proxy:  0.6445 Loss dta_trans:  0.0055 Loss dta_phys:  0.0067 Loss dta_preserve:  0.0047
Time:  0.0778 Epoch: 014 Iter:  600/ 600 LR: 0.0000297690 Loss content:  0.0168 Loss fft:  0.7971 Loss dta_rank:  0.0000 Loss dta_tv:  0.0284 Loss dta_proxy:  0.6488 Loss dta_trans:  0.0057 Loss dta_phys:  0.0067 Loss dta_preserve:  0.0040
EPOCH: 14
Elapsed time: 0.93 Epoch Pixel Loss:  0.0172 Epoch FFT Loss:  0.8206 Epoch DTA Rank:  0.0000 Epoch DTA TV:  0.0291 Epoch DTA Proxy:  0.6441 Epoch DTA Trans:  0.0057 Epoch DTA Phys:  0.0067 Epoch DTA Preserve:  0.0052
DTA_GATE_RAMP epoch=15 gate_limit=0.060000
Time:  0.0806 Epoch: 015 Iter:   50/ 600 LR: 0.0000219361 Loss content:  0.0169 Loss fft:  0.8084 Loss dta_rank:  0.0000 Loss dta_tv:  0.0287 Loss dta_proxy:  0.6574 Loss dta_trans:  0.0056 Loss dta_phys:  0.0069 Loss dta_preserve:  0.0055
Time:  0.0766 Epoch: 015 Iter:  100/ 600 LR: 0.0000219361 Loss content:  0.0168 Loss fft:  0.8248 Loss dta_rank:  0.0000 Loss dta_tv:  0.0290 Loss dta_proxy:  0.6456 Loss dta_trans:  0.0057 Loss dta_phys:  0.0070 Loss dta_preserve:  0.0052
Time:  0.0745 Epoch: 015 Iter:  150/ 600 LR: 0.0000219361 Loss content:  0.0173 Loss fft:  0.8034 Loss dta_rank:  0.0000 Loss dta_tv:  0.0288 Loss dta_proxy:  0.6464 Loss dta_trans:  0.0060 Loss dta_phys:  0.0066 Loss dta_preserve:  0.0064
Time:  0.0696 Epoch: 015 Iter:  200/ 600 LR: 0.0000219361 Loss content:  0.0175 Loss fft:  0.8325 Loss dta_rank:  0.0000 Loss dta_tv:  0.0286 Loss dta_proxy:  0.6600 Loss dta_trans:  0.0054 Loss dta_phys:  0.0066 Loss dta_preserve:  0.0056
Time:  0.0735 Epoch: 015 Iter:  250/ 600 LR: 0.0000219361 Loss content:  0.0165 Loss fft:  0.8004 Loss dta_rank:  0.0000 Loss dta_tv:  0.0302 Loss dta_proxy:  0.6177 Loss dta_trans:  0.0061 Loss dta_phys:  0.0072 Loss dta_preserve:  0.0051
Time:  0.0771 Epoch: 015 Iter:  300/ 600 LR: 0.0000219361 Loss content:  0.0169 Loss fft:  0.8111 Loss dta_rank:  0.0000 Loss dta_tv:  0.0294 Loss dta_proxy:  0.6309 Loss dta_trans:  0.0050 Loss dta_phys:  0.0068 Loss dta_preserve:  0.0043
Time:  0.0714 Epoch: 015 Iter:  350/ 600 LR: 0.0000219361 Loss content:  0.0167 Loss fft:  0.8319 Loss dta_rank:  0.0000 Loss dta_tv:  0.0292 Loss dta_proxy:  0.6534 Loss dta_trans:  0.0054 Loss dta_phys:  0.0074 Loss dta_preserve:  0.0071
Time:  0.0736 Epoch: 015 Iter:  400/ 600 LR: 0.0000219361 Loss content:  0.0174 Loss fft:  0.8027 Loss dta_rank:  0.0000 Loss dta_tv:  0.0295 Loss dta_proxy:  0.6340 Loss dta_trans:  0.0066 Loss dta_phys:  0.0066 Loss dta_preserve:  0.0049
Time:  0.0763 Epoch: 015 Iter:  450/ 600 LR: 0.0000219361 Loss content:  0.0178 Loss fft:  0.8524 Loss dta_rank:  0.0000 Loss dta_tv:  0.0283 Loss dta_proxy:  0.6596 Loss dta_trans:  0.0050 Loss dta_phys:  0.0071 Loss dta_preserve:  0.0067
Time:  0.0736 Epoch: 015 Iter:  500/ 600 LR: 0.0000219361 Loss content:  0.0166 Loss fft:  0.8031 Loss dta_rank:  0.0000 Loss dta_tv:  0.0293 Loss dta_proxy:  0.6460 Loss dta_trans:  0.0059 Loss dta_phys:  0.0071 Loss dta_preserve:  0.0054
Time:  0.0756 Epoch: 015 Iter:  550/ 600 LR: 0.0000219361 Loss content:  0.0178 Loss fft:  0.8320 Loss dta_rank:  0.0000 Loss dta_tv:  0.0285 Loss dta_proxy:  0.6442 Loss dta_trans:  0.0056 Loss dta_phys:  0.0063 Loss dta_preserve:  0.0052
Time:  0.0729 Epoch: 015 Iter:  600/ 600 LR: 0.0000219361 Loss content:  0.0185 Loss fft:  0.8487 Loss dta_rank:  0.0000 Loss dta_tv:  0.0296 Loss dta_proxy:  0.6332 Loss dta_trans:  0.0058 Loss dta_phys:  0.0061 Loss dta_preserve:  0.0058
EPOCH: 15
Elapsed time: 0.90 Epoch Pixel Loss:  0.0172 Epoch FFT Loss:  0.8209 Epoch DTA Rank:  0.0000 Epoch DTA TV:  0.0291 Epoch DTA Proxy:  0.6440 Epoch DTA Trans:  0.0057 Epoch DTA Phys:  0.0068 Epoch DTA Preserve:  0.0056
DTA_GATE_RAMP epoch=16 gate_limit=0.060000
Time:  0.0795 Epoch: 016 Iter:   50/ 600 LR: 0.0000151017 Loss content:  0.0177 Loss fft:  0.8375 Loss dta_rank:  0.0000 Loss dta_tv:  0.0292 Loss dta_proxy:  0.6408 Loss dta_trans:  0.0066 Loss dta_phys:  0.0064 Loss dta_preserve:  0.0050
Time:  0.0750 Epoch: 016 Iter:  100/ 600 LR: 0.0000151017 Loss content:  0.0165 Loss fft:  0.8041 Loss dta_rank:  0.0000 Loss dta_tv:  0.0294 Loss dta_proxy:  0.6407 Loss dta_trans:  0.0056 Loss dta_phys:  0.0070 Loss dta_preserve:  0.0039
Time:  0.0726 Epoch: 016 Iter:  150/ 600 LR: 0.0000151017 Loss content:  0.0178 Loss fft:  0.8487 Loss dta_rank:  0.0000 Loss dta_tv:  0.0285 Loss dta_proxy:  0.6573 Loss dta_trans:  0.0050 Loss dta_phys:  0.0067 Loss dta_preserve:  0.0047
Time:  0.0723 Epoch: 016 Iter:  200/ 600 LR: 0.0000151017 Loss content:  0.0175 Loss fft:  0.8431 Loss dta_rank:  0.0000 Loss dta_tv:  0.0296 Loss dta_proxy:  0.6473 Loss dta_trans:  0.0059 Loss dta_phys:  0.0067 Loss dta_preserve:  0.0049
Time:  0.0768 Epoch: 016 Iter:  250/ 600 LR: 0.0000151017 Loss content:  0.0170 Loss fft:  0.8048 Loss dta_rank:  0.0000 Loss dta_tv:  0.0290 Loss dta_proxy:  0.6482 Loss dta_trans:  0.0062 Loss dta_phys:  0.0071 Loss dta_preserve:  0.0058
Time:  0.0723 Epoch: 016 Iter:  300/ 600 LR: 0.0000151017 Loss content:  0.0169 Loss fft:  0.8171 Loss dta_rank:  0.0000 Loss dta_tv:  0.0290 Loss dta_proxy:  0.6422 Loss dta_trans:  0.0054 Loss dta_phys:  0.0068 Loss dta_preserve:  0.0040
Time:  0.0728 Epoch: 016 Iter:  350/ 600 LR: 0.0000151017 Loss content:  0.0170 Loss fft:  0.7872 Loss dta_rank:  0.0000 Loss dta_tv:  0.0287 Loss dta_proxy:  0.6583 Loss dta_trans:  0.0055 Loss dta_phys:  0.0071 Loss dta_preserve:  0.0065
Time:  0.0748 Epoch: 016 Iter:  400/ 600 LR: 0.0000151017 Loss content:  0.0160 Loss fft:  0.7887 Loss dta_rank:  0.0000 Loss dta_tv:  0.0300 Loss dta_proxy:  0.6304 Loss dta_trans:  0.0050 Loss dta_phys:  0.0069 Loss dta_preserve:  0.0043
Time:  0.0768 Epoch: 016 Iter:  450/ 600 LR: 0.0000151017 Loss content:  0.0166 Loss fft:  0.8027 Loss dta_rank:  0.0000 Loss dta_tv:  0.0288 Loss dta_proxy:  0.6366 Loss dta_trans:  0.0051 Loss dta_phys:  0.0063 Loss dta_preserve:  0.0055
Time:  0.0758 Epoch: 016 Iter:  500/ 600 LR: 0.0000151017 Loss content:  0.0181 Loss fft:  0.8571 Loss dta_rank:  0.0000 Loss dta_tv:  0.0293 Loss dta_proxy:  0.6297 Loss dta_trans:  0.0056 Loss dta_phys:  0.0064 Loss dta_preserve:  0.0066
Time:  0.0762 Epoch: 016 Iter:  550/ 600 LR: 0.0000151017 Loss content:  0.0165 Loss fft:  0.8140 Loss dta_rank:  0.0000 Loss dta_tv:  0.0292 Loss dta_proxy:  0.6199 Loss dta_trans:  0.0053 Loss dta_phys:  0.0058 Loss dta_preserve:  0.0049
Time:  0.0791 Epoch: 016 Iter:  600/ 600 LR: 0.0000151017 Loss content:  0.0175 Loss fft:  0.8322 Loss dta_rank:  0.0000 Loss dta_tv:  0.0287 Loss dta_proxy:  0.6474 Loss dta_trans:  0.0065 Loss dta_phys:  0.0073 Loss dta_preserve:  0.0040
EPOCH: 16
Elapsed time: 0.91 Epoch Pixel Loss:  0.0171 Epoch FFT Loss:  0.8198 Epoch DTA Rank:  0.0000 Epoch DTA TV:  0.0291 Epoch DTA Proxy:  0.6416 Epoch DTA Trans:  0.0057 Epoch DTA Phys:  0.0067 Epoch DTA Preserve:  0.0050
DTA_GATE_RAMP epoch=17 gate_limit=0.060000
Time:  0.0780 Epoch: 017 Iter:   50/ 600 LR: 0.0000094853 Loss content:  0.0166 Loss fft:  0.7897 Loss dta_rank:  0.0000 Loss dta_tv:  0.0286 Loss dta_proxy:  0.6422 Loss dta_trans:  0.0054 Loss dta_phys:  0.0067 Loss dta_preserve:  0.0044
Time:  0.0698 Epoch: 017 Iter:  100/ 600 LR: 0.0000094853 Loss content:  0.0176 Loss fft:  0.8338 Loss dta_rank:  0.0000 Loss dta_tv:  0.0291 Loss dta_proxy:  0.6432 Loss dta_trans:  0.0066 Loss dta_phys:  0.0075 Loss dta_preserve:  0.0047
Time:  0.0664 Epoch: 017 Iter:  150/ 600 LR: 0.0000094853 Loss content:  0.0175 Loss fft:  0.8090 Loss dta_rank:  0.0000 Loss dta_tv:  0.0287 Loss dta_proxy:  0.6383 Loss dta_trans:  0.0054 Loss dta_phys:  0.0067 Loss dta_preserve:  0.0053
Time:  0.0630 Epoch: 017 Iter:  200/ 600 LR: 0.0000094853 Loss content:  0.0156 Loss fft:  0.7993 Loss dta_rank:  0.0000 Loss dta_tv:  0.0300 Loss dta_proxy:  0.5963 Loss dta_trans:  0.0056 Loss dta_phys:  0.0056 Loss dta_preserve:  0.0049
Time:  0.0754 Epoch: 017 Iter:  250/ 600 LR: 0.0000094853 Loss content:  0.0176 Loss fft:  0.8109 Loss dta_rank:  0.0000 Loss dta_tv:  0.0281 Loss dta_proxy:  0.6622 Loss dta_trans:  0.0049 Loss dta_phys:  0.0075 Loss dta_preserve:  0.0049
Time:  0.0782 Epoch: 017 Iter:  300/ 600 LR: 0.0000094853 Loss content:  0.0174 Loss fft:  0.8273 Loss dta_rank:  0.0000 Loss dta_tv:  0.0289 Loss dta_proxy:  0.6471 Loss dta_trans:  0.0054 Loss dta_phys:  0.0065 Loss dta_preserve:  0.0052
Time:  0.0738 Epoch: 017 Iter:  350/ 600 LR: 0.0000094853 Loss content:  0.0166 Loss fft:  0.8066 Loss dta_rank:  0.0000 Loss dta_tv:  0.0284 Loss dta_proxy:  0.6631 Loss dta_trans:  0.0050 Loss dta_phys:  0.0062 Loss dta_preserve:  0.0044
Time:  0.0792 Epoch: 017 Iter:  400/ 600 LR: 0.0000094853 Loss content:  0.0168 Loss fft:  0.8310 Loss dta_rank:  0.0000 Loss dta_tv:  0.0292 Loss dta_proxy:  0.6238 Loss dta_trans:  0.0058 Loss dta_phys:  0.0061 Loss dta_preserve:  0.0047
Time:  0.0732 Epoch: 017 Iter:  450/ 600 LR: 0.0000094853 Loss content:  0.0169 Loss fft:  0.8165 Loss dta_rank:  0.0000 Loss dta_tv:  0.0293 Loss dta_proxy:  0.6497 Loss dta_trans:  0.0060 Loss dta_phys:  0.0068 Loss dta_preserve:  0.0049
Time:  0.0708 Epoch: 017 Iter:  500/ 600 LR: 0.0000094853 Loss content:  0.0170 Loss fft:  0.8192 Loss dta_rank:  0.0000 Loss dta_tv:  0.0295 Loss dta_proxy:  0.6464 Loss dta_trans:  0.0057 Loss dta_phys:  0.0072 Loss dta_preserve:  0.0047
Time:  0.0757 Epoch: 017 Iter:  550/ 600 LR: 0.0000094853 Loss content:  0.0177 Loss fft:  0.8593 Loss dta_rank:  0.0000 Loss dta_tv:  0.0284 Loss dta_proxy:  0.6497 Loss dta_trans:  0.0060 Loss dta_phys:  0.0066 Loss dta_preserve:  0.0049
Time:  0.0747 Epoch: 017 Iter:  600/ 600 LR: 0.0000094853 Loss content:  0.0178 Loss fft:  0.8058 Loss dta_rank:  0.0000 Loss dta_tv:  0.0288 Loss dta_proxy:  0.6336 Loss dta_trans:  0.0061 Loss dta_phys:  0.0066 Loss dta_preserve:  0.0050
EPOCH: 17
Elapsed time: 0.88 Epoch Pixel Loss:  0.0171 Epoch FFT Loss:  0.8174 Epoch DTA Rank:  0.0000 Epoch DTA TV:  0.0289 Epoch DTA Proxy:  0.6413 Epoch DTA Trans:  0.0057 Epoch DTA Phys:  0.0067 Epoch DTA Preserve:  0.0048
DTA_GATE_RAMP epoch=18 gate_limit=0.060000
Time:  0.0724 Epoch: 018 Iter:   50/ 600 LR: 0.0000052550 Loss content:  0.0166 Loss fft:  0.7989 Loss dta_rank:  0.0000 Loss dta_tv:  0.0298 Loss dta_proxy:  0.6361 Loss dta_trans:  0.0059 Loss dta_phys:  0.0071 Loss dta_preserve:  0.0056
Time:  0.0759 Epoch: 018 Iter:  100/ 600 LR: 0.0000052550 Loss content:  0.0183 Loss fft:  0.8769 Loss dta_rank:  0.0000 Loss dta_tv:  0.0287 Loss dta_proxy:  0.6467 Loss dta_trans:  0.0053 Loss dta_phys:  0.0065 Loss dta_preserve:  0.0044
Time:  0.0748 Epoch: 018 Iter:  150/ 600 LR: 0.0000052550 Loss content:  0.0171 Loss fft:  0.8397 Loss dta_rank:  0.0000 Loss dta_tv:  0.0292 Loss dta_proxy:  0.6351 Loss dta_trans:  0.0049 Loss dta_phys:  0.0063 Loss dta_preserve:  0.0038
Time:  0.0744 Epoch: 018 Iter:  200/ 600 LR: 0.0000052550 Loss content:  0.0171 Loss fft:  0.7975 Loss dta_rank:  0.0000 Loss dta_tv:  0.0287 Loss dta_proxy:  0.6366 Loss dta_trans:  0.0051 Loss dta_phys:  0.0065 Loss dta_preserve:  0.0045
Time:  0.0781 Epoch: 018 Iter:  250/ 600 LR: 0.0000052550 Loss content:  0.0167 Loss fft:  0.8091 Loss dta_rank:  0.0000 Loss dta_tv:  0.0278 Loss dta_proxy:  0.6569 Loss dta_trans:  0.0048 Loss dta_phys:  0.0065 Loss dta_preserve:  0.0052
Time:  0.0790 Epoch: 018 Iter:  300/ 600 LR: 0.0000052550 Loss content:  0.0170 Loss fft:  0.8043 Loss dta_rank:  0.0000 Loss dta_tv:  0.0291 Loss dta_proxy:  0.6285 Loss dta_trans:  0.0065 Loss dta_phys:  0.0072 Loss dta_preserve:  0.0055
Time:  0.0807 Epoch: 018 Iter:  350/ 600 LR: 0.0000052550 Loss content:  0.0173 Loss fft:  0.8120 Loss dta_rank:  0.0000 Loss dta_tv:  0.0293 Loss dta_proxy:  0.6474 Loss dta_trans:  0.0057 Loss dta_phys:  0.0068 Loss dta_preserve:  0.0062
Time:  0.0771 Epoch: 018 Iter:  400/ 600 LR: 0.0000052550 Loss content:  0.0179 Loss fft:  0.8165 Loss dta_rank:  0.0000 Loss dta_tv:  0.0282 Loss dta_proxy:  0.6562 Loss dta_trans:  0.0053 Loss dta_phys:  0.0068 Loss dta_preserve:  0.0062
Time:  0.0768 Epoch: 018 Iter:  450/ 600 LR: 0.0000052550 Loss content:  0.0166 Loss fft:  0.7896 Loss dta_rank:  0.0000 Loss dta_tv:  0.0291 Loss dta_proxy:  0.6354 Loss dta_trans:  0.0062 Loss dta_phys:  0.0068 Loss dta_preserve:  0.0053
Time:  0.0749 Epoch: 018 Iter:  500/ 600 LR: 0.0000052550 Loss content:  0.0172 Loss fft:  0.8382 Loss dta_rank:  0.0000 Loss dta_tv:  0.0286 Loss dta_proxy:  0.6552 Loss dta_trans:  0.0049 Loss dta_phys:  0.0067 Loss dta_preserve:  0.0052
Time:  0.0798 Epoch: 018 Iter:  550/ 600 LR: 0.0000052550 Loss content:  0.0176 Loss fft:  0.8236 Loss dta_rank:  0.0000 Loss dta_tv:  0.0290 Loss dta_proxy:  0.6346 Loss dta_trans:  0.0058 Loss dta_phys:  0.0066 Loss dta_preserve:  0.0055
Time:  0.0740 Epoch: 018 Iter:  600/ 600 LR: 0.0000052550 Loss content:  0.0167 Loss fft:  0.8216 Loss dta_rank:  0.0000 Loss dta_tv:  0.0292 Loss dta_proxy:  0.6360 Loss dta_trans:  0.0058 Loss dta_phys:  0.0069 Loss dta_preserve:  0.0054
EPOCH: 18
Elapsed time: 0.92 Epoch Pixel Loss:  0.0172 Epoch FFT Loss:  0.8190 Epoch DTA Rank:  0.0000 Epoch DTA TV:  0.0289 Epoch DTA Proxy:  0.6420 Epoch DTA Trans:  0.0055 Epoch DTA Phys:  0.0067 Epoch DTA Preserve:  0.0052
DTA_GATE_RAMP epoch=19 gate_limit=0.060000
Time:  0.0721 Epoch: 019 Iter:   50/ 600 LR: 0.0000025070 Loss content:  0.0174 Loss fft:  0.8289 Loss dta_rank:  0.0000 Loss dta_tv:  0.0281 Loss dta_proxy:  0.6644 Loss dta_trans:  0.0045 Loss dta_phys:  0.0063 Loss dta_preserve:  0.0043
Time:  0.0683 Epoch: 019 Iter:  100/ 600 LR: 0.0000025070 Loss content:  0.0164 Loss fft:  0.8103 Loss dta_rank:  0.0000 Loss dta_tv:  0.0285 Loss dta_proxy:  0.6453 Loss dta_trans:  0.0052 Loss dta_phys:  0.0063 Loss dta_preserve:  0.0055
Time:  0.0709 Epoch: 019 Iter:  150/ 600 LR: 0.0000025070 Loss content:  0.0178 Loss fft:  0.8657 Loss dta_rank:  0.0000 Loss dta_tv:  0.0287 Loss dta_proxy:  0.6459 Loss dta_trans:  0.0055 Loss dta_phys:  0.0067 Loss dta_preserve:  0.0066
Time:  0.0738 Epoch: 019 Iter:  200/ 600 LR: 0.0000025070 Loss content:  0.0176 Loss fft:  0.8221 Loss dta_rank:  0.0000 Loss dta_tv:  0.0286 Loss dta_proxy:  0.6536 Loss dta_trans:  0.0051 Loss dta_phys:  0.0070 Loss dta_preserve:  0.0051
Time:  0.0709 Epoch: 019 Iter:  250/ 600 LR: 0.0000025070 Loss content:  0.0163 Loss fft:  0.7618 Loss dta_rank:  0.0000 Loss dta_tv:  0.0292 Loss dta_proxy:  0.6282 Loss dta_trans:  0.0056 Loss dta_phys:  0.0072 Loss dta_preserve:  0.0039
Time:  0.0736 Epoch: 019 Iter:  300/ 600 LR: 0.0000025070 Loss content:  0.0171 Loss fft:  0.8294 Loss dta_rank:  0.0000 Loss dta_tv:  0.0293 Loss dta_proxy:  0.6459 Loss dta_trans:  0.0063 Loss dta_phys:  0.0065 Loss dta_preserve:  0.0046
Time:  0.0763 Epoch: 019 Iter:  350/ 600 LR: 0.0000025070 Loss content:  0.0173 Loss fft:  0.8169 Loss dta_rank:  0.0000 Loss dta_tv:  0.0293 Loss dta_proxy:  0.6264 Loss dta_trans:  0.0065 Loss dta_phys:  0.0070 Loss dta_preserve:  0.0048
Time:  0.0731 Epoch: 019 Iter:  400/ 600 LR: 0.0000025070 Loss content:  0.0175 Loss fft:  0.8230 Loss dta_rank:  0.0000 Loss dta_tv:  0.0289 Loss dta_proxy:  0.6485 Loss dta_trans:  0.0058 Loss dta_phys:  0.0069 Loss dta_preserve:  0.0056
Time:  0.0631 Epoch: 019 Iter:  450/ 600 LR: 0.0000025070 Loss content:  0.0160 Loss fft:  0.7956 Loss dta_rank:  0.0000 Loss dta_tv:  0.0290 Loss dta_proxy:  0.6448 Loss dta_trans:  0.0055 Loss dta_phys:  0.0072 Loss dta_preserve:  0.0065
Time:  0.0628 Epoch: 019 Iter:  500/ 600 LR: 0.0000025070 Loss content:  0.0171 Loss fft:  0.8286 Loss dta_rank:  0.0000 Loss dta_tv:  0.0291 Loss dta_proxy:  0.6445 Loss dta_trans:  0.0056 Loss dta_phys:  0.0066 Loss dta_preserve:  0.0046
Time:  0.0640 Epoch: 019 Iter:  550/ 600 LR: 0.0000025070 Loss content:  0.0170 Loss fft:  0.8297 Loss dta_rank:  0.0000 Loss dta_tv:  0.0292 Loss dta_proxy:  0.6320 Loss dta_trans:  0.0058 Loss dta_phys:  0.0072 Loss dta_preserve:  0.0054
Time:  0.0634 Epoch: 019 Iter:  600/ 600 LR: 0.0000025070 Loss content:  0.0171 Loss fft:  0.8305 Loss dta_rank:  0.0000 Loss dta_tv:  0.0290 Loss dta_proxy:  0.6499 Loss dta_trans:  0.0058 Loss dta_phys:  0.0062 Loss dta_preserve:  0.0046
EPOCH: 19
Elapsed time: 0.84 Epoch Pixel Loss:  0.0170 Epoch FFT Loss:  0.8202 Epoch DTA Rank:  0.0000 Epoch DTA TV:  0.0289 Epoch DTA Proxy:  0.6441 Epoch DTA Trans:  0.0056 Epoch DTA Phys:  0.0068 Epoch DTA Preserve:  0.0051
DTA_GATE_RAMP epoch=20 gate_limit=0.060000
Time:  0.0782 Epoch: 020 Iter:   50/ 600 LR: 0.0000012125 Loss content:  0.0176 Loss fft:  0.8098 Loss dta_rank:  0.0000 Loss dta_tv:  0.0291 Loss dta_proxy:  0.6426 Loss dta_trans:  0.0070 Loss dta_phys:  0.0066 Loss dta_preserve:  0.0062
Time:  0.0767 Epoch: 020 Iter:  100/ 600 LR: 0.0000012125 Loss content:  0.0168 Loss fft:  0.8141 Loss dta_rank:  0.0000 Loss dta_tv:  0.0285 Loss dta_proxy:  0.6385 Loss dta_trans:  0.0055 Loss dta_phys:  0.0060 Loss dta_preserve:  0.0054
Time:  0.0764 Epoch: 020 Iter:  150/ 600 LR: 0.0000012125 Loss content:  0.0170 Loss fft:  0.8076 Loss dta_rank:  0.0000 Loss dta_tv:  0.0284 Loss dta_proxy:  0.6420 Loss dta_trans:  0.0056 Loss dta_phys:  0.0072 Loss dta_preserve:  0.0064
Time:  0.0744 Epoch: 020 Iter:  200/ 600 LR: 0.0000012125 Loss content:  0.0171 Loss fft:  0.8101 Loss dta_rank:  0.0000 Loss dta_tv:  0.0288 Loss dta_proxy:  0.6456 Loss dta_trans:  0.0054 Loss dta_phys:  0.0069 Loss dta_preserve:  0.0059
Time:  0.0768 Epoch: 020 Iter:  250/ 600 LR: 0.0000012125 Loss content:  0.0173 Loss fft:  0.8484 Loss dta_rank:  0.0000 Loss dta_tv:  0.0290 Loss dta_proxy:  0.6513 Loss dta_trans:  0.0054 Loss dta_phys:  0.0069 Loss dta_preserve:  0.0051
Time:  0.0730 Epoch: 020 Iter:  300/ 600 LR: 0.0000012125 Loss content:  0.0172 Loss fft:  0.8038 Loss dta_rank:  0.0000 Loss dta_tv:  0.0292 Loss dta_proxy:  0.6329 Loss dta_trans:  0.0058 Loss dta_phys:  0.0067 Loss dta_preserve:  0.0039
Time:  0.0814 Epoch: 020 Iter:  350/ 600 LR: 0.0000012125 Loss content:  0.0164 Loss fft:  0.7952 Loss dta_rank:  0.0000 Loss dta_tv:  0.0294 Loss dta_proxy:  0.6469 Loss dta_trans:  0.0055 Loss dta_phys:  0.0068 Loss dta_preserve:  0.0052
Time:  0.0892 Epoch: 020 Iter:  400/ 600 LR: 0.0000012125 Loss content:  0.0167 Loss fft:  0.7896 Loss dta_rank:  0.0000 Loss dta_tv:  0.0292 Loss dta_proxy:  0.6378 Loss dta_trans:  0.0056 Loss dta_phys:  0.0065 Loss dta_preserve:  0.0043
Time:  0.0839 Epoch: 020 Iter:  450/ 600 LR: 0.0000012125 Loss content:  0.0176 Loss fft:  0.8387 Loss dta_rank:  0.0000 Loss dta_tv:  0.0280 Loss dta_proxy:  0.6612 Loss dta_trans:  0.0049 Loss dta_phys:  0.0066 Loss dta_preserve:  0.0069
Time:  0.0848 Epoch: 020 Iter:  500/ 600 LR: 0.0000012125 Loss content:  0.0172 Loss fft:  0.8303 Loss dta_rank:  0.0000 Loss dta_tv:  0.0295 Loss dta_proxy:  0.6371 Loss dta_trans:  0.0056 Loss dta_phys:  0.0069 Loss dta_preserve:  0.0042
Time:  0.0806 Epoch: 020 Iter:  550/ 600 LR: 0.0000012125 Loss content:  0.0171 Loss fft:  0.8260 Loss dta_rank:  0.0000 Loss dta_tv:  0.0291 Loss dta_proxy:  0.6404 Loss dta_trans:  0.0057 Loss dta_phys:  0.0072 Loss dta_preserve:  0.0052
Time:  0.0844 Epoch: 020 Iter:  600/ 600 LR: 0.0000012125 Loss content:  0.0171 Loss fft:  0.8194 Loss dta_rank:  0.0000 Loss dta_tv:  0.0284 Loss dta_proxy:  0.6572 Loss dta_trans:  0.0051 Loss dta_phys:  0.0069 Loss dta_preserve:  0.0040
EPOCH: 20
Elapsed time: 0.96 Epoch Pixel Loss:  0.0171 Epoch FFT Loss:  0.8161 Epoch DTA Rank:  0.0000 Epoch DTA TV:  0.0289 Epoch DTA Proxy:  0.6445 Epoch DTA Trans:  0.0056 Epoch DTA Phys:  0.0068 Epoch DTA Preserve:  0.0052
