Namespace(model_name='ConvIR-Haze4K-DTA-v2-adapter_only-shuffle-seed3411-f3-oof20', data='Haze4K', version='base', fam_mode='original', arch='dta_v2', seed=3411, mode='train', data_dir='/sda/home/wangyuxin/ConvIR-B/datasets/Haze4K/Haze4K', batch_size=4, learning_rate=0.0001, weight_decay=0.0, num_epoch=20, stop_epoch=20, print_freq=50, num_worker=4, save_freq=5, valid_freq=9999, mod_stats_freq=5, mod_stats_batches=16, grad_clip_norm=0.001, dta_grad_clip_norm=0.05, dta_neighbor_grad_clip_norm=0.005, init_model='/sda/home/wangyuxin/ConvIR-B/checkpoints/official/Haze4K/haze4k-base.pkl', init_model_partial=True, partial_new_prefixes='DTA.', resume='', train_scope='adapter_only', dta_depth_cache_dir='/sda/home/wangyuxin/ConvIR-B/depth_cache/depth_anything_v2_small_hf', dta_train_depth_split='train', dta_eval_depth_split='train', valid_root_split='train', eval_root_split='test', dta_require_depth=True, dta_variant='v2', dta_depth_mode='shuffle', dta_prior_channels=32, dta_gate_bias=-6.0, dta_gate_limit=0.06, dta_gamma_limit=0.12, dta_beta_limit=0.06, dta_alpha_init=1.0, dta_confidence_floor=0.25, dta_confidence_local_scale=6.0, dta_output_residual_scale=0.03, dta_use_trans_gt=True, dta_trans_weight=0.02, dta_phys_weight=0.005, dta_preserve_weight=0.02, dta_preserve_trans_thresh=0.8, dta_gate_ramp_start=0.01, dta_gate_ramp_mid=0.03, dta_gate_ramp_end=0.06, dta_gate_ramp_warmup_epochs=2, dta_gate_ramp_mid_epochs=8, dta_rank_weight=0.001, dta_tv_weight=0.0001, dta_proxy_weight=0.0, dta_rank_pairs=512, dta_rank_min_depth_gap=0.03, split_json='/sda/home/wangyuxin/ConvIR-B/repos/ConvIR-B-dta-v2-calibrated/experience_docx/experiment_logs/haze4k_dta_v2_calibrated_20260611/dta_v2_haze4k_oof_splits_seed3407.json', split_name='fold3_train', test_model='', save_image=False, leaning_rate=0.0001, model_save_dir='results/ConvIR-Haze4K-DTA-v2-adapter_only-shuffle-seed3411-f3-oof20/Training-Results/', result_dir='results/ConvIR-Haze4K-DTA-v2-adapter_only-shuffle-seed3411-f3-oof20/images/Haze4K', init_model_sha256='6f42037d57a4e3de3a10ac0ab909d66a3415864a19433c29204a975f4efa4088')
/sda/home/wangyuxin/ConvIR-B/repos/ConvIR-B-dta-v2-calibrated/Dehazing/ITS/main.py:14: FutureWarning: You are using `torch.load` with `weights_only=False` (the current default value), which uses the default pickle module implicitly. It is possible to construct malicious pickle data which will execute arbitrary code during unpickling (See https://github.com/pytorch/pytorch/blob/main/SECURITY.md#untrusted-models for more details). In a future release, the default value for `weights_only` will be flipped to `True`. This limits the functions that could be executed during unpickling. Arbitrary objects will no longer be allowed to be loaded via this mode unless they are explicitly allowlisted by the user via `torch.serialization.add_safe_globals`. We recommend you start setting `weights_only=True` for any use case where you don't have full control of the loaded file. Please open an issue on GitHub for any issues related to this experimental feature.
  state = torch.load(path, map_location=map_location)
INIT_MODEL_PARTIAL_LOAD path=/sda/home/wangyuxin/ConvIR-B/checkpoints/official/Haze4K/haze4k-base.pkl loaded=602 missing_allowed=25 unexpected=[] allowed_new_prefixes=('DTA.',)
TRAIN_SCOPE scope=adapter_only arch=dta_v2 trainable=74699 total=8705364
/sda/home/wangyuxin/ConvIR-B/envs/convir-cu121/lib/python3.10/site-packages/torch/optim/lr_scheduler.py:224: UserWarning: Detected call of `lr_scheduler.step()` before `optimizer.step()`. In PyTorch 1.1.0 and later, you should call them in the opposite order: `optimizer.step()` before `lr_scheduler.step()`.  Failure to do this will result in PyTorch skipping the first value of the learning rate schedule. See more details at https://pytorch.org/docs/stable/optim.html#how-to-adjust-learning-rate
  warnings.warn(
DTA_GATE_RAMP epoch=1 gate_limit=0.010000
Time:  0.1261 Epoch: 001 Iter:   50/ 600 LR: 0.0000333333 Loss content:  0.0168 Loss fft:  0.8105 Loss dta_rank:  0.6937 Loss dta_tv:  0.0028 Loss dta_proxy:  0.2735 Loss dta_trans:  0.0393 Loss dta_phys:  0.0082 Loss dta_preserve:  0.0051
Time:  0.0902 Epoch: 001 Iter:  100/ 600 LR: 0.0000333333 Loss content:  0.0174 Loss fft:  0.8032 Loss dta_rank:  0.6949 Loss dta_tv:  0.0097 Loss dta_proxy:  0.3286 Loss dta_trans:  0.0346 Loss dta_phys:  0.0083 Loss dta_preserve:  0.0056
Time:  0.0893 Epoch: 001 Iter:  150/ 600 LR: 0.0000333333 Loss content:  0.0172 Loss fft:  0.8024 Loss dta_rank:  0.6986 Loss dta_tv:  0.0152 Loss dta_proxy:  0.3577 Loss dta_trans:  0.0276 Loss dta_phys:  0.0092 Loss dta_preserve:  0.0044
Time:  0.0965 Epoch: 001 Iter:  200/ 600 LR: 0.0000333333 Loss content:  0.0170 Loss fft:  0.7990 Loss dta_rank:  0.7064 Loss dta_tv:  0.0198 Loss dta_proxy:  0.3755 Loss dta_trans:  0.0239 Loss dta_phys:  0.0093 Loss dta_preserve:  0.0061
Time:  0.0914 Epoch: 001 Iter:  250/ 600 LR: 0.0000333333 Loss content:  0.0166 Loss fft:  0.8126 Loss dta_rank:  0.7107 Loss dta_tv:  0.0257 Loss dta_proxy:  0.3545 Loss dta_trans:  0.0201 Loss dta_phys:  0.0076 Loss dta_preserve:  0.0051
Time:  0.0909 Epoch: 001 Iter:  300/ 600 LR: 0.0000333333 Loss content:  0.0167 Loss fft:  0.8217 Loss dta_rank:  0.7186 Loss dta_tv:  0.0302 Loss dta_proxy:  0.4053 Loss dta_trans:  0.0160 Loss dta_phys:  0.0064 Loss dta_preserve:  0.0048
Time:  0.0853 Epoch: 001 Iter:  350/ 600 LR: 0.0000333333 Loss content:  0.0173 Loss fft:  0.8224 Loss dta_rank:  0.7204 Loss dta_tv:  0.0340 Loss dta_proxy:  0.4051 Loss dta_trans:  0.0124 Loss dta_phys:  0.0072 Loss dta_preserve:  0.0049
Time:  0.0782 Epoch: 001 Iter:  400/ 600 LR: 0.0000333333 Loss content:  0.0174 Loss fft:  0.8225 Loss dta_rank:  0.7260 Loss dta_tv:  0.0357 Loss dta_proxy:  0.4151 Loss dta_trans:  0.0120 Loss dta_phys:  0.0068 Loss dta_preserve:  0.0052
Time:  0.0755 Epoch: 001 Iter:  450/ 600 LR: 0.0000333333 Loss content:  0.0175 Loss fft:  0.8514 Loss dta_rank:  0.7304 Loss dta_tv:  0.0373 Loss dta_proxy:  0.4035 Loss dta_trans:  0.0102 Loss dta_phys:  0.0064 Loss dta_preserve:  0.0055
Time:  0.0719 Epoch: 001 Iter:  500/ 600 LR: 0.0000333333 Loss content:  0.0179 Loss fft:  0.8462 Loss dta_rank:  0.7362 Loss dta_tv:  0.0386 Loss dta_proxy:  0.4077 Loss dta_trans:  0.0110 Loss dta_phys:  0.0067 Loss dta_preserve:  0.0061
Time:  0.0880 Epoch: 001 Iter:  550/ 600 LR: 0.0000333333 Loss content:  0.0168 Loss fft:  0.8495 Loss dta_rank:  0.7352 Loss dta_tv:  0.0380 Loss dta_proxy:  0.4309 Loss dta_trans:  0.0098 Loss dta_phys:  0.0069 Loss dta_preserve:  0.0048
Time:  0.0815 Epoch: 001 Iter:  600/ 600 LR: 0.0000333333 Loss content:  0.0172 Loss fft:  0.7995 Loss dta_rank:  0.7277 Loss dta_tv:  0.0369 Loss dta_proxy:  0.4380 Loss dta_trans:  0.0103 Loss dta_phys:  0.0077 Loss dta_preserve:  0.0058
EPOCH: 01
Elapsed time: 1.07 Epoch Pixel Loss:  0.0171 Epoch FFT Loss:  0.8201 Epoch DTA Rank:  0.7166 Epoch DTA TV:  0.0270 Epoch DTA Proxy:  0.3830 Epoch DTA Trans:  0.0189 Epoch DTA Phys:  0.0075 Epoch DTA Preserve:  0.0053
DTA_GATE_RAMP epoch=2 gate_limit=0.010000
Time:  0.0809 Epoch: 002 Iter:   50/ 600 LR: 0.0000666667 Loss content:  0.0162 Loss fft:  0.7915 Loss dta_rank:  0.7325 Loss dta_tv:  0.0377 Loss dta_proxy:  0.4230 Loss dta_trans:  0.0117 Loss dta_phys:  0.0068 Loss dta_preserve:  0.0046
Time:  0.0839 Epoch: 002 Iter:  100/ 600 LR: 0.0000666667 Loss content:  0.0167 Loss fft:  0.8019 Loss dta_rank:  0.7319 Loss dta_tv:  0.0371 Loss dta_proxy:  0.4082 Loss dta_trans:  0.0096 Loss dta_phys:  0.0079 Loss dta_preserve:  0.0061
Time:  0.0799 Epoch: 002 Iter:  150/ 600 LR: 0.0000666667 Loss content:  0.0171 Loss fft:  0.8064 Loss dta_rank:  0.7334 Loss dta_tv:  0.0383 Loss dta_proxy:  0.4155 Loss dta_trans:  0.0102 Loss dta_phys:  0.0064 Loss dta_preserve:  0.0059
Time:  0.0826 Epoch: 002 Iter:  200/ 600 LR: 0.0000666667 Loss content:  0.0172 Loss fft:  0.8088 Loss dta_rank:  0.7388 Loss dta_tv:  0.0393 Loss dta_proxy:  0.4191 Loss dta_trans:  0.0108 Loss dta_phys:  0.0074 Loss dta_preserve:  0.0068
Time:  0.0907 Epoch: 002 Iter:  250/ 600 LR: 0.0000666667 Loss content:  0.0172 Loss fft:  0.8310 Loss dta_rank:  0.7296 Loss dta_tv:  0.0370 Loss dta_proxy:  0.4133 Loss dta_trans:  0.0084 Loss dta_phys:  0.0069 Loss dta_preserve:  0.0056
Time:  0.0742 Epoch: 002 Iter:  300/ 600 LR: 0.0000666667 Loss content:  0.0168 Loss fft:  0.8174 Loss dta_rank:  0.7347 Loss dta_tv:  0.0361 Loss dta_proxy:  0.4487 Loss dta_trans:  0.0087 Loss dta_phys:  0.0075 Loss dta_preserve:  0.0048
Time:  0.0780 Epoch: 002 Iter:  350/ 600 LR: 0.0000666667 Loss content:  0.0179 Loss fft:  0.8429 Loss dta_rank:  0.7294 Loss dta_tv:  0.0369 Loss dta_proxy:  0.4037 Loss dta_trans:  0.0086 Loss dta_phys:  0.0064 Loss dta_preserve:  0.0062
Time:  0.0783 Epoch: 002 Iter:  400/ 600 LR: 0.0000666667 Loss content:  0.0170 Loss fft:  0.8257 Loss dta_rank:  0.7366 Loss dta_tv:  0.0357 Loss dta_proxy:  0.4355 Loss dta_trans:  0.0080 Loss dta_phys:  0.0071 Loss dta_preserve:  0.0041
Time:  0.0754 Epoch: 002 Iter:  450/ 600 LR: 0.0000666667 Loss content:  0.0173 Loss fft:  0.7954 Loss dta_rank:  0.7375 Loss dta_tv:  0.0364 Loss dta_proxy:  0.4418 Loss dta_trans:  0.0081 Loss dta_phys:  0.0068 Loss dta_preserve:  0.0057
Time:  0.0721 Epoch: 002 Iter:  500/ 600 LR: 0.0000666667 Loss content:  0.0170 Loss fft:  0.8295 Loss dta_rank:  0.7385 Loss dta_tv:  0.0364 Loss dta_proxy:  0.4208 Loss dta_trans:  0.0083 Loss dta_phys:  0.0065 Loss dta_preserve:  0.0051
Time:  0.0767 Epoch: 002 Iter:  550/ 600 LR: 0.0000666667 Loss content:  0.0178 Loss fft:  0.8383 Loss dta_rank:  0.7356 Loss dta_tv:  0.0350 Loss dta_proxy:  0.4452 Loss dta_trans:  0.0083 Loss dta_phys:  0.0068 Loss dta_preserve:  0.0047
Time:  0.0754 Epoch: 002 Iter:  600/ 600 LR: 0.0000666667 Loss content:  0.0173 Loss fft:  0.8247 Loss dta_rank:  0.7348 Loss dta_tv:  0.0349 Loss dta_proxy:  0.4263 Loss dta_trans:  0.0079 Loss dta_phys:  0.0065 Loss dta_preserve:  0.0049
EPOCH: 02
Elapsed time: 0.95 Epoch Pixel Loss:  0.0171 Epoch FFT Loss:  0.8178 Epoch DTA Rank:  0.7344 Epoch DTA TV:  0.0367 Epoch DTA Proxy:  0.4251 Epoch DTA Trans:  0.0090 Epoch DTA Phys:  0.0069 Epoch DTA Preserve:  0.0054
DTA_GATE_RAMP epoch=3 gate_limit=0.030000
Time:  0.0822 Epoch: 003 Iter:   50/ 600 LR: 0.0001000000 Loss content:  0.0174 Loss fft:  0.8279 Loss dta_rank:  0.7360 Loss dta_tv:  0.0348 Loss dta_proxy:  0.4589 Loss dta_trans:  0.0080 Loss dta_phys:  0.0077 Loss dta_preserve:  0.0058
Time:  0.0768 Epoch: 003 Iter:  100/ 600 LR: 0.0001000000 Loss content:  0.0173 Loss fft:  0.8266 Loss dta_rank:  0.7394 Loss dta_tv:  0.0355 Loss dta_proxy:  0.4358 Loss dta_trans:  0.0084 Loss dta_phys:  0.0060 Loss dta_preserve:  0.0052
Time:  0.0776 Epoch: 003 Iter:  150/ 600 LR: 0.0001000000 Loss content:  0.0176 Loss fft:  0.8402 Loss dta_rank:  0.7324 Loss dta_tv:  0.0350 Loss dta_proxy:  0.4137 Loss dta_trans:  0.0082 Loss dta_phys:  0.0064 Loss dta_preserve:  0.0046
Time:  0.0801 Epoch: 003 Iter:  200/ 600 LR: 0.0001000000 Loss content:  0.0175 Loss fft:  0.8297 Loss dta_rank:  0.7412 Loss dta_tv:  0.0351 Loss dta_proxy:  0.4335 Loss dta_trans:  0.0084 Loss dta_phys:  0.0069 Loss dta_preserve:  0.0051
Time:  0.0778 Epoch: 003 Iter:  250/ 600 LR: 0.0001000000 Loss content:  0.0191 Loss fft:  0.8629 Loss dta_rank:  0.7437 Loss dta_tv:  0.0340 Loss dta_proxy:  0.4424 Loss dta_trans:  0.0078 Loss dta_phys:  0.0075 Loss dta_preserve:  0.0057
Time:  0.0786 Epoch: 003 Iter:  300/ 600 LR: 0.0001000000 Loss content:  0.0171 Loss fft:  0.7986 Loss dta_rank:  0.7413 Loss dta_tv:  0.0336 Loss dta_proxy:  0.4498 Loss dta_trans:  0.0071 Loss dta_phys:  0.0063 Loss dta_preserve:  0.0067
Time:  0.0737 Epoch: 003 Iter:  350/ 600 LR: 0.0001000000 Loss content:  0.0167 Loss fft:  0.8067 Loss dta_rank:  0.7368 Loss dta_tv:  0.0342 Loss dta_proxy:  0.4110 Loss dta_trans:  0.0086 Loss dta_phys:  0.0066 Loss dta_preserve:  0.0038
Time:  0.0758 Epoch: 003 Iter:  400/ 600 LR: 0.0001000000 Loss content:  0.0173 Loss fft:  0.8019 Loss dta_rank:  0.7326 Loss dta_tv:  0.0326 Loss dta_proxy:  0.4253 Loss dta_trans:  0.0082 Loss dta_phys:  0.0072 Loss dta_preserve:  0.0055
Time:  0.0781 Epoch: 003 Iter:  450/ 600 LR: 0.0001000000 Loss content:  0.0180 Loss fft:  0.8583 Loss dta_rank:  0.7424 Loss dta_tv:  0.0328 Loss dta_proxy:  0.4530 Loss dta_trans:  0.0077 Loss dta_phys:  0.0078 Loss dta_preserve:  0.0057
Time:  0.0818 Epoch: 003 Iter:  500/ 600 LR: 0.0001000000 Loss content:  0.0176 Loss fft:  0.8425 Loss dta_rank:  0.7324 Loss dta_tv:  0.0323 Loss dta_proxy:  0.4219 Loss dta_trans:  0.0084 Loss dta_phys:  0.0069 Loss dta_preserve:  0.0058
Time:  0.0827 Epoch: 003 Iter:  550/ 600 LR: 0.0001000000 Loss content:  0.0167 Loss fft:  0.8016 Loss dta_rank:  0.7399 Loss dta_tv:  0.0314 Loss dta_proxy:  0.4511 Loss dta_trans:  0.0071 Loss dta_phys:  0.0067 Loss dta_preserve:  0.0048
Time:  0.0771 Epoch: 003 Iter:  600/ 600 LR: 0.0001000000 Loss content:  0.0168 Loss fft:  0.7990 Loss dta_rank:  0.7399 Loss dta_tv:  0.0323 Loss dta_proxy:  0.4060 Loss dta_trans:  0.0071 Loss dta_phys:  0.0065 Loss dta_preserve:  0.0049
EPOCH: 03
Elapsed time: 0.95 Epoch Pixel Loss:  0.0174 Epoch FFT Loss:  0.8246 Epoch DTA Rank:  0.7382 Epoch DTA TV:  0.0336 Epoch DTA Proxy:  0.4335 Epoch DTA Trans:  0.0079 Epoch DTA Phys:  0.0069 Epoch DTA Preserve:  0.0053
/sda/home/wangyuxin/ConvIR-B/envs/convir-cu121/lib/python3.10/site-packages/torch/optim/lr_scheduler.py:1087: UserWarning: To get the last learning rate computed by the scheduler, please use `get_last_lr()`.
  _warn_get_lr_called_within_step(self)
DTA_GATE_RAMP epoch=4 gate_limit=0.030000
Time:  0.0828 Epoch: 004 Iter:   50/ 600 LR: 0.0001000000 Loss content:  0.0175 Loss fft:  0.8182 Loss dta_rank:  0.7365 Loss dta_tv:  0.0315 Loss dta_proxy:  0.4368 Loss dta_trans:  0.0075 Loss dta_phys:  0.0062 Loss dta_preserve:  0.0052
Time:  0.0752 Epoch: 004 Iter:  100/ 600 LR: 0.0001000000 Loss content:  0.0171 Loss fft:  0.7950 Loss dta_rank:  0.7347 Loss dta_tv:  0.0314 Loss dta_proxy:  0.4207 Loss dta_trans:  0.0078 Loss dta_phys:  0.0062 Loss dta_preserve:  0.0052
Time:  0.0807 Epoch: 004 Iter:  150/ 600 LR: 0.0001000000 Loss content:  0.0172 Loss fft:  0.8284 Loss dta_rank:  0.7384 Loss dta_tv:  0.0315 Loss dta_proxy:  0.4332 Loss dta_trans:  0.0070 Loss dta_phys:  0.0065 Loss dta_preserve:  0.0063
Time:  0.0782 Epoch: 004 Iter:  200/ 600 LR: 0.0001000000 Loss content:  0.0169 Loss fft:  0.8176 Loss dta_rank:  0.7405 Loss dta_tv:  0.0315 Loss dta_proxy:  0.4235 Loss dta_trans:  0.0063 Loss dta_phys:  0.0068 Loss dta_preserve:  0.0046
Time:  0.0762 Epoch: 004 Iter:  250/ 600 LR: 0.0001000000 Loss content:  0.0170 Loss fft:  0.8177 Loss dta_rank:  0.7389 Loss dta_tv:  0.0323 Loss dta_proxy:  0.4333 Loss dta_trans:  0.0072 Loss dta_phys:  0.0064 Loss dta_preserve:  0.0041
Time:  0.0638 Epoch: 004 Iter:  300/ 600 LR: 0.0001000000 Loss content:  0.0172 Loss fft:  0.8361 Loss dta_rank:  0.7390 Loss dta_tv:  0.0313 Loss dta_proxy:  0.4363 Loss dta_trans:  0.0093 Loss dta_phys:  0.0073 Loss dta_preserve:  0.0052
Time:  0.0759 Epoch: 004 Iter:  350/ 600 LR: 0.0001000000 Loss content:  0.0176 Loss fft:  0.8098 Loss dta_rank:  0.7377 Loss dta_tv:  0.0311 Loss dta_proxy:  0.4100 Loss dta_trans:  0.0069 Loss dta_phys:  0.0068 Loss dta_preserve:  0.0054
Time:  0.0752 Epoch: 004 Iter:  400/ 600 LR: 0.0001000000 Loss content:  0.0170 Loss fft:  0.8270 Loss dta_rank:  0.7362 Loss dta_tv:  0.0314 Loss dta_proxy:  0.4238 Loss dta_trans:  0.0072 Loss dta_phys:  0.0070 Loss dta_preserve:  0.0049
Time:  0.0755 Epoch: 004 Iter:  450/ 600 LR: 0.0001000000 Loss content:  0.0166 Loss fft:  0.8059 Loss dta_rank:  0.7387 Loss dta_tv:  0.0314 Loss dta_proxy:  0.4507 Loss dta_trans:  0.0067 Loss dta_phys:  0.0072 Loss dta_preserve:  0.0042
Time:  0.0779 Epoch: 004 Iter:  500/ 600 LR: 0.0001000000 Loss content:  0.0171 Loss fft:  0.8035 Loss dta_rank:  0.7322 Loss dta_tv:  0.0310 Loss dta_proxy:  0.4425 Loss dta_trans:  0.0066 Loss dta_phys:  0.0072 Loss dta_preserve:  0.0055
Time:  0.0805 Epoch: 004 Iter:  550/ 600 LR: 0.0001000000 Loss content:  0.0176 Loss fft:  0.8466 Loss dta_rank:  0.7368 Loss dta_tv:  0.0308 Loss dta_proxy:  0.4298 Loss dta_trans:  0.0066 Loss dta_phys:  0.0068 Loss dta_preserve:  0.0044
Time:  0.0748 Epoch: 004 Iter:  600/ 600 LR: 0.0001000000 Loss content:  0.0166 Loss fft:  0.8044 Loss dta_rank:  0.7375 Loss dta_tv:  0.0317 Loss dta_proxy:  0.4142 Loss dta_trans:  0.0068 Loss dta_phys:  0.0066 Loss dta_preserve:  0.0048
EPOCH: 04
Elapsed time: 0.92 Epoch Pixel Loss:  0.0171 Epoch FFT Loss:  0.8175 Epoch DTA Rank:  0.7372 Epoch DTA TV:  0.0314 Epoch DTA Proxy:  0.4296 Epoch DTA Trans:  0.0072 Epoch DTA Phys:  0.0068 Epoch DTA Preserve:  0.0050
DTA_GATE_RAMP epoch=5 gate_limit=0.030000
Time:  0.0870 Epoch: 005 Iter:   50/ 600 LR: 0.0000983215 Loss content:  0.0169 Loss fft:  0.8063 Loss dta_rank:  0.7445 Loss dta_tv:  0.0308 Loss dta_proxy:  0.4351 Loss dta_trans:  0.0077 Loss dta_phys:  0.0067 Loss dta_preserve:  0.0051
Time:  0.0780 Epoch: 005 Iter:  100/ 600 LR: 0.0000983215 Loss content:  0.0171 Loss fft:  0.7876 Loss dta_rank:  0.7301 Loss dta_tv:  0.0303 Loss dta_proxy:  0.4505 Loss dta_trans:  0.0073 Loss dta_phys:  0.0075 Loss dta_preserve:  0.0046
Time:  0.0773 Epoch: 005 Iter:  150/ 600 LR: 0.0000983215 Loss content:  0.0172 Loss fft:  0.8167 Loss dta_rank:  0.7328 Loss dta_tv:  0.0298 Loss dta_proxy:  0.4242 Loss dta_trans:  0.0059 Loss dta_phys:  0.0062 Loss dta_preserve:  0.0045
Time:  0.0809 Epoch: 005 Iter:  200/ 600 LR: 0.0000983215 Loss content:  0.0175 Loss fft:  0.8155 Loss dta_rank:  0.7421 Loss dta_tv:  0.0294 Loss dta_proxy:  0.4416 Loss dta_trans:  0.0067 Loss dta_phys:  0.0066 Loss dta_preserve:  0.0069
Time:  0.0791 Epoch: 005 Iter:  250/ 600 LR: 0.0000983215 Loss content:  0.0163 Loss fft:  0.7823 Loss dta_rank:  0.7373 Loss dta_tv:  0.0303 Loss dta_proxy:  0.4390 Loss dta_trans:  0.0065 Loss dta_phys:  0.0073 Loss dta_preserve:  0.0048
Time:  0.0783 Epoch: 005 Iter:  300/ 600 LR: 0.0000983215 Loss content:  0.0173 Loss fft:  0.8382 Loss dta_rank:  0.7401 Loss dta_tv:  0.0307 Loss dta_proxy:  0.4027 Loss dta_trans:  0.0072 Loss dta_phys:  0.0063 Loss dta_preserve:  0.0045
Time:  0.0769 Epoch: 005 Iter:  350/ 600 LR: 0.0000983215 Loss content:  0.0181 Loss fft:  0.8581 Loss dta_rank:  0.7388 Loss dta_tv:  0.0295 Loss dta_proxy:  0.4403 Loss dta_trans:  0.0066 Loss dta_phys:  0.0069 Loss dta_preserve:  0.0052
Time:  0.0778 Epoch: 005 Iter:  400/ 600 LR: 0.0000983215 Loss content:  0.0175 Loss fft:  0.8017 Loss dta_rank:  0.7396 Loss dta_tv:  0.0296 Loss dta_proxy:  0.4522 Loss dta_trans:  0.0063 Loss dta_phys:  0.0066 Loss dta_preserve:  0.0045
Time:  0.0751 Epoch: 005 Iter:  450/ 600 LR: 0.0000983215 Loss content:  0.0168 Loss fft:  0.8264 Loss dta_rank:  0.7446 Loss dta_tv:  0.0309 Loss dta_proxy:  0.4204 Loss dta_trans:  0.0079 Loss dta_phys:  0.0063 Loss dta_preserve:  0.0051
Time:  0.0785 Epoch: 005 Iter:  500/ 600 LR: 0.0000983215 Loss content:  0.0183 Loss fft:  0.8344 Loss dta_rank:  0.7420 Loss dta_tv:  0.0291 Loss dta_proxy:  0.4361 Loss dta_trans:  0.0072 Loss dta_phys:  0.0066 Loss dta_preserve:  0.0069
Time:  0.0784 Epoch: 005 Iter:  550/ 600 LR: 0.0000983215 Loss content:  0.0174 Loss fft:  0.8459 Loss dta_rank:  0.7400 Loss dta_tv:  0.0293 Loss dta_proxy:  0.4307 Loss dta_trans:  0.0061 Loss dta_phys:  0.0071 Loss dta_preserve:  0.0045
Time:  0.0740 Epoch: 005 Iter:  600/ 600 LR: 0.0000983215 Loss content:  0.0173 Loss fft:  0.8197 Loss dta_rank:  0.7374 Loss dta_tv:  0.0299 Loss dta_proxy:  0.4270 Loss dta_trans:  0.0061 Loss dta_phys:  0.0063 Loss dta_preserve:  0.0054
EPOCH: 05
Elapsed time: 0.95 Epoch Pixel Loss:  0.0173 Epoch FFT Loss:  0.8194 Epoch DTA Rank:  0.7391 Epoch DTA TV:  0.0300 Epoch DTA Proxy:  0.4333 Epoch DTA Trans:  0.0068 Epoch DTA Phys:  0.0067 Epoch DTA Preserve:  0.0052
DTA_GATE_RAMP epoch=6 gate_limit=0.030000
Time:  0.0791 Epoch: 006 Iter:   50/ 600 LR: 0.0000942212 Loss content:  0.0168 Loss fft:  0.8182 Loss dta_rank:  0.7299 Loss dta_tv:  0.0301 Loss dta_proxy:  0.4010 Loss dta_trans:  0.0064 Loss dta_phys:  0.0068 Loss dta_preserve:  0.0054
Time:  0.0760 Epoch: 006 Iter:  100/ 600 LR: 0.0000942212 Loss content:  0.0173 Loss fft:  0.8328 Loss dta_rank:  0.7412 Loss dta_tv:  0.0298 Loss dta_proxy:  0.4100 Loss dta_trans:  0.0065 Loss dta_phys:  0.0063 Loss dta_preserve:  0.0050
Time:  0.0714 Epoch: 006 Iter:  150/ 600 LR: 0.0000942212 Loss content:  0.0164 Loss fft:  0.8149 Loss dta_rank:  0.7431 Loss dta_tv:  0.0292 Loss dta_proxy:  0.4325 Loss dta_trans:  0.0062 Loss dta_phys:  0.0065 Loss dta_preserve:  0.0049
Time:  0.0760 Epoch: 006 Iter:  200/ 600 LR: 0.0000942212 Loss content:  0.0177 Loss fft:  0.8184 Loss dta_rank:  0.7331 Loss dta_tv:  0.0288 Loss dta_proxy:  0.4362 Loss dta_trans:  0.0064 Loss dta_phys:  0.0073 Loss dta_preserve:  0.0059
Time:  0.0790 Epoch: 006 Iter:  250/ 600 LR: 0.0000942212 Loss content:  0.0177 Loss fft:  0.8256 Loss dta_rank:  0.7387 Loss dta_tv:  0.0293 Loss dta_proxy:  0.4314 Loss dta_trans:  0.0055 Loss dta_phys:  0.0069 Loss dta_preserve:  0.0057
Time:  0.0810 Epoch: 006 Iter:  300/ 600 LR: 0.0000942212 Loss content:  0.0170 Loss fft:  0.8150 Loss dta_rank:  0.7399 Loss dta_tv:  0.0297 Loss dta_proxy:  0.4300 Loss dta_trans:  0.0067 Loss dta_phys:  0.0068 Loss dta_preserve:  0.0049
Time:  0.0735 Epoch: 006 Iter:  350/ 600 LR: 0.0000942212 Loss content:  0.0175 Loss fft:  0.8241 Loss dta_rank:  0.7374 Loss dta_tv:  0.0289 Loss dta_proxy:  0.4367 Loss dta_trans:  0.0069 Loss dta_phys:  0.0071 Loss dta_preserve:  0.0050
Time:  0.0679 Epoch: 006 Iter:  400/ 600 LR: 0.0000942212 Loss content:  0.0169 Loss fft:  0.8080 Loss dta_rank:  0.7381 Loss dta_tv:  0.0278 Loss dta_proxy:  0.4404 Loss dta_trans:  0.0070 Loss dta_phys:  0.0069 Loss dta_preserve:  0.0053
Time:  0.0635 Epoch: 006 Iter:  450/ 600 LR: 0.0000942212 Loss content:  0.0172 Loss fft:  0.8296 Loss dta_rank:  0.7418 Loss dta_tv:  0.0292 Loss dta_proxy:  0.4144 Loss dta_trans:  0.0069 Loss dta_phys:  0.0060 Loss dta_preserve:  0.0053
Time:  0.0719 Epoch: 006 Iter:  500/ 600 LR: 0.0000942212 Loss content:  0.0170 Loss fft:  0.8232 Loss dta_rank:  0.7416 Loss dta_tv:  0.0283 Loss dta_proxy:  0.4572 Loss dta_trans:  0.0064 Loss dta_phys:  0.0069 Loss dta_preserve:  0.0044
Time:  0.0756 Epoch: 006 Iter:  550/ 600 LR: 0.0000942212 Loss content:  0.0173 Loss fft:  0.8155 Loss dta_rank:  0.7329 Loss dta_tv:  0.0282 Loss dta_proxy:  0.4388 Loss dta_trans:  0.0066 Loss dta_phys:  0.0070 Loss dta_preserve:  0.0056
Time:  0.0749 Epoch: 006 Iter:  600/ 600 LR: 0.0000942212 Loss content:  0.0174 Loss fft:  0.7992 Loss dta_rank:  0.7372 Loss dta_tv:  0.0279 Loss dta_proxy:  0.4577 Loss dta_trans:  0.0069 Loss dta_phys:  0.0064 Loss dta_preserve:  0.0054
EPOCH: 06
Elapsed time: 0.89 Epoch Pixel Loss:  0.0172 Epoch FFT Loss:  0.8187 Epoch DTA Rank:  0.7379 Epoch DTA TV:  0.0289 Epoch DTA Proxy:  0.4322 Epoch DTA Trans:  0.0065 Epoch DTA Phys:  0.0067 Epoch DTA Preserve:  0.0052
DTA_GATE_RAMP epoch=7 gate_limit=0.030000
Time:  0.0815 Epoch: 007 Iter:   50/ 600 LR: 0.0000886874 Loss content:  0.0167 Loss fft:  0.8415 Loss dta_rank:  0.7445 Loss dta_tv:  0.0298 Loss dta_proxy:  0.4225 Loss dta_trans:  0.0059 Loss dta_phys:  0.0063 Loss dta_preserve:  0.0045
Time:  0.0758 Epoch: 007 Iter:  100/ 600 LR: 0.0000886874 Loss content:  0.0165 Loss fft:  0.8019 Loss dta_rank:  0.7359 Loss dta_tv:  0.0275 Loss dta_proxy:  0.4603 Loss dta_trans:  0.0060 Loss dta_phys:  0.0068 Loss dta_preserve:  0.0057
Time:  0.0767 Epoch: 007 Iter:  150/ 600 LR: 0.0000886874 Loss content:  0.0176 Loss fft:  0.8484 Loss dta_rank:  0.7330 Loss dta_tv:  0.0289 Loss dta_proxy:  0.4251 Loss dta_trans:  0.0062 Loss dta_phys:  0.0070 Loss dta_preserve:  0.0051
Time:  0.0750 Epoch: 007 Iter:  200/ 600 LR: 0.0000886874 Loss content:  0.0170 Loss fft:  0.8230 Loss dta_rank:  0.7334 Loss dta_tv:  0.0289 Loss dta_proxy:  0.4130 Loss dta_trans:  0.0066 Loss dta_phys:  0.0071 Loss dta_preserve:  0.0053
Time:  0.0665 Epoch: 007 Iter:  250/ 600 LR: 0.0000886874 Loss content:  0.0183 Loss fft:  0.8426 Loss dta_rank:  0.7448 Loss dta_tv:  0.0286 Loss dta_proxy:  0.4329 Loss dta_trans:  0.0052 Loss dta_phys:  0.0067 Loss dta_preserve:  0.0075
Time:  0.0655 Epoch: 007 Iter:  300/ 600 LR: 0.0000886874 Loss content:  0.0174 Loss fft:  0.8316 Loss dta_rank:  0.7442 Loss dta_tv:  0.0287 Loss dta_proxy:  0.4296 Loss dta_trans:  0.0064 Loss dta_phys:  0.0074 Loss dta_preserve:  0.0055
Time:  0.0660 Epoch: 007 Iter:  350/ 600 LR: 0.0000886874 Loss content:  0.0172 Loss fft:  0.8304 Loss dta_rank:  0.7444 Loss dta_tv:  0.0276 Loss dta_proxy:  0.4555 Loss dta_trans:  0.0059 Loss dta_phys:  0.0066 Loss dta_preserve:  0.0057
Time:  0.0680 Epoch: 007 Iter:  400/ 600 LR: 0.0000886874 Loss content:  0.0168 Loss fft:  0.8190 Loss dta_rank:  0.7406 Loss dta_tv:  0.0286 Loss dta_proxy:  0.4283 Loss dta_trans:  0.0067 Loss dta_phys:  0.0066 Loss dta_preserve:  0.0050
Time:  0.0729 Epoch: 007 Iter:  450/ 600 LR: 0.0000886874 Loss content:  0.0166 Loss fft:  0.8085 Loss dta_rank:  0.7382 Loss dta_tv:  0.0287 Loss dta_proxy:  0.4234 Loss dta_trans:  0.0067 Loss dta_phys:  0.0066 Loss dta_preserve:  0.0046
Time:  0.0750 Epoch: 007 Iter:  500/ 600 LR: 0.0000886874 Loss content:  0.0177 Loss fft:  0.8278 Loss dta_rank:  0.7403 Loss dta_tv:  0.0282 Loss dta_proxy:  0.4395 Loss dta_trans:  0.0048 Loss dta_phys:  0.0064 Loss dta_preserve:  0.0043
Time:  0.0754 Epoch: 007 Iter:  550/ 600 LR: 0.0000886874 Loss content:  0.0173 Loss fft:  0.8350 Loss dta_rank:  0.7362 Loss dta_tv:  0.0286 Loss dta_proxy:  0.4187 Loss dta_trans:  0.0063 Loss dta_phys:  0.0061 Loss dta_preserve:  0.0053
Time:  0.0747 Epoch: 007 Iter:  600/ 600 LR: 0.0000886874 Loss content:  0.0162 Loss fft:  0.7843 Loss dta_rank:  0.7428 Loss dta_tv:  0.0276 Loss dta_proxy:  0.4462 Loss dta_trans:  0.0061 Loss dta_phys:  0.0073 Loss dta_preserve:  0.0047
EPOCH: 07
Elapsed time: 0.88 Epoch Pixel Loss:  0.0171 Epoch FFT Loss:  0.8245 Epoch DTA Rank:  0.7399 Epoch DTA TV:  0.0285 Epoch DTA Proxy:  0.4329 Epoch DTA Trans:  0.0061 Epoch DTA Phys:  0.0067 Epoch DTA Preserve:  0.0053
DTA_GATE_RAMP epoch=8 gate_limit=0.030000
Time:  0.0829 Epoch: 008 Iter:   50/ 600 LR: 0.0000819070 Loss content:  0.0171 Loss fft:  0.8294 Loss dta_rank:  0.7386 Loss dta_tv:  0.0293 Loss dta_proxy:  0.4355 Loss dta_trans:  0.0065 Loss dta_phys:  0.0068 Loss dta_preserve:  0.0047
Time:  0.0722 Epoch: 008 Iter:  100/ 600 LR: 0.0000819070 Loss content:  0.0176 Loss fft:  0.8376 Loss dta_rank:  0.7434 Loss dta_tv:  0.0284 Loss dta_proxy:  0.4282 Loss dta_trans:  0.0065 Loss dta_phys:  0.0070 Loss dta_preserve:  0.0048
Time:  0.0767 Epoch: 008 Iter:  150/ 600 LR: 0.0000819070 Loss content:  0.0171 Loss fft:  0.7998 Loss dta_rank:  0.7409 Loss dta_tv:  0.0274 Loss dta_proxy:  0.4512 Loss dta_trans:  0.0063 Loss dta_phys:  0.0067 Loss dta_preserve:  0.0061
Time:  0.0807 Epoch: 008 Iter:  200/ 600 LR: 0.0000819070 Loss content:  0.0175 Loss fft:  0.8557 Loss dta_rank:  0.7439 Loss dta_tv:  0.0280 Loss dta_proxy:  0.4264 Loss dta_trans:  0.0053 Loss dta_phys:  0.0064 Loss dta_preserve:  0.0044
Time:  0.0791 Epoch: 008 Iter:  250/ 600 LR: 0.0000819070 Loss content:  0.0164 Loss fft:  0.7971 Loss dta_rank:  0.7522 Loss dta_tv:  0.0271 Loss dta_proxy:  0.4424 Loss dta_trans:  0.0061 Loss dta_phys:  0.0065 Loss dta_preserve:  0.0053
Time:  0.0815 Epoch: 008 Iter:  300/ 600 LR: 0.0000819070 Loss content:  0.0163 Loss fft:  0.7941 Loss dta_rank:  0.7329 Loss dta_tv:  0.0275 Loss dta_proxy:  0.4330 Loss dta_trans:  0.0064 Loss dta_phys:  0.0066 Loss dta_preserve:  0.0048
Time:  0.0783 Epoch: 008 Iter:  350/ 600 LR: 0.0000819070 Loss content:  0.0176 Loss fft:  0.8157 Loss dta_rank:  0.7453 Loss dta_tv:  0.0276 Loss dta_proxy:  0.4303 Loss dta_trans:  0.0065 Loss dta_phys:  0.0069 Loss dta_preserve:  0.0052
Time:  0.0785 Epoch: 008 Iter:  400/ 600 LR: 0.0000819070 Loss content:  0.0174 Loss fft:  0.8291 Loss dta_rank:  0.7358 Loss dta_tv:  0.0284 Loss dta_proxy:  0.4205 Loss dta_trans:  0.0065 Loss dta_phys:  0.0067 Loss dta_preserve:  0.0051
Time:  0.0778 Epoch: 008 Iter:  450/ 600 LR: 0.0000819070 Loss content:  0.0177 Loss fft:  0.8354 Loss dta_rank:  0.7347 Loss dta_tv:  0.0276 Loss dta_proxy:  0.4159 Loss dta_trans:  0.0060 Loss dta_phys:  0.0060 Loss dta_preserve:  0.0054
Time:  0.0754 Epoch: 008 Iter:  500/ 600 LR: 0.0000819070 Loss content:  0.0171 Loss fft:  0.8230 Loss dta_rank:  0.7409 Loss dta_tv:  0.0286 Loss dta_proxy:  0.4400 Loss dta_trans:  0.0066 Loss dta_phys:  0.0069 Loss dta_preserve:  0.0065
Time:  0.0757 Epoch: 008 Iter:  550/ 600 LR: 0.0000819070 Loss content:  0.0177 Loss fft:  0.8187 Loss dta_rank:  0.7379 Loss dta_tv:  0.0277 Loss dta_proxy:  0.4297 Loss dta_trans:  0.0064 Loss dta_phys:  0.0072 Loss dta_preserve:  0.0058
Time:  0.0766 Epoch: 008 Iter:  600/ 600 LR: 0.0000819070 Loss content:  0.0160 Loss fft:  0.7840 Loss dta_rank:  0.7395 Loss dta_tv:  0.0282 Loss dta_proxy:  0.4207 Loss dta_trans:  0.0069 Loss dta_phys:  0.0070 Loss dta_preserve:  0.0045
EPOCH: 08
Elapsed time: 0.94 Epoch Pixel Loss:  0.0171 Epoch FFT Loss:  0.8183 Epoch DTA Rank:  0.7405 Epoch DTA TV:  0.0280 Epoch DTA Proxy:  0.4312 Epoch DTA Trans:  0.0063 Epoch DTA Phys:  0.0067 Epoch DTA Preserve:  0.0052
DTA_GATE_RAMP epoch=9 gate_limit=0.060000
Time:  0.0822 Epoch: 009 Iter:   50/ 600 LR: 0.0000741093 Loss content:  0.0170 Loss fft:  0.8293 Loss dta_rank:  0.7440 Loss dta_tv:  0.0272 Loss dta_proxy:  0.4470 Loss dta_trans:  0.0057 Loss dta_phys:  0.0064 Loss dta_preserve:  0.0058
Time:  0.0791 Epoch: 009 Iter:  100/ 600 LR: 0.0000741093 Loss content:  0.0175 Loss fft:  0.8233 Loss dta_rank:  0.7330 Loss dta_tv:  0.0283 Loss dta_proxy:  0.4336 Loss dta_trans:  0.0063 Loss dta_phys:  0.0069 Loss dta_preserve:  0.0060
Time:  0.0767 Epoch: 009 Iter:  150/ 600 LR: 0.0000741093 Loss content:  0.0173 Loss fft:  0.8288 Loss dta_rank:  0.7329 Loss dta_tv:  0.0283 Loss dta_proxy:  0.4095 Loss dta_trans:  0.0064 Loss dta_phys:  0.0068 Loss dta_preserve:  0.0061
Time:  0.0773 Epoch: 009 Iter:  200/ 600 LR: 0.0000741093 Loss content:  0.0176 Loss fft:  0.8101 Loss dta_rank:  0.7428 Loss dta_tv:  0.0289 Loss dta_proxy:  0.4096 Loss dta_trans:  0.0064 Loss dta_phys:  0.0071 Loss dta_preserve:  0.0054
Time:  0.0778 Epoch: 009 Iter:  250/ 600 LR: 0.0000741093 Loss content:  0.0175 Loss fft:  0.8506 Loss dta_rank:  0.7402 Loss dta_tv:  0.0271 Loss dta_proxy:  0.4677 Loss dta_trans:  0.0054 Loss dta_phys:  0.0070 Loss dta_preserve:  0.0050
Time:  0.0742 Epoch: 009 Iter:  300/ 600 LR: 0.0000741093 Loss content:  0.0169 Loss fft:  0.7958 Loss dta_rank:  0.7392 Loss dta_tv:  0.0278 Loss dta_proxy:  0.4291 Loss dta_trans:  0.0066 Loss dta_phys:  0.0067 Loss dta_preserve:  0.0067
Time:  0.0815 Epoch: 009 Iter:  350/ 600 LR: 0.0000741093 Loss content:  0.0177 Loss fft:  0.8320 Loss dta_rank:  0.7353 Loss dta_tv:  0.0271 Loss dta_proxy:  0.4429 Loss dta_trans:  0.0061 Loss dta_phys:  0.0067 Loss dta_preserve:  0.0040
Time:  0.0790 Epoch: 009 Iter:  400/ 600 LR: 0.0000741093 Loss content:  0.0169 Loss fft:  0.8144 Loss dta_rank:  0.7371 Loss dta_tv:  0.0272 Loss dta_proxy:  0.4576 Loss dta_trans:  0.0060 Loss dta_phys:  0.0074 Loss dta_preserve:  0.0053
Time:  0.0797 Epoch: 009 Iter:  450/ 600 LR: 0.0000741093 Loss content:  0.0167 Loss fft:  0.8057 Loss dta_rank:  0.7411 Loss dta_tv:  0.0281 Loss dta_proxy:  0.4165 Loss dta_trans:  0.0062 Loss dta_phys:  0.0065 Loss dta_preserve:  0.0047
Time:  0.0753 Epoch: 009 Iter:  500/ 600 LR: 0.0000741093 Loss content:  0.0178 Loss fft:  0.8170 Loss dta_rank:  0.7449 Loss dta_tv:  0.0278 Loss dta_proxy:  0.4411 Loss dta_trans:  0.0063 Loss dta_phys:  0.0070 Loss dta_preserve:  0.0062
Time:  0.0770 Epoch: 009 Iter:  550/ 600 LR: 0.0000741093 Loss content:  0.0179 Loss fft:  0.8334 Loss dta_rank:  0.7383 Loss dta_tv:  0.0269 Loss dta_proxy:  0.4345 Loss dta_trans:  0.0056 Loss dta_phys:  0.0066 Loss dta_preserve:  0.0059
Time:  0.0752 Epoch: 009 Iter:  600/ 600 LR: 0.0000741093 Loss content:  0.0167 Loss fft:  0.8078 Loss dta_rank:  0.7496 Loss dta_tv:  0.0274 Loss dta_proxy:  0.4200 Loss dta_trans:  0.0060 Loss dta_phys:  0.0073 Loss dta_preserve:  0.0057
EPOCH: 09
Elapsed time: 0.94 Epoch Pixel Loss:  0.0173 Epoch FFT Loss:  0.8207 Epoch DTA Rank:  0.7399 Epoch DTA TV:  0.0277 Epoch DTA Proxy:  0.4341 Epoch DTA Trans:  0.0061 Epoch DTA Phys:  0.0069 Epoch DTA Preserve:  0.0056
DTA_GATE_RAMP epoch=10 gate_limit=0.060000
Time:  0.0872 Epoch: 010 Iter:   50/ 600 LR: 0.0000655580 Loss content:  0.0169 Loss fft:  0.8129 Loss dta_rank:  0.7347 Loss dta_tv:  0.0280 Loss dta_proxy:  0.4104 Loss dta_trans:  0.0080 Loss dta_phys:  0.0066 Loss dta_preserve:  0.0063
Time:  0.0787 Epoch: 010 Iter:  100/ 600 LR: 0.0000655580 Loss content:  0.0174 Loss fft:  0.8464 Loss dta_rank:  0.7488 Loss dta_tv:  0.0271 Loss dta_proxy:  0.4460 Loss dta_trans:  0.0065 Loss dta_phys:  0.0073 Loss dta_preserve:  0.0058
Time:  0.0776 Epoch: 010 Iter:  150/ 600 LR: 0.0000655580 Loss content:  0.0168 Loss fft:  0.8141 Loss dta_rank:  0.7413 Loss dta_tv:  0.0267 Loss dta_proxy:  0.4390 Loss dta_trans:  0.0064 Loss dta_phys:  0.0065 Loss dta_preserve:  0.0043
Time:  0.0781 Epoch: 010 Iter:  200/ 600 LR: 0.0000655580 Loss content:  0.0172 Loss fft:  0.8086 Loss dta_rank:  0.7490 Loss dta_tv:  0.0272 Loss dta_proxy:  0.4396 Loss dta_trans:  0.0057 Loss dta_phys:  0.0065 Loss dta_preserve:  0.0042
Time:  0.0772 Epoch: 010 Iter:  250/ 600 LR: 0.0000655580 Loss content:  0.0171 Loss fft:  0.8320 Loss dta_rank:  0.7403 Loss dta_tv:  0.0268 Loss dta_proxy:  0.4319 Loss dta_trans:  0.0051 Loss dta_phys:  0.0068 Loss dta_preserve:  0.0053
Time:  0.0753 Epoch: 010 Iter:  300/ 600 LR: 0.0000655580 Loss content:  0.0170 Loss fft:  0.8053 Loss dta_rank:  0.7395 Loss dta_tv:  0.0273 Loss dta_proxy:  0.4181 Loss dta_trans:  0.0066 Loss dta_phys:  0.0067 Loss dta_preserve:  0.0047
Time:  0.0763 Epoch: 010 Iter:  350/ 600 LR: 0.0000655580 Loss content:  0.0177 Loss fft:  0.8572 Loss dta_rank:  0.7417 Loss dta_tv:  0.0262 Loss dta_proxy:  0.4328 Loss dta_trans:  0.0058 Loss dta_phys:  0.0064 Loss dta_preserve:  0.0056
Time:  0.0761 Epoch: 010 Iter:  400/ 600 LR: 0.0000655580 Loss content:  0.0172 Loss fft:  0.8280 Loss dta_rank:  0.7466 Loss dta_tv:  0.0270 Loss dta_proxy:  0.4346 Loss dta_trans:  0.0045 Loss dta_phys:  0.0061 Loss dta_preserve:  0.0050
Time:  0.0774 Epoch: 010 Iter:  450/ 600 LR: 0.0000655580 Loss content:  0.0174 Loss fft:  0.8238 Loss dta_rank:  0.7433 Loss dta_tv:  0.0278 Loss dta_proxy:  0.4349 Loss dta_trans:  0.0054 Loss dta_phys:  0.0074 Loss dta_preserve:  0.0042
Time:  0.0794 Epoch: 010 Iter:  500/ 600 LR: 0.0000655580 Loss content:  0.0164 Loss fft:  0.7916 Loss dta_rank:  0.7391 Loss dta_tv:  0.0281 Loss dta_proxy:  0.3959 Loss dta_trans:  0.0066 Loss dta_phys:  0.0068 Loss dta_preserve:  0.0040
Time:  0.0722 Epoch: 010 Iter:  550/ 600 LR: 0.0000655580 Loss content:  0.0173 Loss fft:  0.8230 Loss dta_rank:  0.7437 Loss dta_tv:  0.0270 Loss dta_proxy:  0.4364 Loss dta_trans:  0.0058 Loss dta_phys:  0.0065 Loss dta_preserve:  0.0044
Time:  0.0772 Epoch: 010 Iter:  600/ 600 LR: 0.0000655580 Loss content:  0.0173 Loss fft:  0.8177 Loss dta_rank:  0.7396 Loss dta_tv:  0.0260 Loss dta_proxy:  0.4496 Loss dta_trans:  0.0057 Loss dta_phys:  0.0069 Loss dta_preserve:  0.0059
EPOCH: 10
Elapsed time: 0.94 Epoch Pixel Loss:  0.0171 Epoch FFT Loss:  0.8217 Epoch DTA Rank:  0.7423 Epoch DTA TV:  0.0271 Epoch DTA Proxy:  0.4308 Epoch DTA Trans:  0.0060 Epoch DTA Phys:  0.0067 Epoch DTA Preserve:  0.0050
DTA_GATE_RAMP epoch=11 gate_limit=0.060000
Time:  0.0822 Epoch: 011 Iter:   50/ 600 LR: 0.0000565424 Loss content:  0.0169 Loss fft:  0.8129 Loss dta_rank:  0.7340 Loss dta_tv:  0.0268 Loss dta_proxy:  0.4323 Loss dta_trans:  0.0062 Loss dta_phys:  0.0065 Loss dta_preserve:  0.0050
Time:  0.0794 Epoch: 011 Iter:  100/ 600 LR: 0.0000565424 Loss content:  0.0174 Loss fft:  0.8100 Loss dta_rank:  0.7448 Loss dta_tv:  0.0269 Loss dta_proxy:  0.4455 Loss dta_trans:  0.0059 Loss dta_phys:  0.0072 Loss dta_preserve:  0.0045
Time:  0.0797 Epoch: 011 Iter:  150/ 600 LR: 0.0000565424 Loss content:  0.0168 Loss fft:  0.7952 Loss dta_rank:  0.7437 Loss dta_tv:  0.0269 Loss dta_proxy:  0.4317 Loss dta_trans:  0.0069 Loss dta_phys:  0.0070 Loss dta_preserve:  0.0052
Time:  0.0750 Epoch: 011 Iter:  200/ 600 LR: 0.0000565424 Loss content:  0.0176 Loss fft:  0.8561 Loss dta_rank:  0.7346 Loss dta_tv:  0.0272 Loss dta_proxy:  0.4072 Loss dta_trans:  0.0061 Loss dta_phys:  0.0059 Loss dta_preserve:  0.0049
Time:  0.0748 Epoch: 011 Iter:  250/ 600 LR: 0.0000565424 Loss content:  0.0171 Loss fft:  0.8347 Loss dta_rank:  0.7471 Loss dta_tv:  0.0270 Loss dta_proxy:  0.4453 Loss dta_trans:  0.0053 Loss dta_phys:  0.0059 Loss dta_preserve:  0.0047
Time:  0.0762 Epoch: 011 Iter:  300/ 600 LR: 0.0000565424 Loss content:  0.0173 Loss fft:  0.7966 Loss dta_rank:  0.7418 Loss dta_tv:  0.0268 Loss dta_proxy:  0.4393 Loss dta_trans:  0.0055 Loss dta_phys:  0.0069 Loss dta_preserve:  0.0049
Time:  0.0810 Epoch: 011 Iter:  350/ 600 LR: 0.0000565424 Loss content:  0.0176 Loss fft:  0.8374 Loss dta_rank:  0.7368 Loss dta_tv:  0.0269 Loss dta_proxy:  0.4350 Loss dta_trans:  0.0060 Loss dta_phys:  0.0066 Loss dta_preserve:  0.0057
Time:  0.0783 Epoch: 011 Iter:  400/ 600 LR: 0.0000565424 Loss content:  0.0169 Loss fft:  0.8114 Loss dta_rank:  0.7426 Loss dta_tv:  0.0270 Loss dta_proxy:  0.4308 Loss dta_trans:  0.0056 Loss dta_phys:  0.0063 Loss dta_preserve:  0.0056
Time:  0.0774 Epoch: 011 Iter:  450/ 600 LR: 0.0000565424 Loss content:  0.0172 Loss fft:  0.8246 Loss dta_rank:  0.7399 Loss dta_tv:  0.0271 Loss dta_proxy:  0.4249 Loss dta_trans:  0.0069 Loss dta_phys:  0.0074 Loss dta_preserve:  0.0043
Time:  0.0742 Epoch: 011 Iter:  500/ 600 LR: 0.0000565424 Loss content:  0.0176 Loss fft:  0.8011 Loss dta_rank:  0.7423 Loss dta_tv:  0.0261 Loss dta_proxy:  0.4295 Loss dta_trans:  0.0057 Loss dta_phys:  0.0072 Loss dta_preserve:  0.0054
Time:  0.0760 Epoch: 011 Iter:  550/ 600 LR: 0.0000565424 Loss content:  0.0175 Loss fft:  0.8291 Loss dta_rank:  0.7436 Loss dta_tv:  0.0276 Loss dta_proxy:  0.4189 Loss dta_trans:  0.0063 Loss dta_phys:  0.0067 Loss dta_preserve:  0.0041
Time:  0.0792 Epoch: 011 Iter:  600/ 600 LR: 0.0000565424 Loss content:  0.0167 Loss fft:  0.7965 Loss dta_rank:  0.7415 Loss dta_tv:  0.0272 Loss dta_proxy:  0.4261 Loss dta_trans:  0.0051 Loss dta_phys:  0.0068 Loss dta_preserve:  0.0052
EPOCH: 11
Elapsed time: 0.94 Epoch Pixel Loss:  0.0172 Epoch FFT Loss:  0.8171 Epoch DTA Rank:  0.7411 Epoch DTA TV:  0.0269 Epoch DTA Proxy:  0.4305 Epoch DTA Trans:  0.0060 Epoch DTA Phys:  0.0067 Epoch DTA Preserve:  0.0050
DTA_GATE_RAMP epoch=12 gate_limit=0.060000
Time:  0.0821 Epoch: 012 Iter:   50/ 600 LR: 0.0000473670 Loss content:  0.0174 Loss fft:  0.8619 Loss dta_rank:  0.7441 Loss dta_tv:  0.0272 Loss dta_proxy:  0.4509 Loss dta_trans:  0.0048 Loss dta_phys:  0.0066 Loss dta_preserve:  0.0052
Time:  0.0793 Epoch: 012 Iter:  100/ 600 LR: 0.0000473670 Loss content:  0.0164 Loss fft:  0.7688 Loss dta_rank:  0.7389 Loss dta_tv:  0.0272 Loss dta_proxy:  0.4135 Loss dta_trans:  0.0066 Loss dta_phys:  0.0070 Loss dta_preserve:  0.0054
Time:  0.0761 Epoch: 012 Iter:  150/ 600 LR: 0.0000473670 Loss content:  0.0170 Loss fft:  0.8319 Loss dta_rank:  0.7402 Loss dta_tv:  0.0267 Loss dta_proxy:  0.4477 Loss dta_trans:  0.0055 Loss dta_phys:  0.0069 Loss dta_preserve:  0.0053
Time:  0.0790 Epoch: 012 Iter:  200/ 600 LR: 0.0000473670 Loss content:  0.0167 Loss fft:  0.7978 Loss dta_rank:  0.7414 Loss dta_tv:  0.0272 Loss dta_proxy:  0.4208 Loss dta_trans:  0.0056 Loss dta_phys:  0.0065 Loss dta_preserve:  0.0046
Time:  0.0711 Epoch: 012 Iter:  250/ 600 LR: 0.0000473670 Loss content:  0.0164 Loss fft:  0.7863 Loss dta_rank:  0.7429 Loss dta_tv:  0.0273 Loss dta_proxy:  0.4290 Loss dta_trans:  0.0073 Loss dta_phys:  0.0077 Loss dta_preserve:  0.0046
Time:  0.0742 Epoch: 012 Iter:  300/ 600 LR: 0.0000473670 Loss content:  0.0174 Loss fft:  0.8183 Loss dta_rank:  0.7469 Loss dta_tv:  0.0260 Loss dta_proxy:  0.4331 Loss dta_trans:  0.0062 Loss dta_phys:  0.0061 Loss dta_preserve:  0.0052
Time:  0.0769 Epoch: 012 Iter:  350/ 600 LR: 0.0000473670 Loss content:  0.0166 Loss fft:  0.8065 Loss dta_rank:  0.7367 Loss dta_tv:  0.0277 Loss dta_proxy:  0.4306 Loss dta_trans:  0.0076 Loss dta_phys:  0.0081 Loss dta_preserve:  0.0057
Time:  0.0749 Epoch: 012 Iter:  400/ 600 LR: 0.0000473670 Loss content:  0.0171 Loss fft:  0.8517 Loss dta_rank:  0.7372 Loss dta_tv:  0.0268 Loss dta_proxy:  0.4214 Loss dta_trans:  0.0057 Loss dta_phys:  0.0065 Loss dta_preserve:  0.0056
Time:  0.0791 Epoch: 012 Iter:  450/ 600 LR: 0.0000473670 Loss content:  0.0179 Loss fft:  0.8596 Loss dta_rank:  0.7384 Loss dta_tv:  0.0261 Loss dta_proxy:  0.4553 Loss dta_trans:  0.0052 Loss dta_phys:  0.0067 Loss dta_preserve:  0.0043
Time:  0.0822 Epoch: 012 Iter:  500/ 600 LR: 0.0000473670 Loss content:  0.0169 Loss fft:  0.7993 Loss dta_rank:  0.7382 Loss dta_tv:  0.0263 Loss dta_proxy:  0.4391 Loss dta_trans:  0.0057 Loss dta_phys:  0.0064 Loss dta_preserve:  0.0068
Time:  0.0725 Epoch: 012 Iter:  550/ 600 LR: 0.0000473670 Loss content:  0.0169 Loss fft:  0.8232 Loss dta_rank:  0.7426 Loss dta_tv:  0.0271 Loss dta_proxy:  0.4251 Loss dta_trans:  0.0055 Loss dta_phys:  0.0062 Loss dta_preserve:  0.0057
Time:  0.0752 Epoch: 012 Iter:  600/ 600 LR: 0.0000473670 Loss content:  0.0182 Loss fft:  0.8610 Loss dta_rank:  0.7466 Loss dta_tv:  0.0261 Loss dta_proxy:  0.4457 Loss dta_trans:  0.0056 Loss dta_phys:  0.0069 Loss dta_preserve:  0.0071
EPOCH: 12
Elapsed time: 0.93 Epoch Pixel Loss:  0.0171 Epoch FFT Loss:  0.8222 Epoch DTA Rank:  0.7412 Epoch DTA TV:  0.0268 Epoch DTA Proxy:  0.4344 Epoch DTA Trans:  0.0059 Epoch DTA Phys:  0.0068 Epoch DTA Preserve:  0.0054
DTA_GATE_RAMP epoch=13 gate_limit=0.060000
Time:  0.0813 Epoch: 013 Iter:   50/ 600 LR: 0.0000383414 Loss content:  0.0163 Loss fft:  0.8084 Loss dta_rank:  0.7318 Loss dta_tv:  0.0264 Loss dta_proxy:  0.4246 Loss dta_trans:  0.0053 Loss dta_phys:  0.0070 Loss dta_preserve:  0.0051
Time:  0.0759 Epoch: 013 Iter:  100/ 600 LR: 0.0000383414 Loss content:  0.0167 Loss fft:  0.8030 Loss dta_rank:  0.7403 Loss dta_tv:  0.0271 Loss dta_proxy:  0.4254 Loss dta_trans:  0.0055 Loss dta_phys:  0.0065 Loss dta_preserve:  0.0053
Time:  0.0785 Epoch: 013 Iter:  150/ 600 LR: 0.0000383414 Loss content:  0.0174 Loss fft:  0.8322 Loss dta_rank:  0.7413 Loss dta_tv:  0.0262 Loss dta_proxy:  0.4357 Loss dta_trans:  0.0050 Loss dta_phys:  0.0066 Loss dta_preserve:  0.0048
Time:  0.0652 Epoch: 013 Iter:  200/ 600 LR: 0.0000383414 Loss content:  0.0168 Loss fft:  0.8190 Loss dta_rank:  0.7427 Loss dta_tv:  0.0273 Loss dta_proxy:  0.4323 Loss dta_trans:  0.0066 Loss dta_phys:  0.0065 Loss dta_preserve:  0.0045
Time:  0.0760 Epoch: 013 Iter:  250/ 600 LR: 0.0000383414 Loss content:  0.0165 Loss fft:  0.8070 Loss dta_rank:  0.7441 Loss dta_tv:  0.0263 Loss dta_proxy:  0.4493 Loss dta_trans:  0.0049 Loss dta_phys:  0.0067 Loss dta_preserve:  0.0043
Time:  0.0788 Epoch: 013 Iter:  300/ 600 LR: 0.0000383414 Loss content:  0.0172 Loss fft:  0.8375 Loss dta_rank:  0.7507 Loss dta_tv:  0.0268 Loss dta_proxy:  0.4361 Loss dta_trans:  0.0055 Loss dta_phys:  0.0067 Loss dta_preserve:  0.0046
Time:  0.0772 Epoch: 013 Iter:  350/ 600 LR: 0.0000383414 Loss content:  0.0172 Loss fft:  0.8384 Loss dta_rank:  0.7352 Loss dta_tv:  0.0275 Loss dta_proxy:  0.4114 Loss dta_trans:  0.0051 Loss dta_phys:  0.0058 Loss dta_preserve:  0.0054
Time:  0.0773 Epoch: 013 Iter:  400/ 600 LR: 0.0000383414 Loss content:  0.0177 Loss fft:  0.8343 Loss dta_rank:  0.7326 Loss dta_tv:  0.0266 Loss dta_proxy:  0.4344 Loss dta_trans:  0.0062 Loss dta_phys:  0.0071 Loss dta_preserve:  0.0048
Time:  0.0790 Epoch: 013 Iter:  450/ 600 LR: 0.0000383414 Loss content:  0.0176 Loss fft:  0.8084 Loss dta_rank:  0.7378 Loss dta_tv:  0.0267 Loss dta_proxy:  0.4214 Loss dta_trans:  0.0056 Loss dta_phys:  0.0063 Loss dta_preserve:  0.0058
Time:  0.0765 Epoch: 013 Iter:  500/ 600 LR: 0.0000383414 Loss content:  0.0172 Loss fft:  0.8116 Loss dta_rank:  0.7418 Loss dta_tv:  0.0268 Loss dta_proxy:  0.4205 Loss dta_trans:  0.0067 Loss dta_phys:  0.0070 Loss dta_preserve:  0.0057
Time:  0.0778 Epoch: 013 Iter:  550/ 600 LR: 0.0000383414 Loss content:  0.0172 Loss fft:  0.8144 Loss dta_rank:  0.7452 Loss dta_tv:  0.0270 Loss dta_proxy:  0.4311 Loss dta_trans:  0.0065 Loss dta_phys:  0.0068 Loss dta_preserve:  0.0055
Time:  0.0787 Epoch: 013 Iter:  600/ 600 LR: 0.0000383414 Loss content:  0.0170 Loss fft:  0.8399 Loss dta_rank:  0.7418 Loss dta_tv:  0.0270 Loss dta_proxy:  0.4434 Loss dta_trans:  0.0059 Loss dta_phys:  0.0070 Loss dta_preserve:  0.0044
EPOCH: 13
Elapsed time: 0.93 Epoch Pixel Loss:  0.0171 Epoch FFT Loss:  0.8212 Epoch DTA Rank:  0.7404 Epoch DTA TV:  0.0268 Epoch DTA Proxy:  0.4305 Epoch DTA Trans:  0.0057 Epoch DTA Phys:  0.0067 Epoch DTA Preserve:  0.0050
DTA_GATE_RAMP epoch=14 gate_limit=0.060000
Time:  0.0863 Epoch: 014 Iter:   50/ 600 LR: 0.0000297690 Loss content:  0.0170 Loss fft:  0.8107 Loss dta_rank:  0.7440 Loss dta_tv:  0.0269 Loss dta_proxy:  0.4210 Loss dta_trans:  0.0060 Loss dta_phys:  0.0062 Loss dta_preserve:  0.0042
Time:  0.0782 Epoch: 014 Iter:  100/ 600 LR: 0.0000297690 Loss content:  0.0163 Loss fft:  0.8081 Loss dta_rank:  0.7426 Loss dta_tv:  0.0273 Loss dta_proxy:  0.4163 Loss dta_trans:  0.0053 Loss dta_phys:  0.0061 Loss dta_preserve:  0.0053
Time:  0.0785 Epoch: 014 Iter:  150/ 600 LR: 0.0000297690 Loss content:  0.0175 Loss fft:  0.8065 Loss dta_rank:  0.7408 Loss dta_tv:  0.0265 Loss dta_proxy:  0.4400 Loss dta_trans:  0.0054 Loss dta_phys:  0.0064 Loss dta_preserve:  0.0058
Time:  0.0789 Epoch: 014 Iter:  200/ 600 LR: 0.0000297690 Loss content:  0.0172 Loss fft:  0.8117 Loss dta_rank:  0.7371 Loss dta_tv:  0.0267 Loss dta_proxy:  0.4186 Loss dta_trans:  0.0055 Loss dta_phys:  0.0072 Loss dta_preserve:  0.0073
Time:  0.0774 Epoch: 014 Iter:  250/ 600 LR: 0.0000297690 Loss content:  0.0179 Loss fft:  0.8344 Loss dta_rank:  0.7363 Loss dta_tv:  0.0261 Loss dta_proxy:  0.4418 Loss dta_trans:  0.0056 Loss dta_phys:  0.0070 Loss dta_preserve:  0.0051
Time:  0.0779 Epoch: 014 Iter:  300/ 600 LR: 0.0000297690 Loss content:  0.0171 Loss fft:  0.8286 Loss dta_rank:  0.7316 Loss dta_tv:  0.0260 Loss dta_proxy:  0.4474 Loss dta_trans:  0.0071 Loss dta_phys:  0.0074 Loss dta_preserve:  0.0039
Time:  0.0794 Epoch: 014 Iter:  350/ 600 LR: 0.0000297690 Loss content:  0.0178 Loss fft:  0.8273 Loss dta_rank:  0.7334 Loss dta_tv:  0.0264 Loss dta_proxy:  0.4365 Loss dta_trans:  0.0060 Loss dta_phys:  0.0073 Loss dta_preserve:  0.0047
Time:  0.0753 Epoch: 014 Iter:  400/ 600 LR: 0.0000297690 Loss content:  0.0174 Loss fft:  0.8298 Loss dta_rank:  0.7470 Loss dta_tv:  0.0267 Loss dta_proxy:  0.4272 Loss dta_trans:  0.0053 Loss dta_phys:  0.0071 Loss dta_preserve:  0.0055
Time:  0.0741 Epoch: 014 Iter:  450/ 600 LR: 0.0000297690 Loss content:  0.0173 Loss fft:  0.8119 Loss dta_rank:  0.7393 Loss dta_tv:  0.0270 Loss dta_proxy:  0.4391 Loss dta_trans:  0.0061 Loss dta_phys:  0.0071 Loss dta_preserve:  0.0057
Time:  0.0779 Epoch: 014 Iter:  500/ 600 LR: 0.0000297690 Loss content:  0.0169 Loss fft:  0.8182 Loss dta_rank:  0.7411 Loss dta_tv:  0.0264 Loss dta_proxy:  0.4203 Loss dta_trans:  0.0052 Loss dta_phys:  0.0065 Loss dta_preserve:  0.0064
Time:  0.0748 Epoch: 014 Iter:  550/ 600 LR: 0.0000297690 Loss content:  0.0166 Loss fft:  0.8267 Loss dta_rank:  0.7397 Loss dta_tv:  0.0266 Loss dta_proxy:  0.4313 Loss dta_trans:  0.0064 Loss dta_phys:  0.0064 Loss dta_preserve:  0.0048
Time:  0.0760 Epoch: 014 Iter:  600/ 600 LR: 0.0000297690 Loss content:  0.0172 Loss fft:  0.8305 Loss dta_rank:  0.7430 Loss dta_tv:  0.0270 Loss dta_proxy:  0.4344 Loss dta_trans:  0.0049 Loss dta_phys:  0.0064 Loss dta_preserve:  0.0054
EPOCH: 14
Elapsed time: 0.94 Epoch Pixel Loss:  0.0172 Epoch FFT Loss:  0.8204 Epoch DTA Rank:  0.7397 Epoch DTA TV:  0.0266 Epoch DTA Proxy:  0.4312 Epoch DTA Trans:  0.0057 Epoch DTA Phys:  0.0068 Epoch DTA Preserve:  0.0053
DTA_GATE_RAMP epoch=15 gate_limit=0.060000
Time:  0.0811 Epoch: 015 Iter:   50/ 600 LR: 0.0000219361 Loss content:  0.0176 Loss fft:  0.8361 Loss dta_rank:  0.7408 Loss dta_tv:  0.0257 Loss dta_proxy:  0.4604 Loss dta_trans:  0.0049 Loss dta_phys:  0.0059 Loss dta_preserve:  0.0072
Time:  0.0751 Epoch: 015 Iter:  100/ 600 LR: 0.0000219361 Loss content:  0.0170 Loss fft:  0.7973 Loss dta_rank:  0.7408 Loss dta_tv:  0.0268 Loss dta_proxy:  0.4313 Loss dta_trans:  0.0053 Loss dta_phys:  0.0068 Loss dta_preserve:  0.0061
Time:  0.0704 Epoch: 015 Iter:  150/ 600 LR: 0.0000219361 Loss content:  0.0167 Loss fft:  0.8067 Loss dta_rank:  0.7481 Loss dta_tv:  0.0271 Loss dta_proxy:  0.4233 Loss dta_trans:  0.0059 Loss dta_phys:  0.0064 Loss dta_preserve:  0.0045
Time:  0.0789 Epoch: 015 Iter:  200/ 600 LR: 0.0000219361 Loss content:  0.0172 Loss fft:  0.8592 Loss dta_rank:  0.7369 Loss dta_tv:  0.0266 Loss dta_proxy:  0.4390 Loss dta_trans:  0.0059 Loss dta_phys:  0.0067 Loss dta_preserve:  0.0042
Time:  0.0804 Epoch: 015 Iter:  250/ 600 LR: 0.0000219361 Loss content:  0.0164 Loss fft:  0.8027 Loss dta_rank:  0.7380 Loss dta_tv:  0.0265 Loss dta_proxy:  0.4248 Loss dta_trans:  0.0065 Loss dta_phys:  0.0071 Loss dta_preserve:  0.0048
Time:  0.0753 Epoch: 015 Iter:  300/ 600 LR: 0.0000219361 Loss content:  0.0160 Loss fft:  0.7763 Loss dta_rank:  0.7399 Loss dta_tv:  0.0258 Loss dta_proxy:  0.4368 Loss dta_trans:  0.0052 Loss dta_phys:  0.0071 Loss dta_preserve:  0.0048
Time:  0.0736 Epoch: 015 Iter:  350/ 600 LR: 0.0000219361 Loss content:  0.0176 Loss fft:  0.8390 Loss dta_rank:  0.7431 Loss dta_tv:  0.0268 Loss dta_proxy:  0.4413 Loss dta_trans:  0.0058 Loss dta_phys:  0.0079 Loss dta_preserve:  0.0055
Time:  0.0765 Epoch: 015 Iter:  400/ 600 LR: 0.0000219361 Loss content:  0.0176 Loss fft:  0.8297 Loss dta_rank:  0.7426 Loss dta_tv:  0.0257 Loss dta_proxy:  0.4441 Loss dta_trans:  0.0056 Loss dta_phys:  0.0062 Loss dta_preserve:  0.0062
Time:  0.0776 Epoch: 015 Iter:  450/ 600 LR: 0.0000219361 Loss content:  0.0174 Loss fft:  0.8324 Loss dta_rank:  0.7375 Loss dta_tv:  0.0269 Loss dta_proxy:  0.4264 Loss dta_trans:  0.0059 Loss dta_phys:  0.0069 Loss dta_preserve:  0.0060
Time:  0.0765 Epoch: 015 Iter:  500/ 600 LR: 0.0000219361 Loss content:  0.0175 Loss fft:  0.8380 Loss dta_rank:  0.7384 Loss dta_tv:  0.0270 Loss dta_proxy:  0.4155 Loss dta_trans:  0.0059 Loss dta_phys:  0.0061 Loss dta_preserve:  0.0044
Time:  0.0809 Epoch: 015 Iter:  550/ 600 LR: 0.0000219361 Loss content:  0.0170 Loss fft:  0.8043 Loss dta_rank:  0.7374 Loss dta_tv:  0.0269 Loss dta_proxy:  0.4213 Loss dta_trans:  0.0056 Loss dta_phys:  0.0064 Loss dta_preserve:  0.0046
Time:  0.0800 Epoch: 015 Iter:  600/ 600 LR: 0.0000219361 Loss content:  0.0167 Loss fft:  0.7937 Loss dta_rank:  0.7414 Loss dta_tv:  0.0266 Loss dta_proxy:  0.4382 Loss dta_trans:  0.0063 Loss dta_phys:  0.0074 Loss dta_preserve:  0.0044
EPOCH: 15
Elapsed time: 0.93 Epoch Pixel Loss:  0.0171 Epoch FFT Loss:  0.8180 Epoch DTA Rank:  0.7404 Epoch DTA TV:  0.0265 Epoch DTA Proxy:  0.4335 Epoch DTA Trans:  0.0057 Epoch DTA Phys:  0.0068 Epoch DTA Preserve:  0.0052
DTA_GATE_RAMP epoch=16 gate_limit=0.060000
Time:  0.0838 Epoch: 016 Iter:   50/ 600 LR: 0.0000151017 Loss content:  0.0168 Loss fft:  0.8137 Loss dta_rank:  0.7530 Loss dta_tv:  0.0251 Loss dta_proxy:  0.4652 Loss dta_trans:  0.0046 Loss dta_phys:  0.0073 Loss dta_preserve:  0.0051
Time:  0.0779 Epoch: 016 Iter:  100/ 600 LR: 0.0000151017 Loss content:  0.0175 Loss fft:  0.8512 Loss dta_rank:  0.7448 Loss dta_tv:  0.0257 Loss dta_proxy:  0.4534 Loss dta_trans:  0.0046 Loss dta_phys:  0.0066 Loss dta_preserve:  0.0059
Time:  0.0778 Epoch: 016 Iter:  150/ 600 LR: 0.0000151017 Loss content:  0.0180 Loss fft:  0.8370 Loss dta_rank:  0.7478 Loss dta_tv:  0.0269 Loss dta_proxy:  0.4178 Loss dta_trans:  0.0054 Loss dta_phys:  0.0058 Loss dta_preserve:  0.0051
Time:  0.0794 Epoch: 016 Iter:  200/ 600 LR: 0.0000151017 Loss content:  0.0172 Loss fft:  0.8134 Loss dta_rank:  0.7371 Loss dta_tv:  0.0266 Loss dta_proxy:  0.4187 Loss dta_trans:  0.0057 Loss dta_phys:  0.0060 Loss dta_preserve:  0.0059
Time:  0.0756 Epoch: 016 Iter:  250/ 600 LR: 0.0000151017 Loss content:  0.0172 Loss fft:  0.8082 Loss dta_rank:  0.7406 Loss dta_tv:  0.0272 Loss dta_proxy:  0.4138 Loss dta_trans:  0.0061 Loss dta_phys:  0.0067 Loss dta_preserve:  0.0048
Time:  0.0778 Epoch: 016 Iter:  300/ 600 LR: 0.0000151017 Loss content:  0.0180 Loss fft:  0.8406 Loss dta_rank:  0.7358 Loss dta_tv:  0.0270 Loss dta_proxy:  0.4238 Loss dta_trans:  0.0073 Loss dta_phys:  0.0071 Loss dta_preserve:  0.0072
Time:  0.0746 Epoch: 016 Iter:  350/ 600 LR: 0.0000151017 Loss content:  0.0169 Loss fft:  0.8121 Loss dta_rank:  0.7321 Loss dta_tv:  0.0266 Loss dta_proxy:  0.4377 Loss dta_trans:  0.0058 Loss dta_phys:  0.0068 Loss dta_preserve:  0.0061
Time:  0.0766 Epoch: 016 Iter:  400/ 600 LR: 0.0000151017 Loss content:  0.0166 Loss fft:  0.7898 Loss dta_rank:  0.7432 Loss dta_tv:  0.0267 Loss dta_proxy:  0.4357 Loss dta_trans:  0.0049 Loss dta_phys:  0.0066 Loss dta_preserve:  0.0051
Time:  0.0690 Epoch: 016 Iter:  450/ 600 LR: 0.0000151017 Loss content:  0.0171 Loss fft:  0.8319 Loss dta_rank:  0.7417 Loss dta_tv:  0.0264 Loss dta_proxy:  0.4378 Loss dta_trans:  0.0051 Loss dta_phys:  0.0075 Loss dta_preserve:  0.0060
Time:  0.0661 Epoch: 016 Iter:  500/ 600 LR: 0.0000151017 Loss content:  0.0175 Loss fft:  0.8267 Loss dta_rank:  0.7439 Loss dta_tv:  0.0259 Loss dta_proxy:  0.4482 Loss dta_trans:  0.0059 Loss dta_phys:  0.0070 Loss dta_preserve:  0.0045
Time:  0.0753 Epoch: 016 Iter:  550/ 600 LR: 0.0000151017 Loss content:  0.0175 Loss fft:  0.8257 Loss dta_rank:  0.7364 Loss dta_tv:  0.0261 Loss dta_proxy:  0.4315 Loss dta_trans:  0.0061 Loss dta_phys:  0.0073 Loss dta_preserve:  0.0061
Time:  0.0760 Epoch: 016 Iter:  600/ 600 LR: 0.0000151017 Loss content:  0.0166 Loss fft:  0.8081 Loss dta_rank:  0.7394 Loss dta_tv:  0.0270 Loss dta_proxy:  0.4204 Loss dta_trans:  0.0055 Loss dta_phys:  0.0065 Loss dta_preserve:  0.0053
EPOCH: 16
Elapsed time: 0.91 Epoch Pixel Loss:  0.0172 Epoch FFT Loss:  0.8215 Epoch DTA Rank:  0.7413 Epoch DTA TV:  0.0264 Epoch DTA Proxy:  0.4337 Epoch DTA Trans:  0.0056 Epoch DTA Phys:  0.0068 Epoch DTA Preserve:  0.0056
DTA_GATE_RAMP epoch=17 gate_limit=0.060000
Time:  0.0774 Epoch: 017 Iter:   50/ 600 LR: 0.0000094853 Loss content:  0.0169 Loss fft:  0.7893 Loss dta_rank:  0.7421 Loss dta_tv:  0.0263 Loss dta_proxy:  0.4266 Loss dta_trans:  0.0058 Loss dta_phys:  0.0069 Loss dta_preserve:  0.0056
Time:  0.0771 Epoch: 017 Iter:  100/ 600 LR: 0.0000094853 Loss content:  0.0172 Loss fft:  0.8380 Loss dta_rank:  0.7355 Loss dta_tv:  0.0264 Loss dta_proxy:  0.4160 Loss dta_trans:  0.0050 Loss dta_phys:  0.0068 Loss dta_preserve:  0.0067
Time:  0.0750 Epoch: 017 Iter:  150/ 600 LR: 0.0000094853 Loss content:  0.0175 Loss fft:  0.8389 Loss dta_rank:  0.7335 Loss dta_tv:  0.0259 Loss dta_proxy:  0.4365 Loss dta_trans:  0.0065 Loss dta_phys:  0.0063 Loss dta_preserve:  0.0055
Time:  0.0741 Epoch: 017 Iter:  200/ 600 LR: 0.0000094853 Loss content:  0.0177 Loss fft:  0.8317 Loss dta_rank:  0.7403 Loss dta_tv:  0.0267 Loss dta_proxy:  0.4305 Loss dta_trans:  0.0057 Loss dta_phys:  0.0073 Loss dta_preserve:  0.0050
Time:  0.0758 Epoch: 017 Iter:  250/ 600 LR: 0.0000094853 Loss content:  0.0172 Loss fft:  0.8439 Loss dta_rank:  0.7356 Loss dta_tv:  0.0271 Loss dta_proxy:  0.4164 Loss dta_trans:  0.0054 Loss dta_phys:  0.0066 Loss dta_preserve:  0.0061
Time:  0.0808 Epoch: 017 Iter:  300/ 600 LR: 0.0000094853 Loss content:  0.0174 Loss fft:  0.8325 Loss dta_rank:  0.7518 Loss dta_tv:  0.0264 Loss dta_proxy:  0.4451 Loss dta_trans:  0.0051 Loss dta_phys:  0.0063 Loss dta_preserve:  0.0046
Time:  0.0768 Epoch: 017 Iter:  350/ 600 LR: 0.0000094853 Loss content:  0.0175 Loss fft:  0.8144 Loss dta_rank:  0.7479 Loss dta_tv:  0.0262 Loss dta_proxy:  0.4405 Loss dta_trans:  0.0059 Loss dta_phys:  0.0067 Loss dta_preserve:  0.0045
Time:  0.0772 Epoch: 017 Iter:  400/ 600 LR: 0.0000094853 Loss content:  0.0178 Loss fft:  0.7991 Loss dta_rank:  0.7373 Loss dta_tv:  0.0263 Loss dta_proxy:  0.4360 Loss dta_trans:  0.0059 Loss dta_phys:  0.0071 Loss dta_preserve:  0.0044
Time:  0.0813 Epoch: 017 Iter:  450/ 600 LR: 0.0000094853 Loss content:  0.0172 Loss fft:  0.8291 Loss dta_rank:  0.7350 Loss dta_tv:  0.0268 Loss dta_proxy:  0.4186 Loss dta_trans:  0.0064 Loss dta_phys:  0.0065 Loss dta_preserve:  0.0060
Time:  0.0776 Epoch: 017 Iter:  500/ 600 LR: 0.0000094853 Loss content:  0.0172 Loss fft:  0.8216 Loss dta_rank:  0.7359 Loss dta_tv:  0.0263 Loss dta_proxy:  0.4365 Loss dta_trans:  0.0055 Loss dta_phys:  0.0071 Loss dta_preserve:  0.0049
Time:  0.0757 Epoch: 017 Iter:  550/ 600 LR: 0.0000094853 Loss content:  0.0168 Loss fft:  0.8107 Loss dta_rank:  0.7518 Loss dta_tv:  0.0270 Loss dta_proxy:  0.4258 Loss dta_trans:  0.0061 Loss dta_phys:  0.0073 Loss dta_preserve:  0.0046
Time:  0.0704 Epoch: 017 Iter:  600/ 600 LR: 0.0000094853 Loss content:  0.0175 Loss fft:  0.8188 Loss dta_rank:  0.7419 Loss dta_tv:  0.0261 Loss dta_proxy:  0.4264 Loss dta_trans:  0.0056 Loss dta_phys:  0.0065 Loss dta_preserve:  0.0054
EPOCH: 17
Elapsed time: 0.92 Epoch Pixel Loss:  0.0173 Epoch FFT Loss:  0.8223 Epoch DTA Rank:  0.7407 Epoch DTA TV:  0.0265 Epoch DTA Proxy:  0.4296 Epoch DTA Trans:  0.0057 Epoch DTA Phys:  0.0068 Epoch DTA Preserve:  0.0053
DTA_GATE_RAMP epoch=18 gate_limit=0.060000
Time:  0.0785 Epoch: 018 Iter:   50/ 600 LR: 0.0000052550 Loss content:  0.0176 Loss fft:  0.8341 Loss dta_rank:  0.7373 Loss dta_tv:  0.0264 Loss dta_proxy:  0.4186 Loss dta_trans:  0.0071 Loss dta_phys:  0.0080 Loss dta_preserve:  0.0047
Time:  0.0717 Epoch: 018 Iter:  100/ 600 LR: 0.0000052550 Loss content:  0.0173 Loss fft:  0.8283 Loss dta_rank:  0.7397 Loss dta_tv:  0.0255 Loss dta_proxy:  0.4480 Loss dta_trans:  0.0057 Loss dta_phys:  0.0064 Loss dta_preserve:  0.0051
Time:  0.0759 Epoch: 018 Iter:  150/ 600 LR: 0.0000052550 Loss content:  0.0162 Loss fft:  0.7884 Loss dta_rank:  0.7422 Loss dta_tv:  0.0263 Loss dta_proxy:  0.4140 Loss dta_trans:  0.0061 Loss dta_phys:  0.0061 Loss dta_preserve:  0.0049
Time:  0.0819 Epoch: 018 Iter:  200/ 600 LR: 0.0000052550 Loss content:  0.0175 Loss fft:  0.8228 Loss dta_rank:  0.7360 Loss dta_tv:  0.0262 Loss dta_proxy:  0.4302 Loss dta_trans:  0.0055 Loss dta_phys:  0.0065 Loss dta_preserve:  0.0044
Time:  0.0770 Epoch: 018 Iter:  250/ 600 LR: 0.0000052550 Loss content:  0.0176 Loss fft:  0.8386 Loss dta_rank:  0.7459 Loss dta_tv:  0.0265 Loss dta_proxy:  0.4262 Loss dta_trans:  0.0057 Loss dta_phys:  0.0069 Loss dta_preserve:  0.0059
Time:  0.0786 Epoch: 018 Iter:  300/ 600 LR: 0.0000052550 Loss content:  0.0167 Loss fft:  0.7976 Loss dta_rank:  0.7387 Loss dta_tv:  0.0258 Loss dta_proxy:  0.4381 Loss dta_trans:  0.0060 Loss dta_phys:  0.0066 Loss dta_preserve:  0.0056
Time:  0.0671 Epoch: 018 Iter:  350/ 600 LR: 0.0000052550 Loss content:  0.0168 Loss fft:  0.7938 Loss dta_rank:  0.7363 Loss dta_tv:  0.0260 Loss dta_proxy:  0.4316 Loss dta_trans:  0.0055 Loss dta_phys:  0.0071 Loss dta_preserve:  0.0051
Time:  0.0730 Epoch: 018 Iter:  400/ 600 LR: 0.0000052550 Loss content:  0.0179 Loss fft:  0.8252 Loss dta_rank:  0.7367 Loss dta_tv:  0.0263 Loss dta_proxy:  0.4337 Loss dta_trans:  0.0058 Loss dta_phys:  0.0066 Loss dta_preserve:  0.0069
Time:  0.0741 Epoch: 018 Iter:  450/ 600 LR: 0.0000052550 Loss content:  0.0170 Loss fft:  0.8200 Loss dta_rank:  0.7424 Loss dta_tv:  0.0271 Loss dta_proxy:  0.4155 Loss dta_trans:  0.0051 Loss dta_phys:  0.0073 Loss dta_preserve:  0.0063
Time:  0.0764 Epoch: 018 Iter:  500/ 600 LR: 0.0000052550 Loss content:  0.0172 Loss fft:  0.8000 Loss dta_rank:  0.7439 Loss dta_tv:  0.0261 Loss dta_proxy:  0.4381 Loss dta_trans:  0.0055 Loss dta_phys:  0.0068 Loss dta_preserve:  0.0042
Time:  0.0733 Epoch: 018 Iter:  550/ 600 LR: 0.0000052550 Loss content:  0.0176 Loss fft:  0.8336 Loss dta_rank:  0.7415 Loss dta_tv:  0.0263 Loss dta_proxy:  0.4371 Loss dta_trans:  0.0049 Loss dta_phys:  0.0070 Loss dta_preserve:  0.0075
Time:  0.0766 Epoch: 018 Iter:  600/ 600 LR: 0.0000052550 Loss content:  0.0165 Loss fft:  0.8245 Loss dta_rank:  0.7385 Loss dta_tv:  0.0269 Loss dta_proxy:  0.4314 Loss dta_trans:  0.0053 Loss dta_phys:  0.0061 Loss dta_preserve:  0.0045
EPOCH: 18
Elapsed time: 0.91 Epoch Pixel Loss:  0.0171 Epoch FFT Loss:  0.8172 Epoch DTA Rank:  0.7399 Epoch DTA TV:  0.0263 Epoch DTA Proxy:  0.4302 Epoch DTA Trans:  0.0057 Epoch DTA Phys:  0.0068 Epoch DTA Preserve:  0.0054
DTA_GATE_RAMP epoch=19 gate_limit=0.060000
Time:  0.0846 Epoch: 019 Iter:   50/ 600 LR: 0.0000025070 Loss content:  0.0172 Loss fft:  0.8223 Loss dta_rank:  0.7414 Loss dta_tv:  0.0270 Loss dta_proxy:  0.4300 Loss dta_trans:  0.0059 Loss dta_phys:  0.0065 Loss dta_preserve:  0.0041
Time:  0.0758 Epoch: 019 Iter:  100/ 600 LR: 0.0000025070 Loss content:  0.0180 Loss fft:  0.8351 Loss dta_rank:  0.7365 Loss dta_tv:  0.0263 Loss dta_proxy:  0.4480 Loss dta_trans:  0.0056 Loss dta_phys:  0.0068 Loss dta_preserve:  0.0070
Time:  0.0783 Epoch: 019 Iter:  150/ 600 LR: 0.0000025070 Loss content:  0.0168 Loss fft:  0.8256 Loss dta_rank:  0.7424 Loss dta_tv:  0.0276 Loss dta_proxy:  0.4164 Loss dta_trans:  0.0071 Loss dta_phys:  0.0066 Loss dta_preserve:  0.0051
Time:  0.0802 Epoch: 019 Iter:  200/ 600 LR: 0.0000025070 Loss content:  0.0176 Loss fft:  0.8526 Loss dta_rank:  0.7424 Loss dta_tv:  0.0256 Loss dta_proxy:  0.4507 Loss dta_trans:  0.0049 Loss dta_phys:  0.0065 Loss dta_preserve:  0.0052
Time:  0.0774 Epoch: 019 Iter:  250/ 600 LR: 0.0000025070 Loss content:  0.0171 Loss fft:  0.8160 Loss dta_rank:  0.7417 Loss dta_tv:  0.0264 Loss dta_proxy:  0.4387 Loss dta_trans:  0.0060 Loss dta_phys:  0.0069 Loss dta_preserve:  0.0050
Time:  0.0738 Epoch: 019 Iter:  300/ 600 LR: 0.0000025070 Loss content:  0.0172 Loss fft:  0.8039 Loss dta_rank:  0.7381 Loss dta_tv:  0.0259 Loss dta_proxy:  0.4353 Loss dta_trans:  0.0046 Loss dta_phys:  0.0071 Loss dta_preserve:  0.0066
Time:  0.0780 Epoch: 019 Iter:  350/ 600 LR: 0.0000025070 Loss content:  0.0173 Loss fft:  0.7996 Loss dta_rank:  0.7356 Loss dta_tv:  0.0261 Loss dta_proxy:  0.4133 Loss dta_trans:  0.0055 Loss dta_phys:  0.0069 Loss dta_preserve:  0.0047
Time:  0.0777 Epoch: 019 Iter:  400/ 600 LR: 0.0000025070 Loss content:  0.0172 Loss fft:  0.8068 Loss dta_rank:  0.7403 Loss dta_tv:  0.0259 Loss dta_proxy:  0.4400 Loss dta_trans:  0.0054 Loss dta_phys:  0.0068 Loss dta_preserve:  0.0045
Time:  0.0751 Epoch: 019 Iter:  450/ 600 LR: 0.0000025070 Loss content:  0.0171 Loss fft:  0.8313 Loss dta_rank:  0.7443 Loss dta_tv:  0.0267 Loss dta_proxy:  0.4210 Loss dta_trans:  0.0057 Loss dta_phys:  0.0070 Loss dta_preserve:  0.0056
Time:  0.0737 Epoch: 019 Iter:  500/ 600 LR: 0.0000025070 Loss content:  0.0173 Loss fft:  0.8593 Loss dta_rank:  0.7484 Loss dta_tv:  0.0263 Loss dta_proxy:  0.4517 Loss dta_trans:  0.0050 Loss dta_phys:  0.0066 Loss dta_preserve:  0.0055
Time:  0.0790 Epoch: 019 Iter:  550/ 600 LR: 0.0000025070 Loss content:  0.0162 Loss fft:  0.7926 Loss dta_rank:  0.7426 Loss dta_tv:  0.0266 Loss dta_proxy:  0.4125 Loss dta_trans:  0.0057 Loss dta_phys:  0.0066 Loss dta_preserve:  0.0049
Time:  0.0756 Epoch: 019 Iter:  600/ 600 LR: 0.0000025070 Loss content:  0.0176 Loss fft:  0.8118 Loss dta_rank:  0.7326 Loss dta_tv:  0.0266 Loss dta_proxy:  0.4271 Loss dta_trans:  0.0069 Loss dta_phys:  0.0071 Loss dta_preserve:  0.0052
EPOCH: 19
Elapsed time: 0.93 Epoch Pixel Loss:  0.0172 Epoch FFT Loss:  0.8214 Epoch DTA Rank:  0.7405 Epoch DTA TV:  0.0264 Epoch DTA Proxy:  0.4321 Epoch DTA Trans:  0.0057 Epoch DTA Phys:  0.0068 Epoch DTA Preserve:  0.0053
DTA_GATE_RAMP epoch=20 gate_limit=0.060000
Time:  0.0835 Epoch: 020 Iter:   50/ 600 LR: 0.0000012125 Loss content:  0.0177 Loss fft:  0.8578 Loss dta_rank:  0.7334 Loss dta_tv:  0.0261 Loss dta_proxy:  0.4285 Loss dta_trans:  0.0055 Loss dta_phys:  0.0065 Loss dta_preserve:  0.0050
Time:  0.0721 Epoch: 020 Iter:  100/ 600 LR: 0.0000012125 Loss content:  0.0178 Loss fft:  0.8242 Loss dta_rank:  0.7417 Loss dta_tv:  0.0266 Loss dta_proxy:  0.4300 Loss dta_trans:  0.0059 Loss dta_phys:  0.0071 Loss dta_preserve:  0.0050
Time:  0.0770 Epoch: 020 Iter:  150/ 600 LR: 0.0000012125 Loss content:  0.0169 Loss fft:  0.8153 Loss dta_rank:  0.7388 Loss dta_tv:  0.0260 Loss dta_proxy:  0.4344 Loss dta_trans:  0.0057 Loss dta_phys:  0.0064 Loss dta_preserve:  0.0064
Time:  0.0712 Epoch: 020 Iter:  200/ 600 LR: 0.0000012125 Loss content:  0.0172 Loss fft:  0.8310 Loss dta_rank:  0.7401 Loss dta_tv:  0.0275 Loss dta_proxy:  0.4097 Loss dta_trans:  0.0058 Loss dta_phys:  0.0071 Loss dta_preserve:  0.0070
Time:  0.0738 Epoch: 020 Iter:  250/ 600 LR: 0.0000012125 Loss content:  0.0175 Loss fft:  0.8090 Loss dta_rank:  0.7438 Loss dta_tv:  0.0256 Loss dta_proxy:  0.4371 Loss dta_trans:  0.0047 Loss dta_phys:  0.0065 Loss dta_preserve:  0.0047
Time:  0.0719 Epoch: 020 Iter:  300/ 600 LR: 0.0000012125 Loss content:  0.0176 Loss fft:  0.8143 Loss dta_rank:  0.7342 Loss dta_tv:  0.0267 Loss dta_proxy:  0.4143 Loss dta_trans:  0.0060 Loss dta_phys:  0.0067 Loss dta_preserve:  0.0060
Time:  0.0894 Epoch: 020 Iter:  350/ 600 LR: 0.0000012125 Loss content:  0.0166 Loss fft:  0.7811 Loss dta_rank:  0.7362 Loss dta_tv:  0.0261 Loss dta_proxy:  0.4159 Loss dta_trans:  0.0066 Loss dta_phys:  0.0066 Loss dta_preserve:  0.0038
Time:  0.0870 Epoch: 020 Iter:  400/ 600 LR: 0.0000012125 Loss content:  0.0170 Loss fft:  0.8082 Loss dta_rank:  0.7423 Loss dta_tv:  0.0262 Loss dta_proxy:  0.4446 Loss dta_trans:  0.0055 Loss dta_phys:  0.0075 Loss dta_preserve:  0.0064
Time:  0.0887 Epoch: 020 Iter:  450/ 600 LR: 0.0000012125 Loss content:  0.0168 Loss fft:  0.7937 Loss dta_rank:  0.7445 Loss dta_tv:  0.0265 Loss dta_proxy:  0.4300 Loss dta_trans:  0.0055 Loss dta_phys:  0.0071 Loss dta_preserve:  0.0056
Time:  0.0946 Epoch: 020 Iter:  500/ 600 LR: 0.0000012125 Loss content:  0.0169 Loss fft:  0.8181 Loss dta_rank:  0.7420 Loss dta_tv:  0.0264 Loss dta_proxy:  0.4486 Loss dta_trans:  0.0054 Loss dta_phys:  0.0058 Loss dta_preserve:  0.0055
Time:  0.0915 Epoch: 020 Iter:  550/ 600 LR: 0.0000012125 Loss content:  0.0170 Loss fft:  0.8354 Loss dta_rank:  0.7439 Loss dta_tv:  0.0271 Loss dta_proxy:  0.4209 Loss dta_trans:  0.0066 Loss dta_phys:  0.0070 Loss dta_preserve:  0.0051
Time:  0.0944 Epoch: 020 Iter:  600/ 600 LR: 0.0000012125 Loss content:  0.0176 Loss fft:  0.8275 Loss dta_rank:  0.7412 Loss dta_tv:  0.0259 Loss dta_proxy:  0.4449 Loss dta_trans:  0.0058 Loss dta_phys:  0.0065 Loss dta_preserve:  0.0054
EPOCH: 20
Elapsed time: 1.00 Epoch Pixel Loss:  0.0172 Epoch FFT Loss:  0.8180 Epoch DTA Rank:  0.7402 Epoch DTA TV:  0.0264 Epoch DTA Proxy:  0.4299 Epoch DTA Trans:  0.0057 Epoch DTA Phys:  0.0067 Epoch DTA Preserve:  0.0055
