Namespace(model_name='ConvIR-Haze4K-DTA-v2-adapter_only-zero-seed3411-f1-oof20', data='Haze4K', version='base', fam_mode='original', arch='dta_v2', seed=3411, mode='train', data_dir='/sda/home/wangyuxin/ConvIR-B/datasets/Haze4K/Haze4K', batch_size=4, learning_rate=0.0001, weight_decay=0.0, num_epoch=20, stop_epoch=20, print_freq=50, num_worker=4, save_freq=5, valid_freq=9999, mod_stats_freq=5, mod_stats_batches=16, grad_clip_norm=0.001, dta_grad_clip_norm=0.05, dta_neighbor_grad_clip_norm=0.005, init_model='/sda/home/wangyuxin/ConvIR-B/checkpoints/official/Haze4K/haze4k-base.pkl', init_model_partial=True, partial_new_prefixes='DTA.', resume='', train_scope='adapter_only', dta_depth_cache_dir='/sda/home/wangyuxin/ConvIR-B/depth_cache/depth_anything_v2_small_hf', dta_train_depth_split='train', dta_eval_depth_split='train', valid_root_split='train', eval_root_split='test', dta_require_depth=True, dta_variant='v2', dta_depth_mode='zero', dta_prior_channels=32, dta_gate_bias=-6.0, dta_gate_limit=0.06, dta_gamma_limit=0.12, dta_beta_limit=0.06, dta_alpha_init=1.0, dta_confidence_floor=0.25, dta_confidence_local_scale=6.0, dta_output_residual_scale=0.03, dta_use_trans_gt=True, dta_trans_weight=0.02, dta_phys_weight=0.005, dta_preserve_weight=0.02, dta_preserve_trans_thresh=0.8, dta_gate_ramp_start=0.01, dta_gate_ramp_mid=0.03, dta_gate_ramp_end=0.06, dta_gate_ramp_warmup_epochs=2, dta_gate_ramp_mid_epochs=8, dta_rank_weight=0.001, dta_tv_weight=0.0001, dta_proxy_weight=0.0, dta_rank_pairs=512, dta_rank_min_depth_gap=0.03, split_json='/sda/home/wangyuxin/ConvIR-B/repos/ConvIR-B-dta-v2-calibrated/experience_docx/experiment_logs/haze4k_dta_v2_calibrated_20260611/dta_v2_haze4k_oof_splits_seed3407.json', split_name='fold1_train', test_model='', save_image=False, leaning_rate=0.0001, model_save_dir='results/ConvIR-Haze4K-DTA-v2-adapter_only-zero-seed3411-f1-oof20/Training-Results/', result_dir='results/ConvIR-Haze4K-DTA-v2-adapter_only-zero-seed3411-f1-oof20/images/Haze4K', init_model_sha256='6f42037d57a4e3de3a10ac0ab909d66a3415864a19433c29204a975f4efa4088')
/sda/home/wangyuxin/ConvIR-B/repos/ConvIR-B-dta-v2-calibrated/Dehazing/ITS/main.py:14: FutureWarning: You are using `torch.load` with `weights_only=False` (the current default value), which uses the default pickle module implicitly. It is possible to construct malicious pickle data which will execute arbitrary code during unpickling (See https://github.com/pytorch/pytorch/blob/main/SECURITY.md#untrusted-models for more details). In a future release, the default value for `weights_only` will be flipped to `True`. This limits the functions that could be executed during unpickling. Arbitrary objects will no longer be allowed to be loaded via this mode unless they are explicitly allowlisted by the user via `torch.serialization.add_safe_globals`. We recommend you start setting `weights_only=True` for any use case where you don't have full control of the loaded file. Please open an issue on GitHub for any issues related to this experimental feature.
  state = torch.load(path, map_location=map_location)
INIT_MODEL_PARTIAL_LOAD path=/sda/home/wangyuxin/ConvIR-B/checkpoints/official/Haze4K/haze4k-base.pkl loaded=602 missing_allowed=25 unexpected=[] allowed_new_prefixes=('DTA.',)
TRAIN_SCOPE scope=adapter_only arch=dta_v2 trainable=74699 total=8705364
/sda/home/wangyuxin/ConvIR-B/envs/convir-cu121/lib/python3.10/site-packages/torch/optim/lr_scheduler.py:224: UserWarning: Detected call of `lr_scheduler.step()` before `optimizer.step()`. In PyTorch 1.1.0 and later, you should call them in the opposite order: `optimizer.step()` before `lr_scheduler.step()`.  Failure to do this will result in PyTorch skipping the first value of the learning rate schedule. See more details at https://pytorch.org/docs/stable/optim.html#how-to-adjust-learning-rate
  warnings.warn(
DTA_GATE_RAMP epoch=1 gate_limit=0.010000
Time:  0.0987 Epoch: 001 Iter:   50/ 600 LR: 0.0000333333 Loss content:  0.0178 Loss fft:  0.8350 Loss dta_rank:  0.0000 Loss dta_tv:  0.0032 Loss dta_proxy:  0.5214 Loss dta_trans:  0.0418 Loss dta_phys:  0.0073 Loss dta_preserve:  0.0053
Time:  0.0858 Epoch: 001 Iter:  100/ 600 LR: 0.0000333333 Loss content:  0.0177 Loss fft:  0.8202 Loss dta_rank:  0.0000 Loss dta_tv:  0.0106 Loss dta_proxy:  0.5799 Loss dta_trans:  0.0337 Loss dta_phys:  0.0086 Loss dta_preserve:  0.0066
Time:  0.0865 Epoch: 001 Iter:  150/ 600 LR: 0.0000333333 Loss content:  0.0178 Loss fft:  0.8554 Loss dta_rank:  0.0000 Loss dta_tv:  0.0166 Loss dta_proxy:  0.6120 Loss dta_trans:  0.0311 Loss dta_phys:  0.0099 Loss dta_preserve:  0.0053
Time:  0.0820 Epoch: 001 Iter:  200/ 600 LR: 0.0000333333 Loss content:  0.0177 Loss fft:  0.8193 Loss dta_rank:  0.0000 Loss dta_tv:  0.0218 Loss dta_proxy:  0.6210 Loss dta_trans:  0.0228 Loss dta_phys:  0.0076 Loss dta_preserve:  0.0051
Time:  0.0717 Epoch: 001 Iter:  250/ 600 LR: 0.0000333333 Loss content:  0.0170 Loss fft:  0.8212 Loss dta_rank:  0.0000 Loss dta_tv:  0.0285 Loss dta_proxy:  0.6290 Loss dta_trans:  0.0171 Loss dta_phys:  0.0074 Loss dta_preserve:  0.0062
Time:  0.0680 Epoch: 001 Iter:  300/ 600 LR: 0.0000333333 Loss content:  0.0164 Loss fft:  0.8098 Loss dta_rank:  0.0000 Loss dta_tv:  0.0336 Loss dta_proxy:  0.6285 Loss dta_trans:  0.0148 Loss dta_phys:  0.0065 Loss dta_preserve:  0.0048
Time:  0.0699 Epoch: 001 Iter:  350/ 600 LR: 0.0000333333 Loss content:  0.0182 Loss fft:  0.8472 Loss dta_rank:  0.0000 Loss dta_tv:  0.0373 Loss dta_proxy:  0.6250 Loss dta_trans:  0.0125 Loss dta_phys:  0.0067 Loss dta_preserve:  0.0049
Time:  0.0708 Epoch: 001 Iter:  400/ 600 LR: 0.0000333333 Loss content:  0.0174 Loss fft:  0.8346 Loss dta_rank:  0.0000 Loss dta_tv:  0.0396 Loss dta_proxy:  0.6234 Loss dta_trans:  0.0120 Loss dta_phys:  0.0067 Loss dta_preserve:  0.0054
Time:  0.0743 Epoch: 001 Iter:  450/ 600 LR: 0.0000333333 Loss content:  0.0172 Loss fft:  0.8029 Loss dta_rank:  0.0000 Loss dta_tv:  0.0395 Loss dta_proxy:  0.6297 Loss dta_trans:  0.0112 Loss dta_phys:  0.0064 Loss dta_preserve:  0.0093
Time:  0.0730 Epoch: 001 Iter:  500/ 600 LR: 0.0000333333 Loss content:  0.0175 Loss fft:  0.8356 Loss dta_rank:  0.0000 Loss dta_tv:  0.0409 Loss dta_proxy:  0.6330 Loss dta_trans:  0.0115 Loss dta_phys:  0.0065 Loss dta_preserve:  0.0058
Time:  0.0707 Epoch: 001 Iter:  550/ 600 LR: 0.0000333333 Loss content:  0.0163 Loss fft:  0.8001 Loss dta_rank:  0.0000 Loss dta_tv:  0.0404 Loss dta_proxy:  0.6185 Loss dta_trans:  0.0098 Loss dta_phys:  0.0067 Loss dta_preserve:  0.0038
Time:  0.0665 Epoch: 001 Iter:  600/ 600 LR: 0.0000333333 Loss content:  0.0172 Loss fft:  0.7948 Loss dta_rank:  0.0000 Loss dta_tv:  0.0394 Loss dta_proxy:  0.6430 Loss dta_trans:  0.0109 Loss dta_phys:  0.0074 Loss dta_preserve:  0.0062
EPOCH: 01
Elapsed time: 0.92 Epoch Pixel Loss:  0.0174 Epoch FFT Loss:  0.8230 Epoch DTA Rank:  0.0000 Epoch DTA TV:  0.0293 Epoch DTA Proxy:  0.6137 Epoch DTA Trans:  0.0191 Epoch DTA Phys:  0.0073 Epoch DTA Preserve:  0.0057
DTA_GATE_RAMP epoch=2 gate_limit=0.010000
Time:  0.0800 Epoch: 002 Iter:   50/ 600 LR: 0.0000666667 Loss content:  0.0174 Loss fft:  0.8467 Loss dta_rank:  0.0000 Loss dta_tv:  0.0413 Loss dta_proxy:  0.6355 Loss dta_trans:  0.0099 Loss dta_phys:  0.0072 Loss dta_preserve:  0.0056
Time:  0.0721 Epoch: 002 Iter:  100/ 600 LR: 0.0000666667 Loss content:  0.0175 Loss fft:  0.8536 Loss dta_rank:  0.0000 Loss dta_tv:  0.0413 Loss dta_proxy:  0.6108 Loss dta_trans:  0.0099 Loss dta_phys:  0.0063 Loss dta_preserve:  0.0055
Time:  0.0741 Epoch: 002 Iter:  150/ 600 LR: 0.0000666667 Loss content:  0.0179 Loss fft:  0.8376 Loss dta_rank:  0.0000 Loss dta_tv:  0.0406 Loss dta_proxy:  0.6304 Loss dta_trans:  0.0093 Loss dta_phys:  0.0070 Loss dta_preserve:  0.0050
Time:  0.0757 Epoch: 002 Iter:  200/ 600 LR: 0.0000666667 Loss content:  0.0165 Loss fft:  0.8019 Loss dta_rank:  0.0000 Loss dta_tv:  0.0398 Loss dta_proxy:  0.6464 Loss dta_trans:  0.0085 Loss dta_phys:  0.0071 Loss dta_preserve:  0.0067
Time:  0.0752 Epoch: 002 Iter:  250/ 600 LR: 0.0000666667 Loss content:  0.0172 Loss fft:  0.8010 Loss dta_rank:  0.0000 Loss dta_tv:  0.0395 Loss dta_proxy:  0.6293 Loss dta_trans:  0.0095 Loss dta_phys:  0.0069 Loss dta_preserve:  0.0063
Time:  0.0764 Epoch: 002 Iter:  300/ 600 LR: 0.0000666667 Loss content:  0.0175 Loss fft:  0.8114 Loss dta_rank:  0.0000 Loss dta_tv:  0.0403 Loss dta_proxy:  0.6313 Loss dta_trans:  0.0091 Loss dta_phys:  0.0074 Loss dta_preserve:  0.0064
Time:  0.0743 Epoch: 002 Iter:  350/ 600 LR: 0.0000666667 Loss content:  0.0171 Loss fft:  0.8114 Loss dta_rank:  0.0000 Loss dta_tv:  0.0387 Loss dta_proxy:  0.6471 Loss dta_trans:  0.0088 Loss dta_phys:  0.0066 Loss dta_preserve:  0.0052
Time:  0.0754 Epoch: 002 Iter:  400/ 600 LR: 0.0000666667 Loss content:  0.0166 Loss fft:  0.8244 Loss dta_rank:  0.0000 Loss dta_tv:  0.0391 Loss dta_proxy:  0.6489 Loss dta_trans:  0.0096 Loss dta_phys:  0.0068 Loss dta_preserve:  0.0046
Time:  0.0760 Epoch: 002 Iter:  450/ 600 LR: 0.0000666667 Loss content:  0.0172 Loss fft:  0.8103 Loss dta_rank:  0.0000 Loss dta_tv:  0.0376 Loss dta_proxy:  0.6553 Loss dta_trans:  0.0081 Loss dta_phys:  0.0071 Loss dta_preserve:  0.0044
Time:  0.0777 Epoch: 002 Iter:  500/ 600 LR: 0.0000666667 Loss content:  0.0177 Loss fft:  0.8303 Loss dta_rank:  0.0000 Loss dta_tv:  0.0383 Loss dta_proxy:  0.6266 Loss dta_trans:  0.0096 Loss dta_phys:  0.0066 Loss dta_preserve:  0.0053
Time:  0.0733 Epoch: 002 Iter:  550/ 600 LR: 0.0000666667 Loss content:  0.0173 Loss fft:  0.8444 Loss dta_rank:  0.0000 Loss dta_tv:  0.0374 Loss dta_proxy:  0.6393 Loss dta_trans:  0.0079 Loss dta_phys:  0.0065 Loss dta_preserve:  0.0069
Time:  0.0737 Epoch: 002 Iter:  600/ 600 LR: 0.0000666667 Loss content:  0.0172 Loss fft:  0.8072 Loss dta_rank:  0.0000 Loss dta_tv:  0.0366 Loss dta_proxy:  0.6536 Loss dta_trans:  0.0070 Loss dta_phys:  0.0067 Loss dta_preserve:  0.0056
EPOCH: 02
Elapsed time: 0.91 Epoch Pixel Loss:  0.0173 Epoch FFT Loss:  0.8234 Epoch DTA Rank:  0.0000 Epoch DTA TV:  0.0392 Epoch DTA Proxy:  0.6379 Epoch DTA Trans:  0.0089 Epoch DTA Phys:  0.0069 Epoch DTA Preserve:  0.0056
DTA_GATE_RAMP epoch=3 gate_limit=0.030000
Time:  0.0792 Epoch: 003 Iter:   50/ 600 LR: 0.0001000000 Loss content:  0.0170 Loss fft:  0.7911 Loss dta_rank:  0.0000 Loss dta_tv:  0.0375 Loss dta_proxy:  0.6422 Loss dta_trans:  0.0073 Loss dta_phys:  0.0065 Loss dta_preserve:  0.0058
Time:  0.0645 Epoch: 003 Iter:  100/ 600 LR: 0.0001000000 Loss content:  0.0177 Loss fft:  0.8322 Loss dta_rank:  0.0000 Loss dta_tv:  0.0367 Loss dta_proxy:  0.6409 Loss dta_trans:  0.0085 Loss dta_phys:  0.0060 Loss dta_preserve:  0.0053
Time:  0.0741 Epoch: 003 Iter:  150/ 600 LR: 0.0001000000 Loss content:  0.0174 Loss fft:  0.8361 Loss dta_rank:  0.0000 Loss dta_tv:  0.0365 Loss dta_proxy:  0.6466 Loss dta_trans:  0.0083 Loss dta_phys:  0.0069 Loss dta_preserve:  0.0067
Time:  0.0753 Epoch: 003 Iter:  200/ 600 LR: 0.0001000000 Loss content:  0.0175 Loss fft:  0.8335 Loss dta_rank:  0.0000 Loss dta_tv:  0.0372 Loss dta_proxy:  0.6284 Loss dta_trans:  0.0076 Loss dta_phys:  0.0064 Loss dta_preserve:  0.0048
Time:  0.0730 Epoch: 003 Iter:  250/ 600 LR: 0.0001000000 Loss content:  0.0171 Loss fft:  0.7950 Loss dta_rank:  0.0000 Loss dta_tv:  0.0358 Loss dta_proxy:  0.6246 Loss dta_trans:  0.0082 Loss dta_phys:  0.0062 Loss dta_preserve:  0.0061
Time:  0.0673 Epoch: 003 Iter:  300/ 600 LR: 0.0001000000 Loss content:  0.0176 Loss fft:  0.8218 Loss dta_rank:  0.0000 Loss dta_tv:  0.0377 Loss dta_proxy:  0.6272 Loss dta_trans:  0.0072 Loss dta_phys:  0.0062 Loss dta_preserve:  0.0058
Time:  0.0734 Epoch: 003 Iter:  350/ 600 LR: 0.0001000000 Loss content:  0.0176 Loss fft:  0.8289 Loss dta_rank:  0.0000 Loss dta_tv:  0.0354 Loss dta_proxy:  0.6443 Loss dta_trans:  0.0073 Loss dta_phys:  0.0071 Loss dta_preserve:  0.0056
Time:  0.0734 Epoch: 003 Iter:  400/ 600 LR: 0.0001000000 Loss content:  0.0168 Loss fft:  0.8220 Loss dta_rank:  0.0000 Loss dta_tv:  0.0356 Loss dta_proxy:  0.6194 Loss dta_trans:  0.0069 Loss dta_phys:  0.0058 Loss dta_preserve:  0.0048
Time:  0.0627 Epoch: 003 Iter:  450/ 600 LR: 0.0001000000 Loss content:  0.0170 Loss fft:  0.8359 Loss dta_rank:  0.0000 Loss dta_tv:  0.0355 Loss dta_proxy:  0.6389 Loss dta_trans:  0.0095 Loss dta_phys:  0.0068 Loss dta_preserve:  0.0057
Time:  0.0626 Epoch: 003 Iter:  500/ 600 LR: 0.0001000000 Loss content:  0.0183 Loss fft:  0.8651 Loss dta_rank:  0.0000 Loss dta_tv:  0.0351 Loss dta_proxy:  0.6495 Loss dta_trans:  0.0077 Loss dta_phys:  0.0059 Loss dta_preserve:  0.0045
Time:  0.0615 Epoch: 003 Iter:  550/ 600 LR: 0.0001000000 Loss content:  0.0180 Loss fft:  0.8347 Loss dta_rank:  0.0000 Loss dta_tv:  0.0358 Loss dta_proxy:  0.6508 Loss dta_trans:  0.0062 Loss dta_phys:  0.0070 Loss dta_preserve:  0.0057
Time:  0.0700 Epoch: 003 Iter:  600/ 600 LR: 0.0001000000 Loss content:  0.0169 Loss fft:  0.8134 Loss dta_rank:  0.0000 Loss dta_tv:  0.0354 Loss dta_proxy:  0.6484 Loss dta_trans:  0.0071 Loss dta_phys:  0.0071 Loss dta_preserve:  0.0055
EPOCH: 03
Elapsed time: 0.84 Epoch Pixel Loss:  0.0174 Epoch FFT Loss:  0.8258 Epoch DTA Rank:  0.0000 Epoch DTA TV:  0.0362 Epoch DTA Proxy:  0.6384 Epoch DTA Trans:  0.0076 Epoch DTA Phys:  0.0065 Epoch DTA Preserve:  0.0055
/sda/home/wangyuxin/ConvIR-B/envs/convir-cu121/lib/python3.10/site-packages/torch/optim/lr_scheduler.py:1087: UserWarning: To get the last learning rate computed by the scheduler, please use `get_last_lr()`.
  _warn_get_lr_called_within_step(self)
DTA_GATE_RAMP epoch=4 gate_limit=0.030000
Time:  0.0771 Epoch: 004 Iter:   50/ 600 LR: 0.0001000000 Loss content:  0.0179 Loss fft:  0.8440 Loss dta_rank:  0.0000 Loss dta_tv:  0.0342 Loss dta_proxy:  0.6545 Loss dta_trans:  0.0071 Loss dta_phys:  0.0068 Loss dta_preserve:  0.0056
Time:  0.0729 Epoch: 004 Iter:  100/ 600 LR: 0.0001000000 Loss content:  0.0172 Loss fft:  0.8263 Loss dta_rank:  0.0000 Loss dta_tv:  0.0358 Loss dta_proxy:  0.6171 Loss dta_trans:  0.0069 Loss dta_phys:  0.0058 Loss dta_preserve:  0.0043
Time:  0.0762 Epoch: 004 Iter:  150/ 600 LR: 0.0001000000 Loss content:  0.0174 Loss fft:  0.8285 Loss dta_rank:  0.0000 Loss dta_tv:  0.0348 Loss dta_proxy:  0.6461 Loss dta_trans:  0.0065 Loss dta_phys:  0.0062 Loss dta_preserve:  0.0050
Time:  0.0802 Epoch: 004 Iter:  200/ 600 LR: 0.0001000000 Loss content:  0.0167 Loss fft:  0.8075 Loss dta_rank:  0.0000 Loss dta_tv:  0.0342 Loss dta_proxy:  0.6318 Loss dta_trans:  0.0073 Loss dta_phys:  0.0064 Loss dta_preserve:  0.0062
Time:  0.0801 Epoch: 004 Iter:  250/ 600 LR: 0.0001000000 Loss content:  0.0173 Loss fft:  0.8127 Loss dta_rank:  0.0000 Loss dta_tv:  0.0350 Loss dta_proxy:  0.6380 Loss dta_trans:  0.0083 Loss dta_phys:  0.0066 Loss dta_preserve:  0.0052
Time:  0.0770 Epoch: 004 Iter:  300/ 600 LR: 0.0001000000 Loss content:  0.0176 Loss fft:  0.8443 Loss dta_rank:  0.0000 Loss dta_tv:  0.0342 Loss dta_proxy:  0.6655 Loss dta_trans:  0.0065 Loss dta_phys:  0.0068 Loss dta_preserve:  0.0051
Time:  0.0734 Epoch: 004 Iter:  350/ 600 LR: 0.0001000000 Loss content:  0.0166 Loss fft:  0.7982 Loss dta_rank:  0.0000 Loss dta_tv:  0.0338 Loss dta_proxy:  0.6478 Loss dta_trans:  0.0067 Loss dta_phys:  0.0069 Loss dta_preserve:  0.0052
Time:  0.0745 Epoch: 004 Iter:  400/ 600 LR: 0.0001000000 Loss content:  0.0170 Loss fft:  0.8183 Loss dta_rank:  0.0000 Loss dta_tv:  0.0327 Loss dta_proxy:  0.6516 Loss dta_trans:  0.0069 Loss dta_phys:  0.0061 Loss dta_preserve:  0.0051
Time:  0.0766 Epoch: 004 Iter:  450/ 600 LR: 0.0001000000 Loss content:  0.0175 Loss fft:  0.8557 Loss dta_rank:  0.0000 Loss dta_tv:  0.0332 Loss dta_proxy:  0.6558 Loss dta_trans:  0.0067 Loss dta_phys:  0.0070 Loss dta_preserve:  0.0050
Time:  0.0762 Epoch: 004 Iter:  500/ 600 LR: 0.0001000000 Loss content:  0.0173 Loss fft:  0.8140 Loss dta_rank:  0.0000 Loss dta_tv:  0.0328 Loss dta_proxy:  0.6595 Loss dta_trans:  0.0073 Loss dta_phys:  0.0066 Loss dta_preserve:  0.0044
Time:  0.0782 Epoch: 004 Iter:  550/ 600 LR: 0.0001000000 Loss content:  0.0175 Loss fft:  0.8274 Loss dta_rank:  0.0000 Loss dta_tv:  0.0330 Loss dta_proxy:  0.6467 Loss dta_trans:  0.0065 Loss dta_phys:  0.0065 Loss dta_preserve:  0.0045
Time:  0.0749 Epoch: 004 Iter:  600/ 600 LR: 0.0001000000 Loss content:  0.0172 Loss fft:  0.8174 Loss dta_rank:  0.0000 Loss dta_tv:  0.0340 Loss dta_proxy:  0.6441 Loss dta_trans:  0.0069 Loss dta_phys:  0.0077 Loss dta_preserve:  0.0054
EPOCH: 04
Elapsed time: 0.92 Epoch Pixel Loss:  0.0173 Epoch FFT Loss:  0.8245 Epoch DTA Rank:  0.0000 Epoch DTA TV:  0.0340 Epoch DTA Proxy:  0.6466 Epoch DTA Trans:  0.0070 Epoch DTA Phys:  0.0066 Epoch DTA Preserve:  0.0051
DTA_GATE_RAMP epoch=5 gate_limit=0.030000
Time:  0.0772 Epoch: 005 Iter:   50/ 600 LR: 0.0000983215 Loss content:  0.0172 Loss fft:  0.8207 Loss dta_rank:  0.0000 Loss dta_tv:  0.0319 Loss dta_proxy:  0.6396 Loss dta_trans:  0.0071 Loss dta_phys:  0.0064 Loss dta_preserve:  0.0047
Time:  0.0763 Epoch: 005 Iter:  100/ 600 LR: 0.0000983215 Loss content:  0.0165 Loss fft:  0.8234 Loss dta_rank:  0.0000 Loss dta_tv:  0.0332 Loss dta_proxy:  0.6388 Loss dta_trans:  0.0069 Loss dta_phys:  0.0062 Loss dta_preserve:  0.0036
Time:  0.0756 Epoch: 005 Iter:  150/ 600 LR: 0.0000983215 Loss content:  0.0175 Loss fft:  0.8307 Loss dta_rank:  0.0000 Loss dta_tv:  0.0330 Loss dta_proxy:  0.6189 Loss dta_trans:  0.0067 Loss dta_phys:  0.0068 Loss dta_preserve:  0.0054
Time:  0.0784 Epoch: 005 Iter:  200/ 600 LR: 0.0000983215 Loss content:  0.0166 Loss fft:  0.7861 Loss dta_rank:  0.0000 Loss dta_tv:  0.0318 Loss dta_proxy:  0.6483 Loss dta_trans:  0.0058 Loss dta_phys:  0.0060 Loss dta_preserve:  0.0044
Time:  0.0749 Epoch: 005 Iter:  250/ 600 LR: 0.0000983215 Loss content:  0.0176 Loss fft:  0.8133 Loss dta_rank:  0.0000 Loss dta_tv:  0.0329 Loss dta_proxy:  0.6496 Loss dta_trans:  0.0062 Loss dta_phys:  0.0070 Loss dta_preserve:  0.0054
Time:  0.0728 Epoch: 005 Iter:  300/ 600 LR: 0.0000983215 Loss content:  0.0173 Loss fft:  0.8145 Loss dta_rank:  0.0000 Loss dta_tv:  0.0335 Loss dta_proxy:  0.6119 Loss dta_trans:  0.0076 Loss dta_phys:  0.0068 Loss dta_preserve:  0.0048
Time:  0.0726 Epoch: 005 Iter:  350/ 600 LR: 0.0000983215 Loss content:  0.0169 Loss fft:  0.7917 Loss dta_rank:  0.0000 Loss dta_tv:  0.0310 Loss dta_proxy:  0.6624 Loss dta_trans:  0.0060 Loss dta_phys:  0.0077 Loss dta_preserve:  0.0053
Time:  0.0770 Epoch: 005 Iter:  400/ 600 LR: 0.0000983215 Loss content:  0.0184 Loss fft:  0.8347 Loss dta_rank:  0.0000 Loss dta_tv:  0.0311 Loss dta_proxy:  0.6618 Loss dta_trans:  0.0065 Loss dta_phys:  0.0072 Loss dta_preserve:  0.0057
Time:  0.0718 Epoch: 005 Iter:  450/ 600 LR: 0.0000983215 Loss content:  0.0173 Loss fft:  0.8371 Loss dta_rank:  0.0000 Loss dta_tv:  0.0323 Loss dta_proxy:  0.6293 Loss dta_trans:  0.0062 Loss dta_phys:  0.0056 Loss dta_preserve:  0.0052
Time:  0.0747 Epoch: 005 Iter:  500/ 600 LR: 0.0000983215 Loss content:  0.0174 Loss fft:  0.8222 Loss dta_rank:  0.0000 Loss dta_tv:  0.0323 Loss dta_proxy:  0.6247 Loss dta_trans:  0.0061 Loss dta_phys:  0.0061 Loss dta_preserve:  0.0049
Time:  0.0789 Epoch: 005 Iter:  550/ 600 LR: 0.0000983215 Loss content:  0.0177 Loss fft:  0.8374 Loss dta_rank:  0.0000 Loss dta_tv:  0.0310 Loss dta_proxy:  0.6525 Loss dta_trans:  0.0054 Loss dta_phys:  0.0063 Loss dta_preserve:  0.0047
Time:  0.0690 Epoch: 005 Iter:  600/ 600 LR: 0.0000983215 Loss content:  0.0172 Loss fft:  0.8038 Loss dta_rank:  0.0000 Loss dta_tv:  0.0322 Loss dta_proxy:  0.6383 Loss dta_trans:  0.0073 Loss dta_phys:  0.0071 Loss dta_preserve:  0.0049
EPOCH: 05
Elapsed time: 0.91 Epoch Pixel Loss:  0.0173 Epoch FFT Loss:  0.8180 Epoch DTA Rank:  0.0000 Epoch DTA TV:  0.0322 Epoch DTA Proxy:  0.6397 Epoch DTA Trans:  0.0065 Epoch DTA Phys:  0.0066 Epoch DTA Preserve:  0.0049
DTA_GATE_RAMP epoch=6 gate_limit=0.030000
Time:  0.0781 Epoch: 006 Iter:   50/ 600 LR: 0.0000942212 Loss content:  0.0174 Loss fft:  0.8235 Loss dta_rank:  0.0000 Loss dta_tv:  0.0321 Loss dta_proxy:  0.6385 Loss dta_trans:  0.0076 Loss dta_phys:  0.0072 Loss dta_preserve:  0.0061
Time:  0.0739 Epoch: 006 Iter:  100/ 600 LR: 0.0000942212 Loss content:  0.0169 Loss fft:  0.8275 Loss dta_rank:  0.0000 Loss dta_tv:  0.0310 Loss dta_proxy:  0.6524 Loss dta_trans:  0.0053 Loss dta_phys:  0.0060 Loss dta_preserve:  0.0046
Time:  0.0719 Epoch: 006 Iter:  150/ 600 LR: 0.0000942212 Loss content:  0.0174 Loss fft:  0.8391 Loss dta_rank:  0.0000 Loss dta_tv:  0.0322 Loss dta_proxy:  0.6518 Loss dta_trans:  0.0062 Loss dta_phys:  0.0070 Loss dta_preserve:  0.0049
Time:  0.0727 Epoch: 006 Iter:  200/ 600 LR: 0.0000942212 Loss content:  0.0171 Loss fft:  0.8156 Loss dta_rank:  0.0000 Loss dta_tv:  0.0315 Loss dta_proxy:  0.6453 Loss dta_trans:  0.0064 Loss dta_phys:  0.0067 Loss dta_preserve:  0.0046
Time:  0.0734 Epoch: 006 Iter:  250/ 600 LR: 0.0000942212 Loss content:  0.0164 Loss fft:  0.8295 Loss dta_rank:  0.0000 Loss dta_tv:  0.0311 Loss dta_proxy:  0.6408 Loss dta_trans:  0.0060 Loss dta_phys:  0.0059 Loss dta_preserve:  0.0046
Time:  0.0738 Epoch: 006 Iter:  300/ 600 LR: 0.0000942212 Loss content:  0.0171 Loss fft:  0.7986 Loss dta_rank:  0.0000 Loss dta_tv:  0.0308 Loss dta_proxy:  0.6426 Loss dta_trans:  0.0066 Loss dta_phys:  0.0065 Loss dta_preserve:  0.0056
Time:  0.0768 Epoch: 006 Iter:  350/ 600 LR: 0.0000942212 Loss content:  0.0165 Loss fft:  0.8103 Loss dta_rank:  0.0000 Loss dta_tv:  0.0313 Loss dta_proxy:  0.6549 Loss dta_trans:  0.0070 Loss dta_phys:  0.0073 Loss dta_preserve:  0.0042
Time:  0.0739 Epoch: 006 Iter:  400/ 600 LR: 0.0000942212 Loss content:  0.0179 Loss fft:  0.8331 Loss dta_rank:  0.0000 Loss dta_tv:  0.0305 Loss dta_proxy:  0.6461 Loss dta_trans:  0.0059 Loss dta_phys:  0.0062 Loss dta_preserve:  0.0053
Time:  0.0755 Epoch: 006 Iter:  450/ 600 LR: 0.0000942212 Loss content:  0.0163 Loss fft:  0.7810 Loss dta_rank:  0.0000 Loss dta_tv:  0.0311 Loss dta_proxy:  0.6290 Loss dta_trans:  0.0063 Loss dta_phys:  0.0061 Loss dta_preserve:  0.0059
Time:  0.0719 Epoch: 006 Iter:  500/ 600 LR: 0.0000942212 Loss content:  0.0176 Loss fft:  0.8076 Loss dta_rank:  0.0000 Loss dta_tv:  0.0310 Loss dta_proxy:  0.6449 Loss dta_trans:  0.0062 Loss dta_phys:  0.0069 Loss dta_preserve:  0.0060
Time:  0.0687 Epoch: 006 Iter:  550/ 600 LR: 0.0000942212 Loss content:  0.0172 Loss fft:  0.8398 Loss dta_rank:  0.0000 Loss dta_tv:  0.0316 Loss dta_proxy:  0.6451 Loss dta_trans:  0.0064 Loss dta_phys:  0.0069 Loss dta_preserve:  0.0055
Time:  0.0635 Epoch: 006 Iter:  600/ 600 LR: 0.0000942212 Loss content:  0.0175 Loss fft:  0.8269 Loss dta_rank:  0.0000 Loss dta_tv:  0.0312 Loss dta_proxy:  0.6315 Loss dta_trans:  0.0067 Loss dta_phys:  0.0066 Loss dta_preserve:  0.0060
EPOCH: 06
Elapsed time: 0.88 Epoch Pixel Loss:  0.0171 Epoch FFT Loss:  0.8194 Epoch DTA Rank:  0.0000 Epoch DTA TV:  0.0313 Epoch DTA Proxy:  0.6436 Epoch DTA Trans:  0.0064 Epoch DTA Phys:  0.0066 Epoch DTA Preserve:  0.0053
DTA_GATE_RAMP epoch=7 gate_limit=0.030000
Time:  0.0683 Epoch: 007 Iter:   50/ 600 LR: 0.0000886874 Loss content:  0.0160 Loss fft:  0.7901 Loss dta_rank:  0.0000 Loss dta_tv:  0.0314 Loss dta_proxy:  0.6242 Loss dta_trans:  0.0052 Loss dta_phys:  0.0062 Loss dta_preserve:  0.0048
Time:  0.0622 Epoch: 007 Iter:  100/ 600 LR: 0.0000886874 Loss content:  0.0174 Loss fft:  0.7961 Loss dta_rank:  0.0000 Loss dta_tv:  0.0305 Loss dta_proxy:  0.6497 Loss dta_trans:  0.0058 Loss dta_phys:  0.0063 Loss dta_preserve:  0.0055
Time:  0.0614 Epoch: 007 Iter:  150/ 600 LR: 0.0000886874 Loss content:  0.0190 Loss fft:  0.8822 Loss dta_rank:  0.0000 Loss dta_tv:  0.0298 Loss dta_proxy:  0.6672 Loss dta_trans:  0.0049 Loss dta_phys:  0.0073 Loss dta_preserve:  0.0070
Time:  0.0602 Epoch: 007 Iter:  200/ 600 LR: 0.0000886874 Loss content:  0.0177 Loss fft:  0.8317 Loss dta_rank:  0.0000 Loss dta_tv:  0.0307 Loss dta_proxy:  0.6346 Loss dta_trans:  0.0077 Loss dta_phys:  0.0062 Loss dta_preserve:  0.0058
Time:  0.0710 Epoch: 007 Iter:  250/ 600 LR: 0.0000886874 Loss content:  0.0173 Loss fft:  0.8031 Loss dta_rank:  0.0000 Loss dta_tv:  0.0299 Loss dta_proxy:  0.6553 Loss dta_trans:  0.0066 Loss dta_phys:  0.0065 Loss dta_preserve:  0.0037
Time:  0.0727 Epoch: 007 Iter:  300/ 600 LR: 0.0000886874 Loss content:  0.0167 Loss fft:  0.7815 Loss dta_rank:  0.0000 Loss dta_tv:  0.0314 Loss dta_proxy:  0.6086 Loss dta_trans:  0.0064 Loss dta_phys:  0.0067 Loss dta_preserve:  0.0047
Time:  0.0750 Epoch: 007 Iter:  350/ 600 LR: 0.0000886874 Loss content:  0.0175 Loss fft:  0.8283 Loss dta_rank:  0.0000 Loss dta_tv:  0.0312 Loss dta_proxy:  0.6377 Loss dta_trans:  0.0068 Loss dta_phys:  0.0066 Loss dta_preserve:  0.0058
Time:  0.0736 Epoch: 007 Iter:  400/ 600 LR: 0.0000886874 Loss content:  0.0169 Loss fft:  0.8394 Loss dta_rank:  0.0000 Loss dta_tv:  0.0302 Loss dta_proxy:  0.6568 Loss dta_trans:  0.0062 Loss dta_phys:  0.0068 Loss dta_preserve:  0.0062
Time:  0.0695 Epoch: 007 Iter:  450/ 600 LR: 0.0000886874 Loss content:  0.0174 Loss fft:  0.8271 Loss dta_rank:  0.0000 Loss dta_tv:  0.0303 Loss dta_proxy:  0.6526 Loss dta_trans:  0.0066 Loss dta_phys:  0.0070 Loss dta_preserve:  0.0066
Time:  0.0743 Epoch: 007 Iter:  500/ 600 LR: 0.0000886874 Loss content:  0.0178 Loss fft:  0.8345 Loss dta_rank:  0.0000 Loss dta_tv:  0.0303 Loss dta_proxy:  0.6522 Loss dta_trans:  0.0062 Loss dta_phys:  0.0070 Loss dta_preserve:  0.0060
Time:  0.0722 Epoch: 007 Iter:  550/ 600 LR: 0.0000886874 Loss content:  0.0167 Loss fft:  0.7962 Loss dta_rank:  0.0000 Loss dta_tv:  0.0307 Loss dta_proxy:  0.6321 Loss dta_trans:  0.0057 Loss dta_phys:  0.0060 Loss dta_preserve:  0.0047
Time:  0.0696 Epoch: 007 Iter:  600/ 600 LR: 0.0000886874 Loss content:  0.0170 Loss fft:  0.8144 Loss dta_rank:  0.0000 Loss dta_tv:  0.0309 Loss dta_proxy:  0.6322 Loss dta_trans:  0.0068 Loss dta_phys:  0.0069 Loss dta_preserve:  0.0045
EPOCH: 07
Elapsed time: 0.83 Epoch Pixel Loss:  0.0173 Epoch FFT Loss:  0.8187 Epoch DTA Rank:  0.0000 Epoch DTA TV:  0.0306 Epoch DTA Proxy:  0.6419 Epoch DTA Trans:  0.0062 Epoch DTA Phys:  0.0066 Epoch DTA Preserve:  0.0054
DTA_GATE_RAMP epoch=8 gate_limit=0.030000
Time:  0.0747 Epoch: 008 Iter:   50/ 600 LR: 0.0000819070 Loss content:  0.0174 Loss fft:  0.8343 Loss dta_rank:  0.0000 Loss dta_tv:  0.0295 Loss dta_proxy:  0.6655 Loss dta_trans:  0.0055 Loss dta_phys:  0.0070 Loss dta_preserve:  0.0058
Time:  0.0739 Epoch: 008 Iter:  100/ 600 LR: 0.0000819070 Loss content:  0.0167 Loss fft:  0.7881 Loss dta_rank:  0.0000 Loss dta_tv:  0.0303 Loss dta_proxy:  0.6351 Loss dta_trans:  0.0052 Loss dta_phys:  0.0069 Loss dta_preserve:  0.0052
Time:  0.0783 Epoch: 008 Iter:  150/ 600 LR: 0.0000819070 Loss content:  0.0176 Loss fft:  0.8192 Loss dta_rank:  0.0000 Loss dta_tv:  0.0288 Loss dta_proxy:  0.6758 Loss dta_trans:  0.0063 Loss dta_phys:  0.0072 Loss dta_preserve:  0.0059
Time:  0.0748 Epoch: 008 Iter:  200/ 600 LR: 0.0000819070 Loss content:  0.0183 Loss fft:  0.8466 Loss dta_rank:  0.0000 Loss dta_tv:  0.0302 Loss dta_proxy:  0.6453 Loss dta_trans:  0.0064 Loss dta_phys:  0.0067 Loss dta_preserve:  0.0053
Time:  0.0818 Epoch: 008 Iter:  250/ 600 LR: 0.0000819070 Loss content:  0.0170 Loss fft:  0.8235 Loss dta_rank:  0.0000 Loss dta_tv:  0.0302 Loss dta_proxy:  0.6426 Loss dta_trans:  0.0063 Loss dta_phys:  0.0063 Loss dta_preserve:  0.0042
Time:  0.0710 Epoch: 008 Iter:  300/ 600 LR: 0.0000819070 Loss content:  0.0169 Loss fft:  0.8108 Loss dta_rank:  0.0000 Loss dta_tv:  0.0306 Loss dta_proxy:  0.6317 Loss dta_trans:  0.0065 Loss dta_phys:  0.0067 Loss dta_preserve:  0.0063
Time:  0.0726 Epoch: 008 Iter:  350/ 600 LR: 0.0000819070 Loss content:  0.0168 Loss fft:  0.8398 Loss dta_rank:  0.0000 Loss dta_tv:  0.0304 Loss dta_proxy:  0.6330 Loss dta_trans:  0.0063 Loss dta_phys:  0.0059 Loss dta_preserve:  0.0051
Time:  0.0763 Epoch: 008 Iter:  400/ 600 LR: 0.0000819070 Loss content:  0.0178 Loss fft:  0.8403 Loss dta_rank:  0.0000 Loss dta_tv:  0.0308 Loss dta_proxy:  0.6209 Loss dta_trans:  0.0055 Loss dta_phys:  0.0067 Loss dta_preserve:  0.0044
Time:  0.0750 Epoch: 008 Iter:  450/ 600 LR: 0.0000819070 Loss content:  0.0174 Loss fft:  0.8121 Loss dta_rank:  0.0000 Loss dta_tv:  0.0301 Loss dta_proxy:  0.6420 Loss dta_trans:  0.0068 Loss dta_phys:  0.0069 Loss dta_preserve:  0.0046
Time:  0.0712 Epoch: 008 Iter:  500/ 600 LR: 0.0000819070 Loss content:  0.0172 Loss fft:  0.8055 Loss dta_rank:  0.0000 Loss dta_tv:  0.0305 Loss dta_proxy:  0.6409 Loss dta_trans:  0.0061 Loss dta_phys:  0.0066 Loss dta_preserve:  0.0047
Time:  0.0711 Epoch: 008 Iter:  550/ 600 LR: 0.0000819070 Loss content:  0.0171 Loss fft:  0.8053 Loss dta_rank:  0.0000 Loss dta_tv:  0.0296 Loss dta_proxy:  0.6550 Loss dta_trans:  0.0055 Loss dta_phys:  0.0063 Loss dta_preserve:  0.0061
Time:  0.0711 Epoch: 008 Iter:  600/ 600 LR: 0.0000819070 Loss content:  0.0172 Loss fft:  0.8354 Loss dta_rank:  0.0000 Loss dta_tv:  0.0306 Loss dta_proxy:  0.6272 Loss dta_trans:  0.0063 Loss dta_phys:  0.0064 Loss dta_preserve:  0.0045
EPOCH: 08
Elapsed time: 0.90 Epoch Pixel Loss:  0.0173 Epoch FFT Loss:  0.8217 Epoch DTA Rank:  0.0000 Epoch DTA TV:  0.0301 Epoch DTA Proxy:  0.6429 Epoch DTA Trans:  0.0061 Epoch DTA Phys:  0.0066 Epoch DTA Preserve:  0.0052
DTA_GATE_RAMP epoch=9 gate_limit=0.060000
Time:  0.0742 Epoch: 009 Iter:   50/ 600 LR: 0.0000741093 Loss content:  0.0174 Loss fft:  0.8205 Loss dta_rank:  0.0000 Loss dta_tv:  0.0299 Loss dta_proxy:  0.6243 Loss dta_trans:  0.0065 Loss dta_phys:  0.0064 Loss dta_preserve:  0.0044
Time:  0.0738 Epoch: 009 Iter:  100/ 600 LR: 0.0000741093 Loss content:  0.0173 Loss fft:  0.8165 Loss dta_rank:  0.0000 Loss dta_tv:  0.0294 Loss dta_proxy:  0.6473 Loss dta_trans:  0.0052 Loss dta_phys:  0.0065 Loss dta_preserve:  0.0046
Time:  0.0694 Epoch: 009 Iter:  150/ 600 LR: 0.0000741093 Loss content:  0.0177 Loss fft:  0.8161 Loss dta_rank:  0.0000 Loss dta_tv:  0.0298 Loss dta_proxy:  0.6441 Loss dta_trans:  0.0069 Loss dta_phys:  0.0075 Loss dta_preserve:  0.0051
Time:  0.0752 Epoch: 009 Iter:  200/ 600 LR: 0.0000741093 Loss content:  0.0174 Loss fft:  0.8299 Loss dta_rank:  0.0000 Loss dta_tv:  0.0301 Loss dta_proxy:  0.6303 Loss dta_trans:  0.0054 Loss dta_phys:  0.0067 Loss dta_preserve:  0.0049
Time:  0.0736 Epoch: 009 Iter:  250/ 600 LR: 0.0000741093 Loss content:  0.0178 Loss fft:  0.8101 Loss dta_rank:  0.0000 Loss dta_tv:  0.0301 Loss dta_proxy:  0.6364 Loss dta_trans:  0.0060 Loss dta_phys:  0.0069 Loss dta_preserve:  0.0058
Time:  0.0730 Epoch: 009 Iter:  300/ 600 LR: 0.0000741093 Loss content:  0.0169 Loss fft:  0.8379 Loss dta_rank:  0.0000 Loss dta_tv:  0.0302 Loss dta_proxy:  0.6279 Loss dta_trans:  0.0053 Loss dta_phys:  0.0066 Loss dta_preserve:  0.0053
Time:  0.0769 Epoch: 009 Iter:  350/ 600 LR: 0.0000741093 Loss content:  0.0185 Loss fft:  0.8494 Loss dta_rank:  0.0000 Loss dta_tv:  0.0303 Loss dta_proxy:  0.6317 Loss dta_trans:  0.0055 Loss dta_phys:  0.0065 Loss dta_preserve:  0.0057
Time:  0.0769 Epoch: 009 Iter:  400/ 600 LR: 0.0000741093 Loss content:  0.0171 Loss fft:  0.7990 Loss dta_rank:  0.0000 Loss dta_tv:  0.0300 Loss dta_proxy:  0.6263 Loss dta_trans:  0.0071 Loss dta_phys:  0.0067 Loss dta_preserve:  0.0045
Time:  0.0740 Epoch: 009 Iter:  450/ 600 LR: 0.0000741093 Loss content:  0.0168 Loss fft:  0.7962 Loss dta_rank:  0.0000 Loss dta_tv:  0.0290 Loss dta_proxy:  0.6653 Loss dta_trans:  0.0064 Loss dta_phys:  0.0073 Loss dta_preserve:  0.0043
Time:  0.0731 Epoch: 009 Iter:  500/ 600 LR: 0.0000741093 Loss content:  0.0169 Loss fft:  0.8191 Loss dta_rank:  0.0000 Loss dta_tv:  0.0293 Loss dta_proxy:  0.6385 Loss dta_trans:  0.0053 Loss dta_phys:  0.0062 Loss dta_preserve:  0.0043
Time:  0.0720 Epoch: 009 Iter:  550/ 600 LR: 0.0000741093 Loss content:  0.0174 Loss fft:  0.8319 Loss dta_rank:  0.0000 Loss dta_tv:  0.0292 Loss dta_proxy:  0.6425 Loss dta_trans:  0.0052 Loss dta_phys:  0.0062 Loss dta_preserve:  0.0048
Time:  0.0691 Epoch: 009 Iter:  600/ 600 LR: 0.0000741093 Loss content:  0.0182 Loss fft:  0.8761 Loss dta_rank:  0.0000 Loss dta_tv:  0.0282 Loss dta_proxy:  0.6654 Loss dta_trans:  0.0057 Loss dta_phys:  0.0063 Loss dta_preserve:  0.0071
EPOCH: 09
Elapsed time: 0.88 Epoch Pixel Loss:  0.0174 Epoch FFT Loss:  0.8252 Epoch DTA Rank:  0.0000 Epoch DTA TV:  0.0296 Epoch DTA Proxy:  0.6400 Epoch DTA Trans:  0.0059 Epoch DTA Phys:  0.0067 Epoch DTA Preserve:  0.0051
DTA_GATE_RAMP epoch=10 gate_limit=0.060000
Time:  0.0795 Epoch: 010 Iter:   50/ 600 LR: 0.0000655580 Loss content:  0.0172 Loss fft:  0.8215 Loss dta_rank:  0.0000 Loss dta_tv:  0.0292 Loss dta_proxy:  0.6231 Loss dta_trans:  0.0066 Loss dta_phys:  0.0058 Loss dta_preserve:  0.0048
Time:  0.0738 Epoch: 010 Iter:  100/ 600 LR: 0.0000655580 Loss content:  0.0174 Loss fft:  0.8253 Loss dta_rank:  0.0000 Loss dta_tv:  0.0291 Loss dta_proxy:  0.6548 Loss dta_trans:  0.0060 Loss dta_phys:  0.0073 Loss dta_preserve:  0.0054
Time:  0.0785 Epoch: 010 Iter:  150/ 600 LR: 0.0000655580 Loss content:  0.0168 Loss fft:  0.7974 Loss dta_rank:  0.0000 Loss dta_tv:  0.0284 Loss dta_proxy:  0.6558 Loss dta_trans:  0.0055 Loss dta_phys:  0.0063 Loss dta_preserve:  0.0054
Time:  0.0769 Epoch: 010 Iter:  200/ 600 LR: 0.0000655580 Loss content:  0.0169 Loss fft:  0.7880 Loss dta_rank:  0.0000 Loss dta_tv:  0.0296 Loss dta_proxy:  0.6309 Loss dta_trans:  0.0052 Loss dta_phys:  0.0067 Loss dta_preserve:  0.0046
Time:  0.0707 Epoch: 010 Iter:  250/ 600 LR: 0.0000655580 Loss content:  0.0171 Loss fft:  0.8176 Loss dta_rank:  0.0000 Loss dta_tv:  0.0300 Loss dta_proxy:  0.6127 Loss dta_trans:  0.0058 Loss dta_phys:  0.0061 Loss dta_preserve:  0.0065
Time:  0.0700 Epoch: 010 Iter:  300/ 600 LR: 0.0000655580 Loss content:  0.0173 Loss fft:  0.8200 Loss dta_rank:  0.0000 Loss dta_tv:  0.0297 Loss dta_proxy:  0.6480 Loss dta_trans:  0.0059 Loss dta_phys:  0.0067 Loss dta_preserve:  0.0050
Time:  0.0718 Epoch: 010 Iter:  350/ 600 LR: 0.0000655580 Loss content:  0.0178 Loss fft:  0.8674 Loss dta_rank:  0.0000 Loss dta_tv:  0.0290 Loss dta_proxy:  0.6539 Loss dta_trans:  0.0054 Loss dta_phys:  0.0056 Loss dta_preserve:  0.0056
Time:  0.0743 Epoch: 010 Iter:  400/ 600 LR: 0.0000655580 Loss content:  0.0167 Loss fft:  0.8131 Loss dta_rank:  0.0000 Loss dta_tv:  0.0296 Loss dta_proxy:  0.6114 Loss dta_trans:  0.0057 Loss dta_phys:  0.0065 Loss dta_preserve:  0.0049
Time:  0.0747 Epoch: 010 Iter:  450/ 600 LR: 0.0000655580 Loss content:  0.0168 Loss fft:  0.7901 Loss dta_rank:  0.0000 Loss dta_tv:  0.0290 Loss dta_proxy:  0.6543 Loss dta_trans:  0.0070 Loss dta_phys:  0.0080 Loss dta_preserve:  0.0047
Time:  0.0739 Epoch: 010 Iter:  500/ 600 LR: 0.0000655580 Loss content:  0.0177 Loss fft:  0.8393 Loss dta_rank:  0.0000 Loss dta_tv:  0.0294 Loss dta_proxy:  0.6321 Loss dta_trans:  0.0056 Loss dta_phys:  0.0059 Loss dta_preserve:  0.0056
Time:  0.0725 Epoch: 010 Iter:  550/ 600 LR: 0.0000655580 Loss content:  0.0169 Loss fft:  0.8191 Loss dta_rank:  0.0000 Loss dta_tv:  0.0292 Loss dta_proxy:  0.6468 Loss dta_trans:  0.0055 Loss dta_phys:  0.0071 Loss dta_preserve:  0.0051
Time:  0.0725 Epoch: 010 Iter:  600/ 600 LR: 0.0000655580 Loss content:  0.0172 Loss fft:  0.8295 Loss dta_rank:  0.0000 Loss dta_tv:  0.0290 Loss dta_proxy:  0.6313 Loss dta_trans:  0.0055 Loss dta_phys:  0.0064 Loss dta_preserve:  0.0060
EPOCH: 10
Elapsed time: 0.89 Epoch Pixel Loss:  0.0171 Epoch FFT Loss:  0.8190 Epoch DTA Rank:  0.0000 Epoch DTA TV:  0.0293 Epoch DTA Proxy:  0.6379 Epoch DTA Trans:  0.0058 Epoch DTA Phys:  0.0065 Epoch DTA Preserve:  0.0053
DTA_GATE_RAMP epoch=11 gate_limit=0.060000
Time:  0.0719 Epoch: 011 Iter:   50/ 600 LR: 0.0000565424 Loss content:  0.0176 Loss fft:  0.8449 Loss dta_rank:  0.0000 Loss dta_tv:  0.0293 Loss dta_proxy:  0.6437 Loss dta_trans:  0.0049 Loss dta_phys:  0.0070 Loss dta_preserve:  0.0049
Time:  0.0703 Epoch: 011 Iter:  100/ 600 LR: 0.0000565424 Loss content:  0.0170 Loss fft:  0.8270 Loss dta_rank:  0.0000 Loss dta_tv:  0.0282 Loss dta_proxy:  0.6508 Loss dta_trans:  0.0057 Loss dta_phys:  0.0065 Loss dta_preserve:  0.0058
Time:  0.0749 Epoch: 011 Iter:  150/ 600 LR: 0.0000565424 Loss content:  0.0167 Loss fft:  0.7985 Loss dta_rank:  0.0000 Loss dta_tv:  0.0286 Loss dta_proxy:  0.6505 Loss dta_trans:  0.0061 Loss dta_phys:  0.0069 Loss dta_preserve:  0.0054
Time:  0.0730 Epoch: 011 Iter:  200/ 600 LR: 0.0000565424 Loss content:  0.0171 Loss fft:  0.8527 Loss dta_rank:  0.0000 Loss dta_tv:  0.0306 Loss dta_proxy:  0.6251 Loss dta_trans:  0.0059 Loss dta_phys:  0.0064 Loss dta_preserve:  0.0054
Time:  0.0747 Epoch: 011 Iter:  250/ 600 LR: 0.0000565424 Loss content:  0.0173 Loss fft:  0.8320 Loss dta_rank:  0.0000 Loss dta_tv:  0.0285 Loss dta_proxy:  0.6421 Loss dta_trans:  0.0051 Loss dta_phys:  0.0063 Loss dta_preserve:  0.0055
Time:  0.0737 Epoch: 011 Iter:  300/ 600 LR: 0.0000565424 Loss content:  0.0179 Loss fft:  0.8562 Loss dta_rank:  0.0000 Loss dta_tv:  0.0291 Loss dta_proxy:  0.6380 Loss dta_trans:  0.0072 Loss dta_phys:  0.0064 Loss dta_preserve:  0.0053
Time:  0.0734 Epoch: 011 Iter:  350/ 600 LR: 0.0000565424 Loss content:  0.0160 Loss fft:  0.7845 Loss dta_rank:  0.0000 Loss dta_tv:  0.0283 Loss dta_proxy:  0.6529 Loss dta_trans:  0.0060 Loss dta_phys:  0.0070 Loss dta_preserve:  0.0050
Time:  0.0766 Epoch: 011 Iter:  400/ 600 LR: 0.0000565424 Loss content:  0.0176 Loss fft:  0.8000 Loss dta_rank:  0.0000 Loss dta_tv:  0.0292 Loss dta_proxy:  0.6291 Loss dta_trans:  0.0054 Loss dta_phys:  0.0072 Loss dta_preserve:  0.0040
Time:  0.0693 Epoch: 011 Iter:  450/ 600 LR: 0.0000565424 Loss content:  0.0175 Loss fft:  0.8536 Loss dta_rank:  0.0000 Loss dta_tv:  0.0287 Loss dta_proxy:  0.6451 Loss dta_trans:  0.0062 Loss dta_phys:  0.0063 Loss dta_preserve:  0.0046
Time:  0.0761 Epoch: 011 Iter:  500/ 600 LR: 0.0000565424 Loss content:  0.0175 Loss fft:  0.8132 Loss dta_rank:  0.0000 Loss dta_tv:  0.0290 Loss dta_proxy:  0.6407 Loss dta_trans:  0.0055 Loss dta_phys:  0.0063 Loss dta_preserve:  0.0053
Time:  0.0717 Epoch: 011 Iter:  550/ 600 LR: 0.0000565424 Loss content:  0.0180 Loss fft:  0.8605 Loss dta_rank:  0.0000 Loss dta_tv:  0.0289 Loss dta_proxy:  0.6523 Loss dta_trans:  0.0060 Loss dta_phys:  0.0072 Loss dta_preserve:  0.0048
Time:  0.0685 Epoch: 011 Iter:  600/ 600 LR: 0.0000565424 Loss content:  0.0171 Loss fft:  0.8002 Loss dta_rank:  0.0000 Loss dta_tv:  0.0288 Loss dta_proxy:  0.6255 Loss dta_trans:  0.0063 Loss dta_phys:  0.0066 Loss dta_preserve:  0.0067
EPOCH: 11
Elapsed time: 0.88 Epoch Pixel Loss:  0.0173 Epoch FFT Loss:  0.8269 Epoch DTA Rank:  0.0000 Epoch DTA TV:  0.0289 Epoch DTA Proxy:  0.6413 Epoch DTA Trans:  0.0059 Epoch DTA Phys:  0.0067 Epoch DTA Preserve:  0.0052
DTA_GATE_RAMP epoch=12 gate_limit=0.060000
Time:  0.0768 Epoch: 012 Iter:   50/ 600 LR: 0.0000473670 Loss content:  0.0172 Loss fft:  0.8404 Loss dta_rank:  0.0000 Loss dta_tv:  0.0281 Loss dta_proxy:  0.6732 Loss dta_trans:  0.0061 Loss dta_phys:  0.0075 Loss dta_preserve:  0.0055
Time:  0.0682 Epoch: 012 Iter:  100/ 600 LR: 0.0000473670 Loss content:  0.0168 Loss fft:  0.8187 Loss dta_rank:  0.0000 Loss dta_tv:  0.0283 Loss dta_proxy:  0.6511 Loss dta_trans:  0.0056 Loss dta_phys:  0.0067 Loss dta_preserve:  0.0047
Time:  0.0714 Epoch: 012 Iter:  150/ 600 LR: 0.0000473670 Loss content:  0.0173 Loss fft:  0.8225 Loss dta_rank:  0.0000 Loss dta_tv:  0.0291 Loss dta_proxy:  0.6441 Loss dta_trans:  0.0063 Loss dta_phys:  0.0061 Loss dta_preserve:  0.0053
Time:  0.0707 Epoch: 012 Iter:  200/ 600 LR: 0.0000473670 Loss content:  0.0169 Loss fft:  0.8012 Loss dta_rank:  0.0000 Loss dta_tv:  0.0296 Loss dta_proxy:  0.6318 Loss dta_trans:  0.0060 Loss dta_phys:  0.0068 Loss dta_preserve:  0.0047
Time:  0.0666 Epoch: 012 Iter:  250/ 600 LR: 0.0000473670 Loss content:  0.0169 Loss fft:  0.8354 Loss dta_rank:  0.0000 Loss dta_tv:  0.0297 Loss dta_proxy:  0.6221 Loss dta_trans:  0.0064 Loss dta_phys:  0.0062 Loss dta_preserve:  0.0052
Time:  0.0668 Epoch: 012 Iter:  300/ 600 LR: 0.0000473670 Loss content:  0.0175 Loss fft:  0.8156 Loss dta_rank:  0.0000 Loss dta_tv:  0.0297 Loss dta_proxy:  0.6399 Loss dta_trans:  0.0050 Loss dta_phys:  0.0074 Loss dta_preserve:  0.0068
Time:  0.0693 Epoch: 012 Iter:  350/ 600 LR: 0.0000473670 Loss content:  0.0165 Loss fft:  0.8055 Loss dta_rank:  0.0000 Loss dta_tv:  0.0292 Loss dta_proxy:  0.6301 Loss dta_trans:  0.0051 Loss dta_phys:  0.0067 Loss dta_preserve:  0.0035
Time:  0.0751 Epoch: 012 Iter:  400/ 600 LR: 0.0000473670 Loss content:  0.0173 Loss fft:  0.8285 Loss dta_rank:  0.0000 Loss dta_tv:  0.0288 Loss dta_proxy:  0.6335 Loss dta_trans:  0.0060 Loss dta_phys:  0.0064 Loss dta_preserve:  0.0051
Time:  0.0726 Epoch: 012 Iter:  450/ 600 LR: 0.0000473670 Loss content:  0.0179 Loss fft:  0.8501 Loss dta_rank:  0.0000 Loss dta_tv:  0.0282 Loss dta_proxy:  0.6446 Loss dta_trans:  0.0048 Loss dta_phys:  0.0070 Loss dta_preserve:  0.0049
Time:  0.0746 Epoch: 012 Iter:  500/ 600 LR: 0.0000473670 Loss content:  0.0164 Loss fft:  0.8061 Loss dta_rank:  0.0000 Loss dta_tv:  0.0281 Loss dta_proxy:  0.6461 Loss dta_trans:  0.0056 Loss dta_phys:  0.0065 Loss dta_preserve:  0.0053
Time:  0.0756 Epoch: 012 Iter:  550/ 600 LR: 0.0000473670 Loss content:  0.0172 Loss fft:  0.8256 Loss dta_rank:  0.0000 Loss dta_tv:  0.0284 Loss dta_proxy:  0.6445 Loss dta_trans:  0.0053 Loss dta_phys:  0.0066 Loss dta_preserve:  0.0063
Time:  0.0744 Epoch: 012 Iter:  600/ 600 LR: 0.0000473670 Loss content:  0.0176 Loss fft:  0.8317 Loss dta_rank:  0.0000 Loss dta_tv:  0.0287 Loss dta_proxy:  0.6353 Loss dta_trans:  0.0052 Loss dta_phys:  0.0061 Loss dta_preserve:  0.0048
EPOCH: 12
Elapsed time: 0.86 Epoch Pixel Loss:  0.0171 Epoch FFT Loss:  0.8234 Epoch DTA Rank:  0.0000 Epoch DTA TV:  0.0288 Epoch DTA Proxy:  0.6414 Epoch DTA Trans:  0.0056 Epoch DTA Phys:  0.0067 Epoch DTA Preserve:  0.0052
DTA_GATE_RAMP epoch=13 gate_limit=0.060000
Time:  0.0790 Epoch: 013 Iter:   50/ 600 LR: 0.0000383414 Loss content:  0.0178 Loss fft:  0.8383 Loss dta_rank:  0.0000 Loss dta_tv:  0.0293 Loss dta_proxy:  0.6383 Loss dta_trans:  0.0047 Loss dta_phys:  0.0066 Loss dta_preserve:  0.0047
Time:  0.0699 Epoch: 013 Iter:  100/ 600 LR: 0.0000383414 Loss content:  0.0161 Loss fft:  0.7807 Loss dta_rank:  0.0000 Loss dta_tv:  0.0292 Loss dta_proxy:  0.6251 Loss dta_trans:  0.0058 Loss dta_phys:  0.0070 Loss dta_preserve:  0.0045
Time:  0.0721 Epoch: 013 Iter:  150/ 600 LR: 0.0000383414 Loss content:  0.0167 Loss fft:  0.8048 Loss dta_rank:  0.0000 Loss dta_tv:  0.0273 Loss dta_proxy:  0.6545 Loss dta_trans:  0.0059 Loss dta_phys:  0.0064 Loss dta_preserve:  0.0054
Time:  0.0724 Epoch: 013 Iter:  200/ 600 LR: 0.0000383414 Loss content:  0.0183 Loss fft:  0.8698 Loss dta_rank:  0.0000 Loss dta_tv:  0.0285 Loss dta_proxy:  0.6395 Loss dta_trans:  0.0054 Loss dta_phys:  0.0073 Loss dta_preserve:  0.0052
Time:  0.0733 Epoch: 013 Iter:  250/ 600 LR: 0.0000383414 Loss content:  0.0171 Loss fft:  0.8155 Loss dta_rank:  0.0000 Loss dta_tv:  0.0282 Loss dta_proxy:  0.6327 Loss dta_trans:  0.0059 Loss dta_phys:  0.0065 Loss dta_preserve:  0.0039
Time:  0.0687 Epoch: 013 Iter:  300/ 600 LR: 0.0000383414 Loss content:  0.0176 Loss fft:  0.8512 Loss dta_rank:  0.0000 Loss dta_tv:  0.0296 Loss dta_proxy:  0.6207 Loss dta_trans:  0.0058 Loss dta_phys:  0.0063 Loss dta_preserve:  0.0060
Time:  0.0627 Epoch: 013 Iter:  350/ 600 LR: 0.0000383414 Loss content:  0.0169 Loss fft:  0.8211 Loss dta_rank:  0.0000 Loss dta_tv:  0.0285 Loss dta_proxy:  0.6245 Loss dta_trans:  0.0053 Loss dta_phys:  0.0066 Loss dta_preserve:  0.0058
Time:  0.0683 Epoch: 013 Iter:  400/ 600 LR: 0.0000383414 Loss content:  0.0177 Loss fft:  0.8341 Loss dta_rank:  0.0000 Loss dta_tv:  0.0282 Loss dta_proxy:  0.6498 Loss dta_trans:  0.0056 Loss dta_phys:  0.0069 Loss dta_preserve:  0.0055
Time:  0.0671 Epoch: 013 Iter:  450/ 600 LR: 0.0000383414 Loss content:  0.0174 Loss fft:  0.8226 Loss dta_rank:  0.0000 Loss dta_tv:  0.0289 Loss dta_proxy:  0.6129 Loss dta_trans:  0.0059 Loss dta_phys:  0.0057 Loss dta_preserve:  0.0045
Time:  0.0723 Epoch: 013 Iter:  500/ 600 LR: 0.0000383414 Loss content:  0.0168 Loss fft:  0.8314 Loss dta_rank:  0.0000 Loss dta_tv:  0.0285 Loss dta_proxy:  0.6418 Loss dta_trans:  0.0053 Loss dta_phys:  0.0067 Loss dta_preserve:  0.0043
Time:  0.0760 Epoch: 013 Iter:  550/ 600 LR: 0.0000383414 Loss content:  0.0171 Loss fft:  0.8344 Loss dta_rank:  0.0000 Loss dta_tv:  0.0288 Loss dta_proxy:  0.6628 Loss dta_trans:  0.0057 Loss dta_phys:  0.0070 Loss dta_preserve:  0.0057
Time:  0.0747 Epoch: 013 Iter:  600/ 600 LR: 0.0000383414 Loss content:  0.0168 Loss fft:  0.7938 Loss dta_rank:  0.0000 Loss dta_tv:  0.0271 Loss dta_proxy:  0.6538 Loss dta_trans:  0.0059 Loss dta_phys:  0.0062 Loss dta_preserve:  0.0060
EPOCH: 13
Elapsed time: 0.86 Epoch Pixel Loss:  0.0172 Epoch FFT Loss:  0.8248 Epoch DTA Rank:  0.0000 Epoch DTA TV:  0.0285 Epoch DTA Proxy:  0.6380 Epoch DTA Trans:  0.0056 Epoch DTA Phys:  0.0066 Epoch DTA Preserve:  0.0051
DTA_GATE_RAMP epoch=14 gate_limit=0.060000
Time:  0.0812 Epoch: 014 Iter:   50/ 600 LR: 0.0000297690 Loss content:  0.0164 Loss fft:  0.8042 Loss dta_rank:  0.0000 Loss dta_tv:  0.0282 Loss dta_proxy:  0.6541 Loss dta_trans:  0.0052 Loss dta_phys:  0.0066 Loss dta_preserve:  0.0048
Time:  0.0730 Epoch: 014 Iter:  100/ 600 LR: 0.0000297690 Loss content:  0.0168 Loss fft:  0.8055 Loss dta_rank:  0.0000 Loss dta_tv:  0.0283 Loss dta_proxy:  0.6404 Loss dta_trans:  0.0049 Loss dta_phys:  0.0067 Loss dta_preserve:  0.0044
Time:  0.0755 Epoch: 014 Iter:  150/ 600 LR: 0.0000297690 Loss content:  0.0173 Loss fft:  0.8247 Loss dta_rank:  0.0000 Loss dta_tv:  0.0288 Loss dta_proxy:  0.6324 Loss dta_trans:  0.0060 Loss dta_phys:  0.0067 Loss dta_preserve:  0.0043
Time:  0.0715 Epoch: 014 Iter:  200/ 600 LR: 0.0000297690 Loss content:  0.0165 Loss fft:  0.8215 Loss dta_rank:  0.0000 Loss dta_tv:  0.0289 Loss dta_proxy:  0.6483 Loss dta_trans:  0.0062 Loss dta_phys:  0.0069 Loss dta_preserve:  0.0051
Time:  0.0708 Epoch: 014 Iter:  250/ 600 LR: 0.0000297690 Loss content:  0.0166 Loss fft:  0.8132 Loss dta_rank:  0.0000 Loss dta_tv:  0.0285 Loss dta_proxy:  0.6444 Loss dta_trans:  0.0066 Loss dta_phys:  0.0074 Loss dta_preserve:  0.0063
Time:  0.0668 Epoch: 014 Iter:  300/ 600 LR: 0.0000297690 Loss content:  0.0173 Loss fft:  0.8038 Loss dta_rank:  0.0000 Loss dta_tv:  0.0276 Loss dta_proxy:  0.6519 Loss dta_trans:  0.0048 Loss dta_phys:  0.0064 Loss dta_preserve:  0.0047
Time:  0.0673 Epoch: 014 Iter:  350/ 600 LR: 0.0000297690 Loss content:  0.0167 Loss fft:  0.7946 Loss dta_rank:  0.0000 Loss dta_tv:  0.0290 Loss dta_proxy:  0.6298 Loss dta_trans:  0.0063 Loss dta_phys:  0.0068 Loss dta_preserve:  0.0046
Time:  0.0738 Epoch: 014 Iter:  400/ 600 LR: 0.0000297690 Loss content:  0.0175 Loss fft:  0.8126 Loss dta_rank:  0.0000 Loss dta_tv:  0.0289 Loss dta_proxy:  0.6233 Loss dta_trans:  0.0065 Loss dta_phys:  0.0068 Loss dta_preserve:  0.0045
Time:  0.0746 Epoch: 014 Iter:  450/ 600 LR: 0.0000297690 Loss content:  0.0180 Loss fft:  0.8642 Loss dta_rank:  0.0000 Loss dta_tv:  0.0289 Loss dta_proxy:  0.6493 Loss dta_trans:  0.0046 Loss dta_phys:  0.0062 Loss dta_preserve:  0.0057
Time:  0.0720 Epoch: 014 Iter:  500/ 600 LR: 0.0000297690 Loss content:  0.0178 Loss fft:  0.8351 Loss dta_rank:  0.0000 Loss dta_tv:  0.0289 Loss dta_proxy:  0.6255 Loss dta_trans:  0.0061 Loss dta_phys:  0.0062 Loss dta_preserve:  0.0062
Time:  0.0675 Epoch: 014 Iter:  550/ 600 LR: 0.0000297690 Loss content:  0.0168 Loss fft:  0.8045 Loss dta_rank:  0.0000 Loss dta_tv:  0.0279 Loss dta_proxy:  0.6527 Loss dta_trans:  0.0060 Loss dta_phys:  0.0066 Loss dta_preserve:  0.0049
Time:  0.0649 Epoch: 014 Iter:  600/ 600 LR: 0.0000297690 Loss content:  0.0171 Loss fft:  0.8276 Loss dta_rank:  0.0000 Loss dta_tv:  0.0284 Loss dta_proxy:  0.6470 Loss dta_trans:  0.0061 Loss dta_phys:  0.0063 Loss dta_preserve:  0.0054
EPOCH: 14
Elapsed time: 0.86 Epoch Pixel Loss:  0.0171 Epoch FFT Loss:  0.8176 Epoch DTA Rank:  0.0000 Epoch DTA TV:  0.0285 Epoch DTA Proxy:  0.6416 Epoch DTA Trans:  0.0058 Epoch DTA Phys:  0.0066 Epoch DTA Preserve:  0.0051
DTA_GATE_RAMP epoch=15 gate_limit=0.060000
Time:  0.0662 Epoch: 015 Iter:   50/ 600 LR: 0.0000219361 Loss content:  0.0183 Loss fft:  0.8171 Loss dta_rank:  0.0000 Loss dta_tv:  0.0281 Loss dta_proxy:  0.6427 Loss dta_trans:  0.0062 Loss dta_phys:  0.0065 Loss dta_preserve:  0.0053
Time:  0.0720 Epoch: 015 Iter:  100/ 600 LR: 0.0000219361 Loss content:  0.0169 Loss fft:  0.8371 Loss dta_rank:  0.0000 Loss dta_tv:  0.0289 Loss dta_proxy:  0.6578 Loss dta_trans:  0.0055 Loss dta_phys:  0.0068 Loss dta_preserve:  0.0044
Time:  0.0734 Epoch: 015 Iter:  150/ 600 LR: 0.0000219361 Loss content:  0.0174 Loss fft:  0.8526 Loss dta_rank:  0.0000 Loss dta_tv:  0.0289 Loss dta_proxy:  0.6499 Loss dta_trans:  0.0059 Loss dta_phys:  0.0070 Loss dta_preserve:  0.0046
Time:  0.0745 Epoch: 015 Iter:  200/ 600 LR: 0.0000219361 Loss content:  0.0169 Loss fft:  0.8258 Loss dta_rank:  0.0000 Loss dta_tv:  0.0281 Loss dta_proxy:  0.6377 Loss dta_trans:  0.0057 Loss dta_phys:  0.0072 Loss dta_preserve:  0.0047
Time:  0.0738 Epoch: 015 Iter:  250/ 600 LR: 0.0000219361 Loss content:  0.0171 Loss fft:  0.8114 Loss dta_rank:  0.0000 Loss dta_tv:  0.0284 Loss dta_proxy:  0.6343 Loss dta_trans:  0.0062 Loss dta_phys:  0.0068 Loss dta_preserve:  0.0046
Time:  0.0765 Epoch: 015 Iter:  300/ 600 LR: 0.0000219361 Loss content:  0.0170 Loss fft:  0.8057 Loss dta_rank:  0.0000 Loss dta_tv:  0.0276 Loss dta_proxy:  0.6552 Loss dta_trans:  0.0053 Loss dta_phys:  0.0064 Loss dta_preserve:  0.0086
Time:  0.0744 Epoch: 015 Iter:  350/ 600 LR: 0.0000219361 Loss content:  0.0174 Loss fft:  0.8004 Loss dta_rank:  0.0000 Loss dta_tv:  0.0278 Loss dta_proxy:  0.6474 Loss dta_trans:  0.0055 Loss dta_phys:  0.0075 Loss dta_preserve:  0.0074
Time:  0.0735 Epoch: 015 Iter:  400/ 600 LR: 0.0000219361 Loss content:  0.0175 Loss fft:  0.8224 Loss dta_rank:  0.0000 Loss dta_tv:  0.0285 Loss dta_proxy:  0.6333 Loss dta_trans:  0.0064 Loss dta_phys:  0.0069 Loss dta_preserve:  0.0051
Time:  0.0698 Epoch: 015 Iter:  450/ 600 LR: 0.0000219361 Loss content:  0.0170 Loss fft:  0.8258 Loss dta_rank:  0.0000 Loss dta_tv:  0.0284 Loss dta_proxy:  0.6407 Loss dta_trans:  0.0049 Loss dta_phys:  0.0059 Loss dta_preserve:  0.0055
Time:  0.0739 Epoch: 015 Iter:  500/ 600 LR: 0.0000219361 Loss content:  0.0173 Loss fft:  0.8675 Loss dta_rank:  0.0000 Loss dta_tv:  0.0287 Loss dta_proxy:  0.6271 Loss dta_trans:  0.0052 Loss dta_phys:  0.0058 Loss dta_preserve:  0.0036
Time:  0.0759 Epoch: 015 Iter:  550/ 600 LR: 0.0000219361 Loss content:  0.0173 Loss fft:  0.8112 Loss dta_rank:  0.0000 Loss dta_tv:  0.0288 Loss dta_proxy:  0.6200 Loss dta_trans:  0.0056 Loss dta_phys:  0.0065 Loss dta_preserve:  0.0060
Time:  0.0699 Epoch: 015 Iter:  600/ 600 LR: 0.0000219361 Loss content:  0.0169 Loss fft:  0.8050 Loss dta_rank:  0.0000 Loss dta_tv:  0.0279 Loss dta_proxy:  0.6532 Loss dta_trans:  0.0060 Loss dta_phys:  0.0068 Loss dta_preserve:  0.0052
EPOCH: 15
Elapsed time: 0.88 Epoch Pixel Loss:  0.0172 Epoch FFT Loss:  0.8235 Epoch DTA Rank:  0.0000 Epoch DTA TV:  0.0283 Epoch DTA Proxy:  0.6416 Epoch DTA Trans:  0.0057 Epoch DTA Phys:  0.0067 Epoch DTA Preserve:  0.0054
DTA_GATE_RAMP epoch=16 gate_limit=0.060000
Time:  0.0755 Epoch: 016 Iter:   50/ 600 LR: 0.0000151017 Loss content:  0.0160 Loss fft:  0.7780 Loss dta_rank:  0.0000 Loss dta_tv:  0.0289 Loss dta_proxy:  0.6410 Loss dta_trans:  0.0071 Loss dta_phys:  0.0067 Loss dta_preserve:  0.0047
Time:  0.0639 Epoch: 016 Iter:  100/ 600 LR: 0.0000151017 Loss content:  0.0178 Loss fft:  0.8285 Loss dta_rank:  0.0000 Loss dta_tv:  0.0273 Loss dta_proxy:  0.6789 Loss dta_trans:  0.0047 Loss dta_phys:  0.0069 Loss dta_preserve:  0.0050
Time:  0.0634 Epoch: 016 Iter:  150/ 600 LR: 0.0000151017 Loss content:  0.0179 Loss fft:  0.8512 Loss dta_rank:  0.0000 Loss dta_tv:  0.0280 Loss dta_proxy:  0.6524 Loss dta_trans:  0.0051 Loss dta_phys:  0.0062 Loss dta_preserve:  0.0072
Time:  0.0734 Epoch: 016 Iter:  200/ 600 LR: 0.0000151017 Loss content:  0.0171 Loss fft:  0.8074 Loss dta_rank:  0.0000 Loss dta_tv:  0.0284 Loss dta_proxy:  0.6258 Loss dta_trans:  0.0065 Loss dta_phys:  0.0064 Loss dta_preserve:  0.0049
Time:  0.0717 Epoch: 016 Iter:  250/ 600 LR: 0.0000151017 Loss content:  0.0167 Loss fft:  0.8123 Loss dta_rank:  0.0000 Loss dta_tv:  0.0289 Loss dta_proxy:  0.6172 Loss dta_trans:  0.0058 Loss dta_phys:  0.0064 Loss dta_preserve:  0.0040
Time:  0.0692 Epoch: 016 Iter:  300/ 600 LR: 0.0000151017 Loss content:  0.0177 Loss fft:  0.8405 Loss dta_rank:  0.0000 Loss dta_tv:  0.0291 Loss dta_proxy:  0.6256 Loss dta_trans:  0.0053 Loss dta_phys:  0.0064 Loss dta_preserve:  0.0045
Time:  0.0669 Epoch: 016 Iter:  350/ 600 LR: 0.0000151017 Loss content:  0.0171 Loss fft:  0.8351 Loss dta_rank:  0.0000 Loss dta_tv:  0.0290 Loss dta_proxy:  0.6222 Loss dta_trans:  0.0062 Loss dta_phys:  0.0065 Loss dta_preserve:  0.0043
Time:  0.0715 Epoch: 016 Iter:  400/ 600 LR: 0.0000151017 Loss content:  0.0173 Loss fft:  0.8105 Loss dta_rank:  0.0000 Loss dta_tv:  0.0280 Loss dta_proxy:  0.6524 Loss dta_trans:  0.0055 Loss dta_phys:  0.0064 Loss dta_preserve:  0.0050
Time:  0.0769 Epoch: 016 Iter:  450/ 600 LR: 0.0000151017 Loss content:  0.0167 Loss fft:  0.8131 Loss dta_rank:  0.0000 Loss dta_tv:  0.0294 Loss dta_proxy:  0.6125 Loss dta_trans:  0.0054 Loss dta_phys:  0.0065 Loss dta_preserve:  0.0049
Time:  0.0759 Epoch: 016 Iter:  500/ 600 LR: 0.0000151017 Loss content:  0.0166 Loss fft:  0.8259 Loss dta_rank:  0.0000 Loss dta_tv:  0.0281 Loss dta_proxy:  0.6394 Loss dta_trans:  0.0054 Loss dta_phys:  0.0070 Loss dta_preserve:  0.0043
Time:  0.0723 Epoch: 016 Iter:  550/ 600 LR: 0.0000151017 Loss content:  0.0177 Loss fft:  0.8072 Loss dta_rank:  0.0000 Loss dta_tv:  0.0281 Loss dta_proxy:  0.6449 Loss dta_trans:  0.0060 Loss dta_phys:  0.0068 Loss dta_preserve:  0.0044
Time:  0.0687 Epoch: 016 Iter:  600/ 600 LR: 0.0000151017 Loss content:  0.0172 Loss fft:  0.8422 Loss dta_rank:  0.0000 Loss dta_tv:  0.0277 Loss dta_proxy:  0.6566 Loss dta_trans:  0.0046 Loss dta_phys:  0.0066 Loss dta_preserve:  0.0058
EPOCH: 16
Elapsed time: 0.85 Epoch Pixel Loss:  0.0171 Epoch FFT Loss:  0.8210 Epoch DTA Rank:  0.0000 Epoch DTA TV:  0.0284 Epoch DTA Proxy:  0.6391 Epoch DTA Trans:  0.0056 Epoch DTA Phys:  0.0066 Epoch DTA Preserve:  0.0049
DTA_GATE_RAMP epoch=17 gate_limit=0.060000
Time:  0.0745 Epoch: 017 Iter:   50/ 600 LR: 0.0000094853 Loss content:  0.0164 Loss fft:  0.8117 Loss dta_rank:  0.0000 Loss dta_tv:  0.0281 Loss dta_proxy:  0.6514 Loss dta_trans:  0.0055 Loss dta_phys:  0.0068 Loss dta_preserve:  0.0047
Time:  0.0684 Epoch: 017 Iter:  100/ 600 LR: 0.0000094853 Loss content:  0.0171 Loss fft:  0.8091 Loss dta_rank:  0.0000 Loss dta_tv:  0.0289 Loss dta_proxy:  0.6241 Loss dta_trans:  0.0056 Loss dta_phys:  0.0063 Loss dta_preserve:  0.0059
Time:  0.0718 Epoch: 017 Iter:  150/ 600 LR: 0.0000094853 Loss content:  0.0179 Loss fft:  0.8109 Loss dta_rank:  0.0000 Loss dta_tv:  0.0275 Loss dta_proxy:  0.6525 Loss dta_trans:  0.0049 Loss dta_phys:  0.0069 Loss dta_preserve:  0.0047
Time:  0.0733 Epoch: 017 Iter:  200/ 600 LR: 0.0000094853 Loss content:  0.0170 Loss fft:  0.8231 Loss dta_rank:  0.0000 Loss dta_tv:  0.0282 Loss dta_proxy:  0.6416 Loss dta_trans:  0.0053 Loss dta_phys:  0.0064 Loss dta_preserve:  0.0051
Time:  0.0739 Epoch: 017 Iter:  250/ 600 LR: 0.0000094853 Loss content:  0.0167 Loss fft:  0.8090 Loss dta_rank:  0.0000 Loss dta_tv:  0.0289 Loss dta_proxy:  0.6368 Loss dta_trans:  0.0059 Loss dta_phys:  0.0064 Loss dta_preserve:  0.0048
Time:  0.0735 Epoch: 017 Iter:  300/ 600 LR: 0.0000094853 Loss content:  0.0177 Loss fft:  0.8308 Loss dta_rank:  0.0000 Loss dta_tv:  0.0285 Loss dta_proxy:  0.6417 Loss dta_trans:  0.0052 Loss dta_phys:  0.0066 Loss dta_preserve:  0.0056
Time:  0.0686 Epoch: 017 Iter:  350/ 600 LR: 0.0000094853 Loss content:  0.0179 Loss fft:  0.8354 Loss dta_rank:  0.0000 Loss dta_tv:  0.0278 Loss dta_proxy:  0.6426 Loss dta_trans:  0.0060 Loss dta_phys:  0.0065 Loss dta_preserve:  0.0066
Time:  0.0708 Epoch: 017 Iter:  400/ 600 LR: 0.0000094853 Loss content:  0.0171 Loss fft:  0.8309 Loss dta_rank:  0.0000 Loss dta_tv:  0.0286 Loss dta_proxy:  0.6339 Loss dta_trans:  0.0051 Loss dta_phys:  0.0068 Loss dta_preserve:  0.0045
Time:  0.0739 Epoch: 017 Iter:  450/ 600 LR: 0.0000094853 Loss content:  0.0171 Loss fft:  0.8345 Loss dta_rank:  0.0000 Loss dta_tv:  0.0282 Loss dta_proxy:  0.6424 Loss dta_trans:  0.0061 Loss dta_phys:  0.0066 Loss dta_preserve:  0.0050
Time:  0.0751 Epoch: 017 Iter:  500/ 600 LR: 0.0000094853 Loss content:  0.0168 Loss fft:  0.8277 Loss dta_rank:  0.0000 Loss dta_tv:  0.0278 Loss dta_proxy:  0.6501 Loss dta_trans:  0.0057 Loss dta_phys:  0.0064 Loss dta_preserve:  0.0048
Time:  0.0741 Epoch: 017 Iter:  550/ 600 LR: 0.0000094853 Loss content:  0.0171 Loss fft:  0.8202 Loss dta_rank:  0.0000 Loss dta_tv:  0.0291 Loss dta_proxy:  0.6191 Loss dta_trans:  0.0052 Loss dta_phys:  0.0066 Loss dta_preserve:  0.0052
Time:  0.0713 Epoch: 017 Iter:  600/ 600 LR: 0.0000094853 Loss content:  0.0171 Loss fft:  0.7714 Loss dta_rank:  0.0000 Loss dta_tv:  0.0285 Loss dta_proxy:  0.6403 Loss dta_trans:  0.0061 Loss dta_phys:  0.0071 Loss dta_preserve:  0.0054
EPOCH: 17
Elapsed time: 0.87 Epoch Pixel Loss:  0.0172 Epoch FFT Loss:  0.8179 Epoch DTA Rank:  0.0000 Epoch DTA TV:  0.0284 Epoch DTA Proxy:  0.6397 Epoch DTA Trans:  0.0056 Epoch DTA Phys:  0.0066 Epoch DTA Preserve:  0.0052
DTA_GATE_RAMP epoch=18 gate_limit=0.060000
Time:  0.0814 Epoch: 018 Iter:   50/ 600 LR: 0.0000052550 Loss content:  0.0169 Loss fft:  0.8184 Loss dta_rank:  0.0000 Loss dta_tv:  0.0284 Loss dta_proxy:  0.6367 Loss dta_trans:  0.0054 Loss dta_phys:  0.0071 Loss dta_preserve:  0.0061
Time:  0.0741 Epoch: 018 Iter:  100/ 600 LR: 0.0000052550 Loss content:  0.0176 Loss fft:  0.8231 Loss dta_rank:  0.0000 Loss dta_tv:  0.0281 Loss dta_proxy:  0.6523 Loss dta_trans:  0.0054 Loss dta_phys:  0.0070 Loss dta_preserve:  0.0040
Time:  0.0687 Epoch: 018 Iter:  150/ 600 LR: 0.0000052550 Loss content:  0.0168 Loss fft:  0.8208 Loss dta_rank:  0.0000 Loss dta_tv:  0.0286 Loss dta_proxy:  0.6416 Loss dta_trans:  0.0051 Loss dta_phys:  0.0070 Loss dta_preserve:  0.0039
Time:  0.0658 Epoch: 018 Iter:  200/ 600 LR: 0.0000052550 Loss content:  0.0173 Loss fft:  0.8292 Loss dta_rank:  0.0000 Loss dta_tv:  0.0284 Loss dta_proxy:  0.6372 Loss dta_trans:  0.0050 Loss dta_phys:  0.0061 Loss dta_preserve:  0.0044
Time:  0.0641 Epoch: 018 Iter:  250/ 600 LR: 0.0000052550 Loss content:  0.0176 Loss fft:  0.8571 Loss dta_rank:  0.0000 Loss dta_tv:  0.0287 Loss dta_proxy:  0.6375 Loss dta_trans:  0.0058 Loss dta_phys:  0.0059 Loss dta_preserve:  0.0048
Time:  0.0744 Epoch: 018 Iter:  300/ 600 LR: 0.0000052550 Loss content:  0.0169 Loss fft:  0.8081 Loss dta_rank:  0.0000 Loss dta_tv:  0.0283 Loss dta_proxy:  0.6465 Loss dta_trans:  0.0048 Loss dta_phys:  0.0066 Loss dta_preserve:  0.0046
Time:  0.0755 Epoch: 018 Iter:  350/ 600 LR: 0.0000052550 Loss content:  0.0169 Loss fft:  0.7968 Loss dta_rank:  0.0000 Loss dta_tv:  0.0282 Loss dta_proxy:  0.6239 Loss dta_trans:  0.0054 Loss dta_phys:  0.0071 Loss dta_preserve:  0.0058
Time:  0.0751 Epoch: 018 Iter:  400/ 600 LR: 0.0000052550 Loss content:  0.0178 Loss fft:  0.8314 Loss dta_rank:  0.0000 Loss dta_tv:  0.0280 Loss dta_proxy:  0.6497 Loss dta_trans:  0.0063 Loss dta_phys:  0.0068 Loss dta_preserve:  0.0064
Time:  0.0734 Epoch: 018 Iter:  450/ 600 LR: 0.0000052550 Loss content:  0.0174 Loss fft:  0.8339 Loss dta_rank:  0.0000 Loss dta_tv:  0.0282 Loss dta_proxy:  0.6319 Loss dta_trans:  0.0054 Loss dta_phys:  0.0065 Loss dta_preserve:  0.0053
Time:  0.0755 Epoch: 018 Iter:  500/ 600 LR: 0.0000052550 Loss content:  0.0174 Loss fft:  0.8004 Loss dta_rank:  0.0000 Loss dta_tv:  0.0280 Loss dta_proxy:  0.6461 Loss dta_trans:  0.0067 Loss dta_phys:  0.0063 Loss dta_preserve:  0.0046
Time:  0.0771 Epoch: 018 Iter:  550/ 600 LR: 0.0000052550 Loss content:  0.0173 Loss fft:  0.8085 Loss dta_rank:  0.0000 Loss dta_tv:  0.0275 Loss dta_proxy:  0.6433 Loss dta_trans:  0.0059 Loss dta_phys:  0.0069 Loss dta_preserve:  0.0047
Time:  0.0758 Epoch: 018 Iter:  600/ 600 LR: 0.0000052550 Loss content:  0.0169 Loss fft:  0.8312 Loss dta_rank:  0.0000 Loss dta_tv:  0.0278 Loss dta_proxy:  0.6557 Loss dta_trans:  0.0057 Loss dta_phys:  0.0060 Loss dta_preserve:  0.0056
EPOCH: 18
Elapsed time: 0.88 Epoch Pixel Loss:  0.0173 Epoch FFT Loss:  0.8216 Epoch DTA Rank:  0.0000 Epoch DTA TV:  0.0282 Epoch DTA Proxy:  0.6419 Epoch DTA Trans:  0.0056 Epoch DTA Phys:  0.0066 Epoch DTA Preserve:  0.0050
DTA_GATE_RAMP epoch=19 gate_limit=0.060000
Time:  0.0688 Epoch: 019 Iter:   50/ 600 LR: 0.0000025070 Loss content:  0.0168 Loss fft:  0.8314 Loss dta_rank:  0.0000 Loss dta_tv:  0.0286 Loss dta_proxy:  0.6426 Loss dta_trans:  0.0058 Loss dta_phys:  0.0064 Loss dta_preserve:  0.0045
Time:  0.0619 Epoch: 019 Iter:  100/ 600 LR: 0.0000025070 Loss content:  0.0174 Loss fft:  0.8378 Loss dta_rank:  0.0000 Loss dta_tv:  0.0280 Loss dta_proxy:  0.6542 Loss dta_trans:  0.0054 Loss dta_phys:  0.0066 Loss dta_preserve:  0.0050
Time:  0.0595 Epoch: 019 Iter:  150/ 600 LR: 0.0000025070 Loss content:  0.0174 Loss fft:  0.8184 Loss dta_rank:  0.0000 Loss dta_tv:  0.0286 Loss dta_proxy:  0.6307 Loss dta_trans:  0.0068 Loss dta_phys:  0.0075 Loss dta_preserve:  0.0043
Time:  0.0729 Epoch: 019 Iter:  200/ 600 LR: 0.0000025070 Loss content:  0.0169 Loss fft:  0.8135 Loss dta_rank:  0.0000 Loss dta_tv:  0.0280 Loss dta_proxy:  0.6627 Loss dta_trans:  0.0058 Loss dta_phys:  0.0068 Loss dta_preserve:  0.0065
Time:  0.0736 Epoch: 019 Iter:  250/ 600 LR: 0.0000025070 Loss content:  0.0174 Loss fft:  0.8293 Loss dta_rank:  0.0000 Loss dta_tv:  0.0274 Loss dta_proxy:  0.6640 Loss dta_trans:  0.0051 Loss dta_phys:  0.0066 Loss dta_preserve:  0.0057
Time:  0.0745 Epoch: 019 Iter:  300/ 600 LR: 0.0000025070 Loss content:  0.0170 Loss fft:  0.7971 Loss dta_rank:  0.0000 Loss dta_tv:  0.0287 Loss dta_proxy:  0.6211 Loss dta_trans:  0.0059 Loss dta_phys:  0.0059 Loss dta_preserve:  0.0050
Time:  0.0730 Epoch: 019 Iter:  350/ 600 LR: 0.0000025070 Loss content:  0.0170 Loss fft:  0.7938 Loss dta_rank:  0.0000 Loss dta_tv:  0.0287 Loss dta_proxy:  0.6226 Loss dta_trans:  0.0058 Loss dta_phys:  0.0062 Loss dta_preserve:  0.0056
Time:  0.0733 Epoch: 019 Iter:  400/ 600 LR: 0.0000025070 Loss content:  0.0178 Loss fft:  0.8129 Loss dta_rank:  0.0000 Loss dta_tv:  0.0275 Loss dta_proxy:  0.6496 Loss dta_trans:  0.0052 Loss dta_phys:  0.0068 Loss dta_preserve:  0.0060
Time:  0.0793 Epoch: 019 Iter:  450/ 600 LR: 0.0000025070 Loss content:  0.0161 Loss fft:  0.8142 Loss dta_rank:  0.0000 Loss dta_tv:  0.0285 Loss dta_proxy:  0.6252 Loss dta_trans:  0.0049 Loss dta_phys:  0.0065 Loss dta_preserve:  0.0051
Time:  0.0680 Epoch: 019 Iter:  500/ 600 LR: 0.0000025070 Loss content:  0.0174 Loss fft:  0.8407 Loss dta_rank:  0.0000 Loss dta_tv:  0.0283 Loss dta_proxy:  0.6387 Loss dta_trans:  0.0057 Loss dta_phys:  0.0064 Loss dta_preserve:  0.0036
Time:  0.0719 Epoch: 019 Iter:  550/ 600 LR: 0.0000025070 Loss content:  0.0175 Loss fft:  0.8287 Loss dta_rank:  0.0000 Loss dta_tv:  0.0280 Loss dta_proxy:  0.6531 Loss dta_trans:  0.0064 Loss dta_phys:  0.0068 Loss dta_preserve:  0.0059
Time:  0.0715 Epoch: 019 Iter:  600/ 600 LR: 0.0000025070 Loss content:  0.0169 Loss fft:  0.8299 Loss dta_rank:  0.0000 Loss dta_tv:  0.0284 Loss dta_proxy:  0.6463 Loss dta_trans:  0.0055 Loss dta_phys:  0.0066 Loss dta_preserve:  0.0053
EPOCH: 19
Elapsed time: 0.85 Epoch Pixel Loss:  0.0171 Epoch FFT Loss:  0.8206 Epoch DTA Rank:  0.0000 Epoch DTA TV:  0.0282 Epoch DTA Proxy:  0.6426 Epoch DTA Trans:  0.0057 Epoch DTA Phys:  0.0066 Epoch DTA Preserve:  0.0052
DTA_GATE_RAMP epoch=20 gate_limit=0.060000
Time:  0.0768 Epoch: 020 Iter:   50/ 600 LR: 0.0000012125 Loss content:  0.0171 Loss fft:  0.7937 Loss dta_rank:  0.0000 Loss dta_tv:  0.0287 Loss dta_proxy:  0.6442 Loss dta_trans:  0.0065 Loss dta_phys:  0.0072 Loss dta_preserve:  0.0047
Time:  0.0733 Epoch: 020 Iter:  100/ 600 LR: 0.0000012125 Loss content:  0.0163 Loss fft:  0.8082 Loss dta_rank:  0.0000 Loss dta_tv:  0.0285 Loss dta_proxy:  0.6357 Loss dta_trans:  0.0056 Loss dta_phys:  0.0065 Loss dta_preserve:  0.0049
Time:  0.0738 Epoch: 020 Iter:  150/ 600 LR: 0.0000012125 Loss content:  0.0168 Loss fft:  0.8247 Loss dta_rank:  0.0000 Loss dta_tv:  0.0280 Loss dta_proxy:  0.6485 Loss dta_trans:  0.0053 Loss dta_phys:  0.0066 Loss dta_preserve:  0.0045
Time:  0.0728 Epoch: 020 Iter:  200/ 600 LR: 0.0000012125 Loss content:  0.0176 Loss fft:  0.8631 Loss dta_rank:  0.0000 Loss dta_tv:  0.0289 Loss dta_proxy:  0.6416 Loss dta_trans:  0.0049 Loss dta_phys:  0.0066 Loss dta_preserve:  0.0045
Time:  0.0747 Epoch: 020 Iter:  250/ 600 LR: 0.0000012125 Loss content:  0.0179 Loss fft:  0.8272 Loss dta_rank:  0.0000 Loss dta_tv:  0.0275 Loss dta_proxy:  0.6517 Loss dta_trans:  0.0052 Loss dta_phys:  0.0070 Loss dta_preserve:  0.0060
Time:  0.0742 Epoch: 020 Iter:  300/ 600 LR: 0.0000012125 Loss content:  0.0167 Loss fft:  0.7931 Loss dta_rank:  0.0000 Loss dta_tv:  0.0288 Loss dta_proxy:  0.6303 Loss dta_trans:  0.0065 Loss dta_phys:  0.0062 Loss dta_preserve:  0.0042
Time:  0.0762 Epoch: 020 Iter:  350/ 600 LR: 0.0000012125 Loss content:  0.0166 Loss fft:  0.8220 Loss dta_rank:  0.0000 Loss dta_tv:  0.0282 Loss dta_proxy:  0.6401 Loss dta_trans:  0.0053 Loss dta_phys:  0.0066 Loss dta_preserve:  0.0045
Time:  0.0752 Epoch: 020 Iter:  400/ 600 LR: 0.0000012125 Loss content:  0.0166 Loss fft:  0.8114 Loss dta_rank:  0.0000 Loss dta_tv:  0.0283 Loss dta_proxy:  0.6460 Loss dta_trans:  0.0060 Loss dta_phys:  0.0070 Loss dta_preserve:  0.0063
Time:  0.0731 Epoch: 020 Iter:  450/ 600 LR: 0.0000012125 Loss content:  0.0173 Loss fft:  0.8295 Loss dta_rank:  0.0000 Loss dta_tv:  0.0283 Loss dta_proxy:  0.6485 Loss dta_trans:  0.0055 Loss dta_phys:  0.0060 Loss dta_preserve:  0.0046
Time:  0.0745 Epoch: 020 Iter:  500/ 600 LR: 0.0000012125 Loss content:  0.0173 Loss fft:  0.8170 Loss dta_rank:  0.0000 Loss dta_tv:  0.0281 Loss dta_proxy:  0.6591 Loss dta_trans:  0.0050 Loss dta_phys:  0.0074 Loss dta_preserve:  0.0066
Time:  0.0713 Epoch: 020 Iter:  550/ 600 LR: 0.0000012125 Loss content:  0.0173 Loss fft:  0.8150 Loss dta_rank:  0.0000 Loss dta_tv:  0.0283 Loss dta_proxy:  0.6312 Loss dta_trans:  0.0054 Loss dta_phys:  0.0066 Loss dta_preserve:  0.0046
Time:  0.0690 Epoch: 020 Iter:  600/ 600 LR: 0.0000012125 Loss content:  0.0176 Loss fft:  0.8232 Loss dta_rank:  0.0000 Loss dta_tv:  0.0287 Loss dta_proxy:  0.6388 Loss dta_trans:  0.0065 Loss dta_phys:  0.0066 Loss dta_preserve:  0.0053
EPOCH: 20
Elapsed time: 0.89 Epoch Pixel Loss:  0.0171 Epoch FFT Loss:  0.8190 Epoch DTA Rank:  0.0000 Epoch DTA TV:  0.0284 Epoch DTA Proxy:  0.6430 Epoch DTA Trans:  0.0056 Epoch DTA Phys:  0.0067 Epoch DTA Preserve:  0.0051
