Namespace(model_name='ConvIR-Haze4K-DTA-v2-adapter_only-shuffle-seed3411-f1-oof20', data='Haze4K', version='base', fam_mode='original', arch='dta_v2', seed=3411, mode='train', data_dir='/sda/home/wangyuxin/ConvIR-B/datasets/Haze4K/Haze4K', batch_size=4, learning_rate=0.0001, weight_decay=0.0, num_epoch=20, stop_epoch=20, print_freq=50, num_worker=4, save_freq=5, valid_freq=9999, mod_stats_freq=5, mod_stats_batches=16, grad_clip_norm=0.001, dta_grad_clip_norm=0.05, dta_neighbor_grad_clip_norm=0.005, init_model='/sda/home/wangyuxin/ConvIR-B/checkpoints/official/Haze4K/haze4k-base.pkl', init_model_partial=True, partial_new_prefixes='DTA.', resume='', train_scope='adapter_only', dta_depth_cache_dir='/sda/home/wangyuxin/ConvIR-B/depth_cache/depth_anything_v2_small_hf', dta_train_depth_split='train', dta_eval_depth_split='train', valid_root_split='train', eval_root_split='test', dta_require_depth=True, dta_variant='v2', dta_depth_mode='shuffle', dta_prior_channels=32, dta_gate_bias=-6.0, dta_gate_limit=0.06, dta_gamma_limit=0.12, dta_beta_limit=0.06, dta_alpha_init=1.0, dta_confidence_floor=0.25, dta_confidence_local_scale=6.0, dta_output_residual_scale=0.03, dta_use_trans_gt=True, dta_trans_weight=0.02, dta_phys_weight=0.005, dta_preserve_weight=0.02, dta_preserve_trans_thresh=0.8, dta_gate_ramp_start=0.01, dta_gate_ramp_mid=0.03, dta_gate_ramp_end=0.06, dta_gate_ramp_warmup_epochs=2, dta_gate_ramp_mid_epochs=8, dta_rank_weight=0.001, dta_tv_weight=0.0001, dta_proxy_weight=0.0, dta_rank_pairs=512, dta_rank_min_depth_gap=0.03, split_json='/sda/home/wangyuxin/ConvIR-B/repos/ConvIR-B-dta-v2-calibrated/experience_docx/experiment_logs/haze4k_dta_v2_calibrated_20260611/dta_v2_haze4k_oof_splits_seed3407.json', split_name='fold1_train', test_model='', save_image=False, leaning_rate=0.0001, model_save_dir='results/ConvIR-Haze4K-DTA-v2-adapter_only-shuffle-seed3411-f1-oof20/Training-Results/', result_dir='results/ConvIR-Haze4K-DTA-v2-adapter_only-shuffle-seed3411-f1-oof20/images/Haze4K', init_model_sha256='6f42037d57a4e3de3a10ac0ab909d66a3415864a19433c29204a975f4efa4088')
/sda/home/wangyuxin/ConvIR-B/repos/ConvIR-B-dta-v2-calibrated/Dehazing/ITS/main.py:14: FutureWarning: You are using `torch.load` with `weights_only=False` (the current default value), which uses the default pickle module implicitly. It is possible to construct malicious pickle data which will execute arbitrary code during unpickling (See https://github.com/pytorch/pytorch/blob/main/SECURITY.md#untrusted-models for more details). In a future release, the default value for `weights_only` will be flipped to `True`. This limits the functions that could be executed during unpickling. Arbitrary objects will no longer be allowed to be loaded via this mode unless they are explicitly allowlisted by the user via `torch.serialization.add_safe_globals`. We recommend you start setting `weights_only=True` for any use case where you don't have full control of the loaded file. Please open an issue on GitHub for any issues related to this experimental feature.
  state = torch.load(path, map_location=map_location)
INIT_MODEL_PARTIAL_LOAD path=/sda/home/wangyuxin/ConvIR-B/checkpoints/official/Haze4K/haze4k-base.pkl loaded=602 missing_allowed=25 unexpected=[] allowed_new_prefixes=('DTA.',)
TRAIN_SCOPE scope=adapter_only arch=dta_v2 trainable=74699 total=8705364
/sda/home/wangyuxin/ConvIR-B/envs/convir-cu121/lib/python3.10/site-packages/torch/optim/lr_scheduler.py:224: UserWarning: Detected call of `lr_scheduler.step()` before `optimizer.step()`. In PyTorch 1.1.0 and later, you should call them in the opposite order: `optimizer.step()` before `lr_scheduler.step()`.  Failure to do this will result in PyTorch skipping the first value of the learning rate schedule. See more details at https://pytorch.org/docs/stable/optim.html#how-to-adjust-learning-rate
  warnings.warn(
DTA_GATE_RAMP epoch=1 gate_limit=0.010000
Time:  0.0934 Epoch: 001 Iter:   50/ 600 LR: 0.0000333333 Loss content:  0.0178 Loss fft:  0.8350 Loss dta_rank:  0.6933 Loss dta_tv:  0.0031 Loss dta_proxy:  0.2823 Loss dta_trans:  0.0418 Loss dta_phys:  0.0073 Loss dta_preserve:  0.0053
Time:  0.0719 Epoch: 001 Iter:  100/ 600 LR: 0.0000333333 Loss content:  0.0177 Loss fft:  0.8202 Loss dta_rank:  0.6952 Loss dta_tv:  0.0103 Loss dta_proxy:  0.3386 Loss dta_trans:  0.0338 Loss dta_phys:  0.0087 Loss dta_preserve:  0.0066
Time:  0.0700 Epoch: 001 Iter:  150/ 600 LR: 0.0000333333 Loss content:  0.0178 Loss fft:  0.8554 Loss dta_rank:  0.6997 Loss dta_tv:  0.0158 Loss dta_proxy:  0.3627 Loss dta_trans:  0.0314 Loss dta_phys:  0.0101 Loss dta_preserve:  0.0053
Time:  0.0758 Epoch: 001 Iter:  200/ 600 LR: 0.0000333333 Loss content:  0.0177 Loss fft:  0.8193 Loss dta_rank:  0.7072 Loss dta_tv:  0.0204 Loss dta_proxy:  0.3858 Loss dta_trans:  0.0234 Loss dta_phys:  0.0078 Loss dta_preserve:  0.0050
Time:  0.0733 Epoch: 001 Iter:  250/ 600 LR: 0.0000333333 Loss content:  0.0170 Loss fft:  0.8212 Loss dta_rank:  0.7128 Loss dta_tv:  0.0264 Loss dta_proxy:  0.3885 Loss dta_trans:  0.0177 Loss dta_phys:  0.0077 Loss dta_preserve:  0.0062
Time:  0.0699 Epoch: 001 Iter:  300/ 600 LR: 0.0000333333 Loss content:  0.0164 Loss fft:  0.8098 Loss dta_rank:  0.7196 Loss dta_tv:  0.0312 Loss dta_proxy:  0.4012 Loss dta_trans:  0.0153 Loss dta_phys:  0.0068 Loss dta_preserve:  0.0047
Time:  0.0726 Epoch: 001 Iter:  350/ 600 LR: 0.0000333333 Loss content:  0.0182 Loss fft:  0.8472 Loss dta_rank:  0.7247 Loss dta_tv:  0.0349 Loss dta_proxy:  0.3963 Loss dta_trans:  0.0130 Loss dta_phys:  0.0069 Loss dta_preserve:  0.0049
Time:  0.0735 Epoch: 001 Iter:  400/ 600 LR: 0.0000333333 Loss content:  0.0174 Loss fft:  0.8346 Loss dta_rank:  0.7269 Loss dta_tv:  0.0372 Loss dta_proxy:  0.3953 Loss dta_trans:  0.0122 Loss dta_phys:  0.0069 Loss dta_preserve:  0.0054
Time:  0.0708 Epoch: 001 Iter:  450/ 600 LR: 0.0000333333 Loss content:  0.0172 Loss fft:  0.8029 Loss dta_rank:  0.7305 Loss dta_tv:  0.0371 Loss dta_proxy:  0.4166 Loss dta_trans:  0.0114 Loss dta_phys:  0.0065 Loss dta_preserve:  0.0093
Time:  0.0621 Epoch: 001 Iter:  500/ 600 LR: 0.0000333333 Loss content:  0.0175 Loss fft:  0.8356 Loss dta_rank:  0.7353 Loss dta_tv:  0.0383 Loss dta_proxy:  0.4140 Loss dta_trans:  0.0117 Loss dta_phys:  0.0067 Loss dta_preserve:  0.0058
Time:  0.0729 Epoch: 001 Iter:  550/ 600 LR: 0.0000333333 Loss content:  0.0163 Loss fft:  0.8001 Loss dta_rank:  0.7311 Loss dta_tv:  0.0380 Loss dta_proxy:  0.4001 Loss dta_trans:  0.0099 Loss dta_phys:  0.0069 Loss dta_preserve:  0.0037
Time:  0.0712 Epoch: 001 Iter:  600/ 600 LR: 0.0000333333 Loss content:  0.0172 Loss fft:  0.7948 Loss dta_rank:  0.7312 Loss dta_tv:  0.0371 Loss dta_proxy:  0.4337 Loss dta_trans:  0.0111 Loss dta_phys:  0.0076 Loss dta_preserve:  0.0062
EPOCH: 01
Elapsed time: 0.88 Epoch Pixel Loss:  0.0174 Epoch FFT Loss:  0.8230 Epoch DTA Rank:  0.7173 Epoch DTA TV:  0.0275 Epoch DTA Proxy:  0.3846 Epoch DTA Trans:  0.0194 Epoch DTA Phys:  0.0075 Epoch DTA Preserve:  0.0057
DTA_GATE_RAMP epoch=2 gate_limit=0.010000
Time:  0.0799 Epoch: 002 Iter:   50/ 600 LR: 0.0000666667 Loss content:  0.0173 Loss fft:  0.8466 Loss dta_rank:  0.7364 Loss dta_tv:  0.0389 Loss dta_proxy:  0.4252 Loss dta_trans:  0.0100 Loss dta_phys:  0.0074 Loss dta_preserve:  0.0056
Time:  0.0721 Epoch: 002 Iter:  100/ 600 LR: 0.0000666667 Loss content:  0.0175 Loss fft:  0.8536 Loss dta_rank:  0.7340 Loss dta_tv:  0.0388 Loss dta_proxy:  0.4068 Loss dta_trans:  0.0099 Loss dta_phys:  0.0064 Loss dta_preserve:  0.0054
Time:  0.0623 Epoch: 002 Iter:  150/ 600 LR: 0.0000666667 Loss content:  0.0179 Loss fft:  0.8376 Loss dta_rank:  0.7321 Loss dta_tv:  0.0381 Loss dta_proxy:  0.4157 Loss dta_trans:  0.0094 Loss dta_phys:  0.0072 Loss dta_preserve:  0.0049
Time:  0.0704 Epoch: 002 Iter:  200/ 600 LR: 0.0000666667 Loss content:  0.0165 Loss fft:  0.8019 Loss dta_rank:  0.7369 Loss dta_tv:  0.0373 Loss dta_proxy:  0.4381 Loss dta_trans:  0.0086 Loss dta_phys:  0.0073 Loss dta_preserve:  0.0067
Time:  0.0757 Epoch: 002 Iter:  250/ 600 LR: 0.0000666667 Loss content:  0.0172 Loss fft:  0.8010 Loss dta_rank:  0.7346 Loss dta_tv:  0.0371 Loss dta_proxy:  0.4224 Loss dta_trans:  0.0097 Loss dta_phys:  0.0070 Loss dta_preserve:  0.0062
Time:  0.0746 Epoch: 002 Iter:  300/ 600 LR: 0.0000666667 Loss content:  0.0175 Loss fft:  0.8113 Loss dta_rank:  0.7368 Loss dta_tv:  0.0376 Loss dta_proxy:  0.4192 Loss dta_trans:  0.0093 Loss dta_phys:  0.0075 Loss dta_preserve:  0.0064
Time:  0.0741 Epoch: 002 Iter:  350/ 600 LR: 0.0000666667 Loss content:  0.0171 Loss fft:  0.8113 Loss dta_rank:  0.7368 Loss dta_tv:  0.0363 Loss dta_proxy:  0.4352 Loss dta_trans:  0.0090 Loss dta_phys:  0.0067 Loss dta_preserve:  0.0051
Time:  0.0746 Epoch: 002 Iter:  400/ 600 LR: 0.0000666667 Loss content:  0.0166 Loss fft:  0.8244 Loss dta_rank:  0.7358 Loss dta_tv:  0.0365 Loss dta_proxy:  0.4342 Loss dta_trans:  0.0097 Loss dta_phys:  0.0069 Loss dta_preserve:  0.0046
Time:  0.0738 Epoch: 002 Iter:  450/ 600 LR: 0.0000666667 Loss content:  0.0172 Loss fft:  0.8103 Loss dta_rank:  0.7348 Loss dta_tv:  0.0351 Loss dta_proxy:  0.4342 Loss dta_trans:  0.0084 Loss dta_phys:  0.0072 Loss dta_preserve:  0.0044
Time:  0.0749 Epoch: 002 Iter:  500/ 600 LR: 0.0000666667 Loss content:  0.0177 Loss fft:  0.8303 Loss dta_rank:  0.7321 Loss dta_tv:  0.0357 Loss dta_proxy:  0.4156 Loss dta_trans:  0.0096 Loss dta_phys:  0.0067 Loss dta_preserve:  0.0053
Time:  0.0728 Epoch: 002 Iter:  550/ 600 LR: 0.0000666667 Loss content:  0.0173 Loss fft:  0.8444 Loss dta_rank:  0.7405 Loss dta_tv:  0.0349 Loss dta_proxy:  0.4423 Loss dta_trans:  0.0081 Loss dta_phys:  0.0066 Loss dta_preserve:  0.0068
Time:  0.0734 Epoch: 002 Iter:  600/ 600 LR: 0.0000666667 Loss content:  0.0172 Loss fft:  0.8072 Loss dta_rank:  0.7431 Loss dta_tv:  0.0342 Loss dta_proxy:  0.4537 Loss dta_trans:  0.0073 Loss dta_phys:  0.0068 Loss dta_preserve:  0.0056
EPOCH: 02
Elapsed time: 0.88 Epoch Pixel Loss:  0.0173 Epoch FFT Loss:  0.8233 Epoch DTA Rank:  0.7362 Epoch DTA TV:  0.0367 Epoch DTA Proxy:  0.4286 Epoch DTA Trans:  0.0091 Epoch DTA Phys:  0.0070 Epoch DTA Preserve:  0.0056
DTA_GATE_RAMP epoch=3 gate_limit=0.030000
Time:  0.0771 Epoch: 003 Iter:   50/ 600 LR: 0.0001000000 Loss content:  0.0170 Loss fft:  0.7910 Loss dta_rank:  0.7360 Loss dta_tv:  0.0350 Loss dta_proxy:  0.4365 Loss dta_trans:  0.0074 Loss dta_phys:  0.0066 Loss dta_preserve:  0.0058
Time:  0.0742 Epoch: 003 Iter:  100/ 600 LR: 0.0001000000 Loss content:  0.0177 Loss fft:  0.8322 Loss dta_rank:  0.7388 Loss dta_tv:  0.0343 Loss dta_proxy:  0.4306 Loss dta_trans:  0.0086 Loss dta_phys:  0.0061 Loss dta_preserve:  0.0052
Time:  0.0724 Epoch: 003 Iter:  150/ 600 LR: 0.0001000000 Loss content:  0.0174 Loss fft:  0.8361 Loss dta_rank:  0.7311 Loss dta_tv:  0.0339 Loss dta_proxy:  0.4286 Loss dta_trans:  0.0085 Loss dta_phys:  0.0070 Loss dta_preserve:  0.0066
Time:  0.0723 Epoch: 003 Iter:  200/ 600 LR: 0.0001000000 Loss content:  0.0175 Loss fft:  0.8335 Loss dta_rank:  0.7387 Loss dta_tv:  0.0346 Loss dta_proxy:  0.4231 Loss dta_trans:  0.0077 Loss dta_phys:  0.0065 Loss dta_preserve:  0.0047
Time:  0.0722 Epoch: 003 Iter:  250/ 600 LR: 0.0001000000 Loss content:  0.0171 Loss fft:  0.7950 Loss dta_rank:  0.7495 Loss dta_tv:  0.0333 Loss dta_proxy:  0.4329 Loss dta_trans:  0.0084 Loss dta_phys:  0.0063 Loss dta_preserve:  0.0061
Time:  0.0781 Epoch: 003 Iter:  300/ 600 LR: 0.0001000000 Loss content:  0.0176 Loss fft:  0.8218 Loss dta_rank:  0.7365 Loss dta_tv:  0.0349 Loss dta_proxy:  0.4100 Loss dta_trans:  0.0073 Loss dta_phys:  0.0063 Loss dta_preserve:  0.0057
Time:  0.0746 Epoch: 003 Iter:  350/ 600 LR: 0.0001000000 Loss content:  0.0176 Loss fft:  0.8289 Loss dta_rank:  0.7386 Loss dta_tv:  0.0328 Loss dta_proxy:  0.4377 Loss dta_trans:  0.0074 Loss dta_phys:  0.0072 Loss dta_preserve:  0.0056
Time:  0.0713 Epoch: 003 Iter:  400/ 600 LR: 0.0001000000 Loss content:  0.0168 Loss fft:  0.8220 Loss dta_rank:  0.7410 Loss dta_tv:  0.0330 Loss dta_proxy:  0.4052 Loss dta_trans:  0.0070 Loss dta_phys:  0.0059 Loss dta_preserve:  0.0048
Time:  0.0725 Epoch: 003 Iter:  450/ 600 LR: 0.0001000000 Loss content:  0.0170 Loss fft:  0.8359 Loss dta_rank:  0.7377 Loss dta_tv:  0.0330 Loss dta_proxy:  0.4320 Loss dta_trans:  0.0096 Loss dta_phys:  0.0070 Loss dta_preserve:  0.0057
Time:  0.0772 Epoch: 003 Iter:  500/ 600 LR: 0.0001000000 Loss content:  0.0183 Loss fft:  0.8652 Loss dta_rank:  0.7391 Loss dta_tv:  0.0326 Loss dta_proxy:  0.4381 Loss dta_trans:  0.0079 Loss dta_phys:  0.0060 Loss dta_preserve:  0.0045
Time:  0.0772 Epoch: 003 Iter:  550/ 600 LR: 0.0001000000 Loss content:  0.0180 Loss fft:  0.8347 Loss dta_rank:  0.7391 Loss dta_tv:  0.0331 Loss dta_proxy:  0.4365 Loss dta_trans:  0.0064 Loss dta_phys:  0.0071 Loss dta_preserve:  0.0057
Time:  0.0702 Epoch: 003 Iter:  600/ 600 LR: 0.0001000000 Loss content:  0.0169 Loss fft:  0.8133 Loss dta_rank:  0.7420 Loss dta_tv:  0.0328 Loss dta_proxy:  0.4397 Loss dta_trans:  0.0072 Loss dta_phys:  0.0073 Loss dta_preserve:  0.0054
EPOCH: 03
Elapsed time: 0.89 Epoch Pixel Loss:  0.0174 Epoch FFT Loss:  0.8258 Epoch DTA Rank:  0.7390 Epoch DTA TV:  0.0336 Epoch DTA Proxy:  0.4292 Epoch DTA Trans:  0.0078 Epoch DTA Phys:  0.0066 Epoch DTA Preserve:  0.0055
/sda/home/wangyuxin/ConvIR-B/envs/convir-cu121/lib/python3.10/site-packages/torch/optim/lr_scheduler.py:1087: UserWarning: To get the last learning rate computed by the scheduler, please use `get_last_lr()`.
  _warn_get_lr_called_within_step(self)
DTA_GATE_RAMP epoch=4 gate_limit=0.030000
Time:  0.0760 Epoch: 004 Iter:   50/ 600 LR: 0.0001000000 Loss content:  0.0179 Loss fft:  0.8439 Loss dta_rank:  0.7396 Loss dta_tv:  0.0318 Loss dta_proxy:  0.4460 Loss dta_trans:  0.0072 Loss dta_phys:  0.0067 Loss dta_preserve:  0.0056
Time:  0.0730 Epoch: 004 Iter:  100/ 600 LR: 0.0001000000 Loss content:  0.0172 Loss fft:  0.8263 Loss dta_rank:  0.7309 Loss dta_tv:  0.0332 Loss dta_proxy:  0.4046 Loss dta_trans:  0.0070 Loss dta_phys:  0.0059 Loss dta_preserve:  0.0043
Time:  0.0718 Epoch: 004 Iter:  150/ 600 LR: 0.0001000000 Loss content:  0.0174 Loss fft:  0.8284 Loss dta_rank:  0.7401 Loss dta_tv:  0.0324 Loss dta_proxy:  0.4371 Loss dta_trans:  0.0067 Loss dta_phys:  0.0063 Loss dta_preserve:  0.0049
Time:  0.0741 Epoch: 004 Iter:  200/ 600 LR: 0.0001000000 Loss content:  0.0167 Loss fft:  0.8074 Loss dta_rank:  0.7410 Loss dta_tv:  0.0318 Loss dta_proxy:  0.4265 Loss dta_trans:  0.0076 Loss dta_phys:  0.0065 Loss dta_preserve:  0.0061
Time:  0.0722 Epoch: 004 Iter:  250/ 600 LR: 0.0001000000 Loss content:  0.0173 Loss fft:  0.8126 Loss dta_rank:  0.7403 Loss dta_tv:  0.0326 Loss dta_proxy:  0.4342 Loss dta_trans:  0.0084 Loss dta_phys:  0.0066 Loss dta_preserve:  0.0051
Time:  0.0728 Epoch: 004 Iter:  300/ 600 LR: 0.0001000000 Loss content:  0.0176 Loss fft:  0.8443 Loss dta_rank:  0.7426 Loss dta_tv:  0.0318 Loss dta_proxy:  0.4664 Loss dta_trans:  0.0067 Loss dta_phys:  0.0069 Loss dta_preserve:  0.0050
Time:  0.0745 Epoch: 004 Iter:  350/ 600 LR: 0.0001000000 Loss content:  0.0166 Loss fft:  0.7982 Loss dta_rank:  0.7346 Loss dta_tv:  0.0313 Loss dta_proxy:  0.4355 Loss dta_trans:  0.0068 Loss dta_phys:  0.0070 Loss dta_preserve:  0.0052
Time:  0.0740 Epoch: 004 Iter:  400/ 600 LR: 0.0001000000 Loss content:  0.0170 Loss fft:  0.8183 Loss dta_rank:  0.7400 Loss dta_tv:  0.0303 Loss dta_proxy:  0.4479 Loss dta_trans:  0.0072 Loss dta_phys:  0.0063 Loss dta_preserve:  0.0051
Time:  0.0719 Epoch: 004 Iter:  450/ 600 LR: 0.0001000000 Loss content:  0.0175 Loss fft:  0.8557 Loss dta_rank:  0.7351 Loss dta_tv:  0.0307 Loss dta_proxy:  0.4482 Loss dta_trans:  0.0068 Loss dta_phys:  0.0071 Loss dta_preserve:  0.0050
Time:  0.0710 Epoch: 004 Iter:  500/ 600 LR: 0.0001000000 Loss content:  0.0173 Loss fft:  0.8140 Loss dta_rank:  0.7373 Loss dta_tv:  0.0305 Loss dta_proxy:  0.4495 Loss dta_trans:  0.0074 Loss dta_phys:  0.0066 Loss dta_preserve:  0.0044
Time:  0.0690 Epoch: 004 Iter:  550/ 600 LR: 0.0001000000 Loss content:  0.0175 Loss fft:  0.8274 Loss dta_rank:  0.7399 Loss dta_tv:  0.0304 Loss dta_proxy:  0.4381 Loss dta_trans:  0.0068 Loss dta_phys:  0.0066 Loss dta_preserve:  0.0045
Time:  0.0760 Epoch: 004 Iter:  600/ 600 LR: 0.0001000000 Loss content:  0.0172 Loss fft:  0.8174 Loss dta_rank:  0.7346 Loss dta_tv:  0.0316 Loss dta_proxy:  0.4340 Loss dta_trans:  0.0070 Loss dta_phys:  0.0078 Loss dta_preserve:  0.0054
EPOCH: 04
Elapsed time: 0.88 Epoch Pixel Loss:  0.0173 Epoch FFT Loss:  0.8245 Epoch DTA Rank:  0.7380 Epoch DTA TV:  0.0315 Epoch DTA Proxy:  0.4390 Epoch DTA Trans:  0.0071 Epoch DTA Phys:  0.0067 Epoch DTA Preserve:  0.0050
DTA_GATE_RAMP epoch=5 gate_limit=0.030000
Time:  0.0746 Epoch: 005 Iter:   50/ 600 LR: 0.0000983215 Loss content:  0.0172 Loss fft:  0.8207 Loss dta_rank:  0.7409 Loss dta_tv:  0.0297 Loss dta_proxy:  0.4336 Loss dta_trans:  0.0073 Loss dta_phys:  0.0066 Loss dta_preserve:  0.0047
Time:  0.0741 Epoch: 005 Iter:  100/ 600 LR: 0.0000983215 Loss content:  0.0165 Loss fft:  0.8234 Loss dta_rank:  0.7366 Loss dta_tv:  0.0309 Loss dta_proxy:  0.4252 Loss dta_trans:  0.0071 Loss dta_phys:  0.0063 Loss dta_preserve:  0.0036
Time:  0.0738 Epoch: 005 Iter:  150/ 600 LR: 0.0000983215 Loss content:  0.0175 Loss fft:  0.8307 Loss dta_rank:  0.7288 Loss dta_tv:  0.0308 Loss dta_proxy:  0.4079 Loss dta_trans:  0.0069 Loss dta_phys:  0.0068 Loss dta_preserve:  0.0054
Time:  0.0755 Epoch: 005 Iter:  200/ 600 LR: 0.0000983215 Loss content:  0.0166 Loss fft:  0.7861 Loss dta_rank:  0.7405 Loss dta_tv:  0.0297 Loss dta_proxy:  0.4462 Loss dta_trans:  0.0060 Loss dta_phys:  0.0061 Loss dta_preserve:  0.0044
Time:  0.0724 Epoch: 005 Iter:  250/ 600 LR: 0.0000983215 Loss content:  0.0176 Loss fft:  0.8133 Loss dta_rank:  0.7403 Loss dta_tv:  0.0306 Loss dta_proxy:  0.4401 Loss dta_trans:  0.0063 Loss dta_phys:  0.0070 Loss dta_preserve:  0.0054
Time:  0.0731 Epoch: 005 Iter:  300/ 600 LR: 0.0000983215 Loss content:  0.0173 Loss fft:  0.8145 Loss dta_rank:  0.7330 Loss dta_tv:  0.0312 Loss dta_proxy:  0.4056 Loss dta_trans:  0.0079 Loss dta_phys:  0.0069 Loss dta_preserve:  0.0048
Time:  0.0737 Epoch: 005 Iter:  350/ 600 LR: 0.0000983215 Loss content:  0.0169 Loss fft:  0.7917 Loss dta_rank:  0.7391 Loss dta_tv:  0.0287 Loss dta_proxy:  0.4663 Loss dta_trans:  0.0061 Loss dta_phys:  0.0078 Loss dta_preserve:  0.0053
Time:  0.0703 Epoch: 005 Iter:  400/ 600 LR: 0.0000983215 Loss content:  0.0184 Loss fft:  0.8347 Loss dta_rank:  0.7444 Loss dta_tv:  0.0288 Loss dta_proxy:  0.4523 Loss dta_trans:  0.0067 Loss dta_phys:  0.0073 Loss dta_preserve:  0.0057
Time:  0.0687 Epoch: 005 Iter:  450/ 600 LR: 0.0000983215 Loss content:  0.0173 Loss fft:  0.8371 Loss dta_rank:  0.7423 Loss dta_tv:  0.0298 Loss dta_proxy:  0.4273 Loss dta_trans:  0.0064 Loss dta_phys:  0.0057 Loss dta_preserve:  0.0052
Time:  0.0644 Epoch: 005 Iter:  500/ 600 LR: 0.0000983215 Loss content:  0.0174 Loss fft:  0.8222 Loss dta_rank:  0.7386 Loss dta_tv:  0.0299 Loss dta_proxy:  0.4182 Loss dta_trans:  0.0062 Loss dta_phys:  0.0061 Loss dta_preserve:  0.0049
Time:  0.0708 Epoch: 005 Iter:  550/ 600 LR: 0.0000983215 Loss content:  0.0177 Loss fft:  0.8374 Loss dta_rank:  0.7481 Loss dta_tv:  0.0286 Loss dta_proxy:  0.4458 Loss dta_trans:  0.0056 Loss dta_phys:  0.0064 Loss dta_preserve:  0.0047
Time:  0.0745 Epoch: 005 Iter:  600/ 600 LR: 0.0000983215 Loss content:  0.0172 Loss fft:  0.8039 Loss dta_rank:  0.7368 Loss dta_tv:  0.0298 Loss dta_proxy:  0.4309 Loss dta_trans:  0.0075 Loss dta_phys:  0.0071 Loss dta_preserve:  0.0049
EPOCH: 05
Elapsed time: 0.87 Epoch Pixel Loss:  0.0173 Epoch FFT Loss:  0.8180 Epoch DTA Rank:  0.7391 Epoch DTA TV:  0.0299 Epoch DTA Proxy:  0.4333 Epoch DTA Trans:  0.0067 Epoch DTA Phys:  0.0067 Epoch DTA Preserve:  0.0049
DTA_GATE_RAMP epoch=6 gate_limit=0.030000
Time:  0.0780 Epoch: 006 Iter:   50/ 600 LR: 0.0000942212 Loss content:  0.0174 Loss fft:  0.8235 Loss dta_rank:  0.7359 Loss dta_tv:  0.0297 Loss dta_proxy:  0.4298 Loss dta_trans:  0.0078 Loss dta_phys:  0.0073 Loss dta_preserve:  0.0061
Time:  0.0739 Epoch: 006 Iter:  100/ 600 LR: 0.0000942212 Loss content:  0.0169 Loss fft:  0.8276 Loss dta_rank:  0.7392 Loss dta_tv:  0.0288 Loss dta_proxy:  0.4427 Loss dta_trans:  0.0054 Loss dta_phys:  0.0060 Loss dta_preserve:  0.0046
Time:  0.0722 Epoch: 006 Iter:  150/ 600 LR: 0.0000942212 Loss content:  0.0174 Loss fft:  0.8392 Loss dta_rank:  0.7434 Loss dta_tv:  0.0298 Loss dta_proxy:  0.4369 Loss dta_trans:  0.0063 Loss dta_phys:  0.0070 Loss dta_preserve:  0.0049
Time:  0.0732 Epoch: 006 Iter:  200/ 600 LR: 0.0000942212 Loss content:  0.0171 Loss fft:  0.8157 Loss dta_rank:  0.7434 Loss dta_tv:  0.0290 Loss dta_proxy:  0.4431 Loss dta_trans:  0.0066 Loss dta_phys:  0.0068 Loss dta_preserve:  0.0046
Time:  0.0753 Epoch: 006 Iter:  250/ 600 LR: 0.0000942212 Loss content:  0.0164 Loss fft:  0.8296 Loss dta_rank:  0.7410 Loss dta_tv:  0.0288 Loss dta_proxy:  0.4394 Loss dta_trans:  0.0062 Loss dta_phys:  0.0060 Loss dta_preserve:  0.0046
Time:  0.0727 Epoch: 006 Iter:  300/ 600 LR: 0.0000942212 Loss content:  0.0172 Loss fft:  0.7989 Loss dta_rank:  0.7396 Loss dta_tv:  0.0285 Loss dta_proxy:  0.4370 Loss dta_trans:  0.0068 Loss dta_phys:  0.0066 Loss dta_preserve:  0.0056
Time:  0.0761 Epoch: 006 Iter:  350/ 600 LR: 0.0000942212 Loss content:  0.0165 Loss fft:  0.8104 Loss dta_rank:  0.7359 Loss dta_tv:  0.0288 Loss dta_proxy:  0.4438 Loss dta_trans:  0.0071 Loss dta_phys:  0.0073 Loss dta_preserve:  0.0042
Time:  0.0749 Epoch: 006 Iter:  400/ 600 LR: 0.0000942212 Loss content:  0.0180 Loss fft:  0.8333 Loss dta_rank:  0.7427 Loss dta_tv:  0.0283 Loss dta_proxy:  0.4480 Loss dta_trans:  0.0060 Loss dta_phys:  0.0063 Loss dta_preserve:  0.0053
Time:  0.0737 Epoch: 006 Iter:  450/ 600 LR: 0.0000942212 Loss content:  0.0163 Loss fft:  0.7811 Loss dta_rank:  0.7385 Loss dta_tv:  0.0289 Loss dta_proxy:  0.4306 Loss dta_trans:  0.0065 Loss dta_phys:  0.0062 Loss dta_preserve:  0.0059
Time:  0.0747 Epoch: 006 Iter:  500/ 600 LR: 0.0000942212 Loss content:  0.0177 Loss fft:  0.8077 Loss dta_rank:  0.7396 Loss dta_tv:  0.0287 Loss dta_proxy:  0.4425 Loss dta_trans:  0.0064 Loss dta_phys:  0.0070 Loss dta_preserve:  0.0060
Time:  0.0771 Epoch: 006 Iter:  550/ 600 LR: 0.0000942212 Loss content:  0.0172 Loss fft:  0.8404 Loss dta_rank:  0.7292 Loss dta_tv:  0.0293 Loss dta_proxy:  0.4201 Loss dta_trans:  0.0065 Loss dta_phys:  0.0070 Loss dta_preserve:  0.0055
Time:  0.0731 Epoch: 006 Iter:  600/ 600 LR: 0.0000942212 Loss content:  0.0175 Loss fft:  0.8271 Loss dta_rank:  0.7344 Loss dta_tv:  0.0289 Loss dta_proxy:  0.4156 Loss dta_trans:  0.0069 Loss dta_phys:  0.0067 Loss dta_preserve:  0.0060
EPOCH: 06
Elapsed time: 0.90 Epoch Pixel Loss:  0.0171 Epoch FFT Loss:  0.8195 Epoch DTA Rank:  0.7386 Epoch DTA TV:  0.0290 Epoch DTA Proxy:  0.4358 Epoch DTA Trans:  0.0065 Epoch DTA Phys:  0.0067 Epoch DTA Preserve:  0.0053
DTA_GATE_RAMP epoch=7 gate_limit=0.030000
Time:  0.0785 Epoch: 007 Iter:   50/ 600 LR: 0.0000886874 Loss content:  0.0161 Loss fft:  0.7903 Loss dta_rank:  0.7410 Loss dta_tv:  0.0293 Loss dta_proxy:  0.4224 Loss dta_trans:  0.0053 Loss dta_phys:  0.0062 Loss dta_preserve:  0.0048
Time:  0.0739 Epoch: 007 Iter:  100/ 600 LR: 0.0000886874 Loss content:  0.0174 Loss fft:  0.7964 Loss dta_rank:  0.7442 Loss dta_tv:  0.0283 Loss dta_proxy:  0.4516 Loss dta_trans:  0.0060 Loss dta_phys:  0.0064 Loss dta_preserve:  0.0055
Time:  0.0741 Epoch: 007 Iter:  150/ 600 LR: 0.0000886874 Loss content:  0.0190 Loss fft:  0.8823 Loss dta_rank:  0.7489 Loss dta_tv:  0.0275 Loss dta_proxy:  0.4606 Loss dta_trans:  0.0050 Loss dta_phys:  0.0074 Loss dta_preserve:  0.0070
Time:  0.0701 Epoch: 007 Iter:  200/ 600 LR: 0.0000886874 Loss content:  0.0177 Loss fft:  0.8316 Loss dta_rank:  0.7340 Loss dta_tv:  0.0284 Loss dta_proxy:  0.4294 Loss dta_trans:  0.0078 Loss dta_phys:  0.0063 Loss dta_preserve:  0.0058
Time:  0.0731 Epoch: 007 Iter:  250/ 600 LR: 0.0000886874 Loss content:  0.0173 Loss fft:  0.8032 Loss dta_rank:  0.7413 Loss dta_tv:  0.0275 Loss dta_proxy:  0.4398 Loss dta_trans:  0.0068 Loss dta_phys:  0.0066 Loss dta_preserve:  0.0037
Time:  0.0744 Epoch: 007 Iter:  300/ 600 LR: 0.0000886874 Loss content:  0.0167 Loss fft:  0.7817 Loss dta_rank:  0.7397 Loss dta_tv:  0.0290 Loss dta_proxy:  0.4151 Loss dta_trans:  0.0065 Loss dta_phys:  0.0067 Loss dta_preserve:  0.0048
Time:  0.0770 Epoch: 007 Iter:  350/ 600 LR: 0.0000886874 Loss content:  0.0175 Loss fft:  0.8286 Loss dta_rank:  0.7464 Loss dta_tv:  0.0289 Loss dta_proxy:  0.4363 Loss dta_trans:  0.0069 Loss dta_phys:  0.0067 Loss dta_preserve:  0.0058
Time:  0.0726 Epoch: 007 Iter:  400/ 600 LR: 0.0000886874 Loss content:  0.0169 Loss fft:  0.8395 Loss dta_rank:  0.7280 Loss dta_tv:  0.0279 Loss dta_proxy:  0.4358 Loss dta_trans:  0.0063 Loss dta_phys:  0.0069 Loss dta_preserve:  0.0061
Time:  0.0746 Epoch: 007 Iter:  450/ 600 LR: 0.0000886874 Loss content:  0.0175 Loss fft:  0.8273 Loss dta_rank:  0.7343 Loss dta_tv:  0.0281 Loss dta_proxy:  0.4395 Loss dta_trans:  0.0067 Loss dta_phys:  0.0070 Loss dta_preserve:  0.0066
Time:  0.0795 Epoch: 007 Iter:  500/ 600 LR: 0.0000886874 Loss content:  0.0178 Loss fft:  0.8347 Loss dta_rank:  0.7350 Loss dta_tv:  0.0280 Loss dta_proxy:  0.4473 Loss dta_trans:  0.0065 Loss dta_phys:  0.0071 Loss dta_preserve:  0.0060
Time:  0.0763 Epoch: 007 Iter:  550/ 600 LR: 0.0000886874 Loss content:  0.0167 Loss fft:  0.7964 Loss dta_rank:  0.7364 Loss dta_tv:  0.0283 Loss dta_proxy:  0.4353 Loss dta_trans:  0.0059 Loss dta_phys:  0.0061 Loss dta_preserve:  0.0047
Time:  0.0771 Epoch: 007 Iter:  600/ 600 LR: 0.0000886874 Loss content:  0.0171 Loss fft:  0.8145 Loss dta_rank:  0.7462 Loss dta_tv:  0.0285 Loss dta_proxy:  0.4256 Loss dta_trans:  0.0070 Loss dta_phys:  0.0070 Loss dta_preserve:  0.0045
EPOCH: 07
Elapsed time: 0.90 Epoch Pixel Loss:  0.0173 Epoch FFT Loss:  0.8189 Epoch DTA Rank:  0.7396 Epoch DTA TV:  0.0283 Epoch DTA Proxy:  0.4365 Epoch DTA Trans:  0.0064 Epoch DTA Phys:  0.0067 Epoch DTA Preserve:  0.0054
DTA_GATE_RAMP epoch=8 gate_limit=0.030000
Time:  0.0775 Epoch: 008 Iter:   50/ 600 LR: 0.0000819070 Loss content:  0.0174 Loss fft:  0.8344 Loss dta_rank:  0.7365 Loss dta_tv:  0.0272 Loss dta_proxy:  0.4623 Loss dta_trans:  0.0057 Loss dta_phys:  0.0072 Loss dta_preserve:  0.0058
Time:  0.0720 Epoch: 008 Iter:  100/ 600 LR: 0.0000819070 Loss content:  0.0167 Loss fft:  0.7882 Loss dta_rank:  0.7432 Loss dta_tv:  0.0280 Loss dta_proxy:  0.4276 Loss dta_trans:  0.0054 Loss dta_phys:  0.0070 Loss dta_preserve:  0.0052
Time:  0.0767 Epoch: 008 Iter:  150/ 600 LR: 0.0000819070 Loss content:  0.0176 Loss fft:  0.8194 Loss dta_rank:  0.7410 Loss dta_tv:  0.0266 Loss dta_proxy:  0.4664 Loss dta_trans:  0.0064 Loss dta_phys:  0.0073 Loss dta_preserve:  0.0059
Time:  0.0740 Epoch: 008 Iter:  200/ 600 LR: 0.0000819070 Loss content:  0.0183 Loss fft:  0.8467 Loss dta_rank:  0.7387 Loss dta_tv:  0.0278 Loss dta_proxy:  0.4379 Loss dta_trans:  0.0066 Loss dta_phys:  0.0067 Loss dta_preserve:  0.0053
Time:  0.0775 Epoch: 008 Iter:  250/ 600 LR: 0.0000819070 Loss content:  0.0170 Loss fft:  0.8235 Loss dta_rank:  0.7451 Loss dta_tv:  0.0276 Loss dta_proxy:  0.4337 Loss dta_trans:  0.0064 Loss dta_phys:  0.0064 Loss dta_preserve:  0.0042
Time:  0.0741 Epoch: 008 Iter:  300/ 600 LR: 0.0000819070 Loss content:  0.0169 Loss fft:  0.8110 Loss dta_rank:  0.7329 Loss dta_tv:  0.0282 Loss dta_proxy:  0.4101 Loss dta_trans:  0.0066 Loss dta_phys:  0.0068 Loss dta_preserve:  0.0063
Time:  0.0717 Epoch: 008 Iter:  350/ 600 LR: 0.0000819070 Loss content:  0.0168 Loss fft:  0.8399 Loss dta_rank:  0.7418 Loss dta_tv:  0.0281 Loss dta_proxy:  0.4332 Loss dta_trans:  0.0065 Loss dta_phys:  0.0059 Loss dta_preserve:  0.0051
Time:  0.0710 Epoch: 008 Iter:  400/ 600 LR: 0.0000819070 Loss content:  0.0178 Loss fft:  0.8404 Loss dta_rank:  0.7380 Loss dta_tv:  0.0284 Loss dta_proxy:  0.4160 Loss dta_trans:  0.0057 Loss dta_phys:  0.0068 Loss dta_preserve:  0.0044
Time:  0.0713 Epoch: 008 Iter:  450/ 600 LR: 0.0000819070 Loss content:  0.0174 Loss fft:  0.8123 Loss dta_rank:  0.7395 Loss dta_tv:  0.0279 Loss dta_proxy:  0.4373 Loss dta_trans:  0.0069 Loss dta_phys:  0.0069 Loss dta_preserve:  0.0046
Time:  0.0718 Epoch: 008 Iter:  500/ 600 LR: 0.0000819070 Loss content:  0.0172 Loss fft:  0.8056 Loss dta_rank:  0.7397 Loss dta_tv:  0.0281 Loss dta_proxy:  0.4310 Loss dta_trans:  0.0062 Loss dta_phys:  0.0066 Loss dta_preserve:  0.0047
Time:  0.0729 Epoch: 008 Iter:  550/ 600 LR: 0.0000819070 Loss content:  0.0171 Loss fft:  0.8053 Loss dta_rank:  0.7390 Loss dta_tv:  0.0274 Loss dta_proxy:  0.4498 Loss dta_trans:  0.0057 Loss dta_phys:  0.0063 Loss dta_preserve:  0.0061
Time:  0.0707 Epoch: 008 Iter:  600/ 600 LR: 0.0000819070 Loss content:  0.0172 Loss fft:  0.8356 Loss dta_rank:  0.7405 Loss dta_tv:  0.0283 Loss dta_proxy:  0.4208 Loss dta_trans:  0.0064 Loss dta_phys:  0.0065 Loss dta_preserve:  0.0045
EPOCH: 08
Elapsed time: 0.89 Epoch Pixel Loss:  0.0173 Epoch FFT Loss:  0.8219 Epoch DTA Rank:  0.7397 Epoch DTA TV:  0.0278 Epoch DTA Proxy:  0.4355 Epoch DTA Trans:  0.0062 Epoch DTA Phys:  0.0067 Epoch DTA Preserve:  0.0052
DTA_GATE_RAMP epoch=9 gate_limit=0.060000
Time:  0.0757 Epoch: 009 Iter:   50/ 600 LR: 0.0000741093 Loss content:  0.0175 Loss fft:  0.8205 Loss dta_rank:  0.7403 Loss dta_tv:  0.0275 Loss dta_proxy:  0.4263 Loss dta_trans:  0.0067 Loss dta_phys:  0.0065 Loss dta_preserve:  0.0044
Time:  0.0725 Epoch: 009 Iter:  100/ 600 LR: 0.0000741093 Loss content:  0.0173 Loss fft:  0.8166 Loss dta_rank:  0.7372 Loss dta_tv:  0.0273 Loss dta_proxy:  0.4374 Loss dta_trans:  0.0054 Loss dta_phys:  0.0066 Loss dta_preserve:  0.0046
Time:  0.0720 Epoch: 009 Iter:  150/ 600 LR: 0.0000741093 Loss content:  0.0177 Loss fft:  0.8163 Loss dta_rank:  0.7392 Loss dta_tv:  0.0275 Loss dta_proxy:  0.4426 Loss dta_trans:  0.0070 Loss dta_phys:  0.0075 Loss dta_preserve:  0.0051
Time:  0.0748 Epoch: 009 Iter:  200/ 600 LR: 0.0000741093 Loss content:  0.0174 Loss fft:  0.8299 Loss dta_rank:  0.7425 Loss dta_tv:  0.0278 Loss dta_proxy:  0.4265 Loss dta_trans:  0.0055 Loss dta_phys:  0.0068 Loss dta_preserve:  0.0049
Time:  0.0736 Epoch: 009 Iter:  250/ 600 LR: 0.0000741093 Loss content:  0.0178 Loss fft:  0.8102 Loss dta_rank:  0.7363 Loss dta_tv:  0.0278 Loss dta_proxy:  0.4307 Loss dta_trans:  0.0061 Loss dta_phys:  0.0069 Loss dta_preserve:  0.0058
Time:  0.0724 Epoch: 009 Iter:  300/ 600 LR: 0.0000741093 Loss content:  0.0169 Loss fft:  0.8380 Loss dta_rank:  0.7320 Loss dta_tv:  0.0279 Loss dta_proxy:  0.4148 Loss dta_trans:  0.0054 Loss dta_phys:  0.0066 Loss dta_preserve:  0.0053
Time:  0.0754 Epoch: 009 Iter:  350/ 600 LR: 0.0000741093 Loss content:  0.0185 Loss fft:  0.8494 Loss dta_rank:  0.7406 Loss dta_tv:  0.0280 Loss dta_proxy:  0.4273 Loss dta_trans:  0.0057 Loss dta_phys:  0.0065 Loss dta_preserve:  0.0057
Time:  0.0733 Epoch: 009 Iter:  400/ 600 LR: 0.0000741093 Loss content:  0.0171 Loss fft:  0.7990 Loss dta_rank:  0.7395 Loss dta_tv:  0.0277 Loss dta_proxy:  0.4128 Loss dta_trans:  0.0072 Loss dta_phys:  0.0067 Loss dta_preserve:  0.0045
Time:  0.0746 Epoch: 009 Iter:  450/ 600 LR: 0.0000741093 Loss content:  0.0168 Loss fft:  0.7964 Loss dta_rank:  0.7441 Loss dta_tv:  0.0268 Loss dta_proxy:  0.4589 Loss dta_trans:  0.0065 Loss dta_phys:  0.0074 Loss dta_preserve:  0.0043
Time:  0.0766 Epoch: 009 Iter:  500/ 600 LR: 0.0000741093 Loss content:  0.0169 Loss fft:  0.8193 Loss dta_rank:  0.7481 Loss dta_tv:  0.0270 Loss dta_proxy:  0.4402 Loss dta_trans:  0.0054 Loss dta_phys:  0.0063 Loss dta_preserve:  0.0043
Time:  0.0725 Epoch: 009 Iter:  550/ 600 LR: 0.0000741093 Loss content:  0.0174 Loss fft:  0.8318 Loss dta_rank:  0.7406 Loss dta_tv:  0.0269 Loss dta_proxy:  0.4332 Loss dta_trans:  0.0053 Loss dta_phys:  0.0063 Loss dta_preserve:  0.0048
Time:  0.0707 Epoch: 009 Iter:  600/ 600 LR: 0.0000741093 Loss content:  0.0182 Loss fft:  0.8763 Loss dta_rank:  0.7483 Loss dta_tv:  0.0259 Loss dta_proxy:  0.4642 Loss dta_trans:  0.0059 Loss dta_phys:  0.0063 Loss dta_preserve:  0.0071
EPOCH: 09
Elapsed time: 0.89 Epoch Pixel Loss:  0.0175 Epoch FFT Loss:  0.8253 Epoch DTA Rank:  0.7407 Epoch DTA TV:  0.0274 Epoch DTA Proxy:  0.4346 Epoch DTA Trans:  0.0060 Epoch DTA Phys:  0.0067 Epoch DTA Preserve:  0.0051
DTA_GATE_RAMP epoch=10 gate_limit=0.060000
Time:  0.0800 Epoch: 010 Iter:   50/ 600 LR: 0.0000655580 Loss content:  0.0172 Loss fft:  0.8214 Loss dta_rank:  0.7324 Loss dta_tv:  0.0269 Loss dta_proxy:  0.4158 Loss dta_trans:  0.0068 Loss dta_phys:  0.0059 Loss dta_preserve:  0.0048
Time:  0.0717 Epoch: 010 Iter:  100/ 600 LR: 0.0000655580 Loss content:  0.0174 Loss fft:  0.8252 Loss dta_rank:  0.7474 Loss dta_tv:  0.0268 Loss dta_proxy:  0.4592 Loss dta_trans:  0.0062 Loss dta_phys:  0.0074 Loss dta_preserve:  0.0054
Time:  0.0732 Epoch: 010 Iter:  150/ 600 LR: 0.0000655580 Loss content:  0.0168 Loss fft:  0.7975 Loss dta_rank:  0.7343 Loss dta_tv:  0.0262 Loss dta_proxy:  0.4410 Loss dta_trans:  0.0057 Loss dta_phys:  0.0064 Loss dta_preserve:  0.0054
Time:  0.0767 Epoch: 010 Iter:  200/ 600 LR: 0.0000655580 Loss content:  0.0169 Loss fft:  0.7880 Loss dta_rank:  0.7438 Loss dta_tv:  0.0273 Loss dta_proxy:  0.4246 Loss dta_trans:  0.0054 Loss dta_phys:  0.0067 Loss dta_preserve:  0.0046
Time:  0.0741 Epoch: 010 Iter:  250/ 600 LR: 0.0000655580 Loss content:  0.0171 Loss fft:  0.8176 Loss dta_rank:  0.7453 Loss dta_tv:  0.0277 Loss dta_proxy:  0.4107 Loss dta_trans:  0.0059 Loss dta_phys:  0.0061 Loss dta_preserve:  0.0065
Time:  0.0740 Epoch: 010 Iter:  300/ 600 LR: 0.0000655580 Loss content:  0.0173 Loss fft:  0.8201 Loss dta_rank:  0.7456 Loss dta_tv:  0.0274 Loss dta_proxy:  0.4311 Loss dta_trans:  0.0060 Loss dta_phys:  0.0067 Loss dta_preserve:  0.0050
Time:  0.0749 Epoch: 010 Iter:  350/ 600 LR: 0.0000655580 Loss content:  0.0178 Loss fft:  0.8675 Loss dta_rank:  0.7439 Loss dta_tv:  0.0267 Loss dta_proxy:  0.4442 Loss dta_trans:  0.0056 Loss dta_phys:  0.0056 Loss dta_preserve:  0.0056
Time:  0.0764 Epoch: 010 Iter:  400/ 600 LR: 0.0000655580 Loss content:  0.0167 Loss fft:  0.8132 Loss dta_rank:  0.7458 Loss dta_tv:  0.0274 Loss dta_proxy:  0.4129 Loss dta_trans:  0.0059 Loss dta_phys:  0.0066 Loss dta_preserve:  0.0049
Time:  0.0712 Epoch: 010 Iter:  450/ 600 LR: 0.0000655580 Loss content:  0.0169 Loss fft:  0.7902 Loss dta_rank:  0.7358 Loss dta_tv:  0.0267 Loss dta_proxy:  0.4415 Loss dta_trans:  0.0072 Loss dta_phys:  0.0081 Loss dta_preserve:  0.0047
Time:  0.0708 Epoch: 010 Iter:  500/ 600 LR: 0.0000655580 Loss content:  0.0177 Loss fft:  0.8392 Loss dta_rank:  0.7385 Loss dta_tv:  0.0270 Loss dta_proxy:  0.4110 Loss dta_trans:  0.0058 Loss dta_phys:  0.0059 Loss dta_preserve:  0.0056
Time:  0.0735 Epoch: 010 Iter:  550/ 600 LR: 0.0000655580 Loss content:  0.0169 Loss fft:  0.8193 Loss dta_rank:  0.7418 Loss dta_tv:  0.0269 Loss dta_proxy:  0.4355 Loss dta_trans:  0.0056 Loss dta_phys:  0.0071 Loss dta_preserve:  0.0051
Time:  0.0767 Epoch: 010 Iter:  600/ 600 LR: 0.0000655580 Loss content:  0.0172 Loss fft:  0.8295 Loss dta_rank:  0.7478 Loss dta_tv:  0.0267 Loss dta_proxy:  0.4275 Loss dta_trans:  0.0056 Loss dta_phys:  0.0064 Loss dta_preserve:  0.0060
EPOCH: 10
Elapsed time: 0.90 Epoch Pixel Loss:  0.0171 Epoch FFT Loss:  0.8191 Epoch DTA Rank:  0.7419 Epoch DTA TV:  0.0270 Epoch DTA Proxy:  0.4296 Epoch DTA Trans:  0.0060 Epoch DTA Phys:  0.0066 Epoch DTA Preserve:  0.0053
DTA_GATE_RAMP epoch=11 gate_limit=0.060000
Time:  0.0809 Epoch: 011 Iter:   50/ 600 LR: 0.0000565424 Loss content:  0.0176 Loss fft:  0.8450 Loss dta_rank:  0.7420 Loss dta_tv:  0.0270 Loss dta_proxy:  0.4451 Loss dta_trans:  0.0050 Loss dta_phys:  0.0071 Loss dta_preserve:  0.0049
Time:  0.0795 Epoch: 011 Iter:  100/ 600 LR: 0.0000565424 Loss content:  0.0170 Loss fft:  0.8271 Loss dta_rank:  0.7439 Loss dta_tv:  0.0260 Loss dta_proxy:  0.4487 Loss dta_trans:  0.0059 Loss dta_phys:  0.0066 Loss dta_preserve:  0.0058
Time:  0.0782 Epoch: 011 Iter:  150/ 600 LR: 0.0000565424 Loss content:  0.0167 Loss fft:  0.7985 Loss dta_rank:  0.7462 Loss dta_tv:  0.0262 Loss dta_proxy:  0.4443 Loss dta_trans:  0.0063 Loss dta_phys:  0.0070 Loss dta_preserve:  0.0053
Time:  0.0755 Epoch: 011 Iter:  200/ 600 LR: 0.0000565424 Loss content:  0.0171 Loss fft:  0.8528 Loss dta_rank:  0.7433 Loss dta_tv:  0.0282 Loss dta_proxy:  0.4179 Loss dta_trans:  0.0061 Loss dta_phys:  0.0064 Loss dta_preserve:  0.0054
Time:  0.0724 Epoch: 011 Iter:  250/ 600 LR: 0.0000565424 Loss content:  0.0173 Loss fft:  0.8320 Loss dta_rank:  0.7430 Loss dta_tv:  0.0263 Loss dta_proxy:  0.4337 Loss dta_trans:  0.0052 Loss dta_phys:  0.0064 Loss dta_preserve:  0.0055
Time:  0.0744 Epoch: 011 Iter:  300/ 600 LR: 0.0000565424 Loss content:  0.0179 Loss fft:  0.8562 Loss dta_rank:  0.7429 Loss dta_tv:  0.0267 Loss dta_proxy:  0.4298 Loss dta_trans:  0.0073 Loss dta_phys:  0.0065 Loss dta_preserve:  0.0053
Time:  0.0778 Epoch: 011 Iter:  350/ 600 LR: 0.0000565424 Loss content:  0.0160 Loss fft:  0.7845 Loss dta_rank:  0.7341 Loss dta_tv:  0.0261 Loss dta_proxy:  0.4344 Loss dta_trans:  0.0064 Loss dta_phys:  0.0071 Loss dta_preserve:  0.0051
Time:  0.0758 Epoch: 011 Iter:  400/ 600 LR: 0.0000565424 Loss content:  0.0176 Loss fft:  0.8000 Loss dta_rank:  0.7498 Loss dta_tv:  0.0269 Loss dta_proxy:  0.4328 Loss dta_trans:  0.0055 Loss dta_phys:  0.0072 Loss dta_preserve:  0.0040
Time:  0.0792 Epoch: 011 Iter:  450/ 600 LR: 0.0000565424 Loss content:  0.0175 Loss fft:  0.8536 Loss dta_rank:  0.7395 Loss dta_tv:  0.0263 Loss dta_proxy:  0.4332 Loss dta_trans:  0.0064 Loss dta_phys:  0.0063 Loss dta_preserve:  0.0046
Time:  0.0777 Epoch: 011 Iter:  500/ 600 LR: 0.0000565424 Loss content:  0.0175 Loss fft:  0.8132 Loss dta_rank:  0.7402 Loss dta_tv:  0.0266 Loss dta_proxy:  0.4258 Loss dta_trans:  0.0056 Loss dta_phys:  0.0064 Loss dta_preserve:  0.0053
Time:  0.0718 Epoch: 011 Iter:  550/ 600 LR: 0.0000565424 Loss content:  0.0180 Loss fft:  0.8604 Loss dta_rank:  0.7372 Loss dta_tv:  0.0265 Loss dta_proxy:  0.4395 Loss dta_trans:  0.0062 Loss dta_phys:  0.0073 Loss dta_preserve:  0.0048
Time:  0.0760 Epoch: 011 Iter:  600/ 600 LR: 0.0000565424 Loss content:  0.0172 Loss fft:  0.8003 Loss dta_rank:  0.7395 Loss dta_tv:  0.0265 Loss dta_proxy:  0.4212 Loss dta_trans:  0.0064 Loss dta_phys:  0.0067 Loss dta_preserve:  0.0067
EPOCH: 11
Elapsed time: 0.92 Epoch Pixel Loss:  0.0173 Epoch FFT Loss:  0.8270 Epoch DTA Rank:  0.7418 Epoch DTA TV:  0.0266 Epoch DTA Proxy:  0.4339 Epoch DTA Trans:  0.0060 Epoch DTA Phys:  0.0067 Epoch DTA Preserve:  0.0052
DTA_GATE_RAMP epoch=12 gate_limit=0.060000
Time:  0.0845 Epoch: 012 Iter:   50/ 600 LR: 0.0000473670 Loss content:  0.0172 Loss fft:  0.8404 Loss dta_rank:  0.7454 Loss dta_tv:  0.0258 Loss dta_proxy:  0.4606 Loss dta_trans:  0.0063 Loss dta_phys:  0.0076 Loss dta_preserve:  0.0055
Time:  0.0774 Epoch: 012 Iter:  100/ 600 LR: 0.0000473670 Loss content:  0.0168 Loss fft:  0.8186 Loss dta_rank:  0.7419 Loss dta_tv:  0.0259 Loss dta_proxy:  0.4437 Loss dta_trans:  0.0058 Loss dta_phys:  0.0068 Loss dta_preserve:  0.0047
Time:  0.0771 Epoch: 012 Iter:  150/ 600 LR: 0.0000473670 Loss content:  0.0173 Loss fft:  0.8226 Loss dta_rank:  0.7381 Loss dta_tv:  0.0268 Loss dta_proxy:  0.4334 Loss dta_trans:  0.0065 Loss dta_phys:  0.0062 Loss dta_preserve:  0.0053
Time:  0.0787 Epoch: 012 Iter:  200/ 600 LR: 0.0000473670 Loss content:  0.0169 Loss fft:  0.8012 Loss dta_rank:  0.7350 Loss dta_tv:  0.0273 Loss dta_proxy:  0.4267 Loss dta_trans:  0.0062 Loss dta_phys:  0.0069 Loss dta_preserve:  0.0047
Time:  0.0811 Epoch: 012 Iter:  250/ 600 LR: 0.0000473670 Loss content:  0.0169 Loss fft:  0.8354 Loss dta_rank:  0.7319 Loss dta_tv:  0.0273 Loss dta_proxy:  0.4130 Loss dta_trans:  0.0065 Loss dta_phys:  0.0062 Loss dta_preserve:  0.0051
Time:  0.0810 Epoch: 012 Iter:  300/ 600 LR: 0.0000473670 Loss content:  0.0175 Loss fft:  0.8156 Loss dta_rank:  0.7468 Loss dta_tv:  0.0274 Loss dta_proxy:  0.4415 Loss dta_trans:  0.0052 Loss dta_phys:  0.0074 Loss dta_preserve:  0.0067
Time:  0.0815 Epoch: 012 Iter:  350/ 600 LR: 0.0000473670 Loss content:  0.0165 Loss fft:  0.8055 Loss dta_rank:  0.7426 Loss dta_tv:  0.0269 Loss dta_proxy:  0.4278 Loss dta_trans:  0.0052 Loss dta_phys:  0.0067 Loss dta_preserve:  0.0035
Time:  0.0756 Epoch: 012 Iter:  400/ 600 LR: 0.0000473670 Loss content:  0.0173 Loss fft:  0.8285 Loss dta_rank:  0.7343 Loss dta_tv:  0.0267 Loss dta_proxy:  0.4293 Loss dta_trans:  0.0061 Loss dta_phys:  0.0064 Loss dta_preserve:  0.0051
Time:  0.0810 Epoch: 012 Iter:  450/ 600 LR: 0.0000473670 Loss content:  0.0179 Loss fft:  0.8503 Loss dta_rank:  0.7382 Loss dta_tv:  0.0261 Loss dta_proxy:  0.4411 Loss dta_trans:  0.0050 Loss dta_phys:  0.0070 Loss dta_preserve:  0.0049
Time:  0.0745 Epoch: 012 Iter:  500/ 600 LR: 0.0000473670 Loss content:  0.0164 Loss fft:  0.8061 Loss dta_rank:  0.7394 Loss dta_tv:  0.0260 Loss dta_proxy:  0.4329 Loss dta_trans:  0.0057 Loss dta_phys:  0.0066 Loss dta_preserve:  0.0053
Time:  0.0778 Epoch: 012 Iter:  550/ 600 LR: 0.0000473670 Loss content:  0.0172 Loss fft:  0.8257 Loss dta_rank:  0.7469 Loss dta_tv:  0.0262 Loss dta_proxy:  0.4430 Loss dta_trans:  0.0055 Loss dta_phys:  0.0066 Loss dta_preserve:  0.0063
Time:  0.0730 Epoch: 012 Iter:  600/ 600 LR: 0.0000473670 Loss content:  0.0176 Loss fft:  0.8318 Loss dta_rank:  0.7366 Loss dta_tv:  0.0265 Loss dta_proxy:  0.4159 Loss dta_trans:  0.0054 Loss dta_phys:  0.0062 Loss dta_preserve:  0.0048
EPOCH: 12
Elapsed time: 0.95 Epoch Pixel Loss:  0.0171 Epoch FFT Loss:  0.8235 Epoch DTA Rank:  0.7397 Epoch DTA TV:  0.0266 Epoch DTA Proxy:  0.4341 Epoch DTA Trans:  0.0058 Epoch DTA Phys:  0.0067 Epoch DTA Preserve:  0.0052
DTA_GATE_RAMP epoch=13 gate_limit=0.060000
Time:  0.0823 Epoch: 013 Iter:   50/ 600 LR: 0.0000383414 Loss content:  0.0178 Loss fft:  0.8383 Loss dta_rank:  0.7428 Loss dta_tv:  0.0271 Loss dta_proxy:  0.4279 Loss dta_trans:  0.0048 Loss dta_phys:  0.0066 Loss dta_preserve:  0.0047
Time:  0.0775 Epoch: 013 Iter:  100/ 600 LR: 0.0000383414 Loss content:  0.0161 Loss fft:  0.7808 Loss dta_rank:  0.7393 Loss dta_tv:  0.0269 Loss dta_proxy:  0.4083 Loss dta_trans:  0.0059 Loss dta_phys:  0.0071 Loss dta_preserve:  0.0045
Time:  0.0791 Epoch: 013 Iter:  150/ 600 LR: 0.0000383414 Loss content:  0.0167 Loss fft:  0.8049 Loss dta_rank:  0.7430 Loss dta_tv:  0.0251 Loss dta_proxy:  0.4456 Loss dta_trans:  0.0062 Loss dta_phys:  0.0065 Loss dta_preserve:  0.0054
Time:  0.0785 Epoch: 013 Iter:  200/ 600 LR: 0.0000383414 Loss content:  0.0183 Loss fft:  0.8698 Loss dta_rank:  0.7465 Loss dta_tv:  0.0262 Loss dta_proxy:  0.4384 Loss dta_trans:  0.0056 Loss dta_phys:  0.0073 Loss dta_preserve:  0.0052
Time:  0.0809 Epoch: 013 Iter:  250/ 600 LR: 0.0000383414 Loss content:  0.0171 Loss fft:  0.8155 Loss dta_rank:  0.7406 Loss dta_tv:  0.0259 Loss dta_proxy:  0.4240 Loss dta_trans:  0.0061 Loss dta_phys:  0.0065 Loss dta_preserve:  0.0039
Time:  0.0788 Epoch: 013 Iter:  300/ 600 LR: 0.0000383414 Loss content:  0.0176 Loss fft:  0.8513 Loss dta_rank:  0.7449 Loss dta_tv:  0.0272 Loss dta_proxy:  0.4064 Loss dta_trans:  0.0059 Loss dta_phys:  0.0063 Loss dta_preserve:  0.0060
Time:  0.0756 Epoch: 013 Iter:  350/ 600 LR: 0.0000383414 Loss content:  0.0169 Loss fft:  0.8211 Loss dta_rank:  0.7397 Loss dta_tv:  0.0262 Loss dta_proxy:  0.4155 Loss dta_trans:  0.0056 Loss dta_phys:  0.0066 Loss dta_preserve:  0.0058
Time:  0.0776 Epoch: 013 Iter:  400/ 600 LR: 0.0000383414 Loss content:  0.0177 Loss fft:  0.8343 Loss dta_rank:  0.7373 Loss dta_tv:  0.0260 Loss dta_proxy:  0.4295 Loss dta_trans:  0.0058 Loss dta_phys:  0.0069 Loss dta_preserve:  0.0055
Time:  0.0760 Epoch: 013 Iter:  450/ 600 LR: 0.0000383414 Loss content:  0.0174 Loss fft:  0.8226 Loss dta_rank:  0.7360 Loss dta_tv:  0.0266 Loss dta_proxy:  0.4097 Loss dta_trans:  0.0060 Loss dta_phys:  0.0057 Loss dta_preserve:  0.0045
Time:  0.0805 Epoch: 013 Iter:  500/ 600 LR: 0.0000383414 Loss content:  0.0168 Loss fft:  0.8314 Loss dta_rank:  0.7431 Loss dta_tv:  0.0263 Loss dta_proxy:  0.4441 Loss dta_trans:  0.0055 Loss dta_phys:  0.0067 Loss dta_preserve:  0.0043
Time:  0.0802 Epoch: 013 Iter:  550/ 600 LR: 0.0000383414 Loss content:  0.0171 Loss fft:  0.8344 Loss dta_rank:  0.7405 Loss dta_tv:  0.0265 Loss dta_proxy:  0.4373 Loss dta_trans:  0.0058 Loss dta_phys:  0.0070 Loss dta_preserve:  0.0057
Time:  0.0743 Epoch: 013 Iter:  600/ 600 LR: 0.0000383414 Loss content:  0.0168 Loss fft:  0.7938 Loss dta_rank:  0.7385 Loss dta_tv:  0.0250 Loss dta_proxy:  0.4484 Loss dta_trans:  0.0061 Loss dta_phys:  0.0062 Loss dta_preserve:  0.0060
EPOCH: 13
Elapsed time: 0.94 Epoch Pixel Loss:  0.0172 Epoch FFT Loss:  0.8248 Epoch DTA Rank:  0.7410 Epoch DTA TV:  0.0263 Epoch DTA Proxy:  0.4279 Epoch DTA Trans:  0.0058 Epoch DTA Phys:  0.0066 Epoch DTA Preserve:  0.0051
DTA_GATE_RAMP epoch=14 gate_limit=0.060000
Time:  0.0822 Epoch: 014 Iter:   50/ 600 LR: 0.0000297690 Loss content:  0.0164 Loss fft:  0.8042 Loss dta_rank:  0.7442 Loss dta_tv:  0.0260 Loss dta_proxy:  0.4468 Loss dta_trans:  0.0053 Loss dta_phys:  0.0067 Loss dta_preserve:  0.0048
Time:  0.0772 Epoch: 014 Iter:  100/ 600 LR: 0.0000297690 Loss content:  0.0168 Loss fft:  0.8055 Loss dta_rank:  0.7465 Loss dta_tv:  0.0261 Loss dta_proxy:  0.4420 Loss dta_trans:  0.0050 Loss dta_phys:  0.0067 Loss dta_preserve:  0.0044
Time:  0.0776 Epoch: 014 Iter:  150/ 600 LR: 0.0000297690 Loss content:  0.0173 Loss fft:  0.8248 Loss dta_rank:  0.7389 Loss dta_tv:  0.0265 Loss dta_proxy:  0.4302 Loss dta_trans:  0.0062 Loss dta_phys:  0.0067 Loss dta_preserve:  0.0043
Time:  0.0779 Epoch: 014 Iter:  200/ 600 LR: 0.0000297690 Loss content:  0.0165 Loss fft:  0.8216 Loss dta_rank:  0.7383 Loss dta_tv:  0.0267 Loss dta_proxy:  0.4375 Loss dta_trans:  0.0065 Loss dta_phys:  0.0069 Loss dta_preserve:  0.0051
Time:  0.0784 Epoch: 014 Iter:  250/ 600 LR: 0.0000297690 Loss content:  0.0166 Loss fft:  0.8133 Loss dta_rank:  0.7432 Loss dta_tv:  0.0262 Loss dta_proxy:  0.4424 Loss dta_trans:  0.0067 Loss dta_phys:  0.0075 Loss dta_preserve:  0.0063
Time:  0.0753 Epoch: 014 Iter:  300/ 600 LR: 0.0000297690 Loss content:  0.0173 Loss fft:  0.8038 Loss dta_rank:  0.7358 Loss dta_tv:  0.0255 Loss dta_proxy:  0.4358 Loss dta_trans:  0.0049 Loss dta_phys:  0.0065 Loss dta_preserve:  0.0047
Time:  0.0795 Epoch: 014 Iter:  350/ 600 LR: 0.0000297690 Loss content:  0.0167 Loss fft:  0.7946 Loss dta_rank:  0.7337 Loss dta_tv:  0.0267 Loss dta_proxy:  0.4112 Loss dta_trans:  0.0064 Loss dta_phys:  0.0069 Loss dta_preserve:  0.0046
Time:  0.0779 Epoch: 014 Iter:  400/ 600 LR: 0.0000297690 Loss content:  0.0175 Loss fft:  0.8127 Loss dta_rank:  0.7413 Loss dta_tv:  0.0265 Loss dta_proxy:  0.4084 Loss dta_trans:  0.0067 Loss dta_phys:  0.0068 Loss dta_preserve:  0.0045
Time:  0.0776 Epoch: 014 Iter:  450/ 600 LR: 0.0000297690 Loss content:  0.0180 Loss fft:  0.8642 Loss dta_rank:  0.7370 Loss dta_tv:  0.0266 Loss dta_proxy:  0.4344 Loss dta_trans:  0.0049 Loss dta_phys:  0.0063 Loss dta_preserve:  0.0057
Time:  0.0804 Epoch: 014 Iter:  500/ 600 LR: 0.0000297690 Loss content:  0.0178 Loss fft:  0.8351 Loss dta_rank:  0.7340 Loss dta_tv:  0.0267 Loss dta_proxy:  0.4115 Loss dta_trans:  0.0063 Loss dta_phys:  0.0063 Loss dta_preserve:  0.0062
Time:  0.0790 Epoch: 014 Iter:  550/ 600 LR: 0.0000297690 Loss content:  0.0168 Loss fft:  0.8045 Loss dta_rank:  0.7446 Loss dta_tv:  0.0258 Loss dta_proxy:  0.4426 Loss dta_trans:  0.0062 Loss dta_phys:  0.0067 Loss dta_preserve:  0.0049
Time:  0.0774 Epoch: 014 Iter:  600/ 600 LR: 0.0000297690 Loss content:  0.0171 Loss fft:  0.8277 Loss dta_rank:  0.7370 Loss dta_tv:  0.0262 Loss dta_proxy:  0.4375 Loss dta_trans:  0.0061 Loss dta_phys:  0.0063 Loss dta_preserve:  0.0054
EPOCH: 14
Elapsed time: 0.94 Epoch Pixel Loss:  0.0171 Epoch FFT Loss:  0.8177 Epoch DTA Rank:  0.7395 Epoch DTA TV:  0.0263 Epoch DTA Proxy:  0.4317 Epoch DTA Trans:  0.0059 Epoch DTA Phys:  0.0067 Epoch DTA Preserve:  0.0051
DTA_GATE_RAMP epoch=15 gate_limit=0.060000
Time:  0.0810 Epoch: 015 Iter:   50/ 600 LR: 0.0000219361 Loss content:  0.0183 Loss fft:  0.8172 Loss dta_rank:  0.7357 Loss dta_tv:  0.0259 Loss dta_proxy:  0.4353 Loss dta_trans:  0.0064 Loss dta_phys:  0.0066 Loss dta_preserve:  0.0053
Time:  0.0699 Epoch: 015 Iter:  100/ 600 LR: 0.0000219361 Loss content:  0.0169 Loss fft:  0.8371 Loss dta_rank:  0.7452 Loss dta_tv:  0.0266 Loss dta_proxy:  0.4455 Loss dta_trans:  0.0056 Loss dta_phys:  0.0068 Loss dta_preserve:  0.0044
Time:  0.0780 Epoch: 015 Iter:  150/ 600 LR: 0.0000219361 Loss content:  0.0174 Loss fft:  0.8527 Loss dta_rank:  0.7455 Loss dta_tv:  0.0266 Loss dta_proxy:  0.4425 Loss dta_trans:  0.0061 Loss dta_phys:  0.0070 Loss dta_preserve:  0.0046
Time:  0.0724 Epoch: 015 Iter:  200/ 600 LR: 0.0000219361 Loss content:  0.0169 Loss fft:  0.8259 Loss dta_rank:  0.7481 Loss dta_tv:  0.0259 Loss dta_proxy:  0.4346 Loss dta_trans:  0.0059 Loss dta_phys:  0.0073 Loss dta_preserve:  0.0047
Time:  0.0759 Epoch: 015 Iter:  250/ 600 LR: 0.0000219361 Loss content:  0.0171 Loss fft:  0.8114 Loss dta_rank:  0.7368 Loss dta_tv:  0.0261 Loss dta_proxy:  0.4289 Loss dta_trans:  0.0063 Loss dta_phys:  0.0069 Loss dta_preserve:  0.0046
Time:  0.0767 Epoch: 015 Iter:  300/ 600 LR: 0.0000219361 Loss content:  0.0170 Loss fft:  0.8056 Loss dta_rank:  0.7426 Loss dta_tv:  0.0255 Loss dta_proxy:  0.4528 Loss dta_trans:  0.0055 Loss dta_phys:  0.0065 Loss dta_preserve:  0.0086
Time:  0.0760 Epoch: 015 Iter:  350/ 600 LR: 0.0000219361 Loss content:  0.0174 Loss fft:  0.8004 Loss dta_rank:  0.7451 Loss dta_tv:  0.0256 Loss dta_proxy:  0.4486 Loss dta_trans:  0.0055 Loss dta_phys:  0.0075 Loss dta_preserve:  0.0074
Time:  0.0731 Epoch: 015 Iter:  400/ 600 LR: 0.0000219361 Loss content:  0.0175 Loss fft:  0.8224 Loss dta_rank:  0.7405 Loss dta_tv:  0.0262 Loss dta_proxy:  0.4235 Loss dta_trans:  0.0066 Loss dta_phys:  0.0069 Loss dta_preserve:  0.0052
Time:  0.0769 Epoch: 015 Iter:  450/ 600 LR: 0.0000219361 Loss content:  0.0170 Loss fft:  0.8259 Loss dta_rank:  0.7465 Loss dta_tv:  0.0261 Loss dta_proxy:  0.4331 Loss dta_trans:  0.0052 Loss dta_phys:  0.0059 Loss dta_preserve:  0.0055
Time:  0.0716 Epoch: 015 Iter:  500/ 600 LR: 0.0000219361 Loss content:  0.0173 Loss fft:  0.8675 Loss dta_rank:  0.7444 Loss dta_tv:  0.0265 Loss dta_proxy:  0.4261 Loss dta_trans:  0.0054 Loss dta_phys:  0.0058 Loss dta_preserve:  0.0036
Time:  0.0714 Epoch: 015 Iter:  550/ 600 LR: 0.0000219361 Loss content:  0.0173 Loss fft:  0.8112 Loss dta_rank:  0.7309 Loss dta_tv:  0.0266 Loss dta_proxy:  0.4087 Loss dta_trans:  0.0057 Loss dta_phys:  0.0065 Loss dta_preserve:  0.0060
Time:  0.0667 Epoch: 015 Iter:  600/ 600 LR: 0.0000219361 Loss content:  0.0169 Loss fft:  0.8050 Loss dta_rank:  0.7354 Loss dta_tv:  0.0257 Loss dta_proxy:  0.4394 Loss dta_trans:  0.0062 Loss dta_phys:  0.0068 Loss dta_preserve:  0.0052
EPOCH: 15
Elapsed time: 0.89 Epoch Pixel Loss:  0.0172 Epoch FFT Loss:  0.8235 Epoch DTA Rank:  0.7414 Epoch DTA TV:  0.0261 Epoch DTA Proxy:  0.4349 Epoch DTA Trans:  0.0059 Epoch DTA Phys:  0.0067 Epoch DTA Preserve:  0.0054
DTA_GATE_RAMP epoch=16 gate_limit=0.060000
Time:  0.0746 Epoch: 016 Iter:   50/ 600 LR: 0.0000151017 Loss content:  0.0160 Loss fft:  0.7781 Loss dta_rank:  0.7440 Loss dta_tv:  0.0266 Loss dta_proxy:  0.4329 Loss dta_trans:  0.0073 Loss dta_phys:  0.0068 Loss dta_preserve:  0.0047
Time:  0.0699 Epoch: 016 Iter:  100/ 600 LR: 0.0000151017 Loss content:  0.0178 Loss fft:  0.8286 Loss dta_rank:  0.7417 Loss dta_tv:  0.0251 Loss dta_proxy:  0.4648 Loss dta_trans:  0.0050 Loss dta_phys:  0.0069 Loss dta_preserve:  0.0050
Time:  0.0767 Epoch: 016 Iter:  150/ 600 LR: 0.0000151017 Loss content:  0.0179 Loss fft:  0.8512 Loss dta_rank:  0.7457 Loss dta_tv:  0.0257 Loss dta_proxy:  0.4456 Loss dta_trans:  0.0052 Loss dta_phys:  0.0062 Loss dta_preserve:  0.0072
Time:  0.0772 Epoch: 016 Iter:  200/ 600 LR: 0.0000151017 Loss content:  0.0171 Loss fft:  0.8074 Loss dta_rank:  0.7405 Loss dta_tv:  0.0261 Loss dta_proxy:  0.4197 Loss dta_trans:  0.0066 Loss dta_phys:  0.0065 Loss dta_preserve:  0.0049
Time:  0.0785 Epoch: 016 Iter:  250/ 600 LR: 0.0000151017 Loss content:  0.0167 Loss fft:  0.8123 Loss dta_rank:  0.7365 Loss dta_tv:  0.0267 Loss dta_proxy:  0.4165 Loss dta_trans:  0.0060 Loss dta_phys:  0.0064 Loss dta_preserve:  0.0040
Time:  0.0759 Epoch: 016 Iter:  300/ 600 LR: 0.0000151017 Loss content:  0.0177 Loss fft:  0.8406 Loss dta_rank:  0.7372 Loss dta_tv:  0.0267 Loss dta_proxy:  0.4144 Loss dta_trans:  0.0054 Loss dta_phys:  0.0064 Loss dta_preserve:  0.0045
Time:  0.0767 Epoch: 016 Iter:  350/ 600 LR: 0.0000151017 Loss content:  0.0171 Loss fft:  0.8352 Loss dta_rank:  0.7311 Loss dta_tv:  0.0268 Loss dta_proxy:  0.4129 Loss dta_trans:  0.0063 Loss dta_phys:  0.0065 Loss dta_preserve:  0.0043
Time:  0.0783 Epoch: 016 Iter:  400/ 600 LR: 0.0000151017 Loss content:  0.0173 Loss fft:  0.8105 Loss dta_rank:  0.7382 Loss dta_tv:  0.0258 Loss dta_proxy:  0.4318 Loss dta_trans:  0.0056 Loss dta_phys:  0.0065 Loss dta_preserve:  0.0050
Time:  0.0791 Epoch: 016 Iter:  450/ 600 LR: 0.0000151017 Loss content:  0.0167 Loss fft:  0.8132 Loss dta_rank:  0.7432 Loss dta_tv:  0.0270 Loss dta_proxy:  0.4017 Loss dta_trans:  0.0056 Loss dta_phys:  0.0066 Loss dta_preserve:  0.0049
Time:  0.0781 Epoch: 016 Iter:  500/ 600 LR: 0.0000151017 Loss content:  0.0166 Loss fft:  0.8259 Loss dta_rank:  0.7440 Loss dta_tv:  0.0258 Loss dta_proxy:  0.4269 Loss dta_trans:  0.0055 Loss dta_phys:  0.0070 Loss dta_preserve:  0.0043
Time:  0.0776 Epoch: 016 Iter:  550/ 600 LR: 0.0000151017 Loss content:  0.0177 Loss fft:  0.8073 Loss dta_rank:  0.7400 Loss dta_tv:  0.0259 Loss dta_proxy:  0.4361 Loss dta_trans:  0.0062 Loss dta_phys:  0.0069 Loss dta_preserve:  0.0044
Time:  0.0771 Epoch: 016 Iter:  600/ 600 LR: 0.0000151017 Loss content:  0.0172 Loss fft:  0.8421 Loss dta_rank:  0.7453 Loss dta_tv:  0.0255 Loss dta_proxy:  0.4553 Loss dta_trans:  0.0048 Loss dta_phys:  0.0067 Loss dta_preserve:  0.0058
EPOCH: 16
Elapsed time: 0.92 Epoch Pixel Loss:  0.0171 Epoch FFT Loss:  0.8210 Epoch DTA Rank:  0.7406 Epoch DTA TV:  0.0261 Epoch DTA Proxy:  0.4299 Epoch DTA Trans:  0.0058 Epoch DTA Phys:  0.0066 Epoch DTA Preserve:  0.0049
DTA_GATE_RAMP epoch=17 gate_limit=0.060000
Time:  0.0780 Epoch: 017 Iter:   50/ 600 LR: 0.0000094853 Loss content:  0.0164 Loss fft:  0.8118 Loss dta_rank:  0.7409 Loss dta_tv:  0.0259 Loss dta_proxy:  0.4548 Loss dta_trans:  0.0057 Loss dta_phys:  0.0069 Loss dta_preserve:  0.0047
Time:  0.0747 Epoch: 017 Iter:  100/ 600 LR: 0.0000094853 Loss content:  0.0171 Loss fft:  0.8091 Loss dta_rank:  0.7373 Loss dta_tv:  0.0267 Loss dta_proxy:  0.4113 Loss dta_trans:  0.0057 Loss dta_phys:  0.0063 Loss dta_preserve:  0.0059
Time:  0.0740 Epoch: 017 Iter:  150/ 600 LR: 0.0000094853 Loss content:  0.0179 Loss fft:  0.8109 Loss dta_rank:  0.7387 Loss dta_tv:  0.0253 Loss dta_proxy:  0.4450 Loss dta_trans:  0.0050 Loss dta_phys:  0.0070 Loss dta_preserve:  0.0047
Time:  0.0784 Epoch: 017 Iter:  200/ 600 LR: 0.0000094853 Loss content:  0.0170 Loss fft:  0.8232 Loss dta_rank:  0.7462 Loss dta_tv:  0.0260 Loss dta_proxy:  0.4328 Loss dta_trans:  0.0055 Loss dta_phys:  0.0064 Loss dta_preserve:  0.0051
Time:  0.0762 Epoch: 017 Iter:  250/ 600 LR: 0.0000094853 Loss content:  0.0167 Loss fft:  0.8090 Loss dta_rank:  0.7368 Loss dta_tv:  0.0267 Loss dta_proxy:  0.4252 Loss dta_trans:  0.0061 Loss dta_phys:  0.0065 Loss dta_preserve:  0.0048
Time:  0.0753 Epoch: 017 Iter:  300/ 600 LR: 0.0000094853 Loss content:  0.0177 Loss fft:  0.8309 Loss dta_rank:  0.7473 Loss dta_tv:  0.0263 Loss dta_proxy:  0.4358 Loss dta_trans:  0.0052 Loss dta_phys:  0.0066 Loss dta_preserve:  0.0056
Time:  0.0754 Epoch: 017 Iter:  350/ 600 LR: 0.0000094853 Loss content:  0.0179 Loss fft:  0.8355 Loss dta_rank:  0.7436 Loss dta_tv:  0.0255 Loss dta_proxy:  0.4349 Loss dta_trans:  0.0061 Loss dta_phys:  0.0065 Loss dta_preserve:  0.0067
Time:  0.0748 Epoch: 017 Iter:  400/ 600 LR: 0.0000094853 Loss content:  0.0171 Loss fft:  0.8310 Loss dta_rank:  0.7385 Loss dta_tv:  0.0263 Loss dta_proxy:  0.4247 Loss dta_trans:  0.0054 Loss dta_phys:  0.0069 Loss dta_preserve:  0.0045
Time:  0.0759 Epoch: 017 Iter:  450/ 600 LR: 0.0000094853 Loss content:  0.0171 Loss fft:  0.8346 Loss dta_rank:  0.7382 Loss dta_tv:  0.0260 Loss dta_proxy:  0.4292 Loss dta_trans:  0.0063 Loss dta_phys:  0.0067 Loss dta_preserve:  0.0050
Time:  0.0750 Epoch: 017 Iter:  500/ 600 LR: 0.0000094853 Loss content:  0.0168 Loss fft:  0.8277 Loss dta_rank:  0.7375 Loss dta_tv:  0.0255 Loss dta_proxy:  0.4297 Loss dta_trans:  0.0059 Loss dta_phys:  0.0064 Loss dta_preserve:  0.0048
Time:  0.0708 Epoch: 017 Iter:  550/ 600 LR: 0.0000094853 Loss content:  0.0172 Loss fft:  0.8204 Loss dta_rank:  0.7384 Loss dta_tv:  0.0268 Loss dta_proxy:  0.4137 Loss dta_trans:  0.0054 Loss dta_phys:  0.0067 Loss dta_preserve:  0.0052
Time:  0.0694 Epoch: 017 Iter:  600/ 600 LR: 0.0000094853 Loss content:  0.0171 Loss fft:  0.7714 Loss dta_rank:  0.7358 Loss dta_tv:  0.0263 Loss dta_proxy:  0.4302 Loss dta_trans:  0.0063 Loss dta_phys:  0.0072 Loss dta_preserve:  0.0054
EPOCH: 17
Elapsed time: 0.90 Epoch Pixel Loss:  0.0172 Epoch FFT Loss:  0.8179 Epoch DTA Rank:  0.7399 Epoch DTA TV:  0.0261 Epoch DTA Proxy:  0.4306 Epoch DTA Trans:  0.0057 Epoch DTA Phys:  0.0067 Epoch DTA Preserve:  0.0052
DTA_GATE_RAMP epoch=18 gate_limit=0.060000
Time:  0.0757 Epoch: 018 Iter:   50/ 600 LR: 0.0000052550 Loss content:  0.0169 Loss fft:  0.8185 Loss dta_rank:  0.7427 Loss dta_tv:  0.0262 Loss dta_proxy:  0.4329 Loss dta_trans:  0.0055 Loss dta_phys:  0.0071 Loss dta_preserve:  0.0061
Time:  0.0733 Epoch: 018 Iter:  100/ 600 LR: 0.0000052550 Loss content:  0.0176 Loss fft:  0.8231 Loss dta_rank:  0.7407 Loss dta_tv:  0.0258 Loss dta_proxy:  0.4452 Loss dta_trans:  0.0056 Loss dta_phys:  0.0070 Loss dta_preserve:  0.0040
Time:  0.0767 Epoch: 018 Iter:  150/ 600 LR: 0.0000052550 Loss content:  0.0168 Loss fft:  0.8208 Loss dta_rank:  0.7402 Loss dta_tv:  0.0263 Loss dta_proxy:  0.4345 Loss dta_trans:  0.0052 Loss dta_phys:  0.0070 Loss dta_preserve:  0.0038
Time:  0.0695 Epoch: 018 Iter:  200/ 600 LR: 0.0000052550 Loss content:  0.0173 Loss fft:  0.8293 Loss dta_rank:  0.7458 Loss dta_tv:  0.0262 Loss dta_proxy:  0.4344 Loss dta_trans:  0.0052 Loss dta_phys:  0.0062 Loss dta_preserve:  0.0044
Time:  0.0703 Epoch: 018 Iter:  250/ 600 LR: 0.0000052550 Loss content:  0.0176 Loss fft:  0.8571 Loss dta_rank:  0.7432 Loss dta_tv:  0.0264 Loss dta_proxy:  0.4329 Loss dta_trans:  0.0060 Loss dta_phys:  0.0059 Loss dta_preserve:  0.0048
Time:  0.0730 Epoch: 018 Iter:  300/ 600 LR: 0.0000052550 Loss content:  0.0169 Loss fft:  0.8082 Loss dta_rank:  0.7353 Loss dta_tv:  0.0261 Loss dta_proxy:  0.4448 Loss dta_trans:  0.0051 Loss dta_phys:  0.0067 Loss dta_preserve:  0.0046
Time:  0.0794 Epoch: 018 Iter:  350/ 600 LR: 0.0000052550 Loss content:  0.0169 Loss fft:  0.7968 Loss dta_rank:  0.7340 Loss dta_tv:  0.0259 Loss dta_proxy:  0.4100 Loss dta_trans:  0.0056 Loss dta_phys:  0.0071 Loss dta_preserve:  0.0058
Time:  0.0764 Epoch: 018 Iter:  400/ 600 LR: 0.0000052550 Loss content:  0.0178 Loss fft:  0.8314 Loss dta_rank:  0.7412 Loss dta_tv:  0.0257 Loss dta_proxy:  0.4401 Loss dta_trans:  0.0065 Loss dta_phys:  0.0069 Loss dta_preserve:  0.0064
Time:  0.0692 Epoch: 018 Iter:  450/ 600 LR: 0.0000052550 Loss content:  0.0174 Loss fft:  0.8339 Loss dta_rank:  0.7428 Loss dta_tv:  0.0260 Loss dta_proxy:  0.4290 Loss dta_trans:  0.0056 Loss dta_phys:  0.0066 Loss dta_preserve:  0.0053
Time:  0.0725 Epoch: 018 Iter:  500/ 600 LR: 0.0000052550 Loss content:  0.0174 Loss fft:  0.8004 Loss dta_rank:  0.7343 Loss dta_tv:  0.0257 Loss dta_proxy:  0.4422 Loss dta_trans:  0.0068 Loss dta_phys:  0.0064 Loss dta_preserve:  0.0046
Time:  0.0772 Epoch: 018 Iter:  550/ 600 LR: 0.0000052550 Loss content:  0.0173 Loss fft:  0.8085 Loss dta_rank:  0.7457 Loss dta_tv:  0.0253 Loss dta_proxy:  0.4346 Loss dta_trans:  0.0062 Loss dta_phys:  0.0070 Loss dta_preserve:  0.0047
Time:  0.0748 Epoch: 018 Iter:  600/ 600 LR: 0.0000052550 Loss content:  0.0169 Loss fft:  0.8312 Loss dta_rank:  0.7421 Loss dta_tv:  0.0256 Loss dta_proxy:  0.4467 Loss dta_trans:  0.0059 Loss dta_phys:  0.0061 Loss dta_preserve:  0.0057
EPOCH: 18
Elapsed time: 0.89 Epoch Pixel Loss:  0.0173 Epoch FFT Loss:  0.8216 Epoch DTA Rank:  0.7407 Epoch DTA TV:  0.0259 Epoch DTA Proxy:  0.4356 Epoch DTA Trans:  0.0058 Epoch DTA Phys:  0.0067 Epoch DTA Preserve:  0.0050
DTA_GATE_RAMP epoch=19 gate_limit=0.060000
Time:  0.0838 Epoch: 019 Iter:   50/ 600 LR: 0.0000025070 Loss content:  0.0168 Loss fft:  0.8314 Loss dta_rank:  0.7464 Loss dta_tv:  0.0263 Loss dta_proxy:  0.4367 Loss dta_trans:  0.0060 Loss dta_phys:  0.0065 Loss dta_preserve:  0.0045
Time:  0.0745 Epoch: 019 Iter:  100/ 600 LR: 0.0000025070 Loss content:  0.0174 Loss fft:  0.8379 Loss dta_rank:  0.7367 Loss dta_tv:  0.0257 Loss dta_proxy:  0.4491 Loss dta_trans:  0.0055 Loss dta_phys:  0.0067 Loss dta_preserve:  0.0050
Time:  0.0780 Epoch: 019 Iter:  150/ 600 LR: 0.0000025070 Loss content:  0.0174 Loss fft:  0.8184 Loss dta_rank:  0.7353 Loss dta_tv:  0.0263 Loss dta_proxy:  0.4166 Loss dta_trans:  0.0068 Loss dta_phys:  0.0075 Loss dta_preserve:  0.0043
Time:  0.0817 Epoch: 019 Iter:  200/ 600 LR: 0.0000025070 Loss content:  0.0169 Loss fft:  0.8136 Loss dta_rank:  0.7406 Loss dta_tv:  0.0257 Loss dta_proxy:  0.4463 Loss dta_trans:  0.0060 Loss dta_phys:  0.0069 Loss dta_preserve:  0.0065
Time:  0.0765 Epoch: 019 Iter:  250/ 600 LR: 0.0000025070 Loss content:  0.0175 Loss fft:  0.8293 Loss dta_rank:  0.7414 Loss dta_tv:  0.0252 Loss dta_proxy:  0.4556 Loss dta_trans:  0.0053 Loss dta_phys:  0.0067 Loss dta_preserve:  0.0057
Time:  0.0678 Epoch: 019 Iter:  300/ 600 LR: 0.0000025070 Loss content:  0.0170 Loss fft:  0.7971 Loss dta_rank:  0.7380 Loss dta_tv:  0.0264 Loss dta_proxy:  0.4073 Loss dta_trans:  0.0060 Loss dta_phys:  0.0060 Loss dta_preserve:  0.0050
Time:  0.0768 Epoch: 019 Iter:  350/ 600 LR: 0.0000025070 Loss content:  0.0170 Loss fft:  0.7939 Loss dta_rank:  0.7357 Loss dta_tv:  0.0265 Loss dta_proxy:  0.4204 Loss dta_trans:  0.0060 Loss dta_phys:  0.0063 Loss dta_preserve:  0.0056
Time:  0.0793 Epoch: 019 Iter:  400/ 600 LR: 0.0000025070 Loss content:  0.0178 Loss fft:  0.8129 Loss dta_rank:  0.7389 Loss dta_tv:  0.0253 Loss dta_proxy:  0.4341 Loss dta_trans:  0.0054 Loss dta_phys:  0.0068 Loss dta_preserve:  0.0060
Time:  0.0743 Epoch: 019 Iter:  450/ 600 LR: 0.0000025070 Loss content:  0.0161 Loss fft:  0.8142 Loss dta_rank:  0.7465 Loss dta_tv:  0.0263 Loss dta_proxy:  0.4259 Loss dta_trans:  0.0052 Loss dta_phys:  0.0066 Loss dta_preserve:  0.0051
Time:  0.0737 Epoch: 019 Iter:  500/ 600 LR: 0.0000025070 Loss content:  0.0174 Loss fft:  0.8408 Loss dta_rank:  0.7427 Loss dta_tv:  0.0260 Loss dta_proxy:  0.4325 Loss dta_trans:  0.0059 Loss dta_phys:  0.0065 Loss dta_preserve:  0.0036
Time:  0.0742 Epoch: 019 Iter:  550/ 600 LR: 0.0000025070 Loss content:  0.0175 Loss fft:  0.8287 Loss dta_rank:  0.7377 Loss dta_tv:  0.0258 Loss dta_proxy:  0.4386 Loss dta_trans:  0.0066 Loss dta_phys:  0.0068 Loss dta_preserve:  0.0059
Time:  0.0731 Epoch: 019 Iter:  600/ 600 LR: 0.0000025070 Loss content:  0.0169 Loss fft:  0.8299 Loss dta_rank:  0.7444 Loss dta_tv:  0.0262 Loss dta_proxy:  0.4425 Loss dta_trans:  0.0057 Loss dta_phys:  0.0066 Loss dta_preserve:  0.0053
EPOCH: 19
Elapsed time: 0.92 Epoch Pixel Loss:  0.0171 Epoch FFT Loss:  0.8207 Epoch DTA Rank:  0.7404 Epoch DTA TV:  0.0260 Epoch DTA Proxy:  0.4338 Epoch DTA Trans:  0.0059 Epoch DTA Phys:  0.0067 Epoch DTA Preserve:  0.0052
DTA_GATE_RAMP epoch=20 gate_limit=0.060000
Time:  0.0805 Epoch: 020 Iter:   50/ 600 LR: 0.0000012125 Loss content:  0.0171 Loss fft:  0.7938 Loss dta_rank:  0.7378 Loss dta_tv:  0.0264 Loss dta_proxy:  0.4268 Loss dta_trans:  0.0066 Loss dta_phys:  0.0073 Loss dta_preserve:  0.0047
Time:  0.0708 Epoch: 020 Iter:  100/ 600 LR: 0.0000012125 Loss content:  0.0163 Loss fft:  0.8082 Loss dta_rank:  0.7422 Loss dta_tv:  0.0262 Loss dta_proxy:  0.4237 Loss dta_trans:  0.0057 Loss dta_phys:  0.0066 Loss dta_preserve:  0.0049
Time:  0.0738 Epoch: 020 Iter:  150/ 600 LR: 0.0000012125 Loss content:  0.0168 Loss fft:  0.8247 Loss dta_rank:  0.7399 Loss dta_tv:  0.0259 Loss dta_proxy:  0.4390 Loss dta_trans:  0.0055 Loss dta_phys:  0.0066 Loss dta_preserve:  0.0045
Time:  0.0725 Epoch: 020 Iter:  200/ 600 LR: 0.0000012125 Loss content:  0.0176 Loss fft:  0.8632 Loss dta_rank:  0.7406 Loss dta_tv:  0.0266 Loss dta_proxy:  0.4301 Loss dta_trans:  0.0051 Loss dta_phys:  0.0067 Loss dta_preserve:  0.0045
Time:  0.0756 Epoch: 020 Iter:  250/ 600 LR: 0.0000012125 Loss content:  0.0179 Loss fft:  0.8273 Loss dta_rank:  0.7434 Loss dta_tv:  0.0253 Loss dta_proxy:  0.4379 Loss dta_trans:  0.0054 Loss dta_phys:  0.0071 Loss dta_preserve:  0.0060
Time:  0.0736 Epoch: 020 Iter:  300/ 600 LR: 0.0000012125 Loss content:  0.0167 Loss fft:  0.7932 Loss dta_rank:  0.7382 Loss dta_tv:  0.0266 Loss dta_proxy:  0.4149 Loss dta_trans:  0.0067 Loss dta_phys:  0.0063 Loss dta_preserve:  0.0042
Time:  0.0731 Epoch: 020 Iter:  350/ 600 LR: 0.0000012125 Loss content:  0.0166 Loss fft:  0.8221 Loss dta_rank:  0.7373 Loss dta_tv:  0.0259 Loss dta_proxy:  0.4252 Loss dta_trans:  0.0055 Loss dta_phys:  0.0067 Loss dta_preserve:  0.0045
Time:  0.0743 Epoch: 020 Iter:  400/ 600 LR: 0.0000012125 Loss content:  0.0166 Loss fft:  0.8114 Loss dta_rank:  0.7445 Loss dta_tv:  0.0261 Loss dta_proxy:  0.4409 Loss dta_trans:  0.0063 Loss dta_phys:  0.0071 Loss dta_preserve:  0.0063
Time:  0.0813 Epoch: 020 Iter:  450/ 600 LR: 0.0000012125 Loss content:  0.0173 Loss fft:  0.8295 Loss dta_rank:  0.7447 Loss dta_tv:  0.0260 Loss dta_proxy:  0.4475 Loss dta_trans:  0.0056 Loss dta_phys:  0.0061 Loss dta_preserve:  0.0046
Time:  0.0797 Epoch: 020 Iter:  500/ 600 LR: 0.0000012125 Loss content:  0.0173 Loss fft:  0.8170 Loss dta_rank:  0.7445 Loss dta_tv:  0.0259 Loss dta_proxy:  0.4545 Loss dta_trans:  0.0052 Loss dta_phys:  0.0074 Loss dta_preserve:  0.0066
Time:  0.0722 Epoch: 020 Iter:  550/ 600 LR: 0.0000012125 Loss content:  0.0173 Loss fft:  0.8150 Loss dta_rank:  0.7402 Loss dta_tv:  0.0260 Loss dta_proxy:  0.4189 Loss dta_trans:  0.0056 Loss dta_phys:  0.0067 Loss dta_preserve:  0.0046
Time:  0.0710 Epoch: 020 Iter:  600/ 600 LR: 0.0000012125 Loss content:  0.0176 Loss fft:  0.8232 Loss dta_rank:  0.7412 Loss dta_tv:  0.0264 Loss dta_proxy:  0.4258 Loss dta_trans:  0.0066 Loss dta_phys:  0.0066 Loss dta_preserve:  0.0053
EPOCH: 20
Elapsed time: 0.91 Epoch Pixel Loss:  0.0171 Epoch FFT Loss:  0.8190 Epoch DTA Rank:  0.7412 Epoch DTA TV:  0.0261 Epoch DTA Proxy:  0.4321 Epoch DTA Trans:  0.0058 Epoch DTA Phys:  0.0068 Epoch DTA Preserve:  0.0051
