Namespace(model_name='ConvIR-Haze4K-DTA-v2-adapter_only-invert-seed3407-f1-oof20', data='Haze4K', version='base', fam_mode='original', arch='dta_v2', seed=3407, mode='train', data_dir='/sda/home/wangyuxin/ConvIR-B/datasets/Haze4K/Haze4K', batch_size=4, learning_rate=0.0001, weight_decay=0.0, num_epoch=20, stop_epoch=20, print_freq=50, num_worker=4, save_freq=5, valid_freq=9999, mod_stats_freq=5, mod_stats_batches=16, grad_clip_norm=0.001, dta_grad_clip_norm=0.05, dta_neighbor_grad_clip_norm=0.005, init_model='/sda/home/wangyuxin/ConvIR-B/checkpoints/official/Haze4K/haze4k-base.pkl', init_model_partial=True, partial_new_prefixes='DTA.', resume='', train_scope='adapter_only', dta_depth_cache_dir='/sda/home/wangyuxin/ConvIR-B/depth_cache/depth_anything_v2_small_hf', dta_train_depth_split='train', dta_eval_depth_split='train', valid_root_split='train', eval_root_split='test', dta_require_depth=True, dta_variant='v2', dta_depth_mode='invert', dta_prior_channels=32, dta_gate_bias=-6.0, dta_gate_limit=0.06, dta_gamma_limit=0.12, dta_beta_limit=0.06, dta_alpha_init=1.0, dta_confidence_floor=0.25, dta_confidence_local_scale=6.0, dta_output_residual_scale=0.03, dta_use_trans_gt=True, dta_trans_weight=0.02, dta_phys_weight=0.005, dta_preserve_weight=0.02, dta_preserve_trans_thresh=0.8, dta_gate_ramp_start=0.01, dta_gate_ramp_mid=0.03, dta_gate_ramp_end=0.06, dta_gate_ramp_warmup_epochs=2, dta_gate_ramp_mid_epochs=8, dta_rank_weight=0.001, dta_tv_weight=0.0001, dta_proxy_weight=0.0, dta_rank_pairs=512, dta_rank_min_depth_gap=0.03, split_json='/sda/home/wangyuxin/ConvIR-B/repos/ConvIR-B-dta-v2-calibrated/experience_docx/experiment_logs/haze4k_dta_v2_calibrated_20260611/dta_v2_haze4k_oof_splits_seed3407.json', split_name='fold1_train', test_model='', save_image=False, leaning_rate=0.0001, model_save_dir='results/ConvIR-Haze4K-DTA-v2-adapter_only-invert-seed3407-f1-oof20/Training-Results/', result_dir='results/ConvIR-Haze4K-DTA-v2-adapter_only-invert-seed3407-f1-oof20/images/Haze4K', init_model_sha256='6f42037d57a4e3de3a10ac0ab909d66a3415864a19433c29204a975f4efa4088')
/sda/home/wangyuxin/ConvIR-B/repos/ConvIR-B-dta-v2-calibrated/Dehazing/ITS/main.py:14: FutureWarning: You are using `torch.load` with `weights_only=False` (the current default value), which uses the default pickle module implicitly. It is possible to construct malicious pickle data which will execute arbitrary code during unpickling (See https://github.com/pytorch/pytorch/blob/main/SECURITY.md#untrusted-models for more details). In a future release, the default value for `weights_only` will be flipped to `True`. This limits the functions that could be executed during unpickling. Arbitrary objects will no longer be allowed to be loaded via this mode unless they are explicitly allowlisted by the user via `torch.serialization.add_safe_globals`. We recommend you start setting `weights_only=True` for any use case where you don't have full control of the loaded file. Please open an issue on GitHub for any issues related to this experimental feature.
  state = torch.load(path, map_location=map_location)
INIT_MODEL_PARTIAL_LOAD path=/sda/home/wangyuxin/ConvIR-B/checkpoints/official/Haze4K/haze4k-base.pkl loaded=602 missing_allowed=25 unexpected=[] allowed_new_prefixes=('DTA.',)
TRAIN_SCOPE scope=adapter_only arch=dta_v2 trainable=74699 total=8705364
/sda/home/wangyuxin/ConvIR-B/envs/convir-cu121/lib/python3.10/site-packages/torch/optim/lr_scheduler.py:224: UserWarning: Detected call of `lr_scheduler.step()` before `optimizer.step()`. In PyTorch 1.1.0 and later, you should call them in the opposite order: `optimizer.step()` before `lr_scheduler.step()`.  Failure to do this will result in PyTorch skipping the first value of the learning rate schedule. See more details at https://pytorch.org/docs/stable/optim.html#how-to-adjust-learning-rate
  warnings.warn(
DTA_GATE_RAMP epoch=1 gate_limit=0.010000
Time:  0.0955 Epoch: 001 Iter:   50/ 600 LR: 0.0000333333 Loss content:  0.0181 Loss fft:  0.8245 Loss dta_rank:  0.6939 Loss dta_tv:  0.0038 Loss dta_proxy:  0.1263 Loss dta_trans:  0.0420 Loss dta_phys:  0.0071 Loss dta_preserve:  0.0055
Time:  0.0719 Epoch: 001 Iter:  100/ 600 LR: 0.0000333333 Loss content:  0.0171 Loss fft:  0.8571 Loss dta_rank:  0.6920 Loss dta_tv:  0.0100 Loss dta_proxy:  0.1277 Loss dta_trans:  0.0359 Loss dta_phys:  0.0090 Loss dta_preserve:  0.0051
Time:  0.0711 Epoch: 001 Iter:  150/ 600 LR: 0.0000333333 Loss content:  0.0167 Loss fft:  0.8064 Loss dta_rank:  0.6865 Loss dta_tv:  0.0144 Loss dta_proxy:  0.1468 Loss dta_trans:  0.0301 Loss dta_phys:  0.0098 Loss dta_preserve:  0.0049
Time:  0.0754 Epoch: 001 Iter:  200/ 600 LR: 0.0000333333 Loss content:  0.0168 Loss fft:  0.8069 Loss dta_rank:  0.6788 Loss dta_tv:  0.0191 Loss dta_proxy:  0.1683 Loss dta_trans:  0.0245 Loss dta_phys:  0.0099 Loss dta_preserve:  0.0046
Time:  0.0735 Epoch: 001 Iter:  250/ 600 LR: 0.0000333333 Loss content:  0.0172 Loss fft:  0.8278 Loss dta_rank:  0.6691 Loss dta_tv:  0.0248 Loss dta_proxy:  0.1750 Loss dta_trans:  0.0213 Loss dta_phys:  0.0095 Loss dta_preserve:  0.0047
Time:  0.0695 Epoch: 001 Iter:  300/ 600 LR: 0.0000333333 Loss content:  0.0171 Loss fft:  0.8324 Loss dta_rank:  0.6576 Loss dta_tv:  0.0295 Loss dta_proxy:  0.1650 Loss dta_trans:  0.0179 Loss dta_phys:  0.0085 Loss dta_preserve:  0.0059
Time:  0.0762 Epoch: 001 Iter:  350/ 600 LR: 0.0000333333 Loss content:  0.0167 Loss fft:  0.8180 Loss dta_rank:  0.6495 Loss dta_tv:  0.0323 Loss dta_proxy:  0.1774 Loss dta_trans:  0.0162 Loss dta_phys:  0.0074 Loss dta_preserve:  0.0041
Time:  0.0764 Epoch: 001 Iter:  400/ 600 LR: 0.0000333333 Loss content:  0.0176 Loss fft:  0.8309 Loss dta_rank:  0.6423 Loss dta_tv:  0.0346 Loss dta_proxy:  0.1906 Loss dta_trans:  0.0144 Loss dta_phys:  0.0080 Loss dta_preserve:  0.0083
Time:  0.0729 Epoch: 001 Iter:  450/ 600 LR: 0.0000333333 Loss content:  0.0168 Loss fft:  0.7941 Loss dta_rank:  0.6408 Loss dta_tv:  0.0369 Loss dta_proxy:  0.1814 Loss dta_trans:  0.0145 Loss dta_phys:  0.0078 Loss dta_preserve:  0.0048
Time:  0.0772 Epoch: 001 Iter:  500/ 600 LR: 0.0000333333 Loss content:  0.0169 Loss fft:  0.8058 Loss dta_rank:  0.6347 Loss dta_tv:  0.0378 Loss dta_proxy:  0.2013 Loss dta_trans:  0.0115 Loss dta_phys:  0.0082 Loss dta_preserve:  0.0043
Time:  0.0759 Epoch: 001 Iter:  550/ 600 LR: 0.0000333333 Loss content:  0.0177 Loss fft:  0.8477 Loss dta_rank:  0.6313 Loss dta_tv:  0.0381 Loss dta_proxy:  0.1981 Loss dta_trans:  0.0127 Loss dta_phys:  0.0077 Loss dta_preserve:  0.0051
Time:  0.0793 Epoch: 001 Iter:  600/ 600 LR: 0.0000333333 Loss content:  0.0169 Loss fft:  0.8072 Loss dta_rank:  0.6274 Loss dta_tv:  0.0392 Loss dta_proxy:  0.1943 Loss dta_trans:  0.0113 Loss dta_phys:  0.0066 Loss dta_preserve:  0.0035
EPOCH: 01
Elapsed time: 0.92 Epoch Pixel Loss:  0.0171 Epoch FFT Loss:  0.8216 Epoch DTA Rank:  0.6586 Epoch DTA TV:  0.0267 Epoch DTA Proxy:  0.1710 Epoch DTA Trans:  0.0210 Epoch DTA Phys:  0.0083 Epoch DTA Preserve:  0.0051
DTA_GATE_RAMP epoch=2 gate_limit=0.010000
Time:  0.0826 Epoch: 002 Iter:   50/ 600 LR: 0.0000666667 Loss content:  0.0175 Loss fft:  0.8325 Loss dta_rank:  0.6272 Loss dta_tv:  0.0393 Loss dta_proxy:  0.2146 Loss dta_trans:  0.0104 Loss dta_phys:  0.0076 Loss dta_preserve:  0.0055
Time:  0.0803 Epoch: 002 Iter:  100/ 600 LR: 0.0000666667 Loss content:  0.0169 Loss fft:  0.8212 Loss dta_rank:  0.6234 Loss dta_tv:  0.0394 Loss dta_proxy:  0.2090 Loss dta_trans:  0.0117 Loss dta_phys:  0.0078 Loss dta_preserve:  0.0048
Time:  0.0785 Epoch: 002 Iter:  150/ 600 LR: 0.0000666667 Loss content:  0.0176 Loss fft:  0.8332 Loss dta_rank:  0.6199 Loss dta_tv:  0.0395 Loss dta_proxy:  0.2014 Loss dta_trans:  0.0100 Loss dta_phys:  0.0073 Loss dta_preserve:  0.0048
Time:  0.0767 Epoch: 002 Iter:  200/ 600 LR: 0.0000666667 Loss content:  0.0167 Loss fft:  0.8138 Loss dta_rank:  0.6260 Loss dta_tv:  0.0383 Loss dta_proxy:  0.2120 Loss dta_trans:  0.0105 Loss dta_phys:  0.0078 Loss dta_preserve:  0.0051
Time:  0.0779 Epoch: 002 Iter:  250/ 600 LR: 0.0000666667 Loss content:  0.0169 Loss fft:  0.8111 Loss dta_rank:  0.6304 Loss dta_tv:  0.0376 Loss dta_proxy:  0.2183 Loss dta_trans:  0.0108 Loss dta_phys:  0.0073 Loss dta_preserve:  0.0045
Time:  0.0760 Epoch: 002 Iter:  300/ 600 LR: 0.0000666667 Loss content:  0.0171 Loss fft:  0.8140 Loss dta_rank:  0.6221 Loss dta_tv:  0.0374 Loss dta_proxy:  0.2057 Loss dta_trans:  0.0098 Loss dta_phys:  0.0065 Loss dta_preserve:  0.0066
Time:  0.0731 Epoch: 002 Iter:  350/ 600 LR: 0.0000666667 Loss content:  0.0169 Loss fft:  0.8166 Loss dta_rank:  0.6266 Loss dta_tv:  0.0371 Loss dta_proxy:  0.2174 Loss dta_trans:  0.0080 Loss dta_phys:  0.0069 Loss dta_preserve:  0.0068
Time:  0.0766 Epoch: 002 Iter:  400/ 600 LR: 0.0000666667 Loss content:  0.0181 Loss fft:  0.8384 Loss dta_rank:  0.6195 Loss dta_tv:  0.0379 Loss dta_proxy:  0.2127 Loss dta_trans:  0.0100 Loss dta_phys:  0.0063 Loss dta_preserve:  0.0044
Time:  0.0762 Epoch: 002 Iter:  450/ 600 LR: 0.0000666667 Loss content:  0.0170 Loss fft:  0.8192 Loss dta_rank:  0.6161 Loss dta_tv:  0.0382 Loss dta_proxy:  0.2048 Loss dta_trans:  0.0095 Loss dta_phys:  0.0068 Loss dta_preserve:  0.0054
Time:  0.0801 Epoch: 002 Iter:  500/ 600 LR: 0.0000666667 Loss content:  0.0176 Loss fft:  0.8347 Loss dta_rank:  0.6194 Loss dta_tv:  0.0372 Loss dta_proxy:  0.2168 Loss dta_trans:  0.0079 Loss dta_phys:  0.0063 Loss dta_preserve:  0.0057
Time:  0.0765 Epoch: 002 Iter:  550/ 600 LR: 0.0000666667 Loss content:  0.0172 Loss fft:  0.8208 Loss dta_rank:  0.6186 Loss dta_tv:  0.0371 Loss dta_proxy:  0.2136 Loss dta_trans:  0.0085 Loss dta_phys:  0.0071 Loss dta_preserve:  0.0071
Time:  0.0759 Epoch: 002 Iter:  600/ 600 LR: 0.0000666667 Loss content:  0.0170 Loss fft:  0.7964 Loss dta_rank:  0.6178 Loss dta_tv:  0.0385 Loss dta_proxy:  0.2001 Loss dta_trans:  0.0090 Loss dta_phys:  0.0066 Loss dta_preserve:  0.0051
EPOCH: 02
Elapsed time: 0.93 Epoch Pixel Loss:  0.0172 Epoch FFT Loss:  0.8210 Epoch DTA Rank:  0.6222 Epoch DTA TV:  0.0381 Epoch DTA Proxy:  0.2105 Epoch DTA Trans:  0.0097 Epoch DTA Phys:  0.0070 Epoch DTA Preserve:  0.0055
DTA_GATE_RAMP epoch=3 gate_limit=0.030000
Time:  0.0838 Epoch: 003 Iter:   50/ 600 LR: 0.0001000000 Loss content:  0.0181 Loss fft:  0.8412 Loss dta_rank:  0.6150 Loss dta_tv:  0.0375 Loss dta_proxy:  0.2025 Loss dta_trans:  0.0093 Loss dta_phys:  0.0058 Loss dta_preserve:  0.0049
Time:  0.0762 Epoch: 003 Iter:  100/ 600 LR: 0.0001000000 Loss content:  0.0167 Loss fft:  0.8155 Loss dta_rank:  0.6116 Loss dta_tv:  0.0372 Loss dta_proxy:  0.2066 Loss dta_trans:  0.0076 Loss dta_phys:  0.0065 Loss dta_preserve:  0.0055
Time:  0.0771 Epoch: 003 Iter:  150/ 600 LR: 0.0001000000 Loss content:  0.0165 Loss fft:  0.7911 Loss dta_rank:  0.6118 Loss dta_tv:  0.0372 Loss dta_proxy:  0.2009 Loss dta_trans:  0.0082 Loss dta_phys:  0.0071 Loss dta_preserve:  0.0054
Time:  0.0774 Epoch: 003 Iter:  200/ 600 LR: 0.0001000000 Loss content:  0.0170 Loss fft:  0.8080 Loss dta_rank:  0.6125 Loss dta_tv:  0.0363 Loss dta_proxy:  0.2183 Loss dta_trans:  0.0071 Loss dta_phys:  0.0074 Loss dta_preserve:  0.0055
Time:  0.0795 Epoch: 003 Iter:  250/ 600 LR: 0.0001000000 Loss content:  0.0162 Loss fft:  0.8116 Loss dta_rank:  0.6113 Loss dta_tv:  0.0378 Loss dta_proxy:  0.2051 Loss dta_trans:  0.0076 Loss dta_phys:  0.0063 Loss dta_preserve:  0.0054
Time:  0.0775 Epoch: 003 Iter:  300/ 600 LR: 0.0001000000 Loss content:  0.0174 Loss fft:  0.8346 Loss dta_rank:  0.6086 Loss dta_tv:  0.0373 Loss dta_proxy:  0.2084 Loss dta_trans:  0.0075 Loss dta_phys:  0.0066 Loss dta_preserve:  0.0057
Time:  0.0743 Epoch: 003 Iter:  350/ 600 LR: 0.0001000000 Loss content:  0.0176 Loss fft:  0.8270 Loss dta_rank:  0.6124 Loss dta_tv:  0.0361 Loss dta_proxy:  0.2120 Loss dta_trans:  0.0083 Loss dta_phys:  0.0070 Loss dta_preserve:  0.0045
Time:  0.0676 Epoch: 003 Iter:  400/ 600 LR: 0.0001000000 Loss content:  0.0173 Loss fft:  0.8518 Loss dta_rank:  0.6128 Loss dta_tv:  0.0370 Loss dta_proxy:  0.2121 Loss dta_trans:  0.0072 Loss dta_phys:  0.0068 Loss dta_preserve:  0.0046
Time:  0.0661 Epoch: 003 Iter:  450/ 600 LR: 0.0001000000 Loss content:  0.0172 Loss fft:  0.8412 Loss dta_rank:  0.6083 Loss dta_tv:  0.0354 Loss dta_proxy:  0.2147 Loss dta_trans:  0.0063 Loss dta_phys:  0.0064 Loss dta_preserve:  0.0054
Time:  0.0639 Epoch: 003 Iter:  500/ 600 LR: 0.0001000000 Loss content:  0.0174 Loss fft:  0.8253 Loss dta_rank:  0.6134 Loss dta_tv:  0.0366 Loss dta_proxy:  0.2064 Loss dta_trans:  0.0069 Loss dta_phys:  0.0069 Loss dta_preserve:  0.0051
Time:  0.0682 Epoch: 003 Iter:  550/ 600 LR: 0.0001000000 Loss content:  0.0177 Loss fft:  0.8104 Loss dta_rank:  0.6134 Loss dta_tv:  0.0355 Loss dta_proxy:  0.2033 Loss dta_trans:  0.0079 Loss dta_phys:  0.0066 Loss dta_preserve:  0.0042
Time:  0.0761 Epoch: 003 Iter:  600/ 600 LR: 0.0001000000 Loss content:  0.0176 Loss fft:  0.8155 Loss dta_rank:  0.6159 Loss dta_tv:  0.0350 Loss dta_proxy:  0.2201 Loss dta_trans:  0.0087 Loss dta_phys:  0.0072 Loss dta_preserve:  0.0054
EPOCH: 03
Elapsed time: 0.89 Epoch Pixel Loss:  0.0172 Epoch FFT Loss:  0.8228 Epoch DTA Rank:  0.6123 Epoch DTA TV:  0.0366 Epoch DTA Proxy:  0.2092 Epoch DTA Trans:  0.0077 Epoch DTA Phys:  0.0067 Epoch DTA Preserve:  0.0051
/sda/home/wangyuxin/ConvIR-B/envs/convir-cu121/lib/python3.10/site-packages/torch/optim/lr_scheduler.py:1087: UserWarning: To get the last learning rate computed by the scheduler, please use `get_last_lr()`.
  _warn_get_lr_called_within_step(self)
DTA_GATE_RAMP epoch=4 gate_limit=0.030000
Time:  0.0794 Epoch: 004 Iter:   50/ 600 LR: 0.0001000000 Loss content:  0.0163 Loss fft:  0.7915 Loss dta_rank:  0.6135 Loss dta_tv:  0.0362 Loss dta_proxy:  0.2086 Loss dta_trans:  0.0078 Loss dta_phys:  0.0062 Loss dta_preserve:  0.0051
Time:  0.0779 Epoch: 004 Iter:  100/ 600 LR: 0.0001000000 Loss content:  0.0165 Loss fft:  0.8107 Loss dta_rank:  0.6052 Loss dta_tv:  0.0357 Loss dta_proxy:  0.2032 Loss dta_trans:  0.0071 Loss dta_phys:  0.0067 Loss dta_preserve:  0.0043
Time:  0.0775 Epoch: 004 Iter:  150/ 600 LR: 0.0001000000 Loss content:  0.0178 Loss fft:  0.8273 Loss dta_rank:  0.6068 Loss dta_tv:  0.0349 Loss dta_proxy:  0.2106 Loss dta_trans:  0.0068 Loss dta_phys:  0.0069 Loss dta_preserve:  0.0046
Time:  0.0778 Epoch: 004 Iter:  200/ 600 LR: 0.0001000000 Loss content:  0.0172 Loss fft:  0.8245 Loss dta_rank:  0.6067 Loss dta_tv:  0.0344 Loss dta_proxy:  0.2173 Loss dta_trans:  0.0067 Loss dta_phys:  0.0064 Loss dta_preserve:  0.0056
Time:  0.0792 Epoch: 004 Iter:  250/ 600 LR: 0.0001000000 Loss content:  0.0177 Loss fft:  0.8411 Loss dta_rank:  0.6057 Loss dta_tv:  0.0339 Loss dta_proxy:  0.2169 Loss dta_trans:  0.0066 Loss dta_phys:  0.0068 Loss dta_preserve:  0.0057
Time:  0.0807 Epoch: 004 Iter:  300/ 600 LR: 0.0001000000 Loss content:  0.0171 Loss fft:  0.8273 Loss dta_rank:  0.6071 Loss dta_tv:  0.0337 Loss dta_proxy:  0.2081 Loss dta_trans:  0.0080 Loss dta_phys:  0.0071 Loss dta_preserve:  0.0051
Time:  0.0794 Epoch: 004 Iter:  350/ 600 LR: 0.0001000000 Loss content:  0.0168 Loss fft:  0.8073 Loss dta_rank:  0.6170 Loss dta_tv:  0.0350 Loss dta_proxy:  0.2080 Loss dta_trans:  0.0065 Loss dta_phys:  0.0066 Loss dta_preserve:  0.0050
Time:  0.0777 Epoch: 004 Iter:  400/ 600 LR: 0.0001000000 Loss content:  0.0176 Loss fft:  0.8549 Loss dta_rank:  0.6078 Loss dta_tv:  0.0350 Loss dta_proxy:  0.2008 Loss dta_trans:  0.0062 Loss dta_phys:  0.0064 Loss dta_preserve:  0.0052
Time:  0.0765 Epoch: 004 Iter:  450/ 600 LR: 0.0001000000 Loss content:  0.0168 Loss fft:  0.8451 Loss dta_rank:  0.6084 Loss dta_tv:  0.0333 Loss dta_proxy:  0.2305 Loss dta_trans:  0.0065 Loss dta_phys:  0.0068 Loss dta_preserve:  0.0054
Time:  0.0774 Epoch: 004 Iter:  500/ 600 LR: 0.0001000000 Loss content:  0.0171 Loss fft:  0.8258 Loss dta_rank:  0.6078 Loss dta_tv:  0.0345 Loss dta_proxy:  0.2178 Loss dta_trans:  0.0070 Loss dta_phys:  0.0060 Loss dta_preserve:  0.0046
Time:  0.0712 Epoch: 004 Iter:  550/ 600 LR: 0.0001000000 Loss content:  0.0176 Loss fft:  0.8198 Loss dta_rank:  0.6071 Loss dta_tv:  0.0341 Loss dta_proxy:  0.2085 Loss dta_trans:  0.0070 Loss dta_phys:  0.0072 Loss dta_preserve:  0.0051
Time:  0.0735 Epoch: 004 Iter:  600/ 600 LR: 0.0001000000 Loss content:  0.0174 Loss fft:  0.8409 Loss dta_rank:  0.6034 Loss dta_tv:  0.0334 Loss dta_proxy:  0.2119 Loss dta_trans:  0.0062 Loss dta_phys:  0.0068 Loss dta_preserve:  0.0055
EPOCH: 04
Elapsed time: 0.93 Epoch Pixel Loss:  0.0172 Epoch FFT Loss:  0.8264 Epoch DTA Rank:  0.6080 Epoch DTA TV:  0.0345 Epoch DTA Proxy:  0.2118 Epoch DTA Trans:  0.0069 Epoch DTA Phys:  0.0066 Epoch DTA Preserve:  0.0051
DTA_GATE_RAMP epoch=5 gate_limit=0.030000
Time:  0.0841 Epoch: 005 Iter:   50/ 600 LR: 0.0000983215 Loss content:  0.0173 Loss fft:  0.8276 Loss dta_rank:  0.6021 Loss dta_tv:  0.0334 Loss dta_proxy:  0.2186 Loss dta_trans:  0.0061 Loss dta_phys:  0.0061 Loss dta_preserve:  0.0047
Time:  0.0651 Epoch: 005 Iter:  100/ 600 LR: 0.0000983215 Loss content:  0.0171 Loss fft:  0.8240 Loss dta_rank:  0.6103 Loss dta_tv:  0.0340 Loss dta_proxy:  0.2099 Loss dta_trans:  0.0073 Loss dta_phys:  0.0066 Loss dta_preserve:  0.0047
Time:  0.0720 Epoch: 005 Iter:  150/ 600 LR: 0.0000983215 Loss content:  0.0167 Loss fft:  0.8260 Loss dta_rank:  0.6094 Loss dta_tv:  0.0333 Loss dta_proxy:  0.2118 Loss dta_trans:  0.0068 Loss dta_phys:  0.0069 Loss dta_preserve:  0.0055
Time:  0.0889 Epoch: 005 Iter:  200/ 600 LR: 0.0000983215 Loss content:  0.0172 Loss fft:  0.8324 Loss dta_rank:  0.6069 Loss dta_tv:  0.0335 Loss dta_proxy:  0.2166 Loss dta_trans:  0.0058 Loss dta_phys:  0.0054 Loss dta_preserve:  0.0044
Time:  0.0870 Epoch: 005 Iter:  250/ 600 LR: 0.0000983215 Loss content:  0.0175 Loss fft:  0.7978 Loss dta_rank:  0.6140 Loss dta_tv:  0.0327 Loss dta_proxy:  0.2178 Loss dta_trans:  0.0071 Loss dta_phys:  0.0076 Loss dta_preserve:  0.0051
Time:  0.0733 Epoch: 005 Iter:  300/ 600 LR: 0.0000983215 Loss content:  0.0175 Loss fft:  0.8108 Loss dta_rank:  0.6096 Loss dta_tv:  0.0330 Loss dta_proxy:  0.2076 Loss dta_trans:  0.0068 Loss dta_phys:  0.0065 Loss dta_preserve:  0.0052
Time:  0.0737 Epoch: 005 Iter:  350/ 600 LR: 0.0000983215 Loss content:  0.0164 Loss fft:  0.7923 Loss dta_rank:  0.6087 Loss dta_tv:  0.0341 Loss dta_proxy:  0.2036 Loss dta_trans:  0.0076 Loss dta_phys:  0.0064 Loss dta_preserve:  0.0050
Time:  0.0743 Epoch: 005 Iter:  400/ 600 LR: 0.0000983215 Loss content:  0.0172 Loss fft:  0.8280 Loss dta_rank:  0.6020 Loss dta_tv:  0.0330 Loss dta_proxy:  0.2097 Loss dta_trans:  0.0070 Loss dta_phys:  0.0071 Loss dta_preserve:  0.0057
Time:  0.0717 Epoch: 005 Iter:  450/ 600 LR: 0.0000983215 Loss content:  0.0171 Loss fft:  0.8499 Loss dta_rank:  0.6030 Loss dta_tv:  0.0327 Loss dta_proxy:  0.2145 Loss dta_trans:  0.0057 Loss dta_phys:  0.0064 Loss dta_preserve:  0.0045
Time:  0.0706 Epoch: 005 Iter:  500/ 600 LR: 0.0000983215 Loss content:  0.0183 Loss fft:  0.8267 Loss dta_rank:  0.6079 Loss dta_tv:  0.0319 Loss dta_proxy:  0.2203 Loss dta_trans:  0.0060 Loss dta_phys:  0.0078 Loss dta_preserve:  0.0041
Time:  0.0701 Epoch: 005 Iter:  550/ 600 LR: 0.0000983215 Loss content:  0.0173 Loss fft:  0.8288 Loss dta_rank:  0.6044 Loss dta_tv:  0.0324 Loss dta_proxy:  0.2052 Loss dta_trans:  0.0068 Loss dta_phys:  0.0070 Loss dta_preserve:  0.0045
Time:  0.0757 Epoch: 005 Iter:  600/ 600 LR: 0.0000983215 Loss content:  0.0176 Loss fft:  0.8472 Loss dta_rank:  0.6066 Loss dta_tv:  0.0320 Loss dta_proxy:  0.2240 Loss dta_trans:  0.0056 Loss dta_phys:  0.0063 Loss dta_preserve:  0.0050
EPOCH: 05
Elapsed time: 0.91 Epoch Pixel Loss:  0.0173 Epoch FFT Loss:  0.8243 Epoch DTA Rank:  0.6071 Epoch DTA TV:  0.0330 Epoch DTA Proxy:  0.2133 Epoch DTA Trans:  0.0066 Epoch DTA Phys:  0.0067 Epoch DTA Preserve:  0.0049
DTA_GATE_RAMP epoch=6 gate_limit=0.030000
Time:  0.0810 Epoch: 006 Iter:   50/ 600 LR: 0.0000942212 Loss content:  0.0166 Loss fft:  0.7977 Loss dta_rank:  0.6017 Loss dta_tv:  0.0337 Loss dta_proxy:  0.2055 Loss dta_trans:  0.0065 Loss dta_phys:  0.0068 Loss dta_preserve:  0.0059
Time:  0.0725 Epoch: 006 Iter:  100/ 600 LR: 0.0000942212 Loss content:  0.0180 Loss fft:  0.8431 Loss dta_rank:  0.6019 Loss dta_tv:  0.0311 Loss dta_proxy:  0.2304 Loss dta_trans:  0.0060 Loss dta_phys:  0.0070 Loss dta_preserve:  0.0075
Time:  0.0752 Epoch: 006 Iter:  150/ 600 LR: 0.0000942212 Loss content:  0.0172 Loss fft:  0.8297 Loss dta_rank:  0.6062 Loss dta_tv:  0.0331 Loss dta_proxy:  0.2118 Loss dta_trans:  0.0064 Loss dta_phys:  0.0062 Loss dta_preserve:  0.0055
Time:  0.0772 Epoch: 006 Iter:  200/ 600 LR: 0.0000942212 Loss content:  0.0173 Loss fft:  0.8373 Loss dta_rank:  0.6046 Loss dta_tv:  0.0321 Loss dta_proxy:  0.2135 Loss dta_trans:  0.0062 Loss dta_phys:  0.0062 Loss dta_preserve:  0.0051
Time:  0.0798 Epoch: 006 Iter:  250/ 600 LR: 0.0000942212 Loss content:  0.0169 Loss fft:  0.8200 Loss dta_rank:  0.6052 Loss dta_tv:  0.0323 Loss dta_proxy:  0.2122 Loss dta_trans:  0.0064 Loss dta_phys:  0.0072 Loss dta_preserve:  0.0044
Time:  0.0762 Epoch: 006 Iter:  300/ 600 LR: 0.0000942212 Loss content:  0.0173 Loss fft:  0.8073 Loss dta_rank:  0.6092 Loss dta_tv:  0.0321 Loss dta_proxy:  0.2073 Loss dta_trans:  0.0066 Loss dta_phys:  0.0060 Loss dta_preserve:  0.0048
Time:  0.0762 Epoch: 006 Iter:  350/ 600 LR: 0.0000942212 Loss content:  0.0172 Loss fft:  0.8426 Loss dta_rank:  0.6013 Loss dta_tv:  0.0318 Loss dta_proxy:  0.2071 Loss dta_trans:  0.0061 Loss dta_phys:  0.0065 Loss dta_preserve:  0.0053
Time:  0.0813 Epoch: 006 Iter:  400/ 600 LR: 0.0000942212 Loss content:  0.0173 Loss fft:  0.8264 Loss dta_rank:  0.6036 Loss dta_tv:  0.0310 Loss dta_proxy:  0.2170 Loss dta_trans:  0.0049 Loss dta_phys:  0.0059 Loss dta_preserve:  0.0043
Time:  0.0788 Epoch: 006 Iter:  450/ 600 LR: 0.0000942212 Loss content:  0.0171 Loss fft:  0.8158 Loss dta_rank:  0.6072 Loss dta_tv:  0.0320 Loss dta_proxy:  0.2008 Loss dta_trans:  0.0077 Loss dta_phys:  0.0067 Loss dta_preserve:  0.0049
Time:  0.0775 Epoch: 006 Iter:  500/ 600 LR: 0.0000942212 Loss content:  0.0174 Loss fft:  0.8136 Loss dta_rank:  0.6084 Loss dta_tv:  0.0313 Loss dta_proxy:  0.2114 Loss dta_trans:  0.0063 Loss dta_phys:  0.0074 Loss dta_preserve:  0.0043
Time:  0.0802 Epoch: 006 Iter:  550/ 600 LR: 0.0000942212 Loss content:  0.0176 Loss fft:  0.8029 Loss dta_rank:  0.6073 Loss dta_tv:  0.0319 Loss dta_proxy:  0.2142 Loss dta_trans:  0.0062 Loss dta_phys:  0.0068 Loss dta_preserve:  0.0053
Time:  0.0746 Epoch: 006 Iter:  600/ 600 LR: 0.0000942212 Loss content:  0.0175 Loss fft:  0.8359 Loss dta_rank:  0.6014 Loss dta_tv:  0.0311 Loss dta_proxy:  0.2152 Loss dta_trans:  0.0065 Loss dta_phys:  0.0075 Loss dta_preserve:  0.0046
EPOCH: 06
Elapsed time: 0.93 Epoch Pixel Loss:  0.0173 Epoch FFT Loss:  0.8227 Epoch DTA Rank:  0.6048 Epoch DTA TV:  0.0320 Epoch DTA Proxy:  0.2122 Epoch DTA Trans:  0.0063 Epoch DTA Phys:  0.0067 Epoch DTA Preserve:  0.0052
DTA_GATE_RAMP epoch=7 gate_limit=0.030000
Time:  0.0826 Epoch: 007 Iter:   50/ 600 LR: 0.0000886874 Loss content:  0.0168 Loss fft:  0.8095 Loss dta_rank:  0.6032 Loss dta_tv:  0.0320 Loss dta_proxy:  0.2060 Loss dta_trans:  0.0064 Loss dta_phys:  0.0074 Loss dta_preserve:  0.0051
Time:  0.0759 Epoch: 007 Iter:  100/ 600 LR: 0.0000886874 Loss content:  0.0170 Loss fft:  0.8018 Loss dta_rank:  0.6042 Loss dta_tv:  0.0318 Loss dta_proxy:  0.2040 Loss dta_trans:  0.0065 Loss dta_phys:  0.0068 Loss dta_preserve:  0.0052
Time:  0.0693 Epoch: 007 Iter:  150/ 600 LR: 0.0000886874 Loss content:  0.0178 Loss fft:  0.8373 Loss dta_rank:  0.6041 Loss dta_tv:  0.0312 Loss dta_proxy:  0.2097 Loss dta_trans:  0.0063 Loss dta_phys:  0.0059 Loss dta_preserve:  0.0057
Time:  0.0764 Epoch: 007 Iter:  200/ 600 LR: 0.0000886874 Loss content:  0.0174 Loss fft:  0.8400 Loss dta_rank:  0.6080 Loss dta_tv:  0.0318 Loss dta_proxy:  0.2038 Loss dta_trans:  0.0059 Loss dta_phys:  0.0063 Loss dta_preserve:  0.0052
Time:  0.0727 Epoch: 007 Iter:  250/ 600 LR: 0.0000886874 Loss content:  0.0167 Loss fft:  0.8054 Loss dta_rank:  0.6046 Loss dta_tv:  0.0316 Loss dta_proxy:  0.2062 Loss dta_trans:  0.0075 Loss dta_phys:  0.0068 Loss dta_preserve:  0.0065
Time:  0.0809 Epoch: 007 Iter:  300/ 600 LR: 0.0000886874 Loss content:  0.0183 Loss fft:  0.8489 Loss dta_rank:  0.6054 Loss dta_tv:  0.0305 Loss dta_proxy:  0.2216 Loss dta_trans:  0.0060 Loss dta_phys:  0.0071 Loss dta_preserve:  0.0043
Time:  0.0965 Epoch: 007 Iter:  350/ 600 LR: 0.0000886874 Loss content:  0.0171 Loss fft:  0.7921 Loss dta_rank:  0.6036 Loss dta_tv:  0.0323 Loss dta_proxy:  0.2062 Loss dta_trans:  0.0057 Loss dta_phys:  0.0068 Loss dta_preserve:  0.0046
Time:  0.0774 Epoch: 007 Iter:  400/ 600 LR: 0.0000886874 Loss content:  0.0167 Loss fft:  0.8274 Loss dta_rank:  0.6021 Loss dta_tv:  0.0326 Loss dta_proxy:  0.2059 Loss dta_trans:  0.0063 Loss dta_phys:  0.0067 Loss dta_preserve:  0.0057
Time:  0.0738 Epoch: 007 Iter:  450/ 600 LR: 0.0000886874 Loss content:  0.0166 Loss fft:  0.8190 Loss dta_rank:  0.6074 Loss dta_tv:  0.0311 Loss dta_proxy:  0.2157 Loss dta_trans:  0.0053 Loss dta_phys:  0.0061 Loss dta_preserve:  0.0048
Time:  0.0726 Epoch: 007 Iter:  500/ 600 LR: 0.0000886874 Loss content:  0.0176 Loss fft:  0.8316 Loss dta_rank:  0.6037 Loss dta_tv:  0.0307 Loss dta_proxy:  0.2123 Loss dta_trans:  0.0072 Loss dta_phys:  0.0066 Loss dta_preserve:  0.0044
Time:  0.0772 Epoch: 007 Iter:  550/ 600 LR: 0.0000886874 Loss content:  0.0176 Loss fft:  0.8580 Loss dta_rank:  0.6009 Loss dta_tv:  0.0304 Loss dta_proxy:  0.2089 Loss dta_trans:  0.0060 Loss dta_phys:  0.0061 Loss dta_preserve:  0.0052
Time:  0.0738 Epoch: 007 Iter:  600/ 600 LR: 0.0000886874 Loss content:  0.0169 Loss fft:  0.8051 Loss dta_rank:  0.6113 Loss dta_tv:  0.0299 Loss dta_proxy:  0.2134 Loss dta_trans:  0.0071 Loss dta_phys:  0.0065 Loss dta_preserve:  0.0072
EPOCH: 07
Elapsed time: 0.93 Epoch Pixel Loss:  0.0172 Epoch FFT Loss:  0.8230 Epoch DTA Rank:  0.6049 Epoch DTA TV:  0.0313 Epoch DTA Proxy:  0.2095 Epoch DTA Trans:  0.0064 Epoch DTA Phys:  0.0066 Epoch DTA Preserve:  0.0053
DTA_GATE_RAMP epoch=8 gate_limit=0.030000
Time:  0.0810 Epoch: 008 Iter:   50/ 600 LR: 0.0000819070 Loss content:  0.0177 Loss fft:  0.8515 Loss dta_rank:  0.6091 Loss dta_tv:  0.0303 Loss dta_proxy:  0.2180 Loss dta_trans:  0.0055 Loss dta_phys:  0.0072 Loss dta_preserve:  0.0043
Time:  0.0766 Epoch: 008 Iter:  100/ 600 LR: 0.0000819070 Loss content:  0.0173 Loss fft:  0.7922 Loss dta_rank:  0.6049 Loss dta_tv:  0.0315 Loss dta_proxy:  0.1955 Loss dta_trans:  0.0065 Loss dta_phys:  0.0061 Loss dta_preserve:  0.0047
Time:  0.0734 Epoch: 008 Iter:  150/ 600 LR: 0.0000819070 Loss content:  0.0171 Loss fft:  0.8297 Loss dta_rank:  0.6061 Loss dta_tv:  0.0297 Loss dta_proxy:  0.2116 Loss dta_trans:  0.0065 Loss dta_phys:  0.0071 Loss dta_preserve:  0.0047
Time:  0.0743 Epoch: 008 Iter:  200/ 600 LR: 0.0000819070 Loss content:  0.0167 Loss fft:  0.8380 Loss dta_rank:  0.5998 Loss dta_tv:  0.0313 Loss dta_proxy:  0.2083 Loss dta_trans:  0.0058 Loss dta_phys:  0.0062 Loss dta_preserve:  0.0047
Time:  0.0736 Epoch: 008 Iter:  250/ 600 LR: 0.0000819070 Loss content:  0.0176 Loss fft:  0.8515 Loss dta_rank:  0.6012 Loss dta_tv:  0.0315 Loss dta_proxy:  0.2068 Loss dta_trans:  0.0058 Loss dta_phys:  0.0066 Loss dta_preserve:  0.0062
Time:  0.0758 Epoch: 008 Iter:  300/ 600 LR: 0.0000819070 Loss content:  0.0173 Loss fft:  0.8146 Loss dta_rank:  0.6056 Loss dta_tv:  0.0312 Loss dta_proxy:  0.2084 Loss dta_trans:  0.0063 Loss dta_phys:  0.0061 Loss dta_preserve:  0.0060
Time:  0.0785 Epoch: 008 Iter:  350/ 600 LR: 0.0000819070 Loss content:  0.0175 Loss fft:  0.8061 Loss dta_rank:  0.6001 Loss dta_tv:  0.0299 Loss dta_proxy:  0.2197 Loss dta_trans:  0.0068 Loss dta_phys:  0.0067 Loss dta_preserve:  0.0055
Time:  0.0874 Epoch: 008 Iter:  400/ 600 LR: 0.0000819070 Loss content:  0.0170 Loss fft:  0.8104 Loss dta_rank:  0.6043 Loss dta_tv:  0.0301 Loss dta_proxy:  0.2047 Loss dta_trans:  0.0054 Loss dta_phys:  0.0065 Loss dta_preserve:  0.0049
Time:  0.0917 Epoch: 008 Iter:  450/ 600 LR: 0.0000819070 Loss content:  0.0171 Loss fft:  0.8263 Loss dta_rank:  0.5998 Loss dta_tv:  0.0294 Loss dta_proxy:  0.2249 Loss dta_trans:  0.0058 Loss dta_phys:  0.0073 Loss dta_preserve:  0.0048
Time:  0.0697 Epoch: 008 Iter:  500/ 600 LR: 0.0000819070 Loss content:  0.0165 Loss fft:  0.8048 Loss dta_rank:  0.6100 Loss dta_tv:  0.0309 Loss dta_proxy:  0.2180 Loss dta_trans:  0.0073 Loss dta_phys:  0.0074 Loss dta_preserve:  0.0058
Time:  0.0654 Epoch: 008 Iter:  550/ 600 LR: 0.0000819070 Loss content:  0.0171 Loss fft:  0.8244 Loss dta_rank:  0.6092 Loss dta_tv:  0.0308 Loss dta_proxy:  0.2106 Loss dta_trans:  0.0064 Loss dta_phys:  0.0069 Loss dta_preserve:  0.0050
Time:  0.0771 Epoch: 008 Iter:  600/ 600 LR: 0.0000819070 Loss content:  0.0171 Loss fft:  0.8206 Loss dta_rank:  0.6040 Loss dta_tv:  0.0300 Loss dta_proxy:  0.2216 Loss dta_trans:  0.0055 Loss dta_phys:  0.0067 Loss dta_preserve:  0.0060
EPOCH: 08
Elapsed time: 0.93 Epoch Pixel Loss:  0.0172 Epoch FFT Loss:  0.8225 Epoch DTA Rank:  0.6045 Epoch DTA TV:  0.0306 Epoch DTA Proxy:  0.2123 Epoch DTA Trans:  0.0061 Epoch DTA Phys:  0.0067 Epoch DTA Preserve:  0.0052
DTA_GATE_RAMP epoch=9 gate_limit=0.060000
Time:  0.0809 Epoch: 009 Iter:   50/ 600 LR: 0.0000741093 Loss content:  0.0166 Loss fft:  0.8222 Loss dta_rank:  0.6006 Loss dta_tv:  0.0302 Loss dta_proxy:  0.2066 Loss dta_trans:  0.0058 Loss dta_phys:  0.0066 Loss dta_preserve:  0.0056
Time:  0.0776 Epoch: 009 Iter:  100/ 600 LR: 0.0000741093 Loss content:  0.0179 Loss fft:  0.8445 Loss dta_rank:  0.6022 Loss dta_tv:  0.0303 Loss dta_proxy:  0.2117 Loss dta_trans:  0.0056 Loss dta_phys:  0.0070 Loss dta_preserve:  0.0074
Time:  0.0769 Epoch: 009 Iter:  150/ 600 LR: 0.0000741093 Loss content:  0.0170 Loss fft:  0.8259 Loss dta_rank:  0.6049 Loss dta_tv:  0.0306 Loss dta_proxy:  0.2069 Loss dta_trans:  0.0060 Loss dta_phys:  0.0068 Loss dta_preserve:  0.0052
Time:  0.0761 Epoch: 009 Iter:  200/ 600 LR: 0.0000741093 Loss content:  0.0162 Loss fft:  0.7895 Loss dta_rank:  0.6092 Loss dta_tv:  0.0314 Loss dta_proxy:  0.1967 Loss dta_trans:  0.0066 Loss dta_phys:  0.0059 Loss dta_preserve:  0.0050
Time:  0.0750 Epoch: 009 Iter:  250/ 600 LR: 0.0000741093 Loss content:  0.0171 Loss fft:  0.8036 Loss dta_rank:  0.6040 Loss dta_tv:  0.0307 Loss dta_proxy:  0.2113 Loss dta_trans:  0.0068 Loss dta_phys:  0.0066 Loss dta_preserve:  0.0048
Time:  0.0781 Epoch: 009 Iter:  300/ 600 LR: 0.0000741093 Loss content:  0.0170 Loss fft:  0.8180 Loss dta_rank:  0.6017 Loss dta_tv:  0.0300 Loss dta_proxy:  0.2145 Loss dta_trans:  0.0059 Loss dta_phys:  0.0063 Loss dta_preserve:  0.0041
Time:  0.0802 Epoch: 009 Iter:  350/ 600 LR: 0.0000741093 Loss content:  0.0169 Loss fft:  0.8196 Loss dta_rank:  0.6021 Loss dta_tv:  0.0302 Loss dta_proxy:  0.2157 Loss dta_trans:  0.0062 Loss dta_phys:  0.0073 Loss dta_preserve:  0.0048
Time:  0.0767 Epoch: 009 Iter:  400/ 600 LR: 0.0000741093 Loss content:  0.0166 Loss fft:  0.8080 Loss dta_rank:  0.6100 Loss dta_tv:  0.0306 Loss dta_proxy:  0.2065 Loss dta_trans:  0.0065 Loss dta_phys:  0.0071 Loss dta_preserve:  0.0044
Time:  0.0751 Epoch: 009 Iter:  450/ 600 LR: 0.0000741093 Loss content:  0.0176 Loss fft:  0.8330 Loss dta_rank:  0.6079 Loss dta_tv:  0.0297 Loss dta_proxy:  0.2152 Loss dta_trans:  0.0059 Loss dta_phys:  0.0066 Loss dta_preserve:  0.0053
Time:  0.0820 Epoch: 009 Iter:  500/ 600 LR: 0.0000741093 Loss content:  0.0175 Loss fft:  0.8445 Loss dta_rank:  0.6028 Loss dta_tv:  0.0295 Loss dta_proxy:  0.2046 Loss dta_trans:  0.0056 Loss dta_phys:  0.0069 Loss dta_preserve:  0.0051
Time:  0.0961 Epoch: 009 Iter:  550/ 600 LR: 0.0000741093 Loss content:  0.0176 Loss fft:  0.8251 Loss dta_rank:  0.6045 Loss dta_tv:  0.0300 Loss dta_proxy:  0.2087 Loss dta_trans:  0.0074 Loss dta_phys:  0.0066 Loss dta_preserve:  0.0066
Time:  0.0768 Epoch: 009 Iter:  600/ 600 LR: 0.0000741093 Loss content:  0.0164 Loss fft:  0.8066 Loss dta_rank:  0.6070 Loss dta_tv:  0.0301 Loss dta_proxy:  0.2014 Loss dta_trans:  0.0060 Loss dta_phys:  0.0068 Loss dta_preserve:  0.0048
EPOCH: 09
Elapsed time: 0.95 Epoch Pixel Loss:  0.0170 Epoch FFT Loss:  0.8200 Epoch DTA Rank:  0.6047 Epoch DTA TV:  0.0303 Epoch DTA Proxy:  0.2083 Epoch DTA Trans:  0.0062 Epoch DTA Phys:  0.0067 Epoch DTA Preserve:  0.0052
DTA_GATE_RAMP epoch=10 gate_limit=0.060000
Time:  0.0791 Epoch: 010 Iter:   50/ 600 LR: 0.0000655580 Loss content:  0.0165 Loss fft:  0.8321 Loss dta_rank:  0.6045 Loss dta_tv:  0.0302 Loss dta_proxy:  0.1987 Loss dta_trans:  0.0063 Loss dta_phys:  0.0070 Loss dta_preserve:  0.0051
Time:  0.0775 Epoch: 010 Iter:  100/ 600 LR: 0.0000655580 Loss content:  0.0163 Loss fft:  0.8088 Loss dta_rank:  0.6043 Loss dta_tv:  0.0306 Loss dta_proxy:  0.2018 Loss dta_trans:  0.0062 Loss dta_phys:  0.0065 Loss dta_preserve:  0.0048
Time:  0.0772 Epoch: 010 Iter:  150/ 600 LR: 0.0000655580 Loss content:  0.0171 Loss fft:  0.8242 Loss dta_rank:  0.6032 Loss dta_tv:  0.0300 Loss dta_proxy:  0.2044 Loss dta_trans:  0.0064 Loss dta_phys:  0.0070 Loss dta_preserve:  0.0048
Time:  0.0794 Epoch: 010 Iter:  200/ 600 LR: 0.0000655580 Loss content:  0.0173 Loss fft:  0.8167 Loss dta_rank:  0.5992 Loss dta_tv:  0.0301 Loss dta_proxy:  0.2069 Loss dta_trans:  0.0061 Loss dta_phys:  0.0068 Loss dta_preserve:  0.0071
Time:  0.0768 Epoch: 010 Iter:  250/ 600 LR: 0.0000655580 Loss content:  0.0172 Loss fft:  0.8178 Loss dta_rank:  0.6036 Loss dta_tv:  0.0300 Loss dta_proxy:  0.2101 Loss dta_trans:  0.0065 Loss dta_phys:  0.0068 Loss dta_preserve:  0.0048
Time:  0.0801 Epoch: 010 Iter:  300/ 600 LR: 0.0000655580 Loss content:  0.0166 Loss fft:  0.8263 Loss dta_rank:  0.5988 Loss dta_tv:  0.0301 Loss dta_proxy:  0.2011 Loss dta_trans:  0.0057 Loss dta_phys:  0.0064 Loss dta_preserve:  0.0048
Time:  0.0783 Epoch: 010 Iter:  350/ 600 LR: 0.0000655580 Loss content:  0.0173 Loss fft:  0.8161 Loss dta_rank:  0.6003 Loss dta_tv:  0.0291 Loss dta_proxy:  0.2099 Loss dta_trans:  0.0059 Loss dta_phys:  0.0067 Loss dta_preserve:  0.0048
Time:  0.0750 Epoch: 010 Iter:  400/ 600 LR: 0.0000655580 Loss content:  0.0168 Loss fft:  0.8133 Loss dta_rank:  0.6077 Loss dta_tv:  0.0291 Loss dta_proxy:  0.2037 Loss dta_trans:  0.0067 Loss dta_phys:  0.0065 Loss dta_preserve:  0.0042
Time:  0.0784 Epoch: 010 Iter:  450/ 600 LR: 0.0000655580 Loss content:  0.0172 Loss fft:  0.8452 Loss dta_rank:  0.6057 Loss dta_tv:  0.0302 Loss dta_proxy:  0.1971 Loss dta_trans:  0.0058 Loss dta_phys:  0.0069 Loss dta_preserve:  0.0045
Time:  0.0789 Epoch: 010 Iter:  500/ 600 LR: 0.0000655580 Loss content:  0.0170 Loss fft:  0.7987 Loss dta_rank:  0.6005 Loss dta_tv:  0.0299 Loss dta_proxy:  0.2090 Loss dta_trans:  0.0056 Loss dta_phys:  0.0062 Loss dta_preserve:  0.0049
Time:  0.0804 Epoch: 010 Iter:  550/ 600 LR: 0.0000655580 Loss content:  0.0173 Loss fft:  0.8606 Loss dta_rank:  0.6033 Loss dta_tv:  0.0297 Loss dta_proxy:  0.2058 Loss dta_trans:  0.0053 Loss dta_phys:  0.0060 Loss dta_preserve:  0.0064
Time:  0.0771 Epoch: 010 Iter:  600/ 600 LR: 0.0000655580 Loss content:  0.0168 Loss fft:  0.7888 Loss dta_rank:  0.6068 Loss dta_tv:  0.0295 Loss dta_proxy:  0.2076 Loss dta_trans:  0.0064 Loss dta_phys:  0.0073 Loss dta_preserve:  0.0051
EPOCH: 10
Elapsed time: 0.94 Epoch Pixel Loss:  0.0170 Epoch FFT Loss:  0.8207 Epoch DTA Rank:  0.6031 Epoch DTA TV:  0.0299 Epoch DTA Proxy:  0.2047 Epoch DTA Trans:  0.0061 Epoch DTA Phys:  0.0067 Epoch DTA Preserve:  0.0051
DTA_GATE_RAMP epoch=11 gate_limit=0.060000
Time:  0.0766 Epoch: 011 Iter:   50/ 600 LR: 0.0000565424 Loss content:  0.0175 Loss fft:  0.8291 Loss dta_rank:  0.6013 Loss dta_tv:  0.0292 Loss dta_proxy:  0.2043 Loss dta_trans:  0.0048 Loss dta_phys:  0.0066 Loss dta_preserve:  0.0048
Time:  0.0747 Epoch: 011 Iter:  100/ 600 LR: 0.0000565424 Loss content:  0.0171 Loss fft:  0.8090 Loss dta_rank:  0.6022 Loss dta_tv:  0.0296 Loss dta_proxy:  0.2036 Loss dta_trans:  0.0059 Loss dta_phys:  0.0060 Loss dta_preserve:  0.0047
Time:  0.0923 Epoch: 011 Iter:  150/ 600 LR: 0.0000565424 Loss content:  0.0170 Loss fft:  0.8152 Loss dta_rank:  0.6008 Loss dta_tv:  0.0304 Loss dta_proxy:  0.2071 Loss dta_trans:  0.0064 Loss dta_phys:  0.0069 Loss dta_preserve:  0.0052
Time:  0.0855 Epoch: 011 Iter:  200/ 600 LR: 0.0000565424 Loss content:  0.0169 Loss fft:  0.7937 Loss dta_rank:  0.6017 Loss dta_tv:  0.0298 Loss dta_proxy:  0.2048 Loss dta_trans:  0.0057 Loss dta_phys:  0.0073 Loss dta_preserve:  0.0058
Time:  0.0744 Epoch: 011 Iter:  250/ 600 LR: 0.0000565424 Loss content:  0.0166 Loss fft:  0.8216 Loss dta_rank:  0.5985 Loss dta_tv:  0.0306 Loss dta_proxy:  0.1997 Loss dta_trans:  0.0062 Loss dta_phys:  0.0061 Loss dta_preserve:  0.0042
Time:  0.0821 Epoch: 011 Iter:  300/ 600 LR: 0.0000565424 Loss content:  0.0179 Loss fft:  0.8635 Loss dta_rank:  0.6003 Loss dta_tv:  0.0298 Loss dta_proxy:  0.2158 Loss dta_trans:  0.0057 Loss dta_phys:  0.0056 Loss dta_preserve:  0.0062
Time:  0.0729 Epoch: 011 Iter:  350/ 600 LR: 0.0000565424 Loss content:  0.0176 Loss fft:  0.8650 Loss dta_rank:  0.6015 Loss dta_tv:  0.0291 Loss dta_proxy:  0.2045 Loss dta_trans:  0.0061 Loss dta_phys:  0.0073 Loss dta_preserve:  0.0060
Time:  0.0755 Epoch: 011 Iter:  400/ 600 LR: 0.0000565424 Loss content:  0.0170 Loss fft:  0.7774 Loss dta_rank:  0.6088 Loss dta_tv:  0.0298 Loss dta_proxy:  0.2067 Loss dta_trans:  0.0068 Loss dta_phys:  0.0071 Loss dta_preserve:  0.0043
Time:  0.0767 Epoch: 011 Iter:  450/ 600 LR: 0.0000565424 Loss content:  0.0161 Loss fft:  0.7830 Loss dta_rank:  0.6037 Loss dta_tv:  0.0295 Loss dta_proxy:  0.2047 Loss dta_trans:  0.0061 Loss dta_phys:  0.0073 Loss dta_preserve:  0.0049
Time:  0.0804 Epoch: 011 Iter:  500/ 600 LR: 0.0000565424 Loss content:  0.0175 Loss fft:  0.8648 Loss dta_rank:  0.6036 Loss dta_tv:  0.0293 Loss dta_proxy:  0.2034 Loss dta_trans:  0.0065 Loss dta_phys:  0.0064 Loss dta_preserve:  0.0046
Time:  0.0759 Epoch: 011 Iter:  550/ 600 LR: 0.0000565424 Loss content:  0.0176 Loss fft:  0.8424 Loss dta_rank:  0.6071 Loss dta_tv:  0.0291 Loss dta_proxy:  0.2133 Loss dta_trans:  0.0062 Loss dta_phys:  0.0068 Loss dta_preserve:  0.0053
Time:  0.0796 Epoch: 011 Iter:  600/ 600 LR: 0.0000565424 Loss content:  0.0173 Loss fft:  0.8208 Loss dta_rank:  0.6026 Loss dta_tv:  0.0292 Loss dta_proxy:  0.2013 Loss dta_trans:  0.0058 Loss dta_phys:  0.0065 Loss dta_preserve:  0.0042
EPOCH: 11
Elapsed time: 0.95 Epoch Pixel Loss:  0.0172 Epoch FFT Loss:  0.8238 Epoch DTA Rank:  0.6027 Epoch DTA TV:  0.0296 Epoch DTA Proxy:  0.2058 Epoch DTA Trans:  0.0060 Epoch DTA Phys:  0.0067 Epoch DTA Preserve:  0.0050
DTA_GATE_RAMP epoch=12 gate_limit=0.060000
Time:  0.0789 Epoch: 012 Iter:   50/ 600 LR: 0.0000473670 Loss content:  0.0170 Loss fft:  0.7944 Loss dta_rank:  0.6031 Loss dta_tv:  0.0294 Loss dta_proxy:  0.2076 Loss dta_trans:  0.0056 Loss dta_phys:  0.0067 Loss dta_preserve:  0.0050
Time:  0.0721 Epoch: 012 Iter:  100/ 600 LR: 0.0000473670 Loss content:  0.0170 Loss fft:  0.8064 Loss dta_rank:  0.6079 Loss dta_tv:  0.0292 Loss dta_proxy:  0.2075 Loss dta_trans:  0.0068 Loss dta_phys:  0.0073 Loss dta_preserve:  0.0053
Time:  0.0736 Epoch: 012 Iter:  150/ 600 LR: 0.0000473670 Loss content:  0.0180 Loss fft:  0.8556 Loss dta_rank:  0.6039 Loss dta_tv:  0.0293 Loss dta_proxy:  0.2075 Loss dta_trans:  0.0053 Loss dta_phys:  0.0063 Loss dta_preserve:  0.0052
Time:  0.0788 Epoch: 012 Iter:  200/ 600 LR: 0.0000473670 Loss content:  0.0171 Loss fft:  0.8297 Loss dta_rank:  0.6020 Loss dta_tv:  0.0297 Loss dta_proxy:  0.2004 Loss dta_trans:  0.0057 Loss dta_phys:  0.0060 Loss dta_preserve:  0.0055
Time:  0.0789 Epoch: 012 Iter:  250/ 600 LR: 0.0000473670 Loss content:  0.0172 Loss fft:  0.8183 Loss dta_rank:  0.6021 Loss dta_tv:  0.0294 Loss dta_proxy:  0.2083 Loss dta_trans:  0.0059 Loss dta_phys:  0.0064 Loss dta_preserve:  0.0051
Time:  0.0799 Epoch: 012 Iter:  300/ 600 LR: 0.0000473670 Loss content:  0.0166 Loss fft:  0.8126 Loss dta_rank:  0.6028 Loss dta_tv:  0.0288 Loss dta_proxy:  0.2053 Loss dta_trans:  0.0052 Loss dta_phys:  0.0063 Loss dta_preserve:  0.0042
Time:  0.0769 Epoch: 012 Iter:  350/ 600 LR: 0.0000473670 Loss content:  0.0173 Loss fft:  0.8159 Loss dta_rank:  0.5984 Loss dta_tv:  0.0289 Loss dta_proxy:  0.2065 Loss dta_trans:  0.0054 Loss dta_phys:  0.0066 Loss dta_preserve:  0.0050
Time:  0.0740 Epoch: 012 Iter:  400/ 600 LR: 0.0000473670 Loss content:  0.0173 Loss fft:  0.7989 Loss dta_rank:  0.6048 Loss dta_tv:  0.0290 Loss dta_proxy:  0.2065 Loss dta_trans:  0.0057 Loss dta_phys:  0.0067 Loss dta_preserve:  0.0049
Time:  0.0768 Epoch: 012 Iter:  450/ 600 LR: 0.0000473670 Loss content:  0.0170 Loss fft:  0.8129 Loss dta_rank:  0.5984 Loss dta_tv:  0.0284 Loss dta_proxy:  0.2109 Loss dta_trans:  0.0065 Loss dta_phys:  0.0059 Loss dta_preserve:  0.0055
Time:  0.0760 Epoch: 012 Iter:  500/ 600 LR: 0.0000473670 Loss content:  0.0172 Loss fft:  0.8157 Loss dta_rank:  0.6042 Loss dta_tv:  0.0297 Loss dta_proxy:  0.1983 Loss dta_trans:  0.0066 Loss dta_phys:  0.0068 Loss dta_preserve:  0.0047
Time:  0.0800 Epoch: 012 Iter:  550/ 600 LR: 0.0000473670 Loss content:  0.0175 Loss fft:  0.8369 Loss dta_rank:  0.6038 Loss dta_tv:  0.0300 Loss dta_proxy:  0.2004 Loss dta_trans:  0.0063 Loss dta_phys:  0.0066 Loss dta_preserve:  0.0046
Time:  0.0774 Epoch: 012 Iter:  600/ 600 LR: 0.0000473670 Loss content:  0.0174 Loss fft:  0.8316 Loss dta_rank:  0.6036 Loss dta_tv:  0.0287 Loss dta_proxy:  0.2124 Loss dta_trans:  0.0057 Loss dta_phys:  0.0076 Loss dta_preserve:  0.0057
EPOCH: 12
Elapsed time: 0.93 Epoch Pixel Loss:  0.0172 Epoch FFT Loss:  0.8191 Epoch DTA Rank:  0.6029 Epoch DTA TV:  0.0292 Epoch DTA Proxy:  0.2060 Epoch DTA Trans:  0.0059 Epoch DTA Phys:  0.0066 Epoch DTA Preserve:  0.0051
DTA_GATE_RAMP epoch=13 gate_limit=0.060000
Time:  0.0811 Epoch: 013 Iter:   50/ 600 LR: 0.0000383414 Loss content:  0.0176 Loss fft:  0.8124 Loss dta_rank:  0.6065 Loss dta_tv:  0.0285 Loss dta_proxy:  0.2091 Loss dta_trans:  0.0061 Loss dta_phys:  0.0075 Loss dta_preserve:  0.0058
Time:  0.0762 Epoch: 013 Iter:  100/ 600 LR: 0.0000383414 Loss content:  0.0173 Loss fft:  0.8266 Loss dta_rank:  0.5982 Loss dta_tv:  0.0292 Loss dta_proxy:  0.1973 Loss dta_trans:  0.0061 Loss dta_phys:  0.0066 Loss dta_preserve:  0.0048
Time:  0.0783 Epoch: 013 Iter:  150/ 600 LR: 0.0000383414 Loss content:  0.0165 Loss fft:  0.8017 Loss dta_rank:  0.6042 Loss dta_tv:  0.0287 Loss dta_proxy:  0.2087 Loss dta_trans:  0.0055 Loss dta_phys:  0.0064 Loss dta_preserve:  0.0046
Time:  0.0741 Epoch: 013 Iter:  200/ 600 LR: 0.0000383414 Loss content:  0.0170 Loss fft:  0.8408 Loss dta_rank:  0.6055 Loss dta_tv:  0.0289 Loss dta_proxy:  0.2178 Loss dta_trans:  0.0056 Loss dta_phys:  0.0070 Loss dta_preserve:  0.0056
Time:  0.0750 Epoch: 013 Iter:  250/ 600 LR: 0.0000383414 Loss content:  0.0172 Loss fft:  0.8402 Loss dta_rank:  0.6005 Loss dta_tv:  0.0300 Loss dta_proxy:  0.1860 Loss dta_trans:  0.0061 Loss dta_phys:  0.0063 Loss dta_preserve:  0.0065
Time:  0.0742 Epoch: 013 Iter:  300/ 600 LR: 0.0000383414 Loss content:  0.0168 Loss fft:  0.8260 Loss dta_rank:  0.6043 Loss dta_tv:  0.0302 Loss dta_proxy:  0.1985 Loss dta_trans:  0.0057 Loss dta_phys:  0.0067 Loss dta_preserve:  0.0052
Time:  0.0715 Epoch: 013 Iter:  350/ 600 LR: 0.0000383414 Loss content:  0.0168 Loss fft:  0.8305 Loss dta_rank:  0.5996 Loss dta_tv:  0.0303 Loss dta_proxy:  0.1975 Loss dta_trans:  0.0064 Loss dta_phys:  0.0062 Loss dta_preserve:  0.0056
Time:  0.0803 Epoch: 013 Iter:  400/ 600 LR: 0.0000383414 Loss content:  0.0169 Loss fft:  0.8047 Loss dta_rank:  0.6079 Loss dta_tv:  0.0287 Loss dta_proxy:  0.2147 Loss dta_trans:  0.0065 Loss dta_phys:  0.0062 Loss dta_preserve:  0.0046
Time:  0.0765 Epoch: 013 Iter:  450/ 600 LR: 0.0000383414 Loss content:  0.0173 Loss fft:  0.8154 Loss dta_rank:  0.6014 Loss dta_tv:  0.0286 Loss dta_proxy:  0.2020 Loss dta_trans:  0.0048 Loss dta_phys:  0.0066 Loss dta_preserve:  0.0064
Time:  0.0766 Epoch: 013 Iter:  500/ 600 LR: 0.0000383414 Loss content:  0.0175 Loss fft:  0.8306 Loss dta_rank:  0.5986 Loss dta_tv:  0.0296 Loss dta_proxy:  0.1995 Loss dta_trans:  0.0067 Loss dta_phys:  0.0065 Loss dta_preserve:  0.0050
Time:  0.0767 Epoch: 013 Iter:  550/ 600 LR: 0.0000383414 Loss content:  0.0170 Loss fft:  0.8085 Loss dta_rank:  0.6028 Loss dta_tv:  0.0289 Loss dta_proxy:  0.2086 Loss dta_trans:  0.0052 Loss dta_phys:  0.0064 Loss dta_preserve:  0.0054
Time:  0.0794 Epoch: 013 Iter:  600/ 600 LR: 0.0000383414 Loss content:  0.0181 Loss fft:  0.8320 Loss dta_rank:  0.6035 Loss dta_tv:  0.0285 Loss dta_proxy:  0.2079 Loss dta_trans:  0.0054 Loss dta_phys:  0.0079 Loss dta_preserve:  0.0052
EPOCH: 13
Elapsed time: 0.92 Epoch Pixel Loss:  0.0172 Epoch FFT Loss:  0.8224 Epoch DTA Rank:  0.6028 Epoch DTA TV:  0.0292 Epoch DTA Proxy:  0.2040 Epoch DTA Trans:  0.0058 Epoch DTA Phys:  0.0067 Epoch DTA Preserve:  0.0054
DTA_GATE_RAMP epoch=14 gate_limit=0.060000
Time:  0.0838 Epoch: 014 Iter:   50/ 600 LR: 0.0000297690 Loss content:  0.0169 Loss fft:  0.8305 Loss dta_rank:  0.6024 Loss dta_tv:  0.0298 Loss dta_proxy:  0.1975 Loss dta_trans:  0.0061 Loss dta_phys:  0.0061 Loss dta_preserve:  0.0053
Time:  0.0784 Epoch: 014 Iter:  100/ 600 LR: 0.0000297690 Loss content:  0.0172 Loss fft:  0.8188 Loss dta_rank:  0.6008 Loss dta_tv:  0.0295 Loss dta_proxy:  0.1991 Loss dta_trans:  0.0059 Loss dta_phys:  0.0063 Loss dta_preserve:  0.0046
Time:  0.0726 Epoch: 014 Iter:  150/ 600 LR: 0.0000297690 Loss content:  0.0166 Loss fft:  0.8106 Loss dta_rank:  0.6001 Loss dta_tv:  0.0293 Loss dta_proxy:  0.2031 Loss dta_trans:  0.0057 Loss dta_phys:  0.0073 Loss dta_preserve:  0.0057
Time:  0.0861 Epoch: 014 Iter:  200/ 600 LR: 0.0000297690 Loss content:  0.0174 Loss fft:  0.8377 Loss dta_rank:  0.6055 Loss dta_tv:  0.0288 Loss dta_proxy:  0.2089 Loss dta_trans:  0.0056 Loss dta_phys:  0.0059 Loss dta_preserve:  0.0056
Time:  0.0898 Epoch: 014 Iter:  250/ 600 LR: 0.0000297690 Loss content:  0.0164 Loss fft:  0.8151 Loss dta_rank:  0.6062 Loss dta_tv:  0.0294 Loss dta_proxy:  0.1942 Loss dta_trans:  0.0062 Loss dta_phys:  0.0063 Loss dta_preserve:  0.0039
Time:  0.0772 Epoch: 014 Iter:  300/ 600 LR: 0.0000297690 Loss content:  0.0173 Loss fft:  0.8145 Loss dta_rank:  0.6033 Loss dta_tv:  0.0286 Loss dta_proxy:  0.2079 Loss dta_trans:  0.0050 Loss dta_phys:  0.0065 Loss dta_preserve:  0.0049
Time:  0.0765 Epoch: 014 Iter:  350/ 600 LR: 0.0000297690 Loss content:  0.0169 Loss fft:  0.8085 Loss dta_rank:  0.6009 Loss dta_tv:  0.0295 Loss dta_proxy:  0.2023 Loss dta_trans:  0.0061 Loss dta_phys:  0.0075 Loss dta_preserve:  0.0047
Time:  0.0689 Epoch: 014 Iter:  400/ 600 LR: 0.0000297690 Loss content:  0.0175 Loss fft:  0.8360 Loss dta_rank:  0.6079 Loss dta_tv:  0.0287 Loss dta_proxy:  0.2118 Loss dta_trans:  0.0052 Loss dta_phys:  0.0069 Loss dta_preserve:  0.0046
Time:  0.0752 Epoch: 014 Iter:  450/ 600 LR: 0.0000297690 Loss content:  0.0173 Loss fft:  0.8268 Loss dta_rank:  0.6066 Loss dta_tv:  0.0286 Loss dta_proxy:  0.2082 Loss dta_trans:  0.0063 Loss dta_phys:  0.0068 Loss dta_preserve:  0.0052
Time:  0.0784 Epoch: 014 Iter:  500/ 600 LR: 0.0000297690 Loss content:  0.0175 Loss fft:  0.8328 Loss dta_rank:  0.6005 Loss dta_tv:  0.0285 Loss dta_proxy:  0.2118 Loss dta_trans:  0.0053 Loss dta_phys:  0.0063 Loss dta_preserve:  0.0053
Time:  0.0751 Epoch: 014 Iter:  550/ 600 LR: 0.0000297690 Loss content:  0.0176 Loss fft:  0.8300 Loss dta_rank:  0.6043 Loss dta_tv:  0.0291 Loss dta_proxy:  0.2096 Loss dta_trans:  0.0064 Loss dta_phys:  0.0073 Loss dta_preserve:  0.0041
Time:  0.0753 Epoch: 014 Iter:  600/ 600 LR: 0.0000297690 Loss content:  0.0172 Loss fft:  0.8016 Loss dta_rank:  0.6017 Loss dta_tv:  0.0283 Loss dta_proxy:  0.2135 Loss dta_trans:  0.0064 Loss dta_phys:  0.0064 Loss dta_preserve:  0.0050
EPOCH: 14
Elapsed time: 0.94 Epoch Pixel Loss:  0.0171 Epoch FFT Loss:  0.8219 Epoch DTA Rank:  0.6034 Epoch DTA TV:  0.0290 Epoch DTA Proxy:  0.2057 Epoch DTA Trans:  0.0058 Epoch DTA Phys:  0.0066 Epoch DTA Preserve:  0.0049
DTA_GATE_RAMP epoch=15 gate_limit=0.060000
Time:  0.0821 Epoch: 015 Iter:   50/ 600 LR: 0.0000219361 Loss content:  0.0179 Loss fft:  0.8245 Loss dta_rank:  0.6034 Loss dta_tv:  0.0285 Loss dta_proxy:  0.2051 Loss dta_trans:  0.0063 Loss dta_phys:  0.0071 Loss dta_preserve:  0.0045
Time:  0.0771 Epoch: 015 Iter:  100/ 600 LR: 0.0000219361 Loss content:  0.0172 Loss fft:  0.8150 Loss dta_rank:  0.6035 Loss dta_tv:  0.0289 Loss dta_proxy:  0.2043 Loss dta_trans:  0.0048 Loss dta_phys:  0.0067 Loss dta_preserve:  0.0059
Time:  0.0781 Epoch: 015 Iter:  150/ 600 LR: 0.0000219361 Loss content:  0.0179 Loss fft:  0.8705 Loss dta_rank:  0.6010 Loss dta_tv:  0.0287 Loss dta_proxy:  0.2130 Loss dta_trans:  0.0054 Loss dta_phys:  0.0059 Loss dta_preserve:  0.0059
Time:  0.0760 Epoch: 015 Iter:  200/ 600 LR: 0.0000219361 Loss content:  0.0165 Loss fft:  0.7889 Loss dta_rank:  0.6075 Loss dta_tv:  0.0294 Loss dta_proxy:  0.2000 Loss dta_trans:  0.0072 Loss dta_phys:  0.0057 Loss dta_preserve:  0.0056
Time:  0.0732 Epoch: 015 Iter:  250/ 600 LR: 0.0000219361 Loss content:  0.0173 Loss fft:  0.8324 Loss dta_rank:  0.5987 Loss dta_tv:  0.0294 Loss dta_proxy:  0.1955 Loss dta_trans:  0.0052 Loss dta_phys:  0.0067 Loss dta_preserve:  0.0042
Time:  0.0724 Epoch: 015 Iter:  300/ 600 LR: 0.0000219361 Loss content:  0.0172 Loss fft:  0.8287 Loss dta_rank:  0.6030 Loss dta_tv:  0.0288 Loss dta_proxy:  0.2122 Loss dta_trans:  0.0067 Loss dta_phys:  0.0071 Loss dta_preserve:  0.0070
Time:  0.0763 Epoch: 015 Iter:  350/ 600 LR: 0.0000219361 Loss content:  0.0169 Loss fft:  0.8312 Loss dta_rank:  0.6020 Loss dta_tv:  0.0283 Loss dta_proxy:  0.2185 Loss dta_trans:  0.0046 Loss dta_phys:  0.0071 Loss dta_preserve:  0.0048
Time:  0.0752 Epoch: 015 Iter:  400/ 600 LR: 0.0000219361 Loss content:  0.0173 Loss fft:  0.8566 Loss dta_rank:  0.5972 Loss dta_tv:  0.0298 Loss dta_proxy:  0.1942 Loss dta_trans:  0.0055 Loss dta_phys:  0.0061 Loss dta_preserve:  0.0059
Time:  0.0823 Epoch: 015 Iter:  450/ 600 LR: 0.0000219361 Loss content:  0.0174 Loss fft:  0.7915 Loss dta_rank:  0.6065 Loss dta_tv:  0.0292 Loss dta_proxy:  0.1919 Loss dta_trans:  0.0065 Loss dta_phys:  0.0075 Loss dta_preserve:  0.0055
Time:  0.0702 Epoch: 015 Iter:  500/ 600 LR: 0.0000219361 Loss content:  0.0175 Loss fft:  0.8162 Loss dta_rank:  0.6032 Loss dta_tv:  0.0297 Loss dta_proxy:  0.1978 Loss dta_trans:  0.0064 Loss dta_phys:  0.0069 Loss dta_preserve:  0.0077
Time:  0.0787 Epoch: 015 Iter:  550/ 600 LR: 0.0000219361 Loss content:  0.0169 Loss fft:  0.8369 Loss dta_rank:  0.5976 Loss dta_tv:  0.0292 Loss dta_proxy:  0.2089 Loss dta_trans:  0.0050 Loss dta_phys:  0.0071 Loss dta_preserve:  0.0059
Time:  0.0787 Epoch: 015 Iter:  600/ 600 LR: 0.0000219361 Loss content:  0.0171 Loss fft:  0.8038 Loss dta_rank:  0.6043 Loss dta_tv:  0.0293 Loss dta_proxy:  0.2042 Loss dta_trans:  0.0054 Loss dta_phys:  0.0066 Loss dta_preserve:  0.0047
EPOCH: 15
Elapsed time: 0.92 Epoch Pixel Loss:  0.0173 Epoch FFT Loss:  0.8247 Epoch DTA Rank:  0.6023 Epoch DTA TV:  0.0291 Epoch DTA Proxy:  0.2038 Epoch DTA Trans:  0.0057 Epoch DTA Phys:  0.0067 Epoch DTA Preserve:  0.0056
DTA_GATE_RAMP epoch=16 gate_limit=0.060000
Time:  0.0829 Epoch: 016 Iter:   50/ 600 LR: 0.0000151017 Loss content:  0.0168 Loss fft:  0.8241 Loss dta_rank:  0.6012 Loss dta_tv:  0.0290 Loss dta_proxy:  0.2047 Loss dta_trans:  0.0056 Loss dta_phys:  0.0070 Loss dta_preserve:  0.0050
Time:  0.0787 Epoch: 016 Iter:  100/ 600 LR: 0.0000151017 Loss content:  0.0175 Loss fft:  0.8331 Loss dta_rank:  0.6033 Loss dta_tv:  0.0283 Loss dta_proxy:  0.2071 Loss dta_trans:  0.0049 Loss dta_phys:  0.0062 Loss dta_preserve:  0.0056
Time:  0.0768 Epoch: 016 Iter:  150/ 600 LR: 0.0000151017 Loss content:  0.0172 Loss fft:  0.8118 Loss dta_rank:  0.6028 Loss dta_tv:  0.0298 Loss dta_proxy:  0.2063 Loss dta_trans:  0.0059 Loss dta_phys:  0.0064 Loss dta_preserve:  0.0060
Time:  0.0794 Epoch: 016 Iter:  200/ 600 LR: 0.0000151017 Loss content:  0.0173 Loss fft:  0.8212 Loss dta_rank:  0.5999 Loss dta_tv:  0.0288 Loss dta_proxy:  0.2080 Loss dta_trans:  0.0057 Loss dta_phys:  0.0067 Loss dta_preserve:  0.0061
Time:  0.0792 Epoch: 016 Iter:  250/ 600 LR: 0.0000151017 Loss content:  0.0173 Loss fft:  0.8545 Loss dta_rank:  0.6053 Loss dta_tv:  0.0292 Loss dta_proxy:  0.2101 Loss dta_trans:  0.0050 Loss dta_phys:  0.0063 Loss dta_preserve:  0.0057
Time:  0.0754 Epoch: 016 Iter:  300/ 600 LR: 0.0000151017 Loss content:  0.0172 Loss fft:  0.8135 Loss dta_rank:  0.6075 Loss dta_tv:  0.0294 Loss dta_proxy:  0.2054 Loss dta_trans:  0.0066 Loss dta_phys:  0.0073 Loss dta_preserve:  0.0048
Time:  0.0763 Epoch: 016 Iter:  350/ 600 LR: 0.0000151017 Loss content:  0.0179 Loss fft:  0.8387 Loss dta_rank:  0.6045 Loss dta_tv:  0.0293 Loss dta_proxy:  0.2056 Loss dta_trans:  0.0061 Loss dta_phys:  0.0068 Loss dta_preserve:  0.0054
Time:  0.0910 Epoch: 016 Iter:  400/ 600 LR: 0.0000151017 Loss content:  0.0163 Loss fft:  0.8227 Loss dta_rank:  0.5993 Loss dta_tv:  0.0292 Loss dta_proxy:  0.2024 Loss dta_trans:  0.0054 Loss dta_phys:  0.0067 Loss dta_preserve:  0.0045
Time:  0.0894 Epoch: 016 Iter:  450/ 600 LR: 0.0000151017 Loss content:  0.0172 Loss fft:  0.8038 Loss dta_rank:  0.5994 Loss dta_tv:  0.0289 Loss dta_proxy:  0.1990 Loss dta_trans:  0.0057 Loss dta_phys:  0.0064 Loss dta_preserve:  0.0048
Time:  0.0812 Epoch: 016 Iter:  500/ 600 LR: 0.0000151017 Loss content:  0.0172 Loss fft:  0.8021 Loss dta_rank:  0.6040 Loss dta_tv:  0.0292 Loss dta_proxy:  0.2104 Loss dta_trans:  0.0064 Loss dta_phys:  0.0068 Loss dta_preserve:  0.0063
Time:  0.0767 Epoch: 016 Iter:  550/ 600 LR: 0.0000151017 Loss content:  0.0175 Loss fft:  0.8131 Loss dta_rank:  0.6054 Loss dta_tv:  0.0286 Loss dta_proxy:  0.2115 Loss dta_trans:  0.0058 Loss dta_phys:  0.0076 Loss dta_preserve:  0.0055
Time:  0.0784 Epoch: 016 Iter:  600/ 600 LR: 0.0000151017 Loss content:  0.0170 Loss fft:  0.8207 Loss dta_rank:  0.6017 Loss dta_tv:  0.0287 Loss dta_proxy:  0.1971 Loss dta_trans:  0.0064 Loss dta_phys:  0.0064 Loss dta_preserve:  0.0049
EPOCH: 16
Elapsed time: 0.97 Epoch Pixel Loss:  0.0172 Epoch FFT Loss:  0.8216 Epoch DTA Rank:  0.6029 Epoch DTA TV:  0.0290 Epoch DTA Proxy:  0.2056 Epoch DTA Trans:  0.0058 Epoch DTA Phys:  0.0067 Epoch DTA Preserve:  0.0054
DTA_GATE_RAMP epoch=17 gate_limit=0.060000
Time:  0.0857 Epoch: 017 Iter:   50/ 600 LR: 0.0000094853 Loss content:  0.0172 Loss fft:  0.8246 Loss dta_rank:  0.5996 Loss dta_tv:  0.0286 Loss dta_proxy:  0.2064 Loss dta_trans:  0.0051 Loss dta_phys:  0.0065 Loss dta_preserve:  0.0045
Time:  0.0774 Epoch: 017 Iter:  100/ 600 LR: 0.0000094853 Loss content:  0.0171 Loss fft:  0.8282 Loss dta_rank:  0.6045 Loss dta_tv:  0.0289 Loss dta_proxy:  0.2114 Loss dta_trans:  0.0052 Loss dta_phys:  0.0060 Loss dta_preserve:  0.0053
Time:  0.0774 Epoch: 017 Iter:  150/ 600 LR: 0.0000094853 Loss content:  0.0174 Loss fft:  0.8048 Loss dta_rank:  0.5991 Loss dta_tv:  0.0282 Loss dta_proxy:  0.2093 Loss dta_trans:  0.0065 Loss dta_phys:  0.0070 Loss dta_preserve:  0.0048
Time:  0.0786 Epoch: 017 Iter:  200/ 600 LR: 0.0000094853 Loss content:  0.0173 Loss fft:  0.8132 Loss dta_rank:  0.5989 Loss dta_tv:  0.0294 Loss dta_proxy:  0.2030 Loss dta_trans:  0.0056 Loss dta_phys:  0.0067 Loss dta_preserve:  0.0052
Time:  0.0794 Epoch: 017 Iter:  250/ 600 LR: 0.0000094853 Loss content:  0.0179 Loss fft:  0.8155 Loss dta_rank:  0.6021 Loss dta_tv:  0.0293 Loss dta_proxy:  0.1996 Loss dta_trans:  0.0054 Loss dta_phys:  0.0064 Loss dta_preserve:  0.0039
Time:  0.0785 Epoch: 017 Iter:  300/ 600 LR: 0.0000094853 Loss content:  0.0171 Loss fft:  0.8290 Loss dta_rank:  0.6022 Loss dta_tv:  0.0288 Loss dta_proxy:  0.2097 Loss dta_trans:  0.0054 Loss dta_phys:  0.0063 Loss dta_preserve:  0.0055
Time:  0.0772 Epoch: 017 Iter:  350/ 600 LR: 0.0000094853 Loss content:  0.0177 Loss fft:  0.8346 Loss dta_rank:  0.6002 Loss dta_tv:  0.0298 Loss dta_proxy:  0.2018 Loss dta_trans:  0.0061 Loss dta_phys:  0.0067 Loss dta_preserve:  0.0048
Time:  0.0705 Epoch: 017 Iter:  400/ 600 LR: 0.0000094853 Loss content:  0.0164 Loss fft:  0.8098 Loss dta_rank:  0.6025 Loss dta_tv:  0.0289 Loss dta_proxy:  0.2043 Loss dta_trans:  0.0057 Loss dta_phys:  0.0069 Loss dta_preserve:  0.0050
Time:  0.0767 Epoch: 017 Iter:  450/ 600 LR: 0.0000094853 Loss content:  0.0166 Loss fft:  0.8197 Loss dta_rank:  0.6045 Loss dta_tv:  0.0289 Loss dta_proxy:  0.2067 Loss dta_trans:  0.0057 Loss dta_phys:  0.0070 Loss dta_preserve:  0.0046
Time:  0.0791 Epoch: 017 Iter:  500/ 600 LR: 0.0000094853 Loss content:  0.0178 Loss fft:  0.8210 Loss dta_rank:  0.6006 Loss dta_tv:  0.0287 Loss dta_proxy:  0.2090 Loss dta_trans:  0.0062 Loss dta_phys:  0.0065 Loss dta_preserve:  0.0051
Time:  0.0787 Epoch: 017 Iter:  550/ 600 LR: 0.0000094853 Loss content:  0.0176 Loss fft:  0.8173 Loss dta_rank:  0.6007 Loss dta_tv:  0.0293 Loss dta_proxy:  0.2049 Loss dta_trans:  0.0058 Loss dta_phys:  0.0068 Loss dta_preserve:  0.0052
Time:  0.0732 Epoch: 017 Iter:  600/ 600 LR: 0.0000094853 Loss content:  0.0173 Loss fft:  0.8259 Loss dta_rank:  0.6014 Loss dta_tv:  0.0292 Loss dta_proxy:  0.2010 Loss dta_trans:  0.0053 Loss dta_phys:  0.0063 Loss dta_preserve:  0.0052
EPOCH: 17
Elapsed time: 0.94 Epoch Pixel Loss:  0.0173 Epoch FFT Loss:  0.8203 Epoch DTA Rank:  0.6014 Epoch DTA TV:  0.0290 Epoch DTA Proxy:  0.2056 Epoch DTA Trans:  0.0057 Epoch DTA Phys:  0.0066 Epoch DTA Preserve:  0.0049
DTA_GATE_RAMP epoch=18 gate_limit=0.060000
Time:  0.0728 Epoch: 018 Iter:   50/ 600 LR: 0.0000052550 Loss content:  0.0173 Loss fft:  0.8020 Loss dta_rank:  0.5977 Loss dta_tv:  0.0285 Loss dta_proxy:  0.2020 Loss dta_trans:  0.0068 Loss dta_phys:  0.0064 Loss dta_preserve:  0.0056
Time:  0.0745 Epoch: 018 Iter:  100/ 600 LR: 0.0000052550 Loss content:  0.0180 Loss fft:  0.7959 Loss dta_rank:  0.6068 Loss dta_tv:  0.0288 Loss dta_proxy:  0.2116 Loss dta_trans:  0.0058 Loss dta_phys:  0.0073 Loss dta_preserve:  0.0052
Time:  0.0811 Epoch: 018 Iter:  150/ 600 LR: 0.0000052550 Loss content:  0.0178 Loss fft:  0.8495 Loss dta_rank:  0.6010 Loss dta_tv:  0.0295 Loss dta_proxy:  0.2057 Loss dta_trans:  0.0053 Loss dta_phys:  0.0068 Loss dta_preserve:  0.0055
Time:  0.0777 Epoch: 018 Iter:  200/ 600 LR: 0.0000052550 Loss content:  0.0169 Loss fft:  0.7976 Loss dta_rank:  0.6023 Loss dta_tv:  0.0292 Loss dta_proxy:  0.1887 Loss dta_trans:  0.0054 Loss dta_phys:  0.0064 Loss dta_preserve:  0.0050
Time:  0.0771 Epoch: 018 Iter:  250/ 600 LR: 0.0000052550 Loss content:  0.0171 Loss fft:  0.8169 Loss dta_rank:  0.6028 Loss dta_tv:  0.0296 Loss dta_proxy:  0.1906 Loss dta_trans:  0.0055 Loss dta_phys:  0.0066 Loss dta_preserve:  0.0048
Time:  0.0742 Epoch: 018 Iter:  300/ 600 LR: 0.0000052550 Loss content:  0.0170 Loss fft:  0.8351 Loss dta_rank:  0.6034 Loss dta_tv:  0.0290 Loss dta_proxy:  0.2053 Loss dta_trans:  0.0056 Loss dta_phys:  0.0066 Loss dta_preserve:  0.0055
Time:  0.0664 Epoch: 018 Iter:  350/ 600 LR: 0.0000052550 Loss content:  0.0177 Loss fft:  0.8140 Loss dta_rank:  0.6036 Loss dta_tv:  0.0283 Loss dta_proxy:  0.2187 Loss dta_trans:  0.0059 Loss dta_phys:  0.0066 Loss dta_preserve:  0.0062
Time:  0.0740 Epoch: 018 Iter:  400/ 600 LR: 0.0000052550 Loss content:  0.0175 Loss fft:  0.8137 Loss dta_rank:  0.6064 Loss dta_tv:  0.0286 Loss dta_proxy:  0.2129 Loss dta_trans:  0.0061 Loss dta_phys:  0.0069 Loss dta_preserve:  0.0053
Time:  0.0728 Epoch: 018 Iter:  450/ 600 LR: 0.0000052550 Loss content:  0.0168 Loss fft:  0.8248 Loss dta_rank:  0.6039 Loss dta_tv:  0.0290 Loss dta_proxy:  0.1992 Loss dta_trans:  0.0056 Loss dta_phys:  0.0062 Loss dta_preserve:  0.0048
Time:  0.0777 Epoch: 018 Iter:  500/ 600 LR: 0.0000052550 Loss content:  0.0174 Loss fft:  0.8202 Loss dta_rank:  0.6004 Loss dta_tv:  0.0288 Loss dta_proxy:  0.2033 Loss dta_trans:  0.0056 Loss dta_phys:  0.0065 Loss dta_preserve:  0.0049
Time:  0.0772 Epoch: 018 Iter:  550/ 600 LR: 0.0000052550 Loss content:  0.0175 Loss fft:  0.8657 Loss dta_rank:  0.5981 Loss dta_tv:  0.0294 Loss dta_proxy:  0.1993 Loss dta_trans:  0.0058 Loss dta_phys:  0.0068 Loss dta_preserve:  0.0046
Time:  0.0750 Epoch: 018 Iter:  600/ 600 LR: 0.0000052550 Loss content:  0.0172 Loss fft:  0.8371 Loss dta_rank:  0.6032 Loss dta_tv:  0.0292 Loss dta_proxy:  0.1942 Loss dta_trans:  0.0054 Loss dta_phys:  0.0060 Loss dta_preserve:  0.0049
EPOCH: 18
Elapsed time: 0.90 Epoch Pixel Loss:  0.0174 Epoch FFT Loss:  0.8227 Epoch DTA Rank:  0.6025 Epoch DTA TV:  0.0290 Epoch DTA Proxy:  0.2026 Epoch DTA Trans:  0.0057 Epoch DTA Phys:  0.0066 Epoch DTA Preserve:  0.0052
DTA_GATE_RAMP epoch=19 gate_limit=0.060000
Time:  0.0752 Epoch: 019 Iter:   50/ 600 LR: 0.0000025070 Loss content:  0.0165 Loss fft:  0.8135 Loss dta_rank:  0.6048 Loss dta_tv:  0.0292 Loss dta_proxy:  0.2065 Loss dta_trans:  0.0059 Loss dta_phys:  0.0070 Loss dta_preserve:  0.0037
Time:  0.0770 Epoch: 019 Iter:  100/ 600 LR: 0.0000025070 Loss content:  0.0169 Loss fft:  0.8224 Loss dta_rank:  0.5972 Loss dta_tv:  0.0296 Loss dta_proxy:  0.1967 Loss dta_trans:  0.0061 Loss dta_phys:  0.0068 Loss dta_preserve:  0.0050
Time:  0.0790 Epoch: 019 Iter:  150/ 600 LR: 0.0000025070 Loss content:  0.0171 Loss fft:  0.8021 Loss dta_rank:  0.6032 Loss dta_tv:  0.0291 Loss dta_proxy:  0.1993 Loss dta_trans:  0.0063 Loss dta_phys:  0.0069 Loss dta_preserve:  0.0050
Time:  0.0773 Epoch: 019 Iter:  200/ 600 LR: 0.0000025070 Loss content:  0.0172 Loss fft:  0.8321 Loss dta_rank:  0.6039 Loss dta_tv:  0.0289 Loss dta_proxy:  0.2035 Loss dta_trans:  0.0061 Loss dta_phys:  0.0068 Loss dta_preserve:  0.0043
Time:  0.0741 Epoch: 019 Iter:  250/ 600 LR: 0.0000025070 Loss content:  0.0179 Loss fft:  0.8510 Loss dta_rank:  0.6008 Loss dta_tv:  0.0282 Loss dta_proxy:  0.2070 Loss dta_trans:  0.0064 Loss dta_phys:  0.0067 Loss dta_preserve:  0.0062
Time:  0.0965 Epoch: 019 Iter:  300/ 600 LR: 0.0000025070 Loss content:  0.0170 Loss fft:  0.8094 Loss dta_rank:  0.6025 Loss dta_tv:  0.0289 Loss dta_proxy:  0.2078 Loss dta_trans:  0.0058 Loss dta_phys:  0.0065 Loss dta_preserve:  0.0047
Time:  0.0787 Epoch: 019 Iter:  350/ 600 LR: 0.0000025070 Loss content:  0.0175 Loss fft:  0.8377 Loss dta_rank:  0.6014 Loss dta_tv:  0.0287 Loss dta_proxy:  0.2092 Loss dta_trans:  0.0060 Loss dta_phys:  0.0070 Loss dta_preserve:  0.0044
Time:  0.0802 Epoch: 019 Iter:  400/ 600 LR: 0.0000025070 Loss content:  0.0173 Loss fft:  0.8312 Loss dta_rank:  0.6030 Loss dta_tv:  0.0293 Loss dta_proxy:  0.2048 Loss dta_trans:  0.0050 Loss dta_phys:  0.0069 Loss dta_preserve:  0.0040
Time:  0.0827 Epoch: 019 Iter:  450/ 600 LR: 0.0000025070 Loss content:  0.0162 Loss fft:  0.8042 Loss dta_rank:  0.6032 Loss dta_tv:  0.0292 Loss dta_proxy:  0.2013 Loss dta_trans:  0.0057 Loss dta_phys:  0.0064 Loss dta_preserve:  0.0042
Time:  0.0733 Epoch: 019 Iter:  500/ 600 LR: 0.0000025070 Loss content:  0.0174 Loss fft:  0.8342 Loss dta_rank:  0.6017 Loss dta_tv:  0.0276 Loss dta_proxy:  0.2200 Loss dta_trans:  0.0049 Loss dta_phys:  0.0067 Loss dta_preserve:  0.0051
Time:  0.0811 Epoch: 019 Iter:  550/ 600 LR: 0.0000025070 Loss content:  0.0167 Loss fft:  0.8103 Loss dta_rank:  0.6047 Loss dta_tv:  0.0286 Loss dta_proxy:  0.2004 Loss dta_trans:  0.0050 Loss dta_phys:  0.0067 Loss dta_preserve:  0.0045
Time:  0.0807 Epoch: 019 Iter:  600/ 600 LR: 0.0000025070 Loss content:  0.0174 Loss fft:  0.8321 Loss dta_rank:  0.6020 Loss dta_tv:  0.0288 Loss dta_proxy:  0.1988 Loss dta_trans:  0.0054 Loss dta_phys:  0.0060 Loss dta_preserve:  0.0053
EPOCH: 19
Elapsed time: 0.96 Epoch Pixel Loss:  0.0171 Epoch FFT Loss:  0.8233 Epoch DTA Rank:  0.6024 Epoch DTA TV:  0.0289 Epoch DTA Proxy:  0.2046 Epoch DTA Trans:  0.0057 Epoch DTA Phys:  0.0067 Epoch DTA Preserve:  0.0047
DTA_GATE_RAMP epoch=20 gate_limit=0.060000
Time:  0.0815 Epoch: 020 Iter:   50/ 600 LR: 0.0000012125 Loss content:  0.0179 Loss fft:  0.8702 Loss dta_rank:  0.6043 Loss dta_tv:  0.0294 Loss dta_proxy:  0.2036 Loss dta_trans:  0.0062 Loss dta_phys:  0.0071 Loss dta_preserve:  0.0047
Time:  0.0711 Epoch: 020 Iter:  100/ 600 LR: 0.0000012125 Loss content:  0.0171 Loss fft:  0.8097 Loss dta_rank:  0.5991 Loss dta_tv:  0.0294 Loss dta_proxy:  0.1947 Loss dta_trans:  0.0053 Loss dta_phys:  0.0065 Loss dta_preserve:  0.0053
Time:  0.0711 Epoch: 020 Iter:  150/ 600 LR: 0.0000012125 Loss content:  0.0166 Loss fft:  0.8196 Loss dta_rank:  0.6030 Loss dta_tv:  0.0290 Loss dta_proxy:  0.2065 Loss dta_trans:  0.0048 Loss dta_phys:  0.0064 Loss dta_preserve:  0.0050
Time:  0.0720 Epoch: 020 Iter:  200/ 600 LR: 0.0000012125 Loss content:  0.0165 Loss fft:  0.7994 Loss dta_rank:  0.6037 Loss dta_tv:  0.0292 Loss dta_proxy:  0.2012 Loss dta_trans:  0.0053 Loss dta_phys:  0.0068 Loss dta_preserve:  0.0066
Time:  0.0721 Epoch: 020 Iter:  250/ 600 LR: 0.0000012125 Loss content:  0.0172 Loss fft:  0.8464 Loss dta_rank:  0.6040 Loss dta_tv:  0.0293 Loss dta_proxy:  0.2145 Loss dta_trans:  0.0053 Loss dta_phys:  0.0073 Loss dta_preserve:  0.0048
Time:  0.0727 Epoch: 020 Iter:  300/ 600 LR: 0.0000012125 Loss content:  0.0165 Loss fft:  0.8011 Loss dta_rank:  0.6060 Loss dta_tv:  0.0290 Loss dta_proxy:  0.2067 Loss dta_trans:  0.0066 Loss dta_phys:  0.0063 Loss dta_preserve:  0.0045
Time:  0.0730 Epoch: 020 Iter:  350/ 600 LR: 0.0000012125 Loss content:  0.0170 Loss fft:  0.8314 Loss dta_rank:  0.6033 Loss dta_tv:  0.0290 Loss dta_proxy:  0.2082 Loss dta_trans:  0.0051 Loss dta_phys:  0.0064 Loss dta_preserve:  0.0051
Time:  0.0710 Epoch: 020 Iter:  400/ 600 LR: 0.0000012125 Loss content:  0.0160 Loss fft:  0.7863 Loss dta_rank:  0.5988 Loss dta_tv:  0.0297 Loss dta_proxy:  0.1935 Loss dta_trans:  0.0055 Loss dta_phys:  0.0069 Loss dta_preserve:  0.0056
Time:  0.0681 Epoch: 020 Iter:  450/ 600 LR: 0.0000012125 Loss content:  0.0171 Loss fft:  0.8069 Loss dta_rank:  0.6040 Loss dta_tv:  0.0280 Loss dta_proxy:  0.2091 Loss dta_trans:  0.0065 Loss dta_phys:  0.0065 Loss dta_preserve:  0.0043
Time:  0.0802 Epoch: 020 Iter:  500/ 600 LR: 0.0000012125 Loss content:  0.0168 Loss fft:  0.8023 Loss dta_rank:  0.6043 Loss dta_tv:  0.0287 Loss dta_proxy:  0.2040 Loss dta_trans:  0.0060 Loss dta_phys:  0.0064 Loss dta_preserve:  0.0044
Time:  0.0836 Epoch: 020 Iter:  550/ 600 LR: 0.0000012125 Loss content:  0.0173 Loss fft:  0.8252 Loss dta_rank:  0.6014 Loss dta_tv:  0.0285 Loss dta_proxy:  0.2097 Loss dta_trans:  0.0059 Loss dta_phys:  0.0068 Loss dta_preserve:  0.0070
Time:  0.0792 Epoch: 020 Iter:  600/ 600 LR: 0.0000012125 Loss content:  0.0170 Loss fft:  0.8354 Loss dta_rank:  0.5989 Loss dta_tv:  0.0283 Loss dta_proxy:  0.2077 Loss dta_trans:  0.0057 Loss dta_phys:  0.0064 Loss dta_preserve:  0.0058
EPOCH: 20
Elapsed time: 0.90 Epoch Pixel Loss:  0.0169 Epoch FFT Loss:  0.8195 Epoch DTA Rank:  0.6026 Epoch DTA TV:  0.0290 Epoch DTA Proxy:  0.2049 Epoch DTA Trans:  0.0057 Epoch DTA Phys:  0.0067 Epoch DTA Preserve:  0.0053
