Namespace(model_name='ConvIR-Haze4K-DTA-v2-adapter_only-invert-seed3407-f0-oof20', data='Haze4K', version='base', fam_mode='original', arch='dta_v2', seed=3407, mode='train', data_dir='/sda/home/wangyuxin/ConvIR-B/datasets/Haze4K/Haze4K', batch_size=4, learning_rate=0.0001, weight_decay=0.0, num_epoch=20, stop_epoch=20, print_freq=50, num_worker=4, save_freq=5, valid_freq=9999, mod_stats_freq=5, mod_stats_batches=16, grad_clip_norm=0.001, dta_grad_clip_norm=0.05, dta_neighbor_grad_clip_norm=0.005, init_model='/sda/home/wangyuxin/ConvIR-B/checkpoints/official/Haze4K/haze4k-base.pkl', init_model_partial=True, partial_new_prefixes='DTA.', resume='', train_scope='adapter_only', dta_depth_cache_dir='/sda/home/wangyuxin/ConvIR-B/depth_cache/depth_anything_v2_small_hf', dta_train_depth_split='train', dta_eval_depth_split='train', valid_root_split='train', eval_root_split='test', dta_require_depth=True, dta_variant='v2', dta_depth_mode='invert', dta_prior_channels=32, dta_gate_bias=-6.0, dta_gate_limit=0.06, dta_gamma_limit=0.12, dta_beta_limit=0.06, dta_alpha_init=1.0, dta_confidence_floor=0.25, dta_confidence_local_scale=6.0, dta_output_residual_scale=0.03, dta_use_trans_gt=True, dta_trans_weight=0.02, dta_phys_weight=0.005, dta_preserve_weight=0.02, dta_preserve_trans_thresh=0.8, dta_gate_ramp_start=0.01, dta_gate_ramp_mid=0.03, dta_gate_ramp_end=0.06, dta_gate_ramp_warmup_epochs=2, dta_gate_ramp_mid_epochs=8, dta_rank_weight=0.001, dta_tv_weight=0.0001, dta_proxy_weight=0.0, dta_rank_pairs=512, dta_rank_min_depth_gap=0.03, split_json='/sda/home/wangyuxin/ConvIR-B/repos/ConvIR-B-dta-v2-calibrated/experience_docx/experiment_logs/haze4k_dta_v2_calibrated_20260611/dta_v2_haze4k_oof_splits_seed3407.json', split_name='fold0_train', test_model='', save_image=False, leaning_rate=0.0001, model_save_dir='results/ConvIR-Haze4K-DTA-v2-adapter_only-invert-seed3407-f0-oof20/Training-Results/', result_dir='results/ConvIR-Haze4K-DTA-v2-adapter_only-invert-seed3407-f0-oof20/images/Haze4K', init_model_sha256='6f42037d57a4e3de3a10ac0ab909d66a3415864a19433c29204a975f4efa4088')
/sda/home/wangyuxin/ConvIR-B/repos/ConvIR-B-dta-v2-calibrated/Dehazing/ITS/main.py:14: FutureWarning: You are using `torch.load` with `weights_only=False` (the current default value), which uses the default pickle module implicitly. It is possible to construct malicious pickle data which will execute arbitrary code during unpickling (See https://github.com/pytorch/pytorch/blob/main/SECURITY.md#untrusted-models for more details). In a future release, the default value for `weights_only` will be flipped to `True`. This limits the functions that could be executed during unpickling. Arbitrary objects will no longer be allowed to be loaded via this mode unless they are explicitly allowlisted by the user via `torch.serialization.add_safe_globals`. We recommend you start setting `weights_only=True` for any use case where you don't have full control of the loaded file. Please open an issue on GitHub for any issues related to this experimental feature.
  state = torch.load(path, map_location=map_location)
INIT_MODEL_PARTIAL_LOAD path=/sda/home/wangyuxin/ConvIR-B/checkpoints/official/Haze4K/haze4k-base.pkl loaded=602 missing_allowed=25 unexpected=[] allowed_new_prefixes=('DTA.',)
TRAIN_SCOPE scope=adapter_only arch=dta_v2 trainable=74699 total=8705364
/sda/home/wangyuxin/ConvIR-B/envs/convir-cu121/lib/python3.10/site-packages/torch/optim/lr_scheduler.py:224: UserWarning: Detected call of `lr_scheduler.step()` before `optimizer.step()`. In PyTorch 1.1.0 and later, you should call them in the opposite order: `optimizer.step()` before `lr_scheduler.step()`.  Failure to do this will result in PyTorch skipping the first value of the learning rate schedule. See more details at https://pytorch.org/docs/stable/optim.html#how-to-adjust-learning-rate
  warnings.warn(
DTA_GATE_RAMP epoch=1 gate_limit=0.010000
Time:  0.1041 Epoch: 001 Iter:   50/ 600 LR: 0.0000333333 Loss content:  0.0178 Loss fft:  0.8085 Loss dta_rank:  0.6937 Loss dta_tv:  0.0039 Loss dta_proxy:  0.1263 Loss dta_trans:  0.0413 Loss dta_phys:  0.0073 Loss dta_preserve:  0.0053
Time:  0.0772 Epoch: 001 Iter:  100/ 600 LR: 0.0000333333 Loss content:  0.0178 Loss fft:  0.8343 Loss dta_rank:  0.6919 Loss dta_tv:  0.0106 Loss dta_proxy:  0.1311 Loss dta_trans:  0.0351 Loss dta_phys:  0.0091 Loss dta_preserve:  0.0043
Time:  0.0781 Epoch: 001 Iter:  150/ 600 LR: 0.0000333333 Loss content:  0.0173 Loss fft:  0.8405 Loss dta_rank:  0.6871 Loss dta_tv:  0.0154 Loss dta_proxy:  0.1493 Loss dta_trans:  0.0273 Loss dta_phys:  0.0107 Loss dta_preserve:  0.0047
Time:  0.0759 Epoch: 001 Iter:  200/ 600 LR: 0.0000333333 Loss content:  0.0169 Loss fft:  0.8103 Loss dta_rank:  0.6787 Loss dta_tv:  0.0199 Loss dta_proxy:  0.1719 Loss dta_trans:  0.0244 Loss dta_phys:  0.0104 Loss dta_preserve:  0.0040
Time:  0.0757 Epoch: 001 Iter:  250/ 600 LR: 0.0000333333 Loss content:  0.0172 Loss fft:  0.8316 Loss dta_rank:  0.6654 Loss dta_tv:  0.0251 Loss dta_proxy:  0.1598 Loss dta_trans:  0.0210 Loss dta_phys:  0.0081 Loss dta_preserve:  0.0037
Time:  0.0764 Epoch: 001 Iter:  300/ 600 LR: 0.0000333333 Loss content:  0.0175 Loss fft:  0.8647 Loss dta_rank:  0.6544 Loss dta_tv:  0.0309 Loss dta_proxy:  0.1777 Loss dta_trans:  0.0175 Loss dta_phys:  0.0078 Loss dta_preserve:  0.0076
Time:  0.0763 Epoch: 001 Iter:  350/ 600 LR: 0.0000333333 Loss content:  0.0171 Loss fft:  0.8048 Loss dta_rank:  0.6473 Loss dta_tv:  0.0337 Loss dta_proxy:  0.1711 Loss dta_trans:  0.0156 Loss dta_phys:  0.0080 Loss dta_preserve:  0.0046
Time:  0.0776 Epoch: 001 Iter:  400/ 600 LR: 0.0000333333 Loss content:  0.0175 Loss fft:  0.8202 Loss dta_rank:  0.6427 Loss dta_tv:  0.0358 Loss dta_proxy:  0.1897 Loss dta_trans:  0.0128 Loss dta_phys:  0.0084 Loss dta_preserve:  0.0054
Time:  0.0752 Epoch: 001 Iter:  450/ 600 LR: 0.0000333333 Loss content:  0.0170 Loss fft:  0.8021 Loss dta_rank:  0.6331 Loss dta_tv:  0.0372 Loss dta_proxy:  0.1867 Loss dta_trans:  0.0130 Loss dta_phys:  0.0070 Loss dta_preserve:  0.0039
Time:  0.0769 Epoch: 001 Iter:  500/ 600 LR: 0.0000333333 Loss content:  0.0168 Loss fft:  0.8182 Loss dta_rank:  0.6318 Loss dta_tv:  0.0388 Loss dta_proxy:  0.1962 Loss dta_trans:  0.0128 Loss dta_phys:  0.0077 Loss dta_preserve:  0.0069
Time:  0.0755 Epoch: 001 Iter:  550/ 600 LR: 0.0000333333 Loss content:  0.0168 Loss fft:  0.8067 Loss dta_rank:  0.6320 Loss dta_tv:  0.0381 Loss dta_proxy:  0.2046 Loss dta_trans:  0.0123 Loss dta_phys:  0.0080 Loss dta_preserve:  0.0056
Time:  0.0726 Epoch: 001 Iter:  600/ 600 LR: 0.0000333333 Loss content:  0.0175 Loss fft:  0.8351 Loss dta_rank:  0.6309 Loss dta_tv:  0.0392 Loss dta_proxy:  0.2106 Loss dta_trans:  0.0137 Loss dta_phys:  0.0074 Loss dta_preserve:  0.0043
EPOCH: 01
Elapsed time: 0.94 Epoch Pixel Loss:  0.0173 Epoch FFT Loss:  0.8231 Epoch DTA Rank:  0.6574 Epoch DTA TV:  0.0274 Epoch DTA Proxy:  0.1729 Epoch DTA Trans:  0.0206 Epoch DTA Phys:  0.0083 Epoch DTA Preserve:  0.0050
DTA_GATE_RAMP epoch=2 gate_limit=0.010000
Time:  0.0822 Epoch: 002 Iter:   50/ 600 LR: 0.0000666667 Loss content:  0.0175 Loss fft:  0.8078 Loss dta_rank:  0.6303 Loss dta_tv:  0.0391 Loss dta_proxy:  0.2063 Loss dta_trans:  0.0109 Loss dta_phys:  0.0070 Loss dta_preserve:  0.0069
Time:  0.0757 Epoch: 002 Iter:  100/ 600 LR: 0.0000666667 Loss content:  0.0172 Loss fft:  0.8291 Loss dta_rank:  0.6258 Loss dta_tv:  0.0394 Loss dta_proxy:  0.2056 Loss dta_trans:  0.0115 Loss dta_phys:  0.0078 Loss dta_preserve:  0.0049
Time:  0.0752 Epoch: 002 Iter:  150/ 600 LR: 0.0000666667 Loss content:  0.0172 Loss fft:  0.8316 Loss dta_rank:  0.6255 Loss dta_tv:  0.0382 Loss dta_proxy:  0.2063 Loss dta_trans:  0.0107 Loss dta_phys:  0.0059 Loss dta_preserve:  0.0050
Time:  0.0737 Epoch: 002 Iter:  200/ 600 LR: 0.0000666667 Loss content:  0.0168 Loss fft:  0.7834 Loss dta_rank:  0.6261 Loss dta_tv:  0.0396 Loss dta_proxy:  0.1930 Loss dta_trans:  0.0107 Loss dta_phys:  0.0066 Loss dta_preserve:  0.0045
Time:  0.0765 Epoch: 002 Iter:  250/ 600 LR: 0.0000666667 Loss content:  0.0166 Loss fft:  0.8099 Loss dta_rank:  0.6260 Loss dta_tv:  0.0379 Loss dta_proxy:  0.2197 Loss dta_trans:  0.0098 Loss dta_phys:  0.0072 Loss dta_preserve:  0.0051
Time:  0.0816 Epoch: 002 Iter:  300/ 600 LR: 0.0000666667 Loss content:  0.0172 Loss fft:  0.8201 Loss dta_rank:  0.6243 Loss dta_tv:  0.0370 Loss dta_proxy:  0.2142 Loss dta_trans:  0.0101 Loss dta_phys:  0.0072 Loss dta_preserve:  0.0054
Time:  0.0805 Epoch: 002 Iter:  350/ 600 LR: 0.0000666667 Loss content:  0.0166 Loss fft:  0.8174 Loss dta_rank:  0.6216 Loss dta_tv:  0.0375 Loss dta_proxy:  0.2100 Loss dta_trans:  0.0094 Loss dta_phys:  0.0081 Loss dta_preserve:  0.0060
Time:  0.0787 Epoch: 002 Iter:  400/ 600 LR: 0.0000666667 Loss content:  0.0174 Loss fft:  0.8301 Loss dta_rank:  0.6254 Loss dta_tv:  0.0380 Loss dta_proxy:  0.2088 Loss dta_trans:  0.0107 Loss dta_phys:  0.0079 Loss dta_preserve:  0.0046
Time:  0.0742 Epoch: 002 Iter:  450/ 600 LR: 0.0000666667 Loss content:  0.0173 Loss fft:  0.8110 Loss dta_rank:  0.6192 Loss dta_tv:  0.0366 Loss dta_proxy:  0.2064 Loss dta_trans:  0.0089 Loss dta_phys:  0.0075 Loss dta_preserve:  0.0054
Time:  0.0775 Epoch: 002 Iter:  500/ 600 LR: 0.0000666667 Loss content:  0.0171 Loss fft:  0.8070 Loss dta_rank:  0.6181 Loss dta_tv:  0.0373 Loss dta_proxy:  0.2110 Loss dta_trans:  0.0084 Loss dta_phys:  0.0074 Loss dta_preserve:  0.0050
Time:  0.0748 Epoch: 002 Iter:  550/ 600 LR: 0.0000666667 Loss content:  0.0173 Loss fft:  0.8152 Loss dta_rank:  0.6140 Loss dta_tv:  0.0375 Loss dta_proxy:  0.2042 Loss dta_trans:  0.0080 Loss dta_phys:  0.0060 Loss dta_preserve:  0.0044
Time:  0.0751 Epoch: 002 Iter:  600/ 600 LR: 0.0000666667 Loss content:  0.0173 Loss fft:  0.8297 Loss dta_rank:  0.6144 Loss dta_tv:  0.0375 Loss dta_proxy:  0.2155 Loss dta_trans:  0.0078 Loss dta_phys:  0.0064 Loss dta_preserve:  0.0056
EPOCH: 02
Elapsed time: 0.93 Epoch Pixel Loss:  0.0171 Epoch FFT Loss:  0.8160 Epoch DTA Rank:  0.6226 Epoch DTA TV:  0.0380 Epoch DTA Proxy:  0.2084 Epoch DTA Trans:  0.0097 Epoch DTA Phys:  0.0071 Epoch DTA Preserve:  0.0052
DTA_GATE_RAMP epoch=3 gate_limit=0.030000
Time:  0.0834 Epoch: 003 Iter:   50/ 600 LR: 0.0001000000 Loss content:  0.0176 Loss fft:  0.8484 Loss dta_rank:  0.6172 Loss dta_tv:  0.0378 Loss dta_proxy:  0.2136 Loss dta_trans:  0.0083 Loss dta_phys:  0.0067 Loss dta_preserve:  0.0050
Time:  0.0748 Epoch: 003 Iter:  100/ 600 LR: 0.0001000000 Loss content:  0.0177 Loss fft:  0.8280 Loss dta_rank:  0.6155 Loss dta_tv:  0.0375 Loss dta_proxy:  0.2025 Loss dta_trans:  0.0075 Loss dta_phys:  0.0068 Loss dta_preserve:  0.0067
Time:  0.0743 Epoch: 003 Iter:  150/ 600 LR: 0.0001000000 Loss content:  0.0179 Loss fft:  0.8216 Loss dta_rank:  0.6149 Loss dta_tv:  0.0351 Loss dta_proxy:  0.2197 Loss dta_trans:  0.0092 Loss dta_phys:  0.0069 Loss dta_preserve:  0.0060
Time:  0.0739 Epoch: 003 Iter:  200/ 600 LR: 0.0001000000 Loss content:  0.0171 Loss fft:  0.8522 Loss dta_rank:  0.6101 Loss dta_tv:  0.0368 Loss dta_proxy:  0.2040 Loss dta_trans:  0.0073 Loss dta_phys:  0.0071 Loss dta_preserve:  0.0062
Time:  0.0769 Epoch: 003 Iter:  250/ 600 LR: 0.0001000000 Loss content:  0.0163 Loss fft:  0.8213 Loss dta_rank:  0.6045 Loss dta_tv:  0.0375 Loss dta_proxy:  0.2082 Loss dta_trans:  0.0072 Loss dta_phys:  0.0070 Loss dta_preserve:  0.0047
Time:  0.0748 Epoch: 003 Iter:  300/ 600 LR: 0.0001000000 Loss content:  0.0169 Loss fft:  0.7961 Loss dta_rank:  0.6129 Loss dta_tv:  0.0368 Loss dta_proxy:  0.2025 Loss dta_trans:  0.0083 Loss dta_phys:  0.0063 Loss dta_preserve:  0.0051
Time:  0.0760 Epoch: 003 Iter:  350/ 600 LR: 0.0001000000 Loss content:  0.0168 Loss fft:  0.8211 Loss dta_rank:  0.6110 Loss dta_tv:  0.0358 Loss dta_proxy:  0.2135 Loss dta_trans:  0.0087 Loss dta_phys:  0.0071 Loss dta_preserve:  0.0050
Time:  0.0745 Epoch: 003 Iter:  400/ 600 LR: 0.0001000000 Loss content:  0.0174 Loss fft:  0.8530 Loss dta_rank:  0.6097 Loss dta_tv:  0.0373 Loss dta_proxy:  0.2110 Loss dta_trans:  0.0081 Loss dta_phys:  0.0073 Loss dta_preserve:  0.0053
Time:  0.0752 Epoch: 003 Iter:  450/ 600 LR: 0.0001000000 Loss content:  0.0166 Loss fft:  0.8095 Loss dta_rank:  0.6101 Loss dta_tv:  0.0363 Loss dta_proxy:  0.2080 Loss dta_trans:  0.0079 Loss dta_phys:  0.0068 Loss dta_preserve:  0.0050
Time:  0.0736 Epoch: 003 Iter:  500/ 600 LR: 0.0001000000 Loss content:  0.0161 Loss fft:  0.7716 Loss dta_rank:  0.6144 Loss dta_tv:  0.0347 Loss dta_proxy:  0.2126 Loss dta_trans:  0.0069 Loss dta_phys:  0.0065 Loss dta_preserve:  0.0051
Time:  0.0730 Epoch: 003 Iter:  550/ 600 LR: 0.0001000000 Loss content:  0.0175 Loss fft:  0.8225 Loss dta_rank:  0.6105 Loss dta_tv:  0.0361 Loss dta_proxy:  0.2104 Loss dta_trans:  0.0072 Loss dta_phys:  0.0070 Loss dta_preserve:  0.0063
Time:  0.0760 Epoch: 003 Iter:  600/ 600 LR: 0.0001000000 Loss content:  0.0172 Loss fft:  0.8259 Loss dta_rank:  0.6105 Loss dta_tv:  0.0356 Loss dta_proxy:  0.2185 Loss dta_trans:  0.0069 Loss dta_phys:  0.0067 Loss dta_preserve:  0.0047
EPOCH: 03
Elapsed time: 0.91 Epoch Pixel Loss:  0.0171 Epoch FFT Loss:  0.8226 Epoch DTA Rank:  0.6118 Epoch DTA TV:  0.0364 Epoch DTA Proxy:  0.2104 Epoch DTA Trans:  0.0078 Epoch DTA Phys:  0.0068 Epoch DTA Preserve:  0.0054
/sda/home/wangyuxin/ConvIR-B/envs/convir-cu121/lib/python3.10/site-packages/torch/optim/lr_scheduler.py:1087: UserWarning: To get the last learning rate computed by the scheduler, please use `get_last_lr()`.
  _warn_get_lr_called_within_step(self)
DTA_GATE_RAMP epoch=4 gate_limit=0.030000
Time:  0.0838 Epoch: 004 Iter:   50/ 600 LR: 0.0001000000 Loss content:  0.0168 Loss fft:  0.8010 Loss dta_rank:  0.6155 Loss dta_tv:  0.0350 Loss dta_proxy:  0.2174 Loss dta_trans:  0.0090 Loss dta_phys:  0.0076 Loss dta_preserve:  0.0055
Time:  0.0767 Epoch: 004 Iter:  100/ 600 LR: 0.0001000000 Loss content:  0.0165 Loss fft:  0.8165 Loss dta_rank:  0.6090 Loss dta_tv:  0.0351 Loss dta_proxy:  0.2097 Loss dta_trans:  0.0067 Loss dta_phys:  0.0061 Loss dta_preserve:  0.0046
Time:  0.0742 Epoch: 004 Iter:  150/ 600 LR: 0.0001000000 Loss content:  0.0167 Loss fft:  0.8004 Loss dta_rank:  0.6117 Loss dta_tv:  0.0340 Loss dta_proxy:  0.2174 Loss dta_trans:  0.0074 Loss dta_phys:  0.0080 Loss dta_preserve:  0.0051
Time:  0.0851 Epoch: 004 Iter:  200/ 600 LR: 0.0001000000 Loss content:  0.0185 Loss fft:  0.8371 Loss dta_rank:  0.6104 Loss dta_tv:  0.0338 Loss dta_proxy:  0.2197 Loss dta_trans:  0.0068 Loss dta_phys:  0.0063 Loss dta_preserve:  0.0051
Time:  0.0740 Epoch: 004 Iter:  250/ 600 LR: 0.0001000000 Loss content:  0.0176 Loss fft:  0.8211 Loss dta_rank:  0.6062 Loss dta_tv:  0.0349 Loss dta_proxy:  0.2129 Loss dta_trans:  0.0066 Loss dta_phys:  0.0065 Loss dta_preserve:  0.0055
Time:  0.0723 Epoch: 004 Iter:  300/ 600 LR: 0.0001000000 Loss content:  0.0170 Loss fft:  0.8098 Loss dta_rank:  0.6113 Loss dta_tv:  0.0345 Loss dta_proxy:  0.2060 Loss dta_trans:  0.0070 Loss dta_phys:  0.0063 Loss dta_preserve:  0.0049
Time:  0.0737 Epoch: 004 Iter:  350/ 600 LR: 0.0001000000 Loss content:  0.0171 Loss fft:  0.8142 Loss dta_rank:  0.6051 Loss dta_tv:  0.0347 Loss dta_proxy:  0.2013 Loss dta_trans:  0.0070 Loss dta_phys:  0.0070 Loss dta_preserve:  0.0055
Time:  0.0744 Epoch: 004 Iter:  400/ 600 LR: 0.0001000000 Loss content:  0.0174 Loss fft:  0.8280 Loss dta_rank:  0.6061 Loss dta_tv:  0.0344 Loss dta_proxy:  0.1980 Loss dta_trans:  0.0071 Loss dta_phys:  0.0059 Loss dta_preserve:  0.0047
Time:  0.0774 Epoch: 004 Iter:  450/ 600 LR: 0.0001000000 Loss content:  0.0164 Loss fft:  0.8127 Loss dta_rank:  0.6054 Loss dta_tv:  0.0339 Loss dta_proxy:  0.2168 Loss dta_trans:  0.0069 Loss dta_phys:  0.0068 Loss dta_preserve:  0.0053
Time:  0.0702 Epoch: 004 Iter:  500/ 600 LR: 0.0001000000 Loss content:  0.0172 Loss fft:  0.8180 Loss dta_rank:  0.6063 Loss dta_tv:  0.0344 Loss dta_proxy:  0.2091 Loss dta_trans:  0.0069 Loss dta_phys:  0.0072 Loss dta_preserve:  0.0050
Time:  0.0746 Epoch: 004 Iter:  550/ 600 LR: 0.0001000000 Loss content:  0.0178 Loss fft:  0.8239 Loss dta_rank:  0.6082 Loss dta_tv:  0.0347 Loss dta_proxy:  0.2122 Loss dta_trans:  0.0062 Loss dta_phys:  0.0068 Loss dta_preserve:  0.0059
Time:  0.0724 Epoch: 004 Iter:  600/ 600 LR: 0.0001000000 Loss content:  0.0175 Loss fft:  0.8316 Loss dta_rank:  0.6000 Loss dta_tv:  0.0343 Loss dta_proxy:  0.2006 Loss dta_trans:  0.0067 Loss dta_phys:  0.0062 Loss dta_preserve:  0.0046
EPOCH: 04
Elapsed time: 0.91 Epoch Pixel Loss:  0.0172 Epoch FFT Loss:  0.8178 Epoch DTA Rank:  0.6079 Epoch DTA TV:  0.0345 Epoch DTA Proxy:  0.2101 Epoch DTA Trans:  0.0070 Epoch DTA Phys:  0.0067 Epoch DTA Preserve:  0.0051
DTA_GATE_RAMP epoch=5 gate_limit=0.030000
Time:  0.0828 Epoch: 005 Iter:   50/ 600 LR: 0.0000983215 Loss content:  0.0175 Loss fft:  0.8378 Loss dta_rank:  0.6050 Loss dta_tv:  0.0334 Loss dta_proxy:  0.2229 Loss dta_trans:  0.0069 Loss dta_phys:  0.0067 Loss dta_preserve:  0.0045
Time:  0.0711 Epoch: 005 Iter:  100/ 600 LR: 0.0000983215 Loss content:  0.0167 Loss fft:  0.8234 Loss dta_rank:  0.6013 Loss dta_tv:  0.0351 Loss dta_proxy:  0.1880 Loss dta_trans:  0.0066 Loss dta_phys:  0.0066 Loss dta_preserve:  0.0053
Time:  0.0687 Epoch: 005 Iter:  150/ 600 LR: 0.0000983215 Loss content:  0.0167 Loss fft:  0.8058 Loss dta_rank:  0.6071 Loss dta_tv:  0.0334 Loss dta_proxy:  0.2052 Loss dta_trans:  0.0062 Loss dta_phys:  0.0060 Loss dta_preserve:  0.0060
Time:  0.0801 Epoch: 005 Iter:  200/ 600 LR: 0.0000983215 Loss content:  0.0172 Loss fft:  0.8008 Loss dta_rank:  0.6084 Loss dta_tv:  0.0340 Loss dta_proxy:  0.2082 Loss dta_trans:  0.0072 Loss dta_phys:  0.0058 Loss dta_preserve:  0.0055
Time:  0.0744 Epoch: 005 Iter:  250/ 600 LR: 0.0000983215 Loss content:  0.0174 Loss fft:  0.8270 Loss dta_rank:  0.6063 Loss dta_tv:  0.0334 Loss dta_proxy:  0.2174 Loss dta_trans:  0.0064 Loss dta_phys:  0.0070 Loss dta_preserve:  0.0048
Time:  0.0767 Epoch: 005 Iter:  300/ 600 LR: 0.0000983215 Loss content:  0.0173 Loss fft:  0.8230 Loss dta_rank:  0.6040 Loss dta_tv:  0.0336 Loss dta_proxy:  0.2033 Loss dta_trans:  0.0068 Loss dta_phys:  0.0068 Loss dta_preserve:  0.0043
Time:  0.0775 Epoch: 005 Iter:  350/ 600 LR: 0.0000983215 Loss content:  0.0176 Loss fft:  0.8089 Loss dta_rank:  0.6044 Loss dta_tv:  0.0334 Loss dta_proxy:  0.2117 Loss dta_trans:  0.0070 Loss dta_phys:  0.0061 Loss dta_preserve:  0.0053
Time:  0.0739 Epoch: 005 Iter:  400/ 600 LR: 0.0000983215 Loss content:  0.0173 Loss fft:  0.8145 Loss dta_rank:  0.6078 Loss dta_tv:  0.0316 Loss dta_proxy:  0.2250 Loss dta_trans:  0.0070 Loss dta_phys:  0.0081 Loss dta_preserve:  0.0050
Time:  0.0636 Epoch: 005 Iter:  450/ 600 LR: 0.0000983215 Loss content:  0.0171 Loss fft:  0.8366 Loss dta_rank:  0.6043 Loss dta_tv:  0.0329 Loss dta_proxy:  0.2115 Loss dta_trans:  0.0064 Loss dta_phys:  0.0058 Loss dta_preserve:  0.0043
Time:  0.0623 Epoch: 005 Iter:  500/ 600 LR: 0.0000983215 Loss content:  0.0167 Loss fft:  0.8068 Loss dta_rank:  0.6114 Loss dta_tv:  0.0309 Loss dta_proxy:  0.2305 Loss dta_trans:  0.0056 Loss dta_phys:  0.0064 Loss dta_preserve:  0.0046
Time:  0.0702 Epoch: 005 Iter:  550/ 600 LR: 0.0000983215 Loss content:  0.0166 Loss fft:  0.7980 Loss dta_rank:  0.6074 Loss dta_tv:  0.0325 Loss dta_proxy:  0.2076 Loss dta_trans:  0.0072 Loss dta_phys:  0.0080 Loss dta_preserve:  0.0046
Time:  0.0692 Epoch: 005 Iter:  600/ 600 LR: 0.0000983215 Loss content:  0.0168 Loss fft:  0.7953 Loss dta_rank:  0.6103 Loss dta_tv:  0.0325 Loss dta_proxy:  0.2202 Loss dta_trans:  0.0062 Loss dta_phys:  0.0072 Loss dta_preserve:  0.0042
EPOCH: 05
Elapsed time: 0.88 Epoch Pixel Loss:  0.0171 Epoch FFT Loss:  0.8148 Epoch DTA Rank:  0.6065 Epoch DTA TV:  0.0331 Epoch DTA Proxy:  0.2126 Epoch DTA Trans:  0.0066 Epoch DTA Phys:  0.0067 Epoch DTA Preserve:  0.0049
DTA_GATE_RAMP epoch=6 gate_limit=0.030000
Time:  0.0801 Epoch: 006 Iter:   50/ 600 LR: 0.0000942212 Loss content:  0.0173 Loss fft:  0.8080 Loss dta_rank:  0.6042 Loss dta_tv:  0.0329 Loss dta_proxy:  0.2089 Loss dta_trans:  0.0066 Loss dta_phys:  0.0077 Loss dta_preserve:  0.0044
Time:  0.0772 Epoch: 006 Iter:  100/ 600 LR: 0.0000942212 Loss content:  0.0170 Loss fft:  0.7934 Loss dta_rank:  0.6073 Loss dta_tv:  0.0320 Loss dta_proxy:  0.2234 Loss dta_trans:  0.0070 Loss dta_phys:  0.0072 Loss dta_preserve:  0.0054
Time:  0.0789 Epoch: 006 Iter:  150/ 600 LR: 0.0000942212 Loss content:  0.0169 Loss fft:  0.8087 Loss dta_rank:  0.6047 Loss dta_tv:  0.0320 Loss dta_proxy:  0.2145 Loss dta_trans:  0.0074 Loss dta_phys:  0.0064 Loss dta_preserve:  0.0041
Time:  0.0772 Epoch: 006 Iter:  200/ 600 LR: 0.0000942212 Loss content:  0.0170 Loss fft:  0.8314 Loss dta_rank:  0.6094 Loss dta_tv:  0.0313 Loss dta_proxy:  0.2207 Loss dta_trans:  0.0060 Loss dta_phys:  0.0072 Loss dta_preserve:  0.0045
Time:  0.0777 Epoch: 006 Iter:  250/ 600 LR: 0.0000942212 Loss content:  0.0168 Loss fft:  0.8282 Loss dta_rank:  0.6034 Loss dta_tv:  0.0330 Loss dta_proxy:  0.1980 Loss dta_trans:  0.0066 Loss dta_phys:  0.0055 Loss dta_preserve:  0.0046
Time:  0.0751 Epoch: 006 Iter:  300/ 600 LR: 0.0000942212 Loss content:  0.0173 Loss fft:  0.7918 Loss dta_rank:  0.6067 Loss dta_tv:  0.0320 Loss dta_proxy:  0.2110 Loss dta_trans:  0.0069 Loss dta_phys:  0.0073 Loss dta_preserve:  0.0079
Time:  0.0765 Epoch: 006 Iter:  350/ 600 LR: 0.0000942212 Loss content:  0.0163 Loss fft:  0.7898 Loss dta_rank:  0.5982 Loss dta_tv:  0.0322 Loss dta_proxy:  0.1972 Loss dta_trans:  0.0068 Loss dta_phys:  0.0067 Loss dta_preserve:  0.0047
Time:  0.0769 Epoch: 006 Iter:  400/ 600 LR: 0.0000942212 Loss content:  0.0174 Loss fft:  0.8340 Loss dta_rank:  0.6076 Loss dta_tv:  0.0316 Loss dta_proxy:  0.2152 Loss dta_trans:  0.0068 Loss dta_phys:  0.0070 Loss dta_preserve:  0.0041
Time:  0.0809 Epoch: 006 Iter:  450/ 600 LR: 0.0000942212 Loss content:  0.0169 Loss fft:  0.8323 Loss dta_rank:  0.6067 Loss dta_tv:  0.0321 Loss dta_proxy:  0.2100 Loss dta_trans:  0.0050 Loss dta_phys:  0.0062 Loss dta_preserve:  0.0050
Time:  0.0744 Epoch: 006 Iter:  500/ 600 LR: 0.0000942212 Loss content:  0.0173 Loss fft:  0.8228 Loss dta_rank:  0.6067 Loss dta_tv:  0.0319 Loss dta_proxy:  0.2134 Loss dta_trans:  0.0062 Loss dta_phys:  0.0062 Loss dta_preserve:  0.0052
Time:  0.0763 Epoch: 006 Iter:  550/ 600 LR: 0.0000942212 Loss content:  0.0171 Loss fft:  0.8390 Loss dta_rank:  0.6041 Loss dta_tv:  0.0322 Loss dta_proxy:  0.2064 Loss dta_trans:  0.0059 Loss dta_phys:  0.0064 Loss dta_preserve:  0.0051
Time:  0.0741 Epoch: 006 Iter:  600/ 600 LR: 0.0000942212 Loss content:  0.0167 Loss fft:  0.8388 Loss dta_rank:  0.6018 Loss dta_tv:  0.0315 Loss dta_proxy:  0.2044 Loss dta_trans:  0.0065 Loss dta_phys:  0.0071 Loss dta_preserve:  0.0060
EPOCH: 06
Elapsed time: 0.93 Epoch Pixel Loss:  0.0170 Epoch FFT Loss:  0.8182 Epoch DTA Rank:  0.6051 Epoch DTA TV:  0.0321 Epoch DTA Proxy:  0.2103 Epoch DTA Trans:  0.0065 Epoch DTA Phys:  0.0067 Epoch DTA Preserve:  0.0051
DTA_GATE_RAMP epoch=7 gate_limit=0.030000
Time:  0.0795 Epoch: 007 Iter:   50/ 600 LR: 0.0000886874 Loss content:  0.0170 Loss fft:  0.8071 Loss dta_rank:  0.6077 Loss dta_tv:  0.0307 Loss dta_proxy:  0.2101 Loss dta_trans:  0.0063 Loss dta_phys:  0.0063 Loss dta_preserve:  0.0045
Time:  0.0733 Epoch: 007 Iter:  100/ 600 LR: 0.0000886874 Loss content:  0.0174 Loss fft:  0.8279 Loss dta_rank:  0.6061 Loss dta_tv:  0.0312 Loss dta_proxy:  0.2055 Loss dta_trans:  0.0061 Loss dta_phys:  0.0071 Loss dta_preserve:  0.0046
Time:  0.0761 Epoch: 007 Iter:  150/ 600 LR: 0.0000886874 Loss content:  0.0183 Loss fft:  0.8289 Loss dta_rank:  0.6016 Loss dta_tv:  0.0311 Loss dta_proxy:  0.2200 Loss dta_trans:  0.0067 Loss dta_phys:  0.0065 Loss dta_preserve:  0.0065
Time:  0.0762 Epoch: 007 Iter:  200/ 600 LR: 0.0000886874 Loss content:  0.0164 Loss fft:  0.8071 Loss dta_rank:  0.6045 Loss dta_tv:  0.0314 Loss dta_proxy:  0.2095 Loss dta_trans:  0.0057 Loss dta_phys:  0.0068 Loss dta_preserve:  0.0052
Time:  0.0795 Epoch: 007 Iter:  250/ 600 LR: 0.0000886874 Loss content:  0.0172 Loss fft:  0.8223 Loss dta_rank:  0.6062 Loss dta_tv:  0.0317 Loss dta_proxy:  0.2044 Loss dta_trans:  0.0056 Loss dta_phys:  0.0069 Loss dta_preserve:  0.0061
Time:  0.0773 Epoch: 007 Iter:  300/ 600 LR: 0.0000886874 Loss content:  0.0170 Loss fft:  0.8170 Loss dta_rank:  0.6035 Loss dta_tv:  0.0319 Loss dta_proxy:  0.2007 Loss dta_trans:  0.0073 Loss dta_phys:  0.0072 Loss dta_preserve:  0.0048
Time:  0.0746 Epoch: 007 Iter:  350/ 600 LR: 0.0000886874 Loss content:  0.0168 Loss fft:  0.7919 Loss dta_rank:  0.6040 Loss dta_tv:  0.0315 Loss dta_proxy:  0.2011 Loss dta_trans:  0.0057 Loss dta_phys:  0.0062 Loss dta_preserve:  0.0048
Time:  0.0768 Epoch: 007 Iter:  400/ 600 LR: 0.0000886874 Loss content:  0.0170 Loss fft:  0.8153 Loss dta_rank:  0.6033 Loss dta_tv:  0.0314 Loss dta_proxy:  0.2116 Loss dta_trans:  0.0066 Loss dta_phys:  0.0065 Loss dta_preserve:  0.0043
Time:  0.0755 Epoch: 007 Iter:  450/ 600 LR: 0.0000886874 Loss content:  0.0169 Loss fft:  0.8147 Loss dta_rank:  0.6080 Loss dta_tv:  0.0315 Loss dta_proxy:  0.2166 Loss dta_trans:  0.0067 Loss dta_phys:  0.0071 Loss dta_preserve:  0.0060
Time:  0.0763 Epoch: 007 Iter:  500/ 600 LR: 0.0000886874 Loss content:  0.0176 Loss fft:  0.8137 Loss dta_rank:  0.6026 Loss dta_tv:  0.0306 Loss dta_proxy:  0.2150 Loss dta_trans:  0.0056 Loss dta_phys:  0.0066 Loss dta_preserve:  0.0040
Time:  0.0774 Epoch: 007 Iter:  550/ 600 LR: 0.0000886874 Loss content:  0.0170 Loss fft:  0.8203 Loss dta_rank:  0.6034 Loss dta_tv:  0.0314 Loss dta_proxy:  0.2113 Loss dta_trans:  0.0071 Loss dta_phys:  0.0063 Loss dta_preserve:  0.0048
Time:  0.0754 Epoch: 007 Iter:  600/ 600 LR: 0.0000886874 Loss content:  0.0174 Loss fft:  0.8157 Loss dta_rank:  0.6040 Loss dta_tv:  0.0305 Loss dta_proxy:  0.2154 Loss dta_trans:  0.0054 Loss dta_phys:  0.0066 Loss dta_preserve:  0.0056
EPOCH: 07
Elapsed time: 0.92 Epoch Pixel Loss:  0.0172 Epoch FFT Loss:  0.8152 Epoch DTA Rank:  0.6046 Epoch DTA TV:  0.0312 Epoch DTA Proxy:  0.2101 Epoch DTA Trans:  0.0062 Epoch DTA Phys:  0.0067 Epoch DTA Preserve:  0.0051
DTA_GATE_RAMP epoch=8 gate_limit=0.030000
Time:  0.0812 Epoch: 008 Iter:   50/ 600 LR: 0.0000819070 Loss content:  0.0172 Loss fft:  0.8332 Loss dta_rank:  0.6081 Loss dta_tv:  0.0299 Loss dta_proxy:  0.2175 Loss dta_trans:  0.0056 Loss dta_phys:  0.0076 Loss dta_preserve:  0.0057
Time:  0.0765 Epoch: 008 Iter:  100/ 600 LR: 0.0000819070 Loss content:  0.0173 Loss fft:  0.8027 Loss dta_rank:  0.6090 Loss dta_tv:  0.0313 Loss dta_proxy:  0.2050 Loss dta_trans:  0.0062 Loss dta_phys:  0.0063 Loss dta_preserve:  0.0047
Time:  0.0781 Epoch: 008 Iter:  150/ 600 LR: 0.0000819070 Loss content:  0.0173 Loss fft:  0.8287 Loss dta_rank:  0.6088 Loss dta_tv:  0.0309 Loss dta_proxy:  0.2103 Loss dta_trans:  0.0063 Loss dta_phys:  0.0064 Loss dta_preserve:  0.0052
Time:  0.0781 Epoch: 008 Iter:  200/ 600 LR: 0.0000819070 Loss content:  0.0175 Loss fft:  0.8122 Loss dta_rank:  0.6065 Loss dta_tv:  0.0312 Loss dta_proxy:  0.2101 Loss dta_trans:  0.0061 Loss dta_phys:  0.0073 Loss dta_preserve:  0.0049
Time:  0.0755 Epoch: 008 Iter:  250/ 600 LR: 0.0000819070 Loss content:  0.0174 Loss fft:  0.8451 Loss dta_rank:  0.6020 Loss dta_tv:  0.0314 Loss dta_proxy:  0.2000 Loss dta_trans:  0.0070 Loss dta_phys:  0.0068 Loss dta_preserve:  0.0044
Time:  0.0750 Epoch: 008 Iter:  300/ 600 LR: 0.0000819070 Loss content:  0.0172 Loss fft:  0.8090 Loss dta_rank:  0.6048 Loss dta_tv:  0.0309 Loss dta_proxy:  0.2050 Loss dta_trans:  0.0071 Loss dta_phys:  0.0065 Loss dta_preserve:  0.0052
Time:  0.0798 Epoch: 008 Iter:  350/ 600 LR: 0.0000819070 Loss content:  0.0168 Loss fft:  0.8037 Loss dta_rank:  0.6018 Loss dta_tv:  0.0301 Loss dta_proxy:  0.2141 Loss dta_trans:  0.0063 Loss dta_phys:  0.0068 Loss dta_preserve:  0.0039
Time:  0.0771 Epoch: 008 Iter:  400/ 600 LR: 0.0000819070 Loss content:  0.0176 Loss fft:  0.8545 Loss dta_rank:  0.6028 Loss dta_tv:  0.0302 Loss dta_proxy:  0.2091 Loss dta_trans:  0.0054 Loss dta_phys:  0.0062 Loss dta_preserve:  0.0050
Time:  0.0796 Epoch: 008 Iter:  450/ 600 LR: 0.0000819070 Loss content:  0.0174 Loss fft:  0.8170 Loss dta_rank:  0.6032 Loss dta_tv:  0.0302 Loss dta_proxy:  0.2116 Loss dta_trans:  0.0061 Loss dta_phys:  0.0064 Loss dta_preserve:  0.0065
Time:  0.0768 Epoch: 008 Iter:  500/ 600 LR: 0.0000819070 Loss content:  0.0171 Loss fft:  0.8067 Loss dta_rank:  0.6068 Loss dta_tv:  0.0307 Loss dta_proxy:  0.2142 Loss dta_trans:  0.0064 Loss dta_phys:  0.0064 Loss dta_preserve:  0.0042
Time:  0.0770 Epoch: 008 Iter:  550/ 600 LR: 0.0000819070 Loss content:  0.0173 Loss fft:  0.8381 Loss dta_rank:  0.5993 Loss dta_tv:  0.0310 Loss dta_proxy:  0.2124 Loss dta_trans:  0.0056 Loss dta_phys:  0.0063 Loss dta_preserve:  0.0041
Time:  0.0749 Epoch: 008 Iter:  600/ 600 LR: 0.0000819070 Loss content:  0.0172 Loss fft:  0.7910 Loss dta_rank:  0.6040 Loss dta_tv:  0.0308 Loss dta_proxy:  0.2145 Loss dta_trans:  0.0055 Loss dta_phys:  0.0072 Loss dta_preserve:  0.0051
EPOCH: 08
Elapsed time: 0.93 Epoch Pixel Loss:  0.0173 Epoch FFT Loss:  0.8202 Epoch DTA Rank:  0.6047 Epoch DTA TV:  0.0307 Epoch DTA Proxy:  0.2103 Epoch DTA Trans:  0.0061 Epoch DTA Phys:  0.0067 Epoch DTA Preserve:  0.0049
DTA_GATE_RAMP epoch=9 gate_limit=0.060000
Time:  0.0801 Epoch: 009 Iter:   50/ 600 LR: 0.0000741093 Loss content:  0.0170 Loss fft:  0.8178 Loss dta_rank:  0.6016 Loss dta_tv:  0.0300 Loss dta_proxy:  0.2139 Loss dta_trans:  0.0055 Loss dta_phys:  0.0070 Loss dta_preserve:  0.0048
Time:  0.0760 Epoch: 009 Iter:  100/ 600 LR: 0.0000741093 Loss content:  0.0172 Loss fft:  0.8010 Loss dta_rank:  0.6034 Loss dta_tv:  0.0309 Loss dta_proxy:  0.2085 Loss dta_trans:  0.0058 Loss dta_phys:  0.0062 Loss dta_preserve:  0.0058
Time:  0.0748 Epoch: 009 Iter:  150/ 600 LR: 0.0000741093 Loss content:  0.0171 Loss fft:  0.7831 Loss dta_rank:  0.6066 Loss dta_tv:  0.0294 Loss dta_proxy:  0.2152 Loss dta_trans:  0.0066 Loss dta_phys:  0.0075 Loss dta_preserve:  0.0072
Time:  0.0767 Epoch: 009 Iter:  200/ 600 LR: 0.0000741093 Loss content:  0.0170 Loss fft:  0.8329 Loss dta_rank:  0.6069 Loss dta_tv:  0.0300 Loss dta_proxy:  0.2091 Loss dta_trans:  0.0065 Loss dta_phys:  0.0060 Loss dta_preserve:  0.0038
Time:  0.0761 Epoch: 009 Iter:  250/ 600 LR: 0.0000741093 Loss content:  0.0168 Loss fft:  0.8253 Loss dta_rank:  0.6080 Loss dta_tv:  0.0302 Loss dta_proxy:  0.2126 Loss dta_trans:  0.0054 Loss dta_phys:  0.0067 Loss dta_preserve:  0.0044
Time:  0.0783 Epoch: 009 Iter:  300/ 600 LR: 0.0000741093 Loss content:  0.0181 Loss fft:  0.8512 Loss dta_rank:  0.6022 Loss dta_tv:  0.0299 Loss dta_proxy:  0.2125 Loss dta_trans:  0.0058 Loss dta_phys:  0.0063 Loss dta_preserve:  0.0057
Time:  0.0778 Epoch: 009 Iter:  350/ 600 LR: 0.0000741093 Loss content:  0.0169 Loss fft:  0.8069 Loss dta_rank:  0.6061 Loss dta_tv:  0.0292 Loss dta_proxy:  0.2178 Loss dta_trans:  0.0059 Loss dta_phys:  0.0060 Loss dta_preserve:  0.0048
Time:  0.0770 Epoch: 009 Iter:  400/ 600 LR: 0.0000741093 Loss content:  0.0168 Loss fft:  0.7940 Loss dta_rank:  0.6064 Loss dta_tv:  0.0305 Loss dta_proxy:  0.2078 Loss dta_trans:  0.0073 Loss dta_phys:  0.0067 Loss dta_preserve:  0.0059
Time:  0.0761 Epoch: 009 Iter:  450/ 600 LR: 0.0000741093 Loss content:  0.0163 Loss fft:  0.7978 Loss dta_rank:  0.6022 Loss dta_tv:  0.0304 Loss dta_proxy:  0.2039 Loss dta_trans:  0.0064 Loss dta_phys:  0.0070 Loss dta_preserve:  0.0053
Time:  0.0740 Epoch: 009 Iter:  500/ 600 LR: 0.0000741093 Loss content:  0.0172 Loss fft:  0.8395 Loss dta_rank:  0.6058 Loss dta_tv:  0.0302 Loss dta_proxy:  0.2100 Loss dta_trans:  0.0055 Loss dta_phys:  0.0063 Loss dta_preserve:  0.0045
Time:  0.0736 Epoch: 009 Iter:  550/ 600 LR: 0.0000741093 Loss content:  0.0166 Loss fft:  0.8068 Loss dta_rank:  0.6049 Loss dta_tv:  0.0304 Loss dta_proxy:  0.2131 Loss dta_trans:  0.0068 Loss dta_phys:  0.0065 Loss dta_preserve:  0.0055
Time:  0.0741 Epoch: 009 Iter:  600/ 600 LR: 0.0000741093 Loss content:  0.0169 Loss fft:  0.8189 Loss dta_rank:  0.6025 Loss dta_tv:  0.0306 Loss dta_proxy:  0.2022 Loss dta_trans:  0.0056 Loss dta_phys:  0.0073 Loss dta_preserve:  0.0054
EPOCH: 09
Elapsed time: 0.92 Epoch Pixel Loss:  0.0170 Epoch FFT Loss:  0.8146 Epoch DTA Rank:  0.6047 Epoch DTA TV:  0.0302 Epoch DTA Proxy:  0.2105 Epoch DTA Trans:  0.0061 Epoch DTA Phys:  0.0066 Epoch DTA Preserve:  0.0053
DTA_GATE_RAMP epoch=10 gate_limit=0.060000
Time:  0.0793 Epoch: 010 Iter:   50/ 600 LR: 0.0000655580 Loss content:  0.0166 Loss fft:  0.8072 Loss dta_rank:  0.6051 Loss dta_tv:  0.0305 Loss dta_proxy:  0.2040 Loss dta_trans:  0.0058 Loss dta_phys:  0.0066 Loss dta_preserve:  0.0044
Time:  0.0750 Epoch: 010 Iter:  100/ 600 LR: 0.0000655580 Loss content:  0.0162 Loss fft:  0.7726 Loss dta_rank:  0.6028 Loss dta_tv:  0.0301 Loss dta_proxy:  0.2029 Loss dta_trans:  0.0061 Loss dta_phys:  0.0071 Loss dta_preserve:  0.0056
Time:  0.0787 Epoch: 010 Iter:  150/ 600 LR: 0.0000655580 Loss content:  0.0171 Loss fft:  0.8388 Loss dta_rank:  0.6034 Loss dta_tv:  0.0296 Loss dta_proxy:  0.2126 Loss dta_trans:  0.0055 Loss dta_phys:  0.0071 Loss dta_preserve:  0.0056
Time:  0.0811 Epoch: 010 Iter:  200/ 600 LR: 0.0000655580 Loss content:  0.0176 Loss fft:  0.8287 Loss dta_rank:  0.6010 Loss dta_tv:  0.0296 Loss dta_proxy:  0.2079 Loss dta_trans:  0.0061 Loss dta_phys:  0.0061 Loss dta_preserve:  0.0052
Time:  0.0855 Epoch: 010 Iter:  250/ 600 LR: 0.0000655580 Loss content:  0.0171 Loss fft:  0.7983 Loss dta_rank:  0.6080 Loss dta_tv:  0.0294 Loss dta_proxy:  0.2104 Loss dta_trans:  0.0063 Loss dta_phys:  0.0066 Loss dta_preserve:  0.0059
Time:  0.0808 Epoch: 010 Iter:  300/ 600 LR: 0.0000655580 Loss content:  0.0167 Loss fft:  0.8192 Loss dta_rank:  0.5963 Loss dta_tv:  0.0312 Loss dta_proxy:  0.1979 Loss dta_trans:  0.0064 Loss dta_phys:  0.0068 Loss dta_preserve:  0.0054
Time:  0.0791 Epoch: 010 Iter:  350/ 600 LR: 0.0000655580 Loss content:  0.0167 Loss fft:  0.8025 Loss dta_rank:  0.6049 Loss dta_tv:  0.0302 Loss dta_proxy:  0.2137 Loss dta_trans:  0.0062 Loss dta_phys:  0.0064 Loss dta_preserve:  0.0042
Time:  0.0761 Epoch: 010 Iter:  400/ 600 LR: 0.0000655580 Loss content:  0.0173 Loss fft:  0.8292 Loss dta_rank:  0.6051 Loss dta_tv:  0.0294 Loss dta_proxy:  0.2088 Loss dta_trans:  0.0058 Loss dta_phys:  0.0065 Loss dta_preserve:  0.0056
Time:  0.0770 Epoch: 010 Iter:  450/ 600 LR: 0.0000655580 Loss content:  0.0170 Loss fft:  0.8296 Loss dta_rank:  0.6038 Loss dta_tv:  0.0303 Loss dta_proxy:  0.2017 Loss dta_trans:  0.0053 Loss dta_phys:  0.0065 Loss dta_preserve:  0.0045
Time:  0.0797 Epoch: 010 Iter:  500/ 600 LR: 0.0000655580 Loss content:  0.0182 Loss fft:  0.8429 Loss dta_rank:  0.6027 Loss dta_tv:  0.0292 Loss dta_proxy:  0.2197 Loss dta_trans:  0.0053 Loss dta_phys:  0.0066 Loss dta_preserve:  0.0054
Time:  0.0772 Epoch: 010 Iter:  550/ 600 LR: 0.0000655580 Loss content:  0.0170 Loss fft:  0.8326 Loss dta_rank:  0.6037 Loss dta_tv:  0.0298 Loss dta_proxy:  0.2090 Loss dta_trans:  0.0060 Loss dta_phys:  0.0074 Loss dta_preserve:  0.0049
Time:  0.0762 Epoch: 010 Iter:  600/ 600 LR: 0.0000655580 Loss content:  0.0175 Loss fft:  0.7960 Loss dta_rank:  0.6091 Loss dta_tv:  0.0297 Loss dta_proxy:  0.2062 Loss dta_trans:  0.0067 Loss dta_phys:  0.0067 Loss dta_preserve:  0.0047
EPOCH: 10
Elapsed time: 0.95 Epoch Pixel Loss:  0.0171 Epoch FFT Loss:  0.8165 Epoch DTA Rank:  0.6038 Epoch DTA TV:  0.0299 Epoch DTA Proxy:  0.2079 Epoch DTA Trans:  0.0060 Epoch DTA Phys:  0.0067 Epoch DTA Preserve:  0.0051
DTA_GATE_RAMP epoch=11 gate_limit=0.060000
Time:  0.0795 Epoch: 011 Iter:   50/ 600 LR: 0.0000565424 Loss content:  0.0166 Loss fft:  0.7935 Loss dta_rank:  0.5987 Loss dta_tv:  0.0290 Loss dta_proxy:  0.2075 Loss dta_trans:  0.0062 Loss dta_phys:  0.0067 Loss dta_preserve:  0.0044
Time:  0.0740 Epoch: 011 Iter:  100/ 600 LR: 0.0000565424 Loss content:  0.0168 Loss fft:  0.8246 Loss dta_rank:  0.6038 Loss dta_tv:  0.0295 Loss dta_proxy:  0.2095 Loss dta_trans:  0.0056 Loss dta_phys:  0.0061 Loss dta_preserve:  0.0045
Time:  0.0787 Epoch: 011 Iter:  150/ 600 LR: 0.0000565424 Loss content:  0.0176 Loss fft:  0.8241 Loss dta_rank:  0.6015 Loss dta_tv:  0.0295 Loss dta_proxy:  0.2120 Loss dta_trans:  0.0063 Loss dta_phys:  0.0066 Loss dta_preserve:  0.0051
Time:  0.0759 Epoch: 011 Iter:  200/ 600 LR: 0.0000565424 Loss content:  0.0164 Loss fft:  0.7840 Loss dta_rank:  0.6052 Loss dta_tv:  0.0302 Loss dta_proxy:  0.1991 Loss dta_trans:  0.0067 Loss dta_phys:  0.0072 Loss dta_preserve:  0.0044
Time:  0.0749 Epoch: 011 Iter:  250/ 600 LR: 0.0000565424 Loss content:  0.0175 Loss fft:  0.8297 Loss dta_rank:  0.6068 Loss dta_tv:  0.0301 Loss dta_proxy:  0.2061 Loss dta_trans:  0.0062 Loss dta_phys:  0.0068 Loss dta_preserve:  0.0055
Time:  0.0756 Epoch: 011 Iter:  300/ 600 LR: 0.0000565424 Loss content:  0.0175 Loss fft:  0.8134 Loss dta_rank:  0.6066 Loss dta_tv:  0.0296 Loss dta_proxy:  0.2105 Loss dta_trans:  0.0064 Loss dta_phys:  0.0067 Loss dta_preserve:  0.0048
Time:  0.0781 Epoch: 011 Iter:  350/ 600 LR: 0.0000565424 Loss content:  0.0168 Loss fft:  0.8219 Loss dta_rank:  0.6025 Loss dta_tv:  0.0292 Loss dta_proxy:  0.2104 Loss dta_trans:  0.0059 Loss dta_phys:  0.0058 Loss dta_preserve:  0.0055
Time:  0.0779 Epoch: 011 Iter:  400/ 600 LR: 0.0000565424 Loss content:  0.0176 Loss fft:  0.7927 Loss dta_rank:  0.6071 Loss dta_tv:  0.0295 Loss dta_proxy:  0.2063 Loss dta_trans:  0.0057 Loss dta_phys:  0.0067 Loss dta_preserve:  0.0057
Time:  0.0806 Epoch: 011 Iter:  450/ 600 LR: 0.0000565424 Loss content:  0.0168 Loss fft:  0.8095 Loss dta_rank:  0.6004 Loss dta_tv:  0.0292 Loss dta_proxy:  0.2046 Loss dta_trans:  0.0058 Loss dta_phys:  0.0065 Loss dta_preserve:  0.0047
Time:  0.0716 Epoch: 011 Iter:  500/ 600 LR: 0.0000565424 Loss content:  0.0169 Loss fft:  0.8121 Loss dta_rank:  0.6005 Loss dta_tv:  0.0294 Loss dta_proxy:  0.2063 Loss dta_trans:  0.0049 Loss dta_phys:  0.0068 Loss dta_preserve:  0.0052
Time:  0.0786 Epoch: 011 Iter:  550/ 600 LR: 0.0000565424 Loss content:  0.0170 Loss fft:  0.8095 Loss dta_rank:  0.6069 Loss dta_tv:  0.0303 Loss dta_proxy:  0.2121 Loss dta_trans:  0.0063 Loss dta_phys:  0.0073 Loss dta_preserve:  0.0058
Time:  0.0771 Epoch: 011 Iter:  600/ 600 LR: 0.0000565424 Loss content:  0.0182 Loss fft:  0.8510 Loss dta_rank:  0.5994 Loss dta_tv:  0.0289 Loss dta_proxy:  0.2076 Loss dta_trans:  0.0056 Loss dta_phys:  0.0066 Loss dta_preserve:  0.0049
EPOCH: 11
Elapsed time: 0.93 Epoch Pixel Loss:  0.0171 Epoch FFT Loss:  0.8138 Epoch DTA Rank:  0.6033 Epoch DTA TV:  0.0295 Epoch DTA Proxy:  0.2077 Epoch DTA Trans:  0.0060 Epoch DTA Phys:  0.0066 Epoch DTA Preserve:  0.0050
DTA_GATE_RAMP epoch=12 gate_limit=0.060000
Time:  0.0775 Epoch: 012 Iter:   50/ 600 LR: 0.0000473670 Loss content:  0.0175 Loss fft:  0.8190 Loss dta_rank:  0.6024 Loss dta_tv:  0.0291 Loss dta_proxy:  0.2066 Loss dta_trans:  0.0053 Loss dta_phys:  0.0067 Loss dta_preserve:  0.0047
Time:  0.0755 Epoch: 012 Iter:  100/ 600 LR: 0.0000473670 Loss content:  0.0170 Loss fft:  0.8325 Loss dta_rank:  0.6055 Loss dta_tv:  0.0302 Loss dta_proxy:  0.2048 Loss dta_trans:  0.0059 Loss dta_phys:  0.0071 Loss dta_preserve:  0.0060
Time:  0.0740 Epoch: 012 Iter:  150/ 600 LR: 0.0000473670 Loss content:  0.0173 Loss fft:  0.8007 Loss dta_rank:  0.6064 Loss dta_tv:  0.0293 Loss dta_proxy:  0.2103 Loss dta_trans:  0.0059 Loss dta_phys:  0.0066 Loss dta_preserve:  0.0065
Time:  0.0758 Epoch: 012 Iter:  200/ 600 LR: 0.0000473670 Loss content:  0.0169 Loss fft:  0.8047 Loss dta_rank:  0.6057 Loss dta_tv:  0.0298 Loss dta_proxy:  0.1994 Loss dta_trans:  0.0063 Loss dta_phys:  0.0068 Loss dta_preserve:  0.0060
Time:  0.0791 Epoch: 012 Iter:  250/ 600 LR: 0.0000473670 Loss content:  0.0175 Loss fft:  0.8159 Loss dta_rank:  0.6016 Loss dta_tv:  0.0294 Loss dta_proxy:  0.2034 Loss dta_trans:  0.0059 Loss dta_phys:  0.0061 Loss dta_preserve:  0.0062
Time:  0.0753 Epoch: 012 Iter:  300/ 600 LR: 0.0000473670 Loss content:  0.0170 Loss fft:  0.8316 Loss dta_rank:  0.6017 Loss dta_tv:  0.0299 Loss dta_proxy:  0.2069 Loss dta_trans:  0.0055 Loss dta_phys:  0.0074 Loss dta_preserve:  0.0047
Time:  0.0755 Epoch: 012 Iter:  350/ 600 LR: 0.0000473670 Loss content:  0.0168 Loss fft:  0.7942 Loss dta_rank:  0.6060 Loss dta_tv:  0.0293 Loss dta_proxy:  0.2059 Loss dta_trans:  0.0061 Loss dta_phys:  0.0064 Loss dta_preserve:  0.0046
Time:  0.0784 Epoch: 012 Iter:  400/ 600 LR: 0.0000473670 Loss content:  0.0172 Loss fft:  0.8177 Loss dta_rank:  0.6022 Loss dta_tv:  0.0296 Loss dta_proxy:  0.1952 Loss dta_trans:  0.0060 Loss dta_phys:  0.0062 Loss dta_preserve:  0.0041
Time:  0.0770 Epoch: 012 Iter:  450/ 600 LR: 0.0000473670 Loss content:  0.0169 Loss fft:  0.7767 Loss dta_rank:  0.6045 Loss dta_tv:  0.0290 Loss dta_proxy:  0.2031 Loss dta_trans:  0.0057 Loss dta_phys:  0.0073 Loss dta_preserve:  0.0061
Time:  0.0754 Epoch: 012 Iter:  500/ 600 LR: 0.0000473670 Loss content:  0.0171 Loss fft:  0.8403 Loss dta_rank:  0.6007 Loss dta_tv:  0.0288 Loss dta_proxy:  0.2062 Loss dta_trans:  0.0065 Loss dta_phys:  0.0061 Loss dta_preserve:  0.0045
Time:  0.0778 Epoch: 012 Iter:  550/ 600 LR: 0.0000473670 Loss content:  0.0164 Loss fft:  0.8131 Loss dta_rank:  0.6007 Loss dta_tv:  0.0292 Loss dta_proxy:  0.2098 Loss dta_trans:  0.0057 Loss dta_phys:  0.0065 Loss dta_preserve:  0.0040
Time:  0.0776 Epoch: 012 Iter:  600/ 600 LR: 0.0000473670 Loss content:  0.0173 Loss fft:  0.8126 Loss dta_rank:  0.6060 Loss dta_tv:  0.0289 Loss dta_proxy:  0.2126 Loss dta_trans:  0.0056 Loss dta_phys:  0.0070 Loss dta_preserve:  0.0051
EPOCH: 12
Elapsed time: 0.92 Epoch Pixel Loss:  0.0171 Epoch FFT Loss:  0.8133 Epoch DTA Rank:  0.6036 Epoch DTA TV:  0.0294 Epoch DTA Proxy:  0.2053 Epoch DTA Trans:  0.0059 Epoch DTA Phys:  0.0067 Epoch DTA Preserve:  0.0052
DTA_GATE_RAMP epoch=13 gate_limit=0.060000
Time:  0.0792 Epoch: 013 Iter:   50/ 600 LR: 0.0000383414 Loss content:  0.0169 Loss fft:  0.8027 Loss dta_rank:  0.6036 Loss dta_tv:  0.0289 Loss dta_proxy:  0.2000 Loss dta_trans:  0.0055 Loss dta_phys:  0.0062 Loss dta_preserve:  0.0055
Time:  0.0735 Epoch: 013 Iter:  100/ 600 LR: 0.0000383414 Loss content:  0.0171 Loss fft:  0.7929 Loss dta_rank:  0.6063 Loss dta_tv:  0.0308 Loss dta_proxy:  0.1990 Loss dta_trans:  0.0066 Loss dta_phys:  0.0073 Loss dta_preserve:  0.0051
Time:  0.0763 Epoch: 013 Iter:  150/ 600 LR: 0.0000383414 Loss content:  0.0174 Loss fft:  0.8038 Loss dta_rank:  0.5980 Loss dta_tv:  0.0288 Loss dta_proxy:  0.2056 Loss dta_trans:  0.0053 Loss dta_phys:  0.0065 Loss dta_preserve:  0.0045
Time:  0.0762 Epoch: 013 Iter:  200/ 600 LR: 0.0000383414 Loss content:  0.0172 Loss fft:  0.8253 Loss dta_rank:  0.6089 Loss dta_tv:  0.0287 Loss dta_proxy:  0.2093 Loss dta_trans:  0.0072 Loss dta_phys:  0.0067 Loss dta_preserve:  0.0065
Time:  0.0767 Epoch: 013 Iter:  250/ 600 LR: 0.0000383414 Loss content:  0.0169 Loss fft:  0.8522 Loss dta_rank:  0.6025 Loss dta_tv:  0.0293 Loss dta_proxy:  0.1922 Loss dta_trans:  0.0056 Loss dta_phys:  0.0068 Loss dta_preserve:  0.0052
Time:  0.0800 Epoch: 013 Iter:  300/ 600 LR: 0.0000383414 Loss content:  0.0166 Loss fft:  0.8040 Loss dta_rank:  0.6042 Loss dta_tv:  0.0294 Loss dta_proxy:  0.1982 Loss dta_trans:  0.0069 Loss dta_phys:  0.0079 Loss dta_preserve:  0.0044
Time:  0.0782 Epoch: 013 Iter:  350/ 600 LR: 0.0000383414 Loss content:  0.0174 Loss fft:  0.8364 Loss dta_rank:  0.6037 Loss dta_tv:  0.0288 Loss dta_proxy:  0.2069 Loss dta_trans:  0.0056 Loss dta_phys:  0.0061 Loss dta_preserve:  0.0053
Time:  0.0782 Epoch: 013 Iter:  400/ 600 LR: 0.0000383414 Loss content:  0.0171 Loss fft:  0.8404 Loss dta_rank:  0.6017 Loss dta_tv:  0.0285 Loss dta_proxy:  0.2173 Loss dta_trans:  0.0051 Loss dta_phys:  0.0061 Loss dta_preserve:  0.0045
Time:  0.0761 Epoch: 013 Iter:  450/ 600 LR: 0.0000383414 Loss content:  0.0169 Loss fft:  0.8150 Loss dta_rank:  0.6047 Loss dta_tv:  0.0296 Loss dta_proxy:  0.2030 Loss dta_trans:  0.0056 Loss dta_phys:  0.0072 Loss dta_preserve:  0.0058
Time:  0.0814 Epoch: 013 Iter:  500/ 600 LR: 0.0000383414 Loss content:  0.0170 Loss fft:  0.8242 Loss dta_rank:  0.6013 Loss dta_tv:  0.0298 Loss dta_proxy:  0.2063 Loss dta_trans:  0.0063 Loss dta_phys:  0.0071 Loss dta_preserve:  0.0053
Time:  0.0766 Epoch: 013 Iter:  550/ 600 LR: 0.0000383414 Loss content:  0.0178 Loss fft:  0.8269 Loss dta_rank:  0.6053 Loss dta_tv:  0.0292 Loss dta_proxy:  0.2136 Loss dta_trans:  0.0063 Loss dta_phys:  0.0064 Loss dta_preserve:  0.0039
Time:  0.0764 Epoch: 013 Iter:  600/ 600 LR: 0.0000383414 Loss content:  0.0162 Loss fft:  0.7849 Loss dta_rank:  0.6054 Loss dta_tv:  0.0286 Loss dta_proxy:  0.2160 Loss dta_trans:  0.0053 Loss dta_phys:  0.0069 Loss dta_preserve:  0.0042
EPOCH: 13
Elapsed time: 0.93 Epoch Pixel Loss:  0.0170 Epoch FFT Loss:  0.8174 Epoch DTA Rank:  0.6038 Epoch DTA TV:  0.0292 Epoch DTA Proxy:  0.2056 Epoch DTA Trans:  0.0059 Epoch DTA Phys:  0.0068 Epoch DTA Preserve:  0.0050
DTA_GATE_RAMP epoch=14 gate_limit=0.060000
Time:  0.0817 Epoch: 014 Iter:   50/ 600 LR: 0.0000297690 Loss content:  0.0178 Loss fft:  0.8360 Loss dta_rank:  0.6011 Loss dta_tv:  0.0284 Loss dta_proxy:  0.2067 Loss dta_trans:  0.0050 Loss dta_phys:  0.0070 Loss dta_preserve:  0.0046
Time:  0.0789 Epoch: 014 Iter:  100/ 600 LR: 0.0000297690 Loss content:  0.0168 Loss fft:  0.8113 Loss dta_rank:  0.6010 Loss dta_tv:  0.0298 Loss dta_proxy:  0.2042 Loss dta_trans:  0.0056 Loss dta_phys:  0.0062 Loss dta_preserve:  0.0058
Time:  0.0744 Epoch: 014 Iter:  150/ 600 LR: 0.0000297690 Loss content:  0.0175 Loss fft:  0.8250 Loss dta_rank:  0.6006 Loss dta_tv:  0.0288 Loss dta_proxy:  0.2028 Loss dta_trans:  0.0061 Loss dta_phys:  0.0061 Loss dta_preserve:  0.0050
Time:  0.0764 Epoch: 014 Iter:  200/ 600 LR: 0.0000297690 Loss content:  0.0171 Loss fft:  0.8092 Loss dta_rank:  0.6024 Loss dta_tv:  0.0290 Loss dta_proxy:  0.2074 Loss dta_trans:  0.0053 Loss dta_phys:  0.0073 Loss dta_preserve:  0.0050
Time:  0.0738 Epoch: 014 Iter:  250/ 600 LR: 0.0000297690 Loss content:  0.0168 Loss fft:  0.8423 Loss dta_rank:  0.5982 Loss dta_tv:  0.0291 Loss dta_proxy:  0.1909 Loss dta_trans:  0.0054 Loss dta_phys:  0.0060 Loss dta_preserve:  0.0049
Time:  0.0769 Epoch: 014 Iter:  300/ 600 LR: 0.0000297690 Loss content:  0.0168 Loss fft:  0.8062 Loss dta_rank:  0.6053 Loss dta_tv:  0.0288 Loss dta_proxy:  0.2033 Loss dta_trans:  0.0064 Loss dta_phys:  0.0065 Loss dta_preserve:  0.0047
Time:  0.0776 Epoch: 014 Iter:  350/ 600 LR: 0.0000297690 Loss content:  0.0165 Loss fft:  0.7963 Loss dta_rank:  0.6033 Loss dta_tv:  0.0295 Loss dta_proxy:  0.2019 Loss dta_trans:  0.0065 Loss dta_phys:  0.0070 Loss dta_preserve:  0.0042
Time:  0.0782 Epoch: 014 Iter:  400/ 600 LR: 0.0000297690 Loss content:  0.0165 Loss fft:  0.7855 Loss dta_rank:  0.6052 Loss dta_tv:  0.0291 Loss dta_proxy:  0.2066 Loss dta_trans:  0.0059 Loss dta_phys:  0.0071 Loss dta_preserve:  0.0053
Time:  0.0786 Epoch: 014 Iter:  450/ 600 LR: 0.0000297690 Loss content:  0.0174 Loss fft:  0.8214 Loss dta_rank:  0.5992 Loss dta_tv:  0.0287 Loss dta_proxy:  0.2019 Loss dta_trans:  0.0059 Loss dta_phys:  0.0064 Loss dta_preserve:  0.0052
Time:  0.0784 Epoch: 014 Iter:  500/ 600 LR: 0.0000297690 Loss content:  0.0171 Loss fft:  0.7980 Loss dta_rank:  0.6058 Loss dta_tv:  0.0293 Loss dta_proxy:  0.2070 Loss dta_trans:  0.0059 Loss dta_phys:  0.0075 Loss dta_preserve:  0.0049
Time:  0.0818 Epoch: 014 Iter:  550/ 600 LR: 0.0000297690 Loss content:  0.0173 Loss fft:  0.8451 Loss dta_rank:  0.6047 Loss dta_tv:  0.0296 Loss dta_proxy:  0.2031 Loss dta_trans:  0.0054 Loss dta_phys:  0.0065 Loss dta_preserve:  0.0041
Time:  0.0776 Epoch: 014 Iter:  600/ 600 LR: 0.0000297690 Loss content:  0.0173 Loss fft:  0.8171 Loss dta_rank:  0.6035 Loss dta_tv:  0.0284 Loss dta_proxy:  0.2126 Loss dta_trans:  0.0057 Loss dta_phys:  0.0074 Loss dta_preserve:  0.0052
EPOCH: 14
Elapsed time: 0.94 Epoch Pixel Loss:  0.0171 Epoch FFT Loss:  0.8161 Epoch DTA Rank:  0.6025 Epoch DTA TV:  0.0290 Epoch DTA Proxy:  0.2040 Epoch DTA Trans:  0.0057 Epoch DTA Phys:  0.0067 Epoch DTA Preserve:  0.0049
DTA_GATE_RAMP epoch=15 gate_limit=0.060000
Time:  0.0709 Epoch: 015 Iter:   50/ 600 LR: 0.0000219361 Loss content:  0.0175 Loss fft:  0.8096 Loss dta_rank:  0.5963 Loss dta_tv:  0.0281 Loss dta_proxy:  0.2103 Loss dta_trans:  0.0054 Loss dta_phys:  0.0069 Loss dta_preserve:  0.0047
Time:  0.0640 Epoch: 015 Iter:  100/ 600 LR: 0.0000219361 Loss content:  0.0172 Loss fft:  0.8086 Loss dta_rank:  0.5990 Loss dta_tv:  0.0290 Loss dta_proxy:  0.2093 Loss dta_trans:  0.0052 Loss dta_phys:  0.0070 Loss dta_preserve:  0.0058
Time:  0.0637 Epoch: 015 Iter:  150/ 600 LR: 0.0000219361 Loss content:  0.0175 Loss fft:  0.8479 Loss dta_rank:  0.6049 Loss dta_tv:  0.0291 Loss dta_proxy:  0.2087 Loss dta_trans:  0.0056 Loss dta_phys:  0.0063 Loss dta_preserve:  0.0056
Time:  0.0642 Epoch: 015 Iter:  200/ 600 LR: 0.0000219361 Loss content:  0.0168 Loss fft:  0.8110 Loss dta_rank:  0.6039 Loss dta_tv:  0.0295 Loss dta_proxy:  0.1987 Loss dta_trans:  0.0054 Loss dta_phys:  0.0068 Loss dta_preserve:  0.0054
Time:  0.0641 Epoch: 015 Iter:  250/ 600 LR: 0.0000219361 Loss content:  0.0175 Loss fft:  0.8323 Loss dta_rank:  0.6032 Loss dta_tv:  0.0283 Loss dta_proxy:  0.2134 Loss dta_trans:  0.0054 Loss dta_phys:  0.0065 Loss dta_preserve:  0.0041
Time:  0.0637 Epoch: 015 Iter:  300/ 600 LR: 0.0000219361 Loss content:  0.0168 Loss fft:  0.8192 Loss dta_rank:  0.6060 Loss dta_tv:  0.0291 Loss dta_proxy:  0.2023 Loss dta_trans:  0.0054 Loss dta_phys:  0.0060 Loss dta_preserve:  0.0048
Time:  0.0647 Epoch: 015 Iter:  350/ 600 LR: 0.0000219361 Loss content:  0.0175 Loss fft:  0.8098 Loss dta_rank:  0.6028 Loss dta_tv:  0.0284 Loss dta_proxy:  0.2149 Loss dta_trans:  0.0057 Loss dta_phys:  0.0067 Loss dta_preserve:  0.0054
Time:  0.0652 Epoch: 015 Iter:  400/ 600 LR: 0.0000219361 Loss content:  0.0170 Loss fft:  0.8138 Loss dta_rank:  0.5994 Loss dta_tv:  0.0297 Loss dta_proxy:  0.1879 Loss dta_trans:  0.0058 Loss dta_phys:  0.0059 Loss dta_preserve:  0.0046
Time:  0.0639 Epoch: 015 Iter:  450/ 600 LR: 0.0000219361 Loss content:  0.0159 Loss fft:  0.7915 Loss dta_rank:  0.6039 Loss dta_tv:  0.0293 Loss dta_proxy:  0.2046 Loss dta_trans:  0.0056 Loss dta_phys:  0.0069 Loss dta_preserve:  0.0043
Time:  0.0767 Epoch: 015 Iter:  500/ 600 LR: 0.0000219361 Loss content:  0.0172 Loss fft:  0.8124 Loss dta_rank:  0.6040 Loss dta_tv:  0.0300 Loss dta_proxy:  0.1980 Loss dta_trans:  0.0070 Loss dta_phys:  0.0071 Loss dta_preserve:  0.0059
Time:  0.0766 Epoch: 015 Iter:  550/ 600 LR: 0.0000219361 Loss content:  0.0172 Loss fft:  0.8403 Loss dta_rank:  0.6021 Loss dta_tv:  0.0292 Loss dta_proxy:  0.2030 Loss dta_trans:  0.0052 Loss dta_phys:  0.0069 Loss dta_preserve:  0.0062
Time:  0.0757 Epoch: 015 Iter:  600/ 600 LR: 0.0000219361 Loss content:  0.0164 Loss fft:  0.8062 Loss dta_rank:  0.6059 Loss dta_tv:  0.0295 Loss dta_proxy:  0.2010 Loss dta_trans:  0.0065 Loss dta_phys:  0.0064 Loss dta_preserve:  0.0086
EPOCH: 15
Elapsed time: 0.82 Epoch Pixel Loss:  0.0170 Epoch FFT Loss:  0.8169 Epoch DTA Rank:  0.6026 Epoch DTA TV:  0.0291 Epoch DTA Proxy:  0.2043 Epoch DTA Trans:  0.0057 Epoch DTA Phys:  0.0066 Epoch DTA Preserve:  0.0054
DTA_GATE_RAMP epoch=16 gate_limit=0.060000
Time:  0.0804 Epoch: 016 Iter:   50/ 600 LR: 0.0000151017 Loss content:  0.0180 Loss fft:  0.8566 Loss dta_rank:  0.6003 Loss dta_tv:  0.0280 Loss dta_proxy:  0.2113 Loss dta_trans:  0.0058 Loss dta_phys:  0.0074 Loss dta_preserve:  0.0056
Time:  0.0777 Epoch: 016 Iter:  100/ 600 LR: 0.0000151017 Loss content:  0.0175 Loss fft:  0.7968 Loss dta_rank:  0.6049 Loss dta_tv:  0.0283 Loss dta_proxy:  0.2045 Loss dta_trans:  0.0051 Loss dta_phys:  0.0065 Loss dta_preserve:  0.0049
Time:  0.0796 Epoch: 016 Iter:  150/ 600 LR: 0.0000151017 Loss content:  0.0168 Loss fft:  0.8130 Loss dta_rank:  0.6010 Loss dta_tv:  0.0300 Loss dta_proxy:  0.1877 Loss dta_trans:  0.0060 Loss dta_phys:  0.0066 Loss dta_preserve:  0.0046
Time:  0.0768 Epoch: 016 Iter:  200/ 600 LR: 0.0000151017 Loss content:  0.0172 Loss fft:  0.8197 Loss dta_rank:  0.6001 Loss dta_tv:  0.0288 Loss dta_proxy:  0.2053 Loss dta_trans:  0.0064 Loss dta_phys:  0.0064 Loss dta_preserve:  0.0050
Time:  0.0762 Epoch: 016 Iter:  250/ 600 LR: 0.0000151017 Loss content:  0.0168 Loss fft:  0.8050 Loss dta_rank:  0.6065 Loss dta_tv:  0.0292 Loss dta_proxy:  0.2000 Loss dta_trans:  0.0064 Loss dta_phys:  0.0065 Loss dta_preserve:  0.0067
Time:  0.0754 Epoch: 016 Iter:  300/ 600 LR: 0.0000151017 Loss content:  0.0174 Loss fft:  0.8308 Loss dta_rank:  0.6028 Loss dta_tv:  0.0292 Loss dta_proxy:  0.2072 Loss dta_trans:  0.0060 Loss dta_phys:  0.0068 Loss dta_preserve:  0.0043
Time:  0.0754 Epoch: 016 Iter:  350/ 600 LR: 0.0000151017 Loss content:  0.0170 Loss fft:  0.7999 Loss dta_rank:  0.6021 Loss dta_tv:  0.0286 Loss dta_proxy:  0.2057 Loss dta_trans:  0.0060 Loss dta_phys:  0.0076 Loss dta_preserve:  0.0062
Time:  0.0733 Epoch: 016 Iter:  400/ 600 LR: 0.0000151017 Loss content:  0.0163 Loss fft:  0.8114 Loss dta_rank:  0.5974 Loss dta_tv:  0.0289 Loss dta_proxy:  0.2005 Loss dta_trans:  0.0054 Loss dta_phys:  0.0067 Loss dta_preserve:  0.0045
Time:  0.0767 Epoch: 016 Iter:  450/ 600 LR: 0.0000151017 Loss content:  0.0177 Loss fft:  0.8382 Loss dta_rank:  0.6006 Loss dta_tv:  0.0286 Loss dta_proxy:  0.2095 Loss dta_trans:  0.0054 Loss dta_phys:  0.0063 Loss dta_preserve:  0.0054
Time:  0.0746 Epoch: 016 Iter:  500/ 600 LR: 0.0000151017 Loss content:  0.0165 Loss fft:  0.8266 Loss dta_rank:  0.5992 Loss dta_tv:  0.0301 Loss dta_proxy:  0.1976 Loss dta_trans:  0.0058 Loss dta_phys:  0.0065 Loss dta_preserve:  0.0055
Time:  0.0659 Epoch: 016 Iter:  550/ 600 LR: 0.0000151017 Loss content:  0.0170 Loss fft:  0.8215 Loss dta_rank:  0.6042 Loss dta_tv:  0.0291 Loss dta_proxy:  0.2070 Loss dta_trans:  0.0057 Loss dta_phys:  0.0074 Loss dta_preserve:  0.0050
Time:  0.0638 Epoch: 016 Iter:  600/ 600 LR: 0.0000151017 Loss content:  0.0164 Loss fft:  0.7839 Loss dta_rank:  0.6012 Loss dta_tv:  0.0293 Loss dta_proxy:  0.2076 Loss dta_trans:  0.0059 Loss dta_phys:  0.0074 Loss dta_preserve:  0.0059
EPOCH: 16
Elapsed time: 0.90 Epoch Pixel Loss:  0.0170 Epoch FFT Loss:  0.8170 Epoch DTA Rank:  0.6017 Epoch DTA TV:  0.0290 Epoch DTA Proxy:  0.2037 Epoch DTA Trans:  0.0058 Epoch DTA Phys:  0.0068 Epoch DTA Preserve:  0.0053
DTA_GATE_RAMP epoch=17 gate_limit=0.060000
Time:  0.0755 Epoch: 017 Iter:   50/ 600 LR: 0.0000094853 Loss content:  0.0173 Loss fft:  0.8313 Loss dta_rank:  0.5995 Loss dta_tv:  0.0287 Loss dta_proxy:  0.2025 Loss dta_trans:  0.0054 Loss dta_phys:  0.0066 Loss dta_preserve:  0.0047
Time:  0.0750 Epoch: 017 Iter:  100/ 600 LR: 0.0000094853 Loss content:  0.0172 Loss fft:  0.8266 Loss dta_rank:  0.6065 Loss dta_tv:  0.0290 Loss dta_proxy:  0.2125 Loss dta_trans:  0.0062 Loss dta_phys:  0.0067 Loss dta_preserve:  0.0054
Time:  0.0771 Epoch: 017 Iter:  150/ 600 LR: 0.0000094853 Loss content:  0.0168 Loss fft:  0.7994 Loss dta_rank:  0.6047 Loss dta_tv:  0.0278 Loss dta_proxy:  0.2155 Loss dta_trans:  0.0057 Loss dta_phys:  0.0066 Loss dta_preserve:  0.0048
Time:  0.0791 Epoch: 017 Iter:  200/ 600 LR: 0.0000094853 Loss content:  0.0169 Loss fft:  0.8244 Loss dta_rank:  0.5996 Loss dta_tv:  0.0298 Loss dta_proxy:  0.2011 Loss dta_trans:  0.0055 Loss dta_phys:  0.0065 Loss dta_preserve:  0.0036
Time:  0.0787 Epoch: 017 Iter:  250/ 600 LR: 0.0000094853 Loss content:  0.0167 Loss fft:  0.8332 Loss dta_rank:  0.6025 Loss dta_tv:  0.0293 Loss dta_proxy:  0.1993 Loss dta_trans:  0.0057 Loss dta_phys:  0.0062 Loss dta_preserve:  0.0052
Time:  0.0795 Epoch: 017 Iter:  300/ 600 LR: 0.0000094853 Loss content:  0.0169 Loss fft:  0.8109 Loss dta_rank:  0.5989 Loss dta_tv:  0.0294 Loss dta_proxy:  0.1987 Loss dta_trans:  0.0062 Loss dta_phys:  0.0064 Loss dta_preserve:  0.0048
Time:  0.0764 Epoch: 017 Iter:  350/ 600 LR: 0.0000094853 Loss content:  0.0169 Loss fft:  0.8174 Loss dta_rank:  0.6010 Loss dta_tv:  0.0297 Loss dta_proxy:  0.1972 Loss dta_trans:  0.0055 Loss dta_phys:  0.0072 Loss dta_preserve:  0.0046
Time:  0.0782 Epoch: 017 Iter:  400/ 600 LR: 0.0000094853 Loss content:  0.0174 Loss fft:  0.8451 Loss dta_rank:  0.5984 Loss dta_tv:  0.0295 Loss dta_proxy:  0.2047 Loss dta_trans:  0.0059 Loss dta_phys:  0.0066 Loss dta_preserve:  0.0057
Time:  0.0784 Epoch: 017 Iter:  450/ 600 LR: 0.0000094853 Loss content:  0.0172 Loss fft:  0.8289 Loss dta_rank:  0.6066 Loss dta_tv:  0.0290 Loss dta_proxy:  0.1993 Loss dta_trans:  0.0049 Loss dta_phys:  0.0062 Loss dta_preserve:  0.0046
Time:  0.0775 Epoch: 017 Iter:  500/ 600 LR: 0.0000094853 Loss content:  0.0181 Loss fft:  0.8090 Loss dta_rank:  0.6009 Loss dta_tv:  0.0292 Loss dta_proxy:  0.1933 Loss dta_trans:  0.0059 Loss dta_phys:  0.0073 Loss dta_preserve:  0.0063
Time:  0.0791 Epoch: 017 Iter:  550/ 600 LR: 0.0000094853 Loss content:  0.0168 Loss fft:  0.7906 Loss dta_rank:  0.5985 Loss dta_tv:  0.0290 Loss dta_proxy:  0.2096 Loss dta_trans:  0.0051 Loss dta_phys:  0.0069 Loss dta_preserve:  0.0058
Time:  0.0758 Epoch: 017 Iter:  600/ 600 LR: 0.0000094853 Loss content:  0.0164 Loss fft:  0.8042 Loss dta_rank:  0.6003 Loss dta_tv:  0.0293 Loss dta_proxy:  0.1954 Loss dta_trans:  0.0062 Loss dta_phys:  0.0063 Loss dta_preserve:  0.0041
EPOCH: 17
Elapsed time: 0.93 Epoch Pixel Loss:  0.0171 Epoch FFT Loss:  0.8184 Epoch DTA Rank:  0.6015 Epoch DTA TV:  0.0291 Epoch DTA Proxy:  0.2024 Epoch DTA Trans:  0.0057 Epoch DTA Phys:  0.0066 Epoch DTA Preserve:  0.0050
DTA_GATE_RAMP epoch=18 gate_limit=0.060000
Time:  0.0831 Epoch: 018 Iter:   50/ 600 LR: 0.0000052550 Loss content:  0.0166 Loss fft:  0.7909 Loss dta_rank:  0.5989 Loss dta_tv:  0.0281 Loss dta_proxy:  0.2081 Loss dta_trans:  0.0047 Loss dta_phys:  0.0071 Loss dta_preserve:  0.0051
Time:  0.0761 Epoch: 018 Iter:  100/ 600 LR: 0.0000052550 Loss content:  0.0166 Loss fft:  0.8201 Loss dta_rank:  0.5997 Loss dta_tv:  0.0300 Loss dta_proxy:  0.1916 Loss dta_trans:  0.0056 Loss dta_phys:  0.0074 Loss dta_preserve:  0.0054
Time:  0.0799 Epoch: 018 Iter:  150/ 600 LR: 0.0000052550 Loss content:  0.0164 Loss fft:  0.8159 Loss dta_rank:  0.6023 Loss dta_tv:  0.0280 Loss dta_proxy:  0.2154 Loss dta_trans:  0.0048 Loss dta_phys:  0.0066 Loss dta_preserve:  0.0044
Time:  0.0768 Epoch: 018 Iter:  200/ 600 LR: 0.0000052550 Loss content:  0.0171 Loss fft:  0.8223 Loss dta_rank:  0.5955 Loss dta_tv:  0.0291 Loss dta_proxy:  0.1996 Loss dta_trans:  0.0051 Loss dta_phys:  0.0061 Loss dta_preserve:  0.0055
Time:  0.0772 Epoch: 018 Iter:  250/ 600 LR: 0.0000052550 Loss content:  0.0169 Loss fft:  0.8072 Loss dta_rank:  0.6005 Loss dta_tv:  0.0294 Loss dta_proxy:  0.2034 Loss dta_trans:  0.0066 Loss dta_phys:  0.0068 Loss dta_preserve:  0.0046
Time:  0.0726 Epoch: 018 Iter:  300/ 600 LR: 0.0000052550 Loss content:  0.0172 Loss fft:  0.8377 Loss dta_rank:  0.6014 Loss dta_tv:  0.0292 Loss dta_proxy:  0.2018 Loss dta_trans:  0.0062 Loss dta_phys:  0.0069 Loss dta_preserve:  0.0055
Time:  0.0677 Epoch: 018 Iter:  350/ 600 LR: 0.0000052550 Loss content:  0.0174 Loss fft:  0.8147 Loss dta_rank:  0.6016 Loss dta_tv:  0.0279 Loss dta_proxy:  0.2122 Loss dta_trans:  0.0057 Loss dta_phys:  0.0067 Loss dta_preserve:  0.0058
Time:  0.0759 Epoch: 018 Iter:  400/ 600 LR: 0.0000052550 Loss content:  0.0173 Loss fft:  0.8318 Loss dta_rank:  0.6038 Loss dta_tv:  0.0288 Loss dta_proxy:  0.2136 Loss dta_trans:  0.0058 Loss dta_phys:  0.0065 Loss dta_preserve:  0.0061
Time:  0.0774 Epoch: 018 Iter:  450/ 600 LR: 0.0000052550 Loss content:  0.0170 Loss fft:  0.8551 Loss dta_rank:  0.6015 Loss dta_tv:  0.0303 Loss dta_proxy:  0.1991 Loss dta_trans:  0.0067 Loss dta_phys:  0.0062 Loss dta_preserve:  0.0055
Time:  0.0758 Epoch: 018 Iter:  500/ 600 LR: 0.0000052550 Loss content:  0.0171 Loss fft:  0.7996 Loss dta_rank:  0.6001 Loss dta_tv:  0.0292 Loss dta_proxy:  0.1975 Loss dta_trans:  0.0057 Loss dta_phys:  0.0069 Loss dta_preserve:  0.0046
Time:  0.0782 Epoch: 018 Iter:  550/ 600 LR: 0.0000052550 Loss content:  0.0175 Loss fft:  0.8294 Loss dta_rank:  0.6003 Loss dta_tv:  0.0284 Loss dta_proxy:  0.2073 Loss dta_trans:  0.0055 Loss dta_phys:  0.0063 Loss dta_preserve:  0.0053
Time:  0.0769 Epoch: 018 Iter:  600/ 600 LR: 0.0000052550 Loss content:  0.0166 Loss fft:  0.8211 Loss dta_rank:  0.6056 Loss dta_tv:  0.0300 Loss dta_proxy:  0.1946 Loss dta_trans:  0.0056 Loss dta_phys:  0.0067 Loss dta_preserve:  0.0043
EPOCH: 18
Elapsed time: 0.92 Epoch Pixel Loss:  0.0170 Epoch FFT Loss:  0.8205 Epoch DTA Rank:  0.6009 Epoch DTA TV:  0.0290 Epoch DTA Proxy:  0.2037 Epoch DTA Trans:  0.0057 Epoch DTA Phys:  0.0067 Epoch DTA Preserve:  0.0052
DTA_GATE_RAMP epoch=19 gate_limit=0.060000
Time:  0.0791 Epoch: 019 Iter:   50/ 600 LR: 0.0000025070 Loss content:  0.0165 Loss fft:  0.7919 Loss dta_rank:  0.6022 Loss dta_tv:  0.0290 Loss dta_proxy:  0.2041 Loss dta_trans:  0.0064 Loss dta_phys:  0.0072 Loss dta_preserve:  0.0051
Time:  0.0748 Epoch: 019 Iter:  100/ 600 LR: 0.0000025070 Loss content:  0.0180 Loss fft:  0.8362 Loss dta_rank:  0.5987 Loss dta_tv:  0.0283 Loss dta_proxy:  0.1940 Loss dta_trans:  0.0054 Loss dta_phys:  0.0067 Loss dta_preserve:  0.0055
Time:  0.0782 Epoch: 019 Iter:  150/ 600 LR: 0.0000025070 Loss content:  0.0179 Loss fft:  0.8406 Loss dta_rank:  0.6059 Loss dta_tv:  0.0291 Loss dta_proxy:  0.2016 Loss dta_trans:  0.0065 Loss dta_phys:  0.0067 Loss dta_preserve:  0.0057
Time:  0.0768 Epoch: 019 Iter:  200/ 600 LR: 0.0000025070 Loss content:  0.0165 Loss fft:  0.7904 Loss dta_rank:  0.6065 Loss dta_tv:  0.0285 Loss dta_proxy:  0.2054 Loss dta_trans:  0.0054 Loss dta_phys:  0.0067 Loss dta_preserve:  0.0050
Time:  0.0759 Epoch: 019 Iter:  250/ 600 LR: 0.0000025070 Loss content:  0.0169 Loss fft:  0.8356 Loss dta_rank:  0.5991 Loss dta_tv:  0.0295 Loss dta_proxy:  0.2010 Loss dta_trans:  0.0059 Loss dta_phys:  0.0068 Loss dta_preserve:  0.0050
Time:  0.0785 Epoch: 019 Iter:  300/ 600 LR: 0.0000025070 Loss content:  0.0174 Loss fft:  0.8135 Loss dta_rank:  0.6012 Loss dta_tv:  0.0285 Loss dta_proxy:  0.2081 Loss dta_trans:  0.0053 Loss dta_phys:  0.0068 Loss dta_preserve:  0.0050
Time:  0.0781 Epoch: 019 Iter:  350/ 600 LR: 0.0000025070 Loss content:  0.0170 Loss fft:  0.8192 Loss dta_rank:  0.5995 Loss dta_tv:  0.0292 Loss dta_proxy:  0.1989 Loss dta_trans:  0.0050 Loss dta_phys:  0.0067 Loss dta_preserve:  0.0054
Time:  0.0787 Epoch: 019 Iter:  400/ 600 LR: 0.0000025070 Loss content:  0.0175 Loss fft:  0.8318 Loss dta_rank:  0.6011 Loss dta_tv:  0.0283 Loss dta_proxy:  0.2038 Loss dta_trans:  0.0056 Loss dta_phys:  0.0069 Loss dta_preserve:  0.0058
Time:  0.0806 Epoch: 019 Iter:  450/ 600 LR: 0.0000025070 Loss content:  0.0164 Loss fft:  0.8151 Loss dta_rank:  0.6026 Loss dta_tv:  0.0288 Loss dta_proxy:  0.2020 Loss dta_trans:  0.0057 Loss dta_phys:  0.0063 Loss dta_preserve:  0.0049
Time:  0.0743 Epoch: 019 Iter:  500/ 600 LR: 0.0000025070 Loss content:  0.0170 Loss fft:  0.8080 Loss dta_rank:  0.6016 Loss dta_tv:  0.0290 Loss dta_proxy:  0.2063 Loss dta_trans:  0.0063 Loss dta_phys:  0.0069 Loss dta_preserve:  0.0044
Time:  0.0720 Epoch: 019 Iter:  550/ 600 LR: 0.0000025070 Loss content:  0.0174 Loss fft:  0.8149 Loss dta_rank:  0.6019 Loss dta_tv:  0.0289 Loss dta_proxy:  0.2002 Loss dta_trans:  0.0051 Loss dta_phys:  0.0068 Loss dta_preserve:  0.0057
Time:  0.0771 Epoch: 019 Iter:  600/ 600 LR: 0.0000025070 Loss content:  0.0172 Loss fft:  0.8165 Loss dta_rank:  0.6027 Loss dta_tv:  0.0295 Loss dta_proxy:  0.1953 Loss dta_trans:  0.0061 Loss dta_phys:  0.0063 Loss dta_preserve:  0.0057
EPOCH: 19
Elapsed time: 0.93 Epoch Pixel Loss:  0.0171 Epoch FFT Loss:  0.8178 Epoch DTA Rank:  0.6019 Epoch DTA TV:  0.0289 Epoch DTA Proxy:  0.2017 Epoch DTA Trans:  0.0057 Epoch DTA Phys:  0.0067 Epoch DTA Preserve:  0.0053
DTA_GATE_RAMP epoch=20 gate_limit=0.060000
Time:  0.0803 Epoch: 020 Iter:   50/ 600 LR: 0.0000012125 Loss content:  0.0173 Loss fft:  0.8517 Loss dta_rank:  0.6024 Loss dta_tv:  0.0288 Loss dta_proxy:  0.2023 Loss dta_trans:  0.0052 Loss dta_phys:  0.0064 Loss dta_preserve:  0.0053
Time:  0.0771 Epoch: 020 Iter:  100/ 600 LR: 0.0000012125 Loss content:  0.0176 Loss fft:  0.8248 Loss dta_rank:  0.6018 Loss dta_tv:  0.0291 Loss dta_proxy:  0.2055 Loss dta_trans:  0.0058 Loss dta_phys:  0.0064 Loss dta_preserve:  0.0068
Time:  0.0785 Epoch: 020 Iter:  150/ 600 LR: 0.0000012125 Loss content:  0.0172 Loss fft:  0.8427 Loss dta_rank:  0.5995 Loss dta_tv:  0.0281 Loss dta_proxy:  0.2116 Loss dta_trans:  0.0044 Loss dta_phys:  0.0064 Loss dta_preserve:  0.0038
Time:  0.0761 Epoch: 020 Iter:  200/ 600 LR: 0.0000012125 Loss content:  0.0171 Loss fft:  0.8165 Loss dta_rank:  0.6025 Loss dta_tv:  0.0286 Loss dta_proxy:  0.1984 Loss dta_trans:  0.0055 Loss dta_phys:  0.0063 Loss dta_preserve:  0.0062
Time:  0.0790 Epoch: 020 Iter:  250/ 600 LR: 0.0000012125 Loss content:  0.0167 Loss fft:  0.8165 Loss dta_rank:  0.6028 Loss dta_tv:  0.0291 Loss dta_proxy:  0.2069 Loss dta_trans:  0.0052 Loss dta_phys:  0.0066 Loss dta_preserve:  0.0045
Time:  0.0756 Epoch: 020 Iter:  300/ 600 LR: 0.0000012125 Loss content:  0.0163 Loss fft:  0.7895 Loss dta_rank:  0.6062 Loss dta_tv:  0.0293 Loss dta_proxy:  0.2013 Loss dta_trans:  0.0056 Loss dta_phys:  0.0071 Loss dta_preserve:  0.0040
Time:  0.0838 Epoch: 020 Iter:  350/ 600 LR: 0.0000012125 Loss content:  0.0162 Loss fft:  0.7705 Loss dta_rank:  0.6062 Loss dta_tv:  0.0297 Loss dta_proxy:  0.1959 Loss dta_trans:  0.0069 Loss dta_phys:  0.0063 Loss dta_preserve:  0.0050
Time:  0.0882 Epoch: 020 Iter:  400/ 600 LR: 0.0000012125 Loss content:  0.0173 Loss fft:  0.8272 Loss dta_rank:  0.5968 Loss dta_tv:  0.0288 Loss dta_proxy:  0.2018 Loss dta_trans:  0.0055 Loss dta_phys:  0.0071 Loss dta_preserve:  0.0050
Time:  0.0793 Epoch: 020 Iter:  450/ 600 LR: 0.0000012125 Loss content:  0.0161 Loss fft:  0.8026 Loss dta_rank:  0.6042 Loss dta_tv:  0.0293 Loss dta_proxy:  0.2062 Loss dta_trans:  0.0054 Loss dta_phys:  0.0065 Loss dta_preserve:  0.0049
Time:  0.0869 Epoch: 020 Iter:  500/ 600 LR: 0.0000012125 Loss content:  0.0166 Loss fft:  0.8321 Loss dta_rank:  0.5975 Loss dta_tv:  0.0299 Loss dta_proxy:  0.1955 Loss dta_trans:  0.0068 Loss dta_phys:  0.0060 Loss dta_preserve:  0.0040
Time:  0.0941 Epoch: 020 Iter:  550/ 600 LR: 0.0000012125 Loss content:  0.0172 Loss fft:  0.8310 Loss dta_rank:  0.5968 Loss dta_tv:  0.0285 Loss dta_proxy:  0.2018 Loss dta_trans:  0.0059 Loss dta_phys:  0.0070 Loss dta_preserve:  0.0043
Time:  0.0895 Epoch: 020 Iter:  600/ 600 LR: 0.0000012125 Loss content:  0.0173 Loss fft:  0.8041 Loss dta_rank:  0.5969 Loss dta_tv:  0.0291 Loss dta_proxy:  0.1983 Loss dta_trans:  0.0057 Loss dta_phys:  0.0072 Loss dta_preserve:  0.0063
EPOCH: 20
Elapsed time: 1.00 Epoch Pixel Loss:  0.0169 Epoch FFT Loss:  0.8174 Epoch DTA Rank:  0.6011 Epoch DTA TV:  0.0290 Epoch DTA Proxy:  0.2021 Epoch DTA Trans:  0.0056 Epoch DTA Phys:  0.0066 Epoch DTA Preserve:  0.0050
