Namespace(model_name='ConvIR-Haze4K-DTA-v2-adapter_only-normal-seed3407-f1-oof20', data='Haze4K', version='base', fam_mode='original', arch='dta_v2', seed=3407, mode='train', data_dir='/sda/home/wangyuxin/ConvIR-B/datasets/Haze4K/Haze4K', batch_size=4, learning_rate=0.0001, weight_decay=0.0, num_epoch=20, stop_epoch=20, print_freq=50, num_worker=4, save_freq=5, valid_freq=9999, mod_stats_freq=5, mod_stats_batches=16, grad_clip_norm=0.001, dta_grad_clip_norm=0.05, dta_neighbor_grad_clip_norm=0.005, init_model='/sda/home/wangyuxin/ConvIR-B/checkpoints/official/Haze4K/haze4k-base.pkl', init_model_partial=True, partial_new_prefixes='DTA.', resume='', train_scope='adapter_only', dta_depth_cache_dir='/sda/home/wangyuxin/ConvIR-B/depth_cache/depth_anything_v2_small_hf', dta_train_depth_split='train', dta_eval_depth_split='train', valid_root_split='train', eval_root_split='test', dta_require_depth=True, dta_variant='v2', dta_depth_mode='normal', dta_prior_channels=32, dta_gate_bias=-6.0, dta_gate_limit=0.06, dta_gamma_limit=0.12, dta_beta_limit=0.06, dta_alpha_init=1.0, dta_confidence_floor=0.25, dta_confidence_local_scale=6.0, dta_output_residual_scale=0.03, dta_use_trans_gt=True, dta_trans_weight=0.02, dta_phys_weight=0.005, dta_preserve_weight=0.02, dta_preserve_trans_thresh=0.8, dta_gate_ramp_start=0.01, dta_gate_ramp_mid=0.03, dta_gate_ramp_end=0.06, dta_gate_ramp_warmup_epochs=2, dta_gate_ramp_mid_epochs=8, dta_rank_weight=0.001, dta_tv_weight=0.0001, dta_proxy_weight=0.0, dta_rank_pairs=512, dta_rank_min_depth_gap=0.03, split_json='/sda/home/wangyuxin/ConvIR-B/repos/ConvIR-B-dta-v2-calibrated/experience_docx/experiment_logs/haze4k_dta_v2_calibrated_20260611/dta_v2_haze4k_oof_splits_seed3407.json', split_name='fold1_train', test_model='', save_image=False, leaning_rate=0.0001, model_save_dir='results/ConvIR-Haze4K-DTA-v2-adapter_only-normal-seed3407-f1-oof20/Training-Results/', result_dir='results/ConvIR-Haze4K-DTA-v2-adapter_only-normal-seed3407-f1-oof20/images/Haze4K', init_model_sha256='6f42037d57a4e3de3a10ac0ab909d66a3415864a19433c29204a975f4efa4088')
/sda/home/wangyuxin/ConvIR-B/repos/ConvIR-B-dta-v2-calibrated/Dehazing/ITS/main.py:14: FutureWarning: You are using `torch.load` with `weights_only=False` (the current default value), which uses the default pickle module implicitly. It is possible to construct malicious pickle data which will execute arbitrary code during unpickling (See https://github.com/pytorch/pytorch/blob/main/SECURITY.md#untrusted-models for more details). In a future release, the default value for `weights_only` will be flipped to `True`. This limits the functions that could be executed during unpickling. Arbitrary objects will no longer be allowed to be loaded via this mode unless they are explicitly allowlisted by the user via `torch.serialization.add_safe_globals`. We recommend you start setting `weights_only=True` for any use case where you don't have full control of the loaded file. Please open an issue on GitHub for any issues related to this experimental feature.
  state = torch.load(path, map_location=map_location)
INIT_MODEL_PARTIAL_LOAD path=/sda/home/wangyuxin/ConvIR-B/checkpoints/official/Haze4K/haze4k-base.pkl loaded=602 missing_allowed=25 unexpected=[] allowed_new_prefixes=('DTA.',)
TRAIN_SCOPE scope=adapter_only arch=dta_v2 trainable=74699 total=8705364
/sda/home/wangyuxin/ConvIR-B/envs/convir-cu121/lib/python3.10/site-packages/torch/optim/lr_scheduler.py:224: UserWarning: Detected call of `lr_scheduler.step()` before `optimizer.step()`. In PyTorch 1.1.0 and later, you should call them in the opposite order: `optimizer.step()` before `lr_scheduler.step()`.  Failure to do this will result in PyTorch skipping the first value of the learning rate schedule. See more details at https://pytorch.org/docs/stable/optim.html#how-to-adjust-learning-rate
  warnings.warn(
DTA_GATE_RAMP epoch=1 gate_limit=0.010000
Time:  0.0956 Epoch: 001 Iter:   50/ 600 LR: 0.0000333333 Loss content:  0.0181 Loss fft:  0.8245 Loss dta_rank:  0.6923 Loss dta_tv:  0.0038 Loss dta_proxy:  0.2908 Loss dta_trans:  0.0420 Loss dta_phys:  0.0071 Loss dta_preserve:  0.0055
Time:  0.0663 Epoch: 001 Iter:  100/ 600 LR: 0.0000333333 Loss content:  0.0171 Loss fft:  0.8571 Loss dta_rank:  0.6938 Loss dta_tv:  0.0101 Loss dta_proxy:  0.3300 Loss dta_trans:  0.0362 Loss dta_phys:  0.0091 Loss dta_preserve:  0.0051
Time:  0.0688 Epoch: 001 Iter:  150/ 600 LR: 0.0000333333 Loss content:  0.0167 Loss fft:  0.8063 Loss dta_rank:  0.6986 Loss dta_tv:  0.0138 Loss dta_proxy:  0.3516 Loss dta_trans:  0.0309 Loss dta_phys:  0.0100 Loss dta_preserve:  0.0049
Time:  0.0734 Epoch: 001 Iter:  200/ 600 LR: 0.0000333333 Loss content:  0.0168 Loss fft:  0.8069 Loss dta_rank:  0.7052 Loss dta_tv:  0.0179 Loss dta_proxy:  0.4004 Loss dta_trans:  0.0258 Loss dta_phys:  0.0103 Loss dta_preserve:  0.0046
Time:  0.0717 Epoch: 001 Iter:  250/ 600 LR: 0.0000333333 Loss content:  0.0172 Loss fft:  0.8278 Loss dta_rank:  0.7140 Loss dta_tv:  0.0224 Loss dta_proxy:  0.3850 Loss dta_trans:  0.0231 Loss dta_phys:  0.0101 Loss dta_preserve:  0.0047
Time:  0.0724 Epoch: 001 Iter:  300/ 600 LR: 0.0000333333 Loss content:  0.0171 Loss fft:  0.8323 Loss dta_rank:  0.7243 Loss dta_tv:  0.0258 Loss dta_proxy:  0.3745 Loss dta_trans:  0.0197 Loss dta_phys:  0.0091 Loss dta_preserve:  0.0059
Time:  0.0723 Epoch: 001 Iter:  350/ 600 LR: 0.0000333333 Loss content:  0.0167 Loss fft:  0.8180 Loss dta_rank:  0.7321 Loss dta_tv:  0.0282 Loss dta_proxy:  0.4032 Loss dta_trans:  0.0181 Loss dta_phys:  0.0079 Loss dta_preserve:  0.0041
Time:  0.0732 Epoch: 001 Iter:  400/ 600 LR: 0.0000333333 Loss content:  0.0176 Loss fft:  0.8309 Loss dta_rank:  0.7399 Loss dta_tv:  0.0305 Loss dta_proxy:  0.4333 Loss dta_trans:  0.0157 Loss dta_phys:  0.0088 Loss dta_preserve:  0.0083
Time:  0.0724 Epoch: 001 Iter:  450/ 600 LR: 0.0000333333 Loss content:  0.0168 Loss fft:  0.7941 Loss dta_rank:  0.7420 Loss dta_tv:  0.0324 Loss dta_proxy:  0.4091 Loss dta_trans:  0.0157 Loss dta_phys:  0.0083 Loss dta_preserve:  0.0048
Time:  0.0786 Epoch: 001 Iter:  500/ 600 LR: 0.0000333333 Loss content:  0.0169 Loss fft:  0.8058 Loss dta_rank:  0.7488 Loss dta_tv:  0.0335 Loss dta_proxy:  0.4208 Loss dta_trans:  0.0125 Loss dta_phys:  0.0087 Loss dta_preserve:  0.0043
Time:  0.0730 Epoch: 001 Iter:  550/ 600 LR: 0.0000333333 Loss content:  0.0177 Loss fft:  0.8477 Loss dta_rank:  0.7523 Loss dta_tv:  0.0339 Loss dta_proxy:  0.4264 Loss dta_trans:  0.0137 Loss dta_phys:  0.0081 Loss dta_preserve:  0.0051
Time:  0.0728 Epoch: 001 Iter:  600/ 600 LR: 0.0000333333 Loss content:  0.0169 Loss fft:  0.8072 Loss dta_rank:  0.7571 Loss dta_tv:  0.0350 Loss dta_proxy:  0.4244 Loss dta_trans:  0.0123 Loss dta_phys:  0.0069 Loss dta_preserve:  0.0035
EPOCH: 01
Elapsed time: 0.89 Epoch Pixel Loss:  0.0171 Epoch FFT Loss:  0.8216 Epoch DTA Rank:  0.7250 Epoch DTA TV:  0.0240 Epoch DTA Proxy:  0.3875 Epoch DTA Trans:  0.0221 Epoch DTA Phys:  0.0087 Epoch DTA Preserve:  0.0051
DTA_GATE_RAMP epoch=2 gate_limit=0.010000
Time:  0.0777 Epoch: 002 Iter:   50/ 600 LR: 0.0000666667 Loss content:  0.0175 Loss fft:  0.8325 Loss dta_rank:  0.7581 Loss dta_tv:  0.0354 Loss dta_proxy:  0.4452 Loss dta_trans:  0.0109 Loss dta_phys:  0.0080 Loss dta_preserve:  0.0055
Time:  0.0716 Epoch: 002 Iter:  100/ 600 LR: 0.0000666667 Loss content:  0.0169 Loss fft:  0.8212 Loss dta_rank:  0.7619 Loss dta_tv:  0.0355 Loss dta_proxy:  0.4481 Loss dta_trans:  0.0122 Loss dta_phys:  0.0080 Loss dta_preserve:  0.0048
Time:  0.0699 Epoch: 002 Iter:  150/ 600 LR: 0.0000666667 Loss content:  0.0176 Loss fft:  0.8332 Loss dta_rank:  0.7643 Loss dta_tv:  0.0352 Loss dta_proxy:  0.4350 Loss dta_trans:  0.0103 Loss dta_phys:  0.0075 Loss dta_preserve:  0.0048
Time:  0.0741 Epoch: 002 Iter:  200/ 600 LR: 0.0000666667 Loss content:  0.0167 Loss fft:  0.8138 Loss dta_rank:  0.7579 Loss dta_tv:  0.0342 Loss dta_proxy:  0.4409 Loss dta_trans:  0.0108 Loss dta_phys:  0.0079 Loss dta_preserve:  0.0051
Time:  0.0731 Epoch: 002 Iter:  250/ 600 LR: 0.0000666667 Loss content:  0.0169 Loss fft:  0.8111 Loss dta_rank:  0.7540 Loss dta_tv:  0.0336 Loss dta_proxy:  0.4319 Loss dta_trans:  0.0112 Loss dta_phys:  0.0076 Loss dta_preserve:  0.0045
Time:  0.0735 Epoch: 002 Iter:  300/ 600 LR: 0.0000666667 Loss content:  0.0171 Loss fft:  0.8139 Loss dta_rank:  0.7618 Loss dta_tv:  0.0332 Loss dta_proxy:  0.4246 Loss dta_trans:  0.0104 Loss dta_phys:  0.0069 Loss dta_preserve:  0.0066
Time:  0.0768 Epoch: 002 Iter:  350/ 600 LR: 0.0000666667 Loss content:  0.0169 Loss fft:  0.8166 Loss dta_rank:  0.7565 Loss dta_tv:  0.0329 Loss dta_proxy:  0.4485 Loss dta_trans:  0.0087 Loss dta_phys:  0.0073 Loss dta_preserve:  0.0068
Time:  0.0745 Epoch: 002 Iter:  400/ 600 LR: 0.0000666667 Loss content:  0.0181 Loss fft:  0.8384 Loss dta_rank:  0.7640 Loss dta_tv:  0.0335 Loss dta_proxy:  0.4476 Loss dta_trans:  0.0103 Loss dta_phys:  0.0065 Loss dta_preserve:  0.0044
Time:  0.0749 Epoch: 002 Iter:  450/ 600 LR: 0.0000666667 Loss content:  0.0170 Loss fft:  0.8192 Loss dta_rank:  0.7664 Loss dta_tv:  0.0334 Loss dta_proxy:  0.4275 Loss dta_trans:  0.0097 Loss dta_phys:  0.0071 Loss dta_preserve:  0.0054
Time:  0.0680 Epoch: 002 Iter:  500/ 600 LR: 0.0000666667 Loss content:  0.0176 Loss fft:  0.8347 Loss dta_rank:  0.7622 Loss dta_tv:  0.0325 Loss dta_proxy:  0.4624 Loss dta_trans:  0.0086 Loss dta_phys:  0.0067 Loss dta_preserve:  0.0057
Time:  0.0710 Epoch: 002 Iter:  550/ 600 LR: 0.0000666667 Loss content:  0.0172 Loss fft:  0.8208 Loss dta_rank:  0.7624 Loss dta_tv:  0.0324 Loss dta_proxy:  0.4605 Loss dta_trans:  0.0089 Loss dta_phys:  0.0074 Loss dta_preserve:  0.0070
Time:  0.0747 Epoch: 002 Iter:  600/ 600 LR: 0.0000666667 Loss content:  0.0170 Loss fft:  0.7965 Loss dta_rank:  0.7644 Loss dta_tv:  0.0336 Loss dta_proxy:  0.4316 Loss dta_trans:  0.0096 Loss dta_phys:  0.0068 Loss dta_preserve:  0.0051
EPOCH: 02
Elapsed time: 0.88 Epoch Pixel Loss:  0.0172 Epoch FFT Loss:  0.8210 Epoch DTA Rank:  0.7611 Epoch DTA TV:  0.0338 Epoch DTA Proxy:  0.4420 Epoch DTA Trans:  0.0101 Epoch DTA Phys:  0.0073 Epoch DTA Preserve:  0.0055
DTA_GATE_RAMP epoch=3 gate_limit=0.030000
Time:  0.0809 Epoch: 003 Iter:   50/ 600 LR: 0.0001000000 Loss content:  0.0181 Loss fft:  0.8412 Loss dta_rank:  0.7660 Loss dta_tv:  0.0324 Loss dta_proxy:  0.4457 Loss dta_trans:  0.0099 Loss dta_phys:  0.0061 Loss dta_preserve:  0.0049
Time:  0.0741 Epoch: 003 Iter:  100/ 600 LR: 0.0001000000 Loss content:  0.0167 Loss fft:  0.8155 Loss dta_rank:  0.7697 Loss dta_tv:  0.0323 Loss dta_proxy:  0.4391 Loss dta_trans:  0.0084 Loss dta_phys:  0.0067 Loss dta_preserve:  0.0055
Time:  0.0718 Epoch: 003 Iter:  150/ 600 LR: 0.0001000000 Loss content:  0.0165 Loss fft:  0.7912 Loss dta_rank:  0.7702 Loss dta_tv:  0.0325 Loss dta_proxy:  0.4554 Loss dta_trans:  0.0087 Loss dta_phys:  0.0073 Loss dta_preserve:  0.0054
Time:  0.0753 Epoch: 003 Iter:  200/ 600 LR: 0.0001000000 Loss content:  0.0170 Loss fft:  0.8080 Loss dta_rank:  0.7686 Loss dta_tv:  0.0316 Loss dta_proxy:  0.4717 Loss dta_trans:  0.0076 Loss dta_phys:  0.0076 Loss dta_preserve:  0.0055
Time:  0.0788 Epoch: 003 Iter:  250/ 600 LR: 0.0001000000 Loss content:  0.0162 Loss fft:  0.8116 Loss dta_rank:  0.7697 Loss dta_tv:  0.0326 Loss dta_proxy:  0.4462 Loss dta_trans:  0.0081 Loss dta_phys:  0.0066 Loss dta_preserve:  0.0054
Time:  0.0729 Epoch: 003 Iter:  300/ 600 LR: 0.0001000000 Loss content:  0.0174 Loss fft:  0.8346 Loss dta_rank:  0.7738 Loss dta_tv:  0.0325 Loss dta_proxy:  0.4472 Loss dta_trans:  0.0078 Loss dta_phys:  0.0068 Loss dta_preserve:  0.0057
Time:  0.0745 Epoch: 003 Iter:  350/ 600 LR: 0.0001000000 Loss content:  0.0176 Loss fft:  0.8270 Loss dta_rank:  0.7689 Loss dta_tv:  0.0312 Loss dta_proxy:  0.4545 Loss dta_trans:  0.0085 Loss dta_phys:  0.0071 Loss dta_preserve:  0.0045
Time:  0.0741 Epoch: 003 Iter:  400/ 600 LR: 0.0001000000 Loss content:  0.0173 Loss fft:  0.8518 Loss dta_rank:  0.7667 Loss dta_tv:  0.0316 Loss dta_proxy:  0.4602 Loss dta_trans:  0.0079 Loss dta_phys:  0.0071 Loss dta_preserve:  0.0046
Time:  0.0730 Epoch: 003 Iter:  450/ 600 LR: 0.0001000000 Loss content:  0.0172 Loss fft:  0.8412 Loss dta_rank:  0.7715 Loss dta_tv:  0.0304 Loss dta_proxy:  0.4605 Loss dta_trans:  0.0067 Loss dta_phys:  0.0066 Loss dta_preserve:  0.0054
Time:  0.0747 Epoch: 003 Iter:  500/ 600 LR: 0.0001000000 Loss content:  0.0174 Loss fft:  0.8253 Loss dta_rank:  0.7682 Loss dta_tv:  0.0315 Loss dta_proxy:  0.4397 Loss dta_trans:  0.0071 Loss dta_phys:  0.0070 Loss dta_preserve:  0.0051
Time:  0.0747 Epoch: 003 Iter:  550/ 600 LR: 0.0001000000 Loss content:  0.0177 Loss fft:  0.8104 Loss dta_rank:  0.7686 Loss dta_tv:  0.0305 Loss dta_proxy:  0.4435 Loss dta_trans:  0.0083 Loss dta_phys:  0.0067 Loss dta_preserve:  0.0042
Time:  0.0724 Epoch: 003 Iter:  600/ 600 LR: 0.0001000000 Loss content:  0.0176 Loss fft:  0.8155 Loss dta_rank:  0.7643 Loss dta_tv:  0.0300 Loss dta_proxy:  0.4575 Loss dta_trans:  0.0090 Loss dta_phys:  0.0074 Loss dta_preserve:  0.0054
EPOCH: 03
Elapsed time: 0.90 Epoch Pixel Loss:  0.0172 Epoch FFT Loss:  0.8228 Epoch DTA Rank:  0.7688 Epoch DTA TV:  0.0316 Epoch DTA Proxy:  0.4518 Epoch DTA Trans:  0.0082 Epoch DTA Phys:  0.0069 Epoch DTA Preserve:  0.0051
/sda/home/wangyuxin/ConvIR-B/envs/convir-cu121/lib/python3.10/site-packages/torch/optim/lr_scheduler.py:1087: UserWarning: To get the last learning rate computed by the scheduler, please use `get_last_lr()`.
  _warn_get_lr_called_within_step(self)
DTA_GATE_RAMP epoch=4 gate_limit=0.030000
Time:  0.0778 Epoch: 004 Iter:   50/ 600 LR: 0.0001000000 Loss content:  0.0163 Loss fft:  0.7916 Loss dta_rank:  0.7666 Loss dta_tv:  0.0312 Loss dta_proxy:  0.4288 Loss dta_trans:  0.0082 Loss dta_phys:  0.0063 Loss dta_preserve:  0.0051
Time:  0.0719 Epoch: 004 Iter:  100/ 600 LR: 0.0001000000 Loss content:  0.0165 Loss fft:  0.8107 Loss dta_rank:  0.7754 Loss dta_tv:  0.0309 Loss dta_proxy:  0.4585 Loss dta_trans:  0.0074 Loss dta_phys:  0.0069 Loss dta_preserve:  0.0043
Time:  0.0732 Epoch: 004 Iter:  150/ 600 LR: 0.0001000000 Loss content:  0.0178 Loss fft:  0.8273 Loss dta_rank:  0.7732 Loss dta_tv:  0.0300 Loss dta_proxy:  0.4583 Loss dta_trans:  0.0072 Loss dta_phys:  0.0070 Loss dta_preserve:  0.0046
Time:  0.0725 Epoch: 004 Iter:  200/ 600 LR: 0.0001000000 Loss content:  0.0172 Loss fft:  0.8245 Loss dta_rank:  0.7760 Loss dta_tv:  0.0300 Loss dta_proxy:  0.4582 Loss dta_trans:  0.0068 Loss dta_phys:  0.0065 Loss dta_preserve:  0.0056
Time:  0.0734 Epoch: 004 Iter:  250/ 600 LR: 0.0001000000 Loss content:  0.0177 Loss fft:  0.8411 Loss dta_rank:  0.7726 Loss dta_tv:  0.0291 Loss dta_proxy:  0.4663 Loss dta_trans:  0.0071 Loss dta_phys:  0.0070 Loss dta_preserve:  0.0057
Time:  0.0743 Epoch: 004 Iter:  300/ 600 LR: 0.0001000000 Loss content:  0.0171 Loss fft:  0.8273 Loss dta_rank:  0.7731 Loss dta_tv:  0.0290 Loss dta_proxy:  0.4679 Loss dta_trans:  0.0084 Loss dta_phys:  0.0071 Loss dta_preserve:  0.0051
Time:  0.0757 Epoch: 004 Iter:  350/ 600 LR: 0.0001000000 Loss content:  0.0168 Loss fft:  0.8073 Loss dta_rank:  0.7630 Loss dta_tv:  0.0299 Loss dta_proxy:  0.4530 Loss dta_trans:  0.0069 Loss dta_phys:  0.0067 Loss dta_preserve:  0.0050
Time:  0.0760 Epoch: 004 Iter:  400/ 600 LR: 0.0001000000 Loss content:  0.0176 Loss fft:  0.8549 Loss dta_rank:  0.7723 Loss dta_tv:  0.0299 Loss dta_proxy:  0.4383 Loss dta_trans:  0.0067 Loss dta_phys:  0.0065 Loss dta_preserve:  0.0052
Time:  0.0750 Epoch: 004 Iter:  450/ 600 LR: 0.0001000000 Loss content:  0.0168 Loss fft:  0.8451 Loss dta_rank:  0.7720 Loss dta_tv:  0.0286 Loss dta_proxy:  0.4662 Loss dta_trans:  0.0068 Loss dta_phys:  0.0070 Loss dta_preserve:  0.0054
Time:  0.0716 Epoch: 004 Iter:  500/ 600 LR: 0.0001000000 Loss content:  0.0171 Loss fft:  0.8258 Loss dta_rank:  0.7725 Loss dta_tv:  0.0295 Loss dta_proxy:  0.4470 Loss dta_trans:  0.0073 Loss dta_phys:  0.0061 Loss dta_preserve:  0.0046
Time:  0.0716 Epoch: 004 Iter:  550/ 600 LR: 0.0001000000 Loss content:  0.0176 Loss fft:  0.8198 Loss dta_rank:  0.7731 Loss dta_tv:  0.0292 Loss dta_proxy:  0.4546 Loss dta_trans:  0.0075 Loss dta_phys:  0.0073 Loss dta_preserve:  0.0051
Time:  0.0739 Epoch: 004 Iter:  600/ 600 LR: 0.0001000000 Loss content:  0.0174 Loss fft:  0.8409 Loss dta_rank:  0.7767 Loss dta_tv:  0.0286 Loss dta_proxy:  0.4617 Loss dta_trans:  0.0066 Loss dta_phys:  0.0070 Loss dta_preserve:  0.0055
EPOCH: 04
Elapsed time: 0.89 Epoch Pixel Loss:  0.0172 Epoch FFT Loss:  0.8264 Epoch DTA Rank:  0.7722 Epoch DTA TV:  0.0297 Epoch DTA Proxy:  0.4549 Epoch DTA Trans:  0.0073 Epoch DTA Phys:  0.0068 Epoch DTA Preserve:  0.0051
DTA_GATE_RAMP epoch=5 gate_limit=0.030000
Time:  0.0778 Epoch: 005 Iter:   50/ 600 LR: 0.0000983215 Loss content:  0.0173 Loss fft:  0.8276 Loss dta_rank:  0.7793 Loss dta_tv:  0.0287 Loss dta_proxy:  0.4630 Loss dta_trans:  0.0064 Loss dta_phys:  0.0063 Loss dta_preserve:  0.0047
Time:  0.0757 Epoch: 005 Iter:  100/ 600 LR: 0.0000983215 Loss content:  0.0171 Loss fft:  0.8240 Loss dta_rank:  0.7709 Loss dta_tv:  0.0292 Loss dta_proxy:  0.4514 Loss dta_trans:  0.0075 Loss dta_phys:  0.0066 Loss dta_preserve:  0.0047
Time:  0.0739 Epoch: 005 Iter:  150/ 600 LR: 0.0000983215 Loss content:  0.0167 Loss fft:  0.8260 Loss dta_rank:  0.7698 Loss dta_tv:  0.0284 Loss dta_proxy:  0.4444 Loss dta_trans:  0.0071 Loss dta_phys:  0.0072 Loss dta_preserve:  0.0055
Time:  0.0737 Epoch: 005 Iter:  200/ 600 LR: 0.0000983215 Loss content:  0.0172 Loss fft:  0.8324 Loss dta_rank:  0.7734 Loss dta_tv:  0.0286 Loss dta_proxy:  0.4446 Loss dta_trans:  0.0063 Loss dta_phys:  0.0056 Loss dta_preserve:  0.0044
Time:  0.0731 Epoch: 005 Iter:  250/ 600 LR: 0.0000983215 Loss content:  0.0175 Loss fft:  0.7978 Loss dta_rank:  0.7654 Loss dta_tv:  0.0279 Loss dta_proxy:  0.4653 Loss dta_trans:  0.0074 Loss dta_phys:  0.0079 Loss dta_preserve:  0.0050
Time:  0.0717 Epoch: 005 Iter:  300/ 600 LR: 0.0000983215 Loss content:  0.0175 Loss fft:  0.8108 Loss dta_rank:  0.7701 Loss dta_tv:  0.0281 Loss dta_proxy:  0.4517 Loss dta_trans:  0.0072 Loss dta_phys:  0.0066 Loss dta_preserve:  0.0052
Time:  0.0730 Epoch: 005 Iter:  350/ 600 LR: 0.0000983215 Loss content:  0.0164 Loss fft:  0.7923 Loss dta_rank:  0.7721 Loss dta_tv:  0.0292 Loss dta_proxy:  0.4360 Loss dta_trans:  0.0078 Loss dta_phys:  0.0063 Loss dta_preserve:  0.0050
Time:  0.0727 Epoch: 005 Iter:  400/ 600 LR: 0.0000983215 Loss content:  0.0172 Loss fft:  0.8280 Loss dta_rank:  0.7783 Loss dta_tv:  0.0283 Loss dta_proxy:  0.4615 Loss dta_trans:  0.0076 Loss dta_phys:  0.0071 Loss dta_preserve:  0.0057
Time:  0.0739 Epoch: 005 Iter:  450/ 600 LR: 0.0000983215 Loss content:  0.0171 Loss fft:  0.8499 Loss dta_rank:  0.7767 Loss dta_tv:  0.0279 Loss dta_proxy:  0.4584 Loss dta_trans:  0.0059 Loss dta_phys:  0.0065 Loss dta_preserve:  0.0045
Time:  0.0733 Epoch: 005 Iter:  500/ 600 LR: 0.0000983215 Loss content:  0.0183 Loss fft:  0.8267 Loss dta_rank:  0.7711 Loss dta_tv:  0.0272 Loss dta_proxy:  0.4690 Loss dta_trans:  0.0064 Loss dta_phys:  0.0079 Loss dta_preserve:  0.0041
Time:  0.0691 Epoch: 005 Iter:  550/ 600 LR: 0.0000983215 Loss content:  0.0173 Loss fft:  0.8288 Loss dta_rank:  0.7758 Loss dta_tv:  0.0277 Loss dta_proxy:  0.4614 Loss dta_trans:  0.0069 Loss dta_phys:  0.0071 Loss dta_preserve:  0.0045
Time:  0.0706 Epoch: 005 Iter:  600/ 600 LR: 0.0000983215 Loss content:  0.0176 Loss fft:  0.8472 Loss dta_rank:  0.7729 Loss dta_tv:  0.0273 Loss dta_proxy:  0.4717 Loss dta_trans:  0.0060 Loss dta_phys:  0.0065 Loss dta_preserve:  0.0050
EPOCH: 05
Elapsed time: 0.88 Epoch Pixel Loss:  0.0173 Epoch FFT Loss:  0.8243 Epoch DTA Rank:  0.7730 Epoch DTA TV:  0.0282 Epoch DTA Proxy:  0.4565 Epoch DTA Trans:  0.0069 Epoch DTA Phys:  0.0068 Epoch DTA Preserve:  0.0049
DTA_GATE_RAMP epoch=6 gate_limit=0.030000
Time:  0.0752 Epoch: 006 Iter:   50/ 600 LR: 0.0000942212 Loss content:  0.0166 Loss fft:  0.7977 Loss dta_rank:  0.7786 Loss dta_tv:  0.0289 Loss dta_proxy:  0.4375 Loss dta_trans:  0.0066 Loss dta_phys:  0.0068 Loss dta_preserve:  0.0059
Time:  0.0764 Epoch: 006 Iter:  100/ 600 LR: 0.0000942212 Loss content:  0.0180 Loss fft:  0.8431 Loss dta_rank:  0.7760 Loss dta_tv:  0.0266 Loss dta_proxy:  0.4879 Loss dta_trans:  0.0064 Loss dta_phys:  0.0072 Loss dta_preserve:  0.0075
Time:  0.0772 Epoch: 006 Iter:  150/ 600 LR: 0.0000942212 Loss content:  0.0172 Loss fft:  0.8297 Loss dta_rank:  0.7741 Loss dta_tv:  0.0284 Loss dta_proxy:  0.4557 Loss dta_trans:  0.0067 Loss dta_phys:  0.0063 Loss dta_preserve:  0.0055
Time:  0.0740 Epoch: 006 Iter:  200/ 600 LR: 0.0000942212 Loss content:  0.0173 Loss fft:  0.8373 Loss dta_rank:  0.7753 Loss dta_tv:  0.0275 Loss dta_proxy:  0.4672 Loss dta_trans:  0.0064 Loss dta_phys:  0.0062 Loss dta_preserve:  0.0050
Time:  0.0747 Epoch: 006 Iter:  250/ 600 LR: 0.0000942212 Loss content:  0.0169 Loss fft:  0.8200 Loss dta_rank:  0.7748 Loss dta_tv:  0.0277 Loss dta_proxy:  0.4616 Loss dta_trans:  0.0066 Loss dta_phys:  0.0073 Loss dta_preserve:  0.0044
Time:  0.0738 Epoch: 006 Iter:  300/ 600 LR: 0.0000942212 Loss content:  0.0173 Loss fft:  0.8075 Loss dta_rank:  0.7703 Loss dta_tv:  0.0273 Loss dta_proxy:  0.4534 Loss dta_trans:  0.0069 Loss dta_phys:  0.0062 Loss dta_preserve:  0.0048
Time:  0.0765 Epoch: 006 Iter:  350/ 600 LR: 0.0000942212 Loss content:  0.0173 Loss fft:  0.8427 Loss dta_rank:  0.7775 Loss dta_tv:  0.0270 Loss dta_proxy:  0.4659 Loss dta_trans:  0.0065 Loss dta_phys:  0.0066 Loss dta_preserve:  0.0053
Time:  0.0659 Epoch: 006 Iter:  400/ 600 LR: 0.0000942212 Loss content:  0.0174 Loss fft:  0.8264 Loss dta_rank:  0.7749 Loss dta_tv:  0.0264 Loss dta_proxy:  0.4741 Loss dta_trans:  0.0051 Loss dta_phys:  0.0060 Loss dta_preserve:  0.0043
Time:  0.0612 Epoch: 006 Iter:  450/ 600 LR: 0.0000942212 Loss content:  0.0171 Loss fft:  0.8158 Loss dta_rank:  0.7712 Loss dta_tv:  0.0271 Loss dta_proxy:  0.4421 Loss dta_trans:  0.0079 Loss dta_phys:  0.0069 Loss dta_preserve:  0.0049
Time:  0.0627 Epoch: 006 Iter:  500/ 600 LR: 0.0000942212 Loss content:  0.0174 Loss fft:  0.8137 Loss dta_rank:  0.7688 Loss dta_tv:  0.0267 Loss dta_proxy:  0.4601 Loss dta_trans:  0.0070 Loss dta_phys:  0.0075 Loss dta_preserve:  0.0043
Time:  0.0642 Epoch: 006 Iter:  550/ 600 LR: 0.0000942212 Loss content:  0.0176 Loss fft:  0.8029 Loss dta_rank:  0.7732 Loss dta_tv:  0.0274 Loss dta_proxy:  0.4569 Loss dta_trans:  0.0065 Loss dta_phys:  0.0069 Loss dta_preserve:  0.0053
Time:  0.0731 Epoch: 006 Iter:  600/ 600 LR: 0.0000942212 Loss content:  0.0175 Loss fft:  0.8359 Loss dta_rank:  0.7778 Loss dta_tv:  0.0266 Loss dta_proxy:  0.4809 Loss dta_trans:  0.0067 Loss dta_phys:  0.0075 Loss dta_preserve:  0.0046
EPOCH: 06
Elapsed time: 0.86 Epoch Pixel Loss:  0.0173 Epoch FFT Loss:  0.8227 Epoch DTA Rank:  0.7744 Epoch DTA TV:  0.0273 Epoch DTA Proxy:  0.4619 Epoch DTA Trans:  0.0066 Epoch DTA Phys:  0.0068 Epoch DTA Preserve:  0.0052
DTA_GATE_RAMP epoch=7 gate_limit=0.030000
Time:  0.0724 Epoch: 007 Iter:   50/ 600 LR: 0.0000886874 Loss content:  0.0168 Loss fft:  0.8095 Loss dta_rank:  0.7747 Loss dta_tv:  0.0271 Loss dta_proxy:  0.4592 Loss dta_trans:  0.0066 Loss dta_phys:  0.0077 Loss dta_preserve:  0.0051
Time:  0.0645 Epoch: 007 Iter:  100/ 600 LR: 0.0000886874 Loss content:  0.0170 Loss fft:  0.8018 Loss dta_rank:  0.7740 Loss dta_tv:  0.0268 Loss dta_proxy:  0.4517 Loss dta_trans:  0.0069 Loss dta_phys:  0.0069 Loss dta_preserve:  0.0052
Time:  0.0713 Epoch: 007 Iter:  150/ 600 LR: 0.0000886874 Loss content:  0.0178 Loss fft:  0.8373 Loss dta_rank:  0.7758 Loss dta_tv:  0.0267 Loss dta_proxy:  0.4629 Loss dta_trans:  0.0067 Loss dta_phys:  0.0060 Loss dta_preserve:  0.0057
Time:  0.0720 Epoch: 007 Iter:  200/ 600 LR: 0.0000886874 Loss content:  0.0174 Loss fft:  0.8400 Loss dta_rank:  0.7713 Loss dta_tv:  0.0271 Loss dta_proxy:  0.4515 Loss dta_trans:  0.0062 Loss dta_phys:  0.0064 Loss dta_preserve:  0.0052
Time:  0.0685 Epoch: 007 Iter:  250/ 600 LR: 0.0000886874 Loss content:  0.0167 Loss fft:  0.8054 Loss dta_rank:  0.7745 Loss dta_tv:  0.0270 Loss dta_proxy:  0.4594 Loss dta_trans:  0.0075 Loss dta_phys:  0.0069 Loss dta_preserve:  0.0065
Time:  0.0705 Epoch: 007 Iter:  300/ 600 LR: 0.0000886874 Loss content:  0.0183 Loss fft:  0.8489 Loss dta_rank:  0.7741 Loss dta_tv:  0.0260 Loss dta_proxy:  0.4721 Loss dta_trans:  0.0065 Loss dta_phys:  0.0071 Loss dta_preserve:  0.0043
Time:  0.0711 Epoch: 007 Iter:  350/ 600 LR: 0.0000886874 Loss content:  0.0171 Loss fft:  0.7921 Loss dta_rank:  0.7748 Loss dta_tv:  0.0278 Loss dta_proxy:  0.4507 Loss dta_trans:  0.0058 Loss dta_phys:  0.0070 Loss dta_preserve:  0.0046
Time:  0.0721 Epoch: 007 Iter:  400/ 600 LR: 0.0000886874 Loss content:  0.0167 Loss fft:  0.8275 Loss dta_rank:  0.7765 Loss dta_tv:  0.0277 Loss dta_proxy:  0.4492 Loss dta_trans:  0.0067 Loss dta_phys:  0.0068 Loss dta_preserve:  0.0057
Time:  0.0746 Epoch: 007 Iter:  450/ 600 LR: 0.0000886874 Loss content:  0.0166 Loss fft:  0.8190 Loss dta_rank:  0.7709 Loss dta_tv:  0.0263 Loss dta_proxy:  0.4589 Loss dta_trans:  0.0054 Loss dta_phys:  0.0062 Loss dta_preserve:  0.0048
Time:  0.0744 Epoch: 007 Iter:  500/ 600 LR: 0.0000886874 Loss content:  0.0176 Loss fft:  0.8316 Loss dta_rank:  0.7752 Loss dta_tv:  0.0262 Loss dta_proxy:  0.4631 Loss dta_trans:  0.0074 Loss dta_phys:  0.0068 Loss dta_preserve:  0.0044
Time:  0.0754 Epoch: 007 Iter:  550/ 600 LR: 0.0000886874 Loss content:  0.0176 Loss fft:  0.8580 Loss dta_rank:  0.7775 Loss dta_tv:  0.0259 Loss dta_proxy:  0.4687 Loss dta_trans:  0.0063 Loss dta_phys:  0.0061 Loss dta_preserve:  0.0052
Time:  0.0750 Epoch: 007 Iter:  600/ 600 LR: 0.0000886874 Loss content:  0.0170 Loss fft:  0.8052 Loss dta_rank:  0.7667 Loss dta_tv:  0.0253 Loss dta_proxy:  0.4557 Loss dta_trans:  0.0075 Loss dta_phys:  0.0066 Loss dta_preserve:  0.0072
EPOCH: 07
Elapsed time: 0.86 Epoch Pixel Loss:  0.0172 Epoch FFT Loss:  0.8230 Epoch DTA Rank:  0.7738 Epoch DTA TV:  0.0267 Epoch DTA Proxy:  0.4586 Epoch DTA Trans:  0.0066 Epoch DTA Phys:  0.0067 Epoch DTA Preserve:  0.0053
DTA_GATE_RAMP epoch=8 gate_limit=0.030000
Time:  0.0754 Epoch: 008 Iter:   50/ 600 LR: 0.0000819070 Loss content:  0.0177 Loss fft:  0.8515 Loss dta_rank:  0.7700 Loss dta_tv:  0.0256 Loss dta_proxy:  0.4725 Loss dta_trans:  0.0060 Loss dta_phys:  0.0074 Loss dta_preserve:  0.0043
Time:  0.0724 Epoch: 008 Iter:  100/ 600 LR: 0.0000819070 Loss content:  0.0173 Loss fft:  0.7922 Loss dta_rank:  0.7747 Loss dta_tv:  0.0268 Loss dta_proxy:  0.4441 Loss dta_trans:  0.0068 Loss dta_phys:  0.0062 Loss dta_preserve:  0.0047
Time:  0.0713 Epoch: 008 Iter:  150/ 600 LR: 0.0000819070 Loss content:  0.0171 Loss fft:  0.8297 Loss dta_rank:  0.7720 Loss dta_tv:  0.0251 Loss dta_proxy:  0.4576 Loss dta_trans:  0.0070 Loss dta_phys:  0.0072 Loss dta_preserve:  0.0047
Time:  0.0681 Epoch: 008 Iter:  200/ 600 LR: 0.0000819070 Loss content:  0.0167 Loss fft:  0.8380 Loss dta_rank:  0.7810 Loss dta_tv:  0.0267 Loss dta_proxy:  0.4528 Loss dta_trans:  0.0061 Loss dta_phys:  0.0061 Loss dta_preserve:  0.0047
Time:  0.0681 Epoch: 008 Iter:  250/ 600 LR: 0.0000819070 Loss content:  0.0176 Loss fft:  0.8515 Loss dta_rank:  0.7772 Loss dta_tv:  0.0266 Loss dta_proxy:  0.4589 Loss dta_trans:  0.0060 Loss dta_phys:  0.0067 Loss dta_preserve:  0.0062
Time:  0.0753 Epoch: 008 Iter:  300/ 600 LR: 0.0000819070 Loss content:  0.0173 Loss fft:  0.8147 Loss dta_rank:  0.7731 Loss dta_tv:  0.0265 Loss dta_proxy:  0.4423 Loss dta_trans:  0.0068 Loss dta_phys:  0.0063 Loss dta_preserve:  0.0060
Time:  0.0764 Epoch: 008 Iter:  350/ 600 LR: 0.0000819070 Loss content:  0.0175 Loss fft:  0.8061 Loss dta_rank:  0.7771 Loss dta_tv:  0.0253 Loss dta_proxy:  0.4846 Loss dta_trans:  0.0070 Loss dta_phys:  0.0069 Loss dta_preserve:  0.0055
Time:  0.0745 Epoch: 008 Iter:  400/ 600 LR: 0.0000819070 Loss content:  0.0170 Loss fft:  0.8105 Loss dta_rank:  0.7739 Loss dta_tv:  0.0256 Loss dta_proxy:  0.4550 Loss dta_trans:  0.0060 Loss dta_phys:  0.0066 Loss dta_preserve:  0.0049
Time:  0.0717 Epoch: 008 Iter:  450/ 600 LR: 0.0000819070 Loss content:  0.0171 Loss fft:  0.8263 Loss dta_rank:  0.7788 Loss dta_tv:  0.0251 Loss dta_proxy:  0.4878 Loss dta_trans:  0.0059 Loss dta_phys:  0.0073 Loss dta_preserve:  0.0048
Time:  0.0704 Epoch: 008 Iter:  500/ 600 LR: 0.0000819070 Loss content:  0.0165 Loss fft:  0.8048 Loss dta_rank:  0.7673 Loss dta_tv:  0.0259 Loss dta_proxy:  0.4502 Loss dta_trans:  0.0075 Loss dta_phys:  0.0075 Loss dta_preserve:  0.0058
Time:  0.0661 Epoch: 008 Iter:  550/ 600 LR: 0.0000819070 Loss content:  0.0171 Loss fft:  0.8244 Loss dta_rank:  0.7697 Loss dta_tv:  0.0262 Loss dta_proxy:  0.4566 Loss dta_trans:  0.0068 Loss dta_phys:  0.0070 Loss dta_preserve:  0.0049
Time:  0.0613 Epoch: 008 Iter:  600/ 600 LR: 0.0000819070 Loss content:  0.0171 Loss fft:  0.8206 Loss dta_rank:  0.7750 Loss dta_tv:  0.0256 Loss dta_proxy:  0.4810 Loss dta_trans:  0.0056 Loss dta_phys:  0.0068 Loss dta_preserve:  0.0060
EPOCH: 08
Elapsed time: 0.85 Epoch Pixel Loss:  0.0172 Epoch FFT Loss:  0.8225 Epoch DTA Rank:  0.7742 Epoch DTA TV:  0.0259 Epoch DTA Proxy:  0.4620 Epoch DTA Trans:  0.0065 Epoch DTA Phys:  0.0068 Epoch DTA Preserve:  0.0052
DTA_GATE_RAMP epoch=9 gate_limit=0.060000
Time:  0.0813 Epoch: 009 Iter:   50/ 600 LR: 0.0000741093 Loss content:  0.0166 Loss fft:  0.8220 Loss dta_rank:  0.7767 Loss dta_tv:  0.0256 Loss dta_proxy:  0.4569 Loss dta_trans:  0.0060 Loss dta_phys:  0.0066 Loss dta_preserve:  0.0056
Time:  0.0698 Epoch: 009 Iter:  100/ 600 LR: 0.0000741093 Loss content:  0.0179 Loss fft:  0.8444 Loss dta_rank:  0.7769 Loss dta_tv:  0.0258 Loss dta_proxy:  0.4623 Loss dta_trans:  0.0060 Loss dta_phys:  0.0071 Loss dta_preserve:  0.0074
Time:  0.0656 Epoch: 009 Iter:  150/ 600 LR: 0.0000741093 Loss content:  0.0170 Loss fft:  0.8259 Loss dta_rank:  0.7737 Loss dta_tv:  0.0260 Loss dta_proxy:  0.4692 Loss dta_trans:  0.0063 Loss dta_phys:  0.0068 Loss dta_preserve:  0.0051
Time:  0.0622 Epoch: 009 Iter:  200/ 600 LR: 0.0000741093 Loss content:  0.0162 Loss fft:  0.7895 Loss dta_rank:  0.7698 Loss dta_tv:  0.0268 Loss dta_proxy:  0.4302 Loss dta_trans:  0.0069 Loss dta_phys:  0.0060 Loss dta_preserve:  0.0050
Time:  0.0732 Epoch: 009 Iter:  250/ 600 LR: 0.0000741093 Loss content:  0.0171 Loss fft:  0.8036 Loss dta_rank:  0.7764 Loss dta_tv:  0.0263 Loss dta_proxy:  0.4611 Loss dta_trans:  0.0072 Loss dta_phys:  0.0066 Loss dta_preserve:  0.0048
Time:  0.0707 Epoch: 009 Iter:  300/ 600 LR: 0.0000741093 Loss content:  0.0170 Loss fft:  0.8180 Loss dta_rank:  0.7760 Loss dta_tv:  0.0255 Loss dta_proxy:  0.4759 Loss dta_trans:  0.0062 Loss dta_phys:  0.0064 Loss dta_preserve:  0.0041
Time:  0.0755 Epoch: 009 Iter:  350/ 600 LR: 0.0000741093 Loss content:  0.0169 Loss fft:  0.8196 Loss dta_rank:  0.7765 Loss dta_tv:  0.0256 Loss dta_proxy:  0.4666 Loss dta_trans:  0.0062 Loss dta_phys:  0.0073 Loss dta_preserve:  0.0048
Time:  0.0761 Epoch: 009 Iter:  400/ 600 LR: 0.0000741093 Loss content:  0.0166 Loss fft:  0.8080 Loss dta_rank:  0.7690 Loss dta_tv:  0.0259 Loss dta_proxy:  0.4513 Loss dta_trans:  0.0067 Loss dta_phys:  0.0070 Loss dta_preserve:  0.0044
Time:  0.0793 Epoch: 009 Iter:  450/ 600 LR: 0.0000741093 Loss content:  0.0176 Loss fft:  0.8330 Loss dta_rank:  0.7708 Loss dta_tv:  0.0254 Loss dta_proxy:  0.4579 Loss dta_trans:  0.0061 Loss dta_phys:  0.0068 Loss dta_preserve:  0.0053
Time:  0.0756 Epoch: 009 Iter:  500/ 600 LR: 0.0000741093 Loss content:  0.0175 Loss fft:  0.8444 Loss dta_rank:  0.7752 Loss dta_tv:  0.0252 Loss dta_proxy:  0.4716 Loss dta_trans:  0.0059 Loss dta_phys:  0.0070 Loss dta_preserve:  0.0051
Time:  0.0631 Epoch: 009 Iter:  550/ 600 LR: 0.0000741093 Loss content:  0.0176 Loss fft:  0.8251 Loss dta_rank:  0.7744 Loss dta_tv:  0.0255 Loss dta_proxy:  0.4492 Loss dta_trans:  0.0075 Loss dta_phys:  0.0067 Loss dta_preserve:  0.0066
Time:  0.0731 Epoch: 009 Iter:  600/ 600 LR: 0.0000741093 Loss content:  0.0164 Loss fft:  0.8065 Loss dta_rank:  0.7712 Loss dta_tv:  0.0255 Loss dta_proxy:  0.4480 Loss dta_trans:  0.0063 Loss dta_phys:  0.0068 Loss dta_preserve:  0.0048
EPOCH: 09
Elapsed time: 0.87 Epoch Pixel Loss:  0.0170 Epoch FFT Loss:  0.8200 Epoch DTA Rank:  0.7739 Epoch DTA TV:  0.0257 Epoch DTA Proxy:  0.4584 Epoch DTA Trans:  0.0064 Epoch DTA Phys:  0.0068 Epoch DTA Preserve:  0.0052
DTA_GATE_RAMP epoch=10 gate_limit=0.060000
Time:  0.0812 Epoch: 010 Iter:   50/ 600 LR: 0.0000655580 Loss content:  0.0165 Loss fft:  0.8321 Loss dta_rank:  0.7733 Loss dta_tv:  0.0255 Loss dta_proxy:  0.4539 Loss dta_trans:  0.0069 Loss dta_phys:  0.0071 Loss dta_preserve:  0.0051
Time:  0.0681 Epoch: 010 Iter:  100/ 600 LR: 0.0000655580 Loss content:  0.0163 Loss fft:  0.8088 Loss dta_rank:  0.7741 Loss dta_tv:  0.0260 Loss dta_proxy:  0.4530 Loss dta_trans:  0.0062 Loss dta_phys:  0.0066 Loss dta_preserve:  0.0048
Time:  0.0741 Epoch: 010 Iter:  150/ 600 LR: 0.0000655580 Loss content:  0.0171 Loss fft:  0.8242 Loss dta_rank:  0.7751 Loss dta_tv:  0.0256 Loss dta_proxy:  0.4685 Loss dta_trans:  0.0066 Loss dta_phys:  0.0070 Loss dta_preserve:  0.0048
Time:  0.0796 Epoch: 010 Iter:  200/ 600 LR: 0.0000655580 Loss content:  0.0173 Loss fft:  0.8167 Loss dta_rank:  0.7796 Loss dta_tv:  0.0258 Loss dta_proxy:  0.4580 Loss dta_trans:  0.0064 Loss dta_phys:  0.0068 Loss dta_preserve:  0.0071
Time:  0.0715 Epoch: 010 Iter:  250/ 600 LR: 0.0000655580 Loss content:  0.0172 Loss fft:  0.8178 Loss dta_rank:  0.7756 Loss dta_tv:  0.0257 Loss dta_proxy:  0.4654 Loss dta_trans:  0.0067 Loss dta_phys:  0.0070 Loss dta_preserve:  0.0047
Time:  0.0697 Epoch: 010 Iter:  300/ 600 LR: 0.0000655580 Loss content:  0.0166 Loss fft:  0.8263 Loss dta_rank:  0.7817 Loss dta_tv:  0.0259 Loss dta_proxy:  0.4558 Loss dta_trans:  0.0058 Loss dta_phys:  0.0063 Loss dta_preserve:  0.0048
Time:  0.0716 Epoch: 010 Iter:  350/ 600 LR: 0.0000655580 Loss content:  0.0173 Loss fft:  0.8161 Loss dta_rank:  0.7769 Loss dta_tv:  0.0248 Loss dta_proxy:  0.4694 Loss dta_trans:  0.0062 Loss dta_phys:  0.0068 Loss dta_preserve:  0.0048
Time:  0.0625 Epoch: 010 Iter:  400/ 600 LR: 0.0000655580 Loss content:  0.0168 Loss fft:  0.8133 Loss dta_rank:  0.7692 Loss dta_tv:  0.0246 Loss dta_proxy:  0.4512 Loss dta_trans:  0.0071 Loss dta_phys:  0.0066 Loss dta_preserve:  0.0042
Time:  0.0712 Epoch: 010 Iter:  450/ 600 LR: 0.0000655580 Loss content:  0.0173 Loss fft:  0.8453 Loss dta_rank:  0.7726 Loss dta_tv:  0.0257 Loss dta_proxy:  0.4602 Loss dta_trans:  0.0062 Loss dta_phys:  0.0069 Loss dta_preserve:  0.0045
Time:  0.0713 Epoch: 010 Iter:  500/ 600 LR: 0.0000655580 Loss content:  0.0170 Loss fft:  0.7987 Loss dta_rank:  0.7779 Loss dta_tv:  0.0255 Loss dta_proxy:  0.4694 Loss dta_trans:  0.0058 Loss dta_phys:  0.0064 Loss dta_preserve:  0.0049
Time:  0.0692 Epoch: 010 Iter:  550/ 600 LR: 0.0000655580 Loss content:  0.0173 Loss fft:  0.8606 Loss dta_rank:  0.7739 Loss dta_tv:  0.0252 Loss dta_proxy:  0.4692 Loss dta_trans:  0.0054 Loss dta_phys:  0.0062 Loss dta_preserve:  0.0064
Time:  0.0679 Epoch: 010 Iter:  600/ 600 LR: 0.0000655580 Loss content:  0.0168 Loss fft:  0.7889 Loss dta_rank:  0.7696 Loss dta_tv:  0.0249 Loss dta_proxy:  0.4586 Loss dta_trans:  0.0068 Loss dta_phys:  0.0073 Loss dta_preserve:  0.0051
EPOCH: 10
Elapsed time: 0.86 Epoch Pixel Loss:  0.0170 Epoch FFT Loss:  0.8207 Epoch DTA Rank:  0.7749 Epoch DTA TV:  0.0254 Epoch DTA Proxy:  0.4611 Epoch DTA Trans:  0.0064 Epoch DTA Phys:  0.0067 Epoch DTA Preserve:  0.0051
DTA_GATE_RAMP epoch=11 gate_limit=0.060000
Time:  0.0756 Epoch: 011 Iter:   50/ 600 LR: 0.0000565424 Loss content:  0.0175 Loss fft:  0.8292 Loss dta_rank:  0.7757 Loss dta_tv:  0.0246 Loss dta_proxy:  0.4612 Loss dta_trans:  0.0053 Loss dta_phys:  0.0066 Loss dta_preserve:  0.0048
Time:  0.0752 Epoch: 011 Iter:  100/ 600 LR: 0.0000565424 Loss content:  0.0171 Loss fft:  0.8090 Loss dta_rank:  0.7765 Loss dta_tv:  0.0251 Loss dta_proxy:  0.4683 Loss dta_trans:  0.0062 Loss dta_phys:  0.0061 Loss dta_preserve:  0.0047
Time:  0.0680 Epoch: 011 Iter:  150/ 600 LR: 0.0000565424 Loss content:  0.0170 Loss fft:  0.8152 Loss dta_rank:  0.7775 Loss dta_tv:  0.0257 Loss dta_proxy:  0.4537 Loss dta_trans:  0.0068 Loss dta_phys:  0.0069 Loss dta_preserve:  0.0052
Time:  0.0690 Epoch: 011 Iter:  200/ 600 LR: 0.0000565424 Loss content:  0.0169 Loss fft:  0.7936 Loss dta_rank:  0.7766 Loss dta_tv:  0.0252 Loss dta_proxy:  0.4626 Loss dta_trans:  0.0060 Loss dta_phys:  0.0074 Loss dta_preserve:  0.0058
Time:  0.0734 Epoch: 011 Iter:  250/ 600 LR: 0.0000565424 Loss content:  0.0166 Loss fft:  0.8216 Loss dta_rank:  0.7812 Loss dta_tv:  0.0262 Loss dta_proxy:  0.4607 Loss dta_trans:  0.0063 Loss dta_phys:  0.0060 Loss dta_preserve:  0.0042
Time:  0.0713 Epoch: 011 Iter:  300/ 600 LR: 0.0000565424 Loss content:  0.0179 Loss fft:  0.8635 Loss dta_rank:  0.7800 Loss dta_tv:  0.0256 Loss dta_proxy:  0.4614 Loss dta_trans:  0.0055 Loss dta_phys:  0.0056 Loss dta_preserve:  0.0062
Time:  0.0688 Epoch: 011 Iter:  350/ 600 LR: 0.0000565424 Loss content:  0.0176 Loss fft:  0.8650 Loss dta_rank:  0.7769 Loss dta_tv:  0.0250 Loss dta_proxy:  0.4801 Loss dta_trans:  0.0064 Loss dta_phys:  0.0073 Loss dta_preserve:  0.0060
Time:  0.0707 Epoch: 011 Iter:  400/ 600 LR: 0.0000565424 Loss content:  0.0170 Loss fft:  0.7774 Loss dta_rank:  0.7690 Loss dta_tv:  0.0253 Loss dta_proxy:  0.4426 Loss dta_trans:  0.0071 Loss dta_phys:  0.0073 Loss dta_preserve:  0.0043
Time:  0.0711 Epoch: 011 Iter:  450/ 600 LR: 0.0000565424 Loss content:  0.0161 Loss fft:  0.7830 Loss dta_rank:  0.7737 Loss dta_tv:  0.0251 Loss dta_proxy:  0.4590 Loss dta_trans:  0.0065 Loss dta_phys:  0.0073 Loss dta_preserve:  0.0049
Time:  0.0705 Epoch: 011 Iter:  500/ 600 LR: 0.0000565424 Loss content:  0.0175 Loss fft:  0.8648 Loss dta_rank:  0.7747 Loss dta_tv:  0.0249 Loss dta_proxy:  0.4503 Loss dta_trans:  0.0068 Loss dta_phys:  0.0065 Loss dta_preserve:  0.0046
Time:  0.0696 Epoch: 011 Iter:  550/ 600 LR: 0.0000565424 Loss content:  0.0176 Loss fft:  0.8424 Loss dta_rank:  0.7705 Loss dta_tv:  0.0247 Loss dta_proxy:  0.4816 Loss dta_trans:  0.0065 Loss dta_phys:  0.0070 Loss dta_preserve:  0.0053
Time:  0.0713 Epoch: 011 Iter:  600/ 600 LR: 0.0000565424 Loss content:  0.0173 Loss fft:  0.8208 Loss dta_rank:  0.7752 Loss dta_tv:  0.0248 Loss dta_proxy:  0.4754 Loss dta_trans:  0.0058 Loss dta_phys:  0.0066 Loss dta_preserve:  0.0042
EPOCH: 11
Elapsed time: 0.86 Epoch Pixel Loss:  0.0172 Epoch FFT Loss:  0.8238 Epoch DTA Rank:  0.7756 Epoch DTA TV:  0.0252 Epoch DTA Proxy:  0.4631 Epoch DTA Trans:  0.0063 Epoch DTA Phys:  0.0067 Epoch DTA Preserve:  0.0050
DTA_GATE_RAMP epoch=12 gate_limit=0.060000
Time:  0.0785 Epoch: 012 Iter:   50/ 600 LR: 0.0000473670 Loss content:  0.0170 Loss fft:  0.7944 Loss dta_rank:  0.7745 Loss dta_tv:  0.0249 Loss dta_proxy:  0.4580 Loss dta_trans:  0.0057 Loss dta_phys:  0.0067 Loss dta_preserve:  0.0050
Time:  0.0706 Epoch: 012 Iter:  100/ 600 LR: 0.0000473670 Loss content:  0.0170 Loss fft:  0.8064 Loss dta_rank:  0.7697 Loss dta_tv:  0.0248 Loss dta_proxy:  0.4503 Loss dta_trans:  0.0069 Loss dta_phys:  0.0074 Loss dta_preserve:  0.0053
Time:  0.0630 Epoch: 012 Iter:  150/ 600 LR: 0.0000473670 Loss content:  0.0180 Loss fft:  0.8557 Loss dta_rank:  0.7731 Loss dta_tv:  0.0248 Loss dta_proxy:  0.4549 Loss dta_trans:  0.0059 Loss dta_phys:  0.0063 Loss dta_preserve:  0.0052
Time:  0.0730 Epoch: 012 Iter:  200/ 600 LR: 0.0000473670 Loss content:  0.0171 Loss fft:  0.8297 Loss dta_rank:  0.7766 Loss dta_tv:  0.0254 Loss dta_proxy:  0.4472 Loss dta_trans:  0.0056 Loss dta_phys:  0.0061 Loss dta_preserve:  0.0055
Time:  0.0669 Epoch: 012 Iter:  250/ 600 LR: 0.0000473670 Loss content:  0.0172 Loss fft:  0.8184 Loss dta_rank:  0.7766 Loss dta_tv:  0.0251 Loss dta_proxy:  0.4689 Loss dta_trans:  0.0062 Loss dta_phys:  0.0065 Loss dta_preserve:  0.0051
Time:  0.0649 Epoch: 012 Iter:  300/ 600 LR: 0.0000473670 Loss content:  0.0166 Loss fft:  0.8126 Loss dta_rank:  0.7741 Loss dta_tv:  0.0244 Loss dta_proxy:  0.4613 Loss dta_trans:  0.0058 Loss dta_phys:  0.0064 Loss dta_preserve:  0.0042
Time:  0.0756 Epoch: 012 Iter:  350/ 600 LR: 0.0000473670 Loss content:  0.0173 Loss fft:  0.8160 Loss dta_rank:  0.7802 Loss dta_tv:  0.0246 Loss dta_proxy:  0.4536 Loss dta_trans:  0.0053 Loss dta_phys:  0.0067 Loss dta_preserve:  0.0050
Time:  0.0785 Epoch: 012 Iter:  400/ 600 LR: 0.0000473670 Loss content:  0.0173 Loss fft:  0.7989 Loss dta_rank:  0.7733 Loss dta_tv:  0.0246 Loss dta_proxy:  0.4609 Loss dta_trans:  0.0060 Loss dta_phys:  0.0066 Loss dta_preserve:  0.0049
Time:  0.0761 Epoch: 012 Iter:  450/ 600 LR: 0.0000473670 Loss content:  0.0170 Loss fft:  0.8129 Loss dta_rank:  0.7815 Loss dta_tv:  0.0245 Loss dta_proxy:  0.4673 Loss dta_trans:  0.0068 Loss dta_phys:  0.0061 Loss dta_preserve:  0.0055
Time:  0.0716 Epoch: 012 Iter:  500/ 600 LR: 0.0000473670 Loss content:  0.0172 Loss fft:  0.8157 Loss dta_rank:  0.7739 Loss dta_tv:  0.0253 Loss dta_proxy:  0.4610 Loss dta_trans:  0.0070 Loss dta_phys:  0.0068 Loss dta_preserve:  0.0047
Time:  0.0726 Epoch: 012 Iter:  550/ 600 LR: 0.0000473670 Loss content:  0.0175 Loss fft:  0.8369 Loss dta_rank:  0.7745 Loss dta_tv:  0.0256 Loss dta_proxy:  0.4455 Loss dta_trans:  0.0067 Loss dta_phys:  0.0067 Loss dta_preserve:  0.0046
Time:  0.0729 Epoch: 012 Iter:  600/ 600 LR: 0.0000473670 Loss content:  0.0174 Loss fft:  0.8317 Loss dta_rank:  0.7739 Loss dta_tv:  0.0244 Loss dta_proxy:  0.4769 Loss dta_trans:  0.0060 Loss dta_phys:  0.0076 Loss dta_preserve:  0.0057
EPOCH: 12
Elapsed time: 0.87 Epoch Pixel Loss:  0.0172 Epoch FFT Loss:  0.8191 Epoch DTA Rank:  0.7751 Epoch DTA TV:  0.0249 Epoch DTA Proxy:  0.4588 Epoch DTA Trans:  0.0061 Epoch DTA Phys:  0.0066 Epoch DTA Preserve:  0.0051
DTA_GATE_RAMP epoch=13 gate_limit=0.060000
Time:  0.0774 Epoch: 013 Iter:   50/ 600 LR: 0.0000383414 Loss content:  0.0176 Loss fft:  0.8124 Loss dta_rank:  0.7705 Loss dta_tv:  0.0242 Loss dta_proxy:  0.4858 Loss dta_trans:  0.0065 Loss dta_phys:  0.0076 Loss dta_preserve:  0.0058
Time:  0.0667 Epoch: 013 Iter:  100/ 600 LR: 0.0000383414 Loss content:  0.0173 Loss fft:  0.8266 Loss dta_rank:  0.7794 Loss dta_tv:  0.0246 Loss dta_proxy:  0.4678 Loss dta_trans:  0.0066 Loss dta_phys:  0.0067 Loss dta_preserve:  0.0048
Time:  0.0759 Epoch: 013 Iter:  150/ 600 LR: 0.0000383414 Loss content:  0.0165 Loss fft:  0.8018 Loss dta_rank:  0.7729 Loss dta_tv:  0.0243 Loss dta_proxy:  0.4722 Loss dta_trans:  0.0057 Loss dta_phys:  0.0065 Loss dta_preserve:  0.0046
Time:  0.0760 Epoch: 013 Iter:  200/ 600 LR: 0.0000383414 Loss content:  0.0170 Loss fft:  0.8408 Loss dta_rank:  0.7716 Loss dta_tv:  0.0244 Loss dta_proxy:  0.4670 Loss dta_trans:  0.0059 Loss dta_phys:  0.0071 Loss dta_preserve:  0.0056
Time:  0.0771 Epoch: 013 Iter:  250/ 600 LR: 0.0000383414 Loss content:  0.0172 Loss fft:  0.8402 Loss dta_rank:  0.7782 Loss dta_tv:  0.0253 Loss dta_proxy:  0.4477 Loss dta_trans:  0.0065 Loss dta_phys:  0.0062 Loss dta_preserve:  0.0065
Time:  0.0778 Epoch: 013 Iter:  300/ 600 LR: 0.0000383414 Loss content:  0.0168 Loss fft:  0.8260 Loss dta_rank:  0.7734 Loss dta_tv:  0.0256 Loss dta_proxy:  0.4459 Loss dta_trans:  0.0056 Loss dta_phys:  0.0068 Loss dta_preserve:  0.0052
Time:  0.0767 Epoch: 013 Iter:  350/ 600 LR: 0.0000383414 Loss content:  0.0168 Loss fft:  0.8306 Loss dta_rank:  0.7775 Loss dta_tv:  0.0258 Loss dta_proxy:  0.4551 Loss dta_trans:  0.0064 Loss dta_phys:  0.0062 Loss dta_preserve:  0.0056
Time:  0.0746 Epoch: 013 Iter:  400/ 600 LR: 0.0000383414 Loss content:  0.0169 Loss fft:  0.8047 Loss dta_rank:  0.7688 Loss dta_tv:  0.0243 Loss dta_proxy:  0.4475 Loss dta_trans:  0.0068 Loss dta_phys:  0.0063 Loss dta_preserve:  0.0046
Time:  0.0747 Epoch: 013 Iter:  450/ 600 LR: 0.0000383414 Loss content:  0.0173 Loss fft:  0.8154 Loss dta_rank:  0.7748 Loss dta_tv:  0.0242 Loss dta_proxy:  0.4741 Loss dta_trans:  0.0055 Loss dta_phys:  0.0067 Loss dta_preserve:  0.0064
Time:  0.0700 Epoch: 013 Iter:  500/ 600 LR: 0.0000383414 Loss content:  0.0175 Loss fft:  0.8306 Loss dta_rank:  0.7790 Loss dta_tv:  0.0251 Loss dta_proxy:  0.4681 Loss dta_trans:  0.0066 Loss dta_phys:  0.0065 Loss dta_preserve:  0.0050
Time:  0.0728 Epoch: 013 Iter:  550/ 600 LR: 0.0000383414 Loss content:  0.0170 Loss fft:  0.8085 Loss dta_rank:  0.7739 Loss dta_tv:  0.0247 Loss dta_proxy:  0.4678 Loss dta_trans:  0.0055 Loss dta_phys:  0.0065 Loss dta_preserve:  0.0054
Time:  0.0734 Epoch: 013 Iter:  600/ 600 LR: 0.0000383414 Loss content:  0.0181 Loss fft:  0.8320 Loss dta_rank:  0.7747 Loss dta_tv:  0.0245 Loss dta_proxy:  0.4764 Loss dta_trans:  0.0057 Loss dta_phys:  0.0079 Loss dta_preserve:  0.0053
EPOCH: 13
Elapsed time: 0.90 Epoch Pixel Loss:  0.0172 Epoch FFT Loss:  0.8224 Epoch DTA Rank:  0.7746 Epoch DTA TV:  0.0247 Epoch DTA Proxy:  0.4646 Epoch DTA Trans:  0.0061 Epoch DTA Phys:  0.0068 Epoch DTA Preserve:  0.0054
DTA_GATE_RAMP epoch=14 gate_limit=0.060000
Time:  0.0711 Epoch: 014 Iter:   50/ 600 LR: 0.0000297690 Loss content:  0.0169 Loss fft:  0.8305 Loss dta_rank:  0.7753 Loss dta_tv:  0.0254 Loss dta_proxy:  0.4405 Loss dta_trans:  0.0063 Loss dta_phys:  0.0061 Loss dta_preserve:  0.0053
Time:  0.0634 Epoch: 014 Iter:  100/ 600 LR: 0.0000297690 Loss content:  0.0172 Loss fft:  0.8188 Loss dta_rank:  0.7773 Loss dta_tv:  0.0251 Loss dta_proxy:  0.4641 Loss dta_trans:  0.0061 Loss dta_phys:  0.0064 Loss dta_preserve:  0.0046
Time:  0.0718 Epoch: 014 Iter:  150/ 600 LR: 0.0000297690 Loss content:  0.0166 Loss fft:  0.8107 Loss dta_rank:  0.7784 Loss dta_tv:  0.0251 Loss dta_proxy:  0.4570 Loss dta_trans:  0.0061 Loss dta_phys:  0.0073 Loss dta_preserve:  0.0057
Time:  0.0721 Epoch: 014 Iter:  200/ 600 LR: 0.0000297690 Loss content:  0.0174 Loss fft:  0.8377 Loss dta_rank:  0.7726 Loss dta_tv:  0.0244 Loss dta_proxy:  0.4503 Loss dta_trans:  0.0059 Loss dta_phys:  0.0059 Loss dta_preserve:  0.0056
Time:  0.0701 Epoch: 014 Iter:  250/ 600 LR: 0.0000297690 Loss content:  0.0164 Loss fft:  0.8151 Loss dta_rank:  0.7722 Loss dta_tv:  0.0251 Loss dta_proxy:  0.4503 Loss dta_trans:  0.0063 Loss dta_phys:  0.0064 Loss dta_preserve:  0.0039
Time:  0.0685 Epoch: 014 Iter:  300/ 600 LR: 0.0000297690 Loss content:  0.0173 Loss fft:  0.8146 Loss dta_rank:  0.7746 Loss dta_tv:  0.0244 Loss dta_proxy:  0.4642 Loss dta_trans:  0.0057 Loss dta_phys:  0.0065 Loss dta_preserve:  0.0049
Time:  0.0746 Epoch: 014 Iter:  350/ 600 LR: 0.0000297690 Loss content:  0.0169 Loss fft:  0.8085 Loss dta_rank:  0.7784 Loss dta_tv:  0.0253 Loss dta_proxy:  0.4656 Loss dta_trans:  0.0064 Loss dta_phys:  0.0074 Loss dta_preserve:  0.0047
Time:  0.0732 Epoch: 014 Iter:  400/ 600 LR: 0.0000297690 Loss content:  0.0175 Loss fft:  0.8360 Loss dta_rank:  0.7694 Loss dta_tv:  0.0243 Loss dta_proxy:  0.4713 Loss dta_trans:  0.0054 Loss dta_phys:  0.0070 Loss dta_preserve:  0.0046
Time:  0.0717 Epoch: 014 Iter:  450/ 600 LR: 0.0000297690 Loss content:  0.0173 Loss fft:  0.8268 Loss dta_rank:  0.7707 Loss dta_tv:  0.0242 Loss dta_proxy:  0.4629 Loss dta_trans:  0.0065 Loss dta_phys:  0.0069 Loss dta_preserve:  0.0052
Time:  0.0767 Epoch: 014 Iter:  500/ 600 LR: 0.0000297690 Loss content:  0.0175 Loss fft:  0.8327 Loss dta_rank:  0.7770 Loss dta_tv:  0.0242 Loss dta_proxy:  0.4773 Loss dta_trans:  0.0053 Loss dta_phys:  0.0064 Loss dta_preserve:  0.0053
Time:  0.0758 Epoch: 014 Iter:  550/ 600 LR: 0.0000297690 Loss content:  0.0176 Loss fft:  0.8300 Loss dta_rank:  0.7731 Loss dta_tv:  0.0247 Loss dta_proxy:  0.4738 Loss dta_trans:  0.0069 Loss dta_phys:  0.0073 Loss dta_preserve:  0.0041
Time:  0.0704 Epoch: 014 Iter:  600/ 600 LR: 0.0000297690 Loss content:  0.0173 Loss fft:  0.8016 Loss dta_rank:  0.7753 Loss dta_tv:  0.0241 Loss dta_proxy:  0.4846 Loss dta_trans:  0.0068 Loss dta_phys:  0.0065 Loss dta_preserve:  0.0050
EPOCH: 14
Elapsed time: 0.86 Epoch Pixel Loss:  0.0172 Epoch FFT Loss:  0.8219 Epoch DTA Rank:  0.7745 Epoch DTA TV:  0.0247 Epoch DTA Proxy:  0.4635 Epoch DTA Trans:  0.0061 Epoch DTA Phys:  0.0067 Epoch DTA Preserve:  0.0049
DTA_GATE_RAMP epoch=15 gate_limit=0.060000
Time:  0.0778 Epoch: 015 Iter:   50/ 600 LR: 0.0000219361 Loss content:  0.0179 Loss fft:  0.8245 Loss dta_rank:  0.7739 Loss dta_tv:  0.0243 Loss dta_proxy:  0.4740 Loss dta_trans:  0.0063 Loss dta_phys:  0.0071 Loss dta_preserve:  0.0045
Time:  0.0732 Epoch: 015 Iter:  100/ 600 LR: 0.0000219361 Loss content:  0.0172 Loss fft:  0.8150 Loss dta_rank:  0.7733 Loss dta_tv:  0.0246 Loss dta_proxy:  0.4657 Loss dta_trans:  0.0051 Loss dta_phys:  0.0068 Loss dta_preserve:  0.0059
Time:  0.0732 Epoch: 015 Iter:  150/ 600 LR: 0.0000219361 Loss content:  0.0179 Loss fft:  0.8706 Loss dta_rank:  0.7763 Loss dta_tv:  0.0242 Loss dta_proxy:  0.4628 Loss dta_trans:  0.0060 Loss dta_phys:  0.0059 Loss dta_preserve:  0.0059
Time:  0.0755 Epoch: 015 Iter:  200/ 600 LR: 0.0000219361 Loss content:  0.0165 Loss fft:  0.7889 Loss dta_rank:  0.7698 Loss dta_tv:  0.0248 Loss dta_proxy:  0.4498 Loss dta_trans:  0.0076 Loss dta_phys:  0.0059 Loss dta_preserve:  0.0056
Time:  0.0751 Epoch: 015 Iter:  250/ 600 LR: 0.0000219361 Loss content:  0.0173 Loss fft:  0.8324 Loss dta_rank:  0.7791 Loss dta_tv:  0.0250 Loss dta_proxy:  0.4740 Loss dta_trans:  0.0057 Loss dta_phys:  0.0067 Loss dta_preserve:  0.0042
Time:  0.0765 Epoch: 015 Iter:  300/ 600 LR: 0.0000219361 Loss content:  0.0172 Loss fft:  0.8287 Loss dta_rank:  0.7751 Loss dta_tv:  0.0245 Loss dta_proxy:  0.4681 Loss dta_trans:  0.0068 Loss dta_phys:  0.0071 Loss dta_preserve:  0.0070
Time:  0.0746 Epoch: 015 Iter:  350/ 600 LR: 0.0000219361 Loss content:  0.0169 Loss fft:  0.8311 Loss dta_rank:  0.7744 Loss dta_tv:  0.0240 Loss dta_proxy:  0.4846 Loss dta_trans:  0.0050 Loss dta_phys:  0.0072 Loss dta_preserve:  0.0048
Time:  0.0642 Epoch: 015 Iter:  400/ 600 LR: 0.0000219361 Loss content:  0.0173 Loss fft:  0.8566 Loss dta_rank:  0.7813 Loss dta_tv:  0.0253 Loss dta_proxy:  0.4581 Loss dta_trans:  0.0059 Loss dta_phys:  0.0061 Loss dta_preserve:  0.0059
Time:  0.0618 Epoch: 015 Iter:  450/ 600 LR: 0.0000219361 Loss content:  0.0174 Loss fft:  0.7915 Loss dta_rank:  0.7707 Loss dta_tv:  0.0248 Loss dta_proxy:  0.4575 Loss dta_trans:  0.0066 Loss dta_phys:  0.0075 Loss dta_preserve:  0.0055
Time:  0.0627 Epoch: 015 Iter:  500/ 600 LR: 0.0000219361 Loss content:  0.0175 Loss fft:  0.8162 Loss dta_rank:  0.7736 Loss dta_tv:  0.0251 Loss dta_proxy:  0.4427 Loss dta_trans:  0.0067 Loss dta_phys:  0.0070 Loss dta_preserve:  0.0077
Time:  0.0642 Epoch: 015 Iter:  550/ 600 LR: 0.0000219361 Loss content:  0.0169 Loss fft:  0.8369 Loss dta_rank:  0.7791 Loss dta_tv:  0.0248 Loss dta_proxy:  0.4807 Loss dta_trans:  0.0053 Loss dta_phys:  0.0072 Loss dta_preserve:  0.0059
Time:  0.0750 Epoch: 015 Iter:  600/ 600 LR: 0.0000219361 Loss content:  0.0171 Loss fft:  0.8038 Loss dta_rank:  0.7726 Loss dta_tv:  0.0248 Loss dta_proxy:  0.4554 Loss dta_trans:  0.0056 Loss dta_phys:  0.0068 Loss dta_preserve:  0.0047
EPOCH: 15
Elapsed time: 0.86 Epoch Pixel Loss:  0.0173 Epoch FFT Loss:  0.8247 Epoch DTA Rank:  0.7749 Epoch DTA TV:  0.0247 Epoch DTA Proxy:  0.4645 Epoch DTA Trans:  0.0060 Epoch DTA Phys:  0.0068 Epoch DTA Preserve:  0.0056
DTA_GATE_RAMP epoch=16 gate_limit=0.060000
Time:  0.0740 Epoch: 016 Iter:   50/ 600 LR: 0.0000151017 Loss content:  0.0168 Loss fft:  0.8241 Loss dta_rank:  0.7762 Loss dta_tv:  0.0247 Loss dta_proxy:  0.4683 Loss dta_trans:  0.0058 Loss dta_phys:  0.0070 Loss dta_preserve:  0.0050
Time:  0.0723 Epoch: 016 Iter:  100/ 600 LR: 0.0000151017 Loss content:  0.0175 Loss fft:  0.8330 Loss dta_rank:  0.7739 Loss dta_tv:  0.0242 Loss dta_proxy:  0.4704 Loss dta_trans:  0.0052 Loss dta_phys:  0.0064 Loss dta_preserve:  0.0056
Time:  0.0727 Epoch: 016 Iter:  150/ 600 LR: 0.0000151017 Loss content:  0.0172 Loss fft:  0.8117 Loss dta_rank:  0.7753 Loss dta_tv:  0.0253 Loss dta_proxy:  0.4456 Loss dta_trans:  0.0062 Loss dta_phys:  0.0064 Loss dta_preserve:  0.0060
Time:  0.0724 Epoch: 016 Iter:  200/ 600 LR: 0.0000151017 Loss content:  0.0174 Loss fft:  0.8212 Loss dta_rank:  0.7766 Loss dta_tv:  0.0245 Loss dta_proxy:  0.4727 Loss dta_trans:  0.0060 Loss dta_phys:  0.0068 Loss dta_preserve:  0.0061
Time:  0.0708 Epoch: 016 Iter:  250/ 600 LR: 0.0000151017 Loss content:  0.0173 Loss fft:  0.8544 Loss dta_rank:  0.7735 Loss dta_tv:  0.0248 Loss dta_proxy:  0.4637 Loss dta_trans:  0.0054 Loss dta_phys:  0.0063 Loss dta_preserve:  0.0057
Time:  0.0740 Epoch: 016 Iter:  300/ 600 LR: 0.0000151017 Loss content:  0.0172 Loss fft:  0.8136 Loss dta_rank:  0.7706 Loss dta_tv:  0.0249 Loss dta_proxy:  0.4610 Loss dta_trans:  0.0067 Loss dta_phys:  0.0073 Loss dta_preserve:  0.0048
Time:  0.0722 Epoch: 016 Iter:  350/ 600 LR: 0.0000151017 Loss content:  0.0179 Loss fft:  0.8387 Loss dta_rank:  0.7734 Loss dta_tv:  0.0249 Loss dta_proxy:  0.4561 Loss dta_trans:  0.0064 Loss dta_phys:  0.0067 Loss dta_preserve:  0.0054
Time:  0.0688 Epoch: 016 Iter:  400/ 600 LR: 0.0000151017 Loss content:  0.0163 Loss fft:  0.8227 Loss dta_rank:  0.7780 Loss dta_tv:  0.0248 Loss dta_proxy:  0.4618 Loss dta_trans:  0.0057 Loss dta_phys:  0.0069 Loss dta_preserve:  0.0045
Time:  0.0620 Epoch: 016 Iter:  450/ 600 LR: 0.0000151017 Loss content:  0.0172 Loss fft:  0.8037 Loss dta_rank:  0.7777 Loss dta_tv:  0.0246 Loss dta_proxy:  0.4627 Loss dta_trans:  0.0059 Loss dta_phys:  0.0065 Loss dta_preserve:  0.0048
Time:  0.0703 Epoch: 016 Iter:  500/ 600 LR: 0.0000151017 Loss content:  0.0172 Loss fft:  0.8021 Loss dta_rank:  0.7744 Loss dta_tv:  0.0248 Loss dta_proxy:  0.4549 Loss dta_trans:  0.0066 Loss dta_phys:  0.0069 Loss dta_preserve:  0.0063
Time:  0.0741 Epoch: 016 Iter:  550/ 600 LR: 0.0000151017 Loss content:  0.0175 Loss fft:  0.8130 Loss dta_rank:  0.7712 Loss dta_tv:  0.0242 Loss dta_proxy:  0.4703 Loss dta_trans:  0.0062 Loss dta_phys:  0.0076 Loss dta_preserve:  0.0055
Time:  0.0779 Epoch: 016 Iter:  600/ 600 LR: 0.0000151017 Loss content:  0.0170 Loss fft:  0.8206 Loss dta_rank:  0.7744 Loss dta_tv:  0.0244 Loss dta_proxy:  0.4524 Loss dta_trans:  0.0067 Loss dta_phys:  0.0065 Loss dta_preserve:  0.0049
EPOCH: 16
Elapsed time: 0.86 Epoch Pixel Loss:  0.0172 Epoch FFT Loss:  0.8216 Epoch DTA Rank:  0.7746 Epoch DTA TV:  0.0247 Epoch DTA Proxy:  0.4617 Epoch DTA Trans:  0.0061 Epoch DTA Phys:  0.0068 Epoch DTA Preserve:  0.0054
DTA_GATE_RAMP epoch=17 gate_limit=0.060000
Time:  0.0774 Epoch: 017 Iter:   50/ 600 LR: 0.0000094853 Loss content:  0.0172 Loss fft:  0.8246 Loss dta_rank:  0.7776 Loss dta_tv:  0.0244 Loss dta_proxy:  0.4715 Loss dta_trans:  0.0054 Loss dta_phys:  0.0066 Loss dta_preserve:  0.0045
Time:  0.0729 Epoch: 017 Iter:  100/ 600 LR: 0.0000094853 Loss content:  0.0171 Loss fft:  0.8282 Loss dta_rank:  0.7731 Loss dta_tv:  0.0246 Loss dta_proxy:  0.4722 Loss dta_trans:  0.0053 Loss dta_phys:  0.0060 Loss dta_preserve:  0.0053
Time:  0.0718 Epoch: 017 Iter:  150/ 600 LR: 0.0000094853 Loss content:  0.0174 Loss fft:  0.8048 Loss dta_rank:  0.7786 Loss dta_tv:  0.0243 Loss dta_proxy:  0.4853 Loss dta_trans:  0.0065 Loss dta_phys:  0.0071 Loss dta_preserve:  0.0048
Time:  0.0696 Epoch: 017 Iter:  200/ 600 LR: 0.0000094853 Loss content:  0.0173 Loss fft:  0.8131 Loss dta_rank:  0.7794 Loss dta_tv:  0.0252 Loss dta_proxy:  0.4546 Loss dta_trans:  0.0061 Loss dta_phys:  0.0067 Loss dta_preserve:  0.0052
Time:  0.0752 Epoch: 017 Iter:  250/ 600 LR: 0.0000094853 Loss content:  0.0179 Loss fft:  0.8154 Loss dta_rank:  0.7760 Loss dta_tv:  0.0250 Loss dta_proxy:  0.4659 Loss dta_trans:  0.0055 Loss dta_phys:  0.0064 Loss dta_preserve:  0.0039
Time:  0.0727 Epoch: 017 Iter:  300/ 600 LR: 0.0000094853 Loss content:  0.0172 Loss fft:  0.8290 Loss dta_rank:  0.7767 Loss dta_tv:  0.0246 Loss dta_proxy:  0.4594 Loss dta_trans:  0.0058 Loss dta_phys:  0.0063 Loss dta_preserve:  0.0055
Time:  0.0722 Epoch: 017 Iter:  350/ 600 LR: 0.0000094853 Loss content:  0.0177 Loss fft:  0.8345 Loss dta_rank:  0.7772 Loss dta_tv:  0.0253 Loss dta_proxy:  0.4436 Loss dta_trans:  0.0064 Loss dta_phys:  0.0068 Loss dta_preserve:  0.0048
Time:  0.0749 Epoch: 017 Iter:  400/ 600 LR: 0.0000094853 Loss content:  0.0164 Loss fft:  0.8098 Loss dta_rank:  0.7756 Loss dta_tv:  0.0247 Loss dta_proxy:  0.4461 Loss dta_trans:  0.0060 Loss dta_phys:  0.0069 Loss dta_preserve:  0.0050
Time:  0.0773 Epoch: 017 Iter:  450/ 600 LR: 0.0000094853 Loss content:  0.0166 Loss fft:  0.8197 Loss dta_rank:  0.7731 Loss dta_tv:  0.0245 Loss dta_proxy:  0.4681 Loss dta_trans:  0.0060 Loss dta_phys:  0.0069 Loss dta_preserve:  0.0046
Time:  0.0742 Epoch: 017 Iter:  500/ 600 LR: 0.0000094853 Loss content:  0.0178 Loss fft:  0.8210 Loss dta_rank:  0.7771 Loss dta_tv:  0.0245 Loss dta_proxy:  0.4715 Loss dta_trans:  0.0064 Loss dta_phys:  0.0065 Loss dta_preserve:  0.0051
Time:  0.0683 Epoch: 017 Iter:  550/ 600 LR: 0.0000094853 Loss content:  0.0176 Loss fft:  0.8173 Loss dta_rank:  0.7757 Loss dta_tv:  0.0249 Loss dta_proxy:  0.4543 Loss dta_trans:  0.0060 Loss dta_phys:  0.0070 Loss dta_preserve:  0.0052
Time:  0.0716 Epoch: 017 Iter:  600/ 600 LR: 0.0000094853 Loss content:  0.0173 Loss fft:  0.8259 Loss dta_rank:  0.7755 Loss dta_tv:  0.0247 Loss dta_proxy:  0.4604 Loss dta_trans:  0.0056 Loss dta_phys:  0.0064 Loss dta_preserve:  0.0052
EPOCH: 17
Elapsed time: 0.88 Epoch Pixel Loss:  0.0173 Epoch FFT Loss:  0.8203 Epoch DTA Rank:  0.7763 Epoch DTA TV:  0.0247 Epoch DTA Proxy:  0.4627 Epoch DTA Trans:  0.0059 Epoch DTA Phys:  0.0066 Epoch DTA Preserve:  0.0049
DTA_GATE_RAMP epoch=18 gate_limit=0.060000
Time:  0.0784 Epoch: 018 Iter:   50/ 600 LR: 0.0000052550 Loss content:  0.0173 Loss fft:  0.8020 Loss dta_rank:  0.7786 Loss dta_tv:  0.0243 Loss dta_proxy:  0.4688 Loss dta_trans:  0.0069 Loss dta_phys:  0.0065 Loss dta_preserve:  0.0056
Time:  0.0735 Epoch: 018 Iter:  100/ 600 LR: 0.0000052550 Loss content:  0.0180 Loss fft:  0.7959 Loss dta_rank:  0.7700 Loss dta_tv:  0.0244 Loss dta_proxy:  0.4655 Loss dta_trans:  0.0063 Loss dta_phys:  0.0073 Loss dta_preserve:  0.0052
Time:  0.0776 Epoch: 018 Iter:  150/ 600 LR: 0.0000052550 Loss content:  0.0178 Loss fft:  0.8494 Loss dta_rank:  0.7753 Loss dta_tv:  0.0250 Loss dta_proxy:  0.4630 Loss dta_trans:  0.0058 Loss dta_phys:  0.0069 Loss dta_preserve:  0.0055
Time:  0.0760 Epoch: 018 Iter:  200/ 600 LR: 0.0000052550 Loss content:  0.0169 Loss fft:  0.7975 Loss dta_rank:  0.7742 Loss dta_tv:  0.0248 Loss dta_proxy:  0.4593 Loss dta_trans:  0.0056 Loss dta_phys:  0.0065 Loss dta_preserve:  0.0051
Time:  0.0751 Epoch: 018 Iter:  250/ 600 LR: 0.0000052550 Loss content:  0.0171 Loss fft:  0.8168 Loss dta_rank:  0.7747 Loss dta_tv:  0.0249 Loss dta_proxy:  0.4547 Loss dta_trans:  0.0059 Loss dta_phys:  0.0066 Loss dta_preserve:  0.0048
Time:  0.0783 Epoch: 018 Iter:  300/ 600 LR: 0.0000052550 Loss content:  0.0170 Loss fft:  0.8351 Loss dta_rank:  0.7744 Loss dta_tv:  0.0246 Loss dta_proxy:  0.4557 Loss dta_trans:  0.0060 Loss dta_phys:  0.0066 Loss dta_preserve:  0.0055
Time:  0.0781 Epoch: 018 Iter:  350/ 600 LR: 0.0000052550 Loss content:  0.0177 Loss fft:  0.8140 Loss dta_rank:  0.7723 Loss dta_tv:  0.0242 Loss dta_proxy:  0.4719 Loss dta_trans:  0.0060 Loss dta_phys:  0.0067 Loss dta_preserve:  0.0062
Time:  0.0718 Epoch: 018 Iter:  400/ 600 LR: 0.0000052550 Loss content:  0.0175 Loss fft:  0.8136 Loss dta_rank:  0.7708 Loss dta_tv:  0.0243 Loss dta_proxy:  0.4702 Loss dta_trans:  0.0064 Loss dta_phys:  0.0070 Loss dta_preserve:  0.0053
Time:  0.0668 Epoch: 018 Iter:  450/ 600 LR: 0.0000052550 Loss content:  0.0168 Loss fft:  0.8248 Loss dta_rank:  0.7747 Loss dta_tv:  0.0246 Loss dta_proxy:  0.4536 Loss dta_trans:  0.0058 Loss dta_phys:  0.0062 Loss dta_preserve:  0.0048
Time:  0.0718 Epoch: 018 Iter:  500/ 600 LR: 0.0000052550 Loss content:  0.0174 Loss fft:  0.8202 Loss dta_rank:  0.7764 Loss dta_tv:  0.0245 Loss dta_proxy:  0.4604 Loss dta_trans:  0.0058 Loss dta_phys:  0.0066 Loss dta_preserve:  0.0049
Time:  0.0730 Epoch: 018 Iter:  550/ 600 LR: 0.0000052550 Loss content:  0.0175 Loss fft:  0.8656 Loss dta_rank:  0.7793 Loss dta_tv:  0.0250 Loss dta_proxy:  0.4434 Loss dta_trans:  0.0058 Loss dta_phys:  0.0069 Loss dta_preserve:  0.0046
Time:  0.0703 Epoch: 018 Iter:  600/ 600 LR: 0.0000052550 Loss content:  0.0172 Loss fft:  0.8371 Loss dta_rank:  0.7755 Loss dta_tv:  0.0249 Loss dta_proxy:  0.4555 Loss dta_trans:  0.0057 Loss dta_phys:  0.0061 Loss dta_preserve:  0.0049
EPOCH: 18
Elapsed time: 0.89 Epoch Pixel Loss:  0.0174 Epoch FFT Loss:  0.8227 Epoch DTA Rank:  0.7747 Epoch DTA TV:  0.0246 Epoch DTA Proxy:  0.4602 Epoch DTA Trans:  0.0060 Epoch DTA Phys:  0.0066 Epoch DTA Preserve:  0.0052
DTA_GATE_RAMP epoch=19 gate_limit=0.060000
Time:  0.0685 Epoch: 019 Iter:   50/ 600 LR: 0.0000025070 Loss content:  0.0165 Loss fft:  0.8135 Loss dta_rank:  0.7722 Loss dta_tv:  0.0248 Loss dta_proxy:  0.4625 Loss dta_trans:  0.0063 Loss dta_phys:  0.0070 Loss dta_preserve:  0.0037
Time:  0.0757 Epoch: 019 Iter:  100/ 600 LR: 0.0000025070 Loss content:  0.0169 Loss fft:  0.8224 Loss dta_rank:  0.7819 Loss dta_tv:  0.0254 Loss dta_proxy:  0.4536 Loss dta_trans:  0.0064 Loss dta_phys:  0.0068 Loss dta_preserve:  0.0050
Time:  0.0752 Epoch: 019 Iter:  150/ 600 LR: 0.0000025070 Loss content:  0.0171 Loss fft:  0.8021 Loss dta_rank:  0.7742 Loss dta_tv:  0.0248 Loss dta_proxy:  0.4588 Loss dta_trans:  0.0065 Loss dta_phys:  0.0069 Loss dta_preserve:  0.0050
Time:  0.0768 Epoch: 019 Iter:  200/ 600 LR: 0.0000025070 Loss content:  0.0172 Loss fft:  0.8320 Loss dta_rank:  0.7730 Loss dta_tv:  0.0245 Loss dta_proxy:  0.4689 Loss dta_trans:  0.0065 Loss dta_phys:  0.0067 Loss dta_preserve:  0.0043
Time:  0.0715 Epoch: 019 Iter:  250/ 600 LR: 0.0000025070 Loss content:  0.0179 Loss fft:  0.8510 Loss dta_rank:  0.7773 Loss dta_tv:  0.0240 Loss dta_proxy:  0.4721 Loss dta_trans:  0.0066 Loss dta_phys:  0.0067 Loss dta_preserve:  0.0062
Time:  0.0736 Epoch: 019 Iter:  300/ 600 LR: 0.0000025070 Loss content:  0.0170 Loss fft:  0.8093 Loss dta_rank:  0.7750 Loss dta_tv:  0.0246 Loss dta_proxy:  0.4587 Loss dta_trans:  0.0060 Loss dta_phys:  0.0066 Loss dta_preserve:  0.0047
Time:  0.0758 Epoch: 019 Iter:  350/ 600 LR: 0.0000025070 Loss content:  0.0175 Loss fft:  0.8377 Loss dta_rank:  0.7749 Loss dta_tv:  0.0245 Loss dta_proxy:  0.4670 Loss dta_trans:  0.0061 Loss dta_phys:  0.0072 Loss dta_preserve:  0.0044
Time:  0.0733 Epoch: 019 Iter:  400/ 600 LR: 0.0000025070 Loss content:  0.0173 Loss fft:  0.8312 Loss dta_rank:  0.7746 Loss dta_tv:  0.0249 Loss dta_proxy:  0.4519 Loss dta_trans:  0.0055 Loss dta_phys:  0.0070 Loss dta_preserve:  0.0040
Time:  0.0737 Epoch: 019 Iter:  450/ 600 LR: 0.0000025070 Loss content:  0.0162 Loss fft:  0.8041 Loss dta_rank:  0.7748 Loss dta_tv:  0.0248 Loss dta_proxy:  0.4594 Loss dta_trans:  0.0061 Loss dta_phys:  0.0064 Loss dta_preserve:  0.0042
Time:  0.0747 Epoch: 019 Iter:  500/ 600 LR: 0.0000025070 Loss content:  0.0174 Loss fft:  0.8342 Loss dta_rank:  0.7745 Loss dta_tv:  0.0233 Loss dta_proxy:  0.5009 Loss dta_trans:  0.0051 Loss dta_phys:  0.0067 Loss dta_preserve:  0.0051
Time:  0.0748 Epoch: 019 Iter:  550/ 600 LR: 0.0000025070 Loss content:  0.0167 Loss fft:  0.8102 Loss dta_rank:  0.7715 Loss dta_tv:  0.0243 Loss dta_proxy:  0.4621 Loss dta_trans:  0.0053 Loss dta_phys:  0.0068 Loss dta_preserve:  0.0045
Time:  0.0751 Epoch: 019 Iter:  600/ 600 LR: 0.0000025070 Loss content:  0.0174 Loss fft:  0.8321 Loss dta_rank:  0.7759 Loss dta_tv:  0.0245 Loss dta_proxy:  0.4649 Loss dta_trans:  0.0057 Loss dta_phys:  0.0061 Loss dta_preserve:  0.0053
EPOCH: 19
Elapsed time: 0.89 Epoch Pixel Loss:  0.0171 Epoch FFT Loss:  0.8233 Epoch DTA Rank:  0.7750 Epoch DTA TV:  0.0245 Epoch DTA Proxy:  0.4651 Epoch DTA Trans:  0.0060 Epoch DTA Phys:  0.0068 Epoch DTA Preserve:  0.0047
DTA_GATE_RAMP epoch=20 gate_limit=0.060000
Time:  0.0794 Epoch: 020 Iter:   50/ 600 LR: 0.0000012125 Loss content:  0.0179 Loss fft:  0.8702 Loss dta_rank:  0.7729 Loss dta_tv:  0.0250 Loss dta_proxy:  0.4597 Loss dta_trans:  0.0063 Loss dta_phys:  0.0072 Loss dta_preserve:  0.0047
Time:  0.0730 Epoch: 020 Iter:  100/ 600 LR: 0.0000012125 Loss content:  0.0171 Loss fft:  0.8097 Loss dta_rank:  0.7784 Loss dta_tv:  0.0250 Loss dta_proxy:  0.4571 Loss dta_trans:  0.0055 Loss dta_phys:  0.0067 Loss dta_preserve:  0.0053
Time:  0.0730 Epoch: 020 Iter:  150/ 600 LR: 0.0000012125 Loss content:  0.0166 Loss fft:  0.8196 Loss dta_rank:  0.7743 Loss dta_tv:  0.0247 Loss dta_proxy:  0.4629 Loss dta_trans:  0.0052 Loss dta_phys:  0.0065 Loss dta_preserve:  0.0050
Time:  0.0738 Epoch: 020 Iter:  200/ 600 LR: 0.0000012125 Loss content:  0.0165 Loss fft:  0.7994 Loss dta_rank:  0.7741 Loss dta_tv:  0.0248 Loss dta_proxy:  0.4521 Loss dta_trans:  0.0055 Loss dta_phys:  0.0069 Loss dta_preserve:  0.0066
Time:  0.0766 Epoch: 020 Iter:  250/ 600 LR: 0.0000012125 Loss content:  0.0172 Loss fft:  0.8464 Loss dta_rank:  0.7734 Loss dta_tv:  0.0249 Loss dta_proxy:  0.4514 Loss dta_trans:  0.0055 Loss dta_phys:  0.0073 Loss dta_preserve:  0.0047
Time:  0.0736 Epoch: 020 Iter:  300/ 600 LR: 0.0000012125 Loss content:  0.0165 Loss fft:  0.8010 Loss dta_rank:  0.7712 Loss dta_tv:  0.0247 Loss dta_proxy:  0.4583 Loss dta_trans:  0.0068 Loss dta_phys:  0.0064 Loss dta_preserve:  0.0045
Time:  0.0766 Epoch: 020 Iter:  350/ 600 LR: 0.0000012125 Loss content:  0.0170 Loss fft:  0.8314 Loss dta_rank:  0.7738 Loss dta_tv:  0.0245 Loss dta_proxy:  0.4607 Loss dta_trans:  0.0055 Loss dta_phys:  0.0064 Loss dta_preserve:  0.0051
Time:  0.0757 Epoch: 020 Iter:  400/ 600 LR: 0.0000012125 Loss content:  0.0160 Loss fft:  0.7862 Loss dta_rank:  0.7792 Loss dta_tv:  0.0254 Loss dta_proxy:  0.4561 Loss dta_trans:  0.0057 Loss dta_phys:  0.0069 Loss dta_preserve:  0.0056
Time:  0.0760 Epoch: 020 Iter:  450/ 600 LR: 0.0000012125 Loss content:  0.0171 Loss fft:  0.8069 Loss dta_rank:  0.7720 Loss dta_tv:  0.0237 Loss dta_proxy:  0.4715 Loss dta_trans:  0.0067 Loss dta_phys:  0.0066 Loss dta_preserve:  0.0043
Time:  0.0789 Epoch: 020 Iter:  500/ 600 LR: 0.0000012125 Loss content:  0.0168 Loss fft:  0.8023 Loss dta_rank:  0.7724 Loss dta_tv:  0.0244 Loss dta_proxy:  0.4622 Loss dta_trans:  0.0062 Loss dta_phys:  0.0064 Loss dta_preserve:  0.0044
Time:  0.0753 Epoch: 020 Iter:  550/ 600 LR: 0.0000012125 Loss content:  0.0173 Loss fft:  0.8252 Loss dta_rank:  0.7761 Loss dta_tv:  0.0242 Loss dta_proxy:  0.4672 Loss dta_trans:  0.0067 Loss dta_phys:  0.0068 Loss dta_preserve:  0.0069
Time:  0.0742 Epoch: 020 Iter:  600/ 600 LR: 0.0000012125 Loss content:  0.0170 Loss fft:  0.8353 Loss dta_rank:  0.7776 Loss dta_tv:  0.0241 Loss dta_proxy:  0.4883 Loss dta_trans:  0.0057 Loss dta_phys:  0.0065 Loss dta_preserve:  0.0058
EPOCH: 20
Elapsed time: 0.91 Epoch Pixel Loss:  0.0169 Epoch FFT Loss:  0.8195 Epoch DTA Rank:  0.7746 Epoch DTA TV:  0.0246 Epoch DTA Proxy:  0.4623 Epoch DTA Trans:  0.0059 Epoch DTA Phys:  0.0067 Epoch DTA Preserve:  0.0053
