Namespace(model_name='ConvIR-Haze4K-DTA-v2-adapter_only-shuffle-seed3411-f0-oof20', data='Haze4K', version='base', fam_mode='original', arch='dta_v2', seed=3411, mode='train', data_dir='/sda/home/wangyuxin/ConvIR-B/datasets/Haze4K/Haze4K', batch_size=4, learning_rate=0.0001, weight_decay=0.0, num_epoch=20, stop_epoch=20, print_freq=50, num_worker=4, save_freq=5, valid_freq=9999, mod_stats_freq=5, mod_stats_batches=16, grad_clip_norm=0.001, dta_grad_clip_norm=0.05, dta_neighbor_grad_clip_norm=0.005, init_model='/sda/home/wangyuxin/ConvIR-B/checkpoints/official/Haze4K/haze4k-base.pkl', init_model_partial=True, partial_new_prefixes='DTA.', resume='', train_scope='adapter_only', dta_depth_cache_dir='/sda/home/wangyuxin/ConvIR-B/depth_cache/depth_anything_v2_small_hf', dta_train_depth_split='train', dta_eval_depth_split='train', valid_root_split='train', eval_root_split='test', dta_require_depth=True, dta_variant='v2', dta_depth_mode='shuffle', dta_prior_channels=32, dta_gate_bias=-6.0, dta_gate_limit=0.06, dta_gamma_limit=0.12, dta_beta_limit=0.06, dta_alpha_init=1.0, dta_confidence_floor=0.25, dta_confidence_local_scale=6.0, dta_output_residual_scale=0.03, dta_use_trans_gt=True, dta_trans_weight=0.02, dta_phys_weight=0.005, dta_preserve_weight=0.02, dta_preserve_trans_thresh=0.8, dta_gate_ramp_start=0.01, dta_gate_ramp_mid=0.03, dta_gate_ramp_end=0.06, dta_gate_ramp_warmup_epochs=2, dta_gate_ramp_mid_epochs=8, dta_rank_weight=0.001, dta_tv_weight=0.0001, dta_proxy_weight=0.0, dta_rank_pairs=512, dta_rank_min_depth_gap=0.03, split_json='/sda/home/wangyuxin/ConvIR-B/repos/ConvIR-B-dta-v2-calibrated/experience_docx/experiment_logs/haze4k_dta_v2_calibrated_20260611/dta_v2_haze4k_oof_splits_seed3407.json', split_name='fold0_train', test_model='', save_image=False, leaning_rate=0.0001, model_save_dir='results/ConvIR-Haze4K-DTA-v2-adapter_only-shuffle-seed3411-f0-oof20/Training-Results/', result_dir='results/ConvIR-Haze4K-DTA-v2-adapter_only-shuffle-seed3411-f0-oof20/images/Haze4K', init_model_sha256='6f42037d57a4e3de3a10ac0ab909d66a3415864a19433c29204a975f4efa4088')
/sda/home/wangyuxin/ConvIR-B/repos/ConvIR-B-dta-v2-calibrated/Dehazing/ITS/main.py:14: FutureWarning: You are using `torch.load` with `weights_only=False` (the current default value), which uses the default pickle module implicitly. It is possible to construct malicious pickle data which will execute arbitrary code during unpickling (See https://github.com/pytorch/pytorch/blob/main/SECURITY.md#untrusted-models for more details). In a future release, the default value for `weights_only` will be flipped to `True`. This limits the functions that could be executed during unpickling. Arbitrary objects will no longer be allowed to be loaded via this mode unless they are explicitly allowlisted by the user via `torch.serialization.add_safe_globals`. We recommend you start setting `weights_only=True` for any use case where you don't have full control of the loaded file. Please open an issue on GitHub for any issues related to this experimental feature.
  state = torch.load(path, map_location=map_location)
INIT_MODEL_PARTIAL_LOAD path=/sda/home/wangyuxin/ConvIR-B/checkpoints/official/Haze4K/haze4k-base.pkl loaded=602 missing_allowed=25 unexpected=[] allowed_new_prefixes=('DTA.',)
TRAIN_SCOPE scope=adapter_only arch=dta_v2 trainable=74699 total=8705364
/sda/home/wangyuxin/ConvIR-B/envs/convir-cu121/lib/python3.10/site-packages/torch/optim/lr_scheduler.py:224: UserWarning: Detected call of `lr_scheduler.step()` before `optimizer.step()`. In PyTorch 1.1.0 and later, you should call them in the opposite order: `optimizer.step()` before `lr_scheduler.step()`.  Failure to do this will result in PyTorch skipping the first value of the learning rate schedule. See more details at https://pytorch.org/docs/stable/optim.html#how-to-adjust-learning-rate
  warnings.warn(
DTA_GATE_RAMP epoch=1 gate_limit=0.010000
Time:  0.0976 Epoch: 001 Iter:   50/ 600 LR: 0.0000333333 Loss content:  0.0173 Loss fft:  0.8296 Loss dta_rank:  0.6937 Loss dta_tv:  0.0029 Loss dta_proxy:  0.2742 Loss dta_trans:  0.0412 Loss dta_phys:  0.0082 Loss dta_preserve:  0.0046
Time:  0.0741 Epoch: 001 Iter:  100/ 600 LR: 0.0000333333 Loss content:  0.0173 Loss fft:  0.8002 Loss dta_rank:  0.6957 Loss dta_tv:  0.0101 Loss dta_proxy:  0.3216 Loss dta_trans:  0.0344 Loss dta_phys:  0.0088 Loss dta_preserve:  0.0045
Time:  0.0761 Epoch: 001 Iter:  150/ 600 LR: 0.0000333333 Loss content:  0.0173 Loss fft:  0.8147 Loss dta_rank:  0.7000 Loss dta_tv:  0.0156 Loss dta_proxy:  0.3528 Loss dta_trans:  0.0290 Loss dta_phys:  0.0083 Loss dta_preserve:  0.0046
Time:  0.0763 Epoch: 001 Iter:  200/ 600 LR: 0.0000333333 Loss content:  0.0169 Loss fft:  0.7996 Loss dta_rank:  0.7065 Loss dta_tv:  0.0205 Loss dta_proxy:  0.3806 Loss dta_trans:  0.0242 Loss dta_phys:  0.0078 Loss dta_preserve:  0.0055
Time:  0.0757 Epoch: 001 Iter:  250/ 600 LR: 0.0000333333 Loss content:  0.0178 Loss fft:  0.8183 Loss dta_rank:  0.7144 Loss dta_tv:  0.0263 Loss dta_proxy:  0.3828 Loss dta_trans:  0.0177 Loss dta_phys:  0.0077 Loss dta_preserve:  0.0052
Time:  0.0808 Epoch: 001 Iter:  300/ 600 LR: 0.0000333333 Loss content:  0.0169 Loss fft:  0.8193 Loss dta_rank:  0.7221 Loss dta_tv:  0.0302 Loss dta_proxy:  0.3989 Loss dta_trans:  0.0147 Loss dta_phys:  0.0069 Loss dta_preserve:  0.0057
Time:  0.0808 Epoch: 001 Iter:  350/ 600 LR: 0.0000333333 Loss content:  0.0177 Loss fft:  0.8401 Loss dta_rank:  0.7220 Loss dta_tv:  0.0342 Loss dta_proxy:  0.3938 Loss dta_trans:  0.0125 Loss dta_phys:  0.0063 Loss dta_preserve:  0.0049
Time:  0.0658 Epoch: 001 Iter:  400/ 600 LR: 0.0000333333 Loss content:  0.0174 Loss fft:  0.8151 Loss dta_rank:  0.7254 Loss dta_tv:  0.0357 Loss dta_proxy:  0.4048 Loss dta_trans:  0.0114 Loss dta_phys:  0.0067 Loss dta_preserve:  0.0064
Time:  0.0674 Epoch: 001 Iter:  450/ 600 LR: 0.0000333333 Loss content:  0.0177 Loss fft:  0.8280 Loss dta_rank:  0.7249 Loss dta_tv:  0.0362 Loss dta_proxy:  0.4284 Loss dta_trans:  0.0110 Loss dta_phys:  0.0078 Loss dta_preserve:  0.0046
Time:  0.0740 Epoch: 001 Iter:  500/ 600 LR: 0.0000333333 Loss content:  0.0177 Loss fft:  0.8376 Loss dta_rank:  0.7328 Loss dta_tv:  0.0367 Loss dta_proxy:  0.4281 Loss dta_trans:  0.0101 Loss dta_phys:  0.0068 Loss dta_preserve:  0.0052
Time:  0.0720 Epoch: 001 Iter:  550/ 600 LR: 0.0000333333 Loss content:  0.0161 Loss fft:  0.8034 Loss dta_rank:  0.7367 Loss dta_tv:  0.0383 Loss dta_proxy:  0.4189 Loss dta_trans:  0.0102 Loss dta_phys:  0.0067 Loss dta_preserve:  0.0048
Time:  0.0684 Epoch: 001 Iter:  600/ 600 LR: 0.0000333333 Loss content:  0.0166 Loss fft:  0.8281 Loss dta_rank:  0.7338 Loss dta_tv:  0.0368 Loss dta_proxy:  0.4304 Loss dta_trans:  0.0100 Loss dta_phys:  0.0067 Loss dta_preserve:  0.0069
EPOCH: 01
Elapsed time: 0.91 Epoch Pixel Loss:  0.0172 Epoch FFT Loss:  0.8195 Epoch DTA Rank:  0.7173 Epoch DTA TV:  0.0269 Epoch DTA Proxy:  0.3846 Epoch DTA Trans:  0.0189 Epoch DTA Phys:  0.0074 Epoch DTA Preserve:  0.0052
DTA_GATE_RAMP epoch=2 gate_limit=0.010000
Time:  0.0715 Epoch: 002 Iter:   50/ 600 LR: 0.0000666667 Loss content:  0.0176 Loss fft:  0.8435 Loss dta_rank:  0.7309 Loss dta_tv:  0.0371 Loss dta_proxy:  0.4331 Loss dta_trans:  0.0111 Loss dta_phys:  0.0070 Loss dta_preserve:  0.0048
Time:  0.0656 Epoch: 002 Iter:  100/ 600 LR: 0.0000666667 Loss content:  0.0168 Loss fft:  0.8021 Loss dta_rank:  0.7288 Loss dta_tv:  0.0383 Loss dta_proxy:  0.4008 Loss dta_trans:  0.0098 Loss dta_phys:  0.0075 Loss dta_preserve:  0.0048
Time:  0.0736 Epoch: 002 Iter:  150/ 600 LR: 0.0000666667 Loss content:  0.0167 Loss fft:  0.8170 Loss dta_rank:  0.7360 Loss dta_tv:  0.0368 Loss dta_proxy:  0.4203 Loss dta_trans:  0.0093 Loss dta_phys:  0.0069 Loss dta_preserve:  0.0047
Time:  0.0763 Epoch: 002 Iter:  200/ 600 LR: 0.0000666667 Loss content:  0.0175 Loss fft:  0.8008 Loss dta_rank:  0.7394 Loss dta_tv:  0.0381 Loss dta_proxy:  0.4293 Loss dta_trans:  0.0096 Loss dta_phys:  0.0072 Loss dta_preserve:  0.0057
Time:  0.0791 Epoch: 002 Iter:  250/ 600 LR: 0.0000666667 Loss content:  0.0167 Loss fft:  0.7815 Loss dta_rank:  0.7293 Loss dta_tv:  0.0370 Loss dta_proxy:  0.4095 Loss dta_trans:  0.0086 Loss dta_phys:  0.0067 Loss dta_preserve:  0.0051
Time:  0.0770 Epoch: 002 Iter:  300/ 600 LR: 0.0000666667 Loss content:  0.0171 Loss fft:  0.8088 Loss dta_rank:  0.7323 Loss dta_tv:  0.0359 Loss dta_proxy:  0.4341 Loss dta_trans:  0.0091 Loss dta_phys:  0.0068 Loss dta_preserve:  0.0048
Time:  0.0720 Epoch: 002 Iter:  350/ 600 LR: 0.0000666667 Loss content:  0.0179 Loss fft:  0.8433 Loss dta_rank:  0.7354 Loss dta_tv:  0.0369 Loss dta_proxy:  0.4174 Loss dta_trans:  0.0083 Loss dta_phys:  0.0063 Loss dta_preserve:  0.0046
Time:  0.0768 Epoch: 002 Iter:  400/ 600 LR: 0.0000666667 Loss content:  0.0171 Loss fft:  0.8499 Loss dta_rank:  0.7395 Loss dta_tv:  0.0359 Loss dta_proxy:  0.4295 Loss dta_trans:  0.0088 Loss dta_phys:  0.0060 Loss dta_preserve:  0.0053
Time:  0.0764 Epoch: 002 Iter:  450/ 600 LR: 0.0000666667 Loss content:  0.0169 Loss fft:  0.7870 Loss dta_rank:  0.7359 Loss dta_tv:  0.0358 Loss dta_proxy:  0.4320 Loss dta_trans:  0.0086 Loss dta_phys:  0.0077 Loss dta_preserve:  0.0053
Time:  0.0757 Epoch: 002 Iter:  500/ 600 LR: 0.0000666667 Loss content:  0.0177 Loss fft:  0.8440 Loss dta_rank:  0.7368 Loss dta_tv:  0.0364 Loss dta_proxy:  0.4175 Loss dta_trans:  0.0097 Loss dta_phys:  0.0076 Loss dta_preserve:  0.0046
Time:  0.0737 Epoch: 002 Iter:  550/ 600 LR: 0.0000666667 Loss content:  0.0178 Loss fft:  0.8204 Loss dta_rank:  0.7383 Loss dta_tv:  0.0354 Loss dta_proxy:  0.4269 Loss dta_trans:  0.0079 Loss dta_phys:  0.0065 Loss dta_preserve:  0.0058
Time:  0.0736 Epoch: 002 Iter:  600/ 600 LR: 0.0000666667 Loss content:  0.0171 Loss fft:  0.8124 Loss dta_rank:  0.7395 Loss dta_tv:  0.0341 Loss dta_proxy:  0.4632 Loss dta_trans:  0.0079 Loss dta_phys:  0.0068 Loss dta_preserve:  0.0065
EPOCH: 02
Elapsed time: 0.89 Epoch Pixel Loss:  0.0172 Epoch FFT Loss:  0.8176 Epoch DTA Rank:  0.7352 Epoch DTA TV:  0.0365 Epoch DTA Proxy:  0.4261 Epoch DTA Trans:  0.0091 Epoch DTA Phys:  0.0069 Epoch DTA Preserve:  0.0052
DTA_GATE_RAMP epoch=3 gate_limit=0.030000
Time:  0.0788 Epoch: 003 Iter:   50/ 600 LR: 0.0001000000 Loss content:  0.0181 Loss fft:  0.8586 Loss dta_rank:  0.7405 Loss dta_tv:  0.0342 Loss dta_proxy:  0.4231 Loss dta_trans:  0.0086 Loss dta_phys:  0.0064 Loss dta_preserve:  0.0043
Time:  0.0753 Epoch: 003 Iter:  100/ 600 LR: 0.0001000000 Loss content:  0.0174 Loss fft:  0.8421 Loss dta_rank:  0.7409 Loss dta_tv:  0.0346 Loss dta_proxy:  0.4360 Loss dta_trans:  0.0069 Loss dta_phys:  0.0061 Loss dta_preserve:  0.0055
Time:  0.0756 Epoch: 003 Iter:  150/ 600 LR: 0.0001000000 Loss content:  0.0164 Loss fft:  0.7863 Loss dta_rank:  0.7320 Loss dta_tv:  0.0347 Loss dta_proxy:  0.4220 Loss dta_trans:  0.0087 Loss dta_phys:  0.0069 Loss dta_preserve:  0.0055
Time:  0.0754 Epoch: 003 Iter:  200/ 600 LR: 0.0001000000 Loss content:  0.0173 Loss fft:  0.8308 Loss dta_rank:  0.7403 Loss dta_tv:  0.0340 Loss dta_proxy:  0.4250 Loss dta_trans:  0.0079 Loss dta_phys:  0.0066 Loss dta_preserve:  0.0066
Time:  0.0729 Epoch: 003 Iter:  250/ 600 LR: 0.0001000000 Loss content:  0.0178 Loss fft:  0.8268 Loss dta_rank:  0.7395 Loss dta_tv:  0.0330 Loss dta_proxy:  0.4378 Loss dta_trans:  0.0083 Loss dta_phys:  0.0071 Loss dta_preserve:  0.0054
Time:  0.0771 Epoch: 003 Iter:  300/ 600 LR: 0.0001000000 Loss content:  0.0174 Loss fft:  0.8280 Loss dta_rank:  0.7342 Loss dta_tv:  0.0337 Loss dta_proxy:  0.4214 Loss dta_trans:  0.0081 Loss dta_phys:  0.0066 Loss dta_preserve:  0.0053
Time:  0.0760 Epoch: 003 Iter:  350/ 600 LR: 0.0001000000 Loss content:  0.0171 Loss fft:  0.8049 Loss dta_rank:  0.7379 Loss dta_tv:  0.0331 Loss dta_proxy:  0.4317 Loss dta_trans:  0.0084 Loss dta_phys:  0.0073 Loss dta_preserve:  0.0054
Time:  0.0725 Epoch: 003 Iter:  400/ 600 LR: 0.0001000000 Loss content:  0.0169 Loss fft:  0.8134 Loss dta_rank:  0.7367 Loss dta_tv:  0.0321 Loss dta_proxy:  0.4411 Loss dta_trans:  0.0074 Loss dta_phys:  0.0068 Loss dta_preserve:  0.0049
Time:  0.0744 Epoch: 003 Iter:  450/ 600 LR: 0.0001000000 Loss content:  0.0174 Loss fft:  0.8274 Loss dta_rank:  0.7425 Loss dta_tv:  0.0323 Loss dta_proxy:  0.4292 Loss dta_trans:  0.0071 Loss dta_phys:  0.0069 Loss dta_preserve:  0.0058
Time:  0.0802 Epoch: 003 Iter:  500/ 600 LR: 0.0001000000 Loss content:  0.0168 Loss fft:  0.8138 Loss dta_rank:  0.7381 Loss dta_tv:  0.0325 Loss dta_proxy:  0.4282 Loss dta_trans:  0.0069 Loss dta_phys:  0.0074 Loss dta_preserve:  0.0045
Time:  0.0793 Epoch: 003 Iter:  550/ 600 LR: 0.0001000000 Loss content:  0.0171 Loss fft:  0.8323 Loss dta_rank:  0.7400 Loss dta_tv:  0.0323 Loss dta_proxy:  0.4458 Loss dta_trans:  0.0070 Loss dta_phys:  0.0072 Loss dta_preserve:  0.0049
Time:  0.0745 Epoch: 003 Iter:  600/ 600 LR: 0.0001000000 Loss content:  0.0166 Loss fft:  0.8081 Loss dta_rank:  0.7444 Loss dta_tv:  0.0325 Loss dta_proxy:  0.4365 Loss dta_trans:  0.0079 Loss dta_phys:  0.0068 Loss dta_preserve:  0.0052
EPOCH: 03
Elapsed time: 0.92 Epoch Pixel Loss:  0.0172 Epoch FFT Loss:  0.8227 Epoch DTA Rank:  0.7389 Epoch DTA TV:  0.0333 Epoch DTA Proxy:  0.4315 Epoch DTA Trans:  0.0078 Epoch DTA Phys:  0.0068 Epoch DTA Preserve:  0.0053
/sda/home/wangyuxin/ConvIR-B/envs/convir-cu121/lib/python3.10/site-packages/torch/optim/lr_scheduler.py:1087: UserWarning: To get the last learning rate computed by the scheduler, please use `get_last_lr()`.
  _warn_get_lr_called_within_step(self)
DTA_GATE_RAMP epoch=4 gate_limit=0.030000
Time:  0.0804 Epoch: 004 Iter:   50/ 600 LR: 0.0001000000 Loss content:  0.0173 Loss fft:  0.8221 Loss dta_rank:  0.7417 Loss dta_tv:  0.0326 Loss dta_proxy:  0.4178 Loss dta_trans:  0.0074 Loss dta_phys:  0.0066 Loss dta_preserve:  0.0063
Time:  0.0799 Epoch: 004 Iter:  100/ 600 LR: 0.0001000000 Loss content:  0.0169 Loss fft:  0.7975 Loss dta_rank:  0.7367 Loss dta_tv:  0.0319 Loss dta_proxy:  0.4210 Loss dta_trans:  0.0079 Loss dta_phys:  0.0070 Loss dta_preserve:  0.0045
Time:  0.0783 Epoch: 004 Iter:  150/ 600 LR: 0.0001000000 Loss content:  0.0171 Loss fft:  0.8258 Loss dta_rank:  0.7397 Loss dta_tv:  0.0312 Loss dta_proxy:  0.4425 Loss dta_trans:  0.0071 Loss dta_phys:  0.0067 Loss dta_preserve:  0.0050
Time:  0.0756 Epoch: 004 Iter:  200/ 600 LR: 0.0001000000 Loss content:  0.0174 Loss fft:  0.8329 Loss dta_rank:  0.7422 Loss dta_tv:  0.0319 Loss dta_proxy:  0.4206 Loss dta_trans:  0.0068 Loss dta_phys:  0.0065 Loss dta_preserve:  0.0051
Time:  0.0755 Epoch: 004 Iter:  250/ 600 LR: 0.0001000000 Loss content:  0.0178 Loss fft:  0.8382 Loss dta_rank:  0.7336 Loss dta_tv:  0.0307 Loss dta_proxy:  0.4436 Loss dta_trans:  0.0071 Loss dta_phys:  0.0078 Loss dta_preserve:  0.0056
Time:  0.0772 Epoch: 004 Iter:  300/ 600 LR: 0.0001000000 Loss content:  0.0165 Loss fft:  0.8144 Loss dta_rank:  0.7452 Loss dta_tv:  0.0327 Loss dta_proxy:  0.4373 Loss dta_trans:  0.0076 Loss dta_phys:  0.0068 Loss dta_preserve:  0.0060
Time:  0.0770 Epoch: 004 Iter:  350/ 600 LR: 0.0001000000 Loss content:  0.0172 Loss fft:  0.8256 Loss dta_rank:  0.7446 Loss dta_tv:  0.0313 Loss dta_proxy:  0.4223 Loss dta_trans:  0.0064 Loss dta_phys:  0.0056 Loss dta_preserve:  0.0058
Time:  0.0787 Epoch: 004 Iter:  400/ 600 LR: 0.0001000000 Loss content:  0.0173 Loss fft:  0.8241 Loss dta_rank:  0.7401 Loss dta_tv:  0.0302 Loss dta_proxy:  0.4411 Loss dta_trans:  0.0074 Loss dta_phys:  0.0071 Loss dta_preserve:  0.0056
Time:  0.0743 Epoch: 004 Iter:  450/ 600 LR: 0.0001000000 Loss content:  0.0163 Loss fft:  0.7965 Loss dta_rank:  0.7379 Loss dta_tv:  0.0308 Loss dta_proxy:  0.4099 Loss dta_trans:  0.0063 Loss dta_phys:  0.0067 Loss dta_preserve:  0.0045
Time:  0.0791 Epoch: 004 Iter:  500/ 600 LR: 0.0001000000 Loss content:  0.0172 Loss fft:  0.8216 Loss dta_rank:  0.7381 Loss dta_tv:  0.0302 Loss dta_proxy:  0.4549 Loss dta_trans:  0.0076 Loss dta_phys:  0.0069 Loss dta_preserve:  0.0049
Time:  0.0804 Epoch: 004 Iter:  550/ 600 LR: 0.0001000000 Loss content:  0.0174 Loss fft:  0.8193 Loss dta_rank:  0.7370 Loss dta_tv:  0.0306 Loss dta_proxy:  0.4313 Loss dta_trans:  0.0076 Loss dta_phys:  0.0068 Loss dta_preserve:  0.0047
Time:  0.0725 Epoch: 004 Iter:  600/ 600 LR: 0.0001000000 Loss content:  0.0173 Loss fft:  0.8178 Loss dta_rank:  0.7328 Loss dta_tv:  0.0298 Loss dta_proxy:  0.4545 Loss dta_trans:  0.0070 Loss dta_phys:  0.0068 Loss dta_preserve:  0.0058
EPOCH: 04
Elapsed time: 0.93 Epoch Pixel Loss:  0.0171 Epoch FFT Loss:  0.8197 Epoch DTA Rank:  0.7391 Epoch DTA TV:  0.0312 Epoch DTA Proxy:  0.4331 Epoch DTA Trans:  0.0072 Epoch DTA Phys:  0.0068 Epoch DTA Preserve:  0.0053
DTA_GATE_RAMP epoch=5 gate_limit=0.030000
Time:  0.0819 Epoch: 005 Iter:   50/ 600 LR: 0.0000983215 Loss content:  0.0172 Loss fft:  0.8174 Loss dta_rank:  0.7403 Loss dta_tv:  0.0306 Loss dta_proxy:  0.4178 Loss dta_trans:  0.0072 Loss dta_phys:  0.0066 Loss dta_preserve:  0.0074
Time:  0.0736 Epoch: 005 Iter:  100/ 600 LR: 0.0000983215 Loss content:  0.0171 Loss fft:  0.8201 Loss dta_rank:  0.7402 Loss dta_tv:  0.0297 Loss dta_proxy:  0.4539 Loss dta_trans:  0.0065 Loss dta_phys:  0.0068 Loss dta_preserve:  0.0051
Time:  0.0793 Epoch: 005 Iter:  150/ 600 LR: 0.0000983215 Loss content:  0.0173 Loss fft:  0.8214 Loss dta_rank:  0.7287 Loss dta_tv:  0.0309 Loss dta_proxy:  0.4072 Loss dta_trans:  0.0072 Loss dta_phys:  0.0060 Loss dta_preserve:  0.0051
Time:  0.0772 Epoch: 005 Iter:  200/ 600 LR: 0.0000983215 Loss content:  0.0181 Loss fft:  0.8478 Loss dta_rank:  0.7391 Loss dta_tv:  0.0299 Loss dta_proxy:  0.4325 Loss dta_trans:  0.0057 Loss dta_phys:  0.0065 Loss dta_preserve:  0.0057
Time:  0.0738 Epoch: 005 Iter:  250/ 600 LR: 0.0000983215 Loss content:  0.0172 Loss fft:  0.8030 Loss dta_rank:  0.7359 Loss dta_tv:  0.0302 Loss dta_proxy:  0.4418 Loss dta_trans:  0.0063 Loss dta_phys:  0.0065 Loss dta_preserve:  0.0061
Time:  0.0763 Epoch: 005 Iter:  300/ 600 LR: 0.0000983215 Loss content:  0.0170 Loss fft:  0.8198 Loss dta_rank:  0.7418 Loss dta_tv:  0.0310 Loss dta_proxy:  0.4177 Loss dta_trans:  0.0068 Loss dta_phys:  0.0065 Loss dta_preserve:  0.0052
Time:  0.0766 Epoch: 005 Iter:  350/ 600 LR: 0.0000983215 Loss content:  0.0165 Loss fft:  0.8110 Loss dta_rank:  0.7458 Loss dta_tv:  0.0296 Loss dta_proxy:  0.4318 Loss dta_trans:  0.0062 Loss dta_phys:  0.0071 Loss dta_preserve:  0.0054
Time:  0.0752 Epoch: 005 Iter:  400/ 600 LR: 0.0000983215 Loss content:  0.0171 Loss fft:  0.8094 Loss dta_rank:  0.7429 Loss dta_tv:  0.0291 Loss dta_proxy:  0.4529 Loss dta_trans:  0.0064 Loss dta_phys:  0.0067 Loss dta_preserve:  0.0045
Time:  0.0761 Epoch: 005 Iter:  450/ 600 LR: 0.0000983215 Loss content:  0.0168 Loss fft:  0.8031 Loss dta_rank:  0.7409 Loss dta_tv:  0.0292 Loss dta_proxy:  0.4366 Loss dta_trans:  0.0066 Loss dta_phys:  0.0071 Loss dta_preserve:  0.0045
Time:  0.0777 Epoch: 005 Iter:  500/ 600 LR: 0.0000983215 Loss content:  0.0173 Loss fft:  0.8276 Loss dta_rank:  0.7423 Loss dta_tv:  0.0287 Loss dta_proxy:  0.4460 Loss dta_trans:  0.0066 Loss dta_phys:  0.0066 Loss dta_preserve:  0.0054
Time:  0.0758 Epoch: 005 Iter:  550/ 600 LR: 0.0000983215 Loss content:  0.0175 Loss fft:  0.8382 Loss dta_rank:  0.7444 Loss dta_tv:  0.0294 Loss dta_proxy:  0.4470 Loss dta_trans:  0.0076 Loss dta_phys:  0.0071 Loss dta_preserve:  0.0049
Time:  0.0775 Epoch: 005 Iter:  600/ 600 LR: 0.0000983215 Loss content:  0.0170 Loss fft:  0.8003 Loss dta_rank:  0.7399 Loss dta_tv:  0.0297 Loss dta_proxy:  0.4311 Loss dta_trans:  0.0066 Loss dta_phys:  0.0071 Loss dta_preserve:  0.0051
EPOCH: 05
Elapsed time: 0.93 Epoch Pixel Loss:  0.0172 Epoch FFT Loss:  0.8183 Epoch DTA Rank:  0.7402 Epoch DTA TV:  0.0298 Epoch DTA Proxy:  0.4347 Epoch DTA Trans:  0.0066 Epoch DTA Phys:  0.0067 Epoch DTA Preserve:  0.0054
DTA_GATE_RAMP epoch=6 gate_limit=0.030000
Time:  0.0803 Epoch: 006 Iter:   50/ 600 LR: 0.0000942212 Loss content:  0.0179 Loss fft:  0.8425 Loss dta_rank:  0.7291 Loss dta_tv:  0.0296 Loss dta_proxy:  0.4189 Loss dta_trans:  0.0075 Loss dta_phys:  0.0066 Loss dta_preserve:  0.0056
Time:  0.0752 Epoch: 006 Iter:  100/ 600 LR: 0.0000942212 Loss content:  0.0175 Loss fft:  0.8412 Loss dta_rank:  0.7381 Loss dta_tv:  0.0296 Loss dta_proxy:  0.4295 Loss dta_trans:  0.0064 Loss dta_phys:  0.0070 Loss dta_preserve:  0.0040
Time:  0.0774 Epoch: 006 Iter:  150/ 600 LR: 0.0000942212 Loss content:  0.0173 Loss fft:  0.8406 Loss dta_rank:  0.7476 Loss dta_tv:  0.0291 Loss dta_proxy:  0.4243 Loss dta_trans:  0.0056 Loss dta_phys:  0.0057 Loss dta_preserve:  0.0049
Time:  0.0796 Epoch: 006 Iter:  200/ 600 LR: 0.0000942212 Loss content:  0.0164 Loss fft:  0.8039 Loss dta_rank:  0.7465 Loss dta_tv:  0.0283 Loss dta_proxy:  0.4538 Loss dta_trans:  0.0060 Loss dta_phys:  0.0077 Loss dta_preserve:  0.0056
Time:  0.0686 Epoch: 006 Iter:  250/ 600 LR: 0.0000942212 Loss content:  0.0177 Loss fft:  0.8369 Loss dta_rank:  0.7404 Loss dta_tv:  0.0281 Loss dta_proxy:  0.4414 Loss dta_trans:  0.0065 Loss dta_phys:  0.0061 Loss dta_preserve:  0.0046
Time:  0.0646 Epoch: 006 Iter:  300/ 600 LR: 0.0000942212 Loss content:  0.0168 Loss fft:  0.8130 Loss dta_rank:  0.7460 Loss dta_tv:  0.0288 Loss dta_proxy:  0.4426 Loss dta_trans:  0.0066 Loss dta_phys:  0.0074 Loss dta_preserve:  0.0052
Time:  0.0652 Epoch: 006 Iter:  350/ 600 LR: 0.0000942212 Loss content:  0.0171 Loss fft:  0.8300 Loss dta_rank:  0.7376 Loss dta_tv:  0.0292 Loss dta_proxy:  0.4149 Loss dta_trans:  0.0075 Loss dta_phys:  0.0066 Loss dta_preserve:  0.0059
Time:  0.0653 Epoch: 006 Iter:  400/ 600 LR: 0.0000942212 Loss content:  0.0172 Loss fft:  0.8306 Loss dta_rank:  0.7386 Loss dta_tv:  0.0275 Loss dta_proxy:  0.4578 Loss dta_trans:  0.0073 Loss dta_phys:  0.0063 Loss dta_preserve:  0.0052
Time:  0.0657 Epoch: 006 Iter:  450/ 600 LR: 0.0000942212 Loss content:  0.0171 Loss fft:  0.7945 Loss dta_rank:  0.7390 Loss dta_tv:  0.0294 Loss dta_proxy:  0.4295 Loss dta_trans:  0.0061 Loss dta_phys:  0.0069 Loss dta_preserve:  0.0048
Time:  0.0783 Epoch: 006 Iter:  500/ 600 LR: 0.0000942212 Loss content:  0.0168 Loss fft:  0.8053 Loss dta_rank:  0.7403 Loss dta_tv:  0.0280 Loss dta_proxy:  0.4570 Loss dta_trans:  0.0058 Loss dta_phys:  0.0070 Loss dta_preserve:  0.0058
Time:  0.0774 Epoch: 006 Iter:  550/ 600 LR: 0.0000942212 Loss content:  0.0170 Loss fft:  0.8271 Loss dta_rank:  0.7446 Loss dta_tv:  0.0288 Loss dta_proxy:  0.4440 Loss dta_trans:  0.0062 Loss dta_phys:  0.0067 Loss dta_preserve:  0.0042
Time:  0.0768 Epoch: 006 Iter:  600/ 600 LR: 0.0000942212 Loss content:  0.0175 Loss fft:  0.8025 Loss dta_rank:  0.7326 Loss dta_tv:  0.0291 Loss dta_proxy:  0.4346 Loss dta_trans:  0.0062 Loss dta_phys:  0.0072 Loss dta_preserve:  0.0052
EPOCH: 06
Elapsed time: 0.88 Epoch Pixel Loss:  0.0172 Epoch FFT Loss:  0.8223 Epoch DTA Rank:  0.7400 Epoch DTA TV:  0.0288 Epoch DTA Proxy:  0.4374 Epoch DTA Trans:  0.0065 Epoch DTA Phys:  0.0068 Epoch DTA Preserve:  0.0051
DTA_GATE_RAMP epoch=7 gate_limit=0.030000
Time:  0.0829 Epoch: 007 Iter:   50/ 600 LR: 0.0000886874 Loss content:  0.0173 Loss fft:  0.8541 Loss dta_rank:  0.7473 Loss dta_tv:  0.0297 Loss dta_proxy:  0.4232 Loss dta_trans:  0.0065 Loss dta_phys:  0.0059 Loss dta_preserve:  0.0049
Time:  0.0765 Epoch: 007 Iter:  100/ 600 LR: 0.0000886874 Loss content:  0.0171 Loss fft:  0.8107 Loss dta_rank:  0.7382 Loss dta_tv:  0.0278 Loss dta_proxy:  0.4479 Loss dta_trans:  0.0059 Loss dta_phys:  0.0067 Loss dta_preserve:  0.0045
Time:  0.0739 Epoch: 007 Iter:  150/ 600 LR: 0.0000886874 Loss content:  0.0166 Loss fft:  0.8023 Loss dta_rank:  0.7373 Loss dta_tv:  0.0277 Loss dta_proxy:  0.4646 Loss dta_trans:  0.0062 Loss dta_phys:  0.0080 Loss dta_preserve:  0.0051
Time:  0.0607 Epoch: 007 Iter:  200/ 600 LR: 0.0000886874 Loss content:  0.0175 Loss fft:  0.8416 Loss dta_rank:  0.7403 Loss dta_tv:  0.0287 Loss dta_proxy:  0.4203 Loss dta_trans:  0.0065 Loss dta_phys:  0.0063 Loss dta_preserve:  0.0055
Time:  0.0607 Epoch: 007 Iter:  250/ 600 LR: 0.0000886874 Loss content:  0.0169 Loss fft:  0.8058 Loss dta_rank:  0.7445 Loss dta_tv:  0.0272 Loss dta_proxy:  0.4521 Loss dta_trans:  0.0060 Loss dta_phys:  0.0068 Loss dta_preserve:  0.0042
Time:  0.0633 Epoch: 007 Iter:  300/ 600 LR: 0.0000886874 Loss content:  0.0162 Loss fft:  0.7805 Loss dta_rank:  0.7438 Loss dta_tv:  0.0284 Loss dta_proxy:  0.4232 Loss dta_trans:  0.0080 Loss dta_phys:  0.0070 Loss dta_preserve:  0.0043
Time:  0.0589 Epoch: 007 Iter:  350/ 600 LR: 0.0000886874 Loss content:  0.0181 Loss fft:  0.8290 Loss dta_rank:  0.7424 Loss dta_tv:  0.0275 Loss dta_proxy:  0.4520 Loss dta_trans:  0.0072 Loss dta_phys:  0.0066 Loss dta_preserve:  0.0055
Time:  0.0597 Epoch: 007 Iter:  400/ 600 LR: 0.0000886874 Loss content:  0.0166 Loss fft:  0.8004 Loss dta_rank:  0.7395 Loss dta_tv:  0.0284 Loss dta_proxy:  0.4494 Loss dta_trans:  0.0056 Loss dta_phys:  0.0074 Loss dta_preserve:  0.0047
Time:  0.0723 Epoch: 007 Iter:  450/ 600 LR: 0.0000886874 Loss content:  0.0170 Loss fft:  0.8171 Loss dta_rank:  0.7327 Loss dta_tv:  0.0291 Loss dta_proxy:  0.4267 Loss dta_trans:  0.0064 Loss dta_phys:  0.0070 Loss dta_preserve:  0.0046
Time:  0.0771 Epoch: 007 Iter:  500/ 600 LR: 0.0000886874 Loss content:  0.0175 Loss fft:  0.8215 Loss dta_rank:  0.7363 Loss dta_tv:  0.0281 Loss dta_proxy:  0.4398 Loss dta_trans:  0.0061 Loss dta_phys:  0.0073 Loss dta_preserve:  0.0051
Time:  0.0774 Epoch: 007 Iter:  550/ 600 LR: 0.0000886874 Loss content:  0.0165 Loss fft:  0.8279 Loss dta_rank:  0.7396 Loss dta_tv:  0.0286 Loss dta_proxy:  0.4313 Loss dta_trans:  0.0060 Loss dta_phys:  0.0068 Loss dta_preserve:  0.0057
Time:  0.0757 Epoch: 007 Iter:  600/ 600 LR: 0.0000886874 Loss content:  0.0168 Loss fft:  0.8148 Loss dta_rank:  0.7413 Loss dta_tv:  0.0275 Loss dta_proxy:  0.4458 Loss dta_trans:  0.0054 Loss dta_phys:  0.0066 Loss dta_preserve:  0.0049
EPOCH: 07
Elapsed time: 0.84 Epoch Pixel Loss:  0.0170 Epoch FFT Loss:  0.8171 Epoch DTA Rank:  0.7403 Epoch DTA TV:  0.0282 Epoch DTA Proxy:  0.4397 Epoch DTA Trans:  0.0063 Epoch DTA Phys:  0.0069 Epoch DTA Preserve:  0.0049
DTA_GATE_RAMP epoch=8 gate_limit=0.030000
Time:  0.0836 Epoch: 008 Iter:   50/ 600 LR: 0.0000819070 Loss content:  0.0172 Loss fft:  0.8291 Loss dta_rank:  0.7394 Loss dta_tv:  0.0279 Loss dta_proxy:  0.4317 Loss dta_trans:  0.0056 Loss dta_phys:  0.0062 Loss dta_preserve:  0.0067
Time:  0.0774 Epoch: 008 Iter:  100/ 600 LR: 0.0000819070 Loss content:  0.0171 Loss fft:  0.8042 Loss dta_rank:  0.7415 Loss dta_tv:  0.0278 Loss dta_proxy:  0.4479 Loss dta_trans:  0.0067 Loss dta_phys:  0.0067 Loss dta_preserve:  0.0055
Time:  0.0752 Epoch: 008 Iter:  150/ 600 LR: 0.0000819070 Loss content:  0.0170 Loss fft:  0.7954 Loss dta_rank:  0.7464 Loss dta_tv:  0.0269 Loss dta_proxy:  0.4444 Loss dta_trans:  0.0055 Loss dta_phys:  0.0071 Loss dta_preserve:  0.0057
Time:  0.0767 Epoch: 008 Iter:  200/ 600 LR: 0.0000819070 Loss content:  0.0176 Loss fft:  0.8303 Loss dta_rank:  0.7421 Loss dta_tv:  0.0271 Loss dta_proxy:  0.4454 Loss dta_trans:  0.0062 Loss dta_phys:  0.0069 Loss dta_preserve:  0.0055
Time:  0.0787 Epoch: 008 Iter:  250/ 600 LR: 0.0000819070 Loss content:  0.0169 Loss fft:  0.8106 Loss dta_rank:  0.7388 Loss dta_tv:  0.0275 Loss dta_proxy:  0.4207 Loss dta_trans:  0.0055 Loss dta_phys:  0.0066 Loss dta_preserve:  0.0048
Time:  0.0786 Epoch: 008 Iter:  300/ 600 LR: 0.0000819070 Loss content:  0.0171 Loss fft:  0.8260 Loss dta_rank:  0.7312 Loss dta_tv:  0.0271 Loss dta_proxy:  0.4390 Loss dta_trans:  0.0072 Loss dta_phys:  0.0075 Loss dta_preserve:  0.0049
Time:  0.0768 Epoch: 008 Iter:  350/ 600 LR: 0.0000819070 Loss content:  0.0171 Loss fft:  0.8336 Loss dta_rank:  0.7394 Loss dta_tv:  0.0280 Loss dta_proxy:  0.4293 Loss dta_trans:  0.0064 Loss dta_phys:  0.0064 Loss dta_preserve:  0.0054
Time:  0.0785 Epoch: 008 Iter:  400/ 600 LR: 0.0000819070 Loss content:  0.0179 Loss fft:  0.8269 Loss dta_rank:  0.7382 Loss dta_tv:  0.0282 Loss dta_proxy:  0.4137 Loss dta_trans:  0.0067 Loss dta_phys:  0.0069 Loss dta_preserve:  0.0053
Time:  0.0816 Epoch: 008 Iter:  450/ 600 LR: 0.0000819070 Loss content:  0.0171 Loss fft:  0.8197 Loss dta_rank:  0.7362 Loss dta_tv:  0.0270 Loss dta_proxy:  0.4532 Loss dta_trans:  0.0060 Loss dta_phys:  0.0071 Loss dta_preserve:  0.0047
Time:  0.0781 Epoch: 008 Iter:  500/ 600 LR: 0.0000819070 Loss content:  0.0170 Loss fft:  0.8026 Loss dta_rank:  0.7440 Loss dta_tv:  0.0277 Loss dta_proxy:  0.4196 Loss dta_trans:  0.0058 Loss dta_phys:  0.0067 Loss dta_preserve:  0.0049
Time:  0.0807 Epoch: 008 Iter:  550/ 600 LR: 0.0000819070 Loss content:  0.0164 Loss fft:  0.7983 Loss dta_rank:  0.7420 Loss dta_tv:  0.0271 Loss dta_proxy:  0.4396 Loss dta_trans:  0.0061 Loss dta_phys:  0.0071 Loss dta_preserve:  0.0050
Time:  0.0802 Epoch: 008 Iter:  600/ 600 LR: 0.0000819070 Loss content:  0.0170 Loss fft:  0.8367 Loss dta_rank:  0.7380 Loss dta_tv:  0.0285 Loss dta_proxy:  0.4248 Loss dta_trans:  0.0071 Loss dta_phys:  0.0065 Loss dta_preserve:  0.0055
EPOCH: 08
Elapsed time: 0.95 Epoch Pixel Loss:  0.0171 Epoch FFT Loss:  0.8178 Epoch DTA Rank:  0.7398 Epoch DTA TV:  0.0276 Epoch DTA Proxy:  0.4341 Epoch DTA Trans:  0.0062 Epoch DTA Phys:  0.0068 Epoch DTA Preserve:  0.0053
DTA_GATE_RAMP epoch=9 gate_limit=0.060000
Time:  0.0805 Epoch: 009 Iter:   50/ 600 LR: 0.0000741093 Loss content:  0.0160 Loss fft:  0.7774 Loss dta_rank:  0.7464 Loss dta_tv:  0.0278 Loss dta_proxy:  0.4343 Loss dta_trans:  0.0059 Loss dta_phys:  0.0066 Loss dta_preserve:  0.0041
Time:  0.0762 Epoch: 009 Iter:  100/ 600 LR: 0.0000741093 Loss content:  0.0181 Loss fft:  0.8498 Loss dta_rank:  0.7401 Loss dta_tv:  0.0267 Loss dta_proxy:  0.4508 Loss dta_trans:  0.0061 Loss dta_phys:  0.0073 Loss dta_preserve:  0.0053
Time:  0.0777 Epoch: 009 Iter:  150/ 600 LR: 0.0000741093 Loss content:  0.0167 Loss fft:  0.7817 Loss dta_rank:  0.7419 Loss dta_tv:  0.0276 Loss dta_proxy:  0.4322 Loss dta_trans:  0.0065 Loss dta_phys:  0.0073 Loss dta_preserve:  0.0045
Time:  0.0814 Epoch: 009 Iter:  200/ 600 LR: 0.0000741093 Loss content:  0.0174 Loss fft:  0.8374 Loss dta_rank:  0.7404 Loss dta_tv:  0.0272 Loss dta_proxy:  0.4387 Loss dta_trans:  0.0066 Loss dta_phys:  0.0065 Loss dta_preserve:  0.0059
Time:  0.0791 Epoch: 009 Iter:  250/ 600 LR: 0.0000741093 Loss content:  0.0178 Loss fft:  0.8289 Loss dta_rank:  0.7343 Loss dta_tv:  0.0273 Loss dta_proxy:  0.4384 Loss dta_trans:  0.0061 Loss dta_phys:  0.0067 Loss dta_preserve:  0.0049
Time:  0.0753 Epoch: 009 Iter:  300/ 600 LR: 0.0000741093 Loss content:  0.0168 Loss fft:  0.7958 Loss dta_rank:  0.7354 Loss dta_tv:  0.0273 Loss dta_proxy:  0.4340 Loss dta_trans:  0.0065 Loss dta_phys:  0.0067 Loss dta_preserve:  0.0044
Time:  0.0745 Epoch: 009 Iter:  350/ 600 LR: 0.0000741093 Loss content:  0.0183 Loss fft:  0.8719 Loss dta_rank:  0.7374 Loss dta_tv:  0.0283 Loss dta_proxy:  0.4215 Loss dta_trans:  0.0064 Loss dta_phys:  0.0058 Loss dta_preserve:  0.0049
Time:  0.0776 Epoch: 009 Iter:  400/ 600 LR: 0.0000741093 Loss content:  0.0172 Loss fft:  0.8204 Loss dta_rank:  0.7403 Loss dta_tv:  0.0268 Loss dta_proxy:  0.4357 Loss dta_trans:  0.0067 Loss dta_phys:  0.0068 Loss dta_preserve:  0.0067
Time:  0.0769 Epoch: 009 Iter:  450/ 600 LR: 0.0000741093 Loss content:  0.0173 Loss fft:  0.7987 Loss dta_rank:  0.7327 Loss dta_tv:  0.0259 Loss dta_proxy:  0.4348 Loss dta_trans:  0.0064 Loss dta_phys:  0.0067 Loss dta_preserve:  0.0041
Time:  0.0771 Epoch: 009 Iter:  500/ 600 LR: 0.0000741093 Loss content:  0.0174 Loss fft:  0.8408 Loss dta_rank:  0.7438 Loss dta_tv:  0.0269 Loss dta_proxy:  0.4439 Loss dta_trans:  0.0052 Loss dta_phys:  0.0067 Loss dta_preserve:  0.0053
Time:  0.0772 Epoch: 009 Iter:  550/ 600 LR: 0.0000741093 Loss content:  0.0167 Loss fft:  0.7993 Loss dta_rank:  0.7355 Loss dta_tv:  0.0277 Loss dta_proxy:  0.4182 Loss dta_trans:  0.0053 Loss dta_phys:  0.0065 Loss dta_preserve:  0.0048
Time:  0.0791 Epoch: 009 Iter:  600/ 600 LR: 0.0000741093 Loss content:  0.0169 Loss fft:  0.8137 Loss dta_rank:  0.7515 Loss dta_tv:  0.0272 Loss dta_proxy:  0.4454 Loss dta_trans:  0.0070 Loss dta_phys:  0.0070 Loss dta_preserve:  0.0063
EPOCH: 09
Elapsed time: 0.94 Epoch Pixel Loss:  0.0172 Epoch FFT Loss:  0.8180 Epoch DTA Rank:  0.7400 Epoch DTA TV:  0.0272 Epoch DTA Proxy:  0.4357 Epoch DTA Trans:  0.0062 Epoch DTA Phys:  0.0067 Epoch DTA Preserve:  0.0051
DTA_GATE_RAMP epoch=10 gate_limit=0.060000
Time:  0.0832 Epoch: 010 Iter:   50/ 600 LR: 0.0000655580 Loss content:  0.0171 Loss fft:  0.8130 Loss dta_rank:  0.7310 Loss dta_tv:  0.0272 Loss dta_proxy:  0.4241 Loss dta_trans:  0.0077 Loss dta_phys:  0.0073 Loss dta_preserve:  0.0053
Time:  0.0781 Epoch: 010 Iter:  100/ 600 LR: 0.0000655580 Loss content:  0.0164 Loss fft:  0.8107 Loss dta_rank:  0.7399 Loss dta_tv:  0.0266 Loss dta_proxy:  0.4533 Loss dta_trans:  0.0057 Loss dta_phys:  0.0064 Loss dta_preserve:  0.0054
Time:  0.0756 Epoch: 010 Iter:  150/ 600 LR: 0.0000655580 Loss content:  0.0177 Loss fft:  0.8177 Loss dta_rank:  0.7423 Loss dta_tv:  0.0272 Loss dta_proxy:  0.4346 Loss dta_trans:  0.0069 Loss dta_phys:  0.0067 Loss dta_preserve:  0.0054
Time:  0.0734 Epoch: 010 Iter:  200/ 600 LR: 0.0000655580 Loss content:  0.0172 Loss fft:  0.8181 Loss dta_rank:  0.7411 Loss dta_tv:  0.0270 Loss dta_proxy:  0.4367 Loss dta_trans:  0.0056 Loss dta_phys:  0.0071 Loss dta_preserve:  0.0067
Time:  0.0727 Epoch: 010 Iter:  250/ 600 LR: 0.0000655580 Loss content:  0.0166 Loss fft:  0.7907 Loss dta_rank:  0.7420 Loss dta_tv:  0.0272 Loss dta_proxy:  0.4176 Loss dta_trans:  0.0064 Loss dta_phys:  0.0067 Loss dta_preserve:  0.0040
Time:  0.0740 Epoch: 010 Iter:  300/ 600 LR: 0.0000655580 Loss content:  0.0167 Loss fft:  0.8185 Loss dta_rank:  0.7400 Loss dta_tv:  0.0271 Loss dta_proxy:  0.4375 Loss dta_trans:  0.0059 Loss dta_phys:  0.0063 Loss dta_preserve:  0.0040
Time:  0.0717 Epoch: 010 Iter:  350/ 600 LR: 0.0000655580 Loss content:  0.0178 Loss fft:  0.8324 Loss dta_rank:  0.7400 Loss dta_tv:  0.0274 Loss dta_proxy:  0.4220 Loss dta_trans:  0.0063 Loss dta_phys:  0.0072 Loss dta_preserve:  0.0050
Time:  0.0742 Epoch: 010 Iter:  400/ 600 LR: 0.0000655580 Loss content:  0.0175 Loss fft:  0.8386 Loss dta_rank:  0.7464 Loss dta_tv:  0.0270 Loss dta_proxy:  0.4219 Loss dta_trans:  0.0056 Loss dta_phys:  0.0062 Loss dta_preserve:  0.0053
Time:  0.0723 Epoch: 010 Iter:  450/ 600 LR: 0.0000655580 Loss content:  0.0171 Loss fft:  0.8317 Loss dta_rank:  0.7436 Loss dta_tv:  0.0262 Loss dta_proxy:  0.4492 Loss dta_trans:  0.0059 Loss dta_phys:  0.0067 Loss dta_preserve:  0.0057
Time:  0.0674 Epoch: 010 Iter:  500/ 600 LR: 0.0000655580 Loss content:  0.0165 Loss fft:  0.7952 Loss dta_rank:  0.7406 Loss dta_tv:  0.0269 Loss dta_proxy:  0.4391 Loss dta_trans:  0.0054 Loss dta_phys:  0.0068 Loss dta_preserve:  0.0046
Time:  0.0703 Epoch: 010 Iter:  550/ 600 LR: 0.0000655580 Loss content:  0.0168 Loss fft:  0.8094 Loss dta_rank:  0.7451 Loss dta_tv:  0.0268 Loss dta_proxy:  0.4254 Loss dta_trans:  0.0065 Loss dta_phys:  0.0071 Loss dta_preserve:  0.0053
Time:  0.0739 Epoch: 010 Iter:  600/ 600 LR: 0.0000655580 Loss content:  0.0173 Loss fft:  0.8072 Loss dta_rank:  0.7442 Loss dta_tv:  0.0266 Loss dta_proxy:  0.4344 Loss dta_trans:  0.0055 Loss dta_phys:  0.0067 Loss dta_preserve:  0.0049
EPOCH: 10
Elapsed time: 0.89 Epoch Pixel Loss:  0.0170 Epoch FFT Loss:  0.8153 Epoch DTA Rank:  0.7413 Epoch DTA TV:  0.0269 Epoch DTA Proxy:  0.4330 Epoch DTA Trans:  0.0061 Epoch DTA Phys:  0.0068 Epoch DTA Preserve:  0.0051
DTA_GATE_RAMP epoch=11 gate_limit=0.060000
Time:  0.0799 Epoch: 011 Iter:   50/ 600 LR: 0.0000565424 Loss content:  0.0173 Loss fft:  0.8338 Loss dta_rank:  0.7361 Loss dta_tv:  0.0274 Loss dta_proxy:  0.4214 Loss dta_trans:  0.0065 Loss dta_phys:  0.0065 Loss dta_preserve:  0.0057
Time:  0.0736 Epoch: 011 Iter:  100/ 600 LR: 0.0000565424 Loss content:  0.0171 Loss fft:  0.8203 Loss dta_rank:  0.7400 Loss dta_tv:  0.0266 Loss dta_proxy:  0.4393 Loss dta_trans:  0.0056 Loss dta_phys:  0.0072 Loss dta_preserve:  0.0066
Time:  0.0693 Epoch: 011 Iter:  150/ 600 LR: 0.0000565424 Loss content:  0.0169 Loss fft:  0.8125 Loss dta_rank:  0.7467 Loss dta_tv:  0.0265 Loss dta_proxy:  0.4313 Loss dta_trans:  0.0054 Loss dta_phys:  0.0064 Loss dta_preserve:  0.0063
Time:  0.0735 Epoch: 011 Iter:  200/ 600 LR: 0.0000565424 Loss content:  0.0167 Loss fft:  0.8128 Loss dta_rank:  0.7440 Loss dta_tv:  0.0274 Loss dta_proxy:  0.4244 Loss dta_trans:  0.0064 Loss dta_phys:  0.0071 Loss dta_preserve:  0.0061
Time:  0.0748 Epoch: 011 Iter:  250/ 600 LR: 0.0000565424 Loss content:  0.0168 Loss fft:  0.8171 Loss dta_rank:  0.7457 Loss dta_tv:  0.0260 Loss dta_proxy:  0.4463 Loss dta_trans:  0.0047 Loss dta_phys:  0.0068 Loss dta_preserve:  0.0055
Time:  0.0721 Epoch: 011 Iter:  300/ 600 LR: 0.0000565424 Loss content:  0.0172 Loss fft:  0.8408 Loss dta_rank:  0.7366 Loss dta_tv:  0.0278 Loss dta_proxy:  0.4144 Loss dta_trans:  0.0060 Loss dta_phys:  0.0074 Loss dta_preserve:  0.0061
Time:  0.0783 Epoch: 011 Iter:  350/ 600 LR: 0.0000565424 Loss content:  0.0178 Loss fft:  0.8213 Loss dta_rank:  0.7353 Loss dta_tv:  0.0260 Loss dta_proxy:  0.4598 Loss dta_trans:  0.0062 Loss dta_phys:  0.0073 Loss dta_preserve:  0.0063
Time:  0.0774 Epoch: 011 Iter:  400/ 600 LR: 0.0000565424 Loss content:  0.0164 Loss fft:  0.8077 Loss dta_rank:  0.7422 Loss dta_tv:  0.0268 Loss dta_proxy:  0.4252 Loss dta_trans:  0.0055 Loss dta_phys:  0.0064 Loss dta_preserve:  0.0041
Time:  0.0706 Epoch: 011 Iter:  450/ 600 LR: 0.0000565424 Loss content:  0.0175 Loss fft:  0.8361 Loss dta_rank:  0.7334 Loss dta_tv:  0.0262 Loss dta_proxy:  0.4376 Loss dta_trans:  0.0060 Loss dta_phys:  0.0062 Loss dta_preserve:  0.0054
Time:  0.0716 Epoch: 011 Iter:  500/ 600 LR: 0.0000565424 Loss content:  0.0170 Loss fft:  0.8033 Loss dta_rank:  0.7436 Loss dta_tv:  0.0266 Loss dta_proxy:  0.4262 Loss dta_trans:  0.0061 Loss dta_phys:  0.0069 Loss dta_preserve:  0.0052
Time:  0.0735 Epoch: 011 Iter:  550/ 600 LR: 0.0000565424 Loss content:  0.0171 Loss fft:  0.8166 Loss dta_rank:  0.7388 Loss dta_tv:  0.0268 Loss dta_proxy:  0.3979 Loss dta_trans:  0.0061 Loss dta_phys:  0.0060 Loss dta_preserve:  0.0047
Time:  0.0752 Epoch: 011 Iter:  600/ 600 LR: 0.0000565424 Loss content:  0.0170 Loss fft:  0.8160 Loss dta_rank:  0.7489 Loss dta_tv:  0.0263 Loss dta_proxy:  0.4372 Loss dta_trans:  0.0065 Loss dta_phys:  0.0068 Loss dta_preserve:  0.0061
EPOCH: 11
Elapsed time: 0.89 Epoch Pixel Loss:  0.0171 Epoch FFT Loss:  0.8199 Epoch DTA Rank:  0.7409 Epoch DTA TV:  0.0267 Epoch DTA Proxy:  0.4301 Epoch DTA Trans:  0.0059 Epoch DTA Phys:  0.0067 Epoch DTA Preserve:  0.0057
DTA_GATE_RAMP epoch=12 gate_limit=0.060000
Time:  0.0763 Epoch: 012 Iter:   50/ 600 LR: 0.0000473670 Loss content:  0.0172 Loss fft:  0.8290 Loss dta_rank:  0.7435 Loss dta_tv:  0.0255 Loss dta_proxy:  0.4497 Loss dta_trans:  0.0056 Loss dta_phys:  0.0069 Loss dta_preserve:  0.0047
Time:  0.0726 Epoch: 012 Iter:  100/ 600 LR: 0.0000473670 Loss content:  0.0162 Loss fft:  0.7844 Loss dta_rank:  0.7355 Loss dta_tv:  0.0262 Loss dta_proxy:  0.4175 Loss dta_trans:  0.0052 Loss dta_phys:  0.0066 Loss dta_preserve:  0.0046
Time:  0.0744 Epoch: 012 Iter:  150/ 600 LR: 0.0000473670 Loss content:  0.0172 Loss fft:  0.7994 Loss dta_rank:  0.7357 Loss dta_tv:  0.0268 Loss dta_proxy:  0.4316 Loss dta_trans:  0.0059 Loss dta_phys:  0.0073 Loss dta_preserve:  0.0047
Time:  0.0764 Epoch: 012 Iter:  200/ 600 LR: 0.0000473670 Loss content:  0.0174 Loss fft:  0.7972 Loss dta_rank:  0.7392 Loss dta_tv:  0.0273 Loss dta_proxy:  0.4277 Loss dta_trans:  0.0068 Loss dta_phys:  0.0071 Loss dta_preserve:  0.0059
Time:  0.0741 Epoch: 012 Iter:  250/ 600 LR: 0.0000473670 Loss content:  0.0172 Loss fft:  0.8071 Loss dta_rank:  0.7339 Loss dta_tv:  0.0262 Loss dta_proxy:  0.4282 Loss dta_trans:  0.0063 Loss dta_phys:  0.0071 Loss dta_preserve:  0.0052
Time:  0.0765 Epoch: 012 Iter:  300/ 600 LR: 0.0000473670 Loss content:  0.0181 Loss fft:  0.7911 Loss dta_rank:  0.7387 Loss dta_tv:  0.0271 Loss dta_proxy:  0.4198 Loss dta_trans:  0.0071 Loss dta_phys:  0.0065 Loss dta_preserve:  0.0057
Time:  0.0709 Epoch: 012 Iter:  350/ 600 LR: 0.0000473670 Loss content:  0.0166 Loss fft:  0.8051 Loss dta_rank:  0.7392 Loss dta_tv:  0.0269 Loss dta_proxy:  0.4299 Loss dta_trans:  0.0063 Loss dta_phys:  0.0070 Loss dta_preserve:  0.0058
Time:  0.0787 Epoch: 012 Iter:  400/ 600 LR: 0.0000473670 Loss content:  0.0166 Loss fft:  0.8309 Loss dta_rank:  0.7379 Loss dta_tv:  0.0270 Loss dta_proxy:  0.4205 Loss dta_trans:  0.0049 Loss dta_phys:  0.0056 Loss dta_preserve:  0.0045
Time:  0.0695 Epoch: 012 Iter:  450/ 600 LR: 0.0000473670 Loss content:  0.0173 Loss fft:  0.8253 Loss dta_rank:  0.7413 Loss dta_tv:  0.0270 Loss dta_proxy:  0.4292 Loss dta_trans:  0.0059 Loss dta_phys:  0.0069 Loss dta_preserve:  0.0040
Time:  0.0707 Epoch: 012 Iter:  500/ 600 LR: 0.0000473670 Loss content:  0.0176 Loss fft:  0.8355 Loss dta_rank:  0.7382 Loss dta_tv:  0.0261 Loss dta_proxy:  0.4371 Loss dta_trans:  0.0053 Loss dta_phys:  0.0068 Loss dta_preserve:  0.0057
Time:  0.0724 Epoch: 012 Iter:  550/ 600 LR: 0.0000473670 Loss content:  0.0171 Loss fft:  0.8269 Loss dta_rank:  0.7476 Loss dta_tv:  0.0260 Loss dta_proxy:  0.4361 Loss dta_trans:  0.0060 Loss dta_phys:  0.0064 Loss dta_preserve:  0.0049
Time:  0.0748 Epoch: 012 Iter:  600/ 600 LR: 0.0000473670 Loss content:  0.0172 Loss fft:  0.8388 Loss dta_rank:  0.7411 Loss dta_tv:  0.0258 Loss dta_proxy:  0.4406 Loss dta_trans:  0.0059 Loss dta_phys:  0.0067 Loss dta_preserve:  0.0057
EPOCH: 12
Elapsed time: 0.89 Epoch Pixel Loss:  0.0171 Epoch FFT Loss:  0.8142 Epoch DTA Rank:  0.7393 Epoch DTA TV:  0.0265 Epoch DTA Proxy:  0.4307 Epoch DTA Trans:  0.0059 Epoch DTA Phys:  0.0067 Epoch DTA Preserve:  0.0051
DTA_GATE_RAMP epoch=13 gate_limit=0.060000
Time:  0.0695 Epoch: 013 Iter:   50/ 600 LR: 0.0000383414 Loss content:  0.0168 Loss fft:  0.8048 Loss dta_rank:  0.7382 Loss dta_tv:  0.0276 Loss dta_proxy:  0.4165 Loss dta_trans:  0.0057 Loss dta_phys:  0.0064 Loss dta_preserve:  0.0054
Time:  0.0719 Epoch: 013 Iter:  100/ 600 LR: 0.0000383414 Loss content:  0.0168 Loss fft:  0.8083 Loss dta_rank:  0.7416 Loss dta_tv:  0.0276 Loss dta_proxy:  0.4243 Loss dta_trans:  0.0061 Loss dta_phys:  0.0068 Loss dta_preserve:  0.0056
Time:  0.0827 Epoch: 013 Iter:  150/ 600 LR: 0.0000383414 Loss content:  0.0172 Loss fft:  0.8098 Loss dta_rank:  0.7373 Loss dta_tv:  0.0249 Loss dta_proxy:  0.4637 Loss dta_trans:  0.0056 Loss dta_phys:  0.0068 Loss dta_preserve:  0.0035
Time:  0.0746 Epoch: 013 Iter:  200/ 600 LR: 0.0000383414 Loss content:  0.0172 Loss fft:  0.8357 Loss dta_rank:  0.7415 Loss dta_tv:  0.0272 Loss dta_proxy:  0.4178 Loss dta_trans:  0.0050 Loss dta_phys:  0.0071 Loss dta_preserve:  0.0045
Time:  0.0643 Epoch: 013 Iter:  250/ 600 LR: 0.0000383414 Loss content:  0.0169 Loss fft:  0.8002 Loss dta_rank:  0.7456 Loss dta_tv:  0.0263 Loss dta_proxy:  0.4288 Loss dta_trans:  0.0058 Loss dta_phys:  0.0067 Loss dta_preserve:  0.0043
Time:  0.0633 Epoch: 013 Iter:  300/ 600 LR: 0.0000383414 Loss content:  0.0168 Loss fft:  0.8012 Loss dta_rank:  0.7479 Loss dta_tv:  0.0261 Loss dta_proxy:  0.4275 Loss dta_trans:  0.0058 Loss dta_phys:  0.0064 Loss dta_preserve:  0.0054
Time:  0.0635 Epoch: 013 Iter:  350/ 600 LR: 0.0000383414 Loss content:  0.0167 Loss fft:  0.8062 Loss dta_rank:  0.7379 Loss dta_tv:  0.0268 Loss dta_proxy:  0.4108 Loss dta_trans:  0.0069 Loss dta_phys:  0.0069 Loss dta_preserve:  0.0052
Time:  0.0752 Epoch: 013 Iter:  400/ 600 LR: 0.0000383414 Loss content:  0.0171 Loss fft:  0.7804 Loss dta_rank:  0.7370 Loss dta_tv:  0.0260 Loss dta_proxy:  0.4439 Loss dta_trans:  0.0063 Loss dta_phys:  0.0076 Loss dta_preserve:  0.0054
Time:  0.0732 Epoch: 013 Iter:  450/ 600 LR: 0.0000383414 Loss content:  0.0177 Loss fft:  0.8419 Loss dta_rank:  0.7435 Loss dta_tv:  0.0262 Loss dta_proxy:  0.4363 Loss dta_trans:  0.0063 Loss dta_phys:  0.0071 Loss dta_preserve:  0.0060
Time:  0.0741 Epoch: 013 Iter:  500/ 600 LR: 0.0000383414 Loss content:  0.0174 Loss fft:  0.8520 Loss dta_rank:  0.7365 Loss dta_tv:  0.0265 Loss dta_proxy:  0.4360 Loss dta_trans:  0.0056 Loss dta_phys:  0.0062 Loss dta_preserve:  0.0038
Time:  0.0762 Epoch: 013 Iter:  550/ 600 LR: 0.0000383414 Loss content:  0.0175 Loss fft:  0.8316 Loss dta_rank:  0.7392 Loss dta_tv:  0.0262 Loss dta_proxy:  0.4424 Loss dta_trans:  0.0059 Loss dta_phys:  0.0069 Loss dta_preserve:  0.0060
Time:  0.0742 Epoch: 013 Iter:  600/ 600 LR: 0.0000383414 Loss content:  0.0165 Loss fft:  0.8122 Loss dta_rank:  0.7436 Loss dta_tv:  0.0268 Loss dta_proxy:  0.4264 Loss dta_trans:  0.0065 Loss dta_phys:  0.0069 Loss dta_preserve:  0.0062
EPOCH: 13
Elapsed time: 0.87 Epoch Pixel Loss:  0.0171 Epoch FFT Loss:  0.8154 Epoch DTA Rank:  0.7408 Epoch DTA TV:  0.0265 Epoch DTA Proxy:  0.4312 Epoch DTA Trans:  0.0060 Epoch DTA Phys:  0.0068 Epoch DTA Preserve:  0.0051
DTA_GATE_RAMP epoch=14 gate_limit=0.060000
Time:  0.0749 Epoch: 014 Iter:   50/ 600 LR: 0.0000297690 Loss content:  0.0166 Loss fft:  0.8069 Loss dta_rank:  0.7471 Loss dta_tv:  0.0262 Loss dta_proxy:  0.4429 Loss dta_trans:  0.0049 Loss dta_phys:  0.0070 Loss dta_preserve:  0.0040
Time:  0.0728 Epoch: 014 Iter:  100/ 600 LR: 0.0000297690 Loss content:  0.0167 Loss fft:  0.8189 Loss dta_rank:  0.7497 Loss dta_tv:  0.0270 Loss dta_proxy:  0.4359 Loss dta_trans:  0.0060 Loss dta_phys:  0.0063 Loss dta_preserve:  0.0044
Time:  0.0751 Epoch: 014 Iter:  150/ 600 LR: 0.0000297690 Loss content:  0.0166 Loss fft:  0.8107 Loss dta_rank:  0.7468 Loss dta_tv:  0.0271 Loss dta_proxy:  0.4322 Loss dta_trans:  0.0062 Loss dta_phys:  0.0067 Loss dta_preserve:  0.0061
Time:  0.0678 Epoch: 014 Iter:  200/ 600 LR: 0.0000297690 Loss content:  0.0158 Loss fft:  0.7779 Loss dta_rank:  0.7403 Loss dta_tv:  0.0261 Loss dta_proxy:  0.4222 Loss dta_trans:  0.0051 Loss dta_phys:  0.0062 Loss dta_preserve:  0.0049
Time:  0.0716 Epoch: 014 Iter:  250/ 600 LR: 0.0000297690 Loss content:  0.0175 Loss fft:  0.8367 Loss dta_rank:  0.7455 Loss dta_tv:  0.0261 Loss dta_proxy:  0.4405 Loss dta_trans:  0.0053 Loss dta_phys:  0.0068 Loss dta_preserve:  0.0057
Time:  0.0750 Epoch: 014 Iter:  300/ 600 LR: 0.0000297690 Loss content:  0.0171 Loss fft:  0.8137 Loss dta_rank:  0.7341 Loss dta_tv:  0.0261 Loss dta_proxy:  0.4330 Loss dta_trans:  0.0064 Loss dta_phys:  0.0072 Loss dta_preserve:  0.0060
Time:  0.0754 Epoch: 014 Iter:  350/ 600 LR: 0.0000297690 Loss content:  0.0176 Loss fft:  0.8211 Loss dta_rank:  0.7372 Loss dta_tv:  0.0262 Loss dta_proxy:  0.4187 Loss dta_trans:  0.0065 Loss dta_phys:  0.0066 Loss dta_preserve:  0.0057
Time:  0.0750 Epoch: 014 Iter:  400/ 600 LR: 0.0000297690 Loss content:  0.0173 Loss fft:  0.8343 Loss dta_rank:  0.7467 Loss dta_tv:  0.0259 Loss dta_proxy:  0.4346 Loss dta_trans:  0.0058 Loss dta_phys:  0.0071 Loss dta_preserve:  0.0046
Time:  0.0758 Epoch: 014 Iter:  450/ 600 LR: 0.0000297690 Loss content:  0.0170 Loss fft:  0.8269 Loss dta_rank:  0.7356 Loss dta_tv:  0.0265 Loss dta_proxy:  0.4251 Loss dta_trans:  0.0056 Loss dta_phys:  0.0064 Loss dta_preserve:  0.0051
Time:  0.0750 Epoch: 014 Iter:  500/ 600 LR: 0.0000297690 Loss content:  0.0162 Loss fft:  0.7872 Loss dta_rank:  0.7444 Loss dta_tv:  0.0268 Loss dta_proxy:  0.4270 Loss dta_trans:  0.0066 Loss dta_phys:  0.0071 Loss dta_preserve:  0.0043
Time:  0.0681 Epoch: 014 Iter:  550/ 600 LR: 0.0000297690 Loss content:  0.0166 Loss fft:  0.8011 Loss dta_rank:  0.7371 Loss dta_tv:  0.0263 Loss dta_proxy:  0.4388 Loss dta_trans:  0.0057 Loss dta_phys:  0.0070 Loss dta_preserve:  0.0060
Time:  0.0710 Epoch: 014 Iter:  600/ 600 LR: 0.0000297690 Loss content:  0.0176 Loss fft:  0.8182 Loss dta_rank:  0.7353 Loss dta_tv:  0.0259 Loss dta_proxy:  0.4278 Loss dta_trans:  0.0065 Loss dta_phys:  0.0061 Loss dta_preserve:  0.0050
EPOCH: 14
Elapsed time: 0.88 Epoch Pixel Loss:  0.0169 Epoch FFT Loss:  0.8128 Epoch DTA Rank:  0.7417 Epoch DTA TV:  0.0264 Epoch DTA Proxy:  0.4316 Epoch DTA Trans:  0.0059 Epoch DTA Phys:  0.0067 Epoch DTA Preserve:  0.0052
DTA_GATE_RAMP epoch=15 gate_limit=0.060000
Time:  0.0781 Epoch: 015 Iter:   50/ 600 LR: 0.0000219361 Loss content:  0.0178 Loss fft:  0.8302 Loss dta_rank:  0.7370 Loss dta_tv:  0.0257 Loss dta_proxy:  0.4564 Loss dta_trans:  0.0050 Loss dta_phys:  0.0064 Loss dta_preserve:  0.0047
Time:  0.0724 Epoch: 015 Iter:  100/ 600 LR: 0.0000219361 Loss content:  0.0175 Loss fft:  0.8262 Loss dta_rank:  0.7394 Loss dta_tv:  0.0258 Loss dta_proxy:  0.4569 Loss dta_trans:  0.0059 Loss dta_phys:  0.0071 Loss dta_preserve:  0.0071
Time:  0.0745 Epoch: 015 Iter:  150/ 600 LR: 0.0000219361 Loss content:  0.0170 Loss fft:  0.8282 Loss dta_rank:  0.7389 Loss dta_tv:  0.0269 Loss dta_proxy:  0.4159 Loss dta_trans:  0.0058 Loss dta_phys:  0.0062 Loss dta_preserve:  0.0043
Time:  0.0768 Epoch: 015 Iter:  200/ 600 LR: 0.0000219361 Loss content:  0.0172 Loss fft:  0.8187 Loss dta_rank:  0.7471 Loss dta_tv:  0.0260 Loss dta_proxy:  0.4329 Loss dta_trans:  0.0051 Loss dta_phys:  0.0070 Loss dta_preserve:  0.0047
Time:  0.0761 Epoch: 015 Iter:  250/ 600 LR: 0.0000219361 Loss content:  0.0163 Loss fft:  0.7892 Loss dta_rank:  0.7424 Loss dta_tv:  0.0262 Loss dta_proxy:  0.4388 Loss dta_trans:  0.0065 Loss dta_phys:  0.0070 Loss dta_preserve:  0.0055
Time:  0.0736 Epoch: 015 Iter:  300/ 600 LR: 0.0000219361 Loss content:  0.0170 Loss fft:  0.8104 Loss dta_rank:  0.7421 Loss dta_tv:  0.0261 Loss dta_proxy:  0.4427 Loss dta_trans:  0.0054 Loss dta_phys:  0.0074 Loss dta_preserve:  0.0051
Time:  0.0737 Epoch: 015 Iter:  350/ 600 LR: 0.0000219361 Loss content:  0.0178 Loss fft:  0.8452 Loss dta_rank:  0.7466 Loss dta_tv:  0.0255 Loss dta_proxy:  0.4577 Loss dta_trans:  0.0051 Loss dta_phys:  0.0062 Loss dta_preserve:  0.0056
Time:  0.0727 Epoch: 015 Iter:  400/ 600 LR: 0.0000219361 Loss content:  0.0168 Loss fft:  0.7963 Loss dta_rank:  0.7411 Loss dta_tv:  0.0269 Loss dta_proxy:  0.4133 Loss dta_trans:  0.0065 Loss dta_phys:  0.0068 Loss dta_preserve:  0.0046
Time:  0.0740 Epoch: 015 Iter:  450/ 600 LR: 0.0000219361 Loss content:  0.0170 Loss fft:  0.8224 Loss dta_rank:  0.7428 Loss dta_tv:  0.0273 Loss dta_proxy:  0.4205 Loss dta_trans:  0.0058 Loss dta_phys:  0.0063 Loss dta_preserve:  0.0054
Time:  0.0723 Epoch: 015 Iter:  500/ 600 LR: 0.0000219361 Loss content:  0.0172 Loss fft:  0.8344 Loss dta_rank:  0.7422 Loss dta_tv:  0.0269 Loss dta_proxy:  0.4196 Loss dta_trans:  0.0066 Loss dta_phys:  0.0064 Loss dta_preserve:  0.0051
Time:  0.0721 Epoch: 015 Iter:  550/ 600 LR: 0.0000219361 Loss content:  0.0181 Loss fft:  0.8518 Loss dta_rank:  0.7346 Loss dta_tv:  0.0261 Loss dta_proxy:  0.4243 Loss dta_trans:  0.0058 Loss dta_phys:  0.0067 Loss dta_preserve:  0.0065
Time:  0.0718 Epoch: 015 Iter:  600/ 600 LR: 0.0000219361 Loss content:  0.0166 Loss fft:  0.7767 Loss dta_rank:  0.7416 Loss dta_tv:  0.0262 Loss dta_proxy:  0.4388 Loss dta_trans:  0.0063 Loss dta_phys:  0.0072 Loss dta_preserve:  0.0044
EPOCH: 15
Elapsed time: 0.89 Epoch Pixel Loss:  0.0172 Epoch FFT Loss:  0.8191 Epoch DTA Rank:  0.7413 Epoch DTA TV:  0.0263 Epoch DTA Proxy:  0.4348 Epoch DTA Trans:  0.0058 Epoch DTA Phys:  0.0067 Epoch DTA Preserve:  0.0053
DTA_GATE_RAMP epoch=16 gate_limit=0.060000
Time:  0.0789 Epoch: 016 Iter:   50/ 600 LR: 0.0000151017 Loss content:  0.0166 Loss fft:  0.8093 Loss dta_rank:  0.7470 Loss dta_tv:  0.0261 Loss dta_proxy:  0.4306 Loss dta_trans:  0.0048 Loss dta_phys:  0.0061 Loss dta_preserve:  0.0052
Time:  0.0756 Epoch: 016 Iter:  100/ 600 LR: 0.0000151017 Loss content:  0.0177 Loss fft:  0.8177 Loss dta_rank:  0.7449 Loss dta_tv:  0.0257 Loss dta_proxy:  0.4375 Loss dta_trans:  0.0052 Loss dta_phys:  0.0066 Loss dta_preserve:  0.0055
Time:  0.0753 Epoch: 016 Iter:  150/ 600 LR: 0.0000151017 Loss content:  0.0174 Loss fft:  0.8380 Loss dta_rank:  0.7491 Loss dta_tv:  0.0262 Loss dta_proxy:  0.4421 Loss dta_trans:  0.0059 Loss dta_phys:  0.0068 Loss dta_preserve:  0.0055
Time:  0.0668 Epoch: 016 Iter:  200/ 600 LR: 0.0000151017 Loss content:  0.0169 Loss fft:  0.8028 Loss dta_rank:  0.7395 Loss dta_tv:  0.0262 Loss dta_proxy:  0.4334 Loss dta_trans:  0.0070 Loss dta_phys:  0.0069 Loss dta_preserve:  0.0042
Time:  0.0654 Epoch: 016 Iter:  250/ 600 LR: 0.0000151017 Loss content:  0.0171 Loss fft:  0.8279 Loss dta_rank:  0.7386 Loss dta_tv:  0.0264 Loss dta_proxy:  0.4247 Loss dta_trans:  0.0064 Loss dta_phys:  0.0065 Loss dta_preserve:  0.0060
Time:  0.0679 Epoch: 016 Iter:  300/ 600 LR: 0.0000151017 Loss content:  0.0168 Loss fft:  0.8107 Loss dta_rank:  0.7355 Loss dta_tv:  0.0270 Loss dta_proxy:  0.4106 Loss dta_trans:  0.0069 Loss dta_phys:  0.0065 Loss dta_preserve:  0.0067
Time:  0.0724 Epoch: 016 Iter:  350/ 600 LR: 0.0000151017 Loss content:  0.0181 Loss fft:  0.8631 Loss dta_rank:  0.7370 Loss dta_tv:  0.0262 Loss dta_proxy:  0.4387 Loss dta_trans:  0.0054 Loss dta_phys:  0.0074 Loss dta_preserve:  0.0047
Time:  0.0731 Epoch: 016 Iter:  400/ 600 LR: 0.0000151017 Loss content:  0.0172 Loss fft:  0.8161 Loss dta_rank:  0.7354 Loss dta_tv:  0.0263 Loss dta_proxy:  0.4246 Loss dta_trans:  0.0065 Loss dta_phys:  0.0070 Loss dta_preserve:  0.0057
Time:  0.0748 Epoch: 016 Iter:  450/ 600 LR: 0.0000151017 Loss content:  0.0166 Loss fft:  0.7760 Loss dta_rank:  0.7375 Loss dta_tv:  0.0265 Loss dta_proxy:  0.4075 Loss dta_trans:  0.0053 Loss dta_phys:  0.0069 Loss dta_preserve:  0.0051
Time:  0.0651 Epoch: 016 Iter:  500/ 600 LR: 0.0000151017 Loss content:  0.0166 Loss fft:  0.8018 Loss dta_rank:  0.7441 Loss dta_tv:  0.0254 Loss dta_proxy:  0.4554 Loss dta_trans:  0.0057 Loss dta_phys:  0.0071 Loss dta_preserve:  0.0041
Time:  0.0620 Epoch: 016 Iter:  550/ 600 LR: 0.0000151017 Loss content:  0.0169 Loss fft:  0.8183 Loss dta_rank:  0.7408 Loss dta_tv:  0.0257 Loss dta_proxy:  0.4460 Loss dta_trans:  0.0056 Loss dta_phys:  0.0069 Loss dta_preserve:  0.0057
Time:  0.0621 Epoch: 016 Iter:  600/ 600 LR: 0.0000151017 Loss content:  0.0178 Loss fft:  0.8403 Loss dta_rank:  0.7399 Loss dta_tv:  0.0262 Loss dta_proxy:  0.4325 Loss dta_trans:  0.0054 Loss dta_phys:  0.0067 Loss dta_preserve:  0.0068
EPOCH: 16
Elapsed time: 0.84 Epoch Pixel Loss:  0.0171 Epoch FFT Loss:  0.8185 Epoch DTA Rank:  0.7408 Epoch DTA TV:  0.0262 Epoch DTA Proxy:  0.4320 Epoch DTA Trans:  0.0058 Epoch DTA Phys:  0.0068 Epoch DTA Preserve:  0.0054
DTA_GATE_RAMP epoch=17 gate_limit=0.060000
Time:  0.0737 Epoch: 017 Iter:   50/ 600 LR: 0.0000094853 Loss content:  0.0171 Loss fft:  0.8224 Loss dta_rank:  0.7473 Loss dta_tv:  0.0248 Loss dta_proxy:  0.4601 Loss dta_trans:  0.0056 Loss dta_phys:  0.0063 Loss dta_preserve:  0.0055
Time:  0.0673 Epoch: 017 Iter:  100/ 600 LR: 0.0000094853 Loss content:  0.0175 Loss fft:  0.8359 Loss dta_rank:  0.7399 Loss dta_tv:  0.0261 Loss dta_proxy:  0.4237 Loss dta_trans:  0.0061 Loss dta_phys:  0.0072 Loss dta_preserve:  0.0042
Time:  0.0744 Epoch: 017 Iter:  150/ 600 LR: 0.0000094853 Loss content:  0.0172 Loss fft:  0.7944 Loss dta_rank:  0.7401 Loss dta_tv:  0.0250 Loss dta_proxy:  0.4392 Loss dta_trans:  0.0049 Loss dta_phys:  0.0065 Loss dta_preserve:  0.0044
Time:  0.0741 Epoch: 017 Iter:  200/ 600 LR: 0.0000094853 Loss content:  0.0164 Loss fft:  0.8027 Loss dta_rank:  0.7436 Loss dta_tv:  0.0265 Loss dta_proxy:  0.4238 Loss dta_trans:  0.0055 Loss dta_phys:  0.0065 Loss dta_preserve:  0.0047
Time:  0.0728 Epoch: 017 Iter:  250/ 600 LR: 0.0000094853 Loss content:  0.0163 Loss fft:  0.7989 Loss dta_rank:  0.7374 Loss dta_tv:  0.0270 Loss dta_proxy:  0.4165 Loss dta_trans:  0.0065 Loss dta_phys:  0.0069 Loss dta_preserve:  0.0054
Time:  0.0672 Epoch: 017 Iter:  300/ 600 LR: 0.0000094853 Loss content:  0.0168 Loss fft:  0.8164 Loss dta_rank:  0.7448 Loss dta_tv:  0.0272 Loss dta_proxy:  0.4196 Loss dta_trans:  0.0056 Loss dta_phys:  0.0067 Loss dta_preserve:  0.0047
Time:  0.0719 Epoch: 017 Iter:  350/ 600 LR: 0.0000094853 Loss content:  0.0165 Loss fft:  0.7873 Loss dta_rank:  0.7445 Loss dta_tv:  0.0262 Loss dta_proxy:  0.4355 Loss dta_trans:  0.0066 Loss dta_phys:  0.0073 Loss dta_preserve:  0.0038
Time:  0.0756 Epoch: 017 Iter:  400/ 600 LR: 0.0000094853 Loss content:  0.0173 Loss fft:  0.8213 Loss dta_rank:  0.7361 Loss dta_tv:  0.0257 Loss dta_proxy:  0.4345 Loss dta_trans:  0.0054 Loss dta_phys:  0.0071 Loss dta_preserve:  0.0055
Time:  0.0740 Epoch: 017 Iter:  450/ 600 LR: 0.0000094853 Loss content:  0.0168 Loss fft:  0.8338 Loss dta_rank:  0.7375 Loss dta_tv:  0.0267 Loss dta_proxy:  0.4126 Loss dta_trans:  0.0052 Loss dta_phys:  0.0064 Loss dta_preserve:  0.0056
Time:  0.0734 Epoch: 017 Iter:  500/ 600 LR: 0.0000094853 Loss content:  0.0168 Loss fft:  0.8189 Loss dta_rank:  0.7405 Loss dta_tv:  0.0264 Loss dta_proxy:  0.4301 Loss dta_trans:  0.0057 Loss dta_phys:  0.0062 Loss dta_preserve:  0.0054
Time:  0.0740 Epoch: 017 Iter:  550/ 600 LR: 0.0000094853 Loss content:  0.0173 Loss fft:  0.8118 Loss dta_rank:  0.7488 Loss dta_tv:  0.0259 Loss dta_proxy:  0.4369 Loss dta_trans:  0.0057 Loss dta_phys:  0.0069 Loss dta_preserve:  0.0053
Time:  0.0753 Epoch: 017 Iter:  600/ 600 LR: 0.0000094853 Loss content:  0.0173 Loss fft:  0.8267 Loss dta_rank:  0.7397 Loss dta_tv:  0.0261 Loss dta_proxy:  0.4272 Loss dta_trans:  0.0066 Loss dta_phys:  0.0069 Loss dta_preserve:  0.0070
EPOCH: 17
Elapsed time: 0.88 Epoch Pixel Loss:  0.0169 Epoch FFT Loss:  0.8142 Epoch DTA Rank:  0.7417 Epoch DTA TV:  0.0261 Epoch DTA Proxy:  0.4300 Epoch DTA Trans:  0.0058 Epoch DTA Phys:  0.0067 Epoch DTA Preserve:  0.0051
DTA_GATE_RAMP epoch=18 gate_limit=0.060000
Time:  0.0783 Epoch: 018 Iter:   50/ 600 LR: 0.0000052550 Loss content:  0.0171 Loss fft:  0.7956 Loss dta_rank:  0.7331 Loss dta_tv:  0.0269 Loss dta_proxy:  0.4127 Loss dta_trans:  0.0062 Loss dta_phys:  0.0070 Loss dta_preserve:  0.0063
Time:  0.0677 Epoch: 018 Iter:  100/ 600 LR: 0.0000052550 Loss content:  0.0170 Loss fft:  0.8226 Loss dta_rank:  0.7432 Loss dta_tv:  0.0262 Loss dta_proxy:  0.4388 Loss dta_trans:  0.0061 Loss dta_phys:  0.0070 Loss dta_preserve:  0.0054
Time:  0.0601 Epoch: 018 Iter:  150/ 600 LR: 0.0000052550 Loss content:  0.0163 Loss fft:  0.7956 Loss dta_rank:  0.7387 Loss dta_tv:  0.0259 Loss dta_proxy:  0.4307 Loss dta_trans:  0.0053 Loss dta_phys:  0.0065 Loss dta_preserve:  0.0041
Time:  0.0733 Epoch: 018 Iter:  200/ 600 LR: 0.0000052550 Loss content:  0.0177 Loss fft:  0.8515 Loss dta_rank:  0.7458 Loss dta_tv:  0.0257 Loss dta_proxy:  0.4501 Loss dta_trans:  0.0057 Loss dta_phys:  0.0069 Loss dta_preserve:  0.0056
Time:  0.0612 Epoch: 018 Iter:  250/ 600 LR: 0.0000052550 Loss content:  0.0179 Loss fft:  0.8263 Loss dta_rank:  0.7447 Loss dta_tv:  0.0257 Loss dta_proxy:  0.4412 Loss dta_trans:  0.0054 Loss dta_phys:  0.0068 Loss dta_preserve:  0.0060
Time:  0.0669 Epoch: 018 Iter:  300/ 600 LR: 0.0000052550 Loss content:  0.0169 Loss fft:  0.7953 Loss dta_rank:  0.7387 Loss dta_tv:  0.0255 Loss dta_proxy:  0.4426 Loss dta_trans:  0.0062 Loss dta_phys:  0.0068 Loss dta_preserve:  0.0044
Time:  0.0621 Epoch: 018 Iter:  350/ 600 LR: 0.0000052550 Loss content:  0.0164 Loss fft:  0.7912 Loss dta_rank:  0.7371 Loss dta_tv:  0.0264 Loss dta_proxy:  0.4245 Loss dta_trans:  0.0064 Loss dta_phys:  0.0067 Loss dta_preserve:  0.0045
Time:  0.0602 Epoch: 018 Iter:  400/ 600 LR: 0.0000052550 Loss content:  0.0174 Loss fft:  0.8223 Loss dta_rank:  0.7339 Loss dta_tv:  0.0266 Loss dta_proxy:  0.4217 Loss dta_trans:  0.0056 Loss dta_phys:  0.0067 Loss dta_preserve:  0.0056
Time:  0.0622 Epoch: 018 Iter:  450/ 600 LR: 0.0000052550 Loss content:  0.0183 Loss fft:  0.8034 Loss dta_rank:  0.7402 Loss dta_tv:  0.0260 Loss dta_proxy:  0.4257 Loss dta_trans:  0.0059 Loss dta_phys:  0.0062 Loss dta_preserve:  0.0053
Time:  0.0662 Epoch: 018 Iter:  500/ 600 LR: 0.0000052550 Loss content:  0.0175 Loss fft:  0.8177 Loss dta_rank:  0.7375 Loss dta_tv:  0.0256 Loss dta_proxy:  0.4375 Loss dta_trans:  0.0067 Loss dta_phys:  0.0069 Loss dta_preserve:  0.0045
Time:  0.0687 Epoch: 018 Iter:  550/ 600 LR: 0.0000052550 Loss content:  0.0175 Loss fft:  0.8214 Loss dta_rank:  0.7439 Loss dta_tv:  0.0265 Loss dta_proxy:  0.4228 Loss dta_trans:  0.0052 Loss dta_phys:  0.0069 Loss dta_preserve:  0.0055
Time:  0.0616 Epoch: 018 Iter:  600/ 600 LR: 0.0000052550 Loss content:  0.0176 Loss fft:  0.8410 Loss dta_rank:  0.7421 Loss dta_tv:  0.0256 Loss dta_proxy:  0.4292 Loss dta_trans:  0.0052 Loss dta_phys:  0.0067 Loss dta_preserve:  0.0048
EPOCH: 18
Elapsed time: 0.79 Epoch Pixel Loss:  0.0173 Epoch FFT Loss:  0.8153 Epoch DTA Rank:  0.7399 Epoch DTA TV:  0.0261 Epoch DTA Proxy:  0.4315 Epoch DTA Trans:  0.0058 Epoch DTA Phys:  0.0068 Epoch DTA Preserve:  0.0052
DTA_GATE_RAMP epoch=19 gate_limit=0.060000
Time:  0.0835 Epoch: 019 Iter:   50/ 600 LR: 0.0000025070 Loss content:  0.0535 Loss fft:  3.1185 Loss dta_rank:  0.7450 Loss dta_tv:  0.0263 Loss dta_proxy:  0.4366 Loss dta_trans:  0.0059 Loss dta_phys:  0.0068 Loss dta_preserve:  0.0166
Time:  0.0745 Epoch: 019 Iter:  100/ 600 LR: 0.0000025070 Loss content:  0.0175 Loss fft:  0.8309 Loss dta_rank:  0.7381 Loss dta_tv:  0.0260 Loss dta_proxy:  0.4539 Loss dta_trans:  0.0053 Loss dta_phys:  0.0068 Loss dta_preserve:  0.0042
Time:  0.0781 Epoch: 019 Iter:  150/ 600 LR: 0.0000025070 Loss content:  0.0170 Loss fft:  0.8123 Loss dta_rank:  0.7420 Loss dta_tv:  0.0261 Loss dta_proxy:  0.4271 Loss dta_trans:  0.0056 Loss dta_phys:  0.0064 Loss dta_preserve:  0.0045
Time:  0.0774 Epoch: 019 Iter:  200/ 600 LR: 0.0000025070 Loss content:  0.0172 Loss fft:  0.8212 Loss dta_rank:  0.7418 Loss dta_tv:  0.0259 Loss dta_proxy:  0.4334 Loss dta_trans:  0.0055 Loss dta_phys:  0.0068 Loss dta_preserve:  0.0053
Time:  0.0725 Epoch: 019 Iter:  250/ 600 LR: 0.0000025070 Loss content:  0.0165 Loss fft:  0.7759 Loss dta_rank:  0.7354 Loss dta_tv:  0.0267 Loss dta_proxy:  0.4131 Loss dta_trans:  0.0065 Loss dta_phys:  0.0071 Loss dta_preserve:  0.0049
Time:  0.0738 Epoch: 019 Iter:  300/ 600 LR: 0.0000025070 Loss content:  0.0173 Loss fft:  0.8142 Loss dta_rank:  0.7380 Loss dta_tv:  0.0256 Loss dta_proxy:  0.4387 Loss dta_trans:  0.0046 Loss dta_phys:  0.0063 Loss dta_preserve:  0.0058
Time:  0.0741 Epoch: 019 Iter:  350/ 600 LR: 0.0000025070 Loss content:  0.0180 Loss fft:  0.8340 Loss dta_rank:  0.7425 Loss dta_tv:  0.0262 Loss dta_proxy:  0.4194 Loss dta_trans:  0.0069 Loss dta_phys:  0.0069 Loss dta_preserve:  0.0077
Time:  0.0739 Epoch: 019 Iter:  400/ 600 LR: 0.0000025070 Loss content:  0.0170 Loss fft:  0.8155 Loss dta_rank:  0.7457 Loss dta_tv:  0.0258 Loss dta_proxy:  0.4438 Loss dta_trans:  0.0059 Loss dta_phys:  0.0061 Loss dta_preserve:  0.0046
Time:  0.0716 Epoch: 019 Iter:  450/ 600 LR: 0.0000025070 Loss content:  0.0172 Loss fft:  0.8351 Loss dta_rank:  0.7489 Loss dta_tv:  0.0262 Loss dta_proxy:  0.4342 Loss dta_trans:  0.0059 Loss dta_phys:  0.0064 Loss dta_preserve:  0.0056
Time:  0.0704 Epoch: 019 Iter:  500/ 600 LR: 0.0000025070 Loss content:  0.0170 Loss fft:  0.8159 Loss dta_rank:  0.7459 Loss dta_tv:  0.0258 Loss dta_proxy:  0.4429 Loss dta_trans:  0.0054 Loss dta_phys:  0.0063 Loss dta_preserve:  0.0047
Time:  0.0733 Epoch: 019 Iter:  550/ 600 LR: 0.0000025070 Loss content:  0.0168 Loss fft:  0.8155 Loss dta_rank:  0.7432 Loss dta_tv:  0.0265 Loss dta_proxy:  0.4317 Loss dta_trans:  0.0058 Loss dta_phys:  0.0071 Loss dta_preserve:  0.0048
Time:  0.0750 Epoch: 019 Iter:  600/ 600 LR: 0.0000025070 Loss content:  0.0164 Loss fft:  0.8056 Loss dta_rank:  0.7441 Loss dta_tv:  0.0267 Loss dta_proxy:  0.4188 Loss dta_trans:  0.0053 Loss dta_phys:  0.0071 Loss dta_preserve:  0.0051
EPOCH: 19
Elapsed time: 0.90 Epoch Pixel Loss:  0.0201 Epoch FFT Loss:  1.0079 Epoch DTA Rank:  0.7425 Epoch DTA TV:  0.0261 Epoch DTA Proxy:  0.4328 Epoch DTA Trans:  0.0057 Epoch DTA Phys:  0.0067 Epoch DTA Preserve:  0.0062
DTA_GATE_RAMP epoch=20 gate_limit=0.060000
Time:  0.0784 Epoch: 020 Iter:   50/ 600 LR: 0.0000012125 Loss content:  0.0167 Loss fft:  0.8029 Loss dta_rank:  0.7430 Loss dta_tv:  0.0268 Loss dta_proxy:  0.4267 Loss dta_trans:  0.0066 Loss dta_phys:  0.0073 Loss dta_preserve:  0.0051
Time:  0.0755 Epoch: 020 Iter:  100/ 600 LR: 0.0000012125 Loss content:  0.0172 Loss fft:  0.8005 Loss dta_rank:  0.7444 Loss dta_tv:  0.0259 Loss dta_proxy:  0.4474 Loss dta_trans:  0.0062 Loss dta_phys:  0.0070 Loss dta_preserve:  0.0042
Time:  0.0761 Epoch: 020 Iter:  150/ 600 LR: 0.0000012125 Loss content:  0.0175 Loss fft:  0.8347 Loss dta_rank:  0.7417 Loss dta_tv:  0.0261 Loss dta_proxy:  0.4348 Loss dta_trans:  0.0055 Loss dta_phys:  0.0067 Loss dta_preserve:  0.0058
Time:  0.0743 Epoch: 020 Iter:  200/ 600 LR: 0.0000012125 Loss content:  0.0168 Loss fft:  0.8402 Loss dta_rank:  0.7377 Loss dta_tv:  0.0260 Loss dta_proxy:  0.4394 Loss dta_trans:  0.0058 Loss dta_phys:  0.0068 Loss dta_preserve:  0.0053
Time:  0.0756 Epoch: 020 Iter:  250/ 600 LR: 0.0000012125 Loss content:  0.0179 Loss fft:  0.8369 Loss dta_rank:  0.7429 Loss dta_tv:  0.0258 Loss dta_proxy:  0.4241 Loss dta_trans:  0.0056 Loss dta_phys:  0.0069 Loss dta_preserve:  0.0055
Time:  0.0694 Epoch: 020 Iter:  300/ 600 LR: 0.0000012125 Loss content:  0.0173 Loss fft:  0.8217 Loss dta_rank:  0.7335 Loss dta_tv:  0.0260 Loss dta_proxy:  0.4209 Loss dta_trans:  0.0055 Loss dta_phys:  0.0067 Loss dta_preserve:  0.0047
Time:  0.0721 Epoch: 020 Iter:  350/ 600 LR: 0.0000012125 Loss content:  0.0174 Loss fft:  0.8085 Loss dta_rank:  0.7342 Loss dta_tv:  0.0258 Loss dta_proxy:  0.4285 Loss dta_trans:  0.0061 Loss dta_phys:  0.0065 Loss dta_preserve:  0.0055
Time:  0.0723 Epoch: 020 Iter:  400/ 600 LR: 0.0000012125 Loss content:  0.0170 Loss fft:  0.7950 Loss dta_rank:  0.7432 Loss dta_tv:  0.0257 Loss dta_proxy:  0.4461 Loss dta_trans:  0.0058 Loss dta_phys:  0.0068 Loss dta_preserve:  0.0046
Time:  0.0738 Epoch: 020 Iter:  450/ 600 LR: 0.0000012125 Loss content:  0.0168 Loss fft:  0.7891 Loss dta_rank:  0.7413 Loss dta_tv:  0.0272 Loss dta_proxy:  0.4220 Loss dta_trans:  0.0062 Loss dta_phys:  0.0074 Loss dta_preserve:  0.0043
Time:  0.0743 Epoch: 020 Iter:  500/ 600 LR: 0.0000012125 Loss content:  0.0172 Loss fft:  0.8595 Loss dta_rank:  0.7406 Loss dta_tv:  0.0247 Loss dta_proxy:  0.4747 Loss dta_trans:  0.0044 Loss dta_phys:  0.0067 Loss dta_preserve:  0.0034
Time:  0.0752 Epoch: 020 Iter:  550/ 600 LR: 0.0000012125 Loss content:  0.0179 Loss fft:  0.7988 Loss dta_rank:  0.7445 Loss dta_tv:  0.0261 Loss dta_proxy:  0.4135 Loss dta_trans:  0.0057 Loss dta_phys:  0.0071 Loss dta_preserve:  0.0049
Time:  0.0661 Epoch: 020 Iter:  600/ 600 LR: 0.0000012125 Loss content:  0.0172 Loss fft:  0.8349 Loss dta_rank:  0.7363 Loss dta_tv:  0.0271 Loss dta_proxy:  0.4104 Loss dta_trans:  0.0063 Loss dta_phys:  0.0062 Loss dta_preserve:  0.0056
EPOCH: 20
Elapsed time: 0.89 Epoch Pixel Loss:  0.0172 Epoch FFT Loss:  0.8185 Epoch DTA Rank:  0.7403 Epoch DTA TV:  0.0261 Epoch DTA Proxy:  0.4324 Epoch DTA Trans:  0.0058 Epoch DTA Phys:  0.0068 Epoch DTA Preserve:  0.0049
