Namespace(model_name='ConvIR-Haze4K-DTA-v2-adapter_only-shuffle-seed3413-f2-oof20', data='Haze4K', version='base', fam_mode='original', arch='dta_v2', seed=3413, mode='train', data_dir='/sda/home/wangyuxin/ConvIR-B/datasets/Haze4K/Haze4K', batch_size=4, learning_rate=0.0001, weight_decay=0.0, num_epoch=20, stop_epoch=20, print_freq=50, num_worker=4, save_freq=5, valid_freq=9999, mod_stats_freq=5, mod_stats_batches=16, grad_clip_norm=0.001, dta_grad_clip_norm=0.05, dta_neighbor_grad_clip_norm=0.005, init_model='/sda/home/wangyuxin/ConvIR-B/checkpoints/official/Haze4K/haze4k-base.pkl', init_model_partial=True, partial_new_prefixes='DTA.', resume='', train_scope='adapter_only', dta_depth_cache_dir='/sda/home/wangyuxin/ConvIR-B/depth_cache/depth_anything_v2_small_hf', dta_train_depth_split='train', dta_eval_depth_split='train', valid_root_split='train', eval_root_split='test', dta_require_depth=True, dta_variant='v2', dta_depth_mode='shuffle', dta_prior_channels=32, dta_gate_bias=-6.0, dta_gate_limit=0.06, dta_gamma_limit=0.12, dta_beta_limit=0.06, dta_alpha_init=1.0, dta_confidence_floor=0.25, dta_confidence_local_scale=6.0, dta_output_residual_scale=0.03, dta_use_trans_gt=True, dta_trans_weight=0.02, dta_phys_weight=0.005, dta_preserve_weight=0.02, dta_preserve_trans_thresh=0.8, dta_gate_ramp_start=0.01, dta_gate_ramp_mid=0.03, dta_gate_ramp_end=0.06, dta_gate_ramp_warmup_epochs=2, dta_gate_ramp_mid_epochs=8, dta_rank_weight=0.001, dta_tv_weight=0.0001, dta_proxy_weight=0.0, dta_rank_pairs=512, dta_rank_min_depth_gap=0.03, split_json='/sda/home/wangyuxin/ConvIR-B/repos/ConvIR-B-dta-v2-calibrated/experience_docx/experiment_logs/haze4k_dta_v2_calibrated_20260611/dta_v2_haze4k_oof_splits_seed3407.json', split_name='fold2_train', test_model='', save_image=False, leaning_rate=0.0001, model_save_dir='results/ConvIR-Haze4K-DTA-v2-adapter_only-shuffle-seed3413-f2-oof20/Training-Results/', result_dir='results/ConvIR-Haze4K-DTA-v2-adapter_only-shuffle-seed3413-f2-oof20/images/Haze4K', init_model_sha256='6f42037d57a4e3de3a10ac0ab909d66a3415864a19433c29204a975f4efa4088')
/sda/home/wangyuxin/ConvIR-B/repos/ConvIR-B-dta-v2-calibrated/Dehazing/ITS/main.py:14: FutureWarning: You are using `torch.load` with `weights_only=False` (the current default value), which uses the default pickle module implicitly. It is possible to construct malicious pickle data which will execute arbitrary code during unpickling (See https://github.com/pytorch/pytorch/blob/main/SECURITY.md#untrusted-models for more details). In a future release, the default value for `weights_only` will be flipped to `True`. This limits the functions that could be executed during unpickling. Arbitrary objects will no longer be allowed to be loaded via this mode unless they are explicitly allowlisted by the user via `torch.serialization.add_safe_globals`. We recommend you start setting `weights_only=True` for any use case where you don't have full control of the loaded file. Please open an issue on GitHub for any issues related to this experimental feature.
  state = torch.load(path, map_location=map_location)
INIT_MODEL_PARTIAL_LOAD path=/sda/home/wangyuxin/ConvIR-B/checkpoints/official/Haze4K/haze4k-base.pkl loaded=602 missing_allowed=25 unexpected=[] allowed_new_prefixes=('DTA.',)
TRAIN_SCOPE scope=adapter_only arch=dta_v2 trainable=74699 total=8705364
/sda/home/wangyuxin/ConvIR-B/envs/convir-cu121/lib/python3.10/site-packages/torch/optim/lr_scheduler.py:224: UserWarning: Detected call of `lr_scheduler.step()` before `optimizer.step()`. In PyTorch 1.1.0 and later, you should call them in the opposite order: `optimizer.step()` before `lr_scheduler.step()`.  Failure to do this will result in PyTorch skipping the first value of the learning rate schedule. See more details at https://pytorch.org/docs/stable/optim.html#how-to-adjust-learning-rate
  warnings.warn(
DTA_GATE_RAMP epoch=1 gate_limit=0.010000
Time:  0.1052 Epoch: 001 Iter:   50/ 600 LR: 0.0000333333 Loss content:  0.0168 Loss fft:  0.8306 Loss dta_rank:  0.6924 Loss dta_tv:  0.0039 Loss dta_proxy:  0.2814 Loss dta_trans:  0.0415 Loss dta_phys:  0.0075 Loss dta_preserve:  0.0063
Time:  0.0832 Epoch: 001 Iter:  100/ 600 LR: 0.0000333333 Loss content:  0.0177 Loss fft:  0.8207 Loss dta_rank:  0.6927 Loss dta_tv:  0.0091 Loss dta_proxy:  0.3158 Loss dta_trans:  0.0376 Loss dta_phys:  0.0078 Loss dta_preserve:  0.0053
Time:  0.0825 Epoch: 001 Iter:  150/ 600 LR: 0.0000333333 Loss content:  0.0164 Loss fft:  0.8010 Loss dta_rank:  0.6936 Loss dta_tv:  0.0145 Loss dta_proxy:  0.3657 Loss dta_trans:  0.0348 Loss dta_phys:  0.0102 Loss dta_preserve:  0.0056
Time:  0.0825 Epoch: 001 Iter:  200/ 600 LR: 0.0000333333 Loss content:  0.0171 Loss fft:  0.8163 Loss dta_rank:  0.6957 Loss dta_tv:  0.0173 Loss dta_proxy:  0.3765 Loss dta_trans:  0.0303 Loss dta_phys:  0.0091 Loss dta_preserve:  0.0043
Time:  0.0729 Epoch: 001 Iter:  250/ 600 LR: 0.0000333333 Loss content:  0.0172 Loss fft:  0.8213 Loss dta_rank:  0.6982 Loss dta_tv:  0.0189 Loss dta_proxy:  0.3628 Loss dta_trans:  0.0280 Loss dta_phys:  0.0102 Loss dta_preserve:  0.0040
Time:  0.0828 Epoch: 001 Iter:  300/ 600 LR: 0.0000333333 Loss content:  0.0175 Loss fft:  0.8421 Loss dta_rank:  0.7044 Loss dta_tv:  0.0208 Loss dta_proxy:  0.4000 Loss dta_trans:  0.0246 Loss dta_phys:  0.0095 Loss dta_preserve:  0.0049
Time:  0.0756 Epoch: 001 Iter:  350/ 600 LR: 0.0000333333 Loss content:  0.0168 Loss fft:  0.8157 Loss dta_rank:  0.7088 Loss dta_tv:  0.0251 Loss dta_proxy:  0.3692 Loss dta_trans:  0.0233 Loss dta_phys:  0.0105 Loss dta_preserve:  0.0052
Time:  0.0701 Epoch: 001 Iter:  400/ 600 LR: 0.0000333333 Loss content:  0.0170 Loss fft:  0.8421 Loss dta_rank:  0.7114 Loss dta_tv:  0.0283 Loss dta_proxy:  0.3864 Loss dta_trans:  0.0184 Loss dta_phys:  0.0080 Loss dta_preserve:  0.0052
Time:  0.0720 Epoch: 001 Iter:  450/ 600 LR: 0.0000333333 Loss content:  0.0173 Loss fft:  0.8351 Loss dta_rank:  0.7149 Loss dta_tv:  0.0323 Loss dta_proxy:  0.3731 Loss dta_trans:  0.0156 Loss dta_phys:  0.0081 Loss dta_preserve:  0.0053
Time:  0.0775 Epoch: 001 Iter:  500/ 600 LR: 0.0000333333 Loss content:  0.0162 Loss fft:  0.7641 Loss dta_rank:  0.7204 Loss dta_tv:  0.0346 Loss dta_proxy:  0.3983 Loss dta_trans:  0.0143 Loss dta_phys:  0.0080 Loss dta_preserve:  0.0043
Time:  0.0753 Epoch: 001 Iter:  550/ 600 LR: 0.0000333333 Loss content:  0.0174 Loss fft:  0.8250 Loss dta_rank:  0.7278 Loss dta_tv:  0.0360 Loss dta_proxy:  0.4023 Loss dta_trans:  0.0118 Loss dta_phys:  0.0072 Loss dta_preserve:  0.0041
Time:  0.0627 Epoch: 001 Iter:  600/ 600 LR: 0.0000333333 Loss content:  0.0178 Loss fft:  0.7977 Loss dta_rank:  0.7279 Loss dta_tv:  0.0361 Loss dta_proxy:  0.4278 Loss dta_trans:  0.0112 Loss dta_phys:  0.0073 Loss dta_preserve:  0.0057
EPOCH: 01
Elapsed time: 0.94 Epoch Pixel Loss:  0.0171 Epoch FFT Loss:  0.8176 Epoch DTA Rank:  0.7073 Epoch DTA TV:  0.0231 Epoch DTA Proxy:  0.3716 Epoch DTA Trans:  0.0243 Epoch DTA Phys:  0.0086 Epoch DTA Preserve:  0.0050
DTA_GATE_RAMP epoch=2 gate_limit=0.010000
Time:  0.0767 Epoch: 002 Iter:   50/ 600 LR: 0.0000666667 Loss content:  0.0165 Loss fft:  0.8126 Loss dta_rank:  0.7325 Loss dta_tv:  0.0379 Loss dta_proxy:  0.4156 Loss dta_trans:  0.0125 Loss dta_phys:  0.0068 Loss dta_preserve:  0.0056
Time:  0.0757 Epoch: 002 Iter:  100/ 600 LR: 0.0000666667 Loss content:  0.0172 Loss fft:  0.8309 Loss dta_rank:  0.7354 Loss dta_tv:  0.0374 Loss dta_proxy:  0.4211 Loss dta_trans:  0.0121 Loss dta_phys:  0.0078 Loss dta_preserve:  0.0051
Time:  0.0742 Epoch: 002 Iter:  150/ 600 LR: 0.0000666667 Loss content:  0.0169 Loss fft:  0.8042 Loss dta_rank:  0.7330 Loss dta_tv:  0.0373 Loss dta_proxy:  0.4088 Loss dta_trans:  0.0107 Loss dta_phys:  0.0077 Loss dta_preserve:  0.0046
Time:  0.0628 Epoch: 002 Iter:  200/ 600 LR: 0.0000666667 Loss content:  0.0173 Loss fft:  0.8211 Loss dta_rank:  0.7339 Loss dta_tv:  0.0364 Loss dta_proxy:  0.4309 Loss dta_trans:  0.0098 Loss dta_phys:  0.0073 Loss dta_preserve:  0.0047
Time:  0.0630 Epoch: 002 Iter:  250/ 600 LR: 0.0000666667 Loss content:  0.0179 Loss fft:  0.8498 Loss dta_rank:  0.7364 Loss dta_tv:  0.0359 Loss dta_proxy:  0.4418 Loss dta_trans:  0.0086 Loss dta_phys:  0.0072 Loss dta_preserve:  0.0051
Time:  0.0732 Epoch: 002 Iter:  300/ 600 LR: 0.0000666667 Loss content:  0.0169 Loss fft:  0.8224 Loss dta_rank:  0.7288 Loss dta_tv:  0.0370 Loss dta_proxy:  0.4046 Loss dta_trans:  0.0095 Loss dta_phys:  0.0063 Loss dta_preserve:  0.0052
Time:  0.0744 Epoch: 002 Iter:  350/ 600 LR: 0.0000666667 Loss content:  0.0167 Loss fft:  0.8200 Loss dta_rank:  0.7355 Loss dta_tv:  0.0369 Loss dta_proxy:  0.4166 Loss dta_trans:  0.0100 Loss dta_phys:  0.0067 Loss dta_preserve:  0.0049
Time:  0.0771 Epoch: 002 Iter:  400/ 600 LR: 0.0000666667 Loss content:  0.0169 Loss fft:  0.8209 Loss dta_rank:  0.7340 Loss dta_tv:  0.0356 Loss dta_proxy:  0.4220 Loss dta_trans:  0.0083 Loss dta_phys:  0.0074 Loss dta_preserve:  0.0045
Time:  0.0707 Epoch: 002 Iter:  450/ 600 LR: 0.0000666667 Loss content:  0.0166 Loss fft:  0.8117 Loss dta_rank:  0.7355 Loss dta_tv:  0.0358 Loss dta_proxy:  0.4270 Loss dta_trans:  0.0089 Loss dta_phys:  0.0059 Loss dta_preserve:  0.0043
Time:  0.0722 Epoch: 002 Iter:  500/ 600 LR: 0.0000666667 Loss content:  0.0170 Loss fft:  0.8229 Loss dta_rank:  0.7345 Loss dta_tv:  0.0347 Loss dta_proxy:  0.4340 Loss dta_trans:  0.0093 Loss dta_phys:  0.0068 Loss dta_preserve:  0.0044
Time:  0.0765 Epoch: 002 Iter:  550/ 600 LR: 0.0000666667 Loss content:  0.0168 Loss fft:  0.8163 Loss dta_rank:  0.7389 Loss dta_tv:  0.0348 Loss dta_proxy:  0.4264 Loss dta_trans:  0.0083 Loss dta_phys:  0.0065 Loss dta_preserve:  0.0043
Time:  0.0731 Epoch: 002 Iter:  600/ 600 LR: 0.0000666667 Loss content:  0.0162 Loss fft:  0.7963 Loss dta_rank:  0.7371 Loss dta_tv:  0.0358 Loss dta_proxy:  0.4159 Loss dta_trans:  0.0084 Loss dta_phys:  0.0079 Loss dta_preserve:  0.0063
EPOCH: 02
Elapsed time: 0.87 Epoch Pixel Loss:  0.0169 Epoch FFT Loss:  0.8191 Epoch DTA Rank:  0.7346 Epoch DTA TV:  0.0363 Epoch DTA Proxy:  0.4221 Epoch DTA Trans:  0.0097 Epoch DTA Phys:  0.0070 Epoch DTA Preserve:  0.0049
DTA_GATE_RAMP epoch=3 gate_limit=0.030000
Time:  0.0764 Epoch: 003 Iter:   50/ 600 LR: 0.0001000000 Loss content:  0.0171 Loss fft:  0.8243 Loss dta_rank:  0.7316 Loss dta_tv:  0.0347 Loss dta_proxy:  0.4358 Loss dta_trans:  0.0083 Loss dta_phys:  0.0078 Loss dta_preserve:  0.0045
Time:  0.0711 Epoch: 003 Iter:  100/ 600 LR: 0.0001000000 Loss content:  0.0163 Loss fft:  0.7804 Loss dta_rank:  0.7412 Loss dta_tv:  0.0352 Loss dta_proxy:  0.4395 Loss dta_trans:  0.0095 Loss dta_phys:  0.0070 Loss dta_preserve:  0.0060
Time:  0.0733 Epoch: 003 Iter:  150/ 600 LR: 0.0001000000 Loss content:  0.0180 Loss fft:  0.8529 Loss dta_rank:  0.7375 Loss dta_tv:  0.0338 Loss dta_proxy:  0.4381 Loss dta_trans:  0.0070 Loss dta_phys:  0.0060 Loss dta_preserve:  0.0055
Time:  0.0755 Epoch: 003 Iter:  200/ 600 LR: 0.0001000000 Loss content:  0.0179 Loss fft:  0.8272 Loss dta_rank:  0.7349 Loss dta_tv:  0.0345 Loss dta_proxy:  0.4286 Loss dta_trans:  0.0074 Loss dta_phys:  0.0062 Loss dta_preserve:  0.0055
Time:  0.0727 Epoch: 003 Iter:  250/ 600 LR: 0.0001000000 Loss content:  0.0189 Loss fft:  0.8483 Loss dta_rank:  0.7403 Loss dta_tv:  0.0334 Loss dta_proxy:  0.4195 Loss dta_trans:  0.0084 Loss dta_phys:  0.0068 Loss dta_preserve:  0.0076
Time:  0.0740 Epoch: 003 Iter:  300/ 600 LR: 0.0001000000 Loss content:  0.0175 Loss fft:  0.8285 Loss dta_rank:  0.7394 Loss dta_tv:  0.0321 Loss dta_proxy:  0.4494 Loss dta_trans:  0.0073 Loss dta_phys:  0.0067 Loss dta_preserve:  0.0048
Time:  0.0716 Epoch: 003 Iter:  350/ 600 LR: 0.0001000000 Loss content:  0.0173 Loss fft:  0.8348 Loss dta_rank:  0.7406 Loss dta_tv:  0.0325 Loss dta_proxy:  0.4410 Loss dta_trans:  0.0083 Loss dta_phys:  0.0069 Loss dta_preserve:  0.0048
Time:  0.0702 Epoch: 003 Iter:  400/ 600 LR: 0.0001000000 Loss content:  0.0169 Loss fft:  0.8156 Loss dta_rank:  0.7359 Loss dta_tv:  0.0329 Loss dta_proxy:  0.4375 Loss dta_trans:  0.0092 Loss dta_phys:  0.0062 Loss dta_preserve:  0.0058
Time:  0.0726 Epoch: 003 Iter:  450/ 600 LR: 0.0001000000 Loss content:  0.0166 Loss fft:  0.8062 Loss dta_rank:  0.7316 Loss dta_tv:  0.0333 Loss dta_proxy:  0.4279 Loss dta_trans:  0.0088 Loss dta_phys:  0.0075 Loss dta_preserve:  0.0054
Time:  0.0723 Epoch: 003 Iter:  500/ 600 LR: 0.0001000000 Loss content:  0.0172 Loss fft:  0.8231 Loss dta_rank:  0.7333 Loss dta_tv:  0.0332 Loss dta_proxy:  0.4238 Loss dta_trans:  0.0076 Loss dta_phys:  0.0063 Loss dta_preserve:  0.0048
Time:  0.0718 Epoch: 003 Iter:  550/ 600 LR: 0.0001000000 Loss content:  0.0171 Loss fft:  0.8010 Loss dta_rank:  0.7369 Loss dta_tv:  0.0326 Loss dta_proxy:  0.4249 Loss dta_trans:  0.0082 Loss dta_phys:  0.0070 Loss dta_preserve:  0.0046
Time:  0.0731 Epoch: 003 Iter:  600/ 600 LR: 0.0001000000 Loss content:  0.0167 Loss fft:  0.8046 Loss dta_rank:  0.7305 Loss dta_tv:  0.0322 Loss dta_proxy:  0.4235 Loss dta_trans:  0.0073 Loss dta_phys:  0.0064 Loss dta_preserve:  0.0060
EPOCH: 03
Elapsed time: 0.88 Epoch Pixel Loss:  0.0173 Epoch FFT Loss:  0.8206 Epoch DTA Rank:  0.7361 Epoch DTA TV:  0.0334 Epoch DTA Proxy:  0.4325 Epoch DTA Trans:  0.0081 Epoch DTA Phys:  0.0067 Epoch DTA Preserve:  0.0055
/sda/home/wangyuxin/ConvIR-B/envs/convir-cu121/lib/python3.10/site-packages/torch/optim/lr_scheduler.py:1087: UserWarning: To get the last learning rate computed by the scheduler, please use `get_last_lr()`.
  _warn_get_lr_called_within_step(self)
DTA_GATE_RAMP epoch=4 gate_limit=0.030000
Time:  0.0777 Epoch: 004 Iter:   50/ 600 LR: 0.0001000000 Loss content:  0.0175 Loss fft:  0.8180 Loss dta_rank:  0.7389 Loss dta_tv:  0.0322 Loss dta_proxy:  0.4522 Loss dta_trans:  0.0070 Loss dta_phys:  0.0067 Loss dta_preserve:  0.0048
Time:  0.0745 Epoch: 004 Iter:  100/ 600 LR: 0.0001000000 Loss content:  0.0182 Loss fft:  0.8363 Loss dta_rank:  0.7367 Loss dta_tv:  0.0317 Loss dta_proxy:  0.4521 Loss dta_trans:  0.0078 Loss dta_phys:  0.0073 Loss dta_preserve:  0.0051
Time:  0.0734 Epoch: 004 Iter:  150/ 600 LR: 0.0001000000 Loss content:  0.0178 Loss fft:  0.8522 Loss dta_rank:  0.7356 Loss dta_tv:  0.0320 Loss dta_proxy:  0.4248 Loss dta_trans:  0.0080 Loss dta_phys:  0.0069 Loss dta_preserve:  0.0064
Time:  0.0740 Epoch: 004 Iter:  200/ 600 LR: 0.0001000000 Loss content:  0.0174 Loss fft:  0.8286 Loss dta_rank:  0.7345 Loss dta_tv:  0.0319 Loss dta_proxy:  0.4300 Loss dta_trans:  0.0081 Loss dta_phys:  0.0070 Loss dta_preserve:  0.0056
Time:  0.0748 Epoch: 004 Iter:  250/ 600 LR: 0.0001000000 Loss content:  0.0163 Loss fft:  0.8020 Loss dta_rank:  0.7415 Loss dta_tv:  0.0313 Loss dta_proxy:  0.4373 Loss dta_trans:  0.0071 Loss dta_phys:  0.0066 Loss dta_preserve:  0.0050
Time:  0.0730 Epoch: 004 Iter:  300/ 600 LR: 0.0001000000 Loss content:  0.0179 Loss fft:  0.8197 Loss dta_rank:  0.7366 Loss dta_tv:  0.0320 Loss dta_proxy:  0.4185 Loss dta_trans:  0.0073 Loss dta_phys:  0.0067 Loss dta_preserve:  0.0053
Time:  0.0771 Epoch: 004 Iter:  350/ 600 LR: 0.0001000000 Loss content:  0.0167 Loss fft:  0.8100 Loss dta_rank:  0.7466 Loss dta_tv:  0.0315 Loss dta_proxy:  0.4503 Loss dta_trans:  0.0070 Loss dta_phys:  0.0075 Loss dta_preserve:  0.0059
Time:  0.0765 Epoch: 004 Iter:  400/ 600 LR: 0.0001000000 Loss content:  0.0172 Loss fft:  0.7997 Loss dta_rank:  0.7405 Loss dta_tv:  0.0302 Loss dta_proxy:  0.4566 Loss dta_trans:  0.0075 Loss dta_phys:  0.0075 Loss dta_preserve:  0.0050
Time:  0.0703 Epoch: 004 Iter:  450/ 600 LR: 0.0001000000 Loss content:  0.0167 Loss fft:  0.8006 Loss dta_rank:  0.7342 Loss dta_tv:  0.0328 Loss dta_proxy:  0.3982 Loss dta_trans:  0.0073 Loss dta_phys:  0.0061 Loss dta_preserve:  0.0046
Time:  0.0741 Epoch: 004 Iter:  500/ 600 LR: 0.0001000000 Loss content:  0.0174 Loss fft:  0.8393 Loss dta_rank:  0.7374 Loss dta_tv:  0.0311 Loss dta_proxy:  0.4373 Loss dta_trans:  0.0063 Loss dta_phys:  0.0061 Loss dta_preserve:  0.0050
Time:  0.0734 Epoch: 004 Iter:  550/ 600 LR: 0.0001000000 Loss content:  0.0170 Loss fft:  0.8273 Loss dta_rank:  0.7357 Loss dta_tv:  0.0307 Loss dta_proxy:  0.4425 Loss dta_trans:  0.0064 Loss dta_phys:  0.0066 Loss dta_preserve:  0.0055
Time:  0.0743 Epoch: 004 Iter:  600/ 600 LR: 0.0001000000 Loss content:  0.0164 Loss fft:  0.7974 Loss dta_rank:  0.7411 Loss dta_tv:  0.0314 Loss dta_proxy:  0.4137 Loss dta_trans:  0.0083 Loss dta_phys:  0.0072 Loss dta_preserve:  0.0054
EPOCH: 04
Elapsed time: 0.90 Epoch Pixel Loss:  0.0172 Epoch FFT Loss:  0.8192 Epoch DTA Rank:  0.7383 Epoch DTA TV:  0.0316 Epoch DTA Proxy:  0.4345 Epoch DTA Trans:  0.0073 Epoch DTA Phys:  0.0069 Epoch DTA Preserve:  0.0053
DTA_GATE_RAMP epoch=5 gate_limit=0.030000
Time:  0.0743 Epoch: 005 Iter:   50/ 600 LR: 0.0000983215 Loss content:  0.0169 Loss fft:  0.8148 Loss dta_rank:  0.7377 Loss dta_tv:  0.0304 Loss dta_proxy:  0.4394 Loss dta_trans:  0.0067 Loss dta_phys:  0.0075 Loss dta_preserve:  0.0052
Time:  0.0737 Epoch: 005 Iter:  100/ 600 LR: 0.0000983215 Loss content:  0.0167 Loss fft:  0.8013 Loss dta_rank:  0.7416 Loss dta_tv:  0.0308 Loss dta_proxy:  0.4161 Loss dta_trans:  0.0064 Loss dta_phys:  0.0062 Loss dta_preserve:  0.0045
Time:  0.0761 Epoch: 005 Iter:  150/ 600 LR: 0.0000983215 Loss content:  0.0168 Loss fft:  0.8295 Loss dta_rank:  0.7411 Loss dta_tv:  0.0311 Loss dta_proxy:  0.4365 Loss dta_trans:  0.0074 Loss dta_phys:  0.0070 Loss dta_preserve:  0.0053
Time:  0.0731 Epoch: 005 Iter:  200/ 600 LR: 0.0000983215 Loss content:  0.0167 Loss fft:  0.8489 Loss dta_rank:  0.7408 Loss dta_tv:  0.0311 Loss dta_proxy:  0.4342 Loss dta_trans:  0.0063 Loss dta_phys:  0.0068 Loss dta_preserve:  0.0046
Time:  0.0635 Epoch: 005 Iter:  250/ 600 LR: 0.0000983215 Loss content:  0.0178 Loss fft:  0.9553 Loss dta_rank:  0.7371 Loss dta_tv:  0.0317 Loss dta_proxy:  0.4227 Loss dta_trans:  0.0074 Loss dta_phys:  0.0072 Loss dta_preserve:  0.0049
Time:  0.0595 Epoch: 005 Iter:  300/ 600 LR: 0.0000983215 Loss content:  0.0168 Loss fft:  0.8087 Loss dta_rank:  0.7396 Loss dta_tv:  0.0309 Loss dta_proxy:  0.4248 Loss dta_trans:  0.0064 Loss dta_phys:  0.0064 Loss dta_preserve:  0.0045
Time:  0.0609 Epoch: 005 Iter:  350/ 600 LR: 0.0000983215 Loss content:  0.0180 Loss fft:  0.8394 Loss dta_rank:  0.7411 Loss dta_tv:  0.0298 Loss dta_proxy:  0.4508 Loss dta_trans:  0.0074 Loss dta_phys:  0.0067 Loss dta_preserve:  0.0060
Time:  0.0621 Epoch: 005 Iter:  400/ 600 LR: 0.0000983215 Loss content:  0.0177 Loss fft:  0.8316 Loss dta_rank:  0.7377 Loss dta_tv:  0.0298 Loss dta_proxy:  0.4314 Loss dta_trans:  0.0063 Loss dta_phys:  0.0070 Loss dta_preserve:  0.0042
Time:  0.0611 Epoch: 005 Iter:  450/ 600 LR: 0.0000983215 Loss content:  0.0164 Loss fft:  0.7814 Loss dta_rank:  0.7399 Loss dta_tv:  0.0305 Loss dta_proxy:  0.4304 Loss dta_trans:  0.0068 Loss dta_phys:  0.0064 Loss dta_preserve:  0.0047
Time:  0.0639 Epoch: 005 Iter:  500/ 600 LR: 0.0000983215 Loss content:  0.0167 Loss fft:  0.8315 Loss dta_rank:  0.7404 Loss dta_tv:  0.0301 Loss dta_proxy:  0.4307 Loss dta_trans:  0.0066 Loss dta_phys:  0.0064 Loss dta_preserve:  0.0048
Time:  0.0702 Epoch: 005 Iter:  550/ 600 LR: 0.0000983215 Loss content:  0.0167 Loss fft:  0.7907 Loss dta_rank:  0.7338 Loss dta_tv:  0.0299 Loss dta_proxy:  0.4270 Loss dta_trans:  0.0069 Loss dta_phys:  0.0067 Loss dta_preserve:  0.0056
Time:  0.0739 Epoch: 005 Iter:  600/ 600 LR: 0.0000983215 Loss content:  0.0167 Loss fft:  0.7982 Loss dta_rank:  0.7381 Loss dta_tv:  0.0297 Loss dta_proxy:  0.4285 Loss dta_trans:  0.0082 Loss dta_phys:  0.0068 Loss dta_preserve:  0.0043
EPOCH: 05
Elapsed time: 0.82 Epoch Pixel Loss:  0.0170 Epoch FFT Loss:  0.8276 Epoch DTA Rank:  0.7391 Epoch DTA TV:  0.0305 Epoch DTA Proxy:  0.4311 Epoch DTA Trans:  0.0069 Epoch DTA Phys:  0.0068 Epoch DTA Preserve:  0.0049
DTA_GATE_RAMP epoch=6 gate_limit=0.030000
Time:  0.0780 Epoch: 006 Iter:   50/ 600 LR: 0.0000942212 Loss content:  0.0174 Loss fft:  0.8380 Loss dta_rank:  0.7367 Loss dta_tv:  0.0301 Loss dta_proxy:  0.4302 Loss dta_trans:  0.0062 Loss dta_phys:  0.0069 Loss dta_preserve:  0.0044
Time:  0.0739 Epoch: 006 Iter:  100/ 600 LR: 0.0000942212 Loss content:  0.0175 Loss fft:  0.8507 Loss dta_rank:  0.7441 Loss dta_tv:  0.0303 Loss dta_proxy:  0.4299 Loss dta_trans:  0.0063 Loss dta_phys:  0.0065 Loss dta_preserve:  0.0055
Time:  0.0617 Epoch: 006 Iter:  150/ 600 LR: 0.0000942212 Loss content:  0.0181 Loss fft:  0.8393 Loss dta_rank:  0.7414 Loss dta_tv:  0.0293 Loss dta_proxy:  0.4310 Loss dta_trans:  0.0058 Loss dta_phys:  0.0058 Loss dta_preserve:  0.0059
Time:  0.0665 Epoch: 006 Iter:  200/ 600 LR: 0.0000942212 Loss content:  0.0175 Loss fft:  0.8362 Loss dta_rank:  0.7428 Loss dta_tv:  0.0296 Loss dta_proxy:  0.4487 Loss dta_trans:  0.0064 Loss dta_phys:  0.0070 Loss dta_preserve:  0.0048
Time:  0.0751 Epoch: 006 Iter:  250/ 600 LR: 0.0000942212 Loss content:  0.0167 Loss fft:  0.8113 Loss dta_rank:  0.7463 Loss dta_tv:  0.0302 Loss dta_proxy:  0.4331 Loss dta_trans:  0.0063 Loss dta_phys:  0.0073 Loss dta_preserve:  0.0047
Time:  0.0757 Epoch: 006 Iter:  300/ 600 LR: 0.0000942212 Loss content:  0.0175 Loss fft:  0.7971 Loss dta_rank:  0.7339 Loss dta_tv:  0.0299 Loss dta_proxy:  0.4306 Loss dta_trans:  0.0068 Loss dta_phys:  0.0067 Loss dta_preserve:  0.0053
Time:  0.0672 Epoch: 006 Iter:  350/ 600 LR: 0.0000942212 Loss content:  0.0178 Loss fft:  0.8099 Loss dta_rank:  0.7328 Loss dta_tv:  0.0292 Loss dta_proxy:  0.4468 Loss dta_trans:  0.0064 Loss dta_phys:  0.0066 Loss dta_preserve:  0.0041
Time:  0.0780 Epoch: 006 Iter:  400/ 600 LR: 0.0000942212 Loss content:  0.0165 Loss fft:  0.8059 Loss dta_rank:  0.7372 Loss dta_tv:  0.0293 Loss dta_proxy:  0.4351 Loss dta_trans:  0.0063 Loss dta_phys:  0.0069 Loss dta_preserve:  0.0053
Time:  0.0756 Epoch: 006 Iter:  450/ 600 LR: 0.0000942212 Loss content:  0.0171 Loss fft:  0.8278 Loss dta_rank:  0.7372 Loss dta_tv:  0.0297 Loss dta_proxy:  0.4426 Loss dta_trans:  0.0071 Loss dta_phys:  0.0071 Loss dta_preserve:  0.0048
Time:  0.0748 Epoch: 006 Iter:  500/ 600 LR: 0.0000942212 Loss content:  0.0171 Loss fft:  0.7926 Loss dta_rank:  0.7384 Loss dta_tv:  0.0282 Loss dta_proxy:  0.4589 Loss dta_trans:  0.0066 Loss dta_phys:  0.0070 Loss dta_preserve:  0.0057
Time:  0.0749 Epoch: 006 Iter:  550/ 600 LR: 0.0000942212 Loss content:  0.0169 Loss fft:  0.7736 Loss dta_rank:  0.7382 Loss dta_tv:  0.0289 Loss dta_proxy:  0.4412 Loss dta_trans:  0.0070 Loss dta_phys:  0.0072 Loss dta_preserve:  0.0059
Time:  0.0763 Epoch: 006 Iter:  600/ 600 LR: 0.0000942212 Loss content:  0.0171 Loss fft:  0.8321 Loss dta_rank:  0.7435 Loss dta_tv:  0.0298 Loss dta_proxy:  0.4306 Loss dta_trans:  0.0070 Loss dta_phys:  0.0074 Loss dta_preserve:  0.0062
EPOCH: 06
Elapsed time: 0.88 Epoch Pixel Loss:  0.0173 Epoch FFT Loss:  0.8179 Epoch DTA Rank:  0.7394 Epoch DTA TV:  0.0295 Epoch DTA Proxy:  0.4382 Epoch DTA Trans:  0.0065 Epoch DTA Phys:  0.0069 Epoch DTA Preserve:  0.0052
DTA_GATE_RAMP epoch=7 gate_limit=0.030000
Time:  0.0803 Epoch: 007 Iter:   50/ 600 LR: 0.0000886874 Loss content:  0.0169 Loss fft:  0.8335 Loss dta_rank:  0.7439 Loss dta_tv:  0.0289 Loss dta_proxy:  0.4524 Loss dta_trans:  0.0058 Loss dta_phys:  0.0078 Loss dta_preserve:  0.0051
Time:  0.0781 Epoch: 007 Iter:  100/ 600 LR: 0.0000886874 Loss content:  0.0169 Loss fft:  0.8208 Loss dta_rank:  0.7387 Loss dta_tv:  0.0292 Loss dta_proxy:  0.4318 Loss dta_trans:  0.0063 Loss dta_phys:  0.0066 Loss dta_preserve:  0.0046
Time:  0.0777 Epoch: 007 Iter:  150/ 600 LR: 0.0000886874 Loss content:  0.0174 Loss fft:  0.8294 Loss dta_rank:  0.7454 Loss dta_tv:  0.0276 Loss dta_proxy:  0.4565 Loss dta_trans:  0.0061 Loss dta_phys:  0.0065 Loss dta_preserve:  0.0048
Time:  0.0761 Epoch: 007 Iter:  200/ 600 LR: 0.0000886874 Loss content:  0.0168 Loss fft:  0.7948 Loss dta_rank:  0.7435 Loss dta_tv:  0.0289 Loss dta_proxy:  0.4396 Loss dta_trans:  0.0073 Loss dta_phys:  0.0073 Loss dta_preserve:  0.0045
Time:  0.0731 Epoch: 007 Iter:  250/ 600 LR: 0.0000886874 Loss content:  0.0166 Loss fft:  0.8036 Loss dta_rank:  0.7373 Loss dta_tv:  0.0294 Loss dta_proxy:  0.4131 Loss dta_trans:  0.0063 Loss dta_phys:  0.0068 Loss dta_preserve:  0.0048
Time:  0.0736 Epoch: 007 Iter:  300/ 600 LR: 0.0000886874 Loss content:  0.0171 Loss fft:  0.8339 Loss dta_rank:  0.7319 Loss dta_tv:  0.0296 Loss dta_proxy:  0.4303 Loss dta_trans:  0.0071 Loss dta_phys:  0.0059 Loss dta_preserve:  0.0046
Time:  0.0753 Epoch: 007 Iter:  350/ 600 LR: 0.0000886874 Loss content:  0.0171 Loss fft:  0.8210 Loss dta_rank:  0.7417 Loss dta_tv:  0.0293 Loss dta_proxy:  0.4456 Loss dta_trans:  0.0057 Loss dta_phys:  0.0062 Loss dta_preserve:  0.0051
Time:  0.0726 Epoch: 007 Iter:  400/ 600 LR: 0.0000886874 Loss content:  0.0169 Loss fft:  0.8222 Loss dta_rank:  0.7398 Loss dta_tv:  0.0293 Loss dta_proxy:  0.4435 Loss dta_trans:  0.0060 Loss dta_phys:  0.0068 Loss dta_preserve:  0.0048
Time:  0.0753 Epoch: 007 Iter:  450/ 600 LR: 0.0000886874 Loss content:  0.0175 Loss fft:  0.8147 Loss dta_rank:  0.7382 Loss dta_tv:  0.0284 Loss dta_proxy:  0.4438 Loss dta_trans:  0.0065 Loss dta_phys:  0.0070 Loss dta_preserve:  0.0059
Time:  0.0774 Epoch: 007 Iter:  500/ 600 LR: 0.0000886874 Loss content:  0.0170 Loss fft:  0.8297 Loss dta_rank:  0.7451 Loss dta_tv:  0.0295 Loss dta_proxy:  0.4219 Loss dta_trans:  0.0058 Loss dta_phys:  0.0063 Loss dta_preserve:  0.0054
Time:  0.0736 Epoch: 007 Iter:  550/ 600 LR: 0.0000886874 Loss content:  0.0178 Loss fft:  0.8056 Loss dta_rank:  0.7326 Loss dta_tv:  0.0283 Loss dta_proxy:  0.4482 Loss dta_trans:  0.0071 Loss dta_phys:  0.0077 Loss dta_preserve:  0.0057
Time:  0.0742 Epoch: 007 Iter:  600/ 600 LR: 0.0000886874 Loss content:  0.0169 Loss fft:  0.8208 Loss dta_rank:  0.7341 Loss dta_tv:  0.0287 Loss dta_proxy:  0.4295 Loss dta_trans:  0.0064 Loss dta_phys:  0.0071 Loss dta_preserve:  0.0050
EPOCH: 07
Elapsed time: 0.91 Epoch Pixel Loss:  0.0171 Epoch FFT Loss:  0.8192 Epoch DTA Rank:  0.7393 Epoch DTA TV:  0.0289 Epoch DTA Proxy:  0.4380 Epoch DTA Trans:  0.0064 Epoch DTA Phys:  0.0068 Epoch DTA Preserve:  0.0050
DTA_GATE_RAMP epoch=8 gate_limit=0.030000
Time:  0.0724 Epoch: 008 Iter:   50/ 600 LR: 0.0000819070 Loss content:  0.0170 Loss fft:  0.7901 Loss dta_rank:  0.7448 Loss dta_tv:  0.0275 Loss dta_proxy:  0.4594 Loss dta_trans:  0.0066 Loss dta_phys:  0.0065 Loss dta_preserve:  0.0045
Time:  0.0648 Epoch: 008 Iter:  100/ 600 LR: 0.0000819070 Loss content:  0.0167 Loss fft:  0.8054 Loss dta_rank:  0.7372 Loss dta_tv:  0.0288 Loss dta_proxy:  0.4343 Loss dta_trans:  0.0070 Loss dta_phys:  0.0072 Loss dta_preserve:  0.0048
Time:  0.0748 Epoch: 008 Iter:  150/ 600 LR: 0.0000819070 Loss content:  0.0171 Loss fft:  0.8269 Loss dta_rank:  0.7370 Loss dta_tv:  0.0281 Loss dta_proxy:  0.4499 Loss dta_trans:  0.0054 Loss dta_phys:  0.0068 Loss dta_preserve:  0.0059
Time:  0.0728 Epoch: 008 Iter:  200/ 600 LR: 0.0000819070 Loss content:  0.0167 Loss fft:  0.8149 Loss dta_rank:  0.7423 Loss dta_tv:  0.0291 Loss dta_proxy:  0.4236 Loss dta_trans:  0.0063 Loss dta_phys:  0.0067 Loss dta_preserve:  0.0038
Time:  0.0743 Epoch: 008 Iter:  250/ 600 LR: 0.0000819070 Loss content:  0.0176 Loss fft:  0.8221 Loss dta_rank:  0.7437 Loss dta_tv:  0.0283 Loss dta_proxy:  0.4457 Loss dta_trans:  0.0064 Loss dta_phys:  0.0066 Loss dta_preserve:  0.0044
Time:  0.0754 Epoch: 008 Iter:  300/ 600 LR: 0.0000819070 Loss content:  0.0167 Loss fft:  0.8164 Loss dta_rank:  0.7405 Loss dta_tv:  0.0279 Loss dta_proxy:  0.4297 Loss dta_trans:  0.0061 Loss dta_phys:  0.0062 Loss dta_preserve:  0.0051
Time:  0.0720 Epoch: 008 Iter:  350/ 600 LR: 0.0000819070 Loss content:  0.0169 Loss fft:  0.7805 Loss dta_rank:  0.7358 Loss dta_tv:  0.0277 Loss dta_proxy:  0.4501 Loss dta_trans:  0.0065 Loss dta_phys:  0.0075 Loss dta_preserve:  0.0048
Time:  0.0726 Epoch: 008 Iter:  400/ 600 LR: 0.0000819070 Loss content:  0.0167 Loss fft:  0.8241 Loss dta_rank:  0.7350 Loss dta_tv:  0.0284 Loss dta_proxy:  0.4389 Loss dta_trans:  0.0074 Loss dta_phys:  0.0068 Loss dta_preserve:  0.0045
Time:  0.0746 Epoch: 008 Iter:  450/ 600 LR: 0.0000819070 Loss content:  0.0170 Loss fft:  0.8308 Loss dta_rank:  0.7378 Loss dta_tv:  0.0281 Loss dta_proxy:  0.4532 Loss dta_trans:  0.0056 Loss dta_phys:  0.0070 Loss dta_preserve:  0.0053
Time:  0.0727 Epoch: 008 Iter:  500/ 600 LR: 0.0000819070 Loss content:  0.0174 Loss fft:  0.8364 Loss dta_rank:  0.7342 Loss dta_tv:  0.0284 Loss dta_proxy:  0.4402 Loss dta_trans:  0.0058 Loss dta_phys:  0.0076 Loss dta_preserve:  0.0044
Time:  0.0712 Epoch: 008 Iter:  550/ 600 LR: 0.0000819070 Loss content:  0.0179 Loss fft:  0.8420 Loss dta_rank:  0.7356 Loss dta_tv:  0.0284 Loss dta_proxy:  0.4439 Loss dta_trans:  0.0071 Loss dta_phys:  0.0068 Loss dta_preserve:  0.0060
Time:  0.0761 Epoch: 008 Iter:  600/ 600 LR: 0.0000819070 Loss content:  0.0172 Loss fft:  0.8455 Loss dta_rank:  0.7372 Loss dta_tv:  0.0289 Loss dta_proxy:  0.4367 Loss dta_trans:  0.0060 Loss dta_phys:  0.0063 Loss dta_preserve:  0.0049
EPOCH: 08
Elapsed time: 0.88 Epoch Pixel Loss:  0.0171 Epoch FFT Loss:  0.8196 Epoch DTA Rank:  0.7384 Epoch DTA TV:  0.0283 Epoch DTA Proxy:  0.4421 Epoch DTA Trans:  0.0064 Epoch DTA Phys:  0.0068 Epoch DTA Preserve:  0.0049
DTA_GATE_RAMP epoch=9 gate_limit=0.060000
Time:  0.0809 Epoch: 009 Iter:   50/ 600 LR: 0.0000741093 Loss content:  0.0169 Loss fft:  0.7933 Loss dta_rank:  0.7418 Loss dta_tv:  0.0284 Loss dta_proxy:  0.4376 Loss dta_trans:  0.0060 Loss dta_phys:  0.0069 Loss dta_preserve:  0.0054
Time:  0.0769 Epoch: 009 Iter:  100/ 600 LR: 0.0000741093 Loss content:  0.0172 Loss fft:  0.8158 Loss dta_rank:  0.7438 Loss dta_tv:  0.0279 Loss dta_proxy:  0.4473 Loss dta_trans:  0.0058 Loss dta_phys:  0.0068 Loss dta_preserve:  0.0049
Time:  0.0767 Epoch: 009 Iter:  150/ 600 LR: 0.0000741093 Loss content:  0.0169 Loss fft:  0.8406 Loss dta_rank:  0.7334 Loss dta_tv:  0.0283 Loss dta_proxy:  0.4320 Loss dta_trans:  0.0059 Loss dta_phys:  0.0060 Loss dta_preserve:  0.0041
Time:  0.0645 Epoch: 009 Iter:  200/ 600 LR: 0.0000741093 Loss content:  0.0161 Loss fft:  0.7784 Loss dta_rank:  0.7382 Loss dta_tv:  0.0285 Loss dta_proxy:  0.4302 Loss dta_trans:  0.0072 Loss dta_phys:  0.0070 Loss dta_preserve:  0.0050
Time:  0.0619 Epoch: 009 Iter:  250/ 600 LR: 0.0000741093 Loss content:  0.0164 Loss fft:  0.8027 Loss dta_rank:  0.7329 Loss dta_tv:  0.0278 Loss dta_proxy:  0.4429 Loss dta_trans:  0.0061 Loss dta_phys:  0.0073 Loss dta_preserve:  0.0048
Time:  0.0639 Epoch: 009 Iter:  300/ 600 LR: 0.0000741093 Loss content:  0.0174 Loss fft:  0.8474 Loss dta_rank:  0.7415 Loss dta_tv:  0.0278 Loss dta_proxy:  0.4438 Loss dta_trans:  0.0065 Loss dta_phys:  0.0067 Loss dta_preserve:  0.0052
Time:  0.0673 Epoch: 009 Iter:  350/ 600 LR: 0.0000741093 Loss content:  0.0178 Loss fft:  0.8075 Loss dta_rank:  0.7418 Loss dta_tv:  0.0275 Loss dta_proxy:  0.4459 Loss dta_trans:  0.0064 Loss dta_phys:  0.0066 Loss dta_preserve:  0.0050
Time:  0.0676 Epoch: 009 Iter:  400/ 600 LR: 0.0000741093 Loss content:  0.0164 Loss fft:  0.8105 Loss dta_rank:  0.7382 Loss dta_tv:  0.0280 Loss dta_proxy:  0.4439 Loss dta_trans:  0.0054 Loss dta_phys:  0.0067 Loss dta_preserve:  0.0044
Time:  0.0717 Epoch: 009 Iter:  450/ 600 LR: 0.0000741093 Loss content:  0.0172 Loss fft:  0.8241 Loss dta_rank:  0.7521 Loss dta_tv:  0.0282 Loss dta_proxy:  0.4425 Loss dta_trans:  0.0063 Loss dta_phys:  0.0064 Loss dta_preserve:  0.0044
Time:  0.0778 Epoch: 009 Iter:  500/ 600 LR: 0.0000741093 Loss content:  0.0171 Loss fft:  0.8215 Loss dta_rank:  0.7398 Loss dta_tv:  0.0282 Loss dta_proxy:  0.4345 Loss dta_trans:  0.0066 Loss dta_phys:  0.0070 Loss dta_preserve:  0.0054
Time:  0.0749 Epoch: 009 Iter:  550/ 600 LR: 0.0000741093 Loss content:  0.0174 Loss fft:  0.8419 Loss dta_rank:  0.7542 Loss dta_tv:  0.0288 Loss dta_proxy:  0.4222 Loss dta_trans:  0.0057 Loss dta_phys:  0.0065 Loss dta_preserve:  0.0046
Time:  0.0699 Epoch: 009 Iter:  600/ 600 LR: 0.0000741093 Loss content:  0.0167 Loss fft:  0.8117 Loss dta_rank:  0.7383 Loss dta_tv:  0.0280 Loss dta_proxy:  0.4269 Loss dta_trans:  0.0072 Loss dta_phys:  0.0072 Loss dta_preserve:  0.0054
EPOCH: 09
Elapsed time: 0.86 Epoch Pixel Loss:  0.0170 Epoch FFT Loss:  0.8163 Epoch DTA Rank:  0.7413 Epoch DTA TV:  0.0281 Epoch DTA Proxy:  0.4375 Epoch DTA Trans:  0.0063 Epoch DTA Phys:  0.0068 Epoch DTA Preserve:  0.0049
DTA_GATE_RAMP epoch=10 gate_limit=0.060000
Time:  0.0788 Epoch: 010 Iter:   50/ 600 LR: 0.0000655580 Loss content:  0.0171 Loss fft:  0.8317 Loss dta_rank:  0.7364 Loss dta_tv:  0.0272 Loss dta_proxy:  0.4333 Loss dta_trans:  0.0058 Loss dta_phys:  0.0067 Loss dta_preserve:  0.0051
Time:  0.0779 Epoch: 010 Iter:  100/ 600 LR: 0.0000655580 Loss content:  0.0176 Loss fft:  0.8290 Loss dta_rank:  0.7406 Loss dta_tv:  0.0266 Loss dta_proxy:  0.4496 Loss dta_trans:  0.0053 Loss dta_phys:  0.0067 Loss dta_preserve:  0.0055
Time:  0.0770 Epoch: 010 Iter:  150/ 600 LR: 0.0000655580 Loss content:  0.0168 Loss fft:  0.8106 Loss dta_rank:  0.7444 Loss dta_tv:  0.0274 Loss dta_proxy:  0.4446 Loss dta_trans:  0.0062 Loss dta_phys:  0.0069 Loss dta_preserve:  0.0050
Time:  0.0737 Epoch: 010 Iter:  200/ 600 LR: 0.0000655580 Loss content:  0.0179 Loss fft:  0.8419 Loss dta_rank:  0.7342 Loss dta_tv:  0.0279 Loss dta_proxy:  0.4249 Loss dta_trans:  0.0071 Loss dta_phys:  0.0071 Loss dta_preserve:  0.0054
Time:  0.0745 Epoch: 010 Iter:  250/ 600 LR: 0.0000655580 Loss content:  0.0169 Loss fft:  0.8167 Loss dta_rank:  0.7398 Loss dta_tv:  0.0275 Loss dta_proxy:  0.4351 Loss dta_trans:  0.0059 Loss dta_phys:  0.0066 Loss dta_preserve:  0.0060
Time:  0.0721 Epoch: 010 Iter:  300/ 600 LR: 0.0000655580 Loss content:  0.0166 Loss fft:  0.7900 Loss dta_rank:  0.7366 Loss dta_tv:  0.0275 Loss dta_proxy:  0.4408 Loss dta_trans:  0.0056 Loss dta_phys:  0.0063 Loss dta_preserve:  0.0054
Time:  0.0738 Epoch: 010 Iter:  350/ 600 LR: 0.0000655580 Loss content:  0.0167 Loss fft:  0.8277 Loss dta_rank:  0.7418 Loss dta_tv:  0.0276 Loss dta_proxy:  0.4346 Loss dta_trans:  0.0054 Loss dta_phys:  0.0067 Loss dta_preserve:  0.0085
Time:  0.0737 Epoch: 010 Iter:  400/ 600 LR: 0.0000655580 Loss content:  0.0171 Loss fft:  0.8338 Loss dta_rank:  0.7476 Loss dta_tv:  0.0273 Loss dta_proxy:  0.4492 Loss dta_trans:  0.0059 Loss dta_phys:  0.0065 Loss dta_preserve:  0.0065
Time:  0.0756 Epoch: 010 Iter:  450/ 600 LR: 0.0000655580 Loss content:  0.0167 Loss fft:  0.8075 Loss dta_rank:  0.7306 Loss dta_tv:  0.0278 Loss dta_proxy:  0.4281 Loss dta_trans:  0.0062 Loss dta_phys:  0.0067 Loss dta_preserve:  0.0058
Time:  0.0754 Epoch: 010 Iter:  500/ 600 LR: 0.0000655580 Loss content:  0.0170 Loss fft:  0.7987 Loss dta_rank:  0.7398 Loss dta_tv:  0.0271 Loss dta_proxy:  0.4443 Loss dta_trans:  0.0073 Loss dta_phys:  0.0069 Loss dta_preserve:  0.0051
Time:  0.0758 Epoch: 010 Iter:  550/ 600 LR: 0.0000655580 Loss content:  0.0169 Loss fft:  0.7813 Loss dta_rank:  0.7405 Loss dta_tv:  0.0275 Loss dta_proxy:  0.4378 Loss dta_trans:  0.0066 Loss dta_phys:  0.0074 Loss dta_preserve:  0.0053
Time:  0.0743 Epoch: 010 Iter:  600/ 600 LR: 0.0000655580 Loss content:  0.0174 Loss fft:  0.8545 Loss dta_rank:  0.7377 Loss dta_tv:  0.0274 Loss dta_proxy:  0.4425 Loss dta_trans:  0.0064 Loss dta_phys:  0.0069 Loss dta_preserve:  0.0044
EPOCH: 10
Elapsed time: 0.91 Epoch Pixel Loss:  0.0171 Epoch FFT Loss:  0.8186 Epoch DTA Rank:  0.7392 Epoch DTA TV:  0.0274 Epoch DTA Proxy:  0.4387 Epoch DTA Trans:  0.0061 Epoch DTA Phys:  0.0068 Epoch DTA Preserve:  0.0057
DTA_GATE_RAMP epoch=11 gate_limit=0.060000
Time:  0.0785 Epoch: 011 Iter:   50/ 600 LR: 0.0000565424 Loss content:  0.0164 Loss fft:  0.8197 Loss dta_rank:  0.7388 Loss dta_tv:  0.0272 Loss dta_proxy:  0.4327 Loss dta_trans:  0.0054 Loss dta_phys:  0.0065 Loss dta_preserve:  0.0038
Time:  0.0752 Epoch: 011 Iter:  100/ 600 LR: 0.0000565424 Loss content:  0.0168 Loss fft:  0.8301 Loss dta_rank:  0.7341 Loss dta_tv:  0.0284 Loss dta_proxy:  0.4179 Loss dta_trans:  0.0063 Loss dta_phys:  0.0060 Loss dta_preserve:  0.0047
Time:  0.0765 Epoch: 011 Iter:  150/ 600 LR: 0.0000565424 Loss content:  0.0176 Loss fft:  0.8003 Loss dta_rank:  0.7390 Loss dta_tv:  0.0271 Loss dta_proxy:  0.4246 Loss dta_trans:  0.0063 Loss dta_phys:  0.0065 Loss dta_preserve:  0.0050
Time:  0.0746 Epoch: 011 Iter:  200/ 600 LR: 0.0000565424 Loss content:  0.0173 Loss fft:  0.8145 Loss dta_rank:  0.7394 Loss dta_tv:  0.0267 Loss dta_proxy:  0.4513 Loss dta_trans:  0.0053 Loss dta_phys:  0.0070 Loss dta_preserve:  0.0048
Time:  0.0781 Epoch: 011 Iter:  250/ 600 LR: 0.0000565424 Loss content:  0.0176 Loss fft:  0.8425 Loss dta_rank:  0.7328 Loss dta_tv:  0.0278 Loss dta_proxy:  0.4318 Loss dta_trans:  0.0063 Loss dta_phys:  0.0072 Loss dta_preserve:  0.0051
Time:  0.0730 Epoch: 011 Iter:  300/ 600 LR: 0.0000565424 Loss content:  0.0174 Loss fft:  0.8322 Loss dta_rank:  0.7412 Loss dta_tv:  0.0277 Loss dta_proxy:  0.4446 Loss dta_trans:  0.0060 Loss dta_phys:  0.0073 Loss dta_preserve:  0.0055
Time:  0.0723 Epoch: 011 Iter:  350/ 600 LR: 0.0000565424 Loss content:  0.0166 Loss fft:  0.7830 Loss dta_rank:  0.7361 Loss dta_tv:  0.0273 Loss dta_proxy:  0.4358 Loss dta_trans:  0.0065 Loss dta_phys:  0.0070 Loss dta_preserve:  0.0058
Time:  0.0713 Epoch: 011 Iter:  400/ 600 LR: 0.0000565424 Loss content:  0.0177 Loss fft:  0.8466 Loss dta_rank:  0.7407 Loss dta_tv:  0.0266 Loss dta_proxy:  0.4672 Loss dta_trans:  0.0055 Loss dta_phys:  0.0066 Loss dta_preserve:  0.0041
Time:  0.0742 Epoch: 011 Iter:  450/ 600 LR: 0.0000565424 Loss content:  0.0167 Loss fft:  0.7925 Loss dta_rank:  0.7407 Loss dta_tv:  0.0274 Loss dta_proxy:  0.4472 Loss dta_trans:  0.0069 Loss dta_phys:  0.0074 Loss dta_preserve:  0.0051
Time:  0.0744 Epoch: 011 Iter:  500/ 600 LR: 0.0000565424 Loss content:  0.0172 Loss fft:  0.8178 Loss dta_rank:  0.7473 Loss dta_tv:  0.0270 Loss dta_proxy:  0.4451 Loss dta_trans:  0.0063 Loss dta_phys:  0.0066 Loss dta_preserve:  0.0062
Time:  0.0755 Epoch: 011 Iter:  550/ 600 LR: 0.0000565424 Loss content:  0.0162 Loss fft:  0.8095 Loss dta_rank:  0.7415 Loss dta_tv:  0.0264 Loss dta_proxy:  0.4600 Loss dta_trans:  0.0051 Loss dta_phys:  0.0068 Loss dta_preserve:  0.0036
Time:  0.0753 Epoch: 011 Iter:  600/ 600 LR: 0.0000565424 Loss content:  0.0172 Loss fft:  0.8230 Loss dta_rank:  0.7371 Loss dta_tv:  0.0276 Loss dta_proxy:  0.4219 Loss dta_trans:  0.0060 Loss dta_phys:  0.0068 Loss dta_preserve:  0.0049
EPOCH: 11
Elapsed time: 0.90 Epoch Pixel Loss:  0.0171 Epoch FFT Loss:  0.8176 Epoch DTA Rank:  0.7391 Epoch DTA TV:  0.0273 Epoch DTA Proxy:  0.4400 Epoch DTA Trans:  0.0060 Epoch DTA Phys:  0.0068 Epoch DTA Preserve:  0.0049
DTA_GATE_RAMP epoch=12 gate_limit=0.060000
Time:  0.0815 Epoch: 012 Iter:   50/ 600 LR: 0.0000473670 Loss content:  0.0173 Loss fft:  0.8099 Loss dta_rank:  0.7445 Loss dta_tv:  0.0266 Loss dta_proxy:  0.4548 Loss dta_trans:  0.0061 Loss dta_phys:  0.0064 Loss dta_preserve:  0.0046
Time:  0.0735 Epoch: 012 Iter:  100/ 600 LR: 0.0000473670 Loss content:  0.0177 Loss fft:  0.8388 Loss dta_rank:  0.7449 Loss dta_tv:  0.0268 Loss dta_proxy:  0.4471 Loss dta_trans:  0.0058 Loss dta_phys:  0.0064 Loss dta_preserve:  0.0058
Time:  0.0754 Epoch: 012 Iter:  150/ 600 LR: 0.0000473670 Loss content:  0.0170 Loss fft:  0.8078 Loss dta_rank:  0.7398 Loss dta_tv:  0.0271 Loss dta_proxy:  0.4380 Loss dta_trans:  0.0074 Loss dta_phys:  0.0066 Loss dta_preserve:  0.0042
Time:  0.0787 Epoch: 012 Iter:  200/ 600 LR: 0.0000473670 Loss content:  0.0177 Loss fft:  0.8299 Loss dta_rank:  0.7375 Loss dta_tv:  0.0256 Loss dta_proxy:  0.4514 Loss dta_trans:  0.0054 Loss dta_phys:  0.0070 Loss dta_preserve:  0.0049
Time:  0.0746 Epoch: 012 Iter:  250/ 600 LR: 0.0000473670 Loss content:  0.0172 Loss fft:  0.7977 Loss dta_rank:  0.7396 Loss dta_tv:  0.0266 Loss dta_proxy:  0.4434 Loss dta_trans:  0.0058 Loss dta_phys:  0.0069 Loss dta_preserve:  0.0053
Time:  0.0753 Epoch: 012 Iter:  300/ 600 LR: 0.0000473670 Loss content:  0.0172 Loss fft:  0.8043 Loss dta_rank:  0.7410 Loss dta_tv:  0.0270 Loss dta_proxy:  0.4409 Loss dta_trans:  0.0055 Loss dta_phys:  0.0066 Loss dta_preserve:  0.0059
Time:  0.0745 Epoch: 012 Iter:  350/ 600 LR: 0.0000473670 Loss content:  0.0178 Loss fft:  0.8346 Loss dta_rank:  0.7420 Loss dta_tv:  0.0269 Loss dta_proxy:  0.4404 Loss dta_trans:  0.0059 Loss dta_phys:  0.0065 Loss dta_preserve:  0.0053
Time:  0.0757 Epoch: 012 Iter:  400/ 600 LR: 0.0000473670 Loss content:  0.0167 Loss fft:  0.8242 Loss dta_rank:  0.7417 Loss dta_tv:  0.0272 Loss dta_proxy:  0.4198 Loss dta_trans:  0.0063 Loss dta_phys:  0.0070 Loss dta_preserve:  0.0045
Time:  0.0676 Epoch: 012 Iter:  450/ 600 LR: 0.0000473670 Loss content:  0.0175 Loss fft:  0.8072 Loss dta_rank:  0.7421 Loss dta_tv:  0.0275 Loss dta_proxy:  0.4268 Loss dta_trans:  0.0061 Loss dta_phys:  0.0069 Loss dta_preserve:  0.0051
Time:  0.0688 Epoch: 012 Iter:  500/ 600 LR: 0.0000473670 Loss content:  0.0177 Loss fft:  0.8327 Loss dta_rank:  0.7440 Loss dta_tv:  0.0272 Loss dta_proxy:  0.4308 Loss dta_trans:  0.0057 Loss dta_phys:  0.0062 Loss dta_preserve:  0.0050
Time:  0.0789 Epoch: 012 Iter:  550/ 600 LR: 0.0000473670 Loss content:  0.0172 Loss fft:  0.8286 Loss dta_rank:  0.7341 Loss dta_tv:  0.0271 Loss dta_proxy:  0.4335 Loss dta_trans:  0.0065 Loss dta_phys:  0.0073 Loss dta_preserve:  0.0056
Time:  0.0780 Epoch: 012 Iter:  600/ 600 LR: 0.0000473670 Loss content:  0.0168 Loss fft:  0.8083 Loss dta_rank:  0.7450 Loss dta_tv:  0.0272 Loss dta_proxy:  0.4406 Loss dta_trans:  0.0064 Loss dta_phys:  0.0075 Loss dta_preserve:  0.0042
EPOCH: 12
Elapsed time: 0.91 Epoch Pixel Loss:  0.0173 Epoch FFT Loss:  0.8187 Epoch DTA Rank:  0.7413 Epoch DTA TV:  0.0269 Epoch DTA Proxy:  0.4390 Epoch DTA Trans:  0.0061 Epoch DTA Phys:  0.0068 Epoch DTA Preserve:  0.0050
DTA_GATE_RAMP epoch=13 gate_limit=0.060000
Time:  0.0821 Epoch: 013 Iter:   50/ 600 LR: 0.0000383414 Loss content:  0.0171 Loss fft:  0.8362 Loss dta_rank:  0.7389 Loss dta_tv:  0.0278 Loss dta_proxy:  0.4254 Loss dta_trans:  0.0063 Loss dta_phys:  0.0067 Loss dta_preserve:  0.0053
Time:  0.0796 Epoch: 013 Iter:  100/ 600 LR: 0.0000383414 Loss content:  0.0167 Loss fft:  0.8101 Loss dta_rank:  0.7401 Loss dta_tv:  0.0271 Loss dta_proxy:  0.4400 Loss dta_trans:  0.0060 Loss dta_phys:  0.0066 Loss dta_preserve:  0.0051
Time:  0.0779 Epoch: 013 Iter:  150/ 600 LR: 0.0000383414 Loss content:  0.0170 Loss fft:  0.7966 Loss dta_rank:  0.7437 Loss dta_tv:  0.0273 Loss dta_proxy:  0.4328 Loss dta_trans:  0.0054 Loss dta_phys:  0.0075 Loss dta_preserve:  0.0048
Time:  0.0775 Epoch: 013 Iter:  200/ 600 LR: 0.0000383414 Loss content:  0.0173 Loss fft:  0.8386 Loss dta_rank:  0.7486 Loss dta_tv:  0.0269 Loss dta_proxy:  0.4504 Loss dta_trans:  0.0055 Loss dta_phys:  0.0063 Loss dta_preserve:  0.0047
Time:  0.0808 Epoch: 013 Iter:  250/ 600 LR: 0.0000383414 Loss content:  0.0168 Loss fft:  0.7770 Loss dta_rank:  0.7441 Loss dta_tv:  0.0261 Loss dta_proxy:  0.4545 Loss dta_trans:  0.0052 Loss dta_phys:  0.0068 Loss dta_preserve:  0.0055
Time:  0.0734 Epoch: 013 Iter:  300/ 600 LR: 0.0000383414 Loss content:  0.0175 Loss fft:  0.8125 Loss dta_rank:  0.7411 Loss dta_tv:  0.0273 Loss dta_proxy:  0.4418 Loss dta_trans:  0.0056 Loss dta_phys:  0.0065 Loss dta_preserve:  0.0055
Time:  0.0708 Epoch: 013 Iter:  350/ 600 LR: 0.0000383414 Loss content:  0.0170 Loss fft:  0.8098 Loss dta_rank:  0.7429 Loss dta_tv:  0.0266 Loss dta_proxy:  0.4378 Loss dta_trans:  0.0078 Loss dta_phys:  0.0064 Loss dta_preserve:  0.0040
Time:  0.0771 Epoch: 013 Iter:  400/ 600 LR: 0.0000383414 Loss content:  0.0160 Loss fft:  0.7910 Loss dta_rank:  0.7421 Loss dta_tv:  0.0269 Loss dta_proxy:  0.4437 Loss dta_trans:  0.0060 Loss dta_phys:  0.0067 Loss dta_preserve:  0.0040
Time:  0.0766 Epoch: 013 Iter:  450/ 600 LR: 0.0000383414 Loss content:  0.0172 Loss fft:  0.8317 Loss dta_rank:  0.7388 Loss dta_tv:  0.0274 Loss dta_proxy:  0.4200 Loss dta_trans:  0.0060 Loss dta_phys:  0.0072 Loss dta_preserve:  0.0050
Time:  0.0743 Epoch: 013 Iter:  500/ 600 LR: 0.0000383414 Loss content:  0.0169 Loss fft:  0.8320 Loss dta_rank:  0.7513 Loss dta_tv:  0.0261 Loss dta_proxy:  0.4681 Loss dta_trans:  0.0052 Loss dta_phys:  0.0064 Loss dta_preserve:  0.0050
Time:  0.0774 Epoch: 013 Iter:  550/ 600 LR: 0.0000383414 Loss content:  0.0168 Loss fft:  0.8264 Loss dta_rank:  0.7482 Loss dta_tv:  0.0275 Loss dta_proxy:  0.4373 Loss dta_trans:  0.0068 Loss dta_phys:  0.0072 Loss dta_preserve:  0.0045
Time:  0.0786 Epoch: 013 Iter:  600/ 600 LR: 0.0000383414 Loss content:  0.0178 Loss fft:  0.8611 Loss dta_rank:  0.7426 Loss dta_tv:  0.0265 Loss dta_proxy:  0.4470 Loss dta_trans:  0.0065 Loss dta_phys:  0.0065 Loss dta_preserve:  0.0054
EPOCH: 13
Elapsed time: 0.93 Epoch Pixel Loss:  0.0170 Epoch FFT Loss:  0.8186 Epoch DTA Rank:  0.7435 Epoch DTA TV:  0.0270 Epoch DTA Proxy:  0.4415 Epoch DTA Trans:  0.0060 Epoch DTA Phys:  0.0067 Epoch DTA Preserve:  0.0049
DTA_GATE_RAMP epoch=14 gate_limit=0.060000
Time:  0.0832 Epoch: 014 Iter:   50/ 600 LR: 0.0000297690 Loss content:  0.0164 Loss fft:  0.7999 Loss dta_rank:  0.7439 Loss dta_tv:  0.0260 Loss dta_proxy:  0.4632 Loss dta_trans:  0.0060 Loss dta_phys:  0.0063 Loss dta_preserve:  0.0051
Time:  0.0743 Epoch: 014 Iter:  100/ 600 LR: 0.0000297690 Loss content:  0.0169 Loss fft:  0.8234 Loss dta_rank:  0.7343 Loss dta_tv:  0.0265 Loss dta_proxy:  0.4412 Loss dta_trans:  0.0053 Loss dta_phys:  0.0059 Loss dta_preserve:  0.0056
Time:  0.0753 Epoch: 014 Iter:  150/ 600 LR: 0.0000297690 Loss content:  0.0172 Loss fft:  0.7975 Loss dta_rank:  0.7404 Loss dta_tv:  0.0265 Loss dta_proxy:  0.4309 Loss dta_trans:  0.0053 Loss dta_phys:  0.0062 Loss dta_preserve:  0.0040
Time:  0.0761 Epoch: 014 Iter:  200/ 600 LR: 0.0000297690 Loss content:  0.0181 Loss fft:  0.8399 Loss dta_rank:  0.7486 Loss dta_tv:  0.0265 Loss dta_proxy:  0.4479 Loss dta_trans:  0.0054 Loss dta_phys:  0.0073 Loss dta_preserve:  0.0057
Time:  0.0773 Epoch: 014 Iter:  250/ 600 LR: 0.0000297690 Loss content:  0.0169 Loss fft:  0.8414 Loss dta_rank:  0.7379 Loss dta_tv:  0.0272 Loss dta_proxy:  0.4357 Loss dta_trans:  0.0062 Loss dta_phys:  0.0064 Loss dta_preserve:  0.0055
Time:  0.0757 Epoch: 014 Iter:  300/ 600 LR: 0.0000297690 Loss content:  0.0169 Loss fft:  0.8013 Loss dta_rank:  0.7396 Loss dta_tv:  0.0273 Loss dta_proxy:  0.4232 Loss dta_trans:  0.0059 Loss dta_phys:  0.0069 Loss dta_preserve:  0.0058
Time:  0.0789 Epoch: 014 Iter:  350/ 600 LR: 0.0000297690 Loss content:  0.0175 Loss fft:  0.8356 Loss dta_rank:  0.7461 Loss dta_tv:  0.0271 Loss dta_proxy:  0.4455 Loss dta_trans:  0.0059 Loss dta_phys:  0.0068 Loss dta_preserve:  0.0049
Time:  0.0817 Epoch: 014 Iter:  400/ 600 LR: 0.0000297690 Loss content:  0.0173 Loss fft:  0.8101 Loss dta_rank:  0.7393 Loss dta_tv:  0.0264 Loss dta_proxy:  0.4444 Loss dta_trans:  0.0060 Loss dta_phys:  0.0067 Loss dta_preserve:  0.0039
Time:  0.0770 Epoch: 014 Iter:  450/ 600 LR: 0.0000297690 Loss content:  0.0179 Loss fft:  0.8282 Loss dta_rank:  0.7436 Loss dta_tv:  0.0260 Loss dta_proxy:  0.4709 Loss dta_trans:  0.0058 Loss dta_phys:  0.0074 Loss dta_preserve:  0.0055
Time:  0.0770 Epoch: 014 Iter:  500/ 600 LR: 0.0000297690 Loss content:  0.0168 Loss fft:  0.8223 Loss dta_rank:  0.7449 Loss dta_tv:  0.0264 Loss dta_proxy:  0.4529 Loss dta_trans:  0.0052 Loss dta_phys:  0.0071 Loss dta_preserve:  0.0052
Time:  0.0781 Epoch: 014 Iter:  550/ 600 LR: 0.0000297690 Loss content:  0.0166 Loss fft:  0.8128 Loss dta_rank:  0.7390 Loss dta_tv:  0.0270 Loss dta_proxy:  0.4328 Loss dta_trans:  0.0067 Loss dta_phys:  0.0068 Loss dta_preserve:  0.0046
Time:  0.0779 Epoch: 014 Iter:  600/ 600 LR: 0.0000297690 Loss content:  0.0174 Loss fft:  0.8349 Loss dta_rank:  0.7367 Loss dta_tv:  0.0271 Loss dta_proxy:  0.4415 Loss dta_trans:  0.0065 Loss dta_phys:  0.0074 Loss dta_preserve:  0.0081
EPOCH: 14
Elapsed time: 0.94 Epoch Pixel Loss:  0.0172 Epoch FFT Loss:  0.8206 Epoch DTA Rank:  0.7412 Epoch DTA TV:  0.0267 Epoch DTA Proxy:  0.4442 Epoch DTA Trans:  0.0058 Epoch DTA Phys:  0.0068 Epoch DTA Preserve:  0.0053
DTA_GATE_RAMP epoch=15 gate_limit=0.060000
Time:  0.0827 Epoch: 015 Iter:   50/ 600 LR: 0.0000219361 Loss content:  0.0169 Loss fft:  0.8441 Loss dta_rank:  0.7471 Loss dta_tv:  0.0260 Loss dta_proxy:  0.4569 Loss dta_trans:  0.0060 Loss dta_phys:  0.0065 Loss dta_preserve:  0.0058
Time:  0.0756 Epoch: 015 Iter:  100/ 600 LR: 0.0000219361 Loss content:  0.0173 Loss fft:  0.8316 Loss dta_rank:  0.7415 Loss dta_tv:  0.0266 Loss dta_proxy:  0.4340 Loss dta_trans:  0.0058 Loss dta_phys:  0.0063 Loss dta_preserve:  0.0054
Time:  0.0765 Epoch: 015 Iter:  150/ 600 LR: 0.0000219361 Loss content:  0.0170 Loss fft:  0.8070 Loss dta_rank:  0.7431 Loss dta_tv:  0.0267 Loss dta_proxy:  0.4389 Loss dta_trans:  0.0051 Loss dta_phys:  0.0066 Loss dta_preserve:  0.0055
Time:  0.0755 Epoch: 015 Iter:  200/ 600 LR: 0.0000219361 Loss content:  0.0173 Loss fft:  0.8203 Loss dta_rank:  0.7460 Loss dta_tv:  0.0264 Loss dta_proxy:  0.4498 Loss dta_trans:  0.0056 Loss dta_phys:  0.0071 Loss dta_preserve:  0.0055
Time:  0.0728 Epoch: 015 Iter:  250/ 600 LR: 0.0000219361 Loss content:  0.0172 Loss fft:  0.8318 Loss dta_rank:  0.7484 Loss dta_tv:  0.0268 Loss dta_proxy:  0.4218 Loss dta_trans:  0.0056 Loss dta_phys:  0.0066 Loss dta_preserve:  0.0049
Time:  0.0717 Epoch: 015 Iter:  300/ 600 LR: 0.0000219361 Loss content:  0.0169 Loss fft:  0.7959 Loss dta_rank:  0.7422 Loss dta_tv:  0.0267 Loss dta_proxy:  0.4328 Loss dta_trans:  0.0055 Loss dta_phys:  0.0068 Loss dta_preserve:  0.0049
Time:  0.0731 Epoch: 015 Iter:  350/ 600 LR: 0.0000219361 Loss content:  0.0176 Loss fft:  0.8377 Loss dta_rank:  0.7364 Loss dta_tv:  0.0275 Loss dta_proxy:  0.4249 Loss dta_trans:  0.0067 Loss dta_phys:  0.0068 Loss dta_preserve:  0.0059
Time:  0.0728 Epoch: 015 Iter:  400/ 600 LR: 0.0000219361 Loss content:  0.0166 Loss fft:  0.7756 Loss dta_rank:  0.7360 Loss dta_tv:  0.0275 Loss dta_proxy:  0.4294 Loss dta_trans:  0.0064 Loss dta_phys:  0.0072 Loss dta_preserve:  0.0045
Time:  0.0756 Epoch: 015 Iter:  450/ 600 LR: 0.0000219361 Loss content:  0.0176 Loss fft:  0.8401 Loss dta_rank:  0.7398 Loss dta_tv:  0.0266 Loss dta_proxy:  0.4473 Loss dta_trans:  0.0058 Loss dta_phys:  0.0064 Loss dta_preserve:  0.0053
Time:  0.0734 Epoch: 015 Iter:  500/ 600 LR: 0.0000219361 Loss content:  0.0175 Loss fft:  0.8420 Loss dta_rank:  0.7446 Loss dta_tv:  0.0264 Loss dta_proxy:  0.4378 Loss dta_trans:  0.0061 Loss dta_phys:  0.0062 Loss dta_preserve:  0.0049
Time:  0.0746 Epoch: 015 Iter:  550/ 600 LR: 0.0000219361 Loss content:  0.0180 Loss fft:  0.8392 Loss dta_rank:  0.7423 Loss dta_tv:  0.0264 Loss dta_proxy:  0.4537 Loss dta_trans:  0.0055 Loss dta_phys:  0.0070 Loss dta_preserve:  0.0052
Time:  0.0722 Epoch: 015 Iter:  600/ 600 LR: 0.0000219361 Loss content:  0.0174 Loss fft:  0.7939 Loss dta_rank:  0.7311 Loss dta_tv:  0.0266 Loss dta_proxy:  0.4416 Loss dta_trans:  0.0056 Loss dta_phys:  0.0067 Loss dta_preserve:  0.0046
EPOCH: 15
Elapsed time: 0.90 Epoch Pixel Loss:  0.0173 Epoch FFT Loss:  0.8216 Epoch DTA Rank:  0.7415 Epoch DTA TV:  0.0267 Epoch DTA Proxy:  0.4391 Epoch DTA Trans:  0.0058 Epoch DTA Phys:  0.0067 Epoch DTA Preserve:  0.0052
DTA_GATE_RAMP epoch=16 gate_limit=0.060000
Time:  0.0733 Epoch: 016 Iter:   50/ 600 LR: 0.0000151017 Loss content:  0.0176 Loss fft:  0.8194 Loss dta_rank:  0.7422 Loss dta_tv:  0.0260 Loss dta_proxy:  0.4577 Loss dta_trans:  0.0055 Loss dta_phys:  0.0072 Loss dta_preserve:  0.0054
Time:  0.0633 Epoch: 016 Iter:  100/ 600 LR: 0.0000151017 Loss content:  0.0179 Loss fft:  0.8675 Loss dta_rank:  0.7389 Loss dta_tv:  0.0274 Loss dta_proxy:  0.4293 Loss dta_trans:  0.0056 Loss dta_phys:  0.0063 Loss dta_preserve:  0.0054
Time:  0.0627 Epoch: 016 Iter:  150/ 600 LR: 0.0000151017 Loss content:  0.0174 Loss fft:  0.8207 Loss dta_rank:  0.7510 Loss dta_tv:  0.0262 Loss dta_proxy:  0.4579 Loss dta_trans:  0.0050 Loss dta_phys:  0.0071 Loss dta_preserve:  0.0060
Time:  0.0627 Epoch: 016 Iter:  200/ 600 LR: 0.0000151017 Loss content:  0.0169 Loss fft:  0.8035 Loss dta_rank:  0.7410 Loss dta_tv:  0.0272 Loss dta_proxy:  0.4311 Loss dta_trans:  0.0063 Loss dta_phys:  0.0065 Loss dta_preserve:  0.0046
Time:  0.0627 Epoch: 016 Iter:  250/ 600 LR: 0.0000151017 Loss content:  0.0166 Loss fft:  0.8040 Loss dta_rank:  0.7419 Loss dta_tv:  0.0263 Loss dta_proxy:  0.4517 Loss dta_trans:  0.0064 Loss dta_phys:  0.0074 Loss dta_preserve:  0.0042
Time:  0.0739 Epoch: 016 Iter:  300/ 600 LR: 0.0000151017 Loss content:  0.0174 Loss fft:  0.7984 Loss dta_rank:  0.7386 Loss dta_tv:  0.0272 Loss dta_proxy:  0.4380 Loss dta_trans:  0.0062 Loss dta_phys:  0.0072 Loss dta_preserve:  0.0045
Time:  0.0746 Epoch: 016 Iter:  350/ 600 LR: 0.0000151017 Loss content:  0.0170 Loss fft:  0.8006 Loss dta_rank:  0.7350 Loss dta_tv:  0.0258 Loss dta_proxy:  0.4560 Loss dta_trans:  0.0053 Loss dta_phys:  0.0070 Loss dta_preserve:  0.0054
Time:  0.0790 Epoch: 016 Iter:  400/ 600 LR: 0.0000151017 Loss content:  0.0171 Loss fft:  0.8386 Loss dta_rank:  0.7366 Loss dta_tv:  0.0269 Loss dta_proxy:  0.4341 Loss dta_trans:  0.0057 Loss dta_phys:  0.0060 Loss dta_preserve:  0.0044
Time:  0.0757 Epoch: 016 Iter:  450/ 600 LR: 0.0000151017 Loss content:  0.0169 Loss fft:  0.8214 Loss dta_rank:  0.7433 Loss dta_tv:  0.0261 Loss dta_proxy:  0.4577 Loss dta_trans:  0.0052 Loss dta_phys:  0.0067 Loss dta_preserve:  0.0050
Time:  0.0759 Epoch: 016 Iter:  500/ 600 LR: 0.0000151017 Loss content:  0.0168 Loss fft:  0.8083 Loss dta_rank:  0.7445 Loss dta_tv:  0.0277 Loss dta_proxy:  0.4229 Loss dta_trans:  0.0059 Loss dta_phys:  0.0064 Loss dta_preserve:  0.0055
Time:  0.0745 Epoch: 016 Iter:  550/ 600 LR: 0.0000151017 Loss content:  0.0171 Loss fft:  0.8063 Loss dta_rank:  0.7408 Loss dta_tv:  0.0273 Loss dta_proxy:  0.4252 Loss dta_trans:  0.0061 Loss dta_phys:  0.0066 Loss dta_preserve:  0.0063
Time:  0.0735 Epoch: 016 Iter:  600/ 600 LR: 0.0000151017 Loss content:  0.0178 Loss fft:  0.8436 Loss dta_rank:  0.7331 Loss dta_tv:  0.0271 Loss dta_proxy:  0.4232 Loss dta_trans:  0.0061 Loss dta_phys:  0.0067 Loss dta_preserve:  0.0077
EPOCH: 16
Elapsed time: 0.86 Epoch Pixel Loss:  0.0172 Epoch FFT Loss:  0.8194 Epoch DTA Rank:  0.7406 Epoch DTA TV:  0.0268 Epoch DTA Proxy:  0.4404 Epoch DTA Trans:  0.0058 Epoch DTA Phys:  0.0068 Epoch DTA Preserve:  0.0054
DTA_GATE_RAMP epoch=17 gate_limit=0.060000
Time:  0.0781 Epoch: 017 Iter:   50/ 600 LR: 0.0000094853 Loss content:  0.0169 Loss fft:  0.8030 Loss dta_rank:  0.7417 Loss dta_tv:  0.0270 Loss dta_proxy:  0.4383 Loss dta_trans:  0.0065 Loss dta_phys:  0.0074 Loss dta_preserve:  0.0055
Time:  0.0707 Epoch: 017 Iter:  100/ 600 LR: 0.0000094853 Loss content:  0.0163 Loss fft:  0.8035 Loss dta_rank:  0.7363 Loss dta_tv:  0.0268 Loss dta_proxy:  0.4343 Loss dta_trans:  0.0059 Loss dta_phys:  0.0065 Loss dta_preserve:  0.0051
Time:  0.0756 Epoch: 017 Iter:  150/ 600 LR: 0.0000094853 Loss content:  0.0171 Loss fft:  0.8208 Loss dta_rank:  0.7356 Loss dta_tv:  0.0264 Loss dta_proxy:  0.4531 Loss dta_trans:  0.0051 Loss dta_phys:  0.0071 Loss dta_preserve:  0.0056
Time:  0.0720 Epoch: 017 Iter:  200/ 600 LR: 0.0000094853 Loss content:  0.0175 Loss fft:  0.8721 Loss dta_rank:  0.7377 Loss dta_tv:  0.0270 Loss dta_proxy:  0.4342 Loss dta_trans:  0.0062 Loss dta_phys:  0.0059 Loss dta_preserve:  0.0058
Time:  0.0756 Epoch: 017 Iter:  250/ 600 LR: 0.0000094853 Loss content:  0.0176 Loss fft:  0.8240 Loss dta_rank:  0.7339 Loss dta_tv:  0.0265 Loss dta_proxy:  0.4335 Loss dta_trans:  0.0054 Loss dta_phys:  0.0065 Loss dta_preserve:  0.0054
Time:  0.0754 Epoch: 017 Iter:  300/ 600 LR: 0.0000094853 Loss content:  0.0169 Loss fft:  0.8208 Loss dta_rank:  0.7417 Loss dta_tv:  0.0261 Loss dta_proxy:  0.4508 Loss dta_trans:  0.0058 Loss dta_phys:  0.0073 Loss dta_preserve:  0.0055
Time:  0.0747 Epoch: 017 Iter:  350/ 600 LR: 0.0000094853 Loss content:  0.0166 Loss fft:  0.7846 Loss dta_rank:  0.7370 Loss dta_tv:  0.0259 Loss dta_proxy:  0.4585 Loss dta_trans:  0.0057 Loss dta_phys:  0.0071 Loss dta_preserve:  0.0054
Time:  0.0725 Epoch: 017 Iter:  400/ 600 LR: 0.0000094853 Loss content:  0.0168 Loss fft:  0.8060 Loss dta_rank:  0.7404 Loss dta_tv:  0.0264 Loss dta_proxy:  0.4331 Loss dta_trans:  0.0058 Loss dta_phys:  0.0064 Loss dta_preserve:  0.0047
Time:  0.0754 Epoch: 017 Iter:  450/ 600 LR: 0.0000094853 Loss content:  0.0168 Loss fft:  0.8019 Loss dta_rank:  0.7430 Loss dta_tv:  0.0266 Loss dta_proxy:  0.4348 Loss dta_trans:  0.0052 Loss dta_phys:  0.0062 Loss dta_preserve:  0.0060
Time:  0.0732 Epoch: 017 Iter:  500/ 600 LR: 0.0000094853 Loss content:  0.0169 Loss fft:  0.8286 Loss dta_rank:  0.7318 Loss dta_tv:  0.0261 Loss dta_proxy:  0.4343 Loss dta_trans:  0.0057 Loss dta_phys:  0.0064 Loss dta_preserve:  0.0046
Time:  0.0743 Epoch: 017 Iter:  550/ 600 LR: 0.0000094853 Loss content:  0.0168 Loss fft:  0.8238 Loss dta_rank:  0.7364 Loss dta_tv:  0.0268 Loss dta_proxy:  0.4508 Loss dta_trans:  0.0066 Loss dta_phys:  0.0069 Loss dta_preserve:  0.0057
Time:  0.0719 Epoch: 017 Iter:  600/ 600 LR: 0.0000094853 Loss content:  0.0172 Loss fft:  0.8126 Loss dta_rank:  0.7388 Loss dta_tv:  0.0263 Loss dta_proxy:  0.4447 Loss dta_trans:  0.0059 Loss dta_phys:  0.0075 Loss dta_preserve:  0.0041
EPOCH: 17
Elapsed time: 0.89 Epoch Pixel Loss:  0.0170 Epoch FFT Loss:  0.8168 Epoch DTA Rank:  0.7379 Epoch DTA TV:  0.0265 Epoch DTA Proxy:  0.4417 Epoch DTA Trans:  0.0058 Epoch DTA Phys:  0.0068 Epoch DTA Preserve:  0.0053
DTA_GATE_RAMP epoch=18 gate_limit=0.060000
Time:  0.0783 Epoch: 018 Iter:   50/ 600 LR: 0.0000052550 Loss content:  0.0173 Loss fft:  0.8102 Loss dta_rank:  0.7389 Loss dta_tv:  0.0257 Loss dta_proxy:  0.4489 Loss dta_trans:  0.0058 Loss dta_phys:  0.0069 Loss dta_preserve:  0.0060
Time:  0.0708 Epoch: 018 Iter:  100/ 600 LR: 0.0000052550 Loss content:  0.0178 Loss fft:  0.8510 Loss dta_rank:  0.7363 Loss dta_tv:  0.0260 Loss dta_proxy:  0.4386 Loss dta_trans:  0.0057 Loss dta_phys:  0.0063 Loss dta_preserve:  0.0056
Time:  0.0613 Epoch: 018 Iter:  150/ 600 LR: 0.0000052550 Loss content:  0.0165 Loss fft:  0.7720 Loss dta_rank:  0.7338 Loss dta_tv:  0.0270 Loss dta_proxy:  0.4329 Loss dta_trans:  0.0063 Loss dta_phys:  0.0074 Loss dta_preserve:  0.0049
Time:  0.0697 Epoch: 018 Iter:  200/ 600 LR: 0.0000052550 Loss content:  0.0165 Loss fft:  0.8078 Loss dta_rank:  0.7386 Loss dta_tv:  0.0261 Loss dta_proxy:  0.4433 Loss dta_trans:  0.0057 Loss dta_phys:  0.0066 Loss dta_preserve:  0.0037
Time:  0.0758 Epoch: 018 Iter:  250/ 600 LR: 0.0000052550 Loss content:  0.0169 Loss fft:  0.7867 Loss dta_rank:  0.7347 Loss dta_tv:  0.0264 Loss dta_proxy:  0.4382 Loss dta_trans:  0.0062 Loss dta_phys:  0.0071 Loss dta_preserve:  0.0069
Time:  0.0770 Epoch: 018 Iter:  300/ 600 LR: 0.0000052550 Loss content:  0.0168 Loss fft:  0.8118 Loss dta_rank:  0.7454 Loss dta_tv:  0.0262 Loss dta_proxy:  0.4442 Loss dta_trans:  0.0052 Loss dta_phys:  0.0062 Loss dta_preserve:  0.0038
Time:  0.0768 Epoch: 018 Iter:  350/ 600 LR: 0.0000052550 Loss content:  0.0168 Loss fft:  0.7877 Loss dta_rank:  0.7402 Loss dta_tv:  0.0273 Loss dta_proxy:  0.4223 Loss dta_trans:  0.0059 Loss dta_phys:  0.0064 Loss dta_preserve:  0.0051
Time:  0.0679 Epoch: 018 Iter:  400/ 600 LR: 0.0000052550 Loss content:  0.0175 Loss fft:  0.8428 Loss dta_rank:  0.7445 Loss dta_tv:  0.0261 Loss dta_proxy:  0.4470 Loss dta_trans:  0.0053 Loss dta_phys:  0.0075 Loss dta_preserve:  0.0051
Time:  0.0693 Epoch: 018 Iter:  450/ 600 LR: 0.0000052550 Loss content:  0.0169 Loss fft:  0.8085 Loss dta_rank:  0.7440 Loss dta_tv:  0.0274 Loss dta_proxy:  0.4208 Loss dta_trans:  0.0059 Loss dta_phys:  0.0072 Loss dta_preserve:  0.0058
Time:  0.0865 Epoch: 018 Iter:  500/ 600 LR: 0.0000052550 Loss content:  0.0178 Loss fft:  0.8158 Loss dta_rank:  0.7457 Loss dta_tv:  0.0261 Loss dta_proxy:  0.4567 Loss dta_trans:  0.0061 Loss dta_phys:  0.0067 Loss dta_preserve:  0.0066
Time:  0.0907 Epoch: 018 Iter:  550/ 600 LR: 0.0000052550 Loss content:  0.0169 Loss fft:  0.8250 Loss dta_rank:  0.7435 Loss dta_tv:  0.0265 Loss dta_proxy:  0.4380 Loss dta_trans:  0.0053 Loss dta_phys:  0.0069 Loss dta_preserve:  0.0052
Time:  0.0839 Epoch: 018 Iter:  600/ 600 LR: 0.0000052550 Loss content:  0.0176 Loss fft:  0.8656 Loss dta_rank:  0.7479 Loss dta_tv:  0.0272 Loss dta_proxy:  0.4333 Loss dta_trans:  0.0057 Loss dta_phys:  0.0064 Loss dta_preserve:  0.0053
EPOCH: 18
Elapsed time: 0.91 Epoch Pixel Loss:  0.0171 Epoch FFT Loss:  0.8154 Epoch DTA Rank:  0.7411 Epoch DTA TV:  0.0265 Epoch DTA Proxy:  0.4387 Epoch DTA Trans:  0.0058 Epoch DTA Phys:  0.0068 Epoch DTA Preserve:  0.0053
DTA_GATE_RAMP epoch=19 gate_limit=0.060000
Time:  0.0966 Epoch: 019 Iter:   50/ 600 LR: 0.0000025070 Loss content:  0.0170 Loss fft:  0.7994 Loss dta_rank:  0.7434 Loss dta_tv:  0.0259 Loss dta_proxy:  0.4390 Loss dta_trans:  0.0054 Loss dta_phys:  0.0064 Loss dta_preserve:  0.0045
Time:  0.0871 Epoch: 019 Iter:  100/ 600 LR: 0.0000025070 Loss content:  0.0172 Loss fft:  0.7948 Loss dta_rank:  0.7338 Loss dta_tv:  0.0268 Loss dta_proxy:  0.4221 Loss dta_trans:  0.0063 Loss dta_phys:  0.0066 Loss dta_preserve:  0.0054
Time:  0.0863 Epoch: 019 Iter:  150/ 600 LR: 0.0000025070 Loss content:  0.0166 Loss fft:  0.8280 Loss dta_rank:  0.7467 Loss dta_tv:  0.0271 Loss dta_proxy:  0.4344 Loss dta_trans:  0.0059 Loss dta_phys:  0.0062 Loss dta_preserve:  0.0046
Time:  0.0727 Epoch: 019 Iter:  200/ 600 LR: 0.0000025070 Loss content:  0.0173 Loss fft:  0.8601 Loss dta_rank:  0.7454 Loss dta_tv:  0.0266 Loss dta_proxy:  0.4520 Loss dta_trans:  0.0058 Loss dta_phys:  0.0070 Loss dta_preserve:  0.0077
Time:  0.0852 Epoch: 019 Iter:  250/ 600 LR: 0.0000025070 Loss content:  0.0173 Loss fft:  0.8244 Loss dta_rank:  0.7439 Loss dta_tv:  0.0263 Loss dta_proxy:  0.4401 Loss dta_trans:  0.0052 Loss dta_phys:  0.0064 Loss dta_preserve:  0.0047
Time:  0.0779 Epoch: 019 Iter:  300/ 600 LR: 0.0000025070 Loss content:  0.0173 Loss fft:  0.8437 Loss dta_rank:  0.7411 Loss dta_tv:  0.0261 Loss dta_proxy:  0.4484 Loss dta_trans:  0.0056 Loss dta_phys:  0.0072 Loss dta_preserve:  0.0053
Time:  0.0833 Epoch: 019 Iter:  350/ 600 LR: 0.0000025070 Loss content:  0.0173 Loss fft:  0.8139 Loss dta_rank:  0.7374 Loss dta_tv:  0.0273 Loss dta_proxy:  0.4221 Loss dta_trans:  0.0053 Loss dta_phys:  0.0067 Loss dta_preserve:  0.0067
Time:  0.0834 Epoch: 019 Iter:  400/ 600 LR: 0.0000025070 Loss content:  0.0164 Loss fft:  0.7909 Loss dta_rank:  0.7344 Loss dta_tv:  0.0267 Loss dta_proxy:  0.4299 Loss dta_trans:  0.0058 Loss dta_phys:  0.0066 Loss dta_preserve:  0.0052
Time:  0.0813 Epoch: 019 Iter:  450/ 600 LR: 0.0000025070 Loss content:  0.0179 Loss fft:  0.8351 Loss dta_rank:  0.7405 Loss dta_tv:  0.0263 Loss dta_proxy:  0.4509 Loss dta_trans:  0.0051 Loss dta_phys:  0.0064 Loss dta_preserve:  0.0066
Time:  0.0885 Epoch: 019 Iter:  500/ 600 LR: 0.0000025070 Loss content:  0.0174 Loss fft:  0.8087 Loss dta_rank:  0.7395 Loss dta_tv:  0.0262 Loss dta_proxy:  0.4426 Loss dta_trans:  0.0062 Loss dta_phys:  0.0064 Loss dta_preserve:  0.0047
Time:  0.0885 Epoch: 019 Iter:  550/ 600 LR: 0.0000025070 Loss content:  0.0174 Loss fft:  0.8259 Loss dta_rank:  0.7367 Loss dta_tv:  0.0263 Loss dta_proxy:  0.4433 Loss dta_trans:  0.0062 Loss dta_phys:  0.0071 Loss dta_preserve:  0.0053
Time:  0.0839 Epoch: 019 Iter:  600/ 600 LR: 0.0000025070 Loss content:  0.0170 Loss fft:  0.8004 Loss dta_rank:  0.7387 Loss dta_tv:  0.0259 Loss dta_proxy:  0.4522 Loss dta_trans:  0.0055 Loss dta_phys:  0.0071 Loss dta_preserve:  0.0046
EPOCH: 19
Elapsed time: 1.02 Epoch Pixel Loss:  0.0172 Epoch FFT Loss:  0.8188 Epoch DTA Rank:  0.7401 Epoch DTA TV:  0.0265 Epoch DTA Proxy:  0.4398 Epoch DTA Trans:  0.0057 Epoch DTA Phys:  0.0067 Epoch DTA Preserve:  0.0054
DTA_GATE_RAMP epoch=20 gate_limit=0.060000
Time:  0.0964 Epoch: 020 Iter:   50/ 600 LR: 0.0000012125 Loss content:  0.0170 Loss fft:  0.8238 Loss dta_rank:  0.7355 Loss dta_tv:  0.0269 Loss dta_proxy:  0.4332 Loss dta_trans:  0.0064 Loss dta_phys:  0.0065 Loss dta_preserve:  0.0041
Time:  0.0823 Epoch: 020 Iter:  100/ 600 LR: 0.0000012125 Loss content:  0.0167 Loss fft:  0.8251 Loss dta_rank:  0.7436 Loss dta_tv:  0.0267 Loss dta_proxy:  0.4346 Loss dta_trans:  0.0059 Loss dta_phys:  0.0065 Loss dta_preserve:  0.0047
Time:  0.0753 Epoch: 020 Iter:  150/ 600 LR: 0.0000012125 Loss content:  0.0174 Loss fft:  0.8106 Loss dta_rank:  0.7444 Loss dta_tv:  0.0262 Loss dta_proxy:  0.4308 Loss dta_trans:  0.0055 Loss dta_phys:  0.0065 Loss dta_preserve:  0.0060
Time:  0.0755 Epoch: 020 Iter:  200/ 600 LR: 0.0000012125 Loss content:  0.0175 Loss fft:  0.8118 Loss dta_rank:  0.7315 Loss dta_tv:  0.0258 Loss dta_proxy:  0.4528 Loss dta_trans:  0.0058 Loss dta_phys:  0.0075 Loss dta_preserve:  0.0047
Time:  0.0738 Epoch: 020 Iter:  250/ 600 LR: 0.0000012125 Loss content:  0.0173 Loss fft:  0.8507 Loss dta_rank:  0.7385 Loss dta_tv:  0.0260 Loss dta_proxy:  0.4455 Loss dta_trans:  0.0053 Loss dta_phys:  0.0072 Loss dta_preserve:  0.0046
Time:  0.0721 Epoch: 020 Iter:  300/ 600 LR: 0.0000012125 Loss content:  0.0162 Loss fft:  0.7960 Loss dta_rank:  0.7355 Loss dta_tv:  0.0264 Loss dta_proxy:  0.4333 Loss dta_trans:  0.0060 Loss dta_phys:  0.0062 Loss dta_preserve:  0.0045
Time:  0.0762 Epoch: 020 Iter:  350/ 600 LR: 0.0000012125 Loss content:  0.0170 Loss fft:  0.8183 Loss dta_rank:  0.7432 Loss dta_tv:  0.0264 Loss dta_proxy:  0.4506 Loss dta_trans:  0.0054 Loss dta_phys:  0.0057 Loss dta_preserve:  0.0046
Time:  0.0752 Epoch: 020 Iter:  400/ 600 LR: 0.0000012125 Loss content:  0.0179 Loss fft:  0.8159 Loss dta_rank:  0.7374 Loss dta_tv:  0.0264 Loss dta_proxy:  0.4484 Loss dta_trans:  0.0055 Loss dta_phys:  0.0066 Loss dta_preserve:  0.0048
Time:  0.0742 Epoch: 020 Iter:  450/ 600 LR: 0.0000012125 Loss content:  0.0171 Loss fft:  0.8152 Loss dta_rank:  0.7420 Loss dta_tv:  0.0262 Loss dta_proxy:  0.4520 Loss dta_trans:  0.0053 Loss dta_phys:  0.0076 Loss dta_preserve:  0.0049
Time:  0.0728 Epoch: 020 Iter:  500/ 600 LR: 0.0000012125 Loss content:  0.0173 Loss fft:  0.8343 Loss dta_rank:  0.7387 Loss dta_tv:  0.0263 Loss dta_proxy:  0.4466 Loss dta_trans:  0.0051 Loss dta_phys:  0.0068 Loss dta_preserve:  0.0042
Time:  0.0796 Epoch: 020 Iter:  550/ 600 LR: 0.0000012125 Loss content:  0.0174 Loss fft:  0.8211 Loss dta_rank:  0.7380 Loss dta_tv:  0.0266 Loss dta_proxy:  0.4353 Loss dta_trans:  0.0058 Loss dta_phys:  0.0066 Loss dta_preserve:  0.0052
Time:  0.0769 Epoch: 020 Iter:  600/ 600 LR: 0.0000012125 Loss content:  0.0179 Loss fft:  0.8060 Loss dta_rank:  0.7397 Loss dta_tv:  0.0260 Loss dta_proxy:  0.4476 Loss dta_trans:  0.0058 Loss dta_phys:  0.0074 Loss dta_preserve:  0.0062
EPOCH: 20
Elapsed time: 0.94 Epoch Pixel Loss:  0.0172 Epoch FFT Loss:  0.8191 Epoch DTA Rank:  0.7390 Epoch DTA TV:  0.0263 Epoch DTA Proxy:  0.4425 Epoch DTA Trans:  0.0057 Epoch DTA Phys:  0.0067 Epoch DTA Preserve:  0.0049
