Namespace(model_name='ConvIR-Haze4K-DTA-v2-adapter_only-invert-seed3411-f3-oof20', data='Haze4K', version='base', fam_mode='original', arch='dta_v2', seed=3411, mode='train', data_dir='/sda/home/wangyuxin/ConvIR-B/datasets/Haze4K/Haze4K', batch_size=4, learning_rate=0.0001, weight_decay=0.0, num_epoch=20, stop_epoch=20, print_freq=50, num_worker=4, save_freq=5, valid_freq=9999, mod_stats_freq=5, mod_stats_batches=16, grad_clip_norm=0.001, dta_grad_clip_norm=0.05, dta_neighbor_grad_clip_norm=0.005, init_model='/sda/home/wangyuxin/ConvIR-B/checkpoints/official/Haze4K/haze4k-base.pkl', init_model_partial=True, partial_new_prefixes='DTA.', resume='', train_scope='adapter_only', dta_depth_cache_dir='/sda/home/wangyuxin/ConvIR-B/depth_cache/depth_anything_v2_small_hf', dta_train_depth_split='train', dta_eval_depth_split='train', valid_root_split='train', eval_root_split='test', dta_require_depth=True, dta_variant='v2', dta_depth_mode='invert', dta_prior_channels=32, dta_gate_bias=-6.0, dta_gate_limit=0.06, dta_gamma_limit=0.12, dta_beta_limit=0.06, dta_alpha_init=1.0, dta_confidence_floor=0.25, dta_confidence_local_scale=6.0, dta_output_residual_scale=0.03, dta_use_trans_gt=True, dta_trans_weight=0.02, dta_phys_weight=0.005, dta_preserve_weight=0.02, dta_preserve_trans_thresh=0.8, dta_gate_ramp_start=0.01, dta_gate_ramp_mid=0.03, dta_gate_ramp_end=0.06, dta_gate_ramp_warmup_epochs=2, dta_gate_ramp_mid_epochs=8, dta_rank_weight=0.001, dta_tv_weight=0.0001, dta_proxy_weight=0.0, dta_rank_pairs=512, dta_rank_min_depth_gap=0.03, split_json='/sda/home/wangyuxin/ConvIR-B/repos/ConvIR-B-dta-v2-calibrated/experience_docx/experiment_logs/haze4k_dta_v2_calibrated_20260611/dta_v2_haze4k_oof_splits_seed3407.json', split_name='fold3_train', test_model='', save_image=False, leaning_rate=0.0001, model_save_dir='results/ConvIR-Haze4K-DTA-v2-adapter_only-invert-seed3411-f3-oof20/Training-Results/', result_dir='results/ConvIR-Haze4K-DTA-v2-adapter_only-invert-seed3411-f3-oof20/images/Haze4K', init_model_sha256='6f42037d57a4e3de3a10ac0ab909d66a3415864a19433c29204a975f4efa4088')
/sda/home/wangyuxin/ConvIR-B/repos/ConvIR-B-dta-v2-calibrated/Dehazing/ITS/main.py:14: FutureWarning: You are using `torch.load` with `weights_only=False` (the current default value), which uses the default pickle module implicitly. It is possible to construct malicious pickle data which will execute arbitrary code during unpickling (See https://github.com/pytorch/pytorch/blob/main/SECURITY.md#untrusted-models for more details). In a future release, the default value for `weights_only` will be flipped to `True`. This limits the functions that could be executed during unpickling. Arbitrary objects will no longer be allowed to be loaded via this mode unless they are explicitly allowlisted by the user via `torch.serialization.add_safe_globals`. We recommend you start setting `weights_only=True` for any use case where you don't have full control of the loaded file. Please open an issue on GitHub for any issues related to this experimental feature.
  state = torch.load(path, map_location=map_location)
INIT_MODEL_PARTIAL_LOAD path=/sda/home/wangyuxin/ConvIR-B/checkpoints/official/Haze4K/haze4k-base.pkl loaded=602 missing_allowed=25 unexpected=[] allowed_new_prefixes=('DTA.',)
TRAIN_SCOPE scope=adapter_only arch=dta_v2 trainable=74699 total=8705364
/sda/home/wangyuxin/ConvIR-B/envs/convir-cu121/lib/python3.10/site-packages/torch/optim/lr_scheduler.py:224: UserWarning: Detected call of `lr_scheduler.step()` before `optimizer.step()`. In PyTorch 1.1.0 and later, you should call them in the opposite order: `optimizer.step()` before `lr_scheduler.step()`.  Failure to do this will result in PyTorch skipping the first value of the learning rate schedule. See more details at https://pytorch.org/docs/stable/optim.html#how-to-adjust-learning-rate
  warnings.warn(
DTA_GATE_RAMP epoch=1 gate_limit=0.010000
Time:  0.0997 Epoch: 001 Iter:   50/ 600 LR: 0.0000333333 Loss content:  0.0168 Loss fft:  0.8104 Loss dta_rank:  0.6923 Loss dta_tv:  0.0027 Loss dta_proxy:  0.1207 Loss dta_trans:  0.0393 Loss dta_phys:  0.0081 Loss dta_preserve:  0.0051
Time:  0.0701 Epoch: 001 Iter:  100/ 600 LR: 0.0000333333 Loss content:  0.0174 Loss fft:  0.8031 Loss dta_rank:  0.6898 Loss dta_tv:  0.0098 Loss dta_proxy:  0.1269 Loss dta_trans:  0.0343 Loss dta_phys:  0.0080 Loss dta_preserve:  0.0056
Time:  0.0709 Epoch: 001 Iter:  150/ 600 LR: 0.0000333333 Loss content:  0.0172 Loss fft:  0.8022 Loss dta_rank:  0.6817 Loss dta_tv:  0.0160 Loss dta_proxy:  0.1478 Loss dta_trans:  0.0264 Loss dta_phys:  0.0086 Loss dta_preserve:  0.0044
Time:  0.0725 Epoch: 001 Iter:  200/ 600 LR: 0.0000333333 Loss content:  0.0170 Loss fft:  0.7989 Loss dta_rank:  0.6691 Loss dta_tv:  0.0221 Loss dta_proxy:  0.1483 Loss dta_trans:  0.0222 Loss dta_phys:  0.0083 Loss dta_preserve:  0.0060
Time:  0.0713 Epoch: 001 Iter:  250/ 600 LR: 0.0000333333 Loss content:  0.0166 Loss fft:  0.8124 Loss dta_rank:  0.6587 Loss dta_tv:  0.0292 Loss dta_proxy:  0.1536 Loss dta_trans:  0.0180 Loss dta_phys:  0.0066 Loss dta_preserve:  0.0050
Time:  0.0719 Epoch: 001 Iter:  300/ 600 LR: 0.0000333333 Loss content:  0.0167 Loss fft:  0.8216 Loss dta_rank:  0.6449 Loss dta_tv:  0.0332 Loss dta_proxy:  0.1696 Loss dta_trans:  0.0144 Loss dta_phys:  0.0059 Loss dta_preserve:  0.0048
Time:  0.0761 Epoch: 001 Iter:  350/ 600 LR: 0.0000333333 Loss content:  0.0173 Loss fft:  0.8222 Loss dta_rank:  0.6397 Loss dta_tv:  0.0367 Loss dta_proxy:  0.1915 Loss dta_trans:  0.0114 Loss dta_phys:  0.0067 Loss dta_preserve:  0.0048
Time:  0.0781 Epoch: 001 Iter:  400/ 600 LR: 0.0000333333 Loss content:  0.0174 Loss fft:  0.8224 Loss dta_rank:  0.6345 Loss dta_tv:  0.0379 Loss dta_proxy:  0.2062 Loss dta_trans:  0.0116 Loss dta_phys:  0.0064 Loss dta_preserve:  0.0052
Time:  0.0786 Epoch: 001 Iter:  450/ 600 LR: 0.0000333333 Loss content:  0.0175 Loss fft:  0.8513 Loss dta_rank:  0.6276 Loss dta_tv:  0.0394 Loss dta_proxy:  0.2059 Loss dta_trans:  0.0097 Loss dta_phys:  0.0060 Loss dta_preserve:  0.0055
Time:  0.0727 Epoch: 001 Iter:  500/ 600 LR: 0.0000333333 Loss content:  0.0179 Loss fft:  0.8461 Loss dta_rank:  0.6221 Loss dta_tv:  0.0408 Loss dta_proxy:  0.1904 Loss dta_trans:  0.0109 Loss dta_phys:  0.0064 Loss dta_preserve:  0.0060
Time:  0.0746 Epoch: 001 Iter:  550/ 600 LR: 0.0000333333 Loss content:  0.0168 Loss fft:  0.8494 Loss dta_rank:  0.6259 Loss dta_tv:  0.0400 Loss dta_proxy:  0.2048 Loss dta_trans:  0.0096 Loss dta_phys:  0.0066 Loss dta_preserve:  0.0048
Time:  0.0747 Epoch: 001 Iter:  600/ 600 LR: 0.0000333333 Loss content:  0.0172 Loss fft:  0.7993 Loss dta_rank:  0.6314 Loss dta_tv:  0.0390 Loss dta_proxy:  0.2202 Loss dta_trans:  0.0102 Loss dta_phys:  0.0074 Loss dta_preserve:  0.0057
EPOCH: 01
Elapsed time: 0.91 Epoch Pixel Loss:  0.0171 Epoch FFT Loss:  0.8199 Epoch DTA Rank:  0.6515 Epoch DTA TV:  0.0289 Epoch DTA Proxy:  0.1738 Epoch DTA Trans:  0.0182 Epoch DTA Phys:  0.0071 Epoch DTA Preserve:  0.0052
DTA_GATE_RAMP epoch=2 gate_limit=0.010000
Time:  0.0771 Epoch: 002 Iter:   50/ 600 LR: 0.0000666667 Loss content:  0.0162 Loss fft:  0.7914 Loss dta_rank:  0.6239 Loss dta_tv:  0.0398 Loss dta_proxy:  0.2023 Loss dta_trans:  0.0116 Loss dta_phys:  0.0066 Loss dta_preserve:  0.0046
Time:  0.0679 Epoch: 002 Iter:  100/ 600 LR: 0.0000666667 Loss content:  0.0167 Loss fft:  0.8018 Loss dta_rank:  0.6226 Loss dta_tv:  0.0393 Loss dta_proxy:  0.1945 Loss dta_trans:  0.0094 Loss dta_phys:  0.0076 Loss dta_preserve:  0.0060
Time:  0.0662 Epoch: 002 Iter:  150/ 600 LR: 0.0000666667 Loss content:  0.0171 Loss fft:  0.8062 Loss dta_rank:  0.6210 Loss dta_tv:  0.0403 Loss dta_proxy:  0.2085 Loss dta_trans:  0.0099 Loss dta_phys:  0.0062 Loss dta_preserve:  0.0059
Time:  0.0611 Epoch: 002 Iter:  200/ 600 LR: 0.0000666667 Loss content:  0.0171 Loss fft:  0.8087 Loss dta_rank:  0.6211 Loss dta_tv:  0.0417 Loss dta_proxy:  0.2081 Loss dta_trans:  0.0106 Loss dta_phys:  0.0071 Loss dta_preserve:  0.0067
Time:  0.0626 Epoch: 002 Iter:  250/ 600 LR: 0.0000666667 Loss content:  0.0172 Loss fft:  0.8309 Loss dta_rank:  0.6218 Loss dta_tv:  0.0392 Loss dta_proxy:  0.2137 Loss dta_trans:  0.0081 Loss dta_phys:  0.0067 Loss dta_preserve:  0.0055
Time:  0.0753 Epoch: 002 Iter:  300/ 600 LR: 0.0000666667 Loss content:  0.0168 Loss fft:  0.8173 Loss dta_rank:  0.6208 Loss dta_tv:  0.0381 Loss dta_proxy:  0.2194 Loss dta_trans:  0.0086 Loss dta_phys:  0.0072 Loss dta_preserve:  0.0047
Time:  0.0725 Epoch: 002 Iter:  350/ 600 LR: 0.0000666667 Loss content:  0.0178 Loss fft:  0.8427 Loss dta_rank:  0.6187 Loss dta_tv:  0.0391 Loss dta_proxy:  0.2014 Loss dta_trans:  0.0083 Loss dta_phys:  0.0062 Loss dta_preserve:  0.0061
Time:  0.0786 Epoch: 002 Iter:  400/ 600 LR: 0.0000666667 Loss content:  0.0170 Loss fft:  0.8256 Loss dta_rank:  0.6162 Loss dta_tv:  0.0378 Loss dta_proxy:  0.2145 Loss dta_trans:  0.0078 Loss dta_phys:  0.0068 Loss dta_preserve:  0.0040
Time:  0.0745 Epoch: 002 Iter:  450/ 600 LR: 0.0000666667 Loss content:  0.0173 Loss fft:  0.7952 Loss dta_rank:  0.6155 Loss dta_tv:  0.0386 Loss dta_proxy:  0.2168 Loss dta_trans:  0.0081 Loss dta_phys:  0.0067 Loss dta_preserve:  0.0057
Time:  0.0761 Epoch: 002 Iter:  500/ 600 LR: 0.0000666667 Loss content:  0.0170 Loss fft:  0.8294 Loss dta_rank:  0.6173 Loss dta_tv:  0.0387 Loss dta_proxy:  0.2046 Loss dta_trans:  0.0081 Loss dta_phys:  0.0063 Loss dta_preserve:  0.0051
Time:  0.0698 Epoch: 002 Iter:  550/ 600 LR: 0.0000666667 Loss content:  0.0178 Loss fft:  0.8382 Loss dta_rank:  0.6143 Loss dta_tv:  0.0372 Loss dta_proxy:  0.2163 Loss dta_trans:  0.0083 Loss dta_phys:  0.0067 Loss dta_preserve:  0.0046
Time:  0.0752 Epoch: 002 Iter:  600/ 600 LR: 0.0000666667 Loss content:  0.0173 Loss fft:  0.8245 Loss dta_rank:  0.6161 Loss dta_tv:  0.0372 Loss dta_proxy:  0.2083 Loss dta_trans:  0.0076 Loss dta_phys:  0.0062 Loss dta_preserve:  0.0048
EPOCH: 02
Elapsed time: 0.86 Epoch Pixel Loss:  0.0171 Epoch FFT Loss:  0.8177 Epoch DTA Rank:  0.6191 Epoch DTA TV:  0.0389 Epoch DTA Proxy:  0.2090 Epoch DTA Trans:  0.0089 Epoch DTA Phys:  0.0067 Epoch DTA Preserve:  0.0053
DTA_GATE_RAMP epoch=3 gate_limit=0.030000
Time:  0.0681 Epoch: 003 Iter:   50/ 600 LR: 0.0001000000 Loss content:  0.0174 Loss fft:  0.8278 Loss dta_rank:  0.6135 Loss dta_tv:  0.0370 Loss dta_proxy:  0.2182 Loss dta_trans:  0.0080 Loss dta_phys:  0.0074 Loss dta_preserve:  0.0057
Time:  0.0610 Epoch: 003 Iter:  100/ 600 LR: 0.0001000000 Loss content:  0.0173 Loss fft:  0.8265 Loss dta_rank:  0.6154 Loss dta_tv:  0.0381 Loss dta_proxy:  0.2095 Loss dta_trans:  0.0082 Loss dta_phys:  0.0058 Loss dta_preserve:  0.0052
Time:  0.0609 Epoch: 003 Iter:  150/ 600 LR: 0.0001000000 Loss content:  0.0176 Loss fft:  0.8400 Loss dta_rank:  0.6180 Loss dta_tv:  0.0375 Loss dta_proxy:  0.2071 Loss dta_trans:  0.0078 Loss dta_phys:  0.0062 Loss dta_preserve:  0.0046
Time:  0.0604 Epoch: 003 Iter:  200/ 600 LR: 0.0001000000 Loss content:  0.0175 Loss fft:  0.8297 Loss dta_rank:  0.6118 Loss dta_tv:  0.0375 Loss dta_proxy:  0.2049 Loss dta_trans:  0.0083 Loss dta_phys:  0.0067 Loss dta_preserve:  0.0051
Time:  0.0607 Epoch: 003 Iter:  250/ 600 LR: 0.0001000000 Loss content:  0.0191 Loss fft:  0.8629 Loss dta_rank:  0.6098 Loss dta_tv:  0.0363 Loss dta_proxy:  0.2182 Loss dta_trans:  0.0076 Loss dta_phys:  0.0073 Loss dta_preserve:  0.0057
Time:  0.0604 Epoch: 003 Iter:  300/ 600 LR: 0.0001000000 Loss content:  0.0171 Loss fft:  0.7984 Loss dta_rank:  0.6133 Loss dta_tv:  0.0363 Loss dta_proxy:  0.2200 Loss dta_trans:  0.0068 Loss dta_phys:  0.0060 Loss dta_preserve:  0.0067
Time:  0.0653 Epoch: 003 Iter:  350/ 600 LR: 0.0001000000 Loss content:  0.0167 Loss fft:  0.8066 Loss dta_rank:  0.6152 Loss dta_tv:  0.0369 Loss dta_proxy:  0.2042 Loss dta_trans:  0.0083 Loss dta_phys:  0.0066 Loss dta_preserve:  0.0038
Time:  0.0748 Epoch: 003 Iter:  400/ 600 LR: 0.0001000000 Loss content:  0.0173 Loss fft:  0.8017 Loss dta_rank:  0.6181 Loss dta_tv:  0.0351 Loss dta_proxy:  0.2141 Loss dta_trans:  0.0082 Loss dta_phys:  0.0070 Loss dta_preserve:  0.0054
Time:  0.0740 Epoch: 003 Iter:  450/ 600 LR: 0.0001000000 Loss content:  0.0180 Loss fft:  0.8582 Loss dta_rank:  0.6103 Loss dta_tv:  0.0350 Loss dta_proxy:  0.2227 Loss dta_trans:  0.0077 Loss dta_phys:  0.0077 Loss dta_preserve:  0.0056
Time:  0.0782 Epoch: 003 Iter:  500/ 600 LR: 0.0001000000 Loss content:  0.0176 Loss fft:  0.8424 Loss dta_rank:  0.6089 Loss dta_tv:  0.0349 Loss dta_proxy:  0.2076 Loss dta_trans:  0.0085 Loss dta_phys:  0.0068 Loss dta_preserve:  0.0058
Time:  0.0774 Epoch: 003 Iter:  550/ 600 LR: 0.0001000000 Loss content:  0.0167 Loss fft:  0.8014 Loss dta_rank:  0.6135 Loss dta_tv:  0.0343 Loss dta_proxy:  0.2214 Loss dta_trans:  0.0070 Loss dta_phys:  0.0064 Loss dta_preserve:  0.0047
Time:  0.0718 Epoch: 003 Iter:  600/ 600 LR: 0.0001000000 Loss content:  0.0168 Loss fft:  0.7988 Loss dta_rank:  0.6111 Loss dta_tv:  0.0352 Loss dta_proxy:  0.1953 Loss dta_trans:  0.0069 Loss dta_phys:  0.0063 Loss dta_preserve:  0.0048
EPOCH: 03
Elapsed time: 0.82 Epoch Pixel Loss:  0.0174 Epoch FFT Loss:  0.8245 Epoch DTA Rank:  0.6132 Epoch DTA TV:  0.0362 Epoch DTA Proxy:  0.2119 Epoch DTA Trans:  0.0078 Epoch DTA Phys:  0.0067 Epoch DTA Preserve:  0.0052
/sda/home/wangyuxin/ConvIR-B/envs/convir-cu121/lib/python3.10/site-packages/torch/optim/lr_scheduler.py:1087: UserWarning: To get the last learning rate computed by the scheduler, please use `get_last_lr()`.
  _warn_get_lr_called_within_step(self)
DTA_GATE_RAMP epoch=4 gate_limit=0.030000
Time:  0.0747 Epoch: 004 Iter:   50/ 600 LR: 0.0001000000 Loss content:  0.0175 Loss fft:  0.8181 Loss dta_rank:  0.6126 Loss dta_tv:  0.0340 Loss dta_proxy:  0.2180 Loss dta_trans:  0.0074 Loss dta_phys:  0.0060 Loss dta_preserve:  0.0052
Time:  0.0673 Epoch: 004 Iter:  100/ 600 LR: 0.0001000000 Loss content:  0.0171 Loss fft:  0.7948 Loss dta_rank:  0.6104 Loss dta_tv:  0.0339 Loss dta_proxy:  0.2063 Loss dta_trans:  0.0077 Loss dta_phys:  0.0062 Loss dta_preserve:  0.0052
Time:  0.0704 Epoch: 004 Iter:  150/ 600 LR: 0.0001000000 Loss content:  0.0172 Loss fft:  0.8281 Loss dta_rank:  0.6102 Loss dta_tv:  0.0341 Loss dta_proxy:  0.2127 Loss dta_trans:  0.0070 Loss dta_phys:  0.0063 Loss dta_preserve:  0.0061
Time:  0.0635 Epoch: 004 Iter:  200/ 600 LR: 0.0001000000 Loss content:  0.0169 Loss fft:  0.8174 Loss dta_rank:  0.6096 Loss dta_tv:  0.0344 Loss dta_proxy:  0.2006 Loss dta_trans:  0.0061 Loss dta_phys:  0.0067 Loss dta_preserve:  0.0046
Time:  0.0598 Epoch: 004 Iter:  250/ 600 LR: 0.0001000000 Loss content:  0.0170 Loss fft:  0.8176 Loss dta_rank:  0.6099 Loss dta_tv:  0.0349 Loss dta_proxy:  0.2048 Loss dta_trans:  0.0073 Loss dta_phys:  0.0063 Loss dta_preserve:  0.0041
Time:  0.0620 Epoch: 004 Iter:  300/ 600 LR: 0.0001000000 Loss content:  0.0172 Loss fft:  0.8359 Loss dta_rank:  0.6146 Loss dta_tv:  0.0340 Loss dta_proxy:  0.2097 Loss dta_trans:  0.0093 Loss dta_phys:  0.0072 Loss dta_preserve:  0.0052
Time:  0.0638 Epoch: 004 Iter:  350/ 600 LR: 0.0001000000 Loss content:  0.0176 Loss fft:  0.8098 Loss dta_rank:  0.6110 Loss dta_tv:  0.0340 Loss dta_proxy:  0.1988 Loss dta_trans:  0.0067 Loss dta_phys:  0.0066 Loss dta_preserve:  0.0053
Time:  0.0685 Epoch: 004 Iter:  400/ 600 LR: 0.0001000000 Loss content:  0.0170 Loss fft:  0.8268 Loss dta_rank:  0.6080 Loss dta_tv:  0.0340 Loss dta_proxy:  0.2065 Loss dta_trans:  0.0068 Loss dta_phys:  0.0069 Loss dta_preserve:  0.0049
Time:  0.0720 Epoch: 004 Iter:  450/ 600 LR: 0.0001000000 Loss content:  0.0166 Loss fft:  0.8058 Loss dta_rank:  0.6035 Loss dta_tv:  0.0340 Loss dta_proxy:  0.2106 Loss dta_trans:  0.0066 Loss dta_phys:  0.0071 Loss dta_preserve:  0.0041
Time:  0.0701 Epoch: 004 Iter:  500/ 600 LR: 0.0001000000 Loss content:  0.0171 Loss fft:  0.8034 Loss dta_rank:  0.6159 Loss dta_tv:  0.0338 Loss dta_proxy:  0.2212 Loss dta_trans:  0.0067 Loss dta_phys:  0.0071 Loss dta_preserve:  0.0054
Time:  0.0671 Epoch: 004 Iter:  550/ 600 LR: 0.0001000000 Loss content:  0.0176 Loss fft:  0.8465 Loss dta_rank:  0.6078 Loss dta_tv:  0.0334 Loss dta_proxy:  0.2087 Loss dta_trans:  0.0066 Loss dta_phys:  0.0066 Loss dta_preserve:  0.0043
Time:  0.0773 Epoch: 004 Iter:  600/ 600 LR: 0.0001000000 Loss content:  0.0166 Loss fft:  0.8044 Loss dta_rank:  0.6090 Loss dta_tv:  0.0347 Loss dta_proxy:  0.2026 Loss dta_trans:  0.0066 Loss dta_phys:  0.0064 Loss dta_preserve:  0.0047
EPOCH: 04
Elapsed time: 0.82 Epoch Pixel Loss:  0.0171 Epoch FFT Loss:  0.8174 Epoch DTA Rank:  0.6102 Epoch DTA TV:  0.0341 Epoch DTA Proxy:  0.2084 Epoch DTA Trans:  0.0071 Epoch DTA Phys:  0.0066 Epoch DTA Preserve:  0.0049
DTA_GATE_RAMP epoch=5 gate_limit=0.030000
Time:  0.0784 Epoch: 005 Iter:   50/ 600 LR: 0.0000983215 Loss content:  0.0169 Loss fft:  0.8063 Loss dta_rank:  0.6050 Loss dta_tv:  0.0334 Loss dta_proxy:  0.2058 Loss dta_trans:  0.0076 Loss dta_phys:  0.0066 Loss dta_preserve:  0.0051
Time:  0.0738 Epoch: 005 Iter:  100/ 600 LR: 0.0000983215 Loss content:  0.0171 Loss fft:  0.7875 Loss dta_rank:  0.6145 Loss dta_tv:  0.0332 Loss dta_proxy:  0.2227 Loss dta_trans:  0.0070 Loss dta_phys:  0.0075 Loss dta_preserve:  0.0046
Time:  0.0741 Epoch: 005 Iter:  150/ 600 LR: 0.0000983215 Loss content:  0.0172 Loss fft:  0.8166 Loss dta_rank:  0.6108 Loss dta_tv:  0.0324 Loss dta_proxy:  0.2081 Loss dta_trans:  0.0059 Loss dta_phys:  0.0061 Loss dta_preserve:  0.0044
Time:  0.0727 Epoch: 005 Iter:  200/ 600 LR: 0.0000983215 Loss content:  0.0175 Loss fft:  0.8154 Loss dta_rank:  0.6050 Loss dta_tv:  0.0319 Loss dta_proxy:  0.2177 Loss dta_trans:  0.0066 Loss dta_phys:  0.0065 Loss dta_preserve:  0.0068
Time:  0.0742 Epoch: 005 Iter:  250/ 600 LR: 0.0000983215 Loss content:  0.0163 Loss fft:  0.7822 Loss dta_rank:  0.6107 Loss dta_tv:  0.0331 Loss dta_proxy:  0.2075 Loss dta_trans:  0.0064 Loss dta_phys:  0.0072 Loss dta_preserve:  0.0048
Time:  0.0798 Epoch: 005 Iter:  300/ 600 LR: 0.0000983215 Loss content:  0.0173 Loss fft:  0.8380 Loss dta_rank:  0.6073 Loss dta_tv:  0.0334 Loss dta_proxy:  0.1943 Loss dta_trans:  0.0073 Loss dta_phys:  0.0062 Loss dta_preserve:  0.0044
Time:  0.0733 Epoch: 005 Iter:  350/ 600 LR: 0.0000983215 Loss content:  0.0181 Loss fft:  0.8581 Loss dta_rank:  0.6080 Loss dta_tv:  0.0322 Loss dta_proxy:  0.2107 Loss dta_trans:  0.0064 Loss dta_phys:  0.0070 Loss dta_preserve:  0.0051
Time:  0.0799 Epoch: 005 Iter:  400/ 600 LR: 0.0000983215 Loss content:  0.0175 Loss fft:  0.8016 Loss dta_rank:  0.6094 Loss dta_tv:  0.0321 Loss dta_proxy:  0.2196 Loss dta_trans:  0.0064 Loss dta_phys:  0.0064 Loss dta_preserve:  0.0044
Time:  0.0753 Epoch: 005 Iter:  450/ 600 LR: 0.0000983215 Loss content:  0.0168 Loss fft:  0.8263 Loss dta_rank:  0.6036 Loss dta_tv:  0.0338 Loss dta_proxy:  0.1941 Loss dta_trans:  0.0079 Loss dta_phys:  0.0063 Loss dta_preserve:  0.0050
Time:  0.0710 Epoch: 005 Iter:  500/ 600 LR: 0.0000983215 Loss content:  0.0183 Loss fft:  0.8343 Loss dta_rank:  0.6048 Loss dta_tv:  0.0316 Loss dta_proxy:  0.2163 Loss dta_trans:  0.0072 Loss dta_phys:  0.0065 Loss dta_preserve:  0.0068
Time:  0.0690 Epoch: 005 Iter:  550/ 600 LR: 0.0000983215 Loss content:  0.0174 Loss fft:  0.8457 Loss dta_rank:  0.6078 Loss dta_tv:  0.0321 Loss dta_proxy:  0.2086 Loss dta_trans:  0.0060 Loss dta_phys:  0.0070 Loss dta_preserve:  0.0045
Time:  0.0734 Epoch: 005 Iter:  600/ 600 LR: 0.0000983215 Loss content:  0.0173 Loss fft:  0.8196 Loss dta_rank:  0.6007 Loss dta_tv:  0.0323 Loss dta_proxy:  0.2089 Loss dta_trans:  0.0062 Loss dta_phys:  0.0062 Loss dta_preserve:  0.0054
EPOCH: 05
Elapsed time: 0.90 Epoch Pixel Loss:  0.0173 Epoch FFT Loss:  0.8193 Epoch DTA Rank:  0.6073 Epoch DTA TV:  0.0326 Epoch DTA Proxy:  0.2095 Epoch DTA Trans:  0.0068 Epoch DTA Phys:  0.0066 Epoch DTA Preserve:  0.0051
DTA_GATE_RAMP epoch=6 gate_limit=0.030000
Time:  0.0768 Epoch: 006 Iter:   50/ 600 LR: 0.0000942212 Loss content:  0.0168 Loss fft:  0.8181 Loss dta_rank:  0.6107 Loss dta_tv:  0.0327 Loss dta_proxy:  0.2050 Loss dta_trans:  0.0061 Loss dta_phys:  0.0068 Loss dta_preserve:  0.0054
Time:  0.0731 Epoch: 006 Iter:  100/ 600 LR: 0.0000942212 Loss content:  0.0173 Loss fft:  0.8327 Loss dta_rank:  0.6048 Loss dta_tv:  0.0324 Loss dta_proxy:  0.2002 Loss dta_trans:  0.0063 Loss dta_phys:  0.0062 Loss dta_preserve:  0.0050
Time:  0.0736 Epoch: 006 Iter:  150/ 600 LR: 0.0000942212 Loss content:  0.0164 Loss fft:  0.8148 Loss dta_rank:  0.6079 Loss dta_tv:  0.0317 Loss dta_proxy:  0.2156 Loss dta_trans:  0.0064 Loss dta_phys:  0.0063 Loss dta_preserve:  0.0049
Time:  0.0703 Epoch: 006 Iter:  200/ 600 LR: 0.0000942212 Loss content:  0.0177 Loss fft:  0.8182 Loss dta_rank:  0.6068 Loss dta_tv:  0.0314 Loss dta_proxy:  0.2171 Loss dta_trans:  0.0065 Loss dta_phys:  0.0072 Loss dta_preserve:  0.0058
Time:  0.0724 Epoch: 006 Iter:  250/ 600 LR: 0.0000942212 Loss content:  0.0177 Loss fft:  0.8254 Loss dta_rank:  0.6002 Loss dta_tv:  0.0317 Loss dta_proxy:  0.2017 Loss dta_trans:  0.0053 Loss dta_phys:  0.0067 Loss dta_preserve:  0.0057
Time:  0.0668 Epoch: 006 Iter:  300/ 600 LR: 0.0000942212 Loss content:  0.0170 Loss fft:  0.8149 Loss dta_rank:  0.6056 Loss dta_tv:  0.0324 Loss dta_proxy:  0.2097 Loss dta_trans:  0.0067 Loss dta_phys:  0.0067 Loss dta_preserve:  0.0049
Time:  0.0687 Epoch: 006 Iter:  350/ 600 LR: 0.0000942212 Loss content:  0.0175 Loss fft:  0.8240 Loss dta_rank:  0.6096 Loss dta_tv:  0.0320 Loss dta_proxy:  0.2097 Loss dta_trans:  0.0067 Loss dta_phys:  0.0071 Loss dta_preserve:  0.0050
Time:  0.0729 Epoch: 006 Iter:  400/ 600 LR: 0.0000942212 Loss content:  0.0169 Loss fft:  0.8079 Loss dta_rank:  0.6102 Loss dta_tv:  0.0306 Loss dta_proxy:  0.2167 Loss dta_trans:  0.0069 Loss dta_phys:  0.0068 Loss dta_preserve:  0.0053
Time:  0.0698 Epoch: 006 Iter:  450/ 600 LR: 0.0000942212 Loss content:  0.0172 Loss fft:  0.8296 Loss dta_rank:  0.6029 Loss dta_tv:  0.0319 Loss dta_proxy:  0.2065 Loss dta_trans:  0.0067 Loss dta_phys:  0.0058 Loss dta_preserve:  0.0053
Time:  0.0677 Epoch: 006 Iter:  500/ 600 LR: 0.0000942212 Loss content:  0.0170 Loss fft:  0.8230 Loss dta_rank:  0.6024 Loss dta_tv:  0.0310 Loss dta_proxy:  0.2138 Loss dta_trans:  0.0065 Loss dta_phys:  0.0069 Loss dta_preserve:  0.0043
Time:  0.0736 Epoch: 006 Iter:  550/ 600 LR: 0.0000942212 Loss content:  0.0173 Loss fft:  0.8153 Loss dta_rank:  0.6095 Loss dta_tv:  0.0309 Loss dta_proxy:  0.2067 Loss dta_trans:  0.0067 Loss dta_phys:  0.0069 Loss dta_preserve:  0.0054
Time:  0.0737 Epoch: 006 Iter:  600/ 600 LR: 0.0000942212 Loss content:  0.0174 Loss fft:  0.7990 Loss dta_rank:  0.6091 Loss dta_tv:  0.0307 Loss dta_proxy:  0.2156 Loss dta_trans:  0.0068 Loss dta_phys:  0.0062 Loss dta_preserve:  0.0054
EPOCH: 06
Elapsed time: 0.86 Epoch Pixel Loss:  0.0172 Epoch FFT Loss:  0.8186 Epoch DTA Rank:  0.6066 Epoch DTA TV:  0.0316 Epoch DTA Proxy:  0.2099 Epoch DTA Trans:  0.0065 Epoch DTA Phys:  0.0066 Epoch DTA Preserve:  0.0052
DTA_GATE_RAMP epoch=7 gate_limit=0.030000
Time:  0.0774 Epoch: 007 Iter:   50/ 600 LR: 0.0000886874 Loss content:  0.0167 Loss fft:  0.8414 Loss dta_rank:  0.5984 Loss dta_tv:  0.0325 Loss dta_proxy:  0.1921 Loss dta_trans:  0.0058 Loss dta_phys:  0.0062 Loss dta_preserve:  0.0044
Time:  0.0736 Epoch: 007 Iter:  100/ 600 LR: 0.0000886874 Loss content:  0.0165 Loss fft:  0.8018 Loss dta_rank:  0.6058 Loss dta_tv:  0.0303 Loss dta_proxy:  0.2175 Loss dta_trans:  0.0060 Loss dta_phys:  0.0067 Loss dta_preserve:  0.0057
Time:  0.0754 Epoch: 007 Iter:  150/ 600 LR: 0.0000886874 Loss content:  0.0175 Loss fft:  0.8482 Loss dta_rank:  0.6104 Loss dta_tv:  0.0319 Loss dta_proxy:  0.2103 Loss dta_trans:  0.0062 Loss dta_phys:  0.0069 Loss dta_preserve:  0.0050
Time:  0.0746 Epoch: 007 Iter:  200/ 600 LR: 0.0000886874 Loss content:  0.0170 Loss fft:  0.8229 Loss dta_rank:  0.6116 Loss dta_tv:  0.0318 Loss dta_proxy:  0.2011 Loss dta_trans:  0.0065 Loss dta_phys:  0.0072 Loss dta_preserve:  0.0051
Time:  0.0765 Epoch: 007 Iter:  250/ 600 LR: 0.0000886874 Loss content:  0.0183 Loss fft:  0.8423 Loss dta_rank:  0.6008 Loss dta_tv:  0.0314 Loss dta_proxy:  0.2020 Loss dta_trans:  0.0053 Loss dta_phys:  0.0067 Loss dta_preserve:  0.0075
Time:  0.0726 Epoch: 007 Iter:  300/ 600 LR: 0.0000886874 Loss content:  0.0174 Loss fft:  0.8315 Loss dta_rank:  0.6036 Loss dta_tv:  0.0314 Loss dta_proxy:  0.2060 Loss dta_trans:  0.0066 Loss dta_phys:  0.0074 Loss dta_preserve:  0.0054
Time:  0.0782 Epoch: 007 Iter:  350/ 600 LR: 0.0000886874 Loss content:  0.0171 Loss fft:  0.8302 Loss dta_rank:  0.6047 Loss dta_tv:  0.0305 Loss dta_proxy:  0.2042 Loss dta_trans:  0.0058 Loss dta_phys:  0.0066 Loss dta_preserve:  0.0057
Time:  0.0764 Epoch: 007 Iter:  400/ 600 LR: 0.0000886874 Loss content:  0.0168 Loss fft:  0.8188 Loss dta_rank:  0.6026 Loss dta_tv:  0.0313 Loss dta_proxy:  0.1987 Loss dta_trans:  0.0068 Loss dta_phys:  0.0065 Loss dta_preserve:  0.0050
Time:  0.0680 Epoch: 007 Iter:  450/ 600 LR: 0.0000886874 Loss content:  0.0166 Loss fft:  0.8085 Loss dta_rank:  0.6073 Loss dta_tv:  0.0312 Loss dta_proxy:  0.2059 Loss dta_trans:  0.0067 Loss dta_phys:  0.0066 Loss dta_preserve:  0.0045
Time:  0.0661 Epoch: 007 Iter:  500/ 600 LR: 0.0000886874 Loss content:  0.0177 Loss fft:  0.8276 Loss dta_rank:  0.6053 Loss dta_tv:  0.0309 Loss dta_proxy:  0.2103 Loss dta_trans:  0.0048 Loss dta_phys:  0.0062 Loss dta_preserve:  0.0043
Time:  0.0650 Epoch: 007 Iter:  550/ 600 LR: 0.0000886874 Loss content:  0.0173 Loss fft:  0.8348 Loss dta_rank:  0.6047 Loss dta_tv:  0.0313 Loss dta_proxy:  0.1997 Loss dta_trans:  0.0061 Loss dta_phys:  0.0059 Loss dta_preserve:  0.0053
Time:  0.0654 Epoch: 007 Iter:  600/ 600 LR: 0.0000886874 Loss content:  0.0162 Loss fft:  0.7843 Loss dta_rank:  0.6051 Loss dta_tv:  0.0302 Loss dta_proxy:  0.2204 Loss dta_trans:  0.0060 Loss dta_phys:  0.0073 Loss dta_preserve:  0.0047
EPOCH: 07
Elapsed time: 0.87 Epoch Pixel Loss:  0.0171 Epoch FFT Loss:  0.8243 Epoch DTA Rank:  0.6050 Epoch DTA TV:  0.0312 Epoch DTA Proxy:  0.2057 Epoch DTA Trans:  0.0060 Epoch DTA Phys:  0.0067 Epoch DTA Preserve:  0.0052
DTA_GATE_RAMP epoch=8 gate_limit=0.030000
Time:  0.0787 Epoch: 008 Iter:   50/ 600 LR: 0.0000819070 Loss content:  0.0171 Loss fft:  0.8293 Loss dta_rank:  0.6061 Loss dta_tv:  0.0320 Loss dta_proxy:  0.2080 Loss dta_trans:  0.0067 Loss dta_phys:  0.0068 Loss dta_preserve:  0.0046
Time:  0.0741 Epoch: 008 Iter:  100/ 600 LR: 0.0000819070 Loss content:  0.0176 Loss fft:  0.8375 Loss dta_rank:  0.6039 Loss dta_tv:  0.0310 Loss dta_proxy:  0.2051 Loss dta_trans:  0.0067 Loss dta_phys:  0.0070 Loss dta_preserve:  0.0048
Time:  0.0688 Epoch: 008 Iter:  150/ 600 LR: 0.0000819070 Loss content:  0.0171 Loss fft:  0.7996 Loss dta_rank:  0.6072 Loss dta_tv:  0.0303 Loss dta_proxy:  0.2198 Loss dta_trans:  0.0061 Loss dta_phys:  0.0066 Loss dta_preserve:  0.0061
Time:  0.0640 Epoch: 008 Iter:  200/ 600 LR: 0.0000819070 Loss content:  0.0175 Loss fft:  0.8556 Loss dta_rank:  0.6067 Loss dta_tv:  0.0308 Loss dta_proxy:  0.1994 Loss dta_trans:  0.0053 Loss dta_phys:  0.0063 Loss dta_preserve:  0.0044
Time:  0.0632 Epoch: 008 Iter:  250/ 600 LR: 0.0000819070 Loss content:  0.0164 Loss fft:  0.7970 Loss dta_rank:  0.5963 Loss dta_tv:  0.0297 Loss dta_proxy:  0.2039 Loss dta_trans:  0.0061 Loss dta_phys:  0.0064 Loss dta_preserve:  0.0053
Time:  0.0706 Epoch: 008 Iter:  300/ 600 LR: 0.0000819070 Loss content:  0.0163 Loss fft:  0.7939 Loss dta_rank:  0.6053 Loss dta_tv:  0.0302 Loss dta_proxy:  0.1974 Loss dta_trans:  0.0064 Loss dta_phys:  0.0066 Loss dta_preserve:  0.0047
Time:  0.0747 Epoch: 008 Iter:  350/ 600 LR: 0.0000819070 Loss content:  0.0176 Loss fft:  0.8156 Loss dta_rank:  0.6033 Loss dta_tv:  0.0303 Loss dta_proxy:  0.2015 Loss dta_trans:  0.0065 Loss dta_phys:  0.0068 Loss dta_preserve:  0.0051
Time:  0.0754 Epoch: 008 Iter:  400/ 600 LR: 0.0000819070 Loss content:  0.0174 Loss fft:  0.8289 Loss dta_rank:  0.6029 Loss dta_tv:  0.0311 Loss dta_proxy:  0.1970 Loss dta_trans:  0.0067 Loss dta_phys:  0.0066 Loss dta_preserve:  0.0051
Time:  0.0720 Epoch: 008 Iter:  450/ 600 LR: 0.0000819070 Loss content:  0.0177 Loss fft:  0.8352 Loss dta_rank:  0.6110 Loss dta_tv:  0.0303 Loss dta_proxy:  0.2048 Loss dta_trans:  0.0058 Loss dta_phys:  0.0059 Loss dta_preserve:  0.0053
Time:  0.0732 Epoch: 008 Iter:  500/ 600 LR: 0.0000819070 Loss content:  0.0171 Loss fft:  0.8228 Loss dta_rank:  0.6045 Loss dta_tv:  0.0312 Loss dta_proxy:  0.1954 Loss dta_trans:  0.0066 Loss dta_phys:  0.0068 Loss dta_preserve:  0.0063
Time:  0.0768 Epoch: 008 Iter:  550/ 600 LR: 0.0000819070 Loss content:  0.0177 Loss fft:  0.8186 Loss dta_rank:  0.6053 Loss dta_tv:  0.0305 Loss dta_proxy:  0.1979 Loss dta_trans:  0.0063 Loss dta_phys:  0.0071 Loss dta_preserve:  0.0058
Time:  0.0722 Epoch: 008 Iter:  600/ 600 LR: 0.0000819070 Loss content:  0.0160 Loss fft:  0.7837 Loss dta_rank:  0.6099 Loss dta_tv:  0.0310 Loss dta_proxy:  0.1984 Loss dta_trans:  0.0067 Loss dta_phys:  0.0069 Loss dta_preserve:  0.0044
EPOCH: 08
Elapsed time: 0.87 Epoch Pixel Loss:  0.0171 Epoch FFT Loss:  0.8181 Epoch DTA Rank:  0.6052 Epoch DTA TV:  0.0307 Epoch DTA Proxy:  0.2024 Epoch DTA Trans:  0.0063 Epoch DTA Phys:  0.0066 Epoch DTA Preserve:  0.0052
DTA_GATE_RAMP epoch=9 gate_limit=0.060000
Time:  0.0788 Epoch: 009 Iter:   50/ 600 LR: 0.0000741093 Loss content:  0.0170 Loss fft:  0.8292 Loss dta_rank:  0.6033 Loss dta_tv:  0.0299 Loss dta_proxy:  0.2049 Loss dta_trans:  0.0057 Loss dta_phys:  0.0063 Loss dta_preserve:  0.0057
Time:  0.0759 Epoch: 009 Iter:  100/ 600 LR: 0.0000741093 Loss content:  0.0175 Loss fft:  0.8233 Loss dta_rank:  0.6035 Loss dta_tv:  0.0309 Loss dta_proxy:  0.2001 Loss dta_trans:  0.0065 Loss dta_phys:  0.0067 Loss dta_preserve:  0.0059
Time:  0.0774 Epoch: 009 Iter:  150/ 600 LR: 0.0000741093 Loss content:  0.0173 Loss fft:  0.8287 Loss dta_rank:  0.6046 Loss dta_tv:  0.0310 Loss dta_proxy:  0.1947 Loss dta_trans:  0.0064 Loss dta_phys:  0.0068 Loss dta_preserve:  0.0060
Time:  0.0733 Epoch: 009 Iter:  200/ 600 LR: 0.0000741093 Loss content:  0.0176 Loss fft:  0.8099 Loss dta_rank:  0.6027 Loss dta_tv:  0.0315 Loss dta_proxy:  0.1926 Loss dta_trans:  0.0065 Loss dta_phys:  0.0072 Loss dta_preserve:  0.0053
Time:  0.0730 Epoch: 009 Iter:  250/ 600 LR: 0.0000741093 Loss content:  0.0175 Loss fft:  0.8504 Loss dta_rank:  0.6021 Loss dta_tv:  0.0297 Loss dta_proxy:  0.2101 Loss dta_trans:  0.0055 Loss dta_phys:  0.0069 Loss dta_preserve:  0.0049
Time:  0.0732 Epoch: 009 Iter:  300/ 600 LR: 0.0000741093 Loss content:  0.0170 Loss fft:  0.7957 Loss dta_rank:  0.6066 Loss dta_tv:  0.0307 Loss dta_proxy:  0.1980 Loss dta_trans:  0.0064 Loss dta_phys:  0.0067 Loss dta_preserve:  0.0066
Time:  0.0745 Epoch: 009 Iter:  350/ 600 LR: 0.0000741093 Loss content:  0.0177 Loss fft:  0.8319 Loss dta_rank:  0.6079 Loss dta_tv:  0.0299 Loss dta_proxy:  0.2024 Loss dta_trans:  0.0060 Loss dta_phys:  0.0065 Loss dta_preserve:  0.0040
Time:  0.0755 Epoch: 009 Iter:  400/ 600 LR: 0.0000741093 Loss content:  0.0169 Loss fft:  0.8143 Loss dta_rank:  0.6078 Loss dta_tv:  0.0299 Loss dta_proxy:  0.2108 Loss dta_trans:  0.0062 Loss dta_phys:  0.0073 Loss dta_preserve:  0.0052
Time:  0.0721 Epoch: 009 Iter:  450/ 600 LR: 0.0000741093 Loss content:  0.0167 Loss fft:  0.8055 Loss dta_rank:  0.6077 Loss dta_tv:  0.0307 Loss dta_proxy:  0.2005 Loss dta_trans:  0.0062 Loss dta_phys:  0.0064 Loss dta_preserve:  0.0047
Time:  0.0719 Epoch: 009 Iter:  500/ 600 LR: 0.0000741093 Loss content:  0.0178 Loss fft:  0.8168 Loss dta_rank:  0.6010 Loss dta_tv:  0.0305 Loss dta_proxy:  0.1838 Loss dta_trans:  0.0064 Loss dta_phys:  0.0071 Loss dta_preserve:  0.0061
Time:  0.0710 Epoch: 009 Iter:  550/ 600 LR: 0.0000741093 Loss content:  0.0179 Loss fft:  0.8333 Loss dta_rank:  0.6002 Loss dta_tv:  0.0295 Loss dta_proxy:  0.1896 Loss dta_trans:  0.0056 Loss dta_phys:  0.0065 Loss dta_preserve:  0.0057
Time:  0.0697 Epoch: 009 Iter:  600/ 600 LR: 0.0000741093 Loss content:  0.0167 Loss fft:  0.8077 Loss dta_rank:  0.6011 Loss dta_tv:  0.0302 Loss dta_proxy:  0.1831 Loss dta_trans:  0.0060 Loss dta_phys:  0.0072 Loss dta_preserve:  0.0056
EPOCH: 09
Elapsed time: 0.89 Epoch Pixel Loss:  0.0173 Epoch FFT Loss:  0.8206 Epoch DTA Rank:  0.6040 Epoch DTA TV:  0.0304 Epoch DTA Proxy:  0.1976 Epoch DTA Trans:  0.0061 Epoch DTA Phys:  0.0068 Epoch DTA Preserve:  0.0055
DTA_GATE_RAMP epoch=10 gate_limit=0.060000
Time:  0.0799 Epoch: 010 Iter:   50/ 600 LR: 0.0000655580 Loss content:  0.0169 Loss fft:  0.8128 Loss dta_rank:  0.6101 Loss dta_tv:  0.0308 Loss dta_proxy:  0.1961 Loss dta_trans:  0.0079 Loss dta_phys:  0.0067 Loss dta_preserve:  0.0062
Time:  0.0764 Epoch: 010 Iter:  100/ 600 LR: 0.0000655580 Loss content:  0.0174 Loss fft:  0.8463 Loss dta_rank:  0.6000 Loss dta_tv:  0.0300 Loss dta_proxy:  0.1939 Loss dta_trans:  0.0061 Loss dta_phys:  0.0073 Loss dta_preserve:  0.0058
Time:  0.0731 Epoch: 010 Iter:  150/ 600 LR: 0.0000655580 Loss content:  0.0168 Loss fft:  0.8138 Loss dta_rank:  0.6023 Loss dta_tv:  0.0296 Loss dta_proxy:  0.1931 Loss dta_trans:  0.0065 Loss dta_phys:  0.0064 Loss dta_preserve:  0.0042
Time:  0.0758 Epoch: 010 Iter:  200/ 600 LR: 0.0000655580 Loss content:  0.0172 Loss fft:  0.8086 Loss dta_rank:  0.6016 Loss dta_tv:  0.0299 Loss dta_proxy:  0.1980 Loss dta_trans:  0.0058 Loss dta_phys:  0.0065 Loss dta_preserve:  0.0042
Time:  0.0795 Epoch: 010 Iter:  250/ 600 LR: 0.0000655580 Loss content:  0.0171 Loss fft:  0.8319 Loss dta_rank:  0.6018 Loss dta_tv:  0.0294 Loss dta_proxy:  0.1983 Loss dta_trans:  0.0051 Loss dta_phys:  0.0067 Loss dta_preserve:  0.0052
Time:  0.0699 Epoch: 010 Iter:  300/ 600 LR: 0.0000655580 Loss content:  0.0170 Loss fft:  0.8052 Loss dta_rank:  0.6088 Loss dta_tv:  0.0301 Loss dta_proxy:  0.1936 Loss dta_trans:  0.0069 Loss dta_phys:  0.0067 Loss dta_preserve:  0.0047
Time:  0.0730 Epoch: 010 Iter:  350/ 600 LR: 0.0000655580 Loss content:  0.0177 Loss fft:  0.8571 Loss dta_rank:  0.6048 Loss dta_tv:  0.0288 Loss dta_proxy:  0.2019 Loss dta_trans:  0.0056 Loss dta_phys:  0.0063 Loss dta_preserve:  0.0055
Time:  0.0773 Epoch: 010 Iter:  400/ 600 LR: 0.0000655580 Loss content:  0.0172 Loss fft:  0.8280 Loss dta_rank:  0.6005 Loss dta_tv:  0.0294 Loss dta_proxy:  0.1992 Loss dta_trans:  0.0048 Loss dta_phys:  0.0061 Loss dta_preserve:  0.0050
Time:  0.0789 Epoch: 010 Iter:  450/ 600 LR: 0.0000655580 Loss content:  0.0174 Loss fft:  0.8238 Loss dta_rank:  0.5982 Loss dta_tv:  0.0304 Loss dta_proxy:  0.1879 Loss dta_trans:  0.0054 Loss dta_phys:  0.0073 Loss dta_preserve:  0.0043
Time:  0.0731 Epoch: 010 Iter:  500/ 600 LR: 0.0000655580 Loss content:  0.0164 Loss fft:  0.7914 Loss dta_rank:  0.6022 Loss dta_tv:  0.0310 Loss dta_proxy:  0.1896 Loss dta_trans:  0.0066 Loss dta_phys:  0.0068 Loss dta_preserve:  0.0039
Time:  0.0701 Epoch: 010 Iter:  550/ 600 LR: 0.0000655580 Loss content:  0.0173 Loss fft:  0.8228 Loss dta_rank:  0.6016 Loss dta_tv:  0.0296 Loss dta_proxy:  0.1965 Loss dta_trans:  0.0058 Loss dta_phys:  0.0064 Loss dta_preserve:  0.0043
Time:  0.0714 Epoch: 010 Iter:  600/ 600 LR: 0.0000655580 Loss content:  0.0173 Loss fft:  0.8176 Loss dta_rank:  0.6070 Loss dta_tv:  0.0286 Loss dta_proxy:  0.2094 Loss dta_trans:  0.0056 Loss dta_phys:  0.0068 Loss dta_preserve:  0.0059
EPOCH: 10
Elapsed time: 0.90 Epoch Pixel Loss:  0.0171 Epoch FFT Loss:  0.8216 Epoch DTA Rank:  0.6032 Epoch DTA TV:  0.0298 Epoch DTA Proxy:  0.1965 Epoch DTA Trans:  0.0060 Epoch DTA Phys:  0.0067 Epoch DTA Preserve:  0.0049
DTA_GATE_RAMP epoch=11 gate_limit=0.060000
Time:  0.0770 Epoch: 011 Iter:   50/ 600 LR: 0.0000565424 Loss content:  0.0169 Loss fft:  0.8127 Loss dta_rank:  0.6050 Loss dta_tv:  0.0296 Loss dta_proxy:  0.1983 Loss dta_trans:  0.0062 Loss dta_phys:  0.0065 Loss dta_preserve:  0.0050
Time:  0.0778 Epoch: 011 Iter:  100/ 600 LR: 0.0000565424 Loss content:  0.0174 Loss fft:  0.8099 Loss dta_rank:  0.6037 Loss dta_tv:  0.0296 Loss dta_proxy:  0.1964 Loss dta_trans:  0.0058 Loss dta_phys:  0.0071 Loss dta_preserve:  0.0045
Time:  0.0763 Epoch: 011 Iter:  150/ 600 LR: 0.0000565424 Loss content:  0.0167 Loss fft:  0.7950 Loss dta_rank:  0.6062 Loss dta_tv:  0.0298 Loss dta_proxy:  0.1990 Loss dta_trans:  0.0070 Loss dta_phys:  0.0071 Loss dta_preserve:  0.0051
Time:  0.0734 Epoch: 011 Iter:  200/ 600 LR: 0.0000565424 Loss content:  0.0176 Loss fft:  0.8560 Loss dta_rank:  0.6031 Loss dta_tv:  0.0301 Loss dta_proxy:  0.1935 Loss dta_trans:  0.0059 Loss dta_phys:  0.0059 Loss dta_preserve:  0.0048
Time:  0.0708 Epoch: 011 Iter:  250/ 600 LR: 0.0000565424 Loss content:  0.0171 Loss fft:  0.8346 Loss dta_rank:  0.5980 Loss dta_tv:  0.0297 Loss dta_proxy:  0.1943 Loss dta_trans:  0.0054 Loss dta_phys:  0.0058 Loss dta_preserve:  0.0048
Time:  0.0714 Epoch: 011 Iter:  300/ 600 LR: 0.0000565424 Loss content:  0.0173 Loss fft:  0.7965 Loss dta_rank:  0.6066 Loss dta_tv:  0.0296 Loss dta_proxy:  0.1937 Loss dta_trans:  0.0055 Loss dta_phys:  0.0069 Loss dta_preserve:  0.0049
Time:  0.0677 Epoch: 011 Iter:  350/ 600 LR: 0.0000565424 Loss content:  0.0176 Loss fft:  0.8373 Loss dta_rank:  0.6049 Loss dta_tv:  0.0295 Loss dta_proxy:  0.1998 Loss dta_trans:  0.0062 Loss dta_phys:  0.0065 Loss dta_preserve:  0.0056
Time:  0.0736 Epoch: 011 Iter:  400/ 600 LR: 0.0000565424 Loss content:  0.0169 Loss fft:  0.8114 Loss dta_rank:  0.6013 Loss dta_tv:  0.0298 Loss dta_proxy:  0.1914 Loss dta_trans:  0.0056 Loss dta_phys:  0.0062 Loss dta_preserve:  0.0055
Time:  0.0711 Epoch: 011 Iter:  450/ 600 LR: 0.0000565424 Loss content:  0.0172 Loss fft:  0.8245 Loss dta_rank:  0.6071 Loss dta_tv:  0.0300 Loss dta_proxy:  0.1956 Loss dta_trans:  0.0068 Loss dta_phys:  0.0073 Loss dta_preserve:  0.0043
Time:  0.0739 Epoch: 011 Iter:  500/ 600 LR: 0.0000565424 Loss content:  0.0176 Loss fft:  0.8010 Loss dta_rank:  0.6028 Loss dta_tv:  0.0291 Loss dta_proxy:  0.1918 Loss dta_trans:  0.0055 Loss dta_phys:  0.0072 Loss dta_preserve:  0.0054
Time:  0.0748 Epoch: 011 Iter:  550/ 600 LR: 0.0000565424 Loss content:  0.0175 Loss fft:  0.8290 Loss dta_rank:  0.6040 Loss dta_tv:  0.0304 Loss dta_proxy:  0.1910 Loss dta_trans:  0.0064 Loss dta_phys:  0.0067 Loss dta_preserve:  0.0042
Time:  0.0714 Epoch: 011 Iter:  600/ 600 LR: 0.0000565424 Loss content:  0.0167 Loss fft:  0.7965 Loss dta_rank:  0.6030 Loss dta_tv:  0.0298 Loss dta_proxy:  0.1909 Loss dta_trans:  0.0051 Loss dta_phys:  0.0068 Loss dta_preserve:  0.0052
EPOCH: 11
Elapsed time: 0.88 Epoch Pixel Loss:  0.0172 Epoch FFT Loss:  0.8170 Epoch DTA Rank:  0.6038 Epoch DTA TV:  0.0297 Epoch DTA Proxy:  0.1946 Epoch DTA Trans:  0.0059 Epoch DTA Phys:  0.0067 Epoch DTA Preserve:  0.0049
DTA_GATE_RAMP epoch=12 gate_limit=0.060000
Time:  0.0772 Epoch: 012 Iter:   50/ 600 LR: 0.0000473670 Loss content:  0.0174 Loss fft:  0.8617 Loss dta_rank:  0.6047 Loss dta_tv:  0.0300 Loss dta_proxy:  0.2051 Loss dta_trans:  0.0047 Loss dta_phys:  0.0066 Loss dta_preserve:  0.0052
Time:  0.0739 Epoch: 012 Iter:  100/ 600 LR: 0.0000473670 Loss content:  0.0164 Loss fft:  0.7687 Loss dta_rank:  0.6065 Loss dta_tv:  0.0301 Loss dta_proxy:  0.1963 Loss dta_trans:  0.0067 Loss dta_phys:  0.0070 Loss dta_preserve:  0.0052
Time:  0.0748 Epoch: 012 Iter:  150/ 600 LR: 0.0000473670 Loss content:  0.0170 Loss fft:  0.8318 Loss dta_rank:  0.6051 Loss dta_tv:  0.0293 Loss dta_proxy:  0.2049 Loss dta_trans:  0.0055 Loss dta_phys:  0.0068 Loss dta_preserve:  0.0053
Time:  0.0766 Epoch: 012 Iter:  200/ 600 LR: 0.0000473670 Loss content:  0.0167 Loss fft:  0.7977 Loss dta_rank:  0.6019 Loss dta_tv:  0.0298 Loss dta_proxy:  0.1919 Loss dta_trans:  0.0057 Loss dta_phys:  0.0064 Loss dta_preserve:  0.0045
Time:  0.0749 Epoch: 012 Iter:  250/ 600 LR: 0.0000473670 Loss content:  0.0164 Loss fft:  0.7862 Loss dta_rank:  0.6002 Loss dta_tv:  0.0299 Loss dta_proxy:  0.1902 Loss dta_trans:  0.0071 Loss dta_phys:  0.0078 Loss dta_preserve:  0.0046
Time:  0.0764 Epoch: 012 Iter:  300/ 600 LR: 0.0000473670 Loss content:  0.0174 Loss fft:  0.8182 Loss dta_rank:  0.6034 Loss dta_tv:  0.0287 Loss dta_proxy:  0.1959 Loss dta_trans:  0.0062 Loss dta_phys:  0.0061 Loss dta_preserve:  0.0052
Time:  0.0740 Epoch: 012 Iter:  350/ 600 LR: 0.0000473670 Loss content:  0.0166 Loss fft:  0.8064 Loss dta_rank:  0.6055 Loss dta_tv:  0.0305 Loss dta_proxy:  0.1903 Loss dta_trans:  0.0076 Loss dta_phys:  0.0082 Loss dta_preserve:  0.0057
Time:  0.0692 Epoch: 012 Iter:  400/ 600 LR: 0.0000473670 Loss content:  0.0171 Loss fft:  0.8516 Loss dta_rank:  0.6069 Loss dta_tv:  0.0296 Loss dta_proxy:  0.2024 Loss dta_trans:  0.0056 Loss dta_phys:  0.0064 Loss dta_preserve:  0.0056
Time:  0.0684 Epoch: 012 Iter:  450/ 600 LR: 0.0000473670 Loss content:  0.0179 Loss fft:  0.8596 Loss dta_rank:  0.6005 Loss dta_tv:  0.0288 Loss dta_proxy:  0.1974 Loss dta_trans:  0.0052 Loss dta_phys:  0.0067 Loss dta_preserve:  0.0043
Time:  0.0617 Epoch: 012 Iter:  500/ 600 LR: 0.0000473670 Loss content:  0.0169 Loss fft:  0.7993 Loss dta_rank:  0.6032 Loss dta_tv:  0.0290 Loss dta_proxy:  0.2032 Loss dta_trans:  0.0058 Loss dta_phys:  0.0063 Loss dta_preserve:  0.0067
Time:  0.0685 Epoch: 012 Iter:  550/ 600 LR: 0.0000473670 Loss content:  0.0169 Loss fft:  0.8232 Loss dta_rank:  0.6007 Loss dta_tv:  0.0299 Loss dta_proxy:  0.1933 Loss dta_trans:  0.0055 Loss dta_phys:  0.0061 Loss dta_preserve:  0.0056
Time:  0.0661 Epoch: 012 Iter:  600/ 600 LR: 0.0000473670 Loss content:  0.0182 Loss fft:  0.8608 Loss dta_rank:  0.5984 Loss dta_tv:  0.0289 Loss dta_proxy:  0.2020 Loss dta_trans:  0.0055 Loss dta_phys:  0.0069 Loss dta_preserve:  0.0070
EPOCH: 12
Elapsed time: 0.87 Epoch Pixel Loss:  0.0171 Epoch FFT Loss:  0.8221 Epoch DTA Rank:  0.6031 Epoch DTA TV:  0.0295 Epoch DTA Proxy:  0.1977 Epoch DTA Trans:  0.0059 Epoch DTA Phys:  0.0068 Epoch DTA Preserve:  0.0054
DTA_GATE_RAMP epoch=13 gate_limit=0.060000
Time:  0.0716 Epoch: 013 Iter:   50/ 600 LR: 0.0000383414 Loss content:  0.0162 Loss fft:  0.8083 Loss dta_rank:  0.6092 Loss dta_tv:  0.0292 Loss dta_proxy:  0.1917 Loss dta_trans:  0.0051 Loss dta_phys:  0.0070 Loss dta_preserve:  0.0051
Time:  0.0712 Epoch: 013 Iter:  100/ 600 LR: 0.0000383414 Loss content:  0.0167 Loss fft:  0.8029 Loss dta_rank:  0.6032 Loss dta_tv:  0.0298 Loss dta_proxy:  0.1932 Loss dta_trans:  0.0058 Loss dta_phys:  0.0065 Loss dta_preserve:  0.0052
Time:  0.0723 Epoch: 013 Iter:  150/ 600 LR: 0.0000383414 Loss content:  0.0174 Loss fft:  0.8322 Loss dta_rank:  0.6010 Loss dta_tv:  0.0287 Loss dta_proxy:  0.2040 Loss dta_trans:  0.0049 Loss dta_phys:  0.0065 Loss dta_preserve:  0.0048
Time:  0.0734 Epoch: 013 Iter:  200/ 600 LR: 0.0000383414 Loss content:  0.0168 Loss fft:  0.8189 Loss dta_rank:  0.6022 Loss dta_tv:  0.0299 Loss dta_proxy:  0.2036 Loss dta_trans:  0.0065 Loss dta_phys:  0.0065 Loss dta_preserve:  0.0045
Time:  0.0736 Epoch: 013 Iter:  250/ 600 LR: 0.0000383414 Loss content:  0.0165 Loss fft:  0.8069 Loss dta_rank:  0.6002 Loss dta_tv:  0.0288 Loss dta_proxy:  0.2014 Loss dta_trans:  0.0049 Loss dta_phys:  0.0066 Loss dta_preserve:  0.0043
Time:  0.0714 Epoch: 013 Iter:  300/ 600 LR: 0.0000383414 Loss content:  0.0172 Loss fft:  0.8375 Loss dta_rank:  0.5949 Loss dta_tv:  0.0292 Loss dta_proxy:  0.1916 Loss dta_trans:  0.0055 Loss dta_phys:  0.0066 Loss dta_preserve:  0.0046
Time:  0.0628 Epoch: 013 Iter:  350/ 600 LR: 0.0000383414 Loss content:  0.0172 Loss fft:  0.8384 Loss dta_rank:  0.6016 Loss dta_tv:  0.0302 Loss dta_proxy:  0.1915 Loss dta_trans:  0.0051 Loss dta_phys:  0.0058 Loss dta_preserve:  0.0053
Time:  0.0638 Epoch: 013 Iter:  400/ 600 LR: 0.0000383414 Loss content:  0.0176 Loss fft:  0.8341 Loss dta_rank:  0.6025 Loss dta_tv:  0.0291 Loss dta_proxy:  0.1960 Loss dta_trans:  0.0063 Loss dta_phys:  0.0072 Loss dta_preserve:  0.0048
Time:  0.0669 Epoch: 013 Iter:  450/ 600 LR: 0.0000383414 Loss content:  0.0176 Loss fft:  0.8083 Loss dta_rank:  0.6105 Loss dta_tv:  0.0294 Loss dta_proxy:  0.1970 Loss dta_trans:  0.0057 Loss dta_phys:  0.0062 Loss dta_preserve:  0.0058
Time:  0.0732 Epoch: 013 Iter:  500/ 600 LR: 0.0000383414 Loss content:  0.0172 Loss fft:  0.8115 Loss dta_rank:  0.6050 Loss dta_tv:  0.0297 Loss dta_proxy:  0.1948 Loss dta_trans:  0.0066 Loss dta_phys:  0.0070 Loss dta_preserve:  0.0056
Time:  0.0720 Epoch: 013 Iter:  550/ 600 LR: 0.0000383414 Loss content:  0.0172 Loss fft:  0.8142 Loss dta_rank:  0.6035 Loss dta_tv:  0.0298 Loss dta_proxy:  0.1938 Loss dta_trans:  0.0065 Loss dta_phys:  0.0066 Loss dta_preserve:  0.0055
Time:  0.0755 Epoch: 013 Iter:  600/ 600 LR: 0.0000383414 Loss content:  0.0170 Loss fft:  0.8398 Loss dta_rank:  0.5991 Loss dta_tv:  0.0299 Loss dta_proxy:  0.1937 Loss dta_trans:  0.0058 Loss dta_phys:  0.0071 Loss dta_preserve:  0.0044
EPOCH: 13
Elapsed time: 0.85 Epoch Pixel Loss:  0.0171 Epoch FFT Loss:  0.8211 Epoch DTA Rank:  0.6027 Epoch DTA TV:  0.0295 Epoch DTA Proxy:  0.1960 Epoch DTA Trans:  0.0057 Epoch DTA Phys:  0.0066 Epoch DTA Preserve:  0.0050
DTA_GATE_RAMP epoch=14 gate_limit=0.060000
Time:  0.0796 Epoch: 014 Iter:   50/ 600 LR: 0.0000297690 Loss content:  0.0170 Loss fft:  0.8106 Loss dta_rank:  0.6036 Loss dta_tv:  0.0296 Loss dta_proxy:  0.1952 Loss dta_trans:  0.0060 Loss dta_phys:  0.0062 Loss dta_preserve:  0.0041
Time:  0.0731 Epoch: 014 Iter:  100/ 600 LR: 0.0000297690 Loss content:  0.0164 Loss fft:  0.8079 Loss dta_rank:  0.5990 Loss dta_tv:  0.0301 Loss dta_proxy:  0.1864 Loss dta_trans:  0.0054 Loss dta_phys:  0.0060 Loss dta_preserve:  0.0053
Time:  0.0725 Epoch: 014 Iter:  150/ 600 LR: 0.0000297690 Loss content:  0.0175 Loss fft:  0.8063 Loss dta_rank:  0.6060 Loss dta_tv:  0.0292 Loss dta_proxy:  0.1946 Loss dta_trans:  0.0054 Loss dta_phys:  0.0063 Loss dta_preserve:  0.0057
Time:  0.0720 Epoch: 014 Iter:  200/ 600 LR: 0.0000297690 Loss content:  0.0172 Loss fft:  0.8116 Loss dta_rank:  0.6053 Loss dta_tv:  0.0294 Loss dta_proxy:  0.2014 Loss dta_trans:  0.0056 Loss dta_phys:  0.0072 Loss dta_preserve:  0.0073
Time:  0.0735 Epoch: 014 Iter:  250/ 600 LR: 0.0000297690 Loss content:  0.0179 Loss fft:  0.8343 Loss dta_rank:  0.6047 Loss dta_tv:  0.0288 Loss dta_proxy:  0.2027 Loss dta_trans:  0.0054 Loss dta_phys:  0.0070 Loss dta_preserve:  0.0050
Time:  0.0716 Epoch: 014 Iter:  300/ 600 LR: 0.0000297690 Loss content:  0.0171 Loss fft:  0.8284 Loss dta_rank:  0.6055 Loss dta_tv:  0.0287 Loss dta_proxy:  0.2001 Loss dta_trans:  0.0070 Loss dta_phys:  0.0074 Loss dta_preserve:  0.0038
Time:  0.0696 Epoch: 014 Iter:  350/ 600 LR: 0.0000297690 Loss content:  0.0178 Loss fft:  0.8272 Loss dta_rank:  0.6062 Loss dta_tv:  0.0292 Loss dta_proxy:  0.1921 Loss dta_trans:  0.0058 Loss dta_phys:  0.0072 Loss dta_preserve:  0.0046
Time:  0.0754 Epoch: 014 Iter:  400/ 600 LR: 0.0000297690 Loss content:  0.0174 Loss fft:  0.8297 Loss dta_rank:  0.5970 Loss dta_tv:  0.0295 Loss dta_proxy:  0.1971 Loss dta_trans:  0.0052 Loss dta_phys:  0.0071 Loss dta_preserve:  0.0054
Time:  0.0763 Epoch: 014 Iter:  450/ 600 LR: 0.0000297690 Loss content:  0.0173 Loss fft:  0.8118 Loss dta_rank:  0.6019 Loss dta_tv:  0.0296 Loss dta_proxy:  0.1936 Loss dta_trans:  0.0061 Loss dta_phys:  0.0070 Loss dta_preserve:  0.0057
Time:  0.0736 Epoch: 014 Iter:  500/ 600 LR: 0.0000297690 Loss content:  0.0168 Loss fft:  0.8181 Loss dta_rank:  0.6056 Loss dta_tv:  0.0291 Loss dta_proxy:  0.1987 Loss dta_trans:  0.0053 Loss dta_phys:  0.0065 Loss dta_preserve:  0.0064
Time:  0.0739 Epoch: 014 Iter:  550/ 600 LR: 0.0000297690 Loss content:  0.0166 Loss fft:  0.8266 Loss dta_rank:  0.6052 Loss dta_tv:  0.0293 Loss dta_proxy:  0.1999 Loss dta_trans:  0.0064 Loss dta_phys:  0.0064 Loss dta_preserve:  0.0048
Time:  0.0725 Epoch: 014 Iter:  600/ 600 LR: 0.0000297690 Loss content:  0.0172 Loss fft:  0.8303 Loss dta_rank:  0.5984 Loss dta_tv:  0.0297 Loss dta_proxy:  0.1916 Loss dta_trans:  0.0050 Loss dta_phys:  0.0063 Loss dta_preserve:  0.0054
EPOCH: 14
Elapsed time: 0.89 Epoch Pixel Loss:  0.0172 Epoch FFT Loss:  0.8202 Epoch DTA Rank:  0.6032 Epoch DTA TV:  0.0293 Epoch DTA Proxy:  0.1961 Epoch DTA Trans:  0.0057 Epoch DTA Phys:  0.0067 Epoch DTA Preserve:  0.0053
DTA_GATE_RAMP epoch=15 gate_limit=0.060000
Time:  0.0754 Epoch: 015 Iter:   50/ 600 LR: 0.0000219361 Loss content:  0.0176 Loss fft:  0.8360 Loss dta_rank:  0.6025 Loss dta_tv:  0.0281 Loss dta_proxy:  0.2083 Loss dta_trans:  0.0048 Loss dta_phys:  0.0059 Loss dta_preserve:  0.0071
Time:  0.0718 Epoch: 015 Iter:  100/ 600 LR: 0.0000219361 Loss content:  0.0170 Loss fft:  0.7972 Loss dta_rank:  0.6044 Loss dta_tv:  0.0294 Loss dta_proxy:  0.1933 Loss dta_trans:  0.0054 Loss dta_phys:  0.0068 Loss dta_preserve:  0.0060
Time:  0.0734 Epoch: 015 Iter:  150/ 600 LR: 0.0000219361 Loss content:  0.0167 Loss fft:  0.8066 Loss dta_rank:  0.6007 Loss dta_tv:  0.0298 Loss dta_proxy:  0.1944 Loss dta_trans:  0.0058 Loss dta_phys:  0.0064 Loss dta_preserve:  0.0045
Time:  0.0727 Epoch: 015 Iter:  200/ 600 LR: 0.0000219361 Loss content:  0.0172 Loss fft:  0.8589 Loss dta_rank:  0.5983 Loss dta_tv:  0.0290 Loss dta_proxy:  0.1966 Loss dta_trans:  0.0060 Loss dta_phys:  0.0067 Loss dta_preserve:  0.0042
Time:  0.0700 Epoch: 015 Iter:  250/ 600 LR: 0.0000219361 Loss content:  0.0164 Loss fft:  0.8026 Loss dta_rank:  0.6049 Loss dta_tv:  0.0292 Loss dta_proxy:  0.1976 Loss dta_trans:  0.0064 Loss dta_phys:  0.0071 Loss dta_preserve:  0.0047
Time:  0.0650 Epoch: 015 Iter:  300/ 600 LR: 0.0000219361 Loss content:  0.0160 Loss fft:  0.7762 Loss dta_rank:  0.6036 Loss dta_tv:  0.0283 Loss dta_proxy:  0.2040 Loss dta_trans:  0.0052 Loss dta_phys:  0.0070 Loss dta_preserve:  0.0048
Time:  0.0639 Epoch: 015 Iter:  350/ 600 LR: 0.0000219361 Loss content:  0.0176 Loss fft:  0.8388 Loss dta_rank:  0.6031 Loss dta_tv:  0.0295 Loss dta_proxy:  0.1892 Loss dta_trans:  0.0057 Loss dta_phys:  0.0078 Loss dta_preserve:  0.0054
Time:  0.0737 Epoch: 015 Iter:  400/ 600 LR: 0.0000219361 Loss content:  0.0176 Loss fft:  0.8296 Loss dta_rank:  0.6048 Loss dta_tv:  0.0283 Loss dta_proxy:  0.2148 Loss dta_trans:  0.0055 Loss dta_phys:  0.0061 Loss dta_preserve:  0.0062
Time:  0.0745 Epoch: 015 Iter:  450/ 600 LR: 0.0000219361 Loss content:  0.0174 Loss fft:  0.8323 Loss dta_rank:  0.6047 Loss dta_tv:  0.0297 Loss dta_proxy:  0.1946 Loss dta_trans:  0.0060 Loss dta_phys:  0.0069 Loss dta_preserve:  0.0059
Time:  0.0732 Epoch: 015 Iter:  500/ 600 LR: 0.0000219361 Loss content:  0.0175 Loss fft:  0.8380 Loss dta_rank:  0.6007 Loss dta_tv:  0.0295 Loss dta_proxy:  0.1878 Loss dta_trans:  0.0059 Loss dta_phys:  0.0062 Loss dta_preserve:  0.0044
Time:  0.0746 Epoch: 015 Iter:  550/ 600 LR: 0.0000219361 Loss content:  0.0170 Loss fft:  0.8042 Loss dta_rank:  0.6014 Loss dta_tv:  0.0295 Loss dta_proxy:  0.1935 Loss dta_trans:  0.0056 Loss dta_phys:  0.0063 Loss dta_preserve:  0.0046
Time:  0.0742 Epoch: 015 Iter:  600/ 600 LR: 0.0000219361 Loss content:  0.0167 Loss fft:  0.7936 Loss dta_rank:  0.6038 Loss dta_tv:  0.0292 Loss dta_proxy:  0.2082 Loss dta_trans:  0.0063 Loss dta_phys:  0.0074 Loss dta_preserve:  0.0044
EPOCH: 15
Elapsed time: 0.87 Epoch Pixel Loss:  0.0171 Epoch FFT Loss:  0.8178 Epoch DTA Rank:  0.6027 Epoch DTA TV:  0.0291 Epoch DTA Proxy:  0.1985 Epoch DTA Trans:  0.0057 Epoch DTA Phys:  0.0067 Epoch DTA Preserve:  0.0052
DTA_GATE_RAMP epoch=16 gate_limit=0.060000
Time:  0.0767 Epoch: 016 Iter:   50/ 600 LR: 0.0000151017 Loss content:  0.0168 Loss fft:  0.8136 Loss dta_rank:  0.5993 Loss dta_tv:  0.0276 Loss dta_proxy:  0.1974 Loss dta_trans:  0.0045 Loss dta_phys:  0.0073 Loss dta_preserve:  0.0051
Time:  0.0766 Epoch: 016 Iter:  100/ 600 LR: 0.0000151017 Loss content:  0.0175 Loss fft:  0.8512 Loss dta_rank:  0.5990 Loss dta_tv:  0.0281 Loss dta_proxy:  0.2104 Loss dta_trans:  0.0046 Loss dta_phys:  0.0065 Loss dta_preserve:  0.0059
Time:  0.0702 Epoch: 016 Iter:  150/ 600 LR: 0.0000151017 Loss content:  0.0180 Loss fft:  0.8369 Loss dta_rank:  0.5974 Loss dta_tv:  0.0294 Loss dta_proxy:  0.1850 Loss dta_trans:  0.0054 Loss dta_phys:  0.0058 Loss dta_preserve:  0.0051
Time:  0.0689 Epoch: 016 Iter:  200/ 600 LR: 0.0000151017 Loss content:  0.0172 Loss fft:  0.8133 Loss dta_rank:  0.6054 Loss dta_tv:  0.0293 Loss dta_proxy:  0.1950 Loss dta_trans:  0.0058 Loss dta_phys:  0.0060 Loss dta_preserve:  0.0058
Time:  0.0772 Epoch: 016 Iter:  250/ 600 LR: 0.0000151017 Loss content:  0.0172 Loss fft:  0.8080 Loss dta_rank:  0.6056 Loss dta_tv:  0.0299 Loss dta_proxy:  0.1865 Loss dta_trans:  0.0061 Loss dta_phys:  0.0067 Loss dta_preserve:  0.0048
Time:  0.0746 Epoch: 016 Iter:  300/ 600 LR: 0.0000151017 Loss content:  0.0179 Loss fft:  0.8404 Loss dta_rank:  0.6034 Loss dta_tv:  0.0297 Loss dta_proxy:  0.1919 Loss dta_trans:  0.0072 Loss dta_phys:  0.0070 Loss dta_preserve:  0.0072
Time:  0.0707 Epoch: 016 Iter:  350/ 600 LR: 0.0000151017 Loss content:  0.0169 Loss fft:  0.8119 Loss dta_rank:  0.6070 Loss dta_tv:  0.0292 Loss dta_proxy:  0.2035 Loss dta_trans:  0.0055 Loss dta_phys:  0.0067 Loss dta_preserve:  0.0060
Time:  0.0680 Epoch: 016 Iter:  400/ 600 LR: 0.0000151017 Loss content:  0.0166 Loss fft:  0.7898 Loss dta_rank:  0.5997 Loss dta_tv:  0.0294 Loss dta_proxy:  0.1926 Loss dta_trans:  0.0050 Loss dta_phys:  0.0064 Loss dta_preserve:  0.0051
Time:  0.0698 Epoch: 016 Iter:  450/ 600 LR: 0.0000151017 Loss content:  0.0171 Loss fft:  0.8318 Loss dta_rank:  0.6024 Loss dta_tv:  0.0289 Loss dta_proxy:  0.1956 Loss dta_trans:  0.0051 Loss dta_phys:  0.0075 Loss dta_preserve:  0.0059
Time:  0.0676 Epoch: 016 Iter:  500/ 600 LR: 0.0000151017 Loss content:  0.0175 Loss fft:  0.8266 Loss dta_rank:  0.6047 Loss dta_tv:  0.0284 Loss dta_proxy:  0.2021 Loss dta_trans:  0.0058 Loss dta_phys:  0.0070 Loss dta_preserve:  0.0045
Time:  0.0629 Epoch: 016 Iter:  550/ 600 LR: 0.0000151017 Loss content:  0.0175 Loss fft:  0.8256 Loss dta_rank:  0.6049 Loss dta_tv:  0.0289 Loss dta_proxy:  0.2016 Loss dta_trans:  0.0059 Loss dta_phys:  0.0073 Loss dta_preserve:  0.0060
Time:  0.0762 Epoch: 016 Iter:  600/ 600 LR: 0.0000151017 Loss content:  0.0166 Loss fft:  0.8079 Loss dta_rank:  0.6051 Loss dta_tv:  0.0299 Loss dta_proxy:  0.1903 Loss dta_trans:  0.0055 Loss dta_phys:  0.0066 Loss dta_preserve:  0.0053
EPOCH: 16
Elapsed time: 0.86 Epoch Pixel Loss:  0.0172 Epoch FFT Loss:  0.8214 Epoch DTA Rank:  0.6028 Epoch DTA TV:  0.0291 Epoch DTA Proxy:  0.1960 Epoch DTA Trans:  0.0055 Epoch DTA Phys:  0.0067 Epoch DTA Preserve:  0.0055
DTA_GATE_RAMP epoch=17 gate_limit=0.060000
Time:  0.0729 Epoch: 017 Iter:   50/ 600 LR: 0.0000094853 Loss content:  0.0169 Loss fft:  0.7894 Loss dta_rank:  0.6027 Loss dta_tv:  0.0291 Loss dta_proxy:  0.1929 Loss dta_trans:  0.0057 Loss dta_phys:  0.0069 Loss dta_preserve:  0.0056
Time:  0.0694 Epoch: 017 Iter:  100/ 600 LR: 0.0000094853 Loss content:  0.0172 Loss fft:  0.8379 Loss dta_rank:  0.6043 Loss dta_tv:  0.0291 Loss dta_proxy:  0.1918 Loss dta_trans:  0.0050 Loss dta_phys:  0.0067 Loss dta_preserve:  0.0066
Time:  0.0709 Epoch: 017 Iter:  150/ 600 LR: 0.0000094853 Loss content:  0.0174 Loss fft:  0.8386 Loss dta_rank:  0.5999 Loss dta_tv:  0.0285 Loss dta_proxy:  0.2026 Loss dta_trans:  0.0065 Loss dta_phys:  0.0062 Loss dta_preserve:  0.0054
Time:  0.0735 Epoch: 017 Iter:  200/ 600 LR: 0.0000094853 Loss content:  0.0177 Loss fft:  0.8315 Loss dta_rank:  0.6010 Loss dta_tv:  0.0294 Loss dta_proxy:  0.1889 Loss dta_trans:  0.0057 Loss dta_phys:  0.0072 Loss dta_preserve:  0.0050
Time:  0.0681 Epoch: 017 Iter:  250/ 600 LR: 0.0000094853 Loss content:  0.0173 Loss fft:  0.8439 Loss dta_rank:  0.6031 Loss dta_tv:  0.0300 Loss dta_proxy:  0.1889 Loss dta_trans:  0.0057 Loss dta_phys:  0.0066 Loss dta_preserve:  0.0061
Time:  0.0609 Epoch: 017 Iter:  300/ 600 LR: 0.0000094853 Loss content:  0.0174 Loss fft:  0.8325 Loss dta_rank:  0.5973 Loss dta_tv:  0.0289 Loss dta_proxy:  0.1898 Loss dta_trans:  0.0050 Loss dta_phys:  0.0064 Loss dta_preserve:  0.0046
Time:  0.0607 Epoch: 017 Iter:  350/ 600 LR: 0.0000094853 Loss content:  0.0175 Loss fft:  0.8142 Loss dta_rank:  0.6014 Loss dta_tv:  0.0289 Loss dta_proxy:  0.1956 Loss dta_trans:  0.0057 Loss dta_phys:  0.0067 Loss dta_preserve:  0.0044
Time:  0.0648 Epoch: 017 Iter:  400/ 600 LR: 0.0000094853 Loss content:  0.0178 Loss fft:  0.7990 Loss dta_rank:  0.6040 Loss dta_tv:  0.0290 Loss dta_proxy:  0.2001 Loss dta_trans:  0.0057 Loss dta_phys:  0.0070 Loss dta_preserve:  0.0043
Time:  0.0700 Epoch: 017 Iter:  450/ 600 LR: 0.0000094853 Loss content:  0.0172 Loss fft:  0.8288 Loss dta_rank:  0.6082 Loss dta_tv:  0.0295 Loss dta_proxy:  0.1949 Loss dta_trans:  0.0063 Loss dta_phys:  0.0065 Loss dta_preserve:  0.0060
Time:  0.0680 Epoch: 017 Iter:  500/ 600 LR: 0.0000094853 Loss content:  0.0172 Loss fft:  0.8215 Loss dta_rank:  0.6075 Loss dta_tv:  0.0291 Loss dta_proxy:  0.1977 Loss dta_trans:  0.0054 Loss dta_phys:  0.0071 Loss dta_preserve:  0.0049
Time:  0.0645 Epoch: 017 Iter:  550/ 600 LR: 0.0000094853 Loss content:  0.0168 Loss fft:  0.8105 Loss dta_rank:  0.5989 Loss dta_tv:  0.0297 Loss dta_proxy:  0.1867 Loss dta_trans:  0.0060 Loss dta_phys:  0.0071 Loss dta_preserve:  0.0045
Time:  0.0742 Epoch: 017 Iter:  600/ 600 LR: 0.0000094853 Loss content:  0.0175 Loss fft:  0.8188 Loss dta_rank:  0.6077 Loss dta_tv:  0.0288 Loss dta_proxy:  0.2037 Loss dta_trans:  0.0058 Loss dta_phys:  0.0064 Loss dta_preserve:  0.0053
EPOCH: 17
Elapsed time: 0.82 Epoch Pixel Loss:  0.0173 Epoch FFT Loss:  0.8222 Epoch DTA Rank:  0.6030 Epoch DTA TV:  0.0292 Epoch DTA Proxy:  0.1945 Epoch DTA Trans:  0.0057 Epoch DTA Phys:  0.0067 Epoch DTA Preserve:  0.0052
DTA_GATE_RAMP epoch=18 gate_limit=0.060000
Time:  0.0790 Epoch: 018 Iter:   50/ 600 LR: 0.0000052550 Loss content:  0.0176 Loss fft:  0.8340 Loss dta_rank:  0.6019 Loss dta_tv:  0.0290 Loss dta_proxy:  0.1880 Loss dta_trans:  0.0073 Loss dta_phys:  0.0080 Loss dta_preserve:  0.0047
Time:  0.0738 Epoch: 018 Iter:  100/ 600 LR: 0.0000052550 Loss content:  0.0173 Loss fft:  0.8282 Loss dta_rank:  0.6031 Loss dta_tv:  0.0282 Loss dta_proxy:  0.1965 Loss dta_trans:  0.0058 Loss dta_phys:  0.0064 Loss dta_preserve:  0.0051
Time:  0.0765 Epoch: 018 Iter:  150/ 600 LR: 0.0000052550 Loss content:  0.0162 Loss fft:  0.7885 Loss dta_rank:  0.6084 Loss dta_tv:  0.0292 Loss dta_proxy:  0.1953 Loss dta_trans:  0.0059 Loss dta_phys:  0.0060 Loss dta_preserve:  0.0049
Time:  0.0745 Epoch: 018 Iter:  200/ 600 LR: 0.0000052550 Loss content:  0.0175 Loss fft:  0.8229 Loss dta_rank:  0.6079 Loss dta_tv:  0.0289 Loss dta_proxy:  0.1962 Loss dta_trans:  0.0054 Loss dta_phys:  0.0064 Loss dta_preserve:  0.0044
Time:  0.0751 Epoch: 018 Iter:  250/ 600 LR: 0.0000052550 Loss content:  0.0176 Loss fft:  0.8385 Loss dta_rank:  0.5997 Loss dta_tv:  0.0292 Loss dta_proxy:  0.1910 Loss dta_trans:  0.0058 Loss dta_phys:  0.0069 Loss dta_preserve:  0.0059
Time:  0.0750 Epoch: 018 Iter:  300/ 600 LR: 0.0000052550 Loss content:  0.0167 Loss fft:  0.7976 Loss dta_rank:  0.6063 Loss dta_tv:  0.0286 Loss dta_proxy:  0.1956 Loss dta_trans:  0.0059 Loss dta_phys:  0.0066 Loss dta_preserve:  0.0056
Time:  0.0758 Epoch: 018 Iter:  350/ 600 LR: 0.0000052550 Loss content:  0.0168 Loss fft:  0.7936 Loss dta_rank:  0.6074 Loss dta_tv:  0.0288 Loss dta_proxy:  0.1991 Loss dta_trans:  0.0056 Loss dta_phys:  0.0071 Loss dta_preserve:  0.0051
Time:  0.0762 Epoch: 018 Iter:  400/ 600 LR: 0.0000052550 Loss content:  0.0179 Loss fft:  0.8250 Loss dta_rank:  0.6055 Loss dta_tv:  0.0292 Loss dta_proxy:  0.1959 Loss dta_trans:  0.0054 Loss dta_phys:  0.0064 Loss dta_preserve:  0.0069
Time:  0.0741 Epoch: 018 Iter:  450/ 600 LR: 0.0000052550 Loss content:  0.0170 Loss fft:  0.8199 Loss dta_rank:  0.6046 Loss dta_tv:  0.0300 Loss dta_proxy:  0.1923 Loss dta_trans:  0.0049 Loss dta_phys:  0.0073 Loss dta_preserve:  0.0063
Time:  0.0754 Epoch: 018 Iter:  500/ 600 LR: 0.0000052550 Loss content:  0.0172 Loss fft:  0.7999 Loss dta_rank:  0.6034 Loss dta_tv:  0.0288 Loss dta_proxy:  0.2014 Loss dta_trans:  0.0055 Loss dta_phys:  0.0068 Loss dta_preserve:  0.0042
Time:  0.0713 Epoch: 018 Iter:  550/ 600 LR: 0.0000052550 Loss content:  0.0176 Loss fft:  0.8335 Loss dta_rank:  0.6018 Loss dta_tv:  0.0290 Loss dta_proxy:  0.1966 Loss dta_trans:  0.0048 Loss dta_phys:  0.0069 Loss dta_preserve:  0.0075
Time:  0.0618 Epoch: 018 Iter:  600/ 600 LR: 0.0000052550 Loss content:  0.0165 Loss fft:  0.8244 Loss dta_rank:  0.6021 Loss dta_tv:  0.0297 Loss dta_proxy:  0.1926 Loss dta_trans:  0.0053 Loss dta_phys:  0.0061 Loss dta_preserve:  0.0044
EPOCH: 18
Elapsed time: 0.89 Epoch Pixel Loss:  0.0171 Epoch FFT Loss:  0.8172 Epoch DTA Rank:  0.6044 Epoch DTA TV:  0.0290 Epoch DTA Proxy:  0.1951 Epoch DTA Trans:  0.0056 Epoch DTA Phys:  0.0067 Epoch DTA Preserve:  0.0054
DTA_GATE_RAMP epoch=19 gate_limit=0.060000
Time:  0.0684 Epoch: 019 Iter:   50/ 600 LR: 0.0000025070 Loss content:  0.0172 Loss fft:  0.8221 Loss dta_rank:  0.6003 Loss dta_tv:  0.0298 Loss dta_proxy:  0.1838 Loss dta_trans:  0.0059 Loss dta_phys:  0.0063 Loss dta_preserve:  0.0041
Time:  0.0653 Epoch: 019 Iter:  100/ 600 LR: 0.0000025070 Loss content:  0.0180 Loss fft:  0.8350 Loss dta_rank:  0.6025 Loss dta_tv:  0.0290 Loss dta_proxy:  0.1919 Loss dta_trans:  0.0055 Loss dta_phys:  0.0068 Loss dta_preserve:  0.0070
Time:  0.0642 Epoch: 019 Iter:  150/ 600 LR: 0.0000025070 Loss content:  0.0168 Loss fft:  0.8255 Loss dta_rank:  0.6040 Loss dta_tv:  0.0303 Loss dta_proxy:  0.1895 Loss dta_trans:  0.0070 Loss dta_phys:  0.0066 Loss dta_preserve:  0.0051
Time:  0.0612 Epoch: 019 Iter:  200/ 600 LR: 0.0000025070 Loss content:  0.0176 Loss fft:  0.8526 Loss dta_rank:  0.6021 Loss dta_tv:  0.0283 Loss dta_proxy:  0.2094 Loss dta_trans:  0.0047 Loss dta_phys:  0.0064 Loss dta_preserve:  0.0052
Time:  0.0643 Epoch: 019 Iter:  250/ 600 LR: 0.0000025070 Loss content:  0.0171 Loss fft:  0.8159 Loss dta_rank:  0.6047 Loss dta_tv:  0.0292 Loss dta_proxy:  0.2014 Loss dta_trans:  0.0061 Loss dta_phys:  0.0069 Loss dta_preserve:  0.0050
Time:  0.0670 Epoch: 019 Iter:  300/ 600 LR: 0.0000025070 Loss content:  0.0172 Loss fft:  0.8039 Loss dta_rank:  0.6038 Loss dta_tv:  0.0285 Loss dta_proxy:  0.2032 Loss dta_trans:  0.0046 Loss dta_phys:  0.0070 Loss dta_preserve:  0.0066
Time:  0.0773 Epoch: 019 Iter:  350/ 600 LR: 0.0000025070 Loss content:  0.0173 Loss fft:  0.7996 Loss dta_rank:  0.6038 Loss dta_tv:  0.0286 Loss dta_proxy:  0.1942 Loss dta_trans:  0.0056 Loss dta_phys:  0.0069 Loss dta_preserve:  0.0047
Time:  0.0733 Epoch: 019 Iter:  400/ 600 LR: 0.0000025070 Loss content:  0.0172 Loss fft:  0.8067 Loss dta_rank:  0.6024 Loss dta_tv:  0.0285 Loss dta_proxy:  0.1971 Loss dta_trans:  0.0053 Loss dta_phys:  0.0068 Loss dta_preserve:  0.0045
Time:  0.0741 Epoch: 019 Iter:  450/ 600 LR: 0.0000025070 Loss content:  0.0170 Loss fft:  0.8312 Loss dta_rank:  0.6023 Loss dta_tv:  0.0295 Loss dta_proxy:  0.1905 Loss dta_trans:  0.0056 Loss dta_phys:  0.0070 Loss dta_preserve:  0.0056
Time:  0.0764 Epoch: 019 Iter:  500/ 600 LR: 0.0000025070 Loss content:  0.0173 Loss fft:  0.8594 Loss dta_rank:  0.5959 Loss dta_tv:  0.0289 Loss dta_proxy:  0.2004 Loss dta_trans:  0.0050 Loss dta_phys:  0.0066 Loss dta_preserve:  0.0055
Time:  0.0770 Epoch: 019 Iter:  550/ 600 LR: 0.0000025070 Loss content:  0.0162 Loss fft:  0.7925 Loss dta_rank:  0.6058 Loss dta_tv:  0.0295 Loss dta_proxy:  0.1934 Loss dta_trans:  0.0058 Loss dta_phys:  0.0065 Loss dta_preserve:  0.0049
Time:  0.0720 Epoch: 019 Iter:  600/ 600 LR: 0.0000025070 Loss content:  0.0176 Loss fft:  0.8116 Loss dta_rank:  0.6117 Loss dta_tv:  0.0295 Loss dta_proxy:  0.1953 Loss dta_trans:  0.0069 Loss dta_phys:  0.0071 Loss dta_preserve:  0.0051
EPOCH: 19
Elapsed time: 0.84 Epoch Pixel Loss:  0.0172 Epoch FFT Loss:  0.8213 Epoch DTA Rank:  0.6033 Epoch DTA TV:  0.0291 Epoch DTA Proxy:  0.1958 Epoch DTA Trans:  0.0057 Epoch DTA Phys:  0.0068 Epoch DTA Preserve:  0.0053
DTA_GATE_RAMP epoch=20 gate_limit=0.060000
Time:  0.0673 Epoch: 020 Iter:   50/ 600 LR: 0.0000012125 Loss content:  0.0177 Loss fft:  0.8577 Loss dta_rank:  0.5995 Loss dta_tv:  0.0288 Loss dta_proxy:  0.2012 Loss dta_trans:  0.0054 Loss dta_phys:  0.0064 Loss dta_preserve:  0.0050
Time:  0.0745 Epoch: 020 Iter:  100/ 600 LR: 0.0000012125 Loss content:  0.0178 Loss fft:  0.8241 Loss dta_rank:  0.6071 Loss dta_tv:  0.0296 Loss dta_proxy:  0.1939 Loss dta_trans:  0.0063 Loss dta_phys:  0.0070 Loss dta_preserve:  0.0050
Time:  0.0758 Epoch: 020 Iter:  150/ 600 LR: 0.0000012125 Loss content:  0.0169 Loss fft:  0.8153 Loss dta_rank:  0.5995 Loss dta_tv:  0.0287 Loss dta_proxy:  0.1947 Loss dta_trans:  0.0058 Loss dta_phys:  0.0063 Loss dta_preserve:  0.0064
Time:  0.0653 Epoch: 020 Iter:  200/ 600 LR: 0.0000012125 Loss content:  0.0172 Loss fft:  0.8309 Loss dta_rank:  0.6028 Loss dta_tv:  0.0303 Loss dta_proxy:  0.1849 Loss dta_trans:  0.0056 Loss dta_phys:  0.0071 Loss dta_preserve:  0.0070
Time:  0.0777 Epoch: 020 Iter:  250/ 600 LR: 0.0000012125 Loss content:  0.0175 Loss fft:  0.8088 Loss dta_rank:  0.6018 Loss dta_tv:  0.0281 Loss dta_proxy:  0.1984 Loss dta_trans:  0.0045 Loss dta_phys:  0.0064 Loss dta_preserve:  0.0046
Time:  0.0636 Epoch: 020 Iter:  300/ 600 LR: 0.0000012125 Loss content:  0.0176 Loss fft:  0.8141 Loss dta_rank:  0.6058 Loss dta_tv:  0.0295 Loss dta_proxy:  0.1932 Loss dta_trans:  0.0059 Loss dta_phys:  0.0066 Loss dta_preserve:  0.0059
Time:  0.0705 Epoch: 020 Iter:  350/ 600 LR: 0.0000012125 Loss content:  0.0166 Loss fft:  0.7810 Loss dta_rank:  0.6030 Loss dta_tv:  0.0286 Loss dta_proxy:  0.1897 Loss dta_trans:  0.0064 Loss dta_phys:  0.0066 Loss dta_preserve:  0.0038
Time:  0.0761 Epoch: 020 Iter:  400/ 600 LR: 0.0000012125 Loss content:  0.0170 Loss fft:  0.8081 Loss dta_rank:  0.6041 Loss dta_tv:  0.0290 Loss dta_proxy:  0.1955 Loss dta_trans:  0.0057 Loss dta_phys:  0.0075 Loss dta_preserve:  0.0064
Time:  0.0702 Epoch: 020 Iter:  450/ 600 LR: 0.0000012125 Loss content:  0.0168 Loss fft:  0.7937 Loss dta_rank:  0.6023 Loss dta_tv:  0.0292 Loss dta_proxy:  0.1936 Loss dta_trans:  0.0056 Loss dta_phys:  0.0070 Loss dta_preserve:  0.0056
Time:  0.0746 Epoch: 020 Iter:  500/ 600 LR: 0.0000012125 Loss content:  0.0169 Loss fft:  0.8180 Loss dta_rank:  0.6006 Loss dta_tv:  0.0292 Loss dta_proxy:  0.1917 Loss dta_trans:  0.0052 Loss dta_phys:  0.0057 Loss dta_preserve:  0.0055
Time:  0.0768 Epoch: 020 Iter:  550/ 600 LR: 0.0000012125 Loss content:  0.0170 Loss fft:  0.8352 Loss dta_rank:  0.6036 Loss dta_tv:  0.0299 Loss dta_proxy:  0.2028 Loss dta_trans:  0.0066 Loss dta_phys:  0.0070 Loss dta_preserve:  0.0050
Time:  0.0819 Epoch: 020 Iter:  600/ 600 LR: 0.0000012125 Loss content:  0.0176 Loss fft:  0.8274 Loss dta_rank:  0.6032 Loss dta_tv:  0.0286 Loss dta_proxy:  0.2006 Loss dta_trans:  0.0056 Loss dta_phys:  0.0065 Loss dta_preserve:  0.0054
EPOCH: 20
Elapsed time: 0.88 Epoch Pixel Loss:  0.0172 Epoch FFT Loss:  0.8179 Epoch DTA Rank:  0.6028 Epoch DTA TV:  0.0291 Epoch DTA Proxy:  0.1950 Epoch DTA Trans:  0.0057 Epoch DTA Phys:  0.0067 Epoch DTA Preserve:  0.0055
