Namespace(model_name='ConvIR-Haze4K-DTA-v2-adapter_only-invert-seed3413-f4-oof20', data='Haze4K', version='base', fam_mode='original', arch='dta_v2', seed=3413, mode='train', data_dir='/sda/home/wangyuxin/ConvIR-B/datasets/Haze4K/Haze4K', batch_size=4, learning_rate=0.0001, weight_decay=0.0, num_epoch=20, stop_epoch=20, print_freq=50, num_worker=4, save_freq=5, valid_freq=9999, mod_stats_freq=5, mod_stats_batches=16, grad_clip_norm=0.001, dta_grad_clip_norm=0.05, dta_neighbor_grad_clip_norm=0.005, init_model='/sda/home/wangyuxin/ConvIR-B/checkpoints/official/Haze4K/haze4k-base.pkl', init_model_partial=True, partial_new_prefixes='DTA.', resume='', train_scope='adapter_only', dta_depth_cache_dir='/sda/home/wangyuxin/ConvIR-B/depth_cache/depth_anything_v2_small_hf', dta_train_depth_split='train', dta_eval_depth_split='train', valid_root_split='train', eval_root_split='test', dta_require_depth=True, dta_variant='v2', dta_depth_mode='invert', dta_prior_channels=32, dta_gate_bias=-6.0, dta_gate_limit=0.06, dta_gamma_limit=0.12, dta_beta_limit=0.06, dta_alpha_init=1.0, dta_confidence_floor=0.25, dta_confidence_local_scale=6.0, dta_output_residual_scale=0.03, dta_use_trans_gt=True, dta_trans_weight=0.02, dta_phys_weight=0.005, dta_preserve_weight=0.02, dta_preserve_trans_thresh=0.8, dta_gate_ramp_start=0.01, dta_gate_ramp_mid=0.03, dta_gate_ramp_end=0.06, dta_gate_ramp_warmup_epochs=2, dta_gate_ramp_mid_epochs=8, dta_rank_weight=0.001, dta_tv_weight=0.0001, dta_proxy_weight=0.0, dta_rank_pairs=512, dta_rank_min_depth_gap=0.03, split_json='/sda/home/wangyuxin/ConvIR-B/repos/ConvIR-B-dta-v2-calibrated/experience_docx/experiment_logs/haze4k_dta_v2_calibrated_20260611/dta_v2_haze4k_oof_splits_seed3407.json', split_name='fold4_train', test_model='', save_image=False, leaning_rate=0.0001, model_save_dir='results/ConvIR-Haze4K-DTA-v2-adapter_only-invert-seed3413-f4-oof20/Training-Results/', result_dir='results/ConvIR-Haze4K-DTA-v2-adapter_only-invert-seed3413-f4-oof20/images/Haze4K', init_model_sha256='6f42037d57a4e3de3a10ac0ab909d66a3415864a19433c29204a975f4efa4088')
/sda/home/wangyuxin/ConvIR-B/repos/ConvIR-B-dta-v2-calibrated/Dehazing/ITS/main.py:14: FutureWarning: You are using `torch.load` with `weights_only=False` (the current default value), which uses the default pickle module implicitly. It is possible to construct malicious pickle data which will execute arbitrary code during unpickling (See https://github.com/pytorch/pytorch/blob/main/SECURITY.md#untrusted-models for more details). In a future release, the default value for `weights_only` will be flipped to `True`. This limits the functions that could be executed during unpickling. Arbitrary objects will no longer be allowed to be loaded via this mode unless they are explicitly allowlisted by the user via `torch.serialization.add_safe_globals`. We recommend you start setting `weights_only=True` for any use case where you don't have full control of the loaded file. Please open an issue on GitHub for any issues related to this experimental feature.
  state = torch.load(path, map_location=map_location)
INIT_MODEL_PARTIAL_LOAD path=/sda/home/wangyuxin/ConvIR-B/checkpoints/official/Haze4K/haze4k-base.pkl loaded=602 missing_allowed=25 unexpected=[] allowed_new_prefixes=('DTA.',)
TRAIN_SCOPE scope=adapter_only arch=dta_v2 trainable=74699 total=8705364
/sda/home/wangyuxin/ConvIR-B/envs/convir-cu121/lib/python3.10/site-packages/torch/optim/lr_scheduler.py:224: UserWarning: Detected call of `lr_scheduler.step()` before `optimizer.step()`. In PyTorch 1.1.0 and later, you should call them in the opposite order: `optimizer.step()` before `lr_scheduler.step()`.  Failure to do this will result in PyTorch skipping the first value of the learning rate schedule. See more details at https://pytorch.org/docs/stable/optim.html#how-to-adjust-learning-rate
  warnings.warn(
DTA_GATE_RAMP epoch=1 gate_limit=0.010000
Time:  0.0997 Epoch: 001 Iter:   50/ 600 LR: 0.0000333333 Loss content:  0.0163 Loss fft:  0.7947 Loss dta_rank:  0.6944 Loss dta_tv:  0.0037 Loss dta_proxy:  0.1236 Loss dta_trans:  0.0397 Loss dta_phys:  0.0068 Loss dta_preserve:  0.0045
Time:  0.0698 Epoch: 001 Iter:  100/ 600 LR: 0.0000333333 Loss content:  0.0175 Loss fft:  0.8245 Loss dta_rank:  0.6949 Loss dta_tv:  0.0091 Loss dta_proxy:  0.1297 Loss dta_trans:  0.0385 Loss dta_phys:  0.0085 Loss dta_preserve:  0.0049
Time:  0.0679 Epoch: 001 Iter:  150/ 600 LR: 0.0000333333 Loss content:  0.0171 Loss fft:  0.8007 Loss dta_rank:  0.6941 Loss dta_tv:  0.0138 Loss dta_proxy:  0.1459 Loss dta_trans:  0.0343 Loss dta_phys:  0.0098 Loss dta_preserve:  0.0057
Time:  0.0633 Epoch: 001 Iter:  200/ 600 LR: 0.0000333333 Loss content:  0.0173 Loss fft:  0.8277 Loss dta_rank:  0.6883 Loss dta_tv:  0.0171 Loss dta_proxy:  0.1625 Loss dta_trans:  0.0299 Loss dta_phys:  0.0112 Loss dta_preserve:  0.0049
Time:  0.0672 Epoch: 001 Iter:  250/ 600 LR: 0.0000333333 Loss content:  0.0170 Loss fft:  0.8165 Loss dta_rank:  0.6811 Loss dta_tv:  0.0192 Loss dta_proxy:  0.1644 Loss dta_trans:  0.0294 Loss dta_phys:  0.0107 Loss dta_preserve:  0.0052
Time:  0.0652 Epoch: 001 Iter:  300/ 600 LR: 0.0000333333 Loss content:  0.0167 Loss fft:  0.8050 Loss dta_rank:  0.6715 Loss dta_tv:  0.0235 Loss dta_proxy:  0.1665 Loss dta_trans:  0.0229 Loss dta_phys:  0.0102 Loss dta_preserve:  0.0049
Time:  0.0606 Epoch: 001 Iter:  350/ 600 LR: 0.0000333333 Loss content:  0.0170 Loss fft:  0.8378 Loss dta_rank:  0.6626 Loss dta_tv:  0.0281 Loss dta_proxy:  0.1791 Loss dta_trans:  0.0183 Loss dta_phys:  0.0083 Loss dta_preserve:  0.0065
Time:  0.0671 Epoch: 001 Iter:  400/ 600 LR: 0.0000333333 Loss content:  0.0163 Loss fft:  0.7976 Loss dta_rank:  0.6544 Loss dta_tv:  0.0328 Loss dta_proxy:  0.1792 Loss dta_trans:  0.0158 Loss dta_phys:  0.0077 Loss dta_preserve:  0.0046
Time:  0.0610 Epoch: 001 Iter:  450/ 600 LR: 0.0000333333 Loss content:  0.0173 Loss fft:  0.8388 Loss dta_rank:  0.6436 Loss dta_tv:  0.0363 Loss dta_proxy:  0.1792 Loss dta_trans:  0.0135 Loss dta_phys:  0.0062 Loss dta_preserve:  0.0049
Time:  0.0674 Epoch: 001 Iter:  500/ 600 LR: 0.0000333333 Loss content:  0.0176 Loss fft:  0.8194 Loss dta_rank:  0.6387 Loss dta_tv:  0.0383 Loss dta_proxy:  0.1917 Loss dta_trans:  0.0116 Loss dta_phys:  0.0075 Loss dta_preserve:  0.0057
Time:  0.0694 Epoch: 001 Iter:  550/ 600 LR: 0.0000333333 Loss content:  0.0177 Loss fft:  0.8489 Loss dta_rank:  0.6318 Loss dta_tv:  0.0383 Loss dta_proxy:  0.1930 Loss dta_trans:  0.0105 Loss dta_phys:  0.0070 Loss dta_preserve:  0.0040
Time:  0.0644 Epoch: 001 Iter:  600/ 600 LR: 0.0000333333 Loss content:  0.0174 Loss fft:  0.8328 Loss dta_rank:  0.6335 Loss dta_tv:  0.0380 Loss dta_proxy:  0.2126 Loss dta_trans:  0.0108 Loss dta_phys:  0.0076 Loss dta_preserve:  0.0060
EPOCH: 01
Elapsed time: 0.83 Epoch Pixel Loss:  0.0171 Epoch FFT Loss:  0.8204 Epoch DTA Rank:  0.6657 Epoch DTA TV:  0.0248 Epoch DTA Proxy:  0.1690 Epoch DTA Trans:  0.0229 Epoch DTA Phys:  0.0085 Epoch DTA Preserve:  0.0052
DTA_GATE_RAMP epoch=2 gate_limit=0.010000
Time:  0.0699 Epoch: 002 Iter:   50/ 600 LR: 0.0000666667 Loss content:  0.0175 Loss fft:  0.8387 Loss dta_rank:  0.6316 Loss dta_tv:  0.0395 Loss dta_proxy:  0.2118 Loss dta_trans:  0.0112 Loss dta_phys:  0.0075 Loss dta_preserve:  0.0044
Time:  0.0601 Epoch: 002 Iter:  100/ 600 LR: 0.0000666667 Loss content:  0.0177 Loss fft:  0.8301 Loss dta_rank:  0.6206 Loss dta_tv:  0.0396 Loss dta_proxy:  0.2122 Loss dta_trans:  0.0101 Loss dta_phys:  0.0075 Loss dta_preserve:  0.0060
Time:  0.0652 Epoch: 002 Iter:  150/ 600 LR: 0.0000666667 Loss content:  0.0178 Loss fft:  0.8430 Loss dta_rank:  0.6194 Loss dta_tv:  0.0395 Loss dta_proxy:  0.2073 Loss dta_trans:  0.0101 Loss dta_phys:  0.0070 Loss dta_preserve:  0.0048
Time:  0.0650 Epoch: 002 Iter:  200/ 600 LR: 0.0000666667 Loss content:  0.0166 Loss fft:  0.8342 Loss dta_rank:  0.6225 Loss dta_tv:  0.0397 Loss dta_proxy:  0.2083 Loss dta_trans:  0.0098 Loss dta_phys:  0.0074 Loss dta_preserve:  0.0054
Time:  0.0681 Epoch: 002 Iter:  250/ 600 LR: 0.0000666667 Loss content:  0.0177 Loss fft:  0.8125 Loss dta_rank:  0.6218 Loss dta_tv:  0.0397 Loss dta_proxy:  0.2136 Loss dta_trans:  0.0099 Loss dta_phys:  0.0064 Loss dta_preserve:  0.0045
Time:  0.0684 Epoch: 002 Iter:  300/ 600 LR: 0.0000666667 Loss content:  0.0168 Loss fft:  0.8080 Loss dta_rank:  0.6235 Loss dta_tv:  0.0392 Loss dta_proxy:  0.2011 Loss dta_trans:  0.0102 Loss dta_phys:  0.0062 Loss dta_preserve:  0.0048
Time:  0.0630 Epoch: 002 Iter:  350/ 600 LR: 0.0000666667 Loss content:  0.0174 Loss fft:  0.8413 Loss dta_rank:  0.6204 Loss dta_tv:  0.0376 Loss dta_proxy:  0.2080 Loss dta_trans:  0.0090 Loss dta_phys:  0.0066 Loss dta_preserve:  0.0050
Time:  0.0672 Epoch: 002 Iter:  400/ 600 LR: 0.0000666667 Loss content:  0.0171 Loss fft:  0.7994 Loss dta_rank:  0.6194 Loss dta_tv:  0.0375 Loss dta_proxy:  0.2046 Loss dta_trans:  0.0085 Loss dta_phys:  0.0070 Loss dta_preserve:  0.0057
Time:  0.0647 Epoch: 002 Iter:  450/ 600 LR: 0.0000666667 Loss content:  0.0170 Loss fft:  0.8191 Loss dta_rank:  0.6179 Loss dta_tv:  0.0392 Loss dta_proxy:  0.2145 Loss dta_trans:  0.0094 Loss dta_phys:  0.0061 Loss dta_preserve:  0.0051
Time:  0.0606 Epoch: 002 Iter:  500/ 600 LR: 0.0000666667 Loss content:  0.0179 Loss fft:  0.8566 Loss dta_rank:  0.6149 Loss dta_tv:  0.0371 Loss dta_proxy:  0.2221 Loss dta_trans:  0.0078 Loss dta_phys:  0.0065 Loss dta_preserve:  0.0071
Time:  0.0578 Epoch: 002 Iter:  550/ 600 LR: 0.0000666667 Loss content:  0.0172 Loss fft:  0.8350 Loss dta_rank:  0.6092 Loss dta_tv:  0.0382 Loss dta_proxy:  0.2034 Loss dta_trans:  0.0080 Loss dta_phys:  0.0068 Loss dta_preserve:  0.0049
Time:  0.0588 Epoch: 002 Iter:  600/ 600 LR: 0.0000666667 Loss content:  0.0172 Loss fft:  0.7888 Loss dta_rank:  0.6148 Loss dta_tv:  0.0376 Loss dta_proxy:  0.2140 Loss dta_trans:  0.0077 Loss dta_phys:  0.0067 Loss dta_preserve:  0.0050
EPOCH: 02
Elapsed time: 0.77 Epoch Pixel Loss:  0.0173 Epoch FFT Loss:  0.8256 Epoch DTA Rank:  0.6197 Epoch DTA TV:  0.0387 Epoch DTA Proxy:  0.2101 Epoch DTA Trans:  0.0093 Epoch DTA Phys:  0.0068 Epoch DTA Preserve:  0.0052
DTA_GATE_RAMP epoch=3 gate_limit=0.030000
Time:  0.0658 Epoch: 003 Iter:   50/ 600 LR: 0.0001000000 Loss content:  0.0178 Loss fft:  0.8407 Loss dta_rank:  0.6162 Loss dta_tv:  0.0361 Loss dta_proxy:  0.2210 Loss dta_trans:  0.0081 Loss dta_phys:  0.0065 Loss dta_preserve:  0.0056
Time:  0.0603 Epoch: 003 Iter:  100/ 600 LR: 0.0001000000 Loss content:  0.0170 Loss fft:  0.7915 Loss dta_rank:  0.6181 Loss dta_tv:  0.0364 Loss dta_proxy:  0.2073 Loss dta_trans:  0.0083 Loss dta_phys:  0.0068 Loss dta_preserve:  0.0053
Time:  0.0583 Epoch: 003 Iter:  150/ 600 LR: 0.0001000000 Loss content:  0.0171 Loss fft:  0.8175 Loss dta_rank:  0.6168 Loss dta_tv:  0.0370 Loss dta_proxy:  0.2177 Loss dta_trans:  0.0069 Loss dta_phys:  0.0066 Loss dta_preserve:  0.0045
Time:  0.0610 Epoch: 003 Iter:  200/ 600 LR: 0.0001000000 Loss content:  0.0169 Loss fft:  0.8380 Loss dta_rank:  0.6174 Loss dta_tv:  0.0378 Loss dta_proxy:  0.2130 Loss dta_trans:  0.0081 Loss dta_phys:  0.0069 Loss dta_preserve:  0.0054
Time:  0.0619 Epoch: 003 Iter:  250/ 600 LR: 0.0001000000 Loss content:  0.0179 Loss fft:  0.8360 Loss dta_rank:  0.6151 Loss dta_tv:  0.0367 Loss dta_proxy:  0.2052 Loss dta_trans:  0.0088 Loss dta_phys:  0.0061 Loss dta_preserve:  0.0057
Time:  0.0635 Epoch: 003 Iter:  300/ 600 LR: 0.0001000000 Loss content:  0.0170 Loss fft:  0.8093 Loss dta_rank:  0.6138 Loss dta_tv:  0.0352 Loss dta_proxy:  0.2139 Loss dta_trans:  0.0085 Loss dta_phys:  0.0075 Loss dta_preserve:  0.0058
Time:  0.0604 Epoch: 003 Iter:  350/ 600 LR: 0.0001000000 Loss content:  0.0176 Loss fft:  0.8417 Loss dta_rank:  0.6129 Loss dta_tv:  0.0363 Loss dta_proxy:  0.2190 Loss dta_trans:  0.0082 Loss dta_phys:  0.0078 Loss dta_preserve:  0.0048
Time:  0.0588 Epoch: 003 Iter:  400/ 600 LR: 0.0001000000 Loss content:  0.0171 Loss fft:  0.8220 Loss dta_rank:  0.6140 Loss dta_tv:  0.0367 Loss dta_proxy:  0.2080 Loss dta_trans:  0.0075 Loss dta_phys:  0.0063 Loss dta_preserve:  0.0051
Time:  0.0628 Epoch: 003 Iter:  450/ 600 LR: 0.0001000000 Loss content:  0.0167 Loss fft:  0.8113 Loss dta_rank:  0.6017 Loss dta_tv:  0.0358 Loss dta_proxy:  0.2093 Loss dta_trans:  0.0072 Loss dta_phys:  0.0058 Loss dta_preserve:  0.0047
Time:  0.0628 Epoch: 003 Iter:  500/ 600 LR: 0.0001000000 Loss content:  0.0174 Loss fft:  0.8323 Loss dta_rank:  0.6134 Loss dta_tv:  0.0345 Loss dta_proxy:  0.2241 Loss dta_trans:  0.0069 Loss dta_phys:  0.0064 Loss dta_preserve:  0.0042
Time:  0.0695 Epoch: 003 Iter:  550/ 600 LR: 0.0001000000 Loss content:  0.0168 Loss fft:  0.7810 Loss dta_rank:  0.6121 Loss dta_tv:  0.0352 Loss dta_proxy:  0.2167 Loss dta_trans:  0.0070 Loss dta_phys:  0.0066 Loss dta_preserve:  0.0049
Time:  0.0834 Epoch: 003 Iter:  600/ 600 LR: 0.0001000000 Loss content:  0.0172 Loss fft:  0.7954 Loss dta_rank:  0.6076 Loss dta_tv:  0.0358 Loss dta_proxy:  0.2053 Loss dta_trans:  0.0077 Loss dta_phys:  0.0073 Loss dta_preserve:  0.0060
EPOCH: 03
Elapsed time: 0.77 Epoch Pixel Loss:  0.0172 Epoch FFT Loss:  0.8180 Epoch DTA Rank:  0.6132 Epoch DTA TV:  0.0361 Epoch DTA Proxy:  0.2134 Epoch DTA Trans:  0.0078 Epoch DTA Phys:  0.0067 Epoch DTA Preserve:  0.0052
/sda/home/wangyuxin/ConvIR-B/envs/convir-cu121/lib/python3.10/site-packages/torch/optim/lr_scheduler.py:1087: UserWarning: To get the last learning rate computed by the scheduler, please use `get_last_lr()`.
  _warn_get_lr_called_within_step(self)
DTA_GATE_RAMP epoch=4 gate_limit=0.030000
Time:  0.0976 Epoch: 004 Iter:   50/ 600 LR: 0.0001000000 Loss content:  0.0163 Loss fft:  0.8046 Loss dta_rank:  0.6072 Loss dta_tv:  0.0354 Loss dta_proxy:  0.2080 Loss dta_trans:  0.0063 Loss dta_phys:  0.0068 Loss dta_preserve:  0.0046
Time:  0.0862 Epoch: 004 Iter:  100/ 600 LR: 0.0001000000 Loss content:  0.0182 Loss fft:  0.8595 Loss dta_rank:  0.6114 Loss dta_tv:  0.0348 Loss dta_proxy:  0.2263 Loss dta_trans:  0.0065 Loss dta_phys:  0.0060 Loss dta_preserve:  0.0043
Time:  0.0833 Epoch: 004 Iter:  150/ 600 LR: 0.0001000000 Loss content:  0.0170 Loss fft:  0.8107 Loss dta_rank:  0.6098 Loss dta_tv:  0.0350 Loss dta_proxy:  0.2050 Loss dta_trans:  0.0076 Loss dta_phys:  0.0072 Loss dta_preserve:  0.0052
Time:  0.0822 Epoch: 004 Iter:  200/ 600 LR: 0.0001000000 Loss content:  0.0174 Loss fft:  0.8176 Loss dta_rank:  0.6124 Loss dta_tv:  0.0340 Loss dta_proxy:  0.2193 Loss dta_trans:  0.0072 Loss dta_phys:  0.0070 Loss dta_preserve:  0.0046
Time:  0.0862 Epoch: 004 Iter:  250/ 600 LR: 0.0001000000 Loss content:  0.0174 Loss fft:  0.8499 Loss dta_rank:  0.6111 Loss dta_tv:  0.0339 Loss dta_proxy:  0.2249 Loss dta_trans:  0.0062 Loss dta_phys:  0.0064 Loss dta_preserve:  0.0050
Time:  0.0850 Epoch: 004 Iter:  300/ 600 LR: 0.0001000000 Loss content:  0.0168 Loss fft:  0.8019 Loss dta_rank:  0.6115 Loss dta_tv:  0.0349 Loss dta_proxy:  0.2005 Loss dta_trans:  0.0070 Loss dta_phys:  0.0060 Loss dta_preserve:  0.0052
Time:  0.0836 Epoch: 004 Iter:  350/ 600 LR: 0.0001000000 Loss content:  0.0167 Loss fft:  0.8032 Loss dta_rank:  0.6109 Loss dta_tv:  0.0340 Loss dta_proxy:  0.2182 Loss dta_trans:  0.0072 Loss dta_phys:  0.0070 Loss dta_preserve:  0.0048
Time:  0.0888 Epoch: 004 Iter:  400/ 600 LR: 0.0001000000 Loss content:  0.0173 Loss fft:  0.8142 Loss dta_rank:  0.6112 Loss dta_tv:  0.0330 Loss dta_proxy:  0.2116 Loss dta_trans:  0.0066 Loss dta_phys:  0.0064 Loss dta_preserve:  0.0043
Time:  0.0850 Epoch: 004 Iter:  450/ 600 LR: 0.0001000000 Loss content:  0.0171 Loss fft:  0.8455 Loss dta_rank:  0.6070 Loss dta_tv:  0.0350 Loss dta_proxy:  0.1971 Loss dta_trans:  0.0077 Loss dta_phys:  0.0066 Loss dta_preserve:  0.0052
Time:  0.0902 Epoch: 004 Iter:  500/ 600 LR: 0.0001000000 Loss content:  0.0171 Loss fft:  0.8126 Loss dta_rank:  0.6057 Loss dta_tv:  0.0336 Loss dta_proxy:  0.2167 Loss dta_trans:  0.0075 Loss dta_phys:  0.0071 Loss dta_preserve:  0.0058
Time:  0.0849 Epoch: 004 Iter:  550/ 600 LR: 0.0001000000 Loss content:  0.0169 Loss fft:  0.8241 Loss dta_rank:  0.6072 Loss dta_tv:  0.0333 Loss dta_proxy:  0.2246 Loss dta_trans:  0.0071 Loss dta_phys:  0.0066 Loss dta_preserve:  0.0097
Time:  0.0901 Epoch: 004 Iter:  600/ 600 LR: 0.0001000000 Loss content:  0.0168 Loss fft:  0.8041 Loss dta_rank:  0.6073 Loss dta_tv:  0.0341 Loss dta_proxy:  0.2070 Loss dta_trans:  0.0076 Loss dta_phys:  0.0067 Loss dta_preserve:  0.0047
EPOCH: 04
Elapsed time: 1.05 Epoch Pixel Loss:  0.0171 Epoch FFT Loss:  0.8207 Epoch DTA Rank:  0.6094 Epoch DTA TV:  0.0343 Epoch DTA Proxy:  0.2133 Epoch DTA Trans:  0.0070 Epoch DTA Phys:  0.0067 Epoch DTA Preserve:  0.0053
DTA_GATE_RAMP epoch=5 gate_limit=0.030000
Time:  0.0998 Epoch: 005 Iter:   50/ 600 LR: 0.0000983215 Loss content:  0.0175 Loss fft:  0.8337 Loss dta_rank:  0.6069 Loss dta_tv:  0.0336 Loss dta_proxy:  0.2017 Loss dta_trans:  0.0073 Loss dta_phys:  0.0063 Loss dta_preserve:  0.0043
Time:  0.0877 Epoch: 005 Iter:  100/ 600 LR: 0.0000983215 Loss content:  0.0175 Loss fft:  0.8334 Loss dta_rank:  0.6045 Loss dta_tv:  0.0340 Loss dta_proxy:  0.2073 Loss dta_trans:  0.0073 Loss dta_phys:  0.0066 Loss dta_preserve:  0.0054
Time:  0.0817 Epoch: 005 Iter:  150/ 600 LR: 0.0000983215 Loss content:  0.0166 Loss fft:  0.8145 Loss dta_rank:  0.6088 Loss dta_tv:  0.0329 Loss dta_proxy:  0.2152 Loss dta_trans:  0.0063 Loss dta_phys:  0.0070 Loss dta_preserve:  0.0046
Time:  0.0823 Epoch: 005 Iter:  200/ 600 LR: 0.0000983215 Loss content:  0.0174 Loss fft:  0.8216 Loss dta_rank:  0.6055 Loss dta_tv:  0.0326 Loss dta_proxy:  0.2156 Loss dta_trans:  0.0071 Loss dta_phys:  0.0066 Loss dta_preserve:  0.0042
Time:  0.0826 Epoch: 005 Iter:  250/ 600 LR: 0.0000983215 Loss content:  0.0169 Loss fft:  0.8037 Loss dta_rank:  0.6080 Loss dta_tv:  0.0338 Loss dta_proxy:  0.2102 Loss dta_trans:  0.0066 Loss dta_phys:  0.0072 Loss dta_preserve:  0.0047
Time:  0.0787 Epoch: 005 Iter:  300/ 600 LR: 0.0000983215 Loss content:  0.0170 Loss fft:  0.7937 Loss dta_rank:  0.6114 Loss dta_tv:  0.0344 Loss dta_proxy:  0.2155 Loss dta_trans:  0.0071 Loss dta_phys:  0.0070 Loss dta_preserve:  0.0047
Time:  0.0760 Epoch: 005 Iter:  350/ 600 LR: 0.0000983215 Loss content:  0.0173 Loss fft:  0.7973 Loss dta_rank:  0.6092 Loss dta_tv:  0.0334 Loss dta_proxy:  0.2117 Loss dta_trans:  0.0069 Loss dta_phys:  0.0073 Loss dta_preserve:  0.0061
Time:  0.0809 Epoch: 005 Iter:  400/ 600 LR: 0.0000983215 Loss content:  0.0177 Loss fft:  0.8402 Loss dta_rank:  0.6046 Loss dta_tv:  0.0333 Loss dta_proxy:  0.2117 Loss dta_trans:  0.0067 Loss dta_phys:  0.0070 Loss dta_preserve:  0.0046
Time:  0.0835 Epoch: 005 Iter:  450/ 600 LR: 0.0000983215 Loss content:  0.0174 Loss fft:  0.8232 Loss dta_rank:  0.6076 Loss dta_tv:  0.0328 Loss dta_proxy:  0.2113 Loss dta_trans:  0.0066 Loss dta_phys:  0.0068 Loss dta_preserve:  0.0058
Time:  0.0847 Epoch: 005 Iter:  500/ 600 LR: 0.0000983215 Loss content:  0.0173 Loss fft:  0.8304 Loss dta_rank:  0.6110 Loss dta_tv:  0.0326 Loss dta_proxy:  0.2252 Loss dta_trans:  0.0055 Loss dta_phys:  0.0061 Loss dta_preserve:  0.0062
Time:  0.0855 Epoch: 005 Iter:  550/ 600 LR: 0.0000983215 Loss content:  0.0174 Loss fft:  0.8343 Loss dta_rank:  0.6082 Loss dta_tv:  0.0322 Loss dta_proxy:  0.2214 Loss dta_trans:  0.0064 Loss dta_phys:  0.0067 Loss dta_preserve:  0.0050
Time:  0.0868 Epoch: 005 Iter:  600/ 600 LR: 0.0000983215 Loss content:  0.0166 Loss fft:  0.8005 Loss dta_rank:  0.6067 Loss dta_tv:  0.0334 Loss dta_proxy:  0.2021 Loss dta_trans:  0.0058 Loss dta_phys:  0.0067 Loss dta_preserve:  0.0041
EPOCH: 05
Elapsed time: 1.02 Epoch Pixel Loss:  0.0172 Epoch FFT Loss:  0.8189 Epoch DTA Rank:  0.6077 Epoch DTA TV:  0.0333 Epoch DTA Proxy:  0.2124 Epoch DTA Trans:  0.0066 Epoch DTA Phys:  0.0068 Epoch DTA Preserve:  0.0050
DTA_GATE_RAMP epoch=6 gate_limit=0.030000
Time:  0.0952 Epoch: 006 Iter:   50/ 600 LR: 0.0000942212 Loss content:  0.0174 Loss fft:  0.7786 Loss dta_rank:  0.6074 Loss dta_tv:  0.0331 Loss dta_proxy:  0.1981 Loss dta_trans:  0.0070 Loss dta_phys:  0.0066 Loss dta_preserve:  0.0051
Time:  0.0886 Epoch: 006 Iter:  100/ 600 LR: 0.0000942212 Loss content:  0.0181 Loss fft:  0.8472 Loss dta_rank:  0.6099 Loss dta_tv:  0.0324 Loss dta_proxy:  0.2154 Loss dta_trans:  0.0062 Loss dta_phys:  0.0064 Loss dta_preserve:  0.0068
Time:  0.0879 Epoch: 006 Iter:  150/ 600 LR: 0.0000942212 Loss content:  0.0174 Loss fft:  0.8117 Loss dta_rank:  0.6051 Loss dta_tv:  0.0330 Loss dta_proxy:  0.2113 Loss dta_trans:  0.0061 Loss dta_phys:  0.0068 Loss dta_preserve:  0.0072
Time:  0.0885 Epoch: 006 Iter:  200/ 600 LR: 0.0000942212 Loss content:  0.0188 Loss fft:  0.8685 Loss dta_rank:  0.6097 Loss dta_tv:  0.0311 Loss dta_proxy:  0.2293 Loss dta_trans:  0.0061 Loss dta_phys:  0.0070 Loss dta_preserve:  0.0055
Time:  0.0869 Epoch: 006 Iter:  250/ 600 LR: 0.0000942212 Loss content:  0.0171 Loss fft:  0.8225 Loss dta_rank:  0.6081 Loss dta_tv:  0.0325 Loss dta_proxy:  0.2162 Loss dta_trans:  0.0064 Loss dta_phys:  0.0061 Loss dta_preserve:  0.0052
Time:  0.0768 Epoch: 006 Iter:  300/ 600 LR: 0.0000942212 Loss content:  0.0167 Loss fft:  0.7930 Loss dta_rank:  0.6043 Loss dta_tv:  0.0315 Loss dta_proxy:  0.2134 Loss dta_trans:  0.0064 Loss dta_phys:  0.0069 Loss dta_preserve:  0.0045
Time:  0.0824 Epoch: 006 Iter:  350/ 600 LR: 0.0000942212 Loss content:  0.0169 Loss fft:  0.8124 Loss dta_rank:  0.6085 Loss dta_tv:  0.0314 Loss dta_proxy:  0.2211 Loss dta_trans:  0.0066 Loss dta_phys:  0.0063 Loss dta_preserve:  0.0057
Time:  0.0690 Epoch: 006 Iter:  400/ 600 LR: 0.0000942212 Loss content:  0.0181 Loss fft:  0.8485 Loss dta_rank:  0.6095 Loss dta_tv:  0.0320 Loss dta_proxy:  0.2129 Loss dta_trans:  0.0064 Loss dta_phys:  0.0067 Loss dta_preserve:  0.0041
Time:  0.0701 Epoch: 006 Iter:  450/ 600 LR: 0.0000942212 Loss content:  0.0164 Loss fft:  0.7711 Loss dta_rank:  0.6127 Loss dta_tv:  0.0318 Loss dta_proxy:  0.2163 Loss dta_trans:  0.0065 Loss dta_phys:  0.0078 Loss dta_preserve:  0.0042
Time:  0.0749 Epoch: 006 Iter:  500/ 600 LR: 0.0000942212 Loss content:  0.0169 Loss fft:  0.8044 Loss dta_rank:  0.6045 Loss dta_tv:  0.0311 Loss dta_proxy:  0.2146 Loss dta_trans:  0.0062 Loss dta_phys:  0.0068 Loss dta_preserve:  0.0052
Time:  0.0775 Epoch: 006 Iter:  550/ 600 LR: 0.0000942212 Loss content:  0.0177 Loss fft:  0.8440 Loss dta_rank:  0.6012 Loss dta_tv:  0.0323 Loss dta_proxy:  0.2119 Loss dta_trans:  0.0055 Loss dta_phys:  0.0063 Loss dta_preserve:  0.0052
Time:  0.0756 Epoch: 006 Iter:  600/ 600 LR: 0.0000942212 Loss content:  0.0174 Loss fft:  0.8041 Loss dta_rank:  0.6039 Loss dta_tv:  0.0320 Loss dta_proxy:  0.2183 Loss dta_trans:  0.0056 Loss dta_phys:  0.0061 Loss dta_preserve:  0.0062
EPOCH: 06
Elapsed time: 0.98 Epoch Pixel Loss:  0.0174 Epoch FFT Loss:  0.8172 Epoch DTA Rank:  0.6071 Epoch DTA TV:  0.0320 Epoch DTA Proxy:  0.2149 Epoch DTA Trans:  0.0062 Epoch DTA Phys:  0.0067 Epoch DTA Preserve:  0.0054
DTA_GATE_RAMP epoch=7 gate_limit=0.030000
Time:  0.0796 Epoch: 007 Iter:   50/ 600 LR: 0.0000886874 Loss content:  0.0164 Loss fft:  0.8136 Loss dta_rank:  0.6065 Loss dta_tv:  0.0325 Loss dta_proxy:  0.2181 Loss dta_trans:  0.0064 Loss dta_phys:  0.0066 Loss dta_preserve:  0.0050
Time:  0.0765 Epoch: 007 Iter:  100/ 600 LR: 0.0000886874 Loss content:  0.0171 Loss fft:  0.8102 Loss dta_rank:  0.6035 Loss dta_tv:  0.0328 Loss dta_proxy:  0.2002 Loss dta_trans:  0.0054 Loss dta_phys:  0.0065 Loss dta_preserve:  0.0052
Time:  0.0782 Epoch: 007 Iter:  150/ 600 LR: 0.0000886874 Loss content:  0.0174 Loss fft:  0.8177 Loss dta_rank:  0.6029 Loss dta_tv:  0.0308 Loss dta_proxy:  0.2122 Loss dta_trans:  0.0069 Loss dta_phys:  0.0066 Loss dta_preserve:  0.0054
Time:  0.0788 Epoch: 007 Iter:  200/ 600 LR: 0.0000886874 Loss content:  0.0169 Loss fft:  0.8187 Loss dta_rank:  0.6075 Loss dta_tv:  0.0306 Loss dta_proxy:  0.2153 Loss dta_trans:  0.0070 Loss dta_phys:  0.0069 Loss dta_preserve:  0.0048
Time:  0.0779 Epoch: 007 Iter:  250/ 600 LR: 0.0000886874 Loss content:  0.0166 Loss fft:  0.8109 Loss dta_rank:  0.6074 Loss dta_tv:  0.0313 Loss dta_proxy:  0.2128 Loss dta_trans:  0.0063 Loss dta_phys:  0.0070 Loss dta_preserve:  0.0039
Time:  0.0758 Epoch: 007 Iter:  300/ 600 LR: 0.0000886874 Loss content:  0.0175 Loss fft:  0.8205 Loss dta_rank:  0.6057 Loss dta_tv:  0.0311 Loss dta_proxy:  0.2131 Loss dta_trans:  0.0064 Loss dta_phys:  0.0073 Loss dta_preserve:  0.0051
Time:  0.0765 Epoch: 007 Iter:  350/ 600 LR: 0.0000886874 Loss content:  0.0173 Loss fft:  0.8233 Loss dta_rank:  0.6062 Loss dta_tv:  0.0321 Loss dta_proxy:  0.2134 Loss dta_trans:  0.0059 Loss dta_phys:  0.0065 Loss dta_preserve:  0.0048
Time:  0.0793 Epoch: 007 Iter:  400/ 600 LR: 0.0000886874 Loss content:  0.0168 Loss fft:  0.8208 Loss dta_rank:  0.6048 Loss dta_tv:  0.0312 Loss dta_proxy:  0.2205 Loss dta_trans:  0.0063 Loss dta_phys:  0.0070 Loss dta_preserve:  0.0046
Time:  0.0797 Epoch: 007 Iter:  450/ 600 LR: 0.0000886874 Loss content:  0.0176 Loss fft:  0.8321 Loss dta_rank:  0.6086 Loss dta_tv:  0.0314 Loss dta_proxy:  0.2231 Loss dta_trans:  0.0063 Loss dta_phys:  0.0065 Loss dta_preserve:  0.0076
Time:  0.0798 Epoch: 007 Iter:  500/ 600 LR: 0.0000886874 Loss content:  0.0174 Loss fft:  0.8601 Loss dta_rank:  0.6032 Loss dta_tv:  0.0313 Loss dta_proxy:  0.2154 Loss dta_trans:  0.0057 Loss dta_phys:  0.0063 Loss dta_preserve:  0.0055
Time:  0.0787 Epoch: 007 Iter:  550/ 600 LR: 0.0000886874 Loss content:  0.0175 Loss fft:  0.8097 Loss dta_rank:  0.6027 Loss dta_tv:  0.0304 Loss dta_proxy:  0.2299 Loss dta_trans:  0.0055 Loss dta_phys:  0.0065 Loss dta_preserve:  0.0040
Time:  0.0791 Epoch: 007 Iter:  600/ 600 LR: 0.0000886874 Loss content:  0.0174 Loss fft:  0.8132 Loss dta_rank:  0.6054 Loss dta_tv:  0.0314 Loss dta_proxy:  0.2060 Loss dta_trans:  0.0057 Loss dta_phys:  0.0063 Loss dta_preserve:  0.0054
EPOCH: 07
Elapsed time: 0.94 Epoch Pixel Loss:  0.0172 Epoch FFT Loss:  0.8209 Epoch DTA Rank:  0.6054 Epoch DTA TV:  0.0314 Epoch DTA Proxy:  0.2150 Epoch DTA Trans:  0.0061 Epoch DTA Phys:  0.0067 Epoch DTA Preserve:  0.0051
DTA_GATE_RAMP epoch=8 gate_limit=0.030000
Time:  0.0830 Epoch: 008 Iter:   50/ 600 LR: 0.0000819070 Loss content:  0.0165 Loss fft:  0.7913 Loss dta_rank:  0.6108 Loss dta_tv:  0.0306 Loss dta_proxy:  0.2232 Loss dta_trans:  0.0059 Loss dta_phys:  0.0079 Loss dta_preserve:  0.0052
Time:  0.0805 Epoch: 008 Iter:  100/ 600 LR: 0.0000819070 Loss content:  0.0174 Loss fft:  0.8324 Loss dta_rank:  0.6041 Loss dta_tv:  0.0316 Loss dta_proxy:  0.2083 Loss dta_trans:  0.0068 Loss dta_phys:  0.0067 Loss dta_preserve:  0.0050
Time:  0.0788 Epoch: 008 Iter:  150/ 600 LR: 0.0000819070 Loss content:  0.0174 Loss fft:  0.8395 Loss dta_rank:  0.6056 Loss dta_tv:  0.0317 Loss dta_proxy:  0.2086 Loss dta_trans:  0.0062 Loss dta_phys:  0.0057 Loss dta_preserve:  0.0060
Time:  0.0772 Epoch: 008 Iter:  200/ 600 LR: 0.0000819070 Loss content:  0.0165 Loss fft:  0.7947 Loss dta_rank:  0.6102 Loss dta_tv:  0.0315 Loss dta_proxy:  0.2042 Loss dta_trans:  0.0074 Loss dta_phys:  0.0066 Loss dta_preserve:  0.0051
Time:  0.0786 Epoch: 008 Iter:  250/ 600 LR: 0.0000819070 Loss content:  0.0165 Loss fft:  0.8061 Loss dta_rank:  0.6053 Loss dta_tv:  0.0306 Loss dta_proxy:  0.2115 Loss dta_trans:  0.0058 Loss dta_phys:  0.0060 Loss dta_preserve:  0.0039
Time:  0.0809 Epoch: 008 Iter:  300/ 600 LR: 0.0000819070 Loss content:  0.0171 Loss fft:  0.8144 Loss dta_rank:  0.6038 Loss dta_tv:  0.0301 Loss dta_proxy:  0.2150 Loss dta_trans:  0.0049 Loss dta_phys:  0.0065 Loss dta_preserve:  0.0044
Time:  0.0680 Epoch: 008 Iter:  350/ 600 LR: 0.0000819070 Loss content:  0.0168 Loss fft:  0.8079 Loss dta_rank:  0.6063 Loss dta_tv:  0.0303 Loss dta_proxy:  0.2069 Loss dta_trans:  0.0061 Loss dta_phys:  0.0067 Loss dta_preserve:  0.0047
Time:  0.0643 Epoch: 008 Iter:  400/ 600 LR: 0.0000819070 Loss content:  0.0175 Loss fft:  0.8749 Loss dta_rank:  0.6024 Loss dta_tv:  0.0311 Loss dta_proxy:  0.2084 Loss dta_trans:  0.0054 Loss dta_phys:  0.0064 Loss dta_preserve:  0.0051
Time:  0.0659 Epoch: 008 Iter:  450/ 600 LR: 0.0000819070 Loss content:  0.0176 Loss fft:  0.8395 Loss dta_rank:  0.5997 Loss dta_tv:  0.0299 Loss dta_proxy:  0.2192 Loss dta_trans:  0.0052 Loss dta_phys:  0.0066 Loss dta_preserve:  0.0054
Time:  0.0683 Epoch: 008 Iter:  500/ 600 LR: 0.0000819070 Loss content:  0.0170 Loss fft:  0.8378 Loss dta_rank:  0.6052 Loss dta_tv:  0.0308 Loss dta_proxy:  0.2103 Loss dta_trans:  0.0051 Loss dta_phys:  0.0077 Loss dta_preserve:  0.0047
Time:  0.0677 Epoch: 008 Iter:  550/ 600 LR: 0.0000819070 Loss content:  0.0171 Loss fft:  0.7934 Loss dta_rank:  0.6110 Loss dta_tv:  0.0306 Loss dta_proxy:  0.2116 Loss dta_trans:  0.0066 Loss dta_phys:  0.0070 Loss dta_preserve:  0.0051
Time:  0.0739 Epoch: 008 Iter:  600/ 600 LR: 0.0000819070 Loss content:  0.0171 Loss fft:  0.8140 Loss dta_rank:  0.6063 Loss dta_tv:  0.0318 Loss dta_proxy:  0.2047 Loss dta_trans:  0.0068 Loss dta_phys:  0.0080 Loss dta_preserve:  0.0066
EPOCH: 08
Elapsed time: 0.89 Epoch Pixel Loss:  0.0170 Epoch FFT Loss:  0.8205 Epoch DTA Rank:  0.6059 Epoch DTA TV:  0.0309 Epoch DTA Proxy:  0.2110 Epoch DTA Trans:  0.0060 Epoch DTA Phys:  0.0068 Epoch DTA Preserve:  0.0051
DTA_GATE_RAMP epoch=9 gate_limit=0.060000
Time:  0.0727 Epoch: 009 Iter:   50/ 600 LR: 0.0000741093 Loss content:  0.0172 Loss fft:  0.8247 Loss dta_rank:  0.6018 Loss dta_tv:  0.0310 Loss dta_proxy:  0.1981 Loss dta_trans:  0.0055 Loss dta_phys:  0.0065 Loss dta_preserve:  0.0053
Time:  0.0617 Epoch: 009 Iter:  100/ 600 LR: 0.0000741093 Loss content:  0.0178 Loss fft:  0.8242 Loss dta_rank:  0.6075 Loss dta_tv:  0.0303 Loss dta_proxy:  0.2128 Loss dta_trans:  0.0058 Loss dta_phys:  0.0071 Loss dta_preserve:  0.0052
Time:  0.0661 Epoch: 009 Iter:  150/ 600 LR: 0.0000741093 Loss content:  0.0168 Loss fft:  0.8290 Loss dta_rank:  0.6012 Loss dta_tv:  0.0306 Loss dta_proxy:  0.1983 Loss dta_trans:  0.0050 Loss dta_phys:  0.0063 Loss dta_preserve:  0.0059
Time:  0.0673 Epoch: 009 Iter:  200/ 600 LR: 0.0000741093 Loss content:  0.0172 Loss fft:  0.7952 Loss dta_rank:  0.6043 Loss dta_tv:  0.0312 Loss dta_proxy:  0.1945 Loss dta_trans:  0.0064 Loss dta_phys:  0.0065 Loss dta_preserve:  0.0048
Time:  0.0676 Epoch: 009 Iter:  250/ 600 LR: 0.0000741093 Loss content:  0.0163 Loss fft:  0.7995 Loss dta_rank:  0.6051 Loss dta_tv:  0.0310 Loss dta_proxy:  0.2135 Loss dta_trans:  0.0056 Loss dta_phys:  0.0072 Loss dta_preserve:  0.0046
Time:  0.0674 Epoch: 009 Iter:  300/ 600 LR: 0.0000741093 Loss content:  0.0175 Loss fft:  0.8258 Loss dta_rank:  0.5991 Loss dta_tv:  0.0307 Loss dta_proxy:  0.2029 Loss dta_trans:  0.0057 Loss dta_phys:  0.0068 Loss dta_preserve:  0.0052
Time:  0.0708 Epoch: 009 Iter:  350/ 600 LR: 0.0000741093 Loss content:  0.0171 Loss fft:  0.8104 Loss dta_rank:  0.6072 Loss dta_tv:  0.0296 Loss dta_proxy:  0.2189 Loss dta_trans:  0.0054 Loss dta_phys:  0.0068 Loss dta_preserve:  0.0060
Time:  0.0767 Epoch: 009 Iter:  400/ 600 LR: 0.0000741093 Loss content:  0.0167 Loss fft:  0.7943 Loss dta_rank:  0.6049 Loss dta_tv:  0.0304 Loss dta_proxy:  0.2156 Loss dta_trans:  0.0056 Loss dta_phys:  0.0072 Loss dta_preserve:  0.0046
Time:  0.0704 Epoch: 009 Iter:  450/ 600 LR: 0.0000741093 Loss content:  0.0175 Loss fft:  0.8387 Loss dta_rank:  0.6062 Loss dta_tv:  0.0306 Loss dta_proxy:  0.2164 Loss dta_trans:  0.0066 Loss dta_phys:  0.0061 Loss dta_preserve:  0.0053
Time:  0.0634 Epoch: 009 Iter:  500/ 600 LR: 0.0000741093 Loss content:  0.0171 Loss fft:  0.8326 Loss dta_rank:  0.6077 Loss dta_tv:  0.0311 Loss dta_proxy:  0.1982 Loss dta_trans:  0.0063 Loss dta_phys:  0.0059 Loss dta_preserve:  0.0046
Time:  0.0627 Epoch: 009 Iter:  550/ 600 LR: 0.0000741093 Loss content:  0.0169 Loss fft:  0.8065 Loss dta_rank:  0.6037 Loss dta_tv:  0.0306 Loss dta_proxy:  0.2013 Loss dta_trans:  0.0068 Loss dta_phys:  0.0074 Loss dta_preserve:  0.0054
Time:  0.0636 Epoch: 009 Iter:  600/ 600 LR: 0.0000741093 Loss content:  0.0174 Loss fft:  0.8361 Loss dta_rank:  0.6046 Loss dta_tv:  0.0305 Loss dta_proxy:  0.2055 Loss dta_trans:  0.0057 Loss dta_phys:  0.0069 Loss dta_preserve:  0.0050
EPOCH: 09
Elapsed time: 0.81 Epoch Pixel Loss:  0.0171 Epoch FFT Loss:  0.8181 Epoch DTA Rank:  0.6044 Epoch DTA TV:  0.0306 Epoch DTA Proxy:  0.2063 Epoch DTA Trans:  0.0059 Epoch DTA Phys:  0.0067 Epoch DTA Preserve:  0.0052
DTA_GATE_RAMP epoch=10 gate_limit=0.060000
Time:  0.0809 Epoch: 010 Iter:   50/ 600 LR: 0.0000655580 Loss content:  0.0164 Loss fft:  0.7961 Loss dta_rank:  0.6058 Loss dta_tv:  0.0306 Loss dta_proxy:  0.2081 Loss dta_trans:  0.0062 Loss dta_phys:  0.0069 Loss dta_preserve:  0.0045
Time:  0.0734 Epoch: 010 Iter:  100/ 600 LR: 0.0000655580 Loss content:  0.0172 Loss fft:  0.8272 Loss dta_rank:  0.6037 Loss dta_tv:  0.0306 Loss dta_proxy:  0.2081 Loss dta_trans:  0.0057 Loss dta_phys:  0.0065 Loss dta_preserve:  0.0046
Time:  0.0771 Epoch: 010 Iter:  150/ 600 LR: 0.0000655580 Loss content:  0.0177 Loss fft:  0.8358 Loss dta_rank:  0.6087 Loss dta_tv:  0.0296 Loss dta_proxy:  0.2155 Loss dta_trans:  0.0058 Loss dta_phys:  0.0059 Loss dta_preserve:  0.0043
Time:  0.0766 Epoch: 010 Iter:  200/ 600 LR: 0.0000655580 Loss content:  0.0177 Loss fft:  0.8152 Loss dta_rank:  0.6079 Loss dta_tv:  0.0304 Loss dta_proxy:  0.2105 Loss dta_trans:  0.0061 Loss dta_phys:  0.0073 Loss dta_preserve:  0.0052
Time:  0.0768 Epoch: 010 Iter:  250/ 600 LR: 0.0000655580 Loss content:  0.0172 Loss fft:  0.8240 Loss dta_rank:  0.5939 Loss dta_tv:  0.0307 Loss dta_proxy:  0.2016 Loss dta_trans:  0.0059 Loss dta_phys:  0.0067 Loss dta_preserve:  0.0056
Time:  0.0755 Epoch: 010 Iter:  300/ 600 LR: 0.0000655580 Loss content:  0.0176 Loss fft:  0.8306 Loss dta_rank:  0.6064 Loss dta_tv:  0.0290 Loss dta_proxy:  0.2264 Loss dta_trans:  0.0055 Loss dta_phys:  0.0069 Loss dta_preserve:  0.0044
Time:  0.0762 Epoch: 010 Iter:  350/ 600 LR: 0.0000655580 Loss content:  0.0171 Loss fft:  0.8172 Loss dta_rank:  0.6011 Loss dta_tv:  0.0310 Loss dta_proxy:  0.1969 Loss dta_trans:  0.0062 Loss dta_phys:  0.0067 Loss dta_preserve:  0.0057
Time:  0.0764 Epoch: 010 Iter:  400/ 600 LR: 0.0000655580 Loss content:  0.0168 Loss fft:  0.7889 Loss dta_rank:  0.6064 Loss dta_tv:  0.0308 Loss dta_proxy:  0.2117 Loss dta_trans:  0.0059 Loss dta_phys:  0.0067 Loss dta_preserve:  0.0056
Time:  0.0771 Epoch: 010 Iter:  450/ 600 LR: 0.0000655580 Loss content:  0.0167 Loss fft:  0.8265 Loss dta_rank:  0.6071 Loss dta_tv:  0.0310 Loss dta_proxy:  0.1985 Loss dta_trans:  0.0060 Loss dta_phys:  0.0068 Loss dta_preserve:  0.0054
Time:  0.0771 Epoch: 010 Iter:  500/ 600 LR: 0.0000655580 Loss content:  0.0176 Loss fft:  0.8266 Loss dta_rank:  0.6044 Loss dta_tv:  0.0302 Loss dta_proxy:  0.2087 Loss dta_trans:  0.0060 Loss dta_phys:  0.0066 Loss dta_preserve:  0.0059
Time:  0.0743 Epoch: 010 Iter:  550/ 600 LR: 0.0000655580 Loss content:  0.0176 Loss fft:  0.8556 Loss dta_rank:  0.5986 Loss dta_tv:  0.0308 Loss dta_proxy:  0.1973 Loss dta_trans:  0.0053 Loss dta_phys:  0.0062 Loss dta_preserve:  0.0063
Time:  0.0758 Epoch: 010 Iter:  600/ 600 LR: 0.0000655580 Loss content:  0.0166 Loss fft:  0.7912 Loss dta_rank:  0.6053 Loss dta_tv:  0.0294 Loss dta_proxy:  0.2131 Loss dta_trans:  0.0056 Loss dta_phys:  0.0073 Loss dta_preserve:  0.0039
EPOCH: 10
Elapsed time: 0.92 Epoch Pixel Loss:  0.0172 Epoch FFT Loss:  0.8196 Epoch DTA Rank:  0.6041 Epoch DTA TV:  0.0303 Epoch DTA Proxy:  0.2080 Epoch DTA Trans:  0.0058 Epoch DTA Phys:  0.0067 Epoch DTA Preserve:  0.0051
DTA_GATE_RAMP epoch=11 gate_limit=0.060000
Time:  0.0741 Epoch: 011 Iter:   50/ 600 LR: 0.0000565424 Loss content:  0.0175 Loss fft:  0.8349 Loss dta_rank:  0.6034 Loss dta_tv:  0.0295 Loss dta_proxy:  0.2096 Loss dta_trans:  0.0054 Loss dta_phys:  0.0063 Loss dta_preserve:  0.0051
Time:  0.0728 Epoch: 011 Iter:  100/ 600 LR: 0.0000565424 Loss content:  0.0164 Loss fft:  0.8036 Loss dta_rank:  0.6046 Loss dta_tv:  0.0310 Loss dta_proxy:  0.2019 Loss dta_trans:  0.0057 Loss dta_phys:  0.0071 Loss dta_preserve:  0.0041
Time:  0.0753 Epoch: 011 Iter:  150/ 600 LR: 0.0000565424 Loss content:  0.0176 Loss fft:  0.8347 Loss dta_rank:  0.6069 Loss dta_tv:  0.0302 Loss dta_proxy:  0.2055 Loss dta_trans:  0.0057 Loss dta_phys:  0.0066 Loss dta_preserve:  0.0051
Time:  0.0744 Epoch: 011 Iter:  200/ 600 LR: 0.0000565424 Loss content:  0.0172 Loss fft:  0.8401 Loss dta_rank:  0.6027 Loss dta_tv:  0.0298 Loss dta_proxy:  0.2089 Loss dta_trans:  0.0053 Loss dta_phys:  0.0064 Loss dta_preserve:  0.0050
Time:  0.0741 Epoch: 011 Iter:  250/ 600 LR: 0.0000565424 Loss content:  0.0175 Loss fft:  0.8504 Loss dta_rank:  0.6068 Loss dta_tv:  0.0299 Loss dta_proxy:  0.2131 Loss dta_trans:  0.0065 Loss dta_phys:  0.0066 Loss dta_preserve:  0.0047
Time:  0.0733 Epoch: 011 Iter:  300/ 600 LR: 0.0000565424 Loss content:  0.0172 Loss fft:  0.8130 Loss dta_rank:  0.6036 Loss dta_tv:  0.0300 Loss dta_proxy:  0.2032 Loss dta_trans:  0.0060 Loss dta_phys:  0.0070 Loss dta_preserve:  0.0050
Time:  0.0734 Epoch: 011 Iter:  350/ 600 LR: 0.0000565424 Loss content:  0.0178 Loss fft:  0.8499 Loss dta_rank:  0.5996 Loss dta_tv:  0.0301 Loss dta_proxy:  0.2030 Loss dta_trans:  0.0063 Loss dta_phys:  0.0067 Loss dta_preserve:  0.0050
Time:  0.0760 Epoch: 011 Iter:  400/ 600 LR: 0.0000565424 Loss content:  0.0175 Loss fft:  0.8069 Loss dta_rank:  0.6054 Loss dta_tv:  0.0286 Loss dta_proxy:  0.2147 Loss dta_trans:  0.0057 Loss dta_phys:  0.0066 Loss dta_preserve:  0.0057
Time:  0.0733 Epoch: 011 Iter:  450/ 600 LR: 0.0000565424 Loss content:  0.0180 Loss fft:  0.8411 Loss dta_rank:  0.6051 Loss dta_tv:  0.0298 Loss dta_proxy:  0.2122 Loss dta_trans:  0.0060 Loss dta_phys:  0.0068 Loss dta_preserve:  0.0051
Time:  0.0762 Epoch: 011 Iter:  500/ 600 LR: 0.0000565424 Loss content:  0.0168 Loss fft:  0.8067 Loss dta_rank:  0.6023 Loss dta_tv:  0.0295 Loss dta_proxy:  0.2042 Loss dta_trans:  0.0064 Loss dta_phys:  0.0066 Loss dta_preserve:  0.0055
Time:  0.0755 Epoch: 011 Iter:  550/ 600 LR: 0.0000565424 Loss content:  0.0167 Loss fft:  0.7920 Loss dta_rank:  0.6063 Loss dta_tv:  0.0289 Loss dta_proxy:  0.2087 Loss dta_trans:  0.0051 Loss dta_phys:  0.0073 Loss dta_preserve:  0.0041
Time:  0.0701 Epoch: 011 Iter:  600/ 600 LR: 0.0000565424 Loss content:  0.0171 Loss fft:  0.7979 Loss dta_rank:  0.6046 Loss dta_tv:  0.0306 Loss dta_proxy:  0.2006 Loss dta_trans:  0.0057 Loss dta_phys:  0.0070 Loss dta_preserve:  0.0042
EPOCH: 11
Elapsed time: 0.89 Epoch Pixel Loss:  0.0173 Epoch FFT Loss:  0.8226 Epoch DTA Rank:  0.6043 Epoch DTA TV:  0.0298 Epoch DTA Proxy:  0.2071 Epoch DTA Trans:  0.0058 Epoch DTA Phys:  0.0068 Epoch DTA Preserve:  0.0049
DTA_GATE_RAMP epoch=12 gate_limit=0.060000
Time:  0.0779 Epoch: 012 Iter:   50/ 600 LR: 0.0000473670 Loss content:  0.0170 Loss fft:  0.8104 Loss dta_rank:  0.6055 Loss dta_tv:  0.0294 Loss dta_proxy:  0.2069 Loss dta_trans:  0.0056 Loss dta_phys:  0.0070 Loss dta_preserve:  0.0052
Time:  0.0727 Epoch: 012 Iter:  100/ 600 LR: 0.0000473670 Loss content:  0.0173 Loss fft:  0.7979 Loss dta_rank:  0.6051 Loss dta_tv:  0.0298 Loss dta_proxy:  0.2017 Loss dta_trans:  0.0060 Loss dta_phys:  0.0063 Loss dta_preserve:  0.0053
Time:  0.0723 Epoch: 012 Iter:  150/ 600 LR: 0.0000473670 Loss content:  0.0172 Loss fft:  0.8448 Loss dta_rank:  0.6030 Loss dta_tv:  0.0298 Loss dta_proxy:  0.2026 Loss dta_trans:  0.0060 Loss dta_phys:  0.0069 Loss dta_preserve:  0.0042
Time:  0.0730 Epoch: 012 Iter:  200/ 600 LR: 0.0000473670 Loss content:  0.0173 Loss fft:  0.8342 Loss dta_rank:  0.6029 Loss dta_tv:  0.0294 Loss dta_proxy:  0.2111 Loss dta_trans:  0.0057 Loss dta_phys:  0.0071 Loss dta_preserve:  0.0057
Time:  0.0742 Epoch: 012 Iter:  250/ 600 LR: 0.0000473670 Loss content:  0.0172 Loss fft:  0.8231 Loss dta_rank:  0.6012 Loss dta_tv:  0.0295 Loss dta_proxy:  0.2046 Loss dta_trans:  0.0047 Loss dta_phys:  0.0061 Loss dta_preserve:  0.0062
Time:  0.0729 Epoch: 012 Iter:  300/ 600 LR: 0.0000473670 Loss content:  0.0174 Loss fft:  0.8135 Loss dta_rank:  0.6023 Loss dta_tv:  0.0297 Loss dta_proxy:  0.2148 Loss dta_trans:  0.0050 Loss dta_phys:  0.0068 Loss dta_preserve:  0.0047
Time:  0.0768 Epoch: 012 Iter:  350/ 600 LR: 0.0000473670 Loss content:  0.0168 Loss fft:  0.8337 Loss dta_rank:  0.6020 Loss dta_tv:  0.0299 Loss dta_proxy:  0.1922 Loss dta_trans:  0.0061 Loss dta_phys:  0.0067 Loss dta_preserve:  0.0061
Time:  0.0729 Epoch: 012 Iter:  400/ 600 LR: 0.0000473670 Loss content:  0.0159 Loss fft:  0.7713 Loss dta_rank:  0.5990 Loss dta_tv:  0.0302 Loss dta_proxy:  0.2014 Loss dta_trans:  0.0065 Loss dta_phys:  0.0072 Loss dta_preserve:  0.0047
Time:  0.0690 Epoch: 012 Iter:  450/ 600 LR: 0.0000473670 Loss content:  0.0169 Loss fft:  0.8040 Loss dta_rank:  0.6029 Loss dta_tv:  0.0305 Loss dta_proxy:  0.2047 Loss dta_trans:  0.0066 Loss dta_phys:  0.0068 Loss dta_preserve:  0.0048
Time:  0.0706 Epoch: 012 Iter:  500/ 600 LR: 0.0000473670 Loss content:  0.0180 Loss fft:  0.8564 Loss dta_rank:  0.6055 Loss dta_tv:  0.0296 Loss dta_proxy:  0.2145 Loss dta_trans:  0.0063 Loss dta_phys:  0.0065 Loss dta_preserve:  0.0049
Time:  0.0743 Epoch: 012 Iter:  550/ 600 LR: 0.0000473670 Loss content:  0.0171 Loss fft:  0.8368 Loss dta_rank:  0.6052 Loss dta_tv:  0.0297 Loss dta_proxy:  0.2067 Loss dta_trans:  0.0055 Loss dta_phys:  0.0067 Loss dta_preserve:  0.0045
Time:  0.0696 Epoch: 012 Iter:  600/ 600 LR: 0.0000473670 Loss content:  0.0173 Loss fft:  0.8235 Loss dta_rank:  0.6017 Loss dta_tv:  0.0289 Loss dta_proxy:  0.2046 Loss dta_trans:  0.0057 Loss dta_phys:  0.0068 Loss dta_preserve:  0.0049
EPOCH: 12
Elapsed time: 0.88 Epoch Pixel Loss:  0.0171 Epoch FFT Loss:  0.8208 Epoch DTA Rank:  0.6030 Epoch DTA TV:  0.0297 Epoch DTA Proxy:  0.2055 Epoch DTA Trans:  0.0058 Epoch DTA Phys:  0.0067 Epoch DTA Preserve:  0.0051
DTA_GATE_RAMP epoch=13 gate_limit=0.060000
Time:  0.0803 Epoch: 013 Iter:   50/ 600 LR: 0.0000383414 Loss content:  0.0171 Loss fft:  0.8291 Loss dta_rank:  0.6045 Loss dta_tv:  0.0290 Loss dta_proxy:  0.2033 Loss dta_trans:  0.0059 Loss dta_phys:  0.0058 Loss dta_preserve:  0.0052
Time:  0.0748 Epoch: 013 Iter:  100/ 600 LR: 0.0000383414 Loss content:  0.0166 Loss fft:  0.8188 Loss dta_rank:  0.6033 Loss dta_tv:  0.0306 Loss dta_proxy:  0.1961 Loss dta_trans:  0.0061 Loss dta_phys:  0.0078 Loss dta_preserve:  0.0048
Time:  0.0758 Epoch: 013 Iter:  150/ 600 LR: 0.0000383414 Loss content:  0.0171 Loss fft:  0.8273 Loss dta_rank:  0.6013 Loss dta_tv:  0.0294 Loss dta_proxy:  0.2163 Loss dta_trans:  0.0058 Loss dta_phys:  0.0072 Loss dta_preserve:  0.0040
Time:  0.0792 Epoch: 013 Iter:  200/ 600 LR: 0.0000383414 Loss content:  0.0168 Loss fft:  0.8227 Loss dta_rank:  0.6016 Loss dta_tv:  0.0293 Loss dta_proxy:  0.2054 Loss dta_trans:  0.0064 Loss dta_phys:  0.0066 Loss dta_preserve:  0.0047
Time:  0.0792 Epoch: 013 Iter:  250/ 600 LR: 0.0000383414 Loss content:  0.0173 Loss fft:  0.8031 Loss dta_rank:  0.6071 Loss dta_tv:  0.0286 Loss dta_proxy:  0.2128 Loss dta_trans:  0.0056 Loss dta_phys:  0.0080 Loss dta_preserve:  0.0058
Time:  0.0771 Epoch: 013 Iter:  300/ 600 LR: 0.0000383414 Loss content:  0.0170 Loss fft:  0.8163 Loss dta_rank:  0.6058 Loss dta_tv:  0.0290 Loss dta_proxy:  0.2094 Loss dta_trans:  0.0055 Loss dta_phys:  0.0062 Loss dta_preserve:  0.0048
Time:  0.0759 Epoch: 013 Iter:  350/ 600 LR: 0.0000383414 Loss content:  0.0173 Loss fft:  0.7797 Loss dta_rank:  0.6132 Loss dta_tv:  0.0286 Loss dta_proxy:  0.2220 Loss dta_trans:  0.0051 Loss dta_phys:  0.0066 Loss dta_preserve:  0.0049
Time:  0.0719 Epoch: 013 Iter:  400/ 600 LR: 0.0000383414 Loss content:  0.0172 Loss fft:  0.8365 Loss dta_rank:  0.6005 Loss dta_tv:  0.0294 Loss dta_proxy:  0.2045 Loss dta_trans:  0.0060 Loss dta_phys:  0.0064 Loss dta_preserve:  0.0043
Time:  0.0783 Epoch: 013 Iter:  450/ 600 LR: 0.0000383414 Loss content:  0.0165 Loss fft:  0.7756 Loss dta_rank:  0.6003 Loss dta_tv:  0.0305 Loss dta_proxy:  0.1946 Loss dta_trans:  0.0055 Loss dta_phys:  0.0069 Loss dta_preserve:  0.0051
Time:  0.0786 Epoch: 013 Iter:  500/ 600 LR: 0.0000383414 Loss content:  0.0174 Loss fft:  0.8138 Loss dta_rank:  0.6023 Loss dta_tv:  0.0287 Loss dta_proxy:  0.2172 Loss dta_trans:  0.0045 Loss dta_phys:  0.0059 Loss dta_preserve:  0.0061
Time:  0.0793 Epoch: 013 Iter:  550/ 600 LR: 0.0000383414 Loss content:  0.0175 Loss fft:  0.8168 Loss dta_rank:  0.6026 Loss dta_tv:  0.0299 Loss dta_proxy:  0.1966 Loss dta_trans:  0.0063 Loss dta_phys:  0.0070 Loss dta_preserve:  0.0046
Time:  0.0773 Epoch: 013 Iter:  600/ 600 LR: 0.0000383414 Loss content:  0.0168 Loss fft:  0.8343 Loss dta_rank:  0.6072 Loss dta_tv:  0.0306 Loss dta_proxy:  0.2149 Loss dta_trans:  0.0057 Loss dta_phys:  0.0065 Loss dta_preserve:  0.0043
EPOCH: 13
Elapsed time: 0.93 Epoch Pixel Loss:  0.0171 Epoch FFT Loss:  0.8145 Epoch DTA Rank:  0.6041 Epoch DTA TV:  0.0295 Epoch DTA Proxy:  0.2078 Epoch DTA Trans:  0.0057 Epoch DTA Phys:  0.0067 Epoch DTA Preserve:  0.0049
DTA_GATE_RAMP epoch=14 gate_limit=0.060000
Time:  0.0833 Epoch: 014 Iter:   50/ 600 LR: 0.0000297690 Loss content:  0.0175 Loss fft:  0.8229 Loss dta_rank:  0.6046 Loss dta_tv:  0.0286 Loss dta_proxy:  0.2163 Loss dta_trans:  0.0051 Loss dta_phys:  0.0065 Loss dta_preserve:  0.0055
Time:  0.0785 Epoch: 014 Iter:  100/ 600 LR: 0.0000297690 Loss content:  0.0168 Loss fft:  0.8069 Loss dta_rank:  0.6027 Loss dta_tv:  0.0286 Loss dta_proxy:  0.2149 Loss dta_trans:  0.0051 Loss dta_phys:  0.0070 Loss dta_preserve:  0.0048
Time:  0.0757 Epoch: 014 Iter:  150/ 600 LR: 0.0000297690 Loss content:  0.0170 Loss fft:  0.8326 Loss dta_rank:  0.6016 Loss dta_tv:  0.0292 Loss dta_proxy:  0.2116 Loss dta_trans:  0.0059 Loss dta_phys:  0.0074 Loss dta_preserve:  0.0042
Time:  0.0773 Epoch: 014 Iter:  200/ 600 LR: 0.0000297690 Loss content:  0.0173 Loss fft:  0.8245 Loss dta_rank:  0.6010 Loss dta_tv:  0.0295 Loss dta_proxy:  0.2013 Loss dta_trans:  0.0049 Loss dta_phys:  0.0063 Loss dta_preserve:  0.0061
Time:  0.0790 Epoch: 014 Iter:  250/ 600 LR: 0.0000297690 Loss content:  0.0172 Loss fft:  0.8199 Loss dta_rank:  0.6061 Loss dta_tv:  0.0293 Loss dta_proxy:  0.2033 Loss dta_trans:  0.0061 Loss dta_phys:  0.0064 Loss dta_preserve:  0.0052
Time:  0.0738 Epoch: 014 Iter:  300/ 600 LR: 0.0000297690 Loss content:  0.0173 Loss fft:  0.8288 Loss dta_rank:  0.6004 Loss dta_tv:  0.0290 Loss dta_proxy:  0.2077 Loss dta_trans:  0.0059 Loss dta_phys:  0.0069 Loss dta_preserve:  0.0049
Time:  0.0747 Epoch: 014 Iter:  350/ 600 LR: 0.0000297690 Loss content:  0.0167 Loss fft:  0.7994 Loss dta_rank:  0.6024 Loss dta_tv:  0.0299 Loss dta_proxy:  0.1995 Loss dta_trans:  0.0049 Loss dta_phys:  0.0065 Loss dta_preserve:  0.0059
Time:  0.0783 Epoch: 014 Iter:  400/ 600 LR: 0.0000297690 Loss content:  0.0166 Loss fft:  0.8284 Loss dta_rank:  0.6030 Loss dta_tv:  0.0295 Loss dta_proxy:  0.2124 Loss dta_trans:  0.0054 Loss dta_phys:  0.0076 Loss dta_preserve:  0.0045
Time:  0.0768 Epoch: 014 Iter:  450/ 600 LR: 0.0000297690 Loss content:  0.0177 Loss fft:  0.8100 Loss dta_rank:  0.5956 Loss dta_tv:  0.0297 Loss dta_proxy:  0.2061 Loss dta_trans:  0.0060 Loss dta_phys:  0.0065 Loss dta_preserve:  0.0058
Time:  0.0774 Epoch: 014 Iter:  500/ 600 LR: 0.0000297690 Loss content:  0.0167 Loss fft:  0.8188 Loss dta_rank:  0.6048 Loss dta_tv:  0.0293 Loss dta_proxy:  0.2112 Loss dta_trans:  0.0056 Loss dta_phys:  0.0068 Loss dta_preserve:  0.0040
Time:  0.0796 Epoch: 014 Iter:  550/ 600 LR: 0.0000297690 Loss content:  0.0174 Loss fft:  0.8194 Loss dta_rank:  0.6051 Loss dta_tv:  0.0290 Loss dta_proxy:  0.2172 Loss dta_trans:  0.0053 Loss dta_phys:  0.0072 Loss dta_preserve:  0.0049
Time:  0.0801 Epoch: 014 Iter:  600/ 600 LR: 0.0000297690 Loss content:  0.0176 Loss fft:  0.8199 Loss dta_rank:  0.6086 Loss dta_tv:  0.0290 Loss dta_proxy:  0.2177 Loss dta_trans:  0.0063 Loss dta_phys:  0.0069 Loss dta_preserve:  0.0060
EPOCH: 14
Elapsed time: 0.94 Epoch Pixel Loss:  0.0171 Epoch FFT Loss:  0.8193 Epoch DTA Rank:  0.6030 Epoch DTA TV:  0.0292 Epoch DTA Proxy:  0.2099 Epoch DTA Trans:  0.0056 Epoch DTA Phys:  0.0068 Epoch DTA Preserve:  0.0051
DTA_GATE_RAMP epoch=15 gate_limit=0.060000
Time:  0.0831 Epoch: 015 Iter:   50/ 600 LR: 0.0000219361 Loss content:  0.0168 Loss fft:  0.7966 Loss dta_rank:  0.6017 Loss dta_tv:  0.0299 Loss dta_proxy:  0.2035 Loss dta_trans:  0.0061 Loss dta_phys:  0.0066 Loss dta_preserve:  0.0045
Time:  0.0790 Epoch: 015 Iter:  100/ 600 LR: 0.0000219361 Loss content:  0.0170 Loss fft:  0.8014 Loss dta_rank:  0.6053 Loss dta_tv:  0.0292 Loss dta_proxy:  0.2077 Loss dta_trans:  0.0058 Loss dta_phys:  0.0066 Loss dta_preserve:  0.0043
Time:  0.0775 Epoch: 015 Iter:  150/ 600 LR: 0.0000219361 Loss content:  0.0173 Loss fft:  0.8412 Loss dta_rank:  0.6041 Loss dta_tv:  0.0288 Loss dta_proxy:  0.2162 Loss dta_trans:  0.0049 Loss dta_phys:  0.0063 Loss dta_preserve:  0.0053
Time:  0.0770 Epoch: 015 Iter:  200/ 600 LR: 0.0000219361 Loss content:  0.0167 Loss fft:  0.7917 Loss dta_rank:  0.6020 Loss dta_tv:  0.0295 Loss dta_proxy:  0.2059 Loss dta_trans:  0.0061 Loss dta_phys:  0.0061 Loss dta_preserve:  0.0046
Time:  0.0756 Epoch: 015 Iter:  250/ 600 LR: 0.0000219361 Loss content:  0.0167 Loss fft:  0.8191 Loss dta_rank:  0.6019 Loss dta_tv:  0.0299 Loss dta_proxy:  0.1979 Loss dta_trans:  0.0053 Loss dta_phys:  0.0064 Loss dta_preserve:  0.0049
Time:  0.0786 Epoch: 015 Iter:  300/ 600 LR: 0.0000219361 Loss content:  0.0174 Loss fft:  0.8481 Loss dta_rank:  0.6034 Loss dta_tv:  0.0293 Loss dta_proxy:  0.2027 Loss dta_trans:  0.0051 Loss dta_phys:  0.0065 Loss dta_preserve:  0.0043
Time:  0.0758 Epoch: 015 Iter:  350/ 600 LR: 0.0000219361 Loss content:  0.0173 Loss fft:  0.8191 Loss dta_rank:  0.6045 Loss dta_tv:  0.0298 Loss dta_proxy:  0.1965 Loss dta_trans:  0.0054 Loss dta_phys:  0.0068 Loss dta_preserve:  0.0044
Time:  0.0746 Epoch: 015 Iter:  400/ 600 LR: 0.0000219361 Loss content:  0.0166 Loss fft:  0.7967 Loss dta_rank:  0.6041 Loss dta_tv:  0.0296 Loss dta_proxy:  0.2068 Loss dta_trans:  0.0069 Loss dta_phys:  0.0069 Loss dta_preserve:  0.0053
Time:  0.0769 Epoch: 015 Iter:  450/ 600 LR: 0.0000219361 Loss content:  0.0170 Loss fft:  0.8155 Loss dta_rank:  0.6072 Loss dta_tv:  0.0288 Loss dta_proxy:  0.2083 Loss dta_trans:  0.0059 Loss dta_phys:  0.0063 Loss dta_preserve:  0.0046
Time:  0.0763 Epoch: 015 Iter:  500/ 600 LR: 0.0000219361 Loss content:  0.0174 Loss fft:  0.8038 Loss dta_rank:  0.6069 Loss dta_tv:  0.0285 Loss dta_proxy:  0.2183 Loss dta_trans:  0.0052 Loss dta_phys:  0.0074 Loss dta_preserve:  0.0047
Time:  0.0761 Epoch: 015 Iter:  550/ 600 LR: 0.0000219361 Loss content:  0.0177 Loss fft:  0.8242 Loss dta_rank:  0.6048 Loss dta_tv:  0.0290 Loss dta_proxy:  0.2140 Loss dta_trans:  0.0057 Loss dta_phys:  0.0073 Loss dta_preserve:  0.0056
Time:  0.0749 Epoch: 015 Iter:  600/ 600 LR: 0.0000219361 Loss content:  0.0174 Loss fft:  0.8383 Loss dta_rank:  0.6037 Loss dta_tv:  0.0294 Loss dta_proxy:  0.2092 Loss dta_trans:  0.0065 Loss dta_phys:  0.0063 Loss dta_preserve:  0.0052
EPOCH: 15
Elapsed time: 0.93 Epoch Pixel Loss:  0.0171 Epoch FFT Loss:  0.8163 Epoch DTA Rank:  0.6041 Epoch DTA TV:  0.0293 Epoch DTA Proxy:  0.2073 Epoch DTA Trans:  0.0057 Epoch DTA Phys:  0.0066 Epoch DTA Preserve:  0.0048
DTA_GATE_RAMP epoch=16 gate_limit=0.060000
Time:  0.0804 Epoch: 016 Iter:   50/ 600 LR: 0.0000151017 Loss content:  0.0175 Loss fft:  0.8468 Loss dta_rank:  0.5994 Loss dta_tv:  0.0295 Loss dta_proxy:  0.2110 Loss dta_trans:  0.0051 Loss dta_phys:  0.0071 Loss dta_preserve:  0.0067
Time:  0.0767 Epoch: 016 Iter:  100/ 600 LR: 0.0000151017 Loss content:  0.0165 Loss fft:  0.7989 Loss dta_rank:  0.6047 Loss dta_tv:  0.0292 Loss dta_proxy:  0.2111 Loss dta_trans:  0.0056 Loss dta_phys:  0.0065 Loss dta_preserve:  0.0050
Time:  0.0793 Epoch: 016 Iter:  150/ 600 LR: 0.0000151017 Loss content:  0.0174 Loss fft:  0.8132 Loss dta_rank:  0.6018 Loss dta_tv:  0.0286 Loss dta_proxy:  0.2201 Loss dta_trans:  0.0057 Loss dta_phys:  0.0070 Loss dta_preserve:  0.0051
Time:  0.0760 Epoch: 016 Iter:  200/ 600 LR: 0.0000151017 Loss content:  0.0175 Loss fft:  0.8048 Loss dta_rank:  0.6031 Loss dta_tv:  0.0293 Loss dta_proxy:  0.2060 Loss dta_trans:  0.0048 Loss dta_phys:  0.0071 Loss dta_preserve:  0.0047
Time:  0.0631 Epoch: 016 Iter:  250/ 600 LR: 0.0000151017 Loss content:  0.0170 Loss fft:  0.8145 Loss dta_rank:  0.6056 Loss dta_tv:  0.0293 Loss dta_proxy:  0.2026 Loss dta_trans:  0.0058 Loss dta_phys:  0.0070 Loss dta_preserve:  0.0056
Time:  0.0636 Epoch: 016 Iter:  300/ 600 LR: 0.0000151017 Loss content:  0.0166 Loss fft:  0.8059 Loss dta_rank:  0.6048 Loss dta_tv:  0.0294 Loss dta_proxy:  0.1992 Loss dta_trans:  0.0061 Loss dta_phys:  0.0066 Loss dta_preserve:  0.0043
Time:  0.0632 Epoch: 016 Iter:  350/ 600 LR: 0.0000151017 Loss content:  0.0178 Loss fft:  0.8320 Loss dta_rank:  0.6042 Loss dta_tv:  0.0274 Loss dta_proxy:  0.2332 Loss dta_trans:  0.0047 Loss dta_phys:  0.0066 Loss dta_preserve:  0.0069
Time:  0.0626 Epoch: 016 Iter:  400/ 600 LR: 0.0000151017 Loss content:  0.0176 Loss fft:  0.8419 Loss dta_rank:  0.6048 Loss dta_tv:  0.0292 Loss dta_proxy:  0.2055 Loss dta_trans:  0.0053 Loss dta_phys:  0.0060 Loss dta_preserve:  0.0057
Time:  0.0626 Epoch: 016 Iter:  450/ 600 LR: 0.0000151017 Loss content:  0.0166 Loss fft:  0.8082 Loss dta_rank:  0.6043 Loss dta_tv:  0.0294 Loss dta_proxy:  0.2024 Loss dta_trans:  0.0061 Loss dta_phys:  0.0065 Loss dta_preserve:  0.0055
Time:  0.0630 Epoch: 016 Iter:  500/ 600 LR: 0.0000151017 Loss content:  0.0171 Loss fft:  0.8084 Loss dta_rank:  0.5987 Loss dta_tv:  0.0295 Loss dta_proxy:  0.1987 Loss dta_trans:  0.0063 Loss dta_phys:  0.0068 Loss dta_preserve:  0.0053
Time:  0.0619 Epoch: 016 Iter:  550/ 600 LR: 0.0000151017 Loss content:  0.0173 Loss fft:  0.8111 Loss dta_rank:  0.6010 Loss dta_tv:  0.0285 Loss dta_proxy:  0.2065 Loss dta_trans:  0.0058 Loss dta_phys:  0.0067 Loss dta_preserve:  0.0052
Time:  0.0608 Epoch: 016 Iter:  600/ 600 LR: 0.0000151017 Loss content:  0.0171 Loss fft:  0.8158 Loss dta_rank:  0.6053 Loss dta_tv:  0.0296 Loss dta_proxy:  0.2028 Loss dta_trans:  0.0067 Loss dta_phys:  0.0073 Loss dta_preserve:  0.0043
EPOCH: 16
Elapsed time: 0.82 Epoch Pixel Loss:  0.0172 Epoch FFT Loss:  0.8168 Epoch DTA Rank:  0.6031 Epoch DTA TV:  0.0291 Epoch DTA Proxy:  0.2082 Epoch DTA Trans:  0.0057 Epoch DTA Phys:  0.0068 Epoch DTA Preserve:  0.0053
DTA_GATE_RAMP epoch=17 gate_limit=0.060000
Time:  0.0755 Epoch: 017 Iter:   50/ 600 LR: 0.0000094853 Loss content:  0.0165 Loss fft:  0.8090 Loss dta_rank:  0.6062 Loss dta_tv:  0.0287 Loss dta_proxy:  0.2145 Loss dta_trans:  0.0053 Loss dta_phys:  0.0066 Loss dta_preserve:  0.0040
Time:  0.0715 Epoch: 017 Iter:  100/ 600 LR: 0.0000094853 Loss content:  0.0168 Loss fft:  0.8278 Loss dta_rank:  0.6053 Loss dta_tv:  0.0292 Loss dta_proxy:  0.2054 Loss dta_trans:  0.0060 Loss dta_phys:  0.0067 Loss dta_preserve:  0.0058
Time:  0.0645 Epoch: 017 Iter:  150/ 600 LR: 0.0000094853 Loss content:  0.0171 Loss fft:  0.8122 Loss dta_rank:  0.6011 Loss dta_tv:  0.0286 Loss dta_proxy:  0.2159 Loss dta_trans:  0.0055 Loss dta_phys:  0.0070 Loss dta_preserve:  0.0054
Time:  0.0659 Epoch: 017 Iter:  200/ 600 LR: 0.0000094853 Loss content:  0.0169 Loss fft:  0.8420 Loss dta_rank:  0.6014 Loss dta_tv:  0.0299 Loss dta_proxy:  0.1957 Loss dta_trans:  0.0058 Loss dta_phys:  0.0067 Loss dta_preserve:  0.0057
Time:  0.0769 Epoch: 017 Iter:  250/ 600 LR: 0.0000094853 Loss content:  0.0174 Loss fft:  0.8435 Loss dta_rank:  0.6035 Loss dta_tv:  0.0288 Loss dta_proxy:  0.2080 Loss dta_trans:  0.0051 Loss dta_phys:  0.0064 Loss dta_preserve:  0.0062
Time:  0.0761 Epoch: 017 Iter:  300/ 600 LR: 0.0000094853 Loss content:  0.0165 Loss fft:  0.8050 Loss dta_rank:  0.6035 Loss dta_tv:  0.0294 Loss dta_proxy:  0.2085 Loss dta_trans:  0.0063 Loss dta_phys:  0.0065 Loss dta_preserve:  0.0058
Time:  0.0750 Epoch: 017 Iter:  350/ 600 LR: 0.0000094853 Loss content:  0.0178 Loss fft:  0.8315 Loss dta_rank:  0.6025 Loss dta_tv:  0.0280 Loss dta_proxy:  0.2200 Loss dta_trans:  0.0055 Loss dta_phys:  0.0068 Loss dta_preserve:  0.0063
Time:  0.0604 Epoch: 017 Iter:  400/ 600 LR: 0.0000094853 Loss content:  0.0168 Loss fft:  0.7922 Loss dta_rank:  0.6073 Loss dta_tv:  0.0293 Loss dta_proxy:  0.2074 Loss dta_trans:  0.0052 Loss dta_phys:  0.0069 Loss dta_preserve:  0.0048
Time:  0.0637 Epoch: 017 Iter:  450/ 600 LR: 0.0000094853 Loss content:  0.0171 Loss fft:  0.8139 Loss dta_rank:  0.6018 Loss dta_tv:  0.0292 Loss dta_proxy:  0.2071 Loss dta_trans:  0.0064 Loss dta_phys:  0.0064 Loss dta_preserve:  0.0069
Time:  0.0758 Epoch: 017 Iter:  500/ 600 LR: 0.0000094853 Loss content:  0.0179 Loss fft:  0.8518 Loss dta_rank:  0.6039 Loss dta_tv:  0.0288 Loss dta_proxy:  0.2128 Loss dta_trans:  0.0054 Loss dta_phys:  0.0071 Loss dta_preserve:  0.0058
Time:  0.0771 Epoch: 017 Iter:  550/ 600 LR: 0.0000094853 Loss content:  0.0168 Loss fft:  0.7974 Loss dta_rank:  0.6006 Loss dta_tv:  0.0294 Loss dta_proxy:  0.1976 Loss dta_trans:  0.0062 Loss dta_phys:  0.0066 Loss dta_preserve:  0.0052
Time:  0.0786 Epoch: 017 Iter:  600/ 600 LR: 0.0000094853 Loss content:  0.0172 Loss fft:  0.8203 Loss dta_rank:  0.6003 Loss dta_tv:  0.0287 Loss dta_proxy:  0.2078 Loss dta_trans:  0.0053 Loss dta_phys:  0.0069 Loss dta_preserve:  0.0067
EPOCH: 17
Elapsed time: 0.87 Epoch Pixel Loss:  0.0171 Epoch FFT Loss:  0.8205 Epoch DTA Rank:  0.6031 Epoch DTA TV:  0.0290 Epoch DTA Proxy:  0.2084 Epoch DTA Trans:  0.0057 Epoch DTA Phys:  0.0067 Epoch DTA Preserve:  0.0057
DTA_GATE_RAMP epoch=18 gate_limit=0.060000
Time:  0.0802 Epoch: 018 Iter:   50/ 600 LR: 0.0000052550 Loss content:  0.0173 Loss fft:  0.8353 Loss dta_rank:  0.5987 Loss dta_tv:  0.0298 Loss dta_proxy:  0.1984 Loss dta_trans:  0.0060 Loss dta_phys:  0.0068 Loss dta_preserve:  0.0063
Time:  0.0779 Epoch: 018 Iter:  100/ 600 LR: 0.0000052550 Loss content:  0.0181 Loss fft:  0.8684 Loss dta_rank:  0.6023 Loss dta_tv:  0.0292 Loss dta_proxy:  0.2035 Loss dta_trans:  0.0056 Loss dta_phys:  0.0065 Loss dta_preserve:  0.0073
Time:  0.0794 Epoch: 018 Iter:  150/ 600 LR: 0.0000052550 Loss content:  0.0171 Loss fft:  0.8065 Loss dta_rank:  0.6013 Loss dta_tv:  0.0300 Loss dta_proxy:  0.1947 Loss dta_trans:  0.0063 Loss dta_phys:  0.0061 Loss dta_preserve:  0.0048
Time:  0.0787 Epoch: 018 Iter:  200/ 600 LR: 0.0000052550 Loss content:  0.0163 Loss fft:  0.7922 Loss dta_rank:  0.6059 Loss dta_tv:  0.0292 Loss dta_proxy:  0.2030 Loss dta_trans:  0.0057 Loss dta_phys:  0.0068 Loss dta_preserve:  0.0041
Time:  0.0691 Epoch: 018 Iter:  250/ 600 LR: 0.0000052550 Loss content:  0.0171 Loss fft:  0.7948 Loss dta_rank:  0.6042 Loss dta_tv:  0.0287 Loss dta_proxy:  0.2086 Loss dta_trans:  0.0056 Loss dta_phys:  0.0073 Loss dta_preserve:  0.0048
Time:  0.0680 Epoch: 018 Iter:  300/ 600 LR: 0.0000052550 Loss content:  0.0170 Loss fft:  0.8217 Loss dta_rank:  0.6025 Loss dta_tv:  0.0283 Loss dta_proxy:  0.2096 Loss dta_trans:  0.0052 Loss dta_phys:  0.0065 Loss dta_preserve:  0.0040
Time:  0.0733 Epoch: 018 Iter:  350/ 600 LR: 0.0000052550 Loss content:  0.0171 Loss fft:  0.8105 Loss dta_rank:  0.6038 Loss dta_tv:  0.0288 Loss dta_proxy:  0.2139 Loss dta_trans:  0.0053 Loss dta_phys:  0.0064 Loss dta_preserve:  0.0052
Time:  0.0783 Epoch: 018 Iter:  400/ 600 LR: 0.0000052550 Loss content:  0.0168 Loss fft:  0.8057 Loss dta_rank:  0.6079 Loss dta_tv:  0.0294 Loss dta_proxy:  0.2051 Loss dta_trans:  0.0057 Loss dta_phys:  0.0074 Loss dta_preserve:  0.0051
Time:  0.0739 Epoch: 018 Iter:  450/ 600 LR: 0.0000052550 Loss content:  0.0168 Loss fft:  0.8145 Loss dta_rank:  0.5995 Loss dta_tv:  0.0298 Loss dta_proxy:  0.1940 Loss dta_trans:  0.0057 Loss dta_phys:  0.0075 Loss dta_preserve:  0.0056
Time:  0.0751 Epoch: 018 Iter:  500/ 600 LR: 0.0000052550 Loss content:  0.0169 Loss fft:  0.8160 Loss dta_rank:  0.6051 Loss dta_tv:  0.0284 Loss dta_proxy:  0.2178 Loss dta_trans:  0.0047 Loss dta_phys:  0.0067 Loss dta_preserve:  0.0043
Time:  0.0785 Epoch: 018 Iter:  550/ 600 LR: 0.0000052550 Loss content:  0.0176 Loss fft:  0.8419 Loss dta_rank:  0.5970 Loss dta_tv:  0.0288 Loss dta_proxy:  0.2066 Loss dta_trans:  0.0052 Loss dta_phys:  0.0073 Loss dta_preserve:  0.0045
Time:  0.0734 Epoch: 018 Iter:  600/ 600 LR: 0.0000052550 Loss content:  0.0165 Loss fft:  0.8055 Loss dta_rank:  0.6032 Loss dta_tv:  0.0283 Loss dta_proxy:  0.2133 Loss dta_trans:  0.0056 Loss dta_phys:  0.0066 Loss dta_preserve:  0.0047
EPOCH: 18
Elapsed time: 0.91 Epoch Pixel Loss:  0.0171 Epoch FFT Loss:  0.8178 Epoch DTA Rank:  0.6026 Epoch DTA TV:  0.0291 Epoch DTA Proxy:  0.2057 Epoch DTA Trans:  0.0055 Epoch DTA Phys:  0.0068 Epoch DTA Preserve:  0.0050
DTA_GATE_RAMP epoch=19 gate_limit=0.060000
Time:  0.0786 Epoch: 019 Iter:   50/ 600 LR: 0.0000025070 Loss content:  0.0170 Loss fft:  0.8193 Loss dta_rank:  0.6023 Loss dta_tv:  0.0289 Loss dta_proxy:  0.2137 Loss dta_trans:  0.0048 Loss dta_phys:  0.0073 Loss dta_preserve:  0.0045
Time:  0.0737 Epoch: 019 Iter:  100/ 600 LR: 0.0000025070 Loss content:  0.0166 Loss fft:  0.8266 Loss dta_rank:  0.6025 Loss dta_tv:  0.0299 Loss dta_proxy:  0.1935 Loss dta_trans:  0.0061 Loss dta_phys:  0.0062 Loss dta_preserve:  0.0050
Time:  0.0743 Epoch: 019 Iter:  150/ 600 LR: 0.0000025070 Loss content:  0.0173 Loss fft:  0.8393 Loss dta_rank:  0.6041 Loss dta_tv:  0.0297 Loss dta_proxy:  0.2077 Loss dta_trans:  0.0066 Loss dta_phys:  0.0067 Loss dta_preserve:  0.0052
Time:  0.0756 Epoch: 019 Iter:  200/ 600 LR: 0.0000025070 Loss content:  0.0172 Loss fft:  0.8315 Loss dta_rank:  0.6009 Loss dta_tv:  0.0285 Loss dta_proxy:  0.2151 Loss dta_trans:  0.0058 Loss dta_phys:  0.0071 Loss dta_preserve:  0.0060
Time:  0.0758 Epoch: 019 Iter:  250/ 600 LR: 0.0000025070 Loss content:  0.0168 Loss fft:  0.7788 Loss dta_rank:  0.6053 Loss dta_tv:  0.0290 Loss dta_proxy:  0.2028 Loss dta_trans:  0.0052 Loss dta_phys:  0.0068 Loss dta_preserve:  0.0059
Time:  0.0791 Epoch: 019 Iter:  300/ 600 LR: 0.0000025070 Loss content:  0.0172 Loss fft:  0.8223 Loss dta_rank:  0.5979 Loss dta_tv:  0.0286 Loss dta_proxy:  0.2067 Loss dta_trans:  0.0050 Loss dta_phys:  0.0065 Loss dta_preserve:  0.0053
Time:  0.0740 Epoch: 019 Iter:  350/ 600 LR: 0.0000025070 Loss content:  0.0169 Loss fft:  0.8285 Loss dta_rank:  0.6004 Loss dta_tv:  0.0293 Loss dta_proxy:  0.1985 Loss dta_trans:  0.0048 Loss dta_phys:  0.0061 Loss dta_preserve:  0.0043
Time:  0.0769 Epoch: 019 Iter:  400/ 600 LR: 0.0000025070 Loss content:  0.0174 Loss fft:  0.8173 Loss dta_rank:  0.6033 Loss dta_tv:  0.0284 Loss dta_proxy:  0.2078 Loss dta_trans:  0.0057 Loss dta_phys:  0.0070 Loss dta_preserve:  0.0046
Time:  0.0751 Epoch: 019 Iter:  450/ 600 LR: 0.0000025070 Loss content:  0.0172 Loss fft:  0.8246 Loss dta_rank:  0.6010 Loss dta_tv:  0.0281 Loss dta_proxy:  0.2189 Loss dta_trans:  0.0049 Loss dta_phys:  0.0063 Loss dta_preserve:  0.0060
Time:  0.0750 Epoch: 019 Iter:  500/ 600 LR: 0.0000025070 Loss content:  0.0170 Loss fft:  0.8254 Loss dta_rank:  0.5949 Loss dta_tv:  0.0291 Loss dta_proxy:  0.2015 Loss dta_trans:  0.0050 Loss dta_phys:  0.0071 Loss dta_preserve:  0.0043
Time:  0.0754 Epoch: 019 Iter:  550/ 600 LR: 0.0000025070 Loss content:  0.0168 Loss fft:  0.8477 Loss dta_rank:  0.5983 Loss dta_tv:  0.0298 Loss dta_proxy:  0.2006 Loss dta_trans:  0.0062 Loss dta_phys:  0.0064 Loss dta_preserve:  0.0049
Time:  0.0710 Epoch: 019 Iter:  600/ 600 LR: 0.0000025070 Loss content:  0.0170 Loss fft:  0.8052 Loss dta_rank:  0.6018 Loss dta_tv:  0.0291 Loss dta_proxy:  0.2061 Loss dta_trans:  0.0057 Loss dta_phys:  0.0075 Loss dta_preserve:  0.0049
EPOCH: 19
Elapsed time: 0.91 Epoch Pixel Loss:  0.0170 Epoch FFT Loss:  0.8222 Epoch DTA Rank:  0.6011 Epoch DTA TV:  0.0290 Epoch DTA Proxy:  0.2061 Epoch DTA Trans:  0.0055 Epoch DTA Phys:  0.0068 Epoch DTA Preserve:  0.0051
DTA_GATE_RAMP epoch=20 gate_limit=0.060000
Time:  0.0823 Epoch: 020 Iter:   50/ 600 LR: 0.0000012125 Loss content:  0.0167 Loss fft:  0.7874 Loss dta_rank:  0.6031 Loss dta_tv:  0.0292 Loss dta_proxy:  0.2103 Loss dta_trans:  0.0059 Loss dta_phys:  0.0065 Loss dta_preserve:  0.0045
Time:  0.0805 Epoch: 020 Iter:  100/ 600 LR: 0.0000012125 Loss content:  0.0169 Loss fft:  0.7949 Loss dta_rank:  0.6025 Loss dta_tv:  0.0286 Loss dta_proxy:  0.2119 Loss dta_trans:  0.0055 Loss dta_phys:  0.0073 Loss dta_preserve:  0.0063
Time:  0.0814 Epoch: 020 Iter:  150/ 600 LR: 0.0000012125 Loss content:  0.0170 Loss fft:  0.8044 Loss dta_rank:  0.6036 Loss dta_tv:  0.0280 Loss dta_proxy:  0.2136 Loss dta_trans:  0.0057 Loss dta_phys:  0.0071 Loss dta_preserve:  0.0050
Time:  0.0784 Epoch: 020 Iter:  200/ 600 LR: 0.0000012125 Loss content:  0.0173 Loss fft:  0.8224 Loss dta_rank:  0.6035 Loss dta_tv:  0.0283 Loss dta_proxy:  0.2122 Loss dta_trans:  0.0053 Loss dta_phys:  0.0073 Loss dta_preserve:  0.0053
Time:  0.0772 Epoch: 020 Iter:  250/ 600 LR: 0.0000012125 Loss content:  0.0173 Loss fft:  0.8178 Loss dta_rank:  0.6027 Loss dta_tv:  0.0291 Loss dta_proxy:  0.2009 Loss dta_trans:  0.0050 Loss dta_phys:  0.0068 Loss dta_preserve:  0.0056
Time:  0.0772 Epoch: 020 Iter:  300/ 600 LR: 0.0000012125 Loss content:  0.0174 Loss fft:  0.8236 Loss dta_rank:  0.6047 Loss dta_tv:  0.0287 Loss dta_proxy:  0.2091 Loss dta_trans:  0.0051 Loss dta_phys:  0.0071 Loss dta_preserve:  0.0040
Time:  0.0809 Epoch: 020 Iter:  350/ 600 LR: 0.0000012125 Loss content:  0.0177 Loss fft:  0.8592 Loss dta_rank:  0.6066 Loss dta_tv:  0.0293 Loss dta_proxy:  0.2096 Loss dta_trans:  0.0057 Loss dta_phys:  0.0068 Loss dta_preserve:  0.0047
Time:  0.0775 Epoch: 020 Iter:  400/ 600 LR: 0.0000012125 Loss content:  0.0179 Loss fft:  0.8723 Loss dta_rank:  0.6000 Loss dta_tv:  0.0295 Loss dta_proxy:  0.2110 Loss dta_trans:  0.0061 Loss dta_phys:  0.0062 Loss dta_preserve:  0.0055
Time:  0.0782 Epoch: 020 Iter:  450/ 600 LR: 0.0000012125 Loss content:  0.0173 Loss fft:  0.8056 Loss dta_rank:  0.6014 Loss dta_tv:  0.0290 Loss dta_proxy:  0.2115 Loss dta_trans:  0.0056 Loss dta_phys:  0.0064 Loss dta_preserve:  0.0087
Time:  0.0792 Epoch: 020 Iter:  500/ 600 LR: 0.0000012125 Loss content:  0.0170 Loss fft:  0.8209 Loss dta_rank:  0.6066 Loss dta_tv:  0.0291 Loss dta_proxy:  0.2049 Loss dta_trans:  0.0066 Loss dta_phys:  0.0070 Loss dta_preserve:  0.0053
Time:  0.0681 Epoch: 020 Iter:  550/ 600 LR: 0.0000012125 Loss content:  0.0176 Loss fft:  0.8357 Loss dta_rank:  0.6090 Loss dta_tv:  0.0289 Loss dta_proxy:  0.2226 Loss dta_trans:  0.0048 Loss dta_phys:  0.0067 Loss dta_preserve:  0.0055
Time:  0.0693 Epoch: 020 Iter:  600/ 600 LR: 0.0000012125 Loss content:  0.0164 Loss fft:  0.7724 Loss dta_rank:  0.6075 Loss dta_tv:  0.0280 Loss dta_proxy:  0.2229 Loss dta_trans:  0.0051 Loss dta_phys:  0.0066 Loss dta_preserve:  0.0049
EPOCH: 20
Elapsed time: 0.94 Epoch Pixel Loss:  0.0172 Epoch FFT Loss:  0.8180 Epoch DTA Rank:  0.6043 Epoch DTA TV:  0.0288 Epoch DTA Proxy:  0.2117 Epoch DTA Trans:  0.0055 Epoch DTA Phys:  0.0068 Epoch DTA Preserve:  0.0054
