Namespace(model_name='ConvIR-Haze4K-DTA-v2-adapter_only-invert-seed3407-f4-oof20', data='Haze4K', version='base', fam_mode='original', arch='dta_v2', seed=3407, mode='train', data_dir='/sda/home/wangyuxin/ConvIR-B/datasets/Haze4K/Haze4K', batch_size=4, learning_rate=0.0001, weight_decay=0.0, num_epoch=20, stop_epoch=20, print_freq=50, num_worker=4, save_freq=5, valid_freq=9999, mod_stats_freq=5, mod_stats_batches=16, grad_clip_norm=0.001, dta_grad_clip_norm=0.05, dta_neighbor_grad_clip_norm=0.005, init_model='/sda/home/wangyuxin/ConvIR-B/checkpoints/official/Haze4K/haze4k-base.pkl', init_model_partial=True, partial_new_prefixes='DTA.', resume='', train_scope='adapter_only', dta_depth_cache_dir='/sda/home/wangyuxin/ConvIR-B/depth_cache/depth_anything_v2_small_hf', dta_train_depth_split='train', dta_eval_depth_split='train', valid_root_split='train', eval_root_split='test', dta_require_depth=True, dta_variant='v2', dta_depth_mode='invert', dta_prior_channels=32, dta_gate_bias=-6.0, dta_gate_limit=0.06, dta_gamma_limit=0.12, dta_beta_limit=0.06, dta_alpha_init=1.0, dta_confidence_floor=0.25, dta_confidence_local_scale=6.0, dta_output_residual_scale=0.03, dta_use_trans_gt=True, dta_trans_weight=0.02, dta_phys_weight=0.005, dta_preserve_weight=0.02, dta_preserve_trans_thresh=0.8, dta_gate_ramp_start=0.01, dta_gate_ramp_mid=0.03, dta_gate_ramp_end=0.06, dta_gate_ramp_warmup_epochs=2, dta_gate_ramp_mid_epochs=8, dta_rank_weight=0.001, dta_tv_weight=0.0001, dta_proxy_weight=0.0, dta_rank_pairs=512, dta_rank_min_depth_gap=0.03, split_json='/sda/home/wangyuxin/ConvIR-B/repos/ConvIR-B-dta-v2-calibrated/experience_docx/experiment_logs/haze4k_dta_v2_calibrated_20260611/dta_v2_haze4k_oof_splits_seed3407.json', split_name='fold4_train', test_model='', save_image=False, leaning_rate=0.0001, model_save_dir='results/ConvIR-Haze4K-DTA-v2-adapter_only-invert-seed3407-f4-oof20/Training-Results/', result_dir='results/ConvIR-Haze4K-DTA-v2-adapter_only-invert-seed3407-f4-oof20/images/Haze4K', init_model_sha256='6f42037d57a4e3de3a10ac0ab909d66a3415864a19433c29204a975f4efa4088')
/sda/home/wangyuxin/ConvIR-B/repos/ConvIR-B-dta-v2-calibrated/Dehazing/ITS/main.py:14: FutureWarning: You are using `torch.load` with `weights_only=False` (the current default value), which uses the default pickle module implicitly. It is possible to construct malicious pickle data which will execute arbitrary code during unpickling (See https://github.com/pytorch/pytorch/blob/main/SECURITY.md#untrusted-models for more details). In a future release, the default value for `weights_only` will be flipped to `True`. This limits the functions that could be executed during unpickling. Arbitrary objects will no longer be allowed to be loaded via this mode unless they are explicitly allowlisted by the user via `torch.serialization.add_safe_globals`. We recommend you start setting `weights_only=True` for any use case where you don't have full control of the loaded file. Please open an issue on GitHub for any issues related to this experimental feature.
  state = torch.load(path, map_location=map_location)
INIT_MODEL_PARTIAL_LOAD path=/sda/home/wangyuxin/ConvIR-B/checkpoints/official/Haze4K/haze4k-base.pkl loaded=602 missing_allowed=25 unexpected=[] allowed_new_prefixes=('DTA.',)
TRAIN_SCOPE scope=adapter_only arch=dta_v2 trainable=74699 total=8705364
/sda/home/wangyuxin/ConvIR-B/envs/convir-cu121/lib/python3.10/site-packages/torch/optim/lr_scheduler.py:224: UserWarning: Detected call of `lr_scheduler.step()` before `optimizer.step()`. In PyTorch 1.1.0 and later, you should call them in the opposite order: `optimizer.step()` before `lr_scheduler.step()`.  Failure to do this will result in PyTorch skipping the first value of the learning rate schedule. See more details at https://pytorch.org/docs/stable/optim.html#how-to-adjust-learning-rate
  warnings.warn(
DTA_GATE_RAMP epoch=1 gate_limit=0.010000
Time:  0.0915 Epoch: 001 Iter:   50/ 600 LR: 0.0000333333 Loss content:  0.0186 Loss fft:  0.8401 Loss dta_rank:  0.6937 Loss dta_tv:  0.0040 Loss dta_proxy:  0.1175 Loss dta_trans:  0.0395 Loss dta_phys:  0.0073 Loss dta_preserve:  0.0072
Time:  0.0704 Epoch: 001 Iter:  100/ 600 LR: 0.0000333333 Loss content:  0.0168 Loss fft:  0.8002 Loss dta_rank:  0.6926 Loss dta_tv:  0.0108 Loss dta_proxy:  0.1328 Loss dta_trans:  0.0313 Loss dta_phys:  0.0100 Loss dta_preserve:  0.0066
Time:  0.0739 Epoch: 001 Iter:  150/ 600 LR: 0.0000333333 Loss content:  0.0171 Loss fft:  0.8117 Loss dta_rank:  0.6874 Loss dta_tv:  0.0151 Loss dta_proxy:  0.1553 Loss dta_trans:  0.0288 Loss dta_phys:  0.0108 Loss dta_preserve:  0.0058
Time:  0.0723 Epoch: 001 Iter:  200/ 600 LR: 0.0000333333 Loss content:  0.0172 Loss fft:  0.8099 Loss dta_rank:  0.6789 Loss dta_tv:  0.0193 Loss dta_proxy:  0.1617 Loss dta_trans:  0.0257 Loss dta_phys:  0.0104 Loss dta_preserve:  0.0052
Time:  0.0708 Epoch: 001 Iter:  250/ 600 LR: 0.0000333333 Loss content:  0.0170 Loss fft:  0.8292 Loss dta_rank:  0.6671 Loss dta_tv:  0.0245 Loss dta_proxy:  0.1606 Loss dta_trans:  0.0230 Loss dta_phys:  0.0091 Loss dta_preserve:  0.0051
Time:  0.0744 Epoch: 001 Iter:  300/ 600 LR: 0.0000333333 Loss content:  0.0176 Loss fft:  0.8391 Loss dta_rank:  0.6579 Loss dta_tv:  0.0293 Loss dta_proxy:  0.1744 Loss dta_trans:  0.0170 Loss dta_phys:  0.0080 Loss dta_preserve:  0.0048
Time:  0.0746 Epoch: 001 Iter:  350/ 600 LR: 0.0000333333 Loss content:  0.0175 Loss fft:  0.8145 Loss dta_rank:  0.6484 Loss dta_tv:  0.0331 Loss dta_proxy:  0.1734 Loss dta_trans:  0.0151 Loss dta_phys:  0.0080 Loss dta_preserve:  0.0055
Time:  0.0728 Epoch: 001 Iter:  400/ 600 LR: 0.0000333333 Loss content:  0.0170 Loss fft:  0.8523 Loss dta_rank:  0.6383 Loss dta_tv:  0.0371 Loss dta_proxy:  0.1911 Loss dta_trans:  0.0141 Loss dta_phys:  0.0076 Loss dta_preserve:  0.0057
Time:  0.0738 Epoch: 001 Iter:  450/ 600 LR: 0.0000333333 Loss content:  0.0174 Loss fft:  0.8271 Loss dta_rank:  0.6344 Loss dta_tv:  0.0373 Loss dta_proxy:  0.1911 Loss dta_trans:  0.0132 Loss dta_phys:  0.0070 Loss dta_preserve:  0.0052
Time:  0.0732 Epoch: 001 Iter:  500/ 600 LR: 0.0000333333 Loss content:  0.0172 Loss fft:  0.8135 Loss dta_rank:  0.6297 Loss dta_tv:  0.0390 Loss dta_proxy:  0.1963 Loss dta_trans:  0.0116 Loss dta_phys:  0.0077 Loss dta_preserve:  0.0064
Time:  0.0687 Epoch: 001 Iter:  550/ 600 LR: 0.0000333333 Loss content:  0.0171 Loss fft:  0.8129 Loss dta_rank:  0.6295 Loss dta_tv:  0.0395 Loss dta_proxy:  0.2093 Loss dta_trans:  0.0128 Loss dta_phys:  0.0091 Loss dta_preserve:  0.0052
Time:  0.0708 Epoch: 001 Iter:  600/ 600 LR: 0.0000333333 Loss content:  0.0173 Loss fft:  0.8159 Loss dta_rank:  0.6275 Loss dta_tv:  0.0395 Loss dta_proxy:  0.2006 Loss dta_trans:  0.0118 Loss dta_phys:  0.0069 Loss dta_preserve:  0.0054
EPOCH: 01
Elapsed time: 0.89 Epoch Pixel Loss:  0.0173 Epoch FFT Loss:  0.8222 Epoch DTA Rank:  0.6571 Epoch DTA TV:  0.0274 Epoch DTA Proxy:  0.1720 Epoch DTA Trans:  0.0203 Epoch DTA Phys:  0.0085 Epoch DTA Preserve:  0.0057
DTA_GATE_RAMP epoch=2 gate_limit=0.010000
Time:  0.0821 Epoch: 002 Iter:   50/ 600 LR: 0.0000666667 Loss content:  0.0173 Loss fft:  0.8430 Loss dta_rank:  0.6278 Loss dta_tv:  0.0395 Loss dta_proxy:  0.2114 Loss dta_trans:  0.0102 Loss dta_phys:  0.0074 Loss dta_preserve:  0.0058
Time:  0.0773 Epoch: 002 Iter:  100/ 600 LR: 0.0000666667 Loss content:  0.0169 Loss fft:  0.8191 Loss dta_rank:  0.6231 Loss dta_tv:  0.0388 Loss dta_proxy:  0.2100 Loss dta_trans:  0.0100 Loss dta_phys:  0.0066 Loss dta_preserve:  0.0042
Time:  0.0773 Epoch: 002 Iter:  150/ 600 LR: 0.0000666667 Loss content:  0.0179 Loss fft:  0.8174 Loss dta_rank:  0.6309 Loss dta_tv:  0.0366 Loss dta_proxy:  0.2358 Loss dta_trans:  0.0099 Loss dta_phys:  0.0085 Loss dta_preserve:  0.0048
Time:  0.0773 Epoch: 002 Iter:  200/ 600 LR: 0.0000666667 Loss content:  0.0162 Loss fft:  0.7950 Loss dta_rank:  0.6212 Loss dta_tv:  0.0392 Loss dta_proxy:  0.1940 Loss dta_trans:  0.0110 Loss dta_phys:  0.0077 Loss dta_preserve:  0.0045
Time:  0.0815 Epoch: 002 Iter:  250/ 600 LR: 0.0000666667 Loss content:  0.0171 Loss fft:  0.8155 Loss dta_rank:  0.6224 Loss dta_tv:  0.0388 Loss dta_proxy:  0.2017 Loss dta_trans:  0.0101 Loss dta_phys:  0.0071 Loss dta_preserve:  0.0041
Time:  0.0744 Epoch: 002 Iter:  300/ 600 LR: 0.0000666667 Loss content:  0.0173 Loss fft:  0.8290 Loss dta_rank:  0.6228 Loss dta_tv:  0.0376 Loss dta_proxy:  0.2185 Loss dta_trans:  0.0093 Loss dta_phys:  0.0071 Loss dta_preserve:  0.0049
Time:  0.0787 Epoch: 002 Iter:  350/ 600 LR: 0.0000666667 Loss content:  0.0174 Loss fft:  0.8286 Loss dta_rank:  0.6211 Loss dta_tv:  0.0381 Loss dta_proxy:  0.2078 Loss dta_trans:  0.0090 Loss dta_phys:  0.0066 Loss dta_preserve:  0.0041
Time:  0.0648 Epoch: 002 Iter:  400/ 600 LR: 0.0000666667 Loss content:  0.0165 Loss fft:  0.8142 Loss dta_rank:  0.6177 Loss dta_tv:  0.0390 Loss dta_proxy:  0.2021 Loss dta_trans:  0.0099 Loss dta_phys:  0.0067 Loss dta_preserve:  0.0043
Time:  0.0777 Epoch: 002 Iter:  450/ 600 LR: 0.0000666667 Loss content:  0.0165 Loss fft:  0.8032 Loss dta_rank:  0.6216 Loss dta_tv:  0.0377 Loss dta_proxy:  0.2088 Loss dta_trans:  0.0094 Loss dta_phys:  0.0059 Loss dta_preserve:  0.0040
Time:  0.0811 Epoch: 002 Iter:  500/ 600 LR: 0.0000666667 Loss content:  0.0172 Loss fft:  0.8295 Loss dta_rank:  0.6177 Loss dta_tv:  0.0373 Loss dta_proxy:  0.2127 Loss dta_trans:  0.0080 Loss dta_phys:  0.0066 Loss dta_preserve:  0.0051
Time:  0.0780 Epoch: 002 Iter:  550/ 600 LR: 0.0000666667 Loss content:  0.0169 Loss fft:  0.8097 Loss dta_rank:  0.6160 Loss dta_tv:  0.0380 Loss dta_proxy:  0.2081 Loss dta_trans:  0.0083 Loss dta_phys:  0.0072 Loss dta_preserve:  0.0047
Time:  0.0780 Epoch: 002 Iter:  600/ 600 LR: 0.0000666667 Loss content:  0.0172 Loss fft:  0.8231 Loss dta_rank:  0.6132 Loss dta_tv:  0.0380 Loss dta_proxy:  0.2163 Loss dta_trans:  0.0077 Loss dta_phys:  0.0069 Loss dta_preserve:  0.0057
EPOCH: 02
Elapsed time: 0.93 Epoch Pixel Loss:  0.0170 Epoch FFT Loss:  0.8189 Epoch DTA Rank:  0.6213 Epoch DTA TV:  0.0382 Epoch DTA Proxy:  0.2106 Epoch DTA Trans:  0.0094 Epoch DTA Phys:  0.0070 Epoch DTA Preserve:  0.0047
DTA_GATE_RAMP epoch=3 gate_limit=0.030000
Time:  0.0821 Epoch: 003 Iter:   50/ 600 LR: 0.0001000000 Loss content:  0.0172 Loss fft:  0.8189 Loss dta_rank:  0.6131 Loss dta_tv:  0.0366 Loss dta_proxy:  0.2122 Loss dta_trans:  0.0079 Loss dta_phys:  0.0073 Loss dta_preserve:  0.0050
Time:  0.0785 Epoch: 003 Iter:  100/ 600 LR: 0.0001000000 Loss content:  0.0180 Loss fft:  0.8314 Loss dta_rank:  0.6174 Loss dta_tv:  0.0365 Loss dta_proxy:  0.2203 Loss dta_trans:  0.0079 Loss dta_phys:  0.0070 Loss dta_preserve:  0.0050
Time:  0.0776 Epoch: 003 Iter:  150/ 600 LR: 0.0001000000 Loss content:  0.0174 Loss fft:  0.8173 Loss dta_rank:  0.6156 Loss dta_tv:  0.0362 Loss dta_proxy:  0.2221 Loss dta_trans:  0.0073 Loss dta_phys:  0.0065 Loss dta_preserve:  0.0053
Time:  0.0693 Epoch: 003 Iter:  200/ 600 LR: 0.0001000000 Loss content:  0.0171 Loss fft:  0.8140 Loss dta_rank:  0.6117 Loss dta_tv:  0.0377 Loss dta_proxy:  0.2066 Loss dta_trans:  0.0089 Loss dta_phys:  0.0069 Loss dta_preserve:  0.0057
Time:  0.0648 Epoch: 003 Iter:  250/ 600 LR: 0.0001000000 Loss content:  0.0168 Loss fft:  0.8234 Loss dta_rank:  0.6116 Loss dta_tv:  0.0355 Loss dta_proxy:  0.2149 Loss dta_trans:  0.0069 Loss dta_phys:  0.0067 Loss dta_preserve:  0.0049
Time:  0.0658 Epoch: 003 Iter:  300/ 600 LR: 0.0001000000 Loss content:  0.0168 Loss fft:  0.8010 Loss dta_rank:  0.6185 Loss dta_tv:  0.0370 Loss dta_proxy:  0.2096 Loss dta_trans:  0.0076 Loss dta_phys:  0.0064 Loss dta_preserve:  0.0050
Time:  0.0640 Epoch: 003 Iter:  350/ 600 LR: 0.0001000000 Loss content:  0.0177 Loss fft:  0.8477 Loss dta_rank:  0.6119 Loss dta_tv:  0.0370 Loss dta_proxy:  0.2199 Loss dta_trans:  0.0068 Loss dta_phys:  0.0064 Loss dta_preserve:  0.0052
Time:  0.0700 Epoch: 003 Iter:  400/ 600 LR: 0.0001000000 Loss content:  0.0170 Loss fft:  0.8165 Loss dta_rank:  0.6145 Loss dta_tv:  0.0355 Loss dta_proxy:  0.2211 Loss dta_trans:  0.0073 Loss dta_phys:  0.0066 Loss dta_preserve:  0.0049
Time:  0.0742 Epoch: 003 Iter:  450/ 600 LR: 0.0001000000 Loss content:  0.0172 Loss fft:  0.8383 Loss dta_rank:  0.6124 Loss dta_tv:  0.0357 Loss dta_proxy:  0.2069 Loss dta_trans:  0.0074 Loss dta_phys:  0.0065 Loss dta_preserve:  0.0046
Time:  0.0679 Epoch: 003 Iter:  500/ 600 LR: 0.0001000000 Loss content:  0.0169 Loss fft:  0.7950 Loss dta_rank:  0.6109 Loss dta_tv:  0.0367 Loss dta_proxy:  0.2023 Loss dta_trans:  0.0080 Loss dta_phys:  0.0068 Loss dta_preserve:  0.0039
Time:  0.0777 Epoch: 003 Iter:  550/ 600 LR: 0.0001000000 Loss content:  0.0174 Loss fft:  0.8078 Loss dta_rank:  0.6095 Loss dta_tv:  0.0357 Loss dta_proxy:  0.2086 Loss dta_trans:  0.0081 Loss dta_phys:  0.0072 Loss dta_preserve:  0.0052
Time:  0.0733 Epoch: 003 Iter:  600/ 600 LR: 0.0001000000 Loss content:  0.0177 Loss fft:  0.8185 Loss dta_rank:  0.6109 Loss dta_tv:  0.0360 Loss dta_proxy:  0.2081 Loss dta_trans:  0.0075 Loss dta_phys:  0.0074 Loss dta_preserve:  0.0055
EPOCH: 03
Elapsed time: 0.87 Epoch Pixel Loss:  0.0173 Epoch FFT Loss:  0.8192 Epoch DTA Rank:  0.6132 Epoch DTA TV:  0.0364 Epoch DTA Proxy:  0.2127 Epoch DTA Trans:  0.0076 Epoch DTA Phys:  0.0068 Epoch DTA Preserve:  0.0050
/sda/home/wangyuxin/ConvIR-B/envs/convir-cu121/lib/python3.10/site-packages/torch/optim/lr_scheduler.py:1087: UserWarning: To get the last learning rate computed by the scheduler, please use `get_last_lr()`.
  _warn_get_lr_called_within_step(self)
DTA_GATE_RAMP epoch=4 gate_limit=0.030000
Time:  0.0813 Epoch: 004 Iter:   50/ 600 LR: 0.0001000000 Loss content:  0.0168 Loss fft:  0.7964 Loss dta_rank:  0.6123 Loss dta_tv:  0.0346 Loss dta_proxy:  0.2180 Loss dta_trans:  0.0056 Loss dta_phys:  0.0065 Loss dta_preserve:  0.0049
Time:  0.0759 Epoch: 004 Iter:  100/ 600 LR: 0.0001000000 Loss content:  0.0163 Loss fft:  0.8006 Loss dta_rank:  0.6069 Loss dta_tv:  0.0364 Loss dta_proxy:  0.2046 Loss dta_trans:  0.0076 Loss dta_phys:  0.0073 Loss dta_preserve:  0.0039
Time:  0.0745 Epoch: 004 Iter:  150/ 600 LR: 0.0001000000 Loss content:  0.0172 Loss fft:  0.8134 Loss dta_rank:  0.6083 Loss dta_tv:  0.0351 Loss dta_proxy:  0.2143 Loss dta_trans:  0.0064 Loss dta_phys:  0.0067 Loss dta_preserve:  0.0050
Time:  0.0766 Epoch: 004 Iter:  200/ 600 LR: 0.0001000000 Loss content:  0.0173 Loss fft:  0.8189 Loss dta_rank:  0.6069 Loss dta_tv:  0.0346 Loss dta_proxy:  0.2104 Loss dta_trans:  0.0054 Loss dta_phys:  0.0062 Loss dta_preserve:  0.0089
Time:  0.0804 Epoch: 004 Iter:  250/ 600 LR: 0.0001000000 Loss content:  0.0187 Loss fft:  0.8491 Loss dta_rank:  0.6074 Loss dta_tv:  0.0338 Loss dta_proxy:  0.2272 Loss dta_trans:  0.0062 Loss dta_phys:  0.0069 Loss dta_preserve:  0.0077
Time:  0.0768 Epoch: 004 Iter:  300/ 600 LR: 0.0001000000 Loss content:  0.0172 Loss fft:  0.8080 Loss dta_rank:  0.6045 Loss dta_tv:  0.0352 Loss dta_proxy:  0.2009 Loss dta_trans:  0.0074 Loss dta_phys:  0.0068 Loss dta_preserve:  0.0041
Time:  0.0803 Epoch: 004 Iter:  350/ 600 LR: 0.0001000000 Loss content:  0.0173 Loss fft:  0.8349 Loss dta_rank:  0.6123 Loss dta_tv:  0.0345 Loss dta_proxy:  0.2054 Loss dta_trans:  0.0076 Loss dta_phys:  0.0068 Loss dta_preserve:  0.0048
Time:  0.0757 Epoch: 004 Iter:  400/ 600 LR: 0.0001000000 Loss content:  0.0168 Loss fft:  0.8181 Loss dta_rank:  0.6139 Loss dta_tv:  0.0351 Loss dta_proxy:  0.2044 Loss dta_trans:  0.0083 Loss dta_phys:  0.0066 Loss dta_preserve:  0.0042
Time:  0.0785 Epoch: 004 Iter:  450/ 600 LR: 0.0001000000 Loss content:  0.0171 Loss fft:  0.8450 Loss dta_rank:  0.6035 Loss dta_tv:  0.0342 Loss dta_proxy:  0.2096 Loss dta_trans:  0.0069 Loss dta_phys:  0.0065 Loss dta_preserve:  0.0057
Time:  0.0772 Epoch: 004 Iter:  500/ 600 LR: 0.0001000000 Loss content:  0.0176 Loss fft:  0.8159 Loss dta_rank:  0.6124 Loss dta_tv:  0.0332 Loss dta_proxy:  0.2174 Loss dta_trans:  0.0076 Loss dta_phys:  0.0071 Loss dta_preserve:  0.0052
Time:  0.0800 Epoch: 004 Iter:  550/ 600 LR: 0.0001000000 Loss content:  0.0171 Loss fft:  0.8241 Loss dta_rank:  0.6039 Loss dta_tv:  0.0340 Loss dta_proxy:  0.2044 Loss dta_trans:  0.0066 Loss dta_phys:  0.0064 Loss dta_preserve:  0.0060
Time:  0.0746 Epoch: 004 Iter:  600/ 600 LR: 0.0001000000 Loss content:  0.0168 Loss fft:  0.8204 Loss dta_rank:  0.6117 Loss dta_tv:  0.0338 Loss dta_proxy:  0.2069 Loss dta_trans:  0.0053 Loss dta_phys:  0.0060 Loss dta_preserve:  0.0046
EPOCH: 04
Elapsed time: 0.93 Epoch Pixel Loss:  0.0172 Epoch FFT Loss:  0.8204 Epoch DTA Rank:  0.6087 Epoch DTA TV:  0.0345 Epoch DTA Proxy:  0.2103 Epoch DTA Trans:  0.0067 Epoch DTA Phys:  0.0066 Epoch DTA Preserve:  0.0054
DTA_GATE_RAMP epoch=5 gate_limit=0.030000
Time:  0.0751 Epoch: 005 Iter:   50/ 600 LR: 0.0000983215 Loss content:  0.0172 Loss fft:  0.8188 Loss dta_rank:  0.6099 Loss dta_tv:  0.0332 Loss dta_proxy:  0.2291 Loss dta_trans:  0.0064 Loss dta_phys:  0.0068 Loss dta_preserve:  0.0046
Time:  0.0753 Epoch: 005 Iter:  100/ 600 LR: 0.0000983215 Loss content:  0.0175 Loss fft:  0.8274 Loss dta_rank:  0.6038 Loss dta_tv:  0.0331 Loss dta_proxy:  0.2135 Loss dta_trans:  0.0059 Loss dta_phys:  0.0072 Loss dta_preserve:  0.0052
Time:  0.0689 Epoch: 005 Iter:  150/ 600 LR: 0.0000983215 Loss content:  0.0171 Loss fft:  0.8159 Loss dta_rank:  0.6050 Loss dta_tv:  0.0332 Loss dta_proxy:  0.2214 Loss dta_trans:  0.0067 Loss dta_phys:  0.0067 Loss dta_preserve:  0.0064
Time:  0.0666 Epoch: 005 Iter:  200/ 600 LR: 0.0000983215 Loss content:  0.0171 Loss fft:  0.8029 Loss dta_rank:  0.6076 Loss dta_tv:  0.0328 Loss dta_proxy:  0.2123 Loss dta_trans:  0.0066 Loss dta_phys:  0.0068 Loss dta_preserve:  0.0080
Time:  0.0727 Epoch: 005 Iter:  250/ 600 LR: 0.0000983215 Loss content:  0.0169 Loss fft:  0.8101 Loss dta_rank:  0.6072 Loss dta_tv:  0.0335 Loss dta_proxy:  0.2058 Loss dta_trans:  0.0065 Loss dta_phys:  0.0071 Loss dta_preserve:  0.0058
Time:  0.0762 Epoch: 005 Iter:  300/ 600 LR: 0.0000983215 Loss content:  0.0163 Loss fft:  0.8046 Loss dta_rank:  0.6104 Loss dta_tv:  0.0338 Loss dta_proxy:  0.2080 Loss dta_trans:  0.0068 Loss dta_phys:  0.0064 Loss dta_preserve:  0.0040
Time:  0.0791 Epoch: 005 Iter:  350/ 600 LR: 0.0000983215 Loss content:  0.0179 Loss fft:  0.8373 Loss dta_rank:  0.6070 Loss dta_tv:  0.0332 Loss dta_proxy:  0.2098 Loss dta_trans:  0.0073 Loss dta_phys:  0.0074 Loss dta_preserve:  0.0056
Time:  0.0780 Epoch: 005 Iter:  400/ 600 LR: 0.0000983215 Loss content:  0.0165 Loss fft:  0.8168 Loss dta_rank:  0.6053 Loss dta_tv:  0.0329 Loss dta_proxy:  0.2114 Loss dta_trans:  0.0057 Loss dta_phys:  0.0067 Loss dta_preserve:  0.0053
Time:  0.0764 Epoch: 005 Iter:  450/ 600 LR: 0.0000983215 Loss content:  0.0169 Loss fft:  0.8172 Loss dta_rank:  0.6055 Loss dta_tv:  0.0337 Loss dta_proxy:  0.1968 Loss dta_trans:  0.0068 Loss dta_phys:  0.0062 Loss dta_preserve:  0.0049
Time:  0.0775 Epoch: 005 Iter:  500/ 600 LR: 0.0000983215 Loss content:  0.0173 Loss fft:  0.8209 Loss dta_rank:  0.6082 Loss dta_tv:  0.0315 Loss dta_proxy:  0.2197 Loss dta_trans:  0.0061 Loss dta_phys:  0.0064 Loss dta_preserve:  0.0046
Time:  0.0779 Epoch: 005 Iter:  550/ 600 LR: 0.0000983215 Loss content:  0.0178 Loss fft:  0.8392 Loss dta_rank:  0.6052 Loss dta_tv:  0.0319 Loss dta_proxy:  0.2112 Loss dta_trans:  0.0062 Loss dta_phys:  0.0059 Loss dta_preserve:  0.0049
Time:  0.0759 Epoch: 005 Iter:  600/ 600 LR: 0.0000983215 Loss content:  0.0168 Loss fft:  0.8323 Loss dta_rank:  0.6056 Loss dta_tv:  0.0322 Loss dta_proxy:  0.2209 Loss dta_trans:  0.0063 Loss dta_phys:  0.0072 Loss dta_preserve:  0.0046
EPOCH: 05
Elapsed time: 0.90 Epoch Pixel Loss:  0.0171 Epoch FFT Loss:  0.8203 Epoch DTA Rank:  0.6067 Epoch DTA TV:  0.0329 Epoch DTA Proxy:  0.2133 Epoch DTA Trans:  0.0064 Epoch DTA Phys:  0.0067 Epoch DTA Preserve:  0.0053
DTA_GATE_RAMP epoch=6 gate_limit=0.030000
Time:  0.0809 Epoch: 006 Iter:   50/ 600 LR: 0.0000942212 Loss content:  0.0170 Loss fft:  0.8076 Loss dta_rank:  0.6058 Loss dta_tv:  0.0323 Loss dta_proxy:  0.2073 Loss dta_trans:  0.0057 Loss dta_phys:  0.0063 Loss dta_preserve:  0.0050
Time:  0.0759 Epoch: 006 Iter:  100/ 600 LR: 0.0000942212 Loss content:  0.0170 Loss fft:  0.8088 Loss dta_rank:  0.6037 Loss dta_tv:  0.0318 Loss dta_proxy:  0.2200 Loss dta_trans:  0.0060 Loss dta_phys:  0.0066 Loss dta_preserve:  0.0057
Time:  0.0779 Epoch: 006 Iter:  150/ 600 LR: 0.0000942212 Loss content:  0.0171 Loss fft:  0.8000 Loss dta_rank:  0.6091 Loss dta_tv:  0.0330 Loss dta_proxy:  0.2116 Loss dta_trans:  0.0064 Loss dta_phys:  0.0070 Loss dta_preserve:  0.0055
Time:  0.0749 Epoch: 006 Iter:  200/ 600 LR: 0.0000942212 Loss content:  0.0176 Loss fft:  0.8499 Loss dta_rank:  0.6047 Loss dta_tv:  0.0323 Loss dta_proxy:  0.2125 Loss dta_trans:  0.0063 Loss dta_phys:  0.0067 Loss dta_preserve:  0.0048
Time:  0.0762 Epoch: 006 Iter:  250/ 600 LR: 0.0000942212 Loss content:  0.0178 Loss fft:  0.8320 Loss dta_rank:  0.6087 Loss dta_tv:  0.0331 Loss dta_proxy:  0.2096 Loss dta_trans:  0.0070 Loss dta_phys:  0.0065 Loss dta_preserve:  0.0045
Time:  0.0768 Epoch: 006 Iter:  300/ 600 LR: 0.0000942212 Loss content:  0.0171 Loss fft:  0.8161 Loss dta_rank:  0.6089 Loss dta_tv:  0.0313 Loss dta_proxy:  0.2123 Loss dta_trans:  0.0057 Loss dta_phys:  0.0062 Loss dta_preserve:  0.0047
Time:  0.0799 Epoch: 006 Iter:  350/ 600 LR: 0.0000942212 Loss content:  0.0181 Loss fft:  0.8334 Loss dta_rank:  0.6052 Loss dta_tv:  0.0315 Loss dta_proxy:  0.2220 Loss dta_trans:  0.0068 Loss dta_phys:  0.0075 Loss dta_preserve:  0.0066
Time:  0.0794 Epoch: 006 Iter:  400/ 600 LR: 0.0000942212 Loss content:  0.0175 Loss fft:  0.8129 Loss dta_rank:  0.6020 Loss dta_tv:  0.0310 Loss dta_proxy:  0.2153 Loss dta_trans:  0.0058 Loss dta_phys:  0.0067 Loss dta_preserve:  0.0051
Time:  0.0787 Epoch: 006 Iter:  450/ 600 LR: 0.0000942212 Loss content:  0.0168 Loss fft:  0.8244 Loss dta_rank:  0.6067 Loss dta_tv:  0.0325 Loss dta_proxy:  0.2013 Loss dta_trans:  0.0068 Loss dta_phys:  0.0062 Loss dta_preserve:  0.0050
Time:  0.0800 Epoch: 006 Iter:  500/ 600 LR: 0.0000942212 Loss content:  0.0170 Loss fft:  0.8109 Loss dta_rank:  0.6071 Loss dta_tv:  0.0313 Loss dta_proxy:  0.2228 Loss dta_trans:  0.0057 Loss dta_phys:  0.0071 Loss dta_preserve:  0.0051
Time:  0.0795 Epoch: 006 Iter:  550/ 600 LR: 0.0000942212 Loss content:  0.0172 Loss fft:  0.8502 Loss dta_rank:  0.6030 Loss dta_tv:  0.0315 Loss dta_proxy:  0.2059 Loss dta_trans:  0.0058 Loss dta_phys:  0.0067 Loss dta_preserve:  0.0050
Time:  0.0772 Epoch: 006 Iter:  600/ 600 LR: 0.0000942212 Loss content:  0.0174 Loss fft:  0.8079 Loss dta_rank:  0.6055 Loss dta_tv:  0.0301 Loss dta_proxy:  0.2230 Loss dta_trans:  0.0054 Loss dta_phys:  0.0075 Loss dta_preserve:  0.0060
EPOCH: 06
Elapsed time: 0.94 Epoch Pixel Loss:  0.0173 Epoch FFT Loss:  0.8212 Epoch DTA Rank:  0.6059 Epoch DTA TV:  0.0318 Epoch DTA Proxy:  0.2136 Epoch DTA Trans:  0.0061 Epoch DTA Phys:  0.0067 Epoch DTA Preserve:  0.0052
DTA_GATE_RAMP epoch=7 gate_limit=0.030000
Time:  0.0817 Epoch: 007 Iter:   50/ 600 LR: 0.0000886874 Loss content:  0.0169 Loss fft:  0.7957 Loss dta_rank:  0.6059 Loss dta_tv:  0.0317 Loss dta_proxy:  0.2127 Loss dta_trans:  0.0065 Loss dta_phys:  0.0066 Loss dta_preserve:  0.0056
Time:  0.0732 Epoch: 007 Iter:  100/ 600 LR: 0.0000886874 Loss content:  0.0164 Loss fft:  0.8060 Loss dta_rank:  0.6083 Loss dta_tv:  0.0314 Loss dta_proxy:  0.2128 Loss dta_trans:  0.0070 Loss dta_phys:  0.0070 Loss dta_preserve:  0.0049
Time:  0.0748 Epoch: 007 Iter:  150/ 600 LR: 0.0000886874 Loss content:  0.0164 Loss fft:  0.7981 Loss dta_rank:  0.6034 Loss dta_tv:  0.0318 Loss dta_proxy:  0.1979 Loss dta_trans:  0.0061 Loss dta_phys:  0.0069 Loss dta_preserve:  0.0054
Time:  0.0765 Epoch: 007 Iter:  200/ 600 LR: 0.0000886874 Loss content:  0.0170 Loss fft:  0.8394 Loss dta_rank:  0.6068 Loss dta_tv:  0.0321 Loss dta_proxy:  0.2109 Loss dta_trans:  0.0063 Loss dta_phys:  0.0065 Loss dta_preserve:  0.0048
Time:  0.0788 Epoch: 007 Iter:  250/ 600 LR: 0.0000886874 Loss content:  0.0175 Loss fft:  0.8385 Loss dta_rank:  0.6053 Loss dta_tv:  0.0311 Loss dta_proxy:  0.2218 Loss dta_trans:  0.0062 Loss dta_phys:  0.0058 Loss dta_preserve:  0.0062
Time:  0.0755 Epoch: 007 Iter:  300/ 600 LR: 0.0000886874 Loss content:  0.0174 Loss fft:  0.8202 Loss dta_rank:  0.6023 Loss dta_tv:  0.0314 Loss dta_proxy:  0.2065 Loss dta_trans:  0.0064 Loss dta_phys:  0.0066 Loss dta_preserve:  0.0061
Time:  0.0770 Epoch: 007 Iter:  350/ 600 LR: 0.0000886874 Loss content:  0.0175 Loss fft:  0.8151 Loss dta_rank:  0.6016 Loss dta_tv:  0.0312 Loss dta_proxy:  0.2163 Loss dta_trans:  0.0061 Loss dta_phys:  0.0069 Loss dta_preserve:  0.0055
Time:  0.0767 Epoch: 007 Iter:  400/ 600 LR: 0.0000886874 Loss content:  0.0174 Loss fft:  0.8319 Loss dta_rank:  0.6048 Loss dta_tv:  0.0309 Loss dta_proxy:  0.2107 Loss dta_trans:  0.0056 Loss dta_phys:  0.0067 Loss dta_preserve:  0.0047
Time:  0.0779 Epoch: 007 Iter:  450/ 600 LR: 0.0000886874 Loss content:  0.0176 Loss fft:  0.8377 Loss dta_rank:  0.6097 Loss dta_tv:  0.0311 Loss dta_proxy:  0.2223 Loss dta_trans:  0.0061 Loss dta_phys:  0.0065 Loss dta_preserve:  0.0062
Time:  0.0795 Epoch: 007 Iter:  500/ 600 LR: 0.0000886874 Loss content:  0.0177 Loss fft:  0.8281 Loss dta_rank:  0.6077 Loss dta_tv:  0.0302 Loss dta_proxy:  0.2209 Loss dta_trans:  0.0057 Loss dta_phys:  0.0071 Loss dta_preserve:  0.0049
Time:  0.0780 Epoch: 007 Iter:  550/ 600 LR: 0.0000886874 Loss content:  0.0169 Loss fft:  0.8275 Loss dta_rank:  0.6051 Loss dta_tv:  0.0307 Loss dta_proxy:  0.2178 Loss dta_trans:  0.0059 Loss dta_phys:  0.0077 Loss dta_preserve:  0.0059
Time:  0.0722 Epoch: 007 Iter:  600/ 600 LR: 0.0000886874 Loss content:  0.0168 Loss fft:  0.8107 Loss dta_rank:  0.6074 Loss dta_tv:  0.0302 Loss dta_proxy:  0.2156 Loss dta_trans:  0.0063 Loss dta_phys:  0.0067 Loss dta_preserve:  0.0044
EPOCH: 07
Elapsed time: 0.93 Epoch Pixel Loss:  0.0171 Epoch FFT Loss:  0.8207 Epoch DTA Rank:  0.6057 Epoch DTA TV:  0.0311 Epoch DTA Proxy:  0.2139 Epoch DTA Trans:  0.0062 Epoch DTA Phys:  0.0068 Epoch DTA Preserve:  0.0054
DTA_GATE_RAMP epoch=8 gate_limit=0.030000
Time:  0.0816 Epoch: 008 Iter:   50/ 600 LR: 0.0000819070 Loss content:  0.0171 Loss fft:  0.8019 Loss dta_rank:  0.6064 Loss dta_tv:  0.0298 Loss dta_proxy:  0.2120 Loss dta_trans:  0.0054 Loss dta_phys:  0.0065 Loss dta_preserve:  0.0051
Time:  0.0767 Epoch: 008 Iter:  100/ 600 LR: 0.0000819070 Loss content:  0.0172 Loss fft:  0.8082 Loss dta_rank:  0.6055 Loss dta_tv:  0.0305 Loss dta_proxy:  0.2156 Loss dta_trans:  0.0063 Loss dta_phys:  0.0067 Loss dta_preserve:  0.0066
Time:  0.0745 Epoch: 008 Iter:  150/ 600 LR: 0.0000819070 Loss content:  0.0179 Loss fft:  0.8611 Loss dta_rank:  0.6068 Loss dta_tv:  0.0293 Loss dta_proxy:  0.2213 Loss dta_trans:  0.0056 Loss dta_phys:  0.0074 Loss dta_preserve:  0.0054
Time:  0.0772 Epoch: 008 Iter:  200/ 600 LR: 0.0000819070 Loss content:  0.0176 Loss fft:  0.8181 Loss dta_rank:  0.6028 Loss dta_tv:  0.0312 Loss dta_proxy:  0.1986 Loss dta_trans:  0.0066 Loss dta_phys:  0.0067 Loss dta_preserve:  0.0053
Time:  0.0756 Epoch: 008 Iter:  250/ 600 LR: 0.0000819070 Loss content:  0.0163 Loss fft:  0.7974 Loss dta_rank:  0.6042 Loss dta_tv:  0.0311 Loss dta_proxy:  0.2049 Loss dta_trans:  0.0062 Loss dta_phys:  0.0076 Loss dta_preserve:  0.0049
Time:  0.0778 Epoch: 008 Iter:  300/ 600 LR: 0.0000819070 Loss content:  0.0171 Loss fft:  0.8137 Loss dta_rank:  0.5999 Loss dta_tv:  0.0308 Loss dta_proxy:  0.1995 Loss dta_trans:  0.0065 Loss dta_phys:  0.0067 Loss dta_preserve:  0.0069
Time:  0.0775 Epoch: 008 Iter:  350/ 600 LR: 0.0000819070 Loss content:  0.0167 Loss fft:  0.7942 Loss dta_rank:  0.6030 Loss dta_tv:  0.0301 Loss dta_proxy:  0.2169 Loss dta_trans:  0.0053 Loss dta_phys:  0.0065 Loss dta_preserve:  0.0052
Time:  0.0754 Epoch: 008 Iter:  400/ 600 LR: 0.0000819070 Loss content:  0.0171 Loss fft:  0.8382 Loss dta_rank:  0.6099 Loss dta_tv:  0.0299 Loss dta_proxy:  0.2183 Loss dta_trans:  0.0065 Loss dta_phys:  0.0067 Loss dta_preserve:  0.0049
Time:  0.0769 Epoch: 008 Iter:  450/ 600 LR: 0.0000819070 Loss content:  0.0174 Loss fft:  0.8307 Loss dta_rank:  0.6005 Loss dta_tv:  0.0305 Loss dta_proxy:  0.2055 Loss dta_trans:  0.0064 Loss dta_phys:  0.0072 Loss dta_preserve:  0.0047
Time:  0.0754 Epoch: 008 Iter:  500/ 600 LR: 0.0000819070 Loss content:  0.0163 Loss fft:  0.7984 Loss dta_rank:  0.6039 Loss dta_tv:  0.0303 Loss dta_proxy:  0.2096 Loss dta_trans:  0.0055 Loss dta_phys:  0.0059 Loss dta_preserve:  0.0051
Time:  0.0695 Epoch: 008 Iter:  550/ 600 LR: 0.0000819070 Loss content:  0.0174 Loss fft:  0.8459 Loss dta_rank:  0.6068 Loss dta_tv:  0.0305 Loss dta_proxy:  0.2176 Loss dta_trans:  0.0057 Loss dta_phys:  0.0072 Loss dta_preserve:  0.0060
Time:  0.0762 Epoch: 008 Iter:  600/ 600 LR: 0.0000819070 Loss content:  0.0174 Loss fft:  0.8550 Loss dta_rank:  0.6020 Loss dta_tv:  0.0310 Loss dta_proxy:  0.2053 Loss dta_trans:  0.0051 Loss dta_phys:  0.0061 Loss dta_preserve:  0.0052
EPOCH: 08
Elapsed time: 0.92 Epoch Pixel Loss:  0.0171 Epoch FFT Loss:  0.8219 Epoch DTA Rank:  0.6043 Epoch DTA TV:  0.0304 Epoch DTA Proxy:  0.2104 Epoch DTA Trans:  0.0059 Epoch DTA Phys:  0.0068 Epoch DTA Preserve:  0.0054
DTA_GATE_RAMP epoch=9 gate_limit=0.060000
Time:  0.0812 Epoch: 009 Iter:   50/ 600 LR: 0.0000741093 Loss content:  0.0181 Loss fft:  0.8187 Loss dta_rank:  0.6035 Loss dta_tv:  0.0287 Loss dta_proxy:  0.2225 Loss dta_trans:  0.0051 Loss dta_phys:  0.0065 Loss dta_preserve:  0.0051
Time:  0.0740 Epoch: 009 Iter:  100/ 600 LR: 0.0000741093 Loss content:  0.0182 Loss fft:  0.8764 Loss dta_rank:  0.6055 Loss dta_tv:  0.0313 Loss dta_proxy:  0.1983 Loss dta_trans:  0.0061 Loss dta_phys:  0.0064 Loss dta_preserve:  0.0053
Time:  0.0775 Epoch: 009 Iter:  150/ 600 LR: 0.0000741093 Loss content:  0.0170 Loss fft:  0.8275 Loss dta_rank:  0.6036 Loss dta_tv:  0.0310 Loss dta_proxy:  0.2026 Loss dta_trans:  0.0054 Loss dta_phys:  0.0076 Loss dta_preserve:  0.0063
Time:  0.0782 Epoch: 009 Iter:  200/ 600 LR: 0.0000741093 Loss content:  0.0170 Loss fft:  0.8071 Loss dta_rank:  0.6042 Loss dta_tv:  0.0306 Loss dta_proxy:  0.2073 Loss dta_trans:  0.0062 Loss dta_phys:  0.0061 Loss dta_preserve:  0.0046
Time:  0.0764 Epoch: 009 Iter:  250/ 600 LR: 0.0000741093 Loss content:  0.0172 Loss fft:  0.8066 Loss dta_rank:  0.6037 Loss dta_tv:  0.0292 Loss dta_proxy:  0.2256 Loss dta_trans:  0.0062 Loss dta_phys:  0.0070 Loss dta_preserve:  0.0048
Time:  0.0697 Epoch: 009 Iter:  300/ 600 LR: 0.0000741093 Loss content:  0.0165 Loss fft:  0.7869 Loss dta_rank:  0.6103 Loss dta_tv:  0.0294 Loss dta_proxy:  0.2186 Loss dta_trans:  0.0067 Loss dta_phys:  0.0072 Loss dta_preserve:  0.0048
Time:  0.0746 Epoch: 009 Iter:  350/ 600 LR: 0.0000741093 Loss content:  0.0170 Loss fft:  0.8207 Loss dta_rank:  0.6077 Loss dta_tv:  0.0297 Loss dta_proxy:  0.2158 Loss dta_trans:  0.0062 Loss dta_phys:  0.0067 Loss dta_preserve:  0.0051
Time:  0.0768 Epoch: 009 Iter:  400/ 600 LR: 0.0000741093 Loss content:  0.0175 Loss fft:  0.8303 Loss dta_rank:  0.6039 Loss dta_tv:  0.0301 Loss dta_proxy:  0.2014 Loss dta_trans:  0.0061 Loss dta_phys:  0.0071 Loss dta_preserve:  0.0051
Time:  0.0755 Epoch: 009 Iter:  450/ 600 LR: 0.0000741093 Loss content:  0.0170 Loss fft:  0.8173 Loss dta_rank:  0.6079 Loss dta_tv:  0.0296 Loss dta_proxy:  0.2105 Loss dta_trans:  0.0047 Loss dta_phys:  0.0056 Loss dta_preserve:  0.0037
Time:  0.0776 Epoch: 009 Iter:  500/ 600 LR: 0.0000741093 Loss content:  0.0171 Loss fft:  0.8208 Loss dta_rank:  0.6065 Loss dta_tv:  0.0294 Loss dta_proxy:  0.2193 Loss dta_trans:  0.0058 Loss dta_phys:  0.0066 Loss dta_preserve:  0.0049
Time:  0.0770 Epoch: 009 Iter:  550/ 600 LR: 0.0000741093 Loss content:  0.0178 Loss fft:  0.8200 Loss dta_rank:  0.6060 Loss dta_tv:  0.0296 Loss dta_proxy:  0.2161 Loss dta_trans:  0.0057 Loss dta_phys:  0.0073 Loss dta_preserve:  0.0038
Time:  0.0784 Epoch: 009 Iter:  600/ 600 LR: 0.0000741093 Loss content:  0.0174 Loss fft:  0.8383 Loss dta_rank:  0.6078 Loss dta_tv:  0.0295 Loss dta_proxy:  0.2040 Loss dta_trans:  0.0060 Loss dta_phys:  0.0070 Loss dta_preserve:  0.0046
EPOCH: 09
Elapsed time: 0.92 Epoch Pixel Loss:  0.0173 Epoch FFT Loss:  0.8226 Epoch DTA Rank:  0.6059 Epoch DTA TV:  0.0298 Epoch DTA Proxy:  0.2118 Epoch DTA Trans:  0.0059 Epoch DTA Phys:  0.0068 Epoch DTA Preserve:  0.0048
DTA_GATE_RAMP epoch=10 gate_limit=0.060000
Time:  0.0788 Epoch: 010 Iter:   50/ 600 LR: 0.0000655580 Loss content:  0.0167 Loss fft:  0.8080 Loss dta_rank:  0.6042 Loss dta_tv:  0.0300 Loss dta_proxy:  0.2114 Loss dta_trans:  0.0061 Loss dta_phys:  0.0067 Loss dta_preserve:  0.0048
Time:  0.0777 Epoch: 010 Iter:  100/ 600 LR: 0.0000655580 Loss content:  0.0172 Loss fft:  0.8093 Loss dta_rank:  0.6042 Loss dta_tv:  0.0298 Loss dta_proxy:  0.2127 Loss dta_trans:  0.0054 Loss dta_phys:  0.0070 Loss dta_preserve:  0.0048
Time:  0.0783 Epoch: 010 Iter:  150/ 600 LR: 0.0000655580 Loss content:  0.0173 Loss fft:  0.8046 Loss dta_rank:  0.5999 Loss dta_tv:  0.0292 Loss dta_proxy:  0.2168 Loss dta_trans:  0.0060 Loss dta_phys:  0.0064 Loss dta_preserve:  0.0055
Time:  0.0782 Epoch: 010 Iter:  200/ 600 LR: 0.0000655580 Loss content:  0.0171 Loss fft:  0.8146 Loss dta_rank:  0.6065 Loss dta_tv:  0.0294 Loss dta_proxy:  0.2177 Loss dta_trans:  0.0063 Loss dta_phys:  0.0068 Loss dta_preserve:  0.0047
Time:  0.0773 Epoch: 010 Iter:  250/ 600 LR: 0.0000655580 Loss content:  0.0174 Loss fft:  0.7942 Loss dta_rank:  0.6080 Loss dta_tv:  0.0295 Loss dta_proxy:  0.2111 Loss dta_trans:  0.0062 Loss dta_phys:  0.0071 Loss dta_preserve:  0.0041
Time:  0.0795 Epoch: 010 Iter:  300/ 600 LR: 0.0000655580 Loss content:  0.0168 Loss fft:  0.8375 Loss dta_rank:  0.6023 Loss dta_tv:  0.0296 Loss dta_proxy:  0.2059 Loss dta_trans:  0.0065 Loss dta_phys:  0.0064 Loss dta_preserve:  0.0050
Time:  0.0807 Epoch: 010 Iter:  350/ 600 LR: 0.0000655580 Loss content:  0.0171 Loss fft:  0.8178 Loss dta_rank:  0.6082 Loss dta_tv:  0.0291 Loss dta_proxy:  0.2184 Loss dta_trans:  0.0052 Loss dta_phys:  0.0069 Loss dta_preserve:  0.0042
Time:  0.0798 Epoch: 010 Iter:  400/ 600 LR: 0.0000655580 Loss content:  0.0169 Loss fft:  0.8408 Loss dta_rank:  0.6005 Loss dta_tv:  0.0304 Loss dta_proxy:  0.2022 Loss dta_trans:  0.0054 Loss dta_phys:  0.0058 Loss dta_preserve:  0.0049
Time:  0.0776 Epoch: 010 Iter:  450/ 600 LR: 0.0000655580 Loss content:  0.0169 Loss fft:  0.8375 Loss dta_rank:  0.6067 Loss dta_tv:  0.0301 Loss dta_proxy:  0.2061 Loss dta_trans:  0.0066 Loss dta_phys:  0.0068 Loss dta_preserve:  0.0057
Time:  0.0799 Epoch: 010 Iter:  500/ 600 LR: 0.0000655580 Loss content:  0.0171 Loss fft:  0.8140 Loss dta_rank:  0.6006 Loss dta_tv:  0.0292 Loss dta_proxy:  0.2012 Loss dta_trans:  0.0050 Loss dta_phys:  0.0069 Loss dta_preserve:  0.0051
Time:  0.0809 Epoch: 010 Iter:  550/ 600 LR: 0.0000655580 Loss content:  0.0170 Loss fft:  0.8268 Loss dta_rank:  0.6054 Loss dta_tv:  0.0292 Loss dta_proxy:  0.2141 Loss dta_trans:  0.0058 Loss dta_phys:  0.0066 Loss dta_preserve:  0.0042
Time:  0.0789 Epoch: 010 Iter:  600/ 600 LR: 0.0000655580 Loss content:  0.0176 Loss fft:  0.8116 Loss dta_rank:  0.6096 Loss dta_tv:  0.0294 Loss dta_proxy:  0.2106 Loss dta_trans:  0.0065 Loss dta_phys:  0.0068 Loss dta_preserve:  0.0044
EPOCH: 10
Elapsed time: 0.95 Epoch Pixel Loss:  0.0171 Epoch FFT Loss:  0.8181 Epoch DTA Rank:  0.6047 Epoch DTA TV:  0.0296 Epoch DTA Proxy:  0.2107 Epoch DTA Trans:  0.0059 Epoch DTA Phys:  0.0067 Epoch DTA Preserve:  0.0048
DTA_GATE_RAMP epoch=11 gate_limit=0.060000
Time:  0.0761 Epoch: 011 Iter:   50/ 600 LR: 0.0000565424 Loss content:  0.0167 Loss fft:  0.8104 Loss dta_rank:  0.6043 Loss dta_tv:  0.0297 Loss dta_proxy:  0.2012 Loss dta_trans:  0.0058 Loss dta_phys:  0.0068 Loss dta_preserve:  0.0065
Time:  0.0698 Epoch: 011 Iter:  100/ 600 LR: 0.0000565424 Loss content:  0.0170 Loss fft:  0.8265 Loss dta_rank:  0.6068 Loss dta_tv:  0.0288 Loss dta_proxy:  0.2217 Loss dta_trans:  0.0049 Loss dta_phys:  0.0063 Loss dta_preserve:  0.0067
Time:  0.0617 Epoch: 011 Iter:  150/ 600 LR: 0.0000565424 Loss content:  0.0162 Loss fft:  0.7836 Loss dta_rank:  0.6056 Loss dta_tv:  0.0301 Loss dta_proxy:  0.2021 Loss dta_trans:  0.0067 Loss dta_phys:  0.0074 Loss dta_preserve:  0.0054
Time:  0.0768 Epoch: 011 Iter:  200/ 600 LR: 0.0000565424 Loss content:  0.0160 Loss fft:  0.7860 Loss dta_rank:  0.6050 Loss dta_tv:  0.0300 Loss dta_proxy:  0.1983 Loss dta_trans:  0.0058 Loss dta_phys:  0.0063 Loss dta_preserve:  0.0058
Time:  0.0789 Epoch: 011 Iter:  250/ 600 LR: 0.0000565424 Loss content:  0.0171 Loss fft:  0.8444 Loss dta_rank:  0.6042 Loss dta_tv:  0.0303 Loss dta_proxy:  0.1939 Loss dta_trans:  0.0061 Loss dta_phys:  0.0070 Loss dta_preserve:  0.0084
Time:  0.0789 Epoch: 011 Iter:  300/ 600 LR: 0.0000565424 Loss content:  0.0182 Loss fft:  0.8296 Loss dta_rank:  0.6038 Loss dta_tv:  0.0297 Loss dta_proxy:  0.2034 Loss dta_trans:  0.0056 Loss dta_phys:  0.0068 Loss dta_preserve:  0.0061
Time:  0.0717 Epoch: 011 Iter:  350/ 600 LR: 0.0000565424 Loss content:  0.0171 Loss fft:  0.8240 Loss dta_rank:  0.6064 Loss dta_tv:  0.0289 Loss dta_proxy:  0.2142 Loss dta_trans:  0.0055 Loss dta_phys:  0.0066 Loss dta_preserve:  0.0054
Time:  0.0764 Epoch: 011 Iter:  400/ 600 LR: 0.0000565424 Loss content:  0.0177 Loss fft:  0.8127 Loss dta_rank:  0.6058 Loss dta_tv:  0.0292 Loss dta_proxy:  0.2085 Loss dta_trans:  0.0064 Loss dta_phys:  0.0075 Loss dta_preserve:  0.0060
Time:  0.0735 Epoch: 011 Iter:  450/ 600 LR: 0.0000565424 Loss content:  0.0168 Loss fft:  0.8094 Loss dta_rank:  0.5987 Loss dta_tv:  0.0288 Loss dta_proxy:  0.2117 Loss dta_trans:  0.0057 Loss dta_phys:  0.0072 Loss dta_preserve:  0.0044
Time:  0.0769 Epoch: 011 Iter:  500/ 600 LR: 0.0000565424 Loss content:  0.0170 Loss fft:  0.8245 Loss dta_rank:  0.5983 Loss dta_tv:  0.0294 Loss dta_proxy:  0.2115 Loss dta_trans:  0.0055 Loss dta_phys:  0.0064 Loss dta_preserve:  0.0048
Time:  0.0781 Epoch: 011 Iter:  550/ 600 LR: 0.0000565424 Loss content:  0.0185 Loss fft:  0.8564 Loss dta_rank:  0.6032 Loss dta_tv:  0.0292 Loss dta_proxy:  0.2101 Loss dta_trans:  0.0055 Loss dta_phys:  0.0057 Loss dta_preserve:  0.0051
Time:  0.0666 Epoch: 011 Iter:  600/ 600 LR: 0.0000565424 Loss content:  0.0163 Loss fft:  0.7725 Loss dta_rank:  0.6081 Loss dta_tv:  0.0290 Loss dta_proxy:  0.2121 Loss dta_trans:  0.0051 Loss dta_phys:  0.0061 Loss dta_preserve:  0.0045
EPOCH: 11
Elapsed time: 0.89 Epoch Pixel Loss:  0.0171 Epoch FFT Loss:  0.8150 Epoch DTA Rank:  0.6042 Epoch DTA TV:  0.0294 Epoch DTA Proxy:  0.2074 Epoch DTA Trans:  0.0057 Epoch DTA Phys:  0.0067 Epoch DTA Preserve:  0.0058
DTA_GATE_RAMP epoch=12 gate_limit=0.060000
Time:  0.0725 Epoch: 012 Iter:   50/ 600 LR: 0.0000473670 Loss content:  0.0171 Loss fft:  0.7757 Loss dta_rank:  0.6071 Loss dta_tv:  0.0285 Loss dta_proxy:  0.2101 Loss dta_trans:  0.0060 Loss dta_phys:  0.0074 Loss dta_preserve:  0.0056
Time:  0.0773 Epoch: 012 Iter:  100/ 600 LR: 0.0000473670 Loss content:  0.0163 Loss fft:  0.7929 Loss dta_rank:  0.6057 Loss dta_tv:  0.0292 Loss dta_proxy:  0.2095 Loss dta_trans:  0.0058 Loss dta_phys:  0.0067 Loss dta_preserve:  0.0053
Time:  0.0782 Epoch: 012 Iter:  150/ 600 LR: 0.0000473670 Loss content:  0.0170 Loss fft:  0.8000 Loss dta_rank:  0.6081 Loss dta_tv:  0.0294 Loss dta_proxy:  0.2036 Loss dta_trans:  0.0067 Loss dta_phys:  0.0074 Loss dta_preserve:  0.0052
Time:  0.0768 Epoch: 012 Iter:  200/ 600 LR: 0.0000473670 Loss content:  0.0168 Loss fft:  0.8148 Loss dta_rank:  0.6045 Loss dta_tv:  0.0288 Loss dta_proxy:  0.2041 Loss dta_trans:  0.0057 Loss dta_phys:  0.0073 Loss dta_preserve:  0.0048
Time:  0.0715 Epoch: 012 Iter:  250/ 600 LR: 0.0000473670 Loss content:  0.0171 Loss fft:  0.8371 Loss dta_rank:  0.5993 Loss dta_tv:  0.0290 Loss dta_proxy:  0.2095 Loss dta_trans:  0.0051 Loss dta_phys:  0.0060 Loss dta_preserve:  0.0055
Time:  0.0720 Epoch: 012 Iter:  300/ 600 LR: 0.0000473670 Loss content:  0.0169 Loss fft:  0.8185 Loss dta_rank:  0.5995 Loss dta_tv:  0.0289 Loss dta_proxy:  0.2043 Loss dta_trans:  0.0056 Loss dta_phys:  0.0069 Loss dta_preserve:  0.0076
Time:  0.0761 Epoch: 012 Iter:  350/ 600 LR: 0.0000473670 Loss content:  0.0176 Loss fft:  0.8239 Loss dta_rank:  0.6057 Loss dta_tv:  0.0284 Loss dta_proxy:  0.2095 Loss dta_trans:  0.0056 Loss dta_phys:  0.0060 Loss dta_preserve:  0.0060
Time:  0.0737 Epoch: 012 Iter:  400/ 600 LR: 0.0000473670 Loss content:  0.0170 Loss fft:  0.8190 Loss dta_rank:  0.6021 Loss dta_tv:  0.0298 Loss dta_proxy:  0.1975 Loss dta_trans:  0.0064 Loss dta_phys:  0.0066 Loss dta_preserve:  0.0053
Time:  0.0694 Epoch: 012 Iter:  450/ 600 LR: 0.0000473670 Loss content:  0.0173 Loss fft:  0.8033 Loss dta_rank:  0.6047 Loss dta_tv:  0.0281 Loss dta_proxy:  0.2171 Loss dta_trans:  0.0060 Loss dta_phys:  0.0071 Loss dta_preserve:  0.0061
Time:  0.0685 Epoch: 012 Iter:  500/ 600 LR: 0.0000473670 Loss content:  0.0176 Loss fft:  0.8347 Loss dta_rank:  0.6031 Loss dta_tv:  0.0289 Loss dta_proxy:  0.2147 Loss dta_trans:  0.0055 Loss dta_phys:  0.0074 Loss dta_preserve:  0.0054
Time:  0.0630 Epoch: 012 Iter:  550/ 600 LR: 0.0000473670 Loss content:  0.0180 Loss fft:  0.8566 Loss dta_rank:  0.6044 Loss dta_tv:  0.0291 Loss dta_proxy:  0.2041 Loss dta_trans:  0.0055 Loss dta_phys:  0.0065 Loss dta_preserve:  0.0050
Time:  0.0708 Epoch: 012 Iter:  600/ 600 LR: 0.0000473670 Loss content:  0.0167 Loss fft:  0.8051 Loss dta_rank:  0.6014 Loss dta_tv:  0.0297 Loss dta_proxy:  0.2025 Loss dta_trans:  0.0059 Loss dta_phys:  0.0063 Loss dta_preserve:  0.0042
EPOCH: 12
Elapsed time: 0.87 Epoch Pixel Loss:  0.0171 Epoch FFT Loss:  0.8151 Epoch DTA Rank:  0.6038 Epoch DTA TV:  0.0290 Epoch DTA Proxy:  0.2072 Epoch DTA Trans:  0.0058 Epoch DTA Phys:  0.0068 Epoch DTA Preserve:  0.0055
DTA_GATE_RAMP epoch=13 gate_limit=0.060000
Time:  0.0712 Epoch: 013 Iter:   50/ 600 LR: 0.0000383414 Loss content:  0.0170 Loss fft:  0.8097 Loss dta_rank:  0.6055 Loss dta_tv:  0.0283 Loss dta_proxy:  0.2102 Loss dta_trans:  0.0053 Loss dta_phys:  0.0066 Loss dta_preserve:  0.0038
Time:  0.0712 Epoch: 013 Iter:  100/ 600 LR: 0.0000383414 Loss content:  0.0170 Loss fft:  0.8215 Loss dta_rank:  0.6004 Loss dta_tv:  0.0289 Loss dta_proxy:  0.2116 Loss dta_trans:  0.0062 Loss dta_phys:  0.0070 Loss dta_preserve:  0.0044
Time:  0.0775 Epoch: 013 Iter:  150/ 600 LR: 0.0000383414 Loss content:  0.0174 Loss fft:  0.8355 Loss dta_rank:  0.6043 Loss dta_tv:  0.0295 Loss dta_proxy:  0.2034 Loss dta_trans:  0.0058 Loss dta_phys:  0.0067 Loss dta_preserve:  0.0049
Time:  0.0743 Epoch: 013 Iter:  200/ 600 LR: 0.0000383414 Loss content:  0.0160 Loss fft:  0.7794 Loss dta_rank:  0.6058 Loss dta_tv:  0.0300 Loss dta_proxy:  0.1976 Loss dta_trans:  0.0055 Loss dta_phys:  0.0071 Loss dta_preserve:  0.0043
Time:  0.0739 Epoch: 013 Iter:  250/ 600 LR: 0.0000383414 Loss content:  0.0173 Loss fft:  0.8009 Loss dta_rank:  0.6045 Loss dta_tv:  0.0302 Loss dta_proxy:  0.1941 Loss dta_trans:  0.0058 Loss dta_phys:  0.0058 Loss dta_preserve:  0.0038
Time:  0.0773 Epoch: 013 Iter:  300/ 600 LR: 0.0000383414 Loss content:  0.0177 Loss fft:  0.8431 Loss dta_rank:  0.6037 Loss dta_tv:  0.0292 Loss dta_proxy:  0.2101 Loss dta_trans:  0.0052 Loss dta_phys:  0.0068 Loss dta_preserve:  0.0049
Time:  0.0745 Epoch: 013 Iter:  350/ 600 LR: 0.0000383414 Loss content:  0.0177 Loss fft:  0.8377 Loss dta_rank:  0.6032 Loss dta_tv:  0.0292 Loss dta_proxy:  0.2125 Loss dta_trans:  0.0056 Loss dta_phys:  0.0057 Loss dta_preserve:  0.0040
Time:  0.0794 Epoch: 013 Iter:  400/ 600 LR: 0.0000383414 Loss content:  0.0174 Loss fft:  0.8144 Loss dta_rank:  0.6058 Loss dta_tv:  0.0280 Loss dta_proxy:  0.2081 Loss dta_trans:  0.0054 Loss dta_phys:  0.0069 Loss dta_preserve:  0.0059
Time:  0.0771 Epoch: 013 Iter:  450/ 600 LR: 0.0000383414 Loss content:  0.0171 Loss fft:  0.8259 Loss dta_rank:  0.5998 Loss dta_tv:  0.0286 Loss dta_proxy:  0.2080 Loss dta_trans:  0.0058 Loss dta_phys:  0.0071 Loss dta_preserve:  0.0042
Time:  0.0763 Epoch: 013 Iter:  500/ 600 LR: 0.0000383414 Loss content:  0.0182 Loss fft:  0.8098 Loss dta_rank:  0.5994 Loss dta_tv:  0.0289 Loss dta_proxy:  0.1998 Loss dta_trans:  0.0060 Loss dta_phys:  0.0067 Loss dta_preserve:  0.0055
Time:  0.0692 Epoch: 013 Iter:  550/ 600 LR: 0.0000383414 Loss content:  0.0170 Loss fft:  0.7899 Loss dta_rank:  0.6022 Loss dta_tv:  0.0291 Loss dta_proxy:  0.1986 Loss dta_trans:  0.0050 Loss dta_phys:  0.0065 Loss dta_preserve:  0.0058
Time:  0.0638 Epoch: 013 Iter:  600/ 600 LR: 0.0000383414 Loss content:  0.0172 Loss fft:  0.8379 Loss dta_rank:  0.5998 Loss dta_tv:  0.0286 Loss dta_proxy:  0.2117 Loss dta_trans:  0.0053 Loss dta_phys:  0.0062 Loss dta_preserve:  0.0047
EPOCH: 13
Elapsed time: 0.89 Epoch Pixel Loss:  0.0172 Epoch FFT Loss:  0.8172 Epoch DTA Rank:  0.6029 Epoch DTA TV:  0.0290 Epoch DTA Proxy:  0.2055 Epoch DTA Trans:  0.0056 Epoch DTA Phys:  0.0066 Epoch DTA Preserve:  0.0047
DTA_GATE_RAMP epoch=14 gate_limit=0.060000
Time:  0.0688 Epoch: 014 Iter:   50/ 600 LR: 0.0000297690 Loss content:  0.0177 Loss fft:  0.8069 Loss dta_rank:  0.6008 Loss dta_tv:  0.0286 Loss dta_proxy:  0.2037 Loss dta_trans:  0.0057 Loss dta_phys:  0.0068 Loss dta_preserve:  0.0048
Time:  0.0702 Epoch: 014 Iter:  100/ 600 LR: 0.0000297690 Loss content:  0.0171 Loss fft:  0.8419 Loss dta_rank:  0.5990 Loss dta_tv:  0.0290 Loss dta_proxy:  0.2031 Loss dta_trans:  0.0053 Loss dta_phys:  0.0063 Loss dta_preserve:  0.0046
Time:  0.0809 Epoch: 014 Iter:  150/ 600 LR: 0.0000297690 Loss content:  0.0172 Loss fft:  0.7948 Loss dta_rank:  0.6026 Loss dta_tv:  0.0290 Loss dta_proxy:  0.2052 Loss dta_trans:  0.0055 Loss dta_phys:  0.0065 Loss dta_preserve:  0.0053
Time:  0.0726 Epoch: 014 Iter:  200/ 600 LR: 0.0000297690 Loss content:  0.0167 Loss fft:  0.8052 Loss dta_rank:  0.6048 Loss dta_tv:  0.0289 Loss dta_proxy:  0.2085 Loss dta_trans:  0.0055 Loss dta_phys:  0.0074 Loss dta_preserve:  0.0062
Time:  0.0691 Epoch: 014 Iter:  250/ 600 LR: 0.0000297690 Loss content:  0.0172 Loss fft:  0.8373 Loss dta_rank:  0.6014 Loss dta_tv:  0.0287 Loss dta_proxy:  0.2006 Loss dta_trans:  0.0050 Loss dta_phys:  0.0064 Loss dta_preserve:  0.0050
Time:  0.0743 Epoch: 014 Iter:  300/ 600 LR: 0.0000297690 Loss content:  0.0162 Loss fft:  0.7932 Loss dta_rank:  0.6022 Loss dta_tv:  0.0295 Loss dta_proxy:  0.1961 Loss dta_trans:  0.0063 Loss dta_phys:  0.0064 Loss dta_preserve:  0.0044
Time:  0.0750 Epoch: 014 Iter:  350/ 600 LR: 0.0000297690 Loss content:  0.0168 Loss fft:  0.8179 Loss dta_rank:  0.6019 Loss dta_tv:  0.0294 Loss dta_proxy:  0.2043 Loss dta_trans:  0.0056 Loss dta_phys:  0.0071 Loss dta_preserve:  0.0049
Time:  0.0760 Epoch: 014 Iter:  400/ 600 LR: 0.0000297690 Loss content:  0.0167 Loss fft:  0.8078 Loss dta_rank:  0.6031 Loss dta_tv:  0.0287 Loss dta_proxy:  0.2073 Loss dta_trans:  0.0055 Loss dta_phys:  0.0065 Loss dta_preserve:  0.0047
Time:  0.0747 Epoch: 014 Iter:  450/ 600 LR: 0.0000297690 Loss content:  0.0169 Loss fft:  0.8104 Loss dta_rank:  0.6056 Loss dta_tv:  0.0289 Loss dta_proxy:  0.2071 Loss dta_trans:  0.0066 Loss dta_phys:  0.0068 Loss dta_preserve:  0.0039
Time:  0.0770 Epoch: 014 Iter:  500/ 600 LR: 0.0000297690 Loss content:  0.0175 Loss fft:  0.8072 Loss dta_rank:  0.6046 Loss dta_tv:  0.0288 Loss dta_proxy:  0.1989 Loss dta_trans:  0.0057 Loss dta_phys:  0.0070 Loss dta_preserve:  0.0074
Time:  0.0769 Epoch: 014 Iter:  550/ 600 LR: 0.0000297690 Loss content:  0.0178 Loss fft:  0.8518 Loss dta_rank:  0.6069 Loss dta_tv:  0.0286 Loss dta_proxy:  0.2183 Loss dta_trans:  0.0052 Loss dta_phys:  0.0069 Loss dta_preserve:  0.0054
Time:  0.0738 Epoch: 014 Iter:  600/ 600 LR: 0.0000297690 Loss content:  0.0175 Loss fft:  0.8368 Loss dta_rank:  0.6046 Loss dta_tv:  0.0285 Loss dta_proxy:  0.2027 Loss dta_trans:  0.0054 Loss dta_phys:  0.0068 Loss dta_preserve:  0.0047
EPOCH: 14
Elapsed time: 0.89 Epoch Pixel Loss:  0.0171 Epoch FFT Loss:  0.8176 Epoch DTA Rank:  0.6031 Epoch DTA TV:  0.0289 Epoch DTA Proxy:  0.2047 Epoch DTA Trans:  0.0056 Epoch DTA Phys:  0.0067 Epoch DTA Preserve:  0.0051
DTA_GATE_RAMP epoch=15 gate_limit=0.060000
Time:  0.0767 Epoch: 015 Iter:   50/ 600 LR: 0.0000219361 Loss content:  0.0175 Loss fft:  0.8061 Loss dta_rank:  0.6036 Loss dta_tv:  0.0287 Loss dta_proxy:  0.2014 Loss dta_trans:  0.0056 Loss dta_phys:  0.0064 Loss dta_preserve:  0.0041
Time:  0.0622 Epoch: 015 Iter:  100/ 600 LR: 0.0000219361 Loss content:  0.0170 Loss fft:  0.8376 Loss dta_rank:  0.5996 Loss dta_tv:  0.0280 Loss dta_proxy:  0.2100 Loss dta_trans:  0.0056 Loss dta_phys:  0.0063 Loss dta_preserve:  0.0060
Time:  0.0670 Epoch: 015 Iter:  150/ 600 LR: 0.0000219361 Loss content:  0.0167 Loss fft:  0.8083 Loss dta_rank:  0.6004 Loss dta_tv:  0.0284 Loss dta_proxy:  0.2018 Loss dta_trans:  0.0054 Loss dta_phys:  0.0069 Loss dta_preserve:  0.0046
Time:  0.0724 Epoch: 015 Iter:  200/ 600 LR: 0.0000219361 Loss content:  0.0176 Loss fft:  0.8021 Loss dta_rank:  0.6046 Loss dta_tv:  0.0283 Loss dta_proxy:  0.2055 Loss dta_trans:  0.0059 Loss dta_phys:  0.0066 Loss dta_preserve:  0.0054
Time:  0.0715 Epoch: 015 Iter:  250/ 600 LR: 0.0000219361 Loss content:  0.0177 Loss fft:  0.8549 Loss dta_rank:  0.6021 Loss dta_tv:  0.0289 Loss dta_proxy:  0.2053 Loss dta_trans:  0.0051 Loss dta_phys:  0.0062 Loss dta_preserve:  0.0054
Time:  0.0701 Epoch: 015 Iter:  300/ 600 LR: 0.0000219361 Loss content:  0.0172 Loss fft:  0.8063 Loss dta_rank:  0.6009 Loss dta_tv:  0.0287 Loss dta_proxy:  0.2054 Loss dta_trans:  0.0049 Loss dta_phys:  0.0066 Loss dta_preserve:  0.0055
Time:  0.0679 Epoch: 015 Iter:  350/ 600 LR: 0.0000219361 Loss content:  0.0174 Loss fft:  0.8167 Loss dta_rank:  0.6053 Loss dta_tv:  0.0290 Loss dta_proxy:  0.2141 Loss dta_trans:  0.0059 Loss dta_phys:  0.0069 Loss dta_preserve:  0.0054
Time:  0.0647 Epoch: 015 Iter:  400/ 600 LR: 0.0000219361 Loss content:  0.0172 Loss fft:  0.8121 Loss dta_rank:  0.6072 Loss dta_tv:  0.0299 Loss dta_proxy:  0.1892 Loss dta_trans:  0.0057 Loss dta_phys:  0.0061 Loss dta_preserve:  0.0052
Time:  0.0616 Epoch: 015 Iter:  450/ 600 LR: 0.0000219361 Loss content:  0.0168 Loss fft:  0.8103 Loss dta_rank:  0.6017 Loss dta_tv:  0.0289 Loss dta_proxy:  0.2101 Loss dta_trans:  0.0055 Loss dta_phys:  0.0071 Loss dta_preserve:  0.0050
Time:  0.0695 Epoch: 015 Iter:  500/ 600 LR: 0.0000219361 Loss content:  0.0174 Loss fft:  0.8070 Loss dta_rank:  0.6070 Loss dta_tv:  0.0296 Loss dta_proxy:  0.1958 Loss dta_trans:  0.0064 Loss dta_phys:  0.0071 Loss dta_preserve:  0.0048
Time:  0.0708 Epoch: 015 Iter:  550/ 600 LR: 0.0000219361 Loss content:  0.0166 Loss fft:  0.8233 Loss dta_rank:  0.6045 Loss dta_tv:  0.0280 Loss dta_proxy:  0.2084 Loss dta_trans:  0.0062 Loss dta_phys:  0.0071 Loss dta_preserve:  0.0042
Time:  0.0758 Epoch: 015 Iter:  600/ 600 LR: 0.0000219361 Loss content:  0.0167 Loss fft:  0.8143 Loss dta_rank:  0.6030 Loss dta_tv:  0.0281 Loss dta_proxy:  0.2079 Loss dta_trans:  0.0047 Loss dta_phys:  0.0064 Loss dta_preserve:  0.0047
EPOCH: 15
Elapsed time: 0.84 Epoch Pixel Loss:  0.0172 Epoch FFT Loss:  0.8166 Epoch DTA Rank:  0.6033 Epoch DTA TV:  0.0287 Epoch DTA Proxy:  0.2046 Epoch DTA Trans:  0.0056 Epoch DTA Phys:  0.0067 Epoch DTA Preserve:  0.0050
DTA_GATE_RAMP epoch=16 gate_limit=0.060000
Time:  0.0762 Epoch: 016 Iter:   50/ 600 LR: 0.0000151017 Loss content:  0.0168 Loss fft:  0.8141 Loss dta_rank:  0.5974 Loss dta_tv:  0.0287 Loss dta_proxy:  0.1956 Loss dta_trans:  0.0055 Loss dta_phys:  0.0063 Loss dta_preserve:  0.0044
Time:  0.0743 Epoch: 016 Iter:  100/ 600 LR: 0.0000151017 Loss content:  0.0176 Loss fft:  0.8367 Loss dta_rank:  0.6029 Loss dta_tv:  0.0280 Loss dta_proxy:  0.2187 Loss dta_trans:  0.0052 Loss dta_phys:  0.0068 Loss dta_preserve:  0.0053
Time:  0.0760 Epoch: 016 Iter:  150/ 600 LR: 0.0000151017 Loss content:  0.0170 Loss fft:  0.8198 Loss dta_rank:  0.6007 Loss dta_tv:  0.0284 Loss dta_proxy:  0.2023 Loss dta_trans:  0.0051 Loss dta_phys:  0.0064 Loss dta_preserve:  0.0055
Time:  0.0746 Epoch: 016 Iter:  200/ 600 LR: 0.0000151017 Loss content:  0.0165 Loss fft:  0.7662 Loss dta_rank:  0.5994 Loss dta_tv:  0.0283 Loss dta_proxy:  0.2042 Loss dta_trans:  0.0055 Loss dta_phys:  0.0075 Loss dta_preserve:  0.0045
Time:  0.0720 Epoch: 016 Iter:  250/ 600 LR: 0.0000151017 Loss content:  0.0181 Loss fft:  0.8813 Loss dta_rank:  0.6007 Loss dta_tv:  0.0283 Loss dta_proxy:  0.2157 Loss dta_trans:  0.0053 Loss dta_phys:  0.0065 Loss dta_preserve:  0.0049
Time:  0.0747 Epoch: 016 Iter:  300/ 600 LR: 0.0000151017 Loss content:  0.0172 Loss fft:  0.8186 Loss dta_rank:  0.6074 Loss dta_tv:  0.0283 Loss dta_proxy:  0.2072 Loss dta_trans:  0.0053 Loss dta_phys:  0.0066 Loss dta_preserve:  0.0053
Time:  0.0709 Epoch: 016 Iter:  350/ 600 LR: 0.0000151017 Loss content:  0.0169 Loss fft:  0.8000 Loss dta_rank:  0.6035 Loss dta_tv:  0.0289 Loss dta_proxy:  0.1955 Loss dta_trans:  0.0057 Loss dta_phys:  0.0064 Loss dta_preserve:  0.0047
Time:  0.0718 Epoch: 016 Iter:  400/ 600 LR: 0.0000151017 Loss content:  0.0167 Loss fft:  0.8434 Loss dta_rank:  0.5968 Loss dta_tv:  0.0295 Loss dta_proxy:  0.1942 Loss dta_trans:  0.0057 Loss dta_phys:  0.0068 Loss dta_preserve:  0.0048
Time:  0.0739 Epoch: 016 Iter:  450/ 600 LR: 0.0000151017 Loss content:  0.0171 Loss fft:  0.8326 Loss dta_rank:  0.5991 Loss dta_tv:  0.0291 Loss dta_proxy:  0.2065 Loss dta_trans:  0.0051 Loss dta_phys:  0.0066 Loss dta_preserve:  0.0049
Time:  0.0746 Epoch: 016 Iter:  500/ 600 LR: 0.0000151017 Loss content:  0.0171 Loss fft:  0.8309 Loss dta_rank:  0.6023 Loss dta_tv:  0.0291 Loss dta_proxy:  0.1961 Loss dta_trans:  0.0059 Loss dta_phys:  0.0064 Loss dta_preserve:  0.0057
Time:  0.0739 Epoch: 016 Iter:  550/ 600 LR: 0.0000151017 Loss content:  0.0168 Loss fft:  0.7934 Loss dta_rank:  0.6046 Loss dta_tv:  0.0285 Loss dta_proxy:  0.2135 Loss dta_trans:  0.0055 Loss dta_phys:  0.0075 Loss dta_preserve:  0.0044
Time:  0.0710 Epoch: 016 Iter:  600/ 600 LR: 0.0000151017 Loss content:  0.0164 Loss fft:  0.7954 Loss dta_rank:  0.6020 Loss dta_tv:  0.0289 Loss dta_proxy:  0.2049 Loss dta_trans:  0.0057 Loss dta_phys:  0.0069 Loss dta_preserve:  0.0044
EPOCH: 16
Elapsed time: 0.89 Epoch Pixel Loss:  0.0170 Epoch FFT Loss:  0.8194 Epoch DTA Rank:  0.6014 Epoch DTA TV:  0.0287 Epoch DTA Proxy:  0.2045 Epoch DTA Trans:  0.0055 Epoch DTA Phys:  0.0067 Epoch DTA Preserve:  0.0049
DTA_GATE_RAMP epoch=17 gate_limit=0.060000
Time:  0.0794 Epoch: 017 Iter:   50/ 600 LR: 0.0000094853 Loss content:  0.0180 Loss fft:  0.8227 Loss dta_rank:  0.6037 Loss dta_tv:  0.0284 Loss dta_proxy:  0.2096 Loss dta_trans:  0.0055 Loss dta_phys:  0.0072 Loss dta_preserve:  0.0047
Time:  0.0708 Epoch: 017 Iter:  100/ 600 LR: 0.0000094853 Loss content:  0.0173 Loss fft:  0.8151 Loss dta_rank:  0.6057 Loss dta_tv:  0.0289 Loss dta_proxy:  0.2132 Loss dta_trans:  0.0057 Loss dta_phys:  0.0071 Loss dta_preserve:  0.0044
Time:  0.0747 Epoch: 017 Iter:  150/ 600 LR: 0.0000094853 Loss content:  0.0170 Loss fft:  0.8156 Loss dta_rank:  0.6077 Loss dta_tv:  0.0275 Loss dta_proxy:  0.2245 Loss dta_trans:  0.0045 Loss dta_phys:  0.0064 Loss dta_preserve:  0.0042
Time:  0.0768 Epoch: 017 Iter:  200/ 600 LR: 0.0000094853 Loss content:  0.0175 Loss fft:  0.8316 Loss dta_rank:  0.6042 Loss dta_tv:  0.0288 Loss dta_proxy:  0.2032 Loss dta_trans:  0.0055 Loss dta_phys:  0.0067 Loss dta_preserve:  0.0051
Time:  0.0730 Epoch: 017 Iter:  250/ 600 LR: 0.0000094853 Loss content:  0.0161 Loss fft:  0.7992 Loss dta_rank:  0.6054 Loss dta_tv:  0.0295 Loss dta_proxy:  0.1902 Loss dta_trans:  0.0059 Loss dta_phys:  0.0062 Loss dta_preserve:  0.0051
Time:  0.0693 Epoch: 017 Iter:  300/ 600 LR: 0.0000094853 Loss content:  0.0176 Loss fft:  0.8136 Loss dta_rank:  0.6037 Loss dta_tv:  0.0280 Loss dta_proxy:  0.2073 Loss dta_trans:  0.0049 Loss dta_phys:  0.0063 Loss dta_preserve:  0.0059
Time:  0.0727 Epoch: 017 Iter:  350/ 600 LR: 0.0000094853 Loss content:  0.0168 Loss fft:  0.8049 Loss dta_rank:  0.5982 Loss dta_tv:  0.0288 Loss dta_proxy:  0.2012 Loss dta_trans:  0.0058 Loss dta_phys:  0.0070 Loss dta_preserve:  0.0047
Time:  0.0734 Epoch: 017 Iter:  400/ 600 LR: 0.0000094853 Loss content:  0.0168 Loss fft:  0.7919 Loss dta_rank:  0.6029 Loss dta_tv:  0.0288 Loss dta_proxy:  0.2015 Loss dta_trans:  0.0063 Loss dta_phys:  0.0071 Loss dta_preserve:  0.0043
Time:  0.0742 Epoch: 017 Iter:  450/ 600 LR: 0.0000094853 Loss content:  0.0165 Loss fft:  0.8345 Loss dta_rank:  0.6042 Loss dta_tv:  0.0292 Loss dta_proxy:  0.2013 Loss dta_trans:  0.0057 Loss dta_phys:  0.0068 Loss dta_preserve:  0.0053
Time:  0.0729 Epoch: 017 Iter:  500/ 600 LR: 0.0000094853 Loss content:  0.0176 Loss fft:  0.8090 Loss dta_rank:  0.6041 Loss dta_tv:  0.0286 Loss dta_proxy:  0.1996 Loss dta_trans:  0.0062 Loss dta_phys:  0.0060 Loss dta_preserve:  0.0062
Time:  0.0731 Epoch: 017 Iter:  550/ 600 LR: 0.0000094853 Loss content:  0.0169 Loss fft:  0.8315 Loss dta_rank:  0.5998 Loss dta_tv:  0.0287 Loss dta_proxy:  0.2084 Loss dta_trans:  0.0053 Loss dta_phys:  0.0074 Loss dta_preserve:  0.0044
Time:  0.0646 Epoch: 017 Iter:  600/ 600 LR: 0.0000094853 Loss content:  0.0167 Loss fft:  0.8138 Loss dta_rank:  0.6037 Loss dta_tv:  0.0291 Loss dta_proxy:  0.1999 Loss dta_trans:  0.0048 Loss dta_phys:  0.0058 Loss dta_preserve:  0.0052
EPOCH: 17
Elapsed time: 0.88 Epoch Pixel Loss:  0.0171 Epoch FFT Loss:  0.8153 Epoch DTA Rank:  0.6036 Epoch DTA TV:  0.0287 Epoch DTA Proxy:  0.2050 Epoch DTA Trans:  0.0055 Epoch DTA Phys:  0.0067 Epoch DTA Preserve:  0.0050
DTA_GATE_RAMP epoch=18 gate_limit=0.060000
Time:  0.0741 Epoch: 018 Iter:   50/ 600 LR: 0.0000052550 Loss content:  0.0167 Loss fft:  0.7940 Loss dta_rank:  0.6023 Loss dta_tv:  0.0293 Loss dta_proxy:  0.1956 Loss dta_trans:  0.0061 Loss dta_phys:  0.0068 Loss dta_preserve:  0.0058
Time:  0.0739 Epoch: 018 Iter:  100/ 600 LR: 0.0000052550 Loss content:  0.0173 Loss fft:  0.8130 Loss dta_rank:  0.6007 Loss dta_tv:  0.0287 Loss dta_proxy:  0.2052 Loss dta_trans:  0.0055 Loss dta_phys:  0.0071 Loss dta_preserve:  0.0058
Time:  0.0735 Epoch: 018 Iter:  150/ 600 LR: 0.0000052550 Loss content:  0.0169 Loss fft:  0.8231 Loss dta_rank:  0.6049 Loss dta_tv:  0.0283 Loss dta_proxy:  0.2108 Loss dta_trans:  0.0050 Loss dta_phys:  0.0065 Loss dta_preserve:  0.0042
Time:  0.0649 Epoch: 018 Iter:  200/ 600 LR: 0.0000052550 Loss content:  0.0171 Loss fft:  0.8077 Loss dta_rank:  0.6027 Loss dta_tv:  0.0298 Loss dta_proxy:  0.1917 Loss dta_trans:  0.0059 Loss dta_phys:  0.0069 Loss dta_preserve:  0.0058
Time:  0.0642 Epoch: 018 Iter:  250/ 600 LR: 0.0000052550 Loss content:  0.0174 Loss fft:  0.8471 Loss dta_rank:  0.6026 Loss dta_tv:  0.0288 Loss dta_proxy:  0.2027 Loss dta_trans:  0.0053 Loss dta_phys:  0.0065 Loss dta_preserve:  0.0062
Time:  0.0737 Epoch: 018 Iter:  300/ 600 LR: 0.0000052550 Loss content:  0.0166 Loss fft:  0.8129 Loss dta_rank:  0.6049 Loss dta_tv:  0.0295 Loss dta_proxy:  0.1958 Loss dta_trans:  0.0059 Loss dta_phys:  0.0062 Loss dta_preserve:  0.0053
Time:  0.0795 Epoch: 018 Iter:  350/ 600 LR: 0.0000052550 Loss content:  0.0175 Loss fft:  0.8065 Loss dta_rank:  0.6043 Loss dta_tv:  0.0273 Loss dta_proxy:  0.2217 Loss dta_trans:  0.0050 Loss dta_phys:  0.0068 Loss dta_preserve:  0.0066
Time:  0.0735 Epoch: 018 Iter:  400/ 600 LR: 0.0000052550 Loss content:  0.0172 Loss fft:  0.8081 Loss dta_rank:  0.6007 Loss dta_tv:  0.0280 Loss dta_proxy:  0.2057 Loss dta_trans:  0.0049 Loss dta_phys:  0.0067 Loss dta_preserve:  0.0053
Time:  0.0744 Epoch: 018 Iter:  450/ 600 LR: 0.0000052550 Loss content:  0.0175 Loss fft:  0.8283 Loss dta_rank:  0.6070 Loss dta_tv:  0.0293 Loss dta_proxy:  0.1987 Loss dta_trans:  0.0054 Loss dta_phys:  0.0069 Loss dta_preserve:  0.0045
Time:  0.0720 Epoch: 018 Iter:  500/ 600 LR: 0.0000052550 Loss content:  0.0177 Loss fft:  0.8334 Loss dta_rank:  0.5961 Loss dta_tv:  0.0281 Loss dta_proxy:  0.2040 Loss dta_trans:  0.0057 Loss dta_phys:  0.0062 Loss dta_preserve:  0.0054
Time:  0.0670 Epoch: 018 Iter:  550/ 600 LR: 0.0000052550 Loss content:  0.0171 Loss fft:  0.8251 Loss dta_rank:  0.6007 Loss dta_tv:  0.0286 Loss dta_proxy:  0.2034 Loss dta_trans:  0.0061 Loss dta_phys:  0.0066 Loss dta_preserve:  0.0053
Time:  0.0687 Epoch: 018 Iter:  600/ 600 LR: 0.0000052550 Loss content:  0.0172 Loss fft:  0.8298 Loss dta_rank:  0.6024 Loss dta_tv:  0.0292 Loss dta_proxy:  0.2033 Loss dta_trans:  0.0059 Loss dta_phys:  0.0066 Loss dta_preserve:  0.0045
EPOCH: 18
Elapsed time: 0.86 Epoch Pixel Loss:  0.0172 Epoch FFT Loss:  0.8191 Epoch DTA Rank:  0.6024 Epoch DTA TV:  0.0287 Epoch DTA Proxy:  0.2032 Epoch DTA Trans:  0.0056 Epoch DTA Phys:  0.0066 Epoch DTA Preserve:  0.0054
DTA_GATE_RAMP epoch=19 gate_limit=0.060000
Time:  0.0776 Epoch: 019 Iter:   50/ 600 LR: 0.0000025070 Loss content:  0.0165 Loss fft:  0.7997 Loss dta_rank:  0.6053 Loss dta_tv:  0.0284 Loss dta_proxy:  0.2061 Loss dta_trans:  0.0051 Loss dta_phys:  0.0068 Loss dta_preserve:  0.0038
Time:  0.0762 Epoch: 019 Iter:  100/ 600 LR: 0.0000025070 Loss content:  0.0175 Loss fft:  0.8148 Loss dta_rank:  0.6014 Loss dta_tv:  0.0281 Loss dta_proxy:  0.2009 Loss dta_trans:  0.0049 Loss dta_phys:  0.0062 Loss dta_preserve:  0.0052
Time:  0.0726 Epoch: 019 Iter:  150/ 600 LR: 0.0000025070 Loss content:  0.0172 Loss fft:  0.7994 Loss dta_rank:  0.6071 Loss dta_tv:  0.0299 Loss dta_proxy:  0.2000 Loss dta_trans:  0.0067 Loss dta_phys:  0.0064 Loss dta_preserve:  0.0055
Time:  0.0733 Epoch: 019 Iter:  200/ 600 LR: 0.0000025070 Loss content:  0.0170 Loss fft:  0.8592 Loss dta_rank:  0.6042 Loss dta_tv:  0.0287 Loss dta_proxy:  0.2067 Loss dta_trans:  0.0055 Loss dta_phys:  0.0058 Loss dta_preserve:  0.0048
Time:  0.0721 Epoch: 019 Iter:  250/ 600 LR: 0.0000025070 Loss content:  0.0172 Loss fft:  0.8365 Loss dta_rank:  0.6019 Loss dta_tv:  0.0287 Loss dta_proxy:  0.1989 Loss dta_trans:  0.0055 Loss dta_phys:  0.0063 Loss dta_preserve:  0.0046
Time:  0.0711 Epoch: 019 Iter:  300/ 600 LR: 0.0000025070 Loss content:  0.0178 Loss fft:  0.8198 Loss dta_rank:  0.6032 Loss dta_tv:  0.0293 Loss dta_proxy:  0.2033 Loss dta_trans:  0.0064 Loss dta_phys:  0.0069 Loss dta_preserve:  0.0052
Time:  0.0716 Epoch: 019 Iter:  350/ 600 LR: 0.0000025070 Loss content:  0.0179 Loss fft:  0.8585 Loss dta_rank:  0.6029 Loss dta_tv:  0.0284 Loss dta_proxy:  0.2061 Loss dta_trans:  0.0052 Loss dta_phys:  0.0068 Loss dta_preserve:  0.0054
Time:  0.0674 Epoch: 019 Iter:  400/ 600 LR: 0.0000025070 Loss content:  0.0168 Loss fft:  0.8126 Loss dta_rank:  0.6009 Loss dta_tv:  0.0291 Loss dta_proxy:  0.1959 Loss dta_trans:  0.0056 Loss dta_phys:  0.0070 Loss dta_preserve:  0.0045
Time:  0.0746 Epoch: 019 Iter:  450/ 600 LR: 0.0000025070 Loss content:  0.0164 Loss fft:  0.7895 Loss dta_rank:  0.6019 Loss dta_tv:  0.0286 Loss dta_proxy:  0.1970 Loss dta_trans:  0.0052 Loss dta_phys:  0.0066 Loss dta_preserve:  0.0053
Time:  0.0728 Epoch: 019 Iter:  500/ 600 LR: 0.0000025070 Loss content:  0.0162 Loss fft:  0.7820 Loss dta_rank:  0.5967 Loss dta_tv:  0.0285 Loss dta_proxy:  0.2027 Loss dta_trans:  0.0062 Loss dta_phys:  0.0075 Loss dta_preserve:  0.0044
Time:  0.0735 Epoch: 019 Iter:  550/ 600 LR: 0.0000025070 Loss content:  0.0167 Loss fft:  0.8099 Loss dta_rank:  0.6043 Loss dta_tv:  0.0285 Loss dta_proxy:  0.2098 Loss dta_trans:  0.0049 Loss dta_phys:  0.0065 Loss dta_preserve:  0.0039
Time:  0.0754 Epoch: 019 Iter:  600/ 600 LR: 0.0000025070 Loss content:  0.0175 Loss fft:  0.8168 Loss dta_rank:  0.6080 Loss dta_tv:  0.0276 Loss dta_proxy:  0.2130 Loss dta_trans:  0.0060 Loss dta_phys:  0.0072 Loss dta_preserve:  0.0042
EPOCH: 19
Elapsed time: 0.88 Epoch Pixel Loss:  0.0171 Epoch FFT Loss:  0.8165 Epoch DTA Rank:  0.6032 Epoch DTA TV:  0.0287 Epoch DTA Proxy:  0.2034 Epoch DTA Trans:  0.0056 Epoch DTA Phys:  0.0067 Epoch DTA Preserve:  0.0047
DTA_GATE_RAMP epoch=20 gate_limit=0.060000
Time:  0.0789 Epoch: 020 Iter:   50/ 600 LR: 0.0000012125 Loss content:  0.0177 Loss fft:  0.8495 Loss dta_rank:  0.6024 Loss dta_tv:  0.0290 Loss dta_proxy:  0.2079 Loss dta_trans:  0.0054 Loss dta_phys:  0.0071 Loss dta_preserve:  0.0049
Time:  0.0739 Epoch: 020 Iter:  100/ 600 LR: 0.0000012125 Loss content:  0.0175 Loss fft:  0.8266 Loss dta_rank:  0.6023 Loss dta_tv:  0.0273 Loss dta_proxy:  0.2167 Loss dta_trans:  0.0049 Loss dta_phys:  0.0067 Loss dta_preserve:  0.0057
Time:  0.0734 Epoch: 020 Iter:  150/ 600 LR: 0.0000012125 Loss content:  0.0177 Loss fft:  0.8505 Loss dta_rank:  0.6010 Loss dta_tv:  0.0286 Loss dta_proxy:  0.2030 Loss dta_trans:  0.0044 Loss dta_phys:  0.0066 Loss dta_preserve:  0.0054
Time:  0.0743 Epoch: 020 Iter:  200/ 600 LR: 0.0000012125 Loss content:  0.0174 Loss fft:  0.7868 Loss dta_rank:  0.6036 Loss dta_tv:  0.0278 Loss dta_proxy:  0.2015 Loss dta_trans:  0.0058 Loss dta_phys:  0.0064 Loss dta_preserve:  0.0055
Time:  0.0703 Epoch: 020 Iter:  250/ 600 LR: 0.0000012125 Loss content:  0.0178 Loss fft:  0.8220 Loss dta_rank:  0.6075 Loss dta_tv:  0.0288 Loss dta_proxy:  0.2007 Loss dta_trans:  0.0065 Loss dta_phys:  0.0068 Loss dta_preserve:  0.0051
Time:  0.0676 Epoch: 020 Iter:  300/ 600 LR: 0.0000012125 Loss content:  0.0162 Loss fft:  0.8094 Loss dta_rank:  0.5998 Loss dta_tv:  0.0302 Loss dta_proxy:  0.1884 Loss dta_trans:  0.0056 Loss dta_phys:  0.0069 Loss dta_preserve:  0.0059
Time:  0.0670 Epoch: 020 Iter:  350/ 600 LR: 0.0000012125 Loss content:  0.0165 Loss fft:  0.8168 Loss dta_rank:  0.6041 Loss dta_tv:  0.0291 Loss dta_proxy:  0.1945 Loss dta_trans:  0.0055 Loss dta_phys:  0.0066 Loss dta_preserve:  0.0054
Time:  0.0663 Epoch: 020 Iter:  400/ 600 LR: 0.0000012125 Loss content:  0.0166 Loss fft:  0.8399 Loss dta_rank:  0.6041 Loss dta_tv:  0.0280 Loss dta_proxy:  0.2108 Loss dta_trans:  0.0049 Loss dta_phys:  0.0072 Loss dta_preserve:  0.0054
Time:  0.0684 Epoch: 020 Iter:  450/ 600 LR: 0.0000012125 Loss content:  0.0167 Loss fft:  0.8061 Loss dta_rank:  0.6047 Loss dta_tv:  0.0282 Loss dta_proxy:  0.2098 Loss dta_trans:  0.0055 Loss dta_phys:  0.0076 Loss dta_preserve:  0.0046
Time:  0.0832 Epoch: 020 Iter:  500/ 600 LR: 0.0000012125 Loss content:  0.0169 Loss fft:  0.8126 Loss dta_rank:  0.5985 Loss dta_tv:  0.0287 Loss dta_proxy:  0.2006 Loss dta_trans:  0.0053 Loss dta_phys:  0.0064 Loss dta_preserve:  0.0049
Time:  0.0856 Epoch: 020 Iter:  550/ 600 LR: 0.0000012125 Loss content:  0.0174 Loss fft:  0.8391 Loss dta_rank:  0.6008 Loss dta_tv:  0.0286 Loss dta_proxy:  0.2062 Loss dta_trans:  0.0057 Loss dta_phys:  0.0066 Loss dta_preserve:  0.0060
Time:  0.0857 Epoch: 020 Iter:  600/ 600 LR: 0.0000012125 Loss content:  0.0174 Loss fft:  0.8308 Loss dta_rank:  0.6036 Loss dta_tv:  0.0285 Loss dta_proxy:  0.2015 Loss dta_trans:  0.0063 Loss dta_phys:  0.0066 Loss dta_preserve:  0.0049
EPOCH: 20
Elapsed time: 0.90 Epoch Pixel Loss:  0.0172 Epoch FFT Loss:  0.8242 Epoch DTA Rank:  0.6027 Epoch DTA TV:  0.0286 Epoch DTA Proxy:  0.2035 Epoch DTA Trans:  0.0055 Epoch DTA Phys:  0.0068 Epoch DTA Preserve:  0.0053
