Namespace(model_name='ConvIR-Haze4K-DTA-v2-adapter_only-normal-seed3411-f3-oof20', data='Haze4K', version='base', fam_mode='original', arch='dta_v2', seed=3411, mode='train', data_dir='/sda/home/wangyuxin/ConvIR-B/datasets/Haze4K/Haze4K', batch_size=4, learning_rate=0.0001, weight_decay=0.0, num_epoch=20, stop_epoch=20, print_freq=50, num_worker=4, save_freq=5, valid_freq=9999, mod_stats_freq=5, mod_stats_batches=16, grad_clip_norm=0.001, dta_grad_clip_norm=0.05, dta_neighbor_grad_clip_norm=0.005, init_model='/sda/home/wangyuxin/ConvIR-B/checkpoints/official/Haze4K/haze4k-base.pkl', init_model_partial=True, partial_new_prefixes='DTA.', resume='', train_scope='adapter_only', dta_depth_cache_dir='/sda/home/wangyuxin/ConvIR-B/depth_cache/depth_anything_v2_small_hf', dta_train_depth_split='train', dta_eval_depth_split='train', valid_root_split='train', eval_root_split='test', dta_require_depth=True, dta_variant='v2', dta_depth_mode='normal', dta_prior_channels=32, dta_gate_bias=-6.0, dta_gate_limit=0.06, dta_gamma_limit=0.12, dta_beta_limit=0.06, dta_alpha_init=1.0, dta_confidence_floor=0.25, dta_confidence_local_scale=6.0, dta_output_residual_scale=0.03, dta_use_trans_gt=True, dta_trans_weight=0.02, dta_phys_weight=0.005, dta_preserve_weight=0.02, dta_preserve_trans_thresh=0.8, dta_gate_ramp_start=0.01, dta_gate_ramp_mid=0.03, dta_gate_ramp_end=0.06, dta_gate_ramp_warmup_epochs=2, dta_gate_ramp_mid_epochs=8, dta_rank_weight=0.001, dta_tv_weight=0.0001, dta_proxy_weight=0.0, dta_rank_pairs=512, dta_rank_min_depth_gap=0.03, split_json='/sda/home/wangyuxin/ConvIR-B/repos/ConvIR-B-dta-v2-calibrated/experience_docx/experiment_logs/haze4k_dta_v2_calibrated_20260611/dta_v2_haze4k_oof_splits_seed3407.json', split_name='fold3_train', test_model='', save_image=False, leaning_rate=0.0001, model_save_dir='results/ConvIR-Haze4K-DTA-v2-adapter_only-normal-seed3411-f3-oof20/Training-Results/', result_dir='results/ConvIR-Haze4K-DTA-v2-adapter_only-normal-seed3411-f3-oof20/images/Haze4K', init_model_sha256='6f42037d57a4e3de3a10ac0ab909d66a3415864a19433c29204a975f4efa4088')
/sda/home/wangyuxin/ConvIR-B/repos/ConvIR-B-dta-v2-calibrated/Dehazing/ITS/main.py:14: FutureWarning: You are using `torch.load` with `weights_only=False` (the current default value), which uses the default pickle module implicitly. It is possible to construct malicious pickle data which will execute arbitrary code during unpickling (See https://github.com/pytorch/pytorch/blob/main/SECURITY.md#untrusted-models for more details). In a future release, the default value for `weights_only` will be flipped to `True`. This limits the functions that could be executed during unpickling. Arbitrary objects will no longer be allowed to be loaded via this mode unless they are explicitly allowlisted by the user via `torch.serialization.add_safe_globals`. We recommend you start setting `weights_only=True` for any use case where you don't have full control of the loaded file. Please open an issue on GitHub for any issues related to this experimental feature.
  state = torch.load(path, map_location=map_location)
INIT_MODEL_PARTIAL_LOAD path=/sda/home/wangyuxin/ConvIR-B/checkpoints/official/Haze4K/haze4k-base.pkl loaded=602 missing_allowed=25 unexpected=[] allowed_new_prefixes=('DTA.',)
TRAIN_SCOPE scope=adapter_only arch=dta_v2 trainable=74699 total=8705364
/sda/home/wangyuxin/ConvIR-B/envs/convir-cu121/lib/python3.10/site-packages/torch/optim/lr_scheduler.py:224: UserWarning: Detected call of `lr_scheduler.step()` before `optimizer.step()`. In PyTorch 1.1.0 and later, you should call them in the opposite order: `optimizer.step()` before `lr_scheduler.step()`.  Failure to do this will result in PyTorch skipping the first value of the learning rate schedule. See more details at https://pytorch.org/docs/stable/optim.html#how-to-adjust-learning-rate
  warnings.warn(
DTA_GATE_RAMP epoch=1 gate_limit=0.010000
Time:  0.0982 Epoch: 001 Iter:   50/ 600 LR: 0.0000333333 Loss content:  0.0168 Loss fft:  0.8104 Loss dta_rank:  0.6937 Loss dta_tv:  0.0028 Loss dta_proxy:  0.2739 Loss dta_trans:  0.0393 Loss dta_phys:  0.0082 Loss dta_preserve:  0.0051
Time:  0.0758 Epoch: 001 Iter:  100/ 600 LR: 0.0000333333 Loss content:  0.0174 Loss fft:  0.8031 Loss dta_rank:  0.6949 Loss dta_tv:  0.0096 Loss dta_proxy:  0.3299 Loss dta_trans:  0.0346 Loss dta_phys:  0.0084 Loss dta_preserve:  0.0056
Time:  0.0745 Epoch: 001 Iter:  150/ 600 LR: 0.0000333333 Loss content:  0.0172 Loss fft:  0.8023 Loss dta_rank:  0.7012 Loss dta_tv:  0.0149 Loss dta_proxy:  0.3604 Loss dta_trans:  0.0279 Loss dta_phys:  0.0094 Loss dta_preserve:  0.0044
Time:  0.0638 Epoch: 001 Iter:  200/ 600 LR: 0.0000333333 Loss content:  0.0170 Loss fft:  0.7989 Loss dta_rank:  0.7106 Loss dta_tv:  0.0190 Loss dta_proxy:  0.3780 Loss dta_trans:  0.0243 Loss dta_phys:  0.0096 Loss dta_preserve:  0.0060
Time:  0.0655 Epoch: 001 Iter:  250/ 600 LR: 0.0000333333 Loss content:  0.0166 Loss fft:  0.8124 Loss dta_rank:  0.7209 Loss dta_tv:  0.0245 Loss dta_proxy:  0.3633 Loss dta_trans:  0.0207 Loss dta_phys:  0.0079 Loss dta_preserve:  0.0050
Time:  0.0674 Epoch: 001 Iter:  300/ 600 LR: 0.0000333333 Loss content:  0.0167 Loss fft:  0.8216 Loss dta_rank:  0.7347 Loss dta_tv:  0.0288 Loss dta_proxy:  0.4123 Loss dta_trans:  0.0165 Loss dta_phys:  0.0067 Loss dta_preserve:  0.0048
Time:  0.0753 Epoch: 001 Iter:  350/ 600 LR: 0.0000333333 Loss content:  0.0173 Loss fft:  0.8222 Loss dta_rank:  0.7415 Loss dta_tv:  0.0325 Loss dta_proxy:  0.4184 Loss dta_trans:  0.0128 Loss dta_phys:  0.0074 Loss dta_preserve:  0.0048
Time:  0.0794 Epoch: 001 Iter:  400/ 600 LR: 0.0000333333 Loss content:  0.0174 Loss fft:  0.8224 Loss dta_rank:  0.7483 Loss dta_tv:  0.0342 Loss dta_proxy:  0.4309 Loss dta_trans:  0.0123 Loss dta_phys:  0.0071 Loss dta_preserve:  0.0052
Time:  0.0819 Epoch: 001 Iter:  450/ 600 LR: 0.0000333333 Loss content:  0.0175 Loss fft:  0.8513 Loss dta_rank:  0.7564 Loss dta_tv:  0.0359 Loss dta_proxy:  0.4272 Loss dta_trans:  0.0104 Loss dta_phys:  0.0065 Loss dta_preserve:  0.0055
Time:  0.0786 Epoch: 001 Iter:  500/ 600 LR: 0.0000333333 Loss content:  0.0179 Loss fft:  0.8461 Loss dta_rank:  0.7622 Loss dta_tv:  0.0372 Loss dta_proxy:  0.4248 Loss dta_trans:  0.0111 Loss dta_phys:  0.0068 Loss dta_preserve:  0.0060
Time:  0.0795 Epoch: 001 Iter:  550/ 600 LR: 0.0000333333 Loss content:  0.0168 Loss fft:  0.8494 Loss dta_rank:  0.7583 Loss dta_tv:  0.0366 Loss dta_proxy:  0.4451 Loss dta_trans:  0.0100 Loss dta_phys:  0.0070 Loss dta_preserve:  0.0048
Time:  0.0758 Epoch: 001 Iter:  600/ 600 LR: 0.0000333333 Loss content:  0.0172 Loss fft:  0.7993 Loss dta_rank:  0.7525 Loss dta_tv:  0.0355 Loss dta_proxy:  0.4507 Loss dta_trans:  0.0104 Loss dta_phys:  0.0078 Loss dta_preserve:  0.0057
EPOCH: 01
Elapsed time: 0.92 Epoch Pixel Loss:  0.0171 Epoch FFT Loss:  0.8200 Epoch DTA Rank:  0.7313 Epoch DTA TV:  0.0259 Epoch DTA Proxy:  0.3929 Epoch DTA Trans:  0.0192 Epoch DTA Phys:  0.0077 Epoch DTA Preserve:  0.0052
DTA_GATE_RAMP epoch=2 gate_limit=0.010000
Time:  0.0824 Epoch: 002 Iter:   50/ 600 LR: 0.0000666667 Loss content:  0.0162 Loss fft:  0.7913 Loss dta_rank:  0.7600 Loss dta_tv:  0.0362 Loss dta_proxy:  0.4401 Loss dta_trans:  0.0120 Loss dta_phys:  0.0069 Loss dta_preserve:  0.0046
Time:  0.0766 Epoch: 002 Iter:  100/ 600 LR: 0.0000666667 Loss content:  0.0167 Loss fft:  0.8018 Loss dta_rank:  0.7614 Loss dta_tv:  0.0356 Loss dta_proxy:  0.4273 Loss dta_trans:  0.0098 Loss dta_phys:  0.0080 Loss dta_preserve:  0.0060
Time:  0.0793 Epoch: 002 Iter:  150/ 600 LR: 0.0000666667 Loss content:  0.0171 Loss fft:  0.8062 Loss dta_rank:  0.7636 Loss dta_tv:  0.0368 Loss dta_proxy:  0.4362 Loss dta_trans:  0.0104 Loss dta_phys:  0.0064 Loss dta_preserve:  0.0059
Time:  0.0780 Epoch: 002 Iter:  200/ 600 LR: 0.0000666667 Loss content:  0.0171 Loss fft:  0.8087 Loss dta_rank:  0.7620 Loss dta_tv:  0.0378 Loss dta_proxy:  0.4357 Loss dta_trans:  0.0111 Loss dta_phys:  0.0074 Loss dta_preserve:  0.0067
Time:  0.0755 Epoch: 002 Iter:  250/ 600 LR: 0.0000666667 Loss content:  0.0172 Loss fft:  0.8309 Loss dta_rank:  0.7608 Loss dta_tv:  0.0355 Loss dta_proxy:  0.4358 Loss dta_trans:  0.0086 Loss dta_phys:  0.0069 Loss dta_preserve:  0.0055
Time:  0.0750 Epoch: 002 Iter:  300/ 600 LR: 0.0000666667 Loss content:  0.0168 Loss fft:  0.8173 Loss dta_rank:  0.7614 Loss dta_tv:  0.0346 Loss dta_proxy:  0.4688 Loss dta_trans:  0.0089 Loss dta_phys:  0.0075 Loss dta_preserve:  0.0047
Time:  0.0684 Epoch: 002 Iter:  350/ 600 LR: 0.0000666667 Loss content:  0.0178 Loss fft:  0.8427 Loss dta_rank:  0.7649 Loss dta_tv:  0.0354 Loss dta_proxy:  0.4322 Loss dta_trans:  0.0089 Loss dta_phys:  0.0065 Loss dta_preserve:  0.0061
Time:  0.0627 Epoch: 002 Iter:  400/ 600 LR: 0.0000666667 Loss content:  0.0170 Loss fft:  0.8256 Loss dta_rank:  0.7660 Loss dta_tv:  0.0342 Loss dta_proxy:  0.4542 Loss dta_trans:  0.0083 Loss dta_phys:  0.0072 Loss dta_preserve:  0.0040
Time:  0.0746 Epoch: 002 Iter:  450/ 600 LR: 0.0000666667 Loss content:  0.0173 Loss fft:  0.7952 Loss dta_rank:  0.7672 Loss dta_tv:  0.0349 Loss dta_proxy:  0.4591 Loss dta_trans:  0.0083 Loss dta_phys:  0.0069 Loss dta_preserve:  0.0056
Time:  0.0789 Epoch: 002 Iter:  500/ 600 LR: 0.0000666667 Loss content:  0.0170 Loss fft:  0.8294 Loss dta_rank:  0.7658 Loss dta_tv:  0.0349 Loss dta_proxy:  0.4372 Loss dta_trans:  0.0086 Loss dta_phys:  0.0066 Loss dta_preserve:  0.0051
Time:  0.0790 Epoch: 002 Iter:  550/ 600 LR: 0.0000666667 Loss content:  0.0178 Loss fft:  0.8382 Loss dta_rank:  0.7670 Loss dta_tv:  0.0335 Loss dta_proxy:  0.4649 Loss dta_trans:  0.0086 Loss dta_phys:  0.0069 Loss dta_preserve:  0.0046
Time:  0.0803 Epoch: 002 Iter:  600/ 600 LR: 0.0000666667 Loss content:  0.0173 Loss fft:  0.8245 Loss dta_rank:  0.7644 Loss dta_tv:  0.0333 Loss dta_proxy:  0.4459 Loss dta_trans:  0.0082 Loss dta_phys:  0.0066 Loss dta_preserve:  0.0048
EPOCH: 02
Elapsed time: 0.91 Epoch Pixel Loss:  0.0171 Epoch FFT Loss:  0.8177 Epoch DTA Rank:  0.7637 Epoch DTA TV:  0.0352 Epoch DTA Proxy:  0.4448 Epoch DTA Trans:  0.0093 Epoch DTA Phys:  0.0070 Epoch DTA Preserve:  0.0053
DTA_GATE_RAMP epoch=3 gate_limit=0.030000
Time:  0.0812 Epoch: 003 Iter:   50/ 600 LR: 0.0001000000 Loss content:  0.0174 Loss fft:  0.8278 Loss dta_rank:  0.7681 Loss dta_tv:  0.0333 Loss dta_proxy:  0.4772 Loss dta_trans:  0.0083 Loss dta_phys:  0.0078 Loss dta_preserve:  0.0057
Time:  0.0785 Epoch: 003 Iter:  100/ 600 LR: 0.0001000000 Loss content:  0.0173 Loss fft:  0.8265 Loss dta_rank:  0.7651 Loss dta_tv:  0.0340 Loss dta_proxy:  0.4507 Loss dta_trans:  0.0087 Loss dta_phys:  0.0061 Loss dta_preserve:  0.0052
Time:  0.0764 Epoch: 003 Iter:  150/ 600 LR: 0.0001000000 Loss content:  0.0175 Loss fft:  0.8400 Loss dta_rank:  0.7641 Loss dta_tv:  0.0334 Loss dta_proxy:  0.4413 Loss dta_trans:  0.0086 Loss dta_phys:  0.0064 Loss dta_preserve:  0.0046
Time:  0.0683 Epoch: 003 Iter:  200/ 600 LR: 0.0001000000 Loss content:  0.0175 Loss fft:  0.8297 Loss dta_rank:  0.7698 Loss dta_tv:  0.0336 Loss dta_proxy:  0.4500 Loss dta_trans:  0.0087 Loss dta_phys:  0.0069 Loss dta_preserve:  0.0051
Time:  0.0671 Epoch: 003 Iter:  250/ 600 LR: 0.0001000000 Loss content:  0.0191 Loss fft:  0.8628 Loss dta_rank:  0.7722 Loss dta_tv:  0.0326 Loss dta_proxy:  0.4623 Loss dta_trans:  0.0082 Loss dta_phys:  0.0076 Loss dta_preserve:  0.0057
Time:  0.0777 Epoch: 003 Iter:  300/ 600 LR: 0.0001000000 Loss content:  0.0171 Loss fft:  0.7984 Loss dta_rank:  0.7678 Loss dta_tv:  0.0322 Loss dta_proxy:  0.4642 Loss dta_trans:  0.0074 Loss dta_phys:  0.0064 Loss dta_preserve:  0.0067
Time:  0.0784 Epoch: 003 Iter:  350/ 600 LR: 0.0001000000 Loss content:  0.0167 Loss fft:  0.8066 Loss dta_rank:  0.7662 Loss dta_tv:  0.0327 Loss dta_proxy:  0.4343 Loss dta_trans:  0.0088 Loss dta_phys:  0.0067 Loss dta_preserve:  0.0038
Time:  0.0762 Epoch: 003 Iter:  400/ 600 LR: 0.0001000000 Loss content:  0.0173 Loss fft:  0.8017 Loss dta_rank:  0.7629 Loss dta_tv:  0.0311 Loss dta_proxy:  0.4435 Loss dta_trans:  0.0085 Loss dta_phys:  0.0073 Loss dta_preserve:  0.0054
Time:  0.0829 Epoch: 003 Iter:  450/ 600 LR: 0.0001000000 Loss content:  0.0180 Loss fft:  0.8582 Loss dta_rank:  0.7716 Loss dta_tv:  0.0313 Loss dta_proxy:  0.4711 Loss dta_trans:  0.0080 Loss dta_phys:  0.0078 Loss dta_preserve:  0.0056
Time:  0.0787 Epoch: 003 Iter:  500/ 600 LR: 0.0001000000 Loss content:  0.0176 Loss fft:  0.8424 Loss dta_rank:  0.7714 Loss dta_tv:  0.0307 Loss dta_proxy:  0.4421 Loss dta_trans:  0.0086 Loss dta_phys:  0.0069 Loss dta_preserve:  0.0057
Time:  0.0779 Epoch: 003 Iter:  550/ 600 LR: 0.0001000000 Loss content:  0.0167 Loss fft:  0.8014 Loss dta_rank:  0.7650 Loss dta_tv:  0.0298 Loss dta_proxy:  0.4628 Loss dta_trans:  0.0074 Loss dta_phys:  0.0067 Loss dta_preserve:  0.0047
Time:  0.0740 Epoch: 003 Iter:  600/ 600 LR: 0.0001000000 Loss content:  0.0168 Loss fft:  0.7987 Loss dta_rank:  0.7686 Loss dta_tv:  0.0307 Loss dta_proxy:  0.4259 Loss dta_trans:  0.0075 Loss dta_phys:  0.0065 Loss dta_preserve:  0.0048
EPOCH: 03
Elapsed time: 0.92 Epoch Pixel Loss:  0.0174 Epoch FFT Loss:  0.8245 Epoch DTA Rank:  0.7677 Epoch DTA TV:  0.0321 Epoch DTA Proxy:  0.4521 Epoch DTA Trans:  0.0082 Epoch DTA Phys:  0.0069 Epoch DTA Preserve:  0.0052
/sda/home/wangyuxin/ConvIR-B/envs/convir-cu121/lib/python3.10/site-packages/torch/optim/lr_scheduler.py:1087: UserWarning: To get the last learning rate computed by the scheduler, please use `get_last_lr()`.
  _warn_get_lr_called_within_step(self)
DTA_GATE_RAMP epoch=4 gate_limit=0.030000
Time:  0.0791 Epoch: 004 Iter:   50/ 600 LR: 0.0001000000 Loss content:  0.0175 Loss fft:  0.8181 Loss dta_rank:  0.7681 Loss dta_tv:  0.0300 Loss dta_proxy:  0.4563 Loss dta_trans:  0.0077 Loss dta_phys:  0.0063 Loss dta_preserve:  0.0052
Time:  0.0743 Epoch: 004 Iter:  100/ 600 LR: 0.0001000000 Loss content:  0.0171 Loss fft:  0.7948 Loss dta_rank:  0.7708 Loss dta_tv:  0.0298 Loss dta_proxy:  0.4433 Loss dta_trans:  0.0081 Loss dta_phys:  0.0063 Loss dta_preserve:  0.0052
Time:  0.0797 Epoch: 004 Iter:  150/ 600 LR: 0.0001000000 Loss content:  0.0172 Loss fft:  0.8282 Loss dta_rank:  0.7692 Loss dta_tv:  0.0299 Loss dta_proxy:  0.4513 Loss dta_trans:  0.0072 Loss dta_phys:  0.0066 Loss dta_preserve:  0.0061
Time:  0.0820 Epoch: 004 Iter:  200/ 600 LR: 0.0001000000 Loss content:  0.0169 Loss fft:  0.8174 Loss dta_rank:  0.7689 Loss dta_tv:  0.0300 Loss dta_proxy:  0.4462 Loss dta_trans:  0.0066 Loss dta_phys:  0.0068 Loss dta_preserve:  0.0046
Time:  0.0679 Epoch: 004 Iter:  250/ 600 LR: 0.0001000000 Loss content:  0.0170 Loss fft:  0.8176 Loss dta_rank:  0.7708 Loss dta_tv:  0.0307 Loss dta_proxy:  0.4537 Loss dta_trans:  0.0074 Loss dta_phys:  0.0064 Loss dta_preserve:  0.0040
Time:  0.0758 Epoch: 004 Iter:  300/ 600 LR: 0.0001000000 Loss content:  0.0172 Loss fft:  0.8359 Loss dta_rank:  0.7644 Loss dta_tv:  0.0297 Loss dta_proxy:  0.4554 Loss dta_trans:  0.0095 Loss dta_phys:  0.0073 Loss dta_preserve:  0.0051
Time:  0.0777 Epoch: 004 Iter:  350/ 600 LR: 0.0001000000 Loss content:  0.0176 Loss fft:  0.8098 Loss dta_rank:  0.7674 Loss dta_tv:  0.0296 Loss dta_proxy:  0.4305 Loss dta_trans:  0.0073 Loss dta_phys:  0.0068 Loss dta_preserve:  0.0053
Time:  0.0805 Epoch: 004 Iter:  400/ 600 LR: 0.0001000000 Loss content:  0.0170 Loss fft:  0.8268 Loss dta_rank:  0.7713 Loss dta_tv:  0.0298 Loss dta_proxy:  0.4436 Loss dta_trans:  0.0076 Loss dta_phys:  0.0071 Loss dta_preserve:  0.0049
Time:  0.0660 Epoch: 004 Iter:  450/ 600 LR: 0.0001000000 Loss content:  0.0166 Loss fft:  0.8058 Loss dta_rank:  0.7768 Loss dta_tv:  0.0297 Loss dta_proxy:  0.4750 Loss dta_trans:  0.0070 Loss dta_phys:  0.0072 Loss dta_preserve:  0.0041
Time:  0.0672 Epoch: 004 Iter:  500/ 600 LR: 0.0001000000 Loss content:  0.0171 Loss fft:  0.8034 Loss dta_rank:  0.7639 Loss dta_tv:  0.0293 Loss dta_proxy:  0.4613 Loss dta_trans:  0.0068 Loss dta_phys:  0.0072 Loss dta_preserve:  0.0054
Time:  0.0674 Epoch: 004 Iter:  550/ 600 LR: 0.0001000000 Loss content:  0.0176 Loss fft:  0.8464 Loss dta_rank:  0.7722 Loss dta_tv:  0.0291 Loss dta_proxy:  0.4520 Loss dta_trans:  0.0069 Loss dta_phys:  0.0069 Loss dta_preserve:  0.0043
Time:  0.0721 Epoch: 004 Iter:  600/ 600 LR: 0.0001000000 Loss content:  0.0166 Loss fft:  0.8044 Loss dta_rank:  0.7694 Loss dta_tv:  0.0300 Loss dta_proxy:  0.4324 Loss dta_trans:  0.0071 Loss dta_phys:  0.0066 Loss dta_preserve:  0.0047
EPOCH: 04
Elapsed time: 0.90 Epoch Pixel Loss:  0.0171 Epoch FFT Loss:  0.8174 Epoch DTA Rank:  0.7694 Epoch DTA TV:  0.0298 Epoch DTA Proxy:  0.4501 Epoch DTA Trans:  0.0075 Epoch DTA Phys:  0.0068 Epoch DTA Preserve:  0.0049
DTA_GATE_RAMP epoch=5 gate_limit=0.030000
Time:  0.0845 Epoch: 005 Iter:   50/ 600 LR: 0.0000983215 Loss content:  0.0169 Loss fft:  0.8063 Loss dta_rank:  0.7748 Loss dta_tv:  0.0292 Loss dta_proxy:  0.4539 Loss dta_trans:  0.0080 Loss dta_phys:  0.0067 Loss dta_preserve:  0.0051
Time:  0.0797 Epoch: 005 Iter:  100/ 600 LR: 0.0000983215 Loss content:  0.0171 Loss fft:  0.7875 Loss dta_rank:  0.7640 Loss dta_tv:  0.0286 Loss dta_proxy:  0.4683 Loss dta_trans:  0.0075 Loss dta_phys:  0.0075 Loss dta_preserve:  0.0046
Time:  0.0789 Epoch: 005 Iter:  150/ 600 LR: 0.0000983215 Loss content:  0.0172 Loss fft:  0.8166 Loss dta_rank:  0.7679 Loss dta_tv:  0.0281 Loss dta_proxy:  0.4481 Loss dta_trans:  0.0061 Loss dta_phys:  0.0062 Loss dta_preserve:  0.0044
Time:  0.0762 Epoch: 005 Iter:  200/ 600 LR: 0.0000983215 Loss content:  0.0175 Loss fft:  0.8154 Loss dta_rank:  0.7745 Loss dta_tv:  0.0279 Loss dta_proxy:  0.4628 Loss dta_trans:  0.0071 Loss dta_phys:  0.0067 Loss dta_preserve:  0.0068
Time:  0.0779 Epoch: 005 Iter:  250/ 600 LR: 0.0000983215 Loss content:  0.0163 Loss fft:  0.7822 Loss dta_rank:  0.7687 Loss dta_tv:  0.0286 Loss dta_proxy:  0.4568 Loss dta_trans:  0.0068 Loss dta_phys:  0.0073 Loss dta_preserve:  0.0048
Time:  0.0765 Epoch: 005 Iter:  300/ 600 LR: 0.0000983215 Loss content:  0.0173 Loss fft:  0.8380 Loss dta_rank:  0.7731 Loss dta_tv:  0.0291 Loss dta_proxy:  0.4273 Loss dta_trans:  0.0073 Loss dta_phys:  0.0064 Loss dta_preserve:  0.0044
Time:  0.0771 Epoch: 005 Iter:  350/ 600 LR: 0.0000983215 Loss content:  0.0181 Loss fft:  0.8580 Loss dta_rank:  0.7722 Loss dta_tv:  0.0280 Loss dta_proxy:  0.4597 Loss dta_trans:  0.0069 Loss dta_phys:  0.0069 Loss dta_preserve:  0.0051
Time:  0.0808 Epoch: 005 Iter:  400/ 600 LR: 0.0000983215 Loss content:  0.0175 Loss fft:  0.8016 Loss dta_rank:  0.7703 Loss dta_tv:  0.0281 Loss dta_proxy:  0.4729 Loss dta_trans:  0.0065 Loss dta_phys:  0.0066 Loss dta_preserve:  0.0044
Time:  0.0787 Epoch: 005 Iter:  450/ 600 LR: 0.0000983215 Loss content:  0.0168 Loss fft:  0.8263 Loss dta_rank:  0.7758 Loss dta_tv:  0.0293 Loss dta_proxy:  0.4418 Loss dta_trans:  0.0082 Loss dta_phys:  0.0063 Loss dta_preserve:  0.0050
Time:  0.0798 Epoch: 005 Iter:  500/ 600 LR: 0.0000983215 Loss content:  0.0183 Loss fft:  0.8343 Loss dta_rank:  0.7756 Loss dta_tv:  0.0277 Loss dta_proxy:  0.4626 Loss dta_trans:  0.0074 Loss dta_phys:  0.0065 Loss dta_preserve:  0.0068
Time:  0.0765 Epoch: 005 Iter:  550/ 600 LR: 0.0000983215 Loss content:  0.0174 Loss fft:  0.8457 Loss dta_rank:  0.7718 Loss dta_tv:  0.0278 Loss dta_proxy:  0.4514 Loss dta_trans:  0.0063 Loss dta_phys:  0.0071 Loss dta_preserve:  0.0045
Time:  0.0791 Epoch: 005 Iter:  600/ 600 LR: 0.0000983215 Loss content:  0.0173 Loss fft:  0.8196 Loss dta_rank:  0.7792 Loss dta_tv:  0.0283 Loss dta_proxy:  0.4549 Loss dta_trans:  0.0063 Loss dta_phys:  0.0063 Loss dta_preserve:  0.0054
EPOCH: 05
Elapsed time: 0.95 Epoch Pixel Loss:  0.0173 Epoch FFT Loss:  0.8193 Epoch DTA Rank:  0.7723 Epoch DTA TV:  0.0284 Epoch DTA Proxy:  0.4550 Epoch DTA Trans:  0.0070 Epoch DTA Phys:  0.0067 Epoch DTA Preserve:  0.0051
DTA_GATE_RAMP epoch=6 gate_limit=0.030000
Time:  0.0827 Epoch: 006 Iter:   50/ 600 LR: 0.0000942212 Loss content:  0.0168 Loss fft:  0.8181 Loss dta_rank:  0.7695 Loss dta_tv:  0.0285 Loss dta_proxy:  0.4300 Loss dta_trans:  0.0067 Loss dta_phys:  0.0068 Loss dta_preserve:  0.0054
Time:  0.0787 Epoch: 006 Iter:  100/ 600 LR: 0.0000942212 Loss content:  0.0173 Loss fft:  0.8327 Loss dta_rank:  0.7752 Loss dta_tv:  0.0281 Loss dta_proxy:  0.4317 Loss dta_trans:  0.0068 Loss dta_phys:  0.0063 Loss dta_preserve:  0.0050
Time:  0.0798 Epoch: 006 Iter:  150/ 600 LR: 0.0000942212 Loss content:  0.0164 Loss fft:  0.8148 Loss dta_rank:  0.7713 Loss dta_tv:  0.0277 Loss dta_proxy:  0.4521 Loss dta_trans:  0.0064 Loss dta_phys:  0.0065 Loss dta_preserve:  0.0049
Time:  0.0768 Epoch: 006 Iter:  200/ 600 LR: 0.0000942212 Loss content:  0.0177 Loss fft:  0.8182 Loss dta_rank:  0.7732 Loss dta_tv:  0.0273 Loss dta_proxy:  0.4592 Loss dta_trans:  0.0066 Loss dta_phys:  0.0073 Loss dta_preserve:  0.0058
Time:  0.0802 Epoch: 006 Iter:  250/ 600 LR: 0.0000942212 Loss content:  0.0177 Loss fft:  0.8255 Loss dta_rank:  0.7787 Loss dta_tv:  0.0276 Loss dta_proxy:  0.4673 Loss dta_trans:  0.0058 Loss dta_phys:  0.0069 Loss dta_preserve:  0.0057
Time:  0.0765 Epoch: 006 Iter:  300/ 600 LR: 0.0000942212 Loss content:  0.0170 Loss fft:  0.8148 Loss dta_rank:  0.7741 Loss dta_tv:  0.0281 Loss dta_proxy:  0.4506 Loss dta_trans:  0.0070 Loss dta_phys:  0.0068 Loss dta_preserve:  0.0049
Time:  0.0763 Epoch: 006 Iter:  350/ 600 LR: 0.0000942212 Loss content:  0.0175 Loss fft:  0.8240 Loss dta_rank:  0.7687 Loss dta_tv:  0.0273 Loss dta_proxy:  0.4558 Loss dta_trans:  0.0072 Loss dta_phys:  0.0071 Loss dta_preserve:  0.0050
Time:  0.0740 Epoch: 006 Iter:  400/ 600 LR: 0.0000942212 Loss content:  0.0169 Loss fft:  0.8079 Loss dta_rank:  0.7676 Loss dta_tv:  0.0262 Loss dta_proxy:  0.4575 Loss dta_trans:  0.0072 Loss dta_phys:  0.0069 Loss dta_preserve:  0.0052
Time:  0.0776 Epoch: 006 Iter:  450/ 600 LR: 0.0000942212 Loss content:  0.0172 Loss fft:  0.8296 Loss dta_rank:  0.7774 Loss dta_tv:  0.0276 Loss dta_proxy:  0.4408 Loss dta_trans:  0.0071 Loss dta_phys:  0.0060 Loss dta_preserve:  0.0053
Time:  0.0738 Epoch: 006 Iter:  500/ 600 LR: 0.0000942212 Loss content:  0.0170 Loss fft:  0.8230 Loss dta_rank:  0.7763 Loss dta_tv:  0.0267 Loss dta_proxy:  0.4798 Loss dta_trans:  0.0067 Loss dta_phys:  0.0069 Loss dta_preserve:  0.0044
Time:  0.0749 Epoch: 006 Iter:  550/ 600 LR: 0.0000942212 Loss content:  0.0173 Loss fft:  0.8153 Loss dta_rank:  0.7689 Loss dta_tv:  0.0266 Loss dta_proxy:  0.4602 Loss dta_trans:  0.0068 Loss dta_phys:  0.0070 Loss dta_preserve:  0.0054
Time:  0.0725 Epoch: 006 Iter:  600/ 600 LR: 0.0000942212 Loss content:  0.0174 Loss fft:  0.7990 Loss dta_rank:  0.7698 Loss dta_tv:  0.0265 Loss dta_proxy:  0.4734 Loss dta_trans:  0.0072 Loss dta_phys:  0.0064 Loss dta_preserve:  0.0054
EPOCH: 06
Elapsed time: 0.93 Epoch Pixel Loss:  0.0172 Epoch FFT Loss:  0.8186 Epoch DTA Rank:  0.7726 Epoch DTA TV:  0.0273 Epoch DTA Proxy:  0.4549 Epoch DTA Trans:  0.0068 Epoch DTA Phys:  0.0067 Epoch DTA Preserve:  0.0052
DTA_GATE_RAMP epoch=7 gate_limit=0.030000
Time:  0.0818 Epoch: 007 Iter:   50/ 600 LR: 0.0000886874 Loss content:  0.0167 Loss fft:  0.8414 Loss dta_rank:  0.7809 Loss dta_tv:  0.0281 Loss dta_proxy:  0.4440 Loss dta_trans:  0.0062 Loss dta_phys:  0.0064 Loss dta_preserve:  0.0044
Time:  0.0775 Epoch: 007 Iter:  100/ 600 LR: 0.0000886874 Loss content:  0.0165 Loss fft:  0.8018 Loss dta_rank:  0.7717 Loss dta_tv:  0.0259 Loss dta_proxy:  0.4803 Loss dta_trans:  0.0063 Loss dta_phys:  0.0069 Loss dta_preserve:  0.0057
Time:  0.0765 Epoch: 007 Iter:  150/ 600 LR: 0.0000886874 Loss content:  0.0175 Loss fft:  0.8482 Loss dta_rank:  0.7686 Loss dta_tv:  0.0272 Loss dta_proxy:  0.4493 Loss dta_trans:  0.0064 Loss dta_phys:  0.0070 Loss dta_preserve:  0.0050
Time:  0.0722 Epoch: 007 Iter:  200/ 600 LR: 0.0000886874 Loss content:  0.0170 Loss fft:  0.8228 Loss dta_rank:  0.7666 Loss dta_tv:  0.0271 Loss dta_proxy:  0.4359 Loss dta_trans:  0.0069 Loss dta_phys:  0.0071 Loss dta_preserve:  0.0051
Time:  0.0709 Epoch: 007 Iter:  250/ 600 LR: 0.0000886874 Loss content:  0.0183 Loss fft:  0.8423 Loss dta_rank:  0.7785 Loss dta_tv:  0.0270 Loss dta_proxy:  0.4535 Loss dta_trans:  0.0055 Loss dta_phys:  0.0066 Loss dta_preserve:  0.0075
Time:  0.0782 Epoch: 007 Iter:  300/ 600 LR: 0.0000886874 Loss content:  0.0174 Loss fft:  0.8315 Loss dta_rank:  0.7763 Loss dta_tv:  0.0272 Loss dta_proxy:  0.4525 Loss dta_trans:  0.0066 Loss dta_phys:  0.0074 Loss dta_preserve:  0.0054
Time:  0.0706 Epoch: 007 Iter:  350/ 600 LR: 0.0000886874 Loss content:  0.0171 Loss fft:  0.8303 Loss dta_rank:  0.7732 Loss dta_tv:  0.0262 Loss dta_proxy:  0.4701 Loss dta_trans:  0.0062 Loss dta_phys:  0.0067 Loss dta_preserve:  0.0056
Time:  0.0667 Epoch: 007 Iter:  400/ 600 LR: 0.0000886874 Loss content:  0.0168 Loss fft:  0.8188 Loss dta_rank:  0.7759 Loss dta_tv:  0.0271 Loss dta_proxy:  0.4554 Loss dta_trans:  0.0070 Loss dta_phys:  0.0066 Loss dta_preserve:  0.0050
Time:  0.0664 Epoch: 007 Iter:  450/ 600 LR: 0.0000886874 Loss content:  0.0166 Loss fft:  0.8085 Loss dta_rank:  0.7738 Loss dta_tv:  0.0272 Loss dta_proxy:  0.4497 Loss dta_trans:  0.0070 Loss dta_phys:  0.0066 Loss dta_preserve:  0.0045
Time:  0.0614 Epoch: 007 Iter:  500/ 600 LR: 0.0000886874 Loss content:  0.0177 Loss fft:  0.8277 Loss dta_rank:  0.7737 Loss dta_tv:  0.0267 Loss dta_proxy:  0.4588 Loss dta_trans:  0.0051 Loss dta_phys:  0.0064 Loss dta_preserve:  0.0043
Time:  0.0671 Epoch: 007 Iter:  550/ 600 LR: 0.0000886874 Loss content:  0.0173 Loss fft:  0.8349 Loss dta_rank:  0.7734 Loss dta_tv:  0.0270 Loss dta_proxy:  0.4483 Loss dta_trans:  0.0065 Loss dta_phys:  0.0061 Loss dta_preserve:  0.0053
Time:  0.0770 Epoch: 007 Iter:  600/ 600 LR: 0.0000886874 Loss content:  0.0162 Loss fft:  0.7842 Loss dta_rank:  0.7743 Loss dta_tv:  0.0261 Loss dta_proxy:  0.4679 Loss dta_trans:  0.0064 Loss dta_phys:  0.0074 Loss dta_preserve:  0.0047
EPOCH: 07
Elapsed time: 0.87 Epoch Pixel Loss:  0.0171 Epoch FFT Loss:  0.8243 Epoch DTA Rank:  0.7739 Epoch DTA TV:  0.0269 Epoch DTA Proxy:  0.4555 Epoch DTA Trans:  0.0064 Epoch DTA Phys:  0.0068 Epoch DTA Preserve:  0.0052
DTA_GATE_RAMP epoch=8 gate_limit=0.030000
Time:  0.0805 Epoch: 008 Iter:   50/ 600 LR: 0.0000819070 Loss content:  0.0171 Loss fft:  0.8293 Loss dta_rank:  0.7727 Loss dta_tv:  0.0277 Loss dta_proxy:  0.4552 Loss dta_trans:  0.0067 Loss dta_phys:  0.0068 Loss dta_preserve:  0.0047
Time:  0.0765 Epoch: 008 Iter:  100/ 600 LR: 0.0000819070 Loss content:  0.0176 Loss fft:  0.8375 Loss dta_rank:  0.7752 Loss dta_tv:  0.0268 Loss dta_proxy:  0.4473 Loss dta_trans:  0.0067 Loss dta_phys:  0.0070 Loss dta_preserve:  0.0047
Time:  0.0780 Epoch: 008 Iter:  150/ 600 LR: 0.0000819070 Loss content:  0.0171 Loss fft:  0.7996 Loss dta_rank:  0.7705 Loss dta_tv:  0.0260 Loss dta_proxy:  0.4671 Loss dta_trans:  0.0065 Loss dta_phys:  0.0068 Loss dta_preserve:  0.0061
Time:  0.0786 Epoch: 008 Iter:  200/ 600 LR: 0.0000819070 Loss content:  0.0175 Loss fft:  0.8556 Loss dta_rank:  0.7724 Loss dta_tv:  0.0265 Loss dta_proxy:  0.4482 Loss dta_trans:  0.0055 Loss dta_phys:  0.0064 Loss dta_preserve:  0.0044
Time:  0.0816 Epoch: 008 Iter:  250/ 600 LR: 0.0000819070 Loss content:  0.0164 Loss fft:  0.7970 Loss dta_rank:  0.7831 Loss dta_tv:  0.0258 Loss dta_proxy:  0.4650 Loss dta_trans:  0.0063 Loss dta_phys:  0.0065 Loss dta_preserve:  0.0053
Time:  0.0804 Epoch: 008 Iter:  300/ 600 LR: 0.0000819070 Loss content:  0.0163 Loss fft:  0.7939 Loss dta_rank:  0.7726 Loss dta_tv:  0.0259 Loss dta_proxy:  0.4607 Loss dta_trans:  0.0067 Loss dta_phys:  0.0066 Loss dta_preserve:  0.0047
Time:  0.0754 Epoch: 008 Iter:  350/ 600 LR: 0.0000819070 Loss content:  0.0176 Loss fft:  0.8156 Loss dta_rank:  0.7752 Loss dta_tv:  0.0261 Loss dta_proxy:  0.4483 Loss dta_trans:  0.0067 Loss dta_phys:  0.0069 Loss dta_preserve:  0.0051
Time:  0.0747 Epoch: 008 Iter:  400/ 600 LR: 0.0000819070 Loss content:  0.0174 Loss fft:  0.8289 Loss dta_rank:  0.7758 Loss dta_tv:  0.0269 Loss dta_proxy:  0.4441 Loss dta_trans:  0.0068 Loss dta_phys:  0.0067 Loss dta_preserve:  0.0051
Time:  0.0756 Epoch: 008 Iter:  450/ 600 LR: 0.0000819070 Loss content:  0.0177 Loss fft:  0.8352 Loss dta_rank:  0.7679 Loss dta_tv:  0.0261 Loss dta_proxy:  0.4432 Loss dta_trans:  0.0063 Loss dta_phys:  0.0060 Loss dta_preserve:  0.0053
Time:  0.0750 Epoch: 008 Iter:  500/ 600 LR: 0.0000819070 Loss content:  0.0171 Loss fft:  0.8228 Loss dta_rank:  0.7748 Loss dta_tv:  0.0270 Loss dta_proxy:  0.4661 Loss dta_trans:  0.0067 Loss dta_phys:  0.0070 Loss dta_preserve:  0.0063
Time:  0.0774 Epoch: 008 Iter:  550/ 600 LR: 0.0000819070 Loss content:  0.0177 Loss fft:  0.8186 Loss dta_rank:  0.7718 Loss dta_tv:  0.0261 Loss dta_proxy:  0.4515 Loss dta_trans:  0.0067 Loss dta_phys:  0.0072 Loss dta_preserve:  0.0058
Time:  0.0775 Epoch: 008 Iter:  600/ 600 LR: 0.0000819070 Loss content:  0.0160 Loss fft:  0.7837 Loss dta_rank:  0.7696 Loss dta_tv:  0.0267 Loss dta_proxy:  0.4445 Loss dta_trans:  0.0072 Loss dta_phys:  0.0070 Loss dta_preserve:  0.0044
EPOCH: 08
Elapsed time: 0.94 Epoch Pixel Loss:  0.0171 Epoch FFT Loss:  0.8181 Epoch DTA Rank:  0.7735 Epoch DTA TV:  0.0265 Epoch DTA Proxy:  0.4534 Epoch DTA Trans:  0.0066 Epoch DTA Phys:  0.0067 Epoch DTA Preserve:  0.0052
DTA_GATE_RAMP epoch=9 gate_limit=0.060000
Time:  0.0819 Epoch: 009 Iter:   50/ 600 LR: 0.0000741093 Loss content:  0.0170 Loss fft:  0.8292 Loss dta_rank:  0.7754 Loss dta_tv:  0.0257 Loss dta_proxy:  0.4707 Loss dta_trans:  0.0060 Loss dta_phys:  0.0064 Loss dta_preserve:  0.0057
Time:  0.0778 Epoch: 009 Iter:  100/ 600 LR: 0.0000741093 Loss content:  0.0175 Loss fft:  0.8233 Loss dta_rank:  0.7752 Loss dta_tv:  0.0267 Loss dta_proxy:  0.4600 Loss dta_trans:  0.0066 Loss dta_phys:  0.0069 Loss dta_preserve:  0.0060
Time:  0.0789 Epoch: 009 Iter:  150/ 600 LR: 0.0000741093 Loss content:  0.0173 Loss fft:  0.8286 Loss dta_rank:  0.7730 Loss dta_tv:  0.0266 Loss dta_proxy:  0.4366 Loss dta_trans:  0.0067 Loss dta_phys:  0.0068 Loss dta_preserve:  0.0060
Time:  0.0785 Epoch: 009 Iter:  200/ 600 LR: 0.0000741093 Loss content:  0.0176 Loss fft:  0.8099 Loss dta_rank:  0.7778 Loss dta_tv:  0.0273 Loss dta_proxy:  0.4312 Loss dta_trans:  0.0067 Loss dta_phys:  0.0071 Loss dta_preserve:  0.0053
Time:  0.0800 Epoch: 009 Iter:  250/ 600 LR: 0.0000741093 Loss content:  0.0175 Loss fft:  0.8504 Loss dta_rank:  0.7772 Loss dta_tv:  0.0256 Loss dta_proxy:  0.4869 Loss dta_trans:  0.0056 Loss dta_phys:  0.0070 Loss dta_preserve:  0.0049
Time:  0.0772 Epoch: 009 Iter:  300/ 600 LR: 0.0000741093 Loss content:  0.0170 Loss fft:  0.7956 Loss dta_rank:  0.7704 Loss dta_tv:  0.0262 Loss dta_proxy:  0.4515 Loss dta_trans:  0.0069 Loss dta_phys:  0.0067 Loss dta_preserve:  0.0066
Time:  0.0741 Epoch: 009 Iter:  350/ 600 LR: 0.0000741093 Loss content:  0.0177 Loss fft:  0.8319 Loss dta_rank:  0.7695 Loss dta_tv:  0.0256 Loss dta_proxy:  0.4678 Loss dta_trans:  0.0064 Loss dta_phys:  0.0067 Loss dta_preserve:  0.0040
Time:  0.0771 Epoch: 009 Iter:  400/ 600 LR: 0.0000741093 Loss content:  0.0169 Loss fft:  0.8142 Loss dta_rank:  0.7696 Loss dta_tv:  0.0257 Loss dta_proxy:  0.4780 Loss dta_trans:  0.0062 Loss dta_phys:  0.0074 Loss dta_preserve:  0.0052
Time:  0.0768 Epoch: 009 Iter:  450/ 600 LR: 0.0000741093 Loss content:  0.0167 Loss fft:  0.8056 Loss dta_rank:  0.7713 Loss dta_tv:  0.0266 Loss dta_proxy:  0.4453 Loss dta_trans:  0.0065 Loss dta_phys:  0.0065 Loss dta_preserve:  0.0046
Time:  0.0764 Epoch: 009 Iter:  500/ 600 LR: 0.0000741093 Loss content:  0.0178 Loss fft:  0.8168 Loss dta_rank:  0.7772 Loss dta_tv:  0.0263 Loss dta_proxy:  0.4637 Loss dta_trans:  0.0065 Loss dta_phys:  0.0070 Loss dta_preserve:  0.0061
Time:  0.0725 Epoch: 009 Iter:  550/ 600 LR: 0.0000741093 Loss content:  0.0179 Loss fft:  0.8333 Loss dta_rank:  0.7782 Loss dta_tv:  0.0255 Loss dta_proxy:  0.4608 Loss dta_trans:  0.0059 Loss dta_phys:  0.0066 Loss dta_preserve:  0.0057
Time:  0.0732 Epoch: 009 Iter:  600/ 600 LR: 0.0000741093 Loss content:  0.0167 Loss fft:  0.8077 Loss dta_rank:  0.7771 Loss dta_tv:  0.0261 Loss dta_proxy:  0.4427 Loss dta_trans:  0.0062 Loss dta_phys:  0.0073 Loss dta_preserve:  0.0056
EPOCH: 09
Elapsed time: 0.93 Epoch Pixel Loss:  0.0173 Epoch FFT Loss:  0.8205 Epoch DTA Rank:  0.7743 Epoch DTA TV:  0.0262 Epoch DTA Proxy:  0.4579 Epoch DTA Trans:  0.0063 Epoch DTA Phys:  0.0069 Epoch DTA Preserve:  0.0055
DTA_GATE_RAMP epoch=10 gate_limit=0.060000
Time:  0.0787 Epoch: 010 Iter:   50/ 600 LR: 0.0000655580 Loss content:  0.0169 Loss fft:  0.8128 Loss dta_rank:  0.7696 Loss dta_tv:  0.0265 Loss dta_proxy:  0.4356 Loss dta_trans:  0.0083 Loss dta_phys:  0.0066 Loss dta_preserve:  0.0062
Time:  0.0764 Epoch: 010 Iter:  100/ 600 LR: 0.0000655580 Loss content:  0.0174 Loss fft:  0.8462 Loss dta_rank:  0.7764 Loss dta_tv:  0.0257 Loss dta_proxy:  0.4626 Loss dta_trans:  0.0069 Loss dta_phys:  0.0073 Loss dta_preserve:  0.0058
Time:  0.0812 Epoch: 010 Iter:  150/ 600 LR: 0.0000655580 Loss content:  0.0168 Loss fft:  0.8138 Loss dta_rank:  0.7755 Loss dta_tv:  0.0252 Loss dta_proxy:  0.4676 Loss dta_trans:  0.0066 Loss dta_phys:  0.0066 Loss dta_preserve:  0.0042
Time:  0.0815 Epoch: 010 Iter:  200/ 600 LR: 0.0000655580 Loss content:  0.0172 Loss fft:  0.8086 Loss dta_rank:  0.7770 Loss dta_tv:  0.0258 Loss dta_proxy:  0.4662 Loss dta_trans:  0.0059 Loss dta_phys:  0.0065 Loss dta_preserve:  0.0042
Time:  0.0767 Epoch: 010 Iter:  250/ 600 LR: 0.0000655580 Loss content:  0.0171 Loss fft:  0.8320 Loss dta_rank:  0.7761 Loss dta_tv:  0.0253 Loss dta_proxy:  0.4592 Loss dta_trans:  0.0054 Loss dta_phys:  0.0068 Loss dta_preserve:  0.0052
Time:  0.0768 Epoch: 010 Iter:  300/ 600 LR: 0.0000655580 Loss content:  0.0170 Loss fft:  0.8052 Loss dta_rank:  0.7690 Loss dta_tv:  0.0259 Loss dta_proxy:  0.4402 Loss dta_trans:  0.0068 Loss dta_phys:  0.0067 Loss dta_preserve:  0.0047
Time:  0.0771 Epoch: 010 Iter:  350/ 600 LR: 0.0000655580 Loss content:  0.0177 Loss fft:  0.8571 Loss dta_rank:  0.7733 Loss dta_tv:  0.0249 Loss dta_proxy:  0.4604 Loss dta_trans:  0.0061 Loss dta_phys:  0.0064 Loss dta_preserve:  0.0055
Time:  0.0764 Epoch: 010 Iter:  400/ 600 LR: 0.0000655580 Loss content:  0.0172 Loss fft:  0.8280 Loss dta_rank:  0.7793 Loss dta_tv:  0.0256 Loss dta_proxy:  0.4606 Loss dta_trans:  0.0047 Loss dta_phys:  0.0061 Loss dta_preserve:  0.0050
Time:  0.0821 Epoch: 010 Iter:  450/ 600 LR: 0.0000655580 Loss content:  0.0174 Loss fft:  0.8238 Loss dta_rank:  0.7805 Loss dta_tv:  0.0264 Loss dta_proxy:  0.4639 Loss dta_trans:  0.0057 Loss dta_phys:  0.0074 Loss dta_preserve:  0.0043
Time:  0.0740 Epoch: 010 Iter:  500/ 600 LR: 0.0000655580 Loss content:  0.0164 Loss fft:  0.7915 Loss dta_rank:  0.7753 Loss dta_tv:  0.0266 Loss dta_proxy:  0.4253 Loss dta_trans:  0.0069 Loss dta_phys:  0.0068 Loss dta_preserve:  0.0039
Time:  0.0670 Epoch: 010 Iter:  550/ 600 LR: 0.0000655580 Loss content:  0.0173 Loss fft:  0.8228 Loss dta_rank:  0.7757 Loss dta_tv:  0.0255 Loss dta_proxy:  0.4550 Loss dta_trans:  0.0060 Loss dta_phys:  0.0065 Loss dta_preserve:  0.0043
Time:  0.0757 Epoch: 010 Iter:  600/ 600 LR: 0.0000655580 Loss content:  0.0173 Loss fft:  0.8176 Loss dta_rank:  0.7710 Loss dta_tv:  0.0246 Loss dta_proxy:  0.4741 Loss dta_trans:  0.0060 Loss dta_phys:  0.0069 Loss dta_preserve:  0.0059
EPOCH: 10
Elapsed time: 0.93 Epoch Pixel Loss:  0.0172 Epoch FFT Loss:  0.8216 Epoch DTA Rank:  0.7749 Epoch DTA TV:  0.0257 Epoch DTA Proxy:  0.4559 Epoch DTA Trans:  0.0063 Epoch DTA Phys:  0.0067 Epoch DTA Preserve:  0.0049
DTA_GATE_RAMP epoch=11 gate_limit=0.060000
Time:  0.0833 Epoch: 011 Iter:   50/ 600 LR: 0.0000565424 Loss content:  0.0169 Loss fft:  0.8128 Loss dta_rank:  0.7731 Loss dta_tv:  0.0254 Loss dta_proxy:  0.4590 Loss dta_trans:  0.0065 Loss dta_phys:  0.0064 Loss dta_preserve:  0.0050
Time:  0.0810 Epoch: 011 Iter:  100/ 600 LR: 0.0000565424 Loss content:  0.0174 Loss fft:  0.8099 Loss dta_rank:  0.7733 Loss dta_tv:  0.0254 Loss dta_proxy:  0.4650 Loss dta_trans:  0.0062 Loss dta_phys:  0.0072 Loss dta_preserve:  0.0045
Time:  0.0803 Epoch: 011 Iter:  150/ 600 LR: 0.0000565424 Loss content:  0.0168 Loss fft:  0.7950 Loss dta_rank:  0.7713 Loss dta_tv:  0.0255 Loss dta_proxy:  0.4516 Loss dta_trans:  0.0072 Loss dta_phys:  0.0071 Loss dta_preserve:  0.0051
Time:  0.0799 Epoch: 011 Iter:  200/ 600 LR: 0.0000565424 Loss content:  0.0176 Loss fft:  0.8560 Loss dta_rank:  0.7753 Loss dta_tv:  0.0257 Loss dta_proxy:  0.4361 Loss dta_trans:  0.0064 Loss dta_phys:  0.0059 Loss dta_preserve:  0.0048
Time:  0.0814 Epoch: 011 Iter:  250/ 600 LR: 0.0000565424 Loss content:  0.0171 Loss fft:  0.8346 Loss dta_rank:  0.7809 Loss dta_tv:  0.0255 Loss dta_proxy:  0.4635 Loss dta_trans:  0.0056 Loss dta_phys:  0.0059 Loss dta_preserve:  0.0048
Time:  0.0812 Epoch: 011 Iter:  300/ 600 LR: 0.0000565424 Loss content:  0.0173 Loss fft:  0.7964 Loss dta_rank:  0.7716 Loss dta_tv:  0.0254 Loss dta_proxy:  0.4616 Loss dta_trans:  0.0057 Loss dta_phys:  0.0069 Loss dta_preserve:  0.0049
Time:  0.0738 Epoch: 011 Iter:  350/ 600 LR: 0.0000565424 Loss content:  0.0176 Loss fft:  0.8372 Loss dta_rank:  0.7728 Loss dta_tv:  0.0254 Loss dta_proxy:  0.4572 Loss dta_trans:  0.0062 Loss dta_phys:  0.0066 Loss dta_preserve:  0.0056
Time:  0.0737 Epoch: 011 Iter:  400/ 600 LR: 0.0000565424 Loss content:  0.0169 Loss fft:  0.8114 Loss dta_rank:  0.7758 Loss dta_tv:  0.0255 Loss dta_proxy:  0.4537 Loss dta_trans:  0.0059 Loss dta_phys:  0.0063 Loss dta_preserve:  0.0055
Time:  0.0720 Epoch: 011 Iter:  450/ 600 LR: 0.0000565424 Loss content:  0.0172 Loss fft:  0.8245 Loss dta_rank:  0.7701 Loss dta_tv:  0.0256 Loss dta_proxy:  0.4479 Loss dta_trans:  0.0071 Loss dta_phys:  0.0073 Loss dta_preserve:  0.0043
Time:  0.0632 Epoch: 011 Iter:  500/ 600 LR: 0.0000565424 Loss content:  0.0176 Loss fft:  0.8010 Loss dta_rank:  0.7734 Loss dta_tv:  0.0247 Loss dta_proxy:  0.4486 Loss dta_trans:  0.0060 Loss dta_phys:  0.0072 Loss dta_preserve:  0.0054
Time:  0.0661 Epoch: 011 Iter:  550/ 600 LR: 0.0000565424 Loss content:  0.0175 Loss fft:  0.8290 Loss dta_rank:  0.7745 Loss dta_tv:  0.0261 Loss dta_proxy:  0.4423 Loss dta_trans:  0.0065 Loss dta_phys:  0.0067 Loss dta_preserve:  0.0041
Time:  0.0723 Epoch: 011 Iter:  600/ 600 LR: 0.0000565424 Loss content:  0.0167 Loss fft:  0.7964 Loss dta_rank:  0.7755 Loss dta_tv:  0.0258 Loss dta_proxy:  0.4480 Loss dta_trans:  0.0053 Loss dta_phys:  0.0068 Loss dta_preserve:  0.0052
EPOCH: 11
Elapsed time: 0.91 Epoch Pixel Loss:  0.0172 Epoch FFT Loss:  0.8170 Epoch DTA Rank:  0.7740 Epoch DTA TV:  0.0255 Epoch DTA Proxy:  0.4529 Epoch DTA Trans:  0.0062 Epoch DTA Phys:  0.0067 Epoch DTA Preserve:  0.0049
DTA_GATE_RAMP epoch=12 gate_limit=0.060000
Time:  0.0708 Epoch: 012 Iter:   50/ 600 LR: 0.0000473670 Loss content:  0.0174 Loss fft:  0.8617 Loss dta_rank:  0.7741 Loss dta_tv:  0.0258 Loss dta_proxy:  0.4706 Loss dta_trans:  0.0051 Loss dta_phys:  0.0066 Loss dta_preserve:  0.0051
Time:  0.0617 Epoch: 012 Iter:  100/ 600 LR: 0.0000473670 Loss content:  0.0164 Loss fft:  0.7687 Loss dta_rank:  0.7709 Loss dta_tv:  0.0259 Loss dta_proxy:  0.4351 Loss dta_trans:  0.0067 Loss dta_phys:  0.0070 Loss dta_preserve:  0.0052
Time:  0.0616 Epoch: 012 Iter:  150/ 600 LR: 0.0000473670 Loss content:  0.0170 Loss fft:  0.8318 Loss dta_rank:  0.7721 Loss dta_tv:  0.0253 Loss dta_proxy:  0.4681 Loss dta_trans:  0.0058 Loss dta_phys:  0.0070 Loss dta_preserve:  0.0053
Time:  0.0694 Epoch: 012 Iter:  200/ 600 LR: 0.0000473670 Loss content:  0.0166 Loss fft:  0.7977 Loss dta_rank:  0.7760 Loss dta_tv:  0.0258 Loss dta_proxy:  0.4452 Loss dta_trans:  0.0058 Loss dta_phys:  0.0065 Loss dta_preserve:  0.0045
Time:  0.0679 Epoch: 012 Iter:  250/ 600 LR: 0.0000473670 Loss content:  0.0164 Loss fft:  0.7862 Loss dta_rank:  0.7781 Loss dta_tv:  0.0259 Loss dta_proxy:  0.4554 Loss dta_trans:  0.0076 Loss dta_phys:  0.0077 Loss dta_preserve:  0.0046
Time:  0.0664 Epoch: 012 Iter:  300/ 600 LR: 0.0000473670 Loss content:  0.0174 Loss fft:  0.8182 Loss dta_rank:  0.7749 Loss dta_tv:  0.0246 Loss dta_proxy:  0.4561 Loss dta_trans:  0.0065 Loss dta_phys:  0.0061 Loss dta_preserve:  0.0052
Time:  0.0812 Epoch: 012 Iter:  350/ 600 LR: 0.0000473670 Loss content:  0.0166 Loss fft:  0.8064 Loss dta_rank:  0.7733 Loss dta_tv:  0.0263 Loss dta_proxy:  0.4498 Loss dta_trans:  0.0078 Loss dta_phys:  0.0081 Loss dta_preserve:  0.0057
Time:  0.0749 Epoch: 012 Iter:  400/ 600 LR: 0.0000473670 Loss content:  0.0171 Loss fft:  0.8516 Loss dta_rank:  0.7710 Loss dta_tv:  0.0254 Loss dta_proxy:  0.4454 Loss dta_trans:  0.0060 Loss dta_phys:  0.0065 Loss dta_preserve:  0.0056
Time:  0.0665 Epoch: 012 Iter:  450/ 600 LR: 0.0000473670 Loss content:  0.0179 Loss fft:  0.8595 Loss dta_rank:  0.7775 Loss dta_tv:  0.0248 Loss dta_proxy:  0.4730 Loss dta_trans:  0.0054 Loss dta_phys:  0.0066 Loss dta_preserve:  0.0043
Time:  0.0640 Epoch: 012 Iter:  500/ 600 LR: 0.0000473670 Loss content:  0.0169 Loss fft:  0.7994 Loss dta_rank:  0.7740 Loss dta_tv:  0.0249 Loss dta_proxy:  0.4630 Loss dta_trans:  0.0060 Loss dta_phys:  0.0065 Loss dta_preserve:  0.0067
Time:  0.0624 Epoch: 012 Iter:  550/ 600 LR: 0.0000473670 Loss content:  0.0169 Loss fft:  0.8232 Loss dta_rank:  0.7766 Loss dta_tv:  0.0256 Loss dta_proxy:  0.4481 Loss dta_trans:  0.0058 Loss dta_phys:  0.0062 Loss dta_preserve:  0.0056
Time:  0.0707 Epoch: 012 Iter:  600/ 600 LR: 0.0000473670 Loss content:  0.0182 Loss fft:  0.8608 Loss dta_rank:  0.7787 Loss dta_tv:  0.0248 Loss dta_proxy:  0.4631 Loss dta_trans:  0.0058 Loss dta_phys:  0.0069 Loss dta_preserve:  0.0070
EPOCH: 12
Elapsed time: 0.82 Epoch Pixel Loss:  0.0171 Epoch FFT Loss:  0.8221 Epoch DTA Rank:  0.7748 Epoch DTA TV:  0.0254 Epoch DTA Proxy:  0.4561 Epoch DTA Trans:  0.0062 Epoch DTA Phys:  0.0068 Epoch DTA Preserve:  0.0054
DTA_GATE_RAMP epoch=13 gate_limit=0.060000
Time:  0.0804 Epoch: 013 Iter:   50/ 600 LR: 0.0000383414 Loss content:  0.0163 Loss fft:  0.8083 Loss dta_rank:  0.7684 Loss dta_tv:  0.0249 Loss dta_proxy:  0.4513 Loss dta_trans:  0.0056 Loss dta_phys:  0.0070 Loss dta_preserve:  0.0050
Time:  0.0700 Epoch: 013 Iter:  100/ 600 LR: 0.0000383414 Loss content:  0.0167 Loss fft:  0.8029 Loss dta_rank:  0.7748 Loss dta_tv:  0.0256 Loss dta_proxy:  0.4454 Loss dta_trans:  0.0056 Loss dta_phys:  0.0065 Loss dta_preserve:  0.0052
Time:  0.0773 Epoch: 013 Iter:  150/ 600 LR: 0.0000383414 Loss content:  0.0174 Loss fft:  0.8321 Loss dta_rank:  0.7768 Loss dta_tv:  0.0248 Loss dta_proxy:  0.4626 Loss dta_trans:  0.0052 Loss dta_phys:  0.0066 Loss dta_preserve:  0.0048
Time:  0.0792 Epoch: 013 Iter:  200/ 600 LR: 0.0000383414 Loss content:  0.0168 Loss fft:  0.8188 Loss dta_rank:  0.7778 Loss dta_tv:  0.0258 Loss dta_proxy:  0.4561 Loss dta_trans:  0.0068 Loss dta_phys:  0.0065 Loss dta_preserve:  0.0045
Time:  0.0798 Epoch: 013 Iter:  250/ 600 LR: 0.0000383414 Loss content:  0.0165 Loss fft:  0.8069 Loss dta_rank:  0.7779 Loss dta_tv:  0.0249 Loss dta_proxy:  0.4742 Loss dta_trans:  0.0051 Loss dta_phys:  0.0067 Loss dta_preserve:  0.0043
Time:  0.0814 Epoch: 013 Iter:  300/ 600 LR: 0.0000383414 Loss content:  0.0172 Loss fft:  0.8374 Loss dta_rank:  0.7835 Loss dta_tv:  0.0253 Loss dta_proxy:  0.4631 Loss dta_trans:  0.0058 Loss dta_phys:  0.0067 Loss dta_preserve:  0.0046
Time:  0.0738 Epoch: 013 Iter:  350/ 600 LR: 0.0000383414 Loss content:  0.0172 Loss fft:  0.8383 Loss dta_rank:  0.7768 Loss dta_tv:  0.0260 Loss dta_proxy:  0.4376 Loss dta_trans:  0.0054 Loss dta_phys:  0.0058 Loss dta_preserve:  0.0053
Time:  0.0722 Epoch: 013 Iter:  400/ 600 LR: 0.0000383414 Loss content:  0.0177 Loss fft:  0.8341 Loss dta_rank:  0.7759 Loss dta_tv:  0.0251 Loss dta_proxy:  0.4615 Loss dta_trans:  0.0064 Loss dta_phys:  0.0071 Loss dta_preserve:  0.0048
Time:  0.0720 Epoch: 013 Iter:  450/ 600 LR: 0.0000383414 Loss content:  0.0176 Loss fft:  0.8083 Loss dta_rank:  0.7675 Loss dta_tv:  0.0252 Loss dta_proxy:  0.4409 Loss dta_trans:  0.0059 Loss dta_phys:  0.0063 Loss dta_preserve:  0.0058
Time:  0.0613 Epoch: 013 Iter:  500/ 600 LR: 0.0000383414 Loss content:  0.0173 Loss fft:  0.8115 Loss dta_rank:  0.7717 Loss dta_tv:  0.0254 Loss dta_proxy:  0.4407 Loss dta_trans:  0.0070 Loss dta_phys:  0.0071 Loss dta_preserve:  0.0056
Time:  0.0645 Epoch: 013 Iter:  550/ 600 LR: 0.0000383414 Loss content:  0.0172 Loss fft:  0.8142 Loss dta_rank:  0.7729 Loss dta_tv:  0.0256 Loss dta_proxy:  0.4472 Loss dta_trans:  0.0067 Loss dta_phys:  0.0069 Loss dta_preserve:  0.0055
Time:  0.0696 Epoch: 013 Iter:  600/ 600 LR: 0.0000383414 Loss content:  0.0170 Loss fft:  0.8398 Loss dta_rank:  0.7781 Loss dta_tv:  0.0256 Loss dta_proxy:  0.4635 Loss dta_trans:  0.0062 Loss dta_phys:  0.0070 Loss dta_preserve:  0.0044
EPOCH: 13
Elapsed time: 0.88 Epoch Pixel Loss:  0.0171 Epoch FFT Loss:  0.8211 Epoch DTA Rank:  0.7752 Epoch DTA TV:  0.0254 Epoch DTA Proxy:  0.4537 Epoch DTA Trans:  0.0060 Epoch DTA Phys:  0.0067 Epoch DTA Preserve:  0.0050
DTA_GATE_RAMP epoch=14 gate_limit=0.060000
Time:  0.0785 Epoch: 014 Iter:   50/ 600 LR: 0.0000297690 Loss content:  0.0170 Loss fft:  0.8106 Loss dta_rank:  0.7740 Loss dta_tv:  0.0255 Loss dta_proxy:  0.4452 Loss dta_trans:  0.0063 Loss dta_phys:  0.0063 Loss dta_preserve:  0.0041
Time:  0.0725 Epoch: 014 Iter:  100/ 600 LR: 0.0000297690 Loss content:  0.0164 Loss fft:  0.8079 Loss dta_rank:  0.7786 Loss dta_tv:  0.0258 Loss dta_proxy:  0.4343 Loss dta_trans:  0.0056 Loss dta_phys:  0.0061 Loss dta_preserve:  0.0052
Time:  0.0801 Epoch: 014 Iter:  150/ 600 LR: 0.0000297690 Loss content:  0.0175 Loss fft:  0.8064 Loss dta_rank:  0.7719 Loss dta_tv:  0.0251 Loss dta_proxy:  0.4572 Loss dta_trans:  0.0056 Loss dta_phys:  0.0064 Loss dta_preserve:  0.0057
Time:  0.0801 Epoch: 014 Iter:  200/ 600 LR: 0.0000297690 Loss content:  0.0172 Loss fft:  0.8115 Loss dta_rank:  0.7725 Loss dta_tv:  0.0252 Loss dta_proxy:  0.4394 Loss dta_trans:  0.0058 Loss dta_phys:  0.0072 Loss dta_preserve:  0.0073
Time:  0.0767 Epoch: 014 Iter:  250/ 600 LR: 0.0000297690 Loss content:  0.0179 Loss fft:  0.8342 Loss dta_rank:  0.7729 Loss dta_tv:  0.0247 Loss dta_proxy:  0.4633 Loss dta_trans:  0.0059 Loss dta_phys:  0.0070 Loss dta_preserve:  0.0050
Time:  0.0759 Epoch: 014 Iter:  300/ 600 LR: 0.0000297690 Loss content:  0.0171 Loss fft:  0.8284 Loss dta_rank:  0.7714 Loss dta_tv:  0.0245 Loss dta_proxy:  0.4681 Loss dta_trans:  0.0074 Loss dta_phys:  0.0074 Loss dta_preserve:  0.0038
Time:  0.0725 Epoch: 014 Iter:  350/ 600 LR: 0.0000297690 Loss content:  0.0178 Loss fft:  0.8272 Loss dta_rank:  0.7702 Loss dta_tv:  0.0248 Loss dta_proxy:  0.4559 Loss dta_trans:  0.0063 Loss dta_phys:  0.0074 Loss dta_preserve:  0.0046
Time:  0.0789 Epoch: 014 Iter:  400/ 600 LR: 0.0000297690 Loss content:  0.0174 Loss fft:  0.8297 Loss dta_rank:  0.7802 Loss dta_tv:  0.0252 Loss dta_proxy:  0.4509 Loss dta_trans:  0.0056 Loss dta_phys:  0.0071 Loss dta_preserve:  0.0054
Time:  0.0724 Epoch: 014 Iter:  450/ 600 LR: 0.0000297690 Loss content:  0.0173 Loss fft:  0.8118 Loss dta_rank:  0.7754 Loss dta_tv:  0.0255 Loss dta_proxy:  0.4639 Loss dta_trans:  0.0064 Loss dta_phys:  0.0071 Loss dta_preserve:  0.0056
Time:  0.0742 Epoch: 014 Iter:  500/ 600 LR: 0.0000297690 Loss content:  0.0169 Loss fft:  0.8181 Loss dta_rank:  0.7722 Loss dta_tv:  0.0250 Loss dta_proxy:  0.4472 Loss dta_trans:  0.0054 Loss dta_phys:  0.0065 Loss dta_preserve:  0.0064
Time:  0.0743 Epoch: 014 Iter:  550/ 600 LR: 0.0000297690 Loss content:  0.0167 Loss fft:  0.8266 Loss dta_rank:  0.7724 Loss dta_tv:  0.0251 Loss dta_proxy:  0.4489 Loss dta_trans:  0.0066 Loss dta_phys:  0.0065 Loss dta_preserve:  0.0047
Time:  0.0725 Epoch: 014 Iter:  600/ 600 LR: 0.0000297690 Loss content:  0.0172 Loss fft:  0.8303 Loss dta_rank:  0.7797 Loss dta_tv:  0.0254 Loss dta_proxy:  0.4581 Loss dta_trans:  0.0052 Loss dta_phys:  0.0064 Loss dta_preserve:  0.0054
EPOCH: 14
Elapsed time: 0.91 Epoch Pixel Loss:  0.0172 Epoch FFT Loss:  0.8202 Epoch DTA Rank:  0.7743 Epoch DTA TV:  0.0252 Epoch DTA Proxy:  0.4527 Epoch DTA Trans:  0.0060 Epoch DTA Phys:  0.0068 Epoch DTA Preserve:  0.0053
DTA_GATE_RAMP epoch=15 gate_limit=0.060000
Time:  0.0786 Epoch: 015 Iter:   50/ 600 LR: 0.0000219361 Loss content:  0.0177 Loss fft:  0.8360 Loss dta_rank:  0.7750 Loss dta_tv:  0.0243 Loss dta_proxy:  0.4797 Loss dta_trans:  0.0052 Loss dta_phys:  0.0060 Loss dta_preserve:  0.0071
Time:  0.0721 Epoch: 015 Iter:  100/ 600 LR: 0.0000219361 Loss content:  0.0170 Loss fft:  0.7971 Loss dta_rank:  0.7735 Loss dta_tv:  0.0254 Loss dta_proxy:  0.4481 Loss dta_trans:  0.0055 Loss dta_phys:  0.0068 Loss dta_preserve:  0.0060
Time:  0.0786 Epoch: 015 Iter:  150/ 600 LR: 0.0000219361 Loss content:  0.0167 Loss fft:  0.8065 Loss dta_rank:  0.7777 Loss dta_tv:  0.0257 Loss dta_proxy:  0.4428 Loss dta_trans:  0.0062 Loss dta_phys:  0.0064 Loss dta_preserve:  0.0045
Time:  0.0852 Epoch: 015 Iter:  200/ 600 LR: 0.0000219361 Loss content:  0.0172 Loss fft:  0.8590 Loss dta_rank:  0.7793 Loss dta_tv:  0.0250 Loss dta_proxy:  0.4648 Loss dta_trans:  0.0061 Loss dta_phys:  0.0067 Loss dta_preserve:  0.0042
Time:  0.0798 Epoch: 015 Iter:  250/ 600 LR: 0.0000219361 Loss content:  0.0164 Loss fft:  0.8025 Loss dta_rank:  0.7724 Loss dta_tv:  0.0250 Loss dta_proxy:  0.4432 Loss dta_trans:  0.0067 Loss dta_phys:  0.0071 Loss dta_preserve:  0.0047
Time:  0.0761 Epoch: 015 Iter:  300/ 600 LR: 0.0000219361 Loss content:  0.0160 Loss fft:  0.7762 Loss dta_rank:  0.7732 Loss dta_tv:  0.0244 Loss dta_proxy:  0.4578 Loss dta_trans:  0.0055 Loss dta_phys:  0.0072 Loss dta_preserve:  0.0048
Time:  0.0770 Epoch: 015 Iter:  350/ 600 LR: 0.0000219361 Loss content:  0.0176 Loss fft:  0.8387 Loss dta_rank:  0.7743 Loss dta_tv:  0.0254 Loss dta_proxy:  0.4579 Loss dta_trans:  0.0061 Loss dta_phys:  0.0079 Loss dta_preserve:  0.0054
Time:  0.0793 Epoch: 015 Iter:  400/ 600 LR: 0.0000219361 Loss content:  0.0176 Loss fft:  0.8296 Loss dta_rank:  0.7725 Loss dta_tv:  0.0244 Loss dta_proxy:  0.4559 Loss dta_trans:  0.0059 Loss dta_phys:  0.0062 Loss dta_preserve:  0.0061
Time:  0.0777 Epoch: 015 Iter:  450/ 600 LR: 0.0000219361 Loss content:  0.0174 Loss fft:  0.8322 Loss dta_rank:  0.7732 Loss dta_tv:  0.0254 Loss dta_proxy:  0.4459 Loss dta_trans:  0.0061 Loss dta_phys:  0.0070 Loss dta_preserve:  0.0059
Time:  0.0757 Epoch: 015 Iter:  500/ 600 LR: 0.0000219361 Loss content:  0.0175 Loss fft:  0.8379 Loss dta_rank:  0.7777 Loss dta_tv:  0.0255 Loss dta_proxy:  0.4474 Loss dta_trans:  0.0061 Loss dta_phys:  0.0061 Loss dta_preserve:  0.0044
Time:  0.0805 Epoch: 015 Iter:  550/ 600 LR: 0.0000219361 Loss content:  0.0170 Loss fft:  0.8042 Loss dta_rank:  0.7774 Loss dta_tv:  0.0255 Loss dta_proxy:  0.4507 Loss dta_trans:  0.0058 Loss dta_phys:  0.0064 Loss dta_preserve:  0.0046
Time:  0.0763 Epoch: 015 Iter:  600/ 600 LR: 0.0000219361 Loss content:  0.0167 Loss fft:  0.7935 Loss dta_rank:  0.7737 Loss dta_tv:  0.0252 Loss dta_proxy:  0.4532 Loss dta_trans:  0.0065 Loss dta_phys:  0.0075 Loss dta_preserve:  0.0044
EPOCH: 15
Elapsed time: 0.94 Epoch Pixel Loss:  0.0171 Epoch FFT Loss:  0.8178 Epoch DTA Rank:  0.7750 Epoch DTA TV:  0.0251 Epoch DTA Proxy:  0.4539 Epoch DTA Trans:  0.0060 Epoch DTA Phys:  0.0068 Epoch DTA Preserve:  0.0052
DTA_GATE_RAMP epoch=16 gate_limit=0.060000
Time:  0.0828 Epoch: 016 Iter:   50/ 600 LR: 0.0000151017 Loss content:  0.0168 Loss fft:  0.8135 Loss dta_rank:  0.7778 Loss dta_tv:  0.0237 Loss dta_proxy:  0.4825 Loss dta_trans:  0.0049 Loss dta_phys:  0.0073 Loss dta_preserve:  0.0051
Time:  0.0756 Epoch: 016 Iter:  100/ 600 LR: 0.0000151017 Loss content:  0.0175 Loss fft:  0.8511 Loss dta_rank:  0.7789 Loss dta_tv:  0.0243 Loss dta_proxy:  0.4762 Loss dta_trans:  0.0048 Loss dta_phys:  0.0066 Loss dta_preserve:  0.0059
Time:  0.0763 Epoch: 016 Iter:  150/ 600 LR: 0.0000151017 Loss content:  0.0180 Loss fft:  0.8369 Loss dta_rank:  0.7829 Loss dta_tv:  0.0256 Loss dta_proxy:  0.4468 Loss dta_trans:  0.0056 Loss dta_phys:  0.0058 Loss dta_preserve:  0.0051
Time:  0.0750 Epoch: 016 Iter:  200/ 600 LR: 0.0000151017 Loss content:  0.0172 Loss fft:  0.8133 Loss dta_rank:  0.7721 Loss dta_tv:  0.0252 Loss dta_proxy:  0.4380 Loss dta_trans:  0.0058 Loss dta_phys:  0.0060 Loss dta_preserve:  0.0058
Time:  0.0750 Epoch: 016 Iter:  250/ 600 LR: 0.0000151017 Loss content:  0.0172 Loss fft:  0.8080 Loss dta_rank:  0.7736 Loss dta_tv:  0.0258 Loss dta_proxy:  0.4377 Loss dta_trans:  0.0064 Loss dta_phys:  0.0067 Loss dta_preserve:  0.0048
Time:  0.0749 Epoch: 016 Iter:  300/ 600 LR: 0.0000151017 Loss content:  0.0179 Loss fft:  0.8404 Loss dta_rank:  0.7756 Loss dta_tv:  0.0255 Loss dta_proxy:  0.4502 Loss dta_trans:  0.0075 Loss dta_phys:  0.0071 Loss dta_preserve:  0.0072
Time:  0.0772 Epoch: 016 Iter:  350/ 600 LR: 0.0000151017 Loss content:  0.0169 Loss fft:  0.8119 Loss dta_rank:  0.7705 Loss dta_tv:  0.0251 Loss dta_proxy:  0.4576 Loss dta_trans:  0.0060 Loss dta_phys:  0.0068 Loss dta_preserve:  0.0060
Time:  0.0698 Epoch: 016 Iter:  400/ 600 LR: 0.0000151017 Loss content:  0.0166 Loss fft:  0.7897 Loss dta_rank:  0.7771 Loss dta_tv:  0.0253 Loss dta_proxy:  0.4541 Loss dta_trans:  0.0051 Loss dta_phys:  0.0067 Loss dta_preserve:  0.0050
Time:  0.0738 Epoch: 016 Iter:  450/ 600 LR: 0.0000151017 Loss content:  0.0171 Loss fft:  0.8317 Loss dta_rank:  0.7749 Loss dta_tv:  0.0249 Loss dta_proxy:  0.4584 Loss dta_trans:  0.0053 Loss dta_phys:  0.0075 Loss dta_preserve:  0.0059
Time:  0.0749 Epoch: 016 Iter:  500/ 600 LR: 0.0000151017 Loss content:  0.0175 Loss fft:  0.8265 Loss dta_rank:  0.7724 Loss dta_tv:  0.0245 Loss dta_proxy:  0.4677 Loss dta_trans:  0.0062 Loss dta_phys:  0.0070 Loss dta_preserve:  0.0045
Time:  0.0743 Epoch: 016 Iter:  550/ 600 LR: 0.0000151017 Loss content:  0.0175 Loss fft:  0.8255 Loss dta_rank:  0.7711 Loss dta_tv:  0.0247 Loss dta_proxy:  0.4473 Loss dta_trans:  0.0064 Loss dta_phys:  0.0073 Loss dta_preserve:  0.0060
Time:  0.0745 Epoch: 016 Iter:  600/ 600 LR: 0.0000151017 Loss content:  0.0166 Loss fft:  0.8078 Loss dta_rank:  0.7707 Loss dta_tv:  0.0255 Loss dta_proxy:  0.4390 Loss dta_trans:  0.0058 Loss dta_phys:  0.0065 Loss dta_preserve:  0.0053
EPOCH: 16
Elapsed time: 0.91 Epoch Pixel Loss:  0.0172 Epoch FFT Loss:  0.8214 Epoch DTA Rank:  0.7748 Epoch DTA TV:  0.0250 Epoch DTA Proxy:  0.4546 Epoch DTA Trans:  0.0058 Epoch DTA Phys:  0.0068 Epoch DTA Preserve:  0.0055
DTA_GATE_RAMP epoch=17 gate_limit=0.060000
Time:  0.0684 Epoch: 017 Iter:   50/ 600 LR: 0.0000094853 Loss content:  0.0169 Loss fft:  0.7893 Loss dta_rank:  0.7733 Loss dta_tv:  0.0249 Loss dta_proxy:  0.4468 Loss dta_trans:  0.0061 Loss dta_phys:  0.0069 Loss dta_preserve:  0.0056
Time:  0.0657 Epoch: 017 Iter:  100/ 600 LR: 0.0000094853 Loss content:  0.0172 Loss fft:  0.8378 Loss dta_rank:  0.7729 Loss dta_tv:  0.0250 Loss dta_proxy:  0.4407 Loss dta_trans:  0.0052 Loss dta_phys:  0.0068 Loss dta_preserve:  0.0066
Time:  0.0688 Epoch: 017 Iter:  150/ 600 LR: 0.0000094853 Loss content:  0.0175 Loss fft:  0.8387 Loss dta_rank:  0.7769 Loss dta_tv:  0.0245 Loss dta_proxy:  0.4601 Loss dta_trans:  0.0068 Loss dta_phys:  0.0063 Loss dta_preserve:  0.0054
Time:  0.0662 Epoch: 017 Iter:  200/ 600 LR: 0.0000094853 Loss content:  0.0177 Loss fft:  0.8315 Loss dta_rank:  0.7765 Loss dta_tv:  0.0252 Loss dta_proxy:  0.4533 Loss dta_trans:  0.0060 Loss dta_phys:  0.0073 Loss dta_preserve:  0.0050
Time:  0.0660 Epoch: 017 Iter:  250/ 600 LR: 0.0000094853 Loss content:  0.0173 Loss fft:  0.8438 Loss dta_rank:  0.7741 Loss dta_tv:  0.0256 Loss dta_proxy:  0.4435 Loss dta_trans:  0.0056 Loss dta_phys:  0.0066 Loss dta_preserve:  0.0061
Time:  0.0663 Epoch: 017 Iter:  300/ 600 LR: 0.0000094853 Loss content:  0.0174 Loss fft:  0.8325 Loss dta_rank:  0.7807 Loss dta_tv:  0.0250 Loss dta_proxy:  0.4608 Loss dta_trans:  0.0054 Loss dta_phys:  0.0062 Loss dta_preserve:  0.0046
Time:  0.0662 Epoch: 017 Iter:  350/ 600 LR: 0.0000094853 Loss content:  0.0176 Loss fft:  0.8142 Loss dta_rank:  0.7773 Loss dta_tv:  0.0249 Loss dta_proxy:  0.4600 Loss dta_trans:  0.0062 Loss dta_phys:  0.0067 Loss dta_preserve:  0.0044
Time:  0.0658 Epoch: 017 Iter:  400/ 600 LR: 0.0000094853 Loss content:  0.0178 Loss fft:  0.7989 Loss dta_rank:  0.7729 Loss dta_tv:  0.0249 Loss dta_proxy:  0.4590 Loss dta_trans:  0.0061 Loss dta_phys:  0.0071 Loss dta_preserve:  0.0043
Time:  0.0776 Epoch: 017 Iter:  450/ 600 LR: 0.0000094853 Loss content:  0.0172 Loss fft:  0.8288 Loss dta_rank:  0.7706 Loss dta_tv:  0.0253 Loss dta_proxy:  0.4487 Loss dta_trans:  0.0067 Loss dta_phys:  0.0065 Loss dta_preserve:  0.0060
Time:  0.0783 Epoch: 017 Iter:  500/ 600 LR: 0.0000094853 Loss content:  0.0172 Loss fft:  0.8214 Loss dta_rank:  0.7689 Loss dta_tv:  0.0249 Loss dta_proxy:  0.4541 Loss dta_trans:  0.0057 Loss dta_phys:  0.0070 Loss dta_preserve:  0.0049
Time:  0.0792 Epoch: 017 Iter:  550/ 600 LR: 0.0000094853 Loss content:  0.0168 Loss fft:  0.8106 Loss dta_rank:  0.7793 Loss dta_tv:  0.0256 Loss dta_proxy:  0.4434 Loss dta_trans:  0.0063 Loss dta_phys:  0.0074 Loss dta_preserve:  0.0045
Time:  0.0793 Epoch: 017 Iter:  600/ 600 LR: 0.0000094853 Loss content:  0.0175 Loss fft:  0.8187 Loss dta_rank:  0.7689 Loss dta_tv:  0.0247 Loss dta_proxy:  0.4430 Loss dta_trans:  0.0058 Loss dta_phys:  0.0065 Loss dta_preserve:  0.0053
EPOCH: 17
Elapsed time: 0.85 Epoch Pixel Loss:  0.0173 Epoch FFT Loss:  0.8222 Epoch DTA Rank:  0.7744 Epoch DTA TV:  0.0250 Epoch DTA Proxy:  0.4511 Epoch DTA Trans:  0.0060 Epoch DTA Phys:  0.0068 Epoch DTA Preserve:  0.0052
DTA_GATE_RAMP epoch=18 gate_limit=0.060000
Time:  0.0815 Epoch: 018 Iter:   50/ 600 LR: 0.0000052550 Loss content:  0.0175 Loss fft:  0.8338 Loss dta_rank:  0.7760 Loss dta_tv:  0.0249 Loss dta_proxy:  0.4457 Loss dta_trans:  0.0072 Loss dta_phys:  0.0080 Loss dta_preserve:  0.0047
Time:  0.0789 Epoch: 018 Iter:  100/ 600 LR: 0.0000052550 Loss content:  0.0173 Loss fft:  0.8281 Loss dta_rank:  0.7730 Loss dta_tv:  0.0242 Loss dta_proxy:  0.4692 Loss dta_trans:  0.0060 Loss dta_phys:  0.0064 Loss dta_preserve:  0.0051
Time:  0.0744 Epoch: 018 Iter:  150/ 600 LR: 0.0000052550 Loss content:  0.0162 Loss fft:  0.7884 Loss dta_rank:  0.7693 Loss dta_tv:  0.0249 Loss dta_proxy:  0.4323 Loss dta_trans:  0.0064 Loss dta_phys:  0.0061 Loss dta_preserve:  0.0049
Time:  0.0753 Epoch: 018 Iter:  200/ 600 LR: 0.0000052550 Loss content:  0.0175 Loss fft:  0.8227 Loss dta_rank:  0.7694 Loss dta_tv:  0.0249 Loss dta_proxy:  0.4532 Loss dta_trans:  0.0057 Loss dta_phys:  0.0066 Loss dta_preserve:  0.0044
Time:  0.0802 Epoch: 018 Iter:  250/ 600 LR: 0.0000052550 Loss content:  0.0176 Loss fft:  0.8384 Loss dta_rank:  0.7792 Loss dta_tv:  0.0251 Loss dta_proxy:  0.4524 Loss dta_trans:  0.0059 Loss dta_phys:  0.0069 Loss dta_preserve:  0.0059
Time:  0.0793 Epoch: 018 Iter:  300/ 600 LR: 0.0000052550 Loss content:  0.0167 Loss fft:  0.7975 Loss dta_rank:  0.7693 Loss dta_tv:  0.0245 Loss dta_proxy:  0.4566 Loss dta_trans:  0.0063 Loss dta_phys:  0.0066 Loss dta_preserve:  0.0056
Time:  0.0787 Epoch: 018 Iter:  350/ 600 LR: 0.0000052550 Loss content:  0.0168 Loss fft:  0.7936 Loss dta_rank:  0.7687 Loss dta_tv:  0.0246 Loss dta_proxy:  0.4560 Loss dta_trans:  0.0057 Loss dta_phys:  0.0071 Loss dta_preserve:  0.0050
Time:  0.0744 Epoch: 018 Iter:  400/ 600 LR: 0.0000052550 Loss content:  0.0179 Loss fft:  0.8250 Loss dta_rank:  0.7711 Loss dta_tv:  0.0249 Loss dta_proxy:  0.4521 Loss dta_trans:  0.0061 Loss dta_phys:  0.0066 Loss dta_preserve:  0.0068
Time:  0.0733 Epoch: 018 Iter:  450/ 600 LR: 0.0000052550 Loss content:  0.0170 Loss fft:  0.8199 Loss dta_rank:  0.7731 Loss dta_tv:  0.0257 Loss dta_proxy:  0.4357 Loss dta_trans:  0.0054 Loss dta_phys:  0.0074 Loss dta_preserve:  0.0063
Time:  0.0728 Epoch: 018 Iter:  500/ 600 LR: 0.0000052550 Loss content:  0.0172 Loss fft:  0.7998 Loss dta_rank:  0.7727 Loss dta_tv:  0.0247 Loss dta_proxy:  0.4525 Loss dta_trans:  0.0058 Loss dta_phys:  0.0068 Loss dta_preserve:  0.0042
Time:  0.0715 Epoch: 018 Iter:  550/ 600 LR: 0.0000052550 Loss content:  0.0176 Loss fft:  0.8335 Loss dta_rank:  0.7748 Loss dta_tv:  0.0249 Loss dta_proxy:  0.4569 Loss dta_trans:  0.0053 Loss dta_phys:  0.0070 Loss dta_preserve:  0.0075
Time:  0.0784 Epoch: 018 Iter:  600/ 600 LR: 0.0000052550 Loss content:  0.0165 Loss fft:  0.8243 Loss dta_rank:  0.7753 Loss dta_tv:  0.0254 Loss dta_proxy:  0.4539 Loss dta_trans:  0.0056 Loss dta_phys:  0.0061 Loss dta_preserve:  0.0044
EPOCH: 18
Elapsed time: 0.92 Epoch Pixel Loss:  0.0171 Epoch FFT Loss:  0.8171 Epoch DTA Rank:  0.7727 Epoch DTA TV:  0.0249 Epoch DTA Proxy:  0.4514 Epoch DTA Trans:  0.0060 Epoch DTA Phys:  0.0068 Epoch DTA Preserve:  0.0054
DTA_GATE_RAMP epoch=19 gate_limit=0.060000
Time:  0.0789 Epoch: 019 Iter:   50/ 600 LR: 0.0000025070 Loss content:  0.0172 Loss fft:  0.8221 Loss dta_rank:  0.7776 Loss dta_tv:  0.0255 Loss dta_proxy:  0.4527 Loss dta_trans:  0.0062 Loss dta_phys:  0.0065 Loss dta_preserve:  0.0041
Time:  0.0736 Epoch: 019 Iter:  100/ 600 LR: 0.0000025070 Loss content:  0.0180 Loss fft:  0.8349 Loss dta_rank:  0.7743 Loss dta_tv:  0.0248 Loss dta_proxy:  0.4726 Loss dta_trans:  0.0059 Loss dta_phys:  0.0068 Loss dta_preserve:  0.0070
Time:  0.0734 Epoch: 019 Iter:  150/ 600 LR: 0.0000025070 Loss content:  0.0168 Loss fft:  0.8253 Loss dta_rank:  0.7742 Loss dta_tv:  0.0261 Loss dta_proxy:  0.4413 Loss dta_trans:  0.0073 Loss dta_phys:  0.0066 Loss dta_preserve:  0.0051
Time:  0.0696 Epoch: 019 Iter:  200/ 600 LR: 0.0000025070 Loss content:  0.0176 Loss fft:  0.8525 Loss dta_rank:  0.7744 Loss dta_tv:  0.0242 Loss dta_proxy:  0.4693 Loss dta_trans:  0.0052 Loss dta_phys:  0.0065 Loss dta_preserve:  0.0052
Time:  0.0748 Epoch: 019 Iter:  250/ 600 LR: 0.0000025070 Loss content:  0.0171 Loss fft:  0.8158 Loss dta_rank:  0.7733 Loss dta_tv:  0.0250 Loss dta_proxy:  0.4587 Loss dta_trans:  0.0062 Loss dta_phys:  0.0069 Loss dta_preserve:  0.0050
Time:  0.0790 Epoch: 019 Iter:  300/ 600 LR: 0.0000025070 Loss content:  0.0172 Loss fft:  0.8038 Loss dta_rank:  0.7740 Loss dta_tv:  0.0246 Loss dta_proxy:  0.4594 Loss dta_trans:  0.0049 Loss dta_phys:  0.0071 Loss dta_preserve:  0.0066
Time:  0.0857 Epoch: 019 Iter:  350/ 600 LR: 0.0000025070 Loss content:  0.0173 Loss fft:  0.7995 Loss dta_rank:  0.7732 Loss dta_tv:  0.0247 Loss dta_proxy:  0.4454 Loss dta_trans:  0.0058 Loss dta_phys:  0.0069 Loss dta_preserve:  0.0047
Time:  0.1014 Epoch: 019 Iter:  400/ 600 LR: 0.0000025070 Loss content:  0.0172 Loss fft:  0.8067 Loss dta_rank:  0.7755 Loss dta_tv:  0.0245 Loss dta_proxy:  0.4586 Loss dta_trans:  0.0057 Loss dta_phys:  0.0068 Loss dta_preserve:  0.0045
Time:  0.0997 Epoch: 019 Iter:  450/ 600 LR: 0.0000025070 Loss content:  0.0171 Loss fft:  0.8311 Loss dta_rank:  0.7751 Loss dta_tv:  0.0253 Loss dta_proxy:  0.4380 Loss dta_trans:  0.0060 Loss dta_phys:  0.0070 Loss dta_preserve:  0.0056
Time:  0.0932 Epoch: 019 Iter:  500/ 600 LR: 0.0000025070 Loss content:  0.0173 Loss fft:  0.8592 Loss dta_rank:  0.7827 Loss dta_tv:  0.0249 Loss dta_proxy:  0.4702 Loss dta_trans:  0.0052 Loss dta_phys:  0.0066 Loss dta_preserve:  0.0055
Time:  0.0900 Epoch: 019 Iter:  550/ 600 LR: 0.0000025070 Loss content:  0.0162 Loss fft:  0.7923 Loss dta_rank:  0.7724 Loss dta_tv:  0.0252 Loss dta_proxy:  0.4330 Loss dta_trans:  0.0059 Loss dta_phys:  0.0066 Loss dta_preserve:  0.0049
Time:  0.0829 Epoch: 019 Iter:  600/ 600 LR: 0.0000025070 Loss content:  0.0176 Loss fft:  0.8116 Loss dta_rank:  0.7646 Loss dta_tv:  0.0252 Loss dta_proxy:  0.4442 Loss dta_trans:  0.0072 Loss dta_phys:  0.0071 Loss dta_preserve:  0.0051
EPOCH: 19
Elapsed time: 1.01 Epoch Pixel Loss:  0.0172 Epoch FFT Loss:  0.8212 Epoch DTA Rank:  0.7743 Epoch DTA TV:  0.0250 Epoch DTA Proxy:  0.4536 Epoch DTA Trans:  0.0060 Epoch DTA Phys:  0.0068 Epoch DTA Preserve:  0.0053
DTA_GATE_RAMP epoch=20 gate_limit=0.060000
Time:  0.0988 Epoch: 020 Iter:   50/ 600 LR: 0.0000012125 Loss content:  0.0177 Loss fft:  0.8577 Loss dta_rank:  0.7789 Loss dta_tv:  0.0247 Loss dta_proxy:  0.4565 Loss dta_trans:  0.0058 Loss dta_phys:  0.0065 Loss dta_preserve:  0.0050
Time:  0.0951 Epoch: 020 Iter:  100/ 600 LR: 0.0000012125 Loss content:  0.0178 Loss fft:  0.8240 Loss dta_rank:  0.7699 Loss dta_tv:  0.0252 Loss dta_proxy:  0.4433 Loss dta_trans:  0.0061 Loss dta_phys:  0.0071 Loss dta_preserve:  0.0050
Time:  0.0954 Epoch: 020 Iter:  150/ 600 LR: 0.0000012125 Loss content:  0.0169 Loss fft:  0.8153 Loss dta_rank:  0.7774 Loss dta_tv:  0.0246 Loss dta_proxy:  0.4614 Loss dta_trans:  0.0059 Loss dta_phys:  0.0065 Loss dta_preserve:  0.0063
Time:  0.0757 Epoch: 020 Iter:  200/ 600 LR: 0.0000012125 Loss content:  0.0171 Loss fft:  0.8309 Loss dta_rank:  0.7761 Loss dta_tv:  0.0259 Loss dta_proxy:  0.4342 Loss dta_trans:  0.0061 Loss dta_phys:  0.0071 Loss dta_preserve:  0.0070
Time:  0.0950 Epoch: 020 Iter:  250/ 600 LR: 0.0000012125 Loss content:  0.0175 Loss fft:  0.8088 Loss dta_rank:  0.7761 Loss dta_tv:  0.0243 Loss dta_proxy:  0.4618 Loss dta_trans:  0.0051 Loss dta_phys:  0.0064 Loss dta_preserve:  0.0046
Time:  0.0940 Epoch: 020 Iter:  300/ 600 LR: 0.0000012125 Loss content:  0.0176 Loss fft:  0.8141 Loss dta_rank:  0.7715 Loss dta_tv:  0.0253 Loss dta_proxy:  0.4406 Loss dta_trans:  0.0063 Loss dta_phys:  0.0067 Loss dta_preserve:  0.0059
Time:  0.0983 Epoch: 020 Iter:  350/ 600 LR: 0.0000012125 Loss content:  0.0166 Loss fft:  0.7811 Loss dta_rank:  0.7741 Loss dta_tv:  0.0246 Loss dta_proxy:  0.4434 Loss dta_trans:  0.0068 Loss dta_phys:  0.0067 Loss dta_preserve:  0.0038
Time:  0.1061 Epoch: 020 Iter:  400/ 600 LR: 0.0000012125 Loss content:  0.0170 Loss fft:  0.8081 Loss dta_rank:  0.7720 Loss dta_tv:  0.0248 Loss dta_proxy:  0.4594 Loss dta_trans:  0.0057 Loss dta_phys:  0.0075 Loss dta_preserve:  0.0064
Time:  0.0966 Epoch: 020 Iter:  450/ 600 LR: 0.0000012125 Loss content:  0.0168 Loss fft:  0.7936 Loss dta_rank:  0.7747 Loss dta_tv:  0.0251 Loss dta_proxy:  0.4510 Loss dta_trans:  0.0057 Loss dta_phys:  0.0071 Loss dta_preserve:  0.0056
Time:  0.1044 Epoch: 020 Iter:  500/ 600 LR: 0.0000012125 Loss content:  0.0169 Loss fft:  0.8181 Loss dta_rank:  0.7767 Loss dta_tv:  0.0250 Loss dta_proxy:  0.4699 Loss dta_trans:  0.0057 Loss dta_phys:  0.0058 Loss dta_preserve:  0.0055
Time:  0.0874 Epoch: 020 Iter:  550/ 600 LR: 0.0000012125 Loss content:  0.0170 Loss fft:  0.8353 Loss dta_rank:  0.7746 Loss dta_tv:  0.0256 Loss dta_proxy:  0.4418 Loss dta_trans:  0.0068 Loss dta_phys:  0.0069 Loss dta_preserve:  0.0050
Time:  0.0767 Epoch: 020 Iter:  600/ 600 LR: 0.0000012125 Loss content:  0.0176 Loss fft:  0.8273 Loss dta_rank:  0.7736 Loss dta_tv:  0.0245 Loss dta_proxy:  0.4637 Loss dta_trans:  0.0060 Loss dta_phys:  0.0065 Loss dta_preserve:  0.0054
EPOCH: 20
Elapsed time: 1.13 Epoch Pixel Loss:  0.0172 Epoch FFT Loss:  0.8178 Epoch DTA Rank:  0.7746 Epoch DTA TV:  0.0250 Epoch DTA Proxy:  0.4523 Epoch DTA Trans:  0.0060 Epoch DTA Phys:  0.0067 Epoch DTA Preserve:  0.0055
