/sda/home/wangyuxin/ConvIR-B/repos/ConvIR-B-dta-v2-calibrated/experience_docx/tools/audit_haze4k_dta_v2_checkpoint.py:47: FutureWarning: You are using `torch.load` with `weights_only=False` (the current default value), which uses the default pickle module implicitly. It is possible to construct malicious pickle data which will execute arbitrary code during unpickling (See https://github.com/pytorch/pytorch/blob/main/SECURITY.md#untrusted-models for more details). In a future release, the default value for `weights_only` will be flipped to `True`. This limits the functions that could be executed during unpickling. Arbitrary objects will no longer be allowed to be loaded via this mode unless they are explicitly allowlisted by the user via `torch.serialization.add_safe_globals`. We recommend you start setting `weights_only=True` for any use case where you don't have full control of the loaded file. Please open an issue on GitHub for any issues related to this experimental feature.
  state = torch.load(path, map_location=device)
tpred_audit 100/600 t_l1=0.068067
tpred_audit 200/600 t_l1=0.083206
tpred_audit 300/600 t_l1=0.084214
tpred_audit 400/600 t_l1=0.085811
tpred_audit 500/600 t_l1=0.084688
tpred_audit 600/600 t_l1=0.082336
{
  "tag": "oof20_adapter_only_shuffle_seed3407_f1",
  "checkpoint": "/sda/home/wangyuxin/ConvIR-B/repos/ConvIR-B-dta-v2-calibrated/Dehazing/ITS/results/ConvIR-Haze4K-DTA-v2-adapter_only-shuffle-seed3407-f1-oof20/Training-Results/Final.pkl",
  "count": 600,
  "config": {
    "checkpoint": "/sda/home/wangyuxin/ConvIR-B/repos/ConvIR-B-dta-v2-calibrated/Dehazing/ITS/results/ConvIR-Haze4K-DTA-v2-adapter_only-shuffle-seed3407-f1-oof20/Training-Results/Final.pkl",
    "data_dir": "/sda/home/wangyuxin/ConvIR-B/datasets/Haze4K/Haze4K",
    "depth_cache_dir": "/sda/home/wangyuxin/ConvIR-B/depth_cache/depth_anything_v2_small_hf",
    "depth_split": "train",
    "eval_root_split": "train",
    "split_json": "/sda/home/wangyuxin/ConvIR-B/repos/ConvIR-B-dta-v2-calibrated/experience_docx/experiment_logs/haze4k_dta_v2_calibrated_20260611/dta_v2_haze4k_oof_splits_seed3407.json",
    "split_name": "fold1_val",
    "output_dir": "/sda/home/wangyuxin/ConvIR-B/repos/ConvIR-B-dta-v2-calibrated/experience_docx/experiment_logs/haze4k_dta_v2_calibrated_20260611/dta_v2_oof20_adapter_only_shuffle_seed3407_f1_tpred",
    "tag": "oof20_adapter_only_shuffle_seed3407_f1",
    "max_images": 0,
    "seed": 3407,
    "max_corr_pixels": 65536,
    "depth_shuffle_offset": 137,
    "dta_depth_mode": "shuffle",
    "dta_prior_channels": 32,
    "dta_gate_bias": -6.0,
    "dta_gate_limit": 0.06,
    "dta_gamma_limit": 0.12,
    "dta_beta_limit": 0.06,
    "dta_alpha_init": 1.0,
    "dta_confidence_floor": 0.25,
    "dta_confidence_local_scale": 6.0,
    "dta_output_residual_scale": 0.03,
    "rank_pairs": 512,
    "rank_min_depth_gap": 0.03
  },
  "metrics": {
    "t_l1_mean": 0.08233628323301673,
    "t_l1_median": 0.07341697439551353,
    "t_rmse_mean": 0.1001752625654141,
    "t_rmse_median": 0.0913824625313282,
    "t_pred_mean_mean": 0.4077672639985879,
    "t_pred_mean_median": 0.38861772418022156,
    "t_gt_mean_mean": 0.40659965162475903,
    "t_gt_mean_median": 0.39099374413490295,
    "t_pred_std_mean": 0.20480566178758938,
    "t_pred_std_median": 0.2048952654004097,
    "t_gt_std_mean": 0.24487180321166913,
    "t_gt_std_median": 0.24829205870628357,
    "spearman_tpred_tgt_mean": 0.9281166710605991,
    "spearman_tpred_tgt_median": 0.9429212196291934,
    "spearman_depth_neglogt_mean": -0.4572584261568322,
    "spearman_depth_neglogt_median": -0.5163900277152431,
    "rank_loss_mean": 0.7680856853723526,
    "rank_loss_median": 0.7715063095092773,
    "tv_loss_mean": 0.026140622600602608,
    "tv_loss_median": 0.026407381519675255,
    "proxy_loss_mean": 0.43363368690013887,
    "proxy_loss_median": 0.43917423486709595,
    "confidence_mean_mean": 0.9674243780970574,
    "confidence_mean_median": 0.9699544012546539,
    "airlight_mean": 0.7533333334326744,
    "airlight_median": 0.7599999904632568,
    "stage2_gate_mean_mean": 0.014126202580519021,
    "stage2_gate_mean_median": 0.014126073569059372,
    "stage2_gate_max_mean": 0.019766026221526165,
    "stage2_gate_max_median": 0.020707829855382442,
    "stage2_conf_mean_mean": 0.9452922484278679,
    "stage2_conf_mean_median": 0.948160320520401,
    "stage2_conf_min_mean": 0.21179437595109143,
    "stage2_conf_min_median": 0.20930396765470505,
    "stage2_gamma_abs_mean_mean": 0.0728572494784991,
    "stage2_gamma_abs_mean_median": 0.07287665829062462,
    "stage2_beta_abs_mean_mean": 0.04444015409176549,
    "stage2_beta_abs_mean_median": 0.0444473922252655,
    "stage2_delta_abs_mean_mean": 0.000944094442917655,
    "stage2_delta_abs_mean_median": 0.0009406889730598778,
    "stage3_gate_mean_mean": 0.053668879146377246,
    "stage3_gate_mean_median": 0.05389593541622162,
    "stage3_gate_max_mean": 0.058590540296087665,
    "stage3_gate_max_median": 0.05867810174822807,
    "stage3_conf_mean_mean": 0.941056890686353,
    "stage3_conf_mean_median": 0.9440732002258301,
    "stage3_conf_min_mean": 0.25497146566708884,
    "stage3_conf_min_median": 0.2517412602901459,
    "stage3_gamma_abs_mean_mean": 0.07734498751660188,
    "stage3_gamma_abs_mean_median": 0.07738645002245903,
    "stage3_beta_abs_mean_mean": 0.0459057704359293,
    "stage3_beta_abs_mean_median": 0.04592237249016762,
    "stage3_delta_abs_mean_mean": 0.0026675014834230144,
    "stage3_delta_abs_mean_median": 0.002676895121112466,
    "output_delta_abs_mean_mean": 0.00025356471650108385,
    "output_delta_abs_mean_median": 0.00023941048857523128
  },
  "outputs": {
    "csv": "dta_v2_tpred_quality_oof20_adapter_only_shuffle_seed3407_f1.csv",
    "json": "dta_v2_tpred_quality_oof20_adapter_only_shuffle_seed3407_f1.json"
  }
}
DTA_V2_TPRED_QUALITY_AUDIT_OK
