Namespace(model_name='ConvIR-Haze4K-DTA-v2-adapter_only-zero-seed3411-f4-oof20', data='Haze4K', version='base', fam_mode='original', arch='dta_v2', seed=3411, mode='train', data_dir='/sda/home/wangyuxin/ConvIR-B/datasets/Haze4K/Haze4K', batch_size=4, learning_rate=0.0001, weight_decay=0.0, num_epoch=20, stop_epoch=20, print_freq=50, num_worker=4, save_freq=5, valid_freq=9999, mod_stats_freq=5, mod_stats_batches=16, grad_clip_norm=0.001, dta_grad_clip_norm=0.05, dta_neighbor_grad_clip_norm=0.005, init_model='/sda/home/wangyuxin/ConvIR-B/checkpoints/official/Haze4K/haze4k-base.pkl', init_model_partial=True, partial_new_prefixes='DTA.', resume='', train_scope='adapter_only', dta_depth_cache_dir='/sda/home/wangyuxin/ConvIR-B/depth_cache/depth_anything_v2_small_hf', dta_train_depth_split='train', dta_eval_depth_split='train', valid_root_split='train', eval_root_split='test', dta_require_depth=True, dta_variant='v2', dta_depth_mode='zero', dta_prior_channels=32, dta_gate_bias=-6.0, dta_gate_limit=0.06, dta_gamma_limit=0.12, dta_beta_limit=0.06, dta_alpha_init=1.0, dta_confidence_floor=0.25, dta_confidence_local_scale=6.0, dta_output_residual_scale=0.03, dta_use_trans_gt=True, dta_trans_weight=0.02, dta_phys_weight=0.005, dta_preserve_weight=0.02, dta_preserve_trans_thresh=0.8, dta_gate_ramp_start=0.01, dta_gate_ramp_mid=0.03, dta_gate_ramp_end=0.06, dta_gate_ramp_warmup_epochs=2, dta_gate_ramp_mid_epochs=8, dta_rank_weight=0.001, dta_tv_weight=0.0001, dta_proxy_weight=0.0, dta_rank_pairs=512, dta_rank_min_depth_gap=0.03, split_json='/sda/home/wangyuxin/ConvIR-B/repos/ConvIR-B-dta-v2-calibrated/experience_docx/experiment_logs/haze4k_dta_v2_calibrated_20260611/dta_v2_haze4k_oof_splits_seed3407.json', split_name='fold4_train', test_model='', save_image=False, leaning_rate=0.0001, model_save_dir='results/ConvIR-Haze4K-DTA-v2-adapter_only-zero-seed3411-f4-oof20/Training-Results/', result_dir='results/ConvIR-Haze4K-DTA-v2-adapter_only-zero-seed3411-f4-oof20/images/Haze4K', init_model_sha256='6f42037d57a4e3de3a10ac0ab909d66a3415864a19433c29204a975f4efa4088')
/sda/home/wangyuxin/ConvIR-B/repos/ConvIR-B-dta-v2-calibrated/Dehazing/ITS/main.py:14: FutureWarning: You are using `torch.load` with `weights_only=False` (the current default value), which uses the default pickle module implicitly. It is possible to construct malicious pickle data which will execute arbitrary code during unpickling (See https://github.com/pytorch/pytorch/blob/main/SECURITY.md#untrusted-models for more details). In a future release, the default value for `weights_only` will be flipped to `True`. This limits the functions that could be executed during unpickling. Arbitrary objects will no longer be allowed to be loaded via this mode unless they are explicitly allowlisted by the user via `torch.serialization.add_safe_globals`. We recommend you start setting `weights_only=True` for any use case where you don't have full control of the loaded file. Please open an issue on GitHub for any issues related to this experimental feature.
  state = torch.load(path, map_location=map_location)
INIT_MODEL_PARTIAL_LOAD path=/sda/home/wangyuxin/ConvIR-B/checkpoints/official/Haze4K/haze4k-base.pkl loaded=602 missing_allowed=25 unexpected=[] allowed_new_prefixes=('DTA.',)
TRAIN_SCOPE scope=adapter_only arch=dta_v2 trainable=74699 total=8705364
/sda/home/wangyuxin/ConvIR-B/envs/convir-cu121/lib/python3.10/site-packages/torch/optim/lr_scheduler.py:224: UserWarning: Detected call of `lr_scheduler.step()` before `optimizer.step()`. In PyTorch 1.1.0 and later, you should call them in the opposite order: `optimizer.step()` before `lr_scheduler.step()`.  Failure to do this will result in PyTorch skipping the first value of the learning rate schedule. See more details at https://pytorch.org/docs/stable/optim.html#how-to-adjust-learning-rate
  warnings.warn(
DTA_GATE_RAMP epoch=1 gate_limit=0.010000
Time:  0.0926 Epoch: 001 Iter:   50/ 600 LR: 0.0000333333 Loss content:  0.0166 Loss fft:  0.8124 Loss dta_rank:  0.0000 Loss dta_tv:  0.0034 Loss dta_proxy:  0.5217 Loss dta_trans:  0.0398 Loss dta_phys:  0.0075 Loss dta_preserve:  0.0054
Time:  0.0705 Epoch: 001 Iter:  100/ 600 LR: 0.0000333333 Loss content:  0.0170 Loss fft:  0.8052 Loss dta_rank:  0.0000 Loss dta_tv:  0.0108 Loss dta_proxy:  0.5749 Loss dta_trans:  0.0335 Loss dta_phys:  0.0096 Loss dta_preserve:  0.0063
Time:  0.0738 Epoch: 001 Iter:  150/ 600 LR: 0.0000333333 Loss content:  0.0176 Loss fft:  0.8094 Loss dta_rank:  0.0000 Loss dta_tv:  0.0162 Loss dta_proxy:  0.6006 Loss dta_trans:  0.0275 Loss dta_phys:  0.0090 Loss dta_preserve:  0.0073
Time:  0.0847 Epoch: 001 Iter:  200/ 600 LR: 0.0000333333 Loss content:  0.0175 Loss fft:  0.8231 Loss dta_rank:  0.0000 Loss dta_tv:  0.0216 Loss dta_proxy:  0.6144 Loss dta_trans:  0.0243 Loss dta_phys:  0.0090 Loss dta_preserve:  0.0052
Time:  0.0739 Epoch: 001 Iter:  250/ 600 LR: 0.0000333333 Loss content:  0.0171 Loss fft:  0.8072 Loss dta_rank:  0.0000 Loss dta_tv:  0.0278 Loss dta_proxy:  0.6075 Loss dta_trans:  0.0171 Loss dta_phys:  0.0068 Loss dta_preserve:  0.0050
Time:  0.0702 Epoch: 001 Iter:  300/ 600 LR: 0.0000333333 Loss content:  0.0178 Loss fft:  0.8373 Loss dta_rank:  0.0000 Loss dta_tv:  0.0326 Loss dta_proxy:  0.6290 Loss dta_trans:  0.0145 Loss dta_phys:  0.0066 Loss dta_preserve:  0.0058
Time:  0.0800 Epoch: 001 Iter:  350/ 600 LR: 0.0000333333 Loss content:  0.0172 Loss fft:  0.8236 Loss dta_rank:  0.0000 Loss dta_tv:  0.0375 Loss dta_proxy:  0.6155 Loss dta_trans:  0.0125 Loss dta_phys:  0.0065 Loss dta_preserve:  0.0048
Time:  0.0789 Epoch: 001 Iter:  400/ 600 LR: 0.0000333333 Loss content:  0.0171 Loss fft:  0.8053 Loss dta_rank:  0.0000 Loss dta_tv:  0.0370 Loss dta_proxy:  0.6255 Loss dta_trans:  0.0116 Loss dta_phys:  0.0061 Loss dta_preserve:  0.0053
Time:  0.0728 Epoch: 001 Iter:  450/ 600 LR: 0.0000333333 Loss content:  0.0183 Loss fft:  0.8385 Loss dta_rank:  0.0000 Loss dta_tv:  0.0389 Loss dta_proxy:  0.6399 Loss dta_trans:  0.0099 Loss dta_phys:  0.0066 Loss dta_preserve:  0.0090
Time:  0.0826 Epoch: 001 Iter:  500/ 600 LR: 0.0000333333 Loss content:  0.0171 Loss fft:  0.8452 Loss dta_rank:  0.0000 Loss dta_tv:  0.0400 Loss dta_proxy:  0.6435 Loss dta_trans:  0.0102 Loss dta_phys:  0.0071 Loss dta_preserve:  0.0049
Time:  0.0796 Epoch: 001 Iter:  550/ 600 LR: 0.0000333333 Loss content:  0.0172 Loss fft:  0.8327 Loss dta_rank:  0.0000 Loss dta_tv:  0.0403 Loss dta_proxy:  0.6415 Loss dta_trans:  0.0113 Loss dta_phys:  0.0072 Loss dta_preserve:  0.0056
Time:  0.0740 Epoch: 001 Iter:  600/ 600 LR: 0.0000333333 Loss content:  0.0164 Loss fft:  0.8217 Loss dta_rank:  0.0000 Loss dta_tv:  0.0399 Loss dta_proxy:  0.6545 Loss dta_trans:  0.0097 Loss dta_phys:  0.0072 Loss dta_preserve:  0.0049
EPOCH: 01
Elapsed time: 0.94 Epoch Pixel Loss:  0.0173 Epoch FFT Loss:  0.8218 Epoch DTA Rank:  0.0000 Epoch DTA TV:  0.0288 Epoch DTA Proxy:  0.6141 Epoch DTA Trans:  0.0185 Epoch DTA Phys:  0.0074 Epoch DTA Preserve:  0.0058
DTA_GATE_RAMP epoch=2 gate_limit=0.010000
Time:  0.0744 Epoch: 002 Iter:   50/ 600 LR: 0.0000666667 Loss content:  0.0171 Loss fft:  0.8328 Loss dta_rank:  0.0000 Loss dta_tv:  0.0404 Loss dta_proxy:  0.6335 Loss dta_trans:  0.0099 Loss dta_phys:  0.0071 Loss dta_preserve:  0.0051
Time:  0.0642 Epoch: 002 Iter:  100/ 600 LR: 0.0000666667 Loss content:  0.0195 Loss fft:  0.8941 Loss dta_rank:  0.0000 Loss dta_tv:  0.0405 Loss dta_proxy:  0.6269 Loss dta_trans:  0.0106 Loss dta_phys:  0.0069 Loss dta_preserve:  0.0061
Time:  0.0769 Epoch: 002 Iter:  150/ 600 LR: 0.0000666667 Loss content:  0.0167 Loss fft:  0.7980 Loss dta_rank:  0.0000 Loss dta_tv:  0.0394 Loss dta_proxy:  0.6281 Loss dta_trans:  0.0098 Loss dta_phys:  0.0059 Loss dta_preserve:  0.0062
Time:  0.0676 Epoch: 002 Iter:  200/ 600 LR: 0.0000666667 Loss content:  0.0166 Loss fft:  0.8031 Loss dta_rank:  0.0000 Loss dta_tv:  0.0409 Loss dta_proxy:  0.6260 Loss dta_trans:  0.0083 Loss dta_phys:  0.0063 Loss dta_preserve:  0.0056
Time:  0.0679 Epoch: 002 Iter:  250/ 600 LR: 0.0000666667 Loss content:  0.0173 Loss fft:  0.8362 Loss dta_rank:  0.0000 Loss dta_tv:  0.0400 Loss dta_proxy:  0.6397 Loss dta_trans:  0.0095 Loss dta_phys:  0.0071 Loss dta_preserve:  0.0051
Time:  0.0631 Epoch: 002 Iter:  300/ 600 LR: 0.0000666667 Loss content:  0.0173 Loss fft:  0.8062 Loss dta_rank:  0.0000 Loss dta_tv:  0.0387 Loss dta_proxy:  0.6434 Loss dta_trans:  0.0086 Loss dta_phys:  0.0070 Loss dta_preserve:  0.0053
Time:  0.0610 Epoch: 002 Iter:  350/ 600 LR: 0.0000666667 Loss content:  0.0167 Loss fft:  0.8081 Loss dta_rank:  0.0000 Loss dta_tv:  0.0413 Loss dta_proxy:  0.6249 Loss dta_trans:  0.0091 Loss dta_phys:  0.0072 Loss dta_preserve:  0.0051
Time:  0.0626 Epoch: 002 Iter:  400/ 600 LR: 0.0000666667 Loss content:  0.0171 Loss fft:  0.8164 Loss dta_rank:  0.0000 Loss dta_tv:  0.0386 Loss dta_proxy:  0.6498 Loss dta_trans:  0.0079 Loss dta_phys:  0.0067 Loss dta_preserve:  0.0055
Time:  0.0676 Epoch: 002 Iter:  450/ 600 LR: 0.0000666667 Loss content:  0.0174 Loss fft:  0.8148 Loss dta_rank:  0.0000 Loss dta_tv:  0.0382 Loss dta_proxy:  0.6441 Loss dta_trans:  0.0065 Loss dta_phys:  0.0056 Loss dta_preserve:  0.0038
Time:  0.0688 Epoch: 002 Iter:  500/ 600 LR: 0.0000666667 Loss content:  0.0170 Loss fft:  0.7970 Loss dta_rank:  0.0000 Loss dta_tv:  0.0380 Loss dta_proxy:  0.6467 Loss dta_trans:  0.0076 Loss dta_phys:  0.0077 Loss dta_preserve:  0.0048
Time:  0.0756 Epoch: 002 Iter:  550/ 600 LR: 0.0000666667 Loss content:  0.0169 Loss fft:  0.7800 Loss dta_rank:  0.0000 Loss dta_tv:  0.0374 Loss dta_proxy:  0.6506 Loss dta_trans:  0.0084 Loss dta_phys:  0.0076 Loss dta_preserve:  0.0045
Time:  0.0698 Epoch: 002 Iter:  600/ 600 LR: 0.0000666667 Loss content:  0.0170 Loss fft:  0.7999 Loss dta_rank:  0.0000 Loss dta_tv:  0.0365 Loss dta_proxy:  0.6651 Loss dta_trans:  0.0076 Loss dta_phys:  0.0069 Loss dta_preserve:  0.0059
EPOCH: 02
Elapsed time: 0.82 Epoch Pixel Loss:  0.0172 Epoch FFT Loss:  0.8156 Epoch DTA Rank:  0.0000 Epoch DTA TV:  0.0392 Epoch DTA Proxy:  0.6399 Epoch DTA Trans:  0.0087 Epoch DTA Phys:  0.0068 Epoch DTA Preserve:  0.0052
DTA_GATE_RAMP epoch=3 gate_limit=0.030000
Time:  0.0751 Epoch: 003 Iter:   50/ 600 LR: 0.0001000000 Loss content:  0.0180 Loss fft:  0.8173 Loss dta_rank:  0.0000 Loss dta_tv:  0.0372 Loss dta_proxy:  0.6473 Loss dta_trans:  0.0079 Loss dta_phys:  0.0072 Loss dta_preserve:  0.0058
Time:  0.0636 Epoch: 003 Iter:  100/ 600 LR: 0.0001000000 Loss content:  0.0173 Loss fft:  0.8366 Loss dta_rank:  0.0000 Loss dta_tv:  0.0370 Loss dta_proxy:  0.6468 Loss dta_trans:  0.0078 Loss dta_phys:  0.0061 Loss dta_preserve:  0.0063
Time:  0.0702 Epoch: 003 Iter:  150/ 600 LR: 0.0001000000 Loss content:  0.0173 Loss fft:  0.8222 Loss dta_rank:  0.0000 Loss dta_tv:  0.0359 Loss dta_proxy:  0.6472 Loss dta_trans:  0.0076 Loss dta_phys:  0.0057 Loss dta_preserve:  0.0055
Time:  0.0694 Epoch: 003 Iter:  200/ 600 LR: 0.0001000000 Loss content:  0.0177 Loss fft:  0.8642 Loss dta_rank:  0.0000 Loss dta_tv:  0.0370 Loss dta_proxy:  0.6467 Loss dta_trans:  0.0069 Loss dta_phys:  0.0068 Loss dta_preserve:  0.0063
Time:  0.0736 Epoch: 003 Iter:  250/ 600 LR: 0.0001000000 Loss content:  0.0175 Loss fft:  0.8298 Loss dta_rank:  0.0000 Loss dta_tv:  0.0370 Loss dta_proxy:  0.6339 Loss dta_trans:  0.0077 Loss dta_phys:  0.0067 Loss dta_preserve:  0.0051
Time:  0.0742 Epoch: 003 Iter:  300/ 600 LR: 0.0001000000 Loss content:  0.0168 Loss fft:  0.8202 Loss dta_rank:  0.0000 Loss dta_tv:  0.0367 Loss dta_proxy:  0.6316 Loss dta_trans:  0.0080 Loss dta_phys:  0.0066 Loss dta_preserve:  0.0051
Time:  0.0726 Epoch: 003 Iter:  350/ 600 LR: 0.0001000000 Loss content:  0.0168 Loss fft:  0.7926 Loss dta_rank:  0.0000 Loss dta_tv:  0.0361 Loss dta_proxy:  0.6320 Loss dta_trans:  0.0067 Loss dta_phys:  0.0068 Loss dta_preserve:  0.0050
Time:  0.0728 Epoch: 003 Iter:  400/ 600 LR: 0.0001000000 Loss content:  0.0171 Loss fft:  0.8232 Loss dta_rank:  0.0000 Loss dta_tv:  0.0365 Loss dta_proxy:  0.6413 Loss dta_trans:  0.0064 Loss dta_phys:  0.0068 Loss dta_preserve:  0.0061
Time:  0.0738 Epoch: 003 Iter:  450/ 600 LR: 0.0001000000 Loss content:  0.0168 Loss fft:  0.7950 Loss dta_rank:  0.0000 Loss dta_tv:  0.0353 Loss dta_proxy:  0.6507 Loss dta_trans:  0.0073 Loss dta_phys:  0.0067 Loss dta_preserve:  0.0054
Time:  0.0723 Epoch: 003 Iter:  500/ 600 LR: 0.0001000000 Loss content:  0.0173 Loss fft:  0.8315 Loss dta_rank:  0.0000 Loss dta_tv:  0.0358 Loss dta_proxy:  0.6245 Loss dta_trans:  0.0080 Loss dta_phys:  0.0065 Loss dta_preserve:  0.0061
Time:  0.0747 Epoch: 003 Iter:  550/ 600 LR: 0.0001000000 Loss content:  0.0175 Loss fft:  0.8181 Loss dta_rank:  0.0000 Loss dta_tv:  0.0352 Loss dta_proxy:  0.6362 Loss dta_trans:  0.0063 Loss dta_phys:  0.0072 Loss dta_preserve:  0.0058
Time:  0.0717 Epoch: 003 Iter:  600/ 600 LR: 0.0001000000 Loss content:  0.0176 Loss fft:  0.8233 Loss dta_rank:  0.0000 Loss dta_tv:  0.0340 Loss dta_proxy:  0.6611 Loss dta_trans:  0.0073 Loss dta_phys:  0.0070 Loss dta_preserve:  0.0056
EPOCH: 03
Elapsed time: 0.87 Epoch Pixel Loss:  0.0173 Epoch FFT Loss:  0.8228 Epoch DTA Rank:  0.0000 Epoch DTA TV:  0.0361 Epoch DTA Proxy:  0.6416 Epoch DTA Trans:  0.0073 Epoch DTA Phys:  0.0067 Epoch DTA Preserve:  0.0057
/sda/home/wangyuxin/ConvIR-B/envs/convir-cu121/lib/python3.10/site-packages/torch/optim/lr_scheduler.py:1087: UserWarning: To get the last learning rate computed by the scheduler, please use `get_last_lr()`.
  _warn_get_lr_called_within_step(self)
DTA_GATE_RAMP epoch=4 gate_limit=0.030000
Time:  0.0708 Epoch: 004 Iter:   50/ 600 LR: 0.0001000000 Loss content:  0.0175 Loss fft:  0.8453 Loss dta_rank:  0.0000 Loss dta_tv:  0.0332 Loss dta_proxy:  0.6491 Loss dta_trans:  0.0065 Loss dta_phys:  0.0063 Loss dta_preserve:  0.0050
Time:  0.0611 Epoch: 004 Iter:  100/ 600 LR: 0.0001000000 Loss content:  0.0168 Loss fft:  0.8044 Loss dta_rank:  0.0000 Loss dta_tv:  0.0349 Loss dta_proxy:  0.6256 Loss dta_trans:  0.0075 Loss dta_phys:  0.0068 Loss dta_preserve:  0.0056
Time:  0.0640 Epoch: 004 Iter:  150/ 600 LR: 0.0001000000 Loss content:  0.0166 Loss fft:  0.7934 Loss dta_rank:  0.0000 Loss dta_tv:  0.0339 Loss dta_proxy:  0.6264 Loss dta_trans:  0.0071 Loss dta_phys:  0.0064 Loss dta_preserve:  0.0042
Time:  0.0712 Epoch: 004 Iter:  200/ 600 LR: 0.0001000000 Loss content:  0.0166 Loss fft:  0.8129 Loss dta_rank:  0.0000 Loss dta_tv:  0.0353 Loss dta_proxy:  0.6215 Loss dta_trans:  0.0064 Loss dta_phys:  0.0066 Loss dta_preserve:  0.0044
Time:  0.0705 Epoch: 004 Iter:  250/ 600 LR: 0.0001000000 Loss content:  0.0172 Loss fft:  0.8108 Loss dta_rank:  0.0000 Loss dta_tv:  0.0341 Loss dta_proxy:  0.6328 Loss dta_trans:  0.0064 Loss dta_phys:  0.0060 Loss dta_preserve:  0.0064
Time:  0.0663 Epoch: 004 Iter:  300/ 600 LR: 0.0001000000 Loss content:  0.0176 Loss fft:  0.8300 Loss dta_rank:  0.0000 Loss dta_tv:  0.0337 Loss dta_proxy:  0.6455 Loss dta_trans:  0.0061 Loss dta_phys:  0.0063 Loss dta_preserve:  0.0055
Time:  0.0745 Epoch: 004 Iter:  350/ 600 LR: 0.0001000000 Loss content:  0.0175 Loss fft:  0.8461 Loss dta_rank:  0.0000 Loss dta_tv:  0.0339 Loss dta_proxy:  0.6242 Loss dta_trans:  0.0066 Loss dta_phys:  0.0062 Loss dta_preserve:  0.0055
Time:  0.0781 Epoch: 004 Iter:  400/ 600 LR: 0.0001000000 Loss content:  0.0177 Loss fft:  0.8090 Loss dta_rank:  0.0000 Loss dta_tv:  0.0336 Loss dta_proxy:  0.6453 Loss dta_trans:  0.0069 Loss dta_phys:  0.0072 Loss dta_preserve:  0.0046
Time:  0.0744 Epoch: 004 Iter:  450/ 600 LR: 0.0001000000 Loss content:  0.0179 Loss fft:  0.8381 Loss dta_rank:  0.0000 Loss dta_tv:  0.0331 Loss dta_proxy:  0.6508 Loss dta_trans:  0.0065 Loss dta_phys:  0.0073 Loss dta_preserve:  0.0041
Time:  0.0747 Epoch: 004 Iter:  500/ 600 LR: 0.0001000000 Loss content:  0.0168 Loss fft:  0.8171 Loss dta_rank:  0.0000 Loss dta_tv:  0.0327 Loss dta_proxy:  0.6676 Loss dta_trans:  0.0065 Loss dta_phys:  0.0078 Loss dta_preserve:  0.0053
Time:  0.0764 Epoch: 004 Iter:  550/ 600 LR: 0.0001000000 Loss content:  0.0170 Loss fft:  0.7891 Loss dta_rank:  0.0000 Loss dta_tv:  0.0334 Loss dta_proxy:  0.6475 Loss dta_trans:  0.0077 Loss dta_phys:  0.0066 Loss dta_preserve:  0.0049
Time:  0.0725 Epoch: 004 Iter:  600/ 600 LR: 0.0001000000 Loss content:  0.0172 Loss fft:  0.8305 Loss dta_rank:  0.0000 Loss dta_tv:  0.0325 Loss dta_proxy:  0.6552 Loss dta_trans:  0.0058 Loss dta_phys:  0.0067 Loss dta_preserve:  0.0055
EPOCH: 04
Elapsed time: 0.86 Epoch Pixel Loss:  0.0172 Epoch FFT Loss:  0.8189 Epoch DTA Rank:  0.0000 Epoch DTA TV:  0.0337 Epoch DTA Proxy:  0.6410 Epoch DTA Trans:  0.0067 Epoch DTA Phys:  0.0067 Epoch DTA Preserve:  0.0051
DTA_GATE_RAMP epoch=5 gate_limit=0.030000
Time:  0.0732 Epoch: 005 Iter:   50/ 600 LR: 0.0000983215 Loss content:  0.0179 Loss fft:  0.8328 Loss dta_rank:  0.0000 Loss dta_tv:  0.0327 Loss dta_proxy:  0.6456 Loss dta_trans:  0.0065 Loss dta_phys:  0.0065 Loss dta_preserve:  0.0054
Time:  0.0750 Epoch: 005 Iter:  100/ 600 LR: 0.0000983215 Loss content:  0.0169 Loss fft:  0.8016 Loss dta_rank:  0.0000 Loss dta_tv:  0.0326 Loss dta_proxy:  0.6587 Loss dta_trans:  0.0070 Loss dta_phys:  0.0074 Loss dta_preserve:  0.0044
Time:  0.0719 Epoch: 005 Iter:  150/ 600 LR: 0.0000983215 Loss content:  0.0172 Loss fft:  0.8231 Loss dta_rank:  0.0000 Loss dta_tv:  0.0328 Loss dta_proxy:  0.6409 Loss dta_trans:  0.0059 Loss dta_phys:  0.0064 Loss dta_preserve:  0.0052
Time:  0.0799 Epoch: 005 Iter:  200/ 600 LR: 0.0000983215 Loss content:  0.0178 Loss fft:  0.8259 Loss dta_rank:  0.0000 Loss dta_tv:  0.0315 Loss dta_proxy:  0.6489 Loss dta_trans:  0.0055 Loss dta_phys:  0.0067 Loss dta_preserve:  0.0045
Time:  0.0705 Epoch: 005 Iter:  250/ 600 LR: 0.0000983215 Loss content:  0.0176 Loss fft:  0.8006 Loss dta_rank:  0.0000 Loss dta_tv:  0.0325 Loss dta_proxy:  0.6365 Loss dta_trans:  0.0059 Loss dta_phys:  0.0071 Loss dta_preserve:  0.0042
Time:  0.0725 Epoch: 005 Iter:  300/ 600 LR: 0.0000983215 Loss content:  0.0176 Loss fft:  0.8415 Loss dta_rank:  0.0000 Loss dta_tv:  0.0327 Loss dta_proxy:  0.6267 Loss dta_trans:  0.0064 Loss dta_phys:  0.0073 Loss dta_preserve:  0.0062
Time:  0.0743 Epoch: 005 Iter:  350/ 600 LR: 0.0000983215 Loss content:  0.0167 Loss fft:  0.8047 Loss dta_rank:  0.0000 Loss dta_tv:  0.0327 Loss dta_proxy:  0.6195 Loss dta_trans:  0.0066 Loss dta_phys:  0.0059 Loss dta_preserve:  0.0056
Time:  0.0607 Epoch: 005 Iter:  400/ 600 LR: 0.0000983215 Loss content:  0.0179 Loss fft:  0.8780 Loss dta_rank:  0.0000 Loss dta_tv:  0.0317 Loss dta_proxy:  0.6570 Loss dta_trans:  0.0049 Loss dta_phys:  0.0070 Loss dta_preserve:  0.0058
Time:  0.0609 Epoch: 005 Iter:  450/ 600 LR: 0.0000983215 Loss content:  0.0166 Loss fft:  0.8017 Loss dta_rank:  0.0000 Loss dta_tv:  0.0321 Loss dta_proxy:  0.6440 Loss dta_trans:  0.0059 Loss dta_phys:  0.0068 Loss dta_preserve:  0.0067
Time:  0.0708 Epoch: 005 Iter:  500/ 600 LR: 0.0000983215 Loss content:  0.0168 Loss fft:  0.8139 Loss dta_rank:  0.0000 Loss dta_tv:  0.0321 Loss dta_proxy:  0.6326 Loss dta_trans:  0.0074 Loss dta_phys:  0.0068 Loss dta_preserve:  0.0069
Time:  0.0772 Epoch: 005 Iter:  550/ 600 LR: 0.0000983215 Loss content:  0.0170 Loss fft:  0.8238 Loss dta_rank:  0.0000 Loss dta_tv:  0.0311 Loss dta_proxy:  0.6577 Loss dta_trans:  0.0059 Loss dta_phys:  0.0069 Loss dta_preserve:  0.0055
Time:  0.0767 Epoch: 005 Iter:  600/ 600 LR: 0.0000983215 Loss content:  0.0170 Loss fft:  0.7989 Loss dta_rank:  0.0000 Loss dta_tv:  0.0321 Loss dta_proxy:  0.6369 Loss dta_trans:  0.0068 Loss dta_phys:  0.0062 Loss dta_preserve:  0.0040
EPOCH: 05
Elapsed time: 0.87 Epoch Pixel Loss:  0.0173 Epoch FFT Loss:  0.8205 Epoch DTA Rank:  0.0000 Epoch DTA TV:  0.0322 Epoch DTA Proxy:  0.6421 Epoch DTA Trans:  0.0062 Epoch DTA Phys:  0.0068 Epoch DTA Preserve:  0.0054
DTA_GATE_RAMP epoch=6 gate_limit=0.030000
Time:  0.0723 Epoch: 006 Iter:   50/ 600 LR: 0.0000942212 Loss content:  0.0179 Loss fft:  0.8472 Loss dta_rank:  0.0000 Loss dta_tv:  0.0315 Loss dta_proxy:  0.6292 Loss dta_trans:  0.0058 Loss dta_phys:  0.0062 Loss dta_preserve:  0.0054
Time:  0.0726 Epoch: 006 Iter:  100/ 600 LR: 0.0000942212 Loss content:  0.0172 Loss fft:  0.8251 Loss dta_rank:  0.0000 Loss dta_tv:  0.0318 Loss dta_proxy:  0.6382 Loss dta_trans:  0.0057 Loss dta_phys:  0.0055 Loss dta_preserve:  0.0045
Time:  0.0731 Epoch: 006 Iter:  150/ 600 LR: 0.0000942212 Loss content:  0.0165 Loss fft:  0.7973 Loss dta_rank:  0.0000 Loss dta_tv:  0.0320 Loss dta_proxy:  0.6303 Loss dta_trans:  0.0058 Loss dta_phys:  0.0064 Loss dta_preserve:  0.0049
Time:  0.0740 Epoch: 006 Iter:  200/ 600 LR: 0.0000942212 Loss content:  0.0170 Loss fft:  0.8203 Loss dta_rank:  0.0000 Loss dta_tv:  0.0317 Loss dta_proxy:  0.6407 Loss dta_trans:  0.0060 Loss dta_phys:  0.0077 Loss dta_preserve:  0.0056
Time:  0.0770 Epoch: 006 Iter:  250/ 600 LR: 0.0000942212 Loss content:  0.0171 Loss fft:  0.7969 Loss dta_rank:  0.0000 Loss dta_tv:  0.0309 Loss dta_proxy:  0.6353 Loss dta_trans:  0.0063 Loss dta_phys:  0.0068 Loss dta_preserve:  0.0050
Time:  0.0742 Epoch: 006 Iter:  300/ 600 LR: 0.0000942212 Loss content:  0.0173 Loss fft:  0.8143 Loss dta_rank:  0.0000 Loss dta_tv:  0.0309 Loss dta_proxy:  0.6344 Loss dta_trans:  0.0067 Loss dta_phys:  0.0074 Loss dta_preserve:  0.0049
Time:  0.0716 Epoch: 006 Iter:  350/ 600 LR: 0.0000942212 Loss content:  0.0173 Loss fft:  0.8275 Loss dta_rank:  0.0000 Loss dta_tv:  0.0308 Loss dta_proxy:  0.6454 Loss dta_trans:  0.0060 Loss dta_phys:  0.0066 Loss dta_preserve:  0.0052
Time:  0.0728 Epoch: 006 Iter:  400/ 600 LR: 0.0000942212 Loss content:  0.0173 Loss fft:  0.8351 Loss dta_rank:  0.0000 Loss dta_tv:  0.0302 Loss dta_proxy:  0.6571 Loss dta_trans:  0.0069 Loss dta_phys:  0.0066 Loss dta_preserve:  0.0059
Time:  0.0734 Epoch: 006 Iter:  450/ 600 LR: 0.0000942212 Loss content:  0.0165 Loss fft:  0.7912 Loss dta_rank:  0.0000 Loss dta_tv:  0.0309 Loss dta_proxy:  0.6229 Loss dta_trans:  0.0074 Loss dta_phys:  0.0068 Loss dta_preserve:  0.0047
Time:  0.0707 Epoch: 006 Iter:  500/ 600 LR: 0.0000942212 Loss content:  0.0172 Loss fft:  0.8204 Loss dta_rank:  0.0000 Loss dta_tv:  0.0300 Loss dta_proxy:  0.6625 Loss dta_trans:  0.0051 Loss dta_phys:  0.0061 Loss dta_preserve:  0.0039
Time:  0.0722 Epoch: 006 Iter:  550/ 600 LR: 0.0000942212 Loss content:  0.0172 Loss fft:  0.8188 Loss dta_rank:  0.0000 Loss dta_tv:  0.0309 Loss dta_proxy:  0.6495 Loss dta_trans:  0.0066 Loss dta_phys:  0.0072 Loss dta_preserve:  0.0053
Time:  0.0721 Epoch: 006 Iter:  600/ 600 LR: 0.0000942212 Loss content:  0.0173 Loss fft:  0.8344 Loss dta_rank:  0.0000 Loss dta_tv:  0.0298 Loss dta_proxy:  0.6495 Loss dta_trans:  0.0064 Loss dta_phys:  0.0064 Loss dta_preserve:  0.0050
EPOCH: 06
Elapsed time: 0.88 Epoch Pixel Loss:  0.0171 Epoch FFT Loss:  0.8190 Epoch DTA Rank:  0.0000 Epoch DTA TV:  0.0310 Epoch DTA Proxy:  0.6412 Epoch DTA Trans:  0.0062 Epoch DTA Phys:  0.0067 Epoch DTA Preserve:  0.0050
DTA_GATE_RAMP epoch=7 gate_limit=0.030000
Time:  0.0778 Epoch: 007 Iter:   50/ 600 LR: 0.0000886874 Loss content:  0.0171 Loss fft:  0.8037 Loss dta_rank:  0.0000 Loss dta_tv:  0.0307 Loss dta_proxy:  0.6323 Loss dta_trans:  0.0062 Loss dta_phys:  0.0068 Loss dta_preserve:  0.0043
Time:  0.0726 Epoch: 007 Iter:  100/ 600 LR: 0.0000886874 Loss content:  0.0170 Loss fft:  0.7907 Loss dta_rank:  0.0000 Loss dta_tv:  0.0295 Loss dta_proxy:  0.6488 Loss dta_trans:  0.0059 Loss dta_phys:  0.0067 Loss dta_preserve:  0.0062
Time:  0.0730 Epoch: 007 Iter:  150/ 600 LR: 0.0000886874 Loss content:  0.0176 Loss fft:  0.8302 Loss dta_rank:  0.0000 Loss dta_tv:  0.0303 Loss dta_proxy:  0.6511 Loss dta_trans:  0.0063 Loss dta_phys:  0.0074 Loss dta_preserve:  0.0045
Time:  0.0705 Epoch: 007 Iter:  200/ 600 LR: 0.0000886874 Loss content:  0.0177 Loss fft:  0.8505 Loss dta_rank:  0.0000 Loss dta_tv:  0.0316 Loss dta_proxy:  0.6196 Loss dta_trans:  0.0074 Loss dta_phys:  0.0068 Loss dta_preserve:  0.0044
Time:  0.0739 Epoch: 007 Iter:  250/ 600 LR: 0.0000886874 Loss content:  0.0179 Loss fft:  0.8386 Loss dta_rank:  0.0000 Loss dta_tv:  0.0305 Loss dta_proxy:  0.6466 Loss dta_trans:  0.0054 Loss dta_phys:  0.0071 Loss dta_preserve:  0.0044
Time:  0.0750 Epoch: 007 Iter:  300/ 600 LR: 0.0000886874 Loss content:  0.0177 Loss fft:  0.8105 Loss dta_rank:  0.0000 Loss dta_tv:  0.0306 Loss dta_proxy:  0.6494 Loss dta_trans:  0.0055 Loss dta_phys:  0.0067 Loss dta_preserve:  0.0045
Time:  0.0761 Epoch: 007 Iter:  350/ 600 LR: 0.0000886874 Loss content:  0.0174 Loss fft:  0.8187 Loss dta_rank:  0.0000 Loss dta_tv:  0.0304 Loss dta_proxy:  0.6290 Loss dta_trans:  0.0058 Loss dta_phys:  0.0059 Loss dta_preserve:  0.0046
Time:  0.0718 Epoch: 007 Iter:  400/ 600 LR: 0.0000886874 Loss content:  0.0169 Loss fft:  0.8190 Loss dta_rank:  0.0000 Loss dta_tv:  0.0305 Loss dta_proxy:  0.6524 Loss dta_trans:  0.0059 Loss dta_phys:  0.0061 Loss dta_preserve:  0.0047
Time:  0.0718 Epoch: 007 Iter:  450/ 600 LR: 0.0000886874 Loss content:  0.0171 Loss fft:  0.8375 Loss dta_rank:  0.0000 Loss dta_tv:  0.0303 Loss dta_proxy:  0.6397 Loss dta_trans:  0.0050 Loss dta_phys:  0.0068 Loss dta_preserve:  0.0048
Time:  0.0699 Epoch: 007 Iter:  500/ 600 LR: 0.0000886874 Loss content:  0.0172 Loss fft:  0.8178 Loss dta_rank:  0.0000 Loss dta_tv:  0.0295 Loss dta_proxy:  0.6437 Loss dta_trans:  0.0053 Loss dta_phys:  0.0067 Loss dta_preserve:  0.0064
Time:  0.0721 Epoch: 007 Iter:  550/ 600 LR: 0.0000886874 Loss content:  0.0168 Loss fft:  0.8221 Loss dta_rank:  0.0000 Loss dta_tv:  0.0306 Loss dta_proxy:  0.6383 Loss dta_trans:  0.0052 Loss dta_phys:  0.0062 Loss dta_preserve:  0.0082
Time:  0.0713 Epoch: 007 Iter:  600/ 600 LR: 0.0000886874 Loss content:  0.0175 Loss fft:  0.8067 Loss dta_rank:  0.0000 Loss dta_tv:  0.0299 Loss dta_proxy:  0.6400 Loss dta_trans:  0.0064 Loss dta_phys:  0.0069 Loss dta_preserve:  0.0044
EPOCH: 07
Elapsed time: 0.88 Epoch Pixel Loss:  0.0173 Epoch FFT Loss:  0.8205 Epoch DTA Rank:  0.0000 Epoch DTA TV:  0.0304 Epoch DTA Proxy:  0.6409 Epoch DTA Trans:  0.0059 Epoch DTA Phys:  0.0067 Epoch DTA Preserve:  0.0051
DTA_GATE_RAMP epoch=8 gate_limit=0.030000
Time:  0.0781 Epoch: 008 Iter:   50/ 600 LR: 0.0000819070 Loss content:  0.0170 Loss fft:  0.8516 Loss dta_rank:  0.0000 Loss dta_tv:  0.0305 Loss dta_proxy:  0.6437 Loss dta_trans:  0.0063 Loss dta_phys:  0.0070 Loss dta_preserve:  0.0050
Time:  0.0749 Epoch: 008 Iter:  100/ 600 LR: 0.0000819070 Loss content:  0.0179 Loss fft:  0.8289 Loss dta_rank:  0.0000 Loss dta_tv:  0.0296 Loss dta_proxy:  0.6615 Loss dta_trans:  0.0056 Loss dta_phys:  0.0068 Loss dta_preserve:  0.0083
Time:  0.0678 Epoch: 008 Iter:  150/ 600 LR: 0.0000819070 Loss content:  0.0172 Loss fft:  0.8136 Loss dta_rank:  0.0000 Loss dta_tv:  0.0294 Loss dta_proxy:  0.6653 Loss dta_trans:  0.0053 Loss dta_phys:  0.0069 Loss dta_preserve:  0.0052
Time:  0.0672 Epoch: 008 Iter:  200/ 600 LR: 0.0000819070 Loss content:  0.0167 Loss fft:  0.8307 Loss dta_rank:  0.0000 Loss dta_tv:  0.0302 Loss dta_proxy:  0.6361 Loss dta_trans:  0.0059 Loss dta_phys:  0.0064 Loss dta_preserve:  0.0062
Time:  0.0703 Epoch: 008 Iter:  250/ 600 LR: 0.0000819070 Loss content:  0.0177 Loss fft:  0.7988 Loss dta_rank:  0.0000 Loss dta_tv:  0.0292 Loss dta_proxy:  0.6574 Loss dta_trans:  0.0065 Loss dta_phys:  0.0076 Loss dta_preserve:  0.0050
Time:  0.0712 Epoch: 008 Iter:  300/ 600 LR: 0.0000819070 Loss content:  0.0165 Loss fft:  0.8164 Loss dta_rank:  0.0000 Loss dta_tv:  0.0301 Loss dta_proxy:  0.6293 Loss dta_trans:  0.0063 Loss dta_phys:  0.0061 Loss dta_preserve:  0.0044
Time:  0.0649 Epoch: 008 Iter:  350/ 600 LR: 0.0000819070 Loss content:  0.0181 Loss fft:  0.8279 Loss dta_rank:  0.0000 Loss dta_tv:  0.0296 Loss dta_proxy:  0.6341 Loss dta_trans:  0.0063 Loss dta_phys:  0.0061 Loss dta_preserve:  0.0058
Time:  0.0663 Epoch: 008 Iter:  400/ 600 LR: 0.0000819070 Loss content:  0.0176 Loss fft:  0.8347 Loss dta_rank:  0.0000 Loss dta_tv:  0.0301 Loss dta_proxy:  0.6265 Loss dta_trans:  0.0056 Loss dta_phys:  0.0070 Loss dta_preserve:  0.0052
Time:  0.0670 Epoch: 008 Iter:  450/ 600 LR: 0.0000819070 Loss content:  0.0178 Loss fft:  0.8172 Loss dta_rank:  0.0000 Loss dta_tv:  0.0301 Loss dta_proxy:  0.6444 Loss dta_trans:  0.0055 Loss dta_phys:  0.0063 Loss dta_preserve:  0.0050
Time:  0.0661 Epoch: 008 Iter:  500/ 600 LR: 0.0000819070 Loss content:  0.0174 Loss fft:  0.8326 Loss dta_rank:  0.0000 Loss dta_tv:  0.0301 Loss dta_proxy:  0.6460 Loss dta_trans:  0.0057 Loss dta_phys:  0.0077 Loss dta_preserve:  0.0062
Time:  0.0723 Epoch: 008 Iter:  550/ 600 LR: 0.0000819070 Loss content:  0.0171 Loss fft:  0.8178 Loss dta_rank:  0.0000 Loss dta_tv:  0.0292 Loss dta_proxy:  0.6572 Loss dta_trans:  0.0057 Loss dta_phys:  0.0076 Loss dta_preserve:  0.0051
Time:  0.0742 Epoch: 008 Iter:  600/ 600 LR: 0.0000819070 Loss content:  0.0172 Loss fft:  0.8256 Loss dta_rank:  0.0000 Loss dta_tv:  0.0293 Loss dta_proxy:  0.6460 Loss dta_trans:  0.0057 Loss dta_phys:  0.0062 Loss dta_preserve:  0.0048
EPOCH: 08
Elapsed time: 0.84 Epoch Pixel Loss:  0.0173 Epoch FFT Loss:  0.8246 Epoch DTA Rank:  0.0000 Epoch DTA TV:  0.0298 Epoch DTA Proxy:  0.6456 Epoch DTA Trans:  0.0058 Epoch DTA Phys:  0.0068 Epoch DTA Preserve:  0.0055
DTA_GATE_RAMP epoch=9 gate_limit=0.060000
Time:  0.0740 Epoch: 009 Iter:   50/ 600 LR: 0.0000741093 Loss content:  0.0176 Loss fft:  0.8383 Loss dta_rank:  0.0000 Loss dta_tv:  0.0299 Loss dta_proxy:  0.6360 Loss dta_trans:  0.0050 Loss dta_phys:  0.0066 Loss dta_preserve:  0.0045
Time:  0.0657 Epoch: 009 Iter:  100/ 600 LR: 0.0000741093 Loss content:  0.0172 Loss fft:  0.8067 Loss dta_rank:  0.0000 Loss dta_tv:  0.0293 Loss dta_proxy:  0.6430 Loss dta_trans:  0.0064 Loss dta_phys:  0.0067 Loss dta_preserve:  0.0045
Time:  0.0670 Epoch: 009 Iter:  150/ 600 LR: 0.0000741093 Loss content:  0.0165 Loss fft:  0.7773 Loss dta_rank:  0.0000 Loss dta_tv:  0.0295 Loss dta_proxy:  0.6341 Loss dta_trans:  0.0052 Loss dta_phys:  0.0068 Loss dta_preserve:  0.0055
Time:  0.0615 Epoch: 009 Iter:  200/ 600 LR: 0.0000741093 Loss content:  0.0188 Loss fft:  0.8444 Loss dta_rank:  0.0000 Loss dta_tv:  0.0293 Loss dta_proxy:  0.6409 Loss dta_trans:  0.0050 Loss dta_phys:  0.0063 Loss dta_preserve:  0.0055
Time:  0.0613 Epoch: 009 Iter:  250/ 600 LR: 0.0000741093 Loss content:  0.0173 Loss fft:  0.8436 Loss dta_rank:  0.0000 Loss dta_tv:  0.0291 Loss dta_proxy:  0.6580 Loss dta_trans:  0.0060 Loss dta_phys:  0.0069 Loss dta_preserve:  0.0057
Time:  0.0667 Epoch: 009 Iter:  300/ 600 LR: 0.0000741093 Loss content:  0.0170 Loss fft:  0.8156 Loss dta_rank:  0.0000 Loss dta_tv:  0.0294 Loss dta_proxy:  0.6261 Loss dta_trans:  0.0047 Loss dta_phys:  0.0062 Loss dta_preserve:  0.0054
Time:  0.0715 Epoch: 009 Iter:  350/ 600 LR: 0.0000741093 Loss content:  0.0174 Loss fft:  0.8148 Loss dta_rank:  0.0000 Loss dta_tv:  0.0298 Loss dta_proxy:  0.6267 Loss dta_trans:  0.0063 Loss dta_phys:  0.0066 Loss dta_preserve:  0.0045
Time:  0.0725 Epoch: 009 Iter:  400/ 600 LR: 0.0000741093 Loss content:  0.0172 Loss fft:  0.8195 Loss dta_rank:  0.0000 Loss dta_tv:  0.0298 Loss dta_proxy:  0.6424 Loss dta_trans:  0.0059 Loss dta_phys:  0.0070 Loss dta_preserve:  0.0041
Time:  0.0734 Epoch: 009 Iter:  450/ 600 LR: 0.0000741093 Loss content:  0.0173 Loss fft:  0.8304 Loss dta_rank:  0.0000 Loss dta_tv:  0.0287 Loss dta_proxy:  0.6487 Loss dta_trans:  0.0056 Loss dta_phys:  0.0062 Loss dta_preserve:  0.0044
Time:  0.0696 Epoch: 009 Iter:  500/ 600 LR: 0.0000741093 Loss content:  0.0175 Loss fft:  0.8235 Loss dta_rank:  0.0000 Loss dta_tv:  0.0299 Loss dta_proxy:  0.6466 Loss dta_trans:  0.0071 Loss dta_phys:  0.0065 Loss dta_preserve:  0.0064
Time:  0.0669 Epoch: 009 Iter:  550/ 600 LR: 0.0000741093 Loss content:  0.0176 Loss fft:  0.8194 Loss dta_rank:  0.0000 Loss dta_tv:  0.0276 Loss dta_proxy:  0.6614 Loss dta_trans:  0.0059 Loss dta_phys:  0.0066 Loss dta_preserve:  0.0057
Time:  0.0698 Epoch: 009 Iter:  600/ 600 LR: 0.0000741093 Loss content:  0.0170 Loss fft:  0.8266 Loss dta_rank:  0.0000 Loss dta_tv:  0.0292 Loss dta_proxy:  0.6441 Loss dta_trans:  0.0062 Loss dta_phys:  0.0070 Loss dta_preserve:  0.0051
EPOCH: 09
Elapsed time: 0.82 Epoch Pixel Loss:  0.0174 Epoch FFT Loss:  0.8217 Epoch DTA Rank:  0.0000 Epoch DTA TV:  0.0293 Epoch DTA Proxy:  0.6423 Epoch DTA Trans:  0.0058 Epoch DTA Phys:  0.0066 Epoch DTA Preserve:  0.0051
DTA_GATE_RAMP epoch=10 gate_limit=0.060000
Time:  0.0724 Epoch: 010 Iter:   50/ 600 LR: 0.0000655580 Loss content:  0.0182 Loss fft:  0.8418 Loss dta_rank:  0.0000 Loss dta_tv:  0.0284 Loss dta_proxy:  0.6503 Loss dta_trans:  0.0062 Loss dta_phys:  0.0061 Loss dta_preserve:  0.0059
Time:  0.0738 Epoch: 010 Iter:  100/ 600 LR: 0.0000655580 Loss content:  0.0169 Loss fft:  0.8409 Loss dta_rank:  0.0000 Loss dta_tv:  0.0297 Loss dta_proxy:  0.6294 Loss dta_trans:  0.0050 Loss dta_phys:  0.0069 Loss dta_preserve:  0.0050
Time:  0.0742 Epoch: 010 Iter:  150/ 600 LR: 0.0000655580 Loss content:  0.0170 Loss fft:  0.7877 Loss dta_rank:  0.0000 Loss dta_tv:  0.0296 Loss dta_proxy:  0.6423 Loss dta_trans:  0.0061 Loss dta_phys:  0.0071 Loss dta_preserve:  0.0047
Time:  0.0739 Epoch: 010 Iter:  200/ 600 LR: 0.0000655580 Loss content:  0.0178 Loss fft:  0.8212 Loss dta_rank:  0.0000 Loss dta_tv:  0.0290 Loss dta_proxy:  0.6415 Loss dta_trans:  0.0060 Loss dta_phys:  0.0068 Loss dta_preserve:  0.0058
Time:  0.0705 Epoch: 010 Iter:  250/ 600 LR: 0.0000655580 Loss content:  0.0173 Loss fft:  0.8496 Loss dta_rank:  0.0000 Loss dta_tv:  0.0286 Loss dta_proxy:  0.6403 Loss dta_trans:  0.0054 Loss dta_phys:  0.0067 Loss dta_preserve:  0.0044
Time:  0.0685 Epoch: 010 Iter:  300/ 600 LR: 0.0000655580 Loss content:  0.0167 Loss fft:  0.7961 Loss dta_rank:  0.0000 Loss dta_tv:  0.0295 Loss dta_proxy:  0.6186 Loss dta_trans:  0.0051 Loss dta_phys:  0.0061 Loss dta_preserve:  0.0062
Time:  0.0771 Epoch: 010 Iter:  350/ 600 LR: 0.0000655580 Loss content:  0.0167 Loss fft:  0.7940 Loss dta_rank:  0.0000 Loss dta_tv:  0.0286 Loss dta_proxy:  0.6383 Loss dta_trans:  0.0057 Loss dta_phys:  0.0074 Loss dta_preserve:  0.0050
Time:  0.0756 Epoch: 010 Iter:  400/ 600 LR: 0.0000655580 Loss content:  0.0161 Loss fft:  0.7900 Loss dta_rank:  0.0000 Loss dta_tv:  0.0296 Loss dta_proxy:  0.6271 Loss dta_trans:  0.0055 Loss dta_phys:  0.0069 Loss dta_preserve:  0.0041
Time:  0.0740 Epoch: 010 Iter:  450/ 600 LR: 0.0000655580 Loss content:  0.0170 Loss fft:  0.8515 Loss dta_rank:  0.0000 Loss dta_tv:  0.0293 Loss dta_proxy:  0.6424 Loss dta_trans:  0.0059 Loss dta_phys:  0.0068 Loss dta_preserve:  0.0035
Time:  0.0718 Epoch: 010 Iter:  500/ 600 LR: 0.0000655580 Loss content:  0.0175 Loss fft:  0.8352 Loss dta_rank:  0.0000 Loss dta_tv:  0.0299 Loss dta_proxy:  0.6310 Loss dta_trans:  0.0058 Loss dta_phys:  0.0068 Loss dta_preserve:  0.0040
Time:  0.0731 Epoch: 010 Iter:  550/ 600 LR: 0.0000655580 Loss content:  0.0170 Loss fft:  0.8177 Loss dta_rank:  0.0000 Loss dta_tv:  0.0285 Loss dta_proxy:  0.6446 Loss dta_trans:  0.0054 Loss dta_phys:  0.0068 Loss dta_preserve:  0.0046
Time:  0.0715 Epoch: 010 Iter:  600/ 600 LR: 0.0000655580 Loss content:  0.0169 Loss fft:  0.8107 Loss dta_rank:  0.0000 Loss dta_tv:  0.0286 Loss dta_proxy:  0.6491 Loss dta_trans:  0.0055 Loss dta_phys:  0.0063 Loss dta_preserve:  0.0069
EPOCH: 10
Elapsed time: 0.88 Epoch Pixel Loss:  0.0171 Epoch FFT Loss:  0.8197 Epoch DTA Rank:  0.0000 Epoch DTA TV:  0.0291 Epoch DTA Proxy:  0.6379 Epoch DTA Trans:  0.0056 Epoch DTA Phys:  0.0067 Epoch DTA Preserve:  0.0050
DTA_GATE_RAMP epoch=11 gate_limit=0.060000
Time:  0.0764 Epoch: 011 Iter:   50/ 600 LR: 0.0000565424 Loss content:  0.0177 Loss fft:  0.8182 Loss dta_rank:  0.0000 Loss dta_tv:  0.0286 Loss dta_proxy:  0.6529 Loss dta_trans:  0.0056 Loss dta_phys:  0.0072 Loss dta_preserve:  0.0055
Time:  0.0732 Epoch: 011 Iter:  100/ 600 LR: 0.0000565424 Loss content:  0.0175 Loss fft:  0.8095 Loss dta_rank:  0.0000 Loss dta_tv:  0.0287 Loss dta_proxy:  0.6466 Loss dta_trans:  0.0061 Loss dta_phys:  0.0068 Loss dta_preserve:  0.0051
Time:  0.0713 Epoch: 011 Iter:  150/ 600 LR: 0.0000565424 Loss content:  0.0167 Loss fft:  0.8125 Loss dta_rank:  0.0000 Loss dta_tv:  0.0283 Loss dta_proxy:  0.6524 Loss dta_trans:  0.0056 Loss dta_phys:  0.0067 Loss dta_preserve:  0.0069
Time:  0.0741 Epoch: 011 Iter:  200/ 600 LR: 0.0000565424 Loss content:  0.0175 Loss fft:  0.8467 Loss dta_rank:  0.0000 Loss dta_tv:  0.0290 Loss dta_proxy:  0.6444 Loss dta_trans:  0.0048 Loss dta_phys:  0.0065 Loss dta_preserve:  0.0067
Time:  0.0649 Epoch: 011 Iter:  250/ 600 LR: 0.0000565424 Loss content:  0.0168 Loss fft:  0.7995 Loss dta_rank:  0.0000 Loss dta_tv:  0.0291 Loss dta_proxy:  0.6452 Loss dta_trans:  0.0053 Loss dta_phys:  0.0064 Loss dta_preserve:  0.0044
Time:  0.0618 Epoch: 011 Iter:  300/ 600 LR: 0.0000565424 Loss content:  0.0178 Loss fft:  0.8099 Loss dta_rank:  0.0000 Loss dta_tv:  0.0285 Loss dta_proxy:  0.6312 Loss dta_trans:  0.0059 Loss dta_phys:  0.0065 Loss dta_preserve:  0.0061
Time:  0.0609 Epoch: 011 Iter:  350/ 600 LR: 0.0000565424 Loss content:  0.0172 Loss fft:  0.8270 Loss dta_rank:  0.0000 Loss dta_tv:  0.0283 Loss dta_proxy:  0.6397 Loss dta_trans:  0.0057 Loss dta_phys:  0.0068 Loss dta_preserve:  0.0053
Time:  0.0701 Epoch: 011 Iter:  400/ 600 LR: 0.0000565424 Loss content:  0.0172 Loss fft:  0.8095 Loss dta_rank:  0.0000 Loss dta_tv:  0.0286 Loss dta_proxy:  0.6326 Loss dta_trans:  0.0056 Loss dta_phys:  0.0058 Loss dta_preserve:  0.0065
Time:  0.0747 Epoch: 011 Iter:  450/ 600 LR: 0.0000565424 Loss content:  0.0182 Loss fft:  0.8814 Loss dta_rank:  0.0000 Loss dta_tv:  0.0279 Loss dta_proxy:  0.6539 Loss dta_trans:  0.0054 Loss dta_phys:  0.0067 Loss dta_preserve:  0.0045
Time:  0.0711 Epoch: 011 Iter:  500/ 600 LR: 0.0000565424 Loss content:  0.0171 Loss fft:  0.7970 Loss dta_rank:  0.0000 Loss dta_tv:  0.0283 Loss dta_proxy:  0.6442 Loss dta_trans:  0.0047 Loss dta_phys:  0.0071 Loss dta_preserve:  0.0043
Time:  0.0768 Epoch: 011 Iter:  550/ 600 LR: 0.0000565424 Loss content:  0.0172 Loss fft:  0.8102 Loss dta_rank:  0.0000 Loss dta_tv:  0.0293 Loss dta_proxy:  0.6424 Loss dta_trans:  0.0061 Loss dta_phys:  0.0067 Loss dta_preserve:  0.0054
Time:  0.0729 Epoch: 011 Iter:  600/ 600 LR: 0.0000565424 Loss content:  0.0169 Loss fft:  0.7867 Loss dta_rank:  0.0000 Loss dta_tv:  0.0290 Loss dta_proxy:  0.6282 Loss dta_trans:  0.0068 Loss dta_phys:  0.0071 Loss dta_preserve:  0.0052
EPOCH: 11
Elapsed time: 0.85 Epoch Pixel Loss:  0.0173 Epoch FFT Loss:  0.8173 Epoch DTA Rank:  0.0000 Epoch DTA TV:  0.0286 Epoch DTA Proxy:  0.6428 Epoch DTA Trans:  0.0056 Epoch DTA Phys:  0.0067 Epoch DTA Preserve:  0.0055
DTA_GATE_RAMP epoch=12 gate_limit=0.060000
Time:  0.0770 Epoch: 012 Iter:   50/ 600 LR: 0.0000473670 Loss content:  0.0170 Loss fft:  0.8133 Loss dta_rank:  0.0000 Loss dta_tv:  0.0283 Loss dta_proxy:  0.6515 Loss dta_trans:  0.0058 Loss dta_phys:  0.0072 Loss dta_preserve:  0.0048
Time:  0.0769 Epoch: 012 Iter:  100/ 600 LR: 0.0000473670 Loss content:  0.0174 Loss fft:  0.8473 Loss dta_rank:  0.0000 Loss dta_tv:  0.0279 Loss dta_proxy:  0.6579 Loss dta_trans:  0.0047 Loss dta_phys:  0.0065 Loss dta_preserve:  0.0062
Time:  0.0757 Epoch: 012 Iter:  150/ 600 LR: 0.0000473670 Loss content:  0.0164 Loss fft:  0.8110 Loss dta_rank:  0.0000 Loss dta_tv:  0.0299 Loss dta_proxy:  0.6325 Loss dta_trans:  0.0058 Loss dta_phys:  0.0068 Loss dta_preserve:  0.0053
Time:  0.0766 Epoch: 012 Iter:  200/ 600 LR: 0.0000473670 Loss content:  0.0172 Loss fft:  0.7980 Loss dta_rank:  0.0000 Loss dta_tv:  0.0279 Loss dta_proxy:  0.6373 Loss dta_trans:  0.0054 Loss dta_phys:  0.0070 Loss dta_preserve:  0.0044
Time:  0.0696 Epoch: 012 Iter:  250/ 600 LR: 0.0000473670 Loss content:  0.0172 Loss fft:  0.8283 Loss dta_rank:  0.0000 Loss dta_tv:  0.0285 Loss dta_proxy:  0.6526 Loss dta_trans:  0.0052 Loss dta_phys:  0.0074 Loss dta_preserve:  0.0052
Time:  0.0646 Epoch: 012 Iter:  300/ 600 LR: 0.0000473670 Loss content:  0.0173 Loss fft:  0.8166 Loss dta_rank:  0.0000 Loss dta_tv:  0.0294 Loss dta_proxy:  0.6475 Loss dta_trans:  0.0062 Loss dta_phys:  0.0064 Loss dta_preserve:  0.0053
Time:  0.0594 Epoch: 012 Iter:  350/ 600 LR: 0.0000473670 Loss content:  0.0167 Loss fft:  0.8067 Loss dta_rank:  0.0000 Loss dta_tv:  0.0295 Loss dta_proxy:  0.6226 Loss dta_trans:  0.0057 Loss dta_phys:  0.0067 Loss dta_preserve:  0.0051
Time:  0.0688 Epoch: 012 Iter:  400/ 600 LR: 0.0000473670 Loss content:  0.0167 Loss fft:  0.8208 Loss dta_rank:  0.0000 Loss dta_tv:  0.0293 Loss dta_proxy:  0.6267 Loss dta_trans:  0.0054 Loss dta_phys:  0.0069 Loss dta_preserve:  0.0049
Time:  0.0711 Epoch: 012 Iter:  450/ 600 LR: 0.0000473670 Loss content:  0.0176 Loss fft:  0.8232 Loss dta_rank:  0.0000 Loss dta_tv:  0.0288 Loss dta_proxy:  0.6394 Loss dta_trans:  0.0055 Loss dta_phys:  0.0071 Loss dta_preserve:  0.0051
Time:  0.0736 Epoch: 012 Iter:  500/ 600 LR: 0.0000473670 Loss content:  0.0173 Loss fft:  0.8264 Loss dta_rank:  0.0000 Loss dta_tv:  0.0279 Loss dta_proxy:  0.6579 Loss dta_trans:  0.0052 Loss dta_phys:  0.0067 Loss dta_preserve:  0.0069
Time:  0.0736 Epoch: 012 Iter:  550/ 600 LR: 0.0000473670 Loss content:  0.0175 Loss fft:  0.8438 Loss dta_rank:  0.0000 Loss dta_tv:  0.0290 Loss dta_proxy:  0.6332 Loss dta_trans:  0.0057 Loss dta_phys:  0.0061 Loss dta_preserve:  0.0060
Time:  0.0724 Epoch: 012 Iter:  600/ 600 LR: 0.0000473670 Loss content:  0.0173 Loss fft:  0.7875 Loss dta_rank:  0.0000 Loss dta_tv:  0.0282 Loss dta_proxy:  0.6433 Loss dta_trans:  0.0058 Loss dta_phys:  0.0072 Loss dta_preserve:  0.0041
EPOCH: 12
Elapsed time: 0.86 Epoch Pixel Loss:  0.0171 Epoch FFT Loss:  0.8186 Epoch DTA Rank:  0.0000 Epoch DTA TV:  0.0287 Epoch DTA Proxy:  0.6419 Epoch DTA Trans:  0.0055 Epoch DTA Phys:  0.0068 Epoch DTA Preserve:  0.0053
DTA_GATE_RAMP epoch=13 gate_limit=0.060000
Time:  0.0784 Epoch: 013 Iter:   50/ 600 LR: 0.0000383414 Loss content:  0.0167 Loss fft:  0.8066 Loss dta_rank:  0.0000 Loss dta_tv:  0.0289 Loss dta_proxy:  0.6291 Loss dta_trans:  0.0053 Loss dta_phys:  0.0073 Loss dta_preserve:  0.0038
Time:  0.0691 Epoch: 013 Iter:  100/ 600 LR: 0.0000383414 Loss content:  0.0169 Loss fft:  0.8199 Loss dta_rank:  0.0000 Loss dta_tv:  0.0285 Loss dta_proxy:  0.6416 Loss dta_trans:  0.0055 Loss dta_phys:  0.0068 Loss dta_preserve:  0.0049
Time:  0.0732 Epoch: 013 Iter:  150/ 600 LR: 0.0000383414 Loss content:  0.0179 Loss fft:  0.8293 Loss dta_rank:  0.0000 Loss dta_tv:  0.0273 Loss dta_proxy:  0.6671 Loss dta_trans:  0.0048 Loss dta_phys:  0.0064 Loss dta_preserve:  0.0043
Time:  0.0757 Epoch: 013 Iter:  200/ 600 LR: 0.0000383414 Loss content:  0.0169 Loss fft:  0.8109 Loss dta_rank:  0.0000 Loss dta_tv:  0.0288 Loss dta_proxy:  0.6462 Loss dta_trans:  0.0056 Loss dta_phys:  0.0071 Loss dta_preserve:  0.0054
Time:  0.0764 Epoch: 013 Iter:  250/ 600 LR: 0.0000383414 Loss content:  0.0166 Loss fft:  0.8261 Loss dta_rank:  0.0000 Loss dta_tv:  0.0283 Loss dta_proxy:  0.6522 Loss dta_trans:  0.0054 Loss dta_phys:  0.0067 Loss dta_preserve:  0.0043
Time:  0.0700 Epoch: 013 Iter:  300/ 600 LR: 0.0000383414 Loss content:  0.0169 Loss fft:  0.8333 Loss dta_rank:  0.0000 Loss dta_tv:  0.0289 Loss dta_proxy:  0.6410 Loss dta_trans:  0.0061 Loss dta_phys:  0.0070 Loss dta_preserve:  0.0058
Time:  0.0665 Epoch: 013 Iter:  350/ 600 LR: 0.0000383414 Loss content:  0.0178 Loss fft:  0.8563 Loss dta_rank:  0.0000 Loss dta_tv:  0.0285 Loss dta_proxy:  0.6417 Loss dta_trans:  0.0049 Loss dta_phys:  0.0068 Loss dta_preserve:  0.0058
Time:  0.0707 Epoch: 013 Iter:  400/ 600 LR: 0.0000383414 Loss content:  0.0174 Loss fft:  0.8021 Loss dta_rank:  0.0000 Loss dta_tv:  0.0271 Loss dta_proxy:  0.6460 Loss dta_trans:  0.0055 Loss dta_phys:  0.0065 Loss dta_preserve:  0.0050
Time:  0.0699 Epoch: 013 Iter:  450/ 600 LR: 0.0000383414 Loss content:  0.0169 Loss fft:  0.8055 Loss dta_rank:  0.0000 Loss dta_tv:  0.0291 Loss dta_proxy:  0.6332 Loss dta_trans:  0.0057 Loss dta_phys:  0.0067 Loss dta_preserve:  0.0054
Time:  0.0695 Epoch: 013 Iter:  500/ 600 LR: 0.0000383414 Loss content:  0.0170 Loss fft:  0.8253 Loss dta_rank:  0.0000 Loss dta_tv:  0.0295 Loss dta_proxy:  0.6170 Loss dta_trans:  0.0059 Loss dta_phys:  0.0060 Loss dta_preserve:  0.0060
Time:  0.0738 Epoch: 013 Iter:  550/ 600 LR: 0.0000383414 Loss content:  0.0169 Loss fft:  0.8136 Loss dta_rank:  0.0000 Loss dta_tv:  0.0285 Loss dta_proxy:  0.6411 Loss dta_trans:  0.0058 Loss dta_phys:  0.0072 Loss dta_preserve:  0.0052
Time:  0.0732 Epoch: 013 Iter:  600/ 600 LR: 0.0000383414 Loss content:  0.0177 Loss fft:  0.8540 Loss dta_rank:  0.0000 Loss dta_tv:  0.0281 Loss dta_proxy:  0.6623 Loss dta_trans:  0.0050 Loss dta_phys:  0.0072 Loss dta_preserve:  0.0044
EPOCH: 13
Elapsed time: 0.87 Epoch Pixel Loss:  0.0171 Epoch FFT Loss:  0.8236 Epoch DTA Rank:  0.0000 Epoch DTA TV:  0.0285 Epoch DTA Proxy:  0.6432 Epoch DTA Trans:  0.0055 Epoch DTA Phys:  0.0068 Epoch DTA Preserve:  0.0050
DTA_GATE_RAMP epoch=14 gate_limit=0.060000
Time:  0.0790 Epoch: 014 Iter:   50/ 600 LR: 0.0000297690 Loss content:  0.0178 Loss fft:  0.8565 Loss dta_rank:  0.0000 Loss dta_tv:  0.0282 Loss dta_proxy:  0.6492 Loss dta_trans:  0.0051 Loss dta_phys:  0.0068 Loss dta_preserve:  0.0072
Time:  0.0742 Epoch: 014 Iter:  100/ 600 LR: 0.0000297690 Loss content:  0.0169 Loss fft:  0.8401 Loss dta_rank:  0.0000 Loss dta_tv:  0.0280 Loss dta_proxy:  0.6530 Loss dta_trans:  0.0051 Loss dta_phys:  0.0062 Loss dta_preserve:  0.0055
Time:  0.0679 Epoch: 014 Iter:  150/ 600 LR: 0.0000297690 Loss content:  0.0178 Loss fft:  0.8300 Loss dta_rank:  0.0000 Loss dta_tv:  0.0285 Loss dta_proxy:  0.6302 Loss dta_trans:  0.0051 Loss dta_phys:  0.0059 Loss dta_preserve:  0.0058
Time:  0.0636 Epoch: 014 Iter:  200/ 600 LR: 0.0000297690 Loss content:  0.0163 Loss fft:  0.8140 Loss dta_rank:  0.0000 Loss dta_tv:  0.0292 Loss dta_proxy:  0.6178 Loss dta_trans:  0.0053 Loss dta_phys:  0.0066 Loss dta_preserve:  0.0037
Time:  0.0653 Epoch: 014 Iter:  250/ 600 LR: 0.0000297690 Loss content:  0.0176 Loss fft:  0.8151 Loss dta_rank:  0.0000 Loss dta_tv:  0.0277 Loss dta_proxy:  0.6492 Loss dta_trans:  0.0058 Loss dta_phys:  0.0068 Loss dta_preserve:  0.0055
Time:  0.0751 Epoch: 014 Iter:  300/ 600 LR: 0.0000297690 Loss content:  0.0167 Loss fft:  0.7881 Loss dta_rank:  0.0000 Loss dta_tv:  0.0287 Loss dta_proxy:  0.6343 Loss dta_trans:  0.0054 Loss dta_phys:  0.0069 Loss dta_preserve:  0.0051
Time:  0.0771 Epoch: 014 Iter:  350/ 600 LR: 0.0000297690 Loss content:  0.0171 Loss fft:  0.8318 Loss dta_rank:  0.0000 Loss dta_tv:  0.0288 Loss dta_proxy:  0.6523 Loss dta_trans:  0.0058 Loss dta_phys:  0.0067 Loss dta_preserve:  0.0062
Time:  0.0711 Epoch: 014 Iter:  400/ 600 LR: 0.0000297690 Loss content:  0.0168 Loss fft:  0.8385 Loss dta_rank:  0.0000 Loss dta_tv:  0.0291 Loss dta_proxy:  0.6443 Loss dta_trans:  0.0053 Loss dta_phys:  0.0064 Loss dta_preserve:  0.0066
Time:  0.0753 Epoch: 014 Iter:  450/ 600 LR: 0.0000297690 Loss content:  0.0170 Loss fft:  0.8159 Loss dta_rank:  0.0000 Loss dta_tv:  0.0286 Loss dta_proxy:  0.6365 Loss dta_trans:  0.0048 Loss dta_phys:  0.0066 Loss dta_preserve:  0.0051
Time:  0.0723 Epoch: 014 Iter:  500/ 600 LR: 0.0000297690 Loss content:  0.0171 Loss fft:  0.7886 Loss dta_rank:  0.0000 Loss dta_tv:  0.0292 Loss dta_proxy:  0.6259 Loss dta_trans:  0.0063 Loss dta_phys:  0.0069 Loss dta_preserve:  0.0047
Time:  0.0727 Epoch: 014 Iter:  550/ 600 LR: 0.0000297690 Loss content:  0.0175 Loss fft:  0.8021 Loss dta_rank:  0.0000 Loss dta_tv:  0.0288 Loss dta_proxy:  0.6412 Loss dta_trans:  0.0061 Loss dta_phys:  0.0068 Loss dta_preserve:  0.0067
Time:  0.0732 Epoch: 014 Iter:  600/ 600 LR: 0.0000297690 Loss content:  0.0175 Loss fft:  0.8432 Loss dta_rank:  0.0000 Loss dta_tv:  0.0279 Loss dta_proxy:  0.6616 Loss dta_trans:  0.0060 Loss dta_phys:  0.0081 Loss dta_preserve:  0.0051
EPOCH: 14
Elapsed time: 0.87 Epoch Pixel Loss:  0.0172 Epoch FFT Loss:  0.8220 Epoch DTA Rank:  0.0000 Epoch DTA TV:  0.0286 Epoch DTA Proxy:  0.6413 Epoch DTA Trans:  0.0055 Epoch DTA Phys:  0.0067 Epoch DTA Preserve:  0.0056
DTA_GATE_RAMP epoch=15 gate_limit=0.060000
Time:  0.0770 Epoch: 015 Iter:   50/ 600 LR: 0.0000219361 Loss content:  0.0179 Loss fft:  0.8003 Loss dta_rank:  0.0000 Loss dta_tv:  0.0274 Loss dta_proxy:  0.6428 Loss dta_trans:  0.0052 Loss dta_phys:  0.0059 Loss dta_preserve:  0.0050
Time:  0.0717 Epoch: 015 Iter:  100/ 600 LR: 0.0000219361 Loss content:  0.0171 Loss fft:  0.7984 Loss dta_rank:  0.0000 Loss dta_tv:  0.0287 Loss dta_proxy:  0.6250 Loss dta_trans:  0.0057 Loss dta_phys:  0.0066 Loss dta_preserve:  0.0048
Time:  0.0738 Epoch: 015 Iter:  150/ 600 LR: 0.0000219361 Loss content:  0.0173 Loss fft:  0.8452 Loss dta_rank:  0.0000 Loss dta_tv:  0.0285 Loss dta_proxy:  0.6419 Loss dta_trans:  0.0055 Loss dta_phys:  0.0065 Loss dta_preserve:  0.0060
Time:  0.0759 Epoch: 015 Iter:  200/ 600 LR: 0.0000219361 Loss content:  0.0181 Loss fft:  0.8575 Loss dta_rank:  0.0000 Loss dta_tv:  0.0275 Loss dta_proxy:  0.6632 Loss dta_trans:  0.0044 Loss dta_phys:  0.0070 Loss dta_preserve:  0.0050
Time:  0.0764 Epoch: 015 Iter:  250/ 600 LR: 0.0000219361 Loss content:  0.0171 Loss fft:  0.8319 Loss dta_rank:  0.0000 Loss dta_tv:  0.0284 Loss dta_proxy:  0.6573 Loss dta_trans:  0.0054 Loss dta_phys:  0.0069 Loss dta_preserve:  0.0051
Time:  0.0735 Epoch: 015 Iter:  300/ 600 LR: 0.0000219361 Loss content:  0.0171 Loss fft:  0.8128 Loss dta_rank:  0.0000 Loss dta_tv:  0.0283 Loss dta_proxy:  0.6473 Loss dta_trans:  0.0050 Loss dta_phys:  0.0067 Loss dta_preserve:  0.0048
Time:  0.0765 Epoch: 015 Iter:  350/ 600 LR: 0.0000219361 Loss content:  0.0169 Loss fft:  0.8052 Loss dta_rank:  0.0000 Loss dta_tv:  0.0284 Loss dta_proxy:  0.6489 Loss dta_trans:  0.0051 Loss dta_phys:  0.0073 Loss dta_preserve:  0.0057
Time:  0.0783 Epoch: 015 Iter:  400/ 600 LR: 0.0000219361 Loss content:  0.0174 Loss fft:  0.8217 Loss dta_rank:  0.0000 Loss dta_tv:  0.0289 Loss dta_proxy:  0.6192 Loss dta_trans:  0.0056 Loss dta_phys:  0.0062 Loss dta_preserve:  0.0041
Time:  0.0753 Epoch: 015 Iter:  450/ 600 LR: 0.0000219361 Loss content:  0.0170 Loss fft:  0.8014 Loss dta_rank:  0.0000 Loss dta_tv:  0.0285 Loss dta_proxy:  0.6390 Loss dta_trans:  0.0061 Loss dta_phys:  0.0072 Loss dta_preserve:  0.0055
Time:  0.0701 Epoch: 015 Iter:  500/ 600 LR: 0.0000219361 Loss content:  0.0164 Loss fft:  0.8382 Loss dta_rank:  0.0000 Loss dta_tv:  0.0296 Loss dta_proxy:  0.6142 Loss dta_trans:  0.0057 Loss dta_phys:  0.0069 Loss dta_preserve:  0.0044
Time:  0.0757 Epoch: 015 Iter:  550/ 600 LR: 0.0000219361 Loss content:  0.0171 Loss fft:  0.8347 Loss dta_rank:  0.0000 Loss dta_tv:  0.0280 Loss dta_proxy:  0.6554 Loss dta_trans:  0.0047 Loss dta_phys:  0.0069 Loss dta_preserve:  0.0048
Time:  0.0707 Epoch: 015 Iter:  600/ 600 LR: 0.0000219361 Loss content:  0.0172 Loss fft:  0.7970 Loss dta_rank:  0.0000 Loss dta_tv:  0.0273 Loss dta_proxy:  0.6602 Loss dta_trans:  0.0060 Loss dta_phys:  0.0068 Loss dta_preserve:  0.0050
EPOCH: 15
Elapsed time: 0.90 Epoch Pixel Loss:  0.0172 Epoch FFT Loss:  0.8204 Epoch DTA Rank:  0.0000 Epoch DTA TV:  0.0283 Epoch DTA Proxy:  0.6429 Epoch DTA Trans:  0.0054 Epoch DTA Phys:  0.0068 Epoch DTA Preserve:  0.0050
DTA_GATE_RAMP epoch=16 gate_limit=0.060000
Time:  0.0794 Epoch: 016 Iter:   50/ 600 LR: 0.0000151017 Loss content:  0.0172 Loss fft:  0.8233 Loss dta_rank:  0.0000 Loss dta_tv:  0.0278 Loss dta_proxy:  0.6376 Loss dta_trans:  0.0049 Loss dta_phys:  0.0068 Loss dta_preserve:  0.0072
Time:  0.0744 Epoch: 016 Iter:  100/ 600 LR: 0.0000151017 Loss content:  0.0176 Loss fft:  0.8105 Loss dta_rank:  0.0000 Loss dta_tv:  0.0275 Loss dta_proxy:  0.6458 Loss dta_trans:  0.0046 Loss dta_phys:  0.0061 Loss dta_preserve:  0.0050
Time:  0.0733 Epoch: 016 Iter:  150/ 600 LR: 0.0000151017 Loss content:  0.0185 Loss fft:  0.8714 Loss dta_rank:  0.0000 Loss dta_tv:  0.0284 Loss dta_proxy:  0.6481 Loss dta_trans:  0.0049 Loss dta_phys:  0.0065 Loss dta_preserve:  0.0052
Time:  0.0740 Epoch: 016 Iter:  200/ 600 LR: 0.0000151017 Loss content:  0.0168 Loss fft:  0.8092 Loss dta_rank:  0.0000 Loss dta_tv:  0.0288 Loss dta_proxy:  0.6451 Loss dta_trans:  0.0058 Loss dta_phys:  0.0069 Loss dta_preserve:  0.0054
Time:  0.0714 Epoch: 016 Iter:  250/ 600 LR: 0.0000151017 Loss content:  0.0186 Loss fft:  0.8612 Loss dta_rank:  0.0000 Loss dta_tv:  0.0284 Loss dta_proxy:  0.6434 Loss dta_trans:  0.0067 Loss dta_phys:  0.0071 Loss dta_preserve:  0.0055
Time:  0.0719 Epoch: 016 Iter:  300/ 600 LR: 0.0000151017 Loss content:  0.0166 Loss fft:  0.7961 Loss dta_rank:  0.0000 Loss dta_tv:  0.0288 Loss dta_proxy:  0.6261 Loss dta_trans:  0.0061 Loss dta_phys:  0.0070 Loss dta_preserve:  0.0051
Time:  0.0605 Epoch: 016 Iter:  350/ 600 LR: 0.0000151017 Loss content:  0.0167 Loss fft:  0.8083 Loss dta_rank:  0.0000 Loss dta_tv:  0.0289 Loss dta_proxy:  0.6303 Loss dta_trans:  0.0062 Loss dta_phys:  0.0068 Loss dta_preserve:  0.0052
Time:  0.0641 Epoch: 016 Iter:  400/ 600 LR: 0.0000151017 Loss content:  0.0176 Loss fft:  0.8134 Loss dta_rank:  0.0000 Loss dta_tv:  0.0277 Loss dta_proxy:  0.6437 Loss dta_trans:  0.0052 Loss dta_phys:  0.0065 Loss dta_preserve:  0.0046
Time:  0.0762 Epoch: 016 Iter:  450/ 600 LR: 0.0000151017 Loss content:  0.0169 Loss fft:  0.7968 Loss dta_rank:  0.0000 Loss dta_tv:  0.0284 Loss dta_proxy:  0.6287 Loss dta_trans:  0.0054 Loss dta_phys:  0.0068 Loss dta_preserve:  0.0050
Time:  0.0730 Epoch: 016 Iter:  500/ 600 LR: 0.0000151017 Loss content:  0.0167 Loss fft:  0.8265 Loss dta_rank:  0.0000 Loss dta_tv:  0.0275 Loss dta_proxy:  0.6623 Loss dta_trans:  0.0047 Loss dta_phys:  0.0073 Loss dta_preserve:  0.0064
Time:  0.0733 Epoch: 016 Iter:  550/ 600 LR: 0.0000151017 Loss content:  0.0171 Loss fft:  0.8100 Loss dta_rank:  0.0000 Loss dta_tv:  0.0288 Loss dta_proxy:  0.6352 Loss dta_trans:  0.0055 Loss dta_phys:  0.0067 Loss dta_preserve:  0.0048
Time:  0.0718 Epoch: 016 Iter:  600/ 600 LR: 0.0000151017 Loss content:  0.0178 Loss fft:  0.8242 Loss dta_rank:  0.0000 Loss dta_tv:  0.0282 Loss dta_proxy:  0.6318 Loss dta_trans:  0.0055 Loss dta_phys:  0.0070 Loss dta_preserve:  0.0048
EPOCH: 16
Elapsed time: 0.87 Epoch Pixel Loss:  0.0173 Epoch FFT Loss:  0.8209 Epoch DTA Rank:  0.0000 Epoch DTA TV:  0.0283 Epoch DTA Proxy:  0.6398 Epoch DTA Trans:  0.0055 Epoch DTA Phys:  0.0068 Epoch DTA Preserve:  0.0054
DTA_GATE_RAMP epoch=17 gate_limit=0.060000
Time:  0.0756 Epoch: 017 Iter:   50/ 600 LR: 0.0000094853 Loss content:  0.0174 Loss fft:  0.8347 Loss dta_rank:  0.0000 Loss dta_tv:  0.0282 Loss dta_proxy:  0.6526 Loss dta_trans:  0.0053 Loss dta_phys:  0.0071 Loss dta_preserve:  0.0050
Time:  0.0665 Epoch: 017 Iter:  100/ 600 LR: 0.0000094853 Loss content:  0.0170 Loss fft:  0.7921 Loss dta_rank:  0.0000 Loss dta_tv:  0.0287 Loss dta_proxy:  0.6205 Loss dta_trans:  0.0055 Loss dta_phys:  0.0072 Loss dta_preserve:  0.0059
Time:  0.0646 Epoch: 017 Iter:  150/ 600 LR: 0.0000094853 Loss content:  0.0171 Loss fft:  0.8164 Loss dta_rank:  0.0000 Loss dta_tv:  0.0279 Loss dta_proxy:  0.6418 Loss dta_trans:  0.0058 Loss dta_phys:  0.0067 Loss dta_preserve:  0.0052
Time:  0.0740 Epoch: 017 Iter:  200/ 600 LR: 0.0000094853 Loss content:  0.0174 Loss fft:  0.8308 Loss dta_rank:  0.0000 Loss dta_tv:  0.0275 Loss dta_proxy:  0.6580 Loss dta_trans:  0.0049 Loss dta_phys:  0.0064 Loss dta_preserve:  0.0058
Time:  0.0738 Epoch: 017 Iter:  250/ 600 LR: 0.0000094853 Loss content:  0.0170 Loss fft:  0.8286 Loss dta_rank:  0.0000 Loss dta_tv:  0.0290 Loss dta_proxy:  0.6298 Loss dta_trans:  0.0056 Loss dta_phys:  0.0064 Loss dta_preserve:  0.0050
Time:  0.0682 Epoch: 017 Iter:  300/ 600 LR: 0.0000094853 Loss content:  0.0171 Loss fft:  0.8138 Loss dta_rank:  0.0000 Loss dta_tv:  0.0281 Loss dta_proxy:  0.6410 Loss dta_trans:  0.0056 Loss dta_phys:  0.0067 Loss dta_preserve:  0.0053
Time:  0.0688 Epoch: 017 Iter:  350/ 600 LR: 0.0000094853 Loss content:  0.0172 Loss fft:  0.8432 Loss dta_rank:  0.0000 Loss dta_tv:  0.0286 Loss dta_proxy:  0.6354 Loss dta_trans:  0.0058 Loss dta_phys:  0.0076 Loss dta_preserve:  0.0047
Time:  0.0731 Epoch: 017 Iter:  400/ 600 LR: 0.0000094853 Loss content:  0.0172 Loss fft:  0.8387 Loss dta_rank:  0.0000 Loss dta_tv:  0.0275 Loss dta_proxy:  0.6474 Loss dta_trans:  0.0044 Loss dta_phys:  0.0069 Loss dta_preserve:  0.0058
Time:  0.0737 Epoch: 017 Iter:  450/ 600 LR: 0.0000094853 Loss content:  0.0165 Loss fft:  0.8304 Loss dta_rank:  0.0000 Loss dta_tv:  0.0287 Loss dta_proxy:  0.6260 Loss dta_trans:  0.0064 Loss dta_phys:  0.0065 Loss dta_preserve:  0.0042
Time:  0.0729 Epoch: 017 Iter:  500/ 600 LR: 0.0000094853 Loss content:  0.0179 Loss fft:  0.8360 Loss dta_rank:  0.0000 Loss dta_tv:  0.0278 Loss dta_proxy:  0.6586 Loss dta_trans:  0.0054 Loss dta_phys:  0.0068 Loss dta_preserve:  0.0053
Time:  0.0750 Epoch: 017 Iter:  550/ 600 LR: 0.0000094853 Loss content:  0.0170 Loss fft:  0.8032 Loss dta_rank:  0.0000 Loss dta_tv:  0.0284 Loss dta_proxy:  0.6254 Loss dta_trans:  0.0050 Loss dta_phys:  0.0059 Loss dta_preserve:  0.0064
Time:  0.0747 Epoch: 017 Iter:  600/ 600 LR: 0.0000094853 Loss content:  0.0175 Loss fft:  0.8179 Loss dta_rank:  0.0000 Loss dta_tv:  0.0284 Loss dta_proxy:  0.6405 Loss dta_trans:  0.0048 Loss dta_phys:  0.0065 Loss dta_preserve:  0.0064
EPOCH: 17
Elapsed time: 0.86 Epoch Pixel Loss:  0.0172 Epoch FFT Loss:  0.8238 Epoch DTA Rank:  0.0000 Epoch DTA TV:  0.0282 Epoch DTA Proxy:  0.6398 Epoch DTA Trans:  0.0054 Epoch DTA Phys:  0.0067 Epoch DTA Preserve:  0.0054
DTA_GATE_RAMP epoch=18 gate_limit=0.060000
Time:  0.0784 Epoch: 018 Iter:   50/ 600 LR: 0.0000052550 Loss content:  0.0170 Loss fft:  0.8219 Loss dta_rank:  0.0000 Loss dta_tv:  0.0287 Loss dta_proxy:  0.6325 Loss dta_trans:  0.0056 Loss dta_phys:  0.0065 Loss dta_preserve:  0.0048
Time:  0.0715 Epoch: 018 Iter:  100/ 600 LR: 0.0000052550 Loss content:  0.0170 Loss fft:  0.7944 Loss dta_rank:  0.0000 Loss dta_tv:  0.0277 Loss dta_proxy:  0.6473 Loss dta_trans:  0.0055 Loss dta_phys:  0.0078 Loss dta_preserve:  0.0052
Time:  0.0704 Epoch: 018 Iter:  150/ 600 LR: 0.0000052550 Loss content:  0.0171 Loss fft:  0.8047 Loss dta_rank:  0.0000 Loss dta_tv:  0.0289 Loss dta_proxy:  0.6431 Loss dta_trans:  0.0049 Loss dta_phys:  0.0071 Loss dta_preserve:  0.0057
Time:  0.0717 Epoch: 018 Iter:  200/ 600 LR: 0.0000052550 Loss content:  0.0173 Loss fft:  0.8004 Loss dta_rank:  0.0000 Loss dta_tv:  0.0276 Loss dta_proxy:  0.6554 Loss dta_trans:  0.0049 Loss dta_phys:  0.0066 Loss dta_preserve:  0.0056
Time:  0.0621 Epoch: 018 Iter:  250/ 600 LR: 0.0000052550 Loss content:  0.0172 Loss fft:  0.8386 Loss dta_rank:  0.0000 Loss dta_tv:  0.0287 Loss dta_proxy:  0.6161 Loss dta_trans:  0.0052 Loss dta_phys:  0.0065 Loss dta_preserve:  0.0057
Time:  0.0769 Epoch: 018 Iter:  300/ 600 LR: 0.0000052550 Loss content:  0.0168 Loss fft:  0.8186 Loss dta_rank:  0.0000 Loss dta_tv:  0.0279 Loss dta_proxy:  0.6376 Loss dta_trans:  0.0051 Loss dta_phys:  0.0057 Loss dta_preserve:  0.0042
Time:  0.0778 Epoch: 018 Iter:  350/ 600 LR: 0.0000052550 Loss content:  0.0169 Loss fft:  0.8262 Loss dta_rank:  0.0000 Loss dta_tv:  0.0284 Loss dta_proxy:  0.6382 Loss dta_trans:  0.0051 Loss dta_phys:  0.0068 Loss dta_preserve:  0.0052
Time:  0.0726 Epoch: 018 Iter:  400/ 600 LR: 0.0000052550 Loss content:  0.0172 Loss fft:  0.8362 Loss dta_rank:  0.0000 Loss dta_tv:  0.0279 Loss dta_proxy:  0.6555 Loss dta_trans:  0.0060 Loss dta_phys:  0.0066 Loss dta_preserve:  0.0077
Time:  0.0744 Epoch: 018 Iter:  450/ 600 LR: 0.0000052550 Loss content:  0.0178 Loss fft:  0.8343 Loss dta_rank:  0.0000 Loss dta_tv:  0.0281 Loss dta_proxy:  0.6380 Loss dta_trans:  0.0051 Loss dta_phys:  0.0071 Loss dta_preserve:  0.0045
Time:  0.0716 Epoch: 018 Iter:  500/ 600 LR: 0.0000052550 Loss content:  0.0169 Loss fft:  0.8088 Loss dta_rank:  0.0000 Loss dta_tv:  0.0283 Loss dta_proxy:  0.6402 Loss dta_trans:  0.0060 Loss dta_phys:  0.0069 Loss dta_preserve:  0.0050
Time:  0.0752 Epoch: 018 Iter:  550/ 600 LR: 0.0000052550 Loss content:  0.0173 Loss fft:  0.8385 Loss dta_rank:  0.0000 Loss dta_tv:  0.0278 Loss dta_proxy:  0.6577 Loss dta_trans:  0.0042 Loss dta_phys:  0.0073 Loss dta_preserve:  0.0055
Time:  0.0721 Epoch: 018 Iter:  600/ 600 LR: 0.0000052550 Loss content:  0.0172 Loss fft:  0.8330 Loss dta_rank:  0.0000 Loss dta_tv:  0.0283 Loss dta_proxy:  0.6435 Loss dta_trans:  0.0060 Loss dta_phys:  0.0063 Loss dta_preserve:  0.0052
EPOCH: 18
Elapsed time: 0.88 Epoch Pixel Loss:  0.0171 Epoch FFT Loss:  0.8213 Epoch DTA Rank:  0.0000 Epoch DTA TV:  0.0282 Epoch DTA Proxy:  0.6421 Epoch DTA Trans:  0.0053 Epoch DTA Phys:  0.0068 Epoch DTA Preserve:  0.0054
DTA_GATE_RAMP epoch=19 gate_limit=0.060000
Time:  0.0724 Epoch: 019 Iter:   50/ 600 LR: 0.0000025070 Loss content:  0.0170 Loss fft:  0.8413 Loss dta_rank:  0.0000 Loss dta_tv:  0.0288 Loss dta_proxy:  0.6358 Loss dta_trans:  0.0054 Loss dta_phys:  0.0067 Loss dta_preserve:  0.0055
Time:  0.0694 Epoch: 019 Iter:  100/ 600 LR: 0.0000025070 Loss content:  0.0172 Loss fft:  0.8209 Loss dta_rank:  0.0000 Loss dta_tv:  0.0279 Loss dta_proxy:  0.6460 Loss dta_trans:  0.0059 Loss dta_phys:  0.0062 Loss dta_preserve:  0.0063
Time:  0.0713 Epoch: 019 Iter:  150/ 600 LR: 0.0000025070 Loss content:  0.0176 Loss fft:  0.8397 Loss dta_rank:  0.0000 Loss dta_tv:  0.0293 Loss dta_proxy:  0.6319 Loss dta_trans:  0.0057 Loss dta_phys:  0.0064 Loss dta_preserve:  0.0051
Time:  0.0708 Epoch: 019 Iter:  200/ 600 LR: 0.0000025070 Loss content:  0.0171 Loss fft:  0.8154 Loss dta_rank:  0.0000 Loss dta_tv:  0.0279 Loss dta_proxy:  0.6576 Loss dta_trans:  0.0055 Loss dta_phys:  0.0068 Loss dta_preserve:  0.0049
Time:  0.0714 Epoch: 019 Iter:  250/ 600 LR: 0.0000025070 Loss content:  0.0173 Loss fft:  0.8370 Loss dta_rank:  0.0000 Loss dta_tv:  0.0282 Loss dta_proxy:  0.6467 Loss dta_trans:  0.0051 Loss dta_phys:  0.0065 Loss dta_preserve:  0.0047
Time:  0.0726 Epoch: 019 Iter:  300/ 600 LR: 0.0000025070 Loss content:  0.0169 Loss fft:  0.8109 Loss dta_rank:  0.0000 Loss dta_tv:  0.0275 Loss dta_proxy:  0.6433 Loss dta_trans:  0.0051 Loss dta_phys:  0.0072 Loss dta_preserve:  0.0042
Time:  0.0770 Epoch: 019 Iter:  350/ 600 LR: 0.0000025070 Loss content:  0.0168 Loss fft:  0.7967 Loss dta_rank:  0.0000 Loss dta_tv:  0.0284 Loss dta_proxy:  0.6303 Loss dta_trans:  0.0051 Loss dta_phys:  0.0070 Loss dta_preserve:  0.0045
Time:  0.0732 Epoch: 019 Iter:  400/ 600 LR: 0.0000025070 Loss content:  0.0171 Loss fft:  0.8037 Loss dta_rank:  0.0000 Loss dta_tv:  0.0273 Loss dta_proxy:  0.6485 Loss dta_trans:  0.0051 Loss dta_phys:  0.0069 Loss dta_preserve:  0.0041
Time:  0.0721 Epoch: 019 Iter:  450/ 600 LR: 0.0000025070 Loss content:  0.0167 Loss fft:  0.8326 Loss dta_rank:  0.0000 Loss dta_tv:  0.0289 Loss dta_proxy:  0.6314 Loss dta_trans:  0.0056 Loss dta_phys:  0.0062 Loss dta_preserve:  0.0048
Time:  0.0758 Epoch: 019 Iter:  500/ 600 LR: 0.0000025070 Loss content:  0.0172 Loss fft:  0.8039 Loss dta_rank:  0.0000 Loss dta_tv:  0.0281 Loss dta_proxy:  0.6333 Loss dta_trans:  0.0056 Loss dta_phys:  0.0065 Loss dta_preserve:  0.0049
Time:  0.0728 Epoch: 019 Iter:  550/ 600 LR: 0.0000025070 Loss content:  0.0173 Loss fft:  0.8071 Loss dta_rank:  0.0000 Loss dta_tv:  0.0273 Loss dta_proxy:  0.6495 Loss dta_trans:  0.0054 Loss dta_phys:  0.0063 Loss dta_preserve:  0.0065
Time:  0.0735 Epoch: 019 Iter:  600/ 600 LR: 0.0000025070 Loss content:  0.0184 Loss fft:  0.8177 Loss dta_rank:  0.0000 Loss dta_tv:  0.0275 Loss dta_proxy:  0.6542 Loss dta_trans:  0.0056 Loss dta_phys:  0.0074 Loss dta_preserve:  0.0064
EPOCH: 19
Elapsed time: 0.88 Epoch Pixel Loss:  0.0172 Epoch FFT Loss:  0.8189 Epoch DTA Rank:  0.0000 Epoch DTA TV:  0.0281 Epoch DTA Proxy:  0.6424 Epoch DTA Trans:  0.0054 Epoch DTA Phys:  0.0067 Epoch DTA Preserve:  0.0052
DTA_GATE_RAMP epoch=20 gate_limit=0.060000
Time:  0.0716 Epoch: 020 Iter:   50/ 600 LR: 0.0000012125 Loss content:  0.0174 Loss fft:  0.7994 Loss dta_rank:  0.0000 Loss dta_tv:  0.0284 Loss dta_proxy:  0.6407 Loss dta_trans:  0.0059 Loss dta_phys:  0.0071 Loss dta_preserve:  0.0053
Time:  0.0660 Epoch: 020 Iter:  100/ 600 LR: 0.0000012125 Loss content:  0.0173 Loss fft:  0.8152 Loss dta_rank:  0.0000 Loss dta_tv:  0.0281 Loss dta_proxy:  0.6342 Loss dta_trans:  0.0058 Loss dta_phys:  0.0072 Loss dta_preserve:  0.0054
Time:  0.0657 Epoch: 020 Iter:  150/ 600 LR: 0.0000012125 Loss content:  0.0162 Loss fft:  0.7973 Loss dta_rank:  0.0000 Loss dta_tv:  0.0285 Loss dta_proxy:  0.6326 Loss dta_trans:  0.0049 Loss dta_phys:  0.0063 Loss dta_preserve:  0.0045
Time:  0.0721 Epoch: 020 Iter:  200/ 600 LR: 0.0000012125 Loss content:  0.0170 Loss fft:  0.8366 Loss dta_rank:  0.0000 Loss dta_tv:  0.0281 Loss dta_proxy:  0.6498 Loss dta_trans:  0.0047 Loss dta_phys:  0.0067 Loss dta_preserve:  0.0050
Time:  0.0678 Epoch: 020 Iter:  250/ 600 LR: 0.0000012125 Loss content:  0.0174 Loss fft:  0.8134 Loss dta_rank:  0.0000 Loss dta_tv:  0.0288 Loss dta_proxy:  0.6169 Loss dta_trans:  0.0058 Loss dta_phys:  0.0068 Loss dta_preserve:  0.0047
Time:  0.0733 Epoch: 020 Iter:  300/ 600 LR: 0.0000012125 Loss content:  0.0177 Loss fft:  0.8122 Loss dta_rank:  0.0000 Loss dta_tv:  0.0286 Loss dta_proxy:  0.6324 Loss dta_trans:  0.0057 Loss dta_phys:  0.0068 Loss dta_preserve:  0.0051
Time:  0.0734 Epoch: 020 Iter:  350/ 600 LR: 0.0000012125 Loss content:  0.0173 Loss fft:  0.8306 Loss dta_rank:  0.0000 Loss dta_tv:  0.0281 Loss dta_proxy:  0.6317 Loss dta_trans:  0.0055 Loss dta_phys:  0.0065 Loss dta_preserve:  0.0052
Time:  0.0736 Epoch: 020 Iter:  400/ 600 LR: 0.0000012125 Loss content:  0.0171 Loss fft:  0.8137 Loss dta_rank:  0.0000 Loss dta_tv:  0.0273 Loss dta_proxy:  0.6645 Loss dta_trans:  0.0058 Loss dta_phys:  0.0071 Loss dta_preserve:  0.0060
Time:  0.0752 Epoch: 020 Iter:  450/ 600 LR: 0.0000012125 Loss content:  0.0174 Loss fft:  0.8059 Loss dta_rank:  0.0000 Loss dta_tv:  0.0280 Loss dta_proxy:  0.6443 Loss dta_trans:  0.0056 Loss dta_phys:  0.0066 Loss dta_preserve:  0.0044
Time:  0.0706 Epoch: 020 Iter:  500/ 600 LR: 0.0000012125 Loss content:  0.0169 Loss fft:  0.8329 Loss dta_rank:  0.0000 Loss dta_tv:  0.0276 Loss dta_proxy:  0.6576 Loss dta_trans:  0.0050 Loss dta_phys:  0.0065 Loss dta_preserve:  0.0059
Time:  0.0729 Epoch: 020 Iter:  550/ 600 LR: 0.0000012125 Loss content:  0.0177 Loss fft:  0.8484 Loss dta_rank:  0.0000 Loss dta_tv:  0.0282 Loss dta_proxy:  0.6445 Loss dta_trans:  0.0057 Loss dta_phys:  0.0062 Loss dta_preserve:  0.0053
Time:  0.0712 Epoch: 020 Iter:  600/ 600 LR: 0.0000012125 Loss content:  0.0169 Loss fft:  0.8104 Loss dta_rank:  0.0000 Loss dta_tv:  0.0279 Loss dta_proxy:  0.6516 Loss dta_trans:  0.0054 Loss dta_phys:  0.0068 Loss dta_preserve:  0.0045
EPOCH: 20
Elapsed time: 0.86 Epoch Pixel Loss:  0.0172 Epoch FFT Loss:  0.8180 Epoch DTA Rank:  0.0000 Epoch DTA TV:  0.0281 Epoch DTA Proxy:  0.6417 Epoch DTA Trans:  0.0055 Epoch DTA Phys:  0.0067 Epoch DTA Preserve:  0.0051
