Namespace(model_name='ConvIR-Haze4K-DTA-v2-adapter_only-invert-seed3407-f2-oof20', data='Haze4K', version='base', fam_mode='original', arch='dta_v2', seed=3407, mode='train', data_dir='/sda/home/wangyuxin/ConvIR-B/datasets/Haze4K/Haze4K', batch_size=4, learning_rate=0.0001, weight_decay=0.0, num_epoch=20, stop_epoch=20, print_freq=50, num_worker=4, save_freq=5, valid_freq=9999, mod_stats_freq=5, mod_stats_batches=16, grad_clip_norm=0.001, dta_grad_clip_norm=0.05, dta_neighbor_grad_clip_norm=0.005, init_model='/sda/home/wangyuxin/ConvIR-B/checkpoints/official/Haze4K/haze4k-base.pkl', init_model_partial=True, partial_new_prefixes='DTA.', resume='', train_scope='adapter_only', dta_depth_cache_dir='/sda/home/wangyuxin/ConvIR-B/depth_cache/depth_anything_v2_small_hf', dta_train_depth_split='train', dta_eval_depth_split='train', valid_root_split='train', eval_root_split='test', dta_require_depth=True, dta_variant='v2', dta_depth_mode='invert', dta_prior_channels=32, dta_gate_bias=-6.0, dta_gate_limit=0.06, dta_gamma_limit=0.12, dta_beta_limit=0.06, dta_alpha_init=1.0, dta_confidence_floor=0.25, dta_confidence_local_scale=6.0, dta_output_residual_scale=0.03, dta_use_trans_gt=True, dta_trans_weight=0.02, dta_phys_weight=0.005, dta_preserve_weight=0.02, dta_preserve_trans_thresh=0.8, dta_gate_ramp_start=0.01, dta_gate_ramp_mid=0.03, dta_gate_ramp_end=0.06, dta_gate_ramp_warmup_epochs=2, dta_gate_ramp_mid_epochs=8, dta_rank_weight=0.001, dta_tv_weight=0.0001, dta_proxy_weight=0.0, dta_rank_pairs=512, dta_rank_min_depth_gap=0.03, split_json='/sda/home/wangyuxin/ConvIR-B/repos/ConvIR-B-dta-v2-calibrated/experience_docx/experiment_logs/haze4k_dta_v2_calibrated_20260611/dta_v2_haze4k_oof_splits_seed3407.json', split_name='fold2_train', test_model='', save_image=False, leaning_rate=0.0001, model_save_dir='results/ConvIR-Haze4K-DTA-v2-adapter_only-invert-seed3407-f2-oof20/Training-Results/', result_dir='results/ConvIR-Haze4K-DTA-v2-adapter_only-invert-seed3407-f2-oof20/images/Haze4K', init_model_sha256='6f42037d57a4e3de3a10ac0ab909d66a3415864a19433c29204a975f4efa4088')
/sda/home/wangyuxin/ConvIR-B/repos/ConvIR-B-dta-v2-calibrated/Dehazing/ITS/main.py:14: FutureWarning: You are using `torch.load` with `weights_only=False` (the current default value), which uses the default pickle module implicitly. It is possible to construct malicious pickle data which will execute arbitrary code during unpickling (See https://github.com/pytorch/pytorch/blob/main/SECURITY.md#untrusted-models for more details). In a future release, the default value for `weights_only` will be flipped to `True`. This limits the functions that could be executed during unpickling. Arbitrary objects will no longer be allowed to be loaded via this mode unless they are explicitly allowlisted by the user via `torch.serialization.add_safe_globals`. We recommend you start setting `weights_only=True` for any use case where you don't have full control of the loaded file. Please open an issue on GitHub for any issues related to this experimental feature.
  state = torch.load(path, map_location=map_location)
INIT_MODEL_PARTIAL_LOAD path=/sda/home/wangyuxin/ConvIR-B/checkpoints/official/Haze4K/haze4k-base.pkl loaded=602 missing_allowed=25 unexpected=[] allowed_new_prefixes=('DTA.',)
TRAIN_SCOPE scope=adapter_only arch=dta_v2 trainable=74699 total=8705364
/sda/home/wangyuxin/ConvIR-B/envs/convir-cu121/lib/python3.10/site-packages/torch/optim/lr_scheduler.py:224: UserWarning: Detected call of `lr_scheduler.step()` before `optimizer.step()`. In PyTorch 1.1.0 and later, you should call them in the opposite order: `optimizer.step()` before `lr_scheduler.step()`.  Failure to do this will result in PyTorch skipping the first value of the learning rate schedule. See more details at https://pytorch.org/docs/stable/optim.html#how-to-adjust-learning-rate
  warnings.warn(
DTA_GATE_RAMP epoch=1 gate_limit=0.010000
Time:  0.0944 Epoch: 001 Iter:   50/ 600 LR: 0.0000333333 Loss content:  0.0175 Loss fft:  0.8023 Loss dta_rank:  0.6932 Loss dta_tv:  0.0029 Loss dta_proxy:  0.1200 Loss dta_trans:  0.0415 Loss dta_phys:  0.0075 Loss dta_preserve:  0.0058
Time:  0.0726 Epoch: 001 Iter:  100/ 600 LR: 0.0000333333 Loss content:  0.0174 Loss fft:  0.8140 Loss dta_rank:  0.6915 Loss dta_tv:  0.0097 Loss dta_proxy:  0.1323 Loss dta_trans:  0.0338 Loss dta_phys:  0.0098 Loss dta_preserve:  0.0048
Time:  0.0748 Epoch: 001 Iter:  150/ 600 LR: 0.0000333333 Loss content:  0.0177 Loss fft:  0.8453 Loss dta_rank:  0.6858 Loss dta_tv:  0.0155 Loss dta_proxy:  0.1479 Loss dta_trans:  0.0281 Loss dta_phys:  0.0102 Loss dta_preserve:  0.0059
Time:  0.0710 Epoch: 001 Iter:  200/ 600 LR: 0.0000333333 Loss content:  0.0170 Loss fft:  0.8061 Loss dta_rank:  0.6773 Loss dta_tv:  0.0202 Loss dta_proxy:  0.1567 Loss dta_trans:  0.0252 Loss dta_phys:  0.0108 Loss dta_preserve:  0.0048
Time:  0.0787 Epoch: 001 Iter:  250/ 600 LR: 0.0000333333 Loss content:  0.0179 Loss fft:  0.8673 Loss dta_rank:  0.6616 Loss dta_tv:  0.0254 Loss dta_proxy:  0.1696 Loss dta_trans:  0.0190 Loss dta_phys:  0.0079 Loss dta_preserve:  0.0044
Time:  0.0772 Epoch: 001 Iter:  300/ 600 LR: 0.0000333333 Loss content:  0.0174 Loss fft:  0.8169 Loss dta_rank:  0.6550 Loss dta_tv:  0.0315 Loss dta_proxy:  0.1676 Loss dta_trans:  0.0163 Loss dta_phys:  0.0083 Loss dta_preserve:  0.0048
Time:  0.0776 Epoch: 001 Iter:  350/ 600 LR: 0.0000333333 Loss content:  0.0173 Loss fft:  0.8179 Loss dta_rank:  0.6472 Loss dta_tv:  0.0355 Loss dta_proxy:  0.1748 Loss dta_trans:  0.0171 Loss dta_phys:  0.0072 Loss dta_preserve:  0.0041
Time:  0.0767 Epoch: 001 Iter:  400/ 600 LR: 0.0000333333 Loss content:  0.0166 Loss fft:  0.8122 Loss dta_rank:  0.6405 Loss dta_tv:  0.0374 Loss dta_proxy:  0.1922 Loss dta_trans:  0.0151 Loss dta_phys:  0.0073 Loss dta_preserve:  0.0048
Time:  0.0764 Epoch: 001 Iter:  450/ 600 LR: 0.0000333333 Loss content:  0.0173 Loss fft:  0.7870 Loss dta_rank:  0.6337 Loss dta_tv:  0.0376 Loss dta_proxy:  0.1918 Loss dta_trans:  0.0134 Loss dta_phys:  0.0071 Loss dta_preserve:  0.0054
Time:  0.0688 Epoch: 001 Iter:  500/ 600 LR: 0.0000333333 Loss content:  0.0172 Loss fft:  0.8132 Loss dta_rank:  0.6320 Loss dta_tv:  0.0386 Loss dta_proxy:  0.2002 Loss dta_trans:  0.0121 Loss dta_phys:  0.0078 Loss dta_preserve:  0.0051
Time:  0.0650 Epoch: 001 Iter:  550/ 600 LR: 0.0000333333 Loss content:  0.0171 Loss fft:  0.8131 Loss dta_rank:  0.6331 Loss dta_tv:  0.0381 Loss dta_proxy:  0.2082 Loss dta_trans:  0.0119 Loss dta_phys:  0.0077 Loss dta_preserve:  0.0045
Time:  0.0731 Epoch: 001 Iter:  600/ 600 LR: 0.0000333333 Loss content:  0.0173 Loss fft:  0.8413 Loss dta_rank:  0.6262 Loss dta_tv:  0.0382 Loss dta_proxy:  0.2058 Loss dta_trans:  0.0102 Loss dta_phys:  0.0074 Loss dta_preserve:  0.0052
EPOCH: 01
Elapsed time: 0.91 Epoch Pixel Loss:  0.0173 Epoch FFT Loss:  0.8197 Epoch DTA Rank:  0.6564 Epoch DTA TV:  0.0276 Epoch DTA Proxy:  0.1723 Epoch DTA Trans:  0.0203 Epoch DTA Phys:  0.0083 Epoch DTA Preserve:  0.0050
DTA_GATE_RAMP epoch=2 gate_limit=0.010000
Time:  0.0778 Epoch: 002 Iter:   50/ 600 LR: 0.0000666667 Loss content:  0.0164 Loss fft:  0.8172 Loss dta_rank:  0.6252 Loss dta_tv:  0.0387 Loss dta_proxy:  0.2192 Loss dta_trans:  0.0103 Loss dta_phys:  0.0078 Loss dta_preserve:  0.0057
Time:  0.0767 Epoch: 002 Iter:  100/ 600 LR: 0.0000666667 Loss content:  0.0170 Loss fft:  0.8146 Loss dta_rank:  0.6251 Loss dta_tv:  0.0401 Loss dta_proxy:  0.2032 Loss dta_trans:  0.0111 Loss dta_phys:  0.0075 Loss dta_preserve:  0.0063
Time:  0.0731 Epoch: 002 Iter:  150/ 600 LR: 0.0000666667 Loss content:  0.0175 Loss fft:  0.8025 Loss dta_rank:  0.6231 Loss dta_tv:  0.0388 Loss dta_proxy:  0.2097 Loss dta_trans:  0.0112 Loss dta_phys:  0.0073 Loss dta_preserve:  0.0054
Time:  0.0730 Epoch: 002 Iter:  200/ 600 LR: 0.0000666667 Loss content:  0.0163 Loss fft:  0.7974 Loss dta_rank:  0.6236 Loss dta_tv:  0.0390 Loss dta_proxy:  0.2042 Loss dta_trans:  0.0101 Loss dta_phys:  0.0067 Loss dta_preserve:  0.0048
Time:  0.0725 Epoch: 002 Iter:  250/ 600 LR: 0.0000666667 Loss content:  0.0165 Loss fft:  0.8052 Loss dta_rank:  0.6238 Loss dta_tv:  0.0385 Loss dta_proxy:  0.1993 Loss dta_trans:  0.0105 Loss dta_phys:  0.0075 Loss dta_preserve:  0.0039
Time:  0.0748 Epoch: 002 Iter:  300/ 600 LR: 0.0000666667 Loss content:  0.0172 Loss fft:  0.8387 Loss dta_rank:  0.6241 Loss dta_tv:  0.0380 Loss dta_proxy:  0.2040 Loss dta_trans:  0.0099 Loss dta_phys:  0.0068 Loss dta_preserve:  0.0052
Time:  0.0726 Epoch: 002 Iter:  350/ 600 LR: 0.0000666667 Loss content:  0.0174 Loss fft:  0.8291 Loss dta_rank:  0.6213 Loss dta_tv:  0.0378 Loss dta_proxy:  0.2080 Loss dta_trans:  0.0087 Loss dta_phys:  0.0067 Loss dta_preserve:  0.0049
Time:  0.0719 Epoch: 002 Iter:  400/ 600 LR: 0.0000666667 Loss content:  0.0169 Loss fft:  0.8119 Loss dta_rank:  0.6173 Loss dta_tv:  0.0370 Loss dta_proxy:  0.2180 Loss dta_trans:  0.0096 Loss dta_phys:  0.0066 Loss dta_preserve:  0.0049
Time:  0.0744 Epoch: 002 Iter:  450/ 600 LR: 0.0000666667 Loss content:  0.0171 Loss fft:  0.8386 Loss dta_rank:  0.6200 Loss dta_tv:  0.0374 Loss dta_proxy:  0.2111 Loss dta_trans:  0.0095 Loss dta_phys:  0.0067 Loss dta_preserve:  0.0052
Time:  0.0774 Epoch: 002 Iter:  500/ 600 LR: 0.0000666667 Loss content:  0.0174 Loss fft:  0.8455 Loss dta_rank:  0.6218 Loss dta_tv:  0.0366 Loss dta_proxy:  0.2203 Loss dta_trans:  0.0078 Loss dta_phys:  0.0072 Loss dta_preserve:  0.0039
Time:  0.0723 Epoch: 002 Iter:  550/ 600 LR: 0.0000666667 Loss content:  0.0161 Loss fft:  0.7972 Loss dta_rank:  0.6162 Loss dta_tv:  0.0370 Loss dta_proxy:  0.2128 Loss dta_trans:  0.0091 Loss dta_phys:  0.0068 Loss dta_preserve:  0.0045
Time:  0.0669 Epoch: 002 Iter:  600/ 600 LR: 0.0000666667 Loss content:  0.0179 Loss fft:  0.8530 Loss dta_rank:  0.6181 Loss dta_tv:  0.0361 Loss dta_proxy:  0.2136 Loss dta_trans:  0.0080 Loss dta_phys:  0.0070 Loss dta_preserve:  0.0057
EPOCH: 02
Elapsed time: 0.89 Epoch Pixel Loss:  0.0170 Epoch FFT Loss:  0.8209 Epoch DTA Rank:  0.6216 Epoch DTA TV:  0.0379 Epoch DTA Proxy:  0.2103 Epoch DTA Trans:  0.0097 Epoch DTA Phys:  0.0071 Epoch DTA Preserve:  0.0050
DTA_GATE_RAMP epoch=3 gate_limit=0.030000
Time:  0.0677 Epoch: 003 Iter:   50/ 600 LR: 0.0001000000 Loss content:  0.0172 Loss fft:  0.8333 Loss dta_rank:  0.6152 Loss dta_tv:  0.0380 Loss dta_proxy:  0.2088 Loss dta_trans:  0.0075 Loss dta_phys:  0.0064 Loss dta_preserve:  0.0050
Time:  0.0745 Epoch: 003 Iter:  100/ 600 LR: 0.0001000000 Loss content:  0.0170 Loss fft:  0.8216 Loss dta_rank:  0.6138 Loss dta_tv:  0.0369 Loss dta_proxy:  0.2130 Loss dta_trans:  0.0081 Loss dta_phys:  0.0062 Loss dta_preserve:  0.0054
Time:  0.0734 Epoch: 003 Iter:  150/ 600 LR: 0.0001000000 Loss content:  0.0168 Loss fft:  0.8020 Loss dta_rank:  0.6146 Loss dta_tv:  0.0362 Loss dta_proxy:  0.2069 Loss dta_trans:  0.0082 Loss dta_phys:  0.0064 Loss dta_preserve:  0.0049
Time:  0.0751 Epoch: 003 Iter:  200/ 600 LR: 0.0001000000 Loss content:  0.0163 Loss fft:  0.7952 Loss dta_rank:  0.6136 Loss dta_tv:  0.0376 Loss dta_proxy:  0.2003 Loss dta_trans:  0.0082 Loss dta_phys:  0.0075 Loss dta_preserve:  0.0043
Time:  0.0751 Epoch: 003 Iter:  250/ 600 LR: 0.0001000000 Loss content:  0.0164 Loss fft:  0.8317 Loss dta_rank:  0.6085 Loss dta_tv:  0.0351 Loss dta_proxy:  0.2203 Loss dta_trans:  0.0076 Loss dta_phys:  0.0066 Loss dta_preserve:  0.0050
Time:  0.0736 Epoch: 003 Iter:  300/ 600 LR: 0.0001000000 Loss content:  0.0182 Loss fft:  0.8542 Loss dta_rank:  0.6140 Loss dta_tv:  0.0363 Loss dta_proxy:  0.2157 Loss dta_trans:  0.0078 Loss dta_phys:  0.0067 Loss dta_preserve:  0.0059
Time:  0.0624 Epoch: 003 Iter:  350/ 600 LR: 0.0001000000 Loss content:  0.0170 Loss fft:  0.8289 Loss dta_rank:  0.6127 Loss dta_tv:  0.0362 Loss dta_proxy:  0.2090 Loss dta_trans:  0.0083 Loss dta_phys:  0.0076 Loss dta_preserve:  0.0064
Time:  0.0639 Epoch: 003 Iter:  400/ 600 LR: 0.0001000000 Loss content:  0.0173 Loss fft:  0.8378 Loss dta_rank:  0.6089 Loss dta_tv:  0.0361 Loss dta_proxy:  0.1997 Loss dta_trans:  0.0079 Loss dta_phys:  0.0065 Loss dta_preserve:  0.0043
Time:  0.0756 Epoch: 003 Iter:  450/ 600 LR: 0.0001000000 Loss content:  0.0177 Loss fft:  0.8073 Loss dta_rank:  0.6089 Loss dta_tv:  0.0345 Loss dta_proxy:  0.2151 Loss dta_trans:  0.0068 Loss dta_phys:  0.0064 Loss dta_preserve:  0.0055
Time:  0.0762 Epoch: 003 Iter:  500/ 600 LR: 0.0001000000 Loss content:  0.0178 Loss fft:  0.8153 Loss dta_rank:  0.6149 Loss dta_tv:  0.0343 Loss dta_proxy:  0.2126 Loss dta_trans:  0.0077 Loss dta_phys:  0.0069 Loss dta_preserve:  0.0068
Time:  0.0755 Epoch: 003 Iter:  550/ 600 LR: 0.0001000000 Loss content:  0.0169 Loss fft:  0.7947 Loss dta_rank:  0.6130 Loss dta_tv:  0.0353 Loss dta_proxy:  0.2070 Loss dta_trans:  0.0070 Loss dta_phys:  0.0073 Loss dta_preserve:  0.0053
Time:  0.0662 Epoch: 003 Iter:  600/ 600 LR: 0.0001000000 Loss content:  0.0174 Loss fft:  0.8139 Loss dta_rank:  0.6061 Loss dta_tv:  0.0354 Loss dta_proxy:  0.2098 Loss dta_trans:  0.0077 Loss dta_phys:  0.0066 Loss dta_preserve:  0.0058
EPOCH: 03
Elapsed time: 0.86 Epoch Pixel Loss:  0.0172 Epoch FFT Loss:  0.8197 Epoch DTA Rank:  0.6120 Epoch DTA TV:  0.0360 Epoch DTA Proxy:  0.2099 Epoch DTA Trans:  0.0077 Epoch DTA Phys:  0.0068 Epoch DTA Preserve:  0.0054
/sda/home/wangyuxin/ConvIR-B/envs/convir-cu121/lib/python3.10/site-packages/torch/optim/lr_scheduler.py:1087: UserWarning: To get the last learning rate computed by the scheduler, please use `get_last_lr()`.
  _warn_get_lr_called_within_step(self)
DTA_GATE_RAMP epoch=4 gate_limit=0.030000
Time:  0.0739 Epoch: 004 Iter:   50/ 600 LR: 0.0001000000 Loss content:  0.0172 Loss fft:  0.8284 Loss dta_rank:  0.6088 Loss dta_tv:  0.0351 Loss dta_proxy:  0.2130 Loss dta_trans:  0.0068 Loss dta_phys:  0.0066 Loss dta_preserve:  0.0040
Time:  0.0741 Epoch: 004 Iter:  100/ 600 LR: 0.0001000000 Loss content:  0.0171 Loss fft:  0.8154 Loss dta_rank:  0.6112 Loss dta_tv:  0.0353 Loss dta_proxy:  0.2092 Loss dta_trans:  0.0076 Loss dta_phys:  0.0066 Loss dta_preserve:  0.0047
Time:  0.0735 Epoch: 004 Iter:  150/ 600 LR: 0.0001000000 Loss content:  0.0173 Loss fft:  0.8307 Loss dta_rank:  0.6083 Loss dta_tv:  0.0341 Loss dta_proxy:  0.2179 Loss dta_trans:  0.0063 Loss dta_phys:  0.0065 Loss dta_preserve:  0.0042
Time:  0.0750 Epoch: 004 Iter:  200/ 600 LR: 0.0001000000 Loss content:  0.0171 Loss fft:  0.8030 Loss dta_rank:  0.6100 Loss dta_tv:  0.0348 Loss dta_proxy:  0.2134 Loss dta_trans:  0.0069 Loss dta_phys:  0.0063 Loss dta_preserve:  0.0102
Time:  0.0763 Epoch: 004 Iter:  250/ 600 LR: 0.0001000000 Loss content:  0.0184 Loss fft:  0.8460 Loss dta_rank:  0.6045 Loss dta_tv:  0.0341 Loss dta_proxy:  0.2034 Loss dta_trans:  0.0064 Loss dta_phys:  0.0059 Loss dta_preserve:  0.0060
Time:  0.0762 Epoch: 004 Iter:  300/ 600 LR: 0.0001000000 Loss content:  0.0178 Loss fft:  0.8312 Loss dta_rank:  0.6077 Loss dta_tv:  0.0346 Loss dta_proxy:  0.2093 Loss dta_trans:  0.0075 Loss dta_phys:  0.0065 Loss dta_preserve:  0.0059
Time:  0.0716 Epoch: 004 Iter:  350/ 600 LR: 0.0001000000 Loss content:  0.0168 Loss fft:  0.8035 Loss dta_rank:  0.6089 Loss dta_tv:  0.0338 Loss dta_proxy:  0.2105 Loss dta_trans:  0.0071 Loss dta_phys:  0.0062 Loss dta_preserve:  0.0052
Time:  0.0731 Epoch: 004 Iter:  400/ 600 LR: 0.0001000000 Loss content:  0.0165 Loss fft:  0.7963 Loss dta_rank:  0.6135 Loss dta_tv:  0.0342 Loss dta_proxy:  0.2112 Loss dta_trans:  0.0077 Loss dta_phys:  0.0069 Loss dta_preserve:  0.0043
Time:  0.0731 Epoch: 004 Iter:  450/ 600 LR: 0.0001000000 Loss content:  0.0159 Loss fft:  0.8072 Loss dta_rank:  0.6088 Loss dta_tv:  0.0341 Loss dta_proxy:  0.2103 Loss dta_trans:  0.0070 Loss dta_phys:  0.0074 Loss dta_preserve:  0.0055
Time:  0.0770 Epoch: 004 Iter:  500/ 600 LR: 0.0001000000 Loss content:  0.0172 Loss fft:  0.8112 Loss dta_rank:  0.6082 Loss dta_tv:  0.0334 Loss dta_proxy:  0.2096 Loss dta_trans:  0.0059 Loss dta_phys:  0.0064 Loss dta_preserve:  0.0043
Time:  0.0737 Epoch: 004 Iter:  550/ 600 LR: 0.0001000000 Loss content:  0.0169 Loss fft:  0.8190 Loss dta_rank:  0.6110 Loss dta_tv:  0.0350 Loss dta_proxy:  0.2075 Loss dta_trans:  0.0076 Loss dta_phys:  0.0074 Loss dta_preserve:  0.0049
Time:  0.0774 Epoch: 004 Iter:  600/ 600 LR: 0.0001000000 Loss content:  0.0177 Loss fft:  0.8436 Loss dta_rank:  0.6073 Loss dta_tv:  0.0330 Loss dta_proxy:  0.2184 Loss dta_trans:  0.0067 Loss dta_phys:  0.0066 Loss dta_preserve:  0.0048
EPOCH: 04
Elapsed time: 0.90 Epoch Pixel Loss:  0.0171 Epoch FFT Loss:  0.8196 Epoch DTA Rank:  0.6090 Epoch DTA TV:  0.0343 Epoch DTA Proxy:  0.2111 Epoch DTA Trans:  0.0070 Epoch DTA Phys:  0.0066 Epoch DTA Preserve:  0.0053
DTA_GATE_RAMP epoch=5 gate_limit=0.030000
Time:  0.0806 Epoch: 005 Iter:   50/ 600 LR: 0.0000983215 Loss content:  0.0176 Loss fft:  0.8128 Loss dta_rank:  0.6061 Loss dta_tv:  0.0323 Loss dta_proxy:  0.2220 Loss dta_trans:  0.0057 Loss dta_phys:  0.0065 Loss dta_preserve:  0.0038
Time:  0.0732 Epoch: 005 Iter:  100/ 600 LR: 0.0000983215 Loss content:  0.0167 Loss fft:  0.8143 Loss dta_rank:  0.6105 Loss dta_tv:  0.0341 Loss dta_proxy:  0.2078 Loss dta_trans:  0.0077 Loss dta_phys:  0.0071 Loss dta_preserve:  0.0051
Time:  0.0765 Epoch: 005 Iter:  150/ 600 LR: 0.0000983215 Loss content:  0.0168 Loss fft:  0.8271 Loss dta_rank:  0.6084 Loss dta_tv:  0.0336 Loss dta_proxy:  0.2121 Loss dta_trans:  0.0069 Loss dta_phys:  0.0066 Loss dta_preserve:  0.0042
Time:  0.0713 Epoch: 005 Iter:  200/ 600 LR: 0.0000983215 Loss content:  0.0180 Loss fft:  0.8298 Loss dta_rank:  0.6040 Loss dta_tv:  0.0330 Loss dta_proxy:  0.2236 Loss dta_trans:  0.0062 Loss dta_phys:  0.0068 Loss dta_preserve:  0.0049
Time:  0.0706 Epoch: 005 Iter:  250/ 600 LR: 0.0000983215 Loss content:  0.0176 Loss fft:  0.7861 Loss dta_rank:  0.6108 Loss dta_tv:  0.0332 Loss dta_proxy:  0.2195 Loss dta_trans:  0.0064 Loss dta_phys:  0.0073 Loss dta_preserve:  0.0054
Time:  0.0741 Epoch: 005 Iter:  300/ 600 LR: 0.0000983215 Loss content:  0.0169 Loss fft:  0.8247 Loss dta_rank:  0.6050 Loss dta_tv:  0.0341 Loss dta_proxy:  0.2064 Loss dta_trans:  0.0073 Loss dta_phys:  0.0064 Loss dta_preserve:  0.0045
Time:  0.0725 Epoch: 005 Iter:  350/ 600 LR: 0.0000983215 Loss content:  0.0165 Loss fft:  0.7914 Loss dta_rank:  0.6028 Loss dta_tv:  0.0338 Loss dta_proxy:  0.1964 Loss dta_trans:  0.0068 Loss dta_phys:  0.0065 Loss dta_preserve:  0.0047
Time:  0.0721 Epoch: 005 Iter:  400/ 600 LR: 0.0000983215 Loss content:  0.0170 Loss fft:  0.8055 Loss dta_rank:  0.6051 Loss dta_tv:  0.0320 Loss dta_proxy:  0.2139 Loss dta_trans:  0.0060 Loss dta_phys:  0.0060 Loss dta_preserve:  0.0055
Time:  0.0778 Epoch: 005 Iter:  450/ 600 LR: 0.0000983215 Loss content:  0.0163 Loss fft:  0.7988 Loss dta_rank:  0.6067 Loss dta_tv:  0.0320 Loss dta_proxy:  0.2141 Loss dta_trans:  0.0065 Loss dta_phys:  0.0071 Loss dta_preserve:  0.0047
Time:  0.0751 Epoch: 005 Iter:  500/ 600 LR: 0.0000983215 Loss content:  0.0178 Loss fft:  0.8547 Loss dta_rank:  0.6102 Loss dta_tv:  0.0318 Loss dta_proxy:  0.2288 Loss dta_trans:  0.0071 Loss dta_phys:  0.0071 Loss dta_preserve:  0.0058
Time:  0.0628 Epoch: 005 Iter:  550/ 600 LR: 0.0000983215 Loss content:  0.0173 Loss fft:  0.8083 Loss dta_rank:  0.6097 Loss dta_tv:  0.0318 Loss dta_proxy:  0.2088 Loss dta_trans:  0.0063 Loss dta_phys:  0.0057 Loss dta_preserve:  0.0044
Time:  0.0647 Epoch: 005 Iter:  600/ 600 LR: 0.0000983215 Loss content:  0.0173 Loss fft:  0.8306 Loss dta_rank:  0.6057 Loss dta_tv:  0.0322 Loss dta_proxy:  0.2136 Loss dta_trans:  0.0073 Loss dta_phys:  0.0074 Loss dta_preserve:  0.0054
EPOCH: 05
Elapsed time: 0.88 Epoch Pixel Loss:  0.0172 Epoch FFT Loss:  0.8153 Epoch DTA Rank:  0.6071 Epoch DTA TV:  0.0328 Epoch DTA Proxy:  0.2139 Epoch DTA Trans:  0.0067 Epoch DTA Phys:  0.0067 Epoch DTA Preserve:  0.0049
DTA_GATE_RAMP epoch=6 gate_limit=0.030000
Time:  0.0692 Epoch: 006 Iter:   50/ 600 LR: 0.0000942212 Loss content:  0.0180 Loss fft:  0.8239 Loss dta_rank:  0.6065 Loss dta_tv:  0.0324 Loss dta_proxy:  0.2105 Loss dta_trans:  0.0064 Loss dta_phys:  0.0068 Loss dta_preserve:  0.0049
Time:  0.0684 Epoch: 006 Iter:  100/ 600 LR: 0.0000942212 Loss content:  0.0178 Loss fft:  0.8191 Loss dta_rank:  0.6016 Loss dta_tv:  0.0313 Loss dta_proxy:  0.2198 Loss dta_trans:  0.0064 Loss dta_phys:  0.0069 Loss dta_preserve:  0.0058
Time:  0.0722 Epoch: 006 Iter:  150/ 600 LR: 0.0000942212 Loss content:  0.0164 Loss fft:  0.8033 Loss dta_rank:  0.6063 Loss dta_tv:  0.0324 Loss dta_proxy:  0.2065 Loss dta_trans:  0.0063 Loss dta_phys:  0.0062 Loss dta_preserve:  0.0046
Time:  0.0714 Epoch: 006 Iter:  200/ 600 LR: 0.0000942212 Loss content:  0.0162 Loss fft:  0.8053 Loss dta_rank:  0.6074 Loss dta_tv:  0.0315 Loss dta_proxy:  0.2154 Loss dta_trans:  0.0065 Loss dta_phys:  0.0062 Loss dta_preserve:  0.0039
Time:  0.0747 Epoch: 006 Iter:  250/ 600 LR: 0.0000942212 Loss content:  0.0166 Loss fft:  0.8024 Loss dta_rank:  0.6091 Loss dta_tv:  0.0328 Loss dta_proxy:  0.2021 Loss dta_trans:  0.0069 Loss dta_phys:  0.0063 Loss dta_preserve:  0.0046
Time:  0.0736 Epoch: 006 Iter:  300/ 600 LR: 0.0000942212 Loss content:  0.0176 Loss fft:  0.8173 Loss dta_rank:  0.6080 Loss dta_tv:  0.0312 Loss dta_proxy:  0.2223 Loss dta_trans:  0.0064 Loss dta_phys:  0.0074 Loss dta_preserve:  0.0049
Time:  0.0809 Epoch: 006 Iter:  350/ 600 LR: 0.0000942212 Loss content:  0.0173 Loss fft:  0.8404 Loss dta_rank:  0.6023 Loss dta_tv:  0.0321 Loss dta_proxy:  0.2101 Loss dta_trans:  0.0060 Loss dta_phys:  0.0071 Loss dta_preserve:  0.0058
Time:  0.0743 Epoch: 006 Iter:  400/ 600 LR: 0.0000942212 Loss content:  0.0171 Loss fft:  0.8387 Loss dta_rank:  0.6039 Loss dta_tv:  0.0311 Loss dta_proxy:  0.2219 Loss dta_trans:  0.0058 Loss dta_phys:  0.0065 Loss dta_preserve:  0.0044
Time:  0.0735 Epoch: 006 Iter:  450/ 600 LR: 0.0000942212 Loss content:  0.0171 Loss fft:  0.8214 Loss dta_rank:  0.6103 Loss dta_tv:  0.0324 Loss dta_proxy:  0.2163 Loss dta_trans:  0.0057 Loss dta_phys:  0.0066 Loss dta_preserve:  0.0057
Time:  0.0745 Epoch: 006 Iter:  500/ 600 LR: 0.0000942212 Loss content:  0.0175 Loss fft:  0.8576 Loss dta_rank:  0.6006 Loss dta_tv:  0.0313 Loss dta_proxy:  0.2167 Loss dta_trans:  0.0058 Loss dta_phys:  0.0060 Loss dta_preserve:  0.0061
Time:  0.0753 Epoch: 006 Iter:  550/ 600 LR: 0.0000942212 Loss content:  0.0164 Loss fft:  0.8031 Loss dta_rank:  0.6063 Loss dta_tv:  0.0327 Loss dta_proxy:  0.2021 Loss dta_trans:  0.0076 Loss dta_phys:  0.0072 Loss dta_preserve:  0.0047
Time:  0.0686 Epoch: 006 Iter:  600/ 600 LR: 0.0000942212 Loss content:  0.0173 Loss fft:  0.8214 Loss dta_rank:  0.6052 Loss dta_tv:  0.0312 Loss dta_proxy:  0.2165 Loss dta_trans:  0.0062 Loss dta_phys:  0.0079 Loss dta_preserve:  0.0050
EPOCH: 06
Elapsed time: 0.88 Epoch Pixel Loss:  0.0171 Epoch FFT Loss:  0.8212 Epoch DTA Rank:  0.6056 Epoch DTA TV:  0.0319 Epoch DTA Proxy:  0.2133 Epoch DTA Trans:  0.0063 Epoch DTA Phys:  0.0068 Epoch DTA Preserve:  0.0050
DTA_GATE_RAMP epoch=7 gate_limit=0.030000
Time:  0.0761 Epoch: 007 Iter:   50/ 600 LR: 0.0000886874 Loss content:  0.0169 Loss fft:  0.8032 Loss dta_rank:  0.6077 Loss dta_tv:  0.0323 Loss dta_proxy:  0.2090 Loss dta_trans:  0.0068 Loss dta_phys:  0.0072 Loss dta_preserve:  0.0053
Time:  0.0772 Epoch: 007 Iter:  100/ 600 LR: 0.0000886874 Loss content:  0.0172 Loss fft:  0.8216 Loss dta_rank:  0.6082 Loss dta_tv:  0.0313 Loss dta_proxy:  0.2145 Loss dta_trans:  0.0061 Loss dta_phys:  0.0070 Loss dta_preserve:  0.0059
Time:  0.0764 Epoch: 007 Iter:  150/ 600 LR: 0.0000886874 Loss content:  0.0180 Loss fft:  0.8462 Loss dta_rank:  0.6012 Loss dta_tv:  0.0316 Loss dta_proxy:  0.2043 Loss dta_trans:  0.0060 Loss dta_phys:  0.0062 Loss dta_preserve:  0.0058
Time:  0.0719 Epoch: 007 Iter:  200/ 600 LR: 0.0000886874 Loss content:  0.0164 Loss fft:  0.7816 Loss dta_rank:  0.6032 Loss dta_tv:  0.0315 Loss dta_proxy:  0.2143 Loss dta_trans:  0.0064 Loss dta_phys:  0.0068 Loss dta_preserve:  0.0058
Time:  0.0749 Epoch: 007 Iter:  250/ 600 LR: 0.0000886874 Loss content:  0.0168 Loss fft:  0.7919 Loss dta_rank:  0.6027 Loss dta_tv:  0.0319 Loss dta_proxy:  0.2158 Loss dta_trans:  0.0060 Loss dta_phys:  0.0069 Loss dta_preserve:  0.0067
Time:  0.0771 Epoch: 007 Iter:  300/ 600 LR: 0.0000886874 Loss content:  0.0172 Loss fft:  0.8197 Loss dta_rank:  0.6049 Loss dta_tv:  0.0322 Loss dta_proxy:  0.2128 Loss dta_trans:  0.0063 Loss dta_phys:  0.0070 Loss dta_preserve:  0.0043
Time:  0.0744 Epoch: 007 Iter:  350/ 600 LR: 0.0000886874 Loss content:  0.0174 Loss fft:  0.8238 Loss dta_rank:  0.6023 Loss dta_tv:  0.0320 Loss dta_proxy:  0.2061 Loss dta_trans:  0.0070 Loss dta_phys:  0.0068 Loss dta_preserve:  0.0067
Time:  0.0772 Epoch: 007 Iter:  400/ 600 LR: 0.0000886874 Loss content:  0.0174 Loss fft:  0.8371 Loss dta_rank:  0.6058 Loss dta_tv:  0.0296 Loss dta_proxy:  0.2131 Loss dta_trans:  0.0066 Loss dta_phys:  0.0068 Loss dta_preserve:  0.0053
Time:  0.0752 Epoch: 007 Iter:  450/ 600 LR: 0.0000886874 Loss content:  0.0175 Loss fft:  0.8254 Loss dta_rank:  0.6108 Loss dta_tv:  0.0306 Loss dta_proxy:  0.2162 Loss dta_trans:  0.0061 Loss dta_phys:  0.0064 Loss dta_preserve:  0.0044
Time:  0.0753 Epoch: 007 Iter:  500/ 600 LR: 0.0000886874 Loss content:  0.0175 Loss fft:  0.8297 Loss dta_rank:  0.6075 Loss dta_tv:  0.0309 Loss dta_proxy:  0.2097 Loss dta_trans:  0.0059 Loss dta_phys:  0.0059 Loss dta_preserve:  0.0048
Time:  0.0791 Epoch: 007 Iter:  550/ 600 LR: 0.0000886874 Loss content:  0.0175 Loss fft:  0.8443 Loss dta_rank:  0.6072 Loss dta_tv:  0.0301 Loss dta_proxy:  0.2168 Loss dta_trans:  0.0060 Loss dta_phys:  0.0063 Loss dta_preserve:  0.0054
Time:  0.0736 Epoch: 007 Iter:  600/ 600 LR: 0.0000886874 Loss content:  0.0168 Loss fft:  0.8089 Loss dta_rank:  0.6079 Loss dta_tv:  0.0307 Loss dta_proxy:  0.2101 Loss dta_trans:  0.0064 Loss dta_phys:  0.0071 Loss dta_preserve:  0.0047
EPOCH: 07
Elapsed time: 0.91 Epoch Pixel Loss:  0.0172 Epoch FFT Loss:  0.8195 Epoch DTA Rank:  0.6058 Epoch DTA TV:  0.0312 Epoch DTA Proxy:  0.2119 Epoch DTA Trans:  0.0063 Epoch DTA Phys:  0.0067 Epoch DTA Preserve:  0.0054
DTA_GATE_RAMP epoch=8 gate_limit=0.030000
Time:  0.0771 Epoch: 008 Iter:   50/ 600 LR: 0.0000819070 Loss content:  0.0171 Loss fft:  0.8043 Loss dta_rank:  0.6045 Loss dta_tv:  0.0309 Loss dta_proxy:  0.2123 Loss dta_trans:  0.0075 Loss dta_phys:  0.0073 Loss dta_preserve:  0.0046
Time:  0.0656 Epoch: 008 Iter:  100/ 600 LR: 0.0000819070 Loss content:  0.0167 Loss fft:  0.8070 Loss dta_rank:  0.6074 Loss dta_tv:  0.0303 Loss dta_proxy:  0.2114 Loss dta_trans:  0.0056 Loss dta_phys:  0.0068 Loss dta_preserve:  0.0050
Time:  0.0714 Epoch: 008 Iter:  150/ 600 LR: 0.0000819070 Loss content:  0.0171 Loss fft:  0.8418 Loss dta_rank:  0.6061 Loss dta_tv:  0.0299 Loss dta_proxy:  0.2252 Loss dta_trans:  0.0057 Loss dta_phys:  0.0063 Loss dta_preserve:  0.0048
Time:  0.0673 Epoch: 008 Iter:  200/ 600 LR: 0.0000819070 Loss content:  0.0177 Loss fft:  0.8240 Loss dta_rank:  0.6042 Loss dta_tv:  0.0312 Loss dta_proxy:  0.2131 Loss dta_trans:  0.0062 Loss dta_phys:  0.0065 Loss dta_preserve:  0.0055
Time:  0.0701 Epoch: 008 Iter:  250/ 600 LR: 0.0000819070 Loss content:  0.0167 Loss fft:  0.8145 Loss dta_rank:  0.6075 Loss dta_tv:  0.0313 Loss dta_proxy:  0.2092 Loss dta_trans:  0.0064 Loss dta_phys:  0.0074 Loss dta_preserve:  0.0043
Time:  0.0651 Epoch: 008 Iter:  300/ 600 LR: 0.0000819070 Loss content:  0.0179 Loss fft:  0.8331 Loss dta_rank:  0.6057 Loss dta_tv:  0.0311 Loss dta_proxy:  0.2024 Loss dta_trans:  0.0065 Loss dta_phys:  0.0063 Loss dta_preserve:  0.0046
Time:  0.0626 Epoch: 008 Iter:  350/ 600 LR: 0.0000819070 Loss content:  0.0164 Loss fft:  0.7873 Loss dta_rank:  0.6091 Loss dta_tv:  0.0303 Loss dta_proxy:  0.2147 Loss dta_trans:  0.0066 Loss dta_phys:  0.0069 Loss dta_preserve:  0.0058
Time:  0.0636 Epoch: 008 Iter:  400/ 600 LR: 0.0000819070 Loss content:  0.0182 Loss fft:  0.8361 Loss dta_rank:  0.6063 Loss dta_tv:  0.0306 Loss dta_proxy:  0.2083 Loss dta_trans:  0.0067 Loss dta_phys:  0.0059 Loss dta_preserve:  0.0047
Time:  0.0708 Epoch: 008 Iter:  450/ 600 LR: 0.0000819070 Loss content:  0.0171 Loss fft:  0.8408 Loss dta_rank:  0.6026 Loss dta_tv:  0.0294 Loss dta_proxy:  0.2202 Loss dta_trans:  0.0066 Loss dta_phys:  0.0071 Loss dta_preserve:  0.0052
Time:  0.0658 Epoch: 008 Iter:  500/ 600 LR: 0.0000819070 Loss content:  0.0173 Loss fft:  0.8182 Loss dta_rank:  0.6112 Loss dta_tv:  0.0300 Loss dta_proxy:  0.2170 Loss dta_trans:  0.0056 Loss dta_phys:  0.0068 Loss dta_preserve:  0.0046
Time:  0.0656 Epoch: 008 Iter:  550/ 600 LR: 0.0000819070 Loss content:  0.0176 Loss fft:  0.8419 Loss dta_rank:  0.6038 Loss dta_tv:  0.0299 Loss dta_proxy:  0.2111 Loss dta_trans:  0.0051 Loss dta_phys:  0.0063 Loss dta_preserve:  0.0053
Time:  0.0625 Epoch: 008 Iter:  600/ 600 LR: 0.0000819070 Loss content:  0.0172 Loss fft:  0.8078 Loss dta_rank:  0.6054 Loss dta_tv:  0.0295 Loss dta_proxy:  0.2076 Loss dta_trans:  0.0054 Loss dta_phys:  0.0064 Loss dta_preserve:  0.0048
EPOCH: 08
Elapsed time: 0.81 Epoch Pixel Loss:  0.0172 Epoch FFT Loss:  0.8214 Epoch DTA Rank:  0.6062 Epoch DTA TV:  0.0304 Epoch DTA Proxy:  0.2127 Epoch DTA Trans:  0.0062 Epoch DTA Phys:  0.0067 Epoch DTA Preserve:  0.0049
DTA_GATE_RAMP epoch=9 gate_limit=0.060000
Time:  0.0740 Epoch: 009 Iter:   50/ 600 LR: 0.0000741093 Loss content:  0.0174 Loss fft:  0.7976 Loss dta_rank:  0.6040 Loss dta_tv:  0.0296 Loss dta_proxy:  0.2151 Loss dta_trans:  0.0068 Loss dta_phys:  0.0076 Loss dta_preserve:  0.0057
Time:  0.0687 Epoch: 009 Iter:  100/ 600 LR: 0.0000741093 Loss content:  0.0174 Loss fft:  0.8508 Loss dta_rank:  0.6037 Loss dta_tv:  0.0301 Loss dta_proxy:  0.2014 Loss dta_trans:  0.0059 Loss dta_phys:  0.0060 Loss dta_preserve:  0.0047
Time:  0.0635 Epoch: 009 Iter:  150/ 600 LR: 0.0000741093 Loss content:  0.0166 Loss fft:  0.8137 Loss dta_rank:  0.6054 Loss dta_tv:  0.0306 Loss dta_proxy:  0.2063 Loss dta_trans:  0.0061 Loss dta_phys:  0.0077 Loss dta_preserve:  0.0047
Time:  0.0659 Epoch: 009 Iter:  200/ 600 LR: 0.0000741093 Loss content:  0.0181 Loss fft:  0.8450 Loss dta_rank:  0.5987 Loss dta_tv:  0.0308 Loss dta_proxy:  0.2078 Loss dta_trans:  0.0058 Loss dta_phys:  0.0066 Loss dta_preserve:  0.0051
Time:  0.0729 Epoch: 009 Iter:  250/ 600 LR: 0.0000741093 Loss content:  0.0172 Loss fft:  0.8151 Loss dta_rank:  0.6069 Loss dta_tv:  0.0302 Loss dta_proxy:  0.2161 Loss dta_trans:  0.0061 Loss dta_phys:  0.0063 Loss dta_preserve:  0.0057
Time:  0.0698 Epoch: 009 Iter:  300/ 600 LR: 0.0000741093 Loss content:  0.0172 Loss fft:  0.8199 Loss dta_rank:  0.6067 Loss dta_tv:  0.0302 Loss dta_proxy:  0.2146 Loss dta_trans:  0.0065 Loss dta_phys:  0.0065 Loss dta_preserve:  0.0040
Time:  0.0700 Epoch: 009 Iter:  350/ 600 LR: 0.0000741093 Loss content:  0.0180 Loss fft:  0.8527 Loss dta_rank:  0.6042 Loss dta_tv:  0.0295 Loss dta_proxy:  0.2099 Loss dta_trans:  0.0054 Loss dta_phys:  0.0068 Loss dta_preserve:  0.0064
Time:  0.0693 Epoch: 009 Iter:  400/ 600 LR: 0.0000741093 Loss content:  0.0172 Loss fft:  0.8003 Loss dta_rank:  0.6003 Loss dta_tv:  0.0310 Loss dta_proxy:  0.1945 Loss dta_trans:  0.0070 Loss dta_phys:  0.0067 Loss dta_preserve:  0.0047
Time:  0.0724 Epoch: 009 Iter:  450/ 600 LR: 0.0000741093 Loss content:  0.0180 Loss fft:  0.8030 Loss dta_rank:  0.6100 Loss dta_tv:  0.0311 Loss dta_proxy:  0.1978 Loss dta_trans:  0.0068 Loss dta_phys:  0.0067 Loss dta_preserve:  0.0050
Time:  0.0756 Epoch: 009 Iter:  500/ 600 LR: 0.0000741093 Loss content:  0.0168 Loss fft:  0.8283 Loss dta_rank:  0.6025 Loss dta_tv:  0.0290 Loss dta_proxy:  0.2074 Loss dta_trans:  0.0053 Loss dta_phys:  0.0062 Loss dta_preserve:  0.0040
Time:  0.0759 Epoch: 009 Iter:  550/ 600 LR: 0.0000741093 Loss content:  0.0169 Loss fft:  0.8101 Loss dta_rank:  0.6016 Loss dta_tv:  0.0299 Loss dta_proxy:  0.2072 Loss dta_trans:  0.0057 Loss dta_phys:  0.0078 Loss dta_preserve:  0.0050
Time:  0.0752 Epoch: 009 Iter:  600/ 600 LR: 0.0000741093 Loss content:  0.0164 Loss fft:  0.8098 Loss dta_rank:  0.6034 Loss dta_tv:  0.0311 Loss dta_proxy:  0.1995 Loss dta_trans:  0.0071 Loss dta_phys:  0.0068 Loss dta_preserve:  0.0045
EPOCH: 09
Elapsed time: 0.86 Epoch Pixel Loss:  0.0173 Epoch FFT Loss:  0.8205 Epoch DTA Rank:  0.6039 Epoch DTA TV:  0.0303 Epoch DTA Proxy:  0.2065 Epoch DTA Trans:  0.0062 Epoch DTA Phys:  0.0068 Epoch DTA Preserve:  0.0050
DTA_GATE_RAMP epoch=10 gate_limit=0.060000
Time:  0.0746 Epoch: 010 Iter:   50/ 600 LR: 0.0000655580 Loss content:  0.0177 Loss fft:  0.8583 Loss dta_rank:  0.6048 Loss dta_tv:  0.0295 Loss dta_proxy:  0.2039 Loss dta_trans:  0.0060 Loss dta_phys:  0.0073 Loss dta_preserve:  0.0042
Time:  0.0729 Epoch: 010 Iter:  100/ 600 LR: 0.0000655580 Loss content:  0.0173 Loss fft:  0.8217 Loss dta_rank:  0.6042 Loss dta_tv:  0.0290 Loss dta_proxy:  0.2063 Loss dta_trans:  0.0052 Loss dta_phys:  0.0059 Loss dta_preserve:  0.0049
Time:  0.0761 Epoch: 010 Iter:  150/ 600 LR: 0.0000655580 Loss content:  0.0175 Loss fft:  0.8100 Loss dta_rank:  0.6010 Loss dta_tv:  0.0294 Loss dta_proxy:  0.2056 Loss dta_trans:  0.0063 Loss dta_phys:  0.0070 Loss dta_preserve:  0.0040
Time:  0.0750 Epoch: 010 Iter:  200/ 600 LR: 0.0000655580 Loss content:  0.0166 Loss fft:  0.8000 Loss dta_rank:  0.6047 Loss dta_tv:  0.0298 Loss dta_proxy:  0.2127 Loss dta_trans:  0.0061 Loss dta_phys:  0.0071 Loss dta_preserve:  0.0056
Time:  0.0767 Epoch: 010 Iter:  250/ 600 LR: 0.0000655580 Loss content:  0.0175 Loss fft:  0.8163 Loss dta_rank:  0.6022 Loss dta_tv:  0.0296 Loss dta_proxy:  0.2107 Loss dta_trans:  0.0051 Loss dta_phys:  0.0068 Loss dta_preserve:  0.0073
Time:  0.0715 Epoch: 010 Iter:  300/ 600 LR: 0.0000655580 Loss content:  0.0169 Loss fft:  0.8117 Loss dta_rank:  0.6002 Loss dta_tv:  0.0310 Loss dta_proxy:  0.1975 Loss dta_trans:  0.0066 Loss dta_phys:  0.0067 Loss dta_preserve:  0.0048
Time:  0.0724 Epoch: 010 Iter:  350/ 600 LR: 0.0000655580 Loss content:  0.0172 Loss fft:  0.8251 Loss dta_rank:  0.6026 Loss dta_tv:  0.0286 Loss dta_proxy:  0.2162 Loss dta_trans:  0.0057 Loss dta_phys:  0.0069 Loss dta_preserve:  0.0077
Time:  0.0704 Epoch: 010 Iter:  400/ 600 LR: 0.0000655580 Loss content:  0.0176 Loss fft:  0.8338 Loss dta_rank:  0.6006 Loss dta_tv:  0.0300 Loss dta_proxy:  0.2000 Loss dta_trans:  0.0058 Loss dta_phys:  0.0065 Loss dta_preserve:  0.0046
Time:  0.0759 Epoch: 010 Iter:  450/ 600 LR: 0.0000655580 Loss content:  0.0165 Loss fft:  0.8202 Loss dta_rank:  0.6074 Loss dta_tv:  0.0309 Loss dta_proxy:  0.2008 Loss dta_trans:  0.0054 Loss dta_phys:  0.0068 Loss dta_preserve:  0.0044
Time:  0.0743 Epoch: 010 Iter:  500/ 600 LR: 0.0000655580 Loss content:  0.0171 Loss fft:  0.8353 Loss dta_rank:  0.6058 Loss dta_tv:  0.0294 Loss dta_proxy:  0.2104 Loss dta_trans:  0.0065 Loss dta_phys:  0.0062 Loss dta_preserve:  0.0062
Time:  0.0723 Epoch: 010 Iter:  550/ 600 LR: 0.0000655580 Loss content:  0.0164 Loss fft:  0.7892 Loss dta_rank:  0.6030 Loss dta_tv:  0.0295 Loss dta_proxy:  0.2020 Loss dta_trans:  0.0068 Loss dta_phys:  0.0065 Loss dta_preserve:  0.0044
Time:  0.0748 Epoch: 010 Iter:  600/ 600 LR: 0.0000655580 Loss content:  0.0167 Loss fft:  0.7929 Loss dta_rank:  0.6062 Loss dta_tv:  0.0300 Loss dta_proxy:  0.2026 Loss dta_trans:  0.0068 Loss dta_phys:  0.0066 Loss dta_preserve:  0.0042
EPOCH: 10
Elapsed time: 0.89 Epoch Pixel Loss:  0.0171 Epoch FFT Loss:  0.8179 Epoch DTA Rank:  0.6036 Epoch DTA TV:  0.0297 Epoch DTA Proxy:  0.2057 Epoch DTA Trans:  0.0060 Epoch DTA Phys:  0.0067 Epoch DTA Preserve:  0.0052
DTA_GATE_RAMP epoch=11 gate_limit=0.060000
Time:  0.0803 Epoch: 011 Iter:   50/ 600 LR: 0.0000565424 Loss content:  0.0170 Loss fft:  0.7978 Loss dta_rank:  0.6019 Loss dta_tv:  0.0289 Loss dta_proxy:  0.1994 Loss dta_trans:  0.0056 Loss dta_phys:  0.0061 Loss dta_preserve:  0.0046
Time:  0.0747 Epoch: 011 Iter:  100/ 600 LR: 0.0000565424 Loss content:  0.0163 Loss fft:  0.7996 Loss dta_rank:  0.6052 Loss dta_tv:  0.0292 Loss dta_proxy:  0.2077 Loss dta_trans:  0.0058 Loss dta_phys:  0.0060 Loss dta_preserve:  0.0047
Time:  0.0753 Epoch: 011 Iter:  150/ 600 LR: 0.0000565424 Loss content:  0.0165 Loss fft:  0.8037 Loss dta_rank:  0.6062 Loss dta_tv:  0.0296 Loss dta_proxy:  0.2080 Loss dta_trans:  0.0056 Loss dta_phys:  0.0068 Loss dta_preserve:  0.0051
Time:  0.0723 Epoch: 011 Iter:  200/ 600 LR: 0.0000565424 Loss content:  0.0173 Loss fft:  0.7990 Loss dta_rank:  0.6037 Loss dta_tv:  0.0295 Loss dta_proxy:  0.1978 Loss dta_trans:  0.0070 Loss dta_phys:  0.0073 Loss dta_preserve:  0.0049
Time:  0.0640 Epoch: 011 Iter:  250/ 600 LR: 0.0000565424 Loss content:  0.0176 Loss fft:  0.8427 Loss dta_rank:  0.6027 Loss dta_tv:  0.0290 Loss dta_proxy:  0.2005 Loss dta_trans:  0.0062 Loss dta_phys:  0.0058 Loss dta_preserve:  0.0054
Time:  0.0695 Epoch: 011 Iter:  300/ 600 LR: 0.0000565424 Loss content:  0.0174 Loss fft:  0.8214 Loss dta_rank:  0.6019 Loss dta_tv:  0.0298 Loss dta_proxy:  0.2004 Loss dta_trans:  0.0052 Loss dta_phys:  0.0063 Loss dta_preserve:  0.0050
Time:  0.0676 Epoch: 011 Iter:  350/ 600 LR: 0.0000565424 Loss content:  0.0173 Loss fft:  0.8378 Loss dta_rank:  0.6054 Loss dta_tv:  0.0294 Loss dta_proxy:  0.2046 Loss dta_trans:  0.0065 Loss dta_phys:  0.0065 Loss dta_preserve:  0.0063
Time:  0.0706 Epoch: 011 Iter:  400/ 600 LR: 0.0000565424 Loss content:  0.0171 Loss fft:  0.8045 Loss dta_rank:  0.6024 Loss dta_tv:  0.0296 Loss dta_proxy:  0.2057 Loss dta_trans:  0.0058 Loss dta_phys:  0.0077 Loss dta_preserve:  0.0055
Time:  0.0710 Epoch: 011 Iter:  450/ 600 LR: 0.0000565424 Loss content:  0.0175 Loss fft:  0.8267 Loss dta_rank:  0.6048 Loss dta_tv:  0.0288 Loss dta_proxy:  0.2151 Loss dta_trans:  0.0053 Loss dta_phys:  0.0067 Loss dta_preserve:  0.0057
Time:  0.0707 Epoch: 011 Iter:  500/ 600 LR: 0.0000565424 Loss content:  0.0169 Loss fft:  0.8043 Loss dta_rank:  0.6000 Loss dta_tv:  0.0296 Loss dta_proxy:  0.2048 Loss dta_trans:  0.0064 Loss dta_phys:  0.0069 Loss dta_preserve:  0.0062
Time:  0.0666 Epoch: 011 Iter:  550/ 600 LR: 0.0000565424 Loss content:  0.0173 Loss fft:  0.8164 Loss dta_rank:  0.6079 Loss dta_tv:  0.0292 Loss dta_proxy:  0.2081 Loss dta_trans:  0.0062 Loss dta_phys:  0.0059 Loss dta_preserve:  0.0041
Time:  0.0718 Epoch: 011 Iter:  600/ 600 LR: 0.0000565424 Loss content:  0.0168 Loss fft:  0.8207 Loss dta_rank:  0.6075 Loss dta_tv:  0.0288 Loss dta_proxy:  0.2174 Loss dta_trans:  0.0059 Loss dta_phys:  0.0072 Loss dta_preserve:  0.0041
EPOCH: 11
Elapsed time: 0.86 Epoch Pixel Loss:  0.0171 Epoch FFT Loss:  0.8146 Epoch DTA Rank:  0.6041 Epoch DTA TV:  0.0293 Epoch DTA Proxy:  0.2058 Epoch DTA Trans:  0.0059 Epoch DTA Phys:  0.0066 Epoch DTA Preserve:  0.0051
DTA_GATE_RAMP epoch=12 gate_limit=0.060000
Time:  0.0776 Epoch: 012 Iter:   50/ 600 LR: 0.0000473670 Loss content:  0.0166 Loss fft:  0.7959 Loss dta_rank:  0.6005 Loss dta_tv:  0.0290 Loss dta_proxy:  0.1982 Loss dta_trans:  0.0053 Loss dta_phys:  0.0064 Loss dta_preserve:  0.0052
Time:  0.0743 Epoch: 012 Iter:  100/ 600 LR: 0.0000473670 Loss content:  0.0166 Loss fft:  0.8010 Loss dta_rank:  0.6079 Loss dta_tv:  0.0287 Loss dta_proxy:  0.2086 Loss dta_trans:  0.0063 Loss dta_phys:  0.0077 Loss dta_preserve:  0.0047
Time:  0.0740 Epoch: 012 Iter:  150/ 600 LR: 0.0000473670 Loss content:  0.0176 Loss fft:  0.8507 Loss dta_rank:  0.6000 Loss dta_tv:  0.0293 Loss dta_proxy:  0.2068 Loss dta_trans:  0.0051 Loss dta_phys:  0.0067 Loss dta_preserve:  0.0047
Time:  0.0697 Epoch: 012 Iter:  200/ 600 LR: 0.0000473670 Loss content:  0.0165 Loss fft:  0.7852 Loss dta_rank:  0.6022 Loss dta_tv:  0.0291 Loss dta_proxy:  0.1965 Loss dta_trans:  0.0058 Loss dta_phys:  0.0076 Loss dta_preserve:  0.0048
Time:  0.0779 Epoch: 012 Iter:  250/ 600 LR: 0.0000473670 Loss content:  0.0172 Loss fft:  0.8229 Loss dta_rank:  0.6040 Loss dta_tv:  0.0293 Loss dta_proxy:  0.2097 Loss dta_trans:  0.0063 Loss dta_phys:  0.0074 Loss dta_preserve:  0.0051
Time:  0.0749 Epoch: 012 Iter:  300/ 600 LR: 0.0000473670 Loss content:  0.0169 Loss fft:  0.8156 Loss dta_rank:  0.6007 Loss dta_tv:  0.0287 Loss dta_proxy:  0.2018 Loss dta_trans:  0.0056 Loss dta_phys:  0.0066 Loss dta_preserve:  0.0071
Time:  0.0744 Epoch: 012 Iter:  350/ 600 LR: 0.0000473670 Loss content:  0.0177 Loss fft:  0.8305 Loss dta_rank:  0.5982 Loss dta_tv:  0.0292 Loss dta_proxy:  0.2020 Loss dta_trans:  0.0056 Loss dta_phys:  0.0062 Loss dta_preserve:  0.0057
Time:  0.0737 Epoch: 012 Iter:  400/ 600 LR: 0.0000473670 Loss content:  0.0172 Loss fft:  0.8123 Loss dta_rank:  0.6036 Loss dta_tv:  0.0294 Loss dta_proxy:  0.1997 Loss dta_trans:  0.0065 Loss dta_phys:  0.0061 Loss dta_preserve:  0.0050
Time:  0.0736 Epoch: 012 Iter:  450/ 600 LR: 0.0000473670 Loss content:  0.0176 Loss fft:  0.8328 Loss dta_rank:  0.6002 Loss dta_tv:  0.0287 Loss dta_proxy:  0.2085 Loss dta_trans:  0.0059 Loss dta_phys:  0.0068 Loss dta_preserve:  0.0052
Time:  0.0751 Epoch: 012 Iter:  500/ 600 LR: 0.0000473670 Loss content:  0.0166 Loss fft:  0.8038 Loss dta_rank:  0.6042 Loss dta_tv:  0.0289 Loss dta_proxy:  0.2091 Loss dta_trans:  0.0056 Loss dta_phys:  0.0065 Loss dta_preserve:  0.0055
Time:  0.0757 Epoch: 012 Iter:  550/ 600 LR: 0.0000473670 Loss content:  0.0168 Loss fft:  0.8304 Loss dta_rank:  0.6021 Loss dta_tv:  0.0289 Loss dta_proxy:  0.2102 Loss dta_trans:  0.0060 Loss dta_phys:  0.0061 Loss dta_preserve:  0.0045
Time:  0.0717 Epoch: 012 Iter:  600/ 600 LR: 0.0000473670 Loss content:  0.0166 Loss fft:  0.7841 Loss dta_rank:  0.6112 Loss dta_tv:  0.0287 Loss dta_proxy:  0.2136 Loss dta_trans:  0.0065 Loss dta_phys:  0.0063 Loss dta_preserve:  0.0051
EPOCH: 12
Elapsed time: 0.90 Epoch Pixel Loss:  0.0170 Epoch FFT Loss:  0.8138 Epoch DTA Rank:  0.6029 Epoch DTA TV:  0.0290 Epoch DTA Proxy:  0.2054 Epoch DTA Trans:  0.0059 Epoch DTA Phys:  0.0067 Epoch DTA Preserve:  0.0052
DTA_GATE_RAMP epoch=13 gate_limit=0.060000
Time:  0.0789 Epoch: 013 Iter:   50/ 600 LR: 0.0000383414 Loss content:  0.0173 Loss fft:  0.8333 Loss dta_rank:  0.6083 Loss dta_tv:  0.0282 Loss dta_proxy:  0.2104 Loss dta_trans:  0.0051 Loss dta_phys:  0.0060 Loss dta_preserve:  0.0046
Time:  0.0749 Epoch: 013 Iter:  100/ 600 LR: 0.0000383414 Loss content:  0.0165 Loss fft:  0.8073 Loss dta_rank:  0.6040 Loss dta_tv:  0.0292 Loss dta_proxy:  0.1986 Loss dta_trans:  0.0055 Loss dta_phys:  0.0072 Loss dta_preserve:  0.0053
Time:  0.0746 Epoch: 013 Iter:  150/ 600 LR: 0.0000383414 Loss content:  0.0175 Loss fft:  0.8045 Loss dta_rank:  0.6025 Loss dta_tv:  0.0291 Loss dta_proxy:  0.2066 Loss dta_trans:  0.0065 Loss dta_phys:  0.0068 Loss dta_preserve:  0.0062
Time:  0.0713 Epoch: 013 Iter:  200/ 600 LR: 0.0000383414 Loss content:  0.0169 Loss fft:  0.8217 Loss dta_rank:  0.6032 Loss dta_tv:  0.0291 Loss dta_proxy:  0.2008 Loss dta_trans:  0.0062 Loss dta_phys:  0.0071 Loss dta_preserve:  0.0047
Time:  0.0732 Epoch: 013 Iter:  250/ 600 LR: 0.0000383414 Loss content:  0.0167 Loss fft:  0.8155 Loss dta_rank:  0.6051 Loss dta_tv:  0.0293 Loss dta_proxy:  0.2062 Loss dta_trans:  0.0064 Loss dta_phys:  0.0066 Loss dta_preserve:  0.0055
Time:  0.0694 Epoch: 013 Iter:  300/ 600 LR: 0.0000383414 Loss content:  0.0172 Loss fft:  0.8328 Loss dta_rank:  0.6045 Loss dta_tv:  0.0292 Loss dta_proxy:  0.2062 Loss dta_trans:  0.0065 Loss dta_phys:  0.0070 Loss dta_preserve:  0.0065
Time:  0.0764 Epoch: 013 Iter:  350/ 600 LR: 0.0000383414 Loss content:  0.0162 Loss fft:  0.7842 Loss dta_rank:  0.6023 Loss dta_tv:  0.0288 Loss dta_proxy:  0.2038 Loss dta_trans:  0.0061 Loss dta_phys:  0.0070 Loss dta_preserve:  0.0050
Time:  0.0772 Epoch: 013 Iter:  400/ 600 LR: 0.0000383414 Loss content:  0.0171 Loss fft:  0.8144 Loss dta_rank:  0.6050 Loss dta_tv:  0.0293 Loss dta_proxy:  0.2010 Loss dta_trans:  0.0059 Loss dta_phys:  0.0069 Loss dta_preserve:  0.0055
Time:  0.0754 Epoch: 013 Iter:  450/ 600 LR: 0.0000383414 Loss content:  0.0165 Loss fft:  0.8182 Loss dta_rank:  0.5985 Loss dta_tv:  0.0307 Loss dta_proxy:  0.1921 Loss dta_trans:  0.0066 Loss dta_phys:  0.0066 Loss dta_preserve:  0.0042
Time:  0.0764 Epoch: 013 Iter:  500/ 600 LR: 0.0000383414 Loss content:  0.0172 Loss fft:  0.8156 Loss dta_rank:  0.5998 Loss dta_tv:  0.0293 Loss dta_proxy:  0.2046 Loss dta_trans:  0.0051 Loss dta_phys:  0.0066 Loss dta_preserve:  0.0057
Time:  0.0718 Epoch: 013 Iter:  550/ 600 LR: 0.0000383414 Loss content:  0.0175 Loss fft:  0.8389 Loss dta_rank:  0.6013 Loss dta_tv:  0.0292 Loss dta_proxy:  0.2047 Loss dta_trans:  0.0056 Loss dta_phys:  0.0056 Loss dta_preserve:  0.0040
Time:  0.0724 Epoch: 013 Iter:  600/ 600 LR: 0.0000383414 Loss content:  0.0173 Loss fft:  0.8419 Loss dta_rank:  0.5985 Loss dta_tv:  0.0281 Loss dta_proxy:  0.2099 Loss dta_trans:  0.0055 Loss dta_phys:  0.0068 Loss dta_preserve:  0.0076
EPOCH: 13
Elapsed time: 0.90 Epoch Pixel Loss:  0.0170 Epoch FFT Loss:  0.8190 Epoch DTA Rank:  0.6027 Epoch DTA TV:  0.0291 Epoch DTA Proxy:  0.2037 Epoch DTA Trans:  0.0059 Epoch DTA Phys:  0.0067 Epoch DTA Preserve:  0.0054
DTA_GATE_RAMP epoch=14 gate_limit=0.060000
Time:  0.0748 Epoch: 014 Iter:   50/ 600 LR: 0.0000297690 Loss content:  0.0168 Loss fft:  0.8074 Loss dta_rank:  0.6019 Loss dta_tv:  0.0295 Loss dta_proxy:  0.1959 Loss dta_trans:  0.0063 Loss dta_phys:  0.0064 Loss dta_preserve:  0.0064
Time:  0.0697 Epoch: 014 Iter:  100/ 600 LR: 0.0000297690 Loss content:  0.0169 Loss fft:  0.8163 Loss dta_rank:  0.6081 Loss dta_tv:  0.0296 Loss dta_proxy:  0.2040 Loss dta_trans:  0.0058 Loss dta_phys:  0.0067 Loss dta_preserve:  0.0041
Time:  0.0730 Epoch: 014 Iter:  150/ 600 LR: 0.0000297690 Loss content:  0.0173 Loss fft:  0.8023 Loss dta_rank:  0.6037 Loss dta_tv:  0.0284 Loss dta_proxy:  0.2112 Loss dta_trans:  0.0062 Loss dta_phys:  0.0062 Loss dta_preserve:  0.0052
Time:  0.0734 Epoch: 014 Iter:  200/ 600 LR: 0.0000297690 Loss content:  0.0177 Loss fft:  0.8391 Loss dta_rank:  0.6071 Loss dta_tv:  0.0290 Loss dta_proxy:  0.2054 Loss dta_trans:  0.0060 Loss dta_phys:  0.0067 Loss dta_preserve:  0.0045
Time:  0.0750 Epoch: 014 Iter:  250/ 600 LR: 0.0000297690 Loss content:  0.0171 Loss fft:  0.8283 Loss dta_rank:  0.6037 Loss dta_tv:  0.0299 Loss dta_proxy:  0.1956 Loss dta_trans:  0.0058 Loss dta_phys:  0.0064 Loss dta_preserve:  0.0042
Time:  0.0749 Epoch: 014 Iter:  300/ 600 LR: 0.0000297690 Loss content:  0.0175 Loss fft:  0.8384 Loss dta_rank:  0.6014 Loss dta_tv:  0.0294 Loss dta_proxy:  0.1993 Loss dta_trans:  0.0059 Loss dta_phys:  0.0066 Loss dta_preserve:  0.0052
Time:  0.0701 Epoch: 014 Iter:  350/ 600 LR: 0.0000297690 Loss content:  0.0166 Loss fft:  0.7871 Loss dta_rank:  0.6011 Loss dta_tv:  0.0293 Loss dta_proxy:  0.1969 Loss dta_trans:  0.0062 Loss dta_phys:  0.0073 Loss dta_preserve:  0.0059
Time:  0.0731 Epoch: 014 Iter:  400/ 600 LR: 0.0000297690 Loss content:  0.0174 Loss fft:  0.8279 Loss dta_rank:  0.5995 Loss dta_tv:  0.0288 Loss dta_proxy:  0.2153 Loss dta_trans:  0.0058 Loss dta_phys:  0.0067 Loss dta_preserve:  0.0052
Time:  0.0789 Epoch: 014 Iter:  450/ 600 LR: 0.0000297690 Loss content:  0.0172 Loss fft:  0.8192 Loss dta_rank:  0.6062 Loss dta_tv:  0.0287 Loss dta_proxy:  0.2120 Loss dta_trans:  0.0063 Loss dta_phys:  0.0067 Loss dta_preserve:  0.0046
Time:  0.0732 Epoch: 014 Iter:  500/ 600 LR: 0.0000297690 Loss content:  0.0172 Loss fft:  0.8322 Loss dta_rank:  0.6008 Loss dta_tv:  0.0287 Loss dta_proxy:  0.2067 Loss dta_trans:  0.0057 Loss dta_phys:  0.0066 Loss dta_preserve:  0.0056
Time:  0.0728 Epoch: 014 Iter:  550/ 600 LR: 0.0000297690 Loss content:  0.0169 Loss fft:  0.8244 Loss dta_rank:  0.6027 Loss dta_tv:  0.0290 Loss dta_proxy:  0.2059 Loss dta_trans:  0.0055 Loss dta_phys:  0.0065 Loss dta_preserve:  0.0045
Time:  0.0765 Epoch: 014 Iter:  600/ 600 LR: 0.0000297690 Loss content:  0.0166 Loss fft:  0.7714 Loss dta_rank:  0.6059 Loss dta_tv:  0.0286 Loss dta_proxy:  0.2072 Loss dta_trans:  0.0056 Loss dta_phys:  0.0065 Loss dta_preserve:  0.0051
EPOCH: 14
Elapsed time: 0.89 Epoch Pixel Loss:  0.0171 Epoch FFT Loss:  0.8162 Epoch DTA Rank:  0.6035 Epoch DTA TV:  0.0291 Epoch DTA Proxy:  0.2046 Epoch DTA Trans:  0.0059 Epoch DTA Phys:  0.0066 Epoch DTA Preserve:  0.0050
DTA_GATE_RAMP epoch=15 gate_limit=0.060000
Time:  0.0729 Epoch: 015 Iter:   50/ 600 LR: 0.0000219361 Loss content:  0.0179 Loss fft:  0.8397 Loss dta_rank:  0.6028 Loss dta_tv:  0.0293 Loss dta_proxy:  0.2077 Loss dta_trans:  0.0053 Loss dta_phys:  0.0070 Loss dta_preserve:  0.0056
Time:  0.0762 Epoch: 015 Iter:  100/ 600 LR: 0.0000219361 Loss content:  0.0177 Loss fft:  0.8297 Loss dta_rank:  0.6043 Loss dta_tv:  0.0284 Loss dta_proxy:  0.2120 Loss dta_trans:  0.0052 Loss dta_phys:  0.0069 Loss dta_preserve:  0.0060
Time:  0.0737 Epoch: 015 Iter:  150/ 600 LR: 0.0000219361 Loss content:  0.0166 Loss fft:  0.7901 Loss dta_rank:  0.6009 Loss dta_tv:  0.0291 Loss dta_proxy:  0.2077 Loss dta_trans:  0.0070 Loss dta_phys:  0.0066 Loss dta_preserve:  0.0045
Time:  0.0755 Epoch: 015 Iter:  200/ 600 LR: 0.0000219361 Loss content:  0.0174 Loss fft:  0.8270 Loss dta_rank:  0.6059 Loss dta_tv:  0.0289 Loss dta_proxy:  0.2089 Loss dta_trans:  0.0058 Loss dta_phys:  0.0070 Loss dta_preserve:  0.0051
Time:  0.0761 Epoch: 015 Iter:  250/ 600 LR: 0.0000219361 Loss content:  0.0168 Loss fft:  0.8137 Loss dta_rank:  0.6001 Loss dta_tv:  0.0289 Loss dta_proxy:  0.2037 Loss dta_trans:  0.0050 Loss dta_phys:  0.0064 Loss dta_preserve:  0.0045
Time:  0.0736 Epoch: 015 Iter:  300/ 600 LR: 0.0000219361 Loss content:  0.0171 Loss fft:  0.8165 Loss dta_rank:  0.6042 Loss dta_tv:  0.0287 Loss dta_proxy:  0.2029 Loss dta_trans:  0.0052 Loss dta_phys:  0.0066 Loss dta_preserve:  0.0054
Time:  0.0747 Epoch: 015 Iter:  350/ 600 LR: 0.0000219361 Loss content:  0.0168 Loss fft:  0.7884 Loss dta_rank:  0.6032 Loss dta_tv:  0.0281 Loss dta_proxy:  0.2112 Loss dta_trans:  0.0053 Loss dta_phys:  0.0073 Loss dta_preserve:  0.0059
Time:  0.0723 Epoch: 015 Iter:  400/ 600 LR: 0.0000219361 Loss content:  0.0171 Loss fft:  0.7915 Loss dta_rank:  0.6007 Loss dta_tv:  0.0287 Loss dta_proxy:  0.2029 Loss dta_trans:  0.0066 Loss dta_phys:  0.0067 Loss dta_preserve:  0.0044
Time:  0.0762 Epoch: 015 Iter:  450/ 600 LR: 0.0000219361 Loss content:  0.0170 Loss fft:  0.8263 Loss dta_rank:  0.6023 Loss dta_tv:  0.0289 Loss dta_proxy:  0.2019 Loss dta_trans:  0.0060 Loss dta_phys:  0.0073 Loss dta_preserve:  0.0048
Time:  0.0725 Epoch: 015 Iter:  500/ 600 LR: 0.0000219361 Loss content:  0.0170 Loss fft:  0.8114 Loss dta_rank:  0.6053 Loss dta_tv:  0.0296 Loss dta_proxy:  0.1893 Loss dta_trans:  0.0064 Loss dta_phys:  0.0065 Loss dta_preserve:  0.0051
Time:  0.0759 Epoch: 015 Iter:  550/ 600 LR: 0.0000219361 Loss content:  0.0165 Loss fft:  0.8343 Loss dta_rank:  0.6033 Loss dta_tv:  0.0294 Loss dta_proxy:  0.2015 Loss dta_trans:  0.0061 Loss dta_phys:  0.0060 Loss dta_preserve:  0.0047
Time:  0.0774 Epoch: 015 Iter:  600/ 600 LR: 0.0000219361 Loss content:  0.0176 Loss fft:  0.8517 Loss dta_rank:  0.6044 Loss dta_tv:  0.0290 Loss dta_proxy:  0.2116 Loss dta_trans:  0.0056 Loss dta_phys:  0.0062 Loss dta_preserve:  0.0048
EPOCH: 15
Elapsed time: 0.90 Epoch Pixel Loss:  0.0171 Epoch FFT Loss:  0.8183 Epoch DTA Rank:  0.6031 Epoch DTA TV:  0.0289 Epoch DTA Proxy:  0.2051 Epoch DTA Trans:  0.0058 Epoch DTA Phys:  0.0067 Epoch DTA Preserve:  0.0051
DTA_GATE_RAMP epoch=16 gate_limit=0.060000
Time:  0.0734 Epoch: 016 Iter:   50/ 600 LR: 0.0000151017 Loss content:  0.0170 Loss fft:  0.8239 Loss dta_rank:  0.6016 Loss dta_tv:  0.0291 Loss dta_proxy:  0.1995 Loss dta_trans:  0.0053 Loss dta_phys:  0.0071 Loss dta_preserve:  0.0050
Time:  0.0610 Epoch: 016 Iter:  100/ 600 LR: 0.0000151017 Loss content:  0.0174 Loss fft:  0.8145 Loss dta_rank:  0.6063 Loss dta_tv:  0.0284 Loss dta_proxy:  0.2128 Loss dta_trans:  0.0052 Loss dta_phys:  0.0065 Loss dta_preserve:  0.0052
Time:  0.0589 Epoch: 016 Iter:  150/ 600 LR: 0.0000151017 Loss content:  0.0171 Loss fft:  0.8085 Loss dta_rank:  0.5987 Loss dta_tv:  0.0299 Loss dta_proxy:  0.1884 Loss dta_trans:  0.0059 Loss dta_phys:  0.0063 Loss dta_preserve:  0.0042
Time:  0.0669 Epoch: 016 Iter:  200/ 600 LR: 0.0000151017 Loss content:  0.0174 Loss fft:  0.8068 Loss dta_rank:  0.6029 Loss dta_tv:  0.0280 Loss dta_proxy:  0.2125 Loss dta_trans:  0.0054 Loss dta_phys:  0.0066 Loss dta_preserve:  0.0051
Time:  0.0727 Epoch: 016 Iter:  250/ 600 LR: 0.0000151017 Loss content:  0.0173 Loss fft:  0.8130 Loss dta_rank:  0.6013 Loss dta_tv:  0.0291 Loss dta_proxy:  0.2070 Loss dta_trans:  0.0058 Loss dta_phys:  0.0070 Loss dta_preserve:  0.0081
Time:  0.0711 Epoch: 016 Iter:  300/ 600 LR: 0.0000151017 Loss content:  0.0173 Loss fft:  0.8368 Loss dta_rank:  0.6045 Loss dta_tv:  0.0292 Loss dta_proxy:  0.2109 Loss dta_trans:  0.0051 Loss dta_phys:  0.0070 Loss dta_preserve:  0.0050
Time:  0.0725 Epoch: 016 Iter:  350/ 600 LR: 0.0000151017 Loss content:  0.0179 Loss fft:  0.8201 Loss dta_rank:  0.6036 Loss dta_tv:  0.0287 Loss dta_proxy:  0.2026 Loss dta_trans:  0.0052 Loss dta_phys:  0.0066 Loss dta_preserve:  0.0060
Time:  0.0751 Epoch: 016 Iter:  400/ 600 LR: 0.0000151017 Loss content:  0.0177 Loss fft:  0.8527 Loss dta_rank:  0.6025 Loss dta_tv:  0.0292 Loss dta_proxy:  0.2078 Loss dta_trans:  0.0056 Loss dta_phys:  0.0068 Loss dta_preserve:  0.0052
Time:  0.0694 Epoch: 016 Iter:  450/ 600 LR: 0.0000151017 Loss content:  0.0162 Loss fft:  0.7974 Loss dta_rank:  0.6080 Loss dta_tv:  0.0291 Loss dta_proxy:  0.2003 Loss dta_trans:  0.0067 Loss dta_phys:  0.0065 Loss dta_preserve:  0.0045
Time:  0.0731 Epoch: 016 Iter:  500/ 600 LR: 0.0000151017 Loss content:  0.0170 Loss fft:  0.8184 Loss dta_rank:  0.6005 Loss dta_tv:  0.0298 Loss dta_proxy:  0.2003 Loss dta_trans:  0.0059 Loss dta_phys:  0.0063 Loss dta_preserve:  0.0054
Time:  0.0740 Epoch: 016 Iter:  550/ 600 LR: 0.0000151017 Loss content:  0.0171 Loss fft:  0.8311 Loss dta_rank:  0.5991 Loss dta_tv:  0.0287 Loss dta_proxy:  0.2063 Loss dta_trans:  0.0054 Loss dta_phys:  0.0075 Loss dta_preserve:  0.0056
Time:  0.0752 Epoch: 016 Iter:  600/ 600 LR: 0.0000151017 Loss content:  0.0166 Loss fft:  0.7942 Loss dta_rank:  0.5987 Loss dta_tv:  0.0291 Loss dta_proxy:  0.1989 Loss dta_trans:  0.0066 Loss dta_phys:  0.0065 Loss dta_preserve:  0.0059
EPOCH: 16
Elapsed time: 0.85 Epoch Pixel Loss:  0.0172 Epoch FFT Loss:  0.8181 Epoch DTA Rank:  0.6023 Epoch DTA TV:  0.0290 Epoch DTA Proxy:  0.2039 Epoch DTA Trans:  0.0057 Epoch DTA Phys:  0.0067 Epoch DTA Preserve:  0.0054
DTA_GATE_RAMP epoch=17 gate_limit=0.060000
Time:  0.0793 Epoch: 017 Iter:   50/ 600 LR: 0.0000094853 Loss content:  0.0174 Loss fft:  0.8495 Loss dta_rank:  0.6026 Loss dta_tv:  0.0298 Loss dta_proxy:  0.2045 Loss dta_trans:  0.0050 Loss dta_phys:  0.0068 Loss dta_preserve:  0.0055
Time:  0.0757 Epoch: 017 Iter:  100/ 600 LR: 0.0000094853 Loss content:  0.0175 Loss fft:  0.8224 Loss dta_rank:  0.6037 Loss dta_tv:  0.0288 Loss dta_proxy:  0.2088 Loss dta_trans:  0.0054 Loss dta_phys:  0.0064 Loss dta_preserve:  0.0052
Time:  0.0746 Epoch: 017 Iter:  150/ 600 LR: 0.0000094853 Loss content:  0.0166 Loss fft:  0.8075 Loss dta_rank:  0.6010 Loss dta_tv:  0.0288 Loss dta_proxy:  0.2053 Loss dta_trans:  0.0056 Loss dta_phys:  0.0064 Loss dta_preserve:  0.0058
Time:  0.0756 Epoch: 017 Iter:  200/ 600 LR: 0.0000094853 Loss content:  0.0172 Loss fft:  0.7996 Loss dta_rank:  0.6055 Loss dta_tv:  0.0291 Loss dta_proxy:  0.2062 Loss dta_trans:  0.0064 Loss dta_phys:  0.0068 Loss dta_preserve:  0.0057
Time:  0.0712 Epoch: 017 Iter:  250/ 600 LR: 0.0000094853 Loss content:  0.0175 Loss fft:  0.8467 Loss dta_rank:  0.6030 Loss dta_tv:  0.0298 Loss dta_proxy:  0.1992 Loss dta_trans:  0.0058 Loss dta_phys:  0.0064 Loss dta_preserve:  0.0048
Time:  0.0743 Epoch: 017 Iter:  300/ 600 LR: 0.0000094853 Loss content:  0.0174 Loss fft:  0.8293 Loss dta_rank:  0.6015 Loss dta_tv:  0.0290 Loss dta_proxy:  0.2056 Loss dta_trans:  0.0053 Loss dta_phys:  0.0068 Loss dta_preserve:  0.0037
Time:  0.0742 Epoch: 017 Iter:  350/ 600 LR: 0.0000094853 Loss content:  0.0169 Loss fft:  0.7999 Loss dta_rank:  0.5985 Loss dta_tv:  0.0295 Loss dta_proxy:  0.1930 Loss dta_trans:  0.0054 Loss dta_phys:  0.0068 Loss dta_preserve:  0.0045
Time:  0.0738 Epoch: 017 Iter:  400/ 600 LR: 0.0000094853 Loss content:  0.0167 Loss fft:  0.8247 Loss dta_rank:  0.5985 Loss dta_tv:  0.0287 Loss dta_proxy:  0.1991 Loss dta_trans:  0.0053 Loss dta_phys:  0.0061 Loss dta_preserve:  0.0051
Time:  0.0746 Epoch: 017 Iter:  450/ 600 LR: 0.0000094853 Loss content:  0.0172 Loss fft:  0.8086 Loss dta_rank:  0.6073 Loss dta_tv:  0.0296 Loss dta_proxy:  0.2026 Loss dta_trans:  0.0073 Loss dta_phys:  0.0062 Loss dta_preserve:  0.0045
Time:  0.0759 Epoch: 017 Iter:  500/ 600 LR: 0.0000094853 Loss content:  0.0169 Loss fft:  0.8042 Loss dta_rank:  0.6032 Loss dta_tv:  0.0292 Loss dta_proxy:  0.2051 Loss dta_trans:  0.0057 Loss dta_phys:  0.0072 Loss dta_preserve:  0.0061
Time:  0.0731 Epoch: 017 Iter:  550/ 600 LR: 0.0000094853 Loss content:  0.0169 Loss fft:  0.8157 Loss dta_rank:  0.5998 Loss dta_tv:  0.0283 Loss dta_proxy:  0.2080 Loss dta_trans:  0.0062 Loss dta_phys:  0.0073 Loss dta_preserve:  0.0048
Time:  0.0727 Epoch: 017 Iter:  600/ 600 LR: 0.0000094853 Loss content:  0.0172 Loss fft:  0.8405 Loss dta_rank:  0.6056 Loss dta_tv:  0.0289 Loss dta_proxy:  0.2048 Loss dta_trans:  0.0049 Loss dta_phys:  0.0072 Loss dta_preserve:  0.0054
EPOCH: 17
Elapsed time: 0.90 Epoch Pixel Loss:  0.0171 Epoch FFT Loss:  0.8207 Epoch DTA Rank:  0.6025 Epoch DTA TV:  0.0291 Epoch DTA Proxy:  0.2035 Epoch DTA Trans:  0.0057 Epoch DTA Phys:  0.0067 Epoch DTA Preserve:  0.0051
DTA_GATE_RAMP epoch=18 gate_limit=0.060000
Time:  0.0791 Epoch: 018 Iter:   50/ 600 LR: 0.0000052550 Loss content:  0.0171 Loss fft:  0.8081 Loss dta_rank:  0.5956 Loss dta_tv:  0.0291 Loss dta_proxy:  0.1965 Loss dta_trans:  0.0057 Loss dta_phys:  0.0068 Loss dta_preserve:  0.0073
Time:  0.0755 Epoch: 018 Iter:  100/ 600 LR: 0.0000052550 Loss content:  0.0173 Loss fft:  0.8085 Loss dta_rank:  0.6054 Loss dta_tv:  0.0294 Loss dta_proxy:  0.1968 Loss dta_trans:  0.0055 Loss dta_phys:  0.0072 Loss dta_preserve:  0.0054
Time:  0.0745 Epoch: 018 Iter:  150/ 600 LR: 0.0000052550 Loss content:  0.0162 Loss fft:  0.7945 Loss dta_rank:  0.6017 Loss dta_tv:  0.0290 Loss dta_proxy:  0.2042 Loss dta_trans:  0.0054 Loss dta_phys:  0.0066 Loss dta_preserve:  0.0043
Time:  0.0765 Epoch: 018 Iter:  200/ 600 LR: 0.0000052550 Loss content:  0.0167 Loss fft:  0.8117 Loss dta_rank:  0.6052 Loss dta_tv:  0.0290 Loss dta_proxy:  0.2023 Loss dta_trans:  0.0058 Loss dta_phys:  0.0064 Loss dta_preserve:  0.0049
Time:  0.0724 Epoch: 018 Iter:  250/ 600 LR: 0.0000052550 Loss content:  0.0175 Loss fft:  0.8208 Loss dta_rank:  0.6043 Loss dta_tv:  0.0293 Loss dta_proxy:  0.2028 Loss dta_trans:  0.0057 Loss dta_phys:  0.0067 Loss dta_preserve:  0.0051
Time:  0.0733 Epoch: 018 Iter:  300/ 600 LR: 0.0000052550 Loss content:  0.0173 Loss fft:  0.8201 Loss dta_rank:  0.6015 Loss dta_tv:  0.0287 Loss dta_proxy:  0.2111 Loss dta_trans:  0.0055 Loss dta_phys:  0.0067 Loss dta_preserve:  0.0055
Time:  0.0688 Epoch: 018 Iter:  350/ 600 LR: 0.0000052550 Loss content:  0.0165 Loss fft:  0.8050 Loss dta_rank:  0.6059 Loss dta_tv:  0.0290 Loss dta_proxy:  0.2083 Loss dta_trans:  0.0062 Loss dta_phys:  0.0067 Loss dta_preserve:  0.0064
Time:  0.0757 Epoch: 018 Iter:  400/ 600 LR: 0.0000052550 Loss content:  0.0170 Loss fft:  0.7981 Loss dta_rank:  0.6010 Loss dta_tv:  0.0290 Loss dta_proxy:  0.2019 Loss dta_trans:  0.0060 Loss dta_phys:  0.0067 Loss dta_preserve:  0.0057
Time:  0.0714 Epoch: 018 Iter:  450/ 600 LR: 0.0000052550 Loss content:  0.0170 Loss fft:  0.8486 Loss dta_rank:  0.6042 Loss dta_tv:  0.0293 Loss dta_proxy:  0.1991 Loss dta_trans:  0.0057 Loss dta_phys:  0.0072 Loss dta_preserve:  0.0048
Time:  0.0717 Epoch: 018 Iter:  500/ 600 LR: 0.0000052550 Loss content:  0.0181 Loss fft:  0.8146 Loss dta_rank:  0.5999 Loss dta_tv:  0.0287 Loss dta_proxy:  0.2039 Loss dta_trans:  0.0060 Loss dta_phys:  0.0060 Loss dta_preserve:  0.0049
Time:  0.0669 Epoch: 018 Iter:  550/ 600 LR: 0.0000052550 Loss content:  0.0173 Loss fft:  0.8469 Loss dta_rank:  0.5984 Loss dta_tv:  0.0286 Loss dta_proxy:  0.2045 Loss dta_trans:  0.0053 Loss dta_phys:  0.0061 Loss dta_preserve:  0.0069
Time:  0.0752 Epoch: 018 Iter:  600/ 600 LR: 0.0000052550 Loss content:  0.0180 Loss fft:  0.8332 Loss dta_rank:  0.5980 Loss dta_tv:  0.0299 Loss dta_proxy:  0.1992 Loss dta_trans:  0.0068 Loss dta_phys:  0.0065 Loss dta_preserve:  0.0047
EPOCH: 18
Elapsed time: 0.88 Epoch Pixel Loss:  0.0172 Epoch FFT Loss:  0.8175 Epoch DTA Rank:  0.6018 Epoch DTA TV:  0.0291 Epoch DTA Proxy:  0.2026 Epoch DTA Trans:  0.0058 Epoch DTA Phys:  0.0066 Epoch DTA Preserve:  0.0055
DTA_GATE_RAMP epoch=19 gate_limit=0.060000
Time:  0.0699 Epoch: 019 Iter:   50/ 600 LR: 0.0000025070 Loss content:  0.0168 Loss fft:  0.8324 Loss dta_rank:  0.6035 Loss dta_tv:  0.0293 Loss dta_proxy:  0.2078 Loss dta_trans:  0.0061 Loss dta_phys:  0.0073 Loss dta_preserve:  0.0055
Time:  0.0653 Epoch: 019 Iter:  100/ 600 LR: 0.0000025070 Loss content:  0.0170 Loss fft:  0.8088 Loss dta_rank:  0.5999 Loss dta_tv:  0.0292 Loss dta_proxy:  0.2026 Loss dta_trans:  0.0059 Loss dta_phys:  0.0066 Loss dta_preserve:  0.0051
Time:  0.0666 Epoch: 019 Iter:  150/ 600 LR: 0.0000025070 Loss content:  0.0169 Loss fft:  0.7828 Loss dta_rank:  0.6009 Loss dta_tv:  0.0290 Loss dta_proxy:  0.2006 Loss dta_trans:  0.0064 Loss dta_phys:  0.0069 Loss dta_preserve:  0.0048
Time:  0.0671 Epoch: 019 Iter:  200/ 600 LR: 0.0000025070 Loss content:  0.0177 Loss fft:  0.8547 Loss dta_rank:  0.6062 Loss dta_tv:  0.0282 Loss dta_proxy:  0.2186 Loss dta_trans:  0.0058 Loss dta_phys:  0.0067 Loss dta_preserve:  0.0046
Time:  0.0667 Epoch: 019 Iter:  250/ 600 LR: 0.0000025070 Loss content:  0.0164 Loss fft:  0.7951 Loss dta_rank:  0.6038 Loss dta_tv:  0.0290 Loss dta_proxy:  0.2107 Loss dta_trans:  0.0056 Loss dta_phys:  0.0065 Loss dta_preserve:  0.0049
Time:  0.0717 Epoch: 019 Iter:  300/ 600 LR: 0.0000025070 Loss content:  0.0174 Loss fft:  0.8288 Loss dta_rank:  0.6015 Loss dta_tv:  0.0290 Loss dta_proxy:  0.2027 Loss dta_trans:  0.0061 Loss dta_phys:  0.0070 Loss dta_preserve:  0.0051
Time:  0.0763 Epoch: 019 Iter:  350/ 600 LR: 0.0000025070 Loss content:  0.0164 Loss fft:  0.8056 Loss dta_rank:  0.6011 Loss dta_tv:  0.0288 Loss dta_proxy:  0.2018 Loss dta_trans:  0.0054 Loss dta_phys:  0.0067 Loss dta_preserve:  0.0058
Time:  0.0725 Epoch: 019 Iter:  400/ 600 LR: 0.0000025070 Loss content:  0.0171 Loss fft:  0.8284 Loss dta_rank:  0.6000 Loss dta_tv:  0.0294 Loss dta_proxy:  0.2004 Loss dta_trans:  0.0058 Loss dta_phys:  0.0074 Loss dta_preserve:  0.0045
Time:  0.0778 Epoch: 019 Iter:  450/ 600 LR: 0.0000025070 Loss content:  0.0174 Loss fft:  0.8077 Loss dta_rank:  0.6065 Loss dta_tv:  0.0298 Loss dta_proxy:  0.2043 Loss dta_trans:  0.0051 Loss dta_phys:  0.0063 Loss dta_preserve:  0.0053
Time:  0.0726 Epoch: 019 Iter:  500/ 600 LR: 0.0000025070 Loss content:  0.0171 Loss fft:  0.8035 Loss dta_rank:  0.6009 Loss dta_tv:  0.0284 Loss dta_proxy:  0.2112 Loss dta_trans:  0.0060 Loss dta_phys:  0.0070 Loss dta_preserve:  0.0070
Time:  0.0712 Epoch: 019 Iter:  550/ 600 LR: 0.0000025070 Loss content:  0.0162 Loss fft:  0.8092 Loss dta_rank:  0.6010 Loss dta_tv:  0.0293 Loss dta_proxy:  0.1986 Loss dta_trans:  0.0053 Loss dta_phys:  0.0061 Loss dta_preserve:  0.0041
Time:  0.0705 Epoch: 019 Iter:  600/ 600 LR: 0.0000025070 Loss content:  0.0179 Loss fft:  0.8320 Loss dta_rank:  0.6030 Loss dta_tv:  0.0290 Loss dta_proxy:  0.2050 Loss dta_trans:  0.0050 Loss dta_phys:  0.0062 Loss dta_preserve:  0.0050
EPOCH: 19
Elapsed time: 0.85 Epoch Pixel Loss:  0.0170 Epoch FFT Loss:  0.8157 Epoch DTA Rank:  0.6024 Epoch DTA TV:  0.0290 Epoch DTA Proxy:  0.2054 Epoch DTA Trans:  0.0057 Epoch DTA Phys:  0.0067 Epoch DTA Preserve:  0.0051
DTA_GATE_RAMP epoch=20 gate_limit=0.060000
Time:  0.0730 Epoch: 020 Iter:   50/ 600 LR: 0.0000012125 Loss content:  0.0177 Loss fft:  0.8555 Loss dta_rank:  0.5983 Loss dta_tv:  0.0294 Loss dta_proxy:  0.1985 Loss dta_trans:  0.0057 Loss dta_phys:  0.0068 Loss dta_preserve:  0.0049
Time:  0.0682 Epoch: 020 Iter:  100/ 600 LR: 0.0000012125 Loss content:  0.0174 Loss fft:  0.8109 Loss dta_rank:  0.5995 Loss dta_tv:  0.0288 Loss dta_proxy:  0.2054 Loss dta_trans:  0.0051 Loss dta_phys:  0.0068 Loss dta_preserve:  0.0043
Time:  0.0680 Epoch: 020 Iter:  150/ 600 LR: 0.0000012125 Loss content:  0.0163 Loss fft:  0.8324 Loss dta_rank:  0.6018 Loss dta_tv:  0.0286 Loss dta_proxy:  0.2074 Loss dta_trans:  0.0064 Loss dta_phys:  0.0061 Loss dta_preserve:  0.0045
Time:  0.0708 Epoch: 020 Iter:  200/ 600 LR: 0.0000012125 Loss content:  0.0169 Loss fft:  0.7995 Loss dta_rank:  0.6100 Loss dta_tv:  0.0290 Loss dta_proxy:  0.2037 Loss dta_trans:  0.0064 Loss dta_phys:  0.0068 Loss dta_preserve:  0.0047
Time:  0.0795 Epoch: 020 Iter:  250/ 600 LR: 0.0000012125 Loss content:  0.0177 Loss fft:  0.8161 Loss dta_rank:  0.6031 Loss dta_tv:  0.0285 Loss dta_proxy:  0.2025 Loss dta_trans:  0.0054 Loss dta_phys:  0.0074 Loss dta_preserve:  0.0058
Time:  0.0774 Epoch: 020 Iter:  300/ 600 LR: 0.0000012125 Loss content:  0.0176 Loss fft:  0.8155 Loss dta_rank:  0.6080 Loss dta_tv:  0.0286 Loss dta_proxy:  0.2094 Loss dta_trans:  0.0067 Loss dta_phys:  0.0064 Loss dta_preserve:  0.0048
Time:  0.0777 Epoch: 020 Iter:  350/ 600 LR: 0.0000012125 Loss content:  0.0165 Loss fft:  0.7957 Loss dta_rank:  0.6030 Loss dta_tv:  0.0297 Loss dta_proxy:  0.1988 Loss dta_trans:  0.0055 Loss dta_phys:  0.0069 Loss dta_preserve:  0.0039
Time:  0.0753 Epoch: 020 Iter:  400/ 600 LR: 0.0000012125 Loss content:  0.0171 Loss fft:  0.8348 Loss dta_rank:  0.5993 Loss dta_tv:  0.0292 Loss dta_proxy:  0.2048 Loss dta_trans:  0.0050 Loss dta_phys:  0.0063 Loss dta_preserve:  0.0050
Time:  0.0748 Epoch: 020 Iter:  450/ 600 LR: 0.0000012125 Loss content:  0.0170 Loss fft:  0.8347 Loss dta_rank:  0.6039 Loss dta_tv:  0.0289 Loss dta_proxy:  0.2156 Loss dta_trans:  0.0053 Loss dta_phys:  0.0064 Loss dta_preserve:  0.0044
Time:  0.0692 Epoch: 020 Iter:  500/ 600 LR: 0.0000012125 Loss content:  0.0166 Loss fft:  0.8298 Loss dta_rank:  0.6002 Loss dta_tv:  0.0293 Loss dta_proxy:  0.1983 Loss dta_trans:  0.0057 Loss dta_phys:  0.0068 Loss dta_preserve:  0.0053
Time:  0.0764 Epoch: 020 Iter:  550/ 600 LR: 0.0000012125 Loss content:  0.0170 Loss fft:  0.8425 Loss dta_rank:  0.6004 Loss dta_tv:  0.0290 Loss dta_proxy:  0.2035 Loss dta_trans:  0.0046 Loss dta_phys:  0.0066 Loss dta_preserve:  0.0051
Time:  0.0778 Epoch: 020 Iter:  600/ 600 LR: 0.0000012125 Loss content:  0.0166 Loss fft:  0.8028 Loss dta_rank:  0.5993 Loss dta_tv:  0.0293 Loss dta_proxy:  0.1933 Loss dta_trans:  0.0073 Loss dta_phys:  0.0068 Loss dta_preserve:  0.0050
EPOCH: 20
Elapsed time: 0.89 Epoch Pixel Loss:  0.0170 Epoch FFT Loss:  0.8225 Epoch DTA Rank:  0.6022 Epoch DTA TV:  0.0290 Epoch DTA Proxy:  0.2034 Epoch DTA Trans:  0.0058 Epoch DTA Phys:  0.0067 Epoch DTA Preserve:  0.0048
