Namespace(model_name='ConvIR-Haze4K-DTA-v2-adapter_only-invert-seed3411-f0-oof20', data='Haze4K', version='base', fam_mode='original', arch='dta_v2', seed=3411, mode='train', data_dir='/sda/home/wangyuxin/ConvIR-B/datasets/Haze4K/Haze4K', batch_size=4, learning_rate=0.0001, weight_decay=0.0, num_epoch=20, stop_epoch=20, print_freq=50, num_worker=4, save_freq=5, valid_freq=9999, mod_stats_freq=5, mod_stats_batches=16, grad_clip_norm=0.001, dta_grad_clip_norm=0.05, dta_neighbor_grad_clip_norm=0.005, init_model='/sda/home/wangyuxin/ConvIR-B/checkpoints/official/Haze4K/haze4k-base.pkl', init_model_partial=True, partial_new_prefixes='DTA.', resume='', train_scope='adapter_only', dta_depth_cache_dir='/sda/home/wangyuxin/ConvIR-B/depth_cache/depth_anything_v2_small_hf', dta_train_depth_split='train', dta_eval_depth_split='train', valid_root_split='train', eval_root_split='test', dta_require_depth=True, dta_variant='v2', dta_depth_mode='invert', dta_prior_channels=32, dta_gate_bias=-6.0, dta_gate_limit=0.06, dta_gamma_limit=0.12, dta_beta_limit=0.06, dta_alpha_init=1.0, dta_confidence_floor=0.25, dta_confidence_local_scale=6.0, dta_output_residual_scale=0.03, dta_use_trans_gt=True, dta_trans_weight=0.02, dta_phys_weight=0.005, dta_preserve_weight=0.02, dta_preserve_trans_thresh=0.8, dta_gate_ramp_start=0.01, dta_gate_ramp_mid=0.03, dta_gate_ramp_end=0.06, dta_gate_ramp_warmup_epochs=2, dta_gate_ramp_mid_epochs=8, dta_rank_weight=0.001, dta_tv_weight=0.0001, dta_proxy_weight=0.0, dta_rank_pairs=512, dta_rank_min_depth_gap=0.03, split_json='/sda/home/wangyuxin/ConvIR-B/repos/ConvIR-B-dta-v2-calibrated/experience_docx/experiment_logs/haze4k_dta_v2_calibrated_20260611/dta_v2_haze4k_oof_splits_seed3407.json', split_name='fold0_train', test_model='', save_image=False, leaning_rate=0.0001, model_save_dir='results/ConvIR-Haze4K-DTA-v2-adapter_only-invert-seed3411-f0-oof20/Training-Results/', result_dir='results/ConvIR-Haze4K-DTA-v2-adapter_only-invert-seed3411-f0-oof20/images/Haze4K', init_model_sha256='6f42037d57a4e3de3a10ac0ab909d66a3415864a19433c29204a975f4efa4088')
/sda/home/wangyuxin/ConvIR-B/repos/ConvIR-B-dta-v2-calibrated/Dehazing/ITS/main.py:14: FutureWarning: You are using `torch.load` with `weights_only=False` (the current default value), which uses the default pickle module implicitly. It is possible to construct malicious pickle data which will execute arbitrary code during unpickling (See https://github.com/pytorch/pytorch/blob/main/SECURITY.md#untrusted-models for more details). In a future release, the default value for `weights_only` will be flipped to `True`. This limits the functions that could be executed during unpickling. Arbitrary objects will no longer be allowed to be loaded via this mode unless they are explicitly allowlisted by the user via `torch.serialization.add_safe_globals`. We recommend you start setting `weights_only=True` for any use case where you don't have full control of the loaded file. Please open an issue on GitHub for any issues related to this experimental feature.
  state = torch.load(path, map_location=map_location)
INIT_MODEL_PARTIAL_LOAD path=/sda/home/wangyuxin/ConvIR-B/checkpoints/official/Haze4K/haze4k-base.pkl loaded=602 missing_allowed=25 unexpected=[] allowed_new_prefixes=('DTA.',)
TRAIN_SCOPE scope=adapter_only arch=dta_v2 trainable=74699 total=8705364
/sda/home/wangyuxin/ConvIR-B/envs/convir-cu121/lib/python3.10/site-packages/torch/optim/lr_scheduler.py:224: UserWarning: Detected call of `lr_scheduler.step()` before `optimizer.step()`. In PyTorch 1.1.0 and later, you should call them in the opposite order: `optimizer.step()` before `lr_scheduler.step()`.  Failure to do this will result in PyTorch skipping the first value of the learning rate schedule. See more details at https://pytorch.org/docs/stable/optim.html#how-to-adjust-learning-rate
  warnings.warn(
DTA_GATE_RAMP epoch=1 gate_limit=0.010000
Time:  0.0971 Epoch: 001 Iter:   50/ 600 LR: 0.0000333333 Loss content:  0.0173 Loss fft:  0.8296 Loss dta_rank:  0.6922 Loss dta_tv:  0.0029 Loss dta_proxy:  0.1234 Loss dta_trans:  0.0412 Loss dta_phys:  0.0081 Loss dta_preserve:  0.0046
Time:  0.0779 Epoch: 001 Iter:  100/ 600 LR: 0.0000333333 Loss content:  0.0173 Loss fft:  0.8001 Loss dta_rank:  0.6888 Loss dta_tv:  0.0102 Loss dta_proxy:  0.1262 Loss dta_trans:  0.0341 Loss dta_phys:  0.0085 Loss dta_preserve:  0.0045
Time:  0.0733 Epoch: 001 Iter:  150/ 600 LR: 0.0000333333 Loss content:  0.0173 Loss fft:  0.8146 Loss dta_rank:  0.6798 Loss dta_tv:  0.0164 Loss dta_proxy:  0.1341 Loss dta_trans:  0.0281 Loss dta_phys:  0.0078 Loss dta_preserve:  0.0046
Time:  0.0737 Epoch: 001 Iter:  200/ 600 LR: 0.0000333333 Loss content:  0.0169 Loss fft:  0.7995 Loss dta_rank:  0.6682 Loss dta_tv:  0.0224 Loss dta_proxy:  0.1507 Loss dta_trans:  0.0226 Loss dta_phys:  0.0071 Loss dta_preserve:  0.0055
Time:  0.0744 Epoch: 001 Iter:  250/ 600 LR: 0.0000333333 Loss content:  0.0178 Loss fft:  0.8182 Loss dta_rank:  0.6578 Loss dta_tv:  0.0291 Loss dta_proxy:  0.1594 Loss dta_trans:  0.0165 Loss dta_phys:  0.0070 Loss dta_preserve:  0.0052
Time:  0.0745 Epoch: 001 Iter:  300/ 600 LR: 0.0000333333 Loss content:  0.0169 Loss fft:  0.8192 Loss dta_rank:  0.6453 Loss dta_tv:  0.0332 Loss dta_proxy:  0.1707 Loss dta_trans:  0.0136 Loss dta_phys:  0.0062 Loss dta_preserve:  0.0056
Time:  0.0752 Epoch: 001 Iter:  350/ 600 LR: 0.0000333333 Loss content:  0.0176 Loss fft:  0.8400 Loss dta_rank:  0.6416 Loss dta_tv:  0.0370 Loss dta_proxy:  0.1834 Loss dta_trans:  0.0118 Loss dta_phys:  0.0058 Loss dta_preserve:  0.0049
Time:  0.0752 Epoch: 001 Iter:  400/ 600 LR: 0.0000333333 Loss content:  0.0174 Loss fft:  0.8150 Loss dta_rank:  0.6327 Loss dta_tv:  0.0382 Loss dta_proxy:  0.1906 Loss dta_trans:  0.0108 Loss dta_phys:  0.0064 Loss dta_preserve:  0.0063
Time:  0.0752 Epoch: 001 Iter:  450/ 600 LR: 0.0000333333 Loss content:  0.0177 Loss fft:  0.8278 Loss dta_rank:  0.6304 Loss dta_tv:  0.0386 Loss dta_proxy:  0.2029 Loss dta_trans:  0.0106 Loss dta_phys:  0.0074 Loss dta_preserve:  0.0046
Time:  0.0708 Epoch: 001 Iter:  500/ 600 LR: 0.0000333333 Loss content:  0.0177 Loss fft:  0.8375 Loss dta_rank:  0.6215 Loss dta_tv:  0.0391 Loss dta_proxy:  0.2037 Loss dta_trans:  0.0098 Loss dta_phys:  0.0064 Loss dta_preserve:  0.0051
Time:  0.0724 Epoch: 001 Iter:  550/ 600 LR: 0.0000333333 Loss content:  0.0161 Loss fft:  0.8032 Loss dta_rank:  0.6235 Loss dta_tv:  0.0407 Loss dta_proxy:  0.2100 Loss dta_trans:  0.0099 Loss dta_phys:  0.0064 Loss dta_preserve:  0.0048
Time:  0.0664 Epoch: 001 Iter:  600/ 600 LR: 0.0000333333 Loss content:  0.0166 Loss fft:  0.8279 Loss dta_rank:  0.6243 Loss dta_tv:  0.0391 Loss dta_proxy:  0.2107 Loss dta_trans:  0.0098 Loss dta_phys:  0.0064 Loss dta_preserve:  0.0069
EPOCH: 01
Elapsed time: 0.91 Epoch Pixel Loss:  0.0172 Epoch FFT Loss:  0.8194 Epoch DTA Rank:  0.6505 Epoch DTA TV:  0.0289 Epoch DTA Proxy:  0.1721 Epoch DTA Trans:  0.0182 Epoch DTA Phys:  0.0069 Epoch DTA Preserve:  0.0052
DTA_GATE_RAMP epoch=2 gate_limit=0.010000
Time:  0.0750 Epoch: 002 Iter:   50/ 600 LR: 0.0000666667 Loss content:  0.0176 Loss fft:  0.8433 Loss dta_rank:  0.6217 Loss dta_tv:  0.0395 Loss dta_proxy:  0.2040 Loss dta_trans:  0.0109 Loss dta_phys:  0.0067 Loss dta_preserve:  0.0047
Time:  0.0780 Epoch: 002 Iter:  100/ 600 LR: 0.0000666667 Loss content:  0.0168 Loss fft:  0.8020 Loss dta_rank:  0.6224 Loss dta_tv:  0.0410 Loss dta_proxy:  0.1991 Loss dta_trans:  0.0096 Loss dta_phys:  0.0072 Loss dta_preserve:  0.0048
Time:  0.0738 Epoch: 002 Iter:  150/ 600 LR: 0.0000666667 Loss content:  0.0167 Loss fft:  0.8170 Loss dta_rank:  0.6194 Loss dta_tv:  0.0391 Loss dta_proxy:  0.2053 Loss dta_trans:  0.0089 Loss dta_phys:  0.0066 Loss dta_preserve:  0.0047
Time:  0.0715 Epoch: 002 Iter:  200/ 600 LR: 0.0000666667 Loss content:  0.0175 Loss fft:  0.8007 Loss dta_rank:  0.6167 Loss dta_tv:  0.0408 Loss dta_proxy:  0.2041 Loss dta_trans:  0.0094 Loss dta_phys:  0.0069 Loss dta_preserve:  0.0056
Time:  0.0750 Epoch: 002 Iter:  250/ 600 LR: 0.0000666667 Loss content:  0.0167 Loss fft:  0.7814 Loss dta_rank:  0.6213 Loss dta_tv:  0.0395 Loss dta_proxy:  0.2112 Loss dta_trans:  0.0085 Loss dta_phys:  0.0066 Loss dta_preserve:  0.0050
Time:  0.0762 Epoch: 002 Iter:  300/ 600 LR: 0.0000666667 Loss content:  0.0171 Loss fft:  0.8088 Loss dta_rank:  0.6220 Loss dta_tv:  0.0382 Loss dta_proxy:  0.2191 Loss dta_trans:  0.0091 Loss dta_phys:  0.0065 Loss dta_preserve:  0.0047
Time:  0.0717 Epoch: 002 Iter:  350/ 600 LR: 0.0000666667 Loss content:  0.0179 Loss fft:  0.8431 Loss dta_rank:  0.6162 Loss dta_tv:  0.0395 Loss dta_proxy:  0.2030 Loss dta_trans:  0.0079 Loss dta_phys:  0.0060 Loss dta_preserve:  0.0045
Time:  0.0734 Epoch: 002 Iter:  400/ 600 LR: 0.0000666667 Loss content:  0.0171 Loss fft:  0.8499 Loss dta_rank:  0.6153 Loss dta_tv:  0.0384 Loss dta_proxy:  0.2083 Loss dta_trans:  0.0087 Loss dta_phys:  0.0059 Loss dta_preserve:  0.0052
Time:  0.0758 Epoch: 002 Iter:  450/ 600 LR: 0.0000666667 Loss content:  0.0169 Loss fft:  0.7869 Loss dta_rank:  0.6171 Loss dta_tv:  0.0385 Loss dta_proxy:  0.2209 Loss dta_trans:  0.0085 Loss dta_phys:  0.0075 Loss dta_preserve:  0.0052
Time:  0.0764 Epoch: 002 Iter:  500/ 600 LR: 0.0000666667 Loss content:  0.0177 Loss fft:  0.8438 Loss dta_rank:  0.6168 Loss dta_tv:  0.0390 Loss dta_proxy:  0.2110 Loss dta_trans:  0.0094 Loss dta_phys:  0.0074 Loss dta_preserve:  0.0045
Time:  0.0733 Epoch: 002 Iter:  550/ 600 LR: 0.0000666667 Loss content:  0.0178 Loss fft:  0.8202 Loss dta_rank:  0.6136 Loss dta_tv:  0.0382 Loss dta_proxy:  0.2081 Loss dta_trans:  0.0078 Loss dta_phys:  0.0063 Loss dta_preserve:  0.0058
Time:  0.0717 Epoch: 002 Iter:  600/ 600 LR: 0.0000666667 Loss content:  0.0171 Loss fft:  0.8123 Loss dta_rank:  0.6125 Loss dta_tv:  0.0366 Loss dta_proxy:  0.2189 Loss dta_trans:  0.0076 Loss dta_phys:  0.0065 Loss dta_preserve:  0.0064
EPOCH: 02
Elapsed time: 0.90 Epoch Pixel Loss:  0.0172 Epoch FFT Loss:  0.8174 Epoch DTA Rank:  0.6179 Epoch DTA TV:  0.0390 Epoch DTA Proxy:  0.2094 Epoch DTA Trans:  0.0089 Epoch DTA Phys:  0.0067 Epoch DTA Preserve:  0.0051
DTA_GATE_RAMP epoch=3 gate_limit=0.030000
Time:  0.0825 Epoch: 003 Iter:   50/ 600 LR: 0.0001000000 Loss content:  0.0181 Loss fft:  0.8585 Loss dta_rank:  0.6117 Loss dta_tv:  0.0371 Loss dta_proxy:  0.2065 Loss dta_trans:  0.0085 Loss dta_phys:  0.0062 Loss dta_preserve:  0.0042
Time:  0.0762 Epoch: 003 Iter:  100/ 600 LR: 0.0001000000 Loss content:  0.0174 Loss fft:  0.8420 Loss dta_rank:  0.6117 Loss dta_tv:  0.0375 Loss dta_proxy:  0.2098 Loss dta_trans:  0.0065 Loss dta_phys:  0.0059 Loss dta_preserve:  0.0054
Time:  0.0714 Epoch: 003 Iter:  150/ 600 LR: 0.0001000000 Loss content:  0.0164 Loss fft:  0.7862 Loss dta_rank:  0.6166 Loss dta_tv:  0.0377 Loss dta_proxy:  0.2093 Loss dta_trans:  0.0087 Loss dta_phys:  0.0067 Loss dta_preserve:  0.0054
Time:  0.0763 Epoch: 003 Iter:  200/ 600 LR: 0.0001000000 Loss content:  0.0173 Loss fft:  0.8307 Loss dta_rank:  0.6133 Loss dta_tv:  0.0369 Loss dta_proxy:  0.2034 Loss dta_trans:  0.0078 Loss dta_phys:  0.0065 Loss dta_preserve:  0.0065
Time:  0.0775 Epoch: 003 Iter:  250/ 600 LR: 0.0001000000 Loss content:  0.0178 Loss fft:  0.8267 Loss dta_rank:  0.6170 Loss dta_tv:  0.0359 Loss dta_proxy:  0.2079 Loss dta_trans:  0.0080 Loss dta_phys:  0.0068 Loss dta_preserve:  0.0054
Time:  0.0824 Epoch: 003 Iter:  300/ 600 LR: 0.0001000000 Loss content:  0.0174 Loss fft:  0.8279 Loss dta_rank:  0.6169 Loss dta_tv:  0.0368 Loss dta_proxy:  0.2085 Loss dta_trans:  0.0080 Loss dta_phys:  0.0065 Loss dta_preserve:  0.0052
Time:  0.0785 Epoch: 003 Iter:  350/ 600 LR: 0.0001000000 Loss content:  0.0171 Loss fft:  0.8047 Loss dta_rank:  0.6153 Loss dta_tv:  0.0359 Loss dta_proxy:  0.2147 Loss dta_trans:  0.0082 Loss dta_phys:  0.0071 Loss dta_preserve:  0.0053
Time:  0.0803 Epoch: 003 Iter:  400/ 600 LR: 0.0001000000 Loss content:  0.0168 Loss fft:  0.8133 Loss dta_rank:  0.6161 Loss dta_tv:  0.0348 Loss dta_proxy:  0.2147 Loss dta_trans:  0.0073 Loss dta_phys:  0.0066 Loss dta_preserve:  0.0049
Time:  0.0772 Epoch: 003 Iter:  450/ 600 LR: 0.0001000000 Loss content:  0.0174 Loss fft:  0.8274 Loss dta_rank:  0.6081 Loss dta_tv:  0.0351 Loss dta_proxy:  0.2154 Loss dta_trans:  0.0070 Loss dta_phys:  0.0067 Loss dta_preserve:  0.0057
Time:  0.0757 Epoch: 003 Iter:  500/ 600 LR: 0.0001000000 Loss content:  0.0168 Loss fft:  0.8137 Loss dta_rank:  0.6044 Loss dta_tv:  0.0354 Loss dta_proxy:  0.2071 Loss dta_trans:  0.0070 Loss dta_phys:  0.0073 Loss dta_preserve:  0.0045
Time:  0.0784 Epoch: 003 Iter:  550/ 600 LR: 0.0001000000 Loss content:  0.0171 Loss fft:  0.8322 Loss dta_rank:  0.6080 Loss dta_tv:  0.0349 Loss dta_proxy:  0.2160 Loss dta_trans:  0.0069 Loss dta_phys:  0.0070 Loss dta_preserve:  0.0049
Time:  0.0735 Epoch: 003 Iter:  600/ 600 LR: 0.0001000000 Loss content:  0.0167 Loss fft:  0.8079 Loss dta_rank:  0.6079 Loss dta_tv:  0.0353 Loss dta_proxy:  0.2048 Loss dta_trans:  0.0078 Loss dta_phys:  0.0066 Loss dta_preserve:  0.0052
EPOCH: 03
Elapsed time: 0.93 Epoch Pixel Loss:  0.0172 Epoch FFT Loss:  0.8226 Epoch DTA Rank:  0.6123 Epoch DTA TV:  0.0361 Epoch DTA Proxy:  0.2098 Epoch DTA Trans:  0.0076 Epoch DTA Phys:  0.0067 Epoch DTA Preserve:  0.0052
/sda/home/wangyuxin/ConvIR-B/envs/convir-cu121/lib/python3.10/site-packages/torch/optim/lr_scheduler.py:1087: UserWarning: To get the last learning rate computed by the scheduler, please use `get_last_lr()`.
  _warn_get_lr_called_within_step(self)
DTA_GATE_RAMP epoch=4 gate_limit=0.030000
Time:  0.0724 Epoch: 004 Iter:   50/ 600 LR: 0.0001000000 Loss content:  0.0173 Loss fft:  0.8219 Loss dta_rank:  0.6105 Loss dta_tv:  0.0353 Loss dta_proxy:  0.2143 Loss dta_trans:  0.0073 Loss dta_phys:  0.0065 Loss dta_preserve:  0.0062
Time:  0.0680 Epoch: 004 Iter:  100/ 600 LR: 0.0001000000 Loss content:  0.0169 Loss fft:  0.7974 Loss dta_rank:  0.6092 Loss dta_tv:  0.0346 Loss dta_proxy:  0.2091 Loss dta_trans:  0.0078 Loss dta_phys:  0.0069 Loss dta_preserve:  0.0044
Time:  0.0652 Epoch: 004 Iter:  150/ 600 LR: 0.0001000000 Loss content:  0.0171 Loss fft:  0.8255 Loss dta_rank:  0.6092 Loss dta_tv:  0.0340 Loss dta_proxy:  0.2065 Loss dta_trans:  0.0070 Loss dta_phys:  0.0066 Loss dta_preserve:  0.0049
Time:  0.0745 Epoch: 004 Iter:  200/ 600 LR: 0.0001000000 Loss content:  0.0175 Loss fft:  0.8329 Loss dta_rank:  0.6082 Loss dta_tv:  0.0349 Loss dta_proxy:  0.2001 Loss dta_trans:  0.0067 Loss dta_phys:  0.0064 Loss dta_preserve:  0.0051
Time:  0.0786 Epoch: 004 Iter:  250/ 600 LR: 0.0001000000 Loss content:  0.0178 Loss fft:  0.8380 Loss dta_rank:  0.6124 Loss dta_tv:  0.0336 Loss dta_proxy:  0.2192 Loss dta_trans:  0.0068 Loss dta_phys:  0.0076 Loss dta_preserve:  0.0055
Time:  0.0745 Epoch: 004 Iter:  300/ 600 LR: 0.0001000000 Loss content:  0.0165 Loss fft:  0.8144 Loss dta_rank:  0.6018 Loss dta_tv:  0.0354 Loss dta_proxy:  0.2097 Loss dta_trans:  0.0076 Loss dta_phys:  0.0067 Loss dta_preserve:  0.0060
Time:  0.0740 Epoch: 004 Iter:  350/ 600 LR: 0.0001000000 Loss content:  0.0172 Loss fft:  0.8255 Loss dta_rank:  0.6061 Loss dta_tv:  0.0341 Loss dta_proxy:  0.2054 Loss dta_trans:  0.0063 Loss dta_phys:  0.0055 Loss dta_preserve:  0.0058
Time:  0.0767 Epoch: 004 Iter:  400/ 600 LR: 0.0001000000 Loss content:  0.0173 Loss fft:  0.8240 Loss dta_rank:  0.6104 Loss dta_tv:  0.0332 Loss dta_proxy:  0.2132 Loss dta_trans:  0.0071 Loss dta_phys:  0.0070 Loss dta_preserve:  0.0056
Time:  0.0783 Epoch: 004 Iter:  450/ 600 LR: 0.0001000000 Loss content:  0.0162 Loss fft:  0.7964 Loss dta_rank:  0.6047 Loss dta_tv:  0.0335 Loss dta_proxy:  0.2076 Loss dta_trans:  0.0063 Loss dta_phys:  0.0067 Loss dta_preserve:  0.0045
Time:  0.0743 Epoch: 004 Iter:  500/ 600 LR: 0.0001000000 Loss content:  0.0172 Loss fft:  0.8215 Loss dta_rank:  0.6099 Loss dta_tv:  0.0330 Loss dta_proxy:  0.2122 Loss dta_trans:  0.0076 Loss dta_phys:  0.0069 Loss dta_preserve:  0.0050
Time:  0.0732 Epoch: 004 Iter:  550/ 600 LR: 0.0001000000 Loss content:  0.0174 Loss fft:  0.8192 Loss dta_rank:  0.6065 Loss dta_tv:  0.0336 Loss dta_proxy:  0.1977 Loss dta_trans:  0.0073 Loss dta_phys:  0.0066 Loss dta_preserve:  0.0047
Time:  0.0723 Epoch: 004 Iter:  600/ 600 LR: 0.0001000000 Loss content:  0.0173 Loss fft:  0.8177 Loss dta_rank:  0.6108 Loss dta_tv:  0.0327 Loss dta_proxy:  0.2208 Loss dta_trans:  0.0070 Loss dta_phys:  0.0067 Loss dta_preserve:  0.0058
EPOCH: 04
Elapsed time: 0.89 Epoch Pixel Loss:  0.0171 Epoch FFT Loss:  0.8195 Epoch DTA Rank:  0.6083 Epoch DTA TV:  0.0340 Epoch DTA Proxy:  0.2097 Epoch DTA Trans:  0.0071 Epoch DTA Phys:  0.0067 Epoch DTA Preserve:  0.0053
DTA_GATE_RAMP epoch=5 gate_limit=0.030000
Time:  0.0817 Epoch: 005 Iter:   50/ 600 LR: 0.0000983215 Loss content:  0.0172 Loss fft:  0.8172 Loss dta_rank:  0.6079 Loss dta_tv:  0.0333 Loss dta_proxy:  0.2025 Loss dta_trans:  0.0071 Loss dta_phys:  0.0064 Loss dta_preserve:  0.0073
Time:  0.0728 Epoch: 005 Iter:  100/ 600 LR: 0.0000983215 Loss content:  0.0171 Loss fft:  0.8199 Loss dta_rank:  0.6057 Loss dta_tv:  0.0323 Loss dta_proxy:  0.2151 Loss dta_trans:  0.0064 Loss dta_phys:  0.0066 Loss dta_preserve:  0.0051
Time:  0.0755 Epoch: 005 Iter:  150/ 600 LR: 0.0000983215 Loss content:  0.0173 Loss fft:  0.8213 Loss dta_rank:  0.6084 Loss dta_tv:  0.0336 Loss dta_proxy:  0.1975 Loss dta_trans:  0.0071 Loss dta_phys:  0.0058 Loss dta_preserve:  0.0050
Time:  0.0778 Epoch: 005 Iter:  200/ 600 LR: 0.0000983215 Loss content:  0.0181 Loss fft:  0.8477 Loss dta_rank:  0.6087 Loss dta_tv:  0.0326 Loss dta_proxy:  0.2147 Loss dta_trans:  0.0058 Loss dta_phys:  0.0064 Loss dta_preserve:  0.0057
Time:  0.0770 Epoch: 005 Iter:  250/ 600 LR: 0.0000983215 Loss content:  0.0171 Loss fft:  0.8029 Loss dta_rank:  0.6083 Loss dta_tv:  0.0330 Loss dta_proxy:  0.2115 Loss dta_trans:  0.0063 Loss dta_phys:  0.0064 Loss dta_preserve:  0.0060
Time:  0.0756 Epoch: 005 Iter:  300/ 600 LR: 0.0000983215 Loss content:  0.0170 Loss fft:  0.8197 Loss dta_rank:  0.6064 Loss dta_tv:  0.0338 Loss dta_proxy:  0.1982 Loss dta_trans:  0.0067 Loss dta_phys:  0.0065 Loss dta_preserve:  0.0052
Time:  0.0761 Epoch: 005 Iter:  350/ 600 LR: 0.0000983215 Loss content:  0.0165 Loss fft:  0.8109 Loss dta_rank:  0.6036 Loss dta_tv:  0.0326 Loss dta_proxy:  0.2049 Loss dta_trans:  0.0062 Loss dta_phys:  0.0070 Loss dta_preserve:  0.0053
Time:  0.0785 Epoch: 005 Iter:  400/ 600 LR: 0.0000983215 Loss content:  0.0171 Loss fft:  0.8092 Loss dta_rank:  0.6058 Loss dta_tv:  0.0319 Loss dta_proxy:  0.2206 Loss dta_trans:  0.0064 Loss dta_phys:  0.0066 Loss dta_preserve:  0.0044
Time:  0.0749 Epoch: 005 Iter:  450/ 600 LR: 0.0000983215 Loss content:  0.0168 Loss fft:  0.8031 Loss dta_rank:  0.6100 Loss dta_tv:  0.0319 Loss dta_proxy:  0.2128 Loss dta_trans:  0.0066 Loss dta_phys:  0.0070 Loss dta_preserve:  0.0044
Time:  0.0768 Epoch: 005 Iter:  500/ 600 LR: 0.0000983215 Loss content:  0.0173 Loss fft:  0.8274 Loss dta_rank:  0.6063 Loss dta_tv:  0.0315 Loss dta_proxy:  0.2107 Loss dta_trans:  0.0065 Loss dta_phys:  0.0066 Loss dta_preserve:  0.0053
Time:  0.0745 Epoch: 005 Iter:  550/ 600 LR: 0.0000983215 Loss content:  0.0175 Loss fft:  0.8381 Loss dta_rank:  0.6094 Loss dta_tv:  0.0326 Loss dta_proxy:  0.2113 Loss dta_trans:  0.0076 Loss dta_phys:  0.0070 Loss dta_preserve:  0.0049
Time:  0.0761 Epoch: 005 Iter:  600/ 600 LR: 0.0000983215 Loss content:  0.0170 Loss fft:  0.8001 Loss dta_rank:  0.6019 Loss dta_tv:  0.0325 Loss dta_proxy:  0.2057 Loss dta_trans:  0.0065 Loss dta_phys:  0.0070 Loss dta_preserve:  0.0050
EPOCH: 05
Elapsed time: 0.92 Epoch Pixel Loss:  0.0172 Epoch FFT Loss:  0.8181 Epoch DTA Rank:  0.6068 Epoch DTA TV:  0.0326 Epoch DTA Proxy:  0.2088 Epoch DTA Trans:  0.0066 Epoch DTA Phys:  0.0066 Epoch DTA Preserve:  0.0053
DTA_GATE_RAMP epoch=6 gate_limit=0.030000
Time:  0.0814 Epoch: 006 Iter:   50/ 600 LR: 0.0000942212 Loss content:  0.0179 Loss fft:  0.8423 Loss dta_rank:  0.6108 Loss dta_tv:  0.0326 Loss dta_proxy:  0.2012 Loss dta_trans:  0.0074 Loss dta_phys:  0.0064 Loss dta_preserve:  0.0056
Time:  0.0744 Epoch: 006 Iter:  100/ 600 LR: 0.0000942212 Loss content:  0.0175 Loss fft:  0.8410 Loss dta_rank:  0.6070 Loss dta_tv:  0.0324 Loss dta_proxy:  0.2173 Loss dta_trans:  0.0063 Loss dta_phys:  0.0069 Loss dta_preserve:  0.0040
Time:  0.0744 Epoch: 006 Iter:  150/ 600 LR: 0.0000942212 Loss content:  0.0173 Loss fft:  0.8405 Loss dta_rank:  0.6051 Loss dta_tv:  0.0318 Loss dta_proxy:  0.2108 Loss dta_trans:  0.0056 Loss dta_phys:  0.0056 Loss dta_preserve:  0.0048
Time:  0.0759 Epoch: 006 Iter:  200/ 600 LR: 0.0000942212 Loss content:  0.0165 Loss fft:  0.8039 Loss dta_rank:  0.6066 Loss dta_tv:  0.0311 Loss dta_proxy:  0.2189 Loss dta_trans:  0.0059 Loss dta_phys:  0.0075 Loss dta_preserve:  0.0056
Time:  0.0771 Epoch: 006 Iter:  250/ 600 LR: 0.0000942212 Loss content:  0.0177 Loss fft:  0.8367 Loss dta_rank:  0.6043 Loss dta_tv:  0.0307 Loss dta_proxy:  0.2143 Loss dta_trans:  0.0066 Loss dta_phys:  0.0060 Loss dta_preserve:  0.0045
Time:  0.0743 Epoch: 006 Iter:  300/ 600 LR: 0.0000942212 Loss content:  0.0168 Loss fft:  0.8129 Loss dta_rank:  0.6041 Loss dta_tv:  0.0318 Loss dta_proxy:  0.2104 Loss dta_trans:  0.0062 Loss dta_phys:  0.0074 Loss dta_preserve:  0.0051
Time:  0.0716 Epoch: 006 Iter:  350/ 600 LR: 0.0000942212 Loss content:  0.0171 Loss fft:  0.8299 Loss dta_rank:  0.6089 Loss dta_tv:  0.0325 Loss dta_proxy:  0.2053 Loss dta_trans:  0.0076 Loss dta_phys:  0.0065 Loss dta_preserve:  0.0058
Time:  0.0721 Epoch: 006 Iter:  400/ 600 LR: 0.0000942212 Loss content:  0.0172 Loss fft:  0.8305 Loss dta_rank:  0.6054 Loss dta_tv:  0.0307 Loss dta_proxy:  0.2093 Loss dta_trans:  0.0069 Loss dta_phys:  0.0062 Loss dta_preserve:  0.0052
Time:  0.0707 Epoch: 006 Iter:  450/ 600 LR: 0.0000942212 Loss content:  0.0171 Loss fft:  0.7944 Loss dta_rank:  0.6039 Loss dta_tv:  0.0325 Loss dta_proxy:  0.2060 Loss dta_trans:  0.0059 Loss dta_phys:  0.0069 Loss dta_preserve:  0.0048
Time:  0.0643 Epoch: 006 Iter:  500/ 600 LR: 0.0000942212 Loss content:  0.0168 Loss fft:  0.8051 Loss dta_rank:  0.6051 Loss dta_tv:  0.0311 Loss dta_proxy:  0.2150 Loss dta_trans:  0.0059 Loss dta_phys:  0.0070 Loss dta_preserve:  0.0058
Time:  0.0766 Epoch: 006 Iter:  550/ 600 LR: 0.0000942212 Loss content:  0.0170 Loss fft:  0.8269 Loss dta_rank:  0.6026 Loss dta_tv:  0.0319 Loss dta_proxy:  0.2144 Loss dta_trans:  0.0063 Loss dta_phys:  0.0067 Loss dta_preserve:  0.0041
Time:  0.0730 Epoch: 006 Iter:  600/ 600 LR: 0.0000942212 Loss content:  0.0175 Loss fft:  0.8024 Loss dta_rank:  0.6111 Loss dta_tv:  0.0321 Loss dta_proxy:  0.2144 Loss dta_trans:  0.0062 Loss dta_phys:  0.0072 Loss dta_preserve:  0.0051
EPOCH: 06
Elapsed time: 0.89 Epoch Pixel Loss:  0.0172 Epoch FFT Loss:  0.8222 Epoch DTA Rank:  0.6062 Epoch DTA TV:  0.0318 Epoch DTA Proxy:  0.2114 Epoch DTA Trans:  0.0064 Epoch DTA Phys:  0.0067 Epoch DTA Preserve:  0.0050
DTA_GATE_RAMP epoch=7 gate_limit=0.030000
Time:  0.0812 Epoch: 007 Iter:   50/ 600 LR: 0.0000886874 Loss content:  0.0173 Loss fft:  0.8539 Loss dta_rank:  0.5983 Loss dta_tv:  0.0326 Loss dta_proxy:  0.1999 Loss dta_trans:  0.0065 Loss dta_phys:  0.0058 Loss dta_preserve:  0.0048
Time:  0.0753 Epoch: 007 Iter:  100/ 600 LR: 0.0000886874 Loss content:  0.0171 Loss fft:  0.8105 Loss dta_rank:  0.6055 Loss dta_tv:  0.0309 Loss dta_proxy:  0.2071 Loss dta_trans:  0.0059 Loss dta_phys:  0.0065 Loss dta_preserve:  0.0044
Time:  0.0728 Epoch: 007 Iter:  150/ 600 LR: 0.0000886874 Loss content:  0.0166 Loss fft:  0.8022 Loss dta_rank:  0.6057 Loss dta_tv:  0.0306 Loss dta_proxy:  0.2157 Loss dta_trans:  0.0060 Loss dta_phys:  0.0079 Loss dta_preserve:  0.0050
Time:  0.0742 Epoch: 007 Iter:  200/ 600 LR: 0.0000886874 Loss content:  0.0175 Loss fft:  0.8415 Loss dta_rank:  0.6023 Loss dta_tv:  0.0320 Loss dta_proxy:  0.2004 Loss dta_trans:  0.0065 Loss dta_phys:  0.0063 Loss dta_preserve:  0.0054
Time:  0.0750 Epoch: 007 Iter:  250/ 600 LR: 0.0000886874 Loss content:  0.0169 Loss fft:  0.8057 Loss dta_rank:  0.6052 Loss dta_tv:  0.0301 Loss dta_proxy:  0.2161 Loss dta_trans:  0.0061 Loss dta_phys:  0.0066 Loss dta_preserve:  0.0041
Time:  0.0739 Epoch: 007 Iter:  300/ 600 LR: 0.0000886874 Loss content:  0.0162 Loss fft:  0.7804 Loss dta_rank:  0.6050 Loss dta_tv:  0.0315 Loss dta_proxy:  0.1970 Loss dta_trans:  0.0079 Loss dta_phys:  0.0070 Loss dta_preserve:  0.0043
Time:  0.0771 Epoch: 007 Iter:  350/ 600 LR: 0.0000886874 Loss content:  0.0181 Loss fft:  0.8288 Loss dta_rank:  0.6058 Loss dta_tv:  0.0306 Loss dta_proxy:  0.2058 Loss dta_trans:  0.0070 Loss dta_phys:  0.0066 Loss dta_preserve:  0.0054
Time:  0.0794 Epoch: 007 Iter:  400/ 600 LR: 0.0000886874 Loss content:  0.0166 Loss fft:  0.8001 Loss dta_rank:  0.6036 Loss dta_tv:  0.0312 Loss dta_proxy:  0.2119 Loss dta_trans:  0.0056 Loss dta_phys:  0.0072 Loss dta_preserve:  0.0046
Time:  0.0741 Epoch: 007 Iter:  450/ 600 LR: 0.0000886874 Loss content:  0.0170 Loss fft:  0.8169 Loss dta_rank:  0.6136 Loss dta_tv:  0.0320 Loss dta_proxy:  0.2100 Loss dta_trans:  0.0066 Loss dta_phys:  0.0069 Loss dta_preserve:  0.0044
Time:  0.0739 Epoch: 007 Iter:  500/ 600 LR: 0.0000886874 Loss content:  0.0175 Loss fft:  0.8214 Loss dta_rank:  0.6035 Loss dta_tv:  0.0309 Loss dta_proxy:  0.2036 Loss dta_trans:  0.0060 Loss dta_phys:  0.0072 Loss dta_preserve:  0.0050
Time:  0.0725 Epoch: 007 Iter:  550/ 600 LR: 0.0000886874 Loss content:  0.0165 Loss fft:  0.8279 Loss dta_rank:  0.6041 Loss dta_tv:  0.0313 Loss dta_proxy:  0.2066 Loss dta_trans:  0.0059 Loss dta_phys:  0.0068 Loss dta_preserve:  0.0056
Time:  0.0719 Epoch: 007 Iter:  600/ 600 LR: 0.0000886874 Loss content:  0.0167 Loss fft:  0.8147 Loss dta_rank:  0.6053 Loss dta_tv:  0.0305 Loss dta_proxy:  0.2042 Loss dta_trans:  0.0054 Loss dta_phys:  0.0066 Loss dta_preserve:  0.0049
EPOCH: 07
Elapsed time: 0.90 Epoch Pixel Loss:  0.0170 Epoch FFT Loss:  0.8170 Epoch DTA Rank:  0.6048 Epoch DTA TV:  0.0312 Epoch DTA Proxy:  0.2065 Epoch DTA Trans:  0.0063 Epoch DTA Phys:  0.0068 Epoch DTA Preserve:  0.0048
DTA_GATE_RAMP epoch=8 gate_limit=0.030000
Time:  0.0834 Epoch: 008 Iter:   50/ 600 LR: 0.0000819070 Loss content:  0.0172 Loss fft:  0.8291 Loss dta_rank:  0.6021 Loss dta_tv:  0.0307 Loss dta_proxy:  0.2089 Loss dta_trans:  0.0055 Loss dta_phys:  0.0061 Loss dta_preserve:  0.0067
Time:  0.0763 Epoch: 008 Iter:  100/ 600 LR: 0.0000819070 Loss content:  0.0171 Loss fft:  0.8042 Loss dta_rank:  0.6021 Loss dta_tv:  0.0307 Loss dta_proxy:  0.2055 Loss dta_trans:  0.0069 Loss dta_phys:  0.0067 Loss dta_preserve:  0.0055
Time:  0.0745 Epoch: 008 Iter:  150/ 600 LR: 0.0000819070 Loss content:  0.0169 Loss fft:  0.7953 Loss dta_rank:  0.6061 Loss dta_tv:  0.0298 Loss dta_proxy:  0.2093 Loss dta_trans:  0.0054 Loss dta_phys:  0.0068 Loss dta_preserve:  0.0057
Time:  0.0742 Epoch: 008 Iter:  200/ 600 LR: 0.0000819070 Loss content:  0.0176 Loss fft:  0.8302 Loss dta_rank:  0.6042 Loss dta_tv:  0.0303 Loss dta_proxy:  0.1996 Loss dta_trans:  0.0060 Loss dta_phys:  0.0066 Loss dta_preserve:  0.0054
Time:  0.0749 Epoch: 008 Iter:  250/ 600 LR: 0.0000819070 Loss content:  0.0169 Loss fft:  0.8105 Loss dta_rank:  0.6021 Loss dta_tv:  0.0304 Loss dta_proxy:  0.1990 Loss dta_trans:  0.0056 Loss dta_phys:  0.0065 Loss dta_preserve:  0.0048
Time:  0.0733 Epoch: 008 Iter:  300/ 600 LR: 0.0000819070 Loss content:  0.0171 Loss fft:  0.8258 Loss dta_rank:  0.6101 Loss dta_tv:  0.0302 Loss dta_proxy:  0.2110 Loss dta_trans:  0.0070 Loss dta_phys:  0.0074 Loss dta_preserve:  0.0049
Time:  0.0765 Epoch: 008 Iter:  350/ 600 LR: 0.0000819070 Loss content:  0.0171 Loss fft:  0.8335 Loss dta_rank:  0.6057 Loss dta_tv:  0.0311 Loss dta_proxy:  0.1998 Loss dta_trans:  0.0065 Loss dta_phys:  0.0063 Loss dta_preserve:  0.0053
Time:  0.0736 Epoch: 008 Iter:  400/ 600 LR: 0.0000819070 Loss content:  0.0179 Loss fft:  0.8267 Loss dta_rank:  0.6052 Loss dta_tv:  0.0311 Loss dta_proxy:  0.1984 Loss dta_trans:  0.0067 Loss dta_phys:  0.0069 Loss dta_preserve:  0.0052
Time:  0.0776 Epoch: 008 Iter:  450/ 600 LR: 0.0000819070 Loss content:  0.0171 Loss fft:  0.8196 Loss dta_rank:  0.6099 Loss dta_tv:  0.0300 Loss dta_proxy:  0.2005 Loss dta_trans:  0.0059 Loss dta_phys:  0.0072 Loss dta_preserve:  0.0046
Time:  0.0752 Epoch: 008 Iter:  500/ 600 LR: 0.0000819070 Loss content:  0.0170 Loss fft:  0.8025 Loss dta_rank:  0.6024 Loss dta_tv:  0.0307 Loss dta_proxy:  0.1967 Loss dta_trans:  0.0057 Loss dta_phys:  0.0067 Loss dta_preserve:  0.0049
Time:  0.0767 Epoch: 008 Iter:  550/ 600 LR: 0.0000819070 Loss content:  0.0164 Loss fft:  0.7982 Loss dta_rank:  0.6066 Loss dta_tv:  0.0302 Loss dta_proxy:  0.2047 Loss dta_trans:  0.0062 Loss dta_phys:  0.0069 Loss dta_preserve:  0.0050
Time:  0.0746 Epoch: 008 Iter:  600/ 600 LR: 0.0000819070 Loss content:  0.0170 Loss fft:  0.8365 Loss dta_rank:  0.6052 Loss dta_tv:  0.0317 Loss dta_proxy:  0.1987 Loss dta_trans:  0.0071 Loss dta_phys:  0.0064 Loss dta_preserve:  0.0054
EPOCH: 08
Elapsed time: 0.91 Epoch Pixel Loss:  0.0171 Epoch FFT Loss:  0.8177 Epoch DTA Rank:  0.6051 Epoch DTA TV:  0.0306 Epoch DTA Proxy:  0.2027 Epoch DTA Trans:  0.0062 Epoch DTA Phys:  0.0067 Epoch DTA Preserve:  0.0053
DTA_GATE_RAMP epoch=9 gate_limit=0.060000
Time:  0.0786 Epoch: 009 Iter:   50/ 600 LR: 0.0000741093 Loss content:  0.0160 Loss fft:  0.7772 Loss dta_rank:  0.6017 Loss dta_tv:  0.0307 Loss dta_proxy:  0.1918 Loss dta_trans:  0.0060 Loss dta_phys:  0.0066 Loss dta_preserve:  0.0041
Time:  0.0760 Epoch: 009 Iter:  100/ 600 LR: 0.0000741093 Loss content:  0.0181 Loss fft:  0.8498 Loss dta_rank:  0.6037 Loss dta_tv:  0.0294 Loss dta_proxy:  0.2130 Loss dta_trans:  0.0062 Loss dta_phys:  0.0073 Loss dta_preserve:  0.0052
Time:  0.0722 Epoch: 009 Iter:  150/ 600 LR: 0.0000741093 Loss content:  0.0167 Loss fft:  0.7816 Loss dta_rank:  0.6030 Loss dta_tv:  0.0304 Loss dta_proxy:  0.1972 Loss dta_trans:  0.0064 Loss dta_phys:  0.0073 Loss dta_preserve:  0.0045
Time:  0.0766 Epoch: 009 Iter:  200/ 600 LR: 0.0000741093 Loss content:  0.0174 Loss fft:  0.8374 Loss dta_rank:  0.6016 Loss dta_tv:  0.0300 Loss dta_proxy:  0.1995 Loss dta_trans:  0.0066 Loss dta_phys:  0.0065 Loss dta_preserve:  0.0059
Time:  0.0770 Epoch: 009 Iter:  250/ 600 LR: 0.0000741093 Loss content:  0.0178 Loss fft:  0.8286 Loss dta_rank:  0.6057 Loss dta_tv:  0.0301 Loss dta_proxy:  0.2011 Loss dta_trans:  0.0060 Loss dta_phys:  0.0066 Loss dta_preserve:  0.0048
Time:  0.0746 Epoch: 009 Iter:  300/ 600 LR: 0.0000741093 Loss content:  0.0168 Loss fft:  0.7956 Loss dta_rank:  0.6082 Loss dta_tv:  0.0302 Loss dta_proxy:  0.2022 Loss dta_trans:  0.0063 Loss dta_phys:  0.0065 Loss dta_preserve:  0.0043
Time:  0.0667 Epoch: 009 Iter:  350/ 600 LR: 0.0000741093 Loss content:  0.0183 Loss fft:  0.8718 Loss dta_rank:  0.5963 Loss dta_tv:  0.0313 Loss dta_proxy:  0.1965 Loss dta_trans:  0.0066 Loss dta_phys:  0.0058 Loss dta_preserve:  0.0048
Time:  0.0770 Epoch: 009 Iter:  400/ 600 LR: 0.0000741093 Loss content:  0.0172 Loss fft:  0.8204 Loss dta_rank:  0.6090 Loss dta_tv:  0.0298 Loss dta_proxy:  0.2023 Loss dta_trans:  0.0068 Loss dta_phys:  0.0068 Loss dta_preserve:  0.0066
Time:  0.0776 Epoch: 009 Iter:  450/ 600 LR: 0.0000741093 Loss content:  0.0172 Loss fft:  0.7986 Loss dta_rank:  0.6057 Loss dta_tv:  0.0287 Loss dta_proxy:  0.2050 Loss dta_trans:  0.0064 Loss dta_phys:  0.0066 Loss dta_preserve:  0.0040
Time:  0.0727 Epoch: 009 Iter:  500/ 600 LR: 0.0000741093 Loss content:  0.0173 Loss fft:  0.8406 Loss dta_rank:  0.6044 Loss dta_tv:  0.0296 Loss dta_proxy:  0.1919 Loss dta_trans:  0.0052 Loss dta_phys:  0.0067 Loss dta_preserve:  0.0053
Time:  0.0751 Epoch: 009 Iter:  550/ 600 LR: 0.0000741093 Loss content:  0.0167 Loss fft:  0.7991 Loss dta_rank:  0.6058 Loss dta_tv:  0.0303 Loss dta_proxy:  0.2017 Loss dta_trans:  0.0053 Loss dta_phys:  0.0065 Loss dta_preserve:  0.0047
Time:  0.0774 Epoch: 009 Iter:  600/ 600 LR: 0.0000741093 Loss content:  0.0169 Loss fft:  0.8137 Loss dta_rank:  0.5979 Loss dta_tv:  0.0301 Loss dta_proxy:  0.1975 Loss dta_trans:  0.0068 Loss dta_phys:  0.0070 Loss dta_preserve:  0.0063
EPOCH: 09
Elapsed time: 0.90 Epoch Pixel Loss:  0.0172 Epoch FFT Loss:  0.8179 Epoch DTA Rank:  0.6036 Epoch DTA TV:  0.0301 Epoch DTA Proxy:  0.2000 Epoch DTA Trans:  0.0062 Epoch DTA Phys:  0.0067 Epoch DTA Preserve:  0.0050
DTA_GATE_RAMP epoch=10 gate_limit=0.060000
Time:  0.0809 Epoch: 010 Iter:   50/ 600 LR: 0.0000655580 Loss content:  0.0171 Loss fft:  0.8128 Loss dta_rank:  0.6119 Loss dta_tv:  0.0305 Loss dta_proxy:  0.1945 Loss dta_trans:  0.0078 Loss dta_phys:  0.0072 Loss dta_preserve:  0.0053
Time:  0.0755 Epoch: 010 Iter:  100/ 600 LR: 0.0000655580 Loss content:  0.0164 Loss fft:  0.8105 Loss dta_rank:  0.6025 Loss dta_tv:  0.0296 Loss dta_proxy:  0.1882 Loss dta_trans:  0.0055 Loss dta_phys:  0.0063 Loss dta_preserve:  0.0053
Time:  0.0770 Epoch: 010 Iter:  150/ 600 LR: 0.0000655580 Loss content:  0.0177 Loss fft:  0.8174 Loss dta_rank:  0.6020 Loss dta_tv:  0.0303 Loss dta_proxy:  0.1910 Loss dta_trans:  0.0068 Loss dta_phys:  0.0066 Loss dta_preserve:  0.0053
Time:  0.0723 Epoch: 010 Iter:  200/ 600 LR: 0.0000655580 Loss content:  0.0172 Loss fft:  0.8180 Loss dta_rank:  0.6031 Loss dta_tv:  0.0299 Loss dta_proxy:  0.1918 Loss dta_trans:  0.0056 Loss dta_phys:  0.0070 Loss dta_preserve:  0.0066
Time:  0.0730 Epoch: 010 Iter:  250/ 600 LR: 0.0000655580 Loss content:  0.0166 Loss fft:  0.7906 Loss dta_rank:  0.6028 Loss dta_tv:  0.0302 Loss dta_proxy:  0.1963 Loss dta_trans:  0.0061 Loss dta_phys:  0.0067 Loss dta_preserve:  0.0040
Time:  0.0755 Epoch: 010 Iter:  300/ 600 LR: 0.0000655580 Loss content:  0.0167 Loss fft:  0.8184 Loss dta_rank:  0.6071 Loss dta_tv:  0.0303 Loss dta_proxy:  0.1975 Loss dta_trans:  0.0060 Loss dta_phys:  0.0062 Loss dta_preserve:  0.0040
Time:  0.0761 Epoch: 010 Iter:  350/ 600 LR: 0.0000655580 Loss content:  0.0178 Loss fft:  0.8322 Loss dta_rank:  0.6032 Loss dta_tv:  0.0303 Loss dta_proxy:  0.1874 Loss dta_trans:  0.0063 Loss dta_phys:  0.0072 Loss dta_preserve:  0.0049
Time:  0.0721 Epoch: 010 Iter:  400/ 600 LR: 0.0000655580 Loss content:  0.0175 Loss fft:  0.8385 Loss dta_rank:  0.5965 Loss dta_tv:  0.0297 Loss dta_proxy:  0.1904 Loss dta_trans:  0.0055 Loss dta_phys:  0.0062 Loss dta_preserve:  0.0053
Time:  0.0792 Epoch: 010 Iter:  450/ 600 LR: 0.0000655580 Loss content:  0.0171 Loss fft:  0.8316 Loss dta_rank:  0.6011 Loss dta_tv:  0.0290 Loss dta_proxy:  0.2071 Loss dta_trans:  0.0058 Loss dta_phys:  0.0066 Loss dta_preserve:  0.0057
Time:  0.0749 Epoch: 010 Iter:  500/ 600 LR: 0.0000655580 Loss content:  0.0165 Loss fft:  0.7951 Loss dta_rank:  0.6001 Loss dta_tv:  0.0298 Loss dta_proxy:  0.1940 Loss dta_trans:  0.0054 Loss dta_phys:  0.0067 Loss dta_preserve:  0.0046
Time:  0.0757 Epoch: 010 Iter:  550/ 600 LR: 0.0000655580 Loss content:  0.0167 Loss fft:  0.8092 Loss dta_rank:  0.5972 Loss dta_tv:  0.0296 Loss dta_proxy:  0.1968 Loss dta_trans:  0.0064 Loss dta_phys:  0.0071 Loss dta_preserve:  0.0053
Time:  0.0726 Epoch: 010 Iter:  600/ 600 LR: 0.0000655580 Loss content:  0.0173 Loss fft:  0.8071 Loss dta_rank:  0.6028 Loss dta_tv:  0.0298 Loss dta_proxy:  0.1953 Loss dta_trans:  0.0054 Loss dta_phys:  0.0067 Loss dta_preserve:  0.0049
EPOCH: 10
Elapsed time: 0.91 Epoch Pixel Loss:  0.0170 Epoch FFT Loss:  0.8151 Epoch DTA Rank:  0.6025 Epoch DTA TV:  0.0299 Epoch DTA Proxy:  0.1942 Epoch DTA Trans:  0.0060 Epoch DTA Phys:  0.0067 Epoch DTA Preserve:  0.0051
DTA_GATE_RAMP epoch=11 gate_limit=0.060000
Time:  0.0833 Epoch: 011 Iter:   50/ 600 LR: 0.0000565424 Loss content:  0.0172 Loss fft:  0.8338 Loss dta_rank:  0.6019 Loss dta_tv:  0.0305 Loss dta_proxy:  0.1911 Loss dta_trans:  0.0067 Loss dta_phys:  0.0065 Loss dta_preserve:  0.0056
Time:  0.0768 Epoch: 011 Iter:  100/ 600 LR: 0.0000565424 Loss content:  0.0171 Loss fft:  0.8202 Loss dta_rank:  0.6032 Loss dta_tv:  0.0294 Loss dta_proxy:  0.2011 Loss dta_trans:  0.0055 Loss dta_phys:  0.0070 Loss dta_preserve:  0.0065
Time:  0.0709 Epoch: 011 Iter:  150/ 600 LR: 0.0000565424 Loss content:  0.0169 Loss fft:  0.8123 Loss dta_rank:  0.6018 Loss dta_tv:  0.0293 Loss dta_proxy:  0.1955 Loss dta_trans:  0.0054 Loss dta_phys:  0.0062 Loss dta_preserve:  0.0063
Time:  0.0679 Epoch: 011 Iter:  200/ 600 LR: 0.0000565424 Loss content:  0.0167 Loss fft:  0.8128 Loss dta_rank:  0.5998 Loss dta_tv:  0.0302 Loss dta_proxy:  0.1937 Loss dta_trans:  0.0065 Loss dta_phys:  0.0069 Loss dta_preserve:  0.0061
Time:  0.0730 Epoch: 011 Iter:  250/ 600 LR: 0.0000565424 Loss content:  0.0168 Loss fft:  0.8170 Loss dta_rank:  0.5957 Loss dta_tv:  0.0286 Loss dta_proxy:  0.2027 Loss dta_trans:  0.0047 Loss dta_phys:  0.0068 Loss dta_preserve:  0.0055
Time:  0.0748 Epoch: 011 Iter:  300/ 600 LR: 0.0000565424 Loss content:  0.0172 Loss fft:  0.8407 Loss dta_rank:  0.5999 Loss dta_tv:  0.0306 Loss dta_proxy:  0.1943 Loss dta_trans:  0.0058 Loss dta_phys:  0.0074 Loss dta_preserve:  0.0061
Time:  0.0676 Epoch: 011 Iter:  350/ 600 LR: 0.0000565424 Loss content:  0.0178 Loss fft:  0.8211 Loss dta_rank:  0.6064 Loss dta_tv:  0.0286 Loss dta_proxy:  0.2097 Loss dta_trans:  0.0062 Loss dta_phys:  0.0072 Loss dta_preserve:  0.0062
Time:  0.0662 Epoch: 011 Iter:  400/ 600 LR: 0.0000565424 Loss content:  0.0164 Loss fft:  0.8076 Loss dta_rank:  0.6074 Loss dta_tv:  0.0299 Loss dta_proxy:  0.1975 Loss dta_trans:  0.0054 Loss dta_phys:  0.0064 Loss dta_preserve:  0.0040
Time:  0.0650 Epoch: 011 Iter:  450/ 600 LR: 0.0000565424 Loss content:  0.0175 Loss fft:  0.8361 Loss dta_rank:  0.6051 Loss dta_tv:  0.0293 Loss dta_proxy:  0.1936 Loss dta_trans:  0.0058 Loss dta_phys:  0.0062 Loss dta_preserve:  0.0054
Time:  0.0730 Epoch: 011 Iter:  500/ 600 LR: 0.0000565424 Loss content:  0.0170 Loss fft:  0.8031 Loss dta_rank:  0.6034 Loss dta_tv:  0.0295 Loss dta_proxy:  0.1960 Loss dta_trans:  0.0061 Loss dta_phys:  0.0067 Loss dta_preserve:  0.0051
Time:  0.0787 Epoch: 011 Iter:  550/ 600 LR: 0.0000565424 Loss content:  0.0171 Loss fft:  0.8166 Loss dta_rank:  0.6033 Loss dta_tv:  0.0299 Loss dta_proxy:  0.1925 Loss dta_trans:  0.0062 Loss dta_phys:  0.0060 Loss dta_preserve:  0.0046
Time:  0.0752 Epoch: 011 Iter:  600/ 600 LR: 0.0000565424 Loss content:  0.0170 Loss fft:  0.8159 Loss dta_rank:  0.6006 Loss dta_tv:  0.0290 Loss dta_proxy:  0.1902 Loss dta_trans:  0.0066 Loss dta_phys:  0.0067 Loss dta_preserve:  0.0060
EPOCH: 11
Elapsed time: 0.88 Epoch Pixel Loss:  0.0171 Epoch FFT Loss:  0.8198 Epoch DTA Rank:  0.6024 Epoch DTA TV:  0.0296 Epoch DTA Proxy:  0.1965 Epoch DTA Trans:  0.0059 Epoch DTA Phys:  0.0067 Epoch DTA Preserve:  0.0056
DTA_GATE_RAMP epoch=12 gate_limit=0.060000
Time:  0.0805 Epoch: 012 Iter:   50/ 600 LR: 0.0000473670 Loss content:  0.0171 Loss fft:  0.8289 Loss dta_rank:  0.6008 Loss dta_tv:  0.0282 Loss dta_proxy:  0.1964 Loss dta_trans:  0.0055 Loss dta_phys:  0.0067 Loss dta_preserve:  0.0047
Time:  0.0766 Epoch: 012 Iter:  100/ 600 LR: 0.0000473670 Loss content:  0.0162 Loss fft:  0.7844 Loss dta_rank:  0.6085 Loss dta_tv:  0.0291 Loss dta_proxy:  0.1927 Loss dta_trans:  0.0052 Loss dta_phys:  0.0065 Loss dta_preserve:  0.0045
Time:  0.0750 Epoch: 012 Iter:  150/ 600 LR: 0.0000473670 Loss content:  0.0172 Loss fft:  0.7994 Loss dta_rank:  0.6052 Loss dta_tv:  0.0296 Loss dta_proxy:  0.2036 Loss dta_trans:  0.0060 Loss dta_phys:  0.0073 Loss dta_preserve:  0.0047
Time:  0.0768 Epoch: 012 Iter:  200/ 600 LR: 0.0000473670 Loss content:  0.0174 Loss fft:  0.7972 Loss dta_rank:  0.6069 Loss dta_tv:  0.0304 Loss dta_proxy:  0.2015 Loss dta_trans:  0.0069 Loss dta_phys:  0.0070 Loss dta_preserve:  0.0059
Time:  0.0717 Epoch: 012 Iter:  250/ 600 LR: 0.0000473670 Loss content:  0.0172 Loss fft:  0.8070 Loss dta_rank:  0.6034 Loss dta_tv:  0.0291 Loss dta_proxy:  0.1958 Loss dta_trans:  0.0059 Loss dta_phys:  0.0070 Loss dta_preserve:  0.0052
Time:  0.0731 Epoch: 012 Iter:  300/ 600 LR: 0.0000473670 Loss content:  0.0181 Loss fft:  0.7911 Loss dta_rank:  0.6064 Loss dta_tv:  0.0302 Loss dta_proxy:  0.1905 Loss dta_trans:  0.0070 Loss dta_phys:  0.0065 Loss dta_preserve:  0.0057
Time:  0.0746 Epoch: 012 Iter:  350/ 600 LR: 0.0000473670 Loss content:  0.0166 Loss fft:  0.8050 Loss dta_rank:  0.6017 Loss dta_tv:  0.0299 Loss dta_proxy:  0.1928 Loss dta_trans:  0.0063 Loss dta_phys:  0.0071 Loss dta_preserve:  0.0057
Time:  0.0760 Epoch: 012 Iter:  400/ 600 LR: 0.0000473670 Loss content:  0.0166 Loss fft:  0.8310 Loss dta_rank:  0.6006 Loss dta_tv:  0.0298 Loss dta_proxy:  0.1898 Loss dta_trans:  0.0050 Loss dta_phys:  0.0056 Loss dta_preserve:  0.0045
Time:  0.0739 Epoch: 012 Iter:  450/ 600 LR: 0.0000473670 Loss content:  0.0173 Loss fft:  0.8253 Loss dta_rank:  0.5999 Loss dta_tv:  0.0298 Loss dta_proxy:  0.1969 Loss dta_trans:  0.0058 Loss dta_phys:  0.0069 Loss dta_preserve:  0.0040
Time:  0.0741 Epoch: 012 Iter:  500/ 600 LR: 0.0000473670 Loss content:  0.0175 Loss fft:  0.8355 Loss dta_rank:  0.5989 Loss dta_tv:  0.0290 Loss dta_proxy:  0.1941 Loss dta_trans:  0.0053 Loss dta_phys:  0.0067 Loss dta_preserve:  0.0057
Time:  0.0769 Epoch: 012 Iter:  550/ 600 LR: 0.0000473670 Loss content:  0.0171 Loss fft:  0.8269 Loss dta_rank:  0.6025 Loss dta_tv:  0.0290 Loss dta_proxy:  0.1959 Loss dta_trans:  0.0061 Loss dta_phys:  0.0063 Loss dta_preserve:  0.0049
Time:  0.0737 Epoch: 012 Iter:  600/ 600 LR: 0.0000473670 Loss content:  0.0172 Loss fft:  0.8386 Loss dta_rank:  0.6014 Loss dta_tv:  0.0286 Loss dta_proxy:  0.1939 Loss dta_trans:  0.0057 Loss dta_phys:  0.0066 Loss dta_preserve:  0.0058
EPOCH: 12
Elapsed time: 0.91 Epoch Pixel Loss:  0.0171 Epoch FFT Loss:  0.8142 Epoch DTA Rank:  0.6030 Epoch DTA TV:  0.0294 Epoch DTA Proxy:  0.1953 Epoch DTA Trans:  0.0059 Epoch DTA Phys:  0.0067 Epoch DTA Preserve:  0.0051
DTA_GATE_RAMP epoch=13 gate_limit=0.060000
Time:  0.0805 Epoch: 013 Iter:   50/ 600 LR: 0.0000383414 Loss content:  0.0168 Loss fft:  0.8046 Loss dta_rank:  0.5997 Loss dta_tv:  0.0304 Loss dta_proxy:  0.1849 Loss dta_trans:  0.0057 Loss dta_phys:  0.0064 Loss dta_preserve:  0.0054
Time:  0.0761 Epoch: 013 Iter:  100/ 600 LR: 0.0000383414 Loss content:  0.0168 Loss fft:  0.8083 Loss dta_rank:  0.6010 Loss dta_tv:  0.0302 Loss dta_proxy:  0.2006 Loss dta_trans:  0.0062 Loss dta_phys:  0.0068 Loss dta_preserve:  0.0056
Time:  0.0775 Epoch: 013 Iter:  150/ 600 LR: 0.0000383414 Loss content:  0.0172 Loss fft:  0.8096 Loss dta_rank:  0.6076 Loss dta_tv:  0.0277 Loss dta_proxy:  0.2158 Loss dta_trans:  0.0055 Loss dta_phys:  0.0067 Loss dta_preserve:  0.0035
Time:  0.0782 Epoch: 013 Iter:  200/ 600 LR: 0.0000383414 Loss content:  0.0172 Loss fft:  0.8356 Loss dta_rank:  0.6015 Loss dta_tv:  0.0300 Loss dta_proxy:  0.1915 Loss dta_trans:  0.0049 Loss dta_phys:  0.0070 Loss dta_preserve:  0.0045
Time:  0.0731 Epoch: 013 Iter:  250/ 600 LR: 0.0000383414 Loss content:  0.0169 Loss fft:  0.8002 Loss dta_rank:  0.6003 Loss dta_tv:  0.0290 Loss dta_proxy:  0.2017 Loss dta_trans:  0.0057 Loss dta_phys:  0.0067 Loss dta_preserve:  0.0043
Time:  0.0692 Epoch: 013 Iter:  300/ 600 LR: 0.0000383414 Loss content:  0.0168 Loss fft:  0.8011 Loss dta_rank:  0.5996 Loss dta_tv:  0.0291 Loss dta_proxy:  0.1931 Loss dta_trans:  0.0060 Loss dta_phys:  0.0064 Loss dta_preserve:  0.0054
Time:  0.0720 Epoch: 013 Iter:  350/ 600 LR: 0.0000383414 Loss content:  0.0167 Loss fft:  0.8061 Loss dta_rank:  0.6039 Loss dta_tv:  0.0297 Loss dta_proxy:  0.1893 Loss dta_trans:  0.0067 Loss dta_phys:  0.0070 Loss dta_preserve:  0.0052
Time:  0.0738 Epoch: 013 Iter:  400/ 600 LR: 0.0000383414 Loss content:  0.0171 Loss fft:  0.7803 Loss dta_rank:  0.6036 Loss dta_tv:  0.0289 Loss dta_proxy:  0.1934 Loss dta_trans:  0.0063 Loss dta_phys:  0.0074 Loss dta_preserve:  0.0054
Time:  0.0676 Epoch: 013 Iter:  450/ 600 LR: 0.0000383414 Loss content:  0.0176 Loss fft:  0.8418 Loss dta_rank:  0.6042 Loss dta_tv:  0.0293 Loss dta_proxy:  0.1966 Loss dta_trans:  0.0061 Loss dta_phys:  0.0072 Loss dta_preserve:  0.0060
Time:  0.0645 Epoch: 013 Iter:  500/ 600 LR: 0.0000383414 Loss content:  0.0174 Loss fft:  0.8518 Loss dta_rank:  0.6037 Loss dta_tv:  0.0295 Loss dta_proxy:  0.1969 Loss dta_trans:  0.0057 Loss dta_phys:  0.0060 Loss dta_preserve:  0.0038
Time:  0.0651 Epoch: 013 Iter:  550/ 600 LR: 0.0000383414 Loss content:  0.0175 Loss fft:  0.8315 Loss dta_rank:  0.6066 Loss dta_tv:  0.0292 Loss dta_proxy:  0.1951 Loss dta_trans:  0.0059 Loss dta_phys:  0.0068 Loss dta_preserve:  0.0060
Time:  0.0633 Epoch: 013 Iter:  600/ 600 LR: 0.0000383414 Loss content:  0.0165 Loss fft:  0.8122 Loss dta_rank:  0.5983 Loss dta_tv:  0.0296 Loss dta_proxy:  0.1889 Loss dta_trans:  0.0066 Loss dta_phys:  0.0068 Loss dta_preserve:  0.0062
EPOCH: 13
Elapsed time: 0.86 Epoch Pixel Loss:  0.0171 Epoch FFT Loss:  0.8153 Epoch DTA Rank:  0.6025 Epoch DTA TV:  0.0294 Epoch DTA Proxy:  0.1957 Epoch DTA Trans:  0.0059 Epoch DTA Phys:  0.0068 Epoch DTA Preserve:  0.0051
DTA_GATE_RAMP epoch=14 gate_limit=0.060000
Time:  0.0813 Epoch: 014 Iter:   50/ 600 LR: 0.0000297690 Loss content:  0.0166 Loss fft:  0.8068 Loss dta_rank:  0.6027 Loss dta_tv:  0.0291 Loss dta_proxy:  0.1997 Loss dta_trans:  0.0048 Loss dta_phys:  0.0070 Loss dta_preserve:  0.0040
Time:  0.0770 Epoch: 014 Iter:  100/ 600 LR: 0.0000297690 Loss content:  0.0167 Loss fft:  0.8188 Loss dta_rank:  0.5986 Loss dta_tv:  0.0301 Loss dta_proxy:  0.1806 Loss dta_trans:  0.0061 Loss dta_phys:  0.0063 Loss dta_preserve:  0.0044
Time:  0.0746 Epoch: 014 Iter:  150/ 600 LR: 0.0000297690 Loss content:  0.0166 Loss fft:  0.8108 Loss dta_rank:  0.5975 Loss dta_tv:  0.0299 Loss dta_proxy:  0.1861 Loss dta_trans:  0.0061 Loss dta_phys:  0.0066 Loss dta_preserve:  0.0061
Time:  0.0723 Epoch: 014 Iter:  200/ 600 LR: 0.0000297690 Loss content:  0.0158 Loss fft:  0.7779 Loss dta_rank:  0.6007 Loss dta_tv:  0.0289 Loss dta_proxy:  0.1986 Loss dta_trans:  0.0051 Loss dta_phys:  0.0062 Loss dta_preserve:  0.0049
Time:  0.0721 Epoch: 014 Iter:  250/ 600 LR: 0.0000297690 Loss content:  0.0175 Loss fft:  0.8364 Loss dta_rank:  0.6015 Loss dta_tv:  0.0288 Loss dta_proxy:  0.1994 Loss dta_trans:  0.0053 Loss dta_phys:  0.0066 Loss dta_preserve:  0.0057
Time:  0.0739 Epoch: 014 Iter:  300/ 600 LR: 0.0000297690 Loss content:  0.0171 Loss fft:  0.8136 Loss dta_rank:  0.6095 Loss dta_tv:  0.0291 Loss dta_proxy:  0.1969 Loss dta_trans:  0.0064 Loss dta_phys:  0.0071 Loss dta_preserve:  0.0059
Time:  0.0744 Epoch: 014 Iter:  350/ 600 LR: 0.0000297690 Loss content:  0.0176 Loss fft:  0.8211 Loss dta_rank:  0.6056 Loss dta_tv:  0.0291 Loss dta_proxy:  0.1904 Loss dta_trans:  0.0064 Loss dta_phys:  0.0065 Loss dta_preserve:  0.0056
Time:  0.0749 Epoch: 014 Iter:  400/ 600 LR: 0.0000297690 Loss content:  0.0173 Loss fft:  0.8342 Loss dta_rank:  0.6019 Loss dta_tv:  0.0287 Loss dta_proxy:  0.2032 Loss dta_trans:  0.0059 Loss dta_phys:  0.0070 Loss dta_preserve:  0.0046
Time:  0.0721 Epoch: 014 Iter:  450/ 600 LR: 0.0000297690 Loss content:  0.0170 Loss fft:  0.8269 Loss dta_rank:  0.6022 Loss dta_tv:  0.0294 Loss dta_proxy:  0.1887 Loss dta_trans:  0.0055 Loss dta_phys:  0.0063 Loss dta_preserve:  0.0051
Time:  0.0702 Epoch: 014 Iter:  500/ 600 LR: 0.0000297690 Loss content:  0.0162 Loss fft:  0.7872 Loss dta_rank:  0.6029 Loss dta_tv:  0.0296 Loss dta_proxy:  0.1965 Loss dta_trans:  0.0066 Loss dta_phys:  0.0071 Loss dta_preserve:  0.0043
Time:  0.0758 Epoch: 014 Iter:  550/ 600 LR: 0.0000297690 Loss content:  0.0166 Loss fft:  0.8011 Loss dta_rank:  0.6036 Loss dta_tv:  0.0293 Loss dta_proxy:  0.2045 Loss dta_trans:  0.0058 Loss dta_phys:  0.0070 Loss dta_preserve:  0.0060
Time:  0.0772 Epoch: 014 Iter:  600/ 600 LR: 0.0000297690 Loss content:  0.0176 Loss fft:  0.8180 Loss dta_rank:  0.6064 Loss dta_tv:  0.0290 Loss dta_proxy:  0.1944 Loss dta_trans:  0.0065 Loss dta_phys:  0.0060 Loss dta_preserve:  0.0050
EPOCH: 14
Elapsed time: 0.90 Epoch Pixel Loss:  0.0169 Epoch FFT Loss:  0.8127 Epoch DTA Rank:  0.6027 Epoch DTA TV:  0.0293 Epoch DTA Proxy:  0.1949 Epoch DTA Trans:  0.0059 Epoch DTA Phys:  0.0067 Epoch DTA Preserve:  0.0051
DTA_GATE_RAMP epoch=15 gate_limit=0.060000
Time:  0.0782 Epoch: 015 Iter:   50/ 600 LR: 0.0000219361 Loss content:  0.0178 Loss fft:  0.8301 Loss dta_rank:  0.6030 Loss dta_tv:  0.0284 Loss dta_proxy:  0.2077 Loss dta_trans:  0.0050 Loss dta_phys:  0.0063 Loss dta_preserve:  0.0047
Time:  0.0772 Epoch: 015 Iter:  100/ 600 LR: 0.0000219361 Loss content:  0.0175 Loss fft:  0.8262 Loss dta_rank:  0.6058 Loss dta_tv:  0.0287 Loss dta_proxy:  0.2019 Loss dta_trans:  0.0060 Loss dta_phys:  0.0069 Loss dta_preserve:  0.0071
Time:  0.0725 Epoch: 015 Iter:  150/ 600 LR: 0.0000219361 Loss content:  0.0170 Loss fft:  0.8281 Loss dta_rank:  0.6005 Loss dta_tv:  0.0298 Loss dta_proxy:  0.1857 Loss dta_trans:  0.0058 Loss dta_phys:  0.0062 Loss dta_preserve:  0.0043
Time:  0.0732 Epoch: 015 Iter:  200/ 600 LR: 0.0000219361 Loss content:  0.0172 Loss fft:  0.8186 Loss dta_rank:  0.5945 Loss dta_tv:  0.0285 Loss dta_proxy:  0.1918 Loss dta_trans:  0.0053 Loss dta_phys:  0.0069 Loss dta_preserve:  0.0047
Time:  0.0748 Epoch: 015 Iter:  250/ 600 LR: 0.0000219361 Loss content:  0.0163 Loss fft:  0.7891 Loss dta_rank:  0.6066 Loss dta_tv:  0.0291 Loss dta_proxy:  0.1970 Loss dta_trans:  0.0065 Loss dta_phys:  0.0070 Loss dta_preserve:  0.0055
Time:  0.0722 Epoch: 015 Iter:  300/ 600 LR: 0.0000219361 Loss content:  0.0170 Loss fft:  0.8104 Loss dta_rank:  0.5997 Loss dta_tv:  0.0287 Loss dta_proxy:  0.2012 Loss dta_trans:  0.0052 Loss dta_phys:  0.0073 Loss dta_preserve:  0.0051
Time:  0.0743 Epoch: 015 Iter:  350/ 600 LR: 0.0000219361 Loss content:  0.0177 Loss fft:  0.8452 Loss dta_rank:  0.5982 Loss dta_tv:  0.0281 Loss dta_proxy:  0.2102 Loss dta_trans:  0.0052 Loss dta_phys:  0.0061 Loss dta_preserve:  0.0056
Time:  0.0746 Epoch: 015 Iter:  400/ 600 LR: 0.0000219361 Loss content:  0.0168 Loss fft:  0.7963 Loss dta_rank:  0.6058 Loss dta_tv:  0.0297 Loss dta_proxy:  0.1907 Loss dta_trans:  0.0064 Loss dta_phys:  0.0068 Loss dta_preserve:  0.0046
Time:  0.0735 Epoch: 015 Iter:  450/ 600 LR: 0.0000219361 Loss content:  0.0170 Loss fft:  0.8224 Loss dta_rank:  0.6006 Loss dta_tv:  0.0302 Loss dta_proxy:  0.1902 Loss dta_trans:  0.0059 Loss dta_phys:  0.0061 Loss dta_preserve:  0.0054
Time:  0.0729 Epoch: 015 Iter:  500/ 600 LR: 0.0000219361 Loss content:  0.0172 Loss fft:  0.8343 Loss dta_rank:  0.6018 Loss dta_tv:  0.0297 Loss dta_proxy:  0.1941 Loss dta_trans:  0.0066 Loss dta_phys:  0.0064 Loss dta_preserve:  0.0051
Time:  0.0755 Epoch: 015 Iter:  550/ 600 LR: 0.0000219361 Loss content:  0.0181 Loss fft:  0.8518 Loss dta_rank:  0.6012 Loss dta_tv:  0.0287 Loss dta_proxy:  0.1990 Loss dta_trans:  0.0058 Loss dta_phys:  0.0066 Loss dta_preserve:  0.0065
Time:  0.0739 Epoch: 015 Iter:  600/ 600 LR: 0.0000219361 Loss content:  0.0166 Loss fft:  0.7767 Loss dta_rank:  0.6021 Loss dta_tv:  0.0289 Loss dta_proxy:  0.1991 Loss dta_trans:  0.0062 Loss dta_phys:  0.0072 Loss dta_preserve:  0.0045
EPOCH: 15
Elapsed time: 0.90 Epoch Pixel Loss:  0.0172 Epoch FFT Loss:  0.8191 Epoch DTA Rank:  0.6017 Epoch DTA TV:  0.0290 Epoch DTA Proxy:  0.1974 Epoch DTA Trans:  0.0058 Epoch DTA Phys:  0.0067 Epoch DTA Preserve:  0.0052
DTA_GATE_RAMP epoch=16 gate_limit=0.060000
Time:  0.0799 Epoch: 016 Iter:   50/ 600 LR: 0.0000151017 Loss content:  0.0165 Loss fft:  0.8093 Loss dta_rank:  0.6009 Loss dta_tv:  0.0288 Loss dta_proxy:  0.2010 Loss dta_trans:  0.0048 Loss dta_phys:  0.0060 Loss dta_preserve:  0.0052
Time:  0.0704 Epoch: 016 Iter:  100/ 600 LR: 0.0000151017 Loss content:  0.0177 Loss fft:  0.8176 Loss dta_rank:  0.5979 Loss dta_tv:  0.0284 Loss dta_proxy:  0.2019 Loss dta_trans:  0.0053 Loss dta_phys:  0.0065 Loss dta_preserve:  0.0055
Time:  0.0699 Epoch: 016 Iter:  150/ 600 LR: 0.0000151017 Loss content:  0.0174 Loss fft:  0.8380 Loss dta_rank:  0.6020 Loss dta_tv:  0.0289 Loss dta_proxy:  0.2048 Loss dta_trans:  0.0058 Loss dta_phys:  0.0067 Loss dta_preserve:  0.0055
Time:  0.0731 Epoch: 016 Iter:  200/ 600 LR: 0.0000151017 Loss content:  0.0169 Loss fft:  0.8027 Loss dta_rank:  0.6014 Loss dta_tv:  0.0291 Loss dta_proxy:  0.1954 Loss dta_trans:  0.0068 Loss dta_phys:  0.0068 Loss dta_preserve:  0.0042
Time:  0.0744 Epoch: 016 Iter:  250/ 600 LR: 0.0000151017 Loss content:  0.0171 Loss fft:  0.8278 Loss dta_rank:  0.6018 Loss dta_tv:  0.0292 Loss dta_proxy:  0.1942 Loss dta_trans:  0.0062 Loss dta_phys:  0.0064 Loss dta_preserve:  0.0059
Time:  0.0744 Epoch: 016 Iter:  300/ 600 LR: 0.0000151017 Loss content:  0.0168 Loss fft:  0.8106 Loss dta_rank:  0.6012 Loss dta_tv:  0.0301 Loss dta_proxy:  0.1882 Loss dta_trans:  0.0069 Loss dta_phys:  0.0065 Loss dta_preserve:  0.0067
Time:  0.0709 Epoch: 016 Iter:  350/ 600 LR: 0.0000151017 Loss content:  0.0181 Loss fft:  0.8629 Loss dta_rank:  0.6022 Loss dta_tv:  0.0290 Loss dta_proxy:  0.1992 Loss dta_trans:  0.0054 Loss dta_phys:  0.0073 Loss dta_preserve:  0.0046
Time:  0.0733 Epoch: 016 Iter:  400/ 600 LR: 0.0000151017 Loss content:  0.0172 Loss fft:  0.8160 Loss dta_rank:  0.6106 Loss dta_tv:  0.0292 Loss dta_proxy:  0.2018 Loss dta_trans:  0.0065 Loss dta_phys:  0.0069 Loss dta_preserve:  0.0057
Time:  0.0743 Epoch: 016 Iter:  450/ 600 LR: 0.0000151017 Loss content:  0.0166 Loss fft:  0.7760 Loss dta_rank:  0.6034 Loss dta_tv:  0.0296 Loss dta_proxy:  0.1943 Loss dta_trans:  0.0053 Loss dta_phys:  0.0068 Loss dta_preserve:  0.0051
Time:  0.0761 Epoch: 016 Iter:  500/ 600 LR: 0.0000151017 Loss content:  0.0166 Loss fft:  0.8016 Loss dta_rank:  0.6034 Loss dta_tv:  0.0282 Loss dta_proxy:  0.2039 Loss dta_trans:  0.0055 Loss dta_phys:  0.0071 Loss dta_preserve:  0.0041
Time:  0.0754 Epoch: 016 Iter:  550/ 600 LR: 0.0000151017 Loss content:  0.0169 Loss fft:  0.8183 Loss dta_rank:  0.6000 Loss dta_tv:  0.0285 Loss dta_proxy:  0.1946 Loss dta_trans:  0.0055 Loss dta_phys:  0.0068 Loss dta_preserve:  0.0057
Time:  0.0728 Epoch: 016 Iter:  600/ 600 LR: 0.0000151017 Loss content:  0.0178 Loss fft:  0.8403 Loss dta_rank:  0.6042 Loss dta_tv:  0.0290 Loss dta_proxy:  0.1955 Loss dta_trans:  0.0056 Loss dta_phys:  0.0066 Loss dta_preserve:  0.0068
EPOCH: 16
Elapsed time: 0.89 Epoch Pixel Loss:  0.0171 Epoch FFT Loss:  0.8184 Epoch DTA Rank:  0.6024 Epoch DTA TV:  0.0290 Epoch DTA Proxy:  0.1979 Epoch DTA Trans:  0.0058 Epoch DTA Phys:  0.0067 Epoch DTA Preserve:  0.0054
DTA_GATE_RAMP epoch=17 gate_limit=0.060000
Time:  0.0806 Epoch: 017 Iter:   50/ 600 LR: 0.0000094853 Loss content:  0.0171 Loss fft:  0.8223 Loss dta_rank:  0.6014 Loss dta_tv:  0.0275 Loss dta_proxy:  0.2026 Loss dta_trans:  0.0055 Loss dta_phys:  0.0063 Loss dta_preserve:  0.0055
Time:  0.0744 Epoch: 017 Iter:  100/ 600 LR: 0.0000094853 Loss content:  0.0175 Loss fft:  0.8358 Loss dta_rank:  0.6013 Loss dta_tv:  0.0290 Loss dta_proxy:  0.1941 Loss dta_trans:  0.0060 Loss dta_phys:  0.0071 Loss dta_preserve:  0.0042
Time:  0.0769 Epoch: 017 Iter:  150/ 600 LR: 0.0000094853 Loss content:  0.0172 Loss fft:  0.7944 Loss dta_rank:  0.6010 Loss dta_tv:  0.0277 Loss dta_proxy:  0.2001 Loss dta_trans:  0.0049 Loss dta_phys:  0.0064 Loss dta_preserve:  0.0044
Time:  0.0738 Epoch: 017 Iter:  200/ 600 LR: 0.0000094853 Loss content:  0.0164 Loss fft:  0.8028 Loss dta_rank:  0.6013 Loss dta_tv:  0.0294 Loss dta_proxy:  0.1863 Loss dta_trans:  0.0056 Loss dta_phys:  0.0064 Loss dta_preserve:  0.0047
Time:  0.0712 Epoch: 017 Iter:  250/ 600 LR: 0.0000094853 Loss content:  0.0163 Loss fft:  0.7989 Loss dta_rank:  0.6030 Loss dta_tv:  0.0299 Loss dta_proxy:  0.1939 Loss dta_trans:  0.0064 Loss dta_phys:  0.0069 Loss dta_preserve:  0.0053
Time:  0.0741 Epoch: 017 Iter:  300/ 600 LR: 0.0000094853 Loss content:  0.0168 Loss fft:  0.8163 Loss dta_rank:  0.6028 Loss dta_tv:  0.0302 Loss dta_proxy:  0.1966 Loss dta_trans:  0.0058 Loss dta_phys:  0.0066 Loss dta_preserve:  0.0047
Time:  0.0732 Epoch: 017 Iter:  350/ 600 LR: 0.0000094853 Loss content:  0.0165 Loss fft:  0.7873 Loss dta_rank:  0.6043 Loss dta_tv:  0.0291 Loss dta_proxy:  0.1921 Loss dta_trans:  0.0067 Loss dta_phys:  0.0074 Loss dta_preserve:  0.0038
Time:  0.0715 Epoch: 017 Iter:  400/ 600 LR: 0.0000094853 Loss content:  0.0173 Loss fft:  0.8211 Loss dta_rank:  0.6031 Loss dta_tv:  0.0286 Loss dta_proxy:  0.2035 Loss dta_trans:  0.0053 Loss dta_phys:  0.0070 Loss dta_preserve:  0.0054
Time:  0.0713 Epoch: 017 Iter:  450/ 600 LR: 0.0000094853 Loss content:  0.0168 Loss fft:  0.8337 Loss dta_rank:  0.6033 Loss dta_tv:  0.0296 Loss dta_proxy:  0.1949 Loss dta_trans:  0.0052 Loss dta_phys:  0.0063 Loss dta_preserve:  0.0056
Time:  0.0690 Epoch: 017 Iter:  500/ 600 LR: 0.0000094853 Loss content:  0.0168 Loss fft:  0.8187 Loss dta_rank:  0.6015 Loss dta_tv:  0.0292 Loss dta_proxy:  0.1901 Loss dta_trans:  0.0058 Loss dta_phys:  0.0060 Loss dta_preserve:  0.0054
Time:  0.0721 Epoch: 017 Iter:  550/ 600 LR: 0.0000094853 Loss content:  0.0173 Loss fft:  0.8118 Loss dta_rank:  0.6005 Loss dta_tv:  0.0286 Loss dta_proxy:  0.1956 Loss dta_trans:  0.0057 Loss dta_phys:  0.0068 Loss dta_preserve:  0.0053
Time:  0.0745 Epoch: 017 Iter:  600/ 600 LR: 0.0000094853 Loss content:  0.0173 Loss fft:  0.8266 Loss dta_rank:  0.6066 Loss dta_tv:  0.0289 Loss dta_proxy:  0.1994 Loss dta_trans:  0.0067 Loss dta_phys:  0.0068 Loss dta_preserve:  0.0070
EPOCH: 17
Elapsed time: 0.89 Epoch Pixel Loss:  0.0169 Epoch FFT Loss:  0.8141 Epoch DTA Rank:  0.6025 Epoch DTA TV:  0.0290 Epoch DTA Proxy:  0.1958 Epoch DTA Trans:  0.0058 Epoch DTA Phys:  0.0067 Epoch DTA Preserve:  0.0051
DTA_GATE_RAMP epoch=18 gate_limit=0.060000
Time:  0.0809 Epoch: 018 Iter:   50/ 600 LR: 0.0000052550 Loss content:  0.0171 Loss fft:  0.7956 Loss dta_rank:  0.6068 Loss dta_tv:  0.0299 Loss dta_proxy:  0.1823 Loss dta_trans:  0.0062 Loss dta_phys:  0.0070 Loss dta_preserve:  0.0063
Time:  0.0735 Epoch: 018 Iter:  100/ 600 LR: 0.0000052550 Loss content:  0.0170 Loss fft:  0.8225 Loss dta_rank:  0.6012 Loss dta_tv:  0.0290 Loss dta_proxy:  0.1962 Loss dta_trans:  0.0062 Loss dta_phys:  0.0069 Loss dta_preserve:  0.0053
Time:  0.0741 Epoch: 018 Iter:  150/ 600 LR: 0.0000052550 Loss content:  0.0163 Loss fft:  0.7955 Loss dta_rank:  0.6003 Loss dta_tv:  0.0286 Loss dta_proxy:  0.1985 Loss dta_trans:  0.0051 Loss dta_phys:  0.0064 Loss dta_preserve:  0.0041
Time:  0.0736 Epoch: 018 Iter:  200/ 600 LR: 0.0000052550 Loss content:  0.0177 Loss fft:  0.8515 Loss dta_rank:  0.6039 Loss dta_tv:  0.0284 Loss dta_proxy:  0.2042 Loss dta_trans:  0.0058 Loss dta_phys:  0.0068 Loss dta_preserve:  0.0056
Time:  0.0763 Epoch: 018 Iter:  250/ 600 LR: 0.0000052550 Loss content:  0.0179 Loss fft:  0.8262 Loss dta_rank:  0.6036 Loss dta_tv:  0.0285 Loss dta_proxy:  0.2021 Loss dta_trans:  0.0053 Loss dta_phys:  0.0067 Loss dta_preserve:  0.0060
Time:  0.0743 Epoch: 018 Iter:  300/ 600 LR: 0.0000052550 Loss content:  0.0169 Loss fft:  0.7952 Loss dta_rank:  0.6040 Loss dta_tv:  0.0282 Loss dta_proxy:  0.2101 Loss dta_trans:  0.0061 Loss dta_phys:  0.0067 Loss dta_preserve:  0.0043
Time:  0.0748 Epoch: 018 Iter:  350/ 600 LR: 0.0000052550 Loss content:  0.0164 Loss fft:  0.7911 Loss dta_rank:  0.6046 Loss dta_tv:  0.0293 Loss dta_proxy:  0.1939 Loss dta_trans:  0.0063 Loss dta_phys:  0.0065 Loss dta_preserve:  0.0044
Time:  0.0741 Epoch: 018 Iter:  400/ 600 LR: 0.0000052550 Loss content:  0.0174 Loss fft:  0.8222 Loss dta_rank:  0.6050 Loss dta_tv:  0.0294 Loss dta_proxy:  0.1981 Loss dta_trans:  0.0056 Loss dta_phys:  0.0065 Loss dta_preserve:  0.0056
Time:  0.0728 Epoch: 018 Iter:  450/ 600 LR: 0.0000052550 Loss content:  0.0183 Loss fft:  0.8033 Loss dta_rank:  0.6039 Loss dta_tv:  0.0288 Loss dta_proxy:  0.1987 Loss dta_trans:  0.0058 Loss dta_phys:  0.0061 Loss dta_preserve:  0.0053
Time:  0.0738 Epoch: 018 Iter:  500/ 600 LR: 0.0000052550 Loss content:  0.0175 Loss fft:  0.8176 Loss dta_rank:  0.6054 Loss dta_tv:  0.0284 Loss dta_proxy:  0.1994 Loss dta_trans:  0.0068 Loss dta_phys:  0.0070 Loss dta_preserve:  0.0045
Time:  0.0739 Epoch: 018 Iter:  550/ 600 LR: 0.0000052550 Loss content:  0.0175 Loss fft:  0.8213 Loss dta_rank:  0.6009 Loss dta_tv:  0.0293 Loss dta_proxy:  0.1939 Loss dta_trans:  0.0052 Loss dta_phys:  0.0068 Loss dta_preserve:  0.0055
Time:  0.0718 Epoch: 018 Iter:  600/ 600 LR: 0.0000052550 Loss content:  0.0175 Loss fft:  0.8408 Loss dta_rank:  0.5972 Loss dta_tv:  0.0284 Loss dta_proxy:  0.1918 Loss dta_trans:  0.0051 Loss dta_phys:  0.0068 Loss dta_preserve:  0.0048
EPOCH: 18
Elapsed time: 0.90 Epoch Pixel Loss:  0.0173 Epoch FFT Loss:  0.8152 Epoch DTA Rank:  0.6031 Epoch DTA TV:  0.0289 Epoch DTA Proxy:  0.1974 Epoch DTA Trans:  0.0058 Epoch DTA Phys:  0.0067 Epoch DTA Preserve:  0.0051
DTA_GATE_RAMP epoch=19 gate_limit=0.060000
Time:  0.0819 Epoch: 019 Iter:   50/ 600 LR: 0.0000025070 Loss content:  0.0570 Loss fft:  3.2424 Loss dta_rank:  0.6023 Loss dta_tv:  0.0291 Loss dta_proxy:  0.1969 Loss dta_trans:  0.0059 Loss dta_phys:  0.0068 Loss dta_preserve:  0.0181
Time:  0.0730 Epoch: 019 Iter:  100/ 600 LR: 0.0000025070 Loss content:  0.0175 Loss fft:  0.8308 Loss dta_rank:  0.6051 Loss dta_tv:  0.0289 Loss dta_proxy:  0.1905 Loss dta_trans:  0.0053 Loss dta_phys:  0.0067 Loss dta_preserve:  0.0042
Time:  0.0800 Epoch: 019 Iter:  150/ 600 LR: 0.0000025070 Loss content:  0.0170 Loss fft:  0.8122 Loss dta_rank:  0.6053 Loss dta_tv:  0.0289 Loss dta_proxy:  0.1963 Loss dta_trans:  0.0057 Loss dta_phys:  0.0064 Loss dta_preserve:  0.0045
Time:  0.0741 Epoch: 019 Iter:  200/ 600 LR: 0.0000025070 Loss content:  0.0172 Loss fft:  0.8210 Loss dta_rank:  0.5997 Loss dta_tv:  0.0286 Loss dta_proxy:  0.2039 Loss dta_trans:  0.0055 Loss dta_phys:  0.0067 Loss dta_preserve:  0.0053
Time:  0.0741 Epoch: 019 Iter:  250/ 600 LR: 0.0000025070 Loss content:  0.0165 Loss fft:  0.7759 Loss dta_rank:  0.6069 Loss dta_tv:  0.0297 Loss dta_proxy:  0.1940 Loss dta_trans:  0.0065 Loss dta_phys:  0.0070 Loss dta_preserve:  0.0049
Time:  0.0753 Epoch: 019 Iter:  300/ 600 LR: 0.0000025070 Loss content:  0.0173 Loss fft:  0.8142 Loss dta_rank:  0.6000 Loss dta_tv:  0.0283 Loss dta_proxy:  0.1989 Loss dta_trans:  0.0046 Loss dta_phys:  0.0063 Loss dta_preserve:  0.0058
Time:  0.0694 Epoch: 019 Iter:  350/ 600 LR: 0.0000025070 Loss content:  0.0180 Loss fft:  0.8338 Loss dta_rank:  0.6069 Loss dta_tv:  0.0291 Loss dta_proxy:  0.1999 Loss dta_trans:  0.0070 Loss dta_phys:  0.0068 Loss dta_preserve:  0.0076
Time:  0.0670 Epoch: 019 Iter:  400/ 600 LR: 0.0000025070 Loss content:  0.0170 Loss fft:  0.8156 Loss dta_rank:  0.5984 Loss dta_tv:  0.0285 Loss dta_proxy:  0.2013 Loss dta_trans:  0.0057 Loss dta_phys:  0.0060 Loss dta_preserve:  0.0046
Time:  0.0716 Epoch: 019 Iter:  450/ 600 LR: 0.0000025070 Loss content:  0.0171 Loss fft:  0.8350 Loss dta_rank:  0.5978 Loss dta_tv:  0.0290 Loss dta_proxy:  0.1922 Loss dta_trans:  0.0060 Loss dta_phys:  0.0064 Loss dta_preserve:  0.0056
Time:  0.0714 Epoch: 019 Iter:  500/ 600 LR: 0.0000025070 Loss content:  0.0170 Loss fft:  0.8158 Loss dta_rank:  0.5988 Loss dta_tv:  0.0285 Loss dta_proxy:  0.1967 Loss dta_trans:  0.0052 Loss dta_phys:  0.0063 Loss dta_preserve:  0.0047
Time:  0.0721 Epoch: 019 Iter:  550/ 600 LR: 0.0000025070 Loss content:  0.0168 Loss fft:  0.8154 Loss dta_rank:  0.6064 Loss dta_tv:  0.0295 Loss dta_proxy:  0.1934 Loss dta_trans:  0.0058 Loss dta_phys:  0.0070 Loss dta_preserve:  0.0048
Time:  0.0718 Epoch: 019 Iter:  600/ 600 LR: 0.0000025070 Loss content:  0.0164 Loss fft:  0.8054 Loss dta_rank:  0.6026 Loss dta_tv:  0.0296 Loss dta_proxy:  0.1899 Loss dta_trans:  0.0053 Loss dta_phys:  0.0071 Loss dta_preserve:  0.0051
EPOCH: 19
Elapsed time: 0.89 Epoch Pixel Loss:  0.0204 Epoch FFT Loss:  1.0181 Epoch DTA Rank:  0.6025 Epoch DTA TV:  0.0290 Epoch DTA Proxy:  0.1962 Epoch DTA Trans:  0.0057 Epoch DTA Phys:  0.0066 Epoch DTA Preserve:  0.0063
DTA_GATE_RAMP epoch=20 gate_limit=0.060000
Time:  0.0804 Epoch: 020 Iter:   50/ 600 LR: 0.0000012125 Loss content:  0.0167 Loss fft:  0.8028 Loss dta_rank:  0.6012 Loss dta_tv:  0.0296 Loss dta_proxy:  0.1883 Loss dta_trans:  0.0067 Loss dta_phys:  0.0072 Loss dta_preserve:  0.0051
Time:  0.0692 Epoch: 020 Iter:  100/ 600 LR: 0.0000012125 Loss content:  0.0172 Loss fft:  0.8004 Loss dta_rank:  0.6059 Loss dta_tv:  0.0288 Loss dta_proxy:  0.1964 Loss dta_trans:  0.0064 Loss dta_phys:  0.0070 Loss dta_preserve:  0.0042
Time:  0.0723 Epoch: 020 Iter:  150/ 600 LR: 0.0000012125 Loss content:  0.0175 Loss fft:  0.8346 Loss dta_rank:  0.5968 Loss dta_tv:  0.0288 Loss dta_proxy:  0.1992 Loss dta_trans:  0.0053 Loss dta_phys:  0.0066 Loss dta_preserve:  0.0058
Time:  0.0745 Epoch: 020 Iter:  200/ 600 LR: 0.0000012125 Loss content:  0.0168 Loss fft:  0.8400 Loss dta_rank:  0.6023 Loss dta_tv:  0.0289 Loss dta_proxy:  0.2064 Loss dta_trans:  0.0059 Loss dta_phys:  0.0067 Loss dta_preserve:  0.0052
Time:  0.0722 Epoch: 020 Iter:  250/ 600 LR: 0.0000012125 Loss content:  0.0179 Loss fft:  0.8368 Loss dta_rank:  0.6059 Loss dta_tv:  0.0286 Loss dta_proxy:  0.1988 Loss dta_trans:  0.0055 Loss dta_phys:  0.0068 Loss dta_preserve:  0.0055
Time:  0.0778 Epoch: 020 Iter:  300/ 600 LR: 0.0000012125 Loss content:  0.0173 Loss fft:  0.8214 Loss dta_rank:  0.6047 Loss dta_tv:  0.0290 Loss dta_proxy:  0.1955 Loss dta_trans:  0.0054 Loss dta_phys:  0.0066 Loss dta_preserve:  0.0047
Time:  0.0740 Epoch: 020 Iter:  350/ 600 LR: 0.0000012125 Loss content:  0.0174 Loss fft:  0.8085 Loss dta_rank:  0.6051 Loss dta_tv:  0.0287 Loss dta_proxy:  0.1959 Loss dta_trans:  0.0060 Loss dta_phys:  0.0064 Loss dta_preserve:  0.0055
Time:  0.0704 Epoch: 020 Iter:  400/ 600 LR: 0.0000012125 Loss content:  0.0170 Loss fft:  0.7949 Loss dta_rank:  0.6030 Loss dta_tv:  0.0285 Loss dta_proxy:  0.1955 Loss dta_trans:  0.0058 Loss dta_phys:  0.0067 Loss dta_preserve:  0.0046
Time:  0.0744 Epoch: 020 Iter:  450/ 600 LR: 0.0000012125 Loss content:  0.0168 Loss fft:  0.7891 Loss dta_rank:  0.6037 Loss dta_tv:  0.0303 Loss dta_proxy:  0.1925 Loss dta_trans:  0.0062 Loss dta_phys:  0.0073 Loss dta_preserve:  0.0043
Time:  0.0714 Epoch: 020 Iter:  500/ 600 LR: 0.0000012125 Loss content:  0.0172 Loss fft:  0.8593 Loss dta_rank:  0.6029 Loss dta_tv:  0.0274 Loss dta_proxy:  0.2131 Loss dta_trans:  0.0044 Loss dta_phys:  0.0066 Loss dta_preserve:  0.0034
Time:  0.0742 Epoch: 020 Iter:  550/ 600 LR: 0.0000012125 Loss content:  0.0178 Loss fft:  0.7986 Loss dta_rank:  0.6052 Loss dta_tv:  0.0291 Loss dta_proxy:  0.1906 Loss dta_trans:  0.0058 Loss dta_phys:  0.0070 Loss dta_preserve:  0.0048
Time:  0.0685 Epoch: 020 Iter:  600/ 600 LR: 0.0000012125 Loss content:  0.0172 Loss fft:  0.8349 Loss dta_rank:  0.6033 Loss dta_tv:  0.0302 Loss dta_proxy:  0.1819 Loss dta_trans:  0.0062 Loss dta_phys:  0.0062 Loss dta_preserve:  0.0055
EPOCH: 20
Elapsed time: 0.88 Epoch Pixel Loss:  0.0172 Epoch FFT Loss:  0.8184 Epoch DTA Rank:  0.6033 Epoch DTA TV:  0.0290 Epoch DTA Proxy:  0.1962 Epoch DTA Trans:  0.0058 Epoch DTA Phys:  0.0068 Epoch DTA Preserve:  0.0049
