Namespace(model_name='ConvIR-Haze4K-DTA-v2-adapter_only-invert-seed3407-f0-scout5', data='Haze4K', version='base', fam_mode='original', arch='dta_v2', seed=3407, mode='train', data_dir='/sda/home/wangyuxin/ConvIR-B/datasets/Haze4K/Haze4K', batch_size=4, learning_rate=0.0001, weight_decay=0.0, num_epoch=5, stop_epoch=5, print_freq=50, num_worker=4, save_freq=1, valid_freq=9999, mod_stats_freq=1, mod_stats_batches=16, grad_clip_norm=0.001, dta_grad_clip_norm=0.05, dta_neighbor_grad_clip_norm=0.005, init_model='/sda/home/wangyuxin/ConvIR-B/checkpoints/official/Haze4K/haze4k-base.pkl', init_model_partial=True, partial_new_prefixes='DTA.', resume='', train_scope='adapter_only', dta_depth_cache_dir='/sda/home/wangyuxin/ConvIR-B/depth_cache/depth_anything_v2_small_hf', dta_train_depth_split='train', dta_eval_depth_split='train', valid_root_split='train', eval_root_split='test', dta_require_depth=True, dta_variant='v2', dta_depth_mode='invert', dta_prior_channels=32, dta_gate_bias=-6.0, dta_gate_limit=0.06, dta_gamma_limit=0.12, dta_beta_limit=0.06, dta_alpha_init=1.0, dta_confidence_floor=0.25, dta_confidence_local_scale=6.0, dta_output_residual_scale=0.03, dta_use_trans_gt=True, dta_trans_weight=0.02, dta_phys_weight=0.005, dta_preserve_weight=0.02, dta_preserve_trans_thresh=0.8, dta_gate_ramp_start=0.01, dta_gate_ramp_mid=0.03, dta_gate_ramp_end=0.06, dta_gate_ramp_warmup_epochs=2, dta_gate_ramp_mid_epochs=8, dta_rank_weight=0.001, dta_tv_weight=0.0001, dta_proxy_weight=0.0, dta_rank_pairs=512, dta_rank_min_depth_gap=0.03, split_json='/sda/home/wangyuxin/ConvIR-B/repos/ConvIR-B-dta-v2-calibrated/experience_docx/experiment_logs/haze4k_dta_v2_calibrated_20260611/dta_v2_haze4k_oof_splits_seed3407.json', split_name='fold0_train', test_model='', save_image=False, leaning_rate=0.0001, model_save_dir='results/ConvIR-Haze4K-DTA-v2-adapter_only-invert-seed3407-f0-scout5/Training-Results/', result_dir='results/ConvIR-Haze4K-DTA-v2-adapter_only-invert-seed3407-f0-scout5/images/Haze4K', init_model_sha256='6f42037d57a4e3de3a10ac0ab909d66a3415864a19433c29204a975f4efa4088')
/sda/home/wangyuxin/ConvIR-B/repos/ConvIR-B-dta-v2-calibrated/Dehazing/ITS/main.py:14: FutureWarning: You are using `torch.load` with `weights_only=False` (the current default value), which uses the default pickle module implicitly. It is possible to construct malicious pickle data which will execute arbitrary code during unpickling (See https://github.com/pytorch/pytorch/blob/main/SECURITY.md#untrusted-models for more details). In a future release, the default value for `weights_only` will be flipped to `True`. This limits the functions that could be executed during unpickling. Arbitrary objects will no longer be allowed to be loaded via this mode unless they are explicitly allowlisted by the user via `torch.serialization.add_safe_globals`. We recommend you start setting `weights_only=True` for any use case where you don't have full control of the loaded file. Please open an issue on GitHub for any issues related to this experimental feature.
  state = torch.load(path, map_location=map_location)
INIT_MODEL_PARTIAL_LOAD path=/sda/home/wangyuxin/ConvIR-B/checkpoints/official/Haze4K/haze4k-base.pkl loaded=602 missing_allowed=25 unexpected=[] allowed_new_prefixes=('DTA.',)
TRAIN_SCOPE scope=adapter_only arch=dta_v2 trainable=74699 total=8705364
/sda/home/wangyuxin/ConvIR-B/envs/convir-cu121/lib/python3.10/site-packages/torch/optim/lr_scheduler.py:224: UserWarning: Detected call of `lr_scheduler.step()` before `optimizer.step()`. In PyTorch 1.1.0 and later, you should call them in the opposite order: `optimizer.step()` before `lr_scheduler.step()`.  Failure to do this will result in PyTorch skipping the first value of the learning rate schedule. See more details at https://pytorch.org/docs/stable/optim.html#how-to-adjust-learning-rate
  warnings.warn(
DTA_GATE_RAMP epoch=1 gate_limit=0.010000
Time:  0.0949 Epoch: 001 Iter:   50/ 600 LR: 0.0000333333 Loss content:  0.0178 Loss fft:  0.8085 Loss dta_rank:  0.6937 Loss dta_tv:  0.0039 Loss dta_proxy:  0.1263 Loss dta_trans:  0.0413 Loss dta_phys:  0.0073 Loss dta_preserve:  0.0053
Time:  0.0745 Epoch: 001 Iter:  100/ 600 LR: 0.0000333333 Loss content:  0.0178 Loss fft:  0.8343 Loss dta_rank:  0.6919 Loss dta_tv:  0.0106 Loss dta_proxy:  0.1311 Loss dta_trans:  0.0351 Loss dta_phys:  0.0091 Loss dta_preserve:  0.0043
Time:  0.0778 Epoch: 001 Iter:  150/ 600 LR: 0.0000333333 Loss content:  0.0173 Loss fft:  0.8405 Loss dta_rank:  0.6871 Loss dta_tv:  0.0154 Loss dta_proxy:  0.1493 Loss dta_trans:  0.0273 Loss dta_phys:  0.0107 Loss dta_preserve:  0.0047
Time:  0.0751 Epoch: 001 Iter:  200/ 600 LR: 0.0000333333 Loss content:  0.0169 Loss fft:  0.8103 Loss dta_rank:  0.6787 Loss dta_tv:  0.0199 Loss dta_proxy:  0.1719 Loss dta_trans:  0.0244 Loss dta_phys:  0.0104 Loss dta_preserve:  0.0040
Time:  0.0787 Epoch: 001 Iter:  250/ 600 LR: 0.0000333333 Loss content:  0.0172 Loss fft:  0.8316 Loss dta_rank:  0.6654 Loss dta_tv:  0.0251 Loss dta_proxy:  0.1598 Loss dta_trans:  0.0210 Loss dta_phys:  0.0081 Loss dta_preserve:  0.0037
Time:  0.0772 Epoch: 001 Iter:  300/ 600 LR: 0.0000333333 Loss content:  0.0175 Loss fft:  0.8647 Loss dta_rank:  0.6544 Loss dta_tv:  0.0309 Loss dta_proxy:  0.1777 Loss dta_trans:  0.0175 Loss dta_phys:  0.0078 Loss dta_preserve:  0.0076
Time:  0.0733 Epoch: 001 Iter:  350/ 600 LR: 0.0000333333 Loss content:  0.0171 Loss fft:  0.8048 Loss dta_rank:  0.6473 Loss dta_tv:  0.0337 Loss dta_proxy:  0.1711 Loss dta_trans:  0.0156 Loss dta_phys:  0.0080 Loss dta_preserve:  0.0046
Time:  0.0734 Epoch: 001 Iter:  400/ 600 LR: 0.0000333333 Loss content:  0.0175 Loss fft:  0.8202 Loss dta_rank:  0.6427 Loss dta_tv:  0.0358 Loss dta_proxy:  0.1897 Loss dta_trans:  0.0128 Loss dta_phys:  0.0084 Loss dta_preserve:  0.0054
Time:  0.0740 Epoch: 001 Iter:  450/ 600 LR: 0.0000333333 Loss content:  0.0170 Loss fft:  0.8021 Loss dta_rank:  0.6331 Loss dta_tv:  0.0372 Loss dta_proxy:  0.1867 Loss dta_trans:  0.0130 Loss dta_phys:  0.0070 Loss dta_preserve:  0.0039
Time:  0.0756 Epoch: 001 Iter:  500/ 600 LR: 0.0000333333 Loss content:  0.0168 Loss fft:  0.8182 Loss dta_rank:  0.6318 Loss dta_tv:  0.0388 Loss dta_proxy:  0.1962 Loss dta_trans:  0.0128 Loss dta_phys:  0.0077 Loss dta_preserve:  0.0069
Time:  0.0755 Epoch: 001 Iter:  550/ 600 LR: 0.0000333333 Loss content:  0.0168 Loss fft:  0.8067 Loss dta_rank:  0.6320 Loss dta_tv:  0.0381 Loss dta_proxy:  0.2046 Loss dta_trans:  0.0123 Loss dta_phys:  0.0080 Loss dta_preserve:  0.0056
Time:  0.0786 Epoch: 001 Iter:  600/ 600 LR: 0.0000333333 Loss content:  0.0175 Loss fft:  0.8351 Loss dta_rank:  0.6309 Loss dta_tv:  0.0392 Loss dta_proxy:  0.2106 Loss dta_trans:  0.0137 Loss dta_phys:  0.0074 Loss dta_preserve:  0.0043
EPOCH: 01
Elapsed time: 0.93 Epoch Pixel Loss:  0.0173 Epoch FFT Loss:  0.8231 Epoch DTA Rank:  0.6574 Epoch DTA TV:  0.0274 Epoch DTA Proxy:  0.1729 Epoch DTA Trans:  0.0206 Epoch DTA Phys:  0.0083 Epoch DTA Preserve:  0.0050
DTA_GATE_RAMP epoch=2 gate_limit=0.010000
Time:  0.0788 Epoch: 002 Iter:   50/ 600 LR: 0.0000666667 Loss content:  0.0175 Loss fft:  0.8078 Loss dta_rank:  0.6303 Loss dta_tv:  0.0391 Loss dta_proxy:  0.2063 Loss dta_trans:  0.0109 Loss dta_phys:  0.0070 Loss dta_preserve:  0.0069
Time:  0.0732 Epoch: 002 Iter:  100/ 600 LR: 0.0000666667 Loss content:  0.0172 Loss fft:  0.8291 Loss dta_rank:  0.6258 Loss dta_tv:  0.0394 Loss dta_proxy:  0.2056 Loss dta_trans:  0.0115 Loss dta_phys:  0.0078 Loss dta_preserve:  0.0049
Time:  0.0721 Epoch: 002 Iter:  150/ 600 LR: 0.0000666667 Loss content:  0.0172 Loss fft:  0.8316 Loss dta_rank:  0.6255 Loss dta_tv:  0.0382 Loss dta_proxy:  0.2063 Loss dta_trans:  0.0107 Loss dta_phys:  0.0059 Loss dta_preserve:  0.0050
Time:  0.0735 Epoch: 002 Iter:  200/ 600 LR: 0.0000666667 Loss content:  0.0168 Loss fft:  0.7834 Loss dta_rank:  0.6261 Loss dta_tv:  0.0396 Loss dta_proxy:  0.1930 Loss dta_trans:  0.0107 Loss dta_phys:  0.0066 Loss dta_preserve:  0.0045
Time:  0.0710 Epoch: 002 Iter:  250/ 600 LR: 0.0000666667 Loss content:  0.0166 Loss fft:  0.8099 Loss dta_rank:  0.6260 Loss dta_tv:  0.0379 Loss dta_proxy:  0.2197 Loss dta_trans:  0.0098 Loss dta_phys:  0.0072 Loss dta_preserve:  0.0051
Time:  0.0740 Epoch: 002 Iter:  300/ 600 LR: 0.0000666667 Loss content:  0.0172 Loss fft:  0.8201 Loss dta_rank:  0.6243 Loss dta_tv:  0.0370 Loss dta_proxy:  0.2142 Loss dta_trans:  0.0101 Loss dta_phys:  0.0072 Loss dta_preserve:  0.0054
Time:  0.0779 Epoch: 002 Iter:  350/ 600 LR: 0.0000666667 Loss content:  0.0166 Loss fft:  0.8174 Loss dta_rank:  0.6216 Loss dta_tv:  0.0375 Loss dta_proxy:  0.2100 Loss dta_trans:  0.0094 Loss dta_phys:  0.0081 Loss dta_preserve:  0.0060
Time:  0.0744 Epoch: 002 Iter:  400/ 600 LR: 0.0000666667 Loss content:  0.0174 Loss fft:  0.8301 Loss dta_rank:  0.6254 Loss dta_tv:  0.0380 Loss dta_proxy:  0.2088 Loss dta_trans:  0.0107 Loss dta_phys:  0.0079 Loss dta_preserve:  0.0046
Time:  0.0757 Epoch: 002 Iter:  450/ 600 LR: 0.0000666667 Loss content:  0.0173 Loss fft:  0.8110 Loss dta_rank:  0.6192 Loss dta_tv:  0.0366 Loss dta_proxy:  0.2064 Loss dta_trans:  0.0089 Loss dta_phys:  0.0075 Loss dta_preserve:  0.0054
Time:  0.0751 Epoch: 002 Iter:  500/ 600 LR: 0.0000666667 Loss content:  0.0171 Loss fft:  0.8070 Loss dta_rank:  0.6181 Loss dta_tv:  0.0373 Loss dta_proxy:  0.2110 Loss dta_trans:  0.0084 Loss dta_phys:  0.0074 Loss dta_preserve:  0.0050
Time:  0.0732 Epoch: 002 Iter:  550/ 600 LR: 0.0000666667 Loss content:  0.0173 Loss fft:  0.8152 Loss dta_rank:  0.6140 Loss dta_tv:  0.0375 Loss dta_proxy:  0.2042 Loss dta_trans:  0.0080 Loss dta_phys:  0.0060 Loss dta_preserve:  0.0044
Time:  0.0755 Epoch: 002 Iter:  600/ 600 LR: 0.0000666667 Loss content:  0.0173 Loss fft:  0.8297 Loss dta_rank:  0.6144 Loss dta_tv:  0.0375 Loss dta_proxy:  0.2155 Loss dta_trans:  0.0078 Loss dta_phys:  0.0064 Loss dta_preserve:  0.0056
EPOCH: 02
Elapsed time: 0.90 Epoch Pixel Loss:  0.0171 Epoch FFT Loss:  0.8160 Epoch DTA Rank:  0.6226 Epoch DTA TV:  0.0380 Epoch DTA Proxy:  0.2084 Epoch DTA Trans:  0.0097 Epoch DTA Phys:  0.0071 Epoch DTA Preserve:  0.0052
DTA_GATE_RAMP epoch=3 gate_limit=0.030000
Time:  0.0808 Epoch: 003 Iter:   50/ 600 LR: 0.0001000000 Loss content:  0.0176 Loss fft:  0.8484 Loss dta_rank:  0.6172 Loss dta_tv:  0.0378 Loss dta_proxy:  0.2136 Loss dta_trans:  0.0083 Loss dta_phys:  0.0067 Loss dta_preserve:  0.0050
Time:  0.0701 Epoch: 003 Iter:  100/ 600 LR: 0.0001000000 Loss content:  0.0177 Loss fft:  0.8280 Loss dta_rank:  0.6155 Loss dta_tv:  0.0375 Loss dta_proxy:  0.2025 Loss dta_trans:  0.0075 Loss dta_phys:  0.0068 Loss dta_preserve:  0.0067
Time:  0.0729 Epoch: 003 Iter:  150/ 600 LR: 0.0001000000 Loss content:  0.0179 Loss fft:  0.8216 Loss dta_rank:  0.6149 Loss dta_tv:  0.0351 Loss dta_proxy:  0.2197 Loss dta_trans:  0.0092 Loss dta_phys:  0.0069 Loss dta_preserve:  0.0060
Time:  0.0717 Epoch: 003 Iter:  200/ 600 LR: 0.0001000000 Loss content:  0.0171 Loss fft:  0.8522 Loss dta_rank:  0.6101 Loss dta_tv:  0.0368 Loss dta_proxy:  0.2040 Loss dta_trans:  0.0073 Loss dta_phys:  0.0071 Loss dta_preserve:  0.0062
Time:  0.0727 Epoch: 003 Iter:  250/ 600 LR: 0.0001000000 Loss content:  0.0163 Loss fft:  0.8213 Loss dta_rank:  0.6045 Loss dta_tv:  0.0375 Loss dta_proxy:  0.2082 Loss dta_trans:  0.0072 Loss dta_phys:  0.0070 Loss dta_preserve:  0.0047
Time:  0.0731 Epoch: 003 Iter:  300/ 600 LR: 0.0001000000 Loss content:  0.0169 Loss fft:  0.7961 Loss dta_rank:  0.6129 Loss dta_tv:  0.0368 Loss dta_proxy:  0.2025 Loss dta_trans:  0.0083 Loss dta_phys:  0.0063 Loss dta_preserve:  0.0051
Time:  0.0731 Epoch: 003 Iter:  350/ 600 LR: 0.0001000000 Loss content:  0.0168 Loss fft:  0.8211 Loss dta_rank:  0.6110 Loss dta_tv:  0.0358 Loss dta_proxy:  0.2135 Loss dta_trans:  0.0087 Loss dta_phys:  0.0071 Loss dta_preserve:  0.0050
Time:  0.0725 Epoch: 003 Iter:  400/ 600 LR: 0.0001000000 Loss content:  0.0174 Loss fft:  0.8530 Loss dta_rank:  0.6097 Loss dta_tv:  0.0373 Loss dta_proxy:  0.2110 Loss dta_trans:  0.0081 Loss dta_phys:  0.0073 Loss dta_preserve:  0.0053
Time:  0.0756 Epoch: 003 Iter:  450/ 600 LR: 0.0001000000 Loss content:  0.0166 Loss fft:  0.8095 Loss dta_rank:  0.6101 Loss dta_tv:  0.0363 Loss dta_proxy:  0.2080 Loss dta_trans:  0.0079 Loss dta_phys:  0.0068 Loss dta_preserve:  0.0050
Time:  0.0691 Epoch: 003 Iter:  500/ 600 LR: 0.0001000000 Loss content:  0.0161 Loss fft:  0.7716 Loss dta_rank:  0.6144 Loss dta_tv:  0.0347 Loss dta_proxy:  0.2126 Loss dta_trans:  0.0069 Loss dta_phys:  0.0065 Loss dta_preserve:  0.0051
Time:  0.0683 Epoch: 003 Iter:  550/ 600 LR: 0.0001000000 Loss content:  0.0175 Loss fft:  0.8225 Loss dta_rank:  0.6105 Loss dta_tv:  0.0361 Loss dta_proxy:  0.2104 Loss dta_trans:  0.0072 Loss dta_phys:  0.0070 Loss dta_preserve:  0.0063
Time:  0.0640 Epoch: 003 Iter:  600/ 600 LR: 0.0001000000 Loss content:  0.0172 Loss fft:  0.8259 Loss dta_rank:  0.6105 Loss dta_tv:  0.0356 Loss dta_proxy:  0.2185 Loss dta_trans:  0.0069 Loss dta_phys:  0.0067 Loss dta_preserve:  0.0047
EPOCH: 03
Elapsed time: 0.87 Epoch Pixel Loss:  0.0171 Epoch FFT Loss:  0.8226 Epoch DTA Rank:  0.6118 Epoch DTA TV:  0.0364 Epoch DTA Proxy:  0.2104 Epoch DTA Trans:  0.0078 Epoch DTA Phys:  0.0068 Epoch DTA Preserve:  0.0054
/sda/home/wangyuxin/ConvIR-B/envs/convir-cu121/lib/python3.10/site-packages/torch/optim/lr_scheduler.py:1087: UserWarning: To get the last learning rate computed by the scheduler, please use `get_last_lr()`.
  _warn_get_lr_called_within_step(self)
DTA_GATE_RAMP epoch=4 gate_limit=0.030000
Time:  0.0802 Epoch: 004 Iter:   50/ 600 LR: 0.0001000000 Loss content:  0.0168 Loss fft:  0.8010 Loss dta_rank:  0.6155 Loss dta_tv:  0.0350 Loss dta_proxy:  0.2174 Loss dta_trans:  0.0090 Loss dta_phys:  0.0076 Loss dta_preserve:  0.0055
Time:  0.0738 Epoch: 004 Iter:  100/ 600 LR: 0.0001000000 Loss content:  0.0165 Loss fft:  0.8165 Loss dta_rank:  0.6090 Loss dta_tv:  0.0351 Loss dta_proxy:  0.2097 Loss dta_trans:  0.0067 Loss dta_phys:  0.0061 Loss dta_preserve:  0.0046
Time:  0.0726 Epoch: 004 Iter:  150/ 600 LR: 0.0001000000 Loss content:  0.0167 Loss fft:  0.8004 Loss dta_rank:  0.6117 Loss dta_tv:  0.0340 Loss dta_proxy:  0.2174 Loss dta_trans:  0.0074 Loss dta_phys:  0.0080 Loss dta_preserve:  0.0051
Time:  0.0737 Epoch: 004 Iter:  200/ 600 LR: 0.0001000000 Loss content:  0.0185 Loss fft:  0.8371 Loss dta_rank:  0.6104 Loss dta_tv:  0.0338 Loss dta_proxy:  0.2197 Loss dta_trans:  0.0068 Loss dta_phys:  0.0063 Loss dta_preserve:  0.0051
Time:  0.0721 Epoch: 004 Iter:  250/ 600 LR: 0.0001000000 Loss content:  0.0176 Loss fft:  0.8211 Loss dta_rank:  0.6062 Loss dta_tv:  0.0349 Loss dta_proxy:  0.2129 Loss dta_trans:  0.0066 Loss dta_phys:  0.0065 Loss dta_preserve:  0.0055
Time:  0.0745 Epoch: 004 Iter:  300/ 600 LR: 0.0001000000 Loss content:  0.0170 Loss fft:  0.8098 Loss dta_rank:  0.6113 Loss dta_tv:  0.0345 Loss dta_proxy:  0.2060 Loss dta_trans:  0.0070 Loss dta_phys:  0.0063 Loss dta_preserve:  0.0049
Time:  0.0732 Epoch: 004 Iter:  350/ 600 LR: 0.0001000000 Loss content:  0.0171 Loss fft:  0.8142 Loss dta_rank:  0.6051 Loss dta_tv:  0.0347 Loss dta_proxy:  0.2013 Loss dta_trans:  0.0070 Loss dta_phys:  0.0070 Loss dta_preserve:  0.0055
Time:  0.0753 Epoch: 004 Iter:  400/ 600 LR: 0.0001000000 Loss content:  0.0174 Loss fft:  0.8280 Loss dta_rank:  0.6061 Loss dta_tv:  0.0344 Loss dta_proxy:  0.1980 Loss dta_trans:  0.0071 Loss dta_phys:  0.0059 Loss dta_preserve:  0.0047
Time:  0.0758 Epoch: 004 Iter:  450/ 600 LR: 0.0001000000 Loss content:  0.0164 Loss fft:  0.8127 Loss dta_rank:  0.6054 Loss dta_tv:  0.0339 Loss dta_proxy:  0.2168 Loss dta_trans:  0.0069 Loss dta_phys:  0.0068 Loss dta_preserve:  0.0053
Time:  0.0765 Epoch: 004 Iter:  500/ 600 LR: 0.0001000000 Loss content:  0.0172 Loss fft:  0.8180 Loss dta_rank:  0.6063 Loss dta_tv:  0.0344 Loss dta_proxy:  0.2091 Loss dta_trans:  0.0069 Loss dta_phys:  0.0072 Loss dta_preserve:  0.0050
Time:  0.0779 Epoch: 004 Iter:  550/ 600 LR: 0.0001000000 Loss content:  0.0178 Loss fft:  0.8239 Loss dta_rank:  0.6082 Loss dta_tv:  0.0347 Loss dta_proxy:  0.2122 Loss dta_trans:  0.0062 Loss dta_phys:  0.0068 Loss dta_preserve:  0.0059
Time:  0.0744 Epoch: 004 Iter:  600/ 600 LR: 0.0001000000 Loss content:  0.0175 Loss fft:  0.8316 Loss dta_rank:  0.6000 Loss dta_tv:  0.0343 Loss dta_proxy:  0.2006 Loss dta_trans:  0.0067 Loss dta_phys:  0.0062 Loss dta_preserve:  0.0046
EPOCH: 04
Elapsed time: 0.90 Epoch Pixel Loss:  0.0172 Epoch FFT Loss:  0.8178 Epoch DTA Rank:  0.6079 Epoch DTA TV:  0.0345 Epoch DTA Proxy:  0.2101 Epoch DTA Trans:  0.0070 Epoch DTA Phys:  0.0067 Epoch DTA Preserve:  0.0051
DTA_GATE_RAMP epoch=5 gate_limit=0.030000
Time:  0.0811 Epoch: 005 Iter:   50/ 600 LR: 0.0000257500 Loss content:  0.0175 Loss fft:  0.8378 Loss dta_rank:  0.6053 Loss dta_tv:  0.0334 Loss dta_proxy:  0.2222 Loss dta_trans:  0.0068 Loss dta_phys:  0.0066 Loss dta_preserve:  0.0045
Time:  0.0755 Epoch: 005 Iter:  100/ 600 LR: 0.0000257500 Loss content:  0.0167 Loss fft:  0.8234 Loss dta_rank:  0.6012 Loss dta_tv:  0.0353 Loss dta_proxy:  0.1894 Loss dta_trans:  0.0065 Loss dta_phys:  0.0067 Loss dta_preserve:  0.0053
Time:  0.0738 Epoch: 005 Iter:  150/ 600 LR: 0.0000257500 Loss content:  0.0167 Loss fft:  0.8058 Loss dta_rank:  0.6071 Loss dta_tv:  0.0337 Loss dta_proxy:  0.2054 Loss dta_trans:  0.0061 Loss dta_phys:  0.0061 Loss dta_preserve:  0.0060
Time:  0.0763 Epoch: 005 Iter:  200/ 600 LR: 0.0000257500 Loss content:  0.0172 Loss fft:  0.8008 Loss dta_rank:  0.6086 Loss dta_tv:  0.0343 Loss dta_proxy:  0.2075 Loss dta_trans:  0.0072 Loss dta_phys:  0.0057 Loss dta_preserve:  0.0054
Time:  0.0764 Epoch: 005 Iter:  250/ 600 LR: 0.0000257500 Loss content:  0.0174 Loss fft:  0.8270 Loss dta_rank:  0.6067 Loss dta_tv:  0.0338 Loss dta_proxy:  0.2154 Loss dta_trans:  0.0064 Loss dta_phys:  0.0069 Loss dta_preserve:  0.0048
Time:  0.0732 Epoch: 005 Iter:  300/ 600 LR: 0.0000257500 Loss content:  0.0173 Loss fft:  0.8230 Loss dta_rank:  0.6039 Loss dta_tv:  0.0341 Loss dta_proxy:  0.2033 Loss dta_trans:  0.0067 Loss dta_phys:  0.0067 Loss dta_preserve:  0.0043
Time:  0.0759 Epoch: 005 Iter:  350/ 600 LR: 0.0000257500 Loss content:  0.0176 Loss fft:  0.8089 Loss dta_rank:  0.6042 Loss dta_tv:  0.0340 Loss dta_proxy:  0.2102 Loss dta_trans:  0.0068 Loss dta_phys:  0.0061 Loss dta_preserve:  0.0053
Time:  0.0745 Epoch: 005 Iter:  400/ 600 LR: 0.0000257500 Loss content:  0.0173 Loss fft:  0.8144 Loss dta_rank:  0.6077 Loss dta_tv:  0.0324 Loss dta_proxy:  0.2259 Loss dta_trans:  0.0070 Loss dta_phys:  0.0081 Loss dta_preserve:  0.0050
Time:  0.0760 Epoch: 005 Iter:  450/ 600 LR: 0.0000257500 Loss content:  0.0171 Loss fft:  0.8366 Loss dta_rank:  0.6040 Loss dta_tv:  0.0336 Loss dta_proxy:  0.2129 Loss dta_trans:  0.0064 Loss dta_phys:  0.0059 Loss dta_preserve:  0.0043
Time:  0.0710 Epoch: 005 Iter:  500/ 600 LR: 0.0000257500 Loss content:  0.0167 Loss fft:  0.8068 Loss dta_rank:  0.6120 Loss dta_tv:  0.0314 Loss dta_proxy:  0.2308 Loss dta_trans:  0.0057 Loss dta_phys:  0.0064 Loss dta_preserve:  0.0046
Time:  0.0738 Epoch: 005 Iter:  550/ 600 LR: 0.0000257500 Loss content:  0.0166 Loss fft:  0.7980 Loss dta_rank:  0.6078 Loss dta_tv:  0.0332 Loss dta_proxy:  0.2063 Loss dta_trans:  0.0073 Loss dta_phys:  0.0079 Loss dta_preserve:  0.0046
Time:  0.0742 Epoch: 005 Iter:  600/ 600 LR: 0.0000257500 Loss content:  0.0168 Loss fft:  0.7953 Loss dta_rank:  0.6105 Loss dta_tv:  0.0331 Loss dta_proxy:  0.2183 Loss dta_trans:  0.0063 Loss dta_phys:  0.0071 Loss dta_preserve:  0.0042
EPOCH: 05
Elapsed time: 0.91 Epoch Pixel Loss:  0.0171 Epoch FFT Loss:  0.8148 Epoch DTA Rank:  0.6066 Epoch DTA TV:  0.0335 Epoch DTA Proxy:  0.2123 Epoch DTA Trans:  0.0066 Epoch DTA Phys:  0.0067 Epoch DTA Preserve:  0.0049
