Namespace(model_name='ConvIR-Haze4K-DTA-v2-adapter_only-normal-seed3407-f4-oof20', data='Haze4K', version='base', fam_mode='original', arch='dta_v2', seed=3407, mode='train', data_dir='/sda/home/wangyuxin/ConvIR-B/datasets/Haze4K/Haze4K', batch_size=4, learning_rate=0.0001, weight_decay=0.0, num_epoch=20, stop_epoch=20, print_freq=50, num_worker=4, save_freq=5, valid_freq=9999, mod_stats_freq=5, mod_stats_batches=16, grad_clip_norm=0.001, dta_grad_clip_norm=0.05, dta_neighbor_grad_clip_norm=0.005, init_model='/sda/home/wangyuxin/ConvIR-B/checkpoints/official/Haze4K/haze4k-base.pkl', init_model_partial=True, partial_new_prefixes='DTA.', resume='', train_scope='adapter_only', dta_depth_cache_dir='/sda/home/wangyuxin/ConvIR-B/depth_cache/depth_anything_v2_small_hf', dta_train_depth_split='train', dta_eval_depth_split='train', valid_root_split='train', eval_root_split='test', dta_require_depth=True, dta_variant='v2', dta_depth_mode='normal', dta_prior_channels=32, dta_gate_bias=-6.0, dta_gate_limit=0.06, dta_gamma_limit=0.12, dta_beta_limit=0.06, dta_alpha_init=1.0, dta_confidence_floor=0.25, dta_confidence_local_scale=6.0, dta_output_residual_scale=0.03, dta_use_trans_gt=True, dta_trans_weight=0.02, dta_phys_weight=0.005, dta_preserve_weight=0.02, dta_preserve_trans_thresh=0.8, dta_gate_ramp_start=0.01, dta_gate_ramp_mid=0.03, dta_gate_ramp_end=0.06, dta_gate_ramp_warmup_epochs=2, dta_gate_ramp_mid_epochs=8, dta_rank_weight=0.001, dta_tv_weight=0.0001, dta_proxy_weight=0.0, dta_rank_pairs=512, dta_rank_min_depth_gap=0.03, split_json='/sda/home/wangyuxin/ConvIR-B/repos/ConvIR-B-dta-v2-calibrated/experience_docx/experiment_logs/haze4k_dta_v2_calibrated_20260611/dta_v2_haze4k_oof_splits_seed3407.json', split_name='fold4_train', test_model='', save_image=False, leaning_rate=0.0001, model_save_dir='results/ConvIR-Haze4K-DTA-v2-adapter_only-normal-seed3407-f4-oof20/Training-Results/', result_dir='results/ConvIR-Haze4K-DTA-v2-adapter_only-normal-seed3407-f4-oof20/images/Haze4K', init_model_sha256='6f42037d57a4e3de3a10ac0ab909d66a3415864a19433c29204a975f4efa4088')
/sda/home/wangyuxin/ConvIR-B/repos/ConvIR-B-dta-v2-calibrated/Dehazing/ITS/main.py:14: FutureWarning: You are using `torch.load` with `weights_only=False` (the current default value), which uses the default pickle module implicitly. It is possible to construct malicious pickle data which will execute arbitrary code during unpickling (See https://github.com/pytorch/pytorch/blob/main/SECURITY.md#untrusted-models for more details). In a future release, the default value for `weights_only` will be flipped to `True`. This limits the functions that could be executed during unpickling. Arbitrary objects will no longer be allowed to be loaded via this mode unless they are explicitly allowlisted by the user via `torch.serialization.add_safe_globals`. We recommend you start setting `weights_only=True` for any use case where you don't have full control of the loaded file. Please open an issue on GitHub for any issues related to this experimental feature.
  state = torch.load(path, map_location=map_location)
INIT_MODEL_PARTIAL_LOAD path=/sda/home/wangyuxin/ConvIR-B/checkpoints/official/Haze4K/haze4k-base.pkl loaded=602 missing_allowed=25 unexpected=[] allowed_new_prefixes=('DTA.',)
TRAIN_SCOPE scope=adapter_only arch=dta_v2 trainable=74699 total=8705364
/sda/home/wangyuxin/ConvIR-B/envs/convir-cu121/lib/python3.10/site-packages/torch/optim/lr_scheduler.py:224: UserWarning: Detected call of `lr_scheduler.step()` before `optimizer.step()`. In PyTorch 1.1.0 and later, you should call them in the opposite order: `optimizer.step()` before `lr_scheduler.step()`.  Failure to do this will result in PyTorch skipping the first value of the learning rate schedule. See more details at https://pytorch.org/docs/stable/optim.html#how-to-adjust-learning-rate
  warnings.warn(
DTA_GATE_RAMP epoch=1 gate_limit=0.010000
Time:  0.0994 Epoch: 001 Iter:   50/ 600 LR: 0.0000333333 Loss content:  0.0186 Loss fft:  0.8400 Loss dta_rank:  0.6925 Loss dta_tv:  0.0041 Loss dta_proxy:  0.2872 Loss dta_trans:  0.0395 Loss dta_phys:  0.0074 Loss dta_preserve:  0.0072
Time:  0.0718 Epoch: 001 Iter:  100/ 600 LR: 0.0000333333 Loss content:  0.0168 Loss fft:  0.8002 Loss dta_rank:  0.6931 Loss dta_tv:  0.0109 Loss dta_proxy:  0.3371 Loss dta_trans:  0.0315 Loss dta_phys:  0.0102 Loss dta_preserve:  0.0066
Time:  0.0722 Epoch: 001 Iter:  150/ 600 LR: 0.0000333333 Loss content:  0.0171 Loss fft:  0.8117 Loss dta_rank:  0.6978 Loss dta_tv:  0.0146 Loss dta_proxy:  0.3614 Loss dta_trans:  0.0295 Loss dta_phys:  0.0111 Loss dta_preserve:  0.0059
Time:  0.0718 Epoch: 001 Iter:  200/ 600 LR: 0.0000333333 Loss content:  0.0172 Loss fft:  0.8099 Loss dta_rank:  0.7051 Loss dta_tv:  0.0180 Loss dta_proxy:  0.3941 Loss dta_trans:  0.0270 Loss dta_phys:  0.0108 Loss dta_preserve:  0.0052
Time:  0.0750 Epoch: 001 Iter:  250/ 600 LR: 0.0000333333 Loss content:  0.0170 Loss fft:  0.8292 Loss dta_rank:  0.7157 Loss dta_tv:  0.0221 Loss dta_proxy:  0.3886 Loss dta_trans:  0.0248 Loss dta_phys:  0.0097 Loss dta_preserve:  0.0051
Time:  0.0725 Epoch: 001 Iter:  300/ 600 LR: 0.0000333333 Loss content:  0.0176 Loss fft:  0.8391 Loss dta_rank:  0.7236 Loss dta_tv:  0.0257 Loss dta_proxy:  0.3982 Loss dta_trans:  0.0191 Loss dta_phys:  0.0088 Loss dta_preserve:  0.0048
Time:  0.0702 Epoch: 001 Iter:  350/ 600 LR: 0.0000333333 Loss content:  0.0175 Loss fft:  0.8145 Loss dta_rank:  0.7323 Loss dta_tv:  0.0287 Loss dta_proxy:  0.4146 Loss dta_trans:  0.0172 Loss dta_phys:  0.0090 Loss dta_preserve:  0.0055
Time:  0.0760 Epoch: 001 Iter:  400/ 600 LR: 0.0000333333 Loss content:  0.0170 Loss fft:  0.8524 Loss dta_rank:  0.7428 Loss dta_tv:  0.0321 Loss dta_proxy:  0.3937 Loss dta_trans:  0.0153 Loss dta_phys:  0.0084 Loss dta_preserve:  0.0057
Time:  0.0737 Epoch: 001 Iter:  450/ 600 LR: 0.0000333333 Loss content:  0.0174 Loss fft:  0.8271 Loss dta_rank:  0.7476 Loss dta_tv:  0.0327 Loss dta_proxy:  0.4226 Loss dta_trans:  0.0144 Loss dta_phys:  0.0076 Loss dta_preserve:  0.0052
Time:  0.0755 Epoch: 001 Iter:  500/ 600 LR: 0.0000333333 Loss content:  0.0172 Loss fft:  0.8135 Loss dta_rank:  0.7536 Loss dta_tv:  0.0345 Loss dta_proxy:  0.4154 Loss dta_trans:  0.0127 Loss dta_phys:  0.0082 Loss dta_preserve:  0.0064
Time:  0.0738 Epoch: 001 Iter:  550/ 600 LR: 0.0000333333 Loss content:  0.0171 Loss fft:  0.8129 Loss dta_rank:  0.7541 Loss dta_tv:  0.0352 Loss dta_proxy:  0.4337 Loss dta_trans:  0.0133 Loss dta_phys:  0.0093 Loss dta_preserve:  0.0052
Time:  0.0739 Epoch: 001 Iter:  600/ 600 LR: 0.0000333333 Loss content:  0.0173 Loss fft:  0.8159 Loss dta_rank:  0.7558 Loss dta_tv:  0.0352 Loss dta_proxy:  0.4309 Loss dta_trans:  0.0125 Loss dta_phys:  0.0074 Loss dta_preserve:  0.0054
EPOCH: 01
Elapsed time: 0.91 Epoch Pixel Loss:  0.0173 Epoch FFT Loss:  0.8222 Epoch DTA Rank:  0.7262 Epoch DTA TV:  0.0245 Epoch DTA Proxy:  0.3898 Epoch DTA Trans:  0.0214 Epoch DTA Phys:  0.0090 Epoch DTA Preserve:  0.0057
DTA_GATE_RAMP epoch=2 gate_limit=0.010000
Time:  0.0797 Epoch: 002 Iter:   50/ 600 LR: 0.0000666667 Loss content:  0.0173 Loss fft:  0.8430 Loss dta_rank:  0.7557 Loss dta_tv:  0.0354 Loss dta_proxy:  0.4403 Loss dta_trans:  0.0106 Loss dta_phys:  0.0078 Loss dta_preserve:  0.0058
Time:  0.0733 Epoch: 002 Iter:  100/ 600 LR: 0.0000666667 Loss content:  0.0169 Loss fft:  0.8191 Loss dta_rank:  0.7611 Loss dta_tv:  0.0348 Loss dta_proxy:  0.4440 Loss dta_trans:  0.0106 Loss dta_phys:  0.0071 Loss dta_preserve:  0.0042
Time:  0.0698 Epoch: 002 Iter:  150/ 600 LR: 0.0000666667 Loss content:  0.0179 Loss fft:  0.8174 Loss dta_rank:  0.7531 Loss dta_tv:  0.0330 Loss dta_proxy:  0.4783 Loss dta_trans:  0.0104 Loss dta_phys:  0.0087 Loss dta_preserve:  0.0048
Time:  0.0709 Epoch: 002 Iter:  200/ 600 LR: 0.0000666667 Loss content:  0.0162 Loss fft:  0.7950 Loss dta_rank:  0.7637 Loss dta_tv:  0.0351 Loss dta_proxy:  0.4152 Loss dta_trans:  0.0112 Loss dta_phys:  0.0079 Loss dta_preserve:  0.0045
Time:  0.0743 Epoch: 002 Iter:  250/ 600 LR: 0.0000666667 Loss content:  0.0171 Loss fft:  0.8155 Loss dta_rank:  0.7621 Loss dta_tv:  0.0348 Loss dta_proxy:  0.4360 Loss dta_trans:  0.0104 Loss dta_phys:  0.0073 Loss dta_preserve:  0.0041
Time:  0.0722 Epoch: 002 Iter:  300/ 600 LR: 0.0000666667 Loss content:  0.0173 Loss fft:  0.8290 Loss dta_rank:  0.7610 Loss dta_tv:  0.0336 Loss dta_proxy:  0.4453 Loss dta_trans:  0.0100 Loss dta_phys:  0.0073 Loss dta_preserve:  0.0049
Time:  0.0746 Epoch: 002 Iter:  350/ 600 LR: 0.0000666667 Loss content:  0.0174 Loss fft:  0.8286 Loss dta_rank:  0.7628 Loss dta_tv:  0.0340 Loss dta_proxy:  0.4650 Loss dta_trans:  0.0097 Loss dta_phys:  0.0068 Loss dta_preserve:  0.0042
Time:  0.0728 Epoch: 002 Iter:  400/ 600 LR: 0.0000666667 Loss content:  0.0165 Loss fft:  0.8142 Loss dta_rank:  0.7663 Loss dta_tv:  0.0347 Loss dta_proxy:  0.4360 Loss dta_trans:  0.0104 Loss dta_phys:  0.0069 Loss dta_preserve:  0.0043
Time:  0.0764 Epoch: 002 Iter:  450/ 600 LR: 0.0000666667 Loss content:  0.0165 Loss fft:  0.8032 Loss dta_rank:  0.7614 Loss dta_tv:  0.0334 Loss dta_proxy:  0.4463 Loss dta_trans:  0.0098 Loss dta_phys:  0.0062 Loss dta_preserve:  0.0040
Time:  0.0748 Epoch: 002 Iter:  500/ 600 LR: 0.0000666667 Loss content:  0.0172 Loss fft:  0.8295 Loss dta_rank:  0.7654 Loss dta_tv:  0.0332 Loss dta_proxy:  0.4569 Loss dta_trans:  0.0085 Loss dta_phys:  0.0069 Loss dta_preserve:  0.0051
Time:  0.0657 Epoch: 002 Iter:  550/ 600 LR: 0.0000666667 Loss content:  0.0169 Loss fft:  0.8097 Loss dta_rank:  0.7675 Loss dta_tv:  0.0338 Loss dta_proxy:  0.4512 Loss dta_trans:  0.0086 Loss dta_phys:  0.0073 Loss dta_preserve:  0.0047
Time:  0.0634 Epoch: 002 Iter:  600/ 600 LR: 0.0000666667 Loss content:  0.0172 Loss fft:  0.8231 Loss dta_rank:  0.7693 Loss dta_tv:  0.0335 Loss dta_proxy:  0.4526 Loss dta_trans:  0.0083 Loss dta_phys:  0.0071 Loss dta_preserve:  0.0057
EPOCH: 02
Elapsed time: 0.87 Epoch Pixel Loss:  0.0170 Epoch FFT Loss:  0.8190 Epoch DTA Rank:  0.7624 Epoch DTA TV:  0.0341 Epoch DTA Proxy:  0.4473 Epoch DTA Trans:  0.0099 Epoch DTA Phys:  0.0073 Epoch DTA Preserve:  0.0047
DTA_GATE_RAMP epoch=3 gate_limit=0.030000
Time:  0.0721 Epoch: 003 Iter:   50/ 600 LR: 0.0001000000 Loss content:  0.0172 Loss fft:  0.8190 Loss dta_rank:  0.7689 Loss dta_tv:  0.0323 Loss dta_proxy:  0.4459 Loss dta_trans:  0.0084 Loss dta_phys:  0.0075 Loss dta_preserve:  0.0050
Time:  0.0708 Epoch: 003 Iter:  100/ 600 LR: 0.0001000000 Loss content:  0.0180 Loss fft:  0.8314 Loss dta_rank:  0.7636 Loss dta_tv:  0.0319 Loss dta_proxy:  0.4620 Loss dta_trans:  0.0083 Loss dta_phys:  0.0072 Loss dta_preserve:  0.0050
Time:  0.0770 Epoch: 003 Iter:  150/ 600 LR: 0.0001000000 Loss content:  0.0174 Loss fft:  0.8174 Loss dta_rank:  0.7655 Loss dta_tv:  0.0316 Loss dta_proxy:  0.4568 Loss dta_trans:  0.0081 Loss dta_phys:  0.0068 Loss dta_preserve:  0.0053
Time:  0.0721 Epoch: 003 Iter:  200/ 600 LR: 0.0001000000 Loss content:  0.0171 Loss fft:  0.8140 Loss dta_rank:  0.7698 Loss dta_tv:  0.0328 Loss dta_proxy:  0.4354 Loss dta_trans:  0.0094 Loss dta_phys:  0.0071 Loss dta_preserve:  0.0057
Time:  0.0732 Epoch: 003 Iter:  250/ 600 LR: 0.0001000000 Loss content:  0.0168 Loss fft:  0.8234 Loss dta_rank:  0.7702 Loss dta_tv:  0.0311 Loss dta_proxy:  0.4747 Loss dta_trans:  0.0073 Loss dta_phys:  0.0069 Loss dta_preserve:  0.0049
Time:  0.0704 Epoch: 003 Iter:  300/ 600 LR: 0.0001000000 Loss content:  0.0168 Loss fft:  0.8010 Loss dta_rank:  0.7632 Loss dta_tv:  0.0322 Loss dta_proxy:  0.4482 Loss dta_trans:  0.0078 Loss dta_phys:  0.0066 Loss dta_preserve:  0.0050
Time:  0.0753 Epoch: 003 Iter:  350/ 600 LR: 0.0001000000 Loss content:  0.0177 Loss fft:  0.8477 Loss dta_rank:  0.7712 Loss dta_tv:  0.0323 Loss dta_proxy:  0.4480 Loss dta_trans:  0.0071 Loss dta_phys:  0.0065 Loss dta_preserve:  0.0052
Time:  0.0709 Epoch: 003 Iter:  400/ 600 LR: 0.0001000000 Loss content:  0.0170 Loss fft:  0.8165 Loss dta_rank:  0.7676 Loss dta_tv:  0.0310 Loss dta_proxy:  0.4633 Loss dta_trans:  0.0078 Loss dta_phys:  0.0068 Loss dta_preserve:  0.0049
Time:  0.0707 Epoch: 003 Iter:  450/ 600 LR: 0.0001000000 Loss content:  0.0172 Loss fft:  0.8384 Loss dta_rank:  0.7688 Loss dta_tv:  0.0311 Loss dta_proxy:  0.4273 Loss dta_trans:  0.0078 Loss dta_phys:  0.0065 Loss dta_preserve:  0.0046
Time:  0.0706 Epoch: 003 Iter:  500/ 600 LR: 0.0001000000 Loss content:  0.0169 Loss fft:  0.7950 Loss dta_rank:  0.7707 Loss dta_tv:  0.0321 Loss dta_proxy:  0.4306 Loss dta_trans:  0.0086 Loss dta_phys:  0.0069 Loss dta_preserve:  0.0039
Time:  0.0727 Epoch: 003 Iter:  550/ 600 LR: 0.0001000000 Loss content:  0.0174 Loss fft:  0.8078 Loss dta_rank:  0.7720 Loss dta_tv:  0.0311 Loss dta_proxy:  0.4511 Loss dta_trans:  0.0083 Loss dta_phys:  0.0074 Loss dta_preserve:  0.0052
Time:  0.0670 Epoch: 003 Iter:  600/ 600 LR: 0.0001000000 Loss content:  0.0177 Loss fft:  0.8185 Loss dta_rank:  0.7690 Loss dta_tv:  0.0312 Loss dta_proxy:  0.4537 Loss dta_trans:  0.0081 Loss dta_phys:  0.0075 Loss dta_preserve:  0.0055
EPOCH: 03
Elapsed time: 0.87 Epoch Pixel Loss:  0.0173 Epoch FFT Loss:  0.8192 Epoch DTA Rank:  0.7684 Epoch DTA TV:  0.0317 Epoch DTA Proxy:  0.4498 Epoch DTA Trans:  0.0081 Epoch DTA Phys:  0.0070 Epoch DTA Preserve:  0.0050
/sda/home/wangyuxin/ConvIR-B/envs/convir-cu121/lib/python3.10/site-packages/torch/optim/lr_scheduler.py:1087: UserWarning: To get the last learning rate computed by the scheduler, please use `get_last_lr()`.
  _warn_get_lr_called_within_step(self)
DTA_GATE_RAMP epoch=4 gate_limit=0.030000
Time:  0.0737 Epoch: 004 Iter:   50/ 600 LR: 0.0001000000 Loss content:  0.0168 Loss fft:  0.7964 Loss dta_rank:  0.7680 Loss dta_tv:  0.0300 Loss dta_proxy:  0.4520 Loss dta_trans:  0.0063 Loss dta_phys:  0.0067 Loss dta_preserve:  0.0049
Time:  0.0723 Epoch: 004 Iter:  100/ 600 LR: 0.0001000000 Loss content:  0.0163 Loss fft:  0.8006 Loss dta_rank:  0.7739 Loss dta_tv:  0.0314 Loss dta_proxy:  0.4581 Loss dta_trans:  0.0078 Loss dta_phys:  0.0074 Loss dta_preserve:  0.0039
Time:  0.0735 Epoch: 004 Iter:  150/ 600 LR: 0.0001000000 Loss content:  0.0172 Loss fft:  0.8134 Loss dta_rank:  0.7719 Loss dta_tv:  0.0303 Loss dta_proxy:  0.4515 Loss dta_trans:  0.0065 Loss dta_phys:  0.0069 Loss dta_preserve:  0.0050
Time:  0.0693 Epoch: 004 Iter:  200/ 600 LR: 0.0001000000 Loss content:  0.0173 Loss fft:  0.8189 Loss dta_rank:  0.7730 Loss dta_tv:  0.0298 Loss dta_proxy:  0.4569 Loss dta_trans:  0.0060 Loss dta_phys:  0.0064 Loss dta_preserve:  0.0090
Time:  0.0687 Epoch: 004 Iter:  250/ 600 LR: 0.0001000000 Loss content:  0.0187 Loss fft:  0.8491 Loss dta_rank:  0.7734 Loss dta_tv:  0.0294 Loss dta_proxy:  0.4743 Loss dta_trans:  0.0064 Loss dta_phys:  0.0071 Loss dta_preserve:  0.0077
Time:  0.0636 Epoch: 004 Iter:  300/ 600 LR: 0.0001000000 Loss content:  0.0172 Loss fft:  0.8080 Loss dta_rank:  0.7774 Loss dta_tv:  0.0306 Loss dta_proxy:  0.4482 Loss dta_trans:  0.0077 Loss dta_phys:  0.0068 Loss dta_preserve:  0.0041
Time:  0.0736 Epoch: 004 Iter:  350/ 600 LR: 0.0001000000 Loss content:  0.0173 Loss fft:  0.8349 Loss dta_rank:  0.7679 Loss dta_tv:  0.0298 Loss dta_proxy:  0.4540 Loss dta_trans:  0.0081 Loss dta_phys:  0.0070 Loss dta_preserve:  0.0048
Time:  0.0733 Epoch: 004 Iter:  400/ 600 LR: 0.0001000000 Loss content:  0.0168 Loss fft:  0.8181 Loss dta_rank:  0.7655 Loss dta_tv:  0.0300 Loss dta_proxy:  0.4430 Loss dta_trans:  0.0086 Loss dta_phys:  0.0068 Loss dta_preserve:  0.0042
Time:  0.0724 Epoch: 004 Iter:  450/ 600 LR: 0.0001000000 Loss content:  0.0171 Loss fft:  0.8450 Loss dta_rank:  0.7772 Loss dta_tv:  0.0296 Loss dta_proxy:  0.4579 Loss dta_trans:  0.0070 Loss dta_phys:  0.0067 Loss dta_preserve:  0.0057
Time:  0.0739 Epoch: 004 Iter:  500/ 600 LR: 0.0001000000 Loss content:  0.0176 Loss fft:  0.8159 Loss dta_rank:  0.7669 Loss dta_tv:  0.0286 Loss dta_proxy:  0.4470 Loss dta_trans:  0.0082 Loss dta_phys:  0.0071 Loss dta_preserve:  0.0052
Time:  0.0718 Epoch: 004 Iter:  550/ 600 LR: 0.0001000000 Loss content:  0.0171 Loss fft:  0.8241 Loss dta_rank:  0.7752 Loss dta_tv:  0.0293 Loss dta_proxy:  0.4600 Loss dta_trans:  0.0072 Loss dta_phys:  0.0067 Loss dta_preserve:  0.0060
Time:  0.0718 Epoch: 004 Iter:  600/ 600 LR: 0.0001000000 Loss content:  0.0168 Loss fft:  0.8204 Loss dta_rank:  0.7691 Loss dta_tv:  0.0293 Loss dta_proxy:  0.4533 Loss dta_trans:  0.0056 Loss dta_phys:  0.0060 Loss dta_preserve:  0.0046
EPOCH: 04
Elapsed time: 0.86 Epoch Pixel Loss:  0.0172 Epoch FFT Loss:  0.8204 Epoch DTA Rank:  0.7716 Epoch DTA TV:  0.0298 Epoch DTA Proxy:  0.4547 Epoch DTA Trans:  0.0071 Epoch DTA Phys:  0.0068 Epoch DTA Preserve:  0.0054
DTA_GATE_RAMP epoch=5 gate_limit=0.030000
Time:  0.0727 Epoch: 005 Iter:   50/ 600 LR: 0.0000983215 Loss content:  0.0172 Loss fft:  0.8188 Loss dta_rank:  0.7701 Loss dta_tv:  0.0288 Loss dta_proxy:  0.4792 Loss dta_trans:  0.0066 Loss dta_phys:  0.0071 Loss dta_preserve:  0.0046
Time:  0.0719 Epoch: 005 Iter:  100/ 600 LR: 0.0000983215 Loss content:  0.0175 Loss fft:  0.8274 Loss dta_rank:  0.7777 Loss dta_tv:  0.0287 Loss dta_proxy:  0.4630 Loss dta_trans:  0.0063 Loss dta_phys:  0.0072 Loss dta_preserve:  0.0052
Time:  0.0727 Epoch: 005 Iter:  150/ 600 LR: 0.0000983215 Loss content:  0.0171 Loss fft:  0.8159 Loss dta_rank:  0.7737 Loss dta_tv:  0.0285 Loss dta_proxy:  0.4643 Loss dta_trans:  0.0071 Loss dta_phys:  0.0070 Loss dta_preserve:  0.0064
Time:  0.0727 Epoch: 005 Iter:  200/ 600 LR: 0.0000983215 Loss content:  0.0171 Loss fft:  0.8029 Loss dta_rank:  0.7719 Loss dta_tv:  0.0283 Loss dta_proxy:  0.4671 Loss dta_trans:  0.0068 Loss dta_phys:  0.0070 Loss dta_preserve:  0.0080
Time:  0.0725 Epoch: 005 Iter:  250/ 600 LR: 0.0000983215 Loss content:  0.0169 Loss fft:  0.8101 Loss dta_rank:  0.7720 Loss dta_tv:  0.0288 Loss dta_proxy:  0.4519 Loss dta_trans:  0.0069 Loss dta_phys:  0.0074 Loss dta_preserve:  0.0058
Time:  0.0678 Epoch: 005 Iter:  300/ 600 LR: 0.0000983215 Loss content:  0.0163 Loss fft:  0.8047 Loss dta_rank:  0.7699 Loss dta_tv:  0.0290 Loss dta_proxy:  0.4321 Loss dta_trans:  0.0072 Loss dta_phys:  0.0065 Loss dta_preserve:  0.0040
Time:  0.0759 Epoch: 005 Iter:  350/ 600 LR: 0.0000983215 Loss content:  0.0179 Loss fft:  0.8373 Loss dta_rank:  0.7737 Loss dta_tv:  0.0285 Loss dta_proxy:  0.4578 Loss dta_trans:  0.0074 Loss dta_phys:  0.0076 Loss dta_preserve:  0.0056
Time:  0.0775 Epoch: 005 Iter:  400/ 600 LR: 0.0000983215 Loss content:  0.0165 Loss fft:  0.8168 Loss dta_rank:  0.7742 Loss dta_tv:  0.0284 Loss dta_proxy:  0.4483 Loss dta_trans:  0.0062 Loss dta_phys:  0.0069 Loss dta_preserve:  0.0053
Time:  0.0780 Epoch: 005 Iter:  450/ 600 LR: 0.0000983215 Loss content:  0.0169 Loss fft:  0.8172 Loss dta_rank:  0.7737 Loss dta_tv:  0.0287 Loss dta_proxy:  0.4354 Loss dta_trans:  0.0072 Loss dta_phys:  0.0062 Loss dta_preserve:  0.0049
Time:  0.0777 Epoch: 005 Iter:  500/ 600 LR: 0.0000983215 Loss content:  0.0173 Loss fft:  0.8209 Loss dta_rank:  0.7705 Loss dta_tv:  0.0270 Loss dta_proxy:  0.4735 Loss dta_trans:  0.0064 Loss dta_phys:  0.0065 Loss dta_preserve:  0.0046
Time:  0.0768 Epoch: 005 Iter:  550/ 600 LR: 0.0000983215 Loss content:  0.0178 Loss fft:  0.8392 Loss dta_rank:  0.7744 Loss dta_tv:  0.0273 Loss dta_proxy:  0.4651 Loss dta_trans:  0.0065 Loss dta_phys:  0.0061 Loss dta_preserve:  0.0049
Time:  0.0745 Epoch: 005 Iter:  600/ 600 LR: 0.0000983215 Loss content:  0.0168 Loss fft:  0.8323 Loss dta_rank:  0.7755 Loss dta_tv:  0.0279 Loss dta_proxy:  0.4675 Loss dta_trans:  0.0063 Loss dta_phys:  0.0073 Loss dta_preserve:  0.0046
EPOCH: 05
Elapsed time: 0.89 Epoch Pixel Loss:  0.0171 Epoch FFT Loss:  0.8203 Epoch DTA Rank:  0.7731 Epoch DTA TV:  0.0283 Epoch DTA Proxy:  0.4588 Epoch DTA Trans:  0.0067 Epoch DTA Phys:  0.0069 Epoch DTA Preserve:  0.0053
DTA_GATE_RAMP epoch=6 gate_limit=0.030000
Time:  0.0797 Epoch: 006 Iter:   50/ 600 LR: 0.0000942212 Loss content:  0.0170 Loss fft:  0.8076 Loss dta_rank:  0.7753 Loss dta_tv:  0.0279 Loss dta_proxy:  0.4478 Loss dta_trans:  0.0061 Loss dta_phys:  0.0064 Loss dta_preserve:  0.0050
Time:  0.0761 Epoch: 006 Iter:  100/ 600 LR: 0.0000942212 Loss content:  0.0170 Loss fft:  0.8088 Loss dta_rank:  0.7749 Loss dta_tv:  0.0275 Loss dta_proxy:  0.4731 Loss dta_trans:  0.0061 Loss dta_phys:  0.0066 Loss dta_preserve:  0.0057
Time:  0.0780 Epoch: 006 Iter:  150/ 600 LR: 0.0000942212 Loss content:  0.0171 Loss fft:  0.8000 Loss dta_rank:  0.7717 Loss dta_tv:  0.0286 Loss dta_proxy:  0.4445 Loss dta_trans:  0.0068 Loss dta_phys:  0.0072 Loss dta_preserve:  0.0055
Time:  0.0755 Epoch: 006 Iter:  200/ 600 LR: 0.0000942212 Loss content:  0.0176 Loss fft:  0.8499 Loss dta_rank:  0.7756 Loss dta_tv:  0.0278 Loss dta_proxy:  0.4643 Loss dta_trans:  0.0067 Loss dta_phys:  0.0067 Loss dta_preserve:  0.0048
Time:  0.0779 Epoch: 006 Iter:  250/ 600 LR: 0.0000942212 Loss content:  0.0178 Loss fft:  0.8320 Loss dta_rank:  0.7709 Loss dta_tv:  0.0284 Loss dta_proxy:  0.4491 Loss dta_trans:  0.0072 Loss dta_phys:  0.0066 Loss dta_preserve:  0.0045
Time:  0.0767 Epoch: 006 Iter:  300/ 600 LR: 0.0000942212 Loss content:  0.0171 Loss fft:  0.8161 Loss dta_rank:  0.7701 Loss dta_tv:  0.0268 Loss dta_proxy:  0.4644 Loss dta_trans:  0.0062 Loss dta_phys:  0.0063 Loss dta_preserve:  0.0047
Time:  0.0763 Epoch: 006 Iter:  350/ 600 LR: 0.0000942212 Loss content:  0.0181 Loss fft:  0.8334 Loss dta_rank:  0.7740 Loss dta_tv:  0.0271 Loss dta_proxy:  0.4711 Loss dta_trans:  0.0071 Loss dta_phys:  0.0077 Loss dta_preserve:  0.0065
Time:  0.0784 Epoch: 006 Iter:  400/ 600 LR: 0.0000942212 Loss content:  0.0175 Loss fft:  0.8129 Loss dta_rank:  0.7759 Loss dta_tv:  0.0265 Loss dta_proxy:  0.4703 Loss dta_trans:  0.0061 Loss dta_phys:  0.0069 Loss dta_preserve:  0.0051
Time:  0.0772 Epoch: 006 Iter:  450/ 600 LR: 0.0000942212 Loss content:  0.0168 Loss fft:  0.8244 Loss dta_rank:  0.7720 Loss dta_tv:  0.0276 Loss dta_proxy:  0.4371 Loss dta_trans:  0.0070 Loss dta_phys:  0.0062 Loss dta_preserve:  0.0050
Time:  0.0766 Epoch: 006 Iter:  500/ 600 LR: 0.0000942212 Loss content:  0.0170 Loss fft:  0.8109 Loss dta_rank:  0.7707 Loss dta_tv:  0.0266 Loss dta_proxy:  0.4634 Loss dta_trans:  0.0061 Loss dta_phys:  0.0073 Loss dta_preserve:  0.0051
Time:  0.0780 Epoch: 006 Iter:  550/ 600 LR: 0.0000942212 Loss content:  0.0172 Loss fft:  0.8502 Loss dta_rank:  0.7769 Loss dta_tv:  0.0269 Loss dta_proxy:  0.4594 Loss dta_trans:  0.0064 Loss dta_phys:  0.0066 Loss dta_preserve:  0.0050
Time:  0.0745 Epoch: 006 Iter:  600/ 600 LR: 0.0000942212 Loss content:  0.0174 Loss fft:  0.8079 Loss dta_rank:  0.7722 Loss dta_tv:  0.0256 Loss dta_proxy:  0.4758 Loss dta_trans:  0.0058 Loss dta_phys:  0.0075 Loss dta_preserve:  0.0060
EPOCH: 06
Elapsed time: 0.93 Epoch Pixel Loss:  0.0173 Epoch FFT Loss:  0.8212 Epoch DTA Rank:  0.7733 Epoch DTA TV:  0.0273 Epoch DTA Proxy:  0.4600 Epoch DTA Trans:  0.0065 Epoch DTA Phys:  0.0068 Epoch DTA Preserve:  0.0052
DTA_GATE_RAMP epoch=7 gate_limit=0.030000
Time:  0.0789 Epoch: 007 Iter:   50/ 600 LR: 0.0000886874 Loss content:  0.0169 Loss fft:  0.7958 Loss dta_rank:  0.7731 Loss dta_tv:  0.0269 Loss dta_proxy:  0.4539 Loss dta_trans:  0.0066 Loss dta_phys:  0.0066 Loss dta_preserve:  0.0055
Time:  0.0698 Epoch: 007 Iter:  100/ 600 LR: 0.0000886874 Loss content:  0.0165 Loss fft:  0.8062 Loss dta_rank:  0.7701 Loss dta_tv:  0.0267 Loss dta_proxy:  0.4446 Loss dta_trans:  0.0074 Loss dta_phys:  0.0072 Loss dta_preserve:  0.0049
Time:  0.0697 Epoch: 007 Iter:  150/ 600 LR: 0.0000886874 Loss content:  0.0164 Loss fft:  0.7981 Loss dta_rank:  0.7755 Loss dta_tv:  0.0272 Loss dta_proxy:  0.4438 Loss dta_trans:  0.0063 Loss dta_phys:  0.0070 Loss dta_preserve:  0.0054
Time:  0.0649 Epoch: 007 Iter:  200/ 600 LR: 0.0000886874 Loss content:  0.0170 Loss fft:  0.8394 Loss dta_rank:  0.7722 Loss dta_tv:  0.0276 Loss dta_proxy:  0.4436 Loss dta_trans:  0.0067 Loss dta_phys:  0.0067 Loss dta_preserve:  0.0048
Time:  0.0628 Epoch: 007 Iter:  250/ 600 LR: 0.0000886874 Loss content:  0.0175 Loss fft:  0.8385 Loss dta_rank:  0.7728 Loss dta_tv:  0.0267 Loss dta_proxy:  0.4641 Loss dta_trans:  0.0064 Loss dta_phys:  0.0060 Loss dta_preserve:  0.0062
Time:  0.0635 Epoch: 007 Iter:  300/ 600 LR: 0.0000886874 Loss content:  0.0174 Loss fft:  0.8202 Loss dta_rank:  0.7790 Loss dta_tv:  0.0272 Loss dta_proxy:  0.4609 Loss dta_trans:  0.0066 Loss dta_phys:  0.0066 Loss dta_preserve:  0.0061
Time:  0.0649 Epoch: 007 Iter:  350/ 600 LR: 0.0000886874 Loss content:  0.0175 Loss fft:  0.8151 Loss dta_rank:  0.7766 Loss dta_tv:  0.0267 Loss dta_proxy:  0.4543 Loss dta_trans:  0.0063 Loss dta_phys:  0.0071 Loss dta_preserve:  0.0055
Time:  0.0748 Epoch: 007 Iter:  400/ 600 LR: 0.0000886874 Loss content:  0.0174 Loss fft:  0.8319 Loss dta_rank:  0.7738 Loss dta_tv:  0.0264 Loss dta_proxy:  0.4651 Loss dta_trans:  0.0059 Loss dta_phys:  0.0067 Loss dta_preserve:  0.0047
Time:  0.0759 Epoch: 007 Iter:  450/ 600 LR: 0.0000886874 Loss content:  0.0176 Loss fft:  0.8377 Loss dta_rank:  0.7692 Loss dta_tv:  0.0265 Loss dta_proxy:  0.4566 Loss dta_trans:  0.0065 Loss dta_phys:  0.0066 Loss dta_preserve:  0.0061
Time:  0.0742 Epoch: 007 Iter:  500/ 600 LR: 0.0000886874 Loss content:  0.0177 Loss fft:  0.8281 Loss dta_rank:  0.7710 Loss dta_tv:  0.0258 Loss dta_proxy:  0.4679 Loss dta_trans:  0.0059 Loss dta_phys:  0.0072 Loss dta_preserve:  0.0049
Time:  0.0660 Epoch: 007 Iter:  550/ 600 LR: 0.0000886874 Loss content:  0.0169 Loss fft:  0.8276 Loss dta_rank:  0.7733 Loss dta_tv:  0.0262 Loss dta_proxy:  0.4705 Loss dta_trans:  0.0063 Loss dta_phys:  0.0078 Loss dta_preserve:  0.0059
Time:  0.0721 Epoch: 007 Iter:  600/ 600 LR: 0.0000886874 Loss content:  0.0168 Loss fft:  0.8107 Loss dta_rank:  0.7712 Loss dta_tv:  0.0257 Loss dta_proxy:  0.4560 Loss dta_trans:  0.0065 Loss dta_phys:  0.0068 Loss dta_preserve:  0.0044
EPOCH: 07
Elapsed time: 0.84 Epoch Pixel Loss:  0.0171 Epoch FFT Loss:  0.8208 Epoch DTA Rank:  0.7731 Epoch DTA TV:  0.0266 Epoch DTA Proxy:  0.4568 Epoch DTA Trans:  0.0065 Epoch DTA Phys:  0.0069 Epoch DTA Preserve:  0.0054
DTA_GATE_RAMP epoch=8 gate_limit=0.030000
Time:  0.0775 Epoch: 008 Iter:   50/ 600 LR: 0.0000819070 Loss content:  0.0171 Loss fft:  0.8019 Loss dta_rank:  0.7715 Loss dta_tv:  0.0254 Loss dta_proxy:  0.4511 Loss dta_trans:  0.0058 Loss dta_phys:  0.0068 Loss dta_preserve:  0.0051
Time:  0.0723 Epoch: 008 Iter:  100/ 600 LR: 0.0000819070 Loss content:  0.0172 Loss fft:  0.8082 Loss dta_rank:  0.7743 Loss dta_tv:  0.0261 Loss dta_proxy:  0.4617 Loss dta_trans:  0.0064 Loss dta_phys:  0.0067 Loss dta_preserve:  0.0066
Time:  0.0742 Epoch: 008 Iter:  150/ 600 LR: 0.0000819070 Loss content:  0.0180 Loss fft:  0.8611 Loss dta_rank:  0.7708 Loss dta_tv:  0.0248 Loss dta_proxy:  0.4625 Loss dta_trans:  0.0061 Loss dta_phys:  0.0074 Loss dta_preserve:  0.0054
Time:  0.0752 Epoch: 008 Iter:  200/ 600 LR: 0.0000819070 Loss content:  0.0176 Loss fft:  0.8181 Loss dta_rank:  0.7757 Loss dta_tv:  0.0265 Loss dta_proxy:  0.4449 Loss dta_trans:  0.0068 Loss dta_phys:  0.0069 Loss dta_preserve:  0.0053
Time:  0.0730 Epoch: 008 Iter:  250/ 600 LR: 0.0000819070 Loss content:  0.0163 Loss fft:  0.7974 Loss dta_rank:  0.7738 Loss dta_tv:  0.0264 Loss dta_proxy:  0.4549 Loss dta_trans:  0.0067 Loss dta_phys:  0.0075 Loss dta_preserve:  0.0049
Time:  0.0721 Epoch: 008 Iter:  300/ 600 LR: 0.0000819070 Loss content:  0.0171 Loss fft:  0.8138 Loss dta_rank:  0.7794 Loss dta_tv:  0.0263 Loss dta_proxy:  0.4535 Loss dta_trans:  0.0067 Loss dta_phys:  0.0068 Loss dta_preserve:  0.0069
Time:  0.0750 Epoch: 008 Iter:  350/ 600 LR: 0.0000819070 Loss content:  0.0167 Loss fft:  0.7942 Loss dta_rank:  0.7757 Loss dta_tv:  0.0258 Loss dta_proxy:  0.4698 Loss dta_trans:  0.0057 Loss dta_phys:  0.0066 Loss dta_preserve:  0.0052
Time:  0.0775 Epoch: 008 Iter:  400/ 600 LR: 0.0000819070 Loss content:  0.0171 Loss fft:  0.8382 Loss dta_rank:  0.7687 Loss dta_tv:  0.0255 Loss dta_proxy:  0.4629 Loss dta_trans:  0.0069 Loss dta_phys:  0.0069 Loss dta_preserve:  0.0049
Time:  0.0632 Epoch: 008 Iter:  450/ 600 LR: 0.0000819070 Loss content:  0.0174 Loss fft:  0.8307 Loss dta_rank:  0.7778 Loss dta_tv:  0.0259 Loss dta_proxy:  0.4445 Loss dta_trans:  0.0066 Loss dta_phys:  0.0073 Loss dta_preserve:  0.0047
Time:  0.0622 Epoch: 008 Iter:  500/ 600 LR: 0.0000819070 Loss content:  0.0163 Loss fft:  0.7984 Loss dta_rank:  0.7744 Loss dta_tv:  0.0259 Loss dta_proxy:  0.4655 Loss dta_trans:  0.0058 Loss dta_phys:  0.0060 Loss dta_preserve:  0.0051
Time:  0.0618 Epoch: 008 Iter:  550/ 600 LR: 0.0000819070 Loss content:  0.0174 Loss fft:  0.8459 Loss dta_rank:  0.7727 Loss dta_tv:  0.0262 Loss dta_proxy:  0.4678 Loss dta_trans:  0.0060 Loss dta_phys:  0.0071 Loss dta_preserve:  0.0060
Time:  0.0617 Epoch: 008 Iter:  600/ 600 LR: 0.0000819070 Loss content:  0.0174 Loss fft:  0.8550 Loss dta_rank:  0.7758 Loss dta_tv:  0.0264 Loss dta_proxy:  0.4643 Loss dta_trans:  0.0051 Loss dta_phys:  0.0063 Loss dta_preserve:  0.0052
EPOCH: 08
Elapsed time: 0.85 Epoch Pixel Loss:  0.0171 Epoch FFT Loss:  0.8219 Epoch DTA Rank:  0.7742 Epoch DTA TV:  0.0259 Epoch DTA Proxy:  0.4586 Epoch DTA Trans:  0.0062 Epoch DTA Phys:  0.0069 Epoch DTA Preserve:  0.0054
DTA_GATE_RAMP epoch=9 gate_limit=0.060000
Time:  0.0681 Epoch: 009 Iter:   50/ 600 LR: 0.0000741093 Loss content:  0.0181 Loss fft:  0.8186 Loss dta_rank:  0.7727 Loss dta_tv:  0.0243 Loss dta_proxy:  0.4848 Loss dta_trans:  0.0055 Loss dta_phys:  0.0067 Loss dta_preserve:  0.0051
Time:  0.0697 Epoch: 009 Iter:  100/ 600 LR: 0.0000741093 Loss content:  0.0182 Loss fft:  0.8764 Loss dta_rank:  0.7735 Loss dta_tv:  0.0267 Loss dta_proxy:  0.4512 Loss dta_trans:  0.0063 Loss dta_phys:  0.0066 Loss dta_preserve:  0.0053
Time:  0.0756 Epoch: 009 Iter:  150/ 600 LR: 0.0000741093 Loss content:  0.0170 Loss fft:  0.8276 Loss dta_rank:  0.7744 Loss dta_tv:  0.0264 Loss dta_proxy:  0.4523 Loss dta_trans:  0.0056 Loss dta_phys:  0.0076 Loss dta_preserve:  0.0063
Time:  0.0762 Epoch: 009 Iter:  200/ 600 LR: 0.0000741093 Loss content:  0.0170 Loss fft:  0.8071 Loss dta_rank:  0.7753 Loss dta_tv:  0.0263 Loss dta_proxy:  0.4425 Loss dta_trans:  0.0063 Loss dta_phys:  0.0061 Loss dta_preserve:  0.0046
Time:  0.0714 Epoch: 009 Iter:  250/ 600 LR: 0.0000741093 Loss content:  0.0172 Loss fft:  0.8066 Loss dta_rank:  0.7758 Loss dta_tv:  0.0251 Loss dta_proxy:  0.4804 Loss dta_trans:  0.0064 Loss dta_phys:  0.0071 Loss dta_preserve:  0.0047
Time:  0.0670 Epoch: 009 Iter:  300/ 600 LR: 0.0000741093 Loss content:  0.0165 Loss fft:  0.7869 Loss dta_rank:  0.7668 Loss dta_tv:  0.0250 Loss dta_proxy:  0.4528 Loss dta_trans:  0.0071 Loss dta_phys:  0.0073 Loss dta_preserve:  0.0048
Time:  0.0625 Epoch: 009 Iter:  350/ 600 LR: 0.0000741093 Loss content:  0.0170 Loss fft:  0.8206 Loss dta_rank:  0.7689 Loss dta_tv:  0.0252 Loss dta_proxy:  0.4644 Loss dta_trans:  0.0067 Loss dta_phys:  0.0069 Loss dta_preserve:  0.0051
Time:  0.0640 Epoch: 009 Iter:  400/ 600 LR: 0.0000741093 Loss content:  0.0175 Loss fft:  0.8303 Loss dta_rank:  0.7741 Loss dta_tv:  0.0256 Loss dta_proxy:  0.4490 Loss dta_trans:  0.0066 Loss dta_phys:  0.0071 Loss dta_preserve:  0.0051
Time:  0.0660 Epoch: 009 Iter:  450/ 600 LR: 0.0000741093 Loss content:  0.0170 Loss fft:  0.8173 Loss dta_rank:  0.7712 Loss dta_tv:  0.0255 Loss dta_proxy:  0.4713 Loss dta_trans:  0.0050 Loss dta_phys:  0.0058 Loss dta_preserve:  0.0037
Time:  0.0718 Epoch: 009 Iter:  500/ 600 LR: 0.0000741093 Loss content:  0.0171 Loss fft:  0.8208 Loss dta_rank:  0.7716 Loss dta_tv:  0.0250 Loss dta_proxy:  0.4758 Loss dta_trans:  0.0062 Loss dta_phys:  0.0068 Loss dta_preserve:  0.0049
Time:  0.0750 Epoch: 009 Iter:  550/ 600 LR: 0.0000741093 Loss content:  0.0178 Loss fft:  0.8201 Loss dta_rank:  0.7711 Loss dta_tv:  0.0248 Loss dta_proxy:  0.4608 Loss dta_trans:  0.0062 Loss dta_phys:  0.0073 Loss dta_preserve:  0.0038
Time:  0.0676 Epoch: 009 Iter:  600/ 600 LR: 0.0000741093 Loss content:  0.0174 Loss fft:  0.8384 Loss dta_rank:  0.7705 Loss dta_tv:  0.0250 Loss dta_proxy:  0.4707 Loss dta_trans:  0.0062 Loss dta_phys:  0.0071 Loss dta_preserve:  0.0046
EPOCH: 09
Elapsed time: 0.84 Epoch Pixel Loss:  0.0173 Epoch FFT Loss:  0.8226 Epoch DTA Rank:  0.7722 Epoch DTA TV:  0.0254 Epoch DTA Proxy:  0.4630 Epoch DTA Trans:  0.0062 Epoch DTA Phys:  0.0069 Epoch DTA Preserve:  0.0048
DTA_GATE_RAMP epoch=10 gate_limit=0.060000
Time:  0.0701 Epoch: 010 Iter:   50/ 600 LR: 0.0000655580 Loss content:  0.0167 Loss fft:  0.8081 Loss dta_rank:  0.7749 Loss dta_tv:  0.0257 Loss dta_proxy:  0.4553 Loss dta_trans:  0.0061 Loss dta_phys:  0.0068 Loss dta_preserve:  0.0048
Time:  0.0624 Epoch: 010 Iter:  100/ 600 LR: 0.0000655580 Loss content:  0.0172 Loss fft:  0.8093 Loss dta_rank:  0.7743 Loss dta_tv:  0.0254 Loss dta_proxy:  0.4677 Loss dta_trans:  0.0056 Loss dta_phys:  0.0072 Loss dta_preserve:  0.0048
Time:  0.0668 Epoch: 010 Iter:  150/ 600 LR: 0.0000655580 Loss content:  0.0173 Loss fft:  0.8046 Loss dta_rank:  0.7779 Loss dta_tv:  0.0250 Loss dta_proxy:  0.4793 Loss dta_trans:  0.0062 Loss dta_phys:  0.0066 Loss dta_preserve:  0.0055
Time:  0.0761 Epoch: 010 Iter:  200/ 600 LR: 0.0000655580 Loss content:  0.0171 Loss fft:  0.8146 Loss dta_rank:  0.7712 Loss dta_tv:  0.0251 Loss dta_proxy:  0.4599 Loss dta_trans:  0.0066 Loss dta_phys:  0.0070 Loss dta_preserve:  0.0047
Time:  0.0770 Epoch: 010 Iter:  250/ 600 LR: 0.0000655580 Loss content:  0.0174 Loss fft:  0.7942 Loss dta_rank:  0.7696 Loss dta_tv:  0.0251 Loss dta_proxy:  0.4726 Loss dta_trans:  0.0061 Loss dta_phys:  0.0072 Loss dta_preserve:  0.0041
Time:  0.0781 Epoch: 010 Iter:  300/ 600 LR: 0.0000655580 Loss content:  0.0168 Loss fft:  0.8375 Loss dta_rank:  0.7765 Loss dta_tv:  0.0253 Loss dta_proxy:  0.4549 Loss dta_trans:  0.0068 Loss dta_phys:  0.0063 Loss dta_preserve:  0.0050
Time:  0.0735 Epoch: 010 Iter:  350/ 600 LR: 0.0000655580 Loss content:  0.0171 Loss fft:  0.8178 Loss dta_rank:  0.7699 Loss dta_tv:  0.0249 Loss dta_proxy:  0.4693 Loss dta_trans:  0.0054 Loss dta_phys:  0.0069 Loss dta_preserve:  0.0042
Time:  0.0739 Epoch: 010 Iter:  400/ 600 LR: 0.0000655580 Loss content:  0.0169 Loss fft:  0.8408 Loss dta_rank:  0.7797 Loss dta_tv:  0.0262 Loss dta_proxy:  0.4410 Loss dta_trans:  0.0057 Loss dta_phys:  0.0059 Loss dta_preserve:  0.0049
Time:  0.0735 Epoch: 010 Iter:  450/ 600 LR: 0.0000655580 Loss content:  0.0169 Loss fft:  0.8374 Loss dta_rank:  0.7713 Loss dta_tv:  0.0254 Loss dta_proxy:  0.4448 Loss dta_trans:  0.0071 Loss dta_phys:  0.0069 Loss dta_preserve:  0.0057
Time:  0.0746 Epoch: 010 Iter:  500/ 600 LR: 0.0000655580 Loss content:  0.0171 Loss fft:  0.8140 Loss dta_rank:  0.7767 Loss dta_tv:  0.0249 Loss dta_proxy:  0.4678 Loss dta_trans:  0.0056 Loss dta_phys:  0.0068 Loss dta_preserve:  0.0051
Time:  0.0762 Epoch: 010 Iter:  550/ 600 LR: 0.0000655580 Loss content:  0.0171 Loss fft:  0.8269 Loss dta_rank:  0.7722 Loss dta_tv:  0.0247 Loss dta_proxy:  0.4761 Loss dta_trans:  0.0061 Loss dta_phys:  0.0067 Loss dta_preserve:  0.0042
Time:  0.0728 Epoch: 010 Iter:  600/ 600 LR: 0.0000655580 Loss content:  0.0176 Loss fft:  0.8116 Loss dta_rank:  0.7679 Loss dta_tv:  0.0249 Loss dta_proxy:  0.4481 Loss dta_trans:  0.0068 Loss dta_phys:  0.0070 Loss dta_preserve:  0.0044
EPOCH: 10
Elapsed time: 0.88 Epoch Pixel Loss:  0.0171 Epoch FFT Loss:  0.8181 Epoch DTA Rank:  0.7735 Epoch DTA TV:  0.0252 Epoch DTA Proxy:  0.4614 Epoch DTA Trans:  0.0062 Epoch DTA Phys:  0.0068 Epoch DTA Preserve:  0.0048
DTA_GATE_RAMP epoch=11 gate_limit=0.060000
Time:  0.0796 Epoch: 011 Iter:   50/ 600 LR: 0.0000565424 Loss content:  0.0167 Loss fft:  0.8104 Loss dta_rank:  0.7736 Loss dta_tv:  0.0252 Loss dta_proxy:  0.4515 Loss dta_trans:  0.0062 Loss dta_phys:  0.0068 Loss dta_preserve:  0.0065
Time:  0.0759 Epoch: 011 Iter:  100/ 600 LR: 0.0000565424 Loss content:  0.0170 Loss fft:  0.8265 Loss dta_rank:  0.7709 Loss dta_tv:  0.0243 Loss dta_proxy:  0.4751 Loss dta_trans:  0.0051 Loss dta_phys:  0.0063 Loss dta_preserve:  0.0067
Time:  0.0750 Epoch: 011 Iter:  150/ 600 LR: 0.0000565424 Loss content:  0.0162 Loss fft:  0.7835 Loss dta_rank:  0.7718 Loss dta_tv:  0.0256 Loss dta_proxy:  0.4411 Loss dta_trans:  0.0068 Loss dta_phys:  0.0074 Loss dta_preserve:  0.0054
Time:  0.0718 Epoch: 011 Iter:  200/ 600 LR: 0.0000565424 Loss content:  0.0160 Loss fft:  0.7859 Loss dta_rank:  0.7734 Loss dta_tv:  0.0256 Loss dta_proxy:  0.4440 Loss dta_trans:  0.0061 Loss dta_phys:  0.0064 Loss dta_preserve:  0.0058
Time:  0.0659 Epoch: 011 Iter:  250/ 600 LR: 0.0000565424 Loss content:  0.0171 Loss fft:  0.8444 Loss dta_rank:  0.7731 Loss dta_tv:  0.0257 Loss dta_proxy:  0.4343 Loss dta_trans:  0.0064 Loss dta_phys:  0.0069 Loss dta_preserve:  0.0084
Time:  0.0743 Epoch: 011 Iter:  300/ 600 LR: 0.0000565424 Loss content:  0.0182 Loss fft:  0.8297 Loss dta_rank:  0.7737 Loss dta_tv:  0.0253 Loss dta_proxy:  0.4583 Loss dta_trans:  0.0060 Loss dta_phys:  0.0069 Loss dta_preserve:  0.0061
Time:  0.0746 Epoch: 011 Iter:  350/ 600 LR: 0.0000565424 Loss content:  0.0171 Loss fft:  0.8241 Loss dta_rank:  0.7700 Loss dta_tv:  0.0244 Loss dta_proxy:  0.4658 Loss dta_trans:  0.0058 Loss dta_phys:  0.0066 Loss dta_preserve:  0.0054
Time:  0.0718 Epoch: 011 Iter:  400/ 600 LR: 0.0000565424 Loss content:  0.0177 Loss fft:  0.8128 Loss dta_rank:  0.7719 Loss dta_tv:  0.0249 Loss dta_proxy:  0.4727 Loss dta_trans:  0.0067 Loss dta_phys:  0.0077 Loss dta_preserve:  0.0060
Time:  0.0722 Epoch: 011 Iter:  450/ 600 LR: 0.0000565424 Loss content:  0.0168 Loss fft:  0.8093 Loss dta_rank:  0.7783 Loss dta_tv:  0.0246 Loss dta_proxy:  0.4725 Loss dta_trans:  0.0061 Loss dta_phys:  0.0072 Loss dta_preserve:  0.0044
Time:  0.0734 Epoch: 011 Iter:  500/ 600 LR: 0.0000565424 Loss content:  0.0170 Loss fft:  0.8245 Loss dta_rank:  0.7791 Loss dta_tv:  0.0250 Loss dta_proxy:  0.4696 Loss dta_trans:  0.0055 Loss dta_phys:  0.0066 Loss dta_preserve:  0.0048
Time:  0.0742 Epoch: 011 Iter:  550/ 600 LR: 0.0000565424 Loss content:  0.0185 Loss fft:  0.8565 Loss dta_rank:  0.7747 Loss dta_tv:  0.0249 Loss dta_proxy:  0.4661 Loss dta_trans:  0.0055 Loss dta_phys:  0.0058 Loss dta_preserve:  0.0051
Time:  0.0674 Epoch: 011 Iter:  600/ 600 LR: 0.0000565424 Loss content:  0.0163 Loss fft:  0.7725 Loss dta_rank:  0.7686 Loss dta_tv:  0.0247 Loss dta_proxy:  0.4619 Loss dta_trans:  0.0054 Loss dta_phys:  0.0063 Loss dta_preserve:  0.0045
EPOCH: 11
Elapsed time: 0.88 Epoch Pixel Loss:  0.0171 Epoch FFT Loss:  0.8150 Epoch DTA Rank:  0.7733 Epoch DTA TV:  0.0250 Epoch DTA Proxy:  0.4594 Epoch DTA Trans:  0.0060 Epoch DTA Phys:  0.0067 Epoch DTA Preserve:  0.0058
DTA_GATE_RAMP epoch=12 gate_limit=0.060000
Time:  0.0721 Epoch: 012 Iter:   50/ 600 LR: 0.0000473670 Loss content:  0.0172 Loss fft:  0.7757 Loss dta_rank:  0.7700 Loss dta_tv:  0.0243 Loss dta_proxy:  0.4696 Loss dta_trans:  0.0061 Loss dta_phys:  0.0076 Loss dta_preserve:  0.0056
Time:  0.0705 Epoch: 012 Iter:  100/ 600 LR: 0.0000473670 Loss content:  0.0163 Loss fft:  0.7929 Loss dta_rank:  0.7734 Loss dta_tv:  0.0250 Loss dta_proxy:  0.4462 Loss dta_trans:  0.0058 Loss dta_phys:  0.0067 Loss dta_preserve:  0.0053
Time:  0.0727 Epoch: 012 Iter:  150/ 600 LR: 0.0000473670 Loss content:  0.0170 Loss fft:  0.8000 Loss dta_rank:  0.7703 Loss dta_tv:  0.0250 Loss dta_proxy:  0.4523 Loss dta_trans:  0.0071 Loss dta_phys:  0.0073 Loss dta_preserve:  0.0052
Time:  0.0710 Epoch: 012 Iter:  200/ 600 LR: 0.0000473670 Loss content:  0.0168 Loss fft:  0.8148 Loss dta_rank:  0.7735 Loss dta_tv:  0.0245 Loss dta_proxy:  0.4568 Loss dta_trans:  0.0062 Loss dta_phys:  0.0073 Loss dta_preserve:  0.0048
Time:  0.0748 Epoch: 012 Iter:  250/ 600 LR: 0.0000473670 Loss content:  0.0171 Loss fft:  0.8371 Loss dta_rank:  0.7788 Loss dta_tv:  0.0248 Loss dta_proxy:  0.4640 Loss dta_trans:  0.0054 Loss dta_phys:  0.0062 Loss dta_preserve:  0.0055
Time:  0.0731 Epoch: 012 Iter:  300/ 600 LR: 0.0000473670 Loss content:  0.0169 Loss fft:  0.8186 Loss dta_rank:  0.7782 Loss dta_tv:  0.0247 Loss dta_proxy:  0.4605 Loss dta_trans:  0.0058 Loss dta_phys:  0.0069 Loss dta_preserve:  0.0076
Time:  0.0718 Epoch: 012 Iter:  350/ 600 LR: 0.0000473670 Loss content:  0.0176 Loss fft:  0.8239 Loss dta_rank:  0.7711 Loss dta_tv:  0.0240 Loss dta_proxy:  0.4561 Loss dta_trans:  0.0060 Loss dta_phys:  0.0062 Loss dta_preserve:  0.0060
Time:  0.0630 Epoch: 012 Iter:  400/ 600 LR: 0.0000473670 Loss content:  0.0170 Loss fft:  0.8190 Loss dta_rank:  0.7753 Loss dta_tv:  0.0255 Loss dta_proxy:  0.4486 Loss dta_trans:  0.0069 Loss dta_phys:  0.0066 Loss dta_preserve:  0.0053
Time:  0.0683 Epoch: 012 Iter:  450/ 600 LR: 0.0000473670 Loss content:  0.0173 Loss fft:  0.8032 Loss dta_rank:  0.7735 Loss dta_tv:  0.0239 Loss dta_proxy:  0.4747 Loss dta_trans:  0.0066 Loss dta_phys:  0.0072 Loss dta_preserve:  0.0060
Time:  0.0673 Epoch: 012 Iter:  500/ 600 LR: 0.0000473670 Loss content:  0.0176 Loss fft:  0.8348 Loss dta_rank:  0.7740 Loss dta_tv:  0.0244 Loss dta_proxy:  0.4788 Loss dta_trans:  0.0057 Loss dta_phys:  0.0074 Loss dta_preserve:  0.0054
Time:  0.0637 Epoch: 012 Iter:  550/ 600 LR: 0.0000473670 Loss content:  0.0180 Loss fft:  0.8566 Loss dta_rank:  0.7735 Loss dta_tv:  0.0246 Loss dta_proxy:  0.4584 Loss dta_trans:  0.0058 Loss dta_phys:  0.0067 Loss dta_preserve:  0.0050
Time:  0.0633 Epoch: 012 Iter:  600/ 600 LR: 0.0000473670 Loss content:  0.0167 Loss fft:  0.8051 Loss dta_rank:  0.7781 Loss dta_tv:  0.0253 Loss dta_proxy:  0.4499 Loss dta_trans:  0.0061 Loss dta_phys:  0.0063 Loss dta_preserve:  0.0042
EPOCH: 12
Elapsed time: 0.84 Epoch Pixel Loss:  0.0171 Epoch FFT Loss:  0.8151 Epoch DTA Rank:  0.7741 Epoch DTA TV:  0.0247 Epoch DTA Proxy:  0.4597 Epoch DTA Trans:  0.0061 Epoch DTA Phys:  0.0069 Epoch DTA Preserve:  0.0055
DTA_GATE_RAMP epoch=13 gate_limit=0.060000
Time:  0.0730 Epoch: 013 Iter:   50/ 600 LR: 0.0000383414 Loss content:  0.0170 Loss fft:  0.8098 Loss dta_rank:  0.7724 Loss dta_tv:  0.0241 Loss dta_proxy:  0.4681 Loss dta_trans:  0.0056 Loss dta_phys:  0.0068 Loss dta_preserve:  0.0038
Time:  0.0634 Epoch: 013 Iter:  100/ 600 LR: 0.0000383414 Loss content:  0.0170 Loss fft:  0.8216 Loss dta_rank:  0.7784 Loss dta_tv:  0.0247 Loss dta_proxy:  0.4586 Loss dta_trans:  0.0064 Loss dta_phys:  0.0069 Loss dta_preserve:  0.0044
Time:  0.0630 Epoch: 013 Iter:  150/ 600 LR: 0.0000383414 Loss content:  0.0174 Loss fft:  0.8355 Loss dta_rank:  0.7736 Loss dta_tv:  0.0251 Loss dta_proxy:  0.4617 Loss dta_trans:  0.0062 Loss dta_phys:  0.0067 Loss dta_preserve:  0.0049
Time:  0.0624 Epoch: 013 Iter:  200/ 600 LR: 0.0000383414 Loss content:  0.0160 Loss fft:  0.7794 Loss dta_rank:  0.7714 Loss dta_tv:  0.0255 Loss dta_proxy:  0.4425 Loss dta_trans:  0.0058 Loss dta_phys:  0.0072 Loss dta_preserve:  0.0043
Time:  0.0644 Epoch: 013 Iter:  250/ 600 LR: 0.0000383414 Loss content:  0.0173 Loss fft:  0.8010 Loss dta_rank:  0.7743 Loss dta_tv:  0.0257 Loss dta_proxy:  0.4325 Loss dta_trans:  0.0058 Loss dta_phys:  0.0058 Loss dta_preserve:  0.0038
Time:  0.0663 Epoch: 013 Iter:  300/ 600 LR: 0.0000383414 Loss content:  0.0177 Loss fft:  0.8432 Loss dta_rank:  0.7760 Loss dta_tv:  0.0250 Loss dta_proxy:  0.4616 Loss dta_trans:  0.0054 Loss dta_phys:  0.0068 Loss dta_preserve:  0.0049
Time:  0.0636 Epoch: 013 Iter:  350/ 600 LR: 0.0000383414 Loss content:  0.0177 Loss fft:  0.8377 Loss dta_rank:  0.7754 Loss dta_tv:  0.0248 Loss dta_proxy:  0.4558 Loss dta_trans:  0.0057 Loss dta_phys:  0.0060 Loss dta_preserve:  0.0040
Time:  0.0629 Epoch: 013 Iter:  400/ 600 LR: 0.0000383414 Loss content:  0.0174 Loss fft:  0.8145 Loss dta_rank:  0.7712 Loss dta_tv:  0.0238 Loss dta_proxy:  0.4670 Loss dta_trans:  0.0055 Loss dta_phys:  0.0070 Loss dta_preserve:  0.0059
Time:  0.0648 Epoch: 013 Iter:  450/ 600 LR: 0.0000383414 Loss content:  0.0171 Loss fft:  0.8260 Loss dta_rank:  0.7777 Loss dta_tv:  0.0244 Loss dta_proxy:  0.4750 Loss dta_trans:  0.0063 Loss dta_phys:  0.0072 Loss dta_preserve:  0.0042
Time:  0.0710 Epoch: 013 Iter:  500/ 600 LR: 0.0000383414 Loss content:  0.0182 Loss fft:  0.8098 Loss dta_rank:  0.7781 Loss dta_tv:  0.0246 Loss dta_proxy:  0.4673 Loss dta_trans:  0.0060 Loss dta_phys:  0.0068 Loss dta_preserve:  0.0054
Time:  0.0665 Epoch: 013 Iter:  550/ 600 LR: 0.0000383414 Loss content:  0.0170 Loss fft:  0.7899 Loss dta_rank:  0.7744 Loss dta_tv:  0.0247 Loss dta_proxy:  0.4673 Loss dta_trans:  0.0053 Loss dta_phys:  0.0067 Loss dta_preserve:  0.0059
Time:  0.0661 Epoch: 013 Iter:  600/ 600 LR: 0.0000383414 Loss content:  0.0172 Loss fft:  0.8379 Loss dta_rank:  0.7778 Loss dta_tv:  0.0243 Loss dta_proxy:  0.4617 Loss dta_trans:  0.0057 Loss dta_phys:  0.0063 Loss dta_preserve:  0.0047
EPOCH: 13
Elapsed time: 0.79 Epoch Pixel Loss:  0.0173 Epoch FFT Loss:  0.8172 Epoch DTA Rank:  0.7751 Epoch DTA TV:  0.0247 Epoch DTA Proxy:  0.4599 Epoch DTA Trans:  0.0058 Epoch DTA Phys:  0.0067 Epoch DTA Preserve:  0.0047
DTA_GATE_RAMP epoch=14 gate_limit=0.060000
Time:  0.0708 Epoch: 014 Iter:   50/ 600 LR: 0.0000297690 Loss content:  0.0177 Loss fft:  0.8068 Loss dta_rank:  0.7766 Loss dta_tv:  0.0243 Loss dta_proxy:  0.4666 Loss dta_trans:  0.0060 Loss dta_phys:  0.0067 Loss dta_preserve:  0.0048
Time:  0.0698 Epoch: 014 Iter:  100/ 600 LR: 0.0000297690 Loss content:  0.0171 Loss fft:  0.8420 Loss dta_rank:  0.7797 Loss dta_tv:  0.0247 Loss dta_proxy:  0.4683 Loss dta_trans:  0.0056 Loss dta_phys:  0.0063 Loss dta_preserve:  0.0046
Time:  0.0744 Epoch: 014 Iter:  150/ 600 LR: 0.0000297690 Loss content:  0.0172 Loss fft:  0.7948 Loss dta_rank:  0.7749 Loss dta_tv:  0.0248 Loss dta_proxy:  0.4503 Loss dta_trans:  0.0057 Loss dta_phys:  0.0066 Loss dta_preserve:  0.0053
Time:  0.0752 Epoch: 014 Iter:  200/ 600 LR: 0.0000297690 Loss content:  0.0167 Loss fft:  0.8052 Loss dta_rank:  0.7727 Loss dta_tv:  0.0244 Loss dta_proxy:  0.4635 Loss dta_trans:  0.0059 Loss dta_phys:  0.0073 Loss dta_preserve:  0.0062
Time:  0.0819 Epoch: 014 Iter:  250/ 600 LR: 0.0000297690 Loss content:  0.0172 Loss fft:  0.8373 Loss dta_rank:  0.7766 Loss dta_tv:  0.0241 Loss dta_proxy:  0.4613 Loss dta_trans:  0.0052 Loss dta_phys:  0.0065 Loss dta_preserve:  0.0050
Time:  0.0799 Epoch: 014 Iter:  300/ 600 LR: 0.0000297690 Loss content:  0.0162 Loss fft:  0.7932 Loss dta_rank:  0.7761 Loss dta_tv:  0.0250 Loss dta_proxy:  0.4341 Loss dta_trans:  0.0066 Loss dta_phys:  0.0064 Loss dta_preserve:  0.0044
Time:  0.0773 Epoch: 014 Iter:  350/ 600 LR: 0.0000297690 Loss content:  0.0168 Loss fft:  0.8179 Loss dta_rank:  0.7764 Loss dta_tv:  0.0250 Loss dta_proxy:  0.4480 Loss dta_trans:  0.0058 Loss dta_phys:  0.0071 Loss dta_preserve:  0.0049
Time:  0.0732 Epoch: 014 Iter:  400/ 600 LR: 0.0000297690 Loss content:  0.0167 Loss fft:  0.8077 Loss dta_rank:  0.7742 Loss dta_tv:  0.0245 Loss dta_proxy:  0.4619 Loss dta_trans:  0.0057 Loss dta_phys:  0.0067 Loss dta_preserve:  0.0047
Time:  0.0733 Epoch: 014 Iter:  450/ 600 LR: 0.0000297690 Loss content:  0.0169 Loss fft:  0.8104 Loss dta_rank:  0.7730 Loss dta_tv:  0.0248 Loss dta_proxy:  0.4578 Loss dta_trans:  0.0067 Loss dta_phys:  0.0068 Loss dta_preserve:  0.0039
Time:  0.0755 Epoch: 014 Iter:  500/ 600 LR: 0.0000297690 Loss content:  0.0175 Loss fft:  0.8072 Loss dta_rank:  0.7721 Loss dta_tv:  0.0245 Loss dta_proxy:  0.4650 Loss dta_trans:  0.0061 Loss dta_phys:  0.0070 Loss dta_preserve:  0.0074
Time:  0.0747 Epoch: 014 Iter:  550/ 600 LR: 0.0000297690 Loss content:  0.0178 Loss fft:  0.8518 Loss dta_rank:  0.7723 Loss dta_tv:  0.0245 Loss dta_proxy:  0.4730 Loss dta_trans:  0.0056 Loss dta_phys:  0.0069 Loss dta_preserve:  0.0054
Time:  0.0756 Epoch: 014 Iter:  600/ 600 LR: 0.0000297690 Loss content:  0.0175 Loss fft:  0.8368 Loss dta_rank:  0.7732 Loss dta_tv:  0.0243 Loss dta_proxy:  0.4748 Loss dta_trans:  0.0057 Loss dta_phys:  0.0068 Loss dta_preserve:  0.0047
EPOCH: 14
Elapsed time: 0.91 Epoch Pixel Loss:  0.0171 Epoch FFT Loss:  0.8176 Epoch DTA Rank:  0.7748 Epoch DTA TV:  0.0246 Epoch DTA Proxy:  0.4604 Epoch DTA Trans:  0.0059 Epoch DTA Phys:  0.0068 Epoch DTA Preserve:  0.0051
DTA_GATE_RAMP epoch=15 gate_limit=0.060000
Time:  0.0700 Epoch: 015 Iter:   50/ 600 LR: 0.0000219361 Loss content:  0.0175 Loss fft:  0.8061 Loss dta_rank:  0.7740 Loss dta_tv:  0.0244 Loss dta_proxy:  0.4662 Loss dta_trans:  0.0056 Loss dta_phys:  0.0065 Loss dta_preserve:  0.0041
Time:  0.0624 Epoch: 015 Iter:  100/ 600 LR: 0.0000219361 Loss content:  0.0170 Loss fft:  0.8376 Loss dta_rank:  0.7777 Loss dta_tv:  0.0239 Loss dta_proxy:  0.4569 Loss dta_trans:  0.0058 Loss dta_phys:  0.0064 Loss dta_preserve:  0.0060
Time:  0.0634 Epoch: 015 Iter:  150/ 600 LR: 0.0000219361 Loss content:  0.0167 Loss fft:  0.8082 Loss dta_rank:  0.7779 Loss dta_tv:  0.0242 Loss dta_proxy:  0.4647 Loss dta_trans:  0.0056 Loss dta_phys:  0.0069 Loss dta_preserve:  0.0046
Time:  0.0646 Epoch: 015 Iter:  200/ 600 LR: 0.0000219361 Loss content:  0.0176 Loss fft:  0.8020 Loss dta_rank:  0.7734 Loss dta_tv:  0.0240 Loss dta_proxy:  0.4598 Loss dta_trans:  0.0063 Loss dta_phys:  0.0066 Loss dta_preserve:  0.0054
Time:  0.0679 Epoch: 015 Iter:  250/ 600 LR: 0.0000219361 Loss content:  0.0177 Loss fft:  0.8548 Loss dta_rank:  0.7758 Loss dta_tv:  0.0245 Loss dta_proxy:  0.4658 Loss dta_trans:  0.0054 Loss dta_phys:  0.0065 Loss dta_preserve:  0.0054
Time:  0.0664 Epoch: 015 Iter:  300/ 600 LR: 0.0000219361 Loss content:  0.0172 Loss fft:  0.8063 Loss dta_rank:  0.7767 Loss dta_tv:  0.0244 Loss dta_proxy:  0.4596 Loss dta_trans:  0.0054 Loss dta_phys:  0.0066 Loss dta_preserve:  0.0055
Time:  0.0664 Epoch: 015 Iter:  350/ 600 LR: 0.0000219361 Loss content:  0.0174 Loss fft:  0.8167 Loss dta_rank:  0.7713 Loss dta_tv:  0.0245 Loss dta_proxy:  0.4649 Loss dta_trans:  0.0060 Loss dta_phys:  0.0070 Loss dta_preserve:  0.0054
Time:  0.0689 Epoch: 015 Iter:  400/ 600 LR: 0.0000219361 Loss content:  0.0172 Loss fft:  0.8121 Loss dta_rank:  0.7717 Loss dta_tv:  0.0253 Loss dta_proxy:  0.4315 Loss dta_trans:  0.0059 Loss dta_phys:  0.0062 Loss dta_preserve:  0.0052
Time:  0.0662 Epoch: 015 Iter:  450/ 600 LR: 0.0000219361 Loss content:  0.0168 Loss fft:  0.8103 Loss dta_rank:  0.7766 Loss dta_tv:  0.0246 Loss dta_proxy:  0.4669 Loss dta_trans:  0.0056 Loss dta_phys:  0.0071 Loss dta_preserve:  0.0050
Time:  0.0685 Epoch: 015 Iter:  500/ 600 LR: 0.0000219361 Loss content:  0.0174 Loss fft:  0.8070 Loss dta_rank:  0.7704 Loss dta_tv:  0.0249 Loss dta_proxy:  0.4392 Loss dta_trans:  0.0066 Loss dta_phys:  0.0071 Loss dta_preserve:  0.0048
Time:  0.0747 Epoch: 015 Iter:  550/ 600 LR: 0.0000219361 Loss content:  0.0167 Loss fft:  0.8233 Loss dta_rank:  0.7732 Loss dta_tv:  0.0237 Loss dta_proxy:  0.4717 Loss dta_trans:  0.0064 Loss dta_phys:  0.0071 Loss dta_preserve:  0.0042
Time:  0.0663 Epoch: 015 Iter:  600/ 600 LR: 0.0000219361 Loss content:  0.0167 Loss fft:  0.8143 Loss dta_rank:  0.7737 Loss dta_tv:  0.0238 Loss dta_proxy:  0.4705 Loss dta_trans:  0.0052 Loss dta_phys:  0.0066 Loss dta_preserve:  0.0047
EPOCH: 15
Elapsed time: 0.81 Epoch Pixel Loss:  0.0172 Epoch FFT Loss:  0.8166 Epoch DTA Rank:  0.7744 Epoch DTA TV:  0.0243 Epoch DTA Proxy:  0.4598 Epoch DTA Trans:  0.0058 Epoch DTA Phys:  0.0067 Epoch DTA Preserve:  0.0050
DTA_GATE_RAMP epoch=16 gate_limit=0.060000
Time:  0.0762 Epoch: 016 Iter:   50/ 600 LR: 0.0000151017 Loss content:  0.0168 Loss fft:  0.8141 Loss dta_rank:  0.7815 Loss dta_tv:  0.0244 Loss dta_proxy:  0.4448 Loss dta_trans:  0.0060 Loss dta_phys:  0.0063 Loss dta_preserve:  0.0044
Time:  0.0719 Epoch: 016 Iter:  100/ 600 LR: 0.0000151017 Loss content:  0.0176 Loss fft:  0.8367 Loss dta_rank:  0.7733 Loss dta_tv:  0.0235 Loss dta_proxy:  0.4851 Loss dta_trans:  0.0054 Loss dta_phys:  0.0069 Loss dta_preserve:  0.0053
Time:  0.0709 Epoch: 016 Iter:  150/ 600 LR: 0.0000151017 Loss content:  0.0170 Loss fft:  0.8198 Loss dta_rank:  0.7759 Loss dta_tv:  0.0240 Loss dta_proxy:  0.4595 Loss dta_trans:  0.0052 Loss dta_phys:  0.0066 Loss dta_preserve:  0.0055
Time:  0.0752 Epoch: 016 Iter:  200/ 600 LR: 0.0000151017 Loss content:  0.0165 Loss fft:  0.7662 Loss dta_rank:  0.7779 Loss dta_tv:  0.0241 Loss dta_proxy:  0.4636 Loss dta_trans:  0.0060 Loss dta_phys:  0.0075 Loss dta_preserve:  0.0045
Time:  0.0750 Epoch: 016 Iter:  250/ 600 LR: 0.0000151017 Loss content:  0.0181 Loss fft:  0.8813 Loss dta_rank:  0.7783 Loss dta_tv:  0.0240 Loss dta_proxy:  0.4795 Loss dta_trans:  0.0054 Loss dta_phys:  0.0065 Loss dta_preserve:  0.0049
Time:  0.0725 Epoch: 016 Iter:  300/ 600 LR: 0.0000151017 Loss content:  0.0172 Loss fft:  0.8187 Loss dta_rank:  0.7698 Loss dta_tv:  0.0239 Loss dta_proxy:  0.4689 Loss dta_trans:  0.0057 Loss dta_phys:  0.0065 Loss dta_preserve:  0.0053
Time:  0.0727 Epoch: 016 Iter:  350/ 600 LR: 0.0000151017 Loss content:  0.0169 Loss fft:  0.8000 Loss dta_rank:  0.7750 Loss dta_tv:  0.0246 Loss dta_proxy:  0.4536 Loss dta_trans:  0.0059 Loss dta_phys:  0.0065 Loss dta_preserve:  0.0047
Time:  0.0687 Epoch: 016 Iter:  400/ 600 LR: 0.0000151017 Loss content:  0.0167 Loss fft:  0.8434 Loss dta_rank:  0.7827 Loss dta_tv:  0.0252 Loss dta_proxy:  0.4559 Loss dta_trans:  0.0060 Loss dta_phys:  0.0069 Loss dta_preserve:  0.0048
Time:  0.0749 Epoch: 016 Iter:  450/ 600 LR: 0.0000151017 Loss content:  0.0171 Loss fft:  0.8325 Loss dta_rank:  0.7784 Loss dta_tv:  0.0247 Loss dta_proxy:  0.4553 Loss dta_trans:  0.0053 Loss dta_phys:  0.0066 Loss dta_preserve:  0.0049
Time:  0.0759 Epoch: 016 Iter:  500/ 600 LR: 0.0000151017 Loss content:  0.0171 Loss fft:  0.8309 Loss dta_rank:  0.7750 Loss dta_tv:  0.0247 Loss dta_proxy:  0.4442 Loss dta_trans:  0.0061 Loss dta_phys:  0.0065 Loss dta_preserve:  0.0056
Time:  0.0765 Epoch: 016 Iter:  550/ 600 LR: 0.0000151017 Loss content:  0.0168 Loss fft:  0.7934 Loss dta_rank:  0.7720 Loss dta_tv:  0.0241 Loss dta_proxy:  0.4685 Loss dta_trans:  0.0059 Loss dta_phys:  0.0076 Loss dta_preserve:  0.0044
Time:  0.0719 Epoch: 016 Iter:  600/ 600 LR: 0.0000151017 Loss content:  0.0164 Loss fft:  0.7954 Loss dta_rank:  0.7758 Loss dta_tv:  0.0246 Loss dta_proxy:  0.4492 Loss dta_trans:  0.0062 Loss dta_phys:  0.0071 Loss dta_preserve:  0.0044
EPOCH: 16
Elapsed time: 0.89 Epoch Pixel Loss:  0.0170 Epoch FFT Loss:  0.8194 Epoch DTA Rank:  0.7763 Epoch DTA TV:  0.0243 Epoch DTA Proxy:  0.4607 Epoch DTA Trans:  0.0058 Epoch DTA Phys:  0.0068 Epoch DTA Preserve:  0.0049
DTA_GATE_RAMP epoch=17 gate_limit=0.060000
Time:  0.0765 Epoch: 017 Iter:   50/ 600 LR: 0.0000094853 Loss content:  0.0180 Loss fft:  0.8227 Loss dta_rank:  0.7730 Loss dta_tv:  0.0241 Loss dta_proxy:  0.4540 Loss dta_trans:  0.0058 Loss dta_phys:  0.0071 Loss dta_preserve:  0.0047
Time:  0.0717 Epoch: 017 Iter:  100/ 600 LR: 0.0000094853 Loss content:  0.0173 Loss fft:  0.8151 Loss dta_rank:  0.7721 Loss dta_tv:  0.0244 Loss dta_proxy:  0.4547 Loss dta_trans:  0.0060 Loss dta_phys:  0.0070 Loss dta_preserve:  0.0044
Time:  0.0733 Epoch: 017 Iter:  150/ 600 LR: 0.0000094853 Loss content:  0.0170 Loss fft:  0.8156 Loss dta_rank:  0.7688 Loss dta_tv:  0.0233 Loss dta_proxy:  0.4762 Loss dta_trans:  0.0049 Loss dta_phys:  0.0065 Loss dta_preserve:  0.0042
Time:  0.0742 Epoch: 017 Iter:  200/ 600 LR: 0.0000094853 Loss content:  0.0175 Loss fft:  0.8316 Loss dta_rank:  0.7731 Loss dta_tv:  0.0244 Loss dta_proxy:  0.4522 Loss dta_trans:  0.0057 Loss dta_phys:  0.0069 Loss dta_preserve:  0.0051
Time:  0.0750 Epoch: 017 Iter:  250/ 600 LR: 0.0000094853 Loss content:  0.0161 Loss fft:  0.7993 Loss dta_rank:  0.7725 Loss dta_tv:  0.0251 Loss dta_proxy:  0.4422 Loss dta_trans:  0.0063 Loss dta_phys:  0.0063 Loss dta_preserve:  0.0051
Time:  0.0739 Epoch: 017 Iter:  300/ 600 LR: 0.0000094853 Loss content:  0.0176 Loss fft:  0.8136 Loss dta_rank:  0.7738 Loss dta_tv:  0.0238 Loss dta_proxy:  0.4715 Loss dta_trans:  0.0053 Loss dta_phys:  0.0063 Loss dta_preserve:  0.0059
Time:  0.0784 Epoch: 017 Iter:  350/ 600 LR: 0.0000094853 Loss content:  0.0168 Loss fft:  0.8049 Loss dta_rank:  0.7800 Loss dta_tv:  0.0245 Loss dta_proxy:  0.4733 Loss dta_trans:  0.0060 Loss dta_phys:  0.0071 Loss dta_preserve:  0.0047
Time:  0.0669 Epoch: 017 Iter:  400/ 600 LR: 0.0000094853 Loss content:  0.0168 Loss fft:  0.7918 Loss dta_rank:  0.7751 Loss dta_tv:  0.0244 Loss dta_proxy:  0.4573 Loss dta_trans:  0.0066 Loss dta_phys:  0.0072 Loss dta_preserve:  0.0043
Time:  0.0713 Epoch: 017 Iter:  450/ 600 LR: 0.0000094853 Loss content:  0.0165 Loss fft:  0.8345 Loss dta_rank:  0.7740 Loss dta_tv:  0.0248 Loss dta_proxy:  0.4458 Loss dta_trans:  0.0060 Loss dta_phys:  0.0069 Loss dta_preserve:  0.0053
Time:  0.0753 Epoch: 017 Iter:  500/ 600 LR: 0.0000094853 Loss content:  0.0176 Loss fft:  0.8090 Loss dta_rank:  0.7734 Loss dta_tv:  0.0242 Loss dta_proxy:  0.4611 Loss dta_trans:  0.0063 Loss dta_phys:  0.0060 Loss dta_preserve:  0.0062
Time:  0.0739 Epoch: 017 Iter:  550/ 600 LR: 0.0000094853 Loss content:  0.0169 Loss fft:  0.8315 Loss dta_rank:  0.7770 Loss dta_tv:  0.0245 Loss dta_proxy:  0.4601 Loss dta_trans:  0.0053 Loss dta_phys:  0.0074 Loss dta_preserve:  0.0044
Time:  0.0729 Epoch: 017 Iter:  600/ 600 LR: 0.0000094853 Loss content:  0.0167 Loss fft:  0.8137 Loss dta_rank:  0.7729 Loss dta_tv:  0.0246 Loss dta_proxy:  0.4539 Loss dta_trans:  0.0050 Loss dta_phys:  0.0059 Loss dta_preserve:  0.0052
EPOCH: 17
Elapsed time: 0.89 Epoch Pixel Loss:  0.0171 Epoch FFT Loss:  0.8153 Epoch DTA Rank:  0.7738 Epoch DTA TV:  0.0243 Epoch DTA Proxy:  0.4585 Epoch DTA Trans:  0.0058 Epoch DTA Phys:  0.0067 Epoch DTA Preserve:  0.0050
DTA_GATE_RAMP epoch=18 gate_limit=0.060000
Time:  0.0760 Epoch: 018 Iter:   50/ 600 LR: 0.0000052550 Loss content:  0.0167 Loss fft:  0.7940 Loss dta_rank:  0.7758 Loss dta_tv:  0.0250 Loss dta_proxy:  0.4597 Loss dta_trans:  0.0061 Loss dta_phys:  0.0069 Loss dta_preserve:  0.0058
Time:  0.0686 Epoch: 018 Iter:  100/ 600 LR: 0.0000052550 Loss content:  0.0173 Loss fft:  0.8130 Loss dta_rank:  0.7771 Loss dta_tv:  0.0243 Loss dta_proxy:  0.4523 Loss dta_trans:  0.0059 Loss dta_phys:  0.0071 Loss dta_preserve:  0.0058
Time:  0.0707 Epoch: 018 Iter:  150/ 600 LR: 0.0000052550 Loss content:  0.0169 Loss fft:  0.8231 Loss dta_rank:  0.7724 Loss dta_tv:  0.0239 Loss dta_proxy:  0.4711 Loss dta_trans:  0.0052 Loss dta_phys:  0.0064 Loss dta_preserve:  0.0042
Time:  0.0671 Epoch: 018 Iter:  200/ 600 LR: 0.0000052550 Loss content:  0.0171 Loss fft:  0.8076 Loss dta_rank:  0.7746 Loss dta_tv:  0.0253 Loss dta_proxy:  0.4438 Loss dta_trans:  0.0062 Loss dta_phys:  0.0070 Loss dta_preserve:  0.0058
Time:  0.0717 Epoch: 018 Iter:  250/ 600 LR: 0.0000052550 Loss content:  0.0174 Loss fft:  0.8472 Loss dta_rank:  0.7740 Loss dta_tv:  0.0243 Loss dta_proxy:  0.4670 Loss dta_trans:  0.0057 Loss dta_phys:  0.0064 Loss dta_preserve:  0.0062
Time:  0.0691 Epoch: 018 Iter:  300/ 600 LR: 0.0000052550 Loss content:  0.0166 Loss fft:  0.8128 Loss dta_rank:  0.7716 Loss dta_tv:  0.0249 Loss dta_proxy:  0.4466 Loss dta_trans:  0.0062 Loss dta_phys:  0.0062 Loss dta_preserve:  0.0053
Time:  0.0657 Epoch: 018 Iter:  350/ 600 LR: 0.0000052550 Loss content:  0.0175 Loss fft:  0.8066 Loss dta_rank:  0.7734 Loss dta_tv:  0.0232 Loss dta_proxy:  0.4848 Loss dta_trans:  0.0055 Loss dta_phys:  0.0069 Loss dta_preserve:  0.0066
Time:  0.0652 Epoch: 018 Iter:  400/ 600 LR: 0.0000052550 Loss content:  0.0172 Loss fft:  0.8081 Loss dta_rank:  0.7755 Loss dta_tv:  0.0237 Loss dta_proxy:  0.4749 Loss dta_trans:  0.0052 Loss dta_phys:  0.0068 Loss dta_preserve:  0.0053
Time:  0.0696 Epoch: 018 Iter:  450/ 600 LR: 0.0000052550 Loss content:  0.0175 Loss fft:  0.8283 Loss dta_rank:  0.7711 Loss dta_tv:  0.0249 Loss dta_proxy:  0.4473 Loss dta_trans:  0.0057 Loss dta_phys:  0.0069 Loss dta_preserve:  0.0045
Time:  0.0663 Epoch: 018 Iter:  500/ 600 LR: 0.0000052550 Loss content:  0.0177 Loss fft:  0.8334 Loss dta_rank:  0.7823 Loss dta_tv:  0.0239 Loss dta_proxy:  0.4648 Loss dta_trans:  0.0057 Loss dta_phys:  0.0063 Loss dta_preserve:  0.0054
Time:  0.0634 Epoch: 018 Iter:  550/ 600 LR: 0.0000052550 Loss content:  0.0171 Loss fft:  0.8252 Loss dta_rank:  0.7767 Loss dta_tv:  0.0243 Loss dta_proxy:  0.4538 Loss dta_trans:  0.0065 Loss dta_phys:  0.0067 Loss dta_preserve:  0.0053
Time:  0.0696 Epoch: 018 Iter:  600/ 600 LR: 0.0000052550 Loss content:  0.0172 Loss fft:  0.8298 Loss dta_rank:  0.7758 Loss dta_tv:  0.0248 Loss dta_proxy:  0.4570 Loss dta_trans:  0.0061 Loss dta_phys:  0.0067 Loss dta_preserve:  0.0045
EPOCH: 18
Elapsed time: 0.83 Epoch Pixel Loss:  0.0172 Epoch FFT Loss:  0.8191 Epoch DTA Rank:  0.7750 Epoch DTA TV:  0.0244 Epoch DTA Proxy:  0.4602 Epoch DTA Trans:  0.0058 Epoch DTA Phys:  0.0067 Epoch DTA Preserve:  0.0054
DTA_GATE_RAMP epoch=19 gate_limit=0.060000
Time:  0.0759 Epoch: 019 Iter:   50/ 600 LR: 0.0000025070 Loss content:  0.0165 Loss fft:  0.7997 Loss dta_rank:  0.7717 Loss dta_tv:  0.0242 Loss dta_proxy:  0.4619 Loss dta_trans:  0.0052 Loss dta_phys:  0.0068 Loss dta_preserve:  0.0038
Time:  0.0721 Epoch: 019 Iter:  100/ 600 LR: 0.0000025070 Loss content:  0.0175 Loss fft:  0.8148 Loss dta_rank:  0.7767 Loss dta_tv:  0.0240 Loss dta_proxy:  0.4539 Loss dta_trans:  0.0052 Loss dta_phys:  0.0064 Loss dta_preserve:  0.0052
Time:  0.0716 Epoch: 019 Iter:  150/ 600 LR: 0.0000025070 Loss content:  0.0172 Loss fft:  0.7993 Loss dta_rank:  0.7712 Loss dta_tv:  0.0254 Loss dta_proxy:  0.4329 Loss dta_trans:  0.0071 Loss dta_phys:  0.0066 Loss dta_preserve:  0.0055
Time:  0.0736 Epoch: 019 Iter:  200/ 600 LR: 0.0000025070 Loss content:  0.0170 Loss fft:  0.8592 Loss dta_rank:  0.7737 Loss dta_tv:  0.0244 Loss dta_proxy:  0.4624 Loss dta_trans:  0.0058 Loss dta_phys:  0.0059 Loss dta_preserve:  0.0048
Time:  0.0752 Epoch: 019 Iter:  250/ 600 LR: 0.0000025070 Loss content:  0.0172 Loss fft:  0.8365 Loss dta_rank:  0.7757 Loss dta_tv:  0.0244 Loss dta_proxy:  0.4629 Loss dta_trans:  0.0057 Loss dta_phys:  0.0064 Loss dta_preserve:  0.0046
Time:  0.0789 Epoch: 019 Iter:  300/ 600 LR: 0.0000025070 Loss content:  0.0178 Loss fft:  0.8198 Loss dta_rank:  0.7741 Loss dta_tv:  0.0248 Loss dta_proxy:  0.4476 Loss dta_trans:  0.0066 Loss dta_phys:  0.0070 Loss dta_preserve:  0.0052
Time:  0.0724 Epoch: 019 Iter:  350/ 600 LR: 0.0000025070 Loss content:  0.0179 Loss fft:  0.8585 Loss dta_rank:  0.7746 Loss dta_tv:  0.0241 Loss dta_proxy:  0.4574 Loss dta_trans:  0.0055 Loss dta_phys:  0.0067 Loss dta_preserve:  0.0054
Time:  0.0734 Epoch: 019 Iter:  400/ 600 LR: 0.0000025070 Loss content:  0.0168 Loss fft:  0.8126 Loss dta_rank:  0.7767 Loss dta_tv:  0.0246 Loss dta_proxy:  0.4551 Loss dta_trans:  0.0058 Loss dta_phys:  0.0070 Loss dta_preserve:  0.0045
Time:  0.0736 Epoch: 019 Iter:  450/ 600 LR: 0.0000025070 Loss content:  0.0164 Loss fft:  0.7894 Loss dta_rank:  0.7756 Loss dta_tv:  0.0242 Loss dta_proxy:  0.4540 Loss dta_trans:  0.0057 Loss dta_phys:  0.0066 Loss dta_preserve:  0.0053
Time:  0.0767 Epoch: 019 Iter:  500/ 600 LR: 0.0000025070 Loss content:  0.0162 Loss fft:  0.7820 Loss dta_rank:  0.7809 Loss dta_tv:  0.0243 Loss dta_proxy:  0.4677 Loss dta_trans:  0.0064 Loss dta_phys:  0.0075 Loss dta_preserve:  0.0044
Time:  0.0724 Epoch: 019 Iter:  550/ 600 LR: 0.0000025070 Loss content:  0.0167 Loss fft:  0.8099 Loss dta_rank:  0.7724 Loss dta_tv:  0.0242 Loss dta_proxy:  0.4835 Loss dta_trans:  0.0051 Loss dta_phys:  0.0066 Loss dta_preserve:  0.0039
Time:  0.0605 Epoch: 019 Iter:  600/ 600 LR: 0.0000025070 Loss content:  0.0175 Loss fft:  0.8168 Loss dta_rank:  0.7692 Loss dta_tv:  0.0234 Loss dta_proxy:  0.4719 Loss dta_trans:  0.0062 Loss dta_phys:  0.0071 Loss dta_preserve:  0.0042
EPOCH: 19
Elapsed time: 0.88 Epoch Pixel Loss:  0.0171 Epoch FFT Loss:  0.8165 Epoch DTA Rank:  0.7744 Epoch DTA TV:  0.0243 Epoch DTA Proxy:  0.4593 Epoch DTA Trans:  0.0058 Epoch DTA Phys:  0.0067 Epoch DTA Preserve:  0.0047
DTA_GATE_RAMP epoch=20 gate_limit=0.060000
Time:  0.0632 Epoch: 020 Iter:   50/ 600 LR: 0.0000012125 Loss content:  0.0177 Loss fft:  0.8496 Loss dta_rank:  0.7755 Loss dta_tv:  0.0246 Loss dta_proxy:  0.4547 Loss dta_trans:  0.0058 Loss dta_phys:  0.0071 Loss dta_preserve:  0.0049
Time:  0.0603 Epoch: 020 Iter:  100/ 600 LR: 0.0000012125 Loss content:  0.0175 Loss fft:  0.8266 Loss dta_rank:  0.7746 Loss dta_tv:  0.0231 Loss dta_proxy:  0.4753 Loss dta_trans:  0.0050 Loss dta_phys:  0.0067 Loss dta_preserve:  0.0057
Time:  0.0679 Epoch: 020 Iter:  150/ 600 LR: 0.0000012125 Loss content:  0.0177 Loss fft:  0.8506 Loss dta_rank:  0.7768 Loss dta_tv:  0.0243 Loss dta_proxy:  0.4711 Loss dta_trans:  0.0047 Loss dta_phys:  0.0068 Loss dta_preserve:  0.0054
Time:  0.0717 Epoch: 020 Iter:  200/ 600 LR: 0.0000012125 Loss content:  0.0174 Loss fft:  0.7868 Loss dta_rank:  0.7732 Loss dta_tv:  0.0237 Loss dta_proxy:  0.4527 Loss dta_trans:  0.0060 Loss dta_phys:  0.0068 Loss dta_preserve:  0.0055
Time:  0.0731 Epoch: 020 Iter:  250/ 600 LR: 0.0000012125 Loss content:  0.0178 Loss fft:  0.8220 Loss dta_rank:  0.7700 Loss dta_tv:  0.0242 Loss dta_proxy:  0.4632 Loss dta_trans:  0.0068 Loss dta_phys:  0.0069 Loss dta_preserve:  0.0051
Time:  0.0736 Epoch: 020 Iter:  300/ 600 LR: 0.0000012125 Loss content:  0.0162 Loss fft:  0.8094 Loss dta_rank:  0.7793 Loss dta_tv:  0.0257 Loss dta_proxy:  0.4309 Loss dta_trans:  0.0061 Loss dta_phys:  0.0069 Loss dta_preserve:  0.0059
Time:  0.0732 Epoch: 020 Iter:  350/ 600 LR: 0.0000012125 Loss content:  0.0165 Loss fft:  0.8168 Loss dta_rank:  0.7746 Loss dta_tv:  0.0247 Loss dta_proxy:  0.4621 Loss dta_trans:  0.0056 Loss dta_phys:  0.0066 Loss dta_preserve:  0.0054
Time:  0.0745 Epoch: 020 Iter:  400/ 600 LR: 0.0000012125 Loss content:  0.0166 Loss fft:  0.8399 Loss dta_rank:  0.7727 Loss dta_tv:  0.0238 Loss dta_proxy:  0.4600 Loss dta_trans:  0.0051 Loss dta_phys:  0.0072 Loss dta_preserve:  0.0054
Time:  0.0767 Epoch: 020 Iter:  450/ 600 LR: 0.0000012125 Loss content:  0.0168 Loss fft:  0.8061 Loss dta_rank:  0.7717 Loss dta_tv:  0.0238 Loss dta_proxy:  0.4796 Loss dta_trans:  0.0058 Loss dta_phys:  0.0074 Loss dta_preserve:  0.0046
Time:  0.0720 Epoch: 020 Iter:  500/ 600 LR: 0.0000012125 Loss content:  0.0169 Loss fft:  0.8126 Loss dta_rank:  0.7783 Loss dta_tv:  0.0243 Loss dta_proxy:  0.4713 Loss dta_trans:  0.0056 Loss dta_phys:  0.0065 Loss dta_preserve:  0.0049
Time:  0.0749 Epoch: 020 Iter:  550/ 600 LR: 0.0000012125 Loss content:  0.0174 Loss fft:  0.8391 Loss dta_rank:  0.7768 Loss dta_tv:  0.0244 Loss dta_proxy:  0.4638 Loss dta_trans:  0.0060 Loss dta_phys:  0.0066 Loss dta_preserve:  0.0060
Time:  0.0724 Epoch: 020 Iter:  600/ 600 LR: 0.0000012125 Loss content:  0.0174 Loss fft:  0.8308 Loss dta_rank:  0.7734 Loss dta_tv:  0.0242 Loss dta_proxy:  0.4766 Loss dta_trans:  0.0062 Loss dta_phys:  0.0067 Loss dta_preserve:  0.0049
EPOCH: 20
Elapsed time: 0.86 Epoch Pixel Loss:  0.0172 Epoch FFT Loss:  0.8242 Epoch DTA Rank:  0.7747 Epoch DTA TV:  0.0242 Epoch DTA Proxy:  0.4635 Epoch DTA Trans:  0.0057 Epoch DTA Phys:  0.0068 Epoch DTA Preserve:  0.0053
