Namespace(model_name='ConvIR-Haze4K-DTA-v2-adapter_only-shuffle-seed3413-f4-oof20', data='Haze4K', version='base', fam_mode='original', arch='dta_v2', seed=3413, mode='train', data_dir='/sda/home/wangyuxin/ConvIR-B/datasets/Haze4K/Haze4K', batch_size=4, learning_rate=0.0001, weight_decay=0.0, num_epoch=20, stop_epoch=20, print_freq=50, num_worker=4, save_freq=5, valid_freq=9999, mod_stats_freq=5, mod_stats_batches=16, grad_clip_norm=0.001, dta_grad_clip_norm=0.05, dta_neighbor_grad_clip_norm=0.005, init_model='/sda/home/wangyuxin/ConvIR-B/checkpoints/official/Haze4K/haze4k-base.pkl', init_model_partial=True, partial_new_prefixes='DTA.', resume='', train_scope='adapter_only', dta_depth_cache_dir='/sda/home/wangyuxin/ConvIR-B/depth_cache/depth_anything_v2_small_hf', dta_train_depth_split='train', dta_eval_depth_split='train', valid_root_split='train', eval_root_split='test', dta_require_depth=True, dta_variant='v2', dta_depth_mode='shuffle', dta_prior_channels=32, dta_gate_bias=-6.0, dta_gate_limit=0.06, dta_gamma_limit=0.12, dta_beta_limit=0.06, dta_alpha_init=1.0, dta_confidence_floor=0.25, dta_confidence_local_scale=6.0, dta_output_residual_scale=0.03, dta_use_trans_gt=True, dta_trans_weight=0.02, dta_phys_weight=0.005, dta_preserve_weight=0.02, dta_preserve_trans_thresh=0.8, dta_gate_ramp_start=0.01, dta_gate_ramp_mid=0.03, dta_gate_ramp_end=0.06, dta_gate_ramp_warmup_epochs=2, dta_gate_ramp_mid_epochs=8, dta_rank_weight=0.001, dta_tv_weight=0.0001, dta_proxy_weight=0.0, dta_rank_pairs=512, dta_rank_min_depth_gap=0.03, split_json='/sda/home/wangyuxin/ConvIR-B/repos/ConvIR-B-dta-v2-calibrated/experience_docx/experiment_logs/haze4k_dta_v2_calibrated_20260611/dta_v2_haze4k_oof_splits_seed3407.json', split_name='fold4_train', test_model='', save_image=False, leaning_rate=0.0001, model_save_dir='results/ConvIR-Haze4K-DTA-v2-adapter_only-shuffle-seed3413-f4-oof20/Training-Results/', result_dir='results/ConvIR-Haze4K-DTA-v2-adapter_only-shuffle-seed3413-f4-oof20/images/Haze4K', init_model_sha256='6f42037d57a4e3de3a10ac0ab909d66a3415864a19433c29204a975f4efa4088')
/sda/home/wangyuxin/ConvIR-B/repos/ConvIR-B-dta-v2-calibrated/Dehazing/ITS/main.py:14: FutureWarning: You are using `torch.load` with `weights_only=False` (the current default value), which uses the default pickle module implicitly. It is possible to construct malicious pickle data which will execute arbitrary code during unpickling (See https://github.com/pytorch/pytorch/blob/main/SECURITY.md#untrusted-models for more details). In a future release, the default value for `weights_only` will be flipped to `True`. This limits the functions that could be executed during unpickling. Arbitrary objects will no longer be allowed to be loaded via this mode unless they are explicitly allowlisted by the user via `torch.serialization.add_safe_globals`. We recommend you start setting `weights_only=True` for any use case where you don't have full control of the loaded file. Please open an issue on GitHub for any issues related to this experimental feature.
  state = torch.load(path, map_location=map_location)
INIT_MODEL_PARTIAL_LOAD path=/sda/home/wangyuxin/ConvIR-B/checkpoints/official/Haze4K/haze4k-base.pkl loaded=602 missing_allowed=25 unexpected=[] allowed_new_prefixes=('DTA.',)
TRAIN_SCOPE scope=adapter_only arch=dta_v2 trainable=74699 total=8705364
/sda/home/wangyuxin/ConvIR-B/envs/convir-cu121/lib/python3.10/site-packages/torch/optim/lr_scheduler.py:224: UserWarning: Detected call of `lr_scheduler.step()` before `optimizer.step()`. In PyTorch 1.1.0 and later, you should call them in the opposite order: `optimizer.step()` before `lr_scheduler.step()`.  Failure to do this will result in PyTorch skipping the first value of the learning rate schedule. See more details at https://pytorch.org/docs/stable/optim.html#how-to-adjust-learning-rate
  warnings.warn(
DTA_GATE_RAMP epoch=1 gate_limit=0.010000
Time:  0.1076 Epoch: 001 Iter:   50/ 600 LR: 0.0000333333 Loss content:  0.0163 Loss fft:  0.7947 Loss dta_rank:  0.6928 Loss dta_tv:  0.0038 Loss dta_proxy:  0.2789 Loss dta_trans:  0.0397 Loss dta_phys:  0.0068 Loss dta_preserve:  0.0045
Time:  0.0735 Epoch: 001 Iter:  100/ 600 LR: 0.0000333333 Loss content:  0.0175 Loss fft:  0.8245 Loss dta_rank:  0.6927 Loss dta_tv:  0.0094 Loss dta_proxy:  0.3155 Loss dta_trans:  0.0385 Loss dta_phys:  0.0086 Loss dta_preserve:  0.0049
Time:  0.0708 Epoch: 001 Iter:  150/ 600 LR: 0.0000333333 Loss content:  0.0171 Loss fft:  0.8008 Loss dta_rank:  0.6933 Loss dta_tv:  0.0140 Loss dta_proxy:  0.3609 Loss dta_trans:  0.0345 Loss dta_phys:  0.0101 Loss dta_preserve:  0.0058
Time:  0.0746 Epoch: 001 Iter:  200/ 600 LR: 0.0000333333 Loss content:  0.0173 Loss fft:  0.8277 Loss dta_rank:  0.6954 Loss dta_tv:  0.0168 Loss dta_proxy:  0.3644 Loss dta_trans:  0.0306 Loss dta_phys:  0.0115 Loss dta_preserve:  0.0049
Time:  0.0750 Epoch: 001 Iter:  250/ 600 LR: 0.0000333333 Loss content:  0.0170 Loss fft:  0.8166 Loss dta_rank:  0.6995 Loss dta_tv:  0.0182 Loss dta_proxy:  0.3444 Loss dta_trans:  0.0305 Loss dta_phys:  0.0111 Loss dta_preserve:  0.0052
Time:  0.0779 Epoch: 001 Iter:  300/ 600 LR: 0.0000333333 Loss content:  0.0167 Loss fft:  0.8050 Loss dta_rank:  0.7040 Loss dta_tv:  0.0217 Loss dta_proxy:  0.3727 Loss dta_trans:  0.0246 Loss dta_phys:  0.0108 Loss dta_preserve:  0.0049
Time:  0.0771 Epoch: 001 Iter:  350/ 600 LR: 0.0000333333 Loss content:  0.0170 Loss fft:  0.8378 Loss dta_rank:  0.7093 Loss dta_tv:  0.0257 Loss dta_proxy:  0.3874 Loss dta_trans:  0.0202 Loss dta_phys:  0.0090 Loss dta_preserve:  0.0065
Time:  0.0767 Epoch: 001 Iter:  400/ 600 LR: 0.0000333333 Loss content:  0.0163 Loss fft:  0.7977 Loss dta_rank:  0.7123 Loss dta_tv:  0.0298 Loss dta_proxy:  0.3844 Loss dta_trans:  0.0177 Loss dta_phys:  0.0084 Loss dta_preserve:  0.0047
Time:  0.0736 Epoch: 001 Iter:  450/ 600 LR: 0.0000333333 Loss content:  0.0173 Loss fft:  0.8389 Loss dta_rank:  0.7174 Loss dta_tv:  0.0332 Loss dta_proxy:  0.3898 Loss dta_trans:  0.0151 Loss dta_phys:  0.0068 Loss dta_preserve:  0.0049
Time:  0.0766 Epoch: 001 Iter:  500/ 600 LR: 0.0000333333 Loss content:  0.0176 Loss fft:  0.8195 Loss dta_rank:  0.7225 Loss dta_tv:  0.0354 Loss dta_proxy:  0.4201 Loss dta_trans:  0.0124 Loss dta_phys:  0.0080 Loss dta_preserve:  0.0059
Time:  0.0774 Epoch: 001 Iter:  550/ 600 LR: 0.0000333333 Loss content:  0.0177 Loss fft:  0.8490 Loss dta_rank:  0.7276 Loss dta_tv:  0.0355 Loss dta_proxy:  0.4231 Loss dta_trans:  0.0116 Loss dta_phys:  0.0075 Loss dta_preserve:  0.0041
Time:  0.0729 Epoch: 001 Iter:  600/ 600 LR: 0.0000333333 Loss content:  0.0174 Loss fft:  0.8330 Loss dta_rank:  0.7299 Loss dta_tv:  0.0353 Loss dta_proxy:  0.4467 Loss dta_trans:  0.0116 Loss dta_phys:  0.0080 Loss dta_preserve:  0.0061
EPOCH: 01
Elapsed time: 0.94 Epoch Pixel Loss:  0.0171 Epoch FFT Loss:  0.8204 Epoch DTA Rank:  0.7081 Epoch DTA TV:  0.0232 Epoch DTA Proxy:  0.3740 Epoch DTA Trans:  0.0239 Epoch DTA Phys:  0.0089 Epoch DTA Preserve:  0.0052
DTA_GATE_RAMP epoch=2 gate_limit=0.010000
Time:  0.0792 Epoch: 002 Iter:   50/ 600 LR: 0.0000666667 Loss content:  0.0176 Loss fft:  0.8389 Loss dta_rank:  0.7243 Loss dta_tv:  0.0369 Loss dta_proxy:  0.4235 Loss dta_trans:  0.0118 Loss dta_phys:  0.0077 Loss dta_preserve:  0.0046
Time:  0.0749 Epoch: 002 Iter:  100/ 600 LR: 0.0000666667 Loss content:  0.0177 Loss fft:  0.8303 Loss dta_rank:  0.7419 Loss dta_tv:  0.0370 Loss dta_proxy:  0.4408 Loss dta_trans:  0.0105 Loss dta_phys:  0.0077 Loss dta_preserve:  0.0060
Time:  0.0747 Epoch: 002 Iter:  150/ 600 LR: 0.0000666667 Loss content:  0.0178 Loss fft:  0.8432 Loss dta_rank:  0.7339 Loss dta_tv:  0.0368 Loss dta_proxy:  0.4062 Loss dta_trans:  0.0105 Loss dta_phys:  0.0072 Loss dta_preserve:  0.0048
Time:  0.0756 Epoch: 002 Iter:  200/ 600 LR: 0.0000666667 Loss content:  0.0166 Loss fft:  0.8344 Loss dta_rank:  0.7295 Loss dta_tv:  0.0371 Loss dta_proxy:  0.4271 Loss dta_trans:  0.0100 Loss dta_phys:  0.0077 Loss dta_preserve:  0.0056
Time:  0.0734 Epoch: 002 Iter:  250/ 600 LR: 0.0000666667 Loss content:  0.0177 Loss fft:  0.8127 Loss dta_rank:  0.7380 Loss dta_tv:  0.0371 Loss dta_proxy:  0.4097 Loss dta_trans:  0.0098 Loss dta_phys:  0.0066 Loss dta_preserve:  0.0046
Time:  0.0723 Epoch: 002 Iter:  300/ 600 LR: 0.0000666667 Loss content:  0.0168 Loss fft:  0.8082 Loss dta_rank:  0.7364 Loss dta_tv:  0.0364 Loss dta_proxy:  0.4104 Loss dta_trans:  0.0106 Loss dta_phys:  0.0064 Loss dta_preserve:  0.0048
Time:  0.0733 Epoch: 002 Iter:  350/ 600 LR: 0.0000666667 Loss content:  0.0174 Loss fft:  0.8414 Loss dta_rank:  0.7352 Loss dta_tv:  0.0350 Loss dta_proxy:  0.4343 Loss dta_trans:  0.0091 Loss dta_phys:  0.0068 Loss dta_preserve:  0.0051
Time:  0.0720 Epoch: 002 Iter:  400/ 600 LR: 0.0000666667 Loss content:  0.0171 Loss fft:  0.7994 Loss dta_rank:  0.7345 Loss dta_tv:  0.0348 Loss dta_proxy:  0.4154 Loss dta_trans:  0.0087 Loss dta_phys:  0.0072 Loss dta_preserve:  0.0057
Time:  0.0734 Epoch: 002 Iter:  450/ 600 LR: 0.0000666667 Loss content:  0.0170 Loss fft:  0.8192 Loss dta_rank:  0.7308 Loss dta_tv:  0.0366 Loss dta_proxy:  0.4197 Loss dta_trans:  0.0096 Loss dta_phys:  0.0063 Loss dta_preserve:  0.0052
Time:  0.0769 Epoch: 002 Iter:  500/ 600 LR: 0.0000666667 Loss content:  0.0179 Loss fft:  0.8568 Loss dta_rank:  0.7424 Loss dta_tv:  0.0343 Loss dta_proxy:  0.4624 Loss dta_trans:  0.0079 Loss dta_phys:  0.0068 Loss dta_preserve:  0.0072
Time:  0.0758 Epoch: 002 Iter:  550/ 600 LR: 0.0000666667 Loss content:  0.0172 Loss fft:  0.8352 Loss dta_rank:  0.7406 Loss dta_tv:  0.0353 Loss dta_proxy:  0.4355 Loss dta_trans:  0.0080 Loss dta_phys:  0.0071 Loss dta_preserve:  0.0050
Time:  0.0734 Epoch: 002 Iter:  600/ 600 LR: 0.0000666667 Loss content:  0.0172 Loss fft:  0.7889 Loss dta_rank:  0.7414 Loss dta_tv:  0.0349 Loss dta_proxy:  0.4250 Loss dta_trans:  0.0078 Loss dta_phys:  0.0069 Loss dta_preserve:  0.0050
EPOCH: 02
Elapsed time: 0.90 Epoch Pixel Loss:  0.0173 Epoch FFT Loss:  0.8257 Epoch DTA Rank:  0.7358 Epoch DTA TV:  0.0360 Epoch DTA Proxy:  0.4258 Epoch DTA Trans:  0.0095 Epoch DTA Phys:  0.0070 Epoch DTA Preserve:  0.0053
DTA_GATE_RAMP epoch=3 gate_limit=0.030000
Time:  0.0745 Epoch: 003 Iter:   50/ 600 LR: 0.0001000000 Loss content:  0.0178 Loss fft:  0.8408 Loss dta_rank:  0.7332 Loss dta_tv:  0.0334 Loss dta_proxy:  0.4365 Loss dta_trans:  0.0081 Loss dta_phys:  0.0067 Loss dta_preserve:  0.0057
Time:  0.0678 Epoch: 003 Iter:  100/ 600 LR: 0.0001000000 Loss content:  0.0170 Loss fft:  0.7916 Loss dta_rank:  0.7381 Loss dta_tv:  0.0336 Loss dta_proxy:  0.4328 Loss dta_trans:  0.0084 Loss dta_phys:  0.0071 Loss dta_preserve:  0.0054
Time:  0.0685 Epoch: 003 Iter:  150/ 600 LR: 0.0001000000 Loss content:  0.0171 Loss fft:  0.8176 Loss dta_rank:  0.7344 Loss dta_tv:  0.0341 Loss dta_proxy:  0.4298 Loss dta_trans:  0.0070 Loss dta_phys:  0.0069 Loss dta_preserve:  0.0046
Time:  0.0653 Epoch: 003 Iter:  200/ 600 LR: 0.0001000000 Loss content:  0.0170 Loss fft:  0.8382 Loss dta_rank:  0.7353 Loss dta_tv:  0.0346 Loss dta_proxy:  0.4316 Loss dta_trans:  0.0082 Loss dta_phys:  0.0072 Loss dta_preserve:  0.0055
Time:  0.0727 Epoch: 003 Iter:  250/ 600 LR: 0.0001000000 Loss content:  0.0179 Loss fft:  0.8360 Loss dta_rank:  0.7345 Loss dta_tv:  0.0336 Loss dta_proxy:  0.4139 Loss dta_trans:  0.0090 Loss dta_phys:  0.0062 Loss dta_preserve:  0.0057
Time:  0.0722 Epoch: 003 Iter:  300/ 600 LR: 0.0001000000 Loss content:  0.0170 Loss fft:  0.8095 Loss dta_rank:  0.7354 Loss dta_tv:  0.0322 Loss dta_proxy:  0.4360 Loss dta_trans:  0.0088 Loss dta_phys:  0.0077 Loss dta_preserve:  0.0058
Time:  0.0668 Epoch: 003 Iter:  350/ 600 LR: 0.0001000000 Loss content:  0.0176 Loss fft:  0.8418 Loss dta_rank:  0.7340 Loss dta_tv:  0.0330 Loss dta_proxy:  0.4368 Loss dta_trans:  0.0083 Loss dta_phys:  0.0081 Loss dta_preserve:  0.0049
Time:  0.0667 Epoch: 003 Iter:  400/ 600 LR: 0.0001000000 Loss content:  0.0171 Loss fft:  0.8222 Loss dta_rank:  0.7369 Loss dta_tv:  0.0338 Loss dta_proxy:  0.4181 Loss dta_trans:  0.0075 Loss dta_phys:  0.0064 Loss dta_preserve:  0.0052
Time:  0.0716 Epoch: 003 Iter:  450/ 600 LR: 0.0001000000 Loss content:  0.0168 Loss fft:  0.8114 Loss dta_rank:  0.7464 Loss dta_tv:  0.0330 Loss dta_proxy:  0.4373 Loss dta_trans:  0.0072 Loss dta_phys:  0.0060 Loss dta_preserve:  0.0047
Time:  0.0644 Epoch: 003 Iter:  500/ 600 LR: 0.0001000000 Loss content:  0.0174 Loss fft:  0.8324 Loss dta_rank:  0.7344 Loss dta_tv:  0.0319 Loss dta_proxy:  0.4510 Loss dta_trans:  0.0070 Loss dta_phys:  0.0066 Loss dta_preserve:  0.0043
Time:  0.0703 Epoch: 003 Iter:  550/ 600 LR: 0.0001000000 Loss content:  0.0168 Loss fft:  0.7812 Loss dta_rank:  0.7442 Loss dta_tv:  0.0323 Loss dta_proxy:  0.4417 Loss dta_trans:  0.0071 Loss dta_phys:  0.0068 Loss dta_preserve:  0.0051
Time:  0.0729 Epoch: 003 Iter:  600/ 600 LR: 0.0001000000 Loss content:  0.0172 Loss fft:  0.7955 Loss dta_rank:  0.7407 Loss dta_tv:  0.0328 Loss dta_proxy:  0.4203 Loss dta_trans:  0.0078 Loss dta_phys:  0.0075 Loss dta_preserve:  0.0060
EPOCH: 03
Elapsed time: 0.84 Epoch Pixel Loss:  0.0172 Epoch FFT Loss:  0.8182 Epoch DTA Rank:  0.7373 Epoch DTA TV:  0.0332 Epoch DTA Proxy:  0.4322 Epoch DTA Trans:  0.0079 Epoch DTA Phys:  0.0069 Epoch DTA Preserve:  0.0052
/sda/home/wangyuxin/ConvIR-B/envs/convir-cu121/lib/python3.10/site-packages/torch/optim/lr_scheduler.py:1087: UserWarning: To get the last learning rate computed by the scheduler, please use `get_last_lr()`.
  _warn_get_lr_called_within_step(self)
DTA_GATE_RAMP epoch=4 gate_limit=0.030000
Time:  0.0789 Epoch: 004 Iter:   50/ 600 LR: 0.0001000000 Loss content:  0.0163 Loss fft:  0.8047 Loss dta_rank:  0.7438 Loss dta_tv:  0.0323 Loss dta_proxy:  0.4268 Loss dta_trans:  0.0062 Loss dta_phys:  0.0070 Loss dta_preserve:  0.0046
Time:  0.0740 Epoch: 004 Iter:  100/ 600 LR: 0.0001000000 Loss content:  0.0182 Loss fft:  0.8596 Loss dta_rank:  0.7365 Loss dta_tv:  0.0320 Loss dta_proxy:  0.4448 Loss dta_trans:  0.0066 Loss dta_phys:  0.0062 Loss dta_preserve:  0.0043
Time:  0.0736 Epoch: 004 Iter:  150/ 600 LR: 0.0001000000 Loss content:  0.0170 Loss fft:  0.8109 Loss dta_rank:  0.7405 Loss dta_tv:  0.0319 Loss dta_proxy:  0.4248 Loss dta_trans:  0.0077 Loss dta_phys:  0.0072 Loss dta_preserve:  0.0053
Time:  0.0722 Epoch: 004 Iter:  200/ 600 LR: 0.0001000000 Loss content:  0.0174 Loss fft:  0.8177 Loss dta_rank:  0.7340 Loss dta_tv:  0.0312 Loss dta_proxy:  0.4298 Loss dta_trans:  0.0072 Loss dta_phys:  0.0072 Loss dta_preserve:  0.0047
Time:  0.0722 Epoch: 004 Iter:  250/ 600 LR: 0.0001000000 Loss content:  0.0174 Loss fft:  0.8500 Loss dta_rank:  0.7408 Loss dta_tv:  0.0310 Loss dta_proxy:  0.4477 Loss dta_trans:  0.0063 Loss dta_phys:  0.0067 Loss dta_preserve:  0.0050
Time:  0.0708 Epoch: 004 Iter:  300/ 600 LR: 0.0001000000 Loss content:  0.0168 Loss fft:  0.8020 Loss dta_rank:  0.7383 Loss dta_tv:  0.0317 Loss dta_proxy:  0.4208 Loss dta_trans:  0.0070 Loss dta_phys:  0.0062 Loss dta_preserve:  0.0053
Time:  0.0717 Epoch: 004 Iter:  350/ 600 LR: 0.0001000000 Loss content:  0.0167 Loss fft:  0.8033 Loss dta_rank:  0.7401 Loss dta_tv:  0.0308 Loss dta_proxy:  0.4327 Loss dta_trans:  0.0073 Loss dta_phys:  0.0070 Loss dta_preserve:  0.0049
Time:  0.0726 Epoch: 004 Iter:  400/ 600 LR: 0.0001000000 Loss content:  0.0173 Loss fft:  0.8143 Loss dta_rank:  0.7392 Loss dta_tv:  0.0297 Loss dta_proxy:  0.4568 Loss dta_trans:  0.0066 Loss dta_phys:  0.0065 Loss dta_preserve:  0.0044
Time:  0.0722 Epoch: 004 Iter:  450/ 600 LR: 0.0001000000 Loss content:  0.0171 Loss fft:  0.8457 Loss dta_rank:  0.7363 Loss dta_tv:  0.0323 Loss dta_proxy:  0.4051 Loss dta_trans:  0.0078 Loss dta_phys:  0.0067 Loss dta_preserve:  0.0053
Time:  0.0754 Epoch: 004 Iter:  500/ 600 LR: 0.0001000000 Loss content:  0.0171 Loss fft:  0.8128 Loss dta_rank:  0.7400 Loss dta_tv:  0.0307 Loss dta_proxy:  0.4411 Loss dta_trans:  0.0075 Loss dta_phys:  0.0072 Loss dta_preserve:  0.0059
Time:  0.0739 Epoch: 004 Iter:  550/ 600 LR: 0.0001000000 Loss content:  0.0168 Loss fft:  0.8242 Loss dta_rank:  0.7354 Loss dta_tv:  0.0302 Loss dta_proxy:  0.4550 Loss dta_trans:  0.0073 Loss dta_phys:  0.0067 Loss dta_preserve:  0.0097
Time:  0.0719 Epoch: 004 Iter:  600/ 600 LR: 0.0001000000 Loss content:  0.0168 Loss fft:  0.8042 Loss dta_rank:  0.7376 Loss dta_tv:  0.0309 Loss dta_proxy:  0.4247 Loss dta_trans:  0.0078 Loss dta_phys:  0.0067 Loss dta_preserve:  0.0047
EPOCH: 04
Elapsed time: 0.88 Epoch Pixel Loss:  0.0171 Epoch FFT Loss:  0.8208 Epoch DTA Rank:  0.7385 Epoch DTA TV:  0.0312 Epoch DTA Proxy:  0.4342 Epoch DTA Trans:  0.0071 Epoch DTA Phys:  0.0068 Epoch DTA Preserve:  0.0053
DTA_GATE_RAMP epoch=5 gate_limit=0.030000
Time:  0.0778 Epoch: 005 Iter:   50/ 600 LR: 0.0000983215 Loss content:  0.0175 Loss fft:  0.8339 Loss dta_rank:  0.7399 Loss dta_tv:  0.0303 Loss dta_proxy:  0.4166 Loss dta_trans:  0.0074 Loss dta_phys:  0.0065 Loss dta_preserve:  0.0043
Time:  0.0737 Epoch: 005 Iter:  100/ 600 LR: 0.0000983215 Loss content:  0.0174 Loss fft:  0.8335 Loss dta_rank:  0.7410 Loss dta_tv:  0.0311 Loss dta_proxy:  0.4286 Loss dta_trans:  0.0072 Loss dta_phys:  0.0066 Loss dta_preserve:  0.0055
Time:  0.0752 Epoch: 005 Iter:  150/ 600 LR: 0.0000983215 Loss content:  0.0166 Loss fft:  0.8146 Loss dta_rank:  0.7411 Loss dta_tv:  0.0299 Loss dta_proxy:  0.4472 Loss dta_trans:  0.0065 Loss dta_phys:  0.0071 Loss dta_preserve:  0.0046
Time:  0.0715 Epoch: 005 Iter:  200/ 600 LR: 0.0000983215 Loss content:  0.0174 Loss fft:  0.8217 Loss dta_rank:  0.7442 Loss dta_tv:  0.0296 Loss dta_proxy:  0.4331 Loss dta_trans:  0.0072 Loss dta_phys:  0.0067 Loss dta_preserve:  0.0042
Time:  0.0728 Epoch: 005 Iter:  250/ 600 LR: 0.0000983215 Loss content:  0.0169 Loss fft:  0.8038 Loss dta_rank:  0.7390 Loss dta_tv:  0.0305 Loss dta_proxy:  0.4431 Loss dta_trans:  0.0066 Loss dta_phys:  0.0073 Loss dta_preserve:  0.0047
Time:  0.0720 Epoch: 005 Iter:  300/ 600 LR: 0.0000983215 Loss content:  0.0170 Loss fft:  0.7938 Loss dta_rank:  0.7321 Loss dta_tv:  0.0311 Loss dta_proxy:  0.4253 Loss dta_trans:  0.0073 Loss dta_phys:  0.0071 Loss dta_preserve:  0.0048
Time:  0.0714 Epoch: 005 Iter:  350/ 600 LR: 0.0000983215 Loss content:  0.0173 Loss fft:  0.7974 Loss dta_rank:  0.7369 Loss dta_tv:  0.0301 Loss dta_proxy:  0.4275 Loss dta_trans:  0.0071 Loss dta_phys:  0.0074 Loss dta_preserve:  0.0061
Time:  0.0735 Epoch: 005 Iter:  400/ 600 LR: 0.0000983215 Loss content:  0.0177 Loss fft:  0.8404 Loss dta_rank:  0.7345 Loss dta_tv:  0.0302 Loss dta_proxy:  0.4347 Loss dta_trans:  0.0067 Loss dta_phys:  0.0070 Loss dta_preserve:  0.0046
Time:  0.0729 Epoch: 005 Iter:  450/ 600 LR: 0.0000983215 Loss content:  0.0174 Loss fft:  0.8233 Loss dta_rank:  0.7419 Loss dta_tv:  0.0297 Loss dta_proxy:  0.4500 Loss dta_trans:  0.0065 Loss dta_phys:  0.0068 Loss dta_preserve:  0.0058
Time:  0.0737 Epoch: 005 Iter:  500/ 600 LR: 0.0000983215 Loss content:  0.0173 Loss fft:  0.8305 Loss dta_rank:  0.7369 Loss dta_tv:  0.0293 Loss dta_proxy:  0.4422 Loss dta_trans:  0.0057 Loss dta_phys:  0.0063 Loss dta_preserve:  0.0063
Time:  0.0706 Epoch: 005 Iter:  550/ 600 LR: 0.0000983215 Loss content:  0.0174 Loss fft:  0.8344 Loss dta_rank:  0.7374 Loss dta_tv:  0.0290 Loss dta_proxy:  0.4534 Loss dta_trans:  0.0063 Loss dta_phys:  0.0069 Loss dta_preserve:  0.0050
Time:  0.0725 Epoch: 005 Iter:  600/ 600 LR: 0.0000983215 Loss content:  0.0166 Loss fft:  0.8007 Loss dta_rank:  0.7407 Loss dta_tv:  0.0304 Loss dta_proxy:  0.4088 Loss dta_trans:  0.0060 Loss dta_phys:  0.0066 Loss dta_preserve:  0.0041
EPOCH: 05
Elapsed time: 0.88 Epoch Pixel Loss:  0.0172 Epoch FFT Loss:  0.8190 Epoch DTA Rank:  0.7388 Epoch DTA TV:  0.0301 Epoch DTA Proxy:  0.4342 Epoch DTA Trans:  0.0067 Epoch DTA Phys:  0.0069 Epoch DTA Preserve:  0.0050
DTA_GATE_RAMP epoch=6 gate_limit=0.030000
Time:  0.0793 Epoch: 006 Iter:   50/ 600 LR: 0.0000942212 Loss content:  0.0173 Loss fft:  0.7787 Loss dta_rank:  0.7396 Loss dta_tv:  0.0300 Loss dta_proxy:  0.4069 Loss dta_trans:  0.0069 Loss dta_phys:  0.0067 Loss dta_preserve:  0.0051
Time:  0.0722 Epoch: 006 Iter:  100/ 600 LR: 0.0000942212 Loss content:  0.0182 Loss fft:  0.8474 Loss dta_rank:  0.7427 Loss dta_tv:  0.0293 Loss dta_proxy:  0.4457 Loss dta_trans:  0.0062 Loss dta_phys:  0.0065 Loss dta_preserve:  0.0068
Time:  0.0721 Epoch: 006 Iter:  150/ 600 LR: 0.0000942212 Loss content:  0.0174 Loss fft:  0.8119 Loss dta_rank:  0.7439 Loss dta_tv:  0.0302 Loss dta_proxy:  0.4352 Loss dta_trans:  0.0062 Loss dta_phys:  0.0068 Loss dta_preserve:  0.0072
Time:  0.0729 Epoch: 006 Iter:  200/ 600 LR: 0.0000942212 Loss content:  0.0188 Loss fft:  0.8686 Loss dta_rank:  0.7411 Loss dta_tv:  0.0282 Loss dta_proxy:  0.4586 Loss dta_trans:  0.0062 Loss dta_phys:  0.0071 Loss dta_preserve:  0.0056
Time:  0.0745 Epoch: 006 Iter:  250/ 600 LR: 0.0000942212 Loss content:  0.0171 Loss fft:  0.8226 Loss dta_rank:  0.7397 Loss dta_tv:  0.0294 Loss dta_proxy:  0.4432 Loss dta_trans:  0.0064 Loss dta_phys:  0.0062 Loss dta_preserve:  0.0053
Time:  0.0752 Epoch: 006 Iter:  300/ 600 LR: 0.0000942212 Loss content:  0.0167 Loss fft:  0.7931 Loss dta_rank:  0.7412 Loss dta_tv:  0.0287 Loss dta_proxy:  0.4452 Loss dta_trans:  0.0065 Loss dta_phys:  0.0071 Loss dta_preserve:  0.0045
Time:  0.0717 Epoch: 006 Iter:  350/ 600 LR: 0.0000942212 Loss content:  0.0169 Loss fft:  0.8124 Loss dta_rank:  0.7365 Loss dta_tv:  0.0285 Loss dta_proxy:  0.4432 Loss dta_trans:  0.0066 Loss dta_phys:  0.0065 Loss dta_preserve:  0.0058
Time:  0.0756 Epoch: 006 Iter:  400/ 600 LR: 0.0000942212 Loss content:  0.0181 Loss fft:  0.8487 Loss dta_rank:  0.7395 Loss dta_tv:  0.0288 Loss dta_proxy:  0.4304 Loss dta_trans:  0.0065 Loss dta_phys:  0.0067 Loss dta_preserve:  0.0042
Time:  0.0761 Epoch: 006 Iter:  450/ 600 LR: 0.0000942212 Loss content:  0.0164 Loss fft:  0.7712 Loss dta_rank:  0.7306 Loss dta_tv:  0.0287 Loss dta_proxy:  0.4266 Loss dta_trans:  0.0069 Loss dta_phys:  0.0077 Loss dta_preserve:  0.0042
Time:  0.0741 Epoch: 006 Iter:  500/ 600 LR: 0.0000942212 Loss content:  0.0169 Loss fft:  0.8045 Loss dta_rank:  0.7400 Loss dta_tv:  0.0279 Loss dta_proxy:  0.4550 Loss dta_trans:  0.0063 Loss dta_phys:  0.0070 Loss dta_preserve:  0.0052
Time:  0.0727 Epoch: 006 Iter:  550/ 600 LR: 0.0000942212 Loss content:  0.0177 Loss fft:  0.8442 Loss dta_rank:  0.7448 Loss dta_tv:  0.0291 Loss dta_proxy:  0.4448 Loss dta_trans:  0.0057 Loss dta_phys:  0.0063 Loss dta_preserve:  0.0052
Time:  0.0747 Epoch: 006 Iter:  600/ 600 LR: 0.0000942212 Loss content:  0.0174 Loss fft:  0.8042 Loss dta_rank:  0.7442 Loss dta_tv:  0.0289 Loss dta_proxy:  0.4336 Loss dta_trans:  0.0055 Loss dta_phys:  0.0062 Loss dta_preserve:  0.0062
EPOCH: 06
Elapsed time: 0.89 Epoch Pixel Loss:  0.0174 Epoch FFT Loss:  0.8173 Epoch DTA Rank:  0.7403 Epoch DTA TV:  0.0290 Epoch DTA Proxy:  0.4390 Epoch DTA Trans:  0.0063 Epoch DTA Phys:  0.0067 Epoch DTA Preserve:  0.0054
DTA_GATE_RAMP epoch=7 gate_limit=0.030000
Time:  0.0773 Epoch: 007 Iter:   50/ 600 LR: 0.0000886874 Loss content:  0.0164 Loss fft:  0.8136 Loss dta_rank:  0.7394 Loss dta_tv:  0.0292 Loss dta_proxy:  0.4457 Loss dta_trans:  0.0065 Loss dta_phys:  0.0069 Loss dta_preserve:  0.0050
Time:  0.0730 Epoch: 007 Iter:  100/ 600 LR: 0.0000886874 Loss content:  0.0172 Loss fft:  0.8104 Loss dta_rank:  0.7404 Loss dta_tv:  0.0296 Loss dta_proxy:  0.4086 Loss dta_trans:  0.0052 Loss dta_phys:  0.0065 Loss dta_preserve:  0.0054
Time:  0.0714 Epoch: 007 Iter:  150/ 600 LR: 0.0000886874 Loss content:  0.0174 Loss fft:  0.8178 Loss dta_rank:  0.7442 Loss dta_tv:  0.0280 Loss dta_proxy:  0.4491 Loss dta_trans:  0.0068 Loss dta_phys:  0.0067 Loss dta_preserve:  0.0055
Time:  0.0758 Epoch: 007 Iter:  200/ 600 LR: 0.0000886874 Loss content:  0.0169 Loss fft:  0.8187 Loss dta_rank:  0.7380 Loss dta_tv:  0.0277 Loss dta_proxy:  0.4550 Loss dta_trans:  0.0069 Loss dta_phys:  0.0071 Loss dta_preserve:  0.0049
Time:  0.0733 Epoch: 007 Iter:  250/ 600 LR: 0.0000886874 Loss content:  0.0166 Loss fft:  0.8110 Loss dta_rank:  0.7386 Loss dta_tv:  0.0282 Loss dta_proxy:  0.4308 Loss dta_trans:  0.0065 Loss dta_phys:  0.0070 Loss dta_preserve:  0.0040
Time:  0.0740 Epoch: 007 Iter:  300/ 600 LR: 0.0000886874 Loss content:  0.0175 Loss fft:  0.8206 Loss dta_rank:  0.7366 Loss dta_tv:  0.0283 Loss dta_proxy:  0.4364 Loss dta_trans:  0.0065 Loss dta_phys:  0.0074 Loss dta_preserve:  0.0051
Time:  0.0761 Epoch: 007 Iter:  350/ 600 LR: 0.0000886874 Loss content:  0.0173 Loss fft:  0.8234 Loss dta_rank:  0.7374 Loss dta_tv:  0.0291 Loss dta_proxy:  0.4457 Loss dta_trans:  0.0060 Loss dta_phys:  0.0066 Loss dta_preserve:  0.0048
Time:  0.0710 Epoch: 007 Iter:  400/ 600 LR: 0.0000886874 Loss content:  0.0168 Loss fft:  0.8210 Loss dta_rank:  0.7436 Loss dta_tv:  0.0284 Loss dta_proxy:  0.4412 Loss dta_trans:  0.0062 Loss dta_phys:  0.0071 Loss dta_preserve:  0.0046
Time:  0.0722 Epoch: 007 Iter:  450/ 600 LR: 0.0000886874 Loss content:  0.0176 Loss fft:  0.8322 Loss dta_rank:  0.7385 Loss dta_tv:  0.0284 Loss dta_proxy:  0.4349 Loss dta_trans:  0.0062 Loss dta_phys:  0.0065 Loss dta_preserve:  0.0077
Time:  0.0730 Epoch: 007 Iter:  500/ 600 LR: 0.0000886874 Loss content:  0.0174 Loss fft:  0.8602 Loss dta_rank:  0.7405 Loss dta_tv:  0.0285 Loss dta_proxy:  0.4396 Loss dta_trans:  0.0059 Loss dta_phys:  0.0064 Loss dta_preserve:  0.0056
Time:  0.0756 Epoch: 007 Iter:  550/ 600 LR: 0.0000886874 Loss content:  0.0175 Loss fft:  0.8098 Loss dta_rank:  0.7404 Loss dta_tv:  0.0275 Loss dta_proxy:  0.4691 Loss dta_trans:  0.0053 Loss dta_phys:  0.0067 Loss dta_preserve:  0.0040
Time:  0.0720 Epoch: 007 Iter:  600/ 600 LR: 0.0000886874 Loss content:  0.0174 Loss fft:  0.8133 Loss dta_rank:  0.7376 Loss dta_tv:  0.0283 Loss dta_proxy:  0.4130 Loss dta_trans:  0.0058 Loss dta_phys:  0.0063 Loss dta_preserve:  0.0055
EPOCH: 07
Elapsed time: 0.89 Epoch Pixel Loss:  0.0172 Epoch FFT Loss:  0.8210 Epoch DTA Rank:  0.7396 Epoch DTA TV:  0.0284 Epoch DTA Proxy:  0.4391 Epoch DTA Trans:  0.0062 Epoch DTA Phys:  0.0068 Epoch DTA Preserve:  0.0052
DTA_GATE_RAMP epoch=8 gate_limit=0.030000
Time:  0.0676 Epoch: 008 Iter:   50/ 600 LR: 0.0000819070 Loss content:  0.0165 Loss fft:  0.7913 Loss dta_rank:  0.7385 Loss dta_tv:  0.0276 Loss dta_proxy:  0.4536 Loss dta_trans:  0.0061 Loss dta_phys:  0.0079 Loss dta_preserve:  0.0053
Time:  0.0609 Epoch: 008 Iter:  100/ 600 LR: 0.0000819070 Loss content:  0.0175 Loss fft:  0.8325 Loss dta_rank:  0.7413 Loss dta_tv:  0.0283 Loss dta_proxy:  0.4344 Loss dta_trans:  0.0071 Loss dta_phys:  0.0068 Loss dta_preserve:  0.0050
Time:  0.0615 Epoch: 008 Iter:  150/ 600 LR: 0.0000819070 Loss content:  0.0174 Loss fft:  0.8395 Loss dta_rank:  0.7347 Loss dta_tv:  0.0285 Loss dta_proxy:  0.4281 Loss dta_trans:  0.0062 Loss dta_phys:  0.0058 Loss dta_preserve:  0.0060
Time:  0.0614 Epoch: 008 Iter:  200/ 600 LR: 0.0000819070 Loss content:  0.0165 Loss fft:  0.7948 Loss dta_rank:  0.7421 Loss dta_tv:  0.0283 Loss dta_proxy:  0.4357 Loss dta_trans:  0.0074 Loss dta_phys:  0.0067 Loss dta_preserve:  0.0051
Time:  0.0614 Epoch: 008 Iter:  250/ 600 LR: 0.0000819070 Loss content:  0.0165 Loss fft:  0.8063 Loss dta_rank:  0.7432 Loss dta_tv:  0.0276 Loss dta_proxy:  0.4376 Loss dta_trans:  0.0057 Loss dta_phys:  0.0061 Loss dta_preserve:  0.0039
Time:  0.0616 Epoch: 008 Iter:  300/ 600 LR: 0.0000819070 Loss content:  0.0171 Loss fft:  0.8146 Loss dta_rank:  0.7456 Loss dta_tv:  0.0270 Loss dta_proxy:  0.4481 Loss dta_trans:  0.0051 Loss dta_phys:  0.0066 Loss dta_preserve:  0.0045
Time:  0.0612 Epoch: 008 Iter:  350/ 600 LR: 0.0000819070 Loss content:  0.0168 Loss fft:  0.8080 Loss dta_rank:  0.7363 Loss dta_tv:  0.0271 Loss dta_proxy:  0.4410 Loss dta_trans:  0.0062 Loss dta_phys:  0.0068 Loss dta_preserve:  0.0047
Time:  0.0604 Epoch: 008 Iter:  400/ 600 LR: 0.0000819070 Loss content:  0.0175 Loss fft:  0.8750 Loss dta_rank:  0.7381 Loss dta_tv:  0.0282 Loss dta_proxy:  0.4310 Loss dta_trans:  0.0056 Loss dta_phys:  0.0065 Loss dta_preserve:  0.0052
Time:  0.0622 Epoch: 008 Iter:  450/ 600 LR: 0.0000819070 Loss content:  0.0176 Loss fft:  0.8395 Loss dta_rank:  0.7378 Loss dta_tv:  0.0273 Loss dta_proxy:  0.4665 Loss dta_trans:  0.0052 Loss dta_phys:  0.0068 Loss dta_preserve:  0.0053
Time:  0.0619 Epoch: 008 Iter:  500/ 600 LR: 0.0000819070 Loss content:  0.0170 Loss fft:  0.8380 Loss dta_rank:  0.7390 Loss dta_tv:  0.0279 Loss dta_proxy:  0.4580 Loss dta_trans:  0.0052 Loss dta_phys:  0.0077 Loss dta_preserve:  0.0048
Time:  0.0647 Epoch: 008 Iter:  550/ 600 LR: 0.0000819070 Loss content:  0.0171 Loss fft:  0.7935 Loss dta_rank:  0.7374 Loss dta_tv:  0.0277 Loss dta_proxy:  0.4384 Loss dta_trans:  0.0066 Loss dta_phys:  0.0070 Loss dta_preserve:  0.0052
Time:  0.0725 Epoch: 008 Iter:  600/ 600 LR: 0.0000819070 Loss content:  0.0171 Loss fft:  0.8142 Loss dta_rank:  0.7385 Loss dta_tv:  0.0289 Loss dta_proxy:  0.4272 Loss dta_trans:  0.0068 Loss dta_phys:  0.0078 Loss dta_preserve:  0.0067
EPOCH: 08
Elapsed time: 0.76 Epoch Pixel Loss:  0.0171 Epoch FFT Loss:  0.8206 Epoch DTA Rank:  0.7394 Epoch DTA TV:  0.0279 Epoch DTA Proxy:  0.4416 Epoch DTA Trans:  0.0061 Epoch DTA Phys:  0.0069 Epoch DTA Preserve:  0.0051
DTA_GATE_RAMP epoch=9 gate_limit=0.060000
Time:  0.0776 Epoch: 009 Iter:   50/ 600 LR: 0.0000741093 Loss content:  0.0172 Loss fft:  0.8249 Loss dta_rank:  0.7421 Loss dta_tv:  0.0282 Loss dta_proxy:  0.4490 Loss dta_trans:  0.0055 Loss dta_phys:  0.0066 Loss dta_preserve:  0.0053
Time:  0.0748 Epoch: 009 Iter:  100/ 600 LR: 0.0000741093 Loss content:  0.0178 Loss fft:  0.8243 Loss dta_rank:  0.7452 Loss dta_tv:  0.0272 Loss dta_proxy:  0.4518 Loss dta_trans:  0.0059 Loss dta_phys:  0.0071 Loss dta_preserve:  0.0053
Time:  0.0742 Epoch: 009 Iter:  150/ 600 LR: 0.0000741093 Loss content:  0.0168 Loss fft:  0.8290 Loss dta_rank:  0.7373 Loss dta_tv:  0.0276 Loss dta_proxy:  0.4365 Loss dta_trans:  0.0050 Loss dta_phys:  0.0064 Loss dta_preserve:  0.0058
Time:  0.0744 Epoch: 009 Iter:  200/ 600 LR: 0.0000741093 Loss content:  0.0172 Loss fft:  0.7953 Loss dta_rank:  0.7404 Loss dta_tv:  0.0282 Loss dta_proxy:  0.4343 Loss dta_trans:  0.0065 Loss dta_phys:  0.0066 Loss dta_preserve:  0.0048
Time:  0.0752 Epoch: 009 Iter:  250/ 600 LR: 0.0000741093 Loss content:  0.0163 Loss fft:  0.7995 Loss dta_rank:  0.7430 Loss dta_tv:  0.0281 Loss dta_proxy:  0.4341 Loss dta_trans:  0.0056 Loss dta_phys:  0.0071 Loss dta_preserve:  0.0046
Time:  0.0778 Epoch: 009 Iter:  300/ 600 LR: 0.0000741093 Loss content:  0.0175 Loss fft:  0.8260 Loss dta_rank:  0.7440 Loss dta_tv:  0.0278 Loss dta_proxy:  0.4485 Loss dta_trans:  0.0057 Loss dta_phys:  0.0069 Loss dta_preserve:  0.0053
Time:  0.0736 Epoch: 009 Iter:  350/ 600 LR: 0.0000741093 Loss content:  0.0171 Loss fft:  0.8104 Loss dta_rank:  0.7457 Loss dta_tv:  0.0269 Loss dta_proxy:  0.4740 Loss dta_trans:  0.0053 Loss dta_phys:  0.0068 Loss dta_preserve:  0.0061
Time:  0.0726 Epoch: 009 Iter:  400/ 600 LR: 0.0000741093 Loss content:  0.0167 Loss fft:  0.7942 Loss dta_rank:  0.7380 Loss dta_tv:  0.0277 Loss dta_proxy:  0.4439 Loss dta_trans:  0.0057 Loss dta_phys:  0.0073 Loss dta_preserve:  0.0046
Time:  0.0764 Epoch: 009 Iter:  450/ 600 LR: 0.0000741093 Loss content:  0.0175 Loss fft:  0.8386 Loss dta_rank:  0.7459 Loss dta_tv:  0.0278 Loss dta_proxy:  0.4470 Loss dta_trans:  0.0066 Loss dta_phys:  0.0062 Loss dta_preserve:  0.0053
Time:  0.0760 Epoch: 009 Iter:  500/ 600 LR: 0.0000741093 Loss content:  0.0171 Loss fft:  0.8326 Loss dta_rank:  0.7342 Loss dta_tv:  0.0279 Loss dta_proxy:  0.4189 Loss dta_trans:  0.0064 Loss dta_phys:  0.0060 Loss dta_preserve:  0.0046
Time:  0.0732 Epoch: 009 Iter:  550/ 600 LR: 0.0000741093 Loss content:  0.0169 Loss fft:  0.8066 Loss dta_rank:  0.7453 Loss dta_tv:  0.0276 Loss dta_proxy:  0.4272 Loss dta_trans:  0.0069 Loss dta_phys:  0.0074 Loss dta_preserve:  0.0054
Time:  0.0743 Epoch: 009 Iter:  600/ 600 LR: 0.0000741093 Loss content:  0.0174 Loss fft:  0.8363 Loss dta_rank:  0.7397 Loss dta_tv:  0.0275 Loss dta_proxy:  0.4347 Loss dta_trans:  0.0058 Loss dta_phys:  0.0070 Loss dta_preserve:  0.0050
EPOCH: 09
Elapsed time: 0.90 Epoch Pixel Loss:  0.0171 Epoch FFT Loss:  0.8181 Epoch DTA Rank:  0.7417 Epoch DTA TV:  0.0277 Epoch DTA Proxy:  0.4417 Epoch DTA Trans:  0.0059 Epoch DTA Phys:  0.0068 Epoch DTA Preserve:  0.0052
DTA_GATE_RAMP epoch=10 gate_limit=0.060000
Time:  0.0768 Epoch: 010 Iter:   50/ 600 LR: 0.0000655580 Loss content:  0.0164 Loss fft:  0.7963 Loss dta_rank:  0.7454 Loss dta_tv:  0.0277 Loss dta_proxy:  0.4504 Loss dta_trans:  0.0061 Loss dta_phys:  0.0070 Loss dta_preserve:  0.0045
Time:  0.0737 Epoch: 010 Iter:  100/ 600 LR: 0.0000655580 Loss content:  0.0172 Loss fft:  0.8272 Loss dta_rank:  0.7483 Loss dta_tv:  0.0277 Loss dta_proxy:  0.4461 Loss dta_trans:  0.0057 Loss dta_phys:  0.0065 Loss dta_preserve:  0.0046
Time:  0.0752 Epoch: 010 Iter:  150/ 600 LR: 0.0000655580 Loss content:  0.0177 Loss fft:  0.8358 Loss dta_rank:  0.7375 Loss dta_tv:  0.0265 Loss dta_proxy:  0.4416 Loss dta_trans:  0.0059 Loss dta_phys:  0.0060 Loss dta_preserve:  0.0043
Time:  0.0753 Epoch: 010 Iter:  200/ 600 LR: 0.0000655580 Loss content:  0.0177 Loss fft:  0.8153 Loss dta_rank:  0.7365 Loss dta_tv:  0.0272 Loss dta_proxy:  0.4436 Loss dta_trans:  0.0062 Loss dta_phys:  0.0074 Loss dta_preserve:  0.0052
Time:  0.0760 Epoch: 010 Iter:  250/ 600 LR: 0.0000655580 Loss content:  0.0172 Loss fft:  0.8240 Loss dta_rank:  0.7513 Loss dta_tv:  0.0278 Loss dta_proxy:  0.4543 Loss dta_trans:  0.0059 Loss dta_phys:  0.0067 Loss dta_preserve:  0.0056
Time:  0.0762 Epoch: 010 Iter:  300/ 600 LR: 0.0000655580 Loss content:  0.0176 Loss fft:  0.8307 Loss dta_rank:  0.7369 Loss dta_tv:  0.0261 Loss dta_proxy:  0.4628 Loss dta_trans:  0.0055 Loss dta_phys:  0.0071 Loss dta_preserve:  0.0044
Time:  0.0775 Epoch: 010 Iter:  350/ 600 LR: 0.0000655580 Loss content:  0.0171 Loss fft:  0.8172 Loss dta_rank:  0.7439 Loss dta_tv:  0.0280 Loss dta_proxy:  0.4425 Loss dta_trans:  0.0062 Loss dta_phys:  0.0068 Loss dta_preserve:  0.0057
Time:  0.0763 Epoch: 010 Iter:  400/ 600 LR: 0.0000655580 Loss content:  0.0168 Loss fft:  0.7889 Loss dta_rank:  0.7436 Loss dta_tv:  0.0277 Loss dta_proxy:  0.4399 Loss dta_trans:  0.0058 Loss dta_phys:  0.0068 Loss dta_preserve:  0.0056
Time:  0.0731 Epoch: 010 Iter:  450/ 600 LR: 0.0000655580 Loss content:  0.0167 Loss fft:  0.8266 Loss dta_rank:  0.7402 Loss dta_tv:  0.0279 Loss dta_proxy:  0.4196 Loss dta_trans:  0.0060 Loss dta_phys:  0.0068 Loss dta_preserve:  0.0054
Time:  0.0753 Epoch: 010 Iter:  500/ 600 LR: 0.0000655580 Loss content:  0.0176 Loss fft:  0.8267 Loss dta_rank:  0.7387 Loss dta_tv:  0.0273 Loss dta_proxy:  0.4334 Loss dta_trans:  0.0059 Loss dta_phys:  0.0067 Loss dta_preserve:  0.0059
Time:  0.0779 Epoch: 010 Iter:  550/ 600 LR: 0.0000655580 Loss content:  0.0176 Loss fft:  0.8558 Loss dta_rank:  0.7412 Loss dta_tv:  0.0279 Loss dta_proxy:  0.4374 Loss dta_trans:  0.0054 Loss dta_phys:  0.0061 Loss dta_preserve:  0.0063
Time:  0.0738 Epoch: 010 Iter:  600/ 600 LR: 0.0000655580 Loss content:  0.0166 Loss fft:  0.7914 Loss dta_rank:  0.7397 Loss dta_tv:  0.0268 Loss dta_proxy:  0.4412 Loss dta_trans:  0.0057 Loss dta_phys:  0.0073 Loss dta_preserve:  0.0039
EPOCH: 10
Elapsed time: 0.91 Epoch Pixel Loss:  0.0172 Epoch FFT Loss:  0.8197 Epoch DTA Rank:  0.7419 Epoch DTA TV:  0.0274 Epoch DTA Proxy:  0.4427 Epoch DTA Trans:  0.0059 Epoch DTA Phys:  0.0068 Epoch DTA Preserve:  0.0051
DTA_GATE_RAMP epoch=11 gate_limit=0.060000
Time:  0.0787 Epoch: 011 Iter:   50/ 600 LR: 0.0000565424 Loss content:  0.0175 Loss fft:  0.8351 Loss dta_rank:  0.7370 Loss dta_tv:  0.0266 Loss dta_proxy:  0.4513 Loss dta_trans:  0.0054 Loss dta_phys:  0.0064 Loss dta_preserve:  0.0051
Time:  0.0760 Epoch: 011 Iter:  100/ 600 LR: 0.0000565424 Loss content:  0.0164 Loss fft:  0.8036 Loss dta_rank:  0.7388 Loss dta_tv:  0.0281 Loss dta_proxy:  0.4268 Loss dta_trans:  0.0057 Loss dta_phys:  0.0072 Loss dta_preserve:  0.0041
Time:  0.0735 Epoch: 011 Iter:  150/ 600 LR: 0.0000565424 Loss content:  0.0176 Loss fft:  0.8347 Loss dta_rank:  0.7340 Loss dta_tv:  0.0273 Loss dta_proxy:  0.4222 Loss dta_trans:  0.0059 Loss dta_phys:  0.0065 Loss dta_preserve:  0.0051
Time:  0.0718 Epoch: 011 Iter:  200/ 600 LR: 0.0000565424 Loss content:  0.0172 Loss fft:  0.8402 Loss dta_rank:  0.7412 Loss dta_tv:  0.0270 Loss dta_proxy:  0.4521 Loss dta_trans:  0.0052 Loss dta_phys:  0.0064 Loss dta_preserve:  0.0050
Time:  0.0704 Epoch: 011 Iter:  250/ 600 LR: 0.0000565424 Loss content:  0.0175 Loss fft:  0.8505 Loss dta_rank:  0.7361 Loss dta_tv:  0.0272 Loss dta_proxy:  0.4445 Loss dta_trans:  0.0065 Loss dta_phys:  0.0065 Loss dta_preserve:  0.0048
Time:  0.0740 Epoch: 011 Iter:  300/ 600 LR: 0.0000565424 Loss content:  0.0172 Loss fft:  0.8131 Loss dta_rank:  0.7367 Loss dta_tv:  0.0270 Loss dta_proxy:  0.4405 Loss dta_trans:  0.0058 Loss dta_phys:  0.0071 Loss dta_preserve:  0.0051
Time:  0.0750 Epoch: 011 Iter:  350/ 600 LR: 0.0000565424 Loss content:  0.0178 Loss fft:  0.8500 Loss dta_rank:  0.7351 Loss dta_tv:  0.0273 Loss dta_proxy:  0.4311 Loss dta_trans:  0.0061 Loss dta_phys:  0.0067 Loss dta_preserve:  0.0050
Time:  0.0721 Epoch: 011 Iter:  400/ 600 LR: 0.0000565424 Loss content:  0.0175 Loss fft:  0.8069 Loss dta_rank:  0.7357 Loss dta_tv:  0.0259 Loss dta_proxy:  0.4676 Loss dta_trans:  0.0058 Loss dta_phys:  0.0067 Loss dta_preserve:  0.0057
Time:  0.0754 Epoch: 011 Iter:  450/ 600 LR: 0.0000565424 Loss content:  0.0180 Loss fft:  0.8411 Loss dta_rank:  0.7401 Loss dta_tv:  0.0271 Loss dta_proxy:  0.4470 Loss dta_trans:  0.0061 Loss dta_phys:  0.0069 Loss dta_preserve:  0.0051
Time:  0.0731 Epoch: 011 Iter:  500/ 600 LR: 0.0000565424 Loss content:  0.0168 Loss fft:  0.8068 Loss dta_rank:  0.7454 Loss dta_tv:  0.0267 Loss dta_proxy:  0.4473 Loss dta_trans:  0.0064 Loss dta_phys:  0.0068 Loss dta_preserve:  0.0056
Time:  0.0750 Epoch: 011 Iter:  550/ 600 LR: 0.0000565424 Loss content:  0.0167 Loss fft:  0.7920 Loss dta_rank:  0.7402 Loss dta_tv:  0.0260 Loss dta_proxy:  0.4469 Loss dta_trans:  0.0054 Loss dta_phys:  0.0075 Loss dta_preserve:  0.0041
Time:  0.0732 Epoch: 011 Iter:  600/ 600 LR: 0.0000565424 Loss content:  0.0171 Loss fft:  0.7980 Loss dta_rank:  0.7379 Loss dta_tv:  0.0276 Loss dta_proxy:  0.4186 Loss dta_trans:  0.0058 Loss dta_phys:  0.0070 Loss dta_preserve:  0.0042
EPOCH: 11
Elapsed time: 0.89 Epoch Pixel Loss:  0.0173 Epoch FFT Loss:  0.8227 Epoch DTA Rank:  0.7382 Epoch DTA TV:  0.0270 Epoch DTA Proxy:  0.4413 Epoch DTA Trans:  0.0058 Epoch DTA Phys:  0.0068 Epoch DTA Preserve:  0.0049
DTA_GATE_RAMP epoch=12 gate_limit=0.060000
Time:  0.0794 Epoch: 012 Iter:   50/ 600 LR: 0.0000473670 Loss content:  0.0170 Loss fft:  0.8105 Loss dta_rank:  0.7396 Loss dta_tv:  0.0265 Loss dta_proxy:  0.4507 Loss dta_trans:  0.0055 Loss dta_phys:  0.0071 Loss dta_preserve:  0.0052
Time:  0.0732 Epoch: 012 Iter:  100/ 600 LR: 0.0000473670 Loss content:  0.0173 Loss fft:  0.7980 Loss dta_rank:  0.7398 Loss dta_tv:  0.0270 Loss dta_proxy:  0.4248 Loss dta_trans:  0.0061 Loss dta_phys:  0.0063 Loss dta_preserve:  0.0053
Time:  0.0724 Epoch: 012 Iter:  150/ 600 LR: 0.0000473670 Loss content:  0.0172 Loss fft:  0.8448 Loss dta_rank:  0.7383 Loss dta_tv:  0.0270 Loss dta_proxy:  0.4233 Loss dta_trans:  0.0059 Loss dta_phys:  0.0069 Loss dta_preserve:  0.0042
Time:  0.0748 Epoch: 012 Iter:  200/ 600 LR: 0.0000473670 Loss content:  0.0173 Loss fft:  0.8343 Loss dta_rank:  0.7434 Loss dta_tv:  0.0265 Loss dta_proxy:  0.4609 Loss dta_trans:  0.0058 Loss dta_phys:  0.0072 Loss dta_preserve:  0.0057
Time:  0.0726 Epoch: 012 Iter:  250/ 600 LR: 0.0000473670 Loss content:  0.0172 Loss fft:  0.8232 Loss dta_rank:  0.7441 Loss dta_tv:  0.0267 Loss dta_proxy:  0.4386 Loss dta_trans:  0.0048 Loss dta_phys:  0.0063 Loss dta_preserve:  0.0062
Time:  0.0708 Epoch: 012 Iter:  300/ 600 LR: 0.0000473670 Loss content:  0.0174 Loss fft:  0.8136 Loss dta_rank:  0.7458 Loss dta_tv:  0.0268 Loss dta_proxy:  0.4368 Loss dta_trans:  0.0054 Loss dta_phys:  0.0068 Loss dta_preserve:  0.0047
Time:  0.0730 Epoch: 012 Iter:  350/ 600 LR: 0.0000473670 Loss content:  0.0168 Loss fft:  0.8338 Loss dta_rank:  0.7435 Loss dta_tv:  0.0270 Loss dta_proxy:  0.4379 Loss dta_trans:  0.0060 Loss dta_phys:  0.0067 Loss dta_preserve:  0.0061
Time:  0.0729 Epoch: 012 Iter:  400/ 600 LR: 0.0000473670 Loss content:  0.0159 Loss fft:  0.7714 Loss dta_rank:  0.7440 Loss dta_tv:  0.0274 Loss dta_proxy:  0.4381 Loss dta_trans:  0.0065 Loss dta_phys:  0.0072 Loss dta_preserve:  0.0048
Time:  0.0720 Epoch: 012 Iter:  450/ 600 LR: 0.0000473670 Loss content:  0.0169 Loss fft:  0.8042 Loss dta_rank:  0.7334 Loss dta_tv:  0.0276 Loss dta_proxy:  0.4178 Loss dta_trans:  0.0066 Loss dta_phys:  0.0068 Loss dta_preserve:  0.0048
Time:  0.0718 Epoch: 012 Iter:  500/ 600 LR: 0.0000473670 Loss content:  0.0180 Loss fft:  0.8565 Loss dta_rank:  0.7405 Loss dta_tv:  0.0268 Loss dta_proxy:  0.4324 Loss dta_trans:  0.0063 Loss dta_phys:  0.0065 Loss dta_preserve:  0.0049
Time:  0.0719 Epoch: 012 Iter:  550/ 600 LR: 0.0000473670 Loss content:  0.0171 Loss fft:  0.8368 Loss dta_rank:  0.7394 Loss dta_tv:  0.0268 Loss dta_proxy:  0.4371 Loss dta_trans:  0.0057 Loss dta_phys:  0.0067 Loss dta_preserve:  0.0045
Time:  0.0724 Epoch: 012 Iter:  600/ 600 LR: 0.0000473670 Loss content:  0.0173 Loss fft:  0.8236 Loss dta_rank:  0.7442 Loss dta_tv:  0.0261 Loss dta_proxy:  0.4507 Loss dta_trans:  0.0058 Loss dta_phys:  0.0069 Loss dta_preserve:  0.0049
EPOCH: 12
Elapsed time: 0.88 Epoch Pixel Loss:  0.0171 Epoch FFT Loss:  0.8209 Epoch DTA Rank:  0.7413 Epoch DTA TV:  0.0269 Epoch DTA Proxy:  0.4374 Epoch DTA Trans:  0.0059 Epoch DTA Phys:  0.0068 Epoch DTA Preserve:  0.0051
DTA_GATE_RAMP epoch=13 gate_limit=0.060000
Time:  0.0794 Epoch: 013 Iter:   50/ 600 LR: 0.0000383414 Loss content:  0.0171 Loss fft:  0.8292 Loss dta_rank:  0.7431 Loss dta_tv:  0.0263 Loss dta_proxy:  0.4482 Loss dta_trans:  0.0059 Loss dta_phys:  0.0059 Loss dta_preserve:  0.0053
Time:  0.0734 Epoch: 013 Iter:  100/ 600 LR: 0.0000383414 Loss content:  0.0167 Loss fft:  0.8189 Loss dta_rank:  0.7386 Loss dta_tv:  0.0276 Loss dta_proxy:  0.4414 Loss dta_trans:  0.0062 Loss dta_phys:  0.0078 Loss dta_preserve:  0.0048
Time:  0.0752 Epoch: 013 Iter:  150/ 600 LR: 0.0000383414 Loss content:  0.0171 Loss fft:  0.8274 Loss dta_rank:  0.7456 Loss dta_tv:  0.0266 Loss dta_proxy:  0.4615 Loss dta_trans:  0.0057 Loss dta_phys:  0.0073 Loss dta_preserve:  0.0040
Time:  0.0788 Epoch: 013 Iter:  200/ 600 LR: 0.0000383414 Loss content:  0.0168 Loss fft:  0.8228 Loss dta_rank:  0.7394 Loss dta_tv:  0.0265 Loss dta_proxy:  0.4310 Loss dta_trans:  0.0065 Loss dta_phys:  0.0066 Loss dta_preserve:  0.0048
Time:  0.0727 Epoch: 013 Iter:  250/ 600 LR: 0.0000383414 Loss content:  0.0173 Loss fft:  0.8032 Loss dta_rank:  0.7349 Loss dta_tv:  0.0260 Loss dta_proxy:  0.4590 Loss dta_trans:  0.0056 Loss dta_phys:  0.0080 Loss dta_preserve:  0.0058
Time:  0.0741 Epoch: 013 Iter:  300/ 600 LR: 0.0000383414 Loss content:  0.0170 Loss fft:  0.8163 Loss dta_rank:  0.7389 Loss dta_tv:  0.0261 Loss dta_proxy:  0.4359 Loss dta_trans:  0.0057 Loss dta_phys:  0.0064 Loss dta_preserve:  0.0048
Time:  0.0756 Epoch: 013 Iter:  350/ 600 LR: 0.0000383414 Loss content:  0.0173 Loss fft:  0.7799 Loss dta_rank:  0.7375 Loss dta_tv:  0.0258 Loss dta_proxy:  0.4514 Loss dta_trans:  0.0051 Loss dta_phys:  0.0067 Loss dta_preserve:  0.0050
Time:  0.0727 Epoch: 013 Iter:  400/ 600 LR: 0.0000383414 Loss content:  0.0172 Loss fft:  0.8367 Loss dta_rank:  0.7448 Loss dta_tv:  0.0267 Loss dta_proxy:  0.4421 Loss dta_trans:  0.0059 Loss dta_phys:  0.0065 Loss dta_preserve:  0.0044
Time:  0.0735 Epoch: 013 Iter:  450/ 600 LR: 0.0000383414 Loss content:  0.0165 Loss fft:  0.7756 Loss dta_rank:  0.7408 Loss dta_tv:  0.0276 Loss dta_proxy:  0.4262 Loss dta_trans:  0.0056 Loss dta_phys:  0.0069 Loss dta_preserve:  0.0052
Time:  0.0707 Epoch: 013 Iter:  500/ 600 LR: 0.0000383414 Loss content:  0.0174 Loss fft:  0.8139 Loss dta_rank:  0.7449 Loss dta_tv:  0.0259 Loss dta_proxy:  0.4630 Loss dta_trans:  0.0045 Loss dta_phys:  0.0060 Loss dta_preserve:  0.0062
Time:  0.0702 Epoch: 013 Iter:  550/ 600 LR: 0.0000383414 Loss content:  0.0176 Loss fft:  0.8169 Loss dta_rank:  0.7402 Loss dta_tv:  0.0271 Loss dta_proxy:  0.4344 Loss dta_trans:  0.0063 Loss dta_phys:  0.0070 Loss dta_preserve:  0.0046
Time:  0.0727 Epoch: 013 Iter:  600/ 600 LR: 0.0000383414 Loss content:  0.0168 Loss fft:  0.8344 Loss dta_rank:  0.7374 Loss dta_tv:  0.0276 Loss dta_proxy:  0.4155 Loss dta_trans:  0.0057 Loss dta_phys:  0.0065 Loss dta_preserve:  0.0043
EPOCH: 13
Elapsed time: 0.89 Epoch Pixel Loss:  0.0171 Epoch FFT Loss:  0.8146 Epoch DTA Rank:  0.7405 Epoch DTA TV:  0.0266 Epoch DTA Proxy:  0.4425 Epoch DTA Trans:  0.0057 Epoch DTA Phys:  0.0068 Epoch DTA Preserve:  0.0049
DTA_GATE_RAMP epoch=14 gate_limit=0.060000
Time:  0.0767 Epoch: 014 Iter:   50/ 600 LR: 0.0000297690 Loss content:  0.0175 Loss fft:  0.8230 Loss dta_rank:  0.7436 Loss dta_tv:  0.0259 Loss dta_proxy:  0.4585 Loss dta_trans:  0.0050 Loss dta_phys:  0.0066 Loss dta_preserve:  0.0055
Time:  0.0724 Epoch: 014 Iter:  100/ 600 LR: 0.0000297690 Loss content:  0.0168 Loss fft:  0.8069 Loss dta_rank:  0.7427 Loss dta_tv:  0.0258 Loss dta_proxy:  0.4730 Loss dta_trans:  0.0051 Loss dta_phys:  0.0070 Loss dta_preserve:  0.0048
Time:  0.0749 Epoch: 014 Iter:  150/ 600 LR: 0.0000297690 Loss content:  0.0170 Loss fft:  0.8327 Loss dta_rank:  0.7423 Loss dta_tv:  0.0264 Loss dta_proxy:  0.4478 Loss dta_trans:  0.0060 Loss dta_phys:  0.0074 Loss dta_preserve:  0.0043
Time:  0.0736 Epoch: 014 Iter:  200/ 600 LR: 0.0000297690 Loss content:  0.0173 Loss fft:  0.8246 Loss dta_rank:  0.7451 Loss dta_tv:  0.0268 Loss dta_proxy:  0.4225 Loss dta_trans:  0.0051 Loss dta_phys:  0.0064 Loss dta_preserve:  0.0061
Time:  0.0748 Epoch: 014 Iter:  250/ 600 LR: 0.0000297690 Loss content:  0.0172 Loss fft:  0.8200 Loss dta_rank:  0.7376 Loss dta_tv:  0.0266 Loss dta_proxy:  0.4525 Loss dta_trans:  0.0061 Loss dta_phys:  0.0065 Loss dta_preserve:  0.0052
Time:  0.0738 Epoch: 014 Iter:  300/ 600 LR: 0.0000297690 Loss content:  0.0173 Loss fft:  0.8289 Loss dta_rank:  0.7469 Loss dta_tv:  0.0263 Loss dta_proxy:  0.4373 Loss dta_trans:  0.0059 Loss dta_phys:  0.0070 Loss dta_preserve:  0.0050
Time:  0.0720 Epoch: 014 Iter:  350/ 600 LR: 0.0000297690 Loss content:  0.0167 Loss fft:  0.7994 Loss dta_rank:  0.7453 Loss dta_tv:  0.0269 Loss dta_proxy:  0.4317 Loss dta_trans:  0.0050 Loss dta_phys:  0.0066 Loss dta_preserve:  0.0060
Time:  0.0762 Epoch: 014 Iter:  400/ 600 LR: 0.0000297690 Loss content:  0.0166 Loss fft:  0.8285 Loss dta_rank:  0.7409 Loss dta_tv:  0.0269 Loss dta_proxy:  0.4436 Loss dta_trans:  0.0055 Loss dta_phys:  0.0075 Loss dta_preserve:  0.0046
Time:  0.0718 Epoch: 014 Iter:  450/ 600 LR: 0.0000297690 Loss content:  0.0177 Loss fft:  0.8100 Loss dta_rank:  0.7482 Loss dta_tv:  0.0269 Loss dta_proxy:  0.4546 Loss dta_trans:  0.0060 Loss dta_phys:  0.0066 Loss dta_preserve:  0.0058
Time:  0.0761 Epoch: 014 Iter:  500/ 600 LR: 0.0000297690 Loss content:  0.0167 Loss fft:  0.8190 Loss dta_rank:  0.7397 Loss dta_tv:  0.0265 Loss dta_proxy:  0.4550 Loss dta_trans:  0.0055 Loss dta_phys:  0.0068 Loss dta_preserve:  0.0040
Time:  0.0760 Epoch: 014 Iter:  550/ 600 LR: 0.0000297690 Loss content:  0.0174 Loss fft:  0.8194 Loss dta_rank:  0.7360 Loss dta_tv:  0.0262 Loss dta_proxy:  0.4416 Loss dta_trans:  0.0054 Loss dta_phys:  0.0072 Loss dta_preserve:  0.0049
Time:  0.0733 Epoch: 014 Iter:  600/ 600 LR: 0.0000297690 Loss content:  0.0176 Loss fft:  0.8200 Loss dta_rank:  0.7410 Loss dta_tv:  0.0262 Loss dta_proxy:  0.4548 Loss dta_trans:  0.0063 Loss dta_phys:  0.0070 Loss dta_preserve:  0.0060
EPOCH: 14
Elapsed time: 0.89 Epoch Pixel Loss:  0.0172 Epoch FFT Loss:  0.8194 Epoch DTA Rank:  0.7425 Epoch DTA TV:  0.0264 Epoch DTA Proxy:  0.4477 Epoch DTA Trans:  0.0056 Epoch DTA Phys:  0.0069 Epoch DTA Preserve:  0.0052
DTA_GATE_RAMP epoch=15 gate_limit=0.060000
Time:  0.0778 Epoch: 015 Iter:   50/ 600 LR: 0.0000219361 Loss content:  0.0168 Loss fft:  0.7966 Loss dta_rank:  0.7382 Loss dta_tv:  0.0269 Loss dta_proxy:  0.4450 Loss dta_trans:  0.0062 Loss dta_phys:  0.0067 Loss dta_preserve:  0.0045
Time:  0.0726 Epoch: 015 Iter:  100/ 600 LR: 0.0000219361 Loss content:  0.0170 Loss fft:  0.8015 Loss dta_rank:  0.7316 Loss dta_tv:  0.0265 Loss dta_proxy:  0.4355 Loss dta_trans:  0.0056 Loss dta_phys:  0.0067 Loss dta_preserve:  0.0043
Time:  0.0765 Epoch: 015 Iter:  150/ 600 LR: 0.0000219361 Loss content:  0.0173 Loss fft:  0.8412 Loss dta_rank:  0.7418 Loss dta_tv:  0.0262 Loss dta_proxy:  0.4543 Loss dta_trans:  0.0049 Loss dta_phys:  0.0064 Loss dta_preserve:  0.0053
Time:  0.0720 Epoch: 015 Iter:  200/ 600 LR: 0.0000219361 Loss content:  0.0167 Loss fft:  0.7917 Loss dta_rank:  0.7466 Loss dta_tv:  0.0267 Loss dta_proxy:  0.4349 Loss dta_trans:  0.0059 Loss dta_phys:  0.0063 Loss dta_preserve:  0.0046
Time:  0.0717 Epoch: 015 Iter:  250/ 600 LR: 0.0000219361 Loss content:  0.0167 Loss fft:  0.8192 Loss dta_rank:  0.7448 Loss dta_tv:  0.0272 Loss dta_proxy:  0.4347 Loss dta_trans:  0.0054 Loss dta_phys:  0.0064 Loss dta_preserve:  0.0049
Time:  0.0780 Epoch: 015 Iter:  300/ 600 LR: 0.0000219361 Loss content:  0.0174 Loss fft:  0.8482 Loss dta_rank:  0.7391 Loss dta_tv:  0.0264 Loss dta_proxy:  0.4367 Loss dta_trans:  0.0052 Loss dta_phys:  0.0066 Loss dta_preserve:  0.0043
Time:  0.0747 Epoch: 015 Iter:  350/ 600 LR: 0.0000219361 Loss content:  0.0173 Loss fft:  0.8191 Loss dta_rank:  0.7378 Loss dta_tv:  0.0270 Loss dta_proxy:  0.4304 Loss dta_trans:  0.0056 Loss dta_phys:  0.0068 Loss dta_preserve:  0.0044
Time:  0.0747 Epoch: 015 Iter:  400/ 600 LR: 0.0000219361 Loss content:  0.0166 Loss fft:  0.7968 Loss dta_rank:  0.7396 Loss dta_tv:  0.0270 Loss dta_proxy:  0.4315 Loss dta_trans:  0.0069 Loss dta_phys:  0.0069 Loss dta_preserve:  0.0053
Time:  0.0719 Epoch: 015 Iter:  450/ 600 LR: 0.0000219361 Loss content:  0.0170 Loss fft:  0.8155 Loss dta_rank:  0.7392 Loss dta_tv:  0.0260 Loss dta_proxy:  0.4509 Loss dta_trans:  0.0059 Loss dta_phys:  0.0064 Loss dta_preserve:  0.0046
Time:  0.0739 Epoch: 015 Iter:  500/ 600 LR: 0.0000219361 Loss content:  0.0174 Loss fft:  0.8039 Loss dta_rank:  0.7379 Loss dta_tv:  0.0257 Loss dta_proxy:  0.4540 Loss dta_trans:  0.0053 Loss dta_phys:  0.0074 Loss dta_preserve:  0.0047
Time:  0.0696 Epoch: 015 Iter:  550/ 600 LR: 0.0000219361 Loss content:  0.0177 Loss fft:  0.8243 Loss dta_rank:  0.7359 Loss dta_tv:  0.0263 Loss dta_proxy:  0.4388 Loss dta_trans:  0.0056 Loss dta_phys:  0.0073 Loss dta_preserve:  0.0056
Time:  0.0736 Epoch: 015 Iter:  600/ 600 LR: 0.0000219361 Loss content:  0.0174 Loss fft:  0.8384 Loss dta_rank:  0.7361 Loss dta_tv:  0.0268 Loss dta_proxy:  0.4368 Loss dta_trans:  0.0066 Loss dta_phys:  0.0062 Loss dta_preserve:  0.0053
EPOCH: 15
Elapsed time: 0.89 Epoch Pixel Loss:  0.0171 Epoch FFT Loss:  0.8164 Epoch DTA Rank:  0.7391 Epoch DTA TV:  0.0266 Epoch DTA Proxy:  0.4403 Epoch DTA Trans:  0.0057 Epoch DTA Phys:  0.0067 Epoch DTA Preserve:  0.0048
DTA_GATE_RAMP epoch=16 gate_limit=0.060000
Time:  0.0798 Epoch: 016 Iter:   50/ 600 LR: 0.0000151017 Loss content:  0.0175 Loss fft:  0.8468 Loss dta_rank:  0.7470 Loss dta_tv:  0.0268 Loss dta_proxy:  0.4340 Loss dta_trans:  0.0051 Loss dta_phys:  0.0072 Loss dta_preserve:  0.0067
Time:  0.0732 Epoch: 016 Iter:  100/ 600 LR: 0.0000151017 Loss content:  0.0165 Loss fft:  0.7990 Loss dta_rank:  0.7381 Loss dta_tv:  0.0265 Loss dta_proxy:  0.4257 Loss dta_trans:  0.0054 Loss dta_phys:  0.0067 Loss dta_preserve:  0.0050
Time:  0.0695 Epoch: 016 Iter:  150/ 600 LR: 0.0000151017 Loss content:  0.0174 Loss fft:  0.8134 Loss dta_rank:  0.7506 Loss dta_tv:  0.0260 Loss dta_proxy:  0.4641 Loss dta_trans:  0.0057 Loss dta_phys:  0.0071 Loss dta_preserve:  0.0051
Time:  0.0734 Epoch: 016 Iter:  200/ 600 LR: 0.0000151017 Loss content:  0.0175 Loss fft:  0.8048 Loss dta_rank:  0.7419 Loss dta_tv:  0.0265 Loss dta_proxy:  0.4432 Loss dta_trans:  0.0048 Loss dta_phys:  0.0072 Loss dta_preserve:  0.0047
Time:  0.0742 Epoch: 016 Iter:  250/ 600 LR: 0.0000151017 Loss content:  0.0170 Loss fft:  0.8146 Loss dta_rank:  0.7405 Loss dta_tv:  0.0265 Loss dta_proxy:  0.4320 Loss dta_trans:  0.0058 Loss dta_phys:  0.0071 Loss dta_preserve:  0.0056
Time:  0.0734 Epoch: 016 Iter:  300/ 600 LR: 0.0000151017 Loss content:  0.0166 Loss fft:  0.8060 Loss dta_rank:  0.7397 Loss dta_tv:  0.0266 Loss dta_proxy:  0.4272 Loss dta_trans:  0.0062 Loss dta_phys:  0.0066 Loss dta_preserve:  0.0043
Time:  0.0739 Epoch: 016 Iter:  350/ 600 LR: 0.0000151017 Loss content:  0.0178 Loss fft:  0.8319 Loss dta_rank:  0.7402 Loss dta_tv:  0.0248 Loss dta_proxy:  0.4717 Loss dta_trans:  0.0047 Loss dta_phys:  0.0067 Loss dta_preserve:  0.0069
Time:  0.0749 Epoch: 016 Iter:  400/ 600 LR: 0.0000151017 Loss content:  0.0176 Loss fft:  0.8421 Loss dta_rank:  0.7399 Loss dta_tv:  0.0264 Loss dta_proxy:  0.4358 Loss dta_trans:  0.0053 Loss dta_phys:  0.0060 Loss dta_preserve:  0.0057
Time:  0.0647 Epoch: 016 Iter:  450/ 600 LR: 0.0000151017 Loss content:  0.0166 Loss fft:  0.8083 Loss dta_rank:  0.7412 Loss dta_tv:  0.0265 Loss dta_proxy:  0.4439 Loss dta_trans:  0.0060 Loss dta_phys:  0.0065 Loss dta_preserve:  0.0055
Time:  0.0706 Epoch: 016 Iter:  500/ 600 LR: 0.0000151017 Loss content:  0.0171 Loss fft:  0.8084 Loss dta_rank:  0.7434 Loss dta_tv:  0.0268 Loss dta_proxy:  0.4377 Loss dta_trans:  0.0064 Loss dta_phys:  0.0068 Loss dta_preserve:  0.0053
Time:  0.0749 Epoch: 016 Iter:  550/ 600 LR: 0.0000151017 Loss content:  0.0173 Loss fft:  0.8113 Loss dta_rank:  0.7369 Loss dta_tv:  0.0258 Loss dta_proxy:  0.4438 Loss dta_trans:  0.0057 Loss dta_phys:  0.0068 Loss dta_preserve:  0.0052
Time:  0.0704 Epoch: 016 Iter:  600/ 600 LR: 0.0000151017 Loss content:  0.0171 Loss fft:  0.8159 Loss dta_rank:  0.7355 Loss dta_tv:  0.0267 Loss dta_proxy:  0.4273 Loss dta_trans:  0.0067 Loss dta_phys:  0.0072 Loss dta_preserve:  0.0043
EPOCH: 16
Elapsed time: 0.88 Epoch Pixel Loss:  0.0172 Epoch FFT Loss:  0.8169 Epoch DTA Rank:  0.7413 Epoch DTA TV:  0.0263 Epoch DTA Proxy:  0.4405 Epoch DTA Trans:  0.0057 Epoch DTA Phys:  0.0068 Epoch DTA Preserve:  0.0054
DTA_GATE_RAMP epoch=17 gate_limit=0.060000
Time:  0.0785 Epoch: 017 Iter:   50/ 600 LR: 0.0000094853 Loss content:  0.0165 Loss fft:  0.8090 Loss dta_rank:  0.7366 Loss dta_tv:  0.0260 Loss dta_proxy:  0.4419 Loss dta_trans:  0.0054 Loss dta_phys:  0.0065 Loss dta_preserve:  0.0040
Time:  0.0731 Epoch: 017 Iter:  100/ 600 LR: 0.0000094853 Loss content:  0.0168 Loss fft:  0.8279 Loss dta_rank:  0.7361 Loss dta_tv:  0.0263 Loss dta_proxy:  0.4444 Loss dta_trans:  0.0060 Loss dta_phys:  0.0068 Loss dta_preserve:  0.0058
Time:  0.0744 Epoch: 017 Iter:  150/ 600 LR: 0.0000094853 Loss content:  0.0171 Loss fft:  0.8123 Loss dta_rank:  0.7406 Loss dta_tv:  0.0260 Loss dta_proxy:  0.4429 Loss dta_trans:  0.0056 Loss dta_phys:  0.0071 Loss dta_preserve:  0.0054
Time:  0.0757 Epoch: 017 Iter:  200/ 600 LR: 0.0000094853 Loss content:  0.0169 Loss fft:  0.8421 Loss dta_rank:  0.7419 Loss dta_tv:  0.0271 Loss dta_proxy:  0.4165 Loss dta_trans:  0.0059 Loss dta_phys:  0.0067 Loss dta_preserve:  0.0057
Time:  0.0730 Epoch: 017 Iter:  250/ 600 LR: 0.0000094853 Loss content:  0.0174 Loss fft:  0.8435 Loss dta_rank:  0.7399 Loss dta_tv:  0.0261 Loss dta_proxy:  0.4491 Loss dta_trans:  0.0051 Loss dta_phys:  0.0065 Loss dta_preserve:  0.0062
Time:  0.0728 Epoch: 017 Iter:  300/ 600 LR: 0.0000094853 Loss content:  0.0165 Loss fft:  0.8051 Loss dta_rank:  0.7403 Loss dta_tv:  0.0266 Loss dta_proxy:  0.4473 Loss dta_trans:  0.0063 Loss dta_phys:  0.0066 Loss dta_preserve:  0.0058
Time:  0.0727 Epoch: 017 Iter:  350/ 600 LR: 0.0000094853 Loss content:  0.0178 Loss fft:  0.8316 Loss dta_rank:  0.7473 Loss dta_tv:  0.0253 Loss dta_proxy:  0.4724 Loss dta_trans:  0.0054 Loss dta_phys:  0.0069 Loss dta_preserve:  0.0064
Time:  0.0746 Epoch: 017 Iter:  400/ 600 LR: 0.0000094853 Loss content:  0.0168 Loss fft:  0.7923 Loss dta_rank:  0.7359 Loss dta_tv:  0.0264 Loss dta_proxy:  0.4192 Loss dta_trans:  0.0054 Loss dta_phys:  0.0069 Loss dta_preserve:  0.0049
Time:  0.0660 Epoch: 017 Iter:  450/ 600 LR: 0.0000094853 Loss content:  0.0171 Loss fft:  0.8141 Loss dta_rank:  0.7461 Loss dta_tv:  0.0264 Loss dta_proxy:  0.4480 Loss dta_trans:  0.0066 Loss dta_phys:  0.0065 Loss dta_preserve:  0.0070
Time:  0.0735 Epoch: 017 Iter:  500/ 600 LR: 0.0000094853 Loss content:  0.0179 Loss fft:  0.8519 Loss dta_rank:  0.7365 Loss dta_tv:  0.0261 Loss dta_proxy:  0.4485 Loss dta_trans:  0.0055 Loss dta_phys:  0.0070 Loss dta_preserve:  0.0058
Time:  0.0745 Epoch: 017 Iter:  550/ 600 LR: 0.0000094853 Loss content:  0.0168 Loss fft:  0.7974 Loss dta_rank:  0.7406 Loss dta_tv:  0.0266 Loss dta_proxy:  0.4341 Loss dta_trans:  0.0062 Loss dta_phys:  0.0067 Loss dta_preserve:  0.0053
Time:  0.0733 Epoch: 017 Iter:  600/ 600 LR: 0.0000094853 Loss content:  0.0172 Loss fft:  0.8204 Loss dta_rank:  0.7395 Loss dta_tv:  0.0260 Loss dta_proxy:  0.4569 Loss dta_trans:  0.0054 Loss dta_phys:  0.0070 Loss dta_preserve:  0.0066
EPOCH: 17
Elapsed time: 0.89 Epoch Pixel Loss:  0.0171 Epoch FFT Loss:  0.8206 Epoch DTA Rank:  0.7401 Epoch DTA TV:  0.0262 Epoch DTA Proxy:  0.4434 Epoch DTA Trans:  0.0057 Epoch DTA Phys:  0.0068 Epoch DTA Preserve:  0.0057
DTA_GATE_RAMP epoch=18 gate_limit=0.060000
Time:  0.0750 Epoch: 018 Iter:   50/ 600 LR: 0.0000052550 Loss content:  0.0174 Loss fft:  0.8354 Loss dta_rank:  0.7432 Loss dta_tv:  0.0269 Loss dta_proxy:  0.4362 Loss dta_trans:  0.0061 Loss dta_phys:  0.0069 Loss dta_preserve:  0.0062
Time:  0.0737 Epoch: 018 Iter:  100/ 600 LR: 0.0000052550 Loss content:  0.0181 Loss fft:  0.8685 Loss dta_rank:  0.7415 Loss dta_tv:  0.0265 Loss dta_proxy:  0.4377 Loss dta_trans:  0.0057 Loss dta_phys:  0.0065 Loss dta_preserve:  0.0073
Time:  0.0718 Epoch: 018 Iter:  150/ 600 LR: 0.0000052550 Loss content:  0.0171 Loss fft:  0.8065 Loss dta_rank:  0.7408 Loss dta_tv:  0.0272 Loss dta_proxy:  0.4177 Loss dta_trans:  0.0060 Loss dta_phys:  0.0061 Loss dta_preserve:  0.0048
Time:  0.0716 Epoch: 018 Iter:  200/ 600 LR: 0.0000052550 Loss content:  0.0163 Loss fft:  0.7923 Loss dta_rank:  0.7423 Loss dta_tv:  0.0264 Loss dta_proxy:  0.4319 Loss dta_trans:  0.0056 Loss dta_phys:  0.0069 Loss dta_preserve:  0.0041
Time:  0.0738 Epoch: 018 Iter:  250/ 600 LR: 0.0000052550 Loss content:  0.0171 Loss fft:  0.7950 Loss dta_rank:  0.7381 Loss dta_tv:  0.0258 Loss dta_proxy:  0.4408 Loss dta_trans:  0.0055 Loss dta_phys:  0.0072 Loss dta_preserve:  0.0048
Time:  0.0715 Epoch: 018 Iter:  300/ 600 LR: 0.0000052550 Loss content:  0.0170 Loss fft:  0.8218 Loss dta_rank:  0.7436 Loss dta_tv:  0.0255 Loss dta_proxy:  0.4452 Loss dta_trans:  0.0053 Loss dta_phys:  0.0066 Loss dta_preserve:  0.0040
Time:  0.0771 Epoch: 018 Iter:  350/ 600 LR: 0.0000052550 Loss content:  0.0171 Loss fft:  0.8106 Loss dta_rank:  0.7442 Loss dta_tv:  0.0260 Loss dta_proxy:  0.4614 Loss dta_trans:  0.0053 Loss dta_phys:  0.0065 Loss dta_preserve:  0.0053
Time:  0.0751 Epoch: 018 Iter:  400/ 600 LR: 0.0000052550 Loss content:  0.0168 Loss fft:  0.8058 Loss dta_rank:  0.7394 Loss dta_tv:  0.0265 Loss dta_proxy:  0.4402 Loss dta_trans:  0.0059 Loss dta_phys:  0.0074 Loss dta_preserve:  0.0052
Time:  0.0760 Epoch: 018 Iter:  450/ 600 LR: 0.0000052550 Loss content:  0.0169 Loss fft:  0.8145 Loss dta_rank:  0.7379 Loss dta_tv:  0.0269 Loss dta_proxy:  0.4183 Loss dta_trans:  0.0057 Loss dta_phys:  0.0076 Loss dta_preserve:  0.0056
Time:  0.0727 Epoch: 018 Iter:  500/ 600 LR: 0.0000052550 Loss content:  0.0168 Loss fft:  0.8161 Loss dta_rank:  0.7411 Loss dta_tv:  0.0257 Loss dta_proxy:  0.4512 Loss dta_trans:  0.0047 Loss dta_phys:  0.0067 Loss dta_preserve:  0.0044
Time:  0.0722 Epoch: 018 Iter:  550/ 600 LR: 0.0000052550 Loss content:  0.0176 Loss fft:  0.8421 Loss dta_rank:  0.7475 Loss dta_tv:  0.0262 Loss dta_proxy:  0.4522 Loss dta_trans:  0.0051 Loss dta_phys:  0.0073 Loss dta_preserve:  0.0045
Time:  0.0725 Epoch: 018 Iter:  600/ 600 LR: 0.0000052550 Loss content:  0.0165 Loss fft:  0.8056 Loss dta_rank:  0.7437 Loss dta_tv:  0.0256 Loss dta_proxy:  0.4473 Loss dta_trans:  0.0057 Loss dta_phys:  0.0066 Loss dta_preserve:  0.0047
EPOCH: 18
Elapsed time: 0.89 Epoch Pixel Loss:  0.0171 Epoch FFT Loss:  0.8179 Epoch DTA Rank:  0.7419 Epoch DTA TV:  0.0263 Epoch DTA Proxy:  0.4400 Epoch DTA Trans:  0.0055 Epoch DTA Phys:  0.0069 Epoch DTA Preserve:  0.0051
DTA_GATE_RAMP epoch=19 gate_limit=0.060000
Time:  0.0759 Epoch: 019 Iter:   50/ 600 LR: 0.0000025070 Loss content:  0.0170 Loss fft:  0.8194 Loss dta_rank:  0.7340 Loss dta_tv:  0.0260 Loss dta_proxy:  0.4529 Loss dta_trans:  0.0049 Loss dta_phys:  0.0074 Loss dta_preserve:  0.0045
Time:  0.0721 Epoch: 019 Iter:  100/ 600 LR: 0.0000025070 Loss content:  0.0166 Loss fft:  0.8267 Loss dta_rank:  0.7356 Loss dta_tv:  0.0272 Loss dta_proxy:  0.4155 Loss dta_trans:  0.0061 Loss dta_phys:  0.0063 Loss dta_preserve:  0.0050
Time:  0.0717 Epoch: 019 Iter:  150/ 600 LR: 0.0000025070 Loss content:  0.0173 Loss fft:  0.8394 Loss dta_rank:  0.7419 Loss dta_tv:  0.0269 Loss dta_proxy:  0.4383 Loss dta_trans:  0.0066 Loss dta_phys:  0.0067 Loss dta_preserve:  0.0052
Time:  0.0775 Epoch: 019 Iter:  200/ 600 LR: 0.0000025070 Loss content:  0.0172 Loss fft:  0.8317 Loss dta_rank:  0.7417 Loss dta_tv:  0.0258 Loss dta_proxy:  0.4639 Loss dta_trans:  0.0058 Loss dta_phys:  0.0071 Loss dta_preserve:  0.0061
Time:  0.0774 Epoch: 019 Iter:  250/ 600 LR: 0.0000025070 Loss content:  0.0168 Loss fft:  0.7790 Loss dta_rank:  0.7383 Loss dta_tv:  0.0262 Loss dta_proxy:  0.4311 Loss dta_trans:  0.0052 Loss dta_phys:  0.0069 Loss dta_preserve:  0.0059
Time:  0.0761 Epoch: 019 Iter:  300/ 600 LR: 0.0000025070 Loss content:  0.0172 Loss fft:  0.8225 Loss dta_rank:  0.7457 Loss dta_tv:  0.0259 Loss dta_proxy:  0.4418 Loss dta_trans:  0.0050 Loss dta_phys:  0.0066 Loss dta_preserve:  0.0053
Time:  0.0723 Epoch: 019 Iter:  350/ 600 LR: 0.0000025070 Loss content:  0.0169 Loss fft:  0.8286 Loss dta_rank:  0.7450 Loss dta_tv:  0.0265 Loss dta_proxy:  0.4335 Loss dta_trans:  0.0048 Loss dta_phys:  0.0062 Loss dta_preserve:  0.0043
Time:  0.0784 Epoch: 019 Iter:  400/ 600 LR: 0.0000025070 Loss content:  0.0174 Loss fft:  0.8176 Loss dta_rank:  0.7408 Loss dta_tv:  0.0257 Loss dta_proxy:  0.4549 Loss dta_trans:  0.0055 Loss dta_phys:  0.0071 Loss dta_preserve:  0.0046
Time:  0.0782 Epoch: 019 Iter:  450/ 600 LR: 0.0000025070 Loss content:  0.0172 Loss fft:  0.8247 Loss dta_rank:  0.7403 Loss dta_tv:  0.0254 Loss dta_proxy:  0.4593 Loss dta_trans:  0.0050 Loss dta_phys:  0.0064 Loss dta_preserve:  0.0060
Time:  0.0749 Epoch: 019 Iter:  500/ 600 LR: 0.0000025070 Loss content:  0.0170 Loss fft:  0.8255 Loss dta_rank:  0.7460 Loss dta_tv:  0.0264 Loss dta_proxy:  0.4557 Loss dta_trans:  0.0052 Loss dta_phys:  0.0071 Loss dta_preserve:  0.0043
Time:  0.0755 Epoch: 019 Iter:  550/ 600 LR: 0.0000025070 Loss content:  0.0168 Loss fft:  0.8478 Loss dta_rank:  0.7428 Loss dta_tv:  0.0270 Loss dta_proxy:  0.4298 Loss dta_trans:  0.0061 Loss dta_phys:  0.0065 Loss dta_preserve:  0.0050
Time:  0.0747 Epoch: 019 Iter:  600/ 600 LR: 0.0000025070 Loss content:  0.0170 Loss fft:  0.8053 Loss dta_rank:  0.7464 Loss dta_tv:  0.0264 Loss dta_proxy:  0.4362 Loss dta_trans:  0.0058 Loss dta_phys:  0.0077 Loss dta_preserve:  0.0049
EPOCH: 19
Elapsed time: 0.91 Epoch Pixel Loss:  0.0170 Epoch FFT Loss:  0.8224 Epoch DTA Rank:  0.7415 Epoch DTA TV:  0.0263 Epoch DTA Proxy:  0.4427 Epoch DTA Trans:  0.0055 Epoch DTA Phys:  0.0068 Epoch DTA Preserve:  0.0051
DTA_GATE_RAMP epoch=20 gate_limit=0.060000
Time:  0.0786 Epoch: 020 Iter:   50/ 600 LR: 0.0000012125 Loss content:  0.0167 Loss fft:  0.7875 Loss dta_rank:  0.7376 Loss dta_tv:  0.0265 Loss dta_proxy:  0.4422 Loss dta_trans:  0.0057 Loss dta_phys:  0.0066 Loss dta_preserve:  0.0045
Time:  0.0737 Epoch: 020 Iter:  100/ 600 LR: 0.0000012125 Loss content:  0.0169 Loss fft:  0.7950 Loss dta_rank:  0.7364 Loss dta_tv:  0.0259 Loss dta_proxy:  0.4383 Loss dta_trans:  0.0055 Loss dta_phys:  0.0072 Loss dta_preserve:  0.0064
Time:  0.0747 Epoch: 020 Iter:  150/ 600 LR: 0.0000012125 Loss content:  0.0170 Loss fft:  0.8046 Loss dta_rank:  0.7476 Loss dta_tv:  0.0253 Loss dta_proxy:  0.4697 Loss dta_trans:  0.0057 Loss dta_phys:  0.0072 Loss dta_preserve:  0.0050
Time:  0.0742 Epoch: 020 Iter:  200/ 600 LR: 0.0000012125 Loss content:  0.0173 Loss fft:  0.8225 Loss dta_rank:  0.7339 Loss dta_tv:  0.0255 Loss dta_proxy:  0.4441 Loss dta_trans:  0.0054 Loss dta_phys:  0.0072 Loss dta_preserve:  0.0053
Time:  0.0740 Epoch: 020 Iter:  250/ 600 LR: 0.0000012125 Loss content:  0.0173 Loss fft:  0.8179 Loss dta_rank:  0.7425 Loss dta_tv:  0.0264 Loss dta_proxy:  0.4525 Loss dta_trans:  0.0053 Loss dta_phys:  0.0068 Loss dta_preserve:  0.0056
Time:  0.0646 Epoch: 020 Iter:  300/ 600 LR: 0.0000012125 Loss content:  0.0174 Loss fft:  0.8238 Loss dta_rank:  0.7349 Loss dta_tv:  0.0259 Loss dta_proxy:  0.4375 Loss dta_trans:  0.0052 Loss dta_phys:  0.0071 Loss dta_preserve:  0.0040
Time:  0.0601 Epoch: 020 Iter:  350/ 600 LR: 0.0000012125 Loss content:  0.0177 Loss fft:  0.8593 Loss dta_rank:  0.7446 Loss dta_tv:  0.0264 Loss dta_proxy:  0.4501 Loss dta_trans:  0.0059 Loss dta_phys:  0.0068 Loss dta_preserve:  0.0047
Time:  0.0602 Epoch: 020 Iter:  400/ 600 LR: 0.0000012125 Loss content:  0.0179 Loss fft:  0.8724 Loss dta_rank:  0.7386 Loss dta_tv:  0.0266 Loss dta_proxy:  0.4510 Loss dta_trans:  0.0060 Loss dta_phys:  0.0063 Loss dta_preserve:  0.0055
Time:  0.0603 Epoch: 020 Iter:  450/ 600 LR: 0.0000012125 Loss content:  0.0173 Loss fft:  0.8057 Loss dta_rank:  0.7440 Loss dta_tv:  0.0262 Loss dta_proxy:  0.4428 Loss dta_trans:  0.0056 Loss dta_phys:  0.0066 Loss dta_preserve:  0.0088
Time:  0.0608 Epoch: 020 Iter:  500/ 600 LR: 0.0000012125 Loss content:  0.0170 Loss fft:  0.8210 Loss dta_rank:  0.7373 Loss dta_tv:  0.0263 Loss dta_proxy:  0.4436 Loss dta_trans:  0.0067 Loss dta_phys:  0.0070 Loss dta_preserve:  0.0054
Time:  0.0608 Epoch: 020 Iter:  550/ 600 LR: 0.0000012125 Loss content:  0.0176 Loss fft:  0.8359 Loss dta_rank:  0.7353 Loss dta_tv:  0.0261 Loss dta_proxy:  0.4418 Loss dta_trans:  0.0048 Loss dta_phys:  0.0068 Loss dta_preserve:  0.0055
Time:  0.0607 Epoch: 020 Iter:  600/ 600 LR: 0.0000012125 Loss content:  0.0164 Loss fft:  0.7725 Loss dta_rank:  0.7315 Loss dta_tv:  0.0252 Loss dta_proxy:  0.4479 Loss dta_trans:  0.0051 Loss dta_phys:  0.0067 Loss dta_preserve:  0.0050
EPOCH: 20
Elapsed time: 0.81 Epoch Pixel Loss:  0.0172 Epoch FFT Loss:  0.8182 Epoch DTA Rank:  0.7387 Epoch DTA TV:  0.0260 Epoch DTA Proxy:  0.4468 Epoch DTA Trans:  0.0056 Epoch DTA Phys:  0.0069 Epoch DTA Preserve:  0.0055
