Namespace(model_name='ConvIR-Haze4K-DTA-v2-adapter_only-zero-seed3407-f0-oof20', data='Haze4K', version='base', fam_mode='original', arch='dta_v2', seed=3407, mode='train', data_dir='/sda/home/wangyuxin/ConvIR-B/datasets/Haze4K/Haze4K', batch_size=4, learning_rate=0.0001, weight_decay=0.0, num_epoch=20, stop_epoch=20, print_freq=50, num_worker=4, save_freq=5, valid_freq=9999, mod_stats_freq=5, mod_stats_batches=16, grad_clip_norm=0.001, dta_grad_clip_norm=0.05, dta_neighbor_grad_clip_norm=0.005, init_model='/sda/home/wangyuxin/ConvIR-B/checkpoints/official/Haze4K/haze4k-base.pkl', init_model_partial=True, partial_new_prefixes='DTA.', resume='', train_scope='adapter_only', dta_depth_cache_dir='/sda/home/wangyuxin/ConvIR-B/depth_cache/depth_anything_v2_small_hf', dta_train_depth_split='train', dta_eval_depth_split='train', valid_root_split='train', eval_root_split='test', dta_require_depth=True, dta_variant='v2', dta_depth_mode='zero', dta_prior_channels=32, dta_gate_bias=-6.0, dta_gate_limit=0.06, dta_gamma_limit=0.12, dta_beta_limit=0.06, dta_alpha_init=1.0, dta_confidence_floor=0.25, dta_confidence_local_scale=6.0, dta_output_residual_scale=0.03, dta_use_trans_gt=True, dta_trans_weight=0.02, dta_phys_weight=0.005, dta_preserve_weight=0.02, dta_preserve_trans_thresh=0.8, dta_gate_ramp_start=0.01, dta_gate_ramp_mid=0.03, dta_gate_ramp_end=0.06, dta_gate_ramp_warmup_epochs=2, dta_gate_ramp_mid_epochs=8, dta_rank_weight=0.001, dta_tv_weight=0.0001, dta_proxy_weight=0.0, dta_rank_pairs=512, dta_rank_min_depth_gap=0.03, split_json='/sda/home/wangyuxin/ConvIR-B/repos/ConvIR-B-dta-v2-calibrated/experience_docx/experiment_logs/haze4k_dta_v2_calibrated_20260611/dta_v2_haze4k_oof_splits_seed3407.json', split_name='fold0_train', test_model='', save_image=False, leaning_rate=0.0001, model_save_dir='results/ConvIR-Haze4K-DTA-v2-adapter_only-zero-seed3407-f0-oof20/Training-Results/', result_dir='results/ConvIR-Haze4K-DTA-v2-adapter_only-zero-seed3407-f0-oof20/images/Haze4K', init_model_sha256='6f42037d57a4e3de3a10ac0ab909d66a3415864a19433c29204a975f4efa4088')
/sda/home/wangyuxin/ConvIR-B/repos/ConvIR-B-dta-v2-calibrated/Dehazing/ITS/main.py:14: FutureWarning: You are using `torch.load` with `weights_only=False` (the current default value), which uses the default pickle module implicitly. It is possible to construct malicious pickle data which will execute arbitrary code during unpickling (See https://github.com/pytorch/pytorch/blob/main/SECURITY.md#untrusted-models for more details). In a future release, the default value for `weights_only` will be flipped to `True`. This limits the functions that could be executed during unpickling. Arbitrary objects will no longer be allowed to be loaded via this mode unless they are explicitly allowlisted by the user via `torch.serialization.add_safe_globals`. We recommend you start setting `weights_only=True` for any use case where you don't have full control of the loaded file. Please open an issue on GitHub for any issues related to this experimental feature.
  state = torch.load(path, map_location=map_location)
INIT_MODEL_PARTIAL_LOAD path=/sda/home/wangyuxin/ConvIR-B/checkpoints/official/Haze4K/haze4k-base.pkl loaded=602 missing_allowed=25 unexpected=[] allowed_new_prefixes=('DTA.',)
TRAIN_SCOPE scope=adapter_only arch=dta_v2 trainable=74699 total=8705364
/sda/home/wangyuxin/ConvIR-B/envs/convir-cu121/lib/python3.10/site-packages/torch/optim/lr_scheduler.py:224: UserWarning: Detected call of `lr_scheduler.step()` before `optimizer.step()`. In PyTorch 1.1.0 and later, you should call them in the opposite order: `optimizer.step()` before `lr_scheduler.step()`.  Failure to do this will result in PyTorch skipping the first value of the learning rate schedule. See more details at https://pytorch.org/docs/stable/optim.html#how-to-adjust-learning-rate
  warnings.warn(
DTA_GATE_RAMP epoch=1 gate_limit=0.010000
Time:  0.0884 Epoch: 001 Iter:   50/ 600 LR: 0.0000333333 Loss content:  0.0178 Loss fft:  0.8085 Loss dta_rank:  0.0000 Loss dta_tv:  0.0041 Loss dta_proxy:  0.5313 Loss dta_trans:  0.0413 Loss dta_phys:  0.0074 Loss dta_preserve:  0.0053
Time:  0.0705 Epoch: 001 Iter:  100/ 600 LR: 0.0000333333 Loss content:  0.0178 Loss fft:  0.8344 Loss dta_rank:  0.0000 Loss dta_tv:  0.0111 Loss dta_proxy:  0.5875 Loss dta_trans:  0.0353 Loss dta_phys:  0.0093 Loss dta_preserve:  0.0043
Time:  0.0684 Epoch: 001 Iter:  150/ 600 LR: 0.0000333333 Loss content:  0.0173 Loss fft:  0.8406 Loss dta_rank:  0.0000 Loss dta_tv:  0.0158 Loss dta_proxy:  0.6188 Loss dta_trans:  0.0276 Loss dta_phys:  0.0109 Loss dta_preserve:  0.0047
Time:  0.0720 Epoch: 001 Iter:  200/ 600 LR: 0.0000333333 Loss content:  0.0169 Loss fft:  0.8104 Loss dta_rank:  0.0000 Loss dta_tv:  0.0199 Loss dta_proxy:  0.6423 Loss dta_trans:  0.0251 Loss dta_phys:  0.0106 Loss dta_preserve:  0.0041
Time:  0.0726 Epoch: 001 Iter:  250/ 600 LR: 0.0000333333 Loss content:  0.0172 Loss fft:  0.8318 Loss dta_rank:  0.0000 Loss dta_tv:  0.0245 Loss dta_proxy:  0.6208 Loss dta_trans:  0.0221 Loss dta_phys:  0.0084 Loss dta_preserve:  0.0038
Time:  0.0738 Epoch: 001 Iter:  300/ 600 LR: 0.0000333333 Loss content:  0.0175 Loss fft:  0.8648 Loss dta_rank:  0.0000 Loss dta_tv:  0.0302 Loss dta_proxy:  0.6195 Loss dta_trans:  0.0182 Loss dta_phys:  0.0081 Loss dta_preserve:  0.0076
Time:  0.0738 Epoch: 001 Iter:  350/ 600 LR: 0.0000333333 Loss content:  0.0171 Loss fft:  0.8049 Loss dta_rank:  0.0000 Loss dta_tv:  0.0331 Loss dta_proxy:  0.6304 Loss dta_trans:  0.0162 Loss dta_phys:  0.0082 Loss dta_preserve:  0.0047
Time:  0.0767 Epoch: 001 Iter:  400/ 600 LR: 0.0000333333 Loss content:  0.0175 Loss fft:  0.8203 Loss dta_rank:  0.0000 Loss dta_tv:  0.0354 Loss dta_proxy:  0.6436 Loss dta_trans:  0.0134 Loss dta_phys:  0.0086 Loss dta_preserve:  0.0055
Time:  0.0720 Epoch: 001 Iter:  450/ 600 LR: 0.0000333333 Loss content:  0.0170 Loss fft:  0.8023 Loss dta_rank:  0.0000 Loss dta_tv:  0.0370 Loss dta_proxy:  0.6293 Loss dta_trans:  0.0134 Loss dta_phys:  0.0072 Loss dta_preserve:  0.0041
Time:  0.0775 Epoch: 001 Iter:  500/ 600 LR: 0.0000333333 Loss content:  0.0169 Loss fft:  0.8184 Loss dta_rank:  0.0000 Loss dta_tv:  0.0386 Loss dta_proxy:  0.6281 Loss dta_trans:  0.0131 Loss dta_phys:  0.0079 Loss dta_preserve:  0.0069
Time:  0.0786 Epoch: 001 Iter:  550/ 600 LR: 0.0000333333 Loss content:  0.0168 Loss fft:  0.8067 Loss dta_rank:  0.0000 Loss dta_tv:  0.0381 Loss dta_proxy:  0.6489 Loss dta_trans:  0.0124 Loss dta_phys:  0.0081 Loss dta_preserve:  0.0057
Time:  0.0763 Epoch: 001 Iter:  600/ 600 LR: 0.0000333333 Loss content:  0.0175 Loss fft:  0.8351 Loss dta_rank:  0.0000 Loss dta_tv:  0.0393 Loss dta_proxy:  0.6456 Loss dta_trans:  0.0137 Loss dta_phys:  0.0076 Loss dta_preserve:  0.0043
EPOCH: 01
Elapsed time: 0.90 Epoch Pixel Loss:  0.0173 Epoch FFT Loss:  0.8232 Epoch DTA Rank:  0.0000 Epoch DTA TV:  0.0273 Epoch DTA Proxy:  0.6205 Epoch DTA Trans:  0.0210 Epoch DTA Phys:  0.0085 Epoch DTA Preserve:  0.0051
DTA_GATE_RAMP epoch=2 gate_limit=0.010000
Time:  0.0788 Epoch: 002 Iter:   50/ 600 LR: 0.0000666667 Loss content:  0.0175 Loss fft:  0.8080 Loss dta_rank:  0.0000 Loss dta_tv:  0.0391 Loss dta_proxy:  0.6409 Loss dta_trans:  0.0110 Loss dta_phys:  0.0072 Loss dta_preserve:  0.0070
Time:  0.0783 Epoch: 002 Iter:  100/ 600 LR: 0.0000666667 Loss content:  0.0173 Loss fft:  0.8294 Loss dta_rank:  0.0000 Loss dta_tv:  0.0394 Loss dta_proxy:  0.6389 Loss dta_trans:  0.0116 Loss dta_phys:  0.0080 Loss dta_preserve:  0.0050
Time:  0.0754 Epoch: 002 Iter:  150/ 600 LR: 0.0000666667 Loss content:  0.0172 Loss fft:  0.8318 Loss dta_rank:  0.0000 Loss dta_tv:  0.0382 Loss dta_proxy:  0.6390 Loss dta_trans:  0.0107 Loss dta_phys:  0.0061 Loss dta_preserve:  0.0050
Time:  0.0757 Epoch: 002 Iter:  200/ 600 LR: 0.0000666667 Loss content:  0.0168 Loss fft:  0.7836 Loss dta_rank:  0.0000 Loss dta_tv:  0.0394 Loss dta_proxy:  0.5939 Loss dta_trans:  0.0107 Loss dta_phys:  0.0067 Loss dta_preserve:  0.0046
Time:  0.0725 Epoch: 002 Iter:  250/ 600 LR: 0.0000666667 Loss content:  0.0166 Loss fft:  0.8101 Loss dta_rank:  0.0000 Loss dta_tv:  0.0377 Loss dta_proxy:  0.6619 Loss dta_trans:  0.0098 Loss dta_phys:  0.0073 Loss dta_preserve:  0.0053
Time:  0.0643 Epoch: 002 Iter:  300/ 600 LR: 0.0000666667 Loss content:  0.0172 Loss fft:  0.8202 Loss dta_rank:  0.0000 Loss dta_tv:  0.0369 Loss dta_proxy:  0.6388 Loss dta_trans:  0.0102 Loss dta_phys:  0.0072 Loss dta_preserve:  0.0055
Time:  0.0607 Epoch: 002 Iter:  350/ 600 LR: 0.0000666667 Loss content:  0.0166 Loss fft:  0.8175 Loss dta_rank:  0.0000 Loss dta_tv:  0.0373 Loss dta_proxy:  0.6515 Loss dta_trans:  0.0095 Loss dta_phys:  0.0082 Loss dta_preserve:  0.0060
Time:  0.0603 Epoch: 002 Iter:  400/ 600 LR: 0.0000666667 Loss content:  0.0174 Loss fft:  0.8303 Loss dta_rank:  0.0000 Loss dta_tv:  0.0376 Loss dta_proxy:  0.6330 Loss dta_trans:  0.0108 Loss dta_phys:  0.0080 Loss dta_preserve:  0.0048
Time:  0.0613 Epoch: 002 Iter:  450/ 600 LR: 0.0000666667 Loss content:  0.0173 Loss fft:  0.8112 Loss dta_rank:  0.0000 Loss dta_tv:  0.0362 Loss dta_proxy:  0.6477 Loss dta_trans:  0.0091 Loss dta_phys:  0.0076 Loss dta_preserve:  0.0055
Time:  0.0692 Epoch: 002 Iter:  500/ 600 LR: 0.0000666667 Loss content:  0.0171 Loss fft:  0.8071 Loss dta_rank:  0.0000 Loss dta_tv:  0.0369 Loss dta_proxy:  0.6521 Loss dta_trans:  0.0085 Loss dta_phys:  0.0074 Loss dta_preserve:  0.0051
Time:  0.0719 Epoch: 002 Iter:  550/ 600 LR: 0.0000666667 Loss content:  0.0173 Loss fft:  0.8153 Loss dta_rank:  0.0000 Loss dta_tv:  0.0372 Loss dta_proxy:  0.6413 Loss dta_trans:  0.0081 Loss dta_phys:  0.0061 Loss dta_preserve:  0.0045
Time:  0.0723 Epoch: 002 Iter:  600/ 600 LR: 0.0000666667 Loss content:  0.0173 Loss fft:  0.8298 Loss dta_rank:  0.0000 Loss dta_tv:  0.0370 Loss dta_proxy:  0.6509 Loss dta_trans:  0.0078 Loss dta_phys:  0.0066 Loss dta_preserve:  0.0056
EPOCH: 02
Elapsed time: 0.84 Epoch Pixel Loss:  0.0171 Epoch FFT Loss:  0.8162 Epoch DTA Rank:  0.0000 Epoch DTA TV:  0.0377 Epoch DTA Proxy:  0.6408 Epoch DTA Trans:  0.0098 Epoch DTA Phys:  0.0072 Epoch DTA Preserve:  0.0053
DTA_GATE_RAMP epoch=3 gate_limit=0.030000
Time:  0.0779 Epoch: 003 Iter:   50/ 600 LR: 0.0001000000 Loss content:  0.0176 Loss fft:  0.8486 Loss dta_rank:  0.0000 Loss dta_tv:  0.0373 Loss dta_proxy:  0.6295 Loss dta_trans:  0.0083 Loss dta_phys:  0.0068 Loss dta_preserve:  0.0051
Time:  0.0683 Epoch: 003 Iter:  100/ 600 LR: 0.0001000000 Loss content:  0.0177 Loss fft:  0.8282 Loss dta_rank:  0.0000 Loss dta_tv:  0.0370 Loss dta_proxy:  0.6332 Loss dta_trans:  0.0075 Loss dta_phys:  0.0069 Loss dta_preserve:  0.0068
Time:  0.0710 Epoch: 003 Iter:  150/ 600 LR: 0.0001000000 Loss content:  0.0179 Loss fft:  0.8216 Loss dta_rank:  0.0000 Loss dta_tv:  0.0345 Loss dta_proxy:  0.6649 Loss dta_trans:  0.0093 Loss dta_phys:  0.0070 Loss dta_preserve:  0.0060
Time:  0.0700 Epoch: 003 Iter:  200/ 600 LR: 0.0001000000 Loss content:  0.0171 Loss fft:  0.8523 Loss dta_rank:  0.0000 Loss dta_tv:  0.0363 Loss dta_proxy:  0.6311 Loss dta_trans:  0.0075 Loss dta_phys:  0.0071 Loss dta_preserve:  0.0063
Time:  0.0684 Epoch: 003 Iter:  250/ 600 LR: 0.0001000000 Loss content:  0.0163 Loss fft:  0.8213 Loss dta_rank:  0.0000 Loss dta_tv:  0.0371 Loss dta_proxy:  0.6364 Loss dta_trans:  0.0071 Loss dta_phys:  0.0070 Loss dta_preserve:  0.0048
Time:  0.0698 Epoch: 003 Iter:  300/ 600 LR: 0.0001000000 Loss content:  0.0169 Loss fft:  0.7962 Loss dta_rank:  0.0000 Loss dta_tv:  0.0363 Loss dta_proxy:  0.6052 Loss dta_trans:  0.0083 Loss dta_phys:  0.0063 Loss dta_preserve:  0.0052
Time:  0.0642 Epoch: 003 Iter:  350/ 600 LR: 0.0001000000 Loss content:  0.0168 Loss fft:  0.8211 Loss dta_rank:  0.0000 Loss dta_tv:  0.0352 Loss dta_proxy:  0.6597 Loss dta_trans:  0.0088 Loss dta_phys:  0.0071 Loss dta_preserve:  0.0050
Time:  0.0672 Epoch: 003 Iter:  400/ 600 LR: 0.0001000000 Loss content:  0.0174 Loss fft:  0.8531 Loss dta_rank:  0.0000 Loss dta_tv:  0.0365 Loss dta_proxy:  0.6473 Loss dta_trans:  0.0081 Loss dta_phys:  0.0073 Loss dta_preserve:  0.0054
Time:  0.0769 Epoch: 003 Iter:  450/ 600 LR: 0.0001000000 Loss content:  0.0166 Loss fft:  0.8096 Loss dta_rank:  0.0000 Loss dta_tv:  0.0357 Loss dta_proxy:  0.6390 Loss dta_trans:  0.0079 Loss dta_phys:  0.0068 Loss dta_preserve:  0.0050
Time:  0.0749 Epoch: 003 Iter:  500/ 600 LR: 0.0001000000 Loss content:  0.0161 Loss fft:  0.7717 Loss dta_rank:  0.0000 Loss dta_tv:  0.0340 Loss dta_proxy:  0.6462 Loss dta_trans:  0.0069 Loss dta_phys:  0.0066 Loss dta_preserve:  0.0052
Time:  0.0733 Epoch: 003 Iter:  550/ 600 LR: 0.0001000000 Loss content:  0.0174 Loss fft:  0.8225 Loss dta_rank:  0.0000 Loss dta_tv:  0.0354 Loss dta_proxy:  0.6517 Loss dta_trans:  0.0072 Loss dta_phys:  0.0071 Loss dta_preserve:  0.0064
Time:  0.0734 Epoch: 003 Iter:  600/ 600 LR: 0.0001000000 Loss content:  0.0172 Loss fft:  0.8259 Loss dta_rank:  0.0000 Loss dta_tv:  0.0352 Loss dta_proxy:  0.6419 Loss dta_trans:  0.0069 Loss dta_phys:  0.0067 Loss dta_preserve:  0.0047
EPOCH: 03
Elapsed time: 0.86 Epoch Pixel Loss:  0.0171 Epoch FFT Loss:  0.8227 Epoch DTA Rank:  0.0000 Epoch DTA TV:  0.0359 Epoch DTA Proxy:  0.6405 Epoch DTA Trans:  0.0078 Epoch DTA Phys:  0.0069 Epoch DTA Preserve:  0.0055
/sda/home/wangyuxin/ConvIR-B/envs/convir-cu121/lib/python3.10/site-packages/torch/optim/lr_scheduler.py:1087: UserWarning: To get the last learning rate computed by the scheduler, please use `get_last_lr()`.
  _warn_get_lr_called_within_step(self)
DTA_GATE_RAMP epoch=4 gate_limit=0.030000
Time:  0.0806 Epoch: 004 Iter:   50/ 600 LR: 0.0001000000 Loss content:  0.0168 Loss fft:  0.8011 Loss dta_rank:  0.0000 Loss dta_tv:  0.0344 Loss dta_proxy:  0.6438 Loss dta_trans:  0.0088 Loss dta_phys:  0.0076 Loss dta_preserve:  0.0056
Time:  0.0773 Epoch: 004 Iter:  100/ 600 LR: 0.0001000000 Loss content:  0.0165 Loss fft:  0.8166 Loss dta_rank:  0.0000 Loss dta_tv:  0.0344 Loss dta_proxy:  0.6389 Loss dta_trans:  0.0067 Loss dta_phys:  0.0061 Loss dta_preserve:  0.0046
Time:  0.0771 Epoch: 004 Iter:  150/ 600 LR: 0.0001000000 Loss content:  0.0168 Loss fft:  0.8007 Loss dta_rank:  0.0000 Loss dta_tv:  0.0331 Loss dta_proxy:  0.6526 Loss dta_trans:  0.0073 Loss dta_phys:  0.0079 Loss dta_preserve:  0.0051
Time:  0.0743 Epoch: 004 Iter:  200/ 600 LR: 0.0001000000 Loss content:  0.0185 Loss fft:  0.8373 Loss dta_rank:  0.0000 Loss dta_tv:  0.0332 Loss dta_proxy:  0.6400 Loss dta_trans:  0.0068 Loss dta_phys:  0.0063 Loss dta_preserve:  0.0051
Time:  0.0759 Epoch: 004 Iter:  250/ 600 LR: 0.0001000000 Loss content:  0.0176 Loss fft:  0.8212 Loss dta_rank:  0.0000 Loss dta_tv:  0.0343 Loss dta_proxy:  0.6522 Loss dta_trans:  0.0065 Loss dta_phys:  0.0066 Loss dta_preserve:  0.0056
Time:  0.0742 Epoch: 004 Iter:  300/ 600 LR: 0.0001000000 Loss content:  0.0170 Loss fft:  0.8099 Loss dta_rank:  0.0000 Loss dta_tv:  0.0337 Loss dta_proxy:  0.6281 Loss dta_trans:  0.0068 Loss dta_phys:  0.0064 Loss dta_preserve:  0.0050
Time:  0.0687 Epoch: 004 Iter:  350/ 600 LR: 0.0001000000 Loss content:  0.0171 Loss fft:  0.8143 Loss dta_rank:  0.0000 Loss dta_tv:  0.0342 Loss dta_proxy:  0.6266 Loss dta_trans:  0.0069 Loss dta_phys:  0.0070 Loss dta_preserve:  0.0056
Time:  0.0740 Epoch: 004 Iter:  400/ 600 LR: 0.0001000000 Loss content:  0.0174 Loss fft:  0.8281 Loss dta_rank:  0.0000 Loss dta_tv:  0.0337 Loss dta_proxy:  0.6336 Loss dta_trans:  0.0071 Loss dta_phys:  0.0059 Loss dta_preserve:  0.0048
Time:  0.0764 Epoch: 004 Iter:  450/ 600 LR: 0.0001000000 Loss content:  0.0164 Loss fft:  0.8128 Loss dta_rank:  0.0000 Loss dta_tv:  0.0333 Loss dta_proxy:  0.6493 Loss dta_trans:  0.0068 Loss dta_phys:  0.0068 Loss dta_preserve:  0.0054
Time:  0.0657 Epoch: 004 Iter:  500/ 600 LR: 0.0001000000 Loss content:  0.0172 Loss fft:  0.8183 Loss dta_rank:  0.0000 Loss dta_tv:  0.0338 Loss dta_proxy:  0.6469 Loss dta_trans:  0.0069 Loss dta_phys:  0.0073 Loss dta_preserve:  0.0050
Time:  0.0649 Epoch: 004 Iter:  550/ 600 LR: 0.0001000000 Loss content:  0.0179 Loss fft:  0.8241 Loss dta_rank:  0.0000 Loss dta_tv:  0.0342 Loss dta_proxy:  0.6432 Loss dta_trans:  0.0060 Loss dta_phys:  0.0068 Loss dta_preserve:  0.0060
Time:  0.0656 Epoch: 004 Iter:  600/ 600 LR: 0.0001000000 Loss content:  0.0175 Loss fft:  0.8318 Loss dta_rank:  0.0000 Loss dta_tv:  0.0339 Loss dta_proxy:  0.6239 Loss dta_trans:  0.0065 Loss dta_phys:  0.0062 Loss dta_preserve:  0.0046
EPOCH: 04
Elapsed time: 0.88 Epoch Pixel Loss:  0.0172 Epoch FFT Loss:  0.8180 Epoch DTA Rank:  0.0000 Epoch DTA TV:  0.0339 Epoch DTA Proxy:  0.6399 Epoch DTA Trans:  0.0069 Epoch DTA Phys:  0.0067 Epoch DTA Preserve:  0.0052
DTA_GATE_RAMP epoch=5 gate_limit=0.030000
Time:  0.0723 Epoch: 005 Iter:   50/ 600 LR: 0.0000983215 Loss content:  0.0176 Loss fft:  0.8381 Loss dta_rank:  0.0000 Loss dta_tv:  0.0329 Loss dta_proxy:  0.6483 Loss dta_trans:  0.0069 Loss dta_phys:  0.0066 Loss dta_preserve:  0.0047
Time:  0.0745 Epoch: 005 Iter:  100/ 600 LR: 0.0000983215 Loss content:  0.0167 Loss fft:  0.8237 Loss dta_rank:  0.0000 Loss dta_tv:  0.0345 Loss dta_proxy:  0.6083 Loss dta_trans:  0.0065 Loss dta_phys:  0.0066 Loss dta_preserve:  0.0053
Time:  0.0726 Epoch: 005 Iter:  150/ 600 LR: 0.0000983215 Loss content:  0.0167 Loss fft:  0.8059 Loss dta_rank:  0.0000 Loss dta_tv:  0.0329 Loss dta_proxy:  0.6305 Loss dta_trans:  0.0061 Loss dta_phys:  0.0060 Loss dta_preserve:  0.0061
Time:  0.0733 Epoch: 005 Iter:  200/ 600 LR: 0.0000983215 Loss content:  0.0172 Loss fft:  0.8009 Loss dta_rank:  0.0000 Loss dta_tv:  0.0334 Loss dta_proxy:  0.6279 Loss dta_trans:  0.0072 Loss dta_phys:  0.0058 Loss dta_preserve:  0.0055
Time:  0.0712 Epoch: 005 Iter:  250/ 600 LR: 0.0000983215 Loss content:  0.0174 Loss fft:  0.8271 Loss dta_rank:  0.0000 Loss dta_tv:  0.0329 Loss dta_proxy:  0.6510 Loss dta_trans:  0.0063 Loss dta_phys:  0.0070 Loss dta_preserve:  0.0048
Time:  0.0734 Epoch: 005 Iter:  300/ 600 LR: 0.0000983215 Loss content:  0.0174 Loss fft:  0.8231 Loss dta_rank:  0.0000 Loss dta_tv:  0.0330 Loss dta_proxy:  0.6166 Loss dta_trans:  0.0067 Loss dta_phys:  0.0067 Loss dta_preserve:  0.0044
Time:  0.0721 Epoch: 005 Iter:  350/ 600 LR: 0.0000983215 Loss content:  0.0176 Loss fft:  0.8092 Loss dta_rank:  0.0000 Loss dta_tv:  0.0329 Loss dta_proxy:  0.6256 Loss dta_trans:  0.0069 Loss dta_phys:  0.0061 Loss dta_preserve:  0.0053
Time:  0.0753 Epoch: 005 Iter:  400/ 600 LR: 0.0000983215 Loss content:  0.0173 Loss fft:  0.8146 Loss dta_rank:  0.0000 Loss dta_tv:  0.0310 Loss dta_proxy:  0.6609 Loss dta_trans:  0.0070 Loss dta_phys:  0.0082 Loss dta_preserve:  0.0051
Time:  0.0736 Epoch: 005 Iter:  450/ 600 LR: 0.0000983215 Loss content:  0.0171 Loss fft:  0.8367 Loss dta_rank:  0.0000 Loss dta_tv:  0.0323 Loss dta_proxy:  0.6356 Loss dta_trans:  0.0063 Loss dta_phys:  0.0059 Loss dta_preserve:  0.0044
Time:  0.0734 Epoch: 005 Iter:  500/ 600 LR: 0.0000983215 Loss content:  0.0167 Loss fft:  0.8070 Loss dta_rank:  0.0000 Loss dta_tv:  0.0302 Loss dta_proxy:  0.6698 Loss dta_trans:  0.0056 Loss dta_phys:  0.0065 Loss dta_preserve:  0.0046
Time:  0.0765 Epoch: 005 Iter:  550/ 600 LR: 0.0000983215 Loss content:  0.0166 Loss fft:  0.7983 Loss dta_rank:  0.0000 Loss dta_tv:  0.0318 Loss dta_proxy:  0.6544 Loss dta_trans:  0.0070 Loss dta_phys:  0.0080 Loss dta_preserve:  0.0047
Time:  0.0712 Epoch: 005 Iter:  600/ 600 LR: 0.0000983215 Loss content:  0.0168 Loss fft:  0.7956 Loss dta_rank:  0.0000 Loss dta_tv:  0.0320 Loss dta_proxy:  0.6520 Loss dta_trans:  0.0062 Loss dta_phys:  0.0073 Loss dta_preserve:  0.0042
EPOCH: 05
Elapsed time: 0.88 Epoch Pixel Loss:  0.0171 Epoch FFT Loss:  0.8150 Epoch DTA Rank:  0.0000 Epoch DTA TV:  0.0325 Epoch DTA Proxy:  0.6401 Epoch DTA Trans:  0.0065 Epoch DTA Phys:  0.0067 Epoch DTA Preserve:  0.0049
DTA_GATE_RAMP epoch=6 gate_limit=0.030000
Time:  0.0771 Epoch: 006 Iter:   50/ 600 LR: 0.0000942212 Loss content:  0.0173 Loss fft:  0.8080 Loss dta_rank:  0.0000 Loss dta_tv:  0.0323 Loss dta_proxy:  0.6354 Loss dta_trans:  0.0066 Loss dta_phys:  0.0077 Loss dta_preserve:  0.0045
Time:  0.0665 Epoch: 006 Iter:  100/ 600 LR: 0.0000942212 Loss content:  0.0170 Loss fft:  0.7934 Loss dta_rank:  0.0000 Loss dta_tv:  0.0314 Loss dta_proxy:  0.6648 Loss dta_trans:  0.0068 Loss dta_phys:  0.0073 Loss dta_preserve:  0.0055
Time:  0.0788 Epoch: 006 Iter:  150/ 600 LR: 0.0000942212 Loss content:  0.0169 Loss fft:  0.8088 Loss dta_rank:  0.0000 Loss dta_tv:  0.0315 Loss dta_proxy:  0.6402 Loss dta_trans:  0.0073 Loss dta_phys:  0.0064 Loss dta_preserve:  0.0042
Time:  0.0735 Epoch: 006 Iter:  200/ 600 LR: 0.0000942212 Loss content:  0.0170 Loss fft:  0.8314 Loss dta_rank:  0.0000 Loss dta_tv:  0.0308 Loss dta_proxy:  0.6586 Loss dta_trans:  0.0059 Loss dta_phys:  0.0072 Loss dta_preserve:  0.0045
Time:  0.0785 Epoch: 006 Iter:  250/ 600 LR: 0.0000942212 Loss content:  0.0168 Loss fft:  0.8283 Loss dta_rank:  0.0000 Loss dta_tv:  0.0324 Loss dta_proxy:  0.6163 Loss dta_trans:  0.0065 Loss dta_phys:  0.0055 Loss dta_preserve:  0.0046
Time:  0.0750 Epoch: 006 Iter:  300/ 600 LR: 0.0000942212 Loss content:  0.0173 Loss fft:  0.7919 Loss dta_rank:  0.0000 Loss dta_tv:  0.0314 Loss dta_proxy:  0.6393 Loss dta_trans:  0.0068 Loss dta_phys:  0.0073 Loss dta_preserve:  0.0080
Time:  0.0754 Epoch: 006 Iter:  350/ 600 LR: 0.0000942212 Loss content:  0.0163 Loss fft:  0.7898 Loss dta_rank:  0.0000 Loss dta_tv:  0.0318 Loss dta_proxy:  0.6220 Loss dta_trans:  0.0067 Loss dta_phys:  0.0067 Loss dta_preserve:  0.0048
Time:  0.0757 Epoch: 006 Iter:  400/ 600 LR: 0.0000942212 Loss content:  0.0173 Loss fft:  0.8339 Loss dta_rank:  0.0000 Loss dta_tv:  0.0308 Loss dta_proxy:  0.6508 Loss dta_trans:  0.0066 Loss dta_phys:  0.0070 Loss dta_preserve:  0.0042
Time:  0.0753 Epoch: 006 Iter:  450/ 600 LR: 0.0000942212 Loss content:  0.0169 Loss fft:  0.8323 Loss dta_rank:  0.0000 Loss dta_tv:  0.0315 Loss dta_proxy:  0.6241 Loss dta_trans:  0.0048 Loss dta_phys:  0.0062 Loss dta_preserve:  0.0050
Time:  0.0708 Epoch: 006 Iter:  500/ 600 LR: 0.0000942212 Loss content:  0.0173 Loss fft:  0.8229 Loss dta_rank:  0.0000 Loss dta_tv:  0.0312 Loss dta_proxy:  0.6539 Loss dta_trans:  0.0061 Loss dta_phys:  0.0063 Loss dta_preserve:  0.0053
Time:  0.0750 Epoch: 006 Iter:  550/ 600 LR: 0.0000942212 Loss content:  0.0171 Loss fft:  0.8391 Loss dta_rank:  0.0000 Loss dta_tv:  0.0316 Loss dta_proxy:  0.6326 Loss dta_trans:  0.0057 Loss dta_phys:  0.0064 Loss dta_preserve:  0.0052
Time:  0.0743 Epoch: 006 Iter:  600/ 600 LR: 0.0000942212 Loss content:  0.0167 Loss fft:  0.8389 Loss dta_rank:  0.0000 Loss dta_tv:  0.0310 Loss dta_proxy:  0.6403 Loss dta_trans:  0.0063 Loss dta_phys:  0.0071 Loss dta_preserve:  0.0060
EPOCH: 06
Elapsed time: 0.90 Epoch Pixel Loss:  0.0170 Epoch FFT Loss:  0.8182 Epoch DTA Rank:  0.0000 Epoch DTA TV:  0.0315 Epoch DTA Proxy:  0.6399 Epoch DTA Trans:  0.0063 Epoch DTA Phys:  0.0067 Epoch DTA Preserve:  0.0052
DTA_GATE_RAMP epoch=7 gate_limit=0.030000
Time:  0.0798 Epoch: 007 Iter:   50/ 600 LR: 0.0000886874 Loss content:  0.0170 Loss fft:  0.8071 Loss dta_rank:  0.0000 Loss dta_tv:  0.0301 Loss dta_proxy:  0.6455 Loss dta_trans:  0.0061 Loss dta_phys:  0.0063 Loss dta_preserve:  0.0046
Time:  0.0755 Epoch: 007 Iter:  100/ 600 LR: 0.0000886874 Loss content:  0.0175 Loss fft:  0.8280 Loss dta_rank:  0.0000 Loss dta_tv:  0.0306 Loss dta_proxy:  0.6414 Loss dta_trans:  0.0061 Loss dta_phys:  0.0070 Loss dta_preserve:  0.0046
Time:  0.0767 Epoch: 007 Iter:  150/ 600 LR: 0.0000886874 Loss content:  0.0183 Loss fft:  0.8291 Loss dta_rank:  0.0000 Loss dta_tv:  0.0305 Loss dta_proxy:  0.6496 Loss dta_trans:  0.0066 Loss dta_phys:  0.0065 Loss dta_preserve:  0.0066
Time:  0.0782 Epoch: 007 Iter:  200/ 600 LR: 0.0000886874 Loss content:  0.0164 Loss fft:  0.8073 Loss dta_rank:  0.0000 Loss dta_tv:  0.0307 Loss dta_proxy:  0.6498 Loss dta_trans:  0.0056 Loss dta_phys:  0.0068 Loss dta_preserve:  0.0052
Time:  0.0777 Epoch: 007 Iter:  250/ 600 LR: 0.0000886874 Loss content:  0.0173 Loss fft:  0.8225 Loss dta_rank:  0.0000 Loss dta_tv:  0.0309 Loss dta_proxy:  0.6380 Loss dta_trans:  0.0055 Loss dta_phys:  0.0070 Loss dta_preserve:  0.0062
Time:  0.0779 Epoch: 007 Iter:  300/ 600 LR: 0.0000886874 Loss content:  0.0170 Loss fft:  0.8171 Loss dta_rank:  0.0000 Loss dta_tv:  0.0312 Loss dta_proxy:  0.6241 Loss dta_trans:  0.0072 Loss dta_phys:  0.0072 Loss dta_preserve:  0.0048
Time:  0.0743 Epoch: 007 Iter:  350/ 600 LR: 0.0000886874 Loss content:  0.0168 Loss fft:  0.7921 Loss dta_rank:  0.0000 Loss dta_tv:  0.0308 Loss dta_proxy:  0.6199 Loss dta_trans:  0.0055 Loss dta_phys:  0.0061 Loss dta_preserve:  0.0048
Time:  0.0761 Epoch: 007 Iter:  400/ 600 LR: 0.0000886874 Loss content:  0.0170 Loss fft:  0.8153 Loss dta_rank:  0.0000 Loss dta_tv:  0.0309 Loss dta_proxy:  0.6229 Loss dta_trans:  0.0065 Loss dta_phys:  0.0065 Loss dta_preserve:  0.0043
Time:  0.0754 Epoch: 007 Iter:  450/ 600 LR: 0.0000886874 Loss content:  0.0169 Loss fft:  0.8149 Loss dta_rank:  0.0000 Loss dta_tv:  0.0309 Loss dta_proxy:  0.6448 Loss dta_trans:  0.0066 Loss dta_phys:  0.0071 Loss dta_preserve:  0.0060
Time:  0.0738 Epoch: 007 Iter:  500/ 600 LR: 0.0000886874 Loss content:  0.0176 Loss fft:  0.8137 Loss dta_rank:  0.0000 Loss dta_tv:  0.0300 Loss dta_proxy:  0.6602 Loss dta_trans:  0.0054 Loss dta_phys:  0.0066 Loss dta_preserve:  0.0040
Time:  0.0781 Epoch: 007 Iter:  550/ 600 LR: 0.0000886874 Loss content:  0.0170 Loss fft:  0.8204 Loss dta_rank:  0.0000 Loss dta_tv:  0.0307 Loss dta_proxy:  0.6431 Loss dta_trans:  0.0069 Loss dta_phys:  0.0064 Loss dta_preserve:  0.0049
Time:  0.0771 Epoch: 007 Iter:  600/ 600 LR: 0.0000886874 Loss content:  0.0174 Loss fft:  0.8158 Loss dta_rank:  0.0000 Loss dta_tv:  0.0300 Loss dta_proxy:  0.6481 Loss dta_trans:  0.0052 Loss dta_phys:  0.0066 Loss dta_preserve:  0.0057
EPOCH: 07
Elapsed time: 0.92 Epoch Pixel Loss:  0.0172 Epoch FFT Loss:  0.8153 Epoch DTA Rank:  0.0000 Epoch DTA TV:  0.0306 Epoch DTA Proxy:  0.6406 Epoch DTA Trans:  0.0061 Epoch DTA Phys:  0.0067 Epoch DTA Preserve:  0.0051
DTA_GATE_RAMP epoch=8 gate_limit=0.030000
Time:  0.0829 Epoch: 008 Iter:   50/ 600 LR: 0.0000819070 Loss content:  0.0172 Loss fft:  0.8333 Loss dta_rank:  0.0000 Loss dta_tv:  0.0292 Loss dta_proxy:  0.6596 Loss dta_trans:  0.0055 Loss dta_phys:  0.0076 Loss dta_preserve:  0.0059
Time:  0.0753 Epoch: 008 Iter:  100/ 600 LR: 0.0000819070 Loss content:  0.0173 Loss fft:  0.8027 Loss dta_rank:  0.0000 Loss dta_tv:  0.0306 Loss dta_proxy:  0.6341 Loss dta_trans:  0.0061 Loss dta_phys:  0.0063 Loss dta_preserve:  0.0047
Time:  0.0778 Epoch: 008 Iter:  150/ 600 LR: 0.0000819070 Loss content:  0.0173 Loss fft:  0.8289 Loss dta_rank:  0.0000 Loss dta_tv:  0.0302 Loss dta_proxy:  0.6263 Loss dta_trans:  0.0062 Loss dta_phys:  0.0064 Loss dta_preserve:  0.0052
Time:  0.0748 Epoch: 008 Iter:  200/ 600 LR: 0.0000819070 Loss content:  0.0175 Loss fft:  0.8123 Loss dta_rank:  0.0000 Loss dta_tv:  0.0305 Loss dta_proxy:  0.6397 Loss dta_trans:  0.0060 Loss dta_phys:  0.0073 Loss dta_preserve:  0.0050
Time:  0.0736 Epoch: 008 Iter:  250/ 600 LR: 0.0000819070 Loss content:  0.0174 Loss fft:  0.8453 Loss dta_rank:  0.0000 Loss dta_tv:  0.0308 Loss dta_proxy:  0.6237 Loss dta_trans:  0.0068 Loss dta_phys:  0.0068 Loss dta_preserve:  0.0045
Time:  0.0746 Epoch: 008 Iter:  300/ 600 LR: 0.0000819070 Loss content:  0.0172 Loss fft:  0.8091 Loss dta_rank:  0.0000 Loss dta_tv:  0.0302 Loss dta_proxy:  0.6473 Loss dta_trans:  0.0070 Loss dta_phys:  0.0065 Loss dta_preserve:  0.0052
Time:  0.0761 Epoch: 008 Iter:  350/ 600 LR: 0.0000819070 Loss content:  0.0167 Loss fft:  0.8038 Loss dta_rank:  0.0000 Loss dta_tv:  0.0296 Loss dta_proxy:  0.6532 Loss dta_trans:  0.0061 Loss dta_phys:  0.0068 Loss dta_preserve:  0.0039
Time:  0.0746 Epoch: 008 Iter:  400/ 600 LR: 0.0000819070 Loss content:  0.0176 Loss fft:  0.8545 Loss dta_rank:  0.0000 Loss dta_tv:  0.0296 Loss dta_proxy:  0.6363 Loss dta_trans:  0.0053 Loss dta_phys:  0.0062 Loss dta_preserve:  0.0050
Time:  0.0780 Epoch: 008 Iter:  450/ 600 LR: 0.0000819070 Loss content:  0.0174 Loss fft:  0.8170 Loss dta_rank:  0.0000 Loss dta_tv:  0.0296 Loss dta_proxy:  0.6329 Loss dta_trans:  0.0059 Loss dta_phys:  0.0064 Loss dta_preserve:  0.0065
Time:  0.0761 Epoch: 008 Iter:  500/ 600 LR: 0.0000819070 Loss content:  0.0171 Loss fft:  0.8068 Loss dta_rank:  0.0000 Loss dta_tv:  0.0300 Loss dta_proxy:  0.6456 Loss dta_trans:  0.0063 Loss dta_phys:  0.0064 Loss dta_preserve:  0.0042
Time:  0.0758 Epoch: 008 Iter:  550/ 600 LR: 0.0000819070 Loss content:  0.0173 Loss fft:  0.8381 Loss dta_rank:  0.0000 Loss dta_tv:  0.0305 Loss dta_proxy:  0.6443 Loss dta_trans:  0.0055 Loss dta_phys:  0.0063 Loss dta_preserve:  0.0041
Time:  0.0756 Epoch: 008 Iter:  600/ 600 LR: 0.0000819070 Loss content:  0.0172 Loss fft:  0.7911 Loss dta_rank:  0.0000 Loss dta_tv:  0.0301 Loss dta_proxy:  0.6485 Loss dta_trans:  0.0054 Loss dta_phys:  0.0072 Loss dta_preserve:  0.0051
EPOCH: 08
Elapsed time: 0.92 Epoch Pixel Loss:  0.0173 Epoch FFT Loss:  0.8202 Epoch DTA Rank:  0.0000 Epoch DTA TV:  0.0301 Epoch DTA Proxy:  0.6409 Epoch DTA Trans:  0.0060 Epoch DTA Phys:  0.0067 Epoch DTA Preserve:  0.0049
DTA_GATE_RAMP epoch=9 gate_limit=0.060000
Time:  0.0775 Epoch: 009 Iter:   50/ 600 LR: 0.0000741093 Loss content:  0.0170 Loss fft:  0.8178 Loss dta_rank:  0.0000 Loss dta_tv:  0.0295 Loss dta_proxy:  0.6473 Loss dta_trans:  0.0054 Loss dta_phys:  0.0070 Loss dta_preserve:  0.0048
Time:  0.0726 Epoch: 009 Iter:  100/ 600 LR: 0.0000741093 Loss content:  0.0172 Loss fft:  0.8010 Loss dta_rank:  0.0000 Loss dta_tv:  0.0301 Loss dta_proxy:  0.6480 Loss dta_trans:  0.0056 Loss dta_phys:  0.0063 Loss dta_preserve:  0.0059
Time:  0.0688 Epoch: 009 Iter:  150/ 600 LR: 0.0000741093 Loss content:  0.0171 Loss fft:  0.7832 Loss dta_rank:  0.0000 Loss dta_tv:  0.0288 Loss dta_proxy:  0.6547 Loss dta_trans:  0.0064 Loss dta_phys:  0.0074 Loss dta_preserve:  0.0072
Time:  0.0676 Epoch: 009 Iter:  200/ 600 LR: 0.0000741093 Loss content:  0.0170 Loss fft:  0.8328 Loss dta_rank:  0.0000 Loss dta_tv:  0.0292 Loss dta_proxy:  0.6337 Loss dta_trans:  0.0064 Loss dta_phys:  0.0060 Loss dta_preserve:  0.0038
Time:  0.0733 Epoch: 009 Iter:  250/ 600 LR: 0.0000741093 Loss content:  0.0168 Loss fft:  0.8253 Loss dta_rank:  0.0000 Loss dta_tv:  0.0296 Loss dta_proxy:  0.6404 Loss dta_trans:  0.0052 Loss dta_phys:  0.0067 Loss dta_preserve:  0.0044
Time:  0.0749 Epoch: 009 Iter:  300/ 600 LR: 0.0000741093 Loss content:  0.0181 Loss fft:  0.8513 Loss dta_rank:  0.0000 Loss dta_tv:  0.0294 Loss dta_proxy:  0.6460 Loss dta_trans:  0.0056 Loss dta_phys:  0.0063 Loss dta_preserve:  0.0058
Time:  0.0764 Epoch: 009 Iter:  350/ 600 LR: 0.0000741093 Loss content:  0.0169 Loss fft:  0.8070 Loss dta_rank:  0.0000 Loss dta_tv:  0.0286 Loss dta_proxy:  0.6554 Loss dta_trans:  0.0058 Loss dta_phys:  0.0061 Loss dta_preserve:  0.0048
Time:  0.0761 Epoch: 009 Iter:  400/ 600 LR: 0.0000741093 Loss content:  0.0168 Loss fft:  0.7941 Loss dta_rank:  0.0000 Loss dta_tv:  0.0299 Loss dta_proxy:  0.6279 Loss dta_trans:  0.0073 Loss dta_phys:  0.0067 Loss dta_preserve:  0.0059
Time:  0.0755 Epoch: 009 Iter:  450/ 600 LR: 0.0000741093 Loss content:  0.0162 Loss fft:  0.7978 Loss dta_rank:  0.0000 Loss dta_tv:  0.0299 Loss dta_proxy:  0.6415 Loss dta_trans:  0.0062 Loss dta_phys:  0.0071 Loss dta_preserve:  0.0053
Time:  0.0739 Epoch: 009 Iter:  500/ 600 LR: 0.0000741093 Loss content:  0.0172 Loss fft:  0.8396 Loss dta_rank:  0.0000 Loss dta_tv:  0.0296 Loss dta_proxy:  0.6375 Loss dta_trans:  0.0053 Loss dta_phys:  0.0064 Loss dta_preserve:  0.0045
Time:  0.0738 Epoch: 009 Iter:  550/ 600 LR: 0.0000741093 Loss content:  0.0165 Loss fft:  0.8068 Loss dta_rank:  0.0000 Loss dta_tv:  0.0298 Loss dta_proxy:  0.6422 Loss dta_trans:  0.0067 Loss dta_phys:  0.0065 Loss dta_preserve:  0.0055
Time:  0.0747 Epoch: 009 Iter:  600/ 600 LR: 0.0000741093 Loss content:  0.0169 Loss fft:  0.8190 Loss dta_rank:  0.0000 Loss dta_tv:  0.0300 Loss dta_proxy:  0.6290 Loss dta_trans:  0.0055 Loss dta_phys:  0.0072 Loss dta_preserve:  0.0054
EPOCH: 09
Elapsed time: 0.89 Epoch Pixel Loss:  0.0170 Epoch FFT Loss:  0.8146 Epoch DTA Rank:  0.0000 Epoch DTA TV:  0.0295 Epoch DTA Proxy:  0.6420 Epoch DTA Trans:  0.0059 Epoch DTA Phys:  0.0066 Epoch DTA Preserve:  0.0053
DTA_GATE_RAMP epoch=10 gate_limit=0.060000
Time:  0.0788 Epoch: 010 Iter:   50/ 600 LR: 0.0000655580 Loss content:  0.0166 Loss fft:  0.8073 Loss dta_rank:  0.0000 Loss dta_tv:  0.0299 Loss dta_proxy:  0.6335 Loss dta_trans:  0.0057 Loss dta_phys:  0.0066 Loss dta_preserve:  0.0044
Time:  0.0762 Epoch: 010 Iter:  100/ 600 LR: 0.0000655580 Loss content:  0.0162 Loss fft:  0.7726 Loss dta_rank:  0.0000 Loss dta_tv:  0.0296 Loss dta_proxy:  0.6227 Loss dta_trans:  0.0060 Loss dta_phys:  0.0071 Loss dta_preserve:  0.0057
Time:  0.0691 Epoch: 010 Iter:  150/ 600 LR: 0.0000655580 Loss content:  0.0171 Loss fft:  0.8389 Loss dta_rank:  0.0000 Loss dta_tv:  0.0289 Loss dta_proxy:  0.6609 Loss dta_trans:  0.0054 Loss dta_phys:  0.0072 Loss dta_preserve:  0.0056
Time:  0.0748 Epoch: 010 Iter:  200/ 600 LR: 0.0000655580 Loss content:  0.0176 Loss fft:  0.8286 Loss dta_rank:  0.0000 Loss dta_tv:  0.0290 Loss dta_proxy:  0.6339 Loss dta_trans:  0.0060 Loss dta_phys:  0.0061 Loss dta_preserve:  0.0052
Time:  0.0696 Epoch: 010 Iter:  250/ 600 LR: 0.0000655580 Loss content:  0.0171 Loss fft:  0.7984 Loss dta_rank:  0.0000 Loss dta_tv:  0.0288 Loss dta_proxy:  0.6566 Loss dta_trans:  0.0062 Loss dta_phys:  0.0066 Loss dta_preserve:  0.0059
Time:  0.0714 Epoch: 010 Iter:  300/ 600 LR: 0.0000655580 Loss content:  0.0167 Loss fft:  0.8193 Loss dta_rank:  0.0000 Loss dta_tv:  0.0308 Loss dta_proxy:  0.6246 Loss dta_trans:  0.0062 Loss dta_phys:  0.0068 Loss dta_preserve:  0.0054
Time:  0.0733 Epoch: 010 Iter:  350/ 600 LR: 0.0000655580 Loss content:  0.0167 Loss fft:  0.8026 Loss dta_rank:  0.0000 Loss dta_tv:  0.0296 Loss dta_proxy:  0.6481 Loss dta_trans:  0.0061 Loss dta_phys:  0.0064 Loss dta_preserve:  0.0042
Time:  0.0777 Epoch: 010 Iter:  400/ 600 LR: 0.0000655580 Loss content:  0.0173 Loss fft:  0.8292 Loss dta_rank:  0.0000 Loss dta_tv:  0.0287 Loss dta_proxy:  0.6419 Loss dta_trans:  0.0057 Loss dta_phys:  0.0064 Loss dta_preserve:  0.0057
Time:  0.0843 Epoch: 010 Iter:  450/ 600 LR: 0.0000655580 Loss content:  0.0170 Loss fft:  0.8296 Loss dta_rank:  0.0000 Loss dta_tv:  0.0297 Loss dta_proxy:  0.6159 Loss dta_trans:  0.0052 Loss dta_phys:  0.0064 Loss dta_preserve:  0.0045
Time:  0.0793 Epoch: 010 Iter:  500/ 600 LR: 0.0000655580 Loss content:  0.0182 Loss fft:  0.8428 Loss dta_rank:  0.0000 Loss dta_tv:  0.0286 Loss dta_proxy:  0.6650 Loss dta_trans:  0.0051 Loss dta_phys:  0.0066 Loss dta_preserve:  0.0054
Time:  0.0760 Epoch: 010 Iter:  550/ 600 LR: 0.0000655580 Loss content:  0.0170 Loss fft:  0.8327 Loss dta_rank:  0.0000 Loss dta_tv:  0.0291 Loss dta_proxy:  0.6623 Loss dta_trans:  0.0058 Loss dta_phys:  0.0074 Loss dta_preserve:  0.0050
Time:  0.0733 Epoch: 010 Iter:  600/ 600 LR: 0.0000655580 Loss content:  0.0175 Loss fft:  0.7959 Loss dta_rank:  0.0000 Loss dta_tv:  0.0290 Loss dta_proxy:  0.6427 Loss dta_trans:  0.0065 Loss dta_phys:  0.0068 Loss dta_preserve:  0.0047
EPOCH: 10
Elapsed time: 0.91 Epoch Pixel Loss:  0.0171 Epoch FFT Loss:  0.8165 Epoch DTA Rank:  0.0000 Epoch DTA TV:  0.0293 Epoch DTA Proxy:  0.6423 Epoch DTA Trans:  0.0058 Epoch DTA Phys:  0.0067 Epoch DTA Preserve:  0.0052
DTA_GATE_RAMP epoch=11 gate_limit=0.060000
Time:  0.0765 Epoch: 011 Iter:   50/ 600 LR: 0.0000565424 Loss content:  0.0166 Loss fft:  0.7935 Loss dta_rank:  0.0000 Loss dta_tv:  0.0284 Loss dta_proxy:  0.6484 Loss dta_trans:  0.0061 Loss dta_phys:  0.0067 Loss dta_preserve:  0.0044
Time:  0.0754 Epoch: 011 Iter:  100/ 600 LR: 0.0000565424 Loss content:  0.0168 Loss fft:  0.8246 Loss dta_rank:  0.0000 Loss dta_tv:  0.0288 Loss dta_proxy:  0.6420 Loss dta_trans:  0.0054 Loss dta_phys:  0.0062 Loss dta_preserve:  0.0045
Time:  0.0732 Epoch: 011 Iter:  150/ 600 LR: 0.0000565424 Loss content:  0.0176 Loss fft:  0.8241 Loss dta_rank:  0.0000 Loss dta_tv:  0.0288 Loss dta_proxy:  0.6662 Loss dta_trans:  0.0061 Loss dta_phys:  0.0066 Loss dta_preserve:  0.0051
Time:  0.0734 Epoch: 011 Iter:  200/ 600 LR: 0.0000565424 Loss content:  0.0164 Loss fft:  0.7839 Loss dta_rank:  0.0000 Loss dta_tv:  0.0295 Loss dta_proxy:  0.6290 Loss dta_trans:  0.0065 Loss dta_phys:  0.0072 Loss dta_preserve:  0.0044
Time:  0.0700 Epoch: 011 Iter:  250/ 600 LR: 0.0000565424 Loss content:  0.0175 Loss fft:  0.8297 Loss dta_rank:  0.0000 Loss dta_tv:  0.0295 Loss dta_proxy:  0.6312 Loss dta_trans:  0.0061 Loss dta_phys:  0.0068 Loss dta_preserve:  0.0055
Time:  0.0730 Epoch: 011 Iter:  300/ 600 LR: 0.0000565424 Loss content:  0.0175 Loss fft:  0.8134 Loss dta_rank:  0.0000 Loss dta_tv:  0.0290 Loss dta_proxy:  0.6359 Loss dta_trans:  0.0062 Loss dta_phys:  0.0066 Loss dta_preserve:  0.0048
Time:  0.0720 Epoch: 011 Iter:  350/ 600 LR: 0.0000565424 Loss content:  0.0168 Loss fft:  0.8220 Loss dta_rank:  0.0000 Loss dta_tv:  0.0286 Loss dta_proxy:  0.6483 Loss dta_trans:  0.0059 Loss dta_phys:  0.0058 Loss dta_preserve:  0.0056
Time:  0.0730 Epoch: 011 Iter:  400/ 600 LR: 0.0000565424 Loss content:  0.0176 Loss fft:  0.7927 Loss dta_rank:  0.0000 Loss dta_tv:  0.0287 Loss dta_proxy:  0.6396 Loss dta_trans:  0.0056 Loss dta_phys:  0.0067 Loss dta_preserve:  0.0057
Time:  0.0735 Epoch: 011 Iter:  450/ 600 LR: 0.0000565424 Loss content:  0.0168 Loss fft:  0.8096 Loss dta_rank:  0.0000 Loss dta_tv:  0.0286 Loss dta_proxy:  0.6314 Loss dta_trans:  0.0057 Loss dta_phys:  0.0064 Loss dta_preserve:  0.0047
Time:  0.0782 Epoch: 011 Iter:  500/ 600 LR: 0.0000565424 Loss content:  0.0169 Loss fft:  0.8122 Loss dta_rank:  0.0000 Loss dta_tv:  0.0289 Loss dta_proxy:  0.6400 Loss dta_trans:  0.0048 Loss dta_phys:  0.0068 Loss dta_preserve:  0.0053
Time:  0.0740 Epoch: 011 Iter:  550/ 600 LR: 0.0000565424 Loss content:  0.0170 Loss fft:  0.8095 Loss dta_rank:  0.0000 Loss dta_tv:  0.0297 Loss dta_proxy:  0.6575 Loss dta_trans:  0.0061 Loss dta_phys:  0.0073 Loss dta_preserve:  0.0058
Time:  0.0726 Epoch: 011 Iter:  600/ 600 LR: 0.0000565424 Loss content:  0.0182 Loss fft:  0.8511 Loss dta_rank:  0.0000 Loss dta_tv:  0.0284 Loss dta_proxy:  0.6414 Loss dta_trans:  0.0054 Loss dta_phys:  0.0066 Loss dta_preserve:  0.0049
EPOCH: 11
Elapsed time: 0.89 Epoch Pixel Loss:  0.0171 Epoch FFT Loss:  0.8139 Epoch DTA Rank:  0.0000 Epoch DTA TV:  0.0289 Epoch DTA Proxy:  0.6426 Epoch DTA Trans:  0.0058 Epoch DTA Phys:  0.0066 Epoch DTA Preserve:  0.0051
DTA_GATE_RAMP epoch=12 gate_limit=0.060000
Time:  0.0790 Epoch: 012 Iter:   50/ 600 LR: 0.0000473670 Loss content:  0.0175 Loss fft:  0.8192 Loss dta_rank:  0.0000 Loss dta_tv:  0.0285 Loss dta_proxy:  0.6514 Loss dta_trans:  0.0052 Loss dta_phys:  0.0067 Loss dta_preserve:  0.0047
Time:  0.0758 Epoch: 012 Iter:  100/ 600 LR: 0.0000473670 Loss content:  0.0170 Loss fft:  0.8325 Loss dta_rank:  0.0000 Loss dta_tv:  0.0297 Loss dta_proxy:  0.6326 Loss dta_trans:  0.0058 Loss dta_phys:  0.0071 Loss dta_preserve:  0.0060
Time:  0.0746 Epoch: 012 Iter:  150/ 600 LR: 0.0000473670 Loss content:  0.0173 Loss fft:  0.8008 Loss dta_rank:  0.0000 Loss dta_tv:  0.0285 Loss dta_proxy:  0.6477 Loss dta_trans:  0.0058 Loss dta_phys:  0.0066 Loss dta_preserve:  0.0065
Time:  0.0733 Epoch: 012 Iter:  200/ 600 LR: 0.0000473670 Loss content:  0.0169 Loss fft:  0.8047 Loss dta_rank:  0.0000 Loss dta_tv:  0.0292 Loss dta_proxy:  0.6440 Loss dta_trans:  0.0062 Loss dta_phys:  0.0068 Loss dta_preserve:  0.0060
Time:  0.0739 Epoch: 012 Iter:  250/ 600 LR: 0.0000473670 Loss content:  0.0175 Loss fft:  0.8160 Loss dta_rank:  0.0000 Loss dta_tv:  0.0289 Loss dta_proxy:  0.6356 Loss dta_trans:  0.0058 Loss dta_phys:  0.0061 Loss dta_preserve:  0.0062
Time:  0.0722 Epoch: 012 Iter:  300/ 600 LR: 0.0000473670 Loss content:  0.0170 Loss fft:  0.8314 Loss dta_rank:  0.0000 Loss dta_tv:  0.0295 Loss dta_proxy:  0.6456 Loss dta_trans:  0.0054 Loss dta_phys:  0.0075 Loss dta_preserve:  0.0047
Time:  0.0755 Epoch: 012 Iter:  350/ 600 LR: 0.0000473670 Loss content:  0.0168 Loss fft:  0.7942 Loss dta_rank:  0.0000 Loss dta_tv:  0.0287 Loss dta_proxy:  0.6332 Loss dta_trans:  0.0059 Loss dta_phys:  0.0064 Loss dta_preserve:  0.0046
Time:  0.0755 Epoch: 012 Iter:  400/ 600 LR: 0.0000473670 Loss content:  0.0172 Loss fft:  0.8177 Loss dta_rank:  0.0000 Loss dta_tv:  0.0292 Loss dta_proxy:  0.6252 Loss dta_trans:  0.0057 Loss dta_phys:  0.0061 Loss dta_preserve:  0.0041
Time:  0.0754 Epoch: 012 Iter:  450/ 600 LR: 0.0000473670 Loss content:  0.0169 Loss fft:  0.7768 Loss dta_rank:  0.0000 Loss dta_tv:  0.0286 Loss dta_proxy:  0.6341 Loss dta_trans:  0.0057 Loss dta_phys:  0.0072 Loss dta_preserve:  0.0062
Time:  0.0731 Epoch: 012 Iter:  500/ 600 LR: 0.0000473670 Loss content:  0.0171 Loss fft:  0.8404 Loss dta_rank:  0.0000 Loss dta_tv:  0.0283 Loss dta_proxy:  0.6385 Loss dta_trans:  0.0064 Loss dta_phys:  0.0061 Loss dta_preserve:  0.0046
Time:  0.0744 Epoch: 012 Iter:  550/ 600 LR: 0.0000473670 Loss content:  0.0164 Loss fft:  0.8131 Loss dta_rank:  0.0000 Loss dta_tv:  0.0287 Loss dta_proxy:  0.6414 Loss dta_trans:  0.0056 Loss dta_phys:  0.0066 Loss dta_preserve:  0.0040
Time:  0.0756 Epoch: 012 Iter:  600/ 600 LR: 0.0000473670 Loss content:  0.0173 Loss fft:  0.8125 Loss dta_rank:  0.0000 Loss dta_tv:  0.0282 Loss dta_proxy:  0.6489 Loss dta_trans:  0.0055 Loss dta_phys:  0.0069 Loss dta_preserve:  0.0051
EPOCH: 12
Elapsed time: 0.90 Epoch Pixel Loss:  0.0171 Epoch FFT Loss:  0.8133 Epoch DTA Rank:  0.0000 Epoch DTA TV:  0.0288 Epoch DTA Proxy:  0.6399 Epoch DTA Trans:  0.0057 Epoch DTA Phys:  0.0067 Epoch DTA Preserve:  0.0052
DTA_GATE_RAMP epoch=13 gate_limit=0.060000
Time:  0.0778 Epoch: 013 Iter:   50/ 600 LR: 0.0000383414 Loss content:  0.0169 Loss fft:  0.8028 Loss dta_rank:  0.0000 Loss dta_tv:  0.0283 Loss dta_proxy:  0.6410 Loss dta_trans:  0.0053 Loss dta_phys:  0.0062 Loss dta_preserve:  0.0055
Time:  0.0763 Epoch: 013 Iter:  100/ 600 LR: 0.0000383414 Loss content:  0.0171 Loss fft:  0.7929 Loss dta_rank:  0.0000 Loss dta_tv:  0.0302 Loss dta_proxy:  0.6089 Loss dta_trans:  0.0065 Loss dta_phys:  0.0072 Loss dta_preserve:  0.0051
Time:  0.0770 Epoch: 013 Iter:  150/ 600 LR: 0.0000383414 Loss content:  0.0174 Loss fft:  0.8038 Loss dta_rank:  0.0000 Loss dta_tv:  0.0282 Loss dta_proxy:  0.6416 Loss dta_trans:  0.0051 Loss dta_phys:  0.0064 Loss dta_preserve:  0.0045
Time:  0.0740 Epoch: 013 Iter:  200/ 600 LR: 0.0000383414 Loss content:  0.0172 Loss fft:  0.8254 Loss dta_rank:  0.0000 Loss dta_tv:  0.0280 Loss dta_proxy:  0.6571 Loss dta_trans:  0.0070 Loss dta_phys:  0.0067 Loss dta_preserve:  0.0065
Time:  0.0759 Epoch: 013 Iter:  250/ 600 LR: 0.0000383414 Loss content:  0.0169 Loss fft:  0.8523 Loss dta_rank:  0.0000 Loss dta_tv:  0.0287 Loss dta_proxy:  0.6291 Loss dta_trans:  0.0056 Loss dta_phys:  0.0068 Loss dta_preserve:  0.0052
Time:  0.0748 Epoch: 013 Iter:  300/ 600 LR: 0.0000383414 Loss content:  0.0166 Loss fft:  0.8039 Loss dta_rank:  0.0000 Loss dta_tv:  0.0288 Loss dta_proxy:  0.6378 Loss dta_trans:  0.0067 Loss dta_phys:  0.0079 Loss dta_preserve:  0.0045
Time:  0.0742 Epoch: 013 Iter:  350/ 600 LR: 0.0000383414 Loss content:  0.0174 Loss fft:  0.8365 Loss dta_rank:  0.0000 Loss dta_tv:  0.0282 Loss dta_proxy:  0.6530 Loss dta_trans:  0.0055 Loss dta_phys:  0.0061 Loss dta_preserve:  0.0053
Time:  0.0692 Epoch: 013 Iter:  400/ 600 LR: 0.0000383414 Loss content:  0.0171 Loss fft:  0.8403 Loss dta_rank:  0.0000 Loss dta_tv:  0.0279 Loss dta_proxy:  0.6586 Loss dta_trans:  0.0049 Loss dta_phys:  0.0061 Loss dta_preserve:  0.0045
Time:  0.0709 Epoch: 013 Iter:  450/ 600 LR: 0.0000383414 Loss content:  0.0169 Loss fft:  0.8150 Loss dta_rank:  0.0000 Loss dta_tv:  0.0290 Loss dta_proxy:  0.6464 Loss dta_trans:  0.0054 Loss dta_phys:  0.0072 Loss dta_preserve:  0.0059
Time:  0.0716 Epoch: 013 Iter:  500/ 600 LR: 0.0000383414 Loss content:  0.0170 Loss fft:  0.8242 Loss dta_rank:  0.0000 Loss dta_tv:  0.0292 Loss dta_proxy:  0.6417 Loss dta_trans:  0.0062 Loss dta_phys:  0.0071 Loss dta_preserve:  0.0053
Time:  0.0719 Epoch: 013 Iter:  550/ 600 LR: 0.0000383414 Loss content:  0.0178 Loss fft:  0.8270 Loss dta_rank:  0.0000 Loss dta_tv:  0.0286 Loss dta_proxy:  0.6518 Loss dta_trans:  0.0061 Loss dta_phys:  0.0064 Loss dta_preserve:  0.0039
Time:  0.0743 Epoch: 013 Iter:  600/ 600 LR: 0.0000383414 Loss content:  0.0162 Loss fft:  0.7850 Loss dta_rank:  0.0000 Loss dta_tv:  0.0281 Loss dta_proxy:  0.6400 Loss dta_trans:  0.0051 Loss dta_phys:  0.0069 Loss dta_preserve:  0.0042
EPOCH: 13
Elapsed time: 0.89 Epoch Pixel Loss:  0.0170 Epoch FFT Loss:  0.8174 Epoch DTA Rank:  0.0000 Epoch DTA TV:  0.0286 Epoch DTA Proxy:  0.6423 Epoch DTA Trans:  0.0058 Epoch DTA Phys:  0.0068 Epoch DTA Preserve:  0.0050
DTA_GATE_RAMP epoch=14 gate_limit=0.060000
Time:  0.0767 Epoch: 014 Iter:   50/ 600 LR: 0.0000297690 Loss content:  0.0178 Loss fft:  0.8361 Loss dta_rank:  0.0000 Loss dta_tv:  0.0278 Loss dta_proxy:  0.6489 Loss dta_trans:  0.0049 Loss dta_phys:  0.0069 Loss dta_preserve:  0.0046
Time:  0.0721 Epoch: 014 Iter:  100/ 600 LR: 0.0000297690 Loss content:  0.0168 Loss fft:  0.8114 Loss dta_rank:  0.0000 Loss dta_tv:  0.0292 Loss dta_proxy:  0.6448 Loss dta_trans:  0.0055 Loss dta_phys:  0.0063 Loss dta_preserve:  0.0058
Time:  0.0733 Epoch: 014 Iter:  150/ 600 LR: 0.0000297690 Loss content:  0.0175 Loss fft:  0.8251 Loss dta_rank:  0.0000 Loss dta_tv:  0.0283 Loss dta_proxy:  0.6419 Loss dta_trans:  0.0059 Loss dta_phys:  0.0061 Loss dta_preserve:  0.0051
Time:  0.0759 Epoch: 014 Iter:  200/ 600 LR: 0.0000297690 Loss content:  0.0171 Loss fft:  0.8092 Loss dta_rank:  0.0000 Loss dta_tv:  0.0284 Loss dta_proxy:  0.6468 Loss dta_trans:  0.0051 Loss dta_phys:  0.0073 Loss dta_preserve:  0.0051
Time:  0.0726 Epoch: 014 Iter:  250/ 600 LR: 0.0000297690 Loss content:  0.0168 Loss fft:  0.8423 Loss dta_rank:  0.0000 Loss dta_tv:  0.0286 Loss dta_proxy:  0.6204 Loss dta_trans:  0.0052 Loss dta_phys:  0.0060 Loss dta_preserve:  0.0049
Time:  0.0742 Epoch: 014 Iter:  300/ 600 LR: 0.0000297690 Loss content:  0.0168 Loss fft:  0.8062 Loss dta_rank:  0.0000 Loss dta_tv:  0.0282 Loss dta_proxy:  0.6436 Loss dta_trans:  0.0063 Loss dta_phys:  0.0065 Loss dta_preserve:  0.0047
Time:  0.0781 Epoch: 014 Iter:  350/ 600 LR: 0.0000297690 Loss content:  0.0165 Loss fft:  0.7964 Loss dta_rank:  0.0000 Loss dta_tv:  0.0290 Loss dta_proxy:  0.6241 Loss dta_trans:  0.0064 Loss dta_phys:  0.0069 Loss dta_preserve:  0.0042
Time:  0.0727 Epoch: 014 Iter:  400/ 600 LR: 0.0000297690 Loss content:  0.0165 Loss fft:  0.7855 Loss dta_rank:  0.0000 Loss dta_tv:  0.0287 Loss dta_proxy:  0.6466 Loss dta_trans:  0.0057 Loss dta_phys:  0.0070 Loss dta_preserve:  0.0053
Time:  0.0759 Epoch: 014 Iter:  450/ 600 LR: 0.0000297690 Loss content:  0.0174 Loss fft:  0.8216 Loss dta_rank:  0.0000 Loss dta_tv:  0.0281 Loss dta_proxy:  0.6390 Loss dta_trans:  0.0057 Loss dta_phys:  0.0064 Loss dta_preserve:  0.0052
Time:  0.0614 Epoch: 014 Iter:  500/ 600 LR: 0.0000297690 Loss content:  0.0171 Loss fft:  0.7980 Loss dta_rank:  0.0000 Loss dta_tv:  0.0285 Loss dta_proxy:  0.6571 Loss dta_trans:  0.0059 Loss dta_phys:  0.0075 Loss dta_preserve:  0.0050
Time:  0.0690 Epoch: 014 Iter:  550/ 600 LR: 0.0000297690 Loss content:  0.0172 Loss fft:  0.8451 Loss dta_rank:  0.0000 Loss dta_tv:  0.0289 Loss dta_proxy:  0.6377 Loss dta_trans:  0.0052 Loss dta_phys:  0.0065 Loss dta_preserve:  0.0041
Time:  0.0716 Epoch: 014 Iter:  600/ 600 LR: 0.0000297690 Loss content:  0.0172 Loss fft:  0.8172 Loss dta_rank:  0.0000 Loss dta_tv:  0.0278 Loss dta_proxy:  0.6482 Loss dta_trans:  0.0056 Loss dta_phys:  0.0073 Loss dta_preserve:  0.0052
EPOCH: 14
Elapsed time: 0.88 Epoch Pixel Loss:  0.0171 Epoch FFT Loss:  0.8162 Epoch DTA Rank:  0.0000 Epoch DTA TV:  0.0285 Epoch DTA Proxy:  0.6416 Epoch DTA Trans:  0.0056 Epoch DTA Phys:  0.0067 Epoch DTA Preserve:  0.0049
DTA_GATE_RAMP epoch=15 gate_limit=0.060000
Time:  0.0789 Epoch: 015 Iter:   50/ 600 LR: 0.0000219361 Loss content:  0.0175 Loss fft:  0.8096 Loss dta_rank:  0.0000 Loss dta_tv:  0.0276 Loss dta_proxy:  0.6518 Loss dta_trans:  0.0052 Loss dta_phys:  0.0069 Loss dta_preserve:  0.0047
Time:  0.0742 Epoch: 015 Iter:  100/ 600 LR: 0.0000219361 Loss content:  0.0172 Loss fft:  0.8087 Loss dta_rank:  0.0000 Loss dta_tv:  0.0285 Loss dta_proxy:  0.6483 Loss dta_trans:  0.0051 Loss dta_phys:  0.0070 Loss dta_preserve:  0.0058
Time:  0.0738 Epoch: 015 Iter:  150/ 600 LR: 0.0000219361 Loss content:  0.0175 Loss fft:  0.8480 Loss dta_rank:  0.0000 Loss dta_tv:  0.0284 Loss dta_proxy:  0.6682 Loss dta_trans:  0.0054 Loss dta_phys:  0.0063 Loss dta_preserve:  0.0056
Time:  0.0726 Epoch: 015 Iter:  200/ 600 LR: 0.0000219361 Loss content:  0.0168 Loss fft:  0.8111 Loss dta_rank:  0.0000 Loss dta_tv:  0.0289 Loss dta_proxy:  0.6223 Loss dta_trans:  0.0052 Loss dta_phys:  0.0067 Loss dta_preserve:  0.0054
Time:  0.0740 Epoch: 015 Iter:  250/ 600 LR: 0.0000219361 Loss content:  0.0175 Loss fft:  0.8323 Loss dta_rank:  0.0000 Loss dta_tv:  0.0277 Loss dta_proxy:  0.6530 Loss dta_trans:  0.0052 Loss dta_phys:  0.0065 Loss dta_preserve:  0.0041
Time:  0.0723 Epoch: 015 Iter:  300/ 600 LR: 0.0000219361 Loss content:  0.0168 Loss fft:  0.8193 Loss dta_rank:  0.0000 Loss dta_tv:  0.0285 Loss dta_proxy:  0.6250 Loss dta_trans:  0.0052 Loss dta_phys:  0.0060 Loss dta_preserve:  0.0048
Time:  0.0754 Epoch: 015 Iter:  350/ 600 LR: 0.0000219361 Loss content:  0.0175 Loss fft:  0.8098 Loss dta_rank:  0.0000 Loss dta_tv:  0.0279 Loss dta_proxy:  0.6580 Loss dta_trans:  0.0055 Loss dta_phys:  0.0067 Loss dta_preserve:  0.0054
Time:  0.0746 Epoch: 015 Iter:  400/ 600 LR: 0.0000219361 Loss content:  0.0170 Loss fft:  0.8137 Loss dta_rank:  0.0000 Loss dta_tv:  0.0290 Loss dta_proxy:  0.6149 Loss dta_trans:  0.0057 Loss dta_phys:  0.0059 Loss dta_preserve:  0.0046
Time:  0.0777 Epoch: 015 Iter:  450/ 600 LR: 0.0000219361 Loss content:  0.0159 Loss fft:  0.7914 Loss dta_rank:  0.0000 Loss dta_tv:  0.0288 Loss dta_proxy:  0.6238 Loss dta_trans:  0.0056 Loss dta_phys:  0.0069 Loss dta_preserve:  0.0043
Time:  0.0772 Epoch: 015 Iter:  500/ 600 LR: 0.0000219361 Loss content:  0.0172 Loss fft:  0.8124 Loss dta_rank:  0.0000 Loss dta_tv:  0.0294 Loss dta_proxy:  0.6277 Loss dta_trans:  0.0069 Loss dta_phys:  0.0071 Loss dta_preserve:  0.0059
Time:  0.0726 Epoch: 015 Iter:  550/ 600 LR: 0.0000219361 Loss content:  0.0172 Loss fft:  0.8404 Loss dta_rank:  0.0000 Loss dta_tv:  0.0284 Loss dta_proxy:  0.6396 Loss dta_trans:  0.0051 Loss dta_phys:  0.0068 Loss dta_preserve:  0.0062
Time:  0.0721 Epoch: 015 Iter:  600/ 600 LR: 0.0000219361 Loss content:  0.0164 Loss fft:  0.8063 Loss dta_rank:  0.0000 Loss dta_tv:  0.0288 Loss dta_proxy:  0.6406 Loss dta_trans:  0.0063 Loss dta_phys:  0.0065 Loss dta_preserve:  0.0086
EPOCH: 15
Elapsed time: 0.90 Epoch Pixel Loss:  0.0170 Epoch FFT Loss:  0.8169 Epoch DTA Rank:  0.0000 Epoch DTA TV:  0.0285 Epoch DTA Proxy:  0.6394 Epoch DTA Trans:  0.0055 Epoch DTA Phys:  0.0066 Epoch DTA Preserve:  0.0054
DTA_GATE_RAMP epoch=16 gate_limit=0.060000
Time:  0.0800 Epoch: 016 Iter:   50/ 600 LR: 0.0000151017 Loss content:  0.0180 Loss fft:  0.8567 Loss dta_rank:  0.0000 Loss dta_tv:  0.0273 Loss dta_proxy:  0.6601 Loss dta_trans:  0.0058 Loss dta_phys:  0.0074 Loss dta_preserve:  0.0056
Time:  0.0730 Epoch: 016 Iter:  100/ 600 LR: 0.0000151017 Loss content:  0.0175 Loss fft:  0.7968 Loss dta_rank:  0.0000 Loss dta_tv:  0.0276 Loss dta_proxy:  0.6515 Loss dta_trans:  0.0049 Loss dta_phys:  0.0065 Loss dta_preserve:  0.0049
Time:  0.0608 Epoch: 016 Iter:  150/ 600 LR: 0.0000151017 Loss content:  0.0168 Loss fft:  0.8130 Loss dta_rank:  0.0000 Loss dta_tv:  0.0293 Loss dta_proxy:  0.6249 Loss dta_trans:  0.0058 Loss dta_phys:  0.0066 Loss dta_preserve:  0.0046
Time:  0.0612 Epoch: 016 Iter:  200/ 600 LR: 0.0000151017 Loss content:  0.0172 Loss fft:  0.8197 Loss dta_rank:  0.0000 Loss dta_tv:  0.0282 Loss dta_proxy:  0.6412 Loss dta_trans:  0.0061 Loss dta_phys:  0.0064 Loss dta_preserve:  0.0050
Time:  0.0612 Epoch: 016 Iter:  250/ 600 LR: 0.0000151017 Loss content:  0.0168 Loss fft:  0.8051 Loss dta_rank:  0.0000 Loss dta_tv:  0.0285 Loss dta_proxy:  0.6433 Loss dta_trans:  0.0063 Loss dta_phys:  0.0065 Loss dta_preserve:  0.0067
Time:  0.0608 Epoch: 016 Iter:  300/ 600 LR: 0.0000151017 Loss content:  0.0174 Loss fft:  0.8309 Loss dta_rank:  0.0000 Loss dta_tv:  0.0286 Loss dta_proxy:  0.6436 Loss dta_trans:  0.0058 Loss dta_phys:  0.0068 Loss dta_preserve:  0.0043
Time:  0.0726 Epoch: 016 Iter:  350/ 600 LR: 0.0000151017 Loss content:  0.0170 Loss fft:  0.7998 Loss dta_rank:  0.0000 Loss dta_tv:  0.0280 Loss dta_proxy:  0.6428 Loss dta_trans:  0.0058 Loss dta_phys:  0.0075 Loss dta_preserve:  0.0062
Time:  0.0742 Epoch: 016 Iter:  400/ 600 LR: 0.0000151017 Loss content:  0.0163 Loss fft:  0.8114 Loss dta_rank:  0.0000 Loss dta_tv:  0.0284 Loss dta_proxy:  0.6319 Loss dta_trans:  0.0053 Loss dta_phys:  0.0067 Loss dta_preserve:  0.0046
Time:  0.0753 Epoch: 016 Iter:  450/ 600 LR: 0.0000151017 Loss content:  0.0177 Loss fft:  0.8382 Loss dta_rank:  0.0000 Loss dta_tv:  0.0278 Loss dta_proxy:  0.6525 Loss dta_trans:  0.0052 Loss dta_phys:  0.0063 Loss dta_preserve:  0.0054
Time:  0.0755 Epoch: 016 Iter:  500/ 600 LR: 0.0000151017 Loss content:  0.0165 Loss fft:  0.8268 Loss dta_rank:  0.0000 Loss dta_tv:  0.0296 Loss dta_proxy:  0.6291 Loss dta_trans:  0.0057 Loss dta_phys:  0.0065 Loss dta_preserve:  0.0056
Time:  0.0750 Epoch: 016 Iter:  550/ 600 LR: 0.0000151017 Loss content:  0.0170 Loss fft:  0.8216 Loss dta_rank:  0.0000 Loss dta_tv:  0.0286 Loss dta_proxy:  0.6531 Loss dta_trans:  0.0056 Loss dta_phys:  0.0074 Loss dta_preserve:  0.0051
Time:  0.0744 Epoch: 016 Iter:  600/ 600 LR: 0.0000151017 Loss content:  0.0164 Loss fft:  0.7839 Loss dta_rank:  0.0000 Loss dta_tv:  0.0287 Loss dta_proxy:  0.6378 Loss dta_trans:  0.0058 Loss dta_phys:  0.0074 Loss dta_preserve:  0.0059
EPOCH: 16
Elapsed time: 0.85 Epoch Pixel Loss:  0.0171 Epoch FFT Loss:  0.8170 Epoch DTA Rank:  0.0000 Epoch DTA TV:  0.0284 Epoch DTA Proxy:  0.6427 Epoch DTA Trans:  0.0057 Epoch DTA Phys:  0.0068 Epoch DTA Preserve:  0.0053
DTA_GATE_RAMP epoch=17 gate_limit=0.060000
Time:  0.0772 Epoch: 017 Iter:   50/ 600 LR: 0.0000094853 Loss content:  0.0173 Loss fft:  0.8314 Loss dta_rank:  0.0000 Loss dta_tv:  0.0282 Loss dta_proxy:  0.6394 Loss dta_trans:  0.0053 Loss dta_phys:  0.0066 Loss dta_preserve:  0.0047
Time:  0.0729 Epoch: 017 Iter:  100/ 600 LR: 0.0000094853 Loss content:  0.0172 Loss fft:  0.8267 Loss dta_rank:  0.0000 Loss dta_tv:  0.0283 Loss dta_proxy:  0.6518 Loss dta_trans:  0.0061 Loss dta_phys:  0.0067 Loss dta_preserve:  0.0054
Time:  0.0740 Epoch: 017 Iter:  150/ 600 LR: 0.0000094853 Loss content:  0.0168 Loss fft:  0.7996 Loss dta_rank:  0.0000 Loss dta_tv:  0.0273 Loss dta_proxy:  0.6537 Loss dta_trans:  0.0055 Loss dta_phys:  0.0065 Loss dta_preserve:  0.0048
Time:  0.0755 Epoch: 017 Iter:  200/ 600 LR: 0.0000094853 Loss content:  0.0169 Loss fft:  0.8246 Loss dta_rank:  0.0000 Loss dta_tv:  0.0291 Loss dta_proxy:  0.6389 Loss dta_trans:  0.0052 Loss dta_phys:  0.0065 Loss dta_preserve:  0.0037
Time:  0.0752 Epoch: 017 Iter:  250/ 600 LR: 0.0000094853 Loss content:  0.0167 Loss fft:  0.8333 Loss dta_rank:  0.0000 Loss dta_tv:  0.0287 Loss dta_proxy:  0.6360 Loss dta_trans:  0.0056 Loss dta_phys:  0.0062 Loss dta_preserve:  0.0052
Time:  0.0738 Epoch: 017 Iter:  300/ 600 LR: 0.0000094853 Loss content:  0.0169 Loss fft:  0.8108 Loss dta_rank:  0.0000 Loss dta_tv:  0.0289 Loss dta_proxy:  0.6290 Loss dta_trans:  0.0060 Loss dta_phys:  0.0065 Loss dta_preserve:  0.0048
Time:  0.0729 Epoch: 017 Iter:  350/ 600 LR: 0.0000094853 Loss content:  0.0169 Loss fft:  0.8174 Loss dta_rank:  0.0000 Loss dta_tv:  0.0291 Loss dta_proxy:  0.6270 Loss dta_trans:  0.0053 Loss dta_phys:  0.0072 Loss dta_preserve:  0.0046
Time:  0.0741 Epoch: 017 Iter:  400/ 600 LR: 0.0000094853 Loss content:  0.0174 Loss fft:  0.8452 Loss dta_rank:  0.0000 Loss dta_tv:  0.0290 Loss dta_proxy:  0.6331 Loss dta_trans:  0.0057 Loss dta_phys:  0.0066 Loss dta_preserve:  0.0057
Time:  0.0744 Epoch: 017 Iter:  450/ 600 LR: 0.0000094853 Loss content:  0.0172 Loss fft:  0.8291 Loss dta_rank:  0.0000 Loss dta_tv:  0.0284 Loss dta_proxy:  0.6203 Loss dta_trans:  0.0049 Loss dta_phys:  0.0062 Loss dta_preserve:  0.0046
Time:  0.0756 Epoch: 017 Iter:  500/ 600 LR: 0.0000094853 Loss content:  0.0182 Loss fft:  0.8090 Loss dta_rank:  0.0000 Loss dta_tv:  0.0285 Loss dta_proxy:  0.6462 Loss dta_trans:  0.0057 Loss dta_phys:  0.0073 Loss dta_preserve:  0.0063
Time:  0.0743 Epoch: 017 Iter:  550/ 600 LR: 0.0000094853 Loss content:  0.0168 Loss fft:  0.7906 Loss dta_rank:  0.0000 Loss dta_tv:  0.0284 Loss dta_proxy:  0.6351 Loss dta_trans:  0.0049 Loss dta_phys:  0.0069 Loss dta_preserve:  0.0059
Time:  0.0739 Epoch: 017 Iter:  600/ 600 LR: 0.0000094853 Loss content:  0.0164 Loss fft:  0.8044 Loss dta_rank:  0.0000 Loss dta_tv:  0.0287 Loss dta_proxy:  0.6303 Loss dta_trans:  0.0059 Loss dta_phys:  0.0063 Loss dta_preserve:  0.0041
EPOCH: 17
Elapsed time: 0.90 Epoch Pixel Loss:  0.0171 Epoch FFT Loss:  0.8185 Epoch DTA Rank:  0.0000 Epoch DTA TV:  0.0285 Epoch DTA Proxy:  0.6367 Epoch DTA Trans:  0.0055 Epoch DTA Phys:  0.0066 Epoch DTA Preserve:  0.0050
DTA_GATE_RAMP epoch=18 gate_limit=0.060000
Time:  0.0809 Epoch: 018 Iter:   50/ 600 LR: 0.0000052550 Loss content:  0.0167 Loss fft:  0.7909 Loss dta_rank:  0.0000 Loss dta_tv:  0.0275 Loss dta_proxy:  0.6548 Loss dta_trans:  0.0045 Loss dta_phys:  0.0071 Loss dta_preserve:  0.0051
Time:  0.0724 Epoch: 018 Iter:  100/ 600 LR: 0.0000052550 Loss content:  0.0166 Loss fft:  0.8202 Loss dta_rank:  0.0000 Loss dta_tv:  0.0293 Loss dta_proxy:  0.6272 Loss dta_trans:  0.0054 Loss dta_phys:  0.0074 Loss dta_preserve:  0.0054
Time:  0.0726 Epoch: 018 Iter:  150/ 600 LR: 0.0000052550 Loss content:  0.0164 Loss fft:  0.8160 Loss dta_rank:  0.0000 Loss dta_tv:  0.0273 Loss dta_proxy:  0.6529 Loss dta_trans:  0.0047 Loss dta_phys:  0.0066 Loss dta_preserve:  0.0044
Time:  0.0734 Epoch: 018 Iter:  200/ 600 LR: 0.0000052550 Loss content:  0.0171 Loss fft:  0.8222 Loss dta_rank:  0.0000 Loss dta_tv:  0.0285 Loss dta_proxy:  0.6317 Loss dta_trans:  0.0048 Loss dta_phys:  0.0061 Loss dta_preserve:  0.0055
Time:  0.0732 Epoch: 018 Iter:  250/ 600 LR: 0.0000052550 Loss content:  0.0168 Loss fft:  0.8073 Loss dta_rank:  0.0000 Loss dta_tv:  0.0288 Loss dta_proxy:  0.6398 Loss dta_trans:  0.0064 Loss dta_phys:  0.0067 Loss dta_preserve:  0.0046
Time:  0.0770 Epoch: 018 Iter:  300/ 600 LR: 0.0000052550 Loss content:  0.0172 Loss fft:  0.8377 Loss dta_rank:  0.0000 Loss dta_tv:  0.0286 Loss dta_proxy:  0.6425 Loss dta_trans:  0.0060 Loss dta_phys:  0.0069 Loss dta_preserve:  0.0055
Time:  0.0760 Epoch: 018 Iter:  350/ 600 LR: 0.0000052550 Loss content:  0.0174 Loss fft:  0.8147 Loss dta_rank:  0.0000 Loss dta_tv:  0.0273 Loss dta_proxy:  0.6578 Loss dta_trans:  0.0055 Loss dta_phys:  0.0068 Loss dta_preserve:  0.0058
Time:  0.0741 Epoch: 018 Iter:  400/ 600 LR: 0.0000052550 Loss content:  0.0173 Loss fft:  0.8317 Loss dta_rank:  0.0000 Loss dta_tv:  0.0282 Loss dta_proxy:  0.6479 Loss dta_trans:  0.0056 Loss dta_phys:  0.0065 Loss dta_preserve:  0.0061
Time:  0.0700 Epoch: 018 Iter:  450/ 600 LR: 0.0000052550 Loss content:  0.0170 Loss fft:  0.8553 Loss dta_rank:  0.0000 Loss dta_tv:  0.0296 Loss dta_proxy:  0.6269 Loss dta_trans:  0.0066 Loss dta_phys:  0.0062 Loss dta_preserve:  0.0056
Time:  0.0752 Epoch: 018 Iter:  500/ 600 LR: 0.0000052550 Loss content:  0.0171 Loss fft:  0.7997 Loss dta_rank:  0.0000 Loss dta_tv:  0.0285 Loss dta_proxy:  0.6315 Loss dta_trans:  0.0056 Loss dta_phys:  0.0069 Loss dta_preserve:  0.0047
Time:  0.0723 Epoch: 018 Iter:  550/ 600 LR: 0.0000052550 Loss content:  0.0175 Loss fft:  0.8295 Loss dta_rank:  0.0000 Loss dta_tv:  0.0278 Loss dta_proxy:  0.6489 Loss dta_trans:  0.0054 Loss dta_phys:  0.0063 Loss dta_preserve:  0.0054
Time:  0.0740 Epoch: 018 Iter:  600/ 600 LR: 0.0000052550 Loss content:  0.0167 Loss fft:  0.8213 Loss dta_rank:  0.0000 Loss dta_tv:  0.0294 Loss dta_proxy:  0.6195 Loss dta_trans:  0.0055 Loss dta_phys:  0.0067 Loss dta_preserve:  0.0043
EPOCH: 18
Elapsed time: 0.89 Epoch Pixel Loss:  0.0170 Epoch FFT Loss:  0.8206 Epoch DTA Rank:  0.0000 Epoch DTA TV:  0.0284 Epoch DTA Proxy:  0.6401 Epoch DTA Trans:  0.0055 Epoch DTA Phys:  0.0067 Epoch DTA Preserve:  0.0052
DTA_GATE_RAMP epoch=19 gate_limit=0.060000
Time:  0.0802 Epoch: 019 Iter:   50/ 600 LR: 0.0000025070 Loss content:  0.0165 Loss fft:  0.7920 Loss dta_rank:  0.0000 Loss dta_tv:  0.0284 Loss dta_proxy:  0.6322 Loss dta_trans:  0.0062 Loss dta_phys:  0.0071 Loss dta_preserve:  0.0051
Time:  0.0766 Epoch: 019 Iter:  100/ 600 LR: 0.0000025070 Loss content:  0.0180 Loss fft:  0.8364 Loss dta_rank:  0.0000 Loss dta_tv:  0.0278 Loss dta_proxy:  0.6311 Loss dta_trans:  0.0053 Loss dta_phys:  0.0067 Loss dta_preserve:  0.0055
Time:  0.0794 Epoch: 019 Iter:  150/ 600 LR: 0.0000025070 Loss content:  0.0179 Loss fft:  0.8407 Loss dta_rank:  0.0000 Loss dta_tv:  0.0284 Loss dta_proxy:  0.6463 Loss dta_trans:  0.0063 Loss dta_phys:  0.0067 Loss dta_preserve:  0.0057
Time:  0.0790 Epoch: 019 Iter:  200/ 600 LR: 0.0000025070 Loss content:  0.0165 Loss fft:  0.7905 Loss dta_rank:  0.0000 Loss dta_tv:  0.0278 Loss dta_proxy:  0.6501 Loss dta_trans:  0.0054 Loss dta_phys:  0.0067 Loss dta_preserve:  0.0050
Time:  0.0748 Epoch: 019 Iter:  250/ 600 LR: 0.0000025070 Loss content:  0.0168 Loss fft:  0.8356 Loss dta_rank:  0.0000 Loss dta_tv:  0.0289 Loss dta_proxy:  0.6357 Loss dta_trans:  0.0057 Loss dta_phys:  0.0068 Loss dta_preserve:  0.0051
Time:  0.0781 Epoch: 019 Iter:  300/ 600 LR: 0.0000025070 Loss content:  0.0174 Loss fft:  0.8136 Loss dta_rank:  0.0000 Loss dta_tv:  0.0278 Loss dta_proxy:  0.6470 Loss dta_trans:  0.0053 Loss dta_phys:  0.0068 Loss dta_preserve:  0.0051
Time:  0.0757 Epoch: 019 Iter:  350/ 600 LR: 0.0000025070 Loss content:  0.0170 Loss fft:  0.8192 Loss dta_rank:  0.0000 Loss dta_tv:  0.0284 Loss dta_proxy:  0.6447 Loss dta_trans:  0.0049 Loss dta_phys:  0.0067 Loss dta_preserve:  0.0054
Time:  0.0704 Epoch: 019 Iter:  400/ 600 LR: 0.0000025070 Loss content:  0.0175 Loss fft:  0.8318 Loss dta_rank:  0.0000 Loss dta_tv:  0.0277 Loss dta_proxy:  0.6447 Loss dta_trans:  0.0055 Loss dta_phys:  0.0069 Loss dta_preserve:  0.0059
Time:  0.0733 Epoch: 019 Iter:  450/ 600 LR: 0.0000025070 Loss content:  0.0164 Loss fft:  0.8152 Loss dta_rank:  0.0000 Loss dta_tv:  0.0282 Loss dta_proxy:  0.6338 Loss dta_trans:  0.0055 Loss dta_phys:  0.0063 Loss dta_preserve:  0.0049
Time:  0.0717 Epoch: 019 Iter:  500/ 600 LR: 0.0000025070 Loss content:  0.0171 Loss fft:  0.8080 Loss dta_rank:  0.0000 Loss dta_tv:  0.0284 Loss dta_proxy:  0.6404 Loss dta_trans:  0.0061 Loss dta_phys:  0.0069 Loss dta_preserve:  0.0044
Time:  0.0713 Epoch: 019 Iter:  550/ 600 LR: 0.0000025070 Loss content:  0.0174 Loss fft:  0.8150 Loss dta_rank:  0.0000 Loss dta_tv:  0.0282 Loss dta_proxy:  0.6491 Loss dta_trans:  0.0050 Loss dta_phys:  0.0067 Loss dta_preserve:  0.0057
Time:  0.0727 Epoch: 019 Iter:  600/ 600 LR: 0.0000025070 Loss content:  0.0171 Loss fft:  0.8165 Loss dta_rank:  0.0000 Loss dta_tv:  0.0289 Loss dta_proxy:  0.6246 Loss dta_trans:  0.0059 Loss dta_phys:  0.0063 Loss dta_preserve:  0.0057
EPOCH: 19
Elapsed time: 0.91 Epoch Pixel Loss:  0.0171 Epoch FFT Loss:  0.8179 Epoch DTA Rank:  0.0000 Epoch DTA TV:  0.0282 Epoch DTA Proxy:  0.6400 Epoch DTA Trans:  0.0056 Epoch DTA Phys:  0.0067 Epoch DTA Preserve:  0.0053
DTA_GATE_RAMP epoch=20 gate_limit=0.060000
Time:  0.0768 Epoch: 020 Iter:   50/ 600 LR: 0.0000012125 Loss content:  0.0173 Loss fft:  0.8518 Loss dta_rank:  0.0000 Loss dta_tv:  0.0281 Loss dta_proxy:  0.6297 Loss dta_trans:  0.0051 Loss dta_phys:  0.0063 Loss dta_preserve:  0.0053
Time:  0.0734 Epoch: 020 Iter:  100/ 600 LR: 0.0000012125 Loss content:  0.0176 Loss fft:  0.8249 Loss dta_rank:  0.0000 Loss dta_tv:  0.0284 Loss dta_proxy:  0.6468 Loss dta_trans:  0.0055 Loss dta_phys:  0.0064 Loss dta_preserve:  0.0069
Time:  0.0769 Epoch: 020 Iter:  150/ 600 LR: 0.0000012125 Loss content:  0.0172 Loss fft:  0.8427 Loss dta_rank:  0.0000 Loss dta_tv:  0.0275 Loss dta_proxy:  0.6593 Loss dta_trans:  0.0042 Loss dta_phys:  0.0063 Loss dta_preserve:  0.0038
Time:  0.0746 Epoch: 020 Iter:  200/ 600 LR: 0.0000012125 Loss content:  0.0171 Loss fft:  0.8165 Loss dta_rank:  0.0000 Loss dta_tv:  0.0279 Loss dta_proxy:  0.6435 Loss dta_trans:  0.0053 Loss dta_phys:  0.0063 Loss dta_preserve:  0.0062
Time:  0.0724 Epoch: 020 Iter:  250/ 600 LR: 0.0000012125 Loss content:  0.0168 Loss fft:  0.8166 Loss dta_rank:  0.0000 Loss dta_tv:  0.0286 Loss dta_proxy:  0.6358 Loss dta_trans:  0.0050 Loss dta_phys:  0.0066 Loss dta_preserve:  0.0045
Time:  0.0767 Epoch: 020 Iter:  300/ 600 LR: 0.0000012125 Loss content:  0.0163 Loss fft:  0.7895 Loss dta_rank:  0.0000 Loss dta_tv:  0.0286 Loss dta_proxy:  0.6318 Loss dta_trans:  0.0054 Loss dta_phys:  0.0070 Loss dta_preserve:  0.0040
Time:  0.0735 Epoch: 020 Iter:  350/ 600 LR: 0.0000012125 Loss content:  0.0162 Loss fft:  0.7706 Loss dta_rank:  0.0000 Loss dta_tv:  0.0290 Loss dta_proxy:  0.6156 Loss dta_trans:  0.0068 Loss dta_phys:  0.0063 Loss dta_preserve:  0.0050
Time:  0.0724 Epoch: 020 Iter:  400/ 600 LR: 0.0000012125 Loss content:  0.0173 Loss fft:  0.8272 Loss dta_rank:  0.0000 Loss dta_tv:  0.0283 Loss dta_proxy:  0.6447 Loss dta_trans:  0.0053 Loss dta_phys:  0.0071 Loss dta_preserve:  0.0050
Time:  0.0769 Epoch: 020 Iter:  450/ 600 LR: 0.0000012125 Loss content:  0.0161 Loss fft:  0.8029 Loss dta_rank:  0.0000 Loss dta_tv:  0.0287 Loss dta_proxy:  0.6384 Loss dta_trans:  0.0053 Loss dta_phys:  0.0065 Loss dta_preserve:  0.0050
Time:  0.0747 Epoch: 020 Iter:  500/ 600 LR: 0.0000012125 Loss content:  0.0166 Loss fft:  0.8322 Loss dta_rank:  0.0000 Loss dta_tv:  0.0294 Loss dta_proxy:  0.6193 Loss dta_trans:  0.0065 Loss dta_phys:  0.0060 Loss dta_preserve:  0.0040
Time:  0.0707 Epoch: 020 Iter:  550/ 600 LR: 0.0000012125 Loss content:  0.0172 Loss fft:  0.8311 Loss dta_rank:  0.0000 Loss dta_tv:  0.0279 Loss dta_proxy:  0.6289 Loss dta_trans:  0.0058 Loss dta_phys:  0.0069 Loss dta_preserve:  0.0044
Time:  0.0703 Epoch: 020 Iter:  600/ 600 LR: 0.0000012125 Loss content:  0.0173 Loss fft:  0.8042 Loss dta_rank:  0.0000 Loss dta_tv:  0.0286 Loss dta_proxy:  0.6361 Loss dta_trans:  0.0055 Loss dta_phys:  0.0072 Loss dta_preserve:  0.0063
EPOCH: 20
Elapsed time: 0.89 Epoch Pixel Loss:  0.0169 Epoch FFT Loss:  0.8175 Epoch DTA Rank:  0.0000 Epoch DTA TV:  0.0284 Epoch DTA Proxy:  0.6358 Epoch DTA Trans:  0.0055 Epoch DTA Phys:  0.0066 Epoch DTA Preserve:  0.0050
