Namespace(model_name='ConvIR-Haze4K-DTA-v2-adapter_only-zero-seed3407-f0-scout5', data='Haze4K', version='base', fam_mode='original', arch='dta_v2', seed=3407, mode='train', data_dir='/sda/home/wangyuxin/ConvIR-B/datasets/Haze4K/Haze4K', batch_size=4, learning_rate=0.0001, weight_decay=0.0, num_epoch=5, stop_epoch=5, print_freq=50, num_worker=4, save_freq=1, valid_freq=9999, mod_stats_freq=1, mod_stats_batches=16, grad_clip_norm=0.001, dta_grad_clip_norm=0.05, dta_neighbor_grad_clip_norm=0.005, init_model='/sda/home/wangyuxin/ConvIR-B/checkpoints/official/Haze4K/haze4k-base.pkl', init_model_partial=True, partial_new_prefixes='DTA.', resume='', train_scope='adapter_only', dta_depth_cache_dir='/sda/home/wangyuxin/ConvIR-B/depth_cache/depth_anything_v2_small_hf', dta_train_depth_split='train', dta_eval_depth_split='train', valid_root_split='train', eval_root_split='test', dta_require_depth=True, dta_variant='v2', dta_depth_mode='zero', dta_prior_channels=32, dta_gate_bias=-6.0, dta_gate_limit=0.06, dta_gamma_limit=0.12, dta_beta_limit=0.06, dta_alpha_init=1.0, dta_confidence_floor=0.25, dta_confidence_local_scale=6.0, dta_output_residual_scale=0.03, dta_use_trans_gt=True, dta_trans_weight=0.02, dta_phys_weight=0.005, dta_preserve_weight=0.02, dta_preserve_trans_thresh=0.8, dta_gate_ramp_start=0.01, dta_gate_ramp_mid=0.03, dta_gate_ramp_end=0.06, dta_gate_ramp_warmup_epochs=2, dta_gate_ramp_mid_epochs=8, dta_rank_weight=0.001, dta_tv_weight=0.0001, dta_proxy_weight=0.0, dta_rank_pairs=512, dta_rank_min_depth_gap=0.03, split_json='/sda/home/wangyuxin/ConvIR-B/repos/ConvIR-B-dta-v2-calibrated/experience_docx/experiment_logs/haze4k_dta_v2_calibrated_20260611/dta_v2_haze4k_oof_splits_seed3407.json', split_name='fold0_train', test_model='', save_image=False, leaning_rate=0.0001, model_save_dir='results/ConvIR-Haze4K-DTA-v2-adapter_only-zero-seed3407-f0-scout5/Training-Results/', result_dir='results/ConvIR-Haze4K-DTA-v2-adapter_only-zero-seed3407-f0-scout5/images/Haze4K', init_model_sha256='6f42037d57a4e3de3a10ac0ab909d66a3415864a19433c29204a975f4efa4088')
/sda/home/wangyuxin/ConvIR-B/repos/ConvIR-B-dta-v2-calibrated/Dehazing/ITS/main.py:14: FutureWarning: You are using `torch.load` with `weights_only=False` (the current default value), which uses the default pickle module implicitly. It is possible to construct malicious pickle data which will execute arbitrary code during unpickling (See https://github.com/pytorch/pytorch/blob/main/SECURITY.md#untrusted-models for more details). In a future release, the default value for `weights_only` will be flipped to `True`. This limits the functions that could be executed during unpickling. Arbitrary objects will no longer be allowed to be loaded via this mode unless they are explicitly allowlisted by the user via `torch.serialization.add_safe_globals`. We recommend you start setting `weights_only=True` for any use case where you don't have full control of the loaded file. Please open an issue on GitHub for any issues related to this experimental feature.
  state = torch.load(path, map_location=map_location)
INIT_MODEL_PARTIAL_LOAD path=/sda/home/wangyuxin/ConvIR-B/checkpoints/official/Haze4K/haze4k-base.pkl loaded=602 missing_allowed=25 unexpected=[] allowed_new_prefixes=('DTA.',)
TRAIN_SCOPE scope=adapter_only arch=dta_v2 trainable=74699 total=8705364
/sda/home/wangyuxin/ConvIR-B/envs/convir-cu121/lib/python3.10/site-packages/torch/optim/lr_scheduler.py:224: UserWarning: Detected call of `lr_scheduler.step()` before `optimizer.step()`. In PyTorch 1.1.0 and later, you should call them in the opposite order: `optimizer.step()` before `lr_scheduler.step()`.  Failure to do this will result in PyTorch skipping the first value of the learning rate schedule. See more details at https://pytorch.org/docs/stable/optim.html#how-to-adjust-learning-rate
  warnings.warn(
DTA_GATE_RAMP epoch=1 gate_limit=0.010000
Time:  0.0922 Epoch: 001 Iter:   50/ 600 LR: 0.0000333333 Loss content:  0.0178 Loss fft:  0.8085 Loss dta_rank:  0.0000 Loss dta_tv:  0.0041 Loss dta_proxy:  0.5313 Loss dta_trans:  0.0413 Loss dta_phys:  0.0074 Loss dta_preserve:  0.0053
Time:  0.0755 Epoch: 001 Iter:  100/ 600 LR: 0.0000333333 Loss content:  0.0178 Loss fft:  0.8344 Loss dta_rank:  0.0000 Loss dta_tv:  0.0111 Loss dta_proxy:  0.5875 Loss dta_trans:  0.0353 Loss dta_phys:  0.0093 Loss dta_preserve:  0.0043
Time:  0.0786 Epoch: 001 Iter:  150/ 600 LR: 0.0000333333 Loss content:  0.0173 Loss fft:  0.8406 Loss dta_rank:  0.0000 Loss dta_tv:  0.0158 Loss dta_proxy:  0.6188 Loss dta_trans:  0.0276 Loss dta_phys:  0.0109 Loss dta_preserve:  0.0047
Time:  0.0787 Epoch: 001 Iter:  200/ 600 LR: 0.0000333333 Loss content:  0.0169 Loss fft:  0.8104 Loss dta_rank:  0.0000 Loss dta_tv:  0.0199 Loss dta_proxy:  0.6423 Loss dta_trans:  0.0251 Loss dta_phys:  0.0106 Loss dta_preserve:  0.0041
Time:  0.0808 Epoch: 001 Iter:  250/ 600 LR: 0.0000333333 Loss content:  0.0172 Loss fft:  0.8318 Loss dta_rank:  0.0000 Loss dta_tv:  0.0245 Loss dta_proxy:  0.6208 Loss dta_trans:  0.0221 Loss dta_phys:  0.0084 Loss dta_preserve:  0.0038
Time:  0.0746 Epoch: 001 Iter:  300/ 600 LR: 0.0000333333 Loss content:  0.0175 Loss fft:  0.8648 Loss dta_rank:  0.0000 Loss dta_tv:  0.0302 Loss dta_proxy:  0.6195 Loss dta_trans:  0.0182 Loss dta_phys:  0.0081 Loss dta_preserve:  0.0076
Time:  0.0761 Epoch: 001 Iter:  350/ 600 LR: 0.0000333333 Loss content:  0.0171 Loss fft:  0.8049 Loss dta_rank:  0.0000 Loss dta_tv:  0.0331 Loss dta_proxy:  0.6304 Loss dta_trans:  0.0162 Loss dta_phys:  0.0082 Loss dta_preserve:  0.0047
Time:  0.0726 Epoch: 001 Iter:  400/ 600 LR: 0.0000333333 Loss content:  0.0175 Loss fft:  0.8203 Loss dta_rank:  0.0000 Loss dta_tv:  0.0354 Loss dta_proxy:  0.6436 Loss dta_trans:  0.0134 Loss dta_phys:  0.0086 Loss dta_preserve:  0.0055
Time:  0.0754 Epoch: 001 Iter:  450/ 600 LR: 0.0000333333 Loss content:  0.0170 Loss fft:  0.8023 Loss dta_rank:  0.0000 Loss dta_tv:  0.0370 Loss dta_proxy:  0.6293 Loss dta_trans:  0.0134 Loss dta_phys:  0.0072 Loss dta_preserve:  0.0041
Time:  0.0785 Epoch: 001 Iter:  500/ 600 LR: 0.0000333333 Loss content:  0.0169 Loss fft:  0.8184 Loss dta_rank:  0.0000 Loss dta_tv:  0.0386 Loss dta_proxy:  0.6281 Loss dta_trans:  0.0131 Loss dta_phys:  0.0079 Loss dta_preserve:  0.0069
Time:  0.0771 Epoch: 001 Iter:  550/ 600 LR: 0.0000333333 Loss content:  0.0168 Loss fft:  0.8067 Loss dta_rank:  0.0000 Loss dta_tv:  0.0381 Loss dta_proxy:  0.6489 Loss dta_trans:  0.0124 Loss dta_phys:  0.0081 Loss dta_preserve:  0.0057
Time:  0.0732 Epoch: 001 Iter:  600/ 600 LR: 0.0000333333 Loss content:  0.0175 Loss fft:  0.8351 Loss dta_rank:  0.0000 Loss dta_tv:  0.0393 Loss dta_proxy:  0.6456 Loss dta_trans:  0.0137 Loss dta_phys:  0.0076 Loss dta_preserve:  0.0043
EPOCH: 01
Elapsed time: 0.94 Epoch Pixel Loss:  0.0173 Epoch FFT Loss:  0.8232 Epoch DTA Rank:  0.0000 Epoch DTA TV:  0.0273 Epoch DTA Proxy:  0.6205 Epoch DTA Trans:  0.0210 Epoch DTA Phys:  0.0085 Epoch DTA Preserve:  0.0051
DTA_GATE_RAMP epoch=2 gate_limit=0.010000
Time:  0.0808 Epoch: 002 Iter:   50/ 600 LR: 0.0000666667 Loss content:  0.0175 Loss fft:  0.8080 Loss dta_rank:  0.0000 Loss dta_tv:  0.0391 Loss dta_proxy:  0.6409 Loss dta_trans:  0.0110 Loss dta_phys:  0.0072 Loss dta_preserve:  0.0070
Time:  0.0733 Epoch: 002 Iter:  100/ 600 LR: 0.0000666667 Loss content:  0.0173 Loss fft:  0.8294 Loss dta_rank:  0.0000 Loss dta_tv:  0.0394 Loss dta_proxy:  0.6389 Loss dta_trans:  0.0116 Loss dta_phys:  0.0080 Loss dta_preserve:  0.0050
Time:  0.0761 Epoch: 002 Iter:  150/ 600 LR: 0.0000666667 Loss content:  0.0172 Loss fft:  0.8318 Loss dta_rank:  0.0000 Loss dta_tv:  0.0382 Loss dta_proxy:  0.6390 Loss dta_trans:  0.0107 Loss dta_phys:  0.0061 Loss dta_preserve:  0.0050
Time:  0.0769 Epoch: 002 Iter:  200/ 600 LR: 0.0000666667 Loss content:  0.0168 Loss fft:  0.7836 Loss dta_rank:  0.0000 Loss dta_tv:  0.0394 Loss dta_proxy:  0.5939 Loss dta_trans:  0.0107 Loss dta_phys:  0.0067 Loss dta_preserve:  0.0046
Time:  0.0772 Epoch: 002 Iter:  250/ 600 LR: 0.0000666667 Loss content:  0.0166 Loss fft:  0.8101 Loss dta_rank:  0.0000 Loss dta_tv:  0.0377 Loss dta_proxy:  0.6619 Loss dta_trans:  0.0098 Loss dta_phys:  0.0073 Loss dta_preserve:  0.0053
Time:  0.0759 Epoch: 002 Iter:  300/ 600 LR: 0.0000666667 Loss content:  0.0172 Loss fft:  0.8202 Loss dta_rank:  0.0000 Loss dta_tv:  0.0369 Loss dta_proxy:  0.6388 Loss dta_trans:  0.0102 Loss dta_phys:  0.0072 Loss dta_preserve:  0.0055
Time:  0.0790 Epoch: 002 Iter:  350/ 600 LR: 0.0000666667 Loss content:  0.0166 Loss fft:  0.8175 Loss dta_rank:  0.0000 Loss dta_tv:  0.0373 Loss dta_proxy:  0.6515 Loss dta_trans:  0.0095 Loss dta_phys:  0.0082 Loss dta_preserve:  0.0060
Time:  0.0775 Epoch: 002 Iter:  400/ 600 LR: 0.0000666667 Loss content:  0.0174 Loss fft:  0.8303 Loss dta_rank:  0.0000 Loss dta_tv:  0.0376 Loss dta_proxy:  0.6330 Loss dta_trans:  0.0108 Loss dta_phys:  0.0080 Loss dta_preserve:  0.0048
Time:  0.0742 Epoch: 002 Iter:  450/ 600 LR: 0.0000666667 Loss content:  0.0173 Loss fft:  0.8112 Loss dta_rank:  0.0000 Loss dta_tv:  0.0362 Loss dta_proxy:  0.6477 Loss dta_trans:  0.0091 Loss dta_phys:  0.0076 Loss dta_preserve:  0.0055
Time:  0.0717 Epoch: 002 Iter:  500/ 600 LR: 0.0000666667 Loss content:  0.0171 Loss fft:  0.8071 Loss dta_rank:  0.0000 Loss dta_tv:  0.0369 Loss dta_proxy:  0.6521 Loss dta_trans:  0.0085 Loss dta_phys:  0.0074 Loss dta_preserve:  0.0051
Time:  0.0784 Epoch: 002 Iter:  550/ 600 LR: 0.0000666667 Loss content:  0.0173 Loss fft:  0.8153 Loss dta_rank:  0.0000 Loss dta_tv:  0.0372 Loss dta_proxy:  0.6413 Loss dta_trans:  0.0081 Loss dta_phys:  0.0061 Loss dta_preserve:  0.0045
Time:  0.0691 Epoch: 002 Iter:  600/ 600 LR: 0.0000666667 Loss content:  0.0173 Loss fft:  0.8298 Loss dta_rank:  0.0000 Loss dta_tv:  0.0370 Loss dta_proxy:  0.6509 Loss dta_trans:  0.0078 Loss dta_phys:  0.0066 Loss dta_preserve:  0.0056
EPOCH: 02
Elapsed time: 0.92 Epoch Pixel Loss:  0.0171 Epoch FFT Loss:  0.8162 Epoch DTA Rank:  0.0000 Epoch DTA TV:  0.0377 Epoch DTA Proxy:  0.6408 Epoch DTA Trans:  0.0098 Epoch DTA Phys:  0.0072 Epoch DTA Preserve:  0.0053
DTA_GATE_RAMP epoch=3 gate_limit=0.030000
Time:  0.0834 Epoch: 003 Iter:   50/ 600 LR: 0.0001000000 Loss content:  0.0176 Loss fft:  0.8486 Loss dta_rank:  0.0000 Loss dta_tv:  0.0373 Loss dta_proxy:  0.6295 Loss dta_trans:  0.0083 Loss dta_phys:  0.0068 Loss dta_preserve:  0.0051
Time:  0.0695 Epoch: 003 Iter:  100/ 600 LR: 0.0001000000 Loss content:  0.0177 Loss fft:  0.8282 Loss dta_rank:  0.0000 Loss dta_tv:  0.0370 Loss dta_proxy:  0.6332 Loss dta_trans:  0.0075 Loss dta_phys:  0.0069 Loss dta_preserve:  0.0068
Time:  0.0733 Epoch: 003 Iter:  150/ 600 LR: 0.0001000000 Loss content:  0.0179 Loss fft:  0.8216 Loss dta_rank:  0.0000 Loss dta_tv:  0.0345 Loss dta_proxy:  0.6649 Loss dta_trans:  0.0093 Loss dta_phys:  0.0070 Loss dta_preserve:  0.0060
Time:  0.0766 Epoch: 003 Iter:  200/ 600 LR: 0.0001000000 Loss content:  0.0171 Loss fft:  0.8523 Loss dta_rank:  0.0000 Loss dta_tv:  0.0363 Loss dta_proxy:  0.6311 Loss dta_trans:  0.0075 Loss dta_phys:  0.0071 Loss dta_preserve:  0.0063
Time:  0.0794 Epoch: 003 Iter:  250/ 600 LR: 0.0001000000 Loss content:  0.0163 Loss fft:  0.8213 Loss dta_rank:  0.0000 Loss dta_tv:  0.0371 Loss dta_proxy:  0.6364 Loss dta_trans:  0.0071 Loss dta_phys:  0.0070 Loss dta_preserve:  0.0048
Time:  0.0738 Epoch: 003 Iter:  300/ 600 LR: 0.0001000000 Loss content:  0.0169 Loss fft:  0.7962 Loss dta_rank:  0.0000 Loss dta_tv:  0.0363 Loss dta_proxy:  0.6052 Loss dta_trans:  0.0083 Loss dta_phys:  0.0063 Loss dta_preserve:  0.0052
Time:  0.0763 Epoch: 003 Iter:  350/ 600 LR: 0.0001000000 Loss content:  0.0168 Loss fft:  0.8211 Loss dta_rank:  0.0000 Loss dta_tv:  0.0352 Loss dta_proxy:  0.6597 Loss dta_trans:  0.0088 Loss dta_phys:  0.0071 Loss dta_preserve:  0.0050
Time:  0.0765 Epoch: 003 Iter:  400/ 600 LR: 0.0001000000 Loss content:  0.0174 Loss fft:  0.8531 Loss dta_rank:  0.0000 Loss dta_tv:  0.0365 Loss dta_proxy:  0.6473 Loss dta_trans:  0.0081 Loss dta_phys:  0.0073 Loss dta_preserve:  0.0054
Time:  0.0793 Epoch: 003 Iter:  450/ 600 LR: 0.0001000000 Loss content:  0.0166 Loss fft:  0.8096 Loss dta_rank:  0.0000 Loss dta_tv:  0.0357 Loss dta_proxy:  0.6390 Loss dta_trans:  0.0079 Loss dta_phys:  0.0068 Loss dta_preserve:  0.0050
Time:  0.0766 Epoch: 003 Iter:  500/ 600 LR: 0.0001000000 Loss content:  0.0161 Loss fft:  0.7717 Loss dta_rank:  0.0000 Loss dta_tv:  0.0340 Loss dta_proxy:  0.6462 Loss dta_trans:  0.0069 Loss dta_phys:  0.0066 Loss dta_preserve:  0.0052
Time:  0.0704 Epoch: 003 Iter:  550/ 600 LR: 0.0001000000 Loss content:  0.0174 Loss fft:  0.8225 Loss dta_rank:  0.0000 Loss dta_tv:  0.0354 Loss dta_proxy:  0.6517 Loss dta_trans:  0.0072 Loss dta_phys:  0.0071 Loss dta_preserve:  0.0064
Time:  0.0772 Epoch: 003 Iter:  600/ 600 LR: 0.0001000000 Loss content:  0.0172 Loss fft:  0.8259 Loss dta_rank:  0.0000 Loss dta_tv:  0.0352 Loss dta_proxy:  0.6419 Loss dta_trans:  0.0069 Loss dta_phys:  0.0067 Loss dta_preserve:  0.0047
EPOCH: 03
Elapsed time: 0.92 Epoch Pixel Loss:  0.0171 Epoch FFT Loss:  0.8227 Epoch DTA Rank:  0.0000 Epoch DTA TV:  0.0359 Epoch DTA Proxy:  0.6405 Epoch DTA Trans:  0.0078 Epoch DTA Phys:  0.0069 Epoch DTA Preserve:  0.0055
/sda/home/wangyuxin/ConvIR-B/envs/convir-cu121/lib/python3.10/site-packages/torch/optim/lr_scheduler.py:1087: UserWarning: To get the last learning rate computed by the scheduler, please use `get_last_lr()`.
  _warn_get_lr_called_within_step(self)
DTA_GATE_RAMP epoch=4 gate_limit=0.030000
Time:  0.0814 Epoch: 004 Iter:   50/ 600 LR: 0.0001000000 Loss content:  0.0168 Loss fft:  0.8011 Loss dta_rank:  0.0000 Loss dta_tv:  0.0344 Loss dta_proxy:  0.6438 Loss dta_trans:  0.0088 Loss dta_phys:  0.0076 Loss dta_preserve:  0.0056
Time:  0.0731 Epoch: 004 Iter:  100/ 600 LR: 0.0001000000 Loss content:  0.0165 Loss fft:  0.8166 Loss dta_rank:  0.0000 Loss dta_tv:  0.0344 Loss dta_proxy:  0.6389 Loss dta_trans:  0.0067 Loss dta_phys:  0.0061 Loss dta_preserve:  0.0046
Time:  0.0754 Epoch: 004 Iter:  150/ 600 LR: 0.0001000000 Loss content:  0.0168 Loss fft:  0.8007 Loss dta_rank:  0.0000 Loss dta_tv:  0.0331 Loss dta_proxy:  0.6526 Loss dta_trans:  0.0073 Loss dta_phys:  0.0079 Loss dta_preserve:  0.0051
Time:  0.0714 Epoch: 004 Iter:  200/ 600 LR: 0.0001000000 Loss content:  0.0185 Loss fft:  0.8373 Loss dta_rank:  0.0000 Loss dta_tv:  0.0332 Loss dta_proxy:  0.6400 Loss dta_trans:  0.0068 Loss dta_phys:  0.0063 Loss dta_preserve:  0.0051
Time:  0.0737 Epoch: 004 Iter:  250/ 600 LR: 0.0001000000 Loss content:  0.0176 Loss fft:  0.8212 Loss dta_rank:  0.0000 Loss dta_tv:  0.0343 Loss dta_proxy:  0.6522 Loss dta_trans:  0.0065 Loss dta_phys:  0.0066 Loss dta_preserve:  0.0056
Time:  0.0727 Epoch: 004 Iter:  300/ 600 LR: 0.0001000000 Loss content:  0.0170 Loss fft:  0.8099 Loss dta_rank:  0.0000 Loss dta_tv:  0.0337 Loss dta_proxy:  0.6281 Loss dta_trans:  0.0068 Loss dta_phys:  0.0064 Loss dta_preserve:  0.0050
Time:  0.0769 Epoch: 004 Iter:  350/ 600 LR: 0.0001000000 Loss content:  0.0171 Loss fft:  0.8143 Loss dta_rank:  0.0000 Loss dta_tv:  0.0342 Loss dta_proxy:  0.6266 Loss dta_trans:  0.0069 Loss dta_phys:  0.0070 Loss dta_preserve:  0.0056
Time:  0.0773 Epoch: 004 Iter:  400/ 600 LR: 0.0001000000 Loss content:  0.0174 Loss fft:  0.8281 Loss dta_rank:  0.0000 Loss dta_tv:  0.0337 Loss dta_proxy:  0.6336 Loss dta_trans:  0.0071 Loss dta_phys:  0.0059 Loss dta_preserve:  0.0048
Time:  0.0763 Epoch: 004 Iter:  450/ 600 LR: 0.0001000000 Loss content:  0.0164 Loss fft:  0.8128 Loss dta_rank:  0.0000 Loss dta_tv:  0.0333 Loss dta_proxy:  0.6493 Loss dta_trans:  0.0068 Loss dta_phys:  0.0068 Loss dta_preserve:  0.0054
Time:  0.0743 Epoch: 004 Iter:  500/ 600 LR: 0.0001000000 Loss content:  0.0172 Loss fft:  0.8183 Loss dta_rank:  0.0000 Loss dta_tv:  0.0338 Loss dta_proxy:  0.6469 Loss dta_trans:  0.0069 Loss dta_phys:  0.0073 Loss dta_preserve:  0.0050
Time:  0.0758 Epoch: 004 Iter:  550/ 600 LR: 0.0001000000 Loss content:  0.0179 Loss fft:  0.8241 Loss dta_rank:  0.0000 Loss dta_tv:  0.0342 Loss dta_proxy:  0.6432 Loss dta_trans:  0.0060 Loss dta_phys:  0.0068 Loss dta_preserve:  0.0060
Time:  0.0709 Epoch: 004 Iter:  600/ 600 LR: 0.0001000000 Loss content:  0.0175 Loss fft:  0.8318 Loss dta_rank:  0.0000 Loss dta_tv:  0.0339 Loss dta_proxy:  0.6239 Loss dta_trans:  0.0065 Loss dta_phys:  0.0062 Loss dta_preserve:  0.0046
EPOCH: 04
Elapsed time: 0.90 Epoch Pixel Loss:  0.0172 Epoch FFT Loss:  0.8180 Epoch DTA Rank:  0.0000 Epoch DTA TV:  0.0339 Epoch DTA Proxy:  0.6399 Epoch DTA Trans:  0.0069 Epoch DTA Phys:  0.0067 Epoch DTA Preserve:  0.0052
DTA_GATE_RAMP epoch=5 gate_limit=0.030000
Time:  0.0817 Epoch: 005 Iter:   50/ 600 LR: 0.0000257500 Loss content:  0.0176 Loss fft:  0.8381 Loss dta_rank:  0.0000 Loss dta_tv:  0.0329 Loss dta_proxy:  0.6476 Loss dta_trans:  0.0068 Loss dta_phys:  0.0066 Loss dta_preserve:  0.0047
Time:  0.0660 Epoch: 005 Iter:  100/ 600 LR: 0.0000257500 Loss content:  0.0167 Loss fft:  0.8237 Loss dta_rank:  0.0000 Loss dta_tv:  0.0347 Loss dta_proxy:  0.6100 Loss dta_trans:  0.0064 Loss dta_phys:  0.0067 Loss dta_preserve:  0.0053
Time:  0.0749 Epoch: 005 Iter:  150/ 600 LR: 0.0000257500 Loss content:  0.0167 Loss fft:  0.8060 Loss dta_rank:  0.0000 Loss dta_tv:  0.0331 Loss dta_proxy:  0.6320 Loss dta_trans:  0.0061 Loss dta_phys:  0.0061 Loss dta_preserve:  0.0061
Time:  0.0741 Epoch: 005 Iter:  200/ 600 LR: 0.0000257500 Loss content:  0.0172 Loss fft:  0.8009 Loss dta_rank:  0.0000 Loss dta_tv:  0.0337 Loss dta_proxy:  0.6271 Loss dta_trans:  0.0072 Loss dta_phys:  0.0057 Loss dta_preserve:  0.0055
Time:  0.0729 Epoch: 005 Iter:  250/ 600 LR: 0.0000257500 Loss content:  0.0174 Loss fft:  0.8271 Loss dta_rank:  0.0000 Loss dta_tv:  0.0333 Loss dta_proxy:  0.6476 Loss dta_trans:  0.0063 Loss dta_phys:  0.0069 Loss dta_preserve:  0.0048
Time:  0.0736 Epoch: 005 Iter:  300/ 600 LR: 0.0000257500 Loss content:  0.0174 Loss fft:  0.8231 Loss dta_rank:  0.0000 Loss dta_tv:  0.0335 Loss dta_proxy:  0.6182 Loss dta_trans:  0.0066 Loss dta_phys:  0.0067 Loss dta_preserve:  0.0044
Time:  0.0720 Epoch: 005 Iter:  350/ 600 LR: 0.0000257500 Loss content:  0.0176 Loss fft:  0.8092 Loss dta_rank:  0.0000 Loss dta_tv:  0.0335 Loss dta_proxy:  0.6266 Loss dta_trans:  0.0067 Loss dta_phys:  0.0061 Loss dta_preserve:  0.0053
Time:  0.0656 Epoch: 005 Iter:  400/ 600 LR: 0.0000257500 Loss content:  0.0173 Loss fft:  0.8146 Loss dta_rank:  0.0000 Loss dta_tv:  0.0318 Loss dta_proxy:  0.6602 Loss dta_trans:  0.0070 Loss dta_phys:  0.0082 Loss dta_preserve:  0.0051
Time:  0.0762 Epoch: 005 Iter:  450/ 600 LR: 0.0000257500 Loss content:  0.0171 Loss fft:  0.8367 Loss dta_rank:  0.0000 Loss dta_tv:  0.0330 Loss dta_proxy:  0.6375 Loss dta_trans:  0.0063 Loss dta_phys:  0.0059 Loss dta_preserve:  0.0044
Time:  0.0774 Epoch: 005 Iter:  500/ 600 LR: 0.0000257500 Loss content:  0.0167 Loss fft:  0.8070 Loss dta_rank:  0.0000 Loss dta_tv:  0.0308 Loss dta_proxy:  0.6691 Loss dta_trans:  0.0056 Loss dta_phys:  0.0064 Loss dta_preserve:  0.0046
Time:  0.0765 Epoch: 005 Iter:  550/ 600 LR: 0.0000257500 Loss content:  0.0166 Loss fft:  0.7983 Loss dta_rank:  0.0000 Loss dta_tv:  0.0325 Loss dta_proxy:  0.6517 Loss dta_trans:  0.0071 Loss dta_phys:  0.0079 Loss dta_preserve:  0.0047
Time:  0.0762 Epoch: 005 Iter:  600/ 600 LR: 0.0000257500 Loss content:  0.0168 Loss fft:  0.7956 Loss dta_rank:  0.0000 Loss dta_tv:  0.0325 Loss dta_proxy:  0.6495 Loss dta_trans:  0.0063 Loss dta_phys:  0.0071 Loss dta_preserve:  0.0042
EPOCH: 05
Elapsed time: 0.89 Epoch Pixel Loss:  0.0171 Epoch FFT Loss:  0.8150 Epoch DTA Rank:  0.0000 Epoch DTA TV:  0.0329 Epoch DTA Proxy:  0.6398 Epoch DTA Trans:  0.0065 Epoch DTA Phys:  0.0067 Epoch DTA Preserve:  0.0049
