Namespace(model_name='ConvIR-Haze4K-DTA-v2-adapter_only-invert-seed3413-f2-oof20', data='Haze4K', version='base', fam_mode='original', arch='dta_v2', seed=3413, mode='train', data_dir='/sda/home/wangyuxin/ConvIR-B/datasets/Haze4K/Haze4K', batch_size=4, learning_rate=0.0001, weight_decay=0.0, num_epoch=20, stop_epoch=20, print_freq=50, num_worker=4, save_freq=5, valid_freq=9999, mod_stats_freq=5, mod_stats_batches=16, grad_clip_norm=0.001, dta_grad_clip_norm=0.05, dta_neighbor_grad_clip_norm=0.005, init_model='/sda/home/wangyuxin/ConvIR-B/checkpoints/official/Haze4K/haze4k-base.pkl', init_model_partial=True, partial_new_prefixes='DTA.', resume='', train_scope='adapter_only', dta_depth_cache_dir='/sda/home/wangyuxin/ConvIR-B/depth_cache/depth_anything_v2_small_hf', dta_train_depth_split='train', dta_eval_depth_split='train', valid_root_split='train', eval_root_split='test', dta_require_depth=True, dta_variant='v2', dta_depth_mode='invert', dta_prior_channels=32, dta_gate_bias=-6.0, dta_gate_limit=0.06, dta_gamma_limit=0.12, dta_beta_limit=0.06, dta_alpha_init=1.0, dta_confidence_floor=0.25, dta_confidence_local_scale=6.0, dta_output_residual_scale=0.03, dta_use_trans_gt=True, dta_trans_weight=0.02, dta_phys_weight=0.005, dta_preserve_weight=0.02, dta_preserve_trans_thresh=0.8, dta_gate_ramp_start=0.01, dta_gate_ramp_mid=0.03, dta_gate_ramp_end=0.06, dta_gate_ramp_warmup_epochs=2, dta_gate_ramp_mid_epochs=8, dta_rank_weight=0.001, dta_tv_weight=0.0001, dta_proxy_weight=0.0, dta_rank_pairs=512, dta_rank_min_depth_gap=0.03, split_json='/sda/home/wangyuxin/ConvIR-B/repos/ConvIR-B-dta-v2-calibrated/experience_docx/experiment_logs/haze4k_dta_v2_calibrated_20260611/dta_v2_haze4k_oof_splits_seed3407.json', split_name='fold2_train', test_model='', save_image=False, leaning_rate=0.0001, model_save_dir='results/ConvIR-Haze4K-DTA-v2-adapter_only-invert-seed3413-f2-oof20/Training-Results/', result_dir='results/ConvIR-Haze4K-DTA-v2-adapter_only-invert-seed3413-f2-oof20/images/Haze4K', init_model_sha256='6f42037d57a4e3de3a10ac0ab909d66a3415864a19433c29204a975f4efa4088')
/sda/home/wangyuxin/ConvIR-B/repos/ConvIR-B-dta-v2-calibrated/Dehazing/ITS/main.py:14: FutureWarning: You are using `torch.load` with `weights_only=False` (the current default value), which uses the default pickle module implicitly. It is possible to construct malicious pickle data which will execute arbitrary code during unpickling (See https://github.com/pytorch/pytorch/blob/main/SECURITY.md#untrusted-models for more details). In a future release, the default value for `weights_only` will be flipped to `True`. This limits the functions that could be executed during unpickling. Arbitrary objects will no longer be allowed to be loaded via this mode unless they are explicitly allowlisted by the user via `torch.serialization.add_safe_globals`. We recommend you start setting `weights_only=True` for any use case where you don't have full control of the loaded file. Please open an issue on GitHub for any issues related to this experimental feature.
  state = torch.load(path, map_location=map_location)
INIT_MODEL_PARTIAL_LOAD path=/sda/home/wangyuxin/ConvIR-B/checkpoints/official/Haze4K/haze4k-base.pkl loaded=602 missing_allowed=25 unexpected=[] allowed_new_prefixes=('DTA.',)
TRAIN_SCOPE scope=adapter_only arch=dta_v2 trainable=74699 total=8705364
/sda/home/wangyuxin/ConvIR-B/envs/convir-cu121/lib/python3.10/site-packages/torch/optim/lr_scheduler.py:224: UserWarning: Detected call of `lr_scheduler.step()` before `optimizer.step()`. In PyTorch 1.1.0 and later, you should call them in the opposite order: `optimizer.step()` before `lr_scheduler.step()`.  Failure to do this will result in PyTorch skipping the first value of the learning rate schedule. See more details at https://pytorch.org/docs/stable/optim.html#how-to-adjust-learning-rate
  warnings.warn(
DTA_GATE_RAMP epoch=1 gate_limit=0.010000
Time:  0.1068 Epoch: 001 Iter:   50/ 600 LR: 0.0000333333 Loss content:  0.0168 Loss fft:  0.8305 Loss dta_rank:  0.6945 Loss dta_tv:  0.0037 Loss dta_proxy:  0.1279 Loss dta_trans:  0.0416 Loss dta_phys:  0.0074 Loss dta_preserve:  0.0062
Time:  0.0854 Epoch: 001 Iter:  100/ 600 LR: 0.0000333333 Loss content:  0.0177 Loss fft:  0.8207 Loss dta_rank:  0.6947 Loss dta_tv:  0.0087 Loss dta_proxy:  0.1254 Loss dta_trans:  0.0376 Loss dta_phys:  0.0076 Loss dta_preserve:  0.0053
Time:  0.0769 Epoch: 001 Iter:  150/ 600 LR: 0.0000333333 Loss content:  0.0164 Loss fft:  0.8009 Loss dta_rank:  0.6932 Loss dta_tv:  0.0143 Loss dta_proxy:  0.1450 Loss dta_trans:  0.0346 Loss dta_phys:  0.0100 Loss dta_preserve:  0.0055
Time:  0.0729 Epoch: 001 Iter:  200/ 600 LR: 0.0000333333 Loss content:  0.0171 Loss fft:  0.8162 Loss dta_rank:  0.6890 Loss dta_tv:  0.0175 Loss dta_proxy:  0.1625 Loss dta_trans:  0.0297 Loss dta_phys:  0.0089 Loss dta_preserve:  0.0042
Time:  0.0754 Epoch: 001 Iter:  250/ 600 LR: 0.0000333333 Loss content:  0.0172 Loss fft:  0.8212 Loss dta_rank:  0.6826 Loss dta_tv:  0.0197 Loss dta_proxy:  0.1714 Loss dta_trans:  0.0268 Loss dta_phys:  0.0098 Loss dta_preserve:  0.0040
Time:  0.0733 Epoch: 001 Iter:  300/ 600 LR: 0.0000333333 Loss content:  0.0175 Loss fft:  0.8420 Loss dta_rank:  0.6725 Loss dta_tv:  0.0225 Loss dta_proxy:  0.1637 Loss dta_trans:  0.0228 Loss dta_phys:  0.0088 Loss dta_preserve:  0.0049
Time:  0.0721 Epoch: 001 Iter:  350/ 600 LR: 0.0000333333 Loss content:  0.0168 Loss fft:  0.8156 Loss dta_rank:  0.6623 Loss dta_tv:  0.0282 Loss dta_proxy:  0.1642 Loss dta_trans:  0.0208 Loss dta_phys:  0.0094 Loss dta_preserve:  0.0051
Time:  0.0724 Epoch: 001 Iter:  400/ 600 LR: 0.0000333333 Loss content:  0.0170 Loss fft:  0.8420 Loss dta_rank:  0.6532 Loss dta_tv:  0.0320 Loss dta_proxy:  0.1730 Loss dta_trans:  0.0160 Loss dta_phys:  0.0071 Loss dta_preserve:  0.0051
Time:  0.0664 Epoch: 001 Iter:  450/ 600 LR: 0.0000333333 Loss content:  0.0173 Loss fft:  0.8350 Loss dta_rank:  0.6455 Loss dta_tv:  0.0359 Loss dta_proxy:  0.1826 Loss dta_trans:  0.0138 Loss dta_phys:  0.0074 Loss dta_preserve:  0.0053
Time:  0.0641 Epoch: 001 Iter:  500/ 600 LR: 0.0000333333 Loss content:  0.0162 Loss fft:  0.7641 Loss dta_rank:  0.6397 Loss dta_tv:  0.0378 Loss dta_proxy:  0.1870 Loss dta_trans:  0.0132 Loss dta_phys:  0.0075 Loss dta_preserve:  0.0042
Time:  0.0716 Epoch: 001 Iter:  550/ 600 LR: 0.0000333333 Loss content:  0.0174 Loss fft:  0.8248 Loss dta_rank:  0.6300 Loss dta_tv:  0.0388 Loss dta_proxy:  0.1867 Loss dta_trans:  0.0108 Loss dta_phys:  0.0067 Loss dta_preserve:  0.0040
Time:  0.0802 Epoch: 001 Iter:  600/ 600 LR: 0.0000333333 Loss content:  0.0178 Loss fft:  0.7976 Loss dta_rank:  0.6330 Loss dta_tv:  0.0387 Loss dta_proxy:  0.2156 Loss dta_trans:  0.0104 Loss dta_phys:  0.0070 Loss dta_preserve:  0.0056
EPOCH: 01
Elapsed time: 0.92 Epoch Pixel Loss:  0.0171 Epoch FFT Loss:  0.8176 Epoch DTA Rank:  0.6658 Epoch DTA TV:  0.0248 Epoch DTA Proxy:  0.1671 Epoch DTA Trans:  0.0232 Epoch DTA Phys:  0.0081 Epoch DTA Preserve:  0.0050
DTA_GATE_RAMP epoch=2 gate_limit=0.010000
Time:  0.0768 Epoch: 002 Iter:   50/ 600 LR: 0.0000666667 Loss content:  0.0165 Loss fft:  0.8124 Loss dta_rank:  0.6262 Loss dta_tv:  0.0406 Loss dta_proxy:  0.1941 Loss dta_trans:  0.0121 Loss dta_phys:  0.0065 Loss dta_preserve:  0.0055
Time:  0.0653 Epoch: 002 Iter:  100/ 600 LR: 0.0000666667 Loss content:  0.0171 Loss fft:  0.8308 Loss dta_rank:  0.6239 Loss dta_tv:  0.0402 Loss dta_proxy:  0.2045 Loss dta_trans:  0.0119 Loss dta_phys:  0.0075 Loss dta_preserve:  0.0050
Time:  0.0637 Epoch: 002 Iter:  150/ 600 LR: 0.0000666667 Loss content:  0.0169 Loss fft:  0.8040 Loss dta_rank:  0.6240 Loss dta_tv:  0.0402 Loss dta_proxy:  0.2012 Loss dta_trans:  0.0102 Loss dta_phys:  0.0074 Loss dta_preserve:  0.0045
Time:  0.0653 Epoch: 002 Iter:  200/ 600 LR: 0.0000666667 Loss content:  0.0173 Loss fft:  0.8210 Loss dta_rank:  0.6201 Loss dta_tv:  0.0389 Loss dta_proxy:  0.2170 Loss dta_trans:  0.0096 Loss dta_phys:  0.0071 Loss dta_preserve:  0.0047
Time:  0.0640 Epoch: 002 Iter:  250/ 600 LR: 0.0000666667 Loss content:  0.0179 Loss fft:  0.8496 Loss dta_rank:  0.6197 Loss dta_tv:  0.0384 Loss dta_proxy:  0.2233 Loss dta_trans:  0.0085 Loss dta_phys:  0.0069 Loss dta_preserve:  0.0050
Time:  0.0662 Epoch: 002 Iter:  300/ 600 LR: 0.0000666667 Loss content:  0.0169 Loss fft:  0.8223 Loss dta_rank:  0.6192 Loss dta_tv:  0.0394 Loss dta_proxy:  0.2049 Loss dta_trans:  0.0092 Loss dta_phys:  0.0061 Loss dta_preserve:  0.0051
Time:  0.0776 Epoch: 002 Iter:  350/ 600 LR: 0.0000666667 Loss content:  0.0167 Loss fft:  0.8199 Loss dta_rank:  0.6160 Loss dta_tv:  0.0393 Loss dta_proxy:  0.2091 Loss dta_trans:  0.0099 Loss dta_phys:  0.0064 Loss dta_preserve:  0.0048
Time:  0.0795 Epoch: 002 Iter:  400/ 600 LR: 0.0000666667 Loss content:  0.0169 Loss fft:  0.8207 Loss dta_rank:  0.6133 Loss dta_tv:  0.0380 Loss dta_proxy:  0.2105 Loss dta_trans:  0.0081 Loss dta_phys:  0.0073 Loss dta_preserve:  0.0044
Time:  0.0743 Epoch: 002 Iter:  450/ 600 LR: 0.0000666667 Loss content:  0.0166 Loss fft:  0.8116 Loss dta_rank:  0.6152 Loss dta_tv:  0.0382 Loss dta_proxy:  0.2076 Loss dta_trans:  0.0088 Loss dta_phys:  0.0057 Loss dta_preserve:  0.0042
Time:  0.0684 Epoch: 002 Iter:  500/ 600 LR: 0.0000666667 Loss content:  0.0170 Loss fft:  0.8228 Loss dta_rank:  0.6173 Loss dta_tv:  0.0375 Loss dta_proxy:  0.2224 Loss dta_trans:  0.0094 Loss dta_phys:  0.0065 Loss dta_preserve:  0.0044
Time:  0.0702 Epoch: 002 Iter:  550/ 600 LR: 0.0000666667 Loss content:  0.0168 Loss fft:  0.8162 Loss dta_rank:  0.6156 Loss dta_tv:  0.0374 Loss dta_proxy:  0.2096 Loss dta_trans:  0.0082 Loss dta_phys:  0.0063 Loss dta_preserve:  0.0043
Time:  0.0748 Epoch: 002 Iter:  600/ 600 LR: 0.0000666667 Loss content:  0.0162 Loss fft:  0.7962 Loss dta_rank:  0.6151 Loss dta_tv:  0.0386 Loss dta_proxy:  0.2036 Loss dta_trans:  0.0083 Loss dta_phys:  0.0076 Loss dta_preserve:  0.0063
EPOCH: 02
Elapsed time: 0.85 Epoch Pixel Loss:  0.0169 Epoch FFT Loss:  0.8190 Epoch DTA Rank:  0.6188 Epoch DTA TV:  0.0389 Epoch DTA Proxy:  0.2090 Epoch DTA Trans:  0.0095 Epoch DTA Phys:  0.0068 Epoch DTA Preserve:  0.0048
DTA_GATE_RAMP epoch=3 gate_limit=0.030000
Time:  0.0775 Epoch: 003 Iter:   50/ 600 LR: 0.0001000000 Loss content:  0.0171 Loss fft:  0.8241 Loss dta_rank:  0.6189 Loss dta_tv:  0.0375 Loss dta_proxy:  0.2053 Loss dta_trans:  0.0080 Loss dta_phys:  0.0076 Loss dta_preserve:  0.0044
Time:  0.0763 Epoch: 003 Iter:  100/ 600 LR: 0.0001000000 Loss content:  0.0163 Loss fft:  0.7803 Loss dta_rank:  0.6089 Loss dta_tv:  0.0376 Loss dta_proxy:  0.2074 Loss dta_trans:  0.0097 Loss dta_phys:  0.0068 Loss dta_preserve:  0.0059
Time:  0.0736 Epoch: 003 Iter:  150/ 600 LR: 0.0001000000 Loss content:  0.0180 Loss fft:  0.8528 Loss dta_rank:  0.6120 Loss dta_tv:  0.0364 Loss dta_proxy:  0.2191 Loss dta_trans:  0.0069 Loss dta_phys:  0.0058 Loss dta_preserve:  0.0054
Time:  0.0757 Epoch: 003 Iter:  200/ 600 LR: 0.0001000000 Loss content:  0.0179 Loss fft:  0.8270 Loss dta_rank:  0.6149 Loss dta_tv:  0.0372 Loss dta_proxy:  0.2183 Loss dta_trans:  0.0076 Loss dta_phys:  0.0060 Loss dta_preserve:  0.0055
Time:  0.0797 Epoch: 003 Iter:  250/ 600 LR: 0.0001000000 Loss content:  0.0188 Loss fft:  0.8482 Loss dta_rank:  0.6125 Loss dta_tv:  0.0364 Loss dta_proxy:  0.2014 Loss dta_trans:  0.0082 Loss dta_phys:  0.0066 Loss dta_preserve:  0.0076
Time:  0.0787 Epoch: 003 Iter:  300/ 600 LR: 0.0001000000 Loss content:  0.0175 Loss fft:  0.8283 Loss dta_rank:  0.6113 Loss dta_tv:  0.0350 Loss dta_proxy:  0.2273 Loss dta_trans:  0.0071 Loss dta_phys:  0.0065 Loss dta_preserve:  0.0048
Time:  0.0781 Epoch: 003 Iter:  350/ 600 LR: 0.0001000000 Loss content:  0.0173 Loss fft:  0.8347 Loss dta_rank:  0.6081 Loss dta_tv:  0.0352 Loss dta_proxy:  0.2193 Loss dta_trans:  0.0082 Loss dta_phys:  0.0068 Loss dta_preserve:  0.0048
Time:  0.0769 Epoch: 003 Iter:  400/ 600 LR: 0.0001000000 Loss content:  0.0168 Loss fft:  0.8155 Loss dta_rank:  0.6107 Loss dta_tv:  0.0361 Loss dta_proxy:  0.2149 Loss dta_trans:  0.0088 Loss dta_phys:  0.0059 Loss dta_preserve:  0.0057
Time:  0.0796 Epoch: 003 Iter:  450/ 600 LR: 0.0001000000 Loss content:  0.0166 Loss fft:  0.8060 Loss dta_rank:  0.6118 Loss dta_tv:  0.0360 Loss dta_proxy:  0.2147 Loss dta_trans:  0.0088 Loss dta_phys:  0.0074 Loss dta_preserve:  0.0054
Time:  0.0775 Epoch: 003 Iter:  500/ 600 LR: 0.0001000000 Loss content:  0.0172 Loss fft:  0.8229 Loss dta_rank:  0.6135 Loss dta_tv:  0.0364 Loss dta_proxy:  0.2030 Loss dta_trans:  0.0076 Loss dta_phys:  0.0061 Loss dta_preserve:  0.0047
Time:  0.0783 Epoch: 003 Iter:  550/ 600 LR: 0.0001000000 Loss content:  0.0171 Loss fft:  0.8008 Loss dta_rank:  0.6154 Loss dta_tv:  0.0359 Loss dta_proxy:  0.2153 Loss dta_trans:  0.0081 Loss dta_phys:  0.0068 Loss dta_preserve:  0.0045
Time:  0.0757 Epoch: 003 Iter:  600/ 600 LR: 0.0001000000 Loss content:  0.0167 Loss fft:  0.8044 Loss dta_rank:  0.6160 Loss dta_tv:  0.0356 Loss dta_proxy:  0.2070 Loss dta_trans:  0.0069 Loss dta_phys:  0.0062 Loss dta_preserve:  0.0059
EPOCH: 03
Elapsed time: 0.93 Epoch Pixel Loss:  0.0173 Epoch FFT Loss:  0.8204 Epoch DTA Rank:  0.6128 Epoch DTA TV:  0.0363 Epoch DTA Proxy:  0.2127 Epoch DTA Trans:  0.0080 Epoch DTA Phys:  0.0065 Epoch DTA Preserve:  0.0054
/sda/home/wangyuxin/ConvIR-B/envs/convir-cu121/lib/python3.10/site-packages/torch/optim/lr_scheduler.py:1087: UserWarning: To get the last learning rate computed by the scheduler, please use `get_last_lr()`.
  _warn_get_lr_called_within_step(self)
DTA_GATE_RAMP epoch=4 gate_limit=0.030000
Time:  0.0804 Epoch: 004 Iter:   50/ 600 LR: 0.0001000000 Loss content:  0.0175 Loss fft:  0.8177 Loss dta_rank:  0.6056 Loss dta_tv:  0.0350 Loss dta_proxy:  0.2111 Loss dta_trans:  0.0070 Loss dta_phys:  0.0065 Loss dta_preserve:  0.0048
Time:  0.0788 Epoch: 004 Iter:  100/ 600 LR: 0.0001000000 Loss content:  0.0182 Loss fft:  0.8361 Loss dta_rank:  0.6120 Loss dta_tv:  0.0349 Loss dta_proxy:  0.2219 Loss dta_trans:  0.0076 Loss dta_phys:  0.0071 Loss dta_preserve:  0.0051
Time:  0.0756 Epoch: 004 Iter:  150/ 600 LR: 0.0001000000 Loss content:  0.0178 Loss fft:  0.8520 Loss dta_rank:  0.6126 Loss dta_tv:  0.0354 Loss dta_proxy:  0.2105 Loss dta_trans:  0.0078 Loss dta_phys:  0.0068 Loss dta_preserve:  0.0063
Time:  0.0734 Epoch: 004 Iter:  200/ 600 LR: 0.0001000000 Loss content:  0.0174 Loss fft:  0.8284 Loss dta_rank:  0.6145 Loss dta_tv:  0.0351 Loss dta_proxy:  0.2129 Loss dta_trans:  0.0080 Loss dta_phys:  0.0068 Loss dta_preserve:  0.0055
Time:  0.0738 Epoch: 004 Iter:  250/ 600 LR: 0.0001000000 Loss content:  0.0163 Loss fft:  0.8020 Loss dta_rank:  0.6081 Loss dta_tv:  0.0344 Loss dta_proxy:  0.2133 Loss dta_trans:  0.0071 Loss dta_phys:  0.0065 Loss dta_preserve:  0.0050
Time:  0.0735 Epoch: 004 Iter:  300/ 600 LR: 0.0001000000 Loss content:  0.0179 Loss fft:  0.8196 Loss dta_rank:  0.6103 Loss dta_tv:  0.0349 Loss dta_proxy:  0.2091 Loss dta_trans:  0.0071 Loss dta_phys:  0.0067 Loss dta_preserve:  0.0053
Time:  0.0753 Epoch: 004 Iter:  350/ 600 LR: 0.0001000000 Loss content:  0.0167 Loss fft:  0.8098 Loss dta_rank:  0.6071 Loss dta_tv:  0.0346 Loss dta_proxy:  0.2113 Loss dta_trans:  0.0071 Loss dta_phys:  0.0074 Loss dta_preserve:  0.0058
Time:  0.0753 Epoch: 004 Iter:  400/ 600 LR: 0.0001000000 Loss content:  0.0172 Loss fft:  0.7995 Loss dta_rank:  0.6104 Loss dta_tv:  0.0335 Loss dta_proxy:  0.2229 Loss dta_trans:  0.0072 Loss dta_phys:  0.0073 Loss dta_preserve:  0.0049
Time:  0.0730 Epoch: 004 Iter:  450/ 600 LR: 0.0001000000 Loss content:  0.0167 Loss fft:  0.8004 Loss dta_rank:  0.6065 Loss dta_tv:  0.0360 Loss dta_proxy:  0.1962 Loss dta_trans:  0.0073 Loss dta_phys:  0.0060 Loss dta_preserve:  0.0044
Time:  0.0741 Epoch: 004 Iter:  500/ 600 LR: 0.0001000000 Loss content:  0.0174 Loss fft:  0.8392 Loss dta_rank:  0.6071 Loss dta_tv:  0.0341 Loss dta_proxy:  0.2139 Loss dta_trans:  0.0061 Loss dta_phys:  0.0060 Loss dta_preserve:  0.0050
Time:  0.0743 Epoch: 004 Iter:  550/ 600 LR: 0.0001000000 Loss content:  0.0170 Loss fft:  0.8271 Loss dta_rank:  0.6080 Loss dta_tv:  0.0337 Loss dta_proxy:  0.2148 Loss dta_trans:  0.0065 Loss dta_phys:  0.0065 Loss dta_preserve:  0.0054
Time:  0.0700 Epoch: 004 Iter:  600/ 600 LR: 0.0001000000 Loss content:  0.0164 Loss fft:  0.7973 Loss dta_rank:  0.6094 Loss dta_tv:  0.0345 Loss dta_proxy:  0.2131 Loss dta_trans:  0.0079 Loss dta_phys:  0.0071 Loss dta_preserve:  0.0054
EPOCH: 04
Elapsed time: 0.90 Epoch Pixel Loss:  0.0172 Epoch FFT Loss:  0.8191 Epoch DTA Rank:  0.6093 Epoch DTA TV:  0.0347 Epoch DTA Proxy:  0.2126 Epoch DTA Trans:  0.0072 Epoch DTA Phys:  0.0067 Epoch DTA Preserve:  0.0052
DTA_GATE_RAMP epoch=5 gate_limit=0.030000
Time:  0.0777 Epoch: 005 Iter:   50/ 600 LR: 0.0000983215 Loss content:  0.0169 Loss fft:  0.8147 Loss dta_rank:  0.6091 Loss dta_tv:  0.0337 Loss dta_proxy:  0.2134 Loss dta_trans:  0.0064 Loss dta_phys:  0.0074 Loss dta_preserve:  0.0052
Time:  0.0768 Epoch: 005 Iter:  100/ 600 LR: 0.0000983215 Loss content:  0.0167 Loss fft:  0.8013 Loss dta_rank:  0.6069 Loss dta_tv:  0.0341 Loss dta_proxy:  0.2124 Loss dta_trans:  0.0064 Loss dta_phys:  0.0061 Loss dta_preserve:  0.0045
Time:  0.0723 Epoch: 005 Iter:  150/ 600 LR: 0.0000983215 Loss content:  0.0169 Loss fft:  0.8295 Loss dta_rank:  0.6084 Loss dta_tv:  0.0343 Loss dta_proxy:  0.2230 Loss dta_trans:  0.0074 Loss dta_phys:  0.0069 Loss dta_preserve:  0.0053
Time:  0.0753 Epoch: 005 Iter:  200/ 600 LR: 0.0000983215 Loss content:  0.0167 Loss fft:  0.8488 Loss dta_rank:  0.6048 Loss dta_tv:  0.0341 Loss dta_proxy:  0.2129 Loss dta_trans:  0.0065 Loss dta_phys:  0.0069 Loss dta_preserve:  0.0046
Time:  0.0705 Epoch: 005 Iter:  250/ 600 LR: 0.0000983215 Loss content:  0.0178 Loss fft:  0.9545 Loss dta_rank:  0.6055 Loss dta_tv:  0.0348 Loss dta_proxy:  0.2155 Loss dta_trans:  0.0073 Loss dta_phys:  0.0073 Loss dta_preserve:  0.0048
Time:  0.0713 Epoch: 005 Iter:  300/ 600 LR: 0.0000983215 Loss content:  0.0168 Loss fft:  0.8085 Loss dta_rank:  0.6052 Loss dta_tv:  0.0339 Loss dta_proxy:  0.2103 Loss dta_trans:  0.0063 Loss dta_phys:  0.0063 Loss dta_preserve:  0.0044
Time:  0.0725 Epoch: 005 Iter:  350/ 600 LR: 0.0000983215 Loss content:  0.0180 Loss fft:  0.8393 Loss dta_rank:  0.6049 Loss dta_tv:  0.0329 Loss dta_proxy:  0.2226 Loss dta_trans:  0.0073 Loss dta_phys:  0.0066 Loss dta_preserve:  0.0060
Time:  0.0757 Epoch: 005 Iter:  400/ 600 LR: 0.0000983215 Loss content:  0.0177 Loss fft:  0.8314 Loss dta_rank:  0.6102 Loss dta_tv:  0.0330 Loss dta_proxy:  0.2151 Loss dta_trans:  0.0062 Loss dta_phys:  0.0069 Loss dta_preserve:  0.0041
Time:  0.0748 Epoch: 005 Iter:  450/ 600 LR: 0.0000983215 Loss content:  0.0164 Loss fft:  0.7814 Loss dta_rank:  0.6090 Loss dta_tv:  0.0336 Loss dta_proxy:  0.2101 Loss dta_trans:  0.0068 Loss dta_phys:  0.0063 Loss dta_preserve:  0.0047
Time:  0.0779 Epoch: 005 Iter:  500/ 600 LR: 0.0000983215 Loss content:  0.0167 Loss fft:  0.8312 Loss dta_rank:  0.6057 Loss dta_tv:  0.0331 Loss dta_proxy:  0.2183 Loss dta_trans:  0.0065 Loss dta_phys:  0.0063 Loss dta_preserve:  0.0047
Time:  0.0738 Epoch: 005 Iter:  550/ 600 LR: 0.0000983215 Loss content:  0.0167 Loss fft:  0.7907 Loss dta_rank:  0.6094 Loss dta_tv:  0.0327 Loss dta_proxy:  0.2155 Loss dta_trans:  0.0068 Loss dta_phys:  0.0067 Loss dta_preserve:  0.0056
Time:  0.0727 Epoch: 005 Iter:  600/ 600 LR: 0.0000983215 Loss content:  0.0167 Loss fft:  0.7980 Loss dta_rank:  0.6081 Loss dta_tv:  0.0326 Loss dta_proxy:  0.2117 Loss dta_trans:  0.0082 Loss dta_phys:  0.0067 Loss dta_preserve:  0.0043
EPOCH: 05
Elapsed time: 0.90 Epoch Pixel Loss:  0.0170 Epoch FFT Loss:  0.8274 Epoch DTA Rank:  0.6073 Epoch DTA TV:  0.0336 Epoch DTA Proxy:  0.2151 Epoch DTA Trans:  0.0068 Epoch DTA Phys:  0.0067 Epoch DTA Preserve:  0.0048
DTA_GATE_RAMP epoch=6 gate_limit=0.030000
Time:  0.0782 Epoch: 006 Iter:   50/ 600 LR: 0.0000942212 Loss content:  0.0174 Loss fft:  0.8379 Loss dta_rank:  0.6072 Loss dta_tv:  0.0331 Loss dta_proxy:  0.2198 Loss dta_trans:  0.0062 Loss dta_phys:  0.0067 Loss dta_preserve:  0.0043
Time:  0.0728 Epoch: 006 Iter:  100/ 600 LR: 0.0000942212 Loss content:  0.0175 Loss fft:  0.8506 Loss dta_rank:  0.6029 Loss dta_tv:  0.0333 Loss dta_proxy:  0.2093 Loss dta_trans:  0.0063 Loss dta_phys:  0.0063 Loss dta_preserve:  0.0055
Time:  0.0726 Epoch: 006 Iter:  150/ 600 LR: 0.0000942212 Loss content:  0.0181 Loss fft:  0.8393 Loss dta_rank:  0.6085 Loss dta_tv:  0.0325 Loss dta_proxy:  0.2194 Loss dta_trans:  0.0057 Loss dta_phys:  0.0058 Loss dta_preserve:  0.0058
Time:  0.0747 Epoch: 006 Iter:  200/ 600 LR: 0.0000942212 Loss content:  0.0175 Loss fft:  0.8361 Loss dta_rank:  0.6076 Loss dta_tv:  0.0326 Loss dta_proxy:  0.2208 Loss dta_trans:  0.0063 Loss dta_phys:  0.0068 Loss dta_preserve:  0.0048
Time:  0.0740 Epoch: 006 Iter:  250/ 600 LR: 0.0000942212 Loss content:  0.0167 Loss fft:  0.8113 Loss dta_rank:  0.6038 Loss dta_tv:  0.0333 Loss dta_proxy:  0.2097 Loss dta_trans:  0.0062 Loss dta_phys:  0.0073 Loss dta_preserve:  0.0046
Time:  0.0694 Epoch: 006 Iter:  300/ 600 LR: 0.0000942212 Loss content:  0.0175 Loss fft:  0.7971 Loss dta_rank:  0.6066 Loss dta_tv:  0.0330 Loss dta_proxy:  0.2108 Loss dta_trans:  0.0069 Loss dta_phys:  0.0066 Loss dta_preserve:  0.0053
Time:  0.0704 Epoch: 006 Iter:  350/ 600 LR: 0.0000942212 Loss content:  0.0178 Loss fft:  0.8098 Loss dta_rank:  0.6090 Loss dta_tv:  0.0322 Loss dta_proxy:  0.2090 Loss dta_trans:  0.0064 Loss dta_phys:  0.0065 Loss dta_preserve:  0.0041
Time:  0.0732 Epoch: 006 Iter:  400/ 600 LR: 0.0000942212 Loss content:  0.0165 Loss fft:  0.8059 Loss dta_rank:  0.6083 Loss dta_tv:  0.0323 Loss dta_proxy:  0.2161 Loss dta_trans:  0.0063 Loss dta_phys:  0.0069 Loss dta_preserve:  0.0052
Time:  0.0754 Epoch: 006 Iter:  450/ 600 LR: 0.0000942212 Loss content:  0.0171 Loss fft:  0.8277 Loss dta_rank:  0.6115 Loss dta_tv:  0.0329 Loss dta_proxy:  0.2191 Loss dta_trans:  0.0070 Loss dta_phys:  0.0071 Loss dta_preserve:  0.0047
Time:  0.0739 Epoch: 006 Iter:  500/ 600 LR: 0.0000942212 Loss content:  0.0171 Loss fft:  0.7925 Loss dta_rank:  0.6081 Loss dta_tv:  0.0313 Loss dta_proxy:  0.2211 Loss dta_trans:  0.0066 Loss dta_phys:  0.0069 Loss dta_preserve:  0.0056
Time:  0.0711 Epoch: 006 Iter:  550/ 600 LR: 0.0000942212 Loss content:  0.0169 Loss fft:  0.7736 Loss dta_rank:  0.6054 Loss dta_tv:  0.0318 Loss dta_proxy:  0.2090 Loss dta_trans:  0.0067 Loss dta_phys:  0.0071 Loss dta_preserve:  0.0059
Time:  0.0727 Epoch: 006 Iter:  600/ 600 LR: 0.0000942212 Loss content:  0.0171 Loss fft:  0.8320 Loss dta_rank:  0.6051 Loss dta_tv:  0.0328 Loss dta_proxy:  0.2176 Loss dta_trans:  0.0069 Loss dta_phys:  0.0073 Loss dta_preserve:  0.0060
EPOCH: 06
Elapsed time: 0.88 Epoch Pixel Loss:  0.0173 Epoch FFT Loss:  0.8178 Epoch DTA Rank:  0.6070 Epoch DTA TV:  0.0326 Epoch DTA Proxy:  0.2151 Epoch DTA Trans:  0.0065 Epoch DTA Phys:  0.0068 Epoch DTA Preserve:  0.0052
DTA_GATE_RAMP epoch=7 gate_limit=0.030000
Time:  0.0795 Epoch: 007 Iter:   50/ 600 LR: 0.0000886874 Loss content:  0.0169 Loss fft:  0.8334 Loss dta_rank:  0.6021 Loss dta_tv:  0.0317 Loss dta_proxy:  0.2205 Loss dta_trans:  0.0058 Loss dta_phys:  0.0077 Loss dta_preserve:  0.0050
Time:  0.0720 Epoch: 007 Iter:  100/ 600 LR: 0.0000886874 Loss content:  0.0169 Loss fft:  0.8207 Loss dta_rank:  0.6047 Loss dta_tv:  0.0322 Loss dta_proxy:  0.2117 Loss dta_trans:  0.0062 Loss dta_phys:  0.0066 Loss dta_preserve:  0.0046
Time:  0.0749 Epoch: 007 Iter:  150/ 600 LR: 0.0000886874 Loss content:  0.0174 Loss fft:  0.8293 Loss dta_rank:  0.6064 Loss dta_tv:  0.0308 Loss dta_proxy:  0.2145 Loss dta_trans:  0.0060 Loss dta_phys:  0.0064 Loss dta_preserve:  0.0047
Time:  0.0714 Epoch: 007 Iter:  200/ 600 LR: 0.0000886874 Loss content:  0.0168 Loss fft:  0.7946 Loss dta_rank:  0.6040 Loss dta_tv:  0.0321 Loss dta_proxy:  0.2033 Loss dta_trans:  0.0071 Loss dta_phys:  0.0072 Loss dta_preserve:  0.0044
Time:  0.0647 Epoch: 007 Iter:  250/ 600 LR: 0.0000886874 Loss content:  0.0166 Loss fft:  0.8035 Loss dta_rank:  0.6072 Loss dta_tv:  0.0323 Loss dta_proxy:  0.1995 Loss dta_trans:  0.0062 Loss dta_phys:  0.0068 Loss dta_preserve:  0.0047
Time:  0.0677 Epoch: 007 Iter:  300/ 600 LR: 0.0000886874 Loss content:  0.0171 Loss fft:  0.8338 Loss dta_rank:  0.6060 Loss dta_tv:  0.0325 Loss dta_proxy:  0.2063 Loss dta_trans:  0.0070 Loss dta_phys:  0.0058 Loss dta_preserve:  0.0045
Time:  0.0722 Epoch: 007 Iter:  350/ 600 LR: 0.0000886874 Loss content:  0.0171 Loss fft:  0.8209 Loss dta_rank:  0.6012 Loss dta_tv:  0.0320 Loss dta_proxy:  0.2109 Loss dta_trans:  0.0058 Loss dta_phys:  0.0062 Loss dta_preserve:  0.0051
Time:  0.0682 Epoch: 007 Iter:  400/ 600 LR: 0.0000886874 Loss content:  0.0169 Loss fft:  0.8221 Loss dta_rank:  0.6052 Loss dta_tv:  0.0323 Loss dta_proxy:  0.2109 Loss dta_trans:  0.0061 Loss dta_phys:  0.0068 Loss dta_preserve:  0.0047
Time:  0.0700 Epoch: 007 Iter:  450/ 600 LR: 0.0000886874 Loss content:  0.0175 Loss fft:  0.8146 Loss dta_rank:  0.6045 Loss dta_tv:  0.0312 Loss dta_proxy:  0.2147 Loss dta_trans:  0.0063 Loss dta_phys:  0.0071 Loss dta_preserve:  0.0058
Time:  0.0745 Epoch: 007 Iter:  500/ 600 LR: 0.0000886874 Loss content:  0.0170 Loss fft:  0.8296 Loss dta_rank:  0.5996 Loss dta_tv:  0.0323 Loss dta_proxy:  0.2033 Loss dta_trans:  0.0058 Loss dta_phys:  0.0062 Loss dta_preserve:  0.0054
Time:  0.0744 Epoch: 007 Iter:  550/ 600 LR: 0.0000886874 Loss content:  0.0178 Loss fft:  0.8055 Loss dta_rank:  0.6066 Loss dta_tv:  0.0311 Loss dta_proxy:  0.2198 Loss dta_trans:  0.0072 Loss dta_phys:  0.0077 Loss dta_preserve:  0.0057
Time:  0.0764 Epoch: 007 Iter:  600/ 600 LR: 0.0000886874 Loss content:  0.0169 Loss fft:  0.8206 Loss dta_rank:  0.6085 Loss dta_tv:  0.0317 Loss dta_proxy:  0.2081 Loss dta_trans:  0.0067 Loss dta_phys:  0.0070 Loss dta_preserve:  0.0049
EPOCH: 07
Elapsed time: 0.87 Epoch Pixel Loss:  0.0171 Epoch FFT Loss:  0.8191 Epoch DTA Rank:  0.6047 Epoch DTA TV:  0.0318 Epoch DTA Proxy:  0.2103 Epoch DTA Trans:  0.0063 Epoch DTA Phys:  0.0068 Epoch DTA Preserve:  0.0050
DTA_GATE_RAMP epoch=8 gate_limit=0.030000
Time:  0.0744 Epoch: 008 Iter:   50/ 600 LR: 0.0000819070 Loss content:  0.0170 Loss fft:  0.7900 Loss dta_rank:  0.6090 Loss dta_tv:  0.0305 Loss dta_proxy:  0.2180 Loss dta_trans:  0.0063 Loss dta_phys:  0.0065 Loss dta_preserve:  0.0045
Time:  0.0658 Epoch: 008 Iter:  100/ 600 LR: 0.0000819070 Loss content:  0.0167 Loss fft:  0.8053 Loss dta_rank:  0.6018 Loss dta_tv:  0.0317 Loss dta_proxy:  0.2070 Loss dta_trans:  0.0070 Loss dta_phys:  0.0070 Loss dta_preserve:  0.0047
Time:  0.0690 Epoch: 008 Iter:  150/ 600 LR: 0.0000819070 Loss content:  0.0171 Loss fft:  0.8268 Loss dta_rank:  0.6032 Loss dta_tv:  0.0309 Loss dta_proxy:  0.2146 Loss dta_trans:  0.0054 Loss dta_phys:  0.0066 Loss dta_preserve:  0.0059
Time:  0.0667 Epoch: 008 Iter:  200/ 600 LR: 0.0000819070 Loss content:  0.0167 Loss fft:  0.8148 Loss dta_rank:  0.6028 Loss dta_tv:  0.0316 Loss dta_proxy:  0.2011 Loss dta_trans:  0.0064 Loss dta_phys:  0.0067 Loss dta_preserve:  0.0038
Time:  0.0692 Epoch: 008 Iter:  250/ 600 LR: 0.0000819070 Loss content:  0.0176 Loss fft:  0.8219 Loss dta_rank:  0.6041 Loss dta_tv:  0.0312 Loss dta_proxy:  0.2097 Loss dta_trans:  0.0065 Loss dta_phys:  0.0065 Loss dta_preserve:  0.0043
Time:  0.0685 Epoch: 008 Iter:  300/ 600 LR: 0.0000819070 Loss content:  0.0167 Loss fft:  0.8162 Loss dta_rank:  0.6080 Loss dta_tv:  0.0311 Loss dta_proxy:  0.2065 Loss dta_trans:  0.0061 Loss dta_phys:  0.0061 Loss dta_preserve:  0.0050
Time:  0.0669 Epoch: 008 Iter:  350/ 600 LR: 0.0000819070 Loss content:  0.0169 Loss fft:  0.7804 Loss dta_rank:  0.6050 Loss dta_tv:  0.0303 Loss dta_proxy:  0.2170 Loss dta_trans:  0.0065 Loss dta_phys:  0.0074 Loss dta_preserve:  0.0047
Time:  0.0764 Epoch: 008 Iter:  400/ 600 LR: 0.0000819070 Loss content:  0.0167 Loss fft:  0.8239 Loss dta_rank:  0.6060 Loss dta_tv:  0.0314 Loss dta_proxy:  0.1979 Loss dta_trans:  0.0071 Loss dta_phys:  0.0066 Loss dta_preserve:  0.0045
Time:  0.0779 Epoch: 008 Iter:  450/ 600 LR: 0.0000819070 Loss content:  0.0170 Loss fft:  0.8308 Loss dta_rank:  0.6014 Loss dta_tv:  0.0307 Loss dta_proxy:  0.2117 Loss dta_trans:  0.0057 Loss dta_phys:  0.0069 Loss dta_preserve:  0.0052
Time:  0.0729 Epoch: 008 Iter:  500/ 600 LR: 0.0000819070 Loss content:  0.0174 Loss fft:  0.8362 Loss dta_rank:  0.6124 Loss dta_tv:  0.0314 Loss dta_proxy:  0.2118 Loss dta_trans:  0.0058 Loss dta_phys:  0.0077 Loss dta_preserve:  0.0044
Time:  0.0731 Epoch: 008 Iter:  550/ 600 LR: 0.0000819070 Loss content:  0.0179 Loss fft:  0.8419 Loss dta_rank:  0.6102 Loss dta_tv:  0.0312 Loss dta_proxy:  0.2179 Loss dta_trans:  0.0071 Loss dta_phys:  0.0067 Loss dta_preserve:  0.0059
Time:  0.0758 Epoch: 008 Iter:  600/ 600 LR: 0.0000819070 Loss content:  0.0172 Loss fft:  0.8454 Loss dta_rank:  0.6081 Loss dta_tv:  0.0317 Loss dta_proxy:  0.1963 Loss dta_trans:  0.0057 Loss dta_phys:  0.0062 Loss dta_preserve:  0.0048
EPOCH: 08
Elapsed time: 0.86 Epoch Pixel Loss:  0.0171 Epoch FFT Loss:  0.8195 Epoch DTA Rank:  0.6060 Epoch DTA TV:  0.0311 Epoch DTA Proxy:  0.2091 Epoch DTA Trans:  0.0063 Epoch DTA Phys:  0.0067 Epoch DTA Preserve:  0.0048
DTA_GATE_RAMP epoch=9 gate_limit=0.060000
Time:  0.0813 Epoch: 009 Iter:   50/ 600 LR: 0.0000741093 Loss content:  0.0169 Loss fft:  0.7931 Loss dta_rank:  0.6048 Loss dta_tv:  0.0310 Loss dta_proxy:  0.2031 Loss dta_trans:  0.0060 Loss dta_phys:  0.0068 Loss dta_preserve:  0.0054
Time:  0.0683 Epoch: 009 Iter:  100/ 600 LR: 0.0000741093 Loss content:  0.0172 Loss fft:  0.8159 Loss dta_rank:  0.6040 Loss dta_tv:  0.0306 Loss dta_proxy:  0.2097 Loss dta_trans:  0.0058 Loss dta_phys:  0.0067 Loss dta_preserve:  0.0049
Time:  0.0626 Epoch: 009 Iter:  150/ 600 LR: 0.0000741093 Loss content:  0.0169 Loss fft:  0.8405 Loss dta_rank:  0.6027 Loss dta_tv:  0.0309 Loss dta_proxy:  0.2046 Loss dta_trans:  0.0060 Loss dta_phys:  0.0060 Loss dta_preserve:  0.0041
Time:  0.0705 Epoch: 009 Iter:  200/ 600 LR: 0.0000741093 Loss content:  0.0161 Loss fft:  0.7784 Loss dta_rank:  0.6064 Loss dta_tv:  0.0313 Loss dta_proxy:  0.1983 Loss dta_trans:  0.0071 Loss dta_phys:  0.0071 Loss dta_preserve:  0.0049
Time:  0.0748 Epoch: 009 Iter:  250/ 600 LR: 0.0000741093 Loss content:  0.0164 Loss fft:  0.8025 Loss dta_rank:  0.6103 Loss dta_tv:  0.0307 Loss dta_proxy:  0.2218 Loss dta_trans:  0.0062 Loss dta_phys:  0.0073 Loss dta_preserve:  0.0048
Time:  0.0774 Epoch: 009 Iter:  300/ 600 LR: 0.0000741093 Loss content:  0.0174 Loss fft:  0.8474 Loss dta_rank:  0.6011 Loss dta_tv:  0.0307 Loss dta_proxy:  0.2080 Loss dta_trans:  0.0066 Loss dta_phys:  0.0065 Loss dta_preserve:  0.0052
Time:  0.0800 Epoch: 009 Iter:  350/ 600 LR: 0.0000741093 Loss content:  0.0178 Loss fft:  0.8074 Loss dta_rank:  0.6042 Loss dta_tv:  0.0306 Loss dta_proxy:  0.2076 Loss dta_trans:  0.0062 Loss dta_phys:  0.0065 Loss dta_preserve:  0.0050
Time:  0.0699 Epoch: 009 Iter:  400/ 600 LR: 0.0000741093 Loss content:  0.0164 Loss fft:  0.8104 Loss dta_rank:  0.6040 Loss dta_tv:  0.0308 Loss dta_proxy:  0.2140 Loss dta_trans:  0.0054 Loss dta_phys:  0.0067 Loss dta_preserve:  0.0044
Time:  0.0654 Epoch: 009 Iter:  450/ 600 LR: 0.0000741093 Loss content:  0.0172 Loss fft:  0.8241 Loss dta_rank:  0.5956 Loss dta_tv:  0.0310 Loss dta_proxy:  0.2058 Loss dta_trans:  0.0063 Loss dta_phys:  0.0064 Loss dta_preserve:  0.0044
Time:  0.0721 Epoch: 009 Iter:  500/ 600 LR: 0.0000741093 Loss content:  0.0171 Loss fft:  0.8215 Loss dta_rank:  0.6054 Loss dta_tv:  0.0313 Loss dta_proxy:  0.2053 Loss dta_trans:  0.0064 Loss dta_phys:  0.0068 Loss dta_preserve:  0.0053
Time:  0.0740 Epoch: 009 Iter:  550/ 600 LR: 0.0000741093 Loss content:  0.0174 Loss fft:  0.8417 Loss dta_rank:  0.5954 Loss dta_tv:  0.0315 Loss dta_proxy:  0.2018 Loss dta_trans:  0.0057 Loss dta_phys:  0.0066 Loss dta_preserve:  0.0046
Time:  0.0749 Epoch: 009 Iter:  600/ 600 LR: 0.0000741093 Loss content:  0.0167 Loss fft:  0.8116 Loss dta_rank:  0.6039 Loss dta_tv:  0.0309 Loss dta_proxy:  0.2035 Loss dta_trans:  0.0071 Loss dta_phys:  0.0072 Loss dta_preserve:  0.0053
EPOCH: 09
Elapsed time: 0.87 Epoch Pixel Loss:  0.0170 Epoch FFT Loss:  0.8162 Epoch DTA Rank:  0.6031 Epoch DTA TV:  0.0309 Epoch DTA Proxy:  0.2069 Epoch DTA Trans:  0.0062 Epoch DTA Phys:  0.0067 Epoch DTA Preserve:  0.0048
DTA_GATE_RAMP epoch=10 gate_limit=0.060000
Time:  0.0797 Epoch: 010 Iter:   50/ 600 LR: 0.0000655580 Loss content:  0.0171 Loss fft:  0.8316 Loss dta_rank:  0.6055 Loss dta_tv:  0.0301 Loss dta_proxy:  0.2161 Loss dta_trans:  0.0059 Loss dta_phys:  0.0065 Loss dta_preserve:  0.0050
Time:  0.0770 Epoch: 010 Iter:  100/ 600 LR: 0.0000655580 Loss content:  0.0176 Loss fft:  0.8289 Loss dta_rank:  0.6071 Loss dta_tv:  0.0294 Loss dta_proxy:  0.2011 Loss dta_trans:  0.0053 Loss dta_phys:  0.0066 Loss dta_preserve:  0.0055
Time:  0.0769 Epoch: 010 Iter:  150/ 600 LR: 0.0000655580 Loss content:  0.0168 Loss fft:  0.8106 Loss dta_rank:  0.6021 Loss dta_tv:  0.0302 Loss dta_proxy:  0.2117 Loss dta_trans:  0.0061 Loss dta_phys:  0.0068 Loss dta_preserve:  0.0050
Time:  0.0756 Epoch: 010 Iter:  200/ 600 LR: 0.0000655580 Loss content:  0.0179 Loss fft:  0.8418 Loss dta_rank:  0.6084 Loss dta_tv:  0.0307 Loss dta_proxy:  0.2087 Loss dta_trans:  0.0071 Loss dta_phys:  0.0071 Loss dta_preserve:  0.0053
Time:  0.0766 Epoch: 010 Iter:  250/ 600 LR: 0.0000655580 Loss content:  0.0169 Loss fft:  0.8165 Loss dta_rank:  0.6069 Loss dta_tv:  0.0301 Loss dta_proxy:  0.2085 Loss dta_trans:  0.0058 Loss dta_phys:  0.0065 Loss dta_preserve:  0.0059
Time:  0.0775 Epoch: 010 Iter:  300/ 600 LR: 0.0000655580 Loss content:  0.0166 Loss fft:  0.7899 Loss dta_rank:  0.6033 Loss dta_tv:  0.0301 Loss dta_proxy:  0.1996 Loss dta_trans:  0.0057 Loss dta_phys:  0.0062 Loss dta_preserve:  0.0054
Time:  0.0750 Epoch: 010 Iter:  350/ 600 LR: 0.0000655580 Loss content:  0.0167 Loss fft:  0.8276 Loss dta_rank:  0.5980 Loss dta_tv:  0.0302 Loss dta_proxy:  0.2056 Loss dta_trans:  0.0053 Loss dta_phys:  0.0067 Loss dta_preserve:  0.0085
Time:  0.0610 Epoch: 010 Iter:  400/ 600 LR: 0.0000655580 Loss content:  0.0171 Loss fft:  0.8337 Loss dta_rank:  0.6007 Loss dta_tv:  0.0302 Loss dta_proxy:  0.2088 Loss dta_trans:  0.0059 Loss dta_phys:  0.0064 Loss dta_preserve:  0.0064
Time:  0.0628 Epoch: 010 Iter:  450/ 600 LR: 0.0000655580 Loss content:  0.0167 Loss fft:  0.8074 Loss dta_rank:  0.6067 Loss dta_tv:  0.0304 Loss dta_proxy:  0.2093 Loss dta_trans:  0.0060 Loss dta_phys:  0.0068 Loss dta_preserve:  0.0058
Time:  0.0643 Epoch: 010 Iter:  500/ 600 LR: 0.0000655580 Loss content:  0.0171 Loss fft:  0.7987 Loss dta_rank:  0.6033 Loss dta_tv:  0.0297 Loss dta_proxy:  0.2082 Loss dta_trans:  0.0075 Loss dta_phys:  0.0069 Loss dta_preserve:  0.0050
Time:  0.0669 Epoch: 010 Iter:  550/ 600 LR: 0.0000655580 Loss content:  0.0169 Loss fft:  0.7812 Loss dta_rank:  0.6040 Loss dta_tv:  0.0303 Loss dta_proxy:  0.1983 Loss dta_trans:  0.0065 Loss dta_phys:  0.0073 Loss dta_preserve:  0.0053
Time:  0.0738 Epoch: 010 Iter:  600/ 600 LR: 0.0000655580 Loss content:  0.0174 Loss fft:  0.8545 Loss dta_rank:  0.6074 Loss dta_tv:  0.0303 Loss dta_proxy:  0.2124 Loss dta_trans:  0.0064 Loss dta_phys:  0.0069 Loss dta_preserve:  0.0044
EPOCH: 10
Elapsed time: 0.87 Epoch Pixel Loss:  0.0171 Epoch FFT Loss:  0.8185 Epoch DTA Rank:  0.6044 Epoch DTA TV:  0.0301 Epoch DTA Proxy:  0.2074 Epoch DTA Trans:  0.0061 Epoch DTA Phys:  0.0067 Epoch DTA Preserve:  0.0056
DTA_GATE_RAMP epoch=11 gate_limit=0.060000
Time:  0.0810 Epoch: 011 Iter:   50/ 600 LR: 0.0000565424 Loss content:  0.0164 Loss fft:  0.8196 Loss dta_rank:  0.6022 Loss dta_tv:  0.0300 Loss dta_proxy:  0.2017 Loss dta_trans:  0.0053 Loss dta_phys:  0.0064 Loss dta_preserve:  0.0038
Time:  0.0747 Epoch: 011 Iter:  100/ 600 LR: 0.0000565424 Loss content:  0.0168 Loss fft:  0.8299 Loss dta_rank:  0.6036 Loss dta_tv:  0.0311 Loss dta_proxy:  0.1995 Loss dta_trans:  0.0063 Loss dta_phys:  0.0060 Loss dta_preserve:  0.0046
Time:  0.0768 Epoch: 011 Iter:  150/ 600 LR: 0.0000565424 Loss content:  0.0176 Loss fft:  0.8003 Loss dta_rank:  0.6056 Loss dta_tv:  0.0296 Loss dta_proxy:  0.2094 Loss dta_trans:  0.0061 Loss dta_phys:  0.0067 Loss dta_preserve:  0.0050
Time:  0.0761 Epoch: 011 Iter:  200/ 600 LR: 0.0000565424 Loss content:  0.0173 Loss fft:  0.8145 Loss dta_rank:  0.6054 Loss dta_tv:  0.0294 Loss dta_proxy:  0.2120 Loss dta_trans:  0.0052 Loss dta_phys:  0.0069 Loss dta_preserve:  0.0048
Time:  0.0744 Epoch: 011 Iter:  250/ 600 LR: 0.0000565424 Loss content:  0.0176 Loss fft:  0.8424 Loss dta_rank:  0.6047 Loss dta_tv:  0.0306 Loss dta_proxy:  0.2089 Loss dta_trans:  0.0061 Loss dta_phys:  0.0072 Loss dta_preserve:  0.0051
Time:  0.0650 Epoch: 011 Iter:  300/ 600 LR: 0.0000565424 Loss content:  0.0174 Loss fft:  0.8321 Loss dta_rank:  0.6035 Loss dta_tv:  0.0304 Loss dta_proxy:  0.2084 Loss dta_trans:  0.0061 Loss dta_phys:  0.0072 Loss dta_preserve:  0.0055
Time:  0.0801 Epoch: 011 Iter:  350/ 600 LR: 0.0000565424 Loss content:  0.0166 Loss fft:  0.7829 Loss dta_rank:  0.6033 Loss dta_tv:  0.0301 Loss dta_proxy:  0.2079 Loss dta_trans:  0.0064 Loss dta_phys:  0.0071 Loss dta_preserve:  0.0057
Time:  0.0742 Epoch: 011 Iter:  400/ 600 LR: 0.0000565424 Loss content:  0.0177 Loss fft:  0.8465 Loss dta_rank:  0.6046 Loss dta_tv:  0.0292 Loss dta_proxy:  0.2174 Loss dta_trans:  0.0056 Loss dta_phys:  0.0065 Loss dta_preserve:  0.0041
Time:  0.0671 Epoch: 011 Iter:  450/ 600 LR: 0.0000565424 Loss content:  0.0167 Loss fft:  0.7924 Loss dta_rank:  0.6028 Loss dta_tv:  0.0301 Loss dta_proxy:  0.2046 Loss dta_trans:  0.0070 Loss dta_phys:  0.0074 Loss dta_preserve:  0.0051
Time:  0.0733 Epoch: 011 Iter:  500/ 600 LR: 0.0000565424 Loss content:  0.0172 Loss fft:  0.8177 Loss dta_rank:  0.6008 Loss dta_tv:  0.0298 Loss dta_proxy:  0.2023 Loss dta_trans:  0.0062 Loss dta_phys:  0.0065 Loss dta_preserve:  0.0061
Time:  0.0757 Epoch: 011 Iter:  550/ 600 LR: 0.0000565424 Loss content:  0.0162 Loss fft:  0.8094 Loss dta_rank:  0.6042 Loss dta_tv:  0.0291 Loss dta_proxy:  0.2176 Loss dta_trans:  0.0050 Loss dta_phys:  0.0066 Loss dta_preserve:  0.0035
Time:  0.0700 Epoch: 011 Iter:  600/ 600 LR: 0.0000565424 Loss content:  0.0172 Loss fft:  0.8229 Loss dta_rank:  0.6014 Loss dta_tv:  0.0300 Loss dta_proxy:  0.2008 Loss dta_trans:  0.0061 Loss dta_phys:  0.0067 Loss dta_preserve:  0.0048
EPOCH: 11
Elapsed time: 0.89 Epoch Pixel Loss:  0.0170 Epoch FFT Loss:  0.8176 Epoch DTA Rank:  0.6035 Epoch DTA TV:  0.0300 Epoch DTA Proxy:  0.2075 Epoch DTA Trans:  0.0059 Epoch DTA Phys:  0.0068 Epoch DTA Preserve:  0.0048
DTA_GATE_RAMP epoch=12 gate_limit=0.060000
Time:  0.0785 Epoch: 012 Iter:   50/ 600 LR: 0.0000473670 Loss content:  0.0173 Loss fft:  0.8098 Loss dta_rank:  0.6023 Loss dta_tv:  0.0293 Loss dta_proxy:  0.2108 Loss dta_trans:  0.0061 Loss dta_phys:  0.0063 Loss dta_preserve:  0.0046
Time:  0.0730 Epoch: 012 Iter:  100/ 600 LR: 0.0000473670 Loss content:  0.0177 Loss fft:  0.8387 Loss dta_rank:  0.5985 Loss dta_tv:  0.0296 Loss dta_proxy:  0.2031 Loss dta_trans:  0.0058 Loss dta_phys:  0.0064 Loss dta_preserve:  0.0058
Time:  0.0760 Epoch: 012 Iter:  150/ 600 LR: 0.0000473670 Loss content:  0.0170 Loss fft:  0.8077 Loss dta_rank:  0.6029 Loss dta_tv:  0.0299 Loss dta_proxy:  0.2024 Loss dta_trans:  0.0073 Loss dta_phys:  0.0066 Loss dta_preserve:  0.0042
Time:  0.0657 Epoch: 012 Iter:  200/ 600 LR: 0.0000473670 Loss content:  0.0177 Loss fft:  0.8298 Loss dta_rank:  0.6082 Loss dta_tv:  0.0284 Loss dta_proxy:  0.2181 Loss dta_trans:  0.0056 Loss dta_phys:  0.0068 Loss dta_preserve:  0.0049
Time:  0.0715 Epoch: 012 Iter:  250/ 600 LR: 0.0000473670 Loss content:  0.0172 Loss fft:  0.7976 Loss dta_rank:  0.6038 Loss dta_tv:  0.0293 Loss dta_proxy:  0.2045 Loss dta_trans:  0.0056 Loss dta_phys:  0.0068 Loss dta_preserve:  0.0053
Time:  0.0716 Epoch: 012 Iter:  300/ 600 LR: 0.0000473670 Loss content:  0.0172 Loss fft:  0.8042 Loss dta_rank:  0.6055 Loss dta_tv:  0.0296 Loss dta_proxy:  0.2061 Loss dta_trans:  0.0055 Loss dta_phys:  0.0064 Loss dta_preserve:  0.0059
Time:  0.0724 Epoch: 012 Iter:  350/ 600 LR: 0.0000473670 Loss content:  0.0178 Loss fft:  0.8345 Loss dta_rank:  0.6005 Loss dta_tv:  0.0297 Loss dta_proxy:  0.2036 Loss dta_trans:  0.0057 Loss dta_phys:  0.0064 Loss dta_preserve:  0.0052
Time:  0.0757 Epoch: 012 Iter:  400/ 600 LR: 0.0000473670 Loss content:  0.0167 Loss fft:  0.8242 Loss dta_rank:  0.6011 Loss dta_tv:  0.0298 Loss dta_proxy:  0.2105 Loss dta_trans:  0.0063 Loss dta_phys:  0.0070 Loss dta_preserve:  0.0044
Time:  0.0744 Epoch: 012 Iter:  450/ 600 LR: 0.0000473670 Loss content:  0.0175 Loss fft:  0.8070 Loss dta_rank:  0.6016 Loss dta_tv:  0.0302 Loss dta_proxy:  0.2033 Loss dta_trans:  0.0063 Loss dta_phys:  0.0069 Loss dta_preserve:  0.0050
Time:  0.0759 Epoch: 012 Iter:  500/ 600 LR: 0.0000473670 Loss content:  0.0177 Loss fft:  0.8326 Loss dta_rank:  0.6024 Loss dta_tv:  0.0299 Loss dta_proxy:  0.2059 Loss dta_trans:  0.0056 Loss dta_phys:  0.0062 Loss dta_preserve:  0.0050
Time:  0.0759 Epoch: 012 Iter:  550/ 600 LR: 0.0000473670 Loss content:  0.0172 Loss fft:  0.8286 Loss dta_rank:  0.6067 Loss dta_tv:  0.0301 Loss dta_proxy:  0.2034 Loss dta_trans:  0.0062 Loss dta_phys:  0.0073 Loss dta_preserve:  0.0056
Time:  0.0761 Epoch: 012 Iter:  600/ 600 LR: 0.0000473670 Loss content:  0.0168 Loss fft:  0.8082 Loss dta_rank:  0.6035 Loss dta_tv:  0.0301 Loss dta_proxy:  0.2072 Loss dta_trans:  0.0065 Loss dta_phys:  0.0075 Loss dta_preserve:  0.0042
EPOCH: 12
Elapsed time: 0.89 Epoch Pixel Loss:  0.0173 Epoch FFT Loss:  0.8186 Epoch DTA Rank:  0.6031 Epoch DTA TV:  0.0297 Epoch DTA Proxy:  0.2066 Epoch DTA Trans:  0.0061 Epoch DTA Phys:  0.0067 Epoch DTA Preserve:  0.0050
DTA_GATE_RAMP epoch=13 gate_limit=0.060000
Time:  0.0802 Epoch: 013 Iter:   50/ 600 LR: 0.0000383414 Loss content:  0.0171 Loss fft:  0.8361 Loss dta_rank:  0.6031 Loss dta_tv:  0.0308 Loss dta_proxy:  0.1997 Loss dta_trans:  0.0062 Loss dta_phys:  0.0065 Loss dta_preserve:  0.0053
Time:  0.0756 Epoch: 013 Iter:  100/ 600 LR: 0.0000383414 Loss content:  0.0167 Loss fft:  0.8099 Loss dta_rank:  0.6057 Loss dta_tv:  0.0300 Loss dta_proxy:  0.2059 Loss dta_trans:  0.0058 Loss dta_phys:  0.0066 Loss dta_preserve:  0.0051
Time:  0.0767 Epoch: 013 Iter:  150/ 600 LR: 0.0000383414 Loss content:  0.0170 Loss fft:  0.7965 Loss dta_rank:  0.6002 Loss dta_tv:  0.0303 Loss dta_proxy:  0.2049 Loss dta_trans:  0.0053 Loss dta_phys:  0.0074 Loss dta_preserve:  0.0048
Time:  0.0735 Epoch: 013 Iter:  200/ 600 LR: 0.0000383414 Loss content:  0.0173 Loss fft:  0.8384 Loss dta_rank:  0.5988 Loss dta_tv:  0.0296 Loss dta_proxy:  0.2081 Loss dta_trans:  0.0054 Loss dta_phys:  0.0062 Loss dta_preserve:  0.0046
Time:  0.0742 Epoch: 013 Iter:  250/ 600 LR: 0.0000383414 Loss content:  0.0169 Loss fft:  0.7769 Loss dta_rank:  0.6011 Loss dta_tv:  0.0289 Loss dta_proxy:  0.2124 Loss dta_trans:  0.0054 Loss dta_phys:  0.0067 Loss dta_preserve:  0.0055
Time:  0.0750 Epoch: 013 Iter:  300/ 600 LR: 0.0000383414 Loss content:  0.0175 Loss fft:  0.8124 Loss dta_rank:  0.6044 Loss dta_tv:  0.0302 Loss dta_proxy:  0.2118 Loss dta_trans:  0.0054 Loss dta_phys:  0.0064 Loss dta_preserve:  0.0055
Time:  0.0713 Epoch: 013 Iter:  350/ 600 LR: 0.0000383414 Loss content:  0.0170 Loss fft:  0.8097 Loss dta_rank:  0.6044 Loss dta_tv:  0.0295 Loss dta_proxy:  0.2104 Loss dta_trans:  0.0079 Loss dta_phys:  0.0064 Loss dta_preserve:  0.0039
Time:  0.0768 Epoch: 013 Iter:  400/ 600 LR: 0.0000383414 Loss content:  0.0160 Loss fft:  0.7907 Loss dta_rank:  0.6038 Loss dta_tv:  0.0298 Loss dta_proxy:  0.2078 Loss dta_trans:  0.0058 Loss dta_phys:  0.0065 Loss dta_preserve:  0.0040
Time:  0.0750 Epoch: 013 Iter:  450/ 600 LR: 0.0000383414 Loss content:  0.0172 Loss fft:  0.8316 Loss dta_rank:  0.6062 Loss dta_tv:  0.0303 Loss dta_proxy:  0.2064 Loss dta_trans:  0.0061 Loss dta_phys:  0.0071 Loss dta_preserve:  0.0049
Time:  0.0805 Epoch: 013 Iter:  500/ 600 LR: 0.0000383414 Loss content:  0.0169 Loss fft:  0.8319 Loss dta_rank:  0.6005 Loss dta_tv:  0.0287 Loss dta_proxy:  0.2214 Loss dta_trans:  0.0050 Loss dta_phys:  0.0063 Loss dta_preserve:  0.0049
Time:  0.0765 Epoch: 013 Iter:  550/ 600 LR: 0.0000383414 Loss content:  0.0168 Loss fft:  0.8263 Loss dta_rank:  0.5997 Loss dta_tv:  0.0304 Loss dta_proxy:  0.2082 Loss dta_trans:  0.0068 Loss dta_phys:  0.0072 Loss dta_preserve:  0.0044
Time:  0.0754 Epoch: 013 Iter:  600/ 600 LR: 0.0000383414 Loss content:  0.0178 Loss fft:  0.8611 Loss dta_rank:  0.6056 Loss dta_tv:  0.0295 Loss dta_proxy:  0.2139 Loss dta_trans:  0.0066 Loss dta_phys:  0.0064 Loss dta_preserve:  0.0054
EPOCH: 13
Elapsed time: 0.91 Epoch Pixel Loss:  0.0170 Epoch FFT Loss:  0.8185 Epoch DTA Rank:  0.6028 Epoch DTA TV:  0.0298 Epoch DTA Proxy:  0.2093 Epoch DTA Trans:  0.0060 Epoch DTA Phys:  0.0067 Epoch DTA Preserve:  0.0049
DTA_GATE_RAMP epoch=14 gate_limit=0.060000
Time:  0.0778 Epoch: 014 Iter:   50/ 600 LR: 0.0000297690 Loss content:  0.0164 Loss fft:  0.7998 Loss dta_rank:  0.6013 Loss dta_tv:  0.0289 Loss dta_proxy:  0.2121 Loss dta_trans:  0.0061 Loss dta_phys:  0.0061 Loss dta_preserve:  0.0051
Time:  0.0738 Epoch: 014 Iter:  100/ 600 LR: 0.0000297690 Loss content:  0.0169 Loss fft:  0.8233 Loss dta_rank:  0.6056 Loss dta_tv:  0.0294 Loss dta_proxy:  0.2132 Loss dta_trans:  0.0053 Loss dta_phys:  0.0059 Loss dta_preserve:  0.0056
Time:  0.0723 Epoch: 014 Iter:  150/ 600 LR: 0.0000297690 Loss content:  0.0172 Loss fft:  0.7975 Loss dta_rank:  0.6036 Loss dta_tv:  0.0292 Loss dta_proxy:  0.2049 Loss dta_trans:  0.0053 Loss dta_phys:  0.0062 Loss dta_preserve:  0.0040
Time:  0.0752 Epoch: 014 Iter:  200/ 600 LR: 0.0000297690 Loss content:  0.0181 Loss fft:  0.8398 Loss dta_rank:  0.5972 Loss dta_tv:  0.0290 Loss dta_proxy:  0.2069 Loss dta_trans:  0.0054 Loss dta_phys:  0.0073 Loss dta_preserve:  0.0056
Time:  0.0760 Epoch: 014 Iter:  250/ 600 LR: 0.0000297690 Loss content:  0.0169 Loss fft:  0.8413 Loss dta_rank:  0.6061 Loss dta_tv:  0.0301 Loss dta_proxy:  0.2067 Loss dta_trans:  0.0062 Loss dta_phys:  0.0063 Loss dta_preserve:  0.0055
Time:  0.0752 Epoch: 014 Iter:  300/ 600 LR: 0.0000297690 Loss content:  0.0169 Loss fft:  0.8012 Loss dta_rank:  0.5995 Loss dta_tv:  0.0301 Loss dta_proxy:  0.1983 Loss dta_trans:  0.0058 Loss dta_phys:  0.0068 Loss dta_preserve:  0.0058
Time:  0.0688 Epoch: 014 Iter:  350/ 600 LR: 0.0000297690 Loss content:  0.0175 Loss fft:  0.8357 Loss dta_rank:  0.5990 Loss dta_tv:  0.0299 Loss dta_proxy:  0.2094 Loss dta_trans:  0.0057 Loss dta_phys:  0.0068 Loss dta_preserve:  0.0048
Time:  0.0724 Epoch: 014 Iter:  400/ 600 LR: 0.0000297690 Loss content:  0.0173 Loss fft:  0.8100 Loss dta_rank:  0.6064 Loss dta_tv:  0.0292 Loss dta_proxy:  0.2125 Loss dta_trans:  0.0060 Loss dta_phys:  0.0067 Loss dta_preserve:  0.0039
Time:  0.0769 Epoch: 014 Iter:  450/ 600 LR: 0.0000297690 Loss content:  0.0179 Loss fft:  0.8280 Loss dta_rank:  0.6029 Loss dta_tv:  0.0288 Loss dta_proxy:  0.2186 Loss dta_trans:  0.0059 Loss dta_phys:  0.0074 Loss dta_preserve:  0.0055
Time:  0.0722 Epoch: 014 Iter:  500/ 600 LR: 0.0000297690 Loss content:  0.0168 Loss fft:  0.8222 Loss dta_rank:  0.6010 Loss dta_tv:  0.0292 Loss dta_proxy:  0.2121 Loss dta_trans:  0.0048 Loss dta_phys:  0.0070 Loss dta_preserve:  0.0052
Time:  0.0760 Epoch: 014 Iter:  550/ 600 LR: 0.0000297690 Loss content:  0.0166 Loss fft:  0.8126 Loss dta_rank:  0.6081 Loss dta_tv:  0.0301 Loss dta_proxy:  0.2151 Loss dta_trans:  0.0070 Loss dta_phys:  0.0067 Loss dta_preserve:  0.0046
Time:  0.0757 Epoch: 014 Iter:  600/ 600 LR: 0.0000297690 Loss content:  0.0175 Loss fft:  0.8349 Loss dta_rank:  0.6053 Loss dta_tv:  0.0301 Loss dta_proxy:  0.2031 Loss dta_trans:  0.0064 Loss dta_phys:  0.0074 Loss dta_preserve:  0.0081
EPOCH: 14
Elapsed time: 0.90 Epoch Pixel Loss:  0.0172 Epoch FFT Loss:  0.8205 Epoch DTA Rank:  0.6030 Epoch DTA TV:  0.0295 Epoch DTA Proxy:  0.2094 Epoch DTA Trans:  0.0058 Epoch DTA Phys:  0.0067 Epoch DTA Preserve:  0.0053
DTA_GATE_RAMP epoch=15 gate_limit=0.060000
Time:  0.0796 Epoch: 015 Iter:   50/ 600 LR: 0.0000219361 Loss content:  0.0169 Loss fft:  0.8441 Loss dta_rank:  0.6001 Loss dta_tv:  0.0289 Loss dta_proxy:  0.2097 Loss dta_trans:  0.0060 Loss dta_phys:  0.0063 Loss dta_preserve:  0.0058
Time:  0.0762 Epoch: 015 Iter:  100/ 600 LR: 0.0000219361 Loss content:  0.0173 Loss fft:  0.8314 Loss dta_rank:  0.6013 Loss dta_tv:  0.0295 Loss dta_proxy:  0.2136 Loss dta_trans:  0.0059 Loss dta_phys:  0.0063 Loss dta_preserve:  0.0053
Time:  0.0742 Epoch: 015 Iter:  150/ 600 LR: 0.0000219361 Loss content:  0.0170 Loss fft:  0.8069 Loss dta_rank:  0.6020 Loss dta_tv:  0.0296 Loss dta_proxy:  0.2013 Loss dta_trans:  0.0050 Loss dta_phys:  0.0066 Loss dta_preserve:  0.0055
Time:  0.0760 Epoch: 015 Iter:  200/ 600 LR: 0.0000219361 Loss content:  0.0173 Loss fft:  0.8201 Loss dta_rank:  0.6027 Loss dta_tv:  0.0291 Loss dta_proxy:  0.2142 Loss dta_trans:  0.0057 Loss dta_phys:  0.0070 Loss dta_preserve:  0.0055
Time:  0.0755 Epoch: 015 Iter:  250/ 600 LR: 0.0000219361 Loss content:  0.0172 Loss fft:  0.8318 Loss dta_rank:  0.6013 Loss dta_tv:  0.0296 Loss dta_proxy:  0.2078 Loss dta_trans:  0.0056 Loss dta_phys:  0.0065 Loss dta_preserve:  0.0049
Time:  0.0775 Epoch: 015 Iter:  300/ 600 LR: 0.0000219361 Loss content:  0.0169 Loss fft:  0.7960 Loss dta_rank:  0.6002 Loss dta_tv:  0.0296 Loss dta_proxy:  0.2057 Loss dta_trans:  0.0056 Loss dta_phys:  0.0068 Loss dta_preserve:  0.0050
Time:  0.0780 Epoch: 015 Iter:  350/ 600 LR: 0.0000219361 Loss content:  0.0176 Loss fft:  0.8375 Loss dta_rank:  0.6019 Loss dta_tv:  0.0304 Loss dta_proxy:  0.1962 Loss dta_trans:  0.0066 Loss dta_phys:  0.0069 Loss dta_preserve:  0.0059
Time:  0.0654 Epoch: 015 Iter:  400/ 600 LR: 0.0000219361 Loss content:  0.0166 Loss fft:  0.7754 Loss dta_rank:  0.6027 Loss dta_tv:  0.0303 Loss dta_proxy:  0.2047 Loss dta_trans:  0.0065 Loss dta_phys:  0.0071 Loss dta_preserve:  0.0045
Time:  0.0641 Epoch: 015 Iter:  450/ 600 LR: 0.0000219361 Loss content:  0.0176 Loss fft:  0.8401 Loss dta_rank:  0.6080 Loss dta_tv:  0.0294 Loss dta_proxy:  0.2076 Loss dta_trans:  0.0057 Loss dta_phys:  0.0063 Loss dta_preserve:  0.0053
Time:  0.0781 Epoch: 015 Iter:  500/ 600 LR: 0.0000219361 Loss content:  0.0175 Loss fft:  0.8419 Loss dta_rank:  0.6015 Loss dta_tv:  0.0294 Loss dta_proxy:  0.2052 Loss dta_trans:  0.0061 Loss dta_phys:  0.0061 Loss dta_preserve:  0.0049
Time:  0.0753 Epoch: 015 Iter:  550/ 600 LR: 0.0000219361 Loss content:  0.0180 Loss fft:  0.8391 Loss dta_rank:  0.6025 Loss dta_tv:  0.0291 Loss dta_proxy:  0.2094 Loss dta_trans:  0.0057 Loss dta_phys:  0.0069 Loss dta_preserve:  0.0051
Time:  0.0718 Epoch: 015 Iter:  600/ 600 LR: 0.0000219361 Loss content:  0.0174 Loss fft:  0.7937 Loss dta_rank:  0.6088 Loss dta_tv:  0.0295 Loss dta_proxy:  0.2077 Loss dta_trans:  0.0056 Loss dta_phys:  0.0066 Loss dta_preserve:  0.0046
EPOCH: 15
Elapsed time: 0.90 Epoch Pixel Loss:  0.0173 Epoch FFT Loss:  0.8215 Epoch DTA Rank:  0.6027 Epoch DTA TV:  0.0295 Epoch DTA Proxy:  0.2069 Epoch DTA Trans:  0.0058 Epoch DTA Phys:  0.0066 Epoch DTA Preserve:  0.0052
DTA_GATE_RAMP epoch=16 gate_limit=0.060000
Time:  0.0766 Epoch: 016 Iter:   50/ 600 LR: 0.0000151017 Loss content:  0.0176 Loss fft:  0.8194 Loss dta_rank:  0.6058 Loss dta_tv:  0.0287 Loss dta_proxy:  0.2205 Loss dta_trans:  0.0054 Loss dta_phys:  0.0070 Loss dta_preserve:  0.0053
Time:  0.0741 Epoch: 016 Iter:  100/ 600 LR: 0.0000151017 Loss content:  0.0179 Loss fft:  0.8673 Loss dta_rank:  0.6030 Loss dta_tv:  0.0302 Loss dta_proxy:  0.2126 Loss dta_trans:  0.0056 Loss dta_phys:  0.0062 Loss dta_preserve:  0.0054
Time:  0.0744 Epoch: 016 Iter:  150/ 600 LR: 0.0000151017 Loss content:  0.0174 Loss fft:  0.8206 Loss dta_rank:  0.6006 Loss dta_tv:  0.0290 Loss dta_proxy:  0.2090 Loss dta_trans:  0.0048 Loss dta_phys:  0.0071 Loss dta_preserve:  0.0060
Time:  0.0745 Epoch: 016 Iter:  200/ 600 LR: 0.0000151017 Loss content:  0.0169 Loss fft:  0.8033 Loss dta_rank:  0.5999 Loss dta_tv:  0.0299 Loss dta_proxy:  0.2030 Loss dta_trans:  0.0064 Loss dta_phys:  0.0065 Loss dta_preserve:  0.0046
Time:  0.0739 Epoch: 016 Iter:  250/ 600 LR: 0.0000151017 Loss content:  0.0166 Loss fft:  0.8039 Loss dta_rank:  0.6032 Loss dta_tv:  0.0291 Loss dta_proxy:  0.2130 Loss dta_trans:  0.0062 Loss dta_phys:  0.0074 Loss dta_preserve:  0.0042
Time:  0.0724 Epoch: 016 Iter:  300/ 600 LR: 0.0000151017 Loss content:  0.0175 Loss fft:  0.7984 Loss dta_rank:  0.6034 Loss dta_tv:  0.0301 Loss dta_proxy:  0.2040 Loss dta_trans:  0.0065 Loss dta_phys:  0.0072 Loss dta_preserve:  0.0045
Time:  0.0694 Epoch: 016 Iter:  350/ 600 LR: 0.0000151017 Loss content:  0.0170 Loss fft:  0.8005 Loss dta_rank:  0.6035 Loss dta_tv:  0.0286 Loss dta_proxy:  0.2203 Loss dta_trans:  0.0051 Loss dta_phys:  0.0068 Loss dta_preserve:  0.0054
Time:  0.0735 Epoch: 016 Iter:  400/ 600 LR: 0.0000151017 Loss content:  0.0171 Loss fft:  0.8384 Loss dta_rank:  0.6035 Loss dta_tv:  0.0300 Loss dta_proxy:  0.2027 Loss dta_trans:  0.0057 Loss dta_phys:  0.0059 Loss dta_preserve:  0.0043
Time:  0.0745 Epoch: 016 Iter:  450/ 600 LR: 0.0000151017 Loss content:  0.0169 Loss fft:  0.8213 Loss dta_rank:  0.6018 Loss dta_tv:  0.0289 Loss dta_proxy:  0.2091 Loss dta_trans:  0.0052 Loss dta_phys:  0.0067 Loss dta_preserve:  0.0049
Time:  0.0718 Epoch: 016 Iter:  500/ 600 LR: 0.0000151017 Loss content:  0.0169 Loss fft:  0.8082 Loss dta_rank:  0.6016 Loss dta_tv:  0.0305 Loss dta_proxy:  0.2040 Loss dta_trans:  0.0059 Loss dta_phys:  0.0063 Loss dta_preserve:  0.0055
Time:  0.0765 Epoch: 016 Iter:  550/ 600 LR: 0.0000151017 Loss content:  0.0171 Loss fft:  0.8062 Loss dta_rank:  0.6056 Loss dta_tv:  0.0301 Loss dta_proxy:  0.2089 Loss dta_trans:  0.0061 Loss dta_phys:  0.0066 Loss dta_preserve:  0.0062
Time:  0.0703 Epoch: 016 Iter:  600/ 600 LR: 0.0000151017 Loss content:  0.0179 Loss fft:  0.8435 Loss dta_rank:  0.6023 Loss dta_tv:  0.0299 Loss dta_proxy:  0.2096 Loss dta_trans:  0.0062 Loss dta_phys:  0.0067 Loss dta_preserve:  0.0077
EPOCH: 16
Elapsed time: 0.89 Epoch Pixel Loss:  0.0172 Epoch FFT Loss:  0.8193 Epoch DTA Rank:  0.6028 Epoch DTA TV:  0.0296 Epoch DTA Proxy:  0.2097 Epoch DTA Trans:  0.0057 Epoch DTA Phys:  0.0067 Epoch DTA Preserve:  0.0053
DTA_GATE_RAMP epoch=17 gate_limit=0.060000
Time:  0.0764 Epoch: 017 Iter:   50/ 600 LR: 0.0000094853 Loss content:  0.0169 Loss fft:  0.8030 Loss dta_rank:  0.6016 Loss dta_tv:  0.0298 Loss dta_proxy:  0.1966 Loss dta_trans:  0.0066 Loss dta_phys:  0.0075 Loss dta_preserve:  0.0055
Time:  0.0697 Epoch: 017 Iter:  100/ 600 LR: 0.0000094853 Loss content:  0.0163 Loss fft:  0.8033 Loss dta_rank:  0.6027 Loss dta_tv:  0.0295 Loss dta_proxy:  0.2051 Loss dta_trans:  0.0059 Loss dta_phys:  0.0065 Loss dta_preserve:  0.0051
Time:  0.0751 Epoch: 017 Iter:  150/ 600 LR: 0.0000094853 Loss content:  0.0171 Loss fft:  0.8206 Loss dta_rank:  0.6053 Loss dta_tv:  0.0292 Loss dta_proxy:  0.2140 Loss dta_trans:  0.0051 Loss dta_phys:  0.0070 Loss dta_preserve:  0.0056
Time:  0.0661 Epoch: 017 Iter:  200/ 600 LR: 0.0000094853 Loss content:  0.0175 Loss fft:  0.8721 Loss dta_rank:  0.6019 Loss dta_tv:  0.0297 Loss dta_proxy:  0.2034 Loss dta_trans:  0.0064 Loss dta_phys:  0.0058 Loss dta_preserve:  0.0057
Time:  0.0640 Epoch: 017 Iter:  250/ 600 LR: 0.0000094853 Loss content:  0.0176 Loss fft:  0.8238 Loss dta_rank:  0.6015 Loss dta_tv:  0.0292 Loss dta_proxy:  0.2141 Loss dta_trans:  0.0054 Loss dta_phys:  0.0065 Loss dta_preserve:  0.0054
Time:  0.0633 Epoch: 017 Iter:  300/ 600 LR: 0.0000094853 Loss content:  0.0170 Loss fft:  0.8207 Loss dta_rank:  0.6047 Loss dta_tv:  0.0288 Loss dta_proxy:  0.2116 Loss dta_trans:  0.0057 Loss dta_phys:  0.0073 Loss dta_preserve:  0.0055
Time:  0.0639 Epoch: 017 Iter:  350/ 600 LR: 0.0000094853 Loss content:  0.0166 Loss fft:  0.7845 Loss dta_rank:  0.6037 Loss dta_tv:  0.0285 Loss dta_proxy:  0.2154 Loss dta_trans:  0.0057 Loss dta_phys:  0.0070 Loss dta_preserve:  0.0053
Time:  0.0713 Epoch: 017 Iter:  400/ 600 LR: 0.0000094853 Loss content:  0.0168 Loss fft:  0.8060 Loss dta_rank:  0.6038 Loss dta_tv:  0.0293 Loss dta_proxy:  0.2042 Loss dta_trans:  0.0056 Loss dta_phys:  0.0063 Loss dta_preserve:  0.0048
Time:  0.0747 Epoch: 017 Iter:  450/ 600 LR: 0.0000094853 Loss content:  0.0168 Loss fft:  0.8017 Loss dta_rank:  0.6011 Loss dta_tv:  0.0293 Loss dta_proxy:  0.2073 Loss dta_trans:  0.0051 Loss dta_phys:  0.0061 Loss dta_preserve:  0.0060
Time:  0.0738 Epoch: 017 Iter:  500/ 600 LR: 0.0000094853 Loss content:  0.0169 Loss fft:  0.8286 Loss dta_rank:  0.6077 Loss dta_tv:  0.0290 Loss dta_proxy:  0.2131 Loss dta_trans:  0.0056 Loss dta_phys:  0.0064 Loss dta_preserve:  0.0045
Time:  0.0750 Epoch: 017 Iter:  550/ 600 LR: 0.0000094853 Loss content:  0.0168 Loss fft:  0.8237 Loss dta_rank:  0.6040 Loss dta_tv:  0.0296 Loss dta_proxy:  0.2091 Loss dta_trans:  0.0068 Loss dta_phys:  0.0067 Loss dta_preserve:  0.0056
Time:  0.0734 Epoch: 017 Iter:  600/ 600 LR: 0.0000094853 Loss content:  0.0173 Loss fft:  0.8126 Loss dta_rank:  0.6001 Loss dta_tv:  0.0290 Loss dta_proxy:  0.2097 Loss dta_trans:  0.0057 Loss dta_phys:  0.0076 Loss dta_preserve:  0.0040
EPOCH: 17
Elapsed time: 0.85 Epoch Pixel Loss:  0.0170 Epoch FFT Loss:  0.8167 Epoch DTA Rank:  0.6032 Epoch DTA TV:  0.0292 Epoch DTA Proxy:  0.2086 Epoch DTA Trans:  0.0058 Epoch DTA Phys:  0.0067 Epoch DTA Preserve:  0.0053
DTA_GATE_RAMP epoch=18 gate_limit=0.060000
Time:  0.0802 Epoch: 018 Iter:   50/ 600 LR: 0.0000052550 Loss content:  0.0173 Loss fft:  0.8100 Loss dta_rank:  0.6024 Loss dta_tv:  0.0285 Loss dta_proxy:  0.2112 Loss dta_trans:  0.0057 Loss dta_phys:  0.0069 Loss dta_preserve:  0.0059
Time:  0.0714 Epoch: 018 Iter:  100/ 600 LR: 0.0000052550 Loss content:  0.0178 Loss fft:  0.8509 Loss dta_rank:  0.6084 Loss dta_tv:  0.0288 Loss dta_proxy:  0.2118 Loss dta_trans:  0.0056 Loss dta_phys:  0.0063 Loss dta_preserve:  0.0056
Time:  0.0775 Epoch: 018 Iter:  150/ 600 LR: 0.0000052550 Loss content:  0.0165 Loss fft:  0.7719 Loss dta_rank:  0.6077 Loss dta_tv:  0.0300 Loss dta_proxy:  0.2111 Loss dta_trans:  0.0063 Loss dta_phys:  0.0073 Loss dta_preserve:  0.0049
Time:  0.0744 Epoch: 018 Iter:  200/ 600 LR: 0.0000052550 Loss content:  0.0165 Loss fft:  0.8077 Loss dta_rank:  0.6081 Loss dta_tv:  0.0289 Loss dta_proxy:  0.2140 Loss dta_trans:  0.0056 Loss dta_phys:  0.0065 Loss dta_preserve:  0.0037
Time:  0.0714 Epoch: 018 Iter:  250/ 600 LR: 0.0000052550 Loss content:  0.0169 Loss fft:  0.7865 Loss dta_rank:  0.6051 Loss dta_tv:  0.0295 Loss dta_proxy:  0.2032 Loss dta_trans:  0.0061 Loss dta_phys:  0.0070 Loss dta_preserve:  0.0068
Time:  0.0797 Epoch: 018 Iter:  300/ 600 LR: 0.0000052550 Loss content:  0.0168 Loss fft:  0.8117 Loss dta_rank:  0.6006 Loss dta_tv:  0.0290 Loss dta_proxy:  0.2107 Loss dta_trans:  0.0051 Loss dta_phys:  0.0061 Loss dta_preserve:  0.0038
Time:  0.0840 Epoch: 018 Iter:  350/ 600 LR: 0.0000052550 Loss content:  0.0168 Loss fft:  0.7875 Loss dta_rank:  0.6079 Loss dta_tv:  0.0304 Loss dta_proxy:  0.2021 Loss dta_trans:  0.0060 Loss dta_phys:  0.0064 Loss dta_preserve:  0.0051
Time:  0.0931 Epoch: 018 Iter:  400/ 600 LR: 0.0000052550 Loss content:  0.0175 Loss fft:  0.8427 Loss dta_rank:  0.6033 Loss dta_tv:  0.0288 Loss dta_proxy:  0.2177 Loss dta_trans:  0.0052 Loss dta_phys:  0.0075 Loss dta_preserve:  0.0051
Time:  0.0876 Epoch: 018 Iter:  450/ 600 LR: 0.0000052550 Loss content:  0.0169 Loss fft:  0.8084 Loss dta_rank:  0.6014 Loss dta_tv:  0.0302 Loss dta_proxy:  0.2023 Loss dta_trans:  0.0058 Loss dta_phys:  0.0070 Loss dta_preserve:  0.0057
Time:  0.0855 Epoch: 018 Iter:  500/ 600 LR: 0.0000052550 Loss content:  0.0179 Loss fft:  0.8157 Loss dta_rank:  0.5992 Loss dta_tv:  0.0289 Loss dta_proxy:  0.2086 Loss dta_trans:  0.0060 Loss dta_phys:  0.0067 Loss dta_preserve:  0.0065
Time:  0.0885 Epoch: 018 Iter:  550/ 600 LR: 0.0000052550 Loss content:  0.0169 Loss fft:  0.8249 Loss dta_rank:  0.5985 Loss dta_tv:  0.0292 Loss dta_proxy:  0.2069 Loss dta_trans:  0.0051 Loss dta_phys:  0.0069 Loss dta_preserve:  0.0052
Time:  0.0755 Epoch: 018 Iter:  600/ 600 LR: 0.0000052550 Loss content:  0.0176 Loss fft:  0.8656 Loss dta_rank:  0.5991 Loss dta_tv:  0.0301 Loss dta_proxy:  0.1997 Loss dta_trans:  0.0057 Loss dta_phys:  0.0063 Loss dta_preserve:  0.0053
EPOCH: 18
Elapsed time: 0.97 Epoch Pixel Loss:  0.0171 Epoch FFT Loss:  0.8153 Epoch DTA Rank:  0.6035 Epoch DTA TV:  0.0294 Epoch DTA Proxy:  0.2083 Epoch DTA Trans:  0.0057 Epoch DTA Phys:  0.0068 Epoch DTA Preserve:  0.0053
DTA_GATE_RAMP epoch=19 gate_limit=0.060000
Time:  0.0951 Epoch: 019 Iter:   50/ 600 LR: 0.0000025070 Loss content:  0.0170 Loss fft:  0.7992 Loss dta_rank:  0.5995 Loss dta_tv:  0.0285 Loss dta_proxy:  0.2179 Loss dta_trans:  0.0055 Loss dta_phys:  0.0064 Loss dta_preserve:  0.0045
Time:  0.0814 Epoch: 019 Iter:  100/ 600 LR: 0.0000025070 Loss content:  0.0172 Loss fft:  0.7947 Loss dta_rank:  0.6074 Loss dta_tv:  0.0297 Loss dta_proxy:  0.2108 Loss dta_trans:  0.0062 Loss dta_phys:  0.0065 Loss dta_preserve:  0.0053
Time:  0.0866 Epoch: 019 Iter:  150/ 600 LR: 0.0000025070 Loss content:  0.0166 Loss fft:  0.8279 Loss dta_rank:  0.5987 Loss dta_tv:  0.0299 Loss dta_proxy:  0.2016 Loss dta_trans:  0.0058 Loss dta_phys:  0.0062 Loss dta_preserve:  0.0046
Time:  0.0846 Epoch: 019 Iter:  200/ 600 LR: 0.0000025070 Loss content:  0.0173 Loss fft:  0.8599 Loss dta_rank:  0.6011 Loss dta_tv:  0.0294 Loss dta_proxy:  0.2144 Loss dta_trans:  0.0059 Loss dta_phys:  0.0070 Loss dta_preserve:  0.0076
Time:  0.0819 Epoch: 019 Iter:  250/ 600 LR: 0.0000025070 Loss content:  0.0173 Loss fft:  0.8242 Loss dta_rank:  0.5991 Loss dta_tv:  0.0290 Loss dta_proxy:  0.2104 Loss dta_trans:  0.0051 Loss dta_phys:  0.0063 Loss dta_preserve:  0.0047
Time:  0.0916 Epoch: 019 Iter:  300/ 600 LR: 0.0000025070 Loss content:  0.0173 Loss fft:  0.8436 Loss dta_rank:  0.6004 Loss dta_tv:  0.0289 Loss dta_proxy:  0.2151 Loss dta_trans:  0.0056 Loss dta_phys:  0.0072 Loss dta_preserve:  0.0053
Time:  0.0897 Epoch: 019 Iter:  350/ 600 LR: 0.0000025070 Loss content:  0.0173 Loss fft:  0.8139 Loss dta_rank:  0.6021 Loss dta_tv:  0.0303 Loss dta_proxy:  0.1889 Loss dta_trans:  0.0053 Loss dta_phys:  0.0067 Loss dta_preserve:  0.0067
Time:  0.0853 Epoch: 019 Iter:  400/ 600 LR: 0.0000025070 Loss content:  0.0164 Loss fft:  0.7907 Loss dta_rank:  0.6081 Loss dta_tv:  0.0296 Loss dta_proxy:  0.2121 Loss dta_trans:  0.0058 Loss dta_phys:  0.0065 Loss dta_preserve:  0.0051
Time:  0.0854 Epoch: 019 Iter:  450/ 600 LR: 0.0000025070 Loss content:  0.0179 Loss fft:  0.8349 Loss dta_rank:  0.6002 Loss dta_tv:  0.0290 Loss dta_proxy:  0.2157 Loss dta_trans:  0.0051 Loss dta_phys:  0.0063 Loss dta_preserve:  0.0065
Time:  0.0803 Epoch: 019 Iter:  500/ 600 LR: 0.0000025070 Loss content:  0.0174 Loss fft:  0.8087 Loss dta_rank:  0.6025 Loss dta_tv:  0.0290 Loss dta_proxy:  0.2041 Loss dta_trans:  0.0062 Loss dta_phys:  0.0063 Loss dta_preserve:  0.0047
Time:  0.0744 Epoch: 019 Iter:  550/ 600 LR: 0.0000025070 Loss content:  0.0174 Loss fft:  0.8257 Loss dta_rank:  0.6068 Loss dta_tv:  0.0293 Loss dta_proxy:  0.2069 Loss dta_trans:  0.0063 Loss dta_phys:  0.0072 Loss dta_preserve:  0.0053
Time:  0.0713 Epoch: 019 Iter:  600/ 600 LR: 0.0000025070 Loss content:  0.0170 Loss fft:  0.8002 Loss dta_rank:  0.6035 Loss dta_tv:  0.0287 Loss dta_proxy:  0.2088 Loss dta_trans:  0.0054 Loss dta_phys:  0.0071 Loss dta_preserve:  0.0046
EPOCH: 19
Elapsed time: 1.01 Epoch Pixel Loss:  0.0172 Epoch FFT Loss:  0.8186 Epoch DTA Rank:  0.6024 Epoch DTA TV:  0.0293 Epoch DTA Proxy:  0.2089 Epoch DTA Trans:  0.0057 Epoch DTA Phys:  0.0066 Epoch DTA Preserve:  0.0054
DTA_GATE_RAMP epoch=20 gate_limit=0.060000
Time:  0.0796 Epoch: 020 Iter:   50/ 600 LR: 0.0000012125 Loss content:  0.0170 Loss fft:  0.8237 Loss dta_rank:  0.6039 Loss dta_tv:  0.0297 Loss dta_proxy:  0.2084 Loss dta_trans:  0.0063 Loss dta_phys:  0.0064 Loss dta_preserve:  0.0041
Time:  0.0685 Epoch: 020 Iter:  100/ 600 LR: 0.0000012125 Loss content:  0.0167 Loss fft:  0.8249 Loss dta_rank:  0.6038 Loss dta_tv:  0.0295 Loss dta_proxy:  0.2097 Loss dta_trans:  0.0059 Loss dta_phys:  0.0065 Loss dta_preserve:  0.0046
Time:  0.0729 Epoch: 020 Iter:  150/ 600 LR: 0.0000012125 Loss content:  0.0174 Loss fft:  0.8105 Loss dta_rank:  0.6063 Loss dta_tv:  0.0291 Loss dta_proxy:  0.2106 Loss dta_trans:  0.0054 Loss dta_phys:  0.0064 Loss dta_preserve:  0.0060
Time:  0.0760 Epoch: 020 Iter:  200/ 600 LR: 0.0000012125 Loss content:  0.0175 Loss fft:  0.8117 Loss dta_rank:  0.6100 Loss dta_tv:  0.0286 Loss dta_proxy:  0.2191 Loss dta_trans:  0.0059 Loss dta_phys:  0.0075 Loss dta_preserve:  0.0047
Time:  0.0689 Epoch: 020 Iter:  250/ 600 LR: 0.0000012125 Loss content:  0.0173 Loss fft:  0.8507 Loss dta_rank:  0.5993 Loss dta_tv:  0.0286 Loss dta_proxy:  0.2096 Loss dta_trans:  0.0051 Loss dta_phys:  0.0071 Loss dta_preserve:  0.0045
Time:  0.0728 Epoch: 020 Iter:  300/ 600 LR: 0.0000012125 Loss content:  0.0162 Loss fft:  0.7959 Loss dta_rank:  0.6065 Loss dta_tv:  0.0292 Loss dta_proxy:  0.2189 Loss dta_trans:  0.0061 Loss dta_phys:  0.0061 Loss dta_preserve:  0.0045
Time:  0.0770 Epoch: 020 Iter:  350/ 600 LR: 0.0000012125 Loss content:  0.0170 Loss fft:  0.8183 Loss dta_rank:  0.6069 Loss dta_tv:  0.0294 Loss dta_proxy:  0.2092 Loss dta_trans:  0.0053 Loss dta_phys:  0.0057 Loss dta_preserve:  0.0046
Time:  0.0813 Epoch: 020 Iter:  400/ 600 LR: 0.0000012125 Loss content:  0.0179 Loss fft:  0.8158 Loss dta_rank:  0.5997 Loss dta_tv:  0.0291 Loss dta_proxy:  0.2035 Loss dta_trans:  0.0055 Loss dta_phys:  0.0066 Loss dta_preserve:  0.0048
Time:  0.0798 Epoch: 020 Iter:  450/ 600 LR: 0.0000012125 Loss content:  0.0171 Loss fft:  0.8150 Loss dta_rank:  0.6057 Loss dta_tv:  0.0290 Loss dta_proxy:  0.2141 Loss dta_trans:  0.0051 Loss dta_phys:  0.0076 Loss dta_preserve:  0.0049
Time:  0.0905 Epoch: 020 Iter:  500/ 600 LR: 0.0000012125 Loss content:  0.0173 Loss fft:  0.8342 Loss dta_rank:  0.6037 Loss dta_tv:  0.0290 Loss dta_proxy:  0.2076 Loss dta_trans:  0.0051 Loss dta_phys:  0.0066 Loss dta_preserve:  0.0042
Time:  0.0809 Epoch: 020 Iter:  550/ 600 LR: 0.0000012125 Loss content:  0.0174 Loss fft:  0.8210 Loss dta_rank:  0.6030 Loss dta_tv:  0.0294 Loss dta_proxy:  0.2088 Loss dta_trans:  0.0058 Loss dta_phys:  0.0065 Loss dta_preserve:  0.0052
Time:  0.0878 Epoch: 020 Iter:  600/ 600 LR: 0.0000012125 Loss content:  0.0179 Loss fft:  0.8059 Loss dta_rank:  0.6043 Loss dta_tv:  0.0287 Loss dta_proxy:  0.2072 Loss dta_trans:  0.0059 Loss dta_phys:  0.0073 Loss dta_preserve:  0.0062
EPOCH: 20
Elapsed time: 0.94 Epoch Pixel Loss:  0.0172 Epoch FFT Loss:  0.8190 Epoch DTA Rank:  0.6044 Epoch DTA TV:  0.0291 Epoch DTA Proxy:  0.2106 Epoch DTA Trans:  0.0056 Epoch DTA Phys:  0.0067 Epoch DTA Preserve:  0.0049
