Namespace(model_name='ConvIR-Haze4K-DTA-v2-adapter_only-zero-seed3413-f0-oof20', data='Haze4K', version='base', fam_mode='original', arch='dta_v2', seed=3413, mode='train', data_dir='/sda/home/wangyuxin/ConvIR-B/datasets/Haze4K/Haze4K', batch_size=4, learning_rate=0.0001, weight_decay=0.0, num_epoch=20, stop_epoch=20, print_freq=50, num_worker=4, save_freq=5, valid_freq=9999, mod_stats_freq=5, mod_stats_batches=16, grad_clip_norm=0.001, dta_grad_clip_norm=0.05, dta_neighbor_grad_clip_norm=0.005, init_model='/sda/home/wangyuxin/ConvIR-B/checkpoints/official/Haze4K/haze4k-base.pkl', init_model_partial=True, partial_new_prefixes='DTA.', resume='', train_scope='adapter_only', dta_depth_cache_dir='/sda/home/wangyuxin/ConvIR-B/depth_cache/depth_anything_v2_small_hf', dta_train_depth_split='train', dta_eval_depth_split='train', valid_root_split='train', eval_root_split='test', dta_require_depth=True, dta_variant='v2', dta_depth_mode='zero', dta_prior_channels=32, dta_gate_bias=-6.0, dta_gate_limit=0.06, dta_gamma_limit=0.12, dta_beta_limit=0.06, dta_alpha_init=1.0, dta_confidence_floor=0.25, dta_confidence_local_scale=6.0, dta_output_residual_scale=0.03, dta_use_trans_gt=True, dta_trans_weight=0.02, dta_phys_weight=0.005, dta_preserve_weight=0.02, dta_preserve_trans_thresh=0.8, dta_gate_ramp_start=0.01, dta_gate_ramp_mid=0.03, dta_gate_ramp_end=0.06, dta_gate_ramp_warmup_epochs=2, dta_gate_ramp_mid_epochs=8, dta_rank_weight=0.001, dta_tv_weight=0.0001, dta_proxy_weight=0.0, dta_rank_pairs=512, dta_rank_min_depth_gap=0.03, split_json='/sda/home/wangyuxin/ConvIR-B/repos/ConvIR-B-dta-v2-calibrated/experience_docx/experiment_logs/haze4k_dta_v2_calibrated_20260611/dta_v2_haze4k_oof_splits_seed3407.json', split_name='fold0_train', test_model='', save_image=False, leaning_rate=0.0001, model_save_dir='results/ConvIR-Haze4K-DTA-v2-adapter_only-zero-seed3413-f0-oof20/Training-Results/', result_dir='results/ConvIR-Haze4K-DTA-v2-adapter_only-zero-seed3413-f0-oof20/images/Haze4K', init_model_sha256='6f42037d57a4e3de3a10ac0ab909d66a3415864a19433c29204a975f4efa4088')
/sda/home/wangyuxin/ConvIR-B/repos/ConvIR-B-dta-v2-calibrated/Dehazing/ITS/main.py:14: FutureWarning: You are using `torch.load` with `weights_only=False` (the current default value), which uses the default pickle module implicitly. It is possible to construct malicious pickle data which will execute arbitrary code during unpickling (See https://github.com/pytorch/pytorch/blob/main/SECURITY.md#untrusted-models for more details). In a future release, the default value for `weights_only` will be flipped to `True`. This limits the functions that could be executed during unpickling. Arbitrary objects will no longer be allowed to be loaded via this mode unless they are explicitly allowlisted by the user via `torch.serialization.add_safe_globals`. We recommend you start setting `weights_only=True` for any use case where you don't have full control of the loaded file. Please open an issue on GitHub for any issues related to this experimental feature.
  state = torch.load(path, map_location=map_location)
INIT_MODEL_PARTIAL_LOAD path=/sda/home/wangyuxin/ConvIR-B/checkpoints/official/Haze4K/haze4k-base.pkl loaded=602 missing_allowed=25 unexpected=[] allowed_new_prefixes=('DTA.',)
TRAIN_SCOPE scope=adapter_only arch=dta_v2 trainable=74699 total=8705364
/sda/home/wangyuxin/ConvIR-B/envs/convir-cu121/lib/python3.10/site-packages/torch/optim/lr_scheduler.py:224: UserWarning: Detected call of `lr_scheduler.step()` before `optimizer.step()`. In PyTorch 1.1.0 and later, you should call them in the opposite order: `optimizer.step()` before `lr_scheduler.step()`.  Failure to do this will result in PyTorch skipping the first value of the learning rate schedule. See more details at https://pytorch.org/docs/stable/optim.html#how-to-adjust-learning-rate
  warnings.warn(
DTA_GATE_RAMP epoch=1 gate_limit=0.010000
Time:  0.1004 Epoch: 001 Iter:   50/ 600 LR: 0.0000333333 Loss content:  0.0170 Loss fft:  0.8232 Loss dta_rank:  0.0000 Loss dta_tv:  0.0043 Loss dta_proxy:  0.5285 Loss dta_trans:  0.0422 Loss dta_phys:  0.0068 Loss dta_preserve:  0.0054
Time:  0.0771 Epoch: 001 Iter:  100/ 600 LR: 0.0000333333 Loss content:  0.0172 Loss fft:  0.8543 Loss dta_rank:  0.0000 Loss dta_tv:  0.0101 Loss dta_proxy:  0.5689 Loss dta_trans:  0.0379 Loss dta_phys:  0.0106 Loss dta_preserve:  0.0048
Time:  0.0799 Epoch: 001 Iter:  150/ 600 LR: 0.0000333333 Loss content:  0.0168 Loss fft:  0.7686 Loss dta_rank:  0.0000 Loss dta_tv:  0.0138 Loss dta_proxy:  0.5958 Loss dta_trans:  0.0334 Loss dta_phys:  0.0104 Loss dta_preserve:  0.0043
Time:  0.0853 Epoch: 001 Iter:  200/ 600 LR: 0.0000333333 Loss content:  0.0165 Loss fft:  0.8293 Loss dta_rank:  0.0000 Loss dta_tv:  0.0170 Loss dta_proxy:  0.6133 Loss dta_trans:  0.0323 Loss dta_phys:  0.0097 Loss dta_preserve:  0.0056
Time:  0.0802 Epoch: 001 Iter:  250/ 600 LR: 0.0000333333 Loss content:  0.0168 Loss fft:  0.8156 Loss dta_rank:  0.0000 Loss dta_tv:  0.0194 Loss dta_proxy:  0.6137 Loss dta_trans:  0.0288 Loss dta_phys:  0.0091 Loss dta_preserve:  0.0049
Time:  0.0748 Epoch: 001 Iter:  300/ 600 LR: 0.0000333333 Loss content:  0.0170 Loss fft:  0.8076 Loss dta_rank:  0.0000 Loss dta_tv:  0.0230 Loss dta_proxy:  0.6309 Loss dta_trans:  0.0226 Loss dta_phys:  0.0092 Loss dta_preserve:  0.0049
Time:  0.0754 Epoch: 001 Iter:  350/ 600 LR: 0.0000333333 Loss content:  0.0171 Loss fft:  0.7990 Loss dta_rank:  0.0000 Loss dta_tv:  0.0271 Loss dta_proxy:  0.6287 Loss dta_trans:  0.0221 Loss dta_phys:  0.0099 Loss dta_preserve:  0.0044
Time:  0.0780 Epoch: 001 Iter:  400/ 600 LR: 0.0000333333 Loss content:  0.0177 Loss fft:  0.8149 Loss dta_rank:  0.0000 Loss dta_tv:  0.0313 Loss dta_proxy:  0.6289 Loss dta_trans:  0.0167 Loss dta_phys:  0.0070 Loss dta_preserve:  0.0059
Time:  0.0673 Epoch: 001 Iter:  450/ 600 LR: 0.0000333333 Loss content:  0.0179 Loss fft:  0.8349 Loss dta_rank:  0.0000 Loss dta_tv:  0.0352 Loss dta_proxy:  0.6327 Loss dta_trans:  0.0149 Loss dta_phys:  0.0078 Loss dta_preserve:  0.0059
Time:  0.0666 Epoch: 001 Iter:  500/ 600 LR: 0.0000333333 Loss content:  0.0161 Loss fft:  0.8088 Loss dta_rank:  0.0000 Loss dta_tv:  0.0372 Loss dta_proxy:  0.6436 Loss dta_trans:  0.0118 Loss dta_phys:  0.0077 Loss dta_preserve:  0.0046
Time:  0.0664 Epoch: 001 Iter:  550/ 600 LR: 0.0000333333 Loss content:  0.0173 Loss fft:  0.8341 Loss dta_rank:  0.0000 Loss dta_tv:  0.0381 Loss dta_proxy:  0.6487 Loss dta_trans:  0.0118 Loss dta_phys:  0.0074 Loss dta_preserve:  0.0058
Time:  0.0639 Epoch: 001 Iter:  600/ 600 LR: 0.0000333333 Loss content:  0.0171 Loss fft:  0.8110 Loss dta_rank:  0.0000 Loss dta_tv:  0.0385 Loss dta_proxy:  0.6579 Loss dta_trans:  0.0104 Loss dta_phys:  0.0069 Loss dta_preserve:  0.0057
EPOCH: 01
Elapsed time: 0.92 Epoch Pixel Loss:  0.0170 Epoch FFT Loss:  0.8168 Epoch DTA Rank:  0.0000 Epoch DTA TV:  0.0246 Epoch DTA Proxy:  0.6160 Epoch DTA Trans:  0.0237 Epoch DTA Phys:  0.0085 Epoch DTA Preserve:  0.0052
DTA_GATE_RAMP epoch=2 gate_limit=0.010000
Time:  0.0730 Epoch: 002 Iter:   50/ 600 LR: 0.0000666667 Loss content:  0.0173 Loss fft:  0.8450 Loss dta_rank:  0.0000 Loss dta_tv:  0.0412 Loss dta_proxy:  0.6227 Loss dta_trans:  0.0116 Loss dta_phys:  0.0072 Loss dta_preserve:  0.0047
Time:  0.0752 Epoch: 002 Iter:  100/ 600 LR: 0.0000666667 Loss content:  0.0179 Loss fft:  0.8256 Loss dta_rank:  0.0000 Loss dta_tv:  0.0394 Loss dta_proxy:  0.6520 Loss dta_trans:  0.0100 Loss dta_phys:  0.0076 Loss dta_preserve:  0.0054
Time:  0.0762 Epoch: 002 Iter:  150/ 600 LR: 0.0000666667 Loss content:  0.0169 Loss fft:  0.7891 Loss dta_rank:  0.0000 Loss dta_tv:  0.0384 Loss dta_proxy:  0.6433 Loss dta_trans:  0.0102 Loss dta_phys:  0.0069 Loss dta_preserve:  0.0052
Time:  0.0749 Epoch: 002 Iter:  200/ 600 LR: 0.0000666667 Loss content:  0.0178 Loss fft:  0.8303 Loss dta_rank:  0.0000 Loss dta_tv:  0.0396 Loss dta_proxy:  0.6346 Loss dta_trans:  0.0091 Loss dta_phys:  0.0074 Loss dta_preserve:  0.0046
Time:  0.0773 Epoch: 002 Iter:  250/ 600 LR: 0.0000666667 Loss content:  0.0175 Loss fft:  0.8080 Loss dta_rank:  0.0000 Loss dta_tv:  0.0388 Loss dta_proxy:  0.6296 Loss dta_trans:  0.0098 Loss dta_phys:  0.0071 Loss dta_preserve:  0.0043
Time:  0.0750 Epoch: 002 Iter:  300/ 600 LR: 0.0000666667 Loss content:  0.0167 Loss fft:  0.8063 Loss dta_rank:  0.0000 Loss dta_tv:  0.0398 Loss dta_proxy:  0.6188 Loss dta_trans:  0.0107 Loss dta_phys:  0.0062 Loss dta_preserve:  0.0057
Time:  0.0753 Epoch: 002 Iter:  350/ 600 LR: 0.0000666667 Loss content:  0.0168 Loss fft:  0.8196 Loss dta_rank:  0.0000 Loss dta_tv:  0.0391 Loss dta_proxy:  0.6240 Loss dta_trans:  0.0107 Loss dta_phys:  0.0068 Loss dta_preserve:  0.0053
Time:  0.0741 Epoch: 002 Iter:  400/ 600 LR: 0.0000666667 Loss content:  0.0177 Loss fft:  0.8548 Loss dta_rank:  0.0000 Loss dta_tv:  0.0370 Loss dta_proxy:  0.6530 Loss dta_trans:  0.0089 Loss dta_phys:  0.0065 Loss dta_preserve:  0.0063
Time:  0.0769 Epoch: 002 Iter:  450/ 600 LR: 0.0000666667 Loss content:  0.0176 Loss fft:  0.8237 Loss dta_rank:  0.0000 Loss dta_tv:  0.0370 Loss dta_proxy:  0.6555 Loss dta_trans:  0.0099 Loss dta_phys:  0.0066 Loss dta_preserve:  0.0047
Time:  0.0788 Epoch: 002 Iter:  500/ 600 LR: 0.0000666667 Loss content:  0.0170 Loss fft:  0.8077 Loss dta_rank:  0.0000 Loss dta_tv:  0.0371 Loss dta_proxy:  0.6395 Loss dta_trans:  0.0086 Loss dta_phys:  0.0061 Loss dta_preserve:  0.0060
Time:  0.0756 Epoch: 002 Iter:  550/ 600 LR: 0.0000666667 Loss content:  0.0167 Loss fft:  0.8208 Loss dta_rank:  0.0000 Loss dta_tv:  0.0373 Loss dta_proxy:  0.6300 Loss dta_trans:  0.0091 Loss dta_phys:  0.0074 Loss dta_preserve:  0.0047
Time:  0.0773 Epoch: 002 Iter:  600/ 600 LR: 0.0000666667 Loss content:  0.0174 Loss fft:  0.8150 Loss dta_rank:  0.0000 Loss dta_tv:  0.0354 Loss dta_proxy:  0.6687 Loss dta_trans:  0.0083 Loss dta_phys:  0.0075 Loss dta_preserve:  0.0059
EPOCH: 02
Elapsed time: 0.91 Epoch Pixel Loss:  0.0173 Epoch FFT Loss:  0.8205 Epoch DTA Rank:  0.0000 Epoch DTA TV:  0.0383 Epoch DTA Proxy:  0.6393 Epoch DTA Trans:  0.0097 Epoch DTA Phys:  0.0069 Epoch DTA Preserve:  0.0052
DTA_GATE_RAMP epoch=3 gate_limit=0.030000
Time:  0.0830 Epoch: 003 Iter:   50/ 600 LR: 0.0001000000 Loss content:  0.0164 Loss fft:  0.7844 Loss dta_rank:  0.0000 Loss dta_tv:  0.0368 Loss dta_proxy:  0.6457 Loss dta_trans:  0.0087 Loss dta_phys:  0.0077 Loss dta_preserve:  0.0059
Time:  0.0775 Epoch: 003 Iter:  100/ 600 LR: 0.0001000000 Loss content:  0.0173 Loss fft:  0.8335 Loss dta_rank:  0.0000 Loss dta_tv:  0.0369 Loss dta_proxy:  0.6515 Loss dta_trans:  0.0090 Loss dta_phys:  0.0073 Loss dta_preserve:  0.0059
Time:  0.0768 Epoch: 003 Iter:  150/ 600 LR: 0.0001000000 Loss content:  0.0171 Loss fft:  0.8227 Loss dta_rank:  0.0000 Loss dta_tv:  0.0369 Loss dta_proxy:  0.6305 Loss dta_trans:  0.0079 Loss dta_phys:  0.0065 Loss dta_preserve:  0.0054
Time:  0.0780 Epoch: 003 Iter:  200/ 600 LR: 0.0001000000 Loss content:  0.0182 Loss fft:  0.8425 Loss dta_rank:  0.0000 Loss dta_tv:  0.0363 Loss dta_proxy:  0.6291 Loss dta_trans:  0.0091 Loss dta_phys:  0.0063 Loss dta_preserve:  0.0057
Time:  0.0762 Epoch: 003 Iter:  250/ 600 LR: 0.0001000000 Loss content:  0.0175 Loss fft:  0.8276 Loss dta_rank:  0.0000 Loss dta_tv:  0.0362 Loss dta_proxy:  0.6465 Loss dta_trans:  0.0094 Loss dta_phys:  0.0073 Loss dta_preserve:  0.0071
Time:  0.0752 Epoch: 003 Iter:  300/ 600 LR: 0.0001000000 Loss content:  0.0171 Loss fft:  0.8088 Loss dta_rank:  0.0000 Loss dta_tv:  0.0348 Loss dta_proxy:  0.6481 Loss dta_trans:  0.0075 Loss dta_phys:  0.0063 Loss dta_preserve:  0.0050
Time:  0.0760 Epoch: 003 Iter:  350/ 600 LR: 0.0001000000 Loss content:  0.0168 Loss fft:  0.7998 Loss dta_rank:  0.0000 Loss dta_tv:  0.0352 Loss dta_proxy:  0.6416 Loss dta_trans:  0.0077 Loss dta_phys:  0.0068 Loss dta_preserve:  0.0049
Time:  0.0749 Epoch: 003 Iter:  400/ 600 LR: 0.0001000000 Loss content:  0.0176 Loss fft:  0.8356 Loss dta_rank:  0.0000 Loss dta_tv:  0.0355 Loss dta_proxy:  0.6438 Loss dta_trans:  0.0071 Loss dta_phys:  0.0067 Loss dta_preserve:  0.0044
Time:  0.0784 Epoch: 003 Iter:  450/ 600 LR: 0.0001000000 Loss content:  0.0166 Loss fft:  0.8214 Loss dta_rank:  0.0000 Loss dta_tv:  0.0356 Loss dta_proxy:  0.6343 Loss dta_trans:  0.0069 Loss dta_phys:  0.0059 Loss dta_preserve:  0.0044
Time:  0.0771 Epoch: 003 Iter:  500/ 600 LR: 0.0001000000 Loss content:  0.0171 Loss fft:  0.8363 Loss dta_rank:  0.0000 Loss dta_tv:  0.0357 Loss dta_proxy:  0.6272 Loss dta_trans:  0.0076 Loss dta_phys:  0.0057 Loss dta_preserve:  0.0042
Time:  0.0780 Epoch: 003 Iter:  550/ 600 LR: 0.0001000000 Loss content:  0.0167 Loss fft:  0.8130 Loss dta_rank:  0.0000 Loss dta_tv:  0.0343 Loss dta_proxy:  0.6532 Loss dta_trans:  0.0066 Loss dta_phys:  0.0069 Loss dta_preserve:  0.0043
Time:  0.0731 Epoch: 003 Iter:  600/ 600 LR: 0.0001000000 Loss content:  0.0176 Loss fft:  0.8352 Loss dta_rank:  0.0000 Loss dta_tv:  0.0350 Loss dta_proxy:  0.6541 Loss dta_trans:  0.0085 Loss dta_phys:  0.0071 Loss dta_preserve:  0.0049
EPOCH: 03
Elapsed time: 0.93 Epoch Pixel Loss:  0.0172 Epoch FFT Loss:  0.8217 Epoch DTA Rank:  0.0000 Epoch DTA TV:  0.0358 Epoch DTA Proxy:  0.6421 Epoch DTA Trans:  0.0080 Epoch DTA Phys:  0.0067 Epoch DTA Preserve:  0.0052
/sda/home/wangyuxin/ConvIR-B/envs/convir-cu121/lib/python3.10/site-packages/torch/optim/lr_scheduler.py:1087: UserWarning: To get the last learning rate computed by the scheduler, please use `get_last_lr()`.
  _warn_get_lr_called_within_step(self)
DTA_GATE_RAMP epoch=4 gate_limit=0.030000
Time:  0.0809 Epoch: 004 Iter:   50/ 600 LR: 0.0001000000 Loss content:  0.0175 Loss fft:  0.8187 Loss dta_rank:  0.0000 Loss dta_tv:  0.0335 Loss dta_proxy:  0.6711 Loss dta_trans:  0.0071 Loss dta_phys:  0.0068 Loss dta_preserve:  0.0060
Time:  0.0771 Epoch: 004 Iter:  100/ 600 LR: 0.0001000000 Loss content:  0.0179 Loss fft:  0.8387 Loss dta_rank:  0.0000 Loss dta_tv:  0.0346 Loss dta_proxy:  0.6491 Loss dta_trans:  0.0072 Loss dta_phys:  0.0065 Loss dta_preserve:  0.0048
Time:  0.0758 Epoch: 004 Iter:  150/ 600 LR: 0.0001000000 Loss content:  0.0174 Loss fft:  0.8185 Loss dta_rank:  0.0000 Loss dta_tv:  0.0344 Loss dta_proxy:  0.6357 Loss dta_trans:  0.0078 Loss dta_phys:  0.0067 Loss dta_preserve:  0.0056
Time:  0.0766 Epoch: 004 Iter:  200/ 600 LR: 0.0001000000 Loss content:  0.0170 Loss fft:  0.8393 Loss dta_rank:  0.0000 Loss dta_tv:  0.0332 Loss dta_proxy:  0.6748 Loss dta_trans:  0.0058 Loss dta_phys:  0.0065 Loss dta_preserve:  0.0044
Time:  0.0767 Epoch: 004 Iter:  250/ 600 LR: 0.0001000000 Loss content:  0.0162 Loss fft:  0.7587 Loss dta_rank:  0.0000 Loss dta_tv:  0.0345 Loss dta_proxy:  0.6383 Loss dta_trans:  0.0074 Loss dta_phys:  0.0062 Loss dta_preserve:  0.0039
Time:  0.0778 Epoch: 004 Iter:  300/ 600 LR: 0.0001000000 Loss content:  0.0182 Loss fft:  0.8505 Loss dta_rank:  0.0000 Loss dta_tv:  0.0345 Loss dta_proxy:  0.6299 Loss dta_trans:  0.0069 Loss dta_phys:  0.0063 Loss dta_preserve:  0.0060
Time:  0.0771 Epoch: 004 Iter:  350/ 600 LR: 0.0001000000 Loss content:  0.0173 Loss fft:  0.8179 Loss dta_rank:  0.0000 Loss dta_tv:  0.0332 Loss dta_proxy:  0.6514 Loss dta_trans:  0.0064 Loss dta_phys:  0.0068 Loss dta_preserve:  0.0050
Time:  0.0760 Epoch: 004 Iter:  400/ 600 LR: 0.0001000000 Loss content:  0.0170 Loss fft:  0.7924 Loss dta_rank:  0.0000 Loss dta_tv:  0.0333 Loss dta_proxy:  0.6423 Loss dta_trans:  0.0082 Loss dta_phys:  0.0066 Loss dta_preserve:  0.0058
Time:  0.0748 Epoch: 004 Iter:  450/ 600 LR: 0.0001000000 Loss content:  0.0178 Loss fft:  0.8312 Loss dta_rank:  0.0000 Loss dta_tv:  0.0349 Loss dta_proxy:  0.6035 Loss dta_trans:  0.0071 Loss dta_phys:  0.0068 Loss dta_preserve:  0.0047
Time:  0.0770 Epoch: 004 Iter:  500/ 600 LR: 0.0001000000 Loss content:  0.0167 Loss fft:  0.8196 Loss dta_rank:  0.0000 Loss dta_tv:  0.0339 Loss dta_proxy:  0.6292 Loss dta_trans:  0.0064 Loss dta_phys:  0.0064 Loss dta_preserve:  0.0041
Time:  0.0768 Epoch: 004 Iter:  550/ 600 LR: 0.0001000000 Loss content:  0.0163 Loss fft:  0.7902 Loss dta_rank:  0.0000 Loss dta_tv:  0.0328 Loss dta_proxy:  0.6328 Loss dta_trans:  0.0081 Loss dta_phys:  0.0073 Loss dta_preserve:  0.0050
Time:  0.0742 Epoch: 004 Iter:  600/ 600 LR: 0.0001000000 Loss content:  0.0171 Loss fft:  0.8142 Loss dta_rank:  0.0000 Loss dta_tv:  0.0334 Loss dta_proxy:  0.6345 Loss dta_trans:  0.0070 Loss dta_phys:  0.0068 Loss dta_preserve:  0.0049
EPOCH: 04
Elapsed time: 0.92 Epoch Pixel Loss:  0.0172 Epoch FFT Loss:  0.8158 Epoch DTA Rank:  0.0000 Epoch DTA TV:  0.0339 Epoch DTA Proxy:  0.6410 Epoch DTA Trans:  0.0071 Epoch DTA Phys:  0.0066 Epoch DTA Preserve:  0.0050
DTA_GATE_RAMP epoch=5 gate_limit=0.030000
Time:  0.0836 Epoch: 005 Iter:   50/ 600 LR: 0.0000983215 Loss content:  0.0177 Loss fft:  0.8452 Loss dta_rank:  0.0000 Loss dta_tv:  0.0331 Loss dta_proxy:  0.6434 Loss dta_trans:  0.0066 Loss dta_phys:  0.0062 Loss dta_preserve:  0.0054
Time:  0.0730 Epoch: 005 Iter:  100/ 600 LR: 0.0000983215 Loss content:  0.0174 Loss fft:  0.7981 Loss dta_rank:  0.0000 Loss dta_tv:  0.0330 Loss dta_proxy:  0.6246 Loss dta_trans:  0.0076 Loss dta_phys:  0.0067 Loss dta_preserve:  0.0047
Time:  0.0674 Epoch: 005 Iter:  150/ 600 LR: 0.0000983215 Loss content:  0.0167 Loss fft:  0.7944 Loss dta_rank:  0.0000 Loss dta_tv:  0.0328 Loss dta_proxy:  0.6365 Loss dta_trans:  0.0072 Loss dta_phys:  0.0071 Loss dta_preserve:  0.0047
Time:  0.0676 Epoch: 005 Iter:  200/ 600 LR: 0.0000983215 Loss content:  0.0172 Loss fft:  0.8393 Loss dta_rank:  0.0000 Loss dta_tv:  0.0334 Loss dta_proxy:  0.6396 Loss dta_trans:  0.0069 Loss dta_phys:  0.0065 Loss dta_preserve:  0.0054
Time:  0.0725 Epoch: 005 Iter:  250/ 600 LR: 0.0000983215 Loss content:  0.0166 Loss fft:  0.7972 Loss dta_rank:  0.0000 Loss dta_tv:  0.0327 Loss dta_proxy:  0.6509 Loss dta_trans:  0.0067 Loss dta_phys:  0.0076 Loss dta_preserve:  0.0047
Time:  0.0743 Epoch: 005 Iter:  300/ 600 LR: 0.0000983215 Loss content:  0.0172 Loss fft:  0.8055 Loss dta_rank:  0.0000 Loss dta_tv:  0.0318 Loss dta_proxy:  0.6435 Loss dta_trans:  0.0057 Loss dta_phys:  0.0059 Loss dta_preserve:  0.0043
Time:  0.0686 Epoch: 005 Iter:  350/ 600 LR: 0.0000983215 Loss content:  0.0173 Loss fft:  0.8376 Loss dta_rank:  0.0000 Loss dta_tv:  0.0331 Loss dta_proxy:  0.6372 Loss dta_trans:  0.0068 Loss dta_phys:  0.0062 Loss dta_preserve:  0.0047
Time:  0.0683 Epoch: 005 Iter:  400/ 600 LR: 0.0000983215 Loss content:  0.0173 Loss fft:  0.8017 Loss dta_rank:  0.0000 Loss dta_tv:  0.0327 Loss dta_proxy:  0.6510 Loss dta_trans:  0.0067 Loss dta_phys:  0.0078 Loss dta_preserve:  0.0046
Time:  0.0711 Epoch: 005 Iter:  450/ 600 LR: 0.0000983215 Loss content:  0.0174 Loss fft:  0.8533 Loss dta_rank:  0.0000 Loss dta_tv:  0.0332 Loss dta_proxy:  0.6431 Loss dta_trans:  0.0056 Loss dta_phys:  0.0067 Loss dta_preserve:  0.0063
Time:  0.0793 Epoch: 005 Iter:  500/ 600 LR: 0.0000983215 Loss content:  0.0167 Loss fft:  0.8124 Loss dta_rank:  0.0000 Loss dta_tv:  0.0324 Loss dta_proxy:  0.6568 Loss dta_trans:  0.0076 Loss dta_phys:  0.0068 Loss dta_preserve:  0.0055
Time:  0.0787 Epoch: 005 Iter:  550/ 600 LR: 0.0000983215 Loss content:  0.0164 Loss fft:  0.8032 Loss dta_rank:  0.0000 Loss dta_tv:  0.0318 Loss dta_proxy:  0.6518 Loss dta_trans:  0.0068 Loss dta_phys:  0.0066 Loss dta_preserve:  0.0041
Time:  0.0730 Epoch: 005 Iter:  600/ 600 LR: 0.0000983215 Loss content:  0.0172 Loss fft:  0.8309 Loss dta_rank:  0.0000 Loss dta_tv:  0.0324 Loss dta_proxy:  0.6373 Loss dta_trans:  0.0056 Loss dta_phys:  0.0068 Loss dta_preserve:  0.0057
EPOCH: 05
Elapsed time: 0.88 Epoch Pixel Loss:  0.0171 Epoch FFT Loss:  0.8182 Epoch DTA Rank:  0.0000 Epoch DTA TV:  0.0327 Epoch DTA Proxy:  0.6430 Epoch DTA Trans:  0.0067 Epoch DTA Phys:  0.0067 Epoch DTA Preserve:  0.0050
DTA_GATE_RAMP epoch=6 gate_limit=0.030000
Time:  0.0804 Epoch: 006 Iter:   50/ 600 LR: 0.0000942212 Loss content:  0.0172 Loss fft:  0.8222 Loss dta_rank:  0.0000 Loss dta_tv:  0.0324 Loss dta_proxy:  0.6275 Loss dta_trans:  0.0066 Loss dta_phys:  0.0065 Loss dta_preserve:  0.0062
Time:  0.0759 Epoch: 006 Iter:  100/ 600 LR: 0.0000942212 Loss content:  0.0166 Loss fft:  0.8223 Loss dta_rank:  0.0000 Loss dta_tv:  0.0325 Loss dta_proxy:  0.6444 Loss dta_trans:  0.0065 Loss dta_phys:  0.0071 Loss dta_preserve:  0.0054
Time:  0.0753 Epoch: 006 Iter:  150/ 600 LR: 0.0000942212 Loss content:  0.0168 Loss fft:  0.8095 Loss dta_rank:  0.0000 Loss dta_tv:  0.0332 Loss dta_proxy:  0.6076 Loss dta_trans:  0.0073 Loss dta_phys:  0.0062 Loss dta_preserve:  0.0056
Time:  0.0762 Epoch: 006 Iter:  200/ 600 LR: 0.0000942212 Loss content:  0.0166 Loss fft:  0.8078 Loss dta_rank:  0.0000 Loss dta_tv:  0.0331 Loss dta_proxy:  0.6294 Loss dta_trans:  0.0068 Loss dta_phys:  0.0075 Loss dta_preserve:  0.0046
Time:  0.0749 Epoch: 006 Iter:  250/ 600 LR: 0.0000942212 Loss content:  0.0169 Loss fft:  0.7968 Loss dta_rank:  0.0000 Loss dta_tv:  0.0321 Loss dta_proxy:  0.6338 Loss dta_trans:  0.0058 Loss dta_phys:  0.0071 Loss dta_preserve:  0.0043
Time:  0.0753 Epoch: 006 Iter:  300/ 600 LR: 0.0000942212 Loss content:  0.0170 Loss fft:  0.8205 Loss dta_rank:  0.0000 Loss dta_tv:  0.0323 Loss dta_proxy:  0.6504 Loss dta_trans:  0.0071 Loss dta_phys:  0.0066 Loss dta_preserve:  0.0043
Time:  0.0767 Epoch: 006 Iter:  350/ 600 LR: 0.0000942212 Loss content:  0.0169 Loss fft:  0.8124 Loss dta_rank:  0.0000 Loss dta_tv:  0.0315 Loss dta_proxy:  0.6442 Loss dta_trans:  0.0061 Loss dta_phys:  0.0061 Loss dta_preserve:  0.0046
Time:  0.0750 Epoch: 006 Iter:  400/ 600 LR: 0.0000942212 Loss content:  0.0171 Loss fft:  0.8306 Loss dta_rank:  0.0000 Loss dta_tv:  0.0314 Loss dta_proxy:  0.6382 Loss dta_trans:  0.0061 Loss dta_phys:  0.0069 Loss dta_preserve:  0.0050
Time:  0.0773 Epoch: 006 Iter:  450/ 600 LR: 0.0000942212 Loss content:  0.0171 Loss fft:  0.8013 Loss dta_rank:  0.0000 Loss dta_tv:  0.0304 Loss dta_proxy:  0.6678 Loss dta_trans:  0.0064 Loss dta_phys:  0.0069 Loss dta_preserve:  0.0048
Time:  0.0775 Epoch: 006 Iter:  500/ 600 LR: 0.0000942212 Loss content:  0.0172 Loss fft:  0.8287 Loss dta_rank:  0.0000 Loss dta_tv:  0.0305 Loss dta_proxy:  0.6621 Loss dta_trans:  0.0067 Loss dta_phys:  0.0070 Loss dta_preserve:  0.0049
Time:  0.0764 Epoch: 006 Iter:  550/ 600 LR: 0.0000942212 Loss content:  0.0183 Loss fft:  0.8628 Loss dta_rank:  0.0000 Loss dta_tv:  0.0317 Loss dta_proxy:  0.6303 Loss dta_trans:  0.0062 Loss dta_phys:  0.0061 Loss dta_preserve:  0.0063
Time:  0.0749 Epoch: 006 Iter:  600/ 600 LR: 0.0000942212 Loss content:  0.0168 Loss fft:  0.8221 Loss dta_rank:  0.0000 Loss dta_tv:  0.0314 Loss dta_proxy:  0.6472 Loss dta_trans:  0.0068 Loss dta_phys:  0.0070 Loss dta_preserve:  0.0050
EPOCH: 06
Elapsed time: 0.92 Epoch Pixel Loss:  0.0170 Epoch FFT Loss:  0.8198 Epoch DTA Rank:  0.0000 Epoch DTA TV:  0.0319 Epoch DTA Proxy:  0.6402 Epoch DTA Trans:  0.0065 Epoch DTA Phys:  0.0068 Epoch DTA Preserve:  0.0051
DTA_GATE_RAMP epoch=7 gate_limit=0.030000
Time:  0.0835 Epoch: 007 Iter:   50/ 600 LR: 0.0000886874 Loss content:  0.0166 Loss fft:  0.8075 Loss dta_rank:  0.0000 Loss dta_tv:  0.0302 Loss dta_proxy:  0.6739 Loss dta_trans:  0.0054 Loss dta_phys:  0.0070 Loss dta_preserve:  0.0036
Time:  0.0765 Epoch: 007 Iter:  100/ 600 LR: 0.0000886874 Loss content:  0.0172 Loss fft:  0.8306 Loss dta_rank:  0.0000 Loss dta_tv:  0.0327 Loss dta_proxy:  0.6283 Loss dta_trans:  0.0074 Loss dta_phys:  0.0068 Loss dta_preserve:  0.0060
Time:  0.0752 Epoch: 007 Iter:  150/ 600 LR: 0.0000886874 Loss content:  0.0170 Loss fft:  0.8144 Loss dta_rank:  0.0000 Loss dta_tv:  0.0314 Loss dta_proxy:  0.6410 Loss dta_trans:  0.0055 Loss dta_phys:  0.0069 Loss dta_preserve:  0.0057
Time:  0.0735 Epoch: 007 Iter:  200/ 600 LR: 0.0000886874 Loss content:  0.0168 Loss fft:  0.7963 Loss dta_rank:  0.0000 Loss dta_tv:  0.0319 Loss dta_proxy:  0.6194 Loss dta_trans:  0.0066 Loss dta_phys:  0.0063 Loss dta_preserve:  0.0046
Time:  0.0752 Epoch: 007 Iter:  250/ 600 LR: 0.0000886874 Loss content:  0.0165 Loss fft:  0.8166 Loss dta_rank:  0.0000 Loss dta_tv:  0.0319 Loss dta_proxy:  0.6322 Loss dta_trans:  0.0062 Loss dta_phys:  0.0075 Loss dta_preserve:  0.0058
Time:  0.0797 Epoch: 007 Iter:  300/ 600 LR: 0.0000886874 Loss content:  0.0169 Loss fft:  0.7968 Loss dta_rank:  0.0000 Loss dta_tv:  0.0307 Loss dta_proxy:  0.6334 Loss dta_trans:  0.0065 Loss dta_phys:  0.0060 Loss dta_preserve:  0.0054
Time:  0.0769 Epoch: 007 Iter:  350/ 600 LR: 0.0000886874 Loss content:  0.0179 Loss fft:  0.8390 Loss dta_rank:  0.0000 Loss dta_tv:  0.0309 Loss dta_proxy:  0.6273 Loss dta_trans:  0.0066 Loss dta_phys:  0.0063 Loss dta_preserve:  0.0039
Time:  0.0769 Epoch: 007 Iter:  400/ 600 LR: 0.0000886874 Loss content:  0.0174 Loss fft:  0.8396 Loss dta_rank:  0.0000 Loss dta_tv:  0.0308 Loss dta_proxy:  0.6610 Loss dta_trans:  0.0062 Loss dta_phys:  0.0064 Loss dta_preserve:  0.0047
Time:  0.0798 Epoch: 007 Iter:  450/ 600 LR: 0.0000886874 Loss content:  0.0172 Loss fft:  0.8126 Loss dta_rank:  0.0000 Loss dta_tv:  0.0318 Loss dta_proxy:  0.6462 Loss dta_trans:  0.0072 Loss dta_phys:  0.0074 Loss dta_preserve:  0.0073
Time:  0.0747 Epoch: 007 Iter:  500/ 600 LR: 0.0000886874 Loss content:  0.0172 Loss fft:  0.8304 Loss dta_rank:  0.0000 Loss dta_tv:  0.0303 Loss dta_proxy:  0.6475 Loss dta_trans:  0.0061 Loss dta_phys:  0.0067 Loss dta_preserve:  0.0059
Time:  0.0798 Epoch: 007 Iter:  550/ 600 LR: 0.0000886874 Loss content:  0.0171 Loss fft:  0.8096 Loss dta_rank:  0.0000 Loss dta_tv:  0.0294 Loss dta_proxy:  0.6671 Loss dta_trans:  0.0053 Loss dta_phys:  0.0068 Loss dta_preserve:  0.0047
Time:  0.0758 Epoch: 007 Iter:  600/ 600 LR: 0.0000886874 Loss content:  0.0165 Loss fft:  0.7973 Loss dta_rank:  0.0000 Loss dta_tv:  0.0302 Loss dta_proxy:  0.6219 Loss dta_trans:  0.0063 Loss dta_phys:  0.0066 Loss dta_preserve:  0.0048
EPOCH: 07
Elapsed time: 0.93 Epoch Pixel Loss:  0.0170 Epoch FFT Loss:  0.8159 Epoch DTA Rank:  0.0000 Epoch DTA TV:  0.0310 Epoch DTA Proxy:  0.6416 Epoch DTA Trans:  0.0063 Epoch DTA Phys:  0.0067 Epoch DTA Preserve:  0.0052
DTA_GATE_RAMP epoch=8 gate_limit=0.030000
Time:  0.0705 Epoch: 008 Iter:   50/ 600 LR: 0.0000819070 Loss content:  0.0178 Loss fft:  0.8216 Loss dta_rank:  0.0000 Loss dta_tv:  0.0305 Loss dta_proxy:  0.6592 Loss dta_trans:  0.0071 Loss dta_phys:  0.0078 Loss dta_preserve:  0.0060
Time:  0.0686 Epoch: 008 Iter:  100/ 600 LR: 0.0000819070 Loss content:  0.0173 Loss fft:  0.7880 Loss dta_rank:  0.0000 Loss dta_tv:  0.0305 Loss dta_proxy:  0.6401 Loss dta_trans:  0.0060 Loss dta_phys:  0.0073 Loss dta_preserve:  0.0056
Time:  0.0787 Epoch: 008 Iter:  150/ 600 LR: 0.0000819070 Loss content:  0.0178 Loss fft:  0.8461 Loss dta_rank:  0.0000 Loss dta_tv:  0.0299 Loss dta_proxy:  0.6730 Loss dta_trans:  0.0052 Loss dta_phys:  0.0069 Loss dta_preserve:  0.0056
Time:  0.0775 Epoch: 008 Iter:  200/ 600 LR: 0.0000819070 Loss content:  0.0172 Loss fft:  0.8136 Loss dta_rank:  0.0000 Loss dta_tv:  0.0303 Loss dta_proxy:  0.6322 Loss dta_trans:  0.0075 Loss dta_phys:  0.0062 Loss dta_preserve:  0.0050
Time:  0.0787 Epoch: 008 Iter:  250/ 600 LR: 0.0000819070 Loss content:  0.0167 Loss fft:  0.8126 Loss dta_rank:  0.0000 Loss dta_tv:  0.0309 Loss dta_proxy:  0.6268 Loss dta_trans:  0.0062 Loss dta_phys:  0.0069 Loss dta_preserve:  0.0044
Time:  0.0777 Epoch: 008 Iter:  300/ 600 LR: 0.0000819070 Loss content:  0.0170 Loss fft:  0.8245 Loss dta_rank:  0.0000 Loss dta_tv:  0.0309 Loss dta_proxy:  0.6519 Loss dta_trans:  0.0055 Loss dta_phys:  0.0061 Loss dta_preserve:  0.0045
Time:  0.0769 Epoch: 008 Iter:  350/ 600 LR: 0.0000819070 Loss content:  0.0171 Loss fft:  0.8116 Loss dta_rank:  0.0000 Loss dta_tv:  0.0307 Loss dta_proxy:  0.6481 Loss dta_trans:  0.0066 Loss dta_phys:  0.0059 Loss dta_preserve:  0.0047
Time:  0.0741 Epoch: 008 Iter:  400/ 600 LR: 0.0000819070 Loss content:  0.0171 Loss fft:  0.8366 Loss dta_rank:  0.0000 Loss dta_tv:  0.0299 Loss dta_proxy:  0.6382 Loss dta_trans:  0.0067 Loss dta_phys:  0.0065 Loss dta_preserve:  0.0043
Time:  0.0784 Epoch: 008 Iter:  450/ 600 LR: 0.0000819070 Loss content:  0.0168 Loss fft:  0.8235 Loss dta_rank:  0.0000 Loss dta_tv:  0.0293 Loss dta_proxy:  0.6726 Loss dta_trans:  0.0048 Loss dta_phys:  0.0077 Loss dta_preserve:  0.0048
Time:  0.0763 Epoch: 008 Iter:  500/ 600 LR: 0.0000819070 Loss content:  0.0170 Loss fft:  0.8029 Loss dta_rank:  0.0000 Loss dta_tv:  0.0303 Loss dta_proxy:  0.6493 Loss dta_trans:  0.0052 Loss dta_phys:  0.0067 Loss dta_preserve:  0.0045
Time:  0.0826 Epoch: 008 Iter:  550/ 600 LR: 0.0000819070 Loss content:  0.0168 Loss fft:  0.8191 Loss dta_rank:  0.0000 Loss dta_tv:  0.0302 Loss dta_proxy:  0.6344 Loss dta_trans:  0.0063 Loss dta_phys:  0.0069 Loss dta_preserve:  0.0043
Time:  0.0759 Epoch: 008 Iter:  600/ 600 LR: 0.0000819070 Loss content:  0.0168 Loss fft:  0.8106 Loss dta_rank:  0.0000 Loss dta_tv:  0.0315 Loss dta_proxy:  0.6156 Loss dta_trans:  0.0063 Loss dta_phys:  0.0066 Loss dta_preserve:  0.0054
EPOCH: 08
Elapsed time: 0.92 Epoch Pixel Loss:  0.0171 Epoch FFT Loss:  0.8176 Epoch DTA Rank:  0.0000 Epoch DTA TV:  0.0304 Epoch DTA Proxy:  0.6451 Epoch DTA Trans:  0.0061 Epoch DTA Phys:  0.0068 Epoch DTA Preserve:  0.0049
DTA_GATE_RAMP epoch=9 gate_limit=0.060000
Time:  0.0757 Epoch: 009 Iter:   50/ 600 LR: 0.0000741093 Loss content:  0.0172 Loss fft:  0.7815 Loss dta_rank:  0.0000 Loss dta_tv:  0.0311 Loss dta_proxy:  0.6193 Loss dta_trans:  0.0063 Loss dta_phys:  0.0069 Loss dta_preserve:  0.0053
Time:  0.0629 Epoch: 009 Iter:  100/ 600 LR: 0.0000741093 Loss content:  0.0174 Loss fft:  0.8224 Loss dta_rank:  0.0000 Loss dta_tv:  0.0302 Loss dta_proxy:  0.6524 Loss dta_trans:  0.0057 Loss dta_phys:  0.0071 Loss dta_preserve:  0.0060
Time:  0.0632 Epoch: 009 Iter:  150/ 600 LR: 0.0000741093 Loss content:  0.0165 Loss fft:  0.8217 Loss dta_rank:  0.0000 Loss dta_tv:  0.0309 Loss dta_proxy:  0.6442 Loss dta_trans:  0.0055 Loss dta_phys:  0.0066 Loss dta_preserve:  0.0044
Time:  0.0635 Epoch: 009 Iter:  200/ 600 LR: 0.0000741093 Loss content:  0.0174 Loss fft:  0.8033 Loss dta_rank:  0.0000 Loss dta_tv:  0.0304 Loss dta_proxy:  0.6471 Loss dta_trans:  0.0066 Loss dta_phys:  0.0075 Loss dta_preserve:  0.0055
Time:  0.0617 Epoch: 009 Iter:  250/ 600 LR: 0.0000741093 Loss content:  0.0188 Loss fft:  1.0496 Loss dta_rank:  0.0000 Loss dta_tv:  0.0300 Loss dta_proxy:  0.6438 Loss dta_trans:  0.0054 Loss dta_phys:  0.0070 Loss dta_preserve:  0.0053
Time:  0.0614 Epoch: 009 Iter:  300/ 600 LR: 0.0000741093 Loss content:  0.0176 Loss fft:  0.8330 Loss dta_rank:  0.0000 Loss dta_tv:  0.0298 Loss dta_proxy:  0.6299 Loss dta_trans:  0.0071 Loss dta_phys:  0.0061 Loss dta_preserve:  0.0055
Time:  0.0620 Epoch: 009 Iter:  350/ 600 LR: 0.0000741093 Loss content:  0.0179 Loss fft:  0.8660 Loss dta_rank:  0.0000 Loss dta_tv:  0.0305 Loss dta_proxy:  0.6522 Loss dta_trans:  0.0067 Loss dta_phys:  0.0073 Loss dta_preserve:  0.0058
Time:  0.0629 Epoch: 009 Iter:  400/ 600 LR: 0.0000741093 Loss content:  0.0162 Loss fft:  0.7997 Loss dta_rank:  0.0000 Loss dta_tv:  0.0301 Loss dta_proxy:  0.6325 Loss dta_trans:  0.0054 Loss dta_phys:  0.0063 Loss dta_preserve:  0.0044
Time:  0.0615 Epoch: 009 Iter:  450/ 600 LR: 0.0000741093 Loss content:  0.0166 Loss fft:  0.8062 Loss dta_rank:  0.0000 Loss dta_tv:  0.0305 Loss dta_proxy:  0.6390 Loss dta_trans:  0.0062 Loss dta_phys:  0.0064 Loss dta_preserve:  0.0055
Time:  0.0613 Epoch: 009 Iter:  500/ 600 LR: 0.0000741093 Loss content:  0.0171 Loss fft:  0.8381 Loss dta_rank:  0.0000 Loss dta_tv:  0.0305 Loss dta_proxy:  0.6312 Loss dta_trans:  0.0061 Loss dta_phys:  0.0064 Loss dta_preserve:  0.0042
Time:  0.0586 Epoch: 009 Iter:  550/ 600 LR: 0.0000741093 Loss content:  0.0170 Loss fft:  0.8129 Loss dta_rank:  0.0000 Loss dta_tv:  0.0306 Loss dta_proxy:  0.6214 Loss dta_trans:  0.0059 Loss dta_phys:  0.0064 Loss dta_preserve:  0.0053
Time:  0.0607 Epoch: 009 Iter:  600/ 600 LR: 0.0000741093 Loss content:  0.0178 Loss fft:  0.8604 Loss dta_rank:  0.0000 Loss dta_tv:  0.0299 Loss dta_proxy:  0.6237 Loss dta_trans:  0.0055 Loss dta_phys:  0.0064 Loss dta_preserve:  0.0055
EPOCH: 09
Elapsed time: 0.76 Epoch Pixel Loss:  0.0173 Epoch FFT Loss:  0.8412 Epoch DTA Rank:  0.0000 Epoch DTA TV:  0.0304 Epoch DTA Proxy:  0.6364 Epoch DTA Trans:  0.0060 Epoch DTA Phys:  0.0067 Epoch DTA Preserve:  0.0052
DTA_GATE_RAMP epoch=10 gate_limit=0.060000
Time:  0.0669 Epoch: 010 Iter:   50/ 600 LR: 0.0000655580 Loss content:  0.0175 Loss fft:  0.8427 Loss dta_rank:  0.0000 Loss dta_tv:  0.0307 Loss dta_proxy:  0.6293 Loss dta_trans:  0.0063 Loss dta_phys:  0.0070 Loss dta_preserve:  0.0053
Time:  0.0662 Epoch: 010 Iter:  100/ 600 LR: 0.0000655580 Loss content:  0.0168 Loss fft:  0.7847 Loss dta_rank:  0.0000 Loss dta_tv:  0.0303 Loss dta_proxy:  0.6337 Loss dta_trans:  0.0055 Loss dta_phys:  0.0057 Loss dta_preserve:  0.0059
Time:  0.0786 Epoch: 010 Iter:  150/ 600 LR: 0.0000655580 Loss content:  0.0175 Loss fft:  0.8332 Loss dta_rank:  0.0000 Loss dta_tv:  0.0302 Loss dta_proxy:  0.6410 Loss dta_trans:  0.0069 Loss dta_phys:  0.0064 Loss dta_preserve:  0.0041
Time:  0.0776 Epoch: 010 Iter:  200/ 600 LR: 0.0000655580 Loss content:  0.0169 Loss fft:  0.8182 Loss dta_rank:  0.0000 Loss dta_tv:  0.0290 Loss dta_proxy:  0.6484 Loss dta_trans:  0.0057 Loss dta_phys:  0.0067 Loss dta_preserve:  0.0033
Time:  0.0751 Epoch: 010 Iter:  250/ 600 LR: 0.0000655580 Loss content:  0.0169 Loss fft:  0.8035 Loss dta_rank:  0.0000 Loss dta_tv:  0.0290 Loss dta_proxy:  0.6515 Loss dta_trans:  0.0049 Loss dta_phys:  0.0073 Loss dta_preserve:  0.0042
Time:  0.0776 Epoch: 010 Iter:  300/ 600 LR: 0.0000655580 Loss content:  0.0166 Loss fft:  0.8143 Loss dta_rank:  0.0000 Loss dta_tv:  0.0296 Loss dta_proxy:  0.6490 Loss dta_trans:  0.0064 Loss dta_phys:  0.0074 Loss dta_preserve:  0.0059
Time:  0.0766 Epoch: 010 Iter:  350/ 600 LR: 0.0000655580 Loss content:  0.0175 Loss fft:  0.8434 Loss dta_rank:  0.0000 Loss dta_tv:  0.0292 Loss dta_proxy:  0.6529 Loss dta_trans:  0.0056 Loss dta_phys:  0.0071 Loss dta_preserve:  0.0058
Time:  0.0761 Epoch: 010 Iter:  400/ 600 LR: 0.0000655580 Loss content:  0.0167 Loss fft:  0.8073 Loss dta_rank:  0.0000 Loss dta_tv:  0.0299 Loss dta_proxy:  0.6311 Loss dta_trans:  0.0057 Loss dta_phys:  0.0063 Loss dta_preserve:  0.0050
Time:  0.0781 Epoch: 010 Iter:  450/ 600 LR: 0.0000655580 Loss content:  0.0170 Loss fft:  0.8127 Loss dta_rank:  0.0000 Loss dta_tv:  0.0294 Loss dta_proxy:  0.6630 Loss dta_trans:  0.0068 Loss dta_phys:  0.0071 Loss dta_preserve:  0.0042
Time:  0.0756 Epoch: 010 Iter:  500/ 600 LR: 0.0000655580 Loss content:  0.0170 Loss fft:  0.8150 Loss dta_rank:  0.0000 Loss dta_tv:  0.0293 Loss dta_proxy:  0.6536 Loss dta_trans:  0.0058 Loss dta_phys:  0.0071 Loss dta_preserve:  0.0054
Time:  0.0779 Epoch: 010 Iter:  550/ 600 LR: 0.0000655580 Loss content:  0.0168 Loss fft:  0.8304 Loss dta_rank:  0.0000 Loss dta_tv:  0.0294 Loss dta_proxy:  0.6360 Loss dta_trans:  0.0054 Loss dta_phys:  0.0062 Loss dta_preserve:  0.0059
Time:  0.0758 Epoch: 010 Iter:  600/ 600 LR: 0.0000655580 Loss content:  0.0177 Loss fft:  0.8285 Loss dta_rank:  0.0000 Loss dta_tv:  0.0299 Loss dta_proxy:  0.6319 Loss dta_trans:  0.0052 Loss dta_phys:  0.0058 Loss dta_preserve:  0.0050
EPOCH: 10
Elapsed time: 0.91 Epoch Pixel Loss:  0.0171 Epoch FFT Loss:  0.8195 Epoch DTA Rank:  0.0000 Epoch DTA TV:  0.0297 Epoch DTA Proxy:  0.6434 Epoch DTA Trans:  0.0059 Epoch DTA Phys:  0.0067 Epoch DTA Preserve:  0.0050
DTA_GATE_RAMP epoch=11 gate_limit=0.060000
Time:  0.0827 Epoch: 011 Iter:   50/ 600 LR: 0.0000565424 Loss content:  0.0164 Loss fft:  0.8205 Loss dta_rank:  0.0000 Loss dta_tv:  0.0304 Loss dta_proxy:  0.6354 Loss dta_trans:  0.0057 Loss dta_phys:  0.0073 Loss dta_preserve:  0.0056
Time:  0.0750 Epoch: 011 Iter:  100/ 600 LR: 0.0000565424 Loss content:  0.0175 Loss fft:  0.8260 Loss dta_rank:  0.0000 Loss dta_tv:  0.0297 Loss dta_proxy:  0.6396 Loss dta_trans:  0.0052 Loss dta_phys:  0.0066 Loss dta_preserve:  0.0045
Time:  0.0772 Epoch: 011 Iter:  150/ 600 LR: 0.0000565424 Loss content:  0.0165 Loss fft:  0.7908 Loss dta_rank:  0.0000 Loss dta_tv:  0.0307 Loss dta_proxy:  0.6275 Loss dta_trans:  0.0056 Loss dta_phys:  0.0071 Loss dta_preserve:  0.0055
Time:  0.0772 Epoch: 011 Iter:  200/ 600 LR: 0.0000565424 Loss content:  0.0174 Loss fft:  0.8506 Loss dta_rank:  0.0000 Loss dta_tv:  0.0291 Loss dta_proxy:  0.6554 Loss dta_trans:  0.0048 Loss dta_phys:  0.0059 Loss dta_preserve:  0.0046
Time:  0.0783 Epoch: 011 Iter:  250/ 600 LR: 0.0000565424 Loss content:  0.0178 Loss fft:  0.8370 Loss dta_rank:  0.0000 Loss dta_tv:  0.0301 Loss dta_proxy:  0.6196 Loss dta_trans:  0.0075 Loss dta_phys:  0.0059 Loss dta_preserve:  0.0071
Time:  0.0757 Epoch: 011 Iter:  300/ 600 LR: 0.0000565424 Loss content:  0.0178 Loss fft:  0.8328 Loss dta_rank:  0.0000 Loss dta_tv:  0.0287 Loss dta_proxy:  0.6670 Loss dta_trans:  0.0058 Loss dta_phys:  0.0070 Loss dta_preserve:  0.0057
Time:  0.0789 Epoch: 011 Iter:  350/ 600 LR: 0.0000565424 Loss content:  0.0167 Loss fft:  0.8050 Loss dta_rank:  0.0000 Loss dta_tv:  0.0295 Loss dta_proxy:  0.6475 Loss dta_trans:  0.0054 Loss dta_phys:  0.0065 Loss dta_preserve:  0.0049
Time:  0.0762 Epoch: 011 Iter:  400/ 600 LR: 0.0000565424 Loss content:  0.0175 Loss fft:  0.8368 Loss dta_rank:  0.0000 Loss dta_tv:  0.0300 Loss dta_proxy:  0.6444 Loss dta_trans:  0.0051 Loss dta_phys:  0.0069 Loss dta_preserve:  0.0051
Time:  0.0742 Epoch: 011 Iter:  450/ 600 LR: 0.0000565424 Loss content:  0.0166 Loss fft:  0.8226 Loss dta_rank:  0.0000 Loss dta_tv:  0.0293 Loss dta_proxy:  0.6456 Loss dta_trans:  0.0057 Loss dta_phys:  0.0071 Loss dta_preserve:  0.0067
Time:  0.0770 Epoch: 011 Iter:  500/ 600 LR: 0.0000565424 Loss content:  0.0178 Loss fft:  0.8255 Loss dta_rank:  0.0000 Loss dta_tv:  0.0291 Loss dta_proxy:  0.6605 Loss dta_trans:  0.0064 Loss dta_phys:  0.0068 Loss dta_preserve:  0.0061
Time:  0.0742 Epoch: 011 Iter:  550/ 600 LR: 0.0000565424 Loss content:  0.0167 Loss fft:  0.8030 Loss dta_rank:  0.0000 Loss dta_tv:  0.0293 Loss dta_proxy:  0.6384 Loss dta_trans:  0.0055 Loss dta_phys:  0.0065 Loss dta_preserve:  0.0037
Time:  0.0771 Epoch: 011 Iter:  600/ 600 LR: 0.0000565424 Loss content:  0.0169 Loss fft:  0.8066 Loss dta_rank:  0.0000 Loss dta_tv:  0.0298 Loss dta_proxy:  0.6350 Loss dta_trans:  0.0067 Loss dta_phys:  0.0078 Loss dta_preserve:  0.0050
EPOCH: 11
Elapsed time: 0.93 Epoch Pixel Loss:  0.0171 Epoch FFT Loss:  0.8214 Epoch DTA Rank:  0.0000 Epoch DTA TV:  0.0296 Epoch DTA Proxy:  0.6430 Epoch DTA Trans:  0.0058 Epoch DTA Phys:  0.0068 Epoch DTA Preserve:  0.0054
DTA_GATE_RAMP epoch=12 gate_limit=0.060000
Time:  0.0835 Epoch: 012 Iter:   50/ 600 LR: 0.0000473670 Loss content:  0.0173 Loss fft:  0.8268 Loss dta_rank:  0.0000 Loss dta_tv:  0.0298 Loss dta_proxy:  0.6371 Loss dta_trans:  0.0054 Loss dta_phys:  0.0058 Loss dta_preserve:  0.0069
Time:  0.0775 Epoch: 012 Iter:  100/ 600 LR: 0.0000473670 Loss content:  0.0170 Loss fft:  0.8415 Loss dta_rank:  0.0000 Loss dta_tv:  0.0294 Loss dta_proxy:  0.6475 Loss dta_trans:  0.0058 Loss dta_phys:  0.0069 Loss dta_preserve:  0.0051
Time:  0.0767 Epoch: 012 Iter:  150/ 600 LR: 0.0000473670 Loss content:  0.0164 Loss fft:  0.8005 Loss dta_rank:  0.0000 Loss dta_tv:  0.0297 Loss dta_proxy:  0.6212 Loss dta_trans:  0.0064 Loss dta_phys:  0.0059 Loss dta_preserve:  0.0051
Time:  0.0772 Epoch: 012 Iter:  200/ 600 LR: 0.0000473670 Loss content:  0.0169 Loss fft:  0.8067 Loss dta_rank:  0.0000 Loss dta_tv:  0.0288 Loss dta_proxy:  0.6590 Loss dta_trans:  0.0048 Loss dta_phys:  0.0065 Loss dta_preserve:  0.0044
Time:  0.0769 Epoch: 012 Iter:  250/ 600 LR: 0.0000473670 Loss content:  0.0170 Loss fft:  0.7854 Loss dta_rank:  0.0000 Loss dta_tv:  0.0302 Loss dta_proxy:  0.6502 Loss dta_trans:  0.0072 Loss dta_phys:  0.0073 Loss dta_preserve:  0.0045
Time:  0.0755 Epoch: 012 Iter:  300/ 600 LR: 0.0000473670 Loss content:  0.0175 Loss fft:  0.8251 Loss dta_rank:  0.0000 Loss dta_tv:  0.0292 Loss dta_proxy:  0.6503 Loss dta_trans:  0.0066 Loss dta_phys:  0.0069 Loss dta_preserve:  0.0057
Time:  0.0735 Epoch: 012 Iter:  350/ 600 LR: 0.0000473670 Loss content:  0.0174 Loss fft:  0.8322 Loss dta_rank:  0.0000 Loss dta_tv:  0.0290 Loss dta_proxy:  0.6407 Loss dta_trans:  0.0053 Loss dta_phys:  0.0070 Loss dta_preserve:  0.0061
Time:  0.0765 Epoch: 012 Iter:  400/ 600 LR: 0.0000473670 Loss content:  0.0174 Loss fft:  0.8274 Loss dta_rank:  0.0000 Loss dta_tv:  0.0298 Loss dta_proxy:  0.6248 Loss dta_trans:  0.0055 Loss dta_phys:  0.0067 Loss dta_preserve:  0.0062
Time:  0.0746 Epoch: 012 Iter:  450/ 600 LR: 0.0000473670 Loss content:  0.0167 Loss fft:  0.8244 Loss dta_rank:  0.0000 Loss dta_tv:  0.0293 Loss dta_proxy:  0.6374 Loss dta_trans:  0.0048 Loss dta_phys:  0.0063 Loss dta_preserve:  0.0044
Time:  0.0771 Epoch: 012 Iter:  500/ 600 LR: 0.0000473670 Loss content:  0.0169 Loss fft:  0.7965 Loss dta_rank:  0.0000 Loss dta_tv:  0.0294 Loss dta_proxy:  0.6444 Loss dta_trans:  0.0071 Loss dta_phys:  0.0073 Loss dta_preserve:  0.0048
Time:  0.0760 Epoch: 012 Iter:  550/ 600 LR: 0.0000473670 Loss content:  0.0172 Loss fft:  0.8154 Loss dta_rank:  0.0000 Loss dta_tv:  0.0295 Loss dta_proxy:  0.6281 Loss dta_trans:  0.0059 Loss dta_phys:  0.0063 Loss dta_preserve:  0.0039
Time:  0.0761 Epoch: 012 Iter:  600/ 600 LR: 0.0000473670 Loss content:  0.0165 Loss fft:  0.8113 Loss dta_rank:  0.0000 Loss dta_tv:  0.0288 Loss dta_proxy:  0.6331 Loss dta_trans:  0.0056 Loss dta_phys:  0.0072 Loss dta_preserve:  0.0049
EPOCH: 12
Elapsed time: 0.92 Epoch Pixel Loss:  0.0170 Epoch FFT Loss:  0.8161 Epoch DTA Rank:  0.0000 Epoch DTA TV:  0.0294 Epoch DTA Proxy:  0.6395 Epoch DTA Trans:  0.0059 Epoch DTA Phys:  0.0067 Epoch DTA Preserve:  0.0052
DTA_GATE_RAMP epoch=13 gate_limit=0.060000
Time:  0.0801 Epoch: 013 Iter:   50/ 600 LR: 0.0000383414 Loss content:  0.0169 Loss fft:  0.8023 Loss dta_rank:  0.0000 Loss dta_tv:  0.0303 Loss dta_proxy:  0.6230 Loss dta_trans:  0.0071 Loss dta_phys:  0.0067 Loss dta_preserve:  0.0045
Time:  0.0778 Epoch: 013 Iter:  100/ 600 LR: 0.0000383414 Loss content:  0.0164 Loss fft:  0.8143 Loss dta_rank:  0.0000 Loss dta_tv:  0.0294 Loss dta_proxy:  0.6561 Loss dta_trans:  0.0054 Loss dta_phys:  0.0071 Loss dta_preserve:  0.0047
Time:  0.0763 Epoch: 013 Iter:  150/ 600 LR: 0.0000383414 Loss content:  0.0177 Loss fft:  0.8349 Loss dta_rank:  0.0000 Loss dta_tv:  0.0296 Loss dta_proxy:  0.6349 Loss dta_trans:  0.0055 Loss dta_phys:  0.0064 Loss dta_preserve:  0.0061
Time:  0.0802 Epoch: 013 Iter:  200/ 600 LR: 0.0000383414 Loss content:  0.0169 Loss fft:  0.8213 Loss dta_rank:  0.0000 Loss dta_tv:  0.0294 Loss dta_proxy:  0.6375 Loss dta_trans:  0.0057 Loss dta_phys:  0.0067 Loss dta_preserve:  0.0059
Time:  0.0784 Epoch: 013 Iter:  250/ 600 LR: 0.0000383414 Loss content:  0.0172 Loss fft:  0.7962 Loss dta_rank:  0.0000 Loss dta_tv:  0.0285 Loss dta_proxy:  0.6345 Loss dta_trans:  0.0053 Loss dta_phys:  0.0062 Loss dta_preserve:  0.0051
Time:  0.0775 Epoch: 013 Iter:  300/ 600 LR: 0.0000383414 Loss content:  0.0170 Loss fft:  0.8281 Loss dta_rank:  0.0000 Loss dta_tv:  0.0293 Loss dta_proxy:  0.6354 Loss dta_trans:  0.0048 Loss dta_phys:  0.0066 Loss dta_preserve:  0.0042
Time:  0.0775 Epoch: 013 Iter:  350/ 600 LR: 0.0000383414 Loss content:  0.0169 Loss fft:  0.8217 Loss dta_rank:  0.0000 Loss dta_tv:  0.0287 Loss dta_proxy:  0.6529 Loss dta_trans:  0.0060 Loss dta_phys:  0.0071 Loss dta_preserve:  0.0057
Time:  0.0771 Epoch: 013 Iter:  400/ 600 LR: 0.0000383414 Loss content:  0.0169 Loss fft:  0.8118 Loss dta_rank:  0.0000 Loss dta_tv:  0.0283 Loss dta_proxy:  0.6632 Loss dta_trans:  0.0052 Loss dta_phys:  0.0063 Loss dta_preserve:  0.0054
Time:  0.0779 Epoch: 013 Iter:  450/ 600 LR: 0.0000383414 Loss content:  0.0162 Loss fft:  0.7825 Loss dta_rank:  0.0000 Loss dta_tv:  0.0290 Loss dta_proxy:  0.6382 Loss dta_trans:  0.0070 Loss dta_phys:  0.0071 Loss dta_preserve:  0.0043
Time:  0.0729 Epoch: 013 Iter:  500/ 600 LR: 0.0000383414 Loss content:  0.0174 Loss fft:  0.8404 Loss dta_rank:  0.0000 Loss dta_tv:  0.0282 Loss dta_proxy:  0.6511 Loss dta_trans:  0.0052 Loss dta_phys:  0.0062 Loss dta_preserve:  0.0042
Time:  0.0789 Epoch: 013 Iter:  550/ 600 LR: 0.0000383414 Loss content:  0.0167 Loss fft:  0.8057 Loss dta_rank:  0.0000 Loss dta_tv:  0.0293 Loss dta_proxy:  0.6244 Loss dta_trans:  0.0064 Loss dta_phys:  0.0069 Loss dta_preserve:  0.0048
Time:  0.0788 Epoch: 013 Iter:  600/ 600 LR: 0.0000383414 Loss content:  0.0170 Loss fft:  0.8122 Loss dta_rank:  0.0000 Loss dta_tv:  0.0292 Loss dta_proxy:  0.6577 Loss dta_trans:  0.0056 Loss dta_phys:  0.0065 Loss dta_preserve:  0.0046
EPOCH: 13
Elapsed time: 0.94 Epoch Pixel Loss:  0.0169 Epoch FFT Loss:  0.8143 Epoch DTA Rank:  0.0000 Epoch DTA TV:  0.0291 Epoch DTA Proxy:  0.6424 Epoch DTA Trans:  0.0058 Epoch DTA Phys:  0.0067 Epoch DTA Preserve:  0.0049
DTA_GATE_RAMP epoch=14 gate_limit=0.060000
Time:  0.0846 Epoch: 014 Iter:   50/ 600 LR: 0.0000297690 Loss content:  0.0164 Loss fft:  0.8204 Loss dta_rank:  0.0000 Loss dta_tv:  0.0293 Loss dta_proxy:  0.6263 Loss dta_trans:  0.0062 Loss dta_phys:  0.0070 Loss dta_preserve:  0.0055
Time:  0.0792 Epoch: 014 Iter:  100/ 600 LR: 0.0000297690 Loss content:  0.0173 Loss fft:  0.8224 Loss dta_rank:  0.0000 Loss dta_tv:  0.0290 Loss dta_proxy:  0.6425 Loss dta_trans:  0.0051 Loss dta_phys:  0.0058 Loss dta_preserve:  0.0041
Time:  0.0746 Epoch: 014 Iter:  150/ 600 LR: 0.0000297690 Loss content:  0.0167 Loss fft:  0.7972 Loss dta_rank:  0.0000 Loss dta_tv:  0.0290 Loss dta_proxy:  0.6434 Loss dta_trans:  0.0062 Loss dta_phys:  0.0072 Loss dta_preserve:  0.0062
Time:  0.0780 Epoch: 014 Iter:  200/ 600 LR: 0.0000297690 Loss content:  0.0172 Loss fft:  0.8088 Loss dta_rank:  0.0000 Loss dta_tv:  0.0288 Loss dta_proxy:  0.6442 Loss dta_trans:  0.0054 Loss dta_phys:  0.0069 Loss dta_preserve:  0.0047
Time:  0.0741 Epoch: 014 Iter:  250/ 600 LR: 0.0000297690 Loss content:  0.0175 Loss fft:  0.8180 Loss dta_rank:  0.0000 Loss dta_tv:  0.0296 Loss dta_proxy:  0.6419 Loss dta_trans:  0.0064 Loss dta_phys:  0.0068 Loss dta_preserve:  0.0081
Time:  0.0753 Epoch: 014 Iter:  300/ 600 LR: 0.0000297690 Loss content:  0.0166 Loss fft:  0.7739 Loss dta_rank:  0.0000 Loss dta_tv:  0.0297 Loss dta_proxy:  0.6153 Loss dta_trans:  0.0059 Loss dta_phys:  0.0069 Loss dta_preserve:  0.0058
Time:  0.0780 Epoch: 014 Iter:  350/ 600 LR: 0.0000297690 Loss content:  0.0175 Loss fft:  0.8416 Loss dta_rank:  0.0000 Loss dta_tv:  0.0285 Loss dta_proxy:  0.6561 Loss dta_trans:  0.0047 Loss dta_phys:  0.0069 Loss dta_preserve:  0.0062
Time:  0.0742 Epoch: 014 Iter:  400/ 600 LR: 0.0000297690 Loss content:  0.0172 Loss fft:  0.8354 Loss dta_rank:  0.0000 Loss dta_tv:  0.0291 Loss dta_proxy:  0.6460 Loss dta_trans:  0.0047 Loss dta_phys:  0.0071 Loss dta_preserve:  0.0062
Time:  0.0783 Epoch: 014 Iter:  450/ 600 LR: 0.0000297690 Loss content:  0.0173 Loss fft:  0.8276 Loss dta_rank:  0.0000 Loss dta_tv:  0.0286 Loss dta_proxy:  0.6598 Loss dta_trans:  0.0055 Loss dta_phys:  0.0065 Loss dta_preserve:  0.0043
Time:  0.0725 Epoch: 014 Iter:  500/ 600 LR: 0.0000297690 Loss content:  0.0175 Loss fft:  0.8703 Loss dta_rank:  0.0000 Loss dta_tv:  0.0289 Loss dta_proxy:  0.6439 Loss dta_trans:  0.0056 Loss dta_phys:  0.0066 Loss dta_preserve:  0.0060
Time:  0.0718 Epoch: 014 Iter:  550/ 600 LR: 0.0000297690 Loss content:  0.0173 Loss fft:  0.7909 Loss dta_rank:  0.0000 Loss dta_tv:  0.0293 Loss dta_proxy:  0.6331 Loss dta_trans:  0.0062 Loss dta_phys:  0.0067 Loss dta_preserve:  0.0052
Time:  0.0707 Epoch: 014 Iter:  600/ 600 LR: 0.0000297690 Loss content:  0.0178 Loss fft:  0.8235 Loss dta_rank:  0.0000 Loss dta_tv:  0.0291 Loss dta_proxy:  0.6562 Loss dta_trans:  0.0058 Loss dta_phys:  0.0071 Loss dta_preserve:  0.0052
EPOCH: 14
Elapsed time: 0.91 Epoch Pixel Loss:  0.0172 Epoch FFT Loss:  0.8192 Epoch DTA Rank:  0.0000 Epoch DTA TV:  0.0291 Epoch DTA Proxy:  0.6424 Epoch DTA Trans:  0.0056 Epoch DTA Phys:  0.0068 Epoch DTA Preserve:  0.0056
DTA_GATE_RAMP epoch=15 gate_limit=0.060000
Time:  0.0851 Epoch: 015 Iter:   50/ 600 LR: 0.0000219361 Loss content:  0.0163 Loss fft:  0.7662 Loss dta_rank:  0.0000 Loss dta_tv:  0.0296 Loss dta_proxy:  0.6404 Loss dta_trans:  0.0064 Loss dta_phys:  0.0071 Loss dta_preserve:  0.0050
Time:  0.0770 Epoch: 015 Iter:  100/ 600 LR: 0.0000219361 Loss content:  0.0176 Loss fft:  0.8385 Loss dta_rank:  0.0000 Loss dta_tv:  0.0287 Loss dta_proxy:  0.6483 Loss dta_trans:  0.0059 Loss dta_phys:  0.0070 Loss dta_preserve:  0.0040
Time:  0.0765 Epoch: 015 Iter:  150/ 600 LR: 0.0000219361 Loss content:  0.0169 Loss fft:  0.7965 Loss dta_rank:  0.0000 Loss dta_tv:  0.0284 Loss dta_proxy:  0.6391 Loss dta_trans:  0.0052 Loss dta_phys:  0.0069 Loss dta_preserve:  0.0042
Time:  0.0760 Epoch: 015 Iter:  200/ 600 LR: 0.0000219361 Loss content:  0.0172 Loss fft:  0.8383 Loss dta_rank:  0.0000 Loss dta_tv:  0.0289 Loss dta_proxy:  0.6501 Loss dta_trans:  0.0051 Loss dta_phys:  0.0065 Loss dta_preserve:  0.0052
Time:  0.0756 Epoch: 015 Iter:  250/ 600 LR: 0.0000219361 Loss content:  0.0178 Loss fft:  0.8124 Loss dta_rank:  0.0000 Loss dta_tv:  0.0288 Loss dta_proxy:  0.6535 Loss dta_trans:  0.0057 Loss dta_phys:  0.0071 Loss dta_preserve:  0.0050
Time:  0.0736 Epoch: 015 Iter:  300/ 600 LR: 0.0000219361 Loss content:  0.0178 Loss fft:  0.8347 Loss dta_rank:  0.0000 Loss dta_tv:  0.0286 Loss dta_proxy:  0.6468 Loss dta_trans:  0.0054 Loss dta_phys:  0.0067 Loss dta_preserve:  0.0044
Time:  0.0670 Epoch: 015 Iter:  350/ 600 LR: 0.0000219361 Loss content:  0.0166 Loss fft:  0.8089 Loss dta_rank:  0.0000 Loss dta_tv:  0.0293 Loss dta_proxy:  0.6181 Loss dta_trans:  0.0063 Loss dta_phys:  0.0066 Loss dta_preserve:  0.0047
Time:  0.0764 Epoch: 015 Iter:  400/ 600 LR: 0.0000219361 Loss content:  0.0178 Loss fft:  0.8207 Loss dta_rank:  0.0000 Loss dta_tv:  0.0282 Loss dta_proxy:  0.6536 Loss dta_trans:  0.0058 Loss dta_phys:  0.0069 Loss dta_preserve:  0.0052
Time:  0.0747 Epoch: 015 Iter:  450/ 600 LR: 0.0000219361 Loss content:  0.0171 Loss fft:  0.8400 Loss dta_rank:  0.0000 Loss dta_tv:  0.0284 Loss dta_proxy:  0.6456 Loss dta_trans:  0.0050 Loss dta_phys:  0.0068 Loss dta_preserve:  0.0043
Time:  0.0765 Epoch: 015 Iter:  500/ 600 LR: 0.0000219361 Loss content:  0.0172 Loss fft:  0.8190 Loss dta_rank:  0.0000 Loss dta_tv:  0.0287 Loss dta_proxy:  0.6433 Loss dta_trans:  0.0054 Loss dta_phys:  0.0075 Loss dta_preserve:  0.0035
Time:  0.0762 Epoch: 015 Iter:  550/ 600 LR: 0.0000219361 Loss content:  0.0171 Loss fft:  0.8095 Loss dta_rank:  0.0000 Loss dta_tv:  0.0289 Loss dta_proxy:  0.6467 Loss dta_trans:  0.0052 Loss dta_phys:  0.0063 Loss dta_preserve:  0.0056
Time:  0.0730 Epoch: 015 Iter:  600/ 600 LR: 0.0000219361 Loss content:  0.0171 Loss fft:  0.8319 Loss dta_rank:  0.0000 Loss dta_tv:  0.0295 Loss dta_proxy:  0.6410 Loss dta_trans:  0.0067 Loss dta_phys:  0.0068 Loss dta_preserve:  0.0040
EPOCH: 15
Elapsed time: 0.91 Epoch Pixel Loss:  0.0172 Epoch FFT Loss:  0.8181 Epoch DTA Rank:  0.0000 Epoch DTA TV:  0.0288 Epoch DTA Proxy:  0.6439 Epoch DTA Trans:  0.0057 Epoch DTA Phys:  0.0069 Epoch DTA Preserve:  0.0046
DTA_GATE_RAMP epoch=16 gate_limit=0.060000
Time:  0.0824 Epoch: 016 Iter:   50/ 600 LR: 0.0000151017 Loss content:  0.0175 Loss fft:  0.8056 Loss dta_rank:  0.0000 Loss dta_tv:  0.0288 Loss dta_proxy:  0.6447 Loss dta_trans:  0.0047 Loss dta_phys:  0.0057 Loss dta_preserve:  0.0053
Time:  0.0773 Epoch: 016 Iter:  100/ 600 LR: 0.0000151017 Loss content:  0.0161 Loss fft:  0.7915 Loss dta_rank:  0.0000 Loss dta_tv:  0.0298 Loss dta_proxy:  0.6151 Loss dta_trans:  0.0060 Loss dta_phys:  0.0062 Loss dta_preserve:  0.0045
Time:  0.0810 Epoch: 016 Iter:  150/ 600 LR: 0.0000151017 Loss content:  0.0168 Loss fft:  0.8059 Loss dta_rank:  0.0000 Loss dta_tv:  0.0282 Loss dta_proxy:  0.6476 Loss dta_trans:  0.0051 Loss dta_phys:  0.0061 Loss dta_preserve:  0.0071
Time:  0.0764 Epoch: 016 Iter:  200/ 600 LR: 0.0000151017 Loss content:  0.0173 Loss fft:  0.8022 Loss dta_rank:  0.0000 Loss dta_tv:  0.0288 Loss dta_proxy:  0.6214 Loss dta_trans:  0.0056 Loss dta_phys:  0.0067 Loss dta_preserve:  0.0051
Time:  0.0750 Epoch: 016 Iter:  250/ 600 LR: 0.0000151017 Loss content:  0.0173 Loss fft:  0.8499 Loss dta_rank:  0.0000 Loss dta_tv:  0.0287 Loss dta_proxy:  0.6464 Loss dta_trans:  0.0053 Loss dta_phys:  0.0068 Loss dta_preserve:  0.0058
Time:  0.0745 Epoch: 016 Iter:  300/ 600 LR: 0.0000151017 Loss content:  0.0170 Loss fft:  0.8252 Loss dta_rank:  0.0000 Loss dta_tv:  0.0290 Loss dta_proxy:  0.6293 Loss dta_trans:  0.0067 Loss dta_phys:  0.0065 Loss dta_preserve:  0.0045
Time:  0.0787 Epoch: 016 Iter:  350/ 600 LR: 0.0000151017 Loss content:  0.0175 Loss fft:  0.8261 Loss dta_rank:  0.0000 Loss dta_tv:  0.0284 Loss dta_proxy:  0.6518 Loss dta_trans:  0.0058 Loss dta_phys:  0.0067 Loss dta_preserve:  0.0048
Time:  0.0747 Epoch: 016 Iter:  400/ 600 LR: 0.0000151017 Loss content:  0.0175 Loss fft:  0.8577 Loss dta_rank:  0.0000 Loss dta_tv:  0.0287 Loss dta_proxy:  0.6501 Loss dta_trans:  0.0055 Loss dta_phys:  0.0067 Loss dta_preserve:  0.0051
Time:  0.0785 Epoch: 016 Iter:  450/ 600 LR: 0.0000151017 Loss content:  0.0167 Loss fft:  0.7928 Loss dta_rank:  0.0000 Loss dta_tv:  0.0284 Loss dta_proxy:  0.6479 Loss dta_trans:  0.0050 Loss dta_phys:  0.0071 Loss dta_preserve:  0.0044
Time:  0.0791 Epoch: 016 Iter:  500/ 600 LR: 0.0000151017 Loss content:  0.0170 Loss fft:  0.8137 Loss dta_rank:  0.0000 Loss dta_tv:  0.0289 Loss dta_proxy:  0.6318 Loss dta_trans:  0.0064 Loss dta_phys:  0.0068 Loss dta_preserve:  0.0049
Time:  0.0762 Epoch: 016 Iter:  550/ 600 LR: 0.0000151017 Loss content:  0.0173 Loss fft:  0.8020 Loss dta_rank:  0.0000 Loss dta_tv:  0.0288 Loss dta_proxy:  0.6457 Loss dta_trans:  0.0065 Loss dta_phys:  0.0073 Loss dta_preserve:  0.0051
Time:  0.0767 Epoch: 016 Iter:  600/ 600 LR: 0.0000151017 Loss content:  0.0169 Loss fft:  0.8016 Loss dta_rank:  0.0000 Loss dta_tv:  0.0295 Loss dta_proxy:  0.6329 Loss dta_trans:  0.0056 Loss dta_phys:  0.0069 Loss dta_preserve:  0.0048
EPOCH: 16
Elapsed time: 0.93 Epoch Pixel Loss:  0.0171 Epoch FFT Loss:  0.8145 Epoch DTA Rank:  0.0000 Epoch DTA TV:  0.0288 Epoch DTA Proxy:  0.6387 Epoch DTA Trans:  0.0057 Epoch DTA Phys:  0.0066 Epoch DTA Preserve:  0.0051
DTA_GATE_RAMP epoch=17 gate_limit=0.060000
Time:  0.0817 Epoch: 017 Iter:   50/ 600 LR: 0.0000094853 Loss content:  0.0163 Loss fft:  0.7699 Loss dta_rank:  0.0000 Loss dta_tv:  0.0293 Loss dta_proxy:  0.6364 Loss dta_trans:  0.0062 Loss dta_phys:  0.0067 Loss dta_preserve:  0.0044
Time:  0.0771 Epoch: 017 Iter:  100/ 600 LR: 0.0000094853 Loss content:  0.0166 Loss fft:  0.8338 Loss dta_rank:  0.0000 Loss dta_tv:  0.0289 Loss dta_proxy:  0.6479 Loss dta_trans:  0.0054 Loss dta_phys:  0.0072 Loss dta_preserve:  0.0056
Time:  0.0707 Epoch: 017 Iter:  150/ 600 LR: 0.0000094853 Loss content:  0.0169 Loss fft:  0.8426 Loss dta_rank:  0.0000 Loss dta_tv:  0.0289 Loss dta_proxy:  0.6448 Loss dta_trans:  0.0055 Loss dta_phys:  0.0066 Loss dta_preserve:  0.0044
Time:  0.0782 Epoch: 017 Iter:  200/ 600 LR: 0.0000094853 Loss content:  0.0170 Loss fft:  0.8072 Loss dta_rank:  0.0000 Loss dta_tv:  0.0297 Loss dta_proxy:  0.6169 Loss dta_trans:  0.0070 Loss dta_phys:  0.0065 Loss dta_preserve:  0.0054
Time:  0.0781 Epoch: 017 Iter:  250/ 600 LR: 0.0000094853 Loss content:  0.0174 Loss fft:  0.8036 Loss dta_rank:  0.0000 Loss dta_tv:  0.0289 Loss dta_proxy:  0.6394 Loss dta_trans:  0.0053 Loss dta_phys:  0.0069 Loss dta_preserve:  0.0047
Time:  0.0761 Epoch: 017 Iter:  300/ 600 LR: 0.0000094853 Loss content:  0.0177 Loss fft:  0.8467 Loss dta_rank:  0.0000 Loss dta_tv:  0.0279 Loss dta_proxy:  0.6632 Loss dta_trans:  0.0053 Loss dta_phys:  0.0068 Loss dta_preserve:  0.0058
Time:  0.0787 Epoch: 017 Iter:  350/ 600 LR: 0.0000094853 Loss content:  0.0174 Loss fft:  0.8207 Loss dta_rank:  0.0000 Loss dta_tv:  0.0286 Loss dta_proxy:  0.6572 Loss dta_trans:  0.0053 Loss dta_phys:  0.0072 Loss dta_preserve:  0.0083
Time:  0.0727 Epoch: 017 Iter:  400/ 600 LR: 0.0000094853 Loss content:  0.0173 Loss fft:  0.8231 Loss dta_rank:  0.0000 Loss dta_tv:  0.0283 Loss dta_proxy:  0.6350 Loss dta_trans:  0.0055 Loss dta_phys:  0.0071 Loss dta_preserve:  0.0052
Time:  0.0671 Epoch: 017 Iter:  450/ 600 LR: 0.0000094853 Loss content:  0.0180 Loss fft:  0.8309 Loss dta_rank:  0.0000 Loss dta_tv:  0.0286 Loss dta_proxy:  0.6387 Loss dta_trans:  0.0058 Loss dta_phys:  0.0074 Loss dta_preserve:  0.0066
Time:  0.0752 Epoch: 017 Iter:  500/ 600 LR: 0.0000094853 Loss content:  0.0178 Loss fft:  0.8351 Loss dta_rank:  0.0000 Loss dta_tv:  0.0290 Loss dta_proxy:  0.6413 Loss dta_trans:  0.0052 Loss dta_phys:  0.0058 Loss dta_preserve:  0.0048
Time:  0.0695 Epoch: 017 Iter:  550/ 600 LR: 0.0000094853 Loss content:  0.0172 Loss fft:  0.8240 Loss dta_rank:  0.0000 Loss dta_tv:  0.0289 Loss dta_proxy:  0.6457 Loss dta_trans:  0.0054 Loss dta_phys:  0.0067 Loss dta_preserve:  0.0057
Time:  0.0698 Epoch: 017 Iter:  600/ 600 LR: 0.0000094853 Loss content:  0.0173 Loss fft:  0.8114 Loss dta_rank:  0.0000 Loss dta_tv:  0.0286 Loss dta_proxy:  0.6330 Loss dta_trans:  0.0054 Loss dta_phys:  0.0068 Loss dta_preserve:  0.0053
EPOCH: 17
Elapsed time: 0.90 Epoch Pixel Loss:  0.0172 Epoch FFT Loss:  0.8208 Epoch DTA Rank:  0.0000 Epoch DTA TV:  0.0288 Epoch DTA Proxy:  0.6416 Epoch DTA Trans:  0.0056 Epoch DTA Phys:  0.0068 Epoch DTA Preserve:  0.0055
DTA_GATE_RAMP epoch=18 gate_limit=0.060000
Time:  0.0796 Epoch: 018 Iter:   50/ 600 LR: 0.0000052550 Loss content:  0.0176 Loss fft:  0.8193 Loss dta_rank:  0.0000 Loss dta_tv:  0.0294 Loss dta_proxy:  0.6239 Loss dta_trans:  0.0056 Loss dta_phys:  0.0068 Loss dta_preserve:  0.0061
Time:  0.0716 Epoch: 018 Iter:  100/ 600 LR: 0.0000052550 Loss content:  0.0181 Loss fft:  0.8488 Loss dta_rank:  0.0000 Loss dta_tv:  0.0285 Loss dta_proxy:  0.6463 Loss dta_trans:  0.0053 Loss dta_phys:  0.0061 Loss dta_preserve:  0.0046
Time:  0.0740 Epoch: 018 Iter:  150/ 600 LR: 0.0000052550 Loss content:  0.0171 Loss fft:  0.7838 Loss dta_rank:  0.0000 Loss dta_tv:  0.0296 Loss dta_proxy:  0.6106 Loss dta_trans:  0.0061 Loss dta_phys:  0.0067 Loss dta_preserve:  0.0046
Time:  0.0744 Epoch: 018 Iter:  200/ 600 LR: 0.0000052550 Loss content:  0.0171 Loss fft:  0.8210 Loss dta_rank:  0.0000 Loss dta_tv:  0.0283 Loss dta_proxy:  0.6411 Loss dta_trans:  0.0050 Loss dta_phys:  0.0064 Loss dta_preserve:  0.0045
Time:  0.0718 Epoch: 018 Iter:  250/ 600 LR: 0.0000052550 Loss content:  0.0171 Loss fft:  0.8125 Loss dta_rank:  0.0000 Loss dta_tv:  0.0287 Loss dta_proxy:  0.6402 Loss dta_trans:  0.0065 Loss dta_phys:  0.0070 Loss dta_preserve:  0.0055
Time:  0.0736 Epoch: 018 Iter:  300/ 600 LR: 0.0000052550 Loss content:  0.0165 Loss fft:  0.8033 Loss dta_rank:  0.0000 Loss dta_tv:  0.0288 Loss dta_proxy:  0.6347 Loss dta_trans:  0.0058 Loss dta_phys:  0.0067 Loss dta_preserve:  0.0061
Time:  0.0780 Epoch: 018 Iter:  350/ 600 LR: 0.0000052550 Loss content:  0.0170 Loss fft:  0.8219 Loss dta_rank:  0.0000 Loss dta_tv:  0.0278 Loss dta_proxy:  0.6637 Loss dta_trans:  0.0050 Loss dta_phys:  0.0070 Loss dta_preserve:  0.0048
Time:  0.0794 Epoch: 018 Iter:  400/ 600 LR: 0.0000052550 Loss content:  0.0172 Loss fft:  0.8409 Loss dta_rank:  0.0000 Loss dta_tv:  0.0282 Loss dta_proxy:  0.6559 Loss dta_trans:  0.0049 Loss dta_phys:  0.0069 Loss dta_preserve:  0.0042
Time:  0.0745 Epoch: 018 Iter:  450/ 600 LR: 0.0000052550 Loss content:  0.0168 Loss fft:  0.8031 Loss dta_rank:  0.0000 Loss dta_tv:  0.0291 Loss dta_proxy:  0.6379 Loss dta_trans:  0.0055 Loss dta_phys:  0.0066 Loss dta_preserve:  0.0063
Time:  0.0752 Epoch: 018 Iter:  500/ 600 LR: 0.0000052550 Loss content:  0.0180 Loss fft:  0.8239 Loss dta_rank:  0.0000 Loss dta_tv:  0.0283 Loss dta_proxy:  0.6477 Loss dta_trans:  0.0052 Loss dta_phys:  0.0062 Loss dta_preserve:  0.0052
Time:  0.0739 Epoch: 018 Iter:  550/ 600 LR: 0.0000052550 Loss content:  0.0181 Loss fft:  0.8246 Loss dta_rank:  0.0000 Loss dta_tv:  0.0290 Loss dta_proxy:  0.6336 Loss dta_trans:  0.0058 Loss dta_phys:  0.0069 Loss dta_preserve:  0.0057
Time:  0.0762 Epoch: 018 Iter:  600/ 600 LR: 0.0000052550 Loss content:  0.0167 Loss fft:  0.8072 Loss dta_rank:  0.0000 Loss dta_tv:  0.0287 Loss dta_proxy:  0.6411 Loss dta_trans:  0.0061 Loss dta_phys:  0.0069 Loss dta_preserve:  0.0052
EPOCH: 18
Elapsed time: 0.91 Epoch Pixel Loss:  0.0173 Epoch FFT Loss:  0.8175 Epoch DTA Rank:  0.0000 Epoch DTA TV:  0.0287 Epoch DTA Proxy:  0.6397 Epoch DTA Trans:  0.0056 Epoch DTA Phys:  0.0067 Epoch DTA Preserve:  0.0052
DTA_GATE_RAMP epoch=19 gate_limit=0.060000
Time:  0.0775 Epoch: 019 Iter:   50/ 600 LR: 0.0000025070 Loss content:  0.0171 Loss fft:  0.8213 Loss dta_rank:  0.0000 Loss dta_tv:  0.0282 Loss dta_proxy:  0.6574 Loss dta_trans:  0.0047 Loss dta_phys:  0.0066 Loss dta_preserve:  0.0046
Time:  0.0733 Epoch: 019 Iter:  100/ 600 LR: 0.0000025070 Loss content:  0.0167 Loss fft:  0.8118 Loss dta_rank:  0.0000 Loss dta_tv:  0.0286 Loss dta_proxy:  0.6316 Loss dta_trans:  0.0053 Loss dta_phys:  0.0071 Loss dta_preserve:  0.0052
Time:  0.0763 Epoch: 019 Iter:  150/ 600 LR: 0.0000025070 Loss content:  0.0175 Loss fft:  0.8494 Loss dta_rank:  0.0000 Loss dta_tv:  0.0283 Loss dta_proxy:  0.6473 Loss dta_trans:  0.0061 Loss dta_phys:  0.0064 Loss dta_preserve:  0.0059
Time:  0.0740 Epoch: 019 Iter:  200/ 600 LR: 0.0000025070 Loss content:  0.0176 Loss fft:  0.8470 Loss dta_rank:  0.0000 Loss dta_tv:  0.0279 Loss dta_proxy:  0.6658 Loss dta_trans:  0.0050 Loss dta_phys:  0.0066 Loss dta_preserve:  0.0063
Time:  0.0777 Epoch: 019 Iter:  250/ 600 LR: 0.0000025070 Loss content:  0.0169 Loss fft:  0.7741 Loss dta_rank:  0.0000 Loss dta_tv:  0.0288 Loss dta_proxy:  0.6295 Loss dta_trans:  0.0053 Loss dta_phys:  0.0064 Loss dta_preserve:  0.0044
Time:  0.0762 Epoch: 019 Iter:  300/ 600 LR: 0.0000025070 Loss content:  0.0170 Loss fft:  0.8095 Loss dta_rank:  0.0000 Loss dta_tv:  0.0284 Loss dta_proxy:  0.6496 Loss dta_trans:  0.0052 Loss dta_phys:  0.0070 Loss dta_preserve:  0.0051
Time:  0.0752 Epoch: 019 Iter:  350/ 600 LR: 0.0000025070 Loss content:  0.0169 Loss fft:  0.8312 Loss dta_rank:  0.0000 Loss dta_tv:  0.0298 Loss dta_proxy:  0.6122 Loss dta_trans:  0.0059 Loss dta_phys:  0.0061 Loss dta_preserve:  0.0052
Time:  0.0740 Epoch: 019 Iter:  400/ 600 LR: 0.0000025070 Loss content:  0.0168 Loss fft:  0.7684 Loss dta_rank:  0.0000 Loss dta_tv:  0.0288 Loss dta_proxy:  0.6239 Loss dta_trans:  0.0063 Loss dta_phys:  0.0065 Loss dta_preserve:  0.0043
Time:  0.0748 Epoch: 019 Iter:  450/ 600 LR: 0.0000025070 Loss content:  0.0172 Loss fft:  0.8160 Loss dta_rank:  0.0000 Loss dta_tv:  0.0280 Loss dta_proxy:  0.6502 Loss dta_trans:  0.0059 Loss dta_phys:  0.0065 Loss dta_preserve:  0.0051
Time:  0.0706 Epoch: 019 Iter:  500/ 600 LR: 0.0000025070 Loss content:  0.0170 Loss fft:  0.8260 Loss dta_rank:  0.0000 Loss dta_tv:  0.0288 Loss dta_proxy:  0.6370 Loss dta_trans:  0.0056 Loss dta_phys:  0.0067 Loss dta_preserve:  0.0053
Time:  0.0740 Epoch: 019 Iter:  550/ 600 LR: 0.0000025070 Loss content:  0.0168 Loss fft:  0.8451 Loss dta_rank:  0.0000 Loss dta_tv:  0.0292 Loss dta_proxy:  0.6422 Loss dta_trans:  0.0059 Loss dta_phys:  0.0065 Loss dta_preserve:  0.0046
Time:  0.0740 Epoch: 019 Iter:  600/ 600 LR: 0.0000025070 Loss content:  0.0169 Loss fft:  0.8218 Loss dta_rank:  0.0000 Loss dta_tv:  0.0288 Loss dta_proxy:  0.6490 Loss dta_trans:  0.0060 Loss dta_phys:  0.0071 Loss dta_preserve:  0.0039
EPOCH: 19
Elapsed time: 0.90 Epoch Pixel Loss:  0.0170 Epoch FFT Loss:  0.8185 Epoch DTA Rank:  0.0000 Epoch DTA TV:  0.0286 Epoch DTA Proxy:  0.6413 Epoch DTA Trans:  0.0056 Epoch DTA Phys:  0.0066 Epoch DTA Preserve:  0.0050
DTA_GATE_RAMP epoch=20 gate_limit=0.060000
Time:  0.0813 Epoch: 020 Iter:   50/ 600 LR: 0.0000012125 Loss content:  0.0170 Loss fft:  0.7974 Loss dta_rank:  0.0000 Loss dta_tv:  0.0283 Loss dta_proxy:  0.6546 Loss dta_trans:  0.0053 Loss dta_phys:  0.0067 Loss dta_preserve:  0.0043
Time:  0.0767 Epoch: 020 Iter:  100/ 600 LR: 0.0000012125 Loss content:  0.0166 Loss fft:  0.7918 Loss dta_rank:  0.0000 Loss dta_tv:  0.0282 Loss dta_proxy:  0.6452 Loss dta_trans:  0.0043 Loss dta_phys:  0.0069 Loss dta_preserve:  0.0053
Time:  0.0692 Epoch: 020 Iter:  150/ 600 LR: 0.0000012125 Loss content:  0.0184 Loss fft:  0.8517 Loss dta_rank:  0.0000 Loss dta_tv:  0.0281 Loss dta_proxy:  0.6523 Loss dta_trans:  0.0048 Loss dta_phys:  0.0071 Loss dta_preserve:  0.0039
Time:  0.0713 Epoch: 020 Iter:  200/ 600 LR: 0.0000012125 Loss content:  0.0171 Loss fft:  0.8150 Loss dta_rank:  0.0000 Loss dta_tv:  0.0288 Loss dta_proxy:  0.6376 Loss dta_trans:  0.0059 Loss dta_phys:  0.0069 Loss dta_preserve:  0.0043
Time:  0.0694 Epoch: 020 Iter:  250/ 600 LR: 0.0000012125 Loss content:  0.0174 Loss fft:  0.8188 Loss dta_rank:  0.0000 Loss dta_tv:  0.0288 Loss dta_proxy:  0.6430 Loss dta_trans:  0.0057 Loss dta_phys:  0.0066 Loss dta_preserve:  0.0045
Time:  0.0704 Epoch: 020 Iter:  300/ 600 LR: 0.0000012125 Loss content:  0.0182 Loss fft:  0.8360 Loss dta_rank:  0.0000 Loss dta_tv:  0.0291 Loss dta_proxy:  0.6307 Loss dta_trans:  0.0049 Loss dta_phys:  0.0069 Loss dta_preserve:  0.0047
Time:  0.0744 Epoch: 020 Iter:  350/ 600 LR: 0.0000012125 Loss content:  0.0165 Loss fft:  0.8028 Loss dta_rank:  0.0000 Loss dta_tv:  0.0290 Loss dta_proxy:  0.6430 Loss dta_trans:  0.0055 Loss dta_phys:  0.0061 Loss dta_preserve:  0.0049
Time:  0.0755 Epoch: 020 Iter:  400/ 600 LR: 0.0000012125 Loss content:  0.0173 Loss fft:  0.8486 Loss dta_rank:  0.0000 Loss dta_tv:  0.0284 Loss dta_proxy:  0.6363 Loss dta_trans:  0.0053 Loss dta_phys:  0.0065 Loss dta_preserve:  0.0056
Time:  0.0715 Epoch: 020 Iter:  450/ 600 LR: 0.0000012125 Loss content:  0.0174 Loss fft:  0.8238 Loss dta_rank:  0.0000 Loss dta_tv:  0.0288 Loss dta_proxy:  0.6585 Loss dta_trans:  0.0051 Loss dta_phys:  0.0067 Loss dta_preserve:  0.0041
Time:  0.0768 Epoch: 020 Iter:  500/ 600 LR: 0.0000012125 Loss content:  0.0168 Loss fft:  0.8328 Loss dta_rank:  0.0000 Loss dta_tv:  0.0286 Loss dta_proxy:  0.6484 Loss dta_trans:  0.0062 Loss dta_phys:  0.0067 Loss dta_preserve:  0.0060
Time:  0.0751 Epoch: 020 Iter:  550/ 600 LR: 0.0000012125 Loss content:  0.0165 Loss fft:  0.7871 Loss dta_rank:  0.0000 Loss dta_tv:  0.0292 Loss dta_proxy:  0.6389 Loss dta_trans:  0.0067 Loss dta_phys:  0.0069 Loss dta_preserve:  0.0052
Time:  0.0724 Epoch: 020 Iter:  600/ 600 LR: 0.0000012125 Loss content:  0.0168 Loss fft:  0.8061 Loss dta_rank:  0.0000 Loss dta_tv:  0.0278 Loss dta_proxy:  0.6490 Loss dta_trans:  0.0057 Loss dta_phys:  0.0068 Loss dta_preserve:  0.0054
EPOCH: 20
Elapsed time: 0.89 Epoch Pixel Loss:  0.0172 Epoch FFT Loss:  0.8176 Epoch DTA Rank:  0.0000 Epoch DTA TV:  0.0286 Epoch DTA Proxy:  0.6448 Epoch DTA Trans:  0.0054 Epoch DTA Phys:  0.0067 Epoch DTA Preserve:  0.0048
