Namespace(model_name='ConvIR-Haze4K-DTA-v2-adapter_only-normal-seed3413-f2-oof20', data='Haze4K', version='base', fam_mode='original', arch='dta_v2', seed=3413, mode='train', data_dir='/sda/home/wangyuxin/ConvIR-B/datasets/Haze4K/Haze4K', batch_size=4, learning_rate=0.0001, weight_decay=0.0, num_epoch=20, stop_epoch=20, print_freq=50, num_worker=4, save_freq=5, valid_freq=9999, mod_stats_freq=5, mod_stats_batches=16, grad_clip_norm=0.001, dta_grad_clip_norm=0.05, dta_neighbor_grad_clip_norm=0.005, init_model='/sda/home/wangyuxin/ConvIR-B/checkpoints/official/Haze4K/haze4k-base.pkl', init_model_partial=True, partial_new_prefixes='DTA.', resume='', train_scope='adapter_only', dta_depth_cache_dir='/sda/home/wangyuxin/ConvIR-B/depth_cache/depth_anything_v2_small_hf', dta_train_depth_split='train', dta_eval_depth_split='train', valid_root_split='train', eval_root_split='test', dta_require_depth=True, dta_variant='v2', dta_depth_mode='normal', dta_prior_channels=32, dta_gate_bias=-6.0, dta_gate_limit=0.06, dta_gamma_limit=0.12, dta_beta_limit=0.06, dta_alpha_init=1.0, dta_confidence_floor=0.25, dta_confidence_local_scale=6.0, dta_output_residual_scale=0.03, dta_use_trans_gt=True, dta_trans_weight=0.02, dta_phys_weight=0.005, dta_preserve_weight=0.02, dta_preserve_trans_thresh=0.8, dta_gate_ramp_start=0.01, dta_gate_ramp_mid=0.03, dta_gate_ramp_end=0.06, dta_gate_ramp_warmup_epochs=2, dta_gate_ramp_mid_epochs=8, dta_rank_weight=0.001, dta_tv_weight=0.0001, dta_proxy_weight=0.0, dta_rank_pairs=512, dta_rank_min_depth_gap=0.03, split_json='/sda/home/wangyuxin/ConvIR-B/repos/ConvIR-B-dta-v2-calibrated/experience_docx/experiment_logs/haze4k_dta_v2_calibrated_20260611/dta_v2_haze4k_oof_splits_seed3407.json', split_name='fold2_train', test_model='', save_image=False, leaning_rate=0.0001, model_save_dir='results/ConvIR-Haze4K-DTA-v2-adapter_only-normal-seed3413-f2-oof20/Training-Results/', result_dir='results/ConvIR-Haze4K-DTA-v2-adapter_only-normal-seed3413-f2-oof20/images/Haze4K', init_model_sha256='6f42037d57a4e3de3a10ac0ab909d66a3415864a19433c29204a975f4efa4088')
/sda/home/wangyuxin/ConvIR-B/repos/ConvIR-B-dta-v2-calibrated/Dehazing/ITS/main.py:14: FutureWarning: You are using `torch.load` with `weights_only=False` (the current default value), which uses the default pickle module implicitly. It is possible to construct malicious pickle data which will execute arbitrary code during unpickling (See https://github.com/pytorch/pytorch/blob/main/SECURITY.md#untrusted-models for more details). In a future release, the default value for `weights_only` will be flipped to `True`. This limits the functions that could be executed during unpickling. Arbitrary objects will no longer be allowed to be loaded via this mode unless they are explicitly allowlisted by the user via `torch.serialization.add_safe_globals`. We recommend you start setting `weights_only=True` for any use case where you don't have full control of the loaded file. Please open an issue on GitHub for any issues related to this experimental feature.
  state = torch.load(path, map_location=map_location)
INIT_MODEL_PARTIAL_LOAD path=/sda/home/wangyuxin/ConvIR-B/checkpoints/official/Haze4K/haze4k-base.pkl loaded=602 missing_allowed=25 unexpected=[] allowed_new_prefixes=('DTA.',)
TRAIN_SCOPE scope=adapter_only arch=dta_v2 trainable=74699 total=8705364
/sda/home/wangyuxin/ConvIR-B/envs/convir-cu121/lib/python3.10/site-packages/torch/optim/lr_scheduler.py:224: UserWarning: Detected call of `lr_scheduler.step()` before `optimizer.step()`. In PyTorch 1.1.0 and later, you should call them in the opposite order: `optimizer.step()` before `lr_scheduler.step()`.  Failure to do this will result in PyTorch skipping the first value of the learning rate schedule. See more details at https://pytorch.org/docs/stable/optim.html#how-to-adjust-learning-rate
  warnings.warn(
DTA_GATE_RAMP epoch=1 gate_limit=0.010000
Time:  0.0952 Epoch: 001 Iter:   50/ 600 LR: 0.0000333333 Loss content:  0.0168 Loss fft:  0.8306 Loss dta_rank:  0.6916 Loss dta_tv:  0.0039 Loss dta_proxy:  0.2811 Loss dta_trans:  0.0415 Loss dta_phys:  0.0075 Loss dta_preserve:  0.0062
Time:  0.0599 Epoch: 001 Iter:  100/ 600 LR: 0.0000333333 Loss content:  0.0177 Loss fft:  0.8207 Loss dta_rank:  0.6911 Loss dta_tv:  0.0091 Loss dta_proxy:  0.3160 Loss dta_trans:  0.0376 Loss dta_phys:  0.0078 Loss dta_preserve:  0.0053
Time:  0.0627 Epoch: 001 Iter:  150/ 600 LR: 0.0000333333 Loss content:  0.0164 Loss fft:  0.8009 Loss dta_rank:  0.6921 Loss dta_tv:  0.0145 Loss dta_proxy:  0.3672 Loss dta_trans:  0.0349 Loss dta_phys:  0.0103 Loss dta_preserve:  0.0055
Time:  0.0641 Epoch: 001 Iter:  200/ 600 LR: 0.0000333333 Loss content:  0.0171 Loss fft:  0.8162 Loss dta_rank:  0.6958 Loss dta_tv:  0.0172 Loss dta_proxy:  0.3773 Loss dta_trans:  0.0305 Loss dta_phys:  0.0092 Loss dta_preserve:  0.0042
Time:  0.0618 Epoch: 001 Iter:  250/ 600 LR: 0.0000333333 Loss content:  0.0172 Loss fft:  0.8212 Loss dta_rank:  0.7007 Loss dta_tv:  0.0185 Loss dta_proxy:  0.3646 Loss dta_trans:  0.0283 Loss dta_phys:  0.0103 Loss dta_preserve:  0.0040
Time:  0.0610 Epoch: 001 Iter:  300/ 600 LR: 0.0000333333 Loss content:  0.0175 Loss fft:  0.8420 Loss dta_rank:  0.7084 Loss dta_tv:  0.0203 Loss dta_proxy:  0.4016 Loss dta_trans:  0.0251 Loss dta_phys:  0.0096 Loss dta_preserve:  0.0049
Time:  0.0676 Epoch: 001 Iter:  350/ 600 LR: 0.0000333333 Loss content:  0.0168 Loss fft:  0.8155 Loss dta_rank:  0.7164 Loss dta_tv:  0.0242 Loss dta_proxy:  0.3736 Loss dta_trans:  0.0240 Loss dta_phys:  0.0108 Loss dta_preserve:  0.0051
Time:  0.0600 Epoch: 001 Iter:  400/ 600 LR: 0.0000333333 Loss content:  0.0170 Loss fft:  0.8420 Loss dta_rank:  0.7243 Loss dta_tv:  0.0271 Loss dta_proxy:  0.3945 Loss dta_trans:  0.0191 Loss dta_phys:  0.0083 Loss dta_preserve:  0.0051
Time:  0.0625 Epoch: 001 Iter:  450/ 600 LR: 0.0000333333 Loss content:  0.0173 Loss fft:  0.8350 Loss dta_rank:  0.7332 Loss dta_tv:  0.0308 Loss dta_proxy:  0.3818 Loss dta_trans:  0.0163 Loss dta_phys:  0.0083 Loss dta_preserve:  0.0053
Time:  0.0614 Epoch: 001 Iter:  500/ 600 LR: 0.0000333333 Loss content:  0.0162 Loss fft:  0.7641 Loss dta_rank:  0.7396 Loss dta_tv:  0.0331 Loss dta_proxy:  0.4091 Loss dta_trans:  0.0148 Loss dta_phys:  0.0082 Loss dta_preserve:  0.0042
Time:  0.0579 Epoch: 001 Iter:  550/ 600 LR: 0.0000333333 Loss content:  0.0173 Loss fft:  0.8248 Loss dta_rank:  0.7515 Loss dta_tv:  0.0346 Loss dta_proxy:  0.4191 Loss dta_trans:  0.0123 Loss dta_phys:  0.0073 Loss dta_preserve:  0.0040
Time:  0.0560 Epoch: 001 Iter:  600/ 600 LR: 0.0000333333 Loss content:  0.0178 Loss fft:  0.7976 Loss dta_rank:  0.7485 Loss dta_tv:  0.0348 Loss dta_proxy:  0.4398 Loss dta_trans:  0.0117 Loss dta_phys:  0.0074 Loss dta_preserve:  0.0056
EPOCH: 01
Elapsed time: 0.77 Epoch Pixel Loss:  0.0171 Epoch FFT Loss:  0.8175 Epoch DTA Rank:  0.7161 Epoch DTA TV:  0.0223 Epoch DTA Proxy:  0.3772 Epoch DTA Trans:  0.0247 Epoch DTA Phys:  0.0088 Epoch DTA Preserve:  0.0050
DTA_GATE_RAMP epoch=2 gate_limit=0.010000
Time:  0.0688 Epoch: 002 Iter:   50/ 600 LR: 0.0000666667 Loss content:  0.0165 Loss fft:  0.8124 Loss dta_rank:  0.7568 Loss dta_tv:  0.0366 Loss dta_proxy:  0.4284 Loss dta_trans:  0.0128 Loss dta_phys:  0.0070 Loss dta_preserve:  0.0055
Time:  0.0727 Epoch: 002 Iter:  100/ 600 LR: 0.0000666667 Loss content:  0.0171 Loss fft:  0.8308 Loss dta_rank:  0.7588 Loss dta_tv:  0.0360 Loss dta_proxy:  0.4321 Loss dta_trans:  0.0124 Loss dta_phys:  0.0079 Loss dta_preserve:  0.0050
Time:  0.0893 Epoch: 002 Iter:  150/ 600 LR: 0.0000666667 Loss content:  0.0169 Loss fft:  0.8040 Loss dta_rank:  0.7587 Loss dta_tv:  0.0359 Loss dta_proxy:  0.4246 Loss dta_trans:  0.0110 Loss dta_phys:  0.0077 Loss dta_preserve:  0.0045
Time:  0.0879 Epoch: 002 Iter:  200/ 600 LR: 0.0000666667 Loss content:  0.0173 Loss fft:  0.8210 Loss dta_rank:  0.7636 Loss dta_tv:  0.0351 Loss dta_proxy:  0.4486 Loss dta_trans:  0.0101 Loss dta_phys:  0.0073 Loss dta_preserve:  0.0047
Time:  0.0853 Epoch: 002 Iter:  250/ 600 LR: 0.0000666667 Loss content:  0.0179 Loss fft:  0.8497 Loss dta_rank:  0.7636 Loss dta_tv:  0.0345 Loss dta_proxy:  0.4586 Loss dta_trans:  0.0088 Loss dta_phys:  0.0073 Loss dta_preserve:  0.0050
Time:  0.0867 Epoch: 002 Iter:  300/ 600 LR: 0.0000666667 Loss content:  0.0169 Loss fft:  0.8223 Loss dta_rank:  0.7656 Loss dta_tv:  0.0355 Loss dta_proxy:  0.4347 Loss dta_trans:  0.0097 Loss dta_phys:  0.0064 Loss dta_preserve:  0.0051
Time:  0.0864 Epoch: 002 Iter:  350/ 600 LR: 0.0000666667 Loss content:  0.0167 Loss fft:  0.8199 Loss dta_rank:  0.7681 Loss dta_tv:  0.0354 Loss dta_proxy:  0.4369 Loss dta_trans:  0.0102 Loss dta_phys:  0.0067 Loss dta_preserve:  0.0048
Time:  0.0823 Epoch: 002 Iter:  400/ 600 LR: 0.0000666667 Loss content:  0.0169 Loss fft:  0.8207 Loss dta_rank:  0.7706 Loss dta_tv:  0.0342 Loss dta_proxy:  0.4455 Loss dta_trans:  0.0086 Loss dta_phys:  0.0074 Loss dta_preserve:  0.0044
Time:  0.0890 Epoch: 002 Iter:  450/ 600 LR: 0.0000666667 Loss content:  0.0166 Loss fft:  0.8116 Loss dta_rank:  0.7682 Loss dta_tv:  0.0343 Loss dta_proxy:  0.4467 Loss dta_trans:  0.0092 Loss dta_phys:  0.0060 Loss dta_preserve:  0.0042
Time:  0.0871 Epoch: 002 Iter:  500/ 600 LR: 0.0000666667 Loss content:  0.0170 Loss fft:  0.8228 Loss dta_rank:  0.7649 Loss dta_tv:  0.0333 Loss dta_proxy:  0.4488 Loss dta_trans:  0.0094 Loss dta_phys:  0.0069 Loss dta_preserve:  0.0044
Time:  0.0758 Epoch: 002 Iter:  550/ 600 LR: 0.0000666667 Loss content:  0.0168 Loss fft:  0.8162 Loss dta_rank:  0.7670 Loss dta_tv:  0.0334 Loss dta_proxy:  0.4466 Loss dta_trans:  0.0085 Loss dta_phys:  0.0066 Loss dta_preserve:  0.0043
Time:  0.0818 Epoch: 002 Iter:  600/ 600 LR: 0.0000666667 Loss content:  0.0162 Loss fft:  0.7962 Loss dta_rank:  0.7683 Loss dta_tv:  0.0343 Loss dta_proxy:  0.4398 Loss dta_trans:  0.0086 Loss dta_phys:  0.0079 Loss dta_preserve:  0.0063
EPOCH: 02
Elapsed time: 1.00 Epoch Pixel Loss:  0.0169 Epoch FFT Loss:  0.8190 Epoch DTA Rank:  0.7645 Epoch DTA TV:  0.0349 Epoch DTA Proxy:  0.4409 Epoch DTA Trans:  0.0100 Epoch DTA Phys:  0.0071 Epoch DTA Preserve:  0.0048
DTA_GATE_RAMP epoch=3 gate_limit=0.030000
Time:  0.0940 Epoch: 003 Iter:   50/ 600 LR: 0.0001000000 Loss content:  0.0171 Loss fft:  0.8241 Loss dta_rank:  0.7634 Loss dta_tv:  0.0333 Loss dta_proxy:  0.4582 Loss dta_trans:  0.0085 Loss dta_phys:  0.0079 Loss dta_preserve:  0.0044
Time:  0.0754 Epoch: 003 Iter:  100/ 600 LR: 0.0001000000 Loss content:  0.0163 Loss fft:  0.7803 Loss dta_rank:  0.7748 Loss dta_tv:  0.0336 Loss dta_proxy:  0.4623 Loss dta_trans:  0.0096 Loss dta_phys:  0.0071 Loss dta_preserve:  0.0059
Time:  0.0697 Epoch: 003 Iter:  150/ 600 LR: 0.0001000000 Loss content:  0.0180 Loss fft:  0.8528 Loss dta_rank:  0.7704 Loss dta_tv:  0.0323 Loss dta_proxy:  0.4549 Loss dta_trans:  0.0072 Loss dta_phys:  0.0061 Loss dta_preserve:  0.0054
Time:  0.0750 Epoch: 003 Iter:  200/ 600 LR: 0.0001000000 Loss content:  0.0179 Loss fft:  0.8270 Loss dta_rank:  0.7669 Loss dta_tv:  0.0331 Loss dta_proxy:  0.4498 Loss dta_trans:  0.0075 Loss dta_phys:  0.0062 Loss dta_preserve:  0.0055
Time:  0.0707 Epoch: 003 Iter:  250/ 600 LR: 0.0001000000 Loss content:  0.0188 Loss fft:  0.8482 Loss dta_rank:  0.7679 Loss dta_tv:  0.0319 Loss dta_proxy:  0.4331 Loss dta_trans:  0.0087 Loss dta_phys:  0.0069 Loss dta_preserve:  0.0076
Time:  0.0758 Epoch: 003 Iter:  300/ 600 LR: 0.0001000000 Loss content:  0.0175 Loss fft:  0.8284 Loss dta_rank:  0.7686 Loss dta_tv:  0.0307 Loss dta_proxy:  0.4638 Loss dta_trans:  0.0076 Loss dta_phys:  0.0068 Loss dta_preserve:  0.0048
Time:  0.0720 Epoch: 003 Iter:  350/ 600 LR: 0.0001000000 Loss content:  0.0173 Loss fft:  0.8347 Loss dta_rank:  0.7733 Loss dta_tv:  0.0312 Loss dta_proxy:  0.4595 Loss dta_trans:  0.0086 Loss dta_phys:  0.0069 Loss dta_preserve:  0.0048
Time:  0.0733 Epoch: 003 Iter:  400/ 600 LR: 0.0001000000 Loss content:  0.0168 Loss fft:  0.8155 Loss dta_rank:  0.7694 Loss dta_tv:  0.0314 Loss dta_proxy:  0.4559 Loss dta_trans:  0.0096 Loss dta_phys:  0.0063 Loss dta_preserve:  0.0057
Time:  0.0761 Epoch: 003 Iter:  450/ 600 LR: 0.0001000000 Loss content:  0.0166 Loss fft:  0.8060 Loss dta_rank:  0.7700 Loss dta_tv:  0.0317 Loss dta_proxy:  0.4500 Loss dta_trans:  0.0090 Loss dta_phys:  0.0076 Loss dta_preserve:  0.0053
Time:  0.0768 Epoch: 003 Iter:  500/ 600 LR: 0.0001000000 Loss content:  0.0172 Loss fft:  0.8229 Loss dta_rank:  0.7665 Loss dta_tv:  0.0315 Loss dta_proxy:  0.4491 Loss dta_trans:  0.0079 Loss dta_phys:  0.0063 Loss dta_preserve:  0.0047
Time:  0.0784 Epoch: 003 Iter:  550/ 600 LR: 0.0001000000 Loss content:  0.0171 Loss fft:  0.8008 Loss dta_rank:  0.7641 Loss dta_tv:  0.0310 Loss dta_proxy:  0.4380 Loss dta_trans:  0.0085 Loss dta_phys:  0.0070 Loss dta_preserve:  0.0045
Time:  0.0808 Epoch: 003 Iter:  600/ 600 LR: 0.0001000000 Loss content:  0.0167 Loss fft:  0.8044 Loss dta_rank:  0.7631 Loss dta_tv:  0.0306 Loss dta_proxy:  0.4465 Loss dta_trans:  0.0076 Loss dta_phys:  0.0065 Loss dta_preserve:  0.0059
EPOCH: 03
Elapsed time: 0.92 Epoch Pixel Loss:  0.0173 Epoch FFT Loss:  0.8204 Epoch DTA Rank:  0.7682 Epoch DTA TV:  0.0319 Epoch DTA Proxy:  0.4518 Epoch DTA Trans:  0.0084 Epoch DTA Phys:  0.0068 Epoch DTA Preserve:  0.0054
/sda/home/wangyuxin/ConvIR-B/envs/convir-cu121/lib/python3.10/site-packages/torch/optim/lr_scheduler.py:1087: UserWarning: To get the last learning rate computed by the scheduler, please use `get_last_lr()`.
  _warn_get_lr_called_within_step(self)
DTA_GATE_RAMP epoch=4 gate_limit=0.030000
Time:  0.0912 Epoch: 004 Iter:   50/ 600 LR: 0.0001000000 Loss content:  0.0175 Loss fft:  0.8177 Loss dta_rank:  0.7749 Loss dta_tv:  0.0306 Loss dta_proxy:  0.4711 Loss dta_trans:  0.0072 Loss dta_phys:  0.0067 Loss dta_preserve:  0.0048
Time:  0.0862 Epoch: 004 Iter:  100/ 600 LR: 0.0001000000 Loss content:  0.0182 Loss fft:  0.8361 Loss dta_rank:  0.7674 Loss dta_tv:  0.0301 Loss dta_proxy:  0.4748 Loss dta_trans:  0.0080 Loss dta_phys:  0.0073 Loss dta_preserve:  0.0051
Time:  0.0844 Epoch: 004 Iter:  150/ 600 LR: 0.0001000000 Loss content:  0.0178 Loss fft:  0.8519 Loss dta_rank:  0.7657 Loss dta_tv:  0.0303 Loss dta_proxy:  0.4428 Loss dta_trans:  0.0082 Loss dta_phys:  0.0069 Loss dta_preserve:  0.0063
Time:  0.0777 Epoch: 004 Iter:  200/ 600 LR: 0.0001000000 Loss content:  0.0174 Loss fft:  0.8284 Loss dta_rank:  0.7651 Loss dta_tv:  0.0302 Loss dta_proxy:  0.4479 Loss dta_trans:  0.0083 Loss dta_phys:  0.0071 Loss dta_preserve:  0.0055
Time:  0.0716 Epoch: 004 Iter:  250/ 600 LR: 0.0001000000 Loss content:  0.0163 Loss fft:  0.8019 Loss dta_rank:  0.7716 Loss dta_tv:  0.0298 Loss dta_proxy:  0.4581 Loss dta_trans:  0.0073 Loss dta_phys:  0.0067 Loss dta_preserve:  0.0050
Time:  0.0825 Epoch: 004 Iter:  300/ 600 LR: 0.0001000000 Loss content:  0.0179 Loss fft:  0.8196 Loss dta_rank:  0.7711 Loss dta_tv:  0.0304 Loss dta_proxy:  0.4422 Loss dta_trans:  0.0076 Loss dta_phys:  0.0067 Loss dta_preserve:  0.0053
Time:  0.0886 Epoch: 004 Iter:  350/ 600 LR: 0.0001000000 Loss content:  0.0167 Loss fft:  0.8098 Loss dta_rank:  0.7726 Loss dta_tv:  0.0300 Loss dta_proxy:  0.4654 Loss dta_trans:  0.0072 Loss dta_phys:  0.0075 Loss dta_preserve:  0.0058
Time:  0.0775 Epoch: 004 Iter:  400/ 600 LR: 0.0001000000 Loss content:  0.0172 Loss fft:  0.7995 Loss dta_rank:  0.7685 Loss dta_tv:  0.0288 Loss dta_proxy:  0.4747 Loss dta_trans:  0.0078 Loss dta_phys:  0.0075 Loss dta_preserve:  0.0049
Time:  0.0769 Epoch: 004 Iter:  450/ 600 LR: 0.0001000000 Loss content:  0.0167 Loss fft:  0.8004 Loss dta_rank:  0.7737 Loss dta_tv:  0.0312 Loss dta_proxy:  0.4236 Loss dta_trans:  0.0075 Loss dta_phys:  0.0061 Loss dta_preserve:  0.0044
Time:  0.0878 Epoch: 004 Iter:  500/ 600 LR: 0.0001000000 Loss content:  0.0174 Loss fft:  0.8392 Loss dta_rank:  0.7721 Loss dta_tv:  0.0294 Loss dta_proxy:  0.4628 Loss dta_trans:  0.0065 Loss dta_phys:  0.0062 Loss dta_preserve:  0.0050
Time:  0.0763 Epoch: 004 Iter:  550/ 600 LR: 0.0001000000 Loss content:  0.0170 Loss fft:  0.8271 Loss dta_rank:  0.7709 Loss dta_tv:  0.0291 Loss dta_proxy:  0.4630 Loss dta_trans:  0.0066 Loss dta_phys:  0.0067 Loss dta_preserve:  0.0054
Time:  0.0736 Epoch: 004 Iter:  600/ 600 LR: 0.0001000000 Loss content:  0.0164 Loss fft:  0.7973 Loss dta_rank:  0.7715 Loss dta_tv:  0.0297 Loss dta_proxy:  0.4305 Loss dta_trans:  0.0087 Loss dta_phys:  0.0073 Loss dta_preserve:  0.0054
EPOCH: 04
Elapsed time: 0.98 Epoch Pixel Loss:  0.0172 Epoch FFT Loss:  0.8191 Epoch DTA Rank:  0.7704 Epoch DTA TV:  0.0300 Epoch DTA Proxy:  0.4547 Epoch DTA Trans:  0.0076 Epoch DTA Phys:  0.0069 Epoch DTA Preserve:  0.0052
DTA_GATE_RAMP epoch=5 gate_limit=0.030000
Time:  0.0801 Epoch: 005 Iter:   50/ 600 LR: 0.0000983215 Loss content:  0.0169 Loss fft:  0.8147 Loss dta_rank:  0.7700 Loss dta_tv:  0.0288 Loss dta_proxy:  0.4573 Loss dta_trans:  0.0070 Loss dta_phys:  0.0075 Loss dta_preserve:  0.0052
Time:  0.0733 Epoch: 005 Iter:  100/ 600 LR: 0.0000983215 Loss content:  0.0167 Loss fft:  0.8012 Loss dta_rank:  0.7732 Loss dta_tv:  0.0293 Loss dta_proxy:  0.4386 Loss dta_trans:  0.0067 Loss dta_phys:  0.0063 Loss dta_preserve:  0.0045
Time:  0.0765 Epoch: 005 Iter:  150/ 600 LR: 0.0000983215 Loss content:  0.0168 Loss fft:  0.8294 Loss dta_rank:  0.7717 Loss dta_tv:  0.0295 Loss dta_proxy:  0.4486 Loss dta_trans:  0.0076 Loss dta_phys:  0.0071 Loss dta_preserve:  0.0053
Time:  0.0756 Epoch: 005 Iter:  200/ 600 LR: 0.0000983215 Loss content:  0.0167 Loss fft:  0.8488 Loss dta_rank:  0.7754 Loss dta_tv:  0.0295 Loss dta_proxy:  0.4594 Loss dta_trans:  0.0065 Loss dta_phys:  0.0068 Loss dta_preserve:  0.0045
Time:  0.0770 Epoch: 005 Iter:  250/ 600 LR: 0.0000983215 Loss content:  0.0178 Loss fft:  0.9543 Loss dta_rank:  0.7744 Loss dta_tv:  0.0300 Loss dta_proxy:  0.4483 Loss dta_trans:  0.0077 Loss dta_phys:  0.0072 Loss dta_preserve:  0.0049
Time:  0.0739 Epoch: 005 Iter:  300/ 600 LR: 0.0000983215 Loss content:  0.0168 Loss fft:  0.8085 Loss dta_rank:  0.7742 Loss dta_tv:  0.0293 Loss dta_proxy:  0.4473 Loss dta_trans:  0.0067 Loss dta_phys:  0.0064 Loss dta_preserve:  0.0044
Time:  0.0753 Epoch: 005 Iter:  350/ 600 LR: 0.0000983215 Loss content:  0.0180 Loss fft:  0.8392 Loss dta_rank:  0.7729 Loss dta_tv:  0.0283 Loss dta_proxy:  0.4698 Loss dta_trans:  0.0076 Loss dta_phys:  0.0067 Loss dta_preserve:  0.0060
Time:  0.0759 Epoch: 005 Iter:  400/ 600 LR: 0.0000983215 Loss content:  0.0177 Loss fft:  0.8314 Loss dta_rank:  0.7679 Loss dta_tv:  0.0281 Loss dta_proxy:  0.4521 Loss dta_trans:  0.0066 Loss dta_phys:  0.0070 Loss dta_preserve:  0.0041
Time:  0.0735 Epoch: 005 Iter:  450/ 600 LR: 0.0000983215 Loss content:  0.0164 Loss fft:  0.7813 Loss dta_rank:  0.7701 Loss dta_tv:  0.0290 Loss dta_proxy:  0.4489 Loss dta_trans:  0.0070 Loss dta_phys:  0.0064 Loss dta_preserve:  0.0047
Time:  0.0768 Epoch: 005 Iter:  500/ 600 LR: 0.0000983215 Loss content:  0.0167 Loss fft:  0.8312 Loss dta_rank:  0.7739 Loss dta_tv:  0.0286 Loss dta_proxy:  0.4563 Loss dta_trans:  0.0068 Loss dta_phys:  0.0065 Loss dta_preserve:  0.0047
Time:  0.0780 Epoch: 005 Iter:  550/ 600 LR: 0.0000983215 Loss content:  0.0167 Loss fft:  0.7906 Loss dta_rank:  0.7711 Loss dta_tv:  0.0284 Loss dta_proxy:  0.4520 Loss dta_trans:  0.0072 Loss dta_phys:  0.0067 Loss dta_preserve:  0.0056
Time:  0.0776 Epoch: 005 Iter:  600/ 600 LR: 0.0000983215 Loss content:  0.0167 Loss fft:  0.7980 Loss dta_rank:  0.7717 Loss dta_tv:  0.0282 Loss dta_proxy:  0.4539 Loss dta_trans:  0.0084 Loss dta_phys:  0.0068 Loss dta_preserve:  0.0043
EPOCH: 05
Elapsed time: 0.92 Epoch Pixel Loss:  0.0170 Epoch FFT Loss:  0.8274 Epoch DTA Rank:  0.7722 Epoch DTA TV:  0.0289 Epoch DTA Proxy:  0.4527 Epoch DTA Trans:  0.0072 Epoch DTA Phys:  0.0068 Epoch DTA Preserve:  0.0048
DTA_GATE_RAMP epoch=6 gate_limit=0.030000
Time:  0.0817 Epoch: 006 Iter:   50/ 600 LR: 0.0000942212 Loss content:  0.0174 Loss fft:  0.8379 Loss dta_rank:  0.7722 Loss dta_tv:  0.0285 Loss dta_proxy:  0.4548 Loss dta_trans:  0.0064 Loss dta_phys:  0.0070 Loss dta_preserve:  0.0043
Time:  0.0786 Epoch: 006 Iter:  100/ 600 LR: 0.0000942212 Loss content:  0.0175 Loss fft:  0.8506 Loss dta_rank:  0.7766 Loss dta_tv:  0.0288 Loss dta_proxy:  0.4559 Loss dta_trans:  0.0066 Loss dta_phys:  0.0065 Loss dta_preserve:  0.0055
Time:  0.0775 Epoch: 006 Iter:  150/ 600 LR: 0.0000942212 Loss content:  0.0181 Loss fft:  0.8392 Loss dta_rank:  0.7707 Loss dta_tv:  0.0278 Loss dta_proxy:  0.4510 Loss dta_trans:  0.0062 Loss dta_phys:  0.0058 Loss dta_preserve:  0.0058
Time:  0.0725 Epoch: 006 Iter:  200/ 600 LR: 0.0000942212 Loss content:  0.0175 Loss fft:  0.8361 Loss dta_rank:  0.7713 Loss dta_tv:  0.0280 Loss dta_proxy:  0.4661 Loss dta_trans:  0.0067 Loss dta_phys:  0.0070 Loss dta_preserve:  0.0048
Time:  0.0769 Epoch: 006 Iter:  250/ 600 LR: 0.0000942212 Loss content:  0.0167 Loss fft:  0.8112 Loss dta_rank:  0.7767 Loss dta_tv:  0.0288 Loss dta_proxy:  0.4506 Loss dta_trans:  0.0065 Loss dta_phys:  0.0072 Loss dta_preserve:  0.0046
Time:  0.0747 Epoch: 006 Iter:  300/ 600 LR: 0.0000942212 Loss content:  0.0175 Loss fft:  0.7970 Loss dta_rank:  0.7720 Loss dta_tv:  0.0283 Loss dta_proxy:  0.4538 Loss dta_trans:  0.0071 Loss dta_phys:  0.0068 Loss dta_preserve:  0.0053
Time:  0.0772 Epoch: 006 Iter:  350/ 600 LR: 0.0000942212 Loss content:  0.0178 Loss fft:  0.8097 Loss dta_rank:  0.7688 Loss dta_tv:  0.0275 Loss dta_proxy:  0.4658 Loss dta_trans:  0.0066 Loss dta_phys:  0.0066 Loss dta_preserve:  0.0041
Time:  0.0779 Epoch: 006 Iter:  400/ 600 LR: 0.0000942212 Loss content:  0.0165 Loss fft:  0.8059 Loss dta_rank:  0.7700 Loss dta_tv:  0.0276 Loss dta_proxy:  0.4557 Loss dta_trans:  0.0065 Loss dta_phys:  0.0069 Loss dta_preserve:  0.0052
Time:  0.0775 Epoch: 006 Iter:  450/ 600 LR: 0.0000942212 Loss content:  0.0171 Loss fft:  0.8277 Loss dta_rank:  0.7675 Loss dta_tv:  0.0280 Loss dta_proxy:  0.4565 Loss dta_trans:  0.0073 Loss dta_phys:  0.0071 Loss dta_preserve:  0.0047
Time:  0.0757 Epoch: 006 Iter:  500/ 600 LR: 0.0000942212 Loss content:  0.0171 Loss fft:  0.7924 Loss dta_rank:  0.7683 Loss dta_tv:  0.0265 Loss dta_proxy:  0.4754 Loss dta_trans:  0.0068 Loss dta_phys:  0.0071 Loss dta_preserve:  0.0056
Time:  0.0804 Epoch: 006 Iter:  550/ 600 LR: 0.0000942212 Loss content:  0.0169 Loss fft:  0.7735 Loss dta_rank:  0.7725 Loss dta_tv:  0.0274 Loss dta_proxy:  0.4621 Loss dta_trans:  0.0073 Loss dta_phys:  0.0073 Loss dta_preserve:  0.0059
Time:  0.0787 Epoch: 006 Iter:  600/ 600 LR: 0.0000942212 Loss content:  0.0171 Loss fft:  0.8320 Loss dta_rank:  0.7738 Loss dta_tv:  0.0282 Loss dta_proxy:  0.4459 Loss dta_trans:  0.0073 Loss dta_phys:  0.0074 Loss dta_preserve:  0.0060
EPOCH: 06
Elapsed time: 0.93 Epoch Pixel Loss:  0.0173 Epoch FFT Loss:  0.8178 Epoch DTA Rank:  0.7717 Epoch DTA TV:  0.0280 Epoch DTA Proxy:  0.4578 Epoch DTA Trans:  0.0068 Epoch DTA Phys:  0.0069 Epoch DTA Preserve:  0.0052
DTA_GATE_RAMP epoch=7 gate_limit=0.030000
Time:  0.0812 Epoch: 007 Iter:   50/ 600 LR: 0.0000886874 Loss content:  0.0169 Loss fft:  0.8334 Loss dta_rank:  0.7763 Loss dta_tv:  0.0273 Loss dta_proxy:  0.4738 Loss dta_trans:  0.0060 Loss dta_phys:  0.0077 Loss dta_preserve:  0.0050
Time:  0.0799 Epoch: 007 Iter:  100/ 600 LR: 0.0000886874 Loss content:  0.0169 Loss fft:  0.8207 Loss dta_rank:  0.7737 Loss dta_tv:  0.0276 Loss dta_proxy:  0.4506 Loss dta_trans:  0.0066 Loss dta_phys:  0.0067 Loss dta_preserve:  0.0046
Time:  0.0775 Epoch: 007 Iter:  150/ 600 LR: 0.0000886874 Loss content:  0.0174 Loss fft:  0.8292 Loss dta_rank:  0.7709 Loss dta_tv:  0.0261 Loss dta_proxy:  0.4751 Loss dta_trans:  0.0064 Loss dta_phys:  0.0066 Loss dta_preserve:  0.0047
Time:  0.0763 Epoch: 007 Iter:  200/ 600 LR: 0.0000886874 Loss content:  0.0168 Loss fft:  0.7947 Loss dta_rank:  0.7744 Loss dta_tv:  0.0275 Loss dta_proxy:  0.4560 Loss dta_trans:  0.0076 Loss dta_phys:  0.0073 Loss dta_preserve:  0.0044
Time:  0.0773 Epoch: 007 Iter:  250/ 600 LR: 0.0000886874 Loss content:  0.0166 Loss fft:  0.8035 Loss dta_rank:  0.7722 Loss dta_tv:  0.0280 Loss dta_proxy:  0.4440 Loss dta_trans:  0.0065 Loss dta_phys:  0.0068 Loss dta_preserve:  0.0047
Time:  0.0791 Epoch: 007 Iter:  300/ 600 LR: 0.0000886874 Loss content:  0.0171 Loss fft:  0.8338 Loss dta_rank:  0.7728 Loss dta_tv:  0.0280 Loss dta_proxy:  0.4563 Loss dta_trans:  0.0074 Loss dta_phys:  0.0059 Loss dta_preserve:  0.0044
Time:  0.0760 Epoch: 007 Iter:  350/ 600 LR: 0.0000886874 Loss content:  0.0171 Loss fft:  0.8209 Loss dta_rank:  0.7781 Loss dta_tv:  0.0277 Loss dta_proxy:  0.4651 Loss dta_trans:  0.0059 Loss dta_phys:  0.0063 Loss dta_preserve:  0.0051
Time:  0.0760 Epoch: 007 Iter:  400/ 600 LR: 0.0000886874 Loss content:  0.0169 Loss fft:  0.8221 Loss dta_rank:  0.7726 Loss dta_tv:  0.0276 Loss dta_proxy:  0.4626 Loss dta_trans:  0.0063 Loss dta_phys:  0.0069 Loss dta_preserve:  0.0047
Time:  0.0785 Epoch: 007 Iter:  450/ 600 LR: 0.0000886874 Loss content:  0.0175 Loss fft:  0.8147 Loss dta_rank:  0.7731 Loss dta_tv:  0.0268 Loss dta_proxy:  0.4655 Loss dta_trans:  0.0068 Loss dta_phys:  0.0070 Loss dta_preserve:  0.0059
Time:  0.0755 Epoch: 007 Iter:  500/ 600 LR: 0.0000886874 Loss content:  0.0170 Loss fft:  0.8296 Loss dta_rank:  0.7794 Loss dta_tv:  0.0279 Loss dta_proxy:  0.4426 Loss dta_trans:  0.0061 Loss dta_phys:  0.0063 Loss dta_preserve:  0.0054
Time:  0.0634 Epoch: 007 Iter:  550/ 600 LR: 0.0000886874 Loss content:  0.0178 Loss fft:  0.8055 Loss dta_rank:  0.7705 Loss dta_tv:  0.0267 Loss dta_proxy:  0.4670 Loss dta_trans:  0.0073 Loss dta_phys:  0.0077 Loss dta_preserve:  0.0057
Time:  0.0665 Epoch: 007 Iter:  600/ 600 LR: 0.0000886874 Loss content:  0.0169 Loss fft:  0.8206 Loss dta_rank:  0.7695 Loss dta_tv:  0.0270 Loss dta_proxy:  0.4475 Loss dta_trans:  0.0067 Loss dta_phys:  0.0072 Loss dta_preserve:  0.0049
EPOCH: 07
Elapsed time: 0.91 Epoch Pixel Loss:  0.0171 Epoch FFT Loss:  0.8190 Epoch DTA Rank:  0.7736 Epoch DTA TV:  0.0273 Epoch DTA Proxy:  0.4589 Epoch DTA Trans:  0.0066 Epoch DTA Phys:  0.0069 Epoch DTA Preserve:  0.0050
DTA_GATE_RAMP epoch=8 gate_limit=0.030000
Time:  0.0735 Epoch: 008 Iter:   50/ 600 LR: 0.0000819070 Loss content:  0.0170 Loss fft:  0.7900 Loss dta_rank:  0.7677 Loss dta_tv:  0.0260 Loss dta_proxy:  0.4715 Loss dta_trans:  0.0069 Loss dta_phys:  0.0065 Loss dta_preserve:  0.0045
Time:  0.0647 Epoch: 008 Iter:  100/ 600 LR: 0.0000819070 Loss content:  0.0167 Loss fft:  0.8053 Loss dta_rank:  0.7762 Loss dta_tv:  0.0273 Loss dta_proxy:  0.4558 Loss dta_trans:  0.0072 Loss dta_phys:  0.0072 Loss dta_preserve:  0.0047
Time:  0.0645 Epoch: 008 Iter:  150/ 600 LR: 0.0000819070 Loss content:  0.0171 Loss fft:  0.8268 Loss dta_rank:  0.7743 Loss dta_tv:  0.0265 Loss dta_proxy:  0.4712 Loss dta_trans:  0.0056 Loss dta_phys:  0.0068 Loss dta_preserve:  0.0059
Time:  0.0700 Epoch: 008 Iter:  200/ 600 LR: 0.0000819070 Loss content:  0.0167 Loss fft:  0.8148 Loss dta_rank:  0.7770 Loss dta_tv:  0.0275 Loss dta_proxy:  0.4450 Loss dta_trans:  0.0067 Loss dta_phys:  0.0066 Loss dta_preserve:  0.0038
Time:  0.0716 Epoch: 008 Iter:  250/ 600 LR: 0.0000819070 Loss content:  0.0176 Loss fft:  0.8219 Loss dta_rank:  0.7740 Loss dta_tv:  0.0268 Loss dta_proxy:  0.4656 Loss dta_trans:  0.0066 Loss dta_phys:  0.0066 Loss dta_preserve:  0.0043
Time:  0.0784 Epoch: 008 Iter:  300/ 600 LR: 0.0000819070 Loss content:  0.0167 Loss fft:  0.8162 Loss dta_rank:  0.7686 Loss dta_tv:  0.0264 Loss dta_proxy:  0.4438 Loss dta_trans:  0.0063 Loss dta_phys:  0.0062 Loss dta_preserve:  0.0050
Time:  0.0755 Epoch: 008 Iter:  350/ 600 LR: 0.0000819070 Loss content:  0.0169 Loss fft:  0.7804 Loss dta_rank:  0.7736 Loss dta_tv:  0.0263 Loss dta_proxy:  0.4729 Loss dta_trans:  0.0068 Loss dta_phys:  0.0075 Loss dta_preserve:  0.0047
Time:  0.0707 Epoch: 008 Iter:  400/ 600 LR: 0.0000819070 Loss content:  0.0167 Loss fft:  0.8240 Loss dta_rank:  0.7710 Loss dta_tv:  0.0268 Loss dta_proxy:  0.4570 Loss dta_trans:  0.0078 Loss dta_phys:  0.0068 Loss dta_preserve:  0.0045
Time:  0.0685 Epoch: 008 Iter:  450/ 600 LR: 0.0000819070 Loss content:  0.0170 Loss fft:  0.8308 Loss dta_rank:  0.7763 Loss dta_tv:  0.0264 Loss dta_proxy:  0.4690 Loss dta_trans:  0.0058 Loss dta_phys:  0.0070 Loss dta_preserve:  0.0052
Time:  0.0662 Epoch: 008 Iter:  500/ 600 LR: 0.0000819070 Loss content:  0.0174 Loss fft:  0.8362 Loss dta_rank:  0.7659 Loss dta_tv:  0.0268 Loss dta_proxy:  0.4532 Loss dta_trans:  0.0061 Loss dta_phys:  0.0076 Loss dta_preserve:  0.0044
Time:  0.0715 Epoch: 008 Iter:  550/ 600 LR: 0.0000819070 Loss content:  0.0179 Loss fft:  0.8419 Loss dta_rank:  0.7690 Loss dta_tv:  0.0269 Loss dta_proxy:  0.4520 Loss dta_trans:  0.0075 Loss dta_phys:  0.0068 Loss dta_preserve:  0.0060
Time:  0.0760 Epoch: 008 Iter:  600/ 600 LR: 0.0000819070 Loss content:  0.0172 Loss fft:  0.8454 Loss dta_rank:  0.7710 Loss dta_tv:  0.0273 Loss dta_proxy:  0.4549 Loss dta_trans:  0.0063 Loss dta_phys:  0.0063 Loss dta_preserve:  0.0048
EPOCH: 08
Elapsed time: 0.86 Epoch Pixel Loss:  0.0171 Epoch FFT Loss:  0.8195 Epoch DTA Rank:  0.7721 Epoch DTA TV:  0.0267 Epoch DTA Proxy:  0.4593 Epoch DTA Trans:  0.0066 Epoch DTA Phys:  0.0068 Epoch DTA Preserve:  0.0048
DTA_GATE_RAMP epoch=9 gate_limit=0.060000
Time:  0.0804 Epoch: 009 Iter:   50/ 600 LR: 0.0000741093 Loss content:  0.0170 Loss fft:  0.7932 Loss dta_rank:  0.7740 Loss dta_tv:  0.0269 Loss dta_proxy:  0.4580 Loss dta_trans:  0.0063 Loss dta_phys:  0.0069 Loss dta_preserve:  0.0054
Time:  0.0751 Epoch: 009 Iter:  100/ 600 LR: 0.0000741093 Loss content:  0.0172 Loss fft:  0.8159 Loss dta_rank:  0.7753 Loss dta_tv:  0.0264 Loss dta_proxy:  0.4706 Loss dta_trans:  0.0060 Loss dta_phys:  0.0068 Loss dta_preserve:  0.0049
Time:  0.0780 Epoch: 009 Iter:  150/ 600 LR: 0.0000741093 Loss content:  0.0169 Loss fft:  0.8404 Loss dta_rank:  0.7758 Loss dta_tv:  0.0266 Loss dta_proxy:  0.4576 Loss dta_trans:  0.0062 Loss dta_phys:  0.0060 Loss dta_preserve:  0.0041
Time:  0.0760 Epoch: 009 Iter:  200/ 600 LR: 0.0000741093 Loss content:  0.0161 Loss fft:  0.7784 Loss dta_rank:  0.7714 Loss dta_tv:  0.0269 Loss dta_proxy:  0.4536 Loss dta_trans:  0.0075 Loss dta_phys:  0.0070 Loss dta_preserve:  0.0049
Time:  0.0785 Epoch: 009 Iter:  250/ 600 LR: 0.0000741093 Loss content:  0.0165 Loss fft:  0.8026 Loss dta_rank:  0.7664 Loss dta_tv:  0.0262 Loss dta_proxy:  0.4599 Loss dta_trans:  0.0063 Loss dta_phys:  0.0073 Loss dta_preserve:  0.0048
Time:  0.0747 Epoch: 009 Iter:  300/ 600 LR: 0.0000741093 Loss content:  0.0174 Loss fft:  0.8474 Loss dta_rank:  0.7752 Loss dta_tv:  0.0262 Loss dta_proxy:  0.4577 Loss dta_trans:  0.0068 Loss dta_phys:  0.0067 Loss dta_preserve:  0.0052
Time:  0.0772 Epoch: 009 Iter:  350/ 600 LR: 0.0000741093 Loss content:  0.0178 Loss fft:  0.8073 Loss dta_rank:  0.7719 Loss dta_tv:  0.0259 Loss dta_proxy:  0.4609 Loss dta_trans:  0.0067 Loss dta_phys:  0.0067 Loss dta_preserve:  0.0050
Time:  0.0778 Epoch: 009 Iter:  400/ 600 LR: 0.0000741093 Loss content:  0.0164 Loss fft:  0.8104 Loss dta_rank:  0.7742 Loss dta_tv:  0.0264 Loss dta_proxy:  0.4600 Loss dta_trans:  0.0056 Loss dta_phys:  0.0067 Loss dta_preserve:  0.0044
Time:  0.0767 Epoch: 009 Iter:  450/ 600 LR: 0.0000741093 Loss content:  0.0172 Loss fft:  0.8241 Loss dta_rank:  0.7832 Loss dta_tv:  0.0267 Loss dta_proxy:  0.4616 Loss dta_trans:  0.0065 Loss dta_phys:  0.0064 Loss dta_preserve:  0.0044
Time:  0.0781 Epoch: 009 Iter:  500/ 600 LR: 0.0000741093 Loss content:  0.0171 Loss fft:  0.8213 Loss dta_rank:  0.7721 Loss dta_tv:  0.0267 Loss dta_proxy:  0.4551 Loss dta_trans:  0.0069 Loss dta_phys:  0.0070 Loss dta_preserve:  0.0053
Time:  0.0783 Epoch: 009 Iter:  550/ 600 LR: 0.0000741093 Loss content:  0.0174 Loss fft:  0.8417 Loss dta_rank:  0.7844 Loss dta_tv:  0.0275 Loss dta_proxy:  0.4424 Loss dta_trans:  0.0059 Loss dta_phys:  0.0064 Loss dta_preserve:  0.0046
Time:  0.0767 Epoch: 009 Iter:  600/ 600 LR: 0.0000741093 Loss content:  0.0167 Loss fft:  0.8116 Loss dta_rank:  0.7748 Loss dta_tv:  0.0265 Loss dta_proxy:  0.4456 Loss dta_trans:  0.0074 Loss dta_phys:  0.0072 Loss dta_preserve:  0.0053
EPOCH: 09
Elapsed time: 0.93 Epoch Pixel Loss:  0.0170 Epoch FFT Loss:  0.8162 Epoch DTA Rank:  0.7749 Epoch DTA TV:  0.0266 Epoch DTA Proxy:  0.4569 Epoch DTA Trans:  0.0065 Epoch DTA Phys:  0.0068 Epoch DTA Preserve:  0.0049
DTA_GATE_RAMP epoch=10 gate_limit=0.060000
Time:  0.0744 Epoch: 010 Iter:   50/ 600 LR: 0.0000655580 Loss content:  0.0171 Loss fft:  0.8315 Loss dta_rank:  0.7708 Loss dta_tv:  0.0258 Loss dta_proxy:  0.4499 Loss dta_trans:  0.0061 Loss dta_phys:  0.0067 Loss dta_preserve:  0.0050
Time:  0.0729 Epoch: 010 Iter:  100/ 600 LR: 0.0000655580 Loss content:  0.0176 Loss fft:  0.8289 Loss dta_rank:  0.7699 Loss dta_tv:  0.0252 Loss dta_proxy:  0.4662 Loss dta_trans:  0.0056 Loss dta_phys:  0.0067 Loss dta_preserve:  0.0055
Time:  0.0729 Epoch: 010 Iter:  150/ 600 LR: 0.0000655580 Loss content:  0.0168 Loss fft:  0.8105 Loss dta_rank:  0.7761 Loss dta_tv:  0.0260 Loss dta_proxy:  0.4619 Loss dta_trans:  0.0065 Loss dta_phys:  0.0070 Loss dta_preserve:  0.0050
Time:  0.0756 Epoch: 010 Iter:  200/ 600 LR: 0.0000655580 Loss content:  0.0179 Loss fft:  0.8418 Loss dta_rank:  0.7713 Loss dta_tv:  0.0264 Loss dta_proxy:  0.4486 Loss dta_trans:  0.0073 Loss dta_phys:  0.0071 Loss dta_preserve:  0.0053
Time:  0.0752 Epoch: 010 Iter:  250/ 600 LR: 0.0000655580 Loss content:  0.0169 Loss fft:  0.8165 Loss dta_rank:  0.7723 Loss dta_tv:  0.0260 Loss dta_proxy:  0.4600 Loss dta_trans:  0.0061 Loss dta_phys:  0.0066 Loss dta_preserve:  0.0059
Time:  0.0697 Epoch: 010 Iter:  300/ 600 LR: 0.0000655580 Loss content:  0.0166 Loss fft:  0.7899 Loss dta_rank:  0.7760 Loss dta_tv:  0.0261 Loss dta_proxy:  0.4613 Loss dta_trans:  0.0059 Loss dta_phys:  0.0063 Loss dta_preserve:  0.0054
Time:  0.0694 Epoch: 010 Iter:  350/ 600 LR: 0.0000655580 Loss content:  0.0167 Loss fft:  0.8275 Loss dta_rank:  0.7794 Loss dta_tv:  0.0260 Loss dta_proxy:  0.4553 Loss dta_trans:  0.0058 Loss dta_phys:  0.0068 Loss dta_preserve:  0.0085
Time:  0.0708 Epoch: 010 Iter:  400/ 600 LR: 0.0000655580 Loss content:  0.0171 Loss fft:  0.8336 Loss dta_rank:  0.7761 Loss dta_tv:  0.0258 Loss dta_proxy:  0.4671 Loss dta_trans:  0.0061 Loss dta_phys:  0.0065 Loss dta_preserve:  0.0064
Time:  0.0695 Epoch: 010 Iter:  450/ 600 LR: 0.0000655580 Loss content:  0.0167 Loss fft:  0.8073 Loss dta_rank:  0.7725 Loss dta_tv:  0.0263 Loss dta_proxy:  0.4530 Loss dta_trans:  0.0065 Loss dta_phys:  0.0067 Loss dta_preserve:  0.0058
Time:  0.0675 Epoch: 010 Iter:  500/ 600 LR: 0.0000655580 Loss content:  0.0171 Loss fft:  0.7986 Loss dta_rank:  0.7737 Loss dta_tv:  0.0255 Loss dta_proxy:  0.4623 Loss dta_trans:  0.0076 Loss dta_phys:  0.0068 Loss dta_preserve:  0.0050
Time:  0.0687 Epoch: 010 Iter:  550/ 600 LR: 0.0000655580 Loss content:  0.0169 Loss fft:  0.7812 Loss dta_rank:  0.7726 Loss dta_tv:  0.0260 Loss dta_proxy:  0.4584 Loss dta_trans:  0.0068 Loss dta_phys:  0.0074 Loss dta_preserve:  0.0053
Time:  0.0651 Epoch: 010 Iter:  600/ 600 LR: 0.0000655580 Loss content:  0.0174 Loss fft:  0.8544 Loss dta_rank:  0.7701 Loss dta_tv:  0.0259 Loss dta_proxy:  0.4607 Loss dta_trans:  0.0066 Loss dta_phys:  0.0069 Loss dta_preserve:  0.0044
EPOCH: 10
Elapsed time: 0.86 Epoch Pixel Loss:  0.0171 Epoch FFT Loss:  0.8185 Epoch DTA Rank:  0.7734 Epoch DTA TV:  0.0259 Epoch DTA Proxy:  0.4587 Epoch DTA Trans:  0.0064 Epoch DTA Phys:  0.0068 Epoch DTA Preserve:  0.0056
DTA_GATE_RAMP epoch=11 gate_limit=0.060000
Time:  0.0828 Epoch: 011 Iter:   50/ 600 LR: 0.0000565424 Loss content:  0.0165 Loss fft:  0.8196 Loss dta_rank:  0.7757 Loss dta_tv:  0.0258 Loss dta_proxy:  0.4554 Loss dta_trans:  0.0058 Loss dta_phys:  0.0065 Loss dta_preserve:  0.0038
Time:  0.0760 Epoch: 011 Iter:  100/ 600 LR: 0.0000565424 Loss content:  0.0168 Loss fft:  0.8299 Loss dta_rank:  0.7748 Loss dta_tv:  0.0267 Loss dta_proxy:  0.4420 Loss dta_trans:  0.0066 Loss dta_phys:  0.0060 Loss dta_preserve:  0.0046
Time:  0.0697 Epoch: 011 Iter:  150/ 600 LR: 0.0000565424 Loss content:  0.0176 Loss fft:  0.8002 Loss dta_rank:  0.7740 Loss dta_tv:  0.0257 Loss dta_proxy:  0.4476 Loss dta_trans:  0.0066 Loss dta_phys:  0.0065 Loss dta_preserve:  0.0050
Time:  0.0748 Epoch: 011 Iter:  200/ 600 LR: 0.0000565424 Loss content:  0.0173 Loss fft:  0.8144 Loss dta_rank:  0.7722 Loss dta_tv:  0.0253 Loss dta_proxy:  0.4752 Loss dta_trans:  0.0055 Loss dta_phys:  0.0071 Loss dta_preserve:  0.0047
Time:  0.0684 Epoch: 011 Iter:  250/ 600 LR: 0.0000565424 Loss content:  0.0176 Loss fft:  0.8424 Loss dta_rank:  0.7738 Loss dta_tv:  0.0262 Loss dta_proxy:  0.4518 Loss dta_trans:  0.0066 Loss dta_phys:  0.0072 Loss dta_preserve:  0.0051
Time:  0.0764 Epoch: 011 Iter:  300/ 600 LR: 0.0000565424 Loss content:  0.0174 Loss fft:  0.8320 Loss dta_rank:  0.7745 Loss dta_tv:  0.0261 Loss dta_proxy:  0.4631 Loss dta_trans:  0.0062 Loss dta_phys:  0.0073 Loss dta_preserve:  0.0055
Time:  0.0744 Epoch: 011 Iter:  350/ 600 LR: 0.0000565424 Loss content:  0.0166 Loss fft:  0.7829 Loss dta_rank:  0.7738 Loss dta_tv:  0.0258 Loss dta_proxy:  0.4589 Loss dta_trans:  0.0068 Loss dta_phys:  0.0070 Loss dta_preserve:  0.0057
Time:  0.0760 Epoch: 011 Iter:  400/ 600 LR: 0.0000565424 Loss content:  0.0177 Loss fft:  0.8464 Loss dta_rank:  0.7725 Loss dta_tv:  0.0251 Loss dta_proxy:  0.4879 Loss dta_trans:  0.0058 Loss dta_phys:  0.0066 Loss dta_preserve:  0.0041
Time:  0.0728 Epoch: 011 Iter:  450/ 600 LR: 0.0000565424 Loss content:  0.0167 Loss fft:  0.7924 Loss dta_rank:  0.7739 Loss dta_tv:  0.0259 Loss dta_proxy:  0.4647 Loss dta_trans:  0.0072 Loss dta_phys:  0.0075 Loss dta_preserve:  0.0051
Time:  0.0782 Epoch: 011 Iter:  500/ 600 LR: 0.0000565424 Loss content:  0.0172 Loss fft:  0.8176 Loss dta_rank:  0.7757 Loss dta_tv:  0.0256 Loss dta_proxy:  0.4610 Loss dta_trans:  0.0066 Loss dta_phys:  0.0066 Loss dta_preserve:  0.0061
Time:  0.0761 Epoch: 011 Iter:  550/ 600 LR: 0.0000565424 Loss content:  0.0162 Loss fft:  0.8094 Loss dta_rank:  0.7729 Loss dta_tv:  0.0250 Loss dta_proxy:  0.4783 Loss dta_trans:  0.0054 Loss dta_phys:  0.0068 Loss dta_preserve:  0.0036
Time:  0.0776 Epoch: 011 Iter:  600/ 600 LR: 0.0000565424 Loss content:  0.0172 Loss fft:  0.8228 Loss dta_rank:  0.7778 Loss dta_tv:  0.0261 Loss dta_proxy:  0.4461 Loss dta_trans:  0.0062 Loss dta_phys:  0.0067 Loss dta_preserve:  0.0048
EPOCH: 11
Elapsed time: 0.91 Epoch Pixel Loss:  0.0170 Epoch FFT Loss:  0.8175 Epoch DTA Rank:  0.7743 Epoch DTA TV:  0.0258 Epoch DTA Proxy:  0.4610 Epoch DTA Trans:  0.0063 Epoch DTA Phys:  0.0068 Epoch DTA Preserve:  0.0048
DTA_GATE_RAMP epoch=12 gate_limit=0.060000
Time:  0.0812 Epoch: 012 Iter:   50/ 600 LR: 0.0000473670 Loss content:  0.0173 Loss fft:  0.8097 Loss dta_rank:  0.7753 Loss dta_tv:  0.0252 Loss dta_proxy:  0.4702 Loss dta_trans:  0.0063 Loss dta_phys:  0.0065 Loss dta_preserve:  0.0046
Time:  0.0745 Epoch: 012 Iter:  100/ 600 LR: 0.0000473670 Loss content:  0.0177 Loss fft:  0.8387 Loss dta_rank:  0.7788 Loss dta_tv:  0.0253 Loss dta_proxy:  0.4674 Loss dta_trans:  0.0060 Loss dta_phys:  0.0064 Loss dta_preserve:  0.0058
Time:  0.0778 Epoch: 012 Iter:  150/ 600 LR: 0.0000473670 Loss content:  0.0170 Loss fft:  0.8077 Loss dta_rank:  0.7753 Loss dta_tv:  0.0256 Loss dta_proxy:  0.4549 Loss dta_trans:  0.0076 Loss dta_phys:  0.0066 Loss dta_preserve:  0.0042
Time:  0.0732 Epoch: 012 Iter:  200/ 600 LR: 0.0000473670 Loss content:  0.0177 Loss fft:  0.8297 Loss dta_rank:  0.7671 Loss dta_tv:  0.0241 Loss dta_proxy:  0.4680 Loss dta_trans:  0.0057 Loss dta_phys:  0.0070 Loss dta_preserve:  0.0049
Time:  0.0718 Epoch: 012 Iter:  250/ 600 LR: 0.0000473670 Loss content:  0.0172 Loss fft:  0.7976 Loss dta_rank:  0.7732 Loss dta_tv:  0.0252 Loss dta_proxy:  0.4632 Loss dta_trans:  0.0060 Loss dta_phys:  0.0069 Loss dta_preserve:  0.0053
Time:  0.0779 Epoch: 012 Iter:  300/ 600 LR: 0.0000473670 Loss content:  0.0172 Loss fft:  0.8042 Loss dta_rank:  0.7725 Loss dta_tv:  0.0256 Loss dta_proxy:  0.4575 Loss dta_trans:  0.0057 Loss dta_phys:  0.0066 Loss dta_preserve:  0.0059
Time:  0.0777 Epoch: 012 Iter:  350/ 600 LR: 0.0000473670 Loss content:  0.0178 Loss fft:  0.8344 Loss dta_rank:  0.7767 Loss dta_tv:  0.0254 Loss dta_proxy:  0.4591 Loss dta_trans:  0.0062 Loss dta_phys:  0.0065 Loss dta_preserve:  0.0052
Time:  0.0795 Epoch: 012 Iter:  400/ 600 LR: 0.0000473670 Loss content:  0.0167 Loss fft:  0.8242 Loss dta_rank:  0.7776 Loss dta_tv:  0.0258 Loss dta_proxy:  0.4454 Loss dta_trans:  0.0066 Loss dta_phys:  0.0070 Loss dta_preserve:  0.0044
Time:  0.0767 Epoch: 012 Iter:  450/ 600 LR: 0.0000473670 Loss content:  0.0175 Loss fft:  0.8070 Loss dta_rank:  0.7777 Loss dta_tv:  0.0261 Loss dta_proxy:  0.4502 Loss dta_trans:  0.0063 Loss dta_phys:  0.0069 Loss dta_preserve:  0.0051
Time:  0.0780 Epoch: 012 Iter:  500/ 600 LR: 0.0000473670 Loss content:  0.0177 Loss fft:  0.8325 Loss dta_rank:  0.7764 Loss dta_tv:  0.0258 Loss dta_proxy:  0.4544 Loss dta_trans:  0.0060 Loss dta_phys:  0.0062 Loss dta_preserve:  0.0050
Time:  0.0762 Epoch: 012 Iter:  550/ 600 LR: 0.0000473670 Loss content:  0.0172 Loss fft:  0.8285 Loss dta_rank:  0.7707 Loss dta_tv:  0.0256 Loss dta_proxy:  0.4533 Loss dta_trans:  0.0068 Loss dta_phys:  0.0072 Loss dta_preserve:  0.0056
Time:  0.0779 Epoch: 012 Iter:  600/ 600 LR: 0.0000473670 Loss content:  0.0168 Loss fft:  0.8082 Loss dta_rank:  0.7727 Loss dta_tv:  0.0258 Loss dta_proxy:  0.4577 Loss dta_trans:  0.0067 Loss dta_phys:  0.0075 Loss dta_preserve:  0.0042
EPOCH: 12
Elapsed time: 0.93 Epoch Pixel Loss:  0.0173 Epoch FFT Loss:  0.8185 Epoch DTA Rank:  0.7745 Epoch DTA TV:  0.0255 Epoch DTA Proxy:  0.4584 Epoch DTA Trans:  0.0063 Epoch DTA Phys:  0.0068 Epoch DTA Preserve:  0.0050
DTA_GATE_RAMP epoch=13 gate_limit=0.060000
Time:  0.0798 Epoch: 013 Iter:   50/ 600 LR: 0.0000383414 Loss content:  0.0171 Loss fft:  0.8360 Loss dta_rank:  0.7754 Loss dta_tv:  0.0263 Loss dta_proxy:  0.4434 Loss dta_trans:  0.0065 Loss dta_phys:  0.0067 Loss dta_preserve:  0.0053
Time:  0.0776 Epoch: 013 Iter:  100/ 600 LR: 0.0000383414 Loss content:  0.0167 Loss fft:  0.8099 Loss dta_rank:  0.7714 Loss dta_tv:  0.0257 Loss dta_proxy:  0.4579 Loss dta_trans:  0.0063 Loss dta_phys:  0.0066 Loss dta_preserve:  0.0051
Time:  0.0775 Epoch: 013 Iter:  150/ 600 LR: 0.0000383414 Loss content:  0.0170 Loss fft:  0.7965 Loss dta_rank:  0.7774 Loss dta_tv:  0.0259 Loss dta_proxy:  0.4566 Loss dta_trans:  0.0057 Loss dta_phys:  0.0075 Loss dta_preserve:  0.0047
Time:  0.0755 Epoch: 013 Iter:  200/ 600 LR: 0.0000383414 Loss content:  0.0173 Loss fft:  0.8384 Loss dta_rank:  0.7784 Loss dta_tv:  0.0255 Loss dta_proxy:  0.4690 Loss dta_trans:  0.0057 Loss dta_phys:  0.0063 Loss dta_preserve:  0.0046
Time:  0.0749 Epoch: 013 Iter:  250/ 600 LR: 0.0000383414 Loss content:  0.0169 Loss fft:  0.7769 Loss dta_rank:  0.7749 Loss dta_tv:  0.0247 Loss dta_proxy:  0.4737 Loss dta_trans:  0.0055 Loss dta_phys:  0.0069 Loss dta_preserve:  0.0055
Time:  0.0674 Epoch: 013 Iter:  300/ 600 LR: 0.0000383414 Loss content:  0.0175 Loss fft:  0.8123 Loss dta_rank:  0.7727 Loss dta_tv:  0.0258 Loss dta_proxy:  0.4561 Loss dta_trans:  0.0059 Loss dta_phys:  0.0065 Loss dta_preserve:  0.0055
Time:  0.0676 Epoch: 013 Iter:  350/ 600 LR: 0.0000383414 Loss content:  0.0170 Loss fft:  0.8097 Loss dta_rank:  0.7730 Loss dta_tv:  0.0252 Loss dta_proxy:  0.4547 Loss dta_trans:  0.0081 Loss dta_phys:  0.0064 Loss dta_preserve:  0.0039
Time:  0.0770 Epoch: 013 Iter:  400/ 600 LR: 0.0000383414 Loss content:  0.0160 Loss fft:  0.7908 Loss dta_rank:  0.7735 Loss dta_tv:  0.0256 Loss dta_proxy:  0.4636 Loss dta_trans:  0.0063 Loss dta_phys:  0.0067 Loss dta_preserve:  0.0040
Time:  0.0768 Epoch: 013 Iter:  450/ 600 LR: 0.0000383414 Loss content:  0.0172 Loss fft:  0.8315 Loss dta_rank:  0.7716 Loss dta_tv:  0.0259 Loss dta_proxy:  0.4413 Loss dta_trans:  0.0062 Loss dta_phys:  0.0072 Loss dta_preserve:  0.0049
Time:  0.0786 Epoch: 013 Iter:  500/ 600 LR: 0.0000383414 Loss content:  0.0169 Loss fft:  0.8319 Loss dta_rank:  0.7774 Loss dta_tv:  0.0248 Loss dta_proxy:  0.4793 Loss dta_trans:  0.0054 Loss dta_phys:  0.0064 Loss dta_preserve:  0.0049
Time:  0.0752 Epoch: 013 Iter:  550/ 600 LR: 0.0000383414 Loss content:  0.0168 Loss fft:  0.8263 Loss dta_rank:  0.7789 Loss dta_tv:  0.0261 Loss dta_proxy:  0.4562 Loss dta_trans:  0.0070 Loss dta_phys:  0.0072 Loss dta_preserve:  0.0044
Time:  0.0757 Epoch: 013 Iter:  600/ 600 LR: 0.0000383414 Loss content:  0.0178 Loss fft:  0.8611 Loss dta_rank:  0.7719 Loss dta_tv:  0.0251 Loss dta_proxy:  0.4616 Loss dta_trans:  0.0067 Loss dta_phys:  0.0065 Loss dta_preserve:  0.0054
EPOCH: 13
Elapsed time: 0.91 Epoch Pixel Loss:  0.0170 Epoch FFT Loss:  0.8184 Epoch DTA Rank:  0.7747 Epoch DTA TV:  0.0256 Epoch DTA Proxy:  0.4594 Epoch DTA Trans:  0.0063 Epoch DTA Phys:  0.0067 Epoch DTA Preserve:  0.0049
DTA_GATE_RAMP epoch=14 gate_limit=0.060000
Time:  0.0824 Epoch: 014 Iter:   50/ 600 LR: 0.0000297690 Loss content:  0.0164 Loss fft:  0.7998 Loss dta_rank:  0.7756 Loss dta_tv:  0.0247 Loss dta_proxy:  0.4786 Loss dta_trans:  0.0062 Loss dta_phys:  0.0063 Loss dta_preserve:  0.0051
Time:  0.0784 Epoch: 014 Iter:  100/ 600 LR: 0.0000297690 Loss content:  0.0169 Loss fft:  0.8233 Loss dta_rank:  0.7716 Loss dta_tv:  0.0250 Loss dta_proxy:  0.4609 Loss dta_trans:  0.0056 Loss dta_phys:  0.0060 Loss dta_preserve:  0.0056
Time:  0.0758 Epoch: 014 Iter:  150/ 600 LR: 0.0000297690 Loss content:  0.0172 Loss fft:  0.7974 Loss dta_rank:  0.7749 Loss dta_tv:  0.0252 Loss dta_proxy:  0.4512 Loss dta_trans:  0.0056 Loss dta_phys:  0.0062 Loss dta_preserve:  0.0040
Time:  0.0727 Epoch: 014 Iter:  200/ 600 LR: 0.0000297690 Loss content:  0.0181 Loss fft:  0.8398 Loss dta_rank:  0.7807 Loss dta_tv:  0.0251 Loss dta_proxy:  0.4691 Loss dta_trans:  0.0056 Loss dta_phys:  0.0073 Loss dta_preserve:  0.0056
Time:  0.0736 Epoch: 014 Iter:  250/ 600 LR: 0.0000297690 Loss content:  0.0169 Loss fft:  0.8413 Loss dta_rank:  0.7717 Loss dta_tv:  0.0257 Loss dta_proxy:  0.4567 Loss dta_trans:  0.0064 Loss dta_phys:  0.0064 Loss dta_preserve:  0.0055
Time:  0.0732 Epoch: 014 Iter:  300/ 600 LR: 0.0000297690 Loss content:  0.0169 Loss fft:  0.8011 Loss dta_rank:  0.7794 Loss dta_tv:  0.0259 Loss dta_proxy:  0.4461 Loss dta_trans:  0.0062 Loss dta_phys:  0.0068 Loss dta_preserve:  0.0058
Time:  0.0714 Epoch: 014 Iter:  350/ 600 LR: 0.0000297690 Loss content:  0.0175 Loss fft:  0.8355 Loss dta_rank:  0.7789 Loss dta_tv:  0.0257 Loss dta_proxy:  0.4645 Loss dta_trans:  0.0062 Loss dta_phys:  0.0069 Loss dta_preserve:  0.0048
Time:  0.0794 Epoch: 014 Iter:  400/ 600 LR: 0.0000297690 Loss content:  0.0173 Loss fft:  0.8099 Loss dta_rank:  0.7700 Loss dta_tv:  0.0251 Loss dta_proxy:  0.4600 Loss dta_trans:  0.0063 Loss dta_phys:  0.0067 Loss dta_preserve:  0.0039
Time:  0.0825 Epoch: 014 Iter:  450/ 600 LR: 0.0000297690 Loss content:  0.0179 Loss fft:  0.8280 Loss dta_rank:  0.7742 Loss dta_tv:  0.0247 Loss dta_proxy:  0.4842 Loss dta_trans:  0.0060 Loss dta_phys:  0.0074 Loss dta_preserve:  0.0055
Time:  0.0761 Epoch: 014 Iter:  500/ 600 LR: 0.0000297690 Loss content:  0.0168 Loss fft:  0.8222 Loss dta_rank:  0.7771 Loss dta_tv:  0.0250 Loss dta_proxy:  0.4673 Loss dta_trans:  0.0055 Loss dta_phys:  0.0071 Loss dta_preserve:  0.0051
Time:  0.0767 Epoch: 014 Iter:  550/ 600 LR: 0.0000297690 Loss content:  0.0166 Loss fft:  0.8125 Loss dta_rank:  0.7681 Loss dta_tv:  0.0255 Loss dta_proxy:  0.4460 Loss dta_trans:  0.0069 Loss dta_phys:  0.0068 Loss dta_preserve:  0.0046
Time:  0.0762 Epoch: 014 Iter:  600/ 600 LR: 0.0000297690 Loss content:  0.0175 Loss fft:  0.8348 Loss dta_rank:  0.7717 Loss dta_tv:  0.0255 Loss dta_proxy:  0.4559 Loss dta_trans:  0.0068 Loss dta_phys:  0.0074 Loss dta_preserve:  0.0081
EPOCH: 14
Elapsed time: 0.92 Epoch Pixel Loss:  0.0172 Epoch FFT Loss:  0.8205 Epoch DTA Rank:  0.7745 Epoch DTA TV:  0.0253 Epoch DTA Proxy:  0.4617 Epoch DTA Trans:  0.0061 Epoch DTA Phys:  0.0068 Epoch DTA Preserve:  0.0053
DTA_GATE_RAMP epoch=15 gate_limit=0.060000
Time:  0.0840 Epoch: 015 Iter:   50/ 600 LR: 0.0000219361 Loss content:  0.0169 Loss fft:  0.8440 Loss dta_rank:  0.7764 Loss dta_tv:  0.0246 Loss dta_proxy:  0.4703 Loss dta_trans:  0.0063 Loss dta_phys:  0.0065 Loss dta_preserve:  0.0058
Time:  0.0809 Epoch: 015 Iter:  100/ 600 LR: 0.0000219361 Loss content:  0.0173 Loss fft:  0.8314 Loss dta_rank:  0.7761 Loss dta_tv:  0.0252 Loss dta_proxy:  0.4560 Loss dta_trans:  0.0061 Loss dta_phys:  0.0063 Loss dta_preserve:  0.0053
Time:  0.0821 Epoch: 015 Iter:  150/ 600 LR: 0.0000219361 Loss content:  0.0170 Loss fft:  0.8068 Loss dta_rank:  0.7753 Loss dta_tv:  0.0252 Loss dta_proxy:  0.4575 Loss dta_trans:  0.0054 Loss dta_phys:  0.0067 Loss dta_preserve:  0.0055
Time:  0.0800 Epoch: 015 Iter:  200/ 600 LR: 0.0000219361 Loss content:  0.0173 Loss fft:  0.8200 Loss dta_rank:  0.7754 Loss dta_tv:  0.0250 Loss dta_proxy:  0.4687 Loss dta_trans:  0.0059 Loss dta_phys:  0.0070 Loss dta_preserve:  0.0054
Time:  0.0768 Epoch: 015 Iter:  250/ 600 LR: 0.0000219361 Loss content:  0.0172 Loss fft:  0.8317 Loss dta_rank:  0.7764 Loss dta_tv:  0.0254 Loss dta_proxy:  0.4432 Loss dta_trans:  0.0059 Loss dta_phys:  0.0066 Loss dta_preserve:  0.0049
Time:  0.0762 Epoch: 015 Iter:  300/ 600 LR: 0.0000219361 Loss content:  0.0169 Loss fft:  0.7958 Loss dta_rank:  0.7762 Loss dta_tv:  0.0254 Loss dta_proxy:  0.4477 Loss dta_trans:  0.0057 Loss dta_phys:  0.0069 Loss dta_preserve:  0.0049
Time:  0.0757 Epoch: 015 Iter:  350/ 600 LR: 0.0000219361 Loss content:  0.0176 Loss fft:  0.8375 Loss dta_rank:  0.7760 Loss dta_tv:  0.0260 Loss dta_proxy:  0.4510 Loss dta_trans:  0.0070 Loss dta_phys:  0.0068 Loss dta_preserve:  0.0059
Time:  0.0716 Epoch: 015 Iter:  400/ 600 LR: 0.0000219361 Loss content:  0.0166 Loss fft:  0.7754 Loss dta_rank:  0.7759 Loss dta_tv:  0.0261 Loss dta_proxy:  0.4487 Loss dta_trans:  0.0066 Loss dta_phys:  0.0072 Loss dta_preserve:  0.0045
Time:  0.0760 Epoch: 015 Iter:  450/ 600 LR: 0.0000219361 Loss content:  0.0176 Loss fft:  0.8400 Loss dta_rank:  0.7685 Loss dta_tv:  0.0252 Loss dta_proxy:  0.4612 Loss dta_trans:  0.0060 Loss dta_phys:  0.0064 Loss dta_preserve:  0.0053
Time:  0.0752 Epoch: 015 Iter:  500/ 600 LR: 0.0000219361 Loss content:  0.0175 Loss fft:  0.8418 Loss dta_rank:  0.7751 Loss dta_tv:  0.0251 Loss dta_proxy:  0.4553 Loss dta_trans:  0.0064 Loss dta_phys:  0.0062 Loss dta_preserve:  0.0049
Time:  0.0755 Epoch: 015 Iter:  550/ 600 LR: 0.0000219361 Loss content:  0.0180 Loss fft:  0.8391 Loss dta_rank:  0.7752 Loss dta_tv:  0.0250 Loss dta_proxy:  0.4729 Loss dta_trans:  0.0058 Loss dta_phys:  0.0070 Loss dta_preserve:  0.0051
Time:  0.0725 Epoch: 015 Iter:  600/ 600 LR: 0.0000219361 Loss content:  0.0175 Loss fft:  0.7938 Loss dta_rank:  0.7688 Loss dta_tv:  0.0251 Loss dta_proxy:  0.4616 Loss dta_trans:  0.0059 Loss dta_phys:  0.0067 Loss dta_preserve:  0.0046
EPOCH: 15
Elapsed time: 0.93 Epoch Pixel Loss:  0.0173 Epoch FFT Loss:  0.8215 Epoch DTA Rank:  0.7746 Epoch DTA TV:  0.0253 Epoch DTA Proxy:  0.4579 Epoch DTA Trans:  0.0061 Epoch DTA Phys:  0.0067 Epoch DTA Preserve:  0.0052
DTA_GATE_RAMP epoch=16 gate_limit=0.060000
Time:  0.0817 Epoch: 016 Iter:   50/ 600 LR: 0.0000151017 Loss content:  0.0175 Loss fft:  0.8193 Loss dta_rank:  0.7713 Loss dta_tv:  0.0247 Loss dta_proxy:  0.4760 Loss dta_trans:  0.0057 Loss dta_phys:  0.0072 Loss dta_preserve:  0.0053
Time:  0.0743 Epoch: 016 Iter:  100/ 600 LR: 0.0000151017 Loss content:  0.0179 Loss fft:  0.8673 Loss dta_rank:  0.7747 Loss dta_tv:  0.0258 Loss dta_proxy:  0.4479 Loss dta_trans:  0.0059 Loss dta_phys:  0.0063 Loss dta_preserve:  0.0054
Time:  0.0772 Epoch: 016 Iter:  150/ 600 LR: 0.0000151017 Loss content:  0.0174 Loss fft:  0.8206 Loss dta_rank:  0.7764 Loss dta_tv:  0.0248 Loss dta_proxy:  0.4737 Loss dta_trans:  0.0054 Loss dta_phys:  0.0071 Loss dta_preserve:  0.0060
Time:  0.0777 Epoch: 016 Iter:  200/ 600 LR: 0.0000151017 Loss content:  0.0169 Loss fft:  0.8034 Loss dta_rank:  0.7790 Loss dta_tv:  0.0257 Loss dta_proxy:  0.4579 Loss dta_trans:  0.0065 Loss dta_phys:  0.0066 Loss dta_preserve:  0.0046
Time:  0.0807 Epoch: 016 Iter:  250/ 600 LR: 0.0000151017 Loss content:  0.0166 Loss fft:  0.8039 Loss dta_rank:  0.7744 Loss dta_tv:  0.0250 Loss dta_proxy:  0.4662 Loss dta_trans:  0.0067 Loss dta_phys:  0.0074 Loss dta_preserve:  0.0042
Time:  0.0781 Epoch: 016 Iter:  300/ 600 LR: 0.0000151017 Loss content:  0.0175 Loss fft:  0.7983 Loss dta_rank:  0.7742 Loss dta_tv:  0.0258 Loss dta_proxy:  0.4508 Loss dta_trans:  0.0065 Loss dta_phys:  0.0072 Loss dta_preserve:  0.0045
Time:  0.0787 Epoch: 016 Iter:  350/ 600 LR: 0.0000151017 Loss content:  0.0170 Loss fft:  0.8005 Loss dta_rank:  0.7723 Loss dta_tv:  0.0243 Loss dta_proxy:  0.4746 Loss dta_trans:  0.0056 Loss dta_phys:  0.0070 Loss dta_preserve:  0.0054
Time:  0.0804 Epoch: 016 Iter:  400/ 600 LR: 0.0000151017 Loss content:  0.0171 Loss fft:  0.8384 Loss dta_rank:  0.7723 Loss dta_tv:  0.0254 Loss dta_proxy:  0.4532 Loss dta_trans:  0.0060 Loss dta_phys:  0.0060 Loss dta_preserve:  0.0043
Time:  0.0765 Epoch: 016 Iter:  450/ 600 LR: 0.0000151017 Loss content:  0.0169 Loss fft:  0.8213 Loss dta_rank:  0.7741 Loss dta_tv:  0.0247 Loss dta_proxy:  0.4757 Loss dta_trans:  0.0055 Loss dta_phys:  0.0067 Loss dta_preserve:  0.0049
Time:  0.0714 Epoch: 016 Iter:  500/ 600 LR: 0.0000151017 Loss content:  0.0169 Loss fft:  0.8082 Loss dta_rank:  0.7771 Loss dta_tv:  0.0262 Loss dta_proxy:  0.4398 Loss dta_trans:  0.0062 Loss dta_phys:  0.0064 Loss dta_preserve:  0.0054
Time:  0.0704 Epoch: 016 Iter:  550/ 600 LR: 0.0000151017 Loss content:  0.0171 Loss fft:  0.8062 Loss dta_rank:  0.7726 Loss dta_tv:  0.0259 Loss dta_proxy:  0.4445 Loss dta_trans:  0.0064 Loss dta_phys:  0.0066 Loss dta_preserve:  0.0062
Time:  0.0751 Epoch: 016 Iter:  600/ 600 LR: 0.0000151017 Loss content:  0.0179 Loss fft:  0.8435 Loss dta_rank:  0.7765 Loss dta_tv:  0.0257 Loss dta_proxy:  0.4467 Loss dta_trans:  0.0064 Loss dta_phys:  0.0067 Loss dta_preserve:  0.0077
EPOCH: 16
Elapsed time: 0.93 Epoch Pixel Loss:  0.0172 Epoch FFT Loss:  0.8192 Epoch DTA Rank:  0.7746 Epoch DTA TV:  0.0253 Epoch DTA Proxy:  0.4589 Epoch DTA Trans:  0.0061 Epoch DTA Phys:  0.0068 Epoch DTA Preserve:  0.0053
DTA_GATE_RAMP epoch=17 gate_limit=0.060000
Time:  0.0805 Epoch: 017 Iter:   50/ 600 LR: 0.0000094853 Loss content:  0.0169 Loss fft:  0.8029 Loss dta_rank:  0.7758 Loss dta_tv:  0.0256 Loss dta_proxy:  0.4603 Loss dta_trans:  0.0067 Loss dta_phys:  0.0074 Loss dta_preserve:  0.0055
Time:  0.0779 Epoch: 017 Iter:  100/ 600 LR: 0.0000094853 Loss content:  0.0163 Loss fft:  0.8033 Loss dta_rank:  0.7750 Loss dta_tv:  0.0253 Loss dta_proxy:  0.4600 Loss dta_trans:  0.0062 Loss dta_phys:  0.0065 Loss dta_preserve:  0.0051
Time:  0.0819 Epoch: 017 Iter:  150/ 600 LR: 0.0000094853 Loss content:  0.0171 Loss fft:  0.8206 Loss dta_rank:  0.7718 Loss dta_tv:  0.0250 Loss dta_proxy:  0.4686 Loss dta_trans:  0.0054 Loss dta_phys:  0.0071 Loss dta_preserve:  0.0056
Time:  0.0765 Epoch: 017 Iter:  200/ 600 LR: 0.0000094853 Loss content:  0.0175 Loss fft:  0.8721 Loss dta_rank:  0.7770 Loss dta_tv:  0.0255 Loss dta_proxy:  0.4539 Loss dta_trans:  0.0064 Loss dta_phys:  0.0059 Loss dta_preserve:  0.0057
Time:  0.0753 Epoch: 017 Iter:  250/ 600 LR: 0.0000094853 Loss content:  0.0176 Loss fft:  0.8239 Loss dta_rank:  0.7769 Loss dta_tv:  0.0251 Loss dta_proxy:  0.4555 Loss dta_trans:  0.0057 Loss dta_phys:  0.0066 Loss dta_preserve:  0.0054
Time:  0.0774 Epoch: 017 Iter:  300/ 600 LR: 0.0000094853 Loss content:  0.0169 Loss fft:  0.8207 Loss dta_rank:  0.7727 Loss dta_tv:  0.0247 Loss dta_proxy:  0.4692 Loss dta_trans:  0.0060 Loss dta_phys:  0.0073 Loss dta_preserve:  0.0055
Time:  0.0800 Epoch: 017 Iter:  350/ 600 LR: 0.0000094853 Loss content:  0.0166 Loss fft:  0.7845 Loss dta_rank:  0.7729 Loss dta_tv:  0.0245 Loss dta_proxy:  0.4767 Loss dta_trans:  0.0060 Loss dta_phys:  0.0072 Loss dta_preserve:  0.0053
Time:  0.0762 Epoch: 017 Iter:  400/ 600 LR: 0.0000094853 Loss content:  0.0168 Loss fft:  0.8059 Loss dta_rank:  0.7736 Loss dta_tv:  0.0250 Loss dta_proxy:  0.4507 Loss dta_trans:  0.0061 Loss dta_phys:  0.0064 Loss dta_preserve:  0.0048
Time:  0.0754 Epoch: 017 Iter:  450/ 600 LR: 0.0000094853 Loss content:  0.0168 Loss fft:  0.8016 Loss dta_rank:  0.7757 Loss dta_tv:  0.0252 Loss dta_proxy:  0.4534 Loss dta_trans:  0.0055 Loss dta_phys:  0.0062 Loss dta_preserve:  0.0060
Time:  0.0754 Epoch: 017 Iter:  500/ 600 LR: 0.0000094853 Loss content:  0.0169 Loss fft:  0.8285 Loss dta_rank:  0.7694 Loss dta_tv:  0.0247 Loss dta_proxy:  0.4600 Loss dta_trans:  0.0060 Loss dta_phys:  0.0064 Loss dta_preserve:  0.0045
Time:  0.0719 Epoch: 017 Iter:  550/ 600 LR: 0.0000094853 Loss content:  0.0168 Loss fft:  0.8237 Loss dta_rank:  0.7723 Loss dta_tv:  0.0253 Loss dta_proxy:  0.4652 Loss dta_trans:  0.0068 Loss dta_phys:  0.0069 Loss dta_preserve:  0.0056
Time:  0.0683 Epoch: 017 Iter:  600/ 600 LR: 0.0000094853 Loss content:  0.0173 Loss fft:  0.8126 Loss dta_rank:  0.7762 Loss dta_tv:  0.0248 Loss dta_proxy:  0.4664 Loss dta_trans:  0.0062 Loss dta_phys:  0.0075 Loss dta_preserve:  0.0040
EPOCH: 17
Elapsed time: 0.92 Epoch Pixel Loss:  0.0170 Epoch FFT Loss:  0.8167 Epoch DTA Rank:  0.7741 Epoch DTA TV:  0.0250 Epoch DTA Proxy:  0.4617 Epoch DTA Trans:  0.0061 Epoch DTA Phys:  0.0068 Epoch DTA Preserve:  0.0053
DTA_GATE_RAMP epoch=18 gate_limit=0.060000
Time:  0.0787 Epoch: 018 Iter:   50/ 600 LR: 0.0000052550 Loss content:  0.0173 Loss fft:  0.8100 Loss dta_rank:  0.7739 Loss dta_tv:  0.0243 Loss dta_proxy:  0.4691 Loss dta_trans:  0.0061 Loss dta_phys:  0.0069 Loss dta_preserve:  0.0059
Time:  0.0758 Epoch: 018 Iter:  100/ 600 LR: 0.0000052550 Loss content:  0.0178 Loss fft:  0.8509 Loss dta_rank:  0.7683 Loss dta_tv:  0.0246 Loss dta_proxy:  0.4556 Loss dta_trans:  0.0060 Loss dta_phys:  0.0063 Loss dta_preserve:  0.0056
Time:  0.0762 Epoch: 018 Iter:  150/ 600 LR: 0.0000052550 Loss content:  0.0165 Loss fft:  0.7719 Loss dta_rank:  0.7693 Loss dta_tv:  0.0255 Loss dta_proxy:  0.4509 Loss dta_trans:  0.0066 Loss dta_phys:  0.0074 Loss dta_preserve:  0.0049
Time:  0.0777 Epoch: 018 Iter:  200/ 600 LR: 0.0000052550 Loss content:  0.0165 Loss fft:  0.8077 Loss dta_rank:  0.7684 Loss dta_tv:  0.0247 Loss dta_proxy:  0.4616 Loss dta_trans:  0.0060 Loss dta_phys:  0.0067 Loss dta_preserve:  0.0037
Time:  0.0743 Epoch: 018 Iter:  250/ 600 LR: 0.0000052550 Loss content:  0.0169 Loss fft:  0.7865 Loss dta_rank:  0.7699 Loss dta_tv:  0.0249 Loss dta_proxy:  0.4577 Loss dta_trans:  0.0065 Loss dta_phys:  0.0071 Loss dta_preserve:  0.0068
Time:  0.0740 Epoch: 018 Iter:  300/ 600 LR: 0.0000052550 Loss content:  0.0168 Loss fft:  0.8116 Loss dta_rank:  0.7762 Loss dta_tv:  0.0248 Loss dta_proxy:  0.4600 Loss dta_trans:  0.0055 Loss dta_phys:  0.0062 Loss dta_preserve:  0.0038
Time:  0.0753 Epoch: 018 Iter:  350/ 600 LR: 0.0000052550 Loss content:  0.0168 Loss fft:  0.7876 Loss dta_rank:  0.7691 Loss dta_tv:  0.0259 Loss dta_proxy:  0.4361 Loss dta_trans:  0.0062 Loss dta_phys:  0.0064 Loss dta_preserve:  0.0051
Time:  0.0754 Epoch: 018 Iter:  400/ 600 LR: 0.0000052550 Loss content:  0.0175 Loss fft:  0.8427 Loss dta_rank:  0.7734 Loss dta_tv:  0.0247 Loss dta_proxy:  0.4648 Loss dta_trans:  0.0056 Loss dta_phys:  0.0075 Loss dta_preserve:  0.0051
Time:  0.0757 Epoch: 018 Iter:  450/ 600 LR: 0.0000052550 Loss content:  0.0169 Loss fft:  0.8084 Loss dta_rank:  0.7774 Loss dta_tv:  0.0258 Loss dta_proxy:  0.4365 Loss dta_trans:  0.0062 Loss dta_phys:  0.0072 Loss dta_preserve:  0.0057
Time:  0.0764 Epoch: 018 Iter:  500/ 600 LR: 0.0000052550 Loss content:  0.0178 Loss fft:  0.8156 Loss dta_rank:  0.7777 Loss dta_tv:  0.0247 Loss dta_proxy:  0.4736 Loss dta_trans:  0.0064 Loss dta_phys:  0.0067 Loss dta_preserve:  0.0065
Time:  0.0755 Epoch: 018 Iter:  550/ 600 LR: 0.0000052550 Loss content:  0.0169 Loss fft:  0.8249 Loss dta_rank:  0.7788 Loss dta_tv:  0.0251 Loss dta_proxy:  0.4598 Loss dta_trans:  0.0056 Loss dta_phys:  0.0069 Loss dta_preserve:  0.0052
Time:  0.0710 Epoch: 018 Iter:  600/ 600 LR: 0.0000052550 Loss content:  0.0176 Loss fft:  0.8656 Loss dta_rank:  0.7791 Loss dta_tv:  0.0258 Loss dta_proxy:  0.4522 Loss dta_trans:  0.0059 Loss dta_phys:  0.0064 Loss dta_preserve:  0.0053
EPOCH: 18
Elapsed time: 0.91 Epoch Pixel Loss:  0.0171 Epoch FFT Loss:  0.8153 Epoch DTA Rank:  0.7734 Epoch DTA TV:  0.0251 Epoch DTA Proxy:  0.4565 Epoch DTA Trans:  0.0061 Epoch DTA Phys:  0.0068 Epoch DTA Preserve:  0.0053
DTA_GATE_RAMP epoch=19 gate_limit=0.060000
Time:  0.0800 Epoch: 019 Iter:   50/ 600 LR: 0.0000025070 Loss content:  0.0170 Loss fft:  0.7992 Loss dta_rank:  0.7788 Loss dta_tv:  0.0246 Loss dta_proxy:  0.4597 Loss dta_trans:  0.0057 Loss dta_phys:  0.0064 Loss dta_preserve:  0.0045
Time:  0.0772 Epoch: 019 Iter:  100/ 600 LR: 0.0000025070 Loss content:  0.0172 Loss fft:  0.7947 Loss dta_rank:  0.7706 Loss dta_tv:  0.0253 Loss dta_proxy:  0.4440 Loss dta_trans:  0.0066 Loss dta_phys:  0.0066 Loss dta_preserve:  0.0053
Time:  0.0762 Epoch: 019 Iter:  150/ 600 LR: 0.0000025070 Loss content:  0.0166 Loss fft:  0.8278 Loss dta_rank:  0.7800 Loss dta_tv:  0.0257 Loss dta_proxy:  0.4543 Loss dta_trans:  0.0062 Loss dta_phys:  0.0061 Loss dta_preserve:  0.0046
Time:  0.0798 Epoch: 019 Iter:  200/ 600 LR: 0.0000025070 Loss content:  0.0173 Loss fft:  0.8600 Loss dta_rank:  0.7762 Loss dta_tv:  0.0252 Loss dta_proxy:  0.4676 Loss dta_trans:  0.0060 Loss dta_phys:  0.0070 Loss dta_preserve:  0.0076
Time:  0.0813 Epoch: 019 Iter:  250/ 600 LR: 0.0000025070 Loss content:  0.0173 Loss fft:  0.8242 Loss dta_rank:  0.7786 Loss dta_tv:  0.0248 Loss dta_proxy:  0.4611 Loss dta_trans:  0.0054 Loss dta_phys:  0.0063 Loss dta_preserve:  0.0047
Time:  0.0797 Epoch: 019 Iter:  300/ 600 LR: 0.0000025070 Loss content:  0.0173 Loss fft:  0.8436 Loss dta_rank:  0.7768 Loss dta_tv:  0.0247 Loss dta_proxy:  0.4686 Loss dta_trans:  0.0059 Loss dta_phys:  0.0071 Loss dta_preserve:  0.0053
Time:  0.0764 Epoch: 019 Iter:  350/ 600 LR: 0.0000025070 Loss content:  0.0173 Loss fft:  0.8138 Loss dta_rank:  0.7749 Loss dta_tv:  0.0258 Loss dta_proxy:  0.4494 Loss dta_trans:  0.0056 Loss dta_phys:  0.0067 Loss dta_preserve:  0.0067
Time:  0.0773 Epoch: 019 Iter:  400/ 600 LR: 0.0000025070 Loss content:  0.0164 Loss fft:  0.7907 Loss dta_rank:  0.7691 Loss dta_tv:  0.0253 Loss dta_proxy:  0.4481 Loss dta_trans:  0.0060 Loss dta_phys:  0.0066 Loss dta_preserve:  0.0051
Time:  0.0748 Epoch: 019 Iter:  450/ 600 LR: 0.0000025070 Loss content:  0.0179 Loss fft:  0.8349 Loss dta_rank:  0.7766 Loss dta_tv:  0.0248 Loss dta_proxy:  0.4659 Loss dta_trans:  0.0054 Loss dta_phys:  0.0064 Loss dta_preserve:  0.0065
Time:  0.0741 Epoch: 019 Iter:  500/ 600 LR: 0.0000025070 Loss content:  0.0174 Loss fft:  0.8086 Loss dta_rank:  0.7749 Loss dta_tv:  0.0247 Loss dta_proxy:  0.4630 Loss dta_trans:  0.0064 Loss dta_phys:  0.0064 Loss dta_preserve:  0.0047
Time:  0.0757 Epoch: 019 Iter:  550/ 600 LR: 0.0000025070 Loss content:  0.0174 Loss fft:  0.8258 Loss dta_rank:  0.7695 Loss dta_tv:  0.0249 Loss dta_proxy:  0.4616 Loss dta_trans:  0.0064 Loss dta_phys:  0.0071 Loss dta_preserve:  0.0053
Time:  0.0760 Epoch: 019 Iter:  600/ 600 LR: 0.0000025070 Loss content:  0.0170 Loss fft:  0.8002 Loss dta_rank:  0.7737 Loss dta_tv:  0.0245 Loss dta_proxy:  0.4724 Loss dta_trans:  0.0058 Loss dta_phys:  0.0070 Loss dta_preserve:  0.0046
EPOCH: 19
Elapsed time: 0.93 Epoch Pixel Loss:  0.0172 Epoch FFT Loss:  0.8186 Epoch DTA Rank:  0.7750 Epoch DTA TV:  0.0250 Epoch DTA Proxy:  0.4596 Epoch DTA Trans:  0.0060 Epoch DTA Phys:  0.0067 Epoch DTA Preserve:  0.0054
DTA_GATE_RAMP epoch=20 gate_limit=0.060000
Time:  0.0884 Epoch: 020 Iter:   50/ 600 LR: 0.0000012125 Loss content:  0.0170 Loss fft:  0.8237 Loss dta_rank:  0.7725 Loss dta_tv:  0.0254 Loss dta_proxy:  0.4586 Loss dta_trans:  0.0067 Loss dta_phys:  0.0066 Loss dta_preserve:  0.0041
Time:  0.0744 Epoch: 020 Iter:  100/ 600 LR: 0.0000012125 Loss content:  0.0167 Loss fft:  0.8249 Loss dta_rank:  0.7743 Loss dta_tv:  0.0252 Loss dta_proxy:  0.4575 Loss dta_trans:  0.0062 Loss dta_phys:  0.0065 Loss dta_preserve:  0.0046
Time:  0.0762 Epoch: 020 Iter:  150/ 600 LR: 0.0000012125 Loss content:  0.0174 Loss fft:  0.8105 Loss dta_rank:  0.7719 Loss dta_tv:  0.0249 Loss dta_proxy:  0.4539 Loss dta_trans:  0.0058 Loss dta_phys:  0.0065 Loss dta_preserve:  0.0060
Time:  0.0787 Epoch: 020 Iter:  200/ 600 LR: 0.0000012125 Loss content:  0.0175 Loss fft:  0.8116 Loss dta_rank:  0.7672 Loss dta_tv:  0.0244 Loss dta_proxy:  0.4672 Loss dta_trans:  0.0061 Loss dta_phys:  0.0074 Loss dta_preserve:  0.0047
Time:  0.0732 Epoch: 020 Iter:  250/ 600 LR: 0.0000012125 Loss content:  0.0173 Loss fft:  0.8506 Loss dta_rank:  0.7789 Loss dta_tv:  0.0245 Loss dta_proxy:  0.4734 Loss dta_trans:  0.0056 Loss dta_phys:  0.0072 Loss dta_preserve:  0.0045
Time:  0.0743 Epoch: 020 Iter:  300/ 600 LR: 0.0000012125 Loss content:  0.0162 Loss fft:  0.7958 Loss dta_rank:  0.7700 Loss dta_tv:  0.0249 Loss dta_proxy:  0.4564 Loss dta_trans:  0.0063 Loss dta_phys:  0.0062 Loss dta_preserve:  0.0045
Time:  0.0766 Epoch: 020 Iter:  350/ 600 LR: 0.0000012125 Loss content:  0.0170 Loss fft:  0.8182 Loss dta_rank:  0.7706 Loss dta_tv:  0.0251 Loss dta_proxy:  0.4674 Loss dta_trans:  0.0057 Loss dta_phys:  0.0057 Loss dta_preserve:  0.0046
Time:  0.0721 Epoch: 020 Iter:  400/ 600 LR: 0.0000012125 Loss content:  0.0179 Loss fft:  0.8157 Loss dta_rank:  0.7771 Loss dta_tv:  0.0250 Loss dta_proxy:  0.4677 Loss dta_trans:  0.0058 Loss dta_phys:  0.0066 Loss dta_preserve:  0.0048
Time:  0.0729 Epoch: 020 Iter:  450/ 600 LR: 0.0000012125 Loss content:  0.0171 Loss fft:  0.8150 Loss dta_rank:  0.7712 Loss dta_tv:  0.0248 Loss dta_proxy:  0.4714 Loss dta_trans:  0.0056 Loss dta_phys:  0.0075 Loss dta_preserve:  0.0049
Time:  0.0759 Epoch: 020 Iter:  500/ 600 LR: 0.0000012125 Loss content:  0.0173 Loss fft:  0.8341 Loss dta_rank:  0.7730 Loss dta_tv:  0.0248 Loss dta_proxy:  0.4710 Loss dta_trans:  0.0053 Loss dta_phys:  0.0068 Loss dta_preserve:  0.0042
Time:  0.0696 Epoch: 020 Iter:  550/ 600 LR: 0.0000012125 Loss content:  0.0174 Loss fft:  0.8210 Loss dta_rank:  0.7748 Loss dta_tv:  0.0252 Loss dta_proxy:  0.4551 Loss dta_trans:  0.0060 Loss dta_phys:  0.0067 Loss dta_preserve:  0.0052
Time:  0.0707 Epoch: 020 Iter:  600/ 600 LR: 0.0000012125 Loss content:  0.0179 Loss fft:  0.8059 Loss dta_rank:  0.7725 Loss dta_tv:  0.0246 Loss dta_proxy:  0.4661 Loss dta_trans:  0.0060 Loss dta_phys:  0.0073 Loss dta_preserve:  0.0062
EPOCH: 20
Elapsed time: 0.91 Epoch Pixel Loss:  0.0172 Epoch FFT Loss:  0.8189 Epoch DTA Rank:  0.7728 Epoch DTA TV:  0.0249 Epoch DTA Proxy:  0.4638 Epoch DTA Trans:  0.0059 Epoch DTA Phys:  0.0068 Epoch DTA Preserve:  0.0049
