Namespace(model_name='ConvIR-Haze4K-DTA-v2-adapter_only-normal-seed3407-f2-oof20', data='Haze4K', version='base', fam_mode='original', arch='dta_v2', seed=3407, mode='train', data_dir='/sda/home/wangyuxin/ConvIR-B/datasets/Haze4K/Haze4K', batch_size=4, learning_rate=0.0001, weight_decay=0.0, num_epoch=20, stop_epoch=20, print_freq=50, num_worker=4, save_freq=5, valid_freq=9999, mod_stats_freq=5, mod_stats_batches=16, grad_clip_norm=0.001, dta_grad_clip_norm=0.05, dta_neighbor_grad_clip_norm=0.005, init_model='/sda/home/wangyuxin/ConvIR-B/checkpoints/official/Haze4K/haze4k-base.pkl', init_model_partial=True, partial_new_prefixes='DTA.', resume='', train_scope='adapter_only', dta_depth_cache_dir='/sda/home/wangyuxin/ConvIR-B/depth_cache/depth_anything_v2_small_hf', dta_train_depth_split='train', dta_eval_depth_split='train', valid_root_split='train', eval_root_split='test', dta_require_depth=True, dta_variant='v2', dta_depth_mode='normal', dta_prior_channels=32, dta_gate_bias=-6.0, dta_gate_limit=0.06, dta_gamma_limit=0.12, dta_beta_limit=0.06, dta_alpha_init=1.0, dta_confidence_floor=0.25, dta_confidence_local_scale=6.0, dta_output_residual_scale=0.03, dta_use_trans_gt=True, dta_trans_weight=0.02, dta_phys_weight=0.005, dta_preserve_weight=0.02, dta_preserve_trans_thresh=0.8, dta_gate_ramp_start=0.01, dta_gate_ramp_mid=0.03, dta_gate_ramp_end=0.06, dta_gate_ramp_warmup_epochs=2, dta_gate_ramp_mid_epochs=8, dta_rank_weight=0.001, dta_tv_weight=0.0001, dta_proxy_weight=0.0, dta_rank_pairs=512, dta_rank_min_depth_gap=0.03, split_json='/sda/home/wangyuxin/ConvIR-B/repos/ConvIR-B-dta-v2-calibrated/experience_docx/experiment_logs/haze4k_dta_v2_calibrated_20260611/dta_v2_haze4k_oof_splits_seed3407.json', split_name='fold2_train', test_model='', save_image=False, leaning_rate=0.0001, model_save_dir='results/ConvIR-Haze4K-DTA-v2-adapter_only-normal-seed3407-f2-oof20/Training-Results/', result_dir='results/ConvIR-Haze4K-DTA-v2-adapter_only-normal-seed3407-f2-oof20/images/Haze4K', init_model_sha256='6f42037d57a4e3de3a10ac0ab909d66a3415864a19433c29204a975f4efa4088')
/sda/home/wangyuxin/ConvIR-B/repos/ConvIR-B-dta-v2-calibrated/Dehazing/ITS/main.py:14: FutureWarning: You are using `torch.load` with `weights_only=False` (the current default value), which uses the default pickle module implicitly. It is possible to construct malicious pickle data which will execute arbitrary code during unpickling (See https://github.com/pytorch/pytorch/blob/main/SECURITY.md#untrusted-models for more details). In a future release, the default value for `weights_only` will be flipped to `True`. This limits the functions that could be executed during unpickling. Arbitrary objects will no longer be allowed to be loaded via this mode unless they are explicitly allowlisted by the user via `torch.serialization.add_safe_globals`. We recommend you start setting `weights_only=True` for any use case where you don't have full control of the loaded file. Please open an issue on GitHub for any issues related to this experimental feature.
  state = torch.load(path, map_location=map_location)
INIT_MODEL_PARTIAL_LOAD path=/sda/home/wangyuxin/ConvIR-B/checkpoints/official/Haze4K/haze4k-base.pkl loaded=602 missing_allowed=25 unexpected=[] allowed_new_prefixes=('DTA.',)
TRAIN_SCOPE scope=adapter_only arch=dta_v2 trainable=74699 total=8705364
/sda/home/wangyuxin/ConvIR-B/envs/convir-cu121/lib/python3.10/site-packages/torch/optim/lr_scheduler.py:224: UserWarning: Detected call of `lr_scheduler.step()` before `optimizer.step()`. In PyTorch 1.1.0 and later, you should call them in the opposite order: `optimizer.step()` before `lr_scheduler.step()`.  Failure to do this will result in PyTorch skipping the first value of the learning rate schedule. See more details at https://pytorch.org/docs/stable/optim.html#how-to-adjust-learning-rate
  warnings.warn(
DTA_GATE_RAMP epoch=1 gate_limit=0.010000
Time:  0.0951 Epoch: 001 Iter:   50/ 600 LR: 0.0000333333 Loss content:  0.0175 Loss fft:  0.8023 Loss dta_rank:  0.6929 Loss dta_tv:  0.0030 Loss dta_proxy:  0.2861 Loss dta_trans:  0.0413 Loss dta_phys:  0.0076 Loss dta_preserve:  0.0058
Time:  0.0746 Epoch: 001 Iter:  100/ 600 LR: 0.0000333333 Loss content:  0.0174 Loss fft:  0.8140 Loss dta_rank:  0.6941 Loss dta_tv:  0.0098 Loss dta_proxy:  0.3187 Loss dta_trans:  0.0341 Loss dta_phys:  0.0101 Loss dta_preserve:  0.0048
Time:  0.0729 Epoch: 001 Iter:  150/ 600 LR: 0.0000333333 Loss content:  0.0177 Loss fft:  0.8453 Loss dta_rank:  0.6992 Loss dta_tv:  0.0150 Loss dta_proxy:  0.3837 Loss dta_trans:  0.0289 Loss dta_phys:  0.0105 Loss dta_preserve:  0.0059
Time:  0.0759 Epoch: 001 Iter:  200/ 600 LR: 0.0000333333 Loss content:  0.0170 Loss fft:  0.8061 Loss dta_rank:  0.7058 Loss dta_tv:  0.0186 Loss dta_proxy:  0.3949 Loss dta_trans:  0.0268 Loss dta_phys:  0.0114 Loss dta_preserve:  0.0048
Time:  0.0762 Epoch: 001 Iter:  250/ 600 LR: 0.0000333333 Loss content:  0.0179 Loss fft:  0.8673 Loss dta_rank:  0.7186 Loss dta_tv:  0.0221 Loss dta_proxy:  0.3923 Loss dta_trans:  0.0215 Loss dta_phys:  0.0089 Loss dta_preserve:  0.0044
Time:  0.0783 Epoch: 001 Iter:  300/ 600 LR: 0.0000333333 Loss content:  0.0174 Loss fft:  0.8170 Loss dta_rank:  0.7247 Loss dta_tv:  0.0267 Loss dta_proxy:  0.3879 Loss dta_trans:  0.0188 Loss dta_phys:  0.0094 Loss dta_preserve:  0.0048
Time:  0.0760 Epoch: 001 Iter:  350/ 600 LR: 0.0000333333 Loss content:  0.0173 Loss fft:  0.8179 Loss dta_rank:  0.7325 Loss dta_tv:  0.0302 Loss dta_proxy:  0.3934 Loss dta_trans:  0.0192 Loss dta_phys:  0.0081 Loss dta_preserve:  0.0041
Time:  0.0744 Epoch: 001 Iter:  400/ 600 LR: 0.0000333333 Loss content:  0.0166 Loss fft:  0.8123 Loss dta_rank:  0.7408 Loss dta_tv:  0.0326 Loss dta_proxy:  0.4003 Loss dta_trans:  0.0164 Loss dta_phys:  0.0080 Loss dta_preserve:  0.0048
Time:  0.0746 Epoch: 001 Iter:  450/ 600 LR: 0.0000333333 Loss content:  0.0173 Loss fft:  0.7870 Loss dta_rank:  0.7485 Loss dta_tv:  0.0330 Loss dta_proxy:  0.4158 Loss dta_trans:  0.0144 Loss dta_phys:  0.0076 Loss dta_preserve:  0.0054
Time:  0.0776 Epoch: 001 Iter:  500/ 600 LR: 0.0000333333 Loss content:  0.0172 Loss fft:  0.8132 Loss dta_rank:  0.7521 Loss dta_tv:  0.0342 Loss dta_proxy:  0.4122 Loss dta_trans:  0.0128 Loss dta_phys:  0.0081 Loss dta_preserve:  0.0051
Time:  0.0787 Epoch: 001 Iter:  550/ 600 LR: 0.0000333333 Loss content:  0.0171 Loss fft:  0.8131 Loss dta_rank:  0.7508 Loss dta_tv:  0.0340 Loss dta_proxy:  0.4375 Loss dta_trans:  0.0127 Loss dta_phys:  0.0082 Loss dta_preserve:  0.0045
Time:  0.0737 Epoch: 001 Iter:  600/ 600 LR: 0.0000333333 Loss content:  0.0173 Loss fft:  0.8413 Loss dta_rank:  0.7576 Loss dta_tv:  0.0342 Loss dta_proxy:  0.4493 Loss dta_trans:  0.0113 Loss dta_phys:  0.0079 Loss dta_preserve:  0.0052
EPOCH: 01
Elapsed time: 0.93 Epoch Pixel Loss:  0.0173 Epoch FFT Loss:  0.8197 Epoch DTA Rank:  0.7265 Epoch DTA TV:  0.0245 Epoch DTA Proxy:  0.3893 Epoch DTA Trans:  0.0215 Epoch DTA Phys:  0.0088 Epoch DTA Preserve:  0.0050
DTA_GATE_RAMP epoch=2 gate_limit=0.010000
Time:  0.0804 Epoch: 002 Iter:   50/ 600 LR: 0.0000666667 Loss content:  0.0164 Loss fft:  0.8172 Loss dta_rank:  0.7589 Loss dta_tv:  0.0346 Loss dta_proxy:  0.4530 Loss dta_trans:  0.0108 Loss dta_phys:  0.0082 Loss dta_preserve:  0.0057
Time:  0.0797 Epoch: 002 Iter:  100/ 600 LR: 0.0000666667 Loss content:  0.0170 Loss fft:  0.8146 Loss dta_rank:  0.7596 Loss dta_tv:  0.0357 Loss dta_proxy:  0.4348 Loss dta_trans:  0.0117 Loss dta_phys:  0.0078 Loss dta_preserve:  0.0063
Time:  0.0778 Epoch: 002 Iter:  150/ 600 LR: 0.0000666667 Loss content:  0.0175 Loss fft:  0.8025 Loss dta_rank:  0.7608 Loss dta_tv:  0.0347 Loss dta_proxy:  0.4477 Loss dta_trans:  0.0113 Loss dta_phys:  0.0076 Loss dta_preserve:  0.0053
Time:  0.0721 Epoch: 002 Iter:  200/ 600 LR: 0.0000666667 Loss content:  0.0163 Loss fft:  0.7974 Loss dta_rank:  0.7602 Loss dta_tv:  0.0346 Loss dta_proxy:  0.4147 Loss dta_trans:  0.0106 Loss dta_phys:  0.0068 Loss dta_preserve:  0.0048
Time:  0.0714 Epoch: 002 Iter:  250/ 600 LR: 0.0000666667 Loss content:  0.0165 Loss fft:  0.8052 Loss dta_rank:  0.7603 Loss dta_tv:  0.0344 Loss dta_proxy:  0.4353 Loss dta_trans:  0.0109 Loss dta_phys:  0.0076 Loss dta_preserve:  0.0039
Time:  0.0724 Epoch: 002 Iter:  300/ 600 LR: 0.0000666667 Loss content:  0.0172 Loss fft:  0.8387 Loss dta_rank:  0.7599 Loss dta_tv:  0.0339 Loss dta_proxy:  0.4259 Loss dta_trans:  0.0105 Loss dta_phys:  0.0071 Loss dta_preserve:  0.0052
Time:  0.0758 Epoch: 002 Iter:  350/ 600 LR: 0.0000666667 Loss content:  0.0174 Loss fft:  0.8291 Loss dta_rank:  0.7626 Loss dta_tv:  0.0338 Loss dta_proxy:  0.4467 Loss dta_trans:  0.0093 Loss dta_phys:  0.0070 Loss dta_preserve:  0.0049
Time:  0.0717 Epoch: 002 Iter:  400/ 600 LR: 0.0000666667 Loss content:  0.0169 Loss fft:  0.8119 Loss dta_rank:  0.7667 Loss dta_tv:  0.0331 Loss dta_proxy:  0.4493 Loss dta_trans:  0.0100 Loss dta_phys:  0.0069 Loss dta_preserve:  0.0049
Time:  0.0746 Epoch: 002 Iter:  450/ 600 LR: 0.0000666667 Loss content:  0.0171 Loss fft:  0.8386 Loss dta_rank:  0.7641 Loss dta_tv:  0.0333 Loss dta_proxy:  0.4473 Loss dta_trans:  0.0099 Loss dta_phys:  0.0068 Loss dta_preserve:  0.0052
Time:  0.0743 Epoch: 002 Iter:  500/ 600 LR: 0.0000666667 Loss content:  0.0174 Loss fft:  0.8455 Loss dta_rank:  0.7612 Loss dta_tv:  0.0324 Loss dta_proxy:  0.4518 Loss dta_trans:  0.0084 Loss dta_phys:  0.0075 Loss dta_preserve:  0.0039
Time:  0.0739 Epoch: 002 Iter:  550/ 600 LR: 0.0000666667 Loss content:  0.0161 Loss fft:  0.7973 Loss dta_rank:  0.7663 Loss dta_tv:  0.0328 Loss dta_proxy:  0.4553 Loss dta_trans:  0.0096 Loss dta_phys:  0.0069 Loss dta_preserve:  0.0045
Time:  0.0731 Epoch: 002 Iter:  600/ 600 LR: 0.0000666667 Loss content:  0.0179 Loss fft:  0.8530 Loss dta_rank:  0.7642 Loss dta_tv:  0.0320 Loss dta_proxy:  0.4633 Loss dta_trans:  0.0087 Loss dta_phys:  0.0071 Loss dta_preserve:  0.0057
EPOCH: 02
Elapsed time: 0.90 Epoch Pixel Loss:  0.0170 Epoch FFT Loss:  0.8209 Epoch DTA Rank:  0.7621 Epoch DTA TV:  0.0338 Epoch DTA Proxy:  0.4438 Epoch DTA Trans:  0.0101 Epoch DTA Phys:  0.0073 Epoch DTA Preserve:  0.0050
DTA_GATE_RAMP epoch=3 gate_limit=0.030000
Time:  0.0774 Epoch: 003 Iter:   50/ 600 LR: 0.0001000000 Loss content:  0.0172 Loss fft:  0.8333 Loss dta_rank:  0.7670 Loss dta_tv:  0.0335 Loss dta_proxy:  0.4284 Loss dta_trans:  0.0079 Loss dta_phys:  0.0066 Loss dta_preserve:  0.0049
Time:  0.0730 Epoch: 003 Iter:  100/ 600 LR: 0.0001000000 Loss content:  0.0170 Loss fft:  0.8216 Loss dta_rank:  0.7686 Loss dta_tv:  0.0325 Loss dta_proxy:  0.4450 Loss dta_trans:  0.0086 Loss dta_phys:  0.0064 Loss dta_preserve:  0.0054
Time:  0.0761 Epoch: 003 Iter:  150/ 600 LR: 0.0001000000 Loss content:  0.0168 Loss fft:  0.8020 Loss dta_rank:  0.7668 Loss dta_tv:  0.0317 Loss dta_proxy:  0.4563 Loss dta_trans:  0.0085 Loss dta_phys:  0.0067 Loss dta_preserve:  0.0049
Time:  0.0753 Epoch: 003 Iter:  200/ 600 LR: 0.0001000000 Loss content:  0.0163 Loss fft:  0.7952 Loss dta_rank:  0.7696 Loss dta_tv:  0.0331 Loss dta_proxy:  0.4274 Loss dta_trans:  0.0088 Loss dta_phys:  0.0076 Loss dta_preserve:  0.0043
Time:  0.0741 Epoch: 003 Iter:  250/ 600 LR: 0.0001000000 Loss content:  0.0164 Loss fft:  0.8317 Loss dta_rank:  0.7736 Loss dta_tv:  0.0309 Loss dta_proxy:  0.4742 Loss dta_trans:  0.0080 Loss dta_phys:  0.0068 Loss dta_preserve:  0.0050
Time:  0.0716 Epoch: 003 Iter:  300/ 600 LR: 0.0001000000 Loss content:  0.0182 Loss fft:  0.8542 Loss dta_rank:  0.7677 Loss dta_tv:  0.0316 Loss dta_proxy:  0.4412 Loss dta_trans:  0.0084 Loss dta_phys:  0.0070 Loss dta_preserve:  0.0059
Time:  0.0709 Epoch: 003 Iter:  350/ 600 LR: 0.0001000000 Loss content:  0.0170 Loss fft:  0.8290 Loss dta_rank:  0.7690 Loss dta_tv:  0.0317 Loss dta_proxy:  0.4426 Loss dta_trans:  0.0085 Loss dta_phys:  0.0077 Loss dta_preserve:  0.0064
Time:  0.0742 Epoch: 003 Iter:  400/ 600 LR: 0.0001000000 Loss content:  0.0173 Loss fft:  0.8378 Loss dta_rank:  0.7733 Loss dta_tv:  0.0316 Loss dta_proxy:  0.4469 Loss dta_trans:  0.0082 Loss dta_phys:  0.0066 Loss dta_preserve:  0.0043
Time:  0.0762 Epoch: 003 Iter:  450/ 600 LR: 0.0001000000 Loss content:  0.0177 Loss fft:  0.8073 Loss dta_rank:  0.7739 Loss dta_tv:  0.0303 Loss dta_proxy:  0.4631 Loss dta_trans:  0.0072 Loss dta_phys:  0.0065 Loss dta_preserve:  0.0055
Time:  0.0781 Epoch: 003 Iter:  500/ 600 LR: 0.0001000000 Loss content:  0.0178 Loss fft:  0.8153 Loss dta_rank:  0.7654 Loss dta_tv:  0.0299 Loss dta_proxy:  0.4619 Loss dta_trans:  0.0079 Loss dta_phys:  0.0069 Loss dta_preserve:  0.0068
Time:  0.0748 Epoch: 003 Iter:  550/ 600 LR: 0.0001000000 Loss content:  0.0169 Loss fft:  0.7947 Loss dta_rank:  0.7683 Loss dta_tv:  0.0308 Loss dta_proxy:  0.4546 Loss dta_trans:  0.0075 Loss dta_phys:  0.0075 Loss dta_preserve:  0.0053
Time:  0.0752 Epoch: 003 Iter:  600/ 600 LR: 0.0001000000 Loss content:  0.0174 Loss fft:  0.8139 Loss dta_rank:  0.7763 Loss dta_tv:  0.0311 Loss dta_proxy:  0.4383 Loss dta_trans:  0.0079 Loss dta_phys:  0.0066 Loss dta_preserve:  0.0058
EPOCH: 03
Elapsed time: 0.90 Epoch Pixel Loss:  0.0172 Epoch FFT Loss:  0.8197 Epoch DTA Rank:  0.7699 Epoch DTA TV:  0.0316 Epoch DTA Proxy:  0.4483 Epoch DTA Trans:  0.0081 Epoch DTA Phys:  0.0069 Epoch DTA Preserve:  0.0054
/sda/home/wangyuxin/ConvIR-B/envs/convir-cu121/lib/python3.10/site-packages/torch/optim/lr_scheduler.py:1087: UserWarning: To get the last learning rate computed by the scheduler, please use `get_last_lr()`.
  _warn_get_lr_called_within_step(self)
DTA_GATE_RAMP epoch=4 gate_limit=0.030000
Time:  0.0776 Epoch: 004 Iter:   50/ 600 LR: 0.0001000000 Loss content:  0.0172 Loss fft:  0.8284 Loss dta_rank:  0.7726 Loss dta_tv:  0.0307 Loss dta_proxy:  0.4421 Loss dta_trans:  0.0073 Loss dta_phys:  0.0066 Loss dta_preserve:  0.0040
Time:  0.0723 Epoch: 004 Iter:  100/ 600 LR: 0.0001000000 Loss content:  0.0170 Loss fft:  0.8154 Loss dta_rank:  0.7699 Loss dta_tv:  0.0308 Loss dta_proxy:  0.4535 Loss dta_trans:  0.0078 Loss dta_phys:  0.0066 Loss dta_preserve:  0.0047
Time:  0.0782 Epoch: 004 Iter:  150/ 600 LR: 0.0001000000 Loss content:  0.0173 Loss fft:  0.8307 Loss dta_rank:  0.7728 Loss dta_tv:  0.0297 Loss dta_proxy:  0.4586 Loss dta_trans:  0.0066 Loss dta_phys:  0.0068 Loss dta_preserve:  0.0042
Time:  0.0742 Epoch: 004 Iter:  200/ 600 LR: 0.0001000000 Loss content:  0.0171 Loss fft:  0.8030 Loss dta_rank:  0.7715 Loss dta_tv:  0.0303 Loss dta_proxy:  0.4335 Loss dta_trans:  0.0072 Loss dta_phys:  0.0065 Loss dta_preserve:  0.0102
Time:  0.0771 Epoch: 004 Iter:  250/ 600 LR: 0.0001000000 Loss content:  0.0184 Loss fft:  0.8460 Loss dta_rank:  0.7750 Loss dta_tv:  0.0295 Loss dta_proxy:  0.4565 Loss dta_trans:  0.0068 Loss dta_phys:  0.0062 Loss dta_preserve:  0.0060
Time:  0.0717 Epoch: 004 Iter:  300/ 600 LR: 0.0001000000 Loss content:  0.0178 Loss fft:  0.8312 Loss dta_rank:  0.7727 Loss dta_tv:  0.0299 Loss dta_proxy:  0.4544 Loss dta_trans:  0.0079 Loss dta_phys:  0.0066 Loss dta_preserve:  0.0059
Time:  0.0771 Epoch: 004 Iter:  350/ 600 LR: 0.0001000000 Loss content:  0.0168 Loss fft:  0.8035 Loss dta_rank:  0.7709 Loss dta_tv:  0.0292 Loss dta_proxy:  0.4669 Loss dta_trans:  0.0074 Loss dta_phys:  0.0064 Loss dta_preserve:  0.0052
Time:  0.0773 Epoch: 004 Iter:  400/ 600 LR: 0.0001000000 Loss content:  0.0165 Loss fft:  0.7963 Loss dta_rank:  0.7657 Loss dta_tv:  0.0293 Loss dta_proxy:  0.4456 Loss dta_trans:  0.0082 Loss dta_phys:  0.0070 Loss dta_preserve:  0.0043
Time:  0.0765 Epoch: 004 Iter:  450/ 600 LR: 0.0001000000 Loss content:  0.0159 Loss fft:  0.8072 Loss dta_rank:  0.7708 Loss dta_tv:  0.0293 Loss dta_proxy:  0.4551 Loss dta_trans:  0.0074 Loss dta_phys:  0.0076 Loss dta_preserve:  0.0055
Time:  0.0771 Epoch: 004 Iter:  500/ 600 LR: 0.0001000000 Loss content:  0.0172 Loss fft:  0.8112 Loss dta_rank:  0.7714 Loss dta_tv:  0.0287 Loss dta_proxy:  0.4494 Loss dta_trans:  0.0063 Loss dta_phys:  0.0066 Loss dta_preserve:  0.0043
Time:  0.0776 Epoch: 004 Iter:  550/ 600 LR: 0.0001000000 Loss content:  0.0169 Loss fft:  0.8190 Loss dta_rank:  0.7697 Loss dta_tv:  0.0301 Loss dta_proxy:  0.4452 Loss dta_trans:  0.0081 Loss dta_phys:  0.0075 Loss dta_preserve:  0.0049
Time:  0.0732 Epoch: 004 Iter:  600/ 600 LR: 0.0001000000 Loss content:  0.0177 Loss fft:  0.8436 Loss dta_rank:  0.7731 Loss dta_tv:  0.0284 Loss dta_proxy:  0.4712 Loss dta_trans:  0.0070 Loss dta_phys:  0.0067 Loss dta_preserve:  0.0048
EPOCH: 04
Elapsed time: 0.91 Epoch Pixel Loss:  0.0171 Epoch FFT Loss:  0.8196 Epoch DTA Rank:  0.7713 Epoch DTA TV:  0.0297 Epoch DTA Proxy:  0.4527 Epoch DTA Trans:  0.0073 Epoch DTA Phys:  0.0068 Epoch DTA Preserve:  0.0053
DTA_GATE_RAMP epoch=5 gate_limit=0.030000
Time:  0.0763 Epoch: 005 Iter:   50/ 600 LR: 0.0000983215 Loss content:  0.0176 Loss fft:  0.8128 Loss dta_rank:  0.7731 Loss dta_tv:  0.0278 Loss dta_proxy:  0.4693 Loss dta_trans:  0.0060 Loss dta_phys:  0.0068 Loss dta_preserve:  0.0038
Time:  0.0773 Epoch: 005 Iter:  100/ 600 LR: 0.0000983215 Loss content:  0.0167 Loss fft:  0.8143 Loss dta_rank:  0.7689 Loss dta_tv:  0.0293 Loss dta_proxy:  0.4536 Loss dta_trans:  0.0080 Loss dta_phys:  0.0072 Loss dta_preserve:  0.0051
Time:  0.0748 Epoch: 005 Iter:  150/ 600 LR: 0.0000983215 Loss content:  0.0168 Loss fft:  0.8271 Loss dta_rank:  0.7725 Loss dta_tv:  0.0289 Loss dta_proxy:  0.4517 Loss dta_trans:  0.0073 Loss dta_phys:  0.0068 Loss dta_preserve:  0.0042
Time:  0.0778 Epoch: 005 Iter:  200/ 600 LR: 0.0000983215 Loss content:  0.0180 Loss fft:  0.8298 Loss dta_rank:  0.7772 Loss dta_tv:  0.0285 Loss dta_proxy:  0.4621 Loss dta_trans:  0.0065 Loss dta_phys:  0.0069 Loss dta_preserve:  0.0049
Time:  0.0758 Epoch: 005 Iter:  250/ 600 LR: 0.0000983215 Loss content:  0.0176 Loss fft:  0.7861 Loss dta_rank:  0.7704 Loss dta_tv:  0.0288 Loss dta_proxy:  0.4560 Loss dta_trans:  0.0066 Loss dta_phys:  0.0074 Loss dta_preserve:  0.0054
Time:  0.0739 Epoch: 005 Iter:  300/ 600 LR: 0.0000983215 Loss content:  0.0169 Loss fft:  0.8247 Loss dta_rank:  0.7762 Loss dta_tv:  0.0295 Loss dta_proxy:  0.4258 Loss dta_trans:  0.0076 Loss dta_phys:  0.0063 Loss dta_preserve:  0.0045
Time:  0.0770 Epoch: 005 Iter:  350/ 600 LR: 0.0000983215 Loss content:  0.0165 Loss fft:  0.7914 Loss dta_rank:  0.7771 Loss dta_tv:  0.0291 Loss dta_proxy:  0.4384 Loss dta_trans:  0.0071 Loss dta_phys:  0.0065 Loss dta_preserve:  0.0047
Time:  0.0767 Epoch: 005 Iter:  400/ 600 LR: 0.0000983215 Loss content:  0.0170 Loss fft:  0.8055 Loss dta_rank:  0.7746 Loss dta_tv:  0.0277 Loss dta_proxy:  0.4623 Loss dta_trans:  0.0062 Loss dta_phys:  0.0062 Loss dta_preserve:  0.0054
Time:  0.0798 Epoch: 005 Iter:  450/ 600 LR: 0.0000983215 Loss content:  0.0163 Loss fft:  0.7988 Loss dta_rank:  0.7738 Loss dta_tv:  0.0278 Loss dta_proxy:  0.4552 Loss dta_trans:  0.0069 Loss dta_phys:  0.0071 Loss dta_preserve:  0.0047
Time:  0.0773 Epoch: 005 Iter:  500/ 600 LR: 0.0000983215 Loss content:  0.0178 Loss fft:  0.8547 Loss dta_rank:  0.7695 Loss dta_tv:  0.0272 Loss dta_proxy:  0.4816 Loss dta_trans:  0.0075 Loss dta_phys:  0.0073 Loss dta_preserve:  0.0058
Time:  0.0758 Epoch: 005 Iter:  550/ 600 LR: 0.0000983215 Loss content:  0.0173 Loss fft:  0.8083 Loss dta_rank:  0.7703 Loss dta_tv:  0.0274 Loss dta_proxy:  0.4545 Loss dta_trans:  0.0064 Loss dta_phys:  0.0058 Loss dta_preserve:  0.0044
Time:  0.0763 Epoch: 005 Iter:  600/ 600 LR: 0.0000983215 Loss content:  0.0173 Loss fft:  0.8306 Loss dta_rank:  0.7734 Loss dta_tv:  0.0277 Loss dta_proxy:  0.4640 Loss dta_trans:  0.0075 Loss dta_phys:  0.0076 Loss dta_preserve:  0.0054
EPOCH: 05
Elapsed time: 0.92 Epoch Pixel Loss:  0.0172 Epoch FFT Loss:  0.8153 Epoch DTA Rank:  0.7731 Epoch DTA TV:  0.0283 Epoch DTA Proxy:  0.4562 Epoch DTA Trans:  0.0070 Epoch DTA Phys:  0.0068 Epoch DTA Preserve:  0.0049
DTA_GATE_RAMP epoch=6 gate_limit=0.030000
Time:  0.0794 Epoch: 006 Iter:   50/ 600 LR: 0.0000942212 Loss content:  0.0180 Loss fft:  0.8239 Loss dta_rank:  0.7732 Loss dta_tv:  0.0278 Loss dta_proxy:  0.4423 Loss dta_trans:  0.0066 Loss dta_phys:  0.0068 Loss dta_preserve:  0.0049
Time:  0.0737 Epoch: 006 Iter:  100/ 600 LR: 0.0000942212 Loss content:  0.0178 Loss fft:  0.8191 Loss dta_rank:  0.7772 Loss dta_tv:  0.0270 Loss dta_proxy:  0.4723 Loss dta_trans:  0.0066 Loss dta_phys:  0.0071 Loss dta_preserve:  0.0057
Time:  0.0760 Epoch: 006 Iter:  150/ 600 LR: 0.0000942212 Loss content:  0.0164 Loss fft:  0.8034 Loss dta_rank:  0.7727 Loss dta_tv:  0.0278 Loss dta_proxy:  0.4449 Loss dta_trans:  0.0068 Loss dta_phys:  0.0064 Loss dta_preserve:  0.0046
Time:  0.0782 Epoch: 006 Iter:  200/ 600 LR: 0.0000942212 Loss content:  0.0162 Loss fft:  0.8053 Loss dta_rank:  0.7721 Loss dta_tv:  0.0271 Loss dta_proxy:  0.4566 Loss dta_trans:  0.0068 Loss dta_phys:  0.0064 Loss dta_preserve:  0.0039
Time:  0.0768 Epoch: 006 Iter:  250/ 600 LR: 0.0000942212 Loss content:  0.0166 Loss fft:  0.8024 Loss dta_rank:  0.7690 Loss dta_tv:  0.0279 Loss dta_proxy:  0.4394 Loss dta_trans:  0.0074 Loss dta_phys:  0.0064 Loss dta_preserve:  0.0046
Time:  0.0757 Epoch: 006 Iter:  300/ 600 LR: 0.0000942212 Loss content:  0.0176 Loss fft:  0.8174 Loss dta_rank:  0.7724 Loss dta_tv:  0.0267 Loss dta_proxy:  0.4745 Loss dta_trans:  0.0067 Loss dta_phys:  0.0075 Loss dta_preserve:  0.0049
Time:  0.0759 Epoch: 006 Iter:  350/ 600 LR: 0.0000942212 Loss content:  0.0173 Loss fft:  0.8404 Loss dta_rank:  0.7781 Loss dta_tv:  0.0276 Loss dta_proxy:  0.4656 Loss dta_trans:  0.0063 Loss dta_phys:  0.0072 Loss dta_preserve:  0.0058
Time:  0.0775 Epoch: 006 Iter:  400/ 600 LR: 0.0000942212 Loss content:  0.0171 Loss fft:  0.8388 Loss dta_rank:  0.7746 Loss dta_tv:  0.0267 Loss dta_proxy:  0.4655 Loss dta_trans:  0.0062 Loss dta_phys:  0.0065 Loss dta_preserve:  0.0044
Time:  0.0796 Epoch: 006 Iter:  450/ 600 LR: 0.0000942212 Loss content:  0.0171 Loss fft:  0.8215 Loss dta_rank:  0.7691 Loss dta_tv:  0.0276 Loss dta_proxy:  0.4532 Loss dta_trans:  0.0062 Loss dta_phys:  0.0066 Loss dta_preserve:  0.0057
Time:  0.0780 Epoch: 006 Iter:  500/ 600 LR: 0.0000942212 Loss content:  0.0175 Loss fft:  0.8576 Loss dta_rank:  0.7790 Loss dta_tv:  0.0268 Loss dta_proxy:  0.4687 Loss dta_trans:  0.0062 Loss dta_phys:  0.0061 Loss dta_preserve:  0.0061
Time:  0.0759 Epoch: 006 Iter:  550/ 600 LR: 0.0000942212 Loss content:  0.0164 Loss fft:  0.8032 Loss dta_rank:  0.7731 Loss dta_tv:  0.0280 Loss dta_proxy:  0.4456 Loss dta_trans:  0.0078 Loss dta_phys:  0.0073 Loss dta_preserve:  0.0047
Time:  0.0762 Epoch: 006 Iter:  600/ 600 LR: 0.0000942212 Loss content:  0.0173 Loss fft:  0.8214 Loss dta_rank:  0.7750 Loss dta_tv:  0.0268 Loss dta_proxy:  0.4845 Loss dta_trans:  0.0065 Loss dta_phys:  0.0079 Loss dta_preserve:  0.0050
EPOCH: 06
Elapsed time: 0.93 Epoch Pixel Loss:  0.0171 Epoch FFT Loss:  0.8212 Epoch DTA Rank:  0.7738 Epoch DTA TV:  0.0273 Epoch DTA Proxy:  0.4594 Epoch DTA Trans:  0.0067 Epoch DTA Phys:  0.0069 Epoch DTA Preserve:  0.0050
DTA_GATE_RAMP epoch=7 gate_limit=0.030000
Time:  0.0830 Epoch: 007 Iter:   50/ 600 LR: 0.0000886874 Loss content:  0.0169 Loss fft:  0.8032 Loss dta_rank:  0.7709 Loss dta_tv:  0.0276 Loss dta_proxy:  0.4533 Loss dta_trans:  0.0069 Loss dta_phys:  0.0074 Loss dta_preserve:  0.0053
Time:  0.0760 Epoch: 007 Iter:  100/ 600 LR: 0.0000886874 Loss content:  0.0172 Loss fft:  0.8216 Loss dta_rank:  0.7704 Loss dta_tv:  0.0268 Loss dta_proxy:  0.4594 Loss dta_trans:  0.0064 Loss dta_phys:  0.0071 Loss dta_preserve:  0.0059
Time:  0.0735 Epoch: 007 Iter:  150/ 600 LR: 0.0000886874 Loss content:  0.0180 Loss fft:  0.8462 Loss dta_rank:  0.7782 Loss dta_tv:  0.0271 Loss dta_proxy:  0.4473 Loss dta_trans:  0.0064 Loss dta_phys:  0.0062 Loss dta_preserve:  0.0058
Time:  0.0786 Epoch: 007 Iter:  200/ 600 LR: 0.0000886874 Loss content:  0.0164 Loss fft:  0.7816 Loss dta_rank:  0.7768 Loss dta_tv:  0.0270 Loss dta_proxy:  0.4701 Loss dta_trans:  0.0066 Loss dta_phys:  0.0069 Loss dta_preserve:  0.0058
Time:  0.0795 Epoch: 007 Iter:  250/ 600 LR: 0.0000886874 Loss content:  0.0168 Loss fft:  0.7920 Loss dta_rank:  0.7760 Loss dta_tv:  0.0275 Loss dta_proxy:  0.4603 Loss dta_trans:  0.0066 Loss dta_phys:  0.0071 Loss dta_preserve:  0.0067
Time:  0.0763 Epoch: 007 Iter:  300/ 600 LR: 0.0000886874 Loss content:  0.0172 Loss fft:  0.8197 Loss dta_rank:  0.7764 Loss dta_tv:  0.0278 Loss dta_proxy:  0.4528 Loss dta_trans:  0.0063 Loss dta_phys:  0.0071 Loss dta_preserve:  0.0043
Time:  0.0753 Epoch: 007 Iter:  350/ 600 LR: 0.0000886874 Loss content:  0.0174 Loss fft:  0.8238 Loss dta_rank:  0.7775 Loss dta_tv:  0.0276 Loss dta_proxy:  0.4446 Loss dta_trans:  0.0069 Loss dta_phys:  0.0068 Loss dta_preserve:  0.0067
Time:  0.0758 Epoch: 007 Iter:  400/ 600 LR: 0.0000886874 Loss content:  0.0174 Loss fft:  0.8372 Loss dta_rank:  0.7724 Loss dta_tv:  0.0254 Loss dta_proxy:  0.4724 Loss dta_trans:  0.0072 Loss dta_phys:  0.0069 Loss dta_preserve:  0.0053
Time:  0.0742 Epoch: 007 Iter:  450/ 600 LR: 0.0000886874 Loss content:  0.0175 Loss fft:  0.8254 Loss dta_rank:  0.7676 Loss dta_tv:  0.0261 Loss dta_proxy:  0.4518 Loss dta_trans:  0.0064 Loss dta_phys:  0.0066 Loss dta_preserve:  0.0044
Time:  0.0733 Epoch: 007 Iter:  500/ 600 LR: 0.0000886874 Loss content:  0.0175 Loss fft:  0.8297 Loss dta_rank:  0.7715 Loss dta_tv:  0.0263 Loss dta_proxy:  0.4556 Loss dta_trans:  0.0062 Loss dta_phys:  0.0062 Loss dta_preserve:  0.0047
Time:  0.0713 Epoch: 007 Iter:  550/ 600 LR: 0.0000886874 Loss content:  0.0175 Loss fft:  0.8443 Loss dta_rank:  0.7713 Loss dta_tv:  0.0257 Loss dta_proxy:  0.4698 Loss dta_trans:  0.0061 Loss dta_phys:  0.0063 Loss dta_preserve:  0.0054
Time:  0.0691 Epoch: 007 Iter:  600/ 600 LR: 0.0000886874 Loss content:  0.0168 Loss fft:  0.8089 Loss dta_rank:  0.7717 Loss dta_tv:  0.0262 Loss dta_proxy:  0.4461 Loss dta_trans:  0.0067 Loss dta_phys:  0.0072 Loss dta_preserve:  0.0047
EPOCH: 07
Elapsed time: 0.91 Epoch Pixel Loss:  0.0172 Epoch FFT Loss:  0.8195 Epoch DTA Rank:  0.7734 Epoch DTA TV:  0.0268 Epoch DTA Proxy:  0.4570 Epoch DTA Trans:  0.0066 Epoch DTA Phys:  0.0068 Epoch DTA Preserve:  0.0054
DTA_GATE_RAMP epoch=8 gate_limit=0.030000
Time:  0.0846 Epoch: 008 Iter:   50/ 600 LR: 0.0000819070 Loss content:  0.0171 Loss fft:  0.8043 Loss dta_rank:  0.7746 Loss dta_tv:  0.0264 Loss dta_proxy:  0.4574 Loss dta_trans:  0.0077 Loss dta_phys:  0.0073 Loss dta_preserve:  0.0046
Time:  0.0778 Epoch: 008 Iter:  100/ 600 LR: 0.0000819070 Loss content:  0.0167 Loss fft:  0.8070 Loss dta_rank:  0.7729 Loss dta_tv:  0.0262 Loss dta_proxy:  0.4596 Loss dta_trans:  0.0058 Loss dta_phys:  0.0068 Loss dta_preserve:  0.0050
Time:  0.0765 Epoch: 008 Iter:  150/ 600 LR: 0.0000819070 Loss content:  0.0171 Loss fft:  0.8418 Loss dta_rank:  0.7752 Loss dta_tv:  0.0259 Loss dta_proxy:  0.4665 Loss dta_trans:  0.0059 Loss dta_phys:  0.0064 Loss dta_preserve:  0.0048
Time:  0.0758 Epoch: 008 Iter:  200/ 600 LR: 0.0000819070 Loss content:  0.0177 Loss fft:  0.8240 Loss dta_rank:  0.7763 Loss dta_tv:  0.0269 Loss dta_proxy:  0.4467 Loss dta_trans:  0.0062 Loss dta_phys:  0.0066 Loss dta_preserve:  0.0055
Time:  0.0741 Epoch: 008 Iter:  250/ 600 LR: 0.0000819070 Loss content:  0.0167 Loss fft:  0.8145 Loss dta_rank:  0.7713 Loss dta_tv:  0.0268 Loss dta_proxy:  0.4535 Loss dta_trans:  0.0069 Loss dta_phys:  0.0075 Loss dta_preserve:  0.0043
Time:  0.0774 Epoch: 008 Iter:  300/ 600 LR: 0.0000819070 Loss content:  0.0179 Loss fft:  0.8331 Loss dta_rank:  0.7740 Loss dta_tv:  0.0267 Loss dta_proxy:  0.4441 Loss dta_trans:  0.0066 Loss dta_phys:  0.0064 Loss dta_preserve:  0.0046
Time:  0.0784 Epoch: 008 Iter:  350/ 600 LR: 0.0000819070 Loss content:  0.0164 Loss fft:  0.7873 Loss dta_rank:  0.7676 Loss dta_tv:  0.0259 Loss dta_proxy:  0.4579 Loss dta_trans:  0.0069 Loss dta_phys:  0.0070 Loss dta_preserve:  0.0058
Time:  0.0718 Epoch: 008 Iter:  400/ 600 LR: 0.0000819070 Loss content:  0.0182 Loss fft:  0.8361 Loss dta_rank:  0.7727 Loss dta_tv:  0.0260 Loss dta_proxy:  0.4479 Loss dta_trans:  0.0073 Loss dta_phys:  0.0059 Loss dta_preserve:  0.0047
Time:  0.0726 Epoch: 008 Iter:  450/ 600 LR: 0.0000819070 Loss content:  0.0171 Loss fft:  0.8408 Loss dta_rank:  0.7751 Loss dta_tv:  0.0252 Loss dta_proxy:  0.4896 Loss dta_trans:  0.0067 Loss dta_phys:  0.0074 Loss dta_preserve:  0.0052
Time:  0.0758 Epoch: 008 Iter:  500/ 600 LR: 0.0000819070 Loss content:  0.0173 Loss fft:  0.8182 Loss dta_rank:  0.7661 Loss dta_tv:  0.0253 Loss dta_proxy:  0.4525 Loss dta_trans:  0.0062 Loss dta_phys:  0.0070 Loss dta_preserve:  0.0046
Time:  0.0750 Epoch: 008 Iter:  550/ 600 LR: 0.0000819070 Loss content:  0.0176 Loss fft:  0.8419 Loss dta_rank:  0.7746 Loss dta_tv:  0.0256 Loss dta_proxy:  0.4701 Loss dta_trans:  0.0054 Loss dta_phys:  0.0064 Loss dta_preserve:  0.0053
Time:  0.0737 Epoch: 008 Iter:  600/ 600 LR: 0.0000819070 Loss content:  0.0172 Loss fft:  0.8078 Loss dta_rank:  0.7711 Loss dta_tv:  0.0248 Loss dta_proxy:  0.4793 Loss dta_trans:  0.0060 Loss dta_phys:  0.0065 Loss dta_preserve:  0.0048
EPOCH: 08
Elapsed time: 0.92 Epoch Pixel Loss:  0.0172 Epoch FFT Loss:  0.8214 Epoch DTA Rank:  0.7726 Epoch DTA TV:  0.0260 Epoch DTA Proxy:  0.4604 Epoch DTA Trans:  0.0065 Epoch DTA Phys:  0.0068 Epoch DTA Preserve:  0.0049
DTA_GATE_RAMP epoch=9 gate_limit=0.060000
Time:  0.0828 Epoch: 009 Iter:   50/ 600 LR: 0.0000741093 Loss content:  0.0174 Loss fft:  0.7974 Loss dta_rank:  0.7747 Loss dta_tv:  0.0253 Loss dta_proxy:  0.4607 Loss dta_trans:  0.0071 Loss dta_phys:  0.0076 Loss dta_preserve:  0.0057
Time:  0.0753 Epoch: 009 Iter:  100/ 600 LR: 0.0000741093 Loss content:  0.0173 Loss fft:  0.8506 Loss dta_rank:  0.7746 Loss dta_tv:  0.0256 Loss dta_proxy:  0.4502 Loss dta_trans:  0.0062 Loss dta_phys:  0.0061 Loss dta_preserve:  0.0047
Time:  0.0764 Epoch: 009 Iter:  150/ 600 LR: 0.0000741093 Loss content:  0.0166 Loss fft:  0.8137 Loss dta_rank:  0.7726 Loss dta_tv:  0.0260 Loss dta_proxy:  0.4463 Loss dta_trans:  0.0063 Loss dta_phys:  0.0076 Loss dta_preserve:  0.0047
Time:  0.0786 Epoch: 009 Iter:  200/ 600 LR: 0.0000741093 Loss content:  0.0181 Loss fft:  0.8450 Loss dta_rank:  0.7800 Loss dta_tv:  0.0263 Loss dta_proxy:  0.4586 Loss dta_trans:  0.0062 Loss dta_phys:  0.0067 Loss dta_preserve:  0.0051
Time:  0.0800 Epoch: 009 Iter:  250/ 600 LR: 0.0000741093 Loss content:  0.0172 Loss fft:  0.8150 Loss dta_rank:  0.7731 Loss dta_tv:  0.0258 Loss dta_proxy:  0.4676 Loss dta_trans:  0.0063 Loss dta_phys:  0.0063 Loss dta_preserve:  0.0057
Time:  0.0775 Epoch: 009 Iter:  300/ 600 LR: 0.0000741093 Loss content:  0.0172 Loss fft:  0.8199 Loss dta_rank:  0.7717 Loss dta_tv:  0.0258 Loss dta_proxy:  0.4656 Loss dta_trans:  0.0065 Loss dta_phys:  0.0066 Loss dta_preserve:  0.0040
Time:  0.0781 Epoch: 009 Iter:  350/ 600 LR: 0.0000741093 Loss content:  0.0179 Loss fft:  0.8527 Loss dta_rank:  0.7741 Loss dta_tv:  0.0251 Loss dta_proxy:  0.4671 Loss dta_trans:  0.0060 Loss dta_phys:  0.0069 Loss dta_preserve:  0.0063
Time:  0.0740 Epoch: 009 Iter:  400/ 600 LR: 0.0000741093 Loss content:  0.0171 Loss fft:  0.8003 Loss dta_rank:  0.7788 Loss dta_tv:  0.0263 Loss dta_proxy:  0.4453 Loss dta_trans:  0.0073 Loss dta_phys:  0.0068 Loss dta_preserve:  0.0047
Time:  0.0759 Epoch: 009 Iter:  450/ 600 LR: 0.0000741093 Loss content:  0.0180 Loss fft:  0.8030 Loss dta_rank:  0.7690 Loss dta_tv:  0.0265 Loss dta_proxy:  0.4412 Loss dta_trans:  0.0071 Loss dta_phys:  0.0068 Loss dta_preserve:  0.0050
Time:  0.0750 Epoch: 009 Iter:  500/ 600 LR: 0.0000741093 Loss content:  0.0168 Loss fft:  0.8283 Loss dta_rank:  0.7749 Loss dta_tv:  0.0247 Loss dta_proxy:  0.4892 Loss dta_trans:  0.0057 Loss dta_phys:  0.0063 Loss dta_preserve:  0.0040
Time:  0.0749 Epoch: 009 Iter:  550/ 600 LR: 0.0000741093 Loss content:  0.0169 Loss fft:  0.8101 Loss dta_rank:  0.7783 Loss dta_tv:  0.0257 Loss dta_proxy:  0.4681 Loss dta_trans:  0.0059 Loss dta_phys:  0.0079 Loss dta_preserve:  0.0050
Time:  0.0770 Epoch: 009 Iter:  600/ 600 LR: 0.0000741093 Loss content:  0.0164 Loss fft:  0.8098 Loss dta_rank:  0.7758 Loss dta_tv:  0.0265 Loss dta_proxy:  0.4472 Loss dta_trans:  0.0072 Loss dta_phys:  0.0068 Loss dta_preserve:  0.0045
EPOCH: 09
Elapsed time: 0.93 Epoch Pixel Loss:  0.0173 Epoch FFT Loss:  0.8205 Epoch DTA Rank:  0.7748 Epoch DTA TV:  0.0258 Epoch DTA Proxy:  0.4589 Epoch DTA Trans:  0.0065 Epoch DTA Phys:  0.0069 Epoch DTA Preserve:  0.0049
DTA_GATE_RAMP epoch=10 gate_limit=0.060000
Time:  0.0773 Epoch: 010 Iter:   50/ 600 LR: 0.0000655580 Loss content:  0.0177 Loss fft:  0.8583 Loss dta_rank:  0.7724 Loss dta_tv:  0.0250 Loss dta_proxy:  0.4480 Loss dta_trans:  0.0063 Loss dta_phys:  0.0074 Loss dta_preserve:  0.0042
Time:  0.0771 Epoch: 010 Iter:  100/ 600 LR: 0.0000655580 Loss content:  0.0173 Loss fft:  0.8217 Loss dta_rank:  0.7736 Loss dta_tv:  0.0247 Loss dta_proxy:  0.4691 Loss dta_trans:  0.0055 Loss dta_phys:  0.0061 Loss dta_preserve:  0.0049
Time:  0.0765 Epoch: 010 Iter:  150/ 600 LR: 0.0000655580 Loss content:  0.0175 Loss fft:  0.8100 Loss dta_rank:  0.7781 Loss dta_tv:  0.0253 Loss dta_proxy:  0.4732 Loss dta_trans:  0.0067 Loss dta_phys:  0.0071 Loss dta_preserve:  0.0040
Time:  0.0738 Epoch: 010 Iter:  200/ 600 LR: 0.0000655580 Loss content:  0.0166 Loss fft:  0.8000 Loss dta_rank:  0.7735 Loss dta_tv:  0.0254 Loss dta_proxy:  0.4720 Loss dta_trans:  0.0064 Loss dta_phys:  0.0072 Loss dta_preserve:  0.0056
Time:  0.0752 Epoch: 010 Iter:  250/ 600 LR: 0.0000655580 Loss content:  0.0175 Loss fft:  0.8163 Loss dta_rank:  0.7766 Loss dta_tv:  0.0253 Loss dta_proxy:  0.4717 Loss dta_trans:  0.0051 Loss dta_phys:  0.0069 Loss dta_preserve:  0.0073
Time:  0.0773 Epoch: 010 Iter:  300/ 600 LR: 0.0000655580 Loss content:  0.0169 Loss fft:  0.8116 Loss dta_rank:  0.7806 Loss dta_tv:  0.0267 Loss dta_proxy:  0.4482 Loss dta_trans:  0.0069 Loss dta_phys:  0.0068 Loss dta_preserve:  0.0048
Time:  0.0775 Epoch: 010 Iter:  350/ 600 LR: 0.0000655580 Loss content:  0.0172 Loss fft:  0.8250 Loss dta_rank:  0.7752 Loss dta_tv:  0.0244 Loss dta_proxy:  0.4693 Loss dta_trans:  0.0057 Loss dta_phys:  0.0069 Loss dta_preserve:  0.0077
Time:  0.0800 Epoch: 010 Iter:  400/ 600 LR: 0.0000655580 Loss content:  0.0176 Loss fft:  0.8338 Loss dta_rank:  0.7785 Loss dta_tv:  0.0257 Loss dta_proxy:  0.4475 Loss dta_trans:  0.0061 Loss dta_phys:  0.0067 Loss dta_preserve:  0.0046
Time:  0.0746 Epoch: 010 Iter:  450/ 600 LR: 0.0000655580 Loss content:  0.0165 Loss fft:  0.8202 Loss dta_rank:  0.7731 Loss dta_tv:  0.0263 Loss dta_proxy:  0.4527 Loss dta_trans:  0.0056 Loss dta_phys:  0.0069 Loss dta_preserve:  0.0044
Time:  0.0753 Epoch: 010 Iter:  500/ 600 LR: 0.0000655580 Loss content:  0.0171 Loss fft:  0.8354 Loss dta_rank:  0.7721 Loss dta_tv:  0.0250 Loss dta_proxy:  0.4482 Loss dta_trans:  0.0068 Loss dta_phys:  0.0062 Loss dta_preserve:  0.0062
Time:  0.0788 Epoch: 010 Iter:  550/ 600 LR: 0.0000655580 Loss content:  0.0164 Loss fft:  0.7893 Loss dta_rank:  0.7759 Loss dta_tv:  0.0252 Loss dta_proxy:  0.4521 Loss dta_trans:  0.0070 Loss dta_phys:  0.0065 Loss dta_preserve:  0.0044
Time:  0.0761 Epoch: 010 Iter:  600/ 600 LR: 0.0000655580 Loss content:  0.0167 Loss fft:  0.7929 Loss dta_rank:  0.7718 Loss dta_tv:  0.0255 Loss dta_proxy:  0.4577 Loss dta_trans:  0.0070 Loss dta_phys:  0.0067 Loss dta_preserve:  0.0042
EPOCH: 10
Elapsed time: 0.92 Epoch Pixel Loss:  0.0171 Epoch FFT Loss:  0.8179 Epoch DTA Rank:  0.7751 Epoch DTA TV:  0.0254 Epoch DTA Proxy:  0.4591 Epoch DTA Trans:  0.0063 Epoch DTA Phys:  0.0068 Epoch DTA Preserve:  0.0052
DTA_GATE_RAMP epoch=11 gate_limit=0.060000
Time:  0.0760 Epoch: 011 Iter:   50/ 600 LR: 0.0000565424 Loss content:  0.0170 Loss fft:  0.7978 Loss dta_rank:  0.7761 Loss dta_tv:  0.0247 Loss dta_proxy:  0.4587 Loss dta_trans:  0.0055 Loss dta_phys:  0.0064 Loss dta_preserve:  0.0046
Time:  0.0754 Epoch: 011 Iter:  100/ 600 LR: 0.0000565424 Loss content:  0.0163 Loss fft:  0.7996 Loss dta_rank:  0.7739 Loss dta_tv:  0.0251 Loss dta_proxy:  0.4608 Loss dta_trans:  0.0059 Loss dta_phys:  0.0062 Loss dta_preserve:  0.0047
Time:  0.0748 Epoch: 011 Iter:  150/ 600 LR: 0.0000565424 Loss content:  0.0165 Loss fft:  0.8037 Loss dta_rank:  0.7727 Loss dta_tv:  0.0253 Loss dta_proxy:  0.4606 Loss dta_trans:  0.0058 Loss dta_phys:  0.0068 Loss dta_preserve:  0.0051
Time:  0.0791 Epoch: 011 Iter:  200/ 600 LR: 0.0000565424 Loss content:  0.0173 Loss fft:  0.7991 Loss dta_rank:  0.7756 Loss dta_tv:  0.0253 Loss dta_proxy:  0.4464 Loss dta_trans:  0.0073 Loss dta_phys:  0.0073 Loss dta_preserve:  0.0049
Time:  0.0757 Epoch: 011 Iter:  250/ 600 LR: 0.0000565424 Loss content:  0.0176 Loss fft:  0.8427 Loss dta_rank:  0.7754 Loss dta_tv:  0.0249 Loss dta_proxy:  0.4548 Loss dta_trans:  0.0064 Loss dta_phys:  0.0060 Loss dta_preserve:  0.0054
Time:  0.0734 Epoch: 011 Iter:  300/ 600 LR: 0.0000565424 Loss content:  0.0174 Loss fft:  0.8214 Loss dta_rank:  0.7765 Loss dta_tv:  0.0254 Loss dta_proxy:  0.4503 Loss dta_trans:  0.0055 Loss dta_phys:  0.0064 Loss dta_preserve:  0.0049
Time:  0.0756 Epoch: 011 Iter:  350/ 600 LR: 0.0000565424 Loss content:  0.0173 Loss fft:  0.8378 Loss dta_rank:  0.7726 Loss dta_tv:  0.0251 Loss dta_proxy:  0.4609 Loss dta_trans:  0.0067 Loss dta_phys:  0.0065 Loss dta_preserve:  0.0063
Time:  0.0776 Epoch: 011 Iter:  400/ 600 LR: 0.0000565424 Loss content:  0.0171 Loss fft:  0.8044 Loss dta_rank:  0.7745 Loss dta_tv:  0.0253 Loss dta_proxy:  0.4601 Loss dta_trans:  0.0065 Loss dta_phys:  0.0078 Loss dta_preserve:  0.0055
Time:  0.0784 Epoch: 011 Iter:  450/ 600 LR: 0.0000565424 Loss content:  0.0175 Loss fft:  0.8267 Loss dta_rank:  0.7725 Loss dta_tv:  0.0243 Loss dta_proxy:  0.4751 Loss dta_trans:  0.0055 Loss dta_phys:  0.0068 Loss dta_preserve:  0.0057
Time:  0.0742 Epoch: 011 Iter:  500/ 600 LR: 0.0000565424 Loss content:  0.0169 Loss fft:  0.8043 Loss dta_rank:  0.7786 Loss dta_tv:  0.0252 Loss dta_proxy:  0.4664 Loss dta_trans:  0.0066 Loss dta_phys:  0.0070 Loss dta_preserve:  0.0062
Time:  0.0736 Epoch: 011 Iter:  550/ 600 LR: 0.0000565424 Loss content:  0.0173 Loss fft:  0.8164 Loss dta_rank:  0.7706 Loss dta_tv:  0.0248 Loss dta_proxy:  0.4628 Loss dta_trans:  0.0063 Loss dta_phys:  0.0059 Loss dta_preserve:  0.0041
Time:  0.0699 Epoch: 011 Iter:  600/ 600 LR: 0.0000565424 Loss content:  0.0168 Loss fft:  0.8207 Loss dta_rank:  0.7705 Loss dta_tv:  0.0246 Loss dta_proxy:  0.4740 Loss dta_trans:  0.0059 Loss dta_phys:  0.0073 Loss dta_preserve:  0.0041
EPOCH: 11
Elapsed time: 0.91 Epoch Pixel Loss:  0.0171 Epoch FFT Loss:  0.8145 Epoch DTA Rank:  0.7741 Epoch DTA TV:  0.0250 Epoch DTA Proxy:  0.4609 Epoch DTA Trans:  0.0062 Epoch DTA Phys:  0.0067 Epoch DTA Preserve:  0.0051
DTA_GATE_RAMP epoch=12 gate_limit=0.060000
Time:  0.0785 Epoch: 012 Iter:   50/ 600 LR: 0.0000473670 Loss content:  0.0166 Loss fft:  0.7959 Loss dta_rank:  0.7786 Loss dta_tv:  0.0248 Loss dta_proxy:  0.4631 Loss dta_trans:  0.0055 Loss dta_phys:  0.0064 Loss dta_preserve:  0.0052
Time:  0.0755 Epoch: 012 Iter:  100/ 600 LR: 0.0000473670 Loss content:  0.0166 Loss fft:  0.8011 Loss dta_rank:  0.7696 Loss dta_tv:  0.0243 Loss dta_proxy:  0.4544 Loss dta_trans:  0.0068 Loss dta_phys:  0.0079 Loss dta_preserve:  0.0047
Time:  0.0738 Epoch: 012 Iter:  150/ 600 LR: 0.0000473670 Loss content:  0.0177 Loss fft:  0.8507 Loss dta_rank:  0.7786 Loss dta_tv:  0.0248 Loss dta_proxy:  0.4600 Loss dta_trans:  0.0054 Loss dta_phys:  0.0068 Loss dta_preserve:  0.0047
Time:  0.0774 Epoch: 012 Iter:  200/ 600 LR: 0.0000473670 Loss content:  0.0165 Loss fft:  0.7852 Loss dta_rank:  0.7764 Loss dta_tv:  0.0250 Loss dta_proxy:  0.4684 Loss dta_trans:  0.0060 Loss dta_phys:  0.0075 Loss dta_preserve:  0.0048
Time:  0.0756 Epoch: 012 Iter:  250/ 600 LR: 0.0000473670 Loss content:  0.0172 Loss fft:  0.8229 Loss dta_rank:  0.7739 Loss dta_tv:  0.0250 Loss dta_proxy:  0.4707 Loss dta_trans:  0.0066 Loss dta_phys:  0.0075 Loss dta_preserve:  0.0051
Time:  0.0765 Epoch: 012 Iter:  300/ 600 LR: 0.0000473670 Loss content:  0.0169 Loss fft:  0.8156 Loss dta_rank:  0.7773 Loss dta_tv:  0.0244 Loss dta_proxy:  0.4667 Loss dta_trans:  0.0059 Loss dta_phys:  0.0066 Loss dta_preserve:  0.0071
Time:  0.0761 Epoch: 012 Iter:  350/ 600 LR: 0.0000473670 Loss content:  0.0177 Loss fft:  0.8305 Loss dta_rank:  0.7792 Loss dta_tv:  0.0248 Loss dta_proxy:  0.4589 Loss dta_trans:  0.0058 Loss dta_phys:  0.0063 Loss dta_preserve:  0.0057
Time:  0.0737 Epoch: 012 Iter:  400/ 600 LR: 0.0000473670 Loss content:  0.0172 Loss fft:  0.8123 Loss dta_rank:  0.7742 Loss dta_tv:  0.0250 Loss dta_proxy:  0.4349 Loss dta_trans:  0.0066 Loss dta_phys:  0.0061 Loss dta_preserve:  0.0050
Time:  0.0764 Epoch: 012 Iter:  450/ 600 LR: 0.0000473670 Loss content:  0.0177 Loss fft:  0.8328 Loss dta_rank:  0.7779 Loss dta_tv:  0.0244 Loss dta_proxy:  0.4677 Loss dta_trans:  0.0062 Loss dta_phys:  0.0070 Loss dta_preserve:  0.0052
Time:  0.0715 Epoch: 012 Iter:  500/ 600 LR: 0.0000473670 Loss content:  0.0166 Loss fft:  0.8037 Loss dta_rank:  0.7731 Loss dta_tv:  0.0246 Loss dta_proxy:  0.4716 Loss dta_trans:  0.0060 Loss dta_phys:  0.0064 Loss dta_preserve:  0.0055
Time:  0.0761 Epoch: 012 Iter:  550/ 600 LR: 0.0000473670 Loss content:  0.0168 Loss fft:  0.8304 Loss dta_rank:  0.7765 Loss dta_tv:  0.0247 Loss dta_proxy:  0.4805 Loss dta_trans:  0.0061 Loss dta_phys:  0.0063 Loss dta_preserve:  0.0045
Time:  0.0776 Epoch: 012 Iter:  600/ 600 LR: 0.0000473670 Loss content:  0.0166 Loss fft:  0.7840 Loss dta_rank:  0.7657 Loss dta_tv:  0.0243 Loss dta_proxy:  0.4617 Loss dta_trans:  0.0068 Loss dta_phys:  0.0063 Loss dta_preserve:  0.0051
EPOCH: 12
Elapsed time: 0.91 Epoch Pixel Loss:  0.0170 Epoch FFT Loss:  0.8138 Epoch DTA Rank:  0.7751 Epoch DTA TV:  0.0247 Epoch DTA Proxy:  0.4632 Epoch DTA Trans:  0.0061 Epoch DTA Phys:  0.0068 Epoch DTA Preserve:  0.0052
DTA_GATE_RAMP epoch=13 gate_limit=0.060000
Time:  0.0833 Epoch: 013 Iter:   50/ 600 LR: 0.0000383414 Loss content:  0.0173 Loss fft:  0.8333 Loss dta_rank:  0.7703 Loss dta_tv:  0.0239 Loss dta_proxy:  0.4721 Loss dta_trans:  0.0053 Loss dta_phys:  0.0062 Loss dta_preserve:  0.0046
Time:  0.0754 Epoch: 013 Iter:  100/ 600 LR: 0.0000383414 Loss content:  0.0165 Loss fft:  0.8072 Loss dta_rank:  0.7743 Loss dta_tv:  0.0248 Loss dta_proxy:  0.4538 Loss dta_trans:  0.0061 Loss dta_phys:  0.0073 Loss dta_preserve:  0.0053
Time:  0.0770 Epoch: 013 Iter:  150/ 600 LR: 0.0000383414 Loss content:  0.0175 Loss fft:  0.8045 Loss dta_rank:  0.7747 Loss dta_tv:  0.0248 Loss dta_proxy:  0.4654 Loss dta_trans:  0.0068 Loss dta_phys:  0.0068 Loss dta_preserve:  0.0062
Time:  0.0781 Epoch: 013 Iter:  200/ 600 LR: 0.0000383414 Loss content:  0.0169 Loss fft:  0.8217 Loss dta_rank:  0.7727 Loss dta_tv:  0.0244 Loss dta_proxy:  0.4596 Loss dta_trans:  0.0066 Loss dta_phys:  0.0072 Loss dta_preserve:  0.0047
Time:  0.0784 Epoch: 013 Iter:  250/ 600 LR: 0.0000383414 Loss content:  0.0166 Loss fft:  0.8154 Loss dta_rank:  0.7733 Loss dta_tv:  0.0248 Loss dta_proxy:  0.4584 Loss dta_trans:  0.0067 Loss dta_phys:  0.0066 Loss dta_preserve:  0.0055
Time:  0.0789 Epoch: 013 Iter:  300/ 600 LR: 0.0000383414 Loss content:  0.0172 Loss fft:  0.8328 Loss dta_rank:  0.7733 Loss dta_tv:  0.0249 Loss dta_proxy:  0.4558 Loss dta_trans:  0.0067 Loss dta_phys:  0.0070 Loss dta_preserve:  0.0065
Time:  0.0773 Epoch: 013 Iter:  350/ 600 LR: 0.0000383414 Loss content:  0.0162 Loss fft:  0.7841 Loss dta_rank:  0.7749 Loss dta_tv:  0.0245 Loss dta_proxy:  0.4742 Loss dta_trans:  0.0063 Loss dta_phys:  0.0069 Loss dta_preserve:  0.0050
Time:  0.0779 Epoch: 013 Iter:  400/ 600 LR: 0.0000383414 Loss content:  0.0171 Loss fft:  0.8143 Loss dta_rank:  0.7736 Loss dta_tv:  0.0248 Loss dta_proxy:  0.4642 Loss dta_trans:  0.0059 Loss dta_phys:  0.0070 Loss dta_preserve:  0.0055
Time:  0.0774 Epoch: 013 Iter:  450/ 600 LR: 0.0000383414 Loss content:  0.0165 Loss fft:  0.8182 Loss dta_rank:  0.7797 Loss dta_tv:  0.0263 Loss dta_proxy:  0.4400 Loss dta_trans:  0.0069 Loss dta_phys:  0.0067 Loss dta_preserve:  0.0041
Time:  0.0774 Epoch: 013 Iter:  500/ 600 LR: 0.0000383414 Loss content:  0.0172 Loss fft:  0.8156 Loss dta_rank:  0.7793 Loss dta_tv:  0.0250 Loss dta_proxy:  0.4675 Loss dta_trans:  0.0052 Loss dta_phys:  0.0066 Loss dta_preserve:  0.0057
Time:  0.0750 Epoch: 013 Iter:  550/ 600 LR: 0.0000383414 Loss content:  0.0175 Loss fft:  0.8389 Loss dta_rank:  0.7772 Loss dta_tv:  0.0250 Loss dta_proxy:  0.4528 Loss dta_trans:  0.0057 Loss dta_phys:  0.0057 Loss dta_preserve:  0.0040
Time:  0.0731 Epoch: 013 Iter:  600/ 600 LR: 0.0000383414 Loss content:  0.0174 Loss fft:  0.8419 Loss dta_rank:  0.7804 Loss dta_tv:  0.0241 Loss dta_proxy:  0.4748 Loss dta_trans:  0.0057 Loss dta_phys:  0.0069 Loss dta_preserve:  0.0076
EPOCH: 13
Elapsed time: 0.93 Epoch Pixel Loss:  0.0170 Epoch FFT Loss:  0.8190 Epoch DTA Rank:  0.7753 Epoch DTA TV:  0.0248 Epoch DTA Proxy:  0.4615 Epoch DTA Trans:  0.0061 Epoch DTA Phys:  0.0068 Epoch DTA Preserve:  0.0054
DTA_GATE_RAMP epoch=14 gate_limit=0.060000
Time:  0.0817 Epoch: 014 Iter:   50/ 600 LR: 0.0000297690 Loss content:  0.0168 Loss fft:  0.8074 Loss dta_rank:  0.7752 Loss dta_tv:  0.0252 Loss dta_proxy:  0.4610 Loss dta_trans:  0.0065 Loss dta_phys:  0.0066 Loss dta_preserve:  0.0064
Time:  0.0831 Epoch: 014 Iter:  100/ 600 LR: 0.0000297690 Loss content:  0.0169 Loss fft:  0.8163 Loss dta_rank:  0.7689 Loss dta_tv:  0.0250 Loss dta_proxy:  0.4375 Loss dta_trans:  0.0062 Loss dta_phys:  0.0068 Loss dta_preserve:  0.0041
Time:  0.0756 Epoch: 014 Iter:  150/ 600 LR: 0.0000297690 Loss content:  0.0173 Loss fft:  0.8023 Loss dta_rank:  0.7736 Loss dta_tv:  0.0240 Loss dta_proxy:  0.4660 Loss dta_trans:  0.0066 Loss dta_phys:  0.0063 Loss dta_preserve:  0.0052
Time:  0.0796 Epoch: 014 Iter:  200/ 600 LR: 0.0000297690 Loss content:  0.0177 Loss fft:  0.8391 Loss dta_rank:  0.7706 Loss dta_tv:  0.0246 Loss dta_proxy:  0.4588 Loss dta_trans:  0.0062 Loss dta_phys:  0.0067 Loss dta_preserve:  0.0045
Time:  0.0774 Epoch: 014 Iter:  250/ 600 LR: 0.0000297690 Loss content:  0.0171 Loss fft:  0.8283 Loss dta_rank:  0.7738 Loss dta_tv:  0.0253 Loss dta_proxy:  0.4569 Loss dta_trans:  0.0063 Loss dta_phys:  0.0064 Loss dta_preserve:  0.0042
Time:  0.0744 Epoch: 014 Iter:  300/ 600 LR: 0.0000297690 Loss content:  0.0176 Loss fft:  0.8384 Loss dta_rank:  0.7767 Loss dta_tv:  0.0250 Loss dta_proxy:  0.4517 Loss dta_trans:  0.0064 Loss dta_phys:  0.0067 Loss dta_preserve:  0.0052
Time:  0.0713 Epoch: 014 Iter:  350/ 600 LR: 0.0000297690 Loss content:  0.0166 Loss fft:  0.7870 Loss dta_rank:  0.7776 Loss dta_tv:  0.0251 Loss dta_proxy:  0.4636 Loss dta_trans:  0.0066 Loss dta_phys:  0.0073 Loss dta_preserve:  0.0059
Time:  0.0750 Epoch: 014 Iter:  400/ 600 LR: 0.0000297690 Loss content:  0.0174 Loss fft:  0.8279 Loss dta_rank:  0.7785 Loss dta_tv:  0.0245 Loss dta_proxy:  0.4638 Loss dta_trans:  0.0059 Loss dta_phys:  0.0068 Loss dta_preserve:  0.0052
Time:  0.0799 Epoch: 014 Iter:  450/ 600 LR: 0.0000297690 Loss content:  0.0172 Loss fft:  0.8191 Loss dta_rank:  0.7722 Loss dta_tv:  0.0244 Loss dta_proxy:  0.4695 Loss dta_trans:  0.0065 Loss dta_phys:  0.0067 Loss dta_preserve:  0.0046
Time:  0.0761 Epoch: 014 Iter:  500/ 600 LR: 0.0000297690 Loss content:  0.0172 Loss fft:  0.8322 Loss dta_rank:  0.7767 Loss dta_tv:  0.0244 Loss dta_proxy:  0.4681 Loss dta_trans:  0.0059 Loss dta_phys:  0.0066 Loss dta_preserve:  0.0056
Time:  0.0772 Epoch: 014 Iter:  550/ 600 LR: 0.0000297690 Loss content:  0.0169 Loss fft:  0.8244 Loss dta_rank:  0.7754 Loss dta_tv:  0.0247 Loss dta_proxy:  0.4613 Loss dta_trans:  0.0058 Loss dta_phys:  0.0066 Loss dta_preserve:  0.0045
Time:  0.0758 Epoch: 014 Iter:  600/ 600 LR: 0.0000297690 Loss content:  0.0166 Loss fft:  0.7713 Loss dta_rank:  0.7711 Loss dta_tv:  0.0241 Loss dta_proxy:  0.4691 Loss dta_trans:  0.0059 Loss dta_phys:  0.0066 Loss dta_preserve:  0.0051
EPOCH: 14
Elapsed time: 0.93 Epoch Pixel Loss:  0.0171 Epoch FFT Loss:  0.8161 Epoch DTA Rank:  0.7742 Epoch DTA TV:  0.0247 Epoch DTA Proxy:  0.4606 Epoch DTA Trans:  0.0062 Epoch DTA Phys:  0.0067 Epoch DTA Preserve:  0.0050
DTA_GATE_RAMP epoch=15 gate_limit=0.060000
Time:  0.0841 Epoch: 015 Iter:   50/ 600 LR: 0.0000219361 Loss content:  0.0179 Loss fft:  0.8396 Loss dta_rank:  0.7747 Loss dta_tv:  0.0247 Loss dta_proxy:  0.4717 Loss dta_trans:  0.0055 Loss dta_phys:  0.0072 Loss dta_preserve:  0.0056
Time:  0.0768 Epoch: 015 Iter:  100/ 600 LR: 0.0000219361 Loss content:  0.0177 Loss fft:  0.8297 Loss dta_rank:  0.7734 Loss dta_tv:  0.0241 Loss dta_proxy:  0.4623 Loss dta_trans:  0.0053 Loss dta_phys:  0.0070 Loss dta_preserve:  0.0060
Time:  0.0763 Epoch: 015 Iter:  150/ 600 LR: 0.0000219361 Loss content:  0.0166 Loss fft:  0.7901 Loss dta_rank:  0.7772 Loss dta_tv:  0.0247 Loss dta_proxy:  0.4588 Loss dta_trans:  0.0071 Loss dta_phys:  0.0067 Loss dta_preserve:  0.0044
Time:  0.0762 Epoch: 015 Iter:  200/ 600 LR: 0.0000219361 Loss content:  0.0174 Loss fft:  0.8270 Loss dta_rank:  0.7714 Loss dta_tv:  0.0243 Loss dta_proxy:  0.4622 Loss dta_trans:  0.0061 Loss dta_phys:  0.0070 Loss dta_preserve:  0.0051
Time:  0.0787 Epoch: 015 Iter:  250/ 600 LR: 0.0000219361 Loss content:  0.0168 Loss fft:  0.8137 Loss dta_rank:  0.7786 Loss dta_tv:  0.0247 Loss dta_proxy:  0.4684 Loss dta_trans:  0.0055 Loss dta_phys:  0.0065 Loss dta_preserve:  0.0045
Time:  0.0732 Epoch: 015 Iter:  300/ 600 LR: 0.0000219361 Loss content:  0.0171 Loss fft:  0.8164 Loss dta_rank:  0.7731 Loss dta_tv:  0.0244 Loss dta_proxy:  0.4514 Loss dta_trans:  0.0054 Loss dta_phys:  0.0066 Loss dta_preserve:  0.0054
Time:  0.0764 Epoch: 015 Iter:  350/ 600 LR: 0.0000219361 Loss content:  0.0168 Loss fft:  0.7884 Loss dta_rank:  0.7736 Loss dta_tv:  0.0239 Loss dta_proxy:  0.4783 Loss dta_trans:  0.0055 Loss dta_phys:  0.0072 Loss dta_preserve:  0.0059
Time:  0.0748 Epoch: 015 Iter:  400/ 600 LR: 0.0000219361 Loss content:  0.0171 Loss fft:  0.7914 Loss dta_rank:  0.7777 Loss dta_tv:  0.0245 Loss dta_proxy:  0.4628 Loss dta_trans:  0.0070 Loss dta_phys:  0.0068 Loss dta_preserve:  0.0044
Time:  0.0726 Epoch: 015 Iter:  450/ 600 LR: 0.0000219361 Loss content:  0.0170 Loss fft:  0.8262 Loss dta_rank:  0.7749 Loss dta_tv:  0.0245 Loss dta_proxy:  0.4588 Loss dta_trans:  0.0061 Loss dta_phys:  0.0073 Loss dta_preserve:  0.0048
Time:  0.0773 Epoch: 015 Iter:  500/ 600 LR: 0.0000219361 Loss content:  0.0170 Loss fft:  0.8113 Loss dta_rank:  0.7723 Loss dta_tv:  0.0249 Loss dta_proxy:  0.4411 Loss dta_trans:  0.0070 Loss dta_phys:  0.0066 Loss dta_preserve:  0.0050
Time:  0.0688 Epoch: 015 Iter:  550/ 600 LR: 0.0000219361 Loss content:  0.0165 Loss fft:  0.8344 Loss dta_rank:  0.7741 Loss dta_tv:  0.0249 Loss dta_proxy:  0.4455 Loss dta_trans:  0.0063 Loss dta_phys:  0.0060 Loss dta_preserve:  0.0047
Time:  0.0741 Epoch: 015 Iter:  600/ 600 LR: 0.0000219361 Loss content:  0.0176 Loss fft:  0.8516 Loss dta_rank:  0.7732 Loss dta_tv:  0.0245 Loss dta_proxy:  0.4717 Loss dta_trans:  0.0061 Loss dta_phys:  0.0063 Loss dta_preserve:  0.0048
EPOCH: 15
Elapsed time: 0.91 Epoch Pixel Loss:  0.0171 Epoch FFT Loss:  0.8183 Epoch DTA Rank:  0.7745 Epoch DTA TV:  0.0245 Epoch DTA Proxy:  0.4611 Epoch DTA Trans:  0.0061 Epoch DTA Phys:  0.0068 Epoch DTA Preserve:  0.0051
DTA_GATE_RAMP epoch=16 gate_limit=0.060000
Time:  0.0772 Epoch: 016 Iter:   50/ 600 LR: 0.0000151017 Loss content:  0.0170 Loss fft:  0.8238 Loss dta_rank:  0.7754 Loss dta_tv:  0.0247 Loss dta_proxy:  0.4659 Loss dta_trans:  0.0058 Loss dta_phys:  0.0071 Loss dta_preserve:  0.0050
Time:  0.0700 Epoch: 016 Iter:  100/ 600 LR: 0.0000151017 Loss content:  0.0174 Loss fft:  0.8145 Loss dta_rank:  0.7695 Loss dta_tv:  0.0240 Loss dta_proxy:  0.4725 Loss dta_trans:  0.0056 Loss dta_phys:  0.0066 Loss dta_preserve:  0.0052
Time:  0.0715 Epoch: 016 Iter:  150/ 600 LR: 0.0000151017 Loss content:  0.0171 Loss fft:  0.8084 Loss dta_rank:  0.7792 Loss dta_tv:  0.0255 Loss dta_proxy:  0.4347 Loss dta_trans:  0.0063 Loss dta_phys:  0.0064 Loss dta_preserve:  0.0042
Time:  0.0754 Epoch: 016 Iter:  200/ 600 LR: 0.0000151017 Loss content:  0.0174 Loss fft:  0.8068 Loss dta_rank:  0.7741 Loss dta_tv:  0.0239 Loss dta_proxy:  0.4674 Loss dta_trans:  0.0055 Loss dta_phys:  0.0067 Loss dta_preserve:  0.0051
Time:  0.0737 Epoch: 016 Iter:  250/ 600 LR: 0.0000151017 Loss content:  0.0173 Loss fft:  0.8129 Loss dta_rank:  0.7772 Loss dta_tv:  0.0247 Loss dta_proxy:  0.4760 Loss dta_trans:  0.0061 Loss dta_phys:  0.0070 Loss dta_preserve:  0.0081
Time:  0.0721 Epoch: 016 Iter:  300/ 600 LR: 0.0000151017 Loss content:  0.0173 Loss fft:  0.8367 Loss dta_rank:  0.7723 Loss dta_tv:  0.0247 Loss dta_proxy:  0.4692 Loss dta_trans:  0.0055 Loss dta_phys:  0.0070 Loss dta_preserve:  0.0050
Time:  0.0731 Epoch: 016 Iter:  350/ 600 LR: 0.0000151017 Loss content:  0.0179 Loss fft:  0.8200 Loss dta_rank:  0.7753 Loss dta_tv:  0.0243 Loss dta_proxy:  0.4577 Loss dta_trans:  0.0054 Loss dta_phys:  0.0067 Loss dta_preserve:  0.0060
Time:  0.0735 Epoch: 016 Iter:  400/ 600 LR: 0.0000151017 Loss content:  0.0177 Loss fft:  0.8527 Loss dta_rank:  0.7755 Loss dta_tv:  0.0248 Loss dta_proxy:  0.4704 Loss dta_trans:  0.0056 Loss dta_phys:  0.0068 Loss dta_preserve:  0.0052
Time:  0.0694 Epoch: 016 Iter:  450/ 600 LR: 0.0000151017 Loss content:  0.0162 Loss fft:  0.7974 Loss dta_rank:  0.7695 Loss dta_tv:  0.0247 Loss dta_proxy:  0.4533 Loss dta_trans:  0.0070 Loss dta_phys:  0.0066 Loss dta_preserve:  0.0045
Time:  0.0702 Epoch: 016 Iter:  500/ 600 LR: 0.0000151017 Loss content:  0.0170 Loss fft:  0.8184 Loss dta_rank:  0.7782 Loss dta_tv:  0.0254 Loss dta_proxy:  0.4542 Loss dta_trans:  0.0062 Loss dta_phys:  0.0063 Loss dta_preserve:  0.0054
Time:  0.0749 Epoch: 016 Iter:  550/ 600 LR: 0.0000151017 Loss content:  0.0171 Loss fft:  0.8311 Loss dta_rank:  0.7779 Loss dta_tv:  0.0244 Loss dta_proxy:  0.4731 Loss dta_trans:  0.0056 Loss dta_phys:  0.0075 Loss dta_preserve:  0.0055
Time:  0.0749 Epoch: 016 Iter:  600/ 600 LR: 0.0000151017 Loss content:  0.0166 Loss fft:  0.7942 Loss dta_rank:  0.7791 Loss dta_tv:  0.0249 Loss dta_proxy:  0.4587 Loss dta_trans:  0.0070 Loss dta_phys:  0.0066 Loss dta_preserve:  0.0059
EPOCH: 16
Elapsed time: 0.88 Epoch Pixel Loss:  0.0172 Epoch FFT Loss:  0.8181 Epoch DTA Rank:  0.7753 Epoch DTA TV:  0.0246 Epoch DTA Proxy:  0.4628 Epoch DTA Trans:  0.0060 Epoch DTA Phys:  0.0068 Epoch DTA Preserve:  0.0054
DTA_GATE_RAMP epoch=17 gate_limit=0.060000
Time:  0.0797 Epoch: 017 Iter:   50/ 600 LR: 0.0000094853 Loss content:  0.0174 Loss fft:  0.8495 Loss dta_rank:  0.7757 Loss dta_tv:  0.0252 Loss dta_proxy:  0.4480 Loss dta_trans:  0.0055 Loss dta_phys:  0.0068 Loss dta_preserve:  0.0055
Time:  0.0759 Epoch: 017 Iter:  100/ 600 LR: 0.0000094853 Loss content:  0.0175 Loss fft:  0.8224 Loss dta_rank:  0.7744 Loss dta_tv:  0.0245 Loss dta_proxy:  0.4614 Loss dta_trans:  0.0059 Loss dta_phys:  0.0064 Loss dta_preserve:  0.0052
Time:  0.0765 Epoch: 017 Iter:  150/ 600 LR: 0.0000094853 Loss content:  0.0166 Loss fft:  0.8073 Loss dta_rank:  0.7756 Loss dta_tv:  0.0245 Loss dta_proxy:  0.4712 Loss dta_trans:  0.0060 Loss dta_phys:  0.0065 Loss dta_preserve:  0.0058
Time:  0.0761 Epoch: 017 Iter:  200/ 600 LR: 0.0000094853 Loss content:  0.0172 Loss fft:  0.7995 Loss dta_rank:  0.7735 Loss dta_tv:  0.0247 Loss dta_proxy:  0.4512 Loss dta_trans:  0.0067 Loss dta_phys:  0.0068 Loss dta_preserve:  0.0057
Time:  0.0733 Epoch: 017 Iter:  250/ 600 LR: 0.0000094853 Loss content:  0.0176 Loss fft:  0.8467 Loss dta_rank:  0.7761 Loss dta_tv:  0.0254 Loss dta_proxy:  0.4359 Loss dta_trans:  0.0060 Loss dta_phys:  0.0064 Loss dta_preserve:  0.0048
Time:  0.0720 Epoch: 017 Iter:  300/ 600 LR: 0.0000094853 Loss content:  0.0174 Loss fft:  0.8292 Loss dta_rank:  0.7765 Loss dta_tv:  0.0246 Loss dta_proxy:  0.4630 Loss dta_trans:  0.0057 Loss dta_phys:  0.0068 Loss dta_preserve:  0.0037
Time:  0.0767 Epoch: 017 Iter:  350/ 600 LR: 0.0000094853 Loss content:  0.0169 Loss fft:  0.7999 Loss dta_rank:  0.7788 Loss dta_tv:  0.0250 Loss dta_proxy:  0.4720 Loss dta_trans:  0.0057 Loss dta_phys:  0.0069 Loss dta_preserve:  0.0045
Time:  0.0781 Epoch: 017 Iter:  400/ 600 LR: 0.0000094853 Loss content:  0.0167 Loss fft:  0.8246 Loss dta_rank:  0.7791 Loss dta_tv:  0.0245 Loss dta_proxy:  0.4591 Loss dta_trans:  0.0054 Loss dta_phys:  0.0062 Loss dta_preserve:  0.0051
Time:  0.0747 Epoch: 017 Iter:  450/ 600 LR: 0.0000094853 Loss content:  0.0172 Loss fft:  0.8086 Loss dta_rank:  0.7708 Loss dta_tv:  0.0251 Loss dta_proxy:  0.4546 Loss dta_trans:  0.0075 Loss dta_phys:  0.0063 Loss dta_preserve:  0.0045
Time:  0.0696 Epoch: 017 Iter:  500/ 600 LR: 0.0000094853 Loss content:  0.0169 Loss fft:  0.8041 Loss dta_rank:  0.7752 Loss dta_tv:  0.0249 Loss dta_proxy:  0.4640 Loss dta_trans:  0.0060 Loss dta_phys:  0.0072 Loss dta_preserve:  0.0061
Time:  0.0825 Epoch: 017 Iter:  550/ 600 LR: 0.0000094853 Loss content:  0.0169 Loss fft:  0.8157 Loss dta_rank:  0.7782 Loss dta_tv:  0.0243 Loss dta_proxy:  0.4799 Loss dta_trans:  0.0063 Loss dta_phys:  0.0073 Loss dta_preserve:  0.0048
Time:  0.0774 Epoch: 017 Iter:  600/ 600 LR: 0.0000094853 Loss content:  0.0172 Loss fft:  0.8405 Loss dta_rank:  0.7707 Loss dta_tv:  0.0244 Loss dta_proxy:  0.4652 Loss dta_trans:  0.0052 Loss dta_phys:  0.0072 Loss dta_preserve:  0.0054
EPOCH: 17
Elapsed time: 0.92 Epoch Pixel Loss:  0.0171 Epoch FFT Loss:  0.8207 Epoch DTA Rank:  0.7754 Epoch DTA TV:  0.0248 Epoch DTA Proxy:  0.4605 Epoch DTA Trans:  0.0060 Epoch DTA Phys:  0.0067 Epoch DTA Preserve:  0.0051
DTA_GATE_RAMP epoch=18 gate_limit=0.060000
Time:  0.0824 Epoch: 018 Iter:   50/ 600 LR: 0.0000052550 Loss content:  0.0171 Loss fft:  0.8081 Loss dta_rank:  0.7815 Loss dta_tv:  0.0248 Loss dta_proxy:  0.4752 Loss dta_trans:  0.0058 Loss dta_phys:  0.0070 Loss dta_preserve:  0.0073
Time:  0.0776 Epoch: 018 Iter:  100/ 600 LR: 0.0000052550 Loss content:  0.0173 Loss fft:  0.8084 Loss dta_rank:  0.7714 Loss dta_tv:  0.0249 Loss dta_proxy:  0.4611 Loss dta_trans:  0.0058 Loss dta_phys:  0.0073 Loss dta_preserve:  0.0054
Time:  0.0757 Epoch: 018 Iter:  150/ 600 LR: 0.0000052550 Loss content:  0.0162 Loss fft:  0.7945 Loss dta_rank:  0.7761 Loss dta_tv:  0.0246 Loss dta_proxy:  0.4675 Loss dta_trans:  0.0056 Loss dta_phys:  0.0067 Loss dta_preserve:  0.0043
Time:  0.0766 Epoch: 018 Iter:  200/ 600 LR: 0.0000052550 Loss content:  0.0167 Loss fft:  0.8117 Loss dta_rank:  0.7715 Loss dta_tv:  0.0247 Loss dta_proxy:  0.4529 Loss dta_trans:  0.0060 Loss dta_phys:  0.0064 Loss dta_preserve:  0.0049
Time:  0.0727 Epoch: 018 Iter:  250/ 600 LR: 0.0000052550 Loss content:  0.0175 Loss fft:  0.8207 Loss dta_rank:  0.7743 Loss dta_tv:  0.0249 Loss dta_proxy:  0.4564 Loss dta_trans:  0.0060 Loss dta_phys:  0.0066 Loss dta_preserve:  0.0051
Time:  0.0750 Epoch: 018 Iter:  300/ 600 LR: 0.0000052550 Loss content:  0.0173 Loss fft:  0.8201 Loss dta_rank:  0.7761 Loss dta_tv:  0.0245 Loss dta_proxy:  0.4689 Loss dta_trans:  0.0058 Loss dta_phys:  0.0068 Loss dta_preserve:  0.0055
Time:  0.0765 Epoch: 018 Iter:  350/ 600 LR: 0.0000052550 Loss content:  0.0165 Loss fft:  0.8050 Loss dta_rank:  0.7709 Loss dta_tv:  0.0246 Loss dta_proxy:  0.4674 Loss dta_trans:  0.0062 Loss dta_phys:  0.0067 Loss dta_preserve:  0.0063
Time:  0.0734 Epoch: 018 Iter:  400/ 600 LR: 0.0000052550 Loss content:  0.0170 Loss fft:  0.7981 Loss dta_rank:  0.7777 Loss dta_tv:  0.0247 Loss dta_proxy:  0.4605 Loss dta_trans:  0.0064 Loss dta_phys:  0.0068 Loss dta_preserve:  0.0057
Time:  0.0771 Epoch: 018 Iter:  450/ 600 LR: 0.0000052550 Loss content:  0.0170 Loss fft:  0.8486 Loss dta_rank:  0.7750 Loss dta_tv:  0.0248 Loss dta_proxy:  0.4570 Loss dta_trans:  0.0061 Loss dta_phys:  0.0071 Loss dta_preserve:  0.0048
Time:  0.0748 Epoch: 018 Iter:  500/ 600 LR: 0.0000052550 Loss content:  0.0180 Loss fft:  0.8146 Loss dta_rank:  0.7780 Loss dta_tv:  0.0245 Loss dta_proxy:  0.4589 Loss dta_trans:  0.0062 Loss dta_phys:  0.0061 Loss dta_preserve:  0.0049
Time:  0.0796 Epoch: 018 Iter:  550/ 600 LR: 0.0000052550 Loss content:  0.0173 Loss fft:  0.8468 Loss dta_rank:  0.7788 Loss dta_tv:  0.0243 Loss dta_proxy:  0.4804 Loss dta_trans:  0.0058 Loss dta_phys:  0.0062 Loss dta_preserve:  0.0069
Time:  0.0747 Epoch: 018 Iter:  600/ 600 LR: 0.0000052550 Loss content:  0.0180 Loss fft:  0.8331 Loss dta_rank:  0.7806 Loss dta_tv:  0.0254 Loss dta_proxy:  0.4494 Loss dta_trans:  0.0071 Loss dta_phys:  0.0067 Loss dta_preserve:  0.0047
EPOCH: 18
Elapsed time: 0.92 Epoch Pixel Loss:  0.0172 Epoch FFT Loss:  0.8175 Epoch DTA Rank:  0.7760 Epoch DTA TV:  0.0247 Epoch DTA Proxy:  0.4630 Epoch DTA Trans:  0.0061 Epoch DTA Phys:  0.0067 Epoch DTA Preserve:  0.0055
DTA_GATE_RAMP epoch=19 gate_limit=0.060000
Time:  0.0806 Epoch: 019 Iter:   50/ 600 LR: 0.0000025070 Loss content:  0.0168 Loss fft:  0.8324 Loss dta_rank:  0.7747 Loss dta_tv:  0.0248 Loss dta_proxy:  0.4733 Loss dta_trans:  0.0064 Loss dta_phys:  0.0073 Loss dta_preserve:  0.0055
Time:  0.0768 Epoch: 019 Iter:  100/ 600 LR: 0.0000025070 Loss content:  0.0170 Loss fft:  0.8087 Loss dta_rank:  0.7775 Loss dta_tv:  0.0248 Loss dta_proxy:  0.4480 Loss dta_trans:  0.0063 Loss dta_phys:  0.0066 Loss dta_preserve:  0.0050
Time:  0.0746 Epoch: 019 Iter:  150/ 600 LR: 0.0000025070 Loss content:  0.0169 Loss fft:  0.7828 Loss dta_rank:  0.7768 Loss dta_tv:  0.0247 Loss dta_proxy:  0.4606 Loss dta_trans:  0.0069 Loss dta_phys:  0.0069 Loss dta_preserve:  0.0047
Time:  0.0756 Epoch: 019 Iter:  200/ 600 LR: 0.0000025070 Loss content:  0.0177 Loss fft:  0.8547 Loss dta_rank:  0.7720 Loss dta_tv:  0.0239 Loss dta_proxy:  0.4718 Loss dta_trans:  0.0060 Loss dta_phys:  0.0066 Loss dta_preserve:  0.0046
Time:  0.0752 Epoch: 019 Iter:  250/ 600 LR: 0.0000025070 Loss content:  0.0164 Loss fft:  0.7950 Loss dta_rank:  0.7728 Loss dta_tv:  0.0245 Loss dta_proxy:  0.4665 Loss dta_trans:  0.0057 Loss dta_phys:  0.0066 Loss dta_preserve:  0.0049
Time:  0.0755 Epoch: 019 Iter:  300/ 600 LR: 0.0000025070 Loss content:  0.0175 Loss fft:  0.8288 Loss dta_rank:  0.7762 Loss dta_tv:  0.0247 Loss dta_proxy:  0.4540 Loss dta_trans:  0.0063 Loss dta_phys:  0.0070 Loss dta_preserve:  0.0051
Time:  0.0767 Epoch: 019 Iter:  350/ 600 LR: 0.0000025070 Loss content:  0.0164 Loss fft:  0.8055 Loss dta_rank:  0.7755 Loss dta_tv:  0.0244 Loss dta_proxy:  0.4668 Loss dta_trans:  0.0055 Loss dta_phys:  0.0068 Loss dta_preserve:  0.0058
Time:  0.0765 Epoch: 019 Iter:  400/ 600 LR: 0.0000025070 Loss content:  0.0171 Loss fft:  0.8284 Loss dta_rank:  0.7779 Loss dta_tv:  0.0249 Loss dta_proxy:  0.4576 Loss dta_trans:  0.0059 Loss dta_phys:  0.0073 Loss dta_preserve:  0.0045
Time:  0.0785 Epoch: 019 Iter:  450/ 600 LR: 0.0000025070 Loss content:  0.0174 Loss fft:  0.8076 Loss dta_rank:  0.7712 Loss dta_tv:  0.0251 Loss dta_proxy:  0.4301 Loss dta_trans:  0.0055 Loss dta_phys:  0.0065 Loss dta_preserve:  0.0052
Time:  0.0743 Epoch: 019 Iter:  500/ 600 LR: 0.0000025070 Loss content:  0.0171 Loss fft:  0.8035 Loss dta_rank:  0.7753 Loss dta_tv:  0.0241 Loss dta_proxy:  0.4914 Loss dta_trans:  0.0064 Loss dta_phys:  0.0071 Loss dta_preserve:  0.0070
Time:  0.0770 Epoch: 019 Iter:  550/ 600 LR: 0.0000025070 Loss content:  0.0163 Loss fft:  0.8092 Loss dta_rank:  0.7770 Loss dta_tv:  0.0248 Loss dta_proxy:  0.4692 Loss dta_trans:  0.0056 Loss dta_phys:  0.0061 Loss dta_preserve:  0.0041
Time:  0.0739 Epoch: 019 Iter:  600/ 600 LR: 0.0000025070 Loss content:  0.0179 Loss fft:  0.8319 Loss dta_rank:  0.7745 Loss dta_tv:  0.0245 Loss dta_proxy:  0.4601 Loss dta_trans:  0.0054 Loss dta_phys:  0.0064 Loss dta_preserve:  0.0050
EPOCH: 19
Elapsed time: 0.92 Epoch Pixel Loss:  0.0170 Epoch FFT Loss:  0.8157 Epoch DTA Rank:  0.7751 Epoch DTA TV:  0.0246 Epoch DTA Proxy:  0.4625 Epoch DTA Trans:  0.0060 Epoch DTA Phys:  0.0068 Epoch DTA Preserve:  0.0051
DTA_GATE_RAMP epoch=20 gate_limit=0.060000
Time:  0.0777 Epoch: 020 Iter:   50/ 600 LR: 0.0000012125 Loss content:  0.0178 Loss fft:  0.8555 Loss dta_rank:  0.7790 Loss dta_tv:  0.0249 Loss dta_proxy:  0.4639 Loss dta_trans:  0.0061 Loss dta_phys:  0.0069 Loss dta_preserve:  0.0049
Time:  0.0795 Epoch: 020 Iter:  100/ 600 LR: 0.0000012125 Loss content:  0.0173 Loss fft:  0.8108 Loss dta_rank:  0.7774 Loss dta_tv:  0.0245 Loss dta_proxy:  0.4568 Loss dta_trans:  0.0052 Loss dta_phys:  0.0070 Loss dta_preserve:  0.0042
Time:  0.0765 Epoch: 020 Iter:  150/ 600 LR: 0.0000012125 Loss content:  0.0163 Loss fft:  0.8324 Loss dta_rank:  0.7755 Loss dta_tv:  0.0243 Loss dta_proxy:  0.4661 Loss dta_trans:  0.0065 Loss dta_phys:  0.0061 Loss dta_preserve:  0.0045
Time:  0.0746 Epoch: 020 Iter:  200/ 600 LR: 0.0000012125 Loss content:  0.0169 Loss fft:  0.7994 Loss dta_rank:  0.7671 Loss dta_tv:  0.0245 Loss dta_proxy:  0.4611 Loss dta_trans:  0.0065 Loss dta_phys:  0.0069 Loss dta_preserve:  0.0047
Time:  0.0715 Epoch: 020 Iter:  250/ 600 LR: 0.0000012125 Loss content:  0.0177 Loss fft:  0.8160 Loss dta_rank:  0.7743 Loss dta_tv:  0.0242 Loss dta_proxy:  0.4702 Loss dta_trans:  0.0058 Loss dta_phys:  0.0074 Loss dta_preserve:  0.0057
Time:  0.0738 Epoch: 020 Iter:  300/ 600 LR: 0.0000012125 Loss content:  0.0176 Loss fft:  0.8155 Loss dta_rank:  0.7695 Loss dta_tv:  0.0241 Loss dta_proxy:  0.4597 Loss dta_trans:  0.0070 Loss dta_phys:  0.0064 Loss dta_preserve:  0.0048
Time:  0.0743 Epoch: 020 Iter:  350/ 600 LR: 0.0000012125 Loss content:  0.0165 Loss fft:  0.7956 Loss dta_rank:  0.7747 Loss dta_tv:  0.0251 Loss dta_proxy:  0.4410 Loss dta_trans:  0.0059 Loss dta_phys:  0.0069 Loss dta_preserve:  0.0039
Time:  0.0782 Epoch: 020 Iter:  400/ 600 LR: 0.0000012125 Loss content:  0.0172 Loss fft:  0.8348 Loss dta_rank:  0.7788 Loss dta_tv:  0.0248 Loss dta_proxy:  0.4640 Loss dta_trans:  0.0053 Loss dta_phys:  0.0064 Loss dta_preserve:  0.0050
Time:  0.0738 Epoch: 020 Iter:  450/ 600 LR: 0.0000012125 Loss content:  0.0170 Loss fft:  0.8346 Loss dta_rank:  0.7735 Loss dta_tv:  0.0245 Loss dta_proxy:  0.4649 Loss dta_trans:  0.0054 Loss dta_phys:  0.0065 Loss dta_preserve:  0.0044
Time:  0.0734 Epoch: 020 Iter:  500/ 600 LR: 0.0000012125 Loss content:  0.0166 Loss fft:  0.8297 Loss dta_rank:  0.7777 Loss dta_tv:  0.0249 Loss dta_proxy:  0.4607 Loss dta_trans:  0.0060 Loss dta_phys:  0.0068 Loss dta_preserve:  0.0053
Time:  0.0797 Epoch: 020 Iter:  550/ 600 LR: 0.0000012125 Loss content:  0.0170 Loss fft:  0.8425 Loss dta_rank:  0.7783 Loss dta_tv:  0.0246 Loss dta_proxy:  0.4682 Loss dta_trans:  0.0050 Loss dta_phys:  0.0066 Loss dta_preserve:  0.0051
Time:  0.0752 Epoch: 020 Iter:  600/ 600 LR: 0.0000012125 Loss content:  0.0166 Loss fft:  0.8028 Loss dta_rank:  0.7779 Loss dta_tv:  0.0249 Loss dta_proxy:  0.4606 Loss dta_trans:  0.0074 Loss dta_phys:  0.0069 Loss dta_preserve:  0.0050
EPOCH: 20
Elapsed time: 0.91 Epoch Pixel Loss:  0.0170 Epoch FFT Loss:  0.8225 Epoch DTA Rank:  0.7753 Epoch DTA TV:  0.0246 Epoch DTA Proxy:  0.4614 Epoch DTA Trans:  0.0060 Epoch DTA Phys:  0.0067 Epoch DTA Preserve:  0.0048
