Namespace(model_name='ConvIR-Haze4K-DTA-v2-adapter_neighbors-invert-seed3407-f0-oof20', data='Haze4K', version='base', fam_mode='original', arch='dta_v2', seed=3407, mode='train', data_dir='/sda/home/wangyuxin/ConvIR-B/datasets/Haze4K/Haze4K', batch_size=4, learning_rate=0.0001, weight_decay=0.0, num_epoch=20, stop_epoch=20, print_freq=50, num_worker=4, save_freq=5, valid_freq=9999, mod_stats_freq=5, mod_stats_batches=16, grad_clip_norm=0.001, dta_grad_clip_norm=0.05, dta_neighbor_grad_clip_norm=0.005, init_model='/sda/home/wangyuxin/ConvIR-B/checkpoints/official/Haze4K/haze4k-base.pkl', init_model_partial=True, partial_new_prefixes='DTA.', resume='', train_scope='adapter_neighbors', dta_depth_cache_dir='/sda/home/wangyuxin/ConvIR-B/depth_cache/depth_anything_v2_small_hf', dta_train_depth_split='train', dta_eval_depth_split='train', valid_root_split='train', eval_root_split='test', dta_require_depth=True, dta_variant='v2', dta_depth_mode='invert', dta_prior_channels=32, dta_gate_bias=-6.0, dta_gate_limit=0.06, dta_gamma_limit=0.12, dta_beta_limit=0.06, dta_alpha_init=1.0, dta_confidence_floor=0.25, dta_confidence_local_scale=6.0, dta_output_residual_scale=0.03, dta_use_trans_gt=True, dta_trans_weight=0.02, dta_phys_weight=0.005, dta_preserve_weight=0.02, dta_preserve_trans_thresh=0.8, dta_gate_ramp_start=0.01, dta_gate_ramp_mid=0.03, dta_gate_ramp_end=0.06, dta_gate_ramp_warmup_epochs=2, dta_gate_ramp_mid_epochs=8, dta_rank_weight=0.001, dta_tv_weight=0.0001, dta_proxy_weight=0.0, dta_rank_pairs=512, dta_rank_min_depth_gap=0.03, split_json='/sda/home/wangyuxin/ConvIR-B/repos/ConvIR-B-dta-v2-calibrated/experience_docx/experiment_logs/haze4k_dta_v2_calibrated_20260611/dta_v2_haze4k_oof_splits_seed3407.json', split_name='fold0_train', test_model='', save_image=False, leaning_rate=0.0001, model_save_dir='results/ConvIR-Haze4K-DTA-v2-adapter_neighbors-invert-seed3407-f0-oof20/Training-Results/', result_dir='results/ConvIR-Haze4K-DTA-v2-adapter_neighbors-invert-seed3407-f0-oof20/images/Haze4K', init_model_sha256='6f42037d57a4e3de3a10ac0ab909d66a3415864a19433c29204a975f4efa4088')
/sda/home/wangyuxin/ConvIR-B/repos/ConvIR-B-dta-v2-calibrated/Dehazing/ITS/main.py:14: FutureWarning: You are using `torch.load` with `weights_only=False` (the current default value), which uses the default pickle module implicitly. It is possible to construct malicious pickle data which will execute arbitrary code during unpickling (See https://github.com/pytorch/pytorch/blob/main/SECURITY.md#untrusted-models for more details). In a future release, the default value for `weights_only` will be flipped to `True`. This limits the functions that could be executed during unpickling. Arbitrary objects will no longer be allowed to be loaded via this mode unless they are explicitly allowlisted by the user via `torch.serialization.add_safe_globals`. We recommend you start setting `weights_only=True` for any use case where you don't have full control of the loaded file. Please open an issue on GitHub for any issues related to this experimental feature.
  state = torch.load(path, map_location=map_location)
INIT_MODEL_PARTIAL_LOAD path=/sda/home/wangyuxin/ConvIR-B/checkpoints/official/Haze4K/haze4k-base.pkl loaded=602 missing_allowed=25 unexpected=[] allowed_new_prefixes=('DTA.',)
TRAIN_SCOPE scope=adapter_neighbors arch=dta_v2 trainable=453867 total=8705364
/sda/home/wangyuxin/ConvIR-B/envs/convir-cu121/lib/python3.10/site-packages/torch/optim/lr_scheduler.py:224: UserWarning: Detected call of `lr_scheduler.step()` before `optimizer.step()`. In PyTorch 1.1.0 and later, you should call them in the opposite order: `optimizer.step()` before `lr_scheduler.step()`.  Failure to do this will result in PyTorch skipping the first value of the learning rate schedule. See more details at https://pytorch.org/docs/stable/optim.html#how-to-adjust-learning-rate
  warnings.warn(
DTA_GATE_RAMP epoch=1 gate_limit=0.010000
Time:  0.1078 Epoch: 001 Iter:   50/ 600 LR: 0.0000333333 Loss content:  0.0177 Loss fft:  0.8085 Loss dta_rank:  0.6937 Loss dta_tv:  0.0039 Loss dta_proxy:  0.1263 Loss dta_trans:  0.0413 Loss dta_phys:  0.0074 Loss dta_preserve:  0.0053
Time:  0.0832 Epoch: 001 Iter:  100/ 600 LR: 0.0000333333 Loss content:  0.0178 Loss fft:  0.8350 Loss dta_rank:  0.6919 Loss dta_tv:  0.0106 Loss dta_proxy:  0.1311 Loss dta_trans:  0.0351 Loss dta_phys:  0.0092 Loss dta_preserve:  0.0042
Time:  0.0862 Epoch: 001 Iter:  150/ 600 LR: 0.0000333333 Loss content:  0.0172 Loss fft:  0.8418 Loss dta_rank:  0.6871 Loss dta_tv:  0.0154 Loss dta_proxy:  0.1494 Loss dta_trans:  0.0273 Loss dta_phys:  0.0107 Loss dta_preserve:  0.0047
Time:  0.0823 Epoch: 001 Iter:  200/ 600 LR: 0.0000333333 Loss content:  0.0169 Loss fft:  0.8117 Loss dta_rank:  0.6787 Loss dta_tv:  0.0199 Loss dta_proxy:  0.1722 Loss dta_trans:  0.0244 Loss dta_phys:  0.0104 Loss dta_preserve:  0.0040
Time:  0.0831 Epoch: 001 Iter:  250/ 600 LR: 0.0000333333 Loss content:  0.0172 Loss fft:  0.8330 Loss dta_rank:  0.6654 Loss dta_tv:  0.0250 Loss dta_proxy:  0.1601 Loss dta_trans:  0.0210 Loss dta_phys:  0.0081 Loss dta_preserve:  0.0038
Time:  0.0822 Epoch: 001 Iter:  300/ 600 LR: 0.0000333333 Loss content:  0.0177 Loss fft:  0.8662 Loss dta_rank:  0.6548 Loss dta_tv:  0.0308 Loss dta_proxy:  0.1776 Loss dta_trans:  0.0176 Loss dta_phys:  0.0078 Loss dta_preserve:  0.0075
Time:  0.0825 Epoch: 001 Iter:  350/ 600 LR: 0.0000333333 Loss content:  0.0172 Loss fft:  0.8054 Loss dta_rank:  0.6475 Loss dta_tv:  0.0336 Loss dta_proxy:  0.1710 Loss dta_trans:  0.0156 Loss dta_phys:  0.0081 Loss dta_preserve:  0.0047
Time:  0.0826 Epoch: 001 Iter:  400/ 600 LR: 0.0000333333 Loss content:  0.0175 Loss fft:  0.8217 Loss dta_rank:  0.6428 Loss dta_tv:  0.0357 Loss dta_proxy:  0.1897 Loss dta_trans:  0.0129 Loss dta_phys:  0.0084 Loss dta_preserve:  0.0054
Time:  0.0835 Epoch: 001 Iter:  450/ 600 LR: 0.0000333333 Loss content:  0.0172 Loss fft:  0.8044 Loss dta_rank:  0.6332 Loss dta_tv:  0.0371 Loss dta_proxy:  0.1867 Loss dta_trans:  0.0130 Loss dta_phys:  0.0070 Loss dta_preserve:  0.0040
Time:  0.0844 Epoch: 001 Iter:  500/ 600 LR: 0.0000333333 Loss content:  0.0172 Loss fft:  0.8205 Loss dta_rank:  0.6318 Loss dta_tv:  0.0386 Loss dta_proxy:  0.1963 Loss dta_trans:  0.0128 Loss dta_phys:  0.0077 Loss dta_preserve:  0.0069
Time:  0.0839 Epoch: 001 Iter:  550/ 600 LR: 0.0000333333 Loss content:  0.0170 Loss fft:  0.8089 Loss dta_rank:  0.6321 Loss dta_tv:  0.0379 Loss dta_proxy:  0.2047 Loss dta_trans:  0.0122 Loss dta_phys:  0.0080 Loss dta_preserve:  0.0058
Time:  0.0826 Epoch: 001 Iter:  600/ 600 LR: 0.0000333333 Loss content:  0.0178 Loss fft:  0.8376 Loss dta_rank:  0.6310 Loss dta_tv:  0.0390 Loss dta_proxy:  0.2107 Loss dta_trans:  0.0137 Loss dta_phys:  0.0074 Loss dta_preserve:  0.0044
EPOCH: 01
Elapsed time: 1.03 Epoch Pixel Loss:  0.0174 Epoch FFT Loss:  0.8246 Epoch DTA Rank:  0.6575 Epoch DTA TV:  0.0273 Epoch DTA Proxy:  0.1730 Epoch DTA Trans:  0.0206 Epoch DTA Phys:  0.0084 Epoch DTA Preserve:  0.0051
DTA_GATE_RAMP epoch=2 gate_limit=0.010000
Time:  0.0907 Epoch: 002 Iter:   50/ 600 LR: 0.0000666667 Loss content:  0.0176 Loss fft:  0.8095 Loss dta_rank:  0.6304 Loss dta_tv:  0.0390 Loss dta_proxy:  0.2063 Loss dta_trans:  0.0109 Loss dta_phys:  0.0070 Loss dta_preserve:  0.0069
Time:  0.0806 Epoch: 002 Iter:  100/ 600 LR: 0.0000666667 Loss content:  0.0174 Loss fft:  0.8325 Loss dta_rank:  0.6260 Loss dta_tv:  0.0393 Loss dta_proxy:  0.2058 Loss dta_trans:  0.0115 Loss dta_phys:  0.0078 Loss dta_preserve:  0.0049
Time:  0.0826 Epoch: 002 Iter:  150/ 600 LR: 0.0000666667 Loss content:  0.0177 Loss fft:  0.8362 Loss dta_rank:  0.6257 Loss dta_tv:  0.0382 Loss dta_proxy:  0.2066 Loss dta_trans:  0.0106 Loss dta_phys:  0.0059 Loss dta_preserve:  0.0051
Time:  0.0831 Epoch: 002 Iter:  200/ 600 LR: 0.0000666667 Loss content:  0.0171 Loss fft:  0.7854 Loss dta_rank:  0.6265 Loss dta_tv:  0.0396 Loss dta_proxy:  0.1928 Loss dta_trans:  0.0107 Loss dta_phys:  0.0066 Loss dta_preserve:  0.0045
Time:  0.0886 Epoch: 002 Iter:  250/ 600 LR: 0.0000666667 Loss content:  0.0172 Loss fft:  0.8138 Loss dta_rank:  0.6263 Loss dta_tv:  0.0379 Loss dta_proxy:  0.2200 Loss dta_trans:  0.0098 Loss dta_phys:  0.0072 Loss dta_preserve:  0.0051
Time:  0.0787 Epoch: 002 Iter:  300/ 600 LR: 0.0000666667 Loss content:  0.0176 Loss fft:  0.8266 Loss dta_rank:  0.6246 Loss dta_tv:  0.0370 Loss dta_proxy:  0.2142 Loss dta_trans:  0.0101 Loss dta_phys:  0.0071 Loss dta_preserve:  0.0054
Time:  0.0816 Epoch: 002 Iter:  350/ 600 LR: 0.0000666667 Loss content:  0.0170 Loss fft:  0.8218 Loss dta_rank:  0.6217 Loss dta_tv:  0.0375 Loss dta_proxy:  0.2103 Loss dta_trans:  0.0094 Loss dta_phys:  0.0081 Loss dta_preserve:  0.0062
Time:  0.0814 Epoch: 002 Iter:  400/ 600 LR: 0.0000666667 Loss content:  0.0176 Loss fft:  0.8333 Loss dta_rank:  0.6253 Loss dta_tv:  0.0380 Loss dta_proxy:  0.2092 Loss dta_trans:  0.0107 Loss dta_phys:  0.0079 Loss dta_preserve:  0.0048
Time:  0.0783 Epoch: 002 Iter:  450/ 600 LR: 0.0000666667 Loss content:  0.0177 Loss fft:  0.8149 Loss dta_rank:  0.6193 Loss dta_tv:  0.0365 Loss dta_proxy:  0.2068 Loss dta_trans:  0.0089 Loss dta_phys:  0.0075 Loss dta_preserve:  0.0055
Time:  0.0809 Epoch: 002 Iter:  500/ 600 LR: 0.0000666667 Loss content:  0.0176 Loss fft:  0.8141 Loss dta_rank:  0.6180 Loss dta_tv:  0.0371 Loss dta_proxy:  0.2114 Loss dta_trans:  0.0084 Loss dta_phys:  0.0073 Loss dta_preserve:  0.0052
Time:  0.0790 Epoch: 002 Iter:  550/ 600 LR: 0.0000666667 Loss content:  0.0177 Loss fft:  0.8209 Loss dta_rank:  0.6142 Loss dta_tv:  0.0374 Loss dta_proxy:  0.2041 Loss dta_trans:  0.0080 Loss dta_phys:  0.0059 Loss dta_preserve:  0.0047
Time:  0.0755 Epoch: 002 Iter:  600/ 600 LR: 0.0000666667 Loss content:  0.0179 Loss fft:  0.8363 Loss dta_rank:  0.6148 Loss dta_tv:  0.0374 Loss dta_proxy:  0.2154 Loss dta_trans:  0.0078 Loss dta_phys:  0.0064 Loss dta_preserve:  0.0057
EPOCH: 02
Elapsed time: 0.98 Epoch Pixel Loss:  0.0175 Epoch FFT Loss:  0.8204 Epoch DTA Rank:  0.6227 Epoch DTA TV:  0.0379 Epoch DTA Proxy:  0.2086 Epoch DTA Trans:  0.0097 Epoch DTA Phys:  0.0071 Epoch DTA Preserve:  0.0053
DTA_GATE_RAMP epoch=3 gate_limit=0.030000
Time:  0.0904 Epoch: 003 Iter:   50/ 600 LR: 0.0001000000 Loss content:  0.0181 Loss fft:  0.8569 Loss dta_rank:  0.6176 Loss dta_tv:  0.0378 Loss dta_proxy:  0.2138 Loss dta_trans:  0.0083 Loss dta_phys:  0.0067 Loss dta_preserve:  0.0053
Time:  0.0839 Epoch: 003 Iter:  100/ 600 LR: 0.0001000000 Loss content:  0.0180 Loss fft:  0.8346 Loss dta_rank:  0.6157 Loss dta_tv:  0.0375 Loss dta_proxy:  0.2020 Loss dta_trans:  0.0075 Loss dta_phys:  0.0068 Loss dta_preserve:  0.0068
Time:  0.0820 Epoch: 003 Iter:  150/ 600 LR: 0.0001000000 Loss content:  0.0187 Loss fft:  0.8303 Loss dta_rank:  0.6151 Loss dta_tv:  0.0350 Loss dta_proxy:  0.2201 Loss dta_trans:  0.0092 Loss dta_phys:  0.0069 Loss dta_preserve:  0.0061
Time:  0.0809 Epoch: 003 Iter:  200/ 600 LR: 0.0001000000 Loss content:  0.0178 Loss fft:  0.8620 Loss dta_rank:  0.6104 Loss dta_tv:  0.0367 Loss dta_proxy:  0.2039 Loss dta_trans:  0.0074 Loss dta_phys:  0.0071 Loss dta_preserve:  0.0064
Time:  0.0795 Epoch: 003 Iter:  250/ 600 LR: 0.0001000000 Loss content:  0.0170 Loss fft:  0.8307 Loss dta_rank:  0.6045 Loss dta_tv:  0.0374 Loss dta_proxy:  0.2078 Loss dta_trans:  0.0071 Loss dta_phys:  0.0069 Loss dta_preserve:  0.0048
Time:  0.0807 Epoch: 003 Iter:  300/ 600 LR: 0.0001000000 Loss content:  0.0174 Loss fft:  0.8044 Loss dta_rank:  0.6128 Loss dta_tv:  0.0366 Loss dta_proxy:  0.2034 Loss dta_trans:  0.0083 Loss dta_phys:  0.0063 Loss dta_preserve:  0.0052
Time:  0.0772 Epoch: 003 Iter:  350/ 600 LR: 0.0001000000 Loss content:  0.0173 Loss fft:  0.8293 Loss dta_rank:  0.6112 Loss dta_tv:  0.0356 Loss dta_proxy:  0.2133 Loss dta_trans:  0.0087 Loss dta_phys:  0.0070 Loss dta_preserve:  0.0049
Time:  0.0791 Epoch: 003 Iter:  400/ 600 LR: 0.0001000000 Loss content:  0.0182 Loss fft:  0.8612 Loss dta_rank:  0.6100 Loss dta_tv:  0.0372 Loss dta_proxy:  0.2106 Loss dta_trans:  0.0082 Loss dta_phys:  0.0073 Loss dta_preserve:  0.0055
Time:  0.0794 Epoch: 003 Iter:  450/ 600 LR: 0.0001000000 Loss content:  0.0176 Loss fft:  0.8202 Loss dta_rank:  0.6100 Loss dta_tv:  0.0362 Loss dta_proxy:  0.2076 Loss dta_trans:  0.0080 Loss dta_phys:  0.0068 Loss dta_preserve:  0.0050
Time:  0.0821 Epoch: 003 Iter:  500/ 600 LR: 0.0001000000 Loss content:  0.0168 Loss fft:  0.7810 Loss dta_rank:  0.6144 Loss dta_tv:  0.0346 Loss dta_proxy:  0.2129 Loss dta_trans:  0.0069 Loss dta_phys:  0.0065 Loss dta_preserve:  0.0053
Time:  0.0850 Epoch: 003 Iter:  550/ 600 LR: 0.0001000000 Loss content:  0.0180 Loss fft:  0.8307 Loss dta_rank:  0.6103 Loss dta_tv:  0.0361 Loss dta_proxy:  0.2102 Loss dta_trans:  0.0072 Loss dta_phys:  0.0070 Loss dta_preserve:  0.0065
Time:  0.0810 Epoch: 003 Iter:  600/ 600 LR: 0.0001000000 Loss content:  0.0179 Loss fft:  0.8354 Loss dta_rank:  0.6105 Loss dta_tv:  0.0355 Loss dta_proxy:  0.2190 Loss dta_trans:  0.0069 Loss dta_phys:  0.0067 Loss dta_preserve:  0.0054
EPOCH: 03
Elapsed time: 0.99 Epoch Pixel Loss:  0.0177 Epoch FFT Loss:  0.8314 Epoch DTA Rank:  0.6119 Epoch DTA TV:  0.0363 Epoch DTA Proxy:  0.2104 Epoch DTA Trans:  0.0078 Epoch DTA Phys:  0.0068 Epoch DTA Preserve:  0.0056
/sda/home/wangyuxin/ConvIR-B/envs/convir-cu121/lib/python3.10/site-packages/torch/optim/lr_scheduler.py:1087: UserWarning: To get the last learning rate computed by the scheduler, please use `get_last_lr()`.
  _warn_get_lr_called_within_step(self)
DTA_GATE_RAMP epoch=4 gate_limit=0.030000
Time:  0.0808 Epoch: 004 Iter:   50/ 600 LR: 0.0001000000 Loss content:  0.0176 Loss fft:  0.8098 Loss dta_rank:  0.6155 Loss dta_tv:  0.0348 Loss dta_proxy:  0.2172 Loss dta_trans:  0.0090 Loss dta_phys:  0.0076 Loss dta_preserve:  0.0057
Time:  0.0722 Epoch: 004 Iter:  100/ 600 LR: 0.0001000000 Loss content:  0.0169 Loss fft:  0.8252 Loss dta_rank:  0.6092 Loss dta_tv:  0.0349 Loss dta_proxy:  0.2099 Loss dta_trans:  0.0067 Loss dta_phys:  0.0061 Loss dta_preserve:  0.0048
Time:  0.0766 Epoch: 004 Iter:  150/ 600 LR: 0.0001000000 Loss content:  0.0173 Loss fft:  0.8083 Loss dta_rank:  0.6120 Loss dta_tv:  0.0338 Loss dta_proxy:  0.2177 Loss dta_trans:  0.0075 Loss dta_phys:  0.0079 Loss dta_preserve:  0.0052
Time:  0.0766 Epoch: 004 Iter:  200/ 600 LR: 0.0001000000 Loss content:  0.0192 Loss fft:  0.8450 Loss dta_rank:  0.6106 Loss dta_tv:  0.0338 Loss dta_proxy:  0.2191 Loss dta_trans:  0.0068 Loss dta_phys:  0.0063 Loss dta_preserve:  0.0051
Time:  0.0813 Epoch: 004 Iter:  250/ 600 LR: 0.0001000000 Loss content:  0.0182 Loss fft:  0.8321 Loss dta_rank:  0.6067 Loss dta_tv:  0.0348 Loss dta_proxy:  0.2131 Loss dta_trans:  0.0066 Loss dta_phys:  0.0066 Loss dta_preserve:  0.0055
Time:  0.0825 Epoch: 004 Iter:  300/ 600 LR: 0.0001000000 Loss content:  0.0176 Loss fft:  0.8206 Loss dta_rank:  0.6118 Loss dta_tv:  0.0345 Loss dta_proxy:  0.2060 Loss dta_trans:  0.0069 Loss dta_phys:  0.0063 Loss dta_preserve:  0.0049
Time:  0.0820 Epoch: 004 Iter:  350/ 600 LR: 0.0001000000 Loss content:  0.0179 Loss fft:  0.8233 Loss dta_rank:  0.6054 Loss dta_tv:  0.0347 Loss dta_proxy:  0.2020 Loss dta_trans:  0.0071 Loss dta_phys:  0.0070 Loss dta_preserve:  0.0056
Time:  0.0837 Epoch: 004 Iter:  400/ 600 LR: 0.0001000000 Loss content:  0.0179 Loss fft:  0.8362 Loss dta_rank:  0.6063 Loss dta_tv:  0.0345 Loss dta_proxy:  0.1981 Loss dta_trans:  0.0072 Loss dta_phys:  0.0060 Loss dta_preserve:  0.0048
Time:  0.0838 Epoch: 004 Iter:  450/ 600 LR: 0.0001000000 Loss content:  0.0171 Loss fft:  0.8222 Loss dta_rank:  0.6056 Loss dta_tv:  0.0339 Loss dta_proxy:  0.2173 Loss dta_trans:  0.0069 Loss dta_phys:  0.0068 Loss dta_preserve:  0.0054
Time:  0.0883 Epoch: 004 Iter:  500/ 600 LR: 0.0001000000 Loss content:  0.0178 Loss fft:  0.8264 Loss dta_rank:  0.6068 Loss dta_tv:  0.0344 Loss dta_proxy:  0.2092 Loss dta_trans:  0.0069 Loss dta_phys:  0.0073 Loss dta_preserve:  0.0054
Time:  0.0865 Epoch: 004 Iter:  550/ 600 LR: 0.0001000000 Loss content:  0.0184 Loss fft:  0.8322 Loss dta_rank:  0.6086 Loss dta_tv:  0.0348 Loss dta_proxy:  0.2121 Loss dta_trans:  0.0062 Loss dta_phys:  0.0068 Loss dta_preserve:  0.0058
Time:  0.0817 Epoch: 004 Iter:  600/ 600 LR: 0.0001000000 Loss content:  0.0182 Loss fft:  0.8414 Loss dta_rank:  0.6003 Loss dta_tv:  0.0342 Loss dta_proxy:  0.2008 Loss dta_trans:  0.0066 Loss dta_phys:  0.0062 Loss dta_preserve:  0.0047
EPOCH: 04
Elapsed time: 0.98 Epoch Pixel Loss:  0.0178 Epoch FFT Loss:  0.8269 Epoch DTA Rank:  0.6082 Epoch DTA TV:  0.0344 Epoch DTA Proxy:  0.2102 Epoch DTA Trans:  0.0070 Epoch DTA Phys:  0.0067 Epoch DTA Preserve:  0.0052
DTA_GATE_RAMP epoch=5 gate_limit=0.030000
Time:  0.0900 Epoch: 005 Iter:   50/ 600 LR: 0.0000983215 Loss content:  0.0181 Loss fft:  0.8468 Loss dta_rank:  0.6052 Loss dta_tv:  0.0335 Loss dta_proxy:  0.2228 Loss dta_trans:  0.0070 Loss dta_phys:  0.0067 Loss dta_preserve:  0.0046
Time:  0.0847 Epoch: 005 Iter:  100/ 600 LR: 0.0000983215 Loss content:  0.0173 Loss fft:  0.8306 Loss dta_rank:  0.6012 Loss dta_tv:  0.0351 Loss dta_proxy:  0.1887 Loss dta_trans:  0.0067 Loss dta_phys:  0.0066 Loss dta_preserve:  0.0054
Time:  0.0819 Epoch: 005 Iter:  150/ 600 LR: 0.0000983215 Loss content:  0.0174 Loss fft:  0.8161 Loss dta_rank:  0.6069 Loss dta_tv:  0.0333 Loss dta_proxy:  0.2065 Loss dta_trans:  0.0062 Loss dta_phys:  0.0061 Loss dta_preserve:  0.0058
Time:  0.0848 Epoch: 005 Iter:  200/ 600 LR: 0.0000983215 Loss content:  0.0181 Loss fft:  0.8101 Loss dta_rank:  0.6089 Loss dta_tv:  0.0338 Loss dta_proxy:  0.2084 Loss dta_trans:  0.0073 Loss dta_phys:  0.0058 Loss dta_preserve:  0.0058
Time:  0.0836 Epoch: 005 Iter:  250/ 600 LR: 0.0000983215 Loss content:  0.0181 Loss fft:  0.8381 Loss dta_rank:  0.6068 Loss dta_tv:  0.0333 Loss dta_proxy:  0.2182 Loss dta_trans:  0.0064 Loss dta_phys:  0.0071 Loss dta_preserve:  0.0051
Time:  0.0821 Epoch: 005 Iter:  300/ 600 LR: 0.0000983215 Loss content:  0.0182 Loss fft:  0.8330 Loss dta_rank:  0.6042 Loss dta_tv:  0.0334 Loss dta_proxy:  0.2031 Loss dta_trans:  0.0068 Loss dta_phys:  0.0068 Loss dta_preserve:  0.0046
Time:  0.0848 Epoch: 005 Iter:  350/ 600 LR: 0.0000983215 Loss content:  0.0181 Loss fft:  0.8166 Loss dta_rank:  0.6046 Loss dta_tv:  0.0333 Loss dta_proxy:  0.2111 Loss dta_trans:  0.0070 Loss dta_phys:  0.0061 Loss dta_preserve:  0.0053
Time:  0.0828 Epoch: 005 Iter:  400/ 600 LR: 0.0000983215 Loss content:  0.0181 Loss fft:  0.8240 Loss dta_rank:  0.6076 Loss dta_tv:  0.0316 Loss dta_proxy:  0.2251 Loss dta_trans:  0.0070 Loss dta_phys:  0.0082 Loss dta_preserve:  0.0051
Time:  0.0813 Epoch: 005 Iter:  450/ 600 LR: 0.0000983215 Loss content:  0.0181 Loss fft:  0.8467 Loss dta_rank:  0.6045 Loss dta_tv:  0.0328 Loss dta_proxy:  0.2120 Loss dta_trans:  0.0064 Loss dta_phys:  0.0058 Loss dta_preserve:  0.0044
Time:  0.0815 Epoch: 005 Iter:  500/ 600 LR: 0.0000983215 Loss content:  0.0176 Loss fft:  0.8187 Loss dta_rank:  0.6114 Loss dta_tv:  0.0307 Loss dta_proxy:  0.2315 Loss dta_trans:  0.0057 Loss dta_phys:  0.0064 Loss dta_preserve:  0.0048
Time:  0.0822 Epoch: 005 Iter:  550/ 600 LR: 0.0000983215 Loss content:  0.0173 Loss fft:  0.8088 Loss dta_rank:  0.6077 Loss dta_tv:  0.0323 Loss dta_proxy:  0.2080 Loss dta_trans:  0.0074 Loss dta_phys:  0.0080 Loss dta_preserve:  0.0045
Time:  0.0873 Epoch: 005 Iter:  600/ 600 LR: 0.0000983215 Loss content:  0.0173 Loss fft:  0.8036 Loss dta_rank:  0.6104 Loss dta_tv:  0.0324 Loss dta_proxy:  0.2198 Loss dta_trans:  0.0063 Loss dta_phys:  0.0072 Loss dta_preserve:  0.0044
EPOCH: 05
Elapsed time: 1.01 Epoch Pixel Loss:  0.0178 Epoch FFT Loss:  0.8244 Epoch DTA Rank:  0.6066 Epoch DTA TV:  0.0329 Epoch DTA Proxy:  0.2129 Epoch DTA Trans:  0.0067 Epoch DTA Phys:  0.0067 Epoch DTA Preserve:  0.0050
DTA_GATE_RAMP epoch=6 gate_limit=0.030000
Time:  0.0881 Epoch: 006 Iter:   50/ 600 LR: 0.0000942212 Loss content:  0.0176 Loss fft:  0.8166 Loss dta_rank:  0.6047 Loss dta_tv:  0.0328 Loss dta_proxy:  0.2092 Loss dta_trans:  0.0067 Loss dta_phys:  0.0077 Loss dta_preserve:  0.0046
Time:  0.0854 Epoch: 006 Iter:  100/ 600 LR: 0.0000942212 Loss content:  0.0174 Loss fft:  0.8022 Loss dta_rank:  0.6068 Loss dta_tv:  0.0321 Loss dta_proxy:  0.2232 Loss dta_trans:  0.0071 Loss dta_phys:  0.0072 Loss dta_preserve:  0.0055
Time:  0.0832 Epoch: 006 Iter:  150/ 600 LR: 0.0000942212 Loss content:  0.0176 Loss fft:  0.8182 Loss dta_rank:  0.6046 Loss dta_tv:  0.0320 Loss dta_proxy:  0.2150 Loss dta_trans:  0.0074 Loss dta_phys:  0.0064 Loss dta_preserve:  0.0043
Time:  0.0840 Epoch: 006 Iter:  200/ 600 LR: 0.0000942212 Loss content:  0.0176 Loss fft:  0.8400 Loss dta_rank:  0.6099 Loss dta_tv:  0.0314 Loss dta_proxy:  0.2214 Loss dta_trans:  0.0060 Loss dta_phys:  0.0072 Loss dta_preserve:  0.0046
Time:  0.0833 Epoch: 006 Iter:  250/ 600 LR: 0.0000942212 Loss content:  0.0174 Loss fft:  0.8373 Loss dta_rank:  0.6037 Loss dta_tv:  0.0331 Loss dta_proxy:  0.1985 Loss dta_trans:  0.0066 Loss dta_phys:  0.0055 Loss dta_preserve:  0.0047
Time:  0.0829 Epoch: 006 Iter:  300/ 600 LR: 0.0000942212 Loss content:  0.0184 Loss fft:  0.8019 Loss dta_rank:  0.6069 Loss dta_tv:  0.0320 Loss dta_proxy:  0.2116 Loss dta_trans:  0.0069 Loss dta_phys:  0.0073 Loss dta_preserve:  0.0079
Time:  0.0734 Epoch: 006 Iter:  350/ 600 LR: 0.0000942212 Loss content:  0.0170 Loss fft:  0.7988 Loss dta_rank:  0.5985 Loss dta_tv:  0.0322 Loss dta_proxy:  0.1979 Loss dta_trans:  0.0068 Loss dta_phys:  0.0066 Loss dta_preserve:  0.0048
Time:  0.0729 Epoch: 006 Iter:  400/ 600 LR: 0.0000942212 Loss content:  0.0180 Loss fft:  0.8437 Loss dta_rank:  0.6079 Loss dta_tv:  0.0316 Loss dta_proxy:  0.2156 Loss dta_trans:  0.0068 Loss dta_phys:  0.0070 Loss dta_preserve:  0.0043
Time:  0.0705 Epoch: 006 Iter:  450/ 600 LR: 0.0000942212 Loss content:  0.0178 Loss fft:  0.8435 Loss dta_rank:  0.6066 Loss dta_tv:  0.0322 Loss dta_proxy:  0.2106 Loss dta_trans:  0.0050 Loss dta_phys:  0.0062 Loss dta_preserve:  0.0049
Time:  0.0728 Epoch: 006 Iter:  500/ 600 LR: 0.0000942212 Loss content:  0.0182 Loss fft:  0.8327 Loss dta_rank:  0.6062 Loss dta_tv:  0.0320 Loss dta_proxy:  0.2137 Loss dta_trans:  0.0063 Loss dta_phys:  0.0062 Loss dta_preserve:  0.0053
Time:  0.0727 Epoch: 006 Iter:  550/ 600 LR: 0.0000942212 Loss content:  0.0178 Loss fft:  0.8494 Loss dta_rank:  0.6045 Loss dta_tv:  0.0323 Loss dta_proxy:  0.2082 Loss dta_trans:  0.0059 Loss dta_phys:  0.0064 Loss dta_preserve:  0.0055
Time:  0.0769 Epoch: 006 Iter:  600/ 600 LR: 0.0000942212 Loss content:  0.0172 Loss fft:  0.8459 Loss dta_rank:  0.6019 Loss dta_tv:  0.0315 Loss dta_proxy:  0.2053 Loss dta_trans:  0.0065 Loss dta_phys:  0.0071 Loss dta_preserve:  0.0061
EPOCH: 06
Elapsed time: 0.95 Epoch Pixel Loss:  0.0177 Epoch FFT Loss:  0.8275 Epoch DTA Rank:  0.6052 Epoch DTA TV:  0.0321 Epoch DTA Proxy:  0.2109 Epoch DTA Trans:  0.0065 Epoch DTA Phys:  0.0067 Epoch DTA Preserve:  0.0052
DTA_GATE_RAMP epoch=7 gate_limit=0.030000
Time:  0.0877 Epoch: 007 Iter:   50/ 600 LR: 0.0000886874 Loss content:  0.0177 Loss fft:  0.8160 Loss dta_rank:  0.6080 Loss dta_tv:  0.0308 Loss dta_proxy:  0.2108 Loss dta_trans:  0.0064 Loss dta_phys:  0.0063 Loss dta_preserve:  0.0045
Time:  0.0832 Epoch: 007 Iter:  100/ 600 LR: 0.0000886874 Loss content:  0.0181 Loss fft:  0.8374 Loss dta_rank:  0.6065 Loss dta_tv:  0.0312 Loss dta_proxy:  0.2059 Loss dta_trans:  0.0061 Loss dta_phys:  0.0070 Loss dta_preserve:  0.0047
Time:  0.0883 Epoch: 007 Iter:  150/ 600 LR: 0.0000886874 Loss content:  0.0188 Loss fft:  0.8384 Loss dta_rank:  0.6018 Loss dta_tv:  0.0312 Loss dta_proxy:  0.2202 Loss dta_trans:  0.0068 Loss dta_phys:  0.0065 Loss dta_preserve:  0.0065
Time:  0.0864 Epoch: 007 Iter:  200/ 600 LR: 0.0000886874 Loss content:  0.0168 Loss fft:  0.8153 Loss dta_rank:  0.6047 Loss dta_tv:  0.0313 Loss dta_proxy:  0.2112 Loss dta_trans:  0.0058 Loss dta_phys:  0.0069 Loss dta_preserve:  0.0052
Time:  0.0826 Epoch: 007 Iter:  250/ 600 LR: 0.0000886874 Loss content:  0.0180 Loss fft:  0.8324 Loss dta_rank:  0.6066 Loss dta_tv:  0.0317 Loss dta_proxy:  0.2047 Loss dta_trans:  0.0057 Loss dta_phys:  0.0069 Loss dta_preserve:  0.0063
Time:  0.0791 Epoch: 007 Iter:  300/ 600 LR: 0.0000886874 Loss content:  0.0176 Loss fft:  0.8268 Loss dta_rank:  0.6039 Loss dta_tv:  0.0319 Loss dta_proxy:  0.2015 Loss dta_trans:  0.0073 Loss dta_phys:  0.0073 Loss dta_preserve:  0.0048
Time:  0.0875 Epoch: 007 Iter:  350/ 600 LR: 0.0000886874 Loss content:  0.0175 Loss fft:  0.8015 Loss dta_rank:  0.6044 Loss dta_tv:  0.0315 Loss dta_proxy:  0.2015 Loss dta_trans:  0.0056 Loss dta_phys:  0.0062 Loss dta_preserve:  0.0050
Time:  0.0848 Epoch: 007 Iter:  400/ 600 LR: 0.0000886874 Loss content:  0.0176 Loss fft:  0.8233 Loss dta_rank:  0.6030 Loss dta_tv:  0.0315 Loss dta_proxy:  0.2119 Loss dta_trans:  0.0065 Loss dta_phys:  0.0065 Loss dta_preserve:  0.0042
Time:  0.0841 Epoch: 007 Iter:  450/ 600 LR: 0.0000886874 Loss content:  0.0176 Loss fft:  0.8222 Loss dta_rank:  0.6079 Loss dta_tv:  0.0317 Loss dta_proxy:  0.2175 Loss dta_trans:  0.0068 Loss dta_phys:  0.0071 Loss dta_preserve:  0.0063
Time:  0.0862 Epoch: 007 Iter:  500/ 600 LR: 0.0000886874 Loss content:  0.0182 Loss fft:  0.8231 Loss dta_rank:  0.6027 Loss dta_tv:  0.0306 Loss dta_proxy:  0.2162 Loss dta_trans:  0.0056 Loss dta_phys:  0.0066 Loss dta_preserve:  0.0043
Time:  0.0818 Epoch: 007 Iter:  550/ 600 LR: 0.0000886874 Loss content:  0.0176 Loss fft:  0.8293 Loss dta_rank:  0.6034 Loss dta_tv:  0.0314 Loss dta_proxy:  0.2125 Loss dta_trans:  0.0071 Loss dta_phys:  0.0063 Loss dta_preserve:  0.0048
Time:  0.0794 Epoch: 007 Iter:  600/ 600 LR: 0.0000886874 Loss content:  0.0183 Loss fft:  0.8257 Loss dta_rank:  0.6043 Loss dta_tv:  0.0305 Loss dta_proxy:  0.2163 Loss dta_trans:  0.0055 Loss dta_phys:  0.0066 Loss dta_preserve:  0.0058
EPOCH: 07
Elapsed time: 1.01 Epoch Pixel Loss:  0.0178 Epoch FFT Loss:  0.8243 Epoch DTA Rank:  0.6048 Epoch DTA TV:  0.0313 Epoch DTA Proxy:  0.2108 Epoch DTA Trans:  0.0063 Epoch DTA Phys:  0.0067 Epoch DTA Preserve:  0.0052
DTA_GATE_RAMP epoch=8 gate_limit=0.030000
Time:  0.0857 Epoch: 008 Iter:   50/ 600 LR: 0.0000819070 Loss content:  0.0177 Loss fft:  0.8420 Loss dta_rank:  0.6086 Loss dta_tv:  0.0300 Loss dta_proxy:  0.2195 Loss dta_trans:  0.0056 Loss dta_phys:  0.0075 Loss dta_preserve:  0.0061
Time:  0.0853 Epoch: 008 Iter:  100/ 600 LR: 0.0000819070 Loss content:  0.0182 Loss fft:  0.8127 Loss dta_rank:  0.6089 Loss dta_tv:  0.0313 Loss dta_proxy:  0.2064 Loss dta_trans:  0.0062 Loss dta_phys:  0.0062 Loss dta_preserve:  0.0048
Time:  0.0848 Epoch: 008 Iter:  150/ 600 LR: 0.0000819070 Loss content:  0.0179 Loss fft:  0.8368 Loss dta_rank:  0.6089 Loss dta_tv:  0.0307 Loss dta_proxy:  0.2122 Loss dta_trans:  0.0062 Loss dta_phys:  0.0064 Loss dta_preserve:  0.0053
Time:  0.0814 Epoch: 008 Iter:  200/ 600 LR: 0.0000819070 Loss content:  0.0180 Loss fft:  0.8205 Loss dta_rank:  0.6066 Loss dta_tv:  0.0310 Loss dta_proxy:  0.2118 Loss dta_trans:  0.0061 Loss dta_phys:  0.0073 Loss dta_preserve:  0.0051
Time:  0.0795 Epoch: 008 Iter:  250/ 600 LR: 0.0000819070 Loss content:  0.0184 Loss fft:  0.8579 Loss dta_rank:  0.6024 Loss dta_tv:  0.0312 Loss dta_proxy:  0.2016 Loss dta_trans:  0.0070 Loss dta_phys:  0.0068 Loss dta_preserve:  0.0044
Time:  0.0820 Epoch: 008 Iter:  300/ 600 LR: 0.0000819070 Loss content:  0.0177 Loss fft:  0.8174 Loss dta_rank:  0.6047 Loss dta_tv:  0.0307 Loss dta_proxy:  0.2066 Loss dta_trans:  0.0072 Loss dta_phys:  0.0065 Loss dta_preserve:  0.0052
Time:  0.0830 Epoch: 008 Iter:  350/ 600 LR: 0.0000819070 Loss content:  0.0174 Loss fft:  0.8118 Loss dta_rank:  0.6020 Loss dta_tv:  0.0300 Loss dta_proxy:  0.2157 Loss dta_trans:  0.0063 Loss dta_phys:  0.0068 Loss dta_preserve:  0.0041
Time:  0.0866 Epoch: 008 Iter:  400/ 600 LR: 0.0000819070 Loss content:  0.0180 Loss fft:  0.8623 Loss dta_rank:  0.6032 Loss dta_tv:  0.0301 Loss dta_proxy:  0.2108 Loss dta_trans:  0.0054 Loss dta_phys:  0.0061 Loss dta_preserve:  0.0052
Time:  0.0853 Epoch: 008 Iter:  450/ 600 LR: 0.0000819070 Loss content:  0.0180 Loss fft:  0.8259 Loss dta_rank:  0.6034 Loss dta_tv:  0.0301 Loss dta_proxy:  0.2127 Loss dta_trans:  0.0062 Loss dta_phys:  0.0063 Loss dta_preserve:  0.0068
Time:  0.0834 Epoch: 008 Iter:  500/ 600 LR: 0.0000819070 Loss content:  0.0175 Loss fft:  0.8129 Loss dta_rank:  0.6071 Loss dta_tv:  0.0306 Loss dta_proxy:  0.2164 Loss dta_trans:  0.0064 Loss dta_phys:  0.0064 Loss dta_preserve:  0.0043
Time:  0.0895 Epoch: 008 Iter:  550/ 600 LR: 0.0000819070 Loss content:  0.0178 Loss fft:  0.8452 Loss dta_rank:  0.5998 Loss dta_tv:  0.0309 Loss dta_proxy:  0.2143 Loss dta_trans:  0.0057 Loss dta_phys:  0.0063 Loss dta_preserve:  0.0041
Time:  0.0810 Epoch: 008 Iter:  600/ 600 LR: 0.0000819070 Loss content:  0.0178 Loss fft:  0.8004 Loss dta_rank:  0.6039 Loss dta_tv:  0.0308 Loss dta_proxy:  0.2159 Loss dta_trans:  0.0056 Loss dta_phys:  0.0071 Loss dta_preserve:  0.0055
EPOCH: 08
Elapsed time: 1.01 Epoch Pixel Loss:  0.0179 Epoch FFT Loss:  0.8288 Epoch DTA Rank:  0.6050 Epoch DTA TV:  0.0306 Epoch DTA Proxy:  0.2120 Epoch DTA Trans:  0.0062 Epoch DTA Phys:  0.0067 Epoch DTA Preserve:  0.0051
DTA_GATE_RAMP epoch=9 gate_limit=0.060000
Time:  0.0896 Epoch: 009 Iter:   50/ 600 LR: 0.0000741093 Loss content:  0.0178 Loss fft:  0.8263 Loss dta_rank:  0.6012 Loss dta_tv:  0.0300 Loss dta_proxy:  0.2155 Loss dta_trans:  0.0055 Loss dta_phys:  0.0070 Loss dta_preserve:  0.0048
Time:  0.0831 Epoch: 009 Iter:  100/ 600 LR: 0.0000741093 Loss content:  0.0179 Loss fft:  0.8102 Loss dta_rank:  0.6032 Loss dta_tv:  0.0308 Loss dta_proxy:  0.2110 Loss dta_trans:  0.0058 Loss dta_phys:  0.0063 Loss dta_preserve:  0.0060
Time:  0.0794 Epoch: 009 Iter:  150/ 600 LR: 0.0000741093 Loss content:  0.0177 Loss fft:  0.7909 Loss dta_rank:  0.6061 Loss dta_tv:  0.0293 Loss dta_proxy:  0.2166 Loss dta_trans:  0.0066 Loss dta_phys:  0.0074 Loss dta_preserve:  0.0071
Time:  0.0831 Epoch: 009 Iter:  200/ 600 LR: 0.0000741093 Loss content:  0.0174 Loss fft:  0.8400 Loss dta_rank:  0.6068 Loss dta_tv:  0.0299 Loss dta_proxy:  0.2108 Loss dta_trans:  0.0065 Loss dta_phys:  0.0060 Loss dta_preserve:  0.0039
Time:  0.0796 Epoch: 009 Iter:  250/ 600 LR: 0.0000741093 Loss content:  0.0172 Loss fft:  0.8319 Loss dta_rank:  0.6078 Loss dta_tv:  0.0302 Loss dta_proxy:  0.2141 Loss dta_trans:  0.0054 Loss dta_phys:  0.0068 Loss dta_preserve:  0.0044
Time:  0.0824 Epoch: 009 Iter:  300/ 600 LR: 0.0000741093 Loss content:  0.0185 Loss fft:  0.8596 Loss dta_rank:  0.6024 Loss dta_tv:  0.0300 Loss dta_proxy:  0.2152 Loss dta_trans:  0.0059 Loss dta_phys:  0.0064 Loss dta_preserve:  0.0058
Time:  0.0784 Epoch: 009 Iter:  350/ 600 LR: 0.0000741093 Loss content:  0.0177 Loss fft:  0.8159 Loss dta_rank:  0.6062 Loss dta_tv:  0.0292 Loss dta_proxy:  0.2211 Loss dta_trans:  0.0059 Loss dta_phys:  0.0061 Loss dta_preserve:  0.0048
Time:  0.0823 Epoch: 009 Iter:  400/ 600 LR: 0.0000741093 Loss content:  0.0174 Loss fft:  0.8026 Loss dta_rank:  0.6064 Loss dta_tv:  0.0305 Loss dta_proxy:  0.2108 Loss dta_trans:  0.0074 Loss dta_phys:  0.0066 Loss dta_preserve:  0.0061
Time:  0.0851 Epoch: 009 Iter:  450/ 600 LR: 0.0000741093 Loss content:  0.0167 Loss fft:  0.8026 Loss dta_rank:  0.6024 Loss dta_tv:  0.0304 Loss dta_proxy:  0.2063 Loss dta_trans:  0.0063 Loss dta_phys:  0.0070 Loss dta_preserve:  0.0056
Time:  0.0860 Epoch: 009 Iter:  500/ 600 LR: 0.0000741093 Loss content:  0.0175 Loss fft:  0.8457 Loss dta_rank:  0.6061 Loss dta_tv:  0.0301 Loss dta_proxy:  0.2129 Loss dta_trans:  0.0055 Loss dta_phys:  0.0063 Loss dta_preserve:  0.0047
Time:  0.0889 Epoch: 009 Iter:  550/ 600 LR: 0.0000741093 Loss content:  0.0172 Loss fft:  0.8161 Loss dta_rank:  0.6052 Loss dta_tv:  0.0303 Loss dta_proxy:  0.2166 Loss dta_trans:  0.0068 Loss dta_phys:  0.0065 Loss dta_preserve:  0.0056
Time:  0.0801 Epoch: 009 Iter:  600/ 600 LR: 0.0000741093 Loss content:  0.0176 Loss fft:  0.8281 Loss dta_rank:  0.6027 Loss dta_tv:  0.0305 Loss dta_proxy:  0.2050 Loss dta_trans:  0.0057 Loss dta_phys:  0.0073 Loss dta_preserve:  0.0055
EPOCH: 09
Elapsed time: 1.00 Epoch Pixel Loss:  0.0175 Epoch FFT Loss:  0.8225 Epoch DTA Rank:  0.6047 Epoch DTA TV:  0.0301 Epoch DTA Proxy:  0.2130 Epoch DTA Trans:  0.0061 Epoch DTA Phys:  0.0066 Epoch DTA Preserve:  0.0054
DTA_GATE_RAMP epoch=10 gate_limit=0.060000
Time:  0.0882 Epoch: 010 Iter:   50/ 600 LR: 0.0000655580 Loss content:  0.0171 Loss fft:  0.8143 Loss dta_rank:  0.6051 Loss dta_tv:  0.0305 Loss dta_proxy:  0.2070 Loss dta_trans:  0.0057 Loss dta_phys:  0.0066 Loss dta_preserve:  0.0045
Time:  0.0853 Epoch: 010 Iter:  100/ 600 LR: 0.0000655580 Loss content:  0.0168 Loss fft:  0.7789 Loss dta_rank:  0.6029 Loss dta_tv:  0.0301 Loss dta_proxy:  0.2054 Loss dta_trans:  0.0061 Loss dta_phys:  0.0070 Loss dta_preserve:  0.0057
Time:  0.0878 Epoch: 010 Iter:  150/ 600 LR: 0.0000655580 Loss content:  0.0177 Loss fft:  0.8451 Loss dta_rank:  0.6031 Loss dta_tv:  0.0296 Loss dta_proxy:  0.2165 Loss dta_trans:  0.0056 Loss dta_phys:  0.0071 Loss dta_preserve:  0.0057
Time:  0.0858 Epoch: 010 Iter:  200/ 600 LR: 0.0000655580 Loss content:  0.0180 Loss fft:  0.8367 Loss dta_rank:  0.6010 Loss dta_tv:  0.0296 Loss dta_proxy:  0.2117 Loss dta_trans:  0.0061 Loss dta_phys:  0.0062 Loss dta_preserve:  0.0054
Time:  0.0825 Epoch: 010 Iter:  250/ 600 LR: 0.0000655580 Loss content:  0.0176 Loss fft:  0.8047 Loss dta_rank:  0.6077 Loss dta_tv:  0.0295 Loss dta_proxy:  0.2144 Loss dta_trans:  0.0063 Loss dta_phys:  0.0066 Loss dta_preserve:  0.0062
Time:  0.0909 Epoch: 010 Iter:  300/ 600 LR: 0.0000655580 Loss content:  0.0172 Loss fft:  0.8274 Loss dta_rank:  0.5965 Loss dta_tv:  0.0313 Loss dta_proxy:  0.2016 Loss dta_trans:  0.0065 Loss dta_phys:  0.0067 Loss dta_preserve:  0.0054
Time:  0.0826 Epoch: 010 Iter:  350/ 600 LR: 0.0000655580 Loss content:  0.0169 Loss fft:  0.8069 Loss dta_rank:  0.6050 Loss dta_tv:  0.0302 Loss dta_proxy:  0.2174 Loss dta_trans:  0.0063 Loss dta_phys:  0.0064 Loss dta_preserve:  0.0042
Time:  0.0854 Epoch: 010 Iter:  400/ 600 LR: 0.0000655580 Loss content:  0.0179 Loss fft:  0.8366 Loss dta_rank:  0.6054 Loss dta_tv:  0.0293 Loss dta_proxy:  0.2128 Loss dta_trans:  0.0058 Loss dta_phys:  0.0065 Loss dta_preserve:  0.0058
Time:  0.0868 Epoch: 010 Iter:  450/ 600 LR: 0.0000655580 Loss content:  0.0176 Loss fft:  0.8371 Loss dta_rank:  0.6041 Loss dta_tv:  0.0303 Loss dta_proxy:  0.2056 Loss dta_trans:  0.0053 Loss dta_phys:  0.0065 Loss dta_preserve:  0.0046
Time:  0.0866 Epoch: 010 Iter:  500/ 600 LR: 0.0000655580 Loss content:  0.0188 Loss fft:  0.8498 Loss dta_rank:  0.6032 Loss dta_tv:  0.0293 Loss dta_proxy:  0.2246 Loss dta_trans:  0.0054 Loss dta_phys:  0.0066 Loss dta_preserve:  0.0055
Time:  0.0876 Epoch: 010 Iter:  550/ 600 LR: 0.0000655580 Loss content:  0.0174 Loss fft:  0.8392 Loss dta_rank:  0.6035 Loss dta_tv:  0.0300 Loss dta_proxy:  0.2139 Loss dta_trans:  0.0061 Loss dta_phys:  0.0074 Loss dta_preserve:  0.0051
Time:  0.0809 Epoch: 010 Iter:  600/ 600 LR: 0.0000655580 Loss content:  0.0180 Loss fft:  0.8041 Loss dta_rank:  0.6094 Loss dta_tv:  0.0297 Loss dta_proxy:  0.2115 Loss dta_trans:  0.0068 Loss dta_phys:  0.0067 Loss dta_preserve:  0.0047
EPOCH: 10
Elapsed time: 1.04 Epoch Pixel Loss:  0.0176 Epoch FFT Loss:  0.8234 Epoch DTA Rank:  0.6039 Epoch DTA TV:  0.0299 Epoch DTA Proxy:  0.2119 Epoch DTA Trans:  0.0060 Epoch DTA Phys:  0.0067 Epoch DTA Preserve:  0.0052
DTA_GATE_RAMP epoch=11 gate_limit=0.060000
Time:  0.0929 Epoch: 011 Iter:   50/ 600 LR: 0.0000565424 Loss content:  0.0170 Loss fft:  0.8003 Loss dta_rank:  0.5987 Loss dta_tv:  0.0291 Loss dta_proxy:  0.2124 Loss dta_trans:  0.0062 Loss dta_phys:  0.0067 Loss dta_preserve:  0.0044
Time:  0.0850 Epoch: 011 Iter:  100/ 600 LR: 0.0000565424 Loss content:  0.0172 Loss fft:  0.8309 Loss dta_rank:  0.6039 Loss dta_tv:  0.0295 Loss dta_proxy:  0.2148 Loss dta_trans:  0.0057 Loss dta_phys:  0.0061 Loss dta_preserve:  0.0047
Time:  0.0830 Epoch: 011 Iter:  150/ 600 LR: 0.0000565424 Loss content:  0.0183 Loss fft:  0.8308 Loss dta_rank:  0.6017 Loss dta_tv:  0.0295 Loss dta_proxy:  0.2185 Loss dta_trans:  0.0063 Loss dta_phys:  0.0066 Loss dta_preserve:  0.0054
Time:  0.0789 Epoch: 011 Iter:  200/ 600 LR: 0.0000565424 Loss content:  0.0168 Loss fft:  0.7895 Loss dta_rank:  0.6054 Loss dta_tv:  0.0302 Loss dta_proxy:  0.2046 Loss dta_trans:  0.0067 Loss dta_phys:  0.0072 Loss dta_preserve:  0.0047
Time:  0.0844 Epoch: 011 Iter:  250/ 600 LR: 0.0000565424 Loss content:  0.0179 Loss fft:  0.8349 Loss dta_rank:  0.6070 Loss dta_tv:  0.0300 Loss dta_proxy:  0.2115 Loss dta_trans:  0.0062 Loss dta_phys:  0.0068 Loss dta_preserve:  0.0057
Time:  0.0797 Epoch: 011 Iter:  300/ 600 LR: 0.0000565424 Loss content:  0.0177 Loss fft:  0.8180 Loss dta_rank:  0.6068 Loss dta_tv:  0.0296 Loss dta_proxy:  0.2163 Loss dta_trans:  0.0065 Loss dta_phys:  0.0067 Loss dta_preserve:  0.0050
Time:  0.0846 Epoch: 011 Iter:  350/ 600 LR: 0.0000565424 Loss content:  0.0174 Loss fft:  0.8289 Loss dta_rank:  0.6027 Loss dta_tv:  0.0293 Loss dta_proxy:  0.2162 Loss dta_trans:  0.0060 Loss dta_phys:  0.0058 Loss dta_preserve:  0.0056
Time:  0.0847 Epoch: 011 Iter:  400/ 600 LR: 0.0000565424 Loss content:  0.0182 Loss fft:  0.7994 Loss dta_rank:  0.6070 Loss dta_tv:  0.0295 Loss dta_proxy:  0.2128 Loss dta_trans:  0.0057 Loss dta_phys:  0.0067 Loss dta_preserve:  0.0058
Time:  0.0828 Epoch: 011 Iter:  450/ 600 LR: 0.0000565424 Loss content:  0.0173 Loss fft:  0.8152 Loss dta_rank:  0.6002 Loss dta_tv:  0.0291 Loss dta_proxy:  0.2111 Loss dta_trans:  0.0058 Loss dta_phys:  0.0065 Loss dta_preserve:  0.0049
Time:  0.0867 Epoch: 011 Iter:  500/ 600 LR: 0.0000565424 Loss content:  0.0174 Loss fft:  0.8185 Loss dta_rank:  0.6003 Loss dta_tv:  0.0294 Loss dta_proxy:  0.2129 Loss dta_trans:  0.0050 Loss dta_phys:  0.0067 Loss dta_preserve:  0.0053
Time:  0.0875 Epoch: 011 Iter:  550/ 600 LR: 0.0000565424 Loss content:  0.0173 Loss fft:  0.8155 Loss dta_rank:  0.6066 Loss dta_tv:  0.0303 Loss dta_proxy:  0.2190 Loss dta_trans:  0.0063 Loss dta_phys:  0.0073 Loss dta_preserve:  0.0059
Time:  0.0821 Epoch: 011 Iter:  600/ 600 LR: 0.0000565424 Loss content:  0.0188 Loss fft:  0.8590 Loss dta_rank:  0.5992 Loss dta_tv:  0.0290 Loss dta_proxy:  0.2148 Loss dta_trans:  0.0056 Loss dta_phys:  0.0066 Loss dta_preserve:  0.0052
EPOCH: 11
Elapsed time: 1.02 Epoch Pixel Loss:  0.0176 Epoch FFT Loss:  0.8201 Epoch DTA Rank:  0.6033 Epoch DTA TV:  0.0295 Epoch DTA Proxy:  0.2137 Epoch DTA Trans:  0.0060 Epoch DTA Phys:  0.0066 Epoch DTA Preserve:  0.0052
DTA_GATE_RAMP epoch=12 gate_limit=0.060000
Time:  0.0880 Epoch: 012 Iter:   50/ 600 LR: 0.0000473670 Loss content:  0.0179 Loss fft:  0.8250 Loss dta_rank:  0.6023 Loss dta_tv:  0.0292 Loss dta_proxy:  0.2135 Loss dta_trans:  0.0054 Loss dta_phys:  0.0066 Loss dta_preserve:  0.0049
Time:  0.0801 Epoch: 012 Iter:  100/ 600 LR: 0.0000473670 Loss content:  0.0174 Loss fft:  0.8380 Loss dta_rank:  0.6055 Loss dta_tv:  0.0303 Loss dta_proxy:  0.2115 Loss dta_trans:  0.0060 Loss dta_phys:  0.0071 Loss dta_preserve:  0.0059
Time:  0.0801 Epoch: 012 Iter:  150/ 600 LR: 0.0000473670 Loss content:  0.0178 Loss fft:  0.8063 Loss dta_rank:  0.6061 Loss dta_tv:  0.0294 Loss dta_proxy:  0.2184 Loss dta_trans:  0.0059 Loss dta_phys:  0.0066 Loss dta_preserve:  0.0068
Time:  0.0827 Epoch: 012 Iter:  200/ 600 LR: 0.0000473670 Loss content:  0.0175 Loss fft:  0.8104 Loss dta_rank:  0.6054 Loss dta_tv:  0.0299 Loss dta_proxy:  0.2079 Loss dta_trans:  0.0064 Loss dta_phys:  0.0068 Loss dta_preserve:  0.0061
Time:  0.0861 Epoch: 012 Iter:  250/ 600 LR: 0.0000473670 Loss content:  0.0176 Loss fft:  0.8220 Loss dta_rank:  0.6018 Loss dta_tv:  0.0293 Loss dta_proxy:  0.2112 Loss dta_trans:  0.0060 Loss dta_phys:  0.0061 Loss dta_preserve:  0.0063
Time:  0.0819 Epoch: 012 Iter:  300/ 600 LR: 0.0000473670 Loss content:  0.0172 Loss fft:  0.8346 Loss dta_rank:  0.6021 Loss dta_tv:  0.0298 Loss dta_proxy:  0.2147 Loss dta_trans:  0.0055 Loss dta_phys:  0.0074 Loss dta_preserve:  0.0048
Time:  0.0849 Epoch: 012 Iter:  350/ 600 LR: 0.0000473670 Loss content:  0.0172 Loss fft:  0.7992 Loss dta_rank:  0.6067 Loss dta_tv:  0.0292 Loss dta_proxy:  0.2135 Loss dta_trans:  0.0060 Loss dta_phys:  0.0064 Loss dta_preserve:  0.0048
Time:  0.0852 Epoch: 012 Iter:  400/ 600 LR: 0.0000473670 Loss content:  0.0174 Loss fft:  0.8229 Loss dta_rank:  0.6024 Loss dta_tv:  0.0295 Loss dta_proxy:  0.2031 Loss dta_trans:  0.0059 Loss dta_phys:  0.0062 Loss dta_preserve:  0.0042
Time:  0.0877 Epoch: 012 Iter:  450/ 600 LR: 0.0000473670 Loss content:  0.0171 Loss fft:  0.7796 Loss dta_rank:  0.6050 Loss dta_tv:  0.0288 Loss dta_proxy:  0.2102 Loss dta_trans:  0.0057 Loss dta_phys:  0.0072 Loss dta_preserve:  0.0063
Time:  0.0840 Epoch: 012 Iter:  500/ 600 LR: 0.0000473670 Loss content:  0.0174 Loss fft:  0.8440 Loss dta_rank:  0.6008 Loss dta_tv:  0.0287 Loss dta_proxy:  0.2143 Loss dta_trans:  0.0065 Loss dta_phys:  0.0061 Loss dta_preserve:  0.0047
Time:  0.0882 Epoch: 012 Iter:  550/ 600 LR: 0.0000473670 Loss content:  0.0170 Loss fft:  0.8207 Loss dta_rank:  0.6005 Loss dta_tv:  0.0291 Loss dta_proxy:  0.2168 Loss dta_trans:  0.0057 Loss dta_phys:  0.0065 Loss dta_preserve:  0.0042
Time:  0.0850 Epoch: 012 Iter:  600/ 600 LR: 0.0000473670 Loss content:  0.0176 Loss fft:  0.8172 Loss dta_rank:  0.6059 Loss dta_tv:  0.0288 Loss dta_proxy:  0.2204 Loss dta_trans:  0.0056 Loss dta_phys:  0.0070 Loss dta_preserve:  0.0054
EPOCH: 12
Elapsed time: 1.02 Epoch Pixel Loss:  0.0174 Epoch FFT Loss:  0.8183 Epoch DTA Rank:  0.6037 Epoch DTA TV:  0.0293 Epoch DTA Proxy:  0.2130 Epoch DTA Trans:  0.0059 Epoch DTA Phys:  0.0067 Epoch DTA Preserve:  0.0054
DTA_GATE_RAMP epoch=13 gate_limit=0.060000
Time:  0.0899 Epoch: 013 Iter:   50/ 600 LR: 0.0000383414 Loss content:  0.0171 Loss fft:  0.8067 Loss dta_rank:  0.6038 Loss dta_tv:  0.0288 Loss dta_proxy:  0.2081 Loss dta_trans:  0.0054 Loss dta_phys:  0.0062 Loss dta_preserve:  0.0057
Time:  0.0878 Epoch: 013 Iter:  100/ 600 LR: 0.0000383414 Loss content:  0.0175 Loss fft:  0.7958 Loss dta_rank:  0.6063 Loss dta_tv:  0.0307 Loss dta_proxy:  0.2059 Loss dta_trans:  0.0066 Loss dta_phys:  0.0073 Loss dta_preserve:  0.0052
Time:  0.0854 Epoch: 013 Iter:  150/ 600 LR: 0.0000383414 Loss content:  0.0176 Loss fft:  0.8083 Loss dta_rank:  0.5981 Loss dta_tv:  0.0286 Loss dta_proxy:  0.2127 Loss dta_trans:  0.0053 Loss dta_phys:  0.0065 Loss dta_preserve:  0.0046
Time:  0.0848 Epoch: 013 Iter:  200/ 600 LR: 0.0000383414 Loss content:  0.0175 Loss fft:  0.8293 Loss dta_rank:  0.6091 Loss dta_tv:  0.0287 Loss dta_proxy:  0.2173 Loss dta_trans:  0.0071 Loss dta_phys:  0.0067 Loss dta_preserve:  0.0066
Time:  0.0844 Epoch: 013 Iter:  250/ 600 LR: 0.0000383414 Loss content:  0.0170 Loss fft:  0.8565 Loss dta_rank:  0.6028 Loss dta_tv:  0.0292 Loss dta_proxy:  0.1997 Loss dta_trans:  0.0057 Loss dta_phys:  0.0068 Loss dta_preserve:  0.0052
Time:  0.0845 Epoch: 013 Iter:  300/ 600 LR: 0.0000383414 Loss content:  0.0167 Loss fft:  0.8081 Loss dta_rank:  0.6044 Loss dta_tv:  0.0294 Loss dta_proxy:  0.2062 Loss dta_trans:  0.0069 Loss dta_phys:  0.0078 Loss dta_preserve:  0.0045
Time:  0.0876 Epoch: 013 Iter:  350/ 600 LR: 0.0000383414 Loss content:  0.0177 Loss fft:  0.8412 Loss dta_rank:  0.6038 Loss dta_tv:  0.0288 Loss dta_proxy:  0.2154 Loss dta_trans:  0.0056 Loss dta_phys:  0.0061 Loss dta_preserve:  0.0054
Time:  0.0841 Epoch: 013 Iter:  400/ 600 LR: 0.0000383414 Loss content:  0.0176 Loss fft:  0.8440 Loss dta_rank:  0.6016 Loss dta_tv:  0.0285 Loss dta_proxy:  0.2259 Loss dta_trans:  0.0051 Loss dta_phys:  0.0060 Loss dta_preserve:  0.0046
Time:  0.0842 Epoch: 013 Iter:  450/ 600 LR: 0.0000383414 Loss content:  0.0173 Loss fft:  0.8193 Loss dta_rank:  0.6045 Loss dta_tv:  0.0296 Loss dta_proxy:  0.2111 Loss dta_trans:  0.0057 Loss dta_phys:  0.0072 Loss dta_preserve:  0.0056
Time:  0.0861 Epoch: 013 Iter:  500/ 600 LR: 0.0000383414 Loss content:  0.0173 Loss fft:  0.8289 Loss dta_rank:  0.6013 Loss dta_tv:  0.0297 Loss dta_proxy:  0.2147 Loss dta_trans:  0.0063 Loss dta_phys:  0.0071 Loss dta_preserve:  0.0052
Time:  0.0839 Epoch: 013 Iter:  550/ 600 LR: 0.0000383414 Loss content:  0.0182 Loss fft:  0.8318 Loss dta_rank:  0.6053 Loss dta_tv:  0.0291 Loss dta_proxy:  0.2218 Loss dta_trans:  0.0063 Loss dta_phys:  0.0064 Loss dta_preserve:  0.0040
Time:  0.0789 Epoch: 013 Iter:  600/ 600 LR: 0.0000383414 Loss content:  0.0164 Loss fft:  0.7892 Loss dta_rank:  0.6054 Loss dta_tv:  0.0285 Loss dta_proxy:  0.2240 Loss dta_trans:  0.0053 Loss dta_phys:  0.0069 Loss dta_preserve:  0.0042
EPOCH: 13
Elapsed time: 1.03 Epoch Pixel Loss:  0.0173 Epoch FFT Loss:  0.8216 Epoch DTA Rank:  0.6039 Epoch DTA TV:  0.0291 Epoch DTA Proxy:  0.2136 Epoch DTA Trans:  0.0059 Epoch DTA Phys:  0.0067 Epoch DTA Preserve:  0.0051
DTA_GATE_RAMP epoch=14 gate_limit=0.060000
Time:  0.0884 Epoch: 014 Iter:   50/ 600 LR: 0.0000297690 Loss content:  0.0180 Loss fft:  0.8385 Loss dta_rank:  0.6012 Loss dta_tv:  0.0283 Loss dta_proxy:  0.2149 Loss dta_trans:  0.0050 Loss dta_phys:  0.0069 Loss dta_preserve:  0.0047
Time:  0.0866 Epoch: 014 Iter:  100/ 600 LR: 0.0000297690 Loss content:  0.0168 Loss fft:  0.8138 Loss dta_rank:  0.6012 Loss dta_tv:  0.0298 Loss dta_proxy:  0.2121 Loss dta_trans:  0.0057 Loss dta_phys:  0.0062 Loss dta_preserve:  0.0058
Time:  0.0842 Epoch: 014 Iter:  150/ 600 LR: 0.0000297690 Loss content:  0.0177 Loss fft:  0.8278 Loss dta_rank:  0.6010 Loss dta_tv:  0.0288 Loss dta_proxy:  0.2104 Loss dta_trans:  0.0061 Loss dta_phys:  0.0061 Loss dta_preserve:  0.0050
Time:  0.0855 Epoch: 014 Iter:  200/ 600 LR: 0.0000297690 Loss content:  0.0174 Loss fft:  0.8128 Loss dta_rank:  0.6026 Loss dta_tv:  0.0290 Loss dta_proxy:  0.2155 Loss dta_trans:  0.0053 Loss dta_phys:  0.0073 Loss dta_preserve:  0.0050
Time:  0.0872 Epoch: 014 Iter:  250/ 600 LR: 0.0000297690 Loss content:  0.0172 Loss fft:  0.8463 Loss dta_rank:  0.5983 Loss dta_tv:  0.0291 Loss dta_proxy:  0.1980 Loss dta_trans:  0.0054 Loss dta_phys:  0.0060 Loss dta_preserve:  0.0050
Time:  0.0867 Epoch: 014 Iter:  300/ 600 LR: 0.0000297690 Loss content:  0.0171 Loss fft:  0.8103 Loss dta_rank:  0.6056 Loss dta_tv:  0.0288 Loss dta_proxy:  0.2111 Loss dta_trans:  0.0064 Loss dta_phys:  0.0064 Loss dta_preserve:  0.0048
Time:  0.0835 Epoch: 014 Iter:  350/ 600 LR: 0.0000297690 Loss content:  0.0165 Loss fft:  0.7989 Loss dta_rank:  0.6037 Loss dta_tv:  0.0295 Loss dta_proxy:  0.2091 Loss dta_trans:  0.0065 Loss dta_phys:  0.0070 Loss dta_preserve:  0.0042
Time:  0.0858 Epoch: 014 Iter:  400/ 600 LR: 0.0000297690 Loss content:  0.0166 Loss fft:  0.7892 Loss dta_rank:  0.6057 Loss dta_tv:  0.0292 Loss dta_proxy:  0.2149 Loss dta_trans:  0.0058 Loss dta_phys:  0.0071 Loss dta_preserve:  0.0053
Time:  0.0839 Epoch: 014 Iter:  450/ 600 LR: 0.0000297690 Loss content:  0.0175 Loss fft:  0.8247 Loss dta_rank:  0.5991 Loss dta_tv:  0.0287 Loss dta_proxy:  0.2094 Loss dta_trans:  0.0058 Loss dta_phys:  0.0064 Loss dta_preserve:  0.0053
Time:  0.0763 Epoch: 014 Iter:  500/ 600 LR: 0.0000297690 Loss content:  0.0173 Loss fft:  0.8009 Loss dta_rank:  0.6059 Loss dta_tv:  0.0292 Loss dta_proxy:  0.2151 Loss dta_trans:  0.0059 Loss dta_phys:  0.0075 Loss dta_preserve:  0.0051
Time:  0.0826 Epoch: 014 Iter:  550/ 600 LR: 0.0000297690 Loss content:  0.0175 Loss fft:  0.8471 Loss dta_rank:  0.6046 Loss dta_tv:  0.0295 Loss dta_proxy:  0.2110 Loss dta_trans:  0.0054 Loss dta_phys:  0.0065 Loss dta_preserve:  0.0044
Time:  0.0874 Epoch: 014 Iter:  600/ 600 LR: 0.0000297690 Loss content:  0.0171 Loss fft:  0.8181 Loss dta_rank:  0.6035 Loss dta_tv:  0.0284 Loss dta_proxy:  0.2201 Loss dta_trans:  0.0057 Loss dta_phys:  0.0073 Loss dta_preserve:  0.0052
EPOCH: 14
Elapsed time: 1.02 Epoch Pixel Loss:  0.0172 Epoch FFT Loss:  0.8190 Epoch DTA Rank:  0.6027 Epoch DTA TV:  0.0290 Epoch DTA Proxy:  0.2118 Epoch DTA Trans:  0.0058 Epoch DTA Phys:  0.0067 Epoch DTA Preserve:  0.0050
DTA_GATE_RAMP epoch=15 gate_limit=0.060000
Time:  0.0861 Epoch: 015 Iter:   50/ 600 LR: 0.0000219361 Loss content:  0.0173 Loss fft:  0.8114 Loss dta_rank:  0.5965 Loss dta_tv:  0.0281 Loss dta_proxy:  0.2179 Loss dta_trans:  0.0054 Loss dta_phys:  0.0068 Loss dta_preserve:  0.0049
Time:  0.0842 Epoch: 015 Iter:  100/ 600 LR: 0.0000219361 Loss content:  0.0172 Loss fft:  0.8110 Loss dta_rank:  0.5992 Loss dta_tv:  0.0290 Loss dta_proxy:  0.2170 Loss dta_trans:  0.0052 Loss dta_phys:  0.0070 Loss dta_preserve:  0.0056
Time:  0.0843 Epoch: 015 Iter:  150/ 600 LR: 0.0000219361 Loss content:  0.0175 Loss fft:  0.8500 Loss dta_rank:  0.6051 Loss dta_tv:  0.0290 Loss dta_proxy:  0.2173 Loss dta_trans:  0.0056 Loss dta_phys:  0.0063 Loss dta_preserve:  0.0055
Time:  0.0845 Epoch: 015 Iter:  200/ 600 LR: 0.0000219361 Loss content:  0.0169 Loss fft:  0.8131 Loss dta_rank:  0.6038 Loss dta_tv:  0.0295 Loss dta_proxy:  0.2059 Loss dta_trans:  0.0054 Loss dta_phys:  0.0068 Loss dta_preserve:  0.0054
Time:  0.0787 Epoch: 015 Iter:  250/ 600 LR: 0.0000219361 Loss content:  0.0176 Loss fft:  0.8343 Loss dta_rank:  0.6031 Loss dta_tv:  0.0282 Loss dta_proxy:  0.2209 Loss dta_trans:  0.0055 Loss dta_phys:  0.0065 Loss dta_preserve:  0.0041
Time:  0.0785 Epoch: 015 Iter:  300/ 600 LR: 0.0000219361 Loss content:  0.0171 Loss fft:  0.8214 Loss dta_rank:  0.6061 Loss dta_tv:  0.0291 Loss dta_proxy:  0.2098 Loss dta_trans:  0.0054 Loss dta_phys:  0.0060 Loss dta_preserve:  0.0048
Time:  0.0872 Epoch: 015 Iter:  350/ 600 LR: 0.0000219361 Loss content:  0.0176 Loss fft:  0.8116 Loss dta_rank:  0.6031 Loss dta_tv:  0.0284 Loss dta_proxy:  0.2229 Loss dta_trans:  0.0057 Loss dta_phys:  0.0067 Loss dta_preserve:  0.0054
Time:  0.0851 Epoch: 015 Iter:  400/ 600 LR: 0.0000219361 Loss content:  0.0171 Loss fft:  0.8152 Loss dta_rank:  0.5997 Loss dta_tv:  0.0296 Loss dta_proxy:  0.1945 Loss dta_trans:  0.0058 Loss dta_phys:  0.0059 Loss dta_preserve:  0.0047
Time:  0.0860 Epoch: 015 Iter:  450/ 600 LR: 0.0000219361 Loss content:  0.0161 Loss fft:  0.7930 Loss dta_rank:  0.6044 Loss dta_tv:  0.0293 Loss dta_proxy:  0.2120 Loss dta_trans:  0.0056 Loss dta_phys:  0.0070 Loss dta_preserve:  0.0044
Time:  0.0855 Epoch: 015 Iter:  500/ 600 LR: 0.0000219361 Loss content:  0.0171 Loss fft:  0.8138 Loss dta_rank:  0.6042 Loss dta_tv:  0.0301 Loss dta_proxy:  0.2050 Loss dta_trans:  0.0070 Loss dta_phys:  0.0071 Loss dta_preserve:  0.0060
Time:  0.0849 Epoch: 015 Iter:  550/ 600 LR: 0.0000219361 Loss content:  0.0173 Loss fft:  0.8431 Loss dta_rank:  0.6021 Loss dta_tv:  0.0292 Loss dta_proxy:  0.2109 Loss dta_trans:  0.0053 Loss dta_phys:  0.0069 Loss dta_preserve:  0.0062
Time:  0.0820 Epoch: 015 Iter:  600/ 600 LR: 0.0000219361 Loss content:  0.0163 Loss fft:  0.8072 Loss dta_rank:  0.6059 Loss dta_tv:  0.0296 Loss dta_proxy:  0.2086 Loss dta_trans:  0.0064 Loss dta_phys:  0.0064 Loss dta_preserve:  0.0087
EPOCH: 15
Elapsed time: 1.01 Epoch Pixel Loss:  0.0171 Epoch FFT Loss:  0.8187 Epoch DTA Rank:  0.6028 Epoch DTA TV:  0.0291 Epoch DTA Proxy:  0.2119 Epoch DTA Trans:  0.0057 Epoch DTA Phys:  0.0066 Epoch DTA Preserve:  0.0055
DTA_GATE_RAMP epoch=16 gate_limit=0.060000
Time:  0.0880 Epoch: 016 Iter:   50/ 600 LR: 0.0000151017 Loss content:  0.0179 Loss fft:  0.8571 Loss dta_rank:  0.6002 Loss dta_tv:  0.0280 Loss dta_proxy:  0.2194 Loss dta_trans:  0.0058 Loss dta_phys:  0.0074 Loss dta_preserve:  0.0057
Time:  0.0853 Epoch: 016 Iter:  100/ 600 LR: 0.0000151017 Loss content:  0.0175 Loss fft:  0.7972 Loss dta_rank:  0.6047 Loss dta_tv:  0.0283 Loss dta_proxy:  0.2120 Loss dta_trans:  0.0051 Loss dta_phys:  0.0065 Loss dta_preserve:  0.0049
Time:  0.0866 Epoch: 016 Iter:  150/ 600 LR: 0.0000151017 Loss content:  0.0168 Loss fft:  0.8136 Loss dta_rank:  0.6008 Loss dta_tv:  0.0300 Loss dta_proxy:  0.1950 Loss dta_trans:  0.0060 Loss dta_phys:  0.0066 Loss dta_preserve:  0.0047
Time:  0.0842 Epoch: 016 Iter:  200/ 600 LR: 0.0000151017 Loss content:  0.0175 Loss fft:  0.8213 Loss dta_rank:  0.6001 Loss dta_tv:  0.0288 Loss dta_proxy:  0.2129 Loss dta_trans:  0.0063 Loss dta_phys:  0.0064 Loss dta_preserve:  0.0051
Time:  0.0820 Epoch: 016 Iter:  250/ 600 LR: 0.0000151017 Loss content:  0.0171 Loss fft:  0.8068 Loss dta_rank:  0.6067 Loss dta_tv:  0.0292 Loss dta_proxy:  0.2079 Loss dta_trans:  0.0064 Loss dta_phys:  0.0065 Loss dta_preserve:  0.0069
Time:  0.0816 Epoch: 016 Iter:  300/ 600 LR: 0.0000151017 Loss content:  0.0173 Loss fft:  0.8317 Loss dta_rank:  0.6030 Loss dta_tv:  0.0292 Loss dta_proxy:  0.2149 Loss dta_trans:  0.0060 Loss dta_phys:  0.0068 Loss dta_preserve:  0.0043
Time:  0.0823 Epoch: 016 Iter:  350/ 600 LR: 0.0000151017 Loss content:  0.0170 Loss fft:  0.8006 Loss dta_rank:  0.6022 Loss dta_tv:  0.0287 Loss dta_proxy:  0.2134 Loss dta_trans:  0.0060 Loss dta_phys:  0.0076 Loss dta_preserve:  0.0062
Time:  0.0837 Epoch: 016 Iter:  400/ 600 LR: 0.0000151017 Loss content:  0.0164 Loss fft:  0.8123 Loss dta_rank:  0.5977 Loss dta_tv:  0.0290 Loss dta_proxy:  0.2079 Loss dta_trans:  0.0054 Loss dta_phys:  0.0066 Loss dta_preserve:  0.0045
Time:  0.0875 Epoch: 016 Iter:  450/ 600 LR: 0.0000151017 Loss content:  0.0179 Loss fft:  0.8393 Loss dta_rank:  0.6007 Loss dta_tv:  0.0287 Loss dta_proxy:  0.2176 Loss dta_trans:  0.0054 Loss dta_phys:  0.0063 Loss dta_preserve:  0.0055
Time:  0.0824 Epoch: 016 Iter:  500/ 600 LR: 0.0000151017 Loss content:  0.0168 Loss fft:  0.8282 Loss dta_rank:  0.5992 Loss dta_tv:  0.0302 Loss dta_proxy:  0.2050 Loss dta_trans:  0.0058 Loss dta_phys:  0.0065 Loss dta_preserve:  0.0057
Time:  0.0855 Epoch: 016 Iter:  550/ 600 LR: 0.0000151017 Loss content:  0.0172 Loss fft:  0.8233 Loss dta_rank:  0.6044 Loss dta_tv:  0.0292 Loss dta_proxy:  0.2154 Loss dta_trans:  0.0057 Loss dta_phys:  0.0074 Loss dta_preserve:  0.0051
Time:  0.0821 Epoch: 016 Iter:  600/ 600 LR: 0.0000151017 Loss content:  0.0164 Loss fft:  0.7855 Loss dta_rank:  0.6013 Loss dta_tv:  0.0294 Loss dta_proxy:  0.2151 Loss dta_trans:  0.0059 Loss dta_phys:  0.0074 Loss dta_preserve:  0.0060
EPOCH: 16
Elapsed time: 1.01 Epoch Pixel Loss:  0.0171 Epoch FFT Loss:  0.8181 Epoch DTA Rank:  0.6018 Epoch DTA TV:  0.0291 Epoch DTA Proxy:  0.2114 Epoch DTA Trans:  0.0058 Epoch DTA Phys:  0.0068 Epoch DTA Preserve:  0.0054
DTA_GATE_RAMP epoch=17 gate_limit=0.060000
Time:  0.0847 Epoch: 017 Iter:   50/ 600 LR: 0.0000094853 Loss content:  0.0174 Loss fft:  0.8314 Loss dta_rank:  0.5996 Loss dta_tv:  0.0288 Loss dta_proxy:  0.2099 Loss dta_trans:  0.0054 Loss dta_phys:  0.0066 Loss dta_preserve:  0.0046
Time:  0.0823 Epoch: 017 Iter:  100/ 600 LR: 0.0000094853 Loss content:  0.0173 Loss fft:  0.8278 Loss dta_rank:  0.6064 Loss dta_tv:  0.0291 Loss dta_proxy:  0.2197 Loss dta_trans:  0.0062 Loss dta_phys:  0.0066 Loss dta_preserve:  0.0055
Time:  0.0868 Epoch: 017 Iter:  150/ 600 LR: 0.0000094853 Loss content:  0.0168 Loss fft:  0.7997 Loss dta_rank:  0.6049 Loss dta_tv:  0.0279 Loss dta_proxy:  0.2237 Loss dta_trans:  0.0057 Loss dta_phys:  0.0066 Loss dta_preserve:  0.0048
Time:  0.0882 Epoch: 017 Iter:  200/ 600 LR: 0.0000094853 Loss content:  0.0170 Loss fft:  0.8255 Loss dta_rank:  0.5997 Loss dta_tv:  0.0299 Loss dta_proxy:  0.2088 Loss dta_trans:  0.0055 Loss dta_phys:  0.0065 Loss dta_preserve:  0.0036
Time:  0.0844 Epoch: 017 Iter:  250/ 600 LR: 0.0000094853 Loss content:  0.0167 Loss fft:  0.8330 Loss dta_rank:  0.6027 Loss dta_tv:  0.0294 Loss dta_proxy:  0.2068 Loss dta_trans:  0.0058 Loss dta_phys:  0.0062 Loss dta_preserve:  0.0051
Time:  0.0844 Epoch: 017 Iter:  300/ 600 LR: 0.0000094853 Loss content:  0.0169 Loss fft:  0.8106 Loss dta_rank:  0.5990 Loss dta_tv:  0.0295 Loss dta_proxy:  0.2061 Loss dta_trans:  0.0062 Loss dta_phys:  0.0064 Loss dta_preserve:  0.0048
Time:  0.0853 Epoch: 017 Iter:  350/ 600 LR: 0.0000094853 Loss content:  0.0170 Loss fft:  0.8176 Loss dta_rank:  0.6013 Loss dta_tv:  0.0298 Loss dta_proxy:  0.2045 Loss dta_trans:  0.0055 Loss dta_phys:  0.0072 Loss dta_preserve:  0.0045
Time:  0.0860 Epoch: 017 Iter:  400/ 600 LR: 0.0000094853 Loss content:  0.0174 Loss fft:  0.8458 Loss dta_rank:  0.5986 Loss dta_tv:  0.0296 Loss dta_proxy:  0.2117 Loss dta_trans:  0.0059 Loss dta_phys:  0.0065 Loss dta_preserve:  0.0057
Time:  0.0818 Epoch: 017 Iter:  450/ 600 LR: 0.0000094853 Loss content:  0.0173 Loss fft:  0.8304 Loss dta_rank:  0.6069 Loss dta_tv:  0.0291 Loss dta_proxy:  0.2058 Loss dta_trans:  0.0050 Loss dta_phys:  0.0062 Loss dta_preserve:  0.0047
Time:  0.0821 Epoch: 017 Iter:  500/ 600 LR: 0.0000094853 Loss content:  0.0181 Loss fft:  0.8091 Loss dta_rank:  0.6009 Loss dta_tv:  0.0293 Loss dta_proxy:  0.2012 Loss dta_trans:  0.0059 Loss dta_phys:  0.0073 Loss dta_preserve:  0.0063
Time:  0.0822 Epoch: 017 Iter:  550/ 600 LR: 0.0000094853 Loss content:  0.0167 Loss fft:  0.7895 Loss dta_rank:  0.5986 Loss dta_tv:  0.0290 Loss dta_proxy:  0.2167 Loss dta_trans:  0.0051 Loss dta_phys:  0.0069 Loss dta_preserve:  0.0061
Time:  0.0813 Epoch: 017 Iter:  600/ 600 LR: 0.0000094853 Loss content:  0.0164 Loss fft:  0.8047 Loss dta_rank:  0.6002 Loss dta_tv:  0.0294 Loss dta_proxy:  0.2027 Loss dta_trans:  0.0062 Loss dta_phys:  0.0063 Loss dta_preserve:  0.0042
EPOCH: 17
Elapsed time: 1.01 Epoch Pixel Loss:  0.0171 Epoch FFT Loss:  0.8188 Epoch DTA Rank:  0.6016 Epoch DTA TV:  0.0292 Epoch DTA Proxy:  0.2098 Epoch DTA Trans:  0.0057 Epoch DTA Phys:  0.0066 Epoch DTA Preserve:  0.0050
DTA_GATE_RAMP epoch=18 gate_limit=0.060000
Time:  0.0909 Epoch: 018 Iter:   50/ 600 LR: 0.0000052550 Loss content:  0.0165 Loss fft:  0.7917 Loss dta_rank:  0.5991 Loss dta_tv:  0.0281 Loss dta_proxy:  0.2166 Loss dta_trans:  0.0047 Loss dta_phys:  0.0071 Loss dta_preserve:  0.0052
Time:  0.0821 Epoch: 018 Iter:  100/ 600 LR: 0.0000052550 Loss content:  0.0165 Loss fft:  0.8197 Loss dta_rank:  0.5997 Loss dta_tv:  0.0300 Loss dta_proxy:  0.1992 Loss dta_trans:  0.0056 Loss dta_phys:  0.0074 Loss dta_preserve:  0.0053
Time:  0.0845 Epoch: 018 Iter:  150/ 600 LR: 0.0000052550 Loss content:  0.0164 Loss fft:  0.8147 Loss dta_rank:  0.6023 Loss dta_tv:  0.0280 Loss dta_proxy:  0.2231 Loss dta_trans:  0.0048 Loss dta_phys:  0.0066 Loss dta_preserve:  0.0044
Time:  0.0834 Epoch: 018 Iter:  200/ 600 LR: 0.0000052550 Loss content:  0.0171 Loss fft:  0.8215 Loss dta_rank:  0.5957 Loss dta_tv:  0.0291 Loss dta_proxy:  0.2069 Loss dta_trans:  0.0050 Loss dta_phys:  0.0061 Loss dta_preserve:  0.0055
Time:  0.0808 Epoch: 018 Iter:  250/ 600 LR: 0.0000052550 Loss content:  0.0167 Loss fft:  0.8063 Loss dta_rank:  0.6006 Loss dta_tv:  0.0294 Loss dta_proxy:  0.2106 Loss dta_trans:  0.0066 Loss dta_phys:  0.0067 Loss dta_preserve:  0.0047
Time:  0.0825 Epoch: 018 Iter:  300/ 600 LR: 0.0000052550 Loss content:  0.0171 Loss fft:  0.8377 Loss dta_rank:  0.6015 Loss dta_tv:  0.0292 Loss dta_proxy:  0.2099 Loss dta_trans:  0.0062 Loss dta_phys:  0.0069 Loss dta_preserve:  0.0054
Time:  0.0829 Epoch: 018 Iter:  350/ 600 LR: 0.0000052550 Loss content:  0.0174 Loss fft:  0.8145 Loss dta_rank:  0.6017 Loss dta_tv:  0.0279 Loss dta_proxy:  0.2199 Loss dta_trans:  0.0057 Loss dta_phys:  0.0067 Loss dta_preserve:  0.0058
Time:  0.0815 Epoch: 018 Iter:  400/ 600 LR: 0.0000052550 Loss content:  0.0174 Loss fft:  0.8326 Loss dta_rank:  0.6040 Loss dta_tv:  0.0289 Loss dta_proxy:  0.2212 Loss dta_trans:  0.0058 Loss dta_phys:  0.0065 Loss dta_preserve:  0.0062
Time:  0.0834 Epoch: 018 Iter:  450/ 600 LR: 0.0000052550 Loss content:  0.0170 Loss fft:  0.8565 Loss dta_rank:  0.6015 Loss dta_tv:  0.0303 Loss dta_proxy:  0.2065 Loss dta_trans:  0.0067 Loss dta_phys:  0.0062 Loss dta_preserve:  0.0056
Time:  0.0821 Epoch: 018 Iter:  500/ 600 LR: 0.0000052550 Loss content:  0.0171 Loss fft:  0.8001 Loss dta_rank:  0.6002 Loss dta_tv:  0.0292 Loss dta_proxy:  0.2048 Loss dta_trans:  0.0057 Loss dta_phys:  0.0069 Loss dta_preserve:  0.0045
Time:  0.0837 Epoch: 018 Iter:  550/ 600 LR: 0.0000052550 Loss content:  0.0173 Loss fft:  0.8282 Loss dta_rank:  0.6006 Loss dta_tv:  0.0284 Loss dta_proxy:  0.2155 Loss dta_trans:  0.0055 Loss dta_phys:  0.0064 Loss dta_preserve:  0.0053
Time:  0.0839 Epoch: 018 Iter:  600/ 600 LR: 0.0000052550 Loss content:  0.0166 Loss fft:  0.8200 Loss dta_rank:  0.6058 Loss dta_tv:  0.0301 Loss dta_proxy:  0.2016 Loss dta_trans:  0.0056 Loss dta_phys:  0.0068 Loss dta_preserve:  0.0044
EPOCH: 18
Elapsed time: 1.00 Epoch Pixel Loss:  0.0169 Epoch FFT Loss:  0.8203 Epoch DTA Rank:  0.6011 Epoch DTA TV:  0.0291 Epoch DTA Proxy:  0.2113 Epoch DTA Trans:  0.0057 Epoch DTA Phys:  0.0067 Epoch DTA Preserve:  0.0052
DTA_GATE_RAMP epoch=19 gate_limit=0.060000
Time:  0.0896 Epoch: 019 Iter:   50/ 600 LR: 0.0000025070 Loss content:  0.0163 Loss fft:  0.7920 Loss dta_rank:  0.6023 Loss dta_tv:  0.0290 Loss dta_proxy:  0.2111 Loss dta_trans:  0.0064 Loss dta_phys:  0.0072 Loss dta_preserve:  0.0052
Time:  0.0836 Epoch: 019 Iter:  100/ 600 LR: 0.0000025070 Loss content:  0.0178 Loss fft:  0.8348 Loss dta_rank:  0.5987 Loss dta_tv:  0.0284 Loss dta_proxy:  0.2013 Loss dta_trans:  0.0054 Loss dta_phys:  0.0067 Loss dta_preserve:  0.0053
Time:  0.0830 Epoch: 019 Iter:  150/ 600 LR: 0.0000025070 Loss content:  0.0179 Loss fft:  0.8412 Loss dta_rank:  0.6061 Loss dta_tv:  0.0292 Loss dta_proxy:  0.2097 Loss dta_trans:  0.0065 Loss dta_phys:  0.0068 Loss dta_preserve:  0.0056
Time:  0.0838 Epoch: 019 Iter:  200/ 600 LR: 0.0000025070 Loss content:  0.0164 Loss fft:  0.7885 Loss dta_rank:  0.6067 Loss dta_tv:  0.0285 Loss dta_proxy:  0.2137 Loss dta_trans:  0.0054 Loss dta_phys:  0.0067 Loss dta_preserve:  0.0049
Time:  0.0817 Epoch: 019 Iter:  250/ 600 LR: 0.0000025070 Loss content:  0.0169 Loss fft:  0.8367 Loss dta_rank:  0.5993 Loss dta_tv:  0.0296 Loss dta_proxy:  0.2088 Loss dta_trans:  0.0059 Loss dta_phys:  0.0068 Loss dta_preserve:  0.0050
Time:  0.0860 Epoch: 019 Iter:  300/ 600 LR: 0.0000025070 Loss content:  0.0171 Loss fft:  0.8129 Loss dta_rank:  0.6013 Loss dta_tv:  0.0285 Loss dta_proxy:  0.2167 Loss dta_trans:  0.0053 Loss dta_phys:  0.0068 Loss dta_preserve:  0.0050
Time:  0.0867 Epoch: 019 Iter:  350/ 600 LR: 0.0000025070 Loss content:  0.0170 Loss fft:  0.8188 Loss dta_rank:  0.5996 Loss dta_tv:  0.0292 Loss dta_proxy:  0.2066 Loss dta_trans:  0.0050 Loss dta_phys:  0.0067 Loss dta_preserve:  0.0054
Time:  0.0814 Epoch: 019 Iter:  400/ 600 LR: 0.0000025070 Loss content:  0.0175 Loss fft:  0.8311 Loss dta_rank:  0.6012 Loss dta_tv:  0.0283 Loss dta_proxy:  0.2110 Loss dta_trans:  0.0057 Loss dta_phys:  0.0069 Loss dta_preserve:  0.0058
Time:  0.0855 Epoch: 019 Iter:  450/ 600 LR: 0.0000025070 Loss content:  0.0164 Loss fft:  0.8146 Loss dta_rank:  0.6027 Loss dta_tv:  0.0289 Loss dta_proxy:  0.2094 Loss dta_trans:  0.0057 Loss dta_phys:  0.0063 Loss dta_preserve:  0.0049
Time:  0.0826 Epoch: 019 Iter:  500/ 600 LR: 0.0000025070 Loss content:  0.0170 Loss fft:  0.8080 Loss dta_rank:  0.6018 Loss dta_tv:  0.0291 Loss dta_proxy:  0.2137 Loss dta_trans:  0.0063 Loss dta_phys:  0.0069 Loss dta_preserve:  0.0043
Time:  0.0827 Epoch: 019 Iter:  550/ 600 LR: 0.0000025070 Loss content:  0.0173 Loss fft:  0.8139 Loss dta_rank:  0.6021 Loss dta_tv:  0.0289 Loss dta_proxy:  0.2082 Loss dta_trans:  0.0051 Loss dta_phys:  0.0068 Loss dta_preserve:  0.0058
Time:  0.0796 Epoch: 019 Iter:  600/ 600 LR: 0.0000025070 Loss content:  0.0169 Loss fft:  0.8150 Loss dta_rank:  0.6028 Loss dta_tv:  0.0295 Loss dta_proxy:  0.2025 Loss dta_trans:  0.0062 Loss dta_phys:  0.0063 Loss dta_preserve:  0.0057
EPOCH: 19
Elapsed time: 1.01 Epoch Pixel Loss:  0.0170 Epoch FFT Loss:  0.8173 Epoch DTA Rank:  0.6020 Epoch DTA TV:  0.0289 Epoch DTA Proxy:  0.2094 Epoch DTA Trans:  0.0057 Epoch DTA Phys:  0.0067 Epoch DTA Preserve:  0.0052
DTA_GATE_RAMP epoch=20 gate_limit=0.060000
Time:  0.0872 Epoch: 020 Iter:   50/ 600 LR: 0.0000012125 Loss content:  0.0172 Loss fft:  0.8502 Loss dta_rank:  0.6025 Loss dta_tv:  0.0288 Loss dta_proxy:  0.2097 Loss dta_trans:  0.0051 Loss dta_phys:  0.0064 Loss dta_preserve:  0.0052
Time:  0.0864 Epoch: 020 Iter:  100/ 600 LR: 0.0000012125 Loss content:  0.0176 Loss fft:  0.8251 Loss dta_rank:  0.6020 Loss dta_tv:  0.0291 Loss dta_proxy:  0.2136 Loss dta_trans:  0.0058 Loss dta_phys:  0.0064 Loss dta_preserve:  0.0069
Time:  0.0827 Epoch: 020 Iter:  150/ 600 LR: 0.0000012125 Loss content:  0.0170 Loss fft:  0.8415 Loss dta_rank:  0.5996 Loss dta_tv:  0.0281 Loss dta_proxy:  0.2200 Loss dta_trans:  0.0044 Loss dta_phys:  0.0064 Loss dta_preserve:  0.0038
Time:  0.0772 Epoch: 020 Iter:  200/ 600 LR: 0.0000012125 Loss content:  0.0171 Loss fft:  0.8162 Loss dta_rank:  0.6028 Loss dta_tv:  0.0286 Loss dta_proxy:  0.2064 Loss dta_trans:  0.0054 Loss dta_phys:  0.0063 Loss dta_preserve:  0.0064
Time:  0.0762 Epoch: 020 Iter:  250/ 600 LR: 0.0000012125 Loss content:  0.0166 Loss fft:  0.8147 Loss dta_rank:  0.6029 Loss dta_tv:  0.0291 Loss dta_proxy:  0.2144 Loss dta_trans:  0.0052 Loss dta_phys:  0.0066 Loss dta_preserve:  0.0045
Time:  0.0795 Epoch: 020 Iter:  300/ 600 LR: 0.0000012125 Loss content:  0.0161 Loss fft:  0.7884 Loss dta_rank:  0.6064 Loss dta_tv:  0.0293 Loss dta_proxy:  0.2084 Loss dta_trans:  0.0056 Loss dta_phys:  0.0071 Loss dta_preserve:  0.0040
Time:  0.0844 Epoch: 020 Iter:  350/ 600 LR: 0.0000012125 Loss content:  0.0161 Loss fft:  0.7695 Loss dta_rank:  0.6063 Loss dta_tv:  0.0297 Loss dta_proxy:  0.2026 Loss dta_trans:  0.0068 Loss dta_phys:  0.0063 Loss dta_preserve:  0.0050
Time:  0.0984 Epoch: 020 Iter:  400/ 600 LR: 0.0000012125 Loss content:  0.0173 Loss fft:  0.8264 Loss dta_rank:  0.5969 Loss dta_tv:  0.0288 Loss dta_proxy:  0.2096 Loss dta_trans:  0.0055 Loss dta_phys:  0.0071 Loss dta_preserve:  0.0049
Time:  0.1000 Epoch: 020 Iter:  450/ 600 LR: 0.0000012125 Loss content:  0.0162 Loss fft:  0.8035 Loss dta_rank:  0.6044 Loss dta_tv:  0.0293 Loss dta_proxy:  0.2139 Loss dta_trans:  0.0054 Loss dta_phys:  0.0065 Loss dta_preserve:  0.0049
Time:  0.0977 Epoch: 020 Iter:  500/ 600 LR: 0.0000012125 Loss content:  0.0165 Loss fft:  0.8317 Loss dta_rank:  0.5976 Loss dta_tv:  0.0299 Loss dta_proxy:  0.2023 Loss dta_trans:  0.0068 Loss dta_phys:  0.0060 Loss dta_preserve:  0.0041
Time:  0.0933 Epoch: 020 Iter:  550/ 600 LR: 0.0000012125 Loss content:  0.0170 Loss fft:  0.8291 Loss dta_rank:  0.5969 Loss dta_tv:  0.0285 Loss dta_proxy:  0.2092 Loss dta_trans:  0.0059 Loss dta_phys:  0.0070 Loss dta_preserve:  0.0043
Time:  0.0918 Epoch: 020 Iter:  600/ 600 LR: 0.0000012125 Loss content:  0.0171 Loss fft:  0.8024 Loss dta_rank:  0.5971 Loss dta_tv:  0.0291 Loss dta_proxy:  0.2063 Loss dta_trans:  0.0057 Loss dta_phys:  0.0072 Loss dta_preserve:  0.0063
EPOCH: 20
Elapsed time: 1.06 Epoch Pixel Loss:  0.0168 Epoch FFT Loss:  0.8166 Epoch DTA Rank:  0.6013 Epoch DTA TV:  0.0290 Epoch DTA Proxy:  0.2097 Epoch DTA Trans:  0.0056 Epoch DTA Phys:  0.0066 Epoch DTA Preserve:  0.0050
