Namespace(model_name='ConvIR-Haze4K-DTA-v2-adapter_only-invert-seed3413-f1-oof20', data='Haze4K', version='base', fam_mode='original', arch='dta_v2', seed=3413, mode='train', data_dir='/sda/home/wangyuxin/ConvIR-B/datasets/Haze4K/Haze4K', batch_size=4, learning_rate=0.0001, weight_decay=0.0, num_epoch=20, stop_epoch=20, print_freq=50, num_worker=4, save_freq=5, valid_freq=9999, mod_stats_freq=5, mod_stats_batches=16, grad_clip_norm=0.001, dta_grad_clip_norm=0.05, dta_neighbor_grad_clip_norm=0.005, init_model='/sda/home/wangyuxin/ConvIR-B/checkpoints/official/Haze4K/haze4k-base.pkl', init_model_partial=True, partial_new_prefixes='DTA.', resume='', train_scope='adapter_only', dta_depth_cache_dir='/sda/home/wangyuxin/ConvIR-B/depth_cache/depth_anything_v2_small_hf', dta_train_depth_split='train', dta_eval_depth_split='train', valid_root_split='train', eval_root_split='test', dta_require_depth=True, dta_variant='v2', dta_depth_mode='invert', dta_prior_channels=32, dta_gate_bias=-6.0, dta_gate_limit=0.06, dta_gamma_limit=0.12, dta_beta_limit=0.06, dta_alpha_init=1.0, dta_confidence_floor=0.25, dta_confidence_local_scale=6.0, dta_output_residual_scale=0.03, dta_use_trans_gt=True, dta_trans_weight=0.02, dta_phys_weight=0.005, dta_preserve_weight=0.02, dta_preserve_trans_thresh=0.8, dta_gate_ramp_start=0.01, dta_gate_ramp_mid=0.03, dta_gate_ramp_end=0.06, dta_gate_ramp_warmup_epochs=2, dta_gate_ramp_mid_epochs=8, dta_rank_weight=0.001, dta_tv_weight=0.0001, dta_proxy_weight=0.0, dta_rank_pairs=512, dta_rank_min_depth_gap=0.03, split_json='/sda/home/wangyuxin/ConvIR-B/repos/ConvIR-B-dta-v2-calibrated/experience_docx/experiment_logs/haze4k_dta_v2_calibrated_20260611/dta_v2_haze4k_oof_splits_seed3407.json', split_name='fold1_train', test_model='', save_image=False, leaning_rate=0.0001, model_save_dir='results/ConvIR-Haze4K-DTA-v2-adapter_only-invert-seed3413-f1-oof20/Training-Results/', result_dir='results/ConvIR-Haze4K-DTA-v2-adapter_only-invert-seed3413-f1-oof20/images/Haze4K', init_model_sha256='6f42037d57a4e3de3a10ac0ab909d66a3415864a19433c29204a975f4efa4088')
/sda/home/wangyuxin/ConvIR-B/repos/ConvIR-B-dta-v2-calibrated/Dehazing/ITS/main.py:14: FutureWarning: You are using `torch.load` with `weights_only=False` (the current default value), which uses the default pickle module implicitly. It is possible to construct malicious pickle data which will execute arbitrary code during unpickling (See https://github.com/pytorch/pytorch/blob/main/SECURITY.md#untrusted-models for more details). In a future release, the default value for `weights_only` will be flipped to `True`. This limits the functions that could be executed during unpickling. Arbitrary objects will no longer be allowed to be loaded via this mode unless they are explicitly allowlisted by the user via `torch.serialization.add_safe_globals`. We recommend you start setting `weights_only=True` for any use case where you don't have full control of the loaded file. Please open an issue on GitHub for any issues related to this experimental feature.
  state = torch.load(path, map_location=map_location)
INIT_MODEL_PARTIAL_LOAD path=/sda/home/wangyuxin/ConvIR-B/checkpoints/official/Haze4K/haze4k-base.pkl loaded=602 missing_allowed=25 unexpected=[] allowed_new_prefixes=('DTA.',)
TRAIN_SCOPE scope=adapter_only arch=dta_v2 trainable=74699 total=8705364
/sda/home/wangyuxin/ConvIR-B/envs/convir-cu121/lib/python3.10/site-packages/torch/optim/lr_scheduler.py:224: UserWarning: Detected call of `lr_scheduler.step()` before `optimizer.step()`. In PyTorch 1.1.0 and later, you should call them in the opposite order: `optimizer.step()` before `lr_scheduler.step()`.  Failure to do this will result in PyTorch skipping the first value of the learning rate schedule. See more details at https://pytorch.org/docs/stable/optim.html#how-to-adjust-learning-rate
  warnings.warn(
DTA_GATE_RAMP epoch=1 gate_limit=0.010000
Time:  0.1018 Epoch: 001 Iter:   50/ 600 LR: 0.0000333333 Loss content:  0.0172 Loss fft:  0.8087 Loss dta_rank:  0.6944 Loss dta_tv:  0.0036 Loss dta_proxy:  0.1247 Loss dta_trans:  0.0438 Loss dta_phys:  0.0080 Loss dta_preserve:  0.0061
Time:  0.0748 Epoch: 001 Iter:  100/ 600 LR: 0.0000333333 Loss content:  0.0178 Loss fft:  0.8453 Loss dta_rank:  0.6942 Loss dta_tv:  0.0085 Loss dta_proxy:  0.1261 Loss dta_trans:  0.0368 Loss dta_phys:  0.0080 Loss dta_preserve:  0.0055
Time:  0.0768 Epoch: 001 Iter:  150/ 600 LR: 0.0000333333 Loss content:  0.0173 Loss fft:  0.8138 Loss dta_rank:  0.6923 Loss dta_tv:  0.0142 Loss dta_proxy:  0.1470 Loss dta_trans:  0.0326 Loss dta_phys:  0.0095 Loss dta_preserve:  0.0057
Time:  0.0762 Epoch: 001 Iter:  200/ 600 LR: 0.0000333333 Loss content:  0.0165 Loss fft:  0.8318 Loss dta_rank:  0.6872 Loss dta_tv:  0.0182 Loss dta_proxy:  0.1663 Loss dta_trans:  0.0284 Loss dta_phys:  0.0100 Loss dta_preserve:  0.0052
Time:  0.0791 Epoch: 001 Iter:  250/ 600 LR: 0.0000333333 Loss content:  0.0168 Loss fft:  0.8284 Loss dta_rank:  0.6818 Loss dta_tv:  0.0202 Loss dta_proxy:  0.1743 Loss dta_trans:  0.0257 Loss dta_phys:  0.0109 Loss dta_preserve:  0.0046
Time:  0.0738 Epoch: 001 Iter:  300/ 600 LR: 0.0000333333 Loss content:  0.0179 Loss fft:  0.8564 Loss dta_rank:  0.6718 Loss dta_tv:  0.0236 Loss dta_proxy:  0.1673 Loss dta_trans:  0.0235 Loss dta_phys:  0.0096 Loss dta_preserve:  0.0049
Time:  0.0764 Epoch: 001 Iter:  350/ 600 LR: 0.0000333333 Loss content:  0.0168 Loss fft:  0.8004 Loss dta_rank:  0.6598 Loss dta_tv:  0.0282 Loss dta_proxy:  0.1728 Loss dta_trans:  0.0200 Loss dta_phys:  0.0078 Loss dta_preserve:  0.0044
Time:  0.0731 Epoch: 001 Iter:  400/ 600 LR: 0.0000333333 Loss content:  0.0169 Loss fft:  0.7950 Loss dta_rank:  0.6515 Loss dta_tv:  0.0331 Loss dta_proxy:  0.1730 Loss dta_trans:  0.0160 Loss dta_phys:  0.0073 Loss dta_preserve:  0.0043
Time:  0.0764 Epoch: 001 Iter:  450/ 600 LR: 0.0000333333 Loss content:  0.0170 Loss fft:  0.7896 Loss dta_rank:  0.6422 Loss dta_tv:  0.0361 Loss dta_proxy:  0.1761 Loss dta_trans:  0.0144 Loss dta_phys:  0.0064 Loss dta_preserve:  0.0055
Time:  0.0786 Epoch: 001 Iter:  500/ 600 LR: 0.0000333333 Loss content:  0.0165 Loss fft:  0.8020 Loss dta_rank:  0.6380 Loss dta_tv:  0.0374 Loss dta_proxy:  0.1976 Loss dta_trans:  0.0122 Loss dta_phys:  0.0071 Loss dta_preserve:  0.0040
Time:  0.0784 Epoch: 001 Iter:  550/ 600 LR: 0.0000333333 Loss content:  0.0176 Loss fft:  0.8365 Loss dta_rank:  0.6271 Loss dta_tv:  0.0396 Loss dta_proxy:  0.1863 Loss dta_trans:  0.0109 Loss dta_phys:  0.0062 Loss dta_preserve:  0.0046
Time:  0.0778 Epoch: 001 Iter:  600/ 600 LR: 0.0000333333 Loss content:  0.0167 Loss fft:  0.8235 Loss dta_rank:  0.6287 Loss dta_tv:  0.0401 Loss dta_proxy:  0.2118 Loss dta_trans:  0.0109 Loss dta_phys:  0.0075 Loss dta_preserve:  0.0062
EPOCH: 01
Elapsed time: 0.95 Epoch Pixel Loss:  0.0171 Epoch FFT Loss:  0.8193 Epoch DTA Rank:  0.6641 Epoch DTA TV:  0.0252 Epoch DTA Proxy:  0.1686 Epoch DTA Trans:  0.0229 Epoch DTA Phys:  0.0082 Epoch DTA Preserve:  0.0051
DTA_GATE_RAMP epoch=2 gate_limit=0.010000
Time:  0.0750 Epoch: 002 Iter:   50/ 600 LR: 0.0000666667 Loss content:  0.0169 Loss fft:  0.8221 Loss dta_rank:  0.6255 Loss dta_tv:  0.0404 Loss dta_proxy:  0.2010 Loss dta_trans:  0.0113 Loss dta_phys:  0.0064 Loss dta_preserve:  0.0057
Time:  0.0735 Epoch: 002 Iter:  100/ 600 LR: 0.0000666667 Loss content:  0.0175 Loss fft:  0.8498 Loss dta_rank:  0.6248 Loss dta_tv:  0.0389 Loss dta_proxy:  0.2091 Loss dta_trans:  0.0109 Loss dta_phys:  0.0069 Loss dta_preserve:  0.0059
Time:  0.0692 Epoch: 002 Iter:  150/ 600 LR: 0.0000666667 Loss content:  0.0175 Loss fft:  0.8189 Loss dta_rank:  0.6225 Loss dta_tv:  0.0392 Loss dta_proxy:  0.2010 Loss dta_trans:  0.0109 Loss dta_phys:  0.0068 Loss dta_preserve:  0.0088
Time:  0.0748 Epoch: 002 Iter:  200/ 600 LR: 0.0000666667 Loss content:  0.0166 Loss fft:  0.7844 Loss dta_rank:  0.6189 Loss dta_tv:  0.0400 Loss dta_proxy:  0.2025 Loss dta_trans:  0.0087 Loss dta_phys:  0.0066 Loss dta_preserve:  0.0038
Time:  0.0761 Epoch: 002 Iter:  250/ 600 LR: 0.0000666667 Loss content:  0.0175 Loss fft:  0.8509 Loss dta_rank:  0.6207 Loss dta_tv:  0.0394 Loss dta_proxy:  0.2169 Loss dta_trans:  0.0100 Loss dta_phys:  0.0072 Loss dta_preserve:  0.0050
Time:  0.0769 Epoch: 002 Iter:  300/ 600 LR: 0.0000666667 Loss content:  0.0166 Loss fft:  0.8222 Loss dta_rank:  0.6175 Loss dta_tv:  0.0390 Loss dta_proxy:  0.2006 Loss dta_trans:  0.0089 Loss dta_phys:  0.0062 Loss dta_preserve:  0.0051
Time:  0.0757 Epoch: 002 Iter:  350/ 600 LR: 0.0000666667 Loss content:  0.0173 Loss fft:  0.8164 Loss dta_rank:  0.6220 Loss dta_tv:  0.0381 Loss dta_proxy:  0.2169 Loss dta_trans:  0.0113 Loss dta_phys:  0.0072 Loss dta_preserve:  0.0062
Time:  0.0780 Epoch: 002 Iter:  400/ 600 LR: 0.0000666667 Loss content:  0.0172 Loss fft:  0.8310 Loss dta_rank:  0.6126 Loss dta_tv:  0.0387 Loss dta_proxy:  0.2072 Loss dta_trans:  0.0084 Loss dta_phys:  0.0064 Loss dta_preserve:  0.0058
Time:  0.0797 Epoch: 002 Iter:  450/ 600 LR: 0.0000666667 Loss content:  0.0180 Loss fft:  0.8454 Loss dta_rank:  0.6150 Loss dta_tv:  0.0396 Loss dta_proxy:  0.1979 Loss dta_trans:  0.0083 Loss dta_phys:  0.0063 Loss dta_preserve:  0.0069
Time:  0.0781 Epoch: 002 Iter:  500/ 600 LR: 0.0000666667 Loss content:  0.0175 Loss fft:  0.8068 Loss dta_rank:  0.6149 Loss dta_tv:  0.0375 Loss dta_proxy:  0.2241 Loss dta_trans:  0.0093 Loss dta_phys:  0.0070 Loss dta_preserve:  0.0042
Time:  0.0750 Epoch: 002 Iter:  550/ 600 LR: 0.0000666667 Loss content:  0.0162 Loss fft:  0.7681 Loss dta_rank:  0.6181 Loss dta_tv:  0.0372 Loss dta_proxy:  0.2047 Loss dta_trans:  0.0096 Loss dta_phys:  0.0069 Loss dta_preserve:  0.0049
Time:  0.0725 Epoch: 002 Iter:  600/ 600 LR: 0.0000666667 Loss content:  0.0172 Loss fft:  0.8267 Loss dta_rank:  0.6109 Loss dta_tv:  0.0373 Loss dta_proxy:  0.2151 Loss dta_trans:  0.0082 Loss dta_phys:  0.0076 Loss dta_preserve:  0.0052
EPOCH: 02
Elapsed time: 0.91 Epoch Pixel Loss:  0.0172 Epoch FFT Loss:  0.8202 Epoch DTA Rank:  0.6186 Epoch DTA TV:  0.0388 Epoch DTA Proxy:  0.2081 Epoch DTA Trans:  0.0096 Epoch DTA Phys:  0.0068 Epoch DTA Preserve:  0.0056
DTA_GATE_RAMP epoch=3 gate_limit=0.030000
Time:  0.0803 Epoch: 003 Iter:   50/ 600 LR: 0.0001000000 Loss content:  0.0168 Loss fft:  0.8251 Loss dta_rank:  0.6147 Loss dta_tv:  0.0376 Loss dta_proxy:  0.2027 Loss dta_trans:  0.0084 Loss dta_phys:  0.0069 Loss dta_preserve:  0.0050
Time:  0.0767 Epoch: 003 Iter:  100/ 600 LR: 0.0001000000 Loss content:  0.0171 Loss fft:  0.8384 Loss dta_rank:  0.6120 Loss dta_tv:  0.0371 Loss dta_proxy:  0.2126 Loss dta_trans:  0.0105 Loss dta_phys:  0.0068 Loss dta_preserve:  0.0061
Time:  0.0772 Epoch: 003 Iter:  150/ 600 LR: 0.0001000000 Loss content:  0.0173 Loss fft:  0.7983 Loss dta_rank:  0.6137 Loss dta_tv:  0.0369 Loss dta_proxy:  0.2034 Loss dta_trans:  0.0083 Loss dta_phys:  0.0066 Loss dta_preserve:  0.0056
Time:  0.0770 Epoch: 003 Iter:  200/ 600 LR: 0.0001000000 Loss content:  0.0175 Loss fft:  0.8088 Loss dta_rank:  0.6184 Loss dta_tv:  0.0364 Loss dta_proxy:  0.2101 Loss dta_trans:  0.0101 Loss dta_phys:  0.0065 Loss dta_preserve:  0.0056
Time:  0.0760 Epoch: 003 Iter:  250/ 600 LR: 0.0001000000 Loss content:  0.0179 Loss fft:  0.8253 Loss dta_rank:  0.6117 Loss dta_tv:  0.0362 Loss dta_proxy:  0.2071 Loss dta_trans:  0.0084 Loss dta_phys:  0.0065 Loss dta_preserve:  0.0052
Time:  0.0776 Epoch: 003 Iter:  300/ 600 LR: 0.0001000000 Loss content:  0.0171 Loss fft:  0.8042 Loss dta_rank:  0.6105 Loss dta_tv:  0.0367 Loss dta_proxy:  0.1998 Loss dta_trans:  0.0078 Loss dta_phys:  0.0062 Loss dta_preserve:  0.0049
Time:  0.0770 Epoch: 003 Iter:  350/ 600 LR: 0.0001000000 Loss content:  0.0173 Loss fft:  0.8396 Loss dta_rank:  0.6107 Loss dta_tv:  0.0363 Loss dta_proxy:  0.2109 Loss dta_trans:  0.0071 Loss dta_phys:  0.0060 Loss dta_preserve:  0.0042
Time:  0.0730 Epoch: 003 Iter:  400/ 600 LR: 0.0001000000 Loss content:  0.0168 Loss fft:  0.8100 Loss dta_rank:  0.6090 Loss dta_tv:  0.0366 Loss dta_proxy:  0.2023 Loss dta_trans:  0.0072 Loss dta_phys:  0.0064 Loss dta_preserve:  0.0047
Time:  0.0734 Epoch: 003 Iter:  450/ 600 LR: 0.0001000000 Loss content:  0.0171 Loss fft:  0.8247 Loss dta_rank:  0.6098 Loss dta_tv:  0.0367 Loss dta_proxy:  0.2017 Loss dta_trans:  0.0065 Loss dta_phys:  0.0060 Loss dta_preserve:  0.0045
Time:  0.0781 Epoch: 003 Iter:  500/ 600 LR: 0.0001000000 Loss content:  0.0174 Loss fft:  0.8352 Loss dta_rank:  0.6144 Loss dta_tv:  0.0362 Loss dta_proxy:  0.2211 Loss dta_trans:  0.0073 Loss dta_phys:  0.0069 Loss dta_preserve:  0.0057
Time:  0.0794 Epoch: 003 Iter:  550/ 600 LR: 0.0001000000 Loss content:  0.0172 Loss fft:  0.8211 Loss dta_rank:  0.6076 Loss dta_tv:  0.0350 Loss dta_proxy:  0.2203 Loss dta_trans:  0.0076 Loss dta_phys:  0.0074 Loss dta_preserve:  0.0045
Time:  0.0778 Epoch: 003 Iter:  600/ 600 LR: 0.0001000000 Loss content:  0.0182 Loss fft:  0.8506 Loss dta_rank:  0.6107 Loss dta_tv:  0.0367 Loss dta_proxy:  0.2145 Loss dta_trans:  0.0072 Loss dta_phys:  0.0068 Loss dta_preserve:  0.0064
EPOCH: 03
Elapsed time: 0.93 Epoch Pixel Loss:  0.0173 Epoch FFT Loss:  0.8234 Epoch DTA Rank:  0.6119 Epoch DTA TV:  0.0365 Epoch DTA Proxy:  0.2089 Epoch DTA Trans:  0.0080 Epoch DTA Phys:  0.0066 Epoch DTA Preserve:  0.0052
/sda/home/wangyuxin/ConvIR-B/envs/convir-cu121/lib/python3.10/site-packages/torch/optim/lr_scheduler.py:1087: UserWarning: To get the last learning rate computed by the scheduler, please use `get_last_lr()`.
  _warn_get_lr_called_within_step(self)
DTA_GATE_RAMP epoch=4 gate_limit=0.030000
Time:  0.0814 Epoch: 004 Iter:   50/ 600 LR: 0.0001000000 Loss content:  0.0175 Loss fft:  0.8046 Loss dta_rank:  0.6111 Loss dta_tv:  0.0352 Loss dta_proxy:  0.2223 Loss dta_trans:  0.0075 Loss dta_phys:  0.0069 Loss dta_preserve:  0.0051
Time:  0.0808 Epoch: 004 Iter:  100/ 600 LR: 0.0001000000 Loss content:  0.0171 Loss fft:  0.8595 Loss dta_rank:  0.6072 Loss dta_tv:  0.0356 Loss dta_proxy:  0.2038 Loss dta_trans:  0.0074 Loss dta_phys:  0.0070 Loss dta_preserve:  0.0050
Time:  0.0801 Epoch: 004 Iter:  150/ 600 LR: 0.0001000000 Loss content:  0.0178 Loss fft:  0.8169 Loss dta_rank:  0.6096 Loss dta_tv:  0.0349 Loss dta_proxy:  0.2044 Loss dta_trans:  0.0073 Loss dta_phys:  0.0068 Loss dta_preserve:  0.0052
Time:  0.0765 Epoch: 004 Iter:  200/ 600 LR: 0.0001000000 Loss content:  0.0174 Loss fft:  0.8658 Loss dta_rank:  0.6082 Loss dta_tv:  0.0350 Loss dta_proxy:  0.2248 Loss dta_trans:  0.0078 Loss dta_phys:  0.0067 Loss dta_preserve:  0.0048
Time:  0.0750 Epoch: 004 Iter:  250/ 600 LR: 0.0001000000 Loss content:  0.0165 Loss fft:  0.8200 Loss dta_rank:  0.6086 Loss dta_tv:  0.0346 Loss dta_proxy:  0.2062 Loss dta_trans:  0.0075 Loss dta_phys:  0.0060 Loss dta_preserve:  0.0041
Time:  0.0763 Epoch: 004 Iter:  300/ 600 LR: 0.0001000000 Loss content:  0.0168 Loss fft:  0.7995 Loss dta_rank:  0.6107 Loss dta_tv:  0.0344 Loss dta_proxy:  0.2044 Loss dta_trans:  0.0084 Loss dta_phys:  0.0062 Loss dta_preserve:  0.0047
Time:  0.0750 Epoch: 004 Iter:  350/ 600 LR: 0.0001000000 Loss content:  0.0170 Loss fft:  0.8166 Loss dta_rank:  0.6082 Loss dta_tv:  0.0344 Loss dta_proxy:  0.2001 Loss dta_trans:  0.0066 Loss dta_phys:  0.0065 Loss dta_preserve:  0.0044
Time:  0.0734 Epoch: 004 Iter:  400/ 600 LR: 0.0001000000 Loss content:  0.0167 Loss fft:  0.7951 Loss dta_rank:  0.6127 Loss dta_tv:  0.0335 Loss dta_proxy:  0.2194 Loss dta_trans:  0.0075 Loss dta_phys:  0.0071 Loss dta_preserve:  0.0050
Time:  0.0765 Epoch: 004 Iter:  450/ 600 LR: 0.0001000000 Loss content:  0.0176 Loss fft:  0.8296 Loss dta_rank:  0.6053 Loss dta_tv:  0.0353 Loss dta_proxy:  0.2041 Loss dta_trans:  0.0079 Loss dta_phys:  0.0065 Loss dta_preserve:  0.0057
Time:  0.0783 Epoch: 004 Iter:  500/ 600 LR: 0.0001000000 Loss content:  0.0168 Loss fft:  0.8188 Loss dta_rank:  0.6097 Loss dta_tv:  0.0342 Loss dta_proxy:  0.2200 Loss dta_trans:  0.0066 Loss dta_phys:  0.0067 Loss dta_preserve:  0.0062
Time:  0.0820 Epoch: 004 Iter:  550/ 600 LR: 0.0001000000 Loss content:  0.0172 Loss fft:  0.8367 Loss dta_rank:  0.6087 Loss dta_tv:  0.0335 Loss dta_proxy:  0.2254 Loss dta_trans:  0.0064 Loss dta_phys:  0.0064 Loss dta_preserve:  0.0044
Time:  0.0778 Epoch: 004 Iter:  600/ 600 LR: 0.0001000000 Loss content:  0.0168 Loss fft:  0.7873 Loss dta_rank:  0.6099 Loss dta_tv:  0.0337 Loss dta_proxy:  0.2161 Loss dta_trans:  0.0072 Loss dta_phys:  0.0064 Loss dta_preserve:  0.0057
EPOCH: 04
Elapsed time: 0.94 Epoch Pixel Loss:  0.0171 Epoch FFT Loss:  0.8209 Epoch DTA Rank:  0.6092 Epoch DTA TV:  0.0345 Epoch DTA Proxy:  0.2126 Epoch DTA Trans:  0.0073 Epoch DTA Phys:  0.0066 Epoch DTA Preserve:  0.0050
DTA_GATE_RAMP epoch=5 gate_limit=0.030000
Time:  0.0807 Epoch: 005 Iter:   50/ 600 LR: 0.0000983215 Loss content:  0.0167 Loss fft:  0.8051 Loss dta_rank:  0.6089 Loss dta_tv:  0.0340 Loss dta_proxy:  0.2188 Loss dta_trans:  0.0064 Loss dta_phys:  0.0068 Loss dta_preserve:  0.0055
Time:  0.0770 Epoch: 005 Iter:  100/ 600 LR: 0.0000983215 Loss content:  0.0177 Loss fft:  0.8311 Loss dta_rank:  0.6124 Loss dta_tv:  0.0340 Loss dta_proxy:  0.2183 Loss dta_trans:  0.0076 Loss dta_phys:  0.0067 Loss dta_preserve:  0.0057
Time:  0.0760 Epoch: 005 Iter:  150/ 600 LR: 0.0000983215 Loss content:  0.0163 Loss fft:  0.7925 Loss dta_rank:  0.6060 Loss dta_tv:  0.0345 Loss dta_proxy:  0.2101 Loss dta_trans:  0.0072 Loss dta_phys:  0.0070 Loss dta_preserve:  0.0049
Time:  0.0761 Epoch: 005 Iter:  200/ 600 LR: 0.0000983215 Loss content:  0.0172 Loss fft:  0.8534 Loss dta_rank:  0.6006 Loss dta_tv:  0.0343 Loss dta_proxy:  0.2111 Loss dta_trans:  0.0067 Loss dta_phys:  0.0062 Loss dta_preserve:  0.0050
Time:  0.0799 Epoch: 005 Iter:  250/ 600 LR: 0.0000983215 Loss content:  0.0174 Loss fft:  0.8243 Loss dta_rank:  0.6107 Loss dta_tv:  0.0343 Loss dta_proxy:  0.2165 Loss dta_trans:  0.0058 Loss dta_phys:  0.0063 Loss dta_preserve:  0.0049
Time:  0.0796 Epoch: 005 Iter:  300/ 600 LR: 0.0000983215 Loss content:  0.0177 Loss fft:  0.8471 Loss dta_rank:  0.6078 Loss dta_tv:  0.0332 Loss dta_proxy:  0.2021 Loss dta_trans:  0.0058 Loss dta_phys:  0.0059 Loss dta_preserve:  0.0049
Time:  0.0752 Epoch: 005 Iter:  350/ 600 LR: 0.0000983215 Loss content:  0.0176 Loss fft:  0.8163 Loss dta_rank:  0.6013 Loss dta_tv:  0.0333 Loss dta_proxy:  0.2106 Loss dta_trans:  0.0074 Loss dta_phys:  0.0066 Loss dta_preserve:  0.0047
Time:  0.0809 Epoch: 005 Iter:  400/ 600 LR: 0.0000983215 Loss content:  0.0168 Loss fft:  0.7894 Loss dta_rank:  0.6098 Loss dta_tv:  0.0332 Loss dta_proxy:  0.2147 Loss dta_trans:  0.0071 Loss dta_phys:  0.0070 Loss dta_preserve:  0.0048
Time:  0.0720 Epoch: 005 Iter:  450/ 600 LR: 0.0000983215 Loss content:  0.0172 Loss fft:  0.7969 Loss dta_rank:  0.6035 Loss dta_tv:  0.0340 Loss dta_proxy:  0.2000 Loss dta_trans:  0.0065 Loss dta_phys:  0.0064 Loss dta_preserve:  0.0056
Time:  0.0794 Epoch: 005 Iter:  500/ 600 LR: 0.0000983215 Loss content:  0.0174 Loss fft:  0.8409 Loss dta_rank:  0.6039 Loss dta_tv:  0.0329 Loss dta_proxy:  0.2113 Loss dta_trans:  0.0068 Loss dta_phys:  0.0066 Loss dta_preserve:  0.0066
Time:  0.0768 Epoch: 005 Iter:  550/ 600 LR: 0.0000983215 Loss content:  0.0178 Loss fft:  0.8446 Loss dta_rank:  0.6089 Loss dta_tv:  0.0324 Loss dta_proxy:  0.2270 Loss dta_trans:  0.0075 Loss dta_phys:  0.0073 Loss dta_preserve:  0.0052
Time:  0.0755 Epoch: 005 Iter:  600/ 600 LR: 0.0000983215 Loss content:  0.0171 Loss fft:  0.8286 Loss dta_rank:  0.6051 Loss dta_tv:  0.0334 Loss dta_proxy:  0.2114 Loss dta_trans:  0.0074 Loss dta_phys:  0.0066 Loss dta_preserve:  0.0064
EPOCH: 05
Elapsed time: 0.93 Epoch Pixel Loss:  0.0172 Epoch FFT Loss:  0.8225 Epoch DTA Rank:  0.6066 Epoch DTA TV:  0.0336 Epoch DTA Proxy:  0.2127 Epoch DTA Trans:  0.0069 Epoch DTA Phys:  0.0066 Epoch DTA Preserve:  0.0053
DTA_GATE_RAMP epoch=6 gate_limit=0.030000
Time:  0.0812 Epoch: 006 Iter:   50/ 600 LR: 0.0000942212 Loss content:  0.0177 Loss fft:  0.8141 Loss dta_rank:  0.6079 Loss dta_tv:  0.0328 Loss dta_proxy:  0.2187 Loss dta_trans:  0.0070 Loss dta_phys:  0.0066 Loss dta_preserve:  0.0060
Time:  0.0759 Epoch: 006 Iter:  100/ 600 LR: 0.0000942212 Loss content:  0.0168 Loss fft:  0.7886 Loss dta_rank:  0.6033 Loss dta_tv:  0.0333 Loss dta_proxy:  0.2058 Loss dta_trans:  0.0064 Loss dta_phys:  0.0070 Loss dta_preserve:  0.0057
Time:  0.0757 Epoch: 006 Iter:  150/ 600 LR: 0.0000942212 Loss content:  0.0174 Loss fft:  0.8251 Loss dta_rank:  0.6069 Loss dta_tv:  0.0330 Loss dta_proxy:  0.2139 Loss dta_trans:  0.0069 Loss dta_phys:  0.0072 Loss dta_preserve:  0.0058
Time:  0.0753 Epoch: 006 Iter:  200/ 600 LR: 0.0000942212 Loss content:  0.0171 Loss fft:  0.8296 Loss dta_rank:  0.6094 Loss dta_tv:  0.0331 Loss dta_proxy:  0.2215 Loss dta_trans:  0.0057 Loss dta_phys:  0.0068 Loss dta_preserve:  0.0049
Time:  0.0766 Epoch: 006 Iter:  250/ 600 LR: 0.0000942212 Loss content:  0.0172 Loss fft:  0.8373 Loss dta_rank:  0.6083 Loss dta_tv:  0.0328 Loss dta_proxy:  0.2179 Loss dta_trans:  0.0063 Loss dta_phys:  0.0062 Loss dta_preserve:  0.0043
Time:  0.0790 Epoch: 006 Iter:  300/ 600 LR: 0.0000942212 Loss content:  0.0177 Loss fft:  0.8309 Loss dta_rank:  0.6106 Loss dta_tv:  0.0328 Loss dta_proxy:  0.2274 Loss dta_trans:  0.0064 Loss dta_phys:  0.0065 Loss dta_preserve:  0.0054
Time:  0.0756 Epoch: 006 Iter:  350/ 600 LR: 0.0000942212 Loss content:  0.0170 Loss fft:  0.8420 Loss dta_rank:  0.6100 Loss dta_tv:  0.0340 Loss dta_proxy:  0.2122 Loss dta_trans:  0.0084 Loss dta_phys:  0.0063 Loss dta_preserve:  0.0057
Time:  0.0735 Epoch: 006 Iter:  400/ 600 LR: 0.0000942212 Loss content:  0.0169 Loss fft:  0.7955 Loss dta_rank:  0.6034 Loss dta_tv:  0.0318 Loss dta_proxy:  0.2137 Loss dta_trans:  0.0064 Loss dta_phys:  0.0065 Loss dta_preserve:  0.0039
Time:  0.0725 Epoch: 006 Iter:  450/ 600 LR: 0.0000942212 Loss content:  0.0175 Loss fft:  0.8333 Loss dta_rank:  0.6049 Loss dta_tv:  0.0331 Loss dta_proxy:  0.2131 Loss dta_trans:  0.0061 Loss dta_phys:  0.0062 Loss dta_preserve:  0.0068
Time:  0.0766 Epoch: 006 Iter:  500/ 600 LR: 0.0000942212 Loss content:  0.0176 Loss fft:  0.8239 Loss dta_rank:  0.6052 Loss dta_tv:  0.0318 Loss dta_proxy:  0.2278 Loss dta_trans:  0.0063 Loss dta_phys:  0.0066 Loss dta_preserve:  0.0068
Time:  0.0729 Epoch: 006 Iter:  550/ 600 LR: 0.0000942212 Loss content:  0.0167 Loss fft:  0.7988 Loss dta_rank:  0.6012 Loss dta_tv:  0.0322 Loss dta_proxy:  0.2183 Loss dta_trans:  0.0074 Loss dta_phys:  0.0064 Loss dta_preserve:  0.0050
Time:  0.0712 Epoch: 006 Iter:  600/ 600 LR: 0.0000942212 Loss content:  0.0171 Loss fft:  0.8054 Loss dta_rank:  0.6034 Loss dta_tv:  0.0326 Loss dta_proxy:  0.2035 Loss dta_trans:  0.0064 Loss dta_phys:  0.0076 Loss dta_preserve:  0.0043
EPOCH: 06
Elapsed time: 0.91 Epoch Pixel Loss:  0.0172 Epoch FFT Loss:  0.8187 Epoch DTA Rank:  0.6062 Epoch DTA TV:  0.0328 Epoch DTA Proxy:  0.2162 Epoch DTA Trans:  0.0066 Epoch DTA Phys:  0.0067 Epoch DTA Preserve:  0.0054
DTA_GATE_RAMP epoch=7 gate_limit=0.030000
Time:  0.0798 Epoch: 007 Iter:   50/ 600 LR: 0.0000886874 Loss content:  0.0173 Loss fft:  0.8016 Loss dta_rank:  0.6038 Loss dta_tv:  0.0318 Loss dta_proxy:  0.2264 Loss dta_trans:  0.0060 Loss dta_phys:  0.0064 Loss dta_preserve:  0.0047
Time:  0.0770 Epoch: 007 Iter:  100/ 600 LR: 0.0000886874 Loss content:  0.0182 Loss fft:  0.8552 Loss dta_rank:  0.6082 Loss dta_tv:  0.0312 Loss dta_proxy:  0.2188 Loss dta_trans:  0.0071 Loss dta_phys:  0.0066 Loss dta_preserve:  0.0061
Time:  0.0781 Epoch: 007 Iter:  150/ 600 LR: 0.0000886874 Loss content:  0.0171 Loss fft:  0.8111 Loss dta_rank:  0.6077 Loss dta_tv:  0.0323 Loss dta_proxy:  0.2133 Loss dta_trans:  0.0058 Loss dta_phys:  0.0064 Loss dta_preserve:  0.0048
Time:  0.0758 Epoch: 007 Iter:  200/ 600 LR: 0.0000886874 Loss content:  0.0169 Loss fft:  0.8080 Loss dta_rank:  0.6073 Loss dta_tv:  0.0323 Loss dta_proxy:  0.2008 Loss dta_trans:  0.0073 Loss dta_phys:  0.0071 Loss dta_preserve:  0.0050
Time:  0.0775 Epoch: 007 Iter:  250/ 600 LR: 0.0000886874 Loss content:  0.0174 Loss fft:  0.8296 Loss dta_rank:  0.6070 Loss dta_tv:  0.0323 Loss dta_proxy:  0.2138 Loss dta_trans:  0.0062 Loss dta_phys:  0.0067 Loss dta_preserve:  0.0048
Time:  0.0774 Epoch: 007 Iter:  300/ 600 LR: 0.0000886874 Loss content:  0.0170 Loss fft:  0.8057 Loss dta_rank:  0.6049 Loss dta_tv:  0.0322 Loss dta_proxy:  0.2072 Loss dta_trans:  0.0051 Loss dta_phys:  0.0064 Loss dta_preserve:  0.0046
Time:  0.0769 Epoch: 007 Iter:  350/ 600 LR: 0.0000886874 Loss content:  0.0174 Loss fft:  0.9472 Loss dta_rank:  0.6017 Loss dta_tv:  0.0324 Loss dta_proxy:  0.2178 Loss dta_trans:  0.0062 Loss dta_phys:  0.0070 Loss dta_preserve:  0.0058
Time:  0.0778 Epoch: 007 Iter:  400/ 600 LR: 0.0000886874 Loss content:  0.0173 Loss fft:  0.8084 Loss dta_rank:  0.6054 Loss dta_tv:  0.0314 Loss dta_proxy:  0.2182 Loss dta_trans:  0.0068 Loss dta_phys:  0.0071 Loss dta_preserve:  0.0060
Time:  0.0754 Epoch: 007 Iter:  450/ 600 LR: 0.0000886874 Loss content:  0.0178 Loss fft:  0.8348 Loss dta_rank:  0.6029 Loss dta_tv:  0.0320 Loss dta_proxy:  0.2081 Loss dta_trans:  0.0073 Loss dta_phys:  0.0063 Loss dta_preserve:  0.0047
Time:  0.0773 Epoch: 007 Iter:  500/ 600 LR: 0.0000886874 Loss content:  0.0170 Loss fft:  0.8149 Loss dta_rank:  0.6060 Loss dta_tv:  0.0316 Loss dta_proxy:  0.2131 Loss dta_trans:  0.0053 Loss dta_phys:  0.0070 Loss dta_preserve:  0.0069
Time:  0.0808 Epoch: 007 Iter:  550/ 600 LR: 0.0000886874 Loss content:  0.0175 Loss fft:  0.8193 Loss dta_rank:  0.6082 Loss dta_tv:  0.0304 Loss dta_proxy:  0.2362 Loss dta_trans:  0.0064 Loss dta_phys:  0.0061 Loss dta_preserve:  0.0053
Time:  0.0758 Epoch: 007 Iter:  600/ 600 LR: 0.0000886874 Loss content:  0.0169 Loss fft:  0.8120 Loss dta_rank:  0.6066 Loss dta_tv:  0.0316 Loss dta_proxy:  0.2039 Loss dta_trans:  0.0067 Loss dta_phys:  0.0075 Loss dta_preserve:  0.0045
EPOCH: 07
Elapsed time: 0.93 Epoch Pixel Loss:  0.0173 Epoch FFT Loss:  0.8290 Epoch DTA Rank:  0.6058 Epoch DTA TV:  0.0318 Epoch DTA Proxy:  0.2148 Epoch DTA Trans:  0.0063 Epoch DTA Phys:  0.0067 Epoch DTA Preserve:  0.0053
DTA_GATE_RAMP epoch=8 gate_limit=0.030000
Time:  0.0837 Epoch: 008 Iter:   50/ 600 LR: 0.0000819070 Loss content:  0.0169 Loss fft:  0.7919 Loss dta_rank:  0.6051 Loss dta_tv:  0.0309 Loss dta_proxy:  0.2136 Loss dta_trans:  0.0070 Loss dta_phys:  0.0065 Loss dta_preserve:  0.0062
Time:  0.0787 Epoch: 008 Iter:  100/ 600 LR: 0.0000819070 Loss content:  0.0172 Loss fft:  0.8294 Loss dta_rank:  0.6046 Loss dta_tv:  0.0317 Loss dta_proxy:  0.2117 Loss dta_trans:  0.0067 Loss dta_phys:  0.0062 Loss dta_preserve:  0.0047
Time:  0.0804 Epoch: 008 Iter:  150/ 600 LR: 0.0000819070 Loss content:  0.0172 Loss fft:  0.8262 Loss dta_rank:  0.6067 Loss dta_tv:  0.0299 Loss dta_proxy:  0.2248 Loss dta_trans:  0.0056 Loss dta_phys:  0.0068 Loss dta_preserve:  0.0054
Time:  0.0773 Epoch: 008 Iter:  200/ 600 LR: 0.0000819070 Loss content:  0.0170 Loss fft:  0.8102 Loss dta_rank:  0.6036 Loss dta_tv:  0.0313 Loss dta_proxy:  0.2084 Loss dta_trans:  0.0059 Loss dta_phys:  0.0059 Loss dta_preserve:  0.0048
Time:  0.0775 Epoch: 008 Iter:  250/ 600 LR: 0.0000819070 Loss content:  0.0172 Loss fft:  0.8333 Loss dta_rank:  0.6041 Loss dta_tv:  0.0313 Loss dta_proxy:  0.2138 Loss dta_trans:  0.0063 Loss dta_phys:  0.0069 Loss dta_preserve:  0.0049
Time:  0.0802 Epoch: 008 Iter:  300/ 600 LR: 0.0000819070 Loss content:  0.0170 Loss fft:  0.8153 Loss dta_rank:  0.6012 Loss dta_tv:  0.0312 Loss dta_proxy:  0.2036 Loss dta_trans:  0.0063 Loss dta_phys:  0.0071 Loss dta_preserve:  0.0043
Time:  0.0784 Epoch: 008 Iter:  350/ 600 LR: 0.0000819070 Loss content:  0.0163 Loss fft:  0.8156 Loss dta_rank:  0.6067 Loss dta_tv:  0.0299 Loss dta_proxy:  0.2217 Loss dta_trans:  0.0053 Loss dta_phys:  0.0067 Loss dta_preserve:  0.0050
Time:  0.0757 Epoch: 008 Iter:  400/ 600 LR: 0.0000819070 Loss content:  0.0173 Loss fft:  0.8355 Loss dta_rank:  0.6028 Loss dta_tv:  0.0311 Loss dta_proxy:  0.2028 Loss dta_trans:  0.0066 Loss dta_phys:  0.0074 Loss dta_preserve:  0.0039
Time:  0.0790 Epoch: 008 Iter:  450/ 600 LR: 0.0000819070 Loss content:  0.0171 Loss fft:  0.8171 Loss dta_rank:  0.6040 Loss dta_tv:  0.0316 Loss dta_proxy:  0.2094 Loss dta_trans:  0.0060 Loss dta_phys:  0.0063 Loss dta_preserve:  0.0058
Time:  0.0803 Epoch: 008 Iter:  500/ 600 LR: 0.0000819070 Loss content:  0.0182 Loss fft:  0.8482 Loss dta_rank:  0.6051 Loss dta_tv:  0.0314 Loss dta_proxy:  0.1991 Loss dta_trans:  0.0065 Loss dta_phys:  0.0072 Loss dta_preserve:  0.0052
Time:  0.0832 Epoch: 008 Iter:  550/ 600 LR: 0.0000819070 Loss content:  0.0168 Loss fft:  0.8259 Loss dta_rank:  0.6057 Loss dta_tv:  0.0315 Loss dta_proxy:  0.2007 Loss dta_trans:  0.0067 Loss dta_phys:  0.0065 Loss dta_preserve:  0.0059
Time:  0.0785 Epoch: 008 Iter:  600/ 600 LR: 0.0000819070 Loss content:  0.0180 Loss fft:  0.8548 Loss dta_rank:  0.6091 Loss dta_tv:  0.0310 Loss dta_proxy:  0.2042 Loss dta_trans:  0.0066 Loss dta_phys:  0.0070 Loss dta_preserve:  0.0073
EPOCH: 08
Elapsed time: 0.96 Epoch Pixel Loss:  0.0172 Epoch FFT Loss:  0.8253 Epoch DTA Rank:  0.6049 Epoch DTA TV:  0.0311 Epoch DTA Proxy:  0.2095 Epoch DTA Trans:  0.0063 Epoch DTA Phys:  0.0067 Epoch DTA Preserve:  0.0053
DTA_GATE_RAMP epoch=9 gate_limit=0.060000
Time:  0.0822 Epoch: 009 Iter:   50/ 600 LR: 0.0000741093 Loss content:  0.0175 Loss fft:  0.8283 Loss dta_rank:  0.6066 Loss dta_tv:  0.0302 Loss dta_proxy:  0.2145 Loss dta_trans:  0.0069 Loss dta_phys:  0.0070 Loss dta_preserve:  0.0058
Time:  0.0679 Epoch: 009 Iter:  100/ 600 LR: 0.0000741093 Loss content:  0.0172 Loss fft:  0.8114 Loss dta_rank:  0.6000 Loss dta_tv:  0.0304 Loss dta_proxy:  0.2059 Loss dta_trans:  0.0048 Loss dta_phys:  0.0063 Loss dta_preserve:  0.0062
Time:  0.0691 Epoch: 009 Iter:  150/ 600 LR: 0.0000741093 Loss content:  0.0165 Loss fft:  0.8062 Loss dta_rank:  0.5994 Loss dta_tv:  0.0308 Loss dta_proxy:  0.2156 Loss dta_trans:  0.0057 Loss dta_phys:  0.0068 Loss dta_preserve:  0.0048
Time:  0.0747 Epoch: 009 Iter:  200/ 600 LR: 0.0000741093 Loss content:  0.0169 Loss fft:  0.7789 Loss dta_rank:  0.6103 Loss dta_tv:  0.0321 Loss dta_proxy:  0.2024 Loss dta_trans:  0.0073 Loss dta_phys:  0.0070 Loss dta_preserve:  0.0050
Time:  0.0769 Epoch: 009 Iter:  250/ 600 LR: 0.0000741093 Loss content:  0.0167 Loss fft:  0.8074 Loss dta_rank:  0.6039 Loss dta_tv:  0.0313 Loss dta_proxy:  0.2136 Loss dta_trans:  0.0062 Loss dta_phys:  0.0061 Loss dta_preserve:  0.0070
Time:  0.0793 Epoch: 009 Iter:  300/ 600 LR: 0.0000741093 Loss content:  0.0175 Loss fft:  0.7912 Loss dta_rank:  0.6032 Loss dta_tv:  0.0311 Loss dta_proxy:  0.2079 Loss dta_trans:  0.0059 Loss dta_phys:  0.0067 Loss dta_preserve:  0.0043
Time:  0.0729 Epoch: 009 Iter:  350/ 600 LR: 0.0000741093 Loss content:  0.0171 Loss fft:  0.7948 Loss dta_rank:  0.6074 Loss dta_tv:  0.0307 Loss dta_proxy:  0.2047 Loss dta_trans:  0.0076 Loss dta_phys:  0.0067 Loss dta_preserve:  0.0054
Time:  0.0745 Epoch: 009 Iter:  400/ 600 LR: 0.0000741093 Loss content:  0.0176 Loss fft:  0.8564 Loss dta_rank:  0.6048 Loss dta_tv:  0.0298 Loss dta_proxy:  0.2133 Loss dta_trans:  0.0062 Loss dta_phys:  0.0067 Loss dta_preserve:  0.0055
Time:  0.0779 Epoch: 009 Iter:  450/ 600 LR: 0.0000741093 Loss content:  0.0168 Loss fft:  0.8305 Loss dta_rank:  0.6017 Loss dta_tv:  0.0310 Loss dta_proxy:  0.2038 Loss dta_trans:  0.0064 Loss dta_phys:  0.0064 Loss dta_preserve:  0.0047
Time:  0.0743 Epoch: 009 Iter:  500/ 600 LR: 0.0000741093 Loss content:  0.0173 Loss fft:  0.8326 Loss dta_rank:  0.6024 Loss dta_tv:  0.0310 Loss dta_proxy:  0.2003 Loss dta_trans:  0.0062 Loss dta_phys:  0.0069 Loss dta_preserve:  0.0049
Time:  0.0748 Epoch: 009 Iter:  550/ 600 LR: 0.0000741093 Loss content:  0.0178 Loss fft:  0.8590 Loss dta_rank:  0.5994 Loss dta_tv:  0.0308 Loss dta_proxy:  0.1991 Loss dta_trans:  0.0049 Loss dta_phys:  0.0058 Loss dta_preserve:  0.0062
Time:  0.0746 Epoch: 009 Iter:  600/ 600 LR: 0.0000741093 Loss content:  0.0172 Loss fft:  0.8122 Loss dta_rank:  0.6015 Loss dta_tv:  0.0313 Loss dta_proxy:  0.1960 Loss dta_trans:  0.0065 Loss dta_phys:  0.0072 Loss dta_preserve:  0.0049
EPOCH: 09
Elapsed time: 0.90 Epoch Pixel Loss:  0.0172 Epoch FFT Loss:  0.8174 Epoch DTA Rank:  0.6034 Epoch DTA TV:  0.0309 Epoch DTA Proxy:  0.2064 Epoch DTA Trans:  0.0062 Epoch DTA Phys:  0.0066 Epoch DTA Preserve:  0.0054
DTA_GATE_RAMP epoch=10 gate_limit=0.060000
Time:  0.0764 Epoch: 010 Iter:   50/ 600 LR: 0.0000655580 Loss content:  0.0181 Loss fft:  0.8463 Loss dta_rank:  0.6031 Loss dta_tv:  0.0301 Loss dta_proxy:  0.2101 Loss dta_trans:  0.0052 Loss dta_phys:  0.0059 Loss dta_preserve:  0.0046
Time:  0.0696 Epoch: 010 Iter:  100/ 600 LR: 0.0000655580 Loss content:  0.0173 Loss fft:  0.8071 Loss dta_rank:  0.6037 Loss dta_tv:  0.0308 Loss dta_proxy:  0.2043 Loss dta_trans:  0.0058 Loss dta_phys:  0.0070 Loss dta_preserve:  0.0056
Time:  0.0751 Epoch: 010 Iter:  150/ 600 LR: 0.0000655580 Loss content:  0.0165 Loss fft:  0.7846 Loss dta_rank:  0.6029 Loss dta_tv:  0.0302 Loss dta_proxy:  0.2158 Loss dta_trans:  0.0056 Loss dta_phys:  0.0069 Loss dta_preserve:  0.0055
Time:  0.0715 Epoch: 010 Iter:  200/ 600 LR: 0.0000655580 Loss content:  0.0168 Loss fft:  0.8169 Loss dta_rank:  0.6022 Loss dta_tv:  0.0314 Loss dta_proxy:  0.2005 Loss dta_trans:  0.0068 Loss dta_phys:  0.0069 Loss dta_preserve:  0.0041
Time:  0.0678 Epoch: 010 Iter:  250/ 600 LR: 0.0000655580 Loss content:  0.0166 Loss fft:  0.8167 Loss dta_rank:  0.6073 Loss dta_tv:  0.0297 Loss dta_proxy:  0.2055 Loss dta_trans:  0.0062 Loss dta_phys:  0.0070 Loss dta_preserve:  0.0055
Time:  0.0638 Epoch: 010 Iter:  300/ 600 LR: 0.0000655580 Loss content:  0.0174 Loss fft:  0.8178 Loss dta_rank:  0.6019 Loss dta_tv:  0.0297 Loss dta_proxy:  0.2044 Loss dta_trans:  0.0054 Loss dta_phys:  0.0065 Loss dta_preserve:  0.0048
Time:  0.0631 Epoch: 010 Iter:  350/ 600 LR: 0.0000655580 Loss content:  0.0168 Loss fft:  0.7983 Loss dta_rank:  0.6036 Loss dta_tv:  0.0310 Loss dta_proxy:  0.2004 Loss dta_trans:  0.0061 Loss dta_phys:  0.0061 Loss dta_preserve:  0.0049
Time:  0.0608 Epoch: 010 Iter:  400/ 600 LR: 0.0000655580 Loss content:  0.0169 Loss fft:  0.8222 Loss dta_rank:  0.6035 Loss dta_tv:  0.0305 Loss dta_proxy:  0.2076 Loss dta_trans:  0.0061 Loss dta_phys:  0.0069 Loss dta_preserve:  0.0062
Time:  0.0692 Epoch: 010 Iter:  450/ 600 LR: 0.0000655580 Loss content:  0.0175 Loss fft:  0.8325 Loss dta_rank:  0.6051 Loss dta_tv:  0.0305 Loss dta_proxy:  0.2096 Loss dta_trans:  0.0067 Loss dta_phys:  0.0063 Loss dta_preserve:  0.0048
Time:  0.0726 Epoch: 010 Iter:  500/ 600 LR: 0.0000655580 Loss content:  0.0167 Loss fft:  0.8048 Loss dta_rank:  0.6076 Loss dta_tv:  0.0295 Loss dta_proxy:  0.2126 Loss dta_trans:  0.0062 Loss dta_phys:  0.0069 Loss dta_preserve:  0.0047
Time:  0.0739 Epoch: 010 Iter:  550/ 600 LR: 0.0000655580 Loss content:  0.0171 Loss fft:  0.8390 Loss dta_rank:  0.6042 Loss dta_tv:  0.0301 Loss dta_proxy:  0.2175 Loss dta_trans:  0.0062 Loss dta_phys:  0.0067 Loss dta_preserve:  0.0044
Time:  0.0794 Epoch: 010 Iter:  600/ 600 LR: 0.0000655580 Loss content:  0.0172 Loss fft:  0.8451 Loss dta_rank:  0.6036 Loss dta_tv:  0.0300 Loss dta_proxy:  0.2138 Loss dta_trans:  0.0071 Loss dta_phys:  0.0074 Loss dta_preserve:  0.0064
EPOCH: 10
Elapsed time: 0.85 Epoch Pixel Loss:  0.0171 Epoch FFT Loss:  0.8193 Epoch DTA Rank:  0.6040 Epoch DTA TV:  0.0303 Epoch DTA Proxy:  0.2085 Epoch DTA Trans:  0.0061 Epoch DTA Phys:  0.0067 Epoch DTA Preserve:  0.0051
DTA_GATE_RAMP epoch=11 gate_limit=0.060000
Time:  0.0815 Epoch: 011 Iter:   50/ 600 LR: 0.0000565424 Loss content:  0.0168 Loss fft:  0.8189 Loss dta_rank:  0.6057 Loss dta_tv:  0.0300 Loss dta_proxy:  0.2046 Loss dta_trans:  0.0053 Loss dta_phys:  0.0064 Loss dta_preserve:  0.0040
Time:  0.0747 Epoch: 011 Iter:  100/ 600 LR: 0.0000565424 Loss content:  0.0169 Loss fft:  0.8227 Loss dta_rank:  0.6061 Loss dta_tv:  0.0307 Loss dta_proxy:  0.2048 Loss dta_trans:  0.0054 Loss dta_phys:  0.0060 Loss dta_preserve:  0.0050
Time:  0.0749 Epoch: 011 Iter:  150/ 600 LR: 0.0000565424 Loss content:  0.0170 Loss fft:  0.8161 Loss dta_rank:  0.6032 Loss dta_tv:  0.0305 Loss dta_proxy:  0.2004 Loss dta_trans:  0.0062 Loss dta_phys:  0.0061 Loss dta_preserve:  0.0051
Time:  0.0770 Epoch: 011 Iter:  200/ 600 LR: 0.0000565424 Loss content:  0.0166 Loss fft:  0.8181 Loss dta_rank:  0.5996 Loss dta_tv:  0.0289 Loss dta_proxy:  0.2186 Loss dta_trans:  0.0065 Loss dta_phys:  0.0064 Loss dta_preserve:  0.0051
Time:  0.0797 Epoch: 011 Iter:  250/ 600 LR: 0.0000565424 Loss content:  0.0174 Loss fft:  0.8414 Loss dta_rank:  0.6037 Loss dta_tv:  0.0314 Loss dta_proxy:  0.2092 Loss dta_trans:  0.0064 Loss dta_phys:  0.0065 Loss dta_preserve:  0.0048
Time:  0.0804 Epoch: 011 Iter:  300/ 600 LR: 0.0000565424 Loss content:  0.0168 Loss fft:  0.8144 Loss dta_rank:  0.6028 Loss dta_tv:  0.0296 Loss dta_proxy:  0.2149 Loss dta_trans:  0.0055 Loss dta_phys:  0.0075 Loss dta_preserve:  0.0042
Time:  0.0806 Epoch: 011 Iter:  350/ 600 LR: 0.0000565424 Loss content:  0.0167 Loss fft:  0.8224 Loss dta_rank:  0.6096 Loss dta_tv:  0.0299 Loss dta_proxy:  0.2157 Loss dta_trans:  0.0059 Loss dta_phys:  0.0074 Loss dta_preserve:  0.0060
Time:  0.0818 Epoch: 011 Iter:  400/ 600 LR: 0.0000565424 Loss content:  0.0174 Loss fft:  0.8036 Loss dta_rank:  0.6073 Loss dta_tv:  0.0296 Loss dta_proxy:  0.2103 Loss dta_trans:  0.0061 Loss dta_phys:  0.0073 Loss dta_preserve:  0.0053
Time:  0.0728 Epoch: 011 Iter:  450/ 600 LR: 0.0000565424 Loss content:  0.0168 Loss fft:  0.8169 Loss dta_rank:  0.6070 Loss dta_tv:  0.0304 Loss dta_proxy:  0.2041 Loss dta_trans:  0.0069 Loss dta_phys:  0.0074 Loss dta_preserve:  0.0050
Time:  0.0660 Epoch: 011 Iter:  500/ 600 LR: 0.0000565424 Loss content:  0.0173 Loss fft:  0.8305 Loss dta_rank:  0.6036 Loss dta_tv:  0.0298 Loss dta_proxy:  0.2116 Loss dta_trans:  0.0059 Loss dta_phys:  0.0062 Loss dta_preserve:  0.0048
Time:  0.0724 Epoch: 011 Iter:  550/ 600 LR: 0.0000565424 Loss content:  0.0173 Loss fft:  0.8198 Loss dta_rank:  0.6024 Loss dta_tv:  0.0295 Loss dta_proxy:  0.2082 Loss dta_trans:  0.0051 Loss dta_phys:  0.0064 Loss dta_preserve:  0.0047
Time:  0.0726 Epoch: 011 Iter:  600/ 600 LR: 0.0000565424 Loss content:  0.0173 Loss fft:  0.7946 Loss dta_rank:  0.6032 Loss dta_tv:  0.0313 Loss dta_proxy:  0.2047 Loss dta_trans:  0.0061 Loss dta_phys:  0.0065 Loss dta_preserve:  0.0054
EPOCH: 11
Elapsed time: 0.92 Epoch Pixel Loss:  0.0170 Epoch FFT Loss:  0.8183 Epoch DTA Rank:  0.6045 Epoch DTA TV:  0.0301 Epoch DTA Proxy:  0.2089 Epoch DTA Trans:  0.0059 Epoch DTA Phys:  0.0067 Epoch DTA Preserve:  0.0050
DTA_GATE_RAMP epoch=12 gate_limit=0.060000
Time:  0.0816 Epoch: 012 Iter:   50/ 600 LR: 0.0000473670 Loss content:  0.0172 Loss fft:  0.8155 Loss dta_rank:  0.6004 Loss dta_tv:  0.0300 Loss dta_proxy:  0.2020 Loss dta_trans:  0.0056 Loss dta_phys:  0.0072 Loss dta_preserve:  0.0043
Time:  0.0755 Epoch: 012 Iter:  100/ 600 LR: 0.0000473670 Loss content:  0.0172 Loss fft:  0.8191 Loss dta_rank:  0.6010 Loss dta_tv:  0.0308 Loss dta_proxy:  0.2082 Loss dta_trans:  0.0055 Loss dta_phys:  0.0062 Loss dta_preserve:  0.0058
Time:  0.0742 Epoch: 012 Iter:  150/ 600 LR: 0.0000473670 Loss content:  0.0164 Loss fft:  0.8345 Loss dta_rank:  0.6021 Loss dta_tv:  0.0302 Loss dta_proxy:  0.2068 Loss dta_trans:  0.0057 Loss dta_phys:  0.0066 Loss dta_preserve:  0.0037
Time:  0.0740 Epoch: 012 Iter:  200/ 600 LR: 0.0000473670 Loss content:  0.0174 Loss fft:  0.8071 Loss dta_rank:  0.6082 Loss dta_tv:  0.0293 Loss dta_proxy:  0.2198 Loss dta_trans:  0.0069 Loss dta_phys:  0.0073 Loss dta_preserve:  0.0045
Time:  0.0776 Epoch: 012 Iter:  250/ 600 LR: 0.0000473670 Loss content:  0.0169 Loss fft:  0.8269 Loss dta_rank:  0.6015 Loss dta_tv:  0.0294 Loss dta_proxy:  0.2166 Loss dta_trans:  0.0060 Loss dta_phys:  0.0063 Loss dta_preserve:  0.0050
Time:  0.0732 Epoch: 012 Iter:  300/ 600 LR: 0.0000473670 Loss content:  0.0176 Loss fft:  0.8261 Loss dta_rank:  0.6001 Loss dta_tv:  0.0302 Loss dta_proxy:  0.2102 Loss dta_trans:  0.0067 Loss dta_phys:  0.0069 Loss dta_preserve:  0.0042
Time:  0.0712 Epoch: 012 Iter:  350/ 600 LR: 0.0000473670 Loss content:  0.0170 Loss fft:  0.8278 Loss dta_rank:  0.5962 Loss dta_tv:  0.0309 Loss dta_proxy:  0.1973 Loss dta_trans:  0.0060 Loss dta_phys:  0.0060 Loss dta_preserve:  0.0063
Time:  0.0734 Epoch: 012 Iter:  400/ 600 LR: 0.0000473670 Loss content:  0.0170 Loss fft:  0.8124 Loss dta_rank:  0.6041 Loss dta_tv:  0.0302 Loss dta_proxy:  0.1964 Loss dta_trans:  0.0060 Loss dta_phys:  0.0065 Loss dta_preserve:  0.0040
Time:  0.0716 Epoch: 012 Iter:  450/ 600 LR: 0.0000473670 Loss content:  0.0168 Loss fft:  0.8118 Loss dta_rank:  0.6038 Loss dta_tv:  0.0302 Loss dta_proxy:  0.2092 Loss dta_trans:  0.0065 Loss dta_phys:  0.0075 Loss dta_preserve:  0.0053
Time:  0.0740 Epoch: 012 Iter:  500/ 600 LR: 0.0000473670 Loss content:  0.0170 Loss fft:  0.8022 Loss dta_rank:  0.6013 Loss dta_tv:  0.0302 Loss dta_proxy:  0.2040 Loss dta_trans:  0.0049 Loss dta_phys:  0.0061 Loss dta_preserve:  0.0051
Time:  0.0771 Epoch: 012 Iter:  550/ 600 LR: 0.0000473670 Loss content:  0.0185 Loss fft:  0.8171 Loss dta_rank:  0.6004 Loss dta_tv:  0.0298 Loss dta_proxy:  0.2055 Loss dta_trans:  0.0061 Loss dta_phys:  0.0064 Loss dta_preserve:  0.0060
Time:  0.0804 Epoch: 012 Iter:  600/ 600 LR: 0.0000473670 Loss content:  0.0166 Loss fft:  0.8161 Loss dta_rank:  0.6030 Loss dta_tv:  0.0297 Loss dta_proxy:  0.2102 Loss dta_trans:  0.0063 Loss dta_phys:  0.0069 Loss dta_preserve:  0.0051
EPOCH: 12
Elapsed time: 0.91 Epoch Pixel Loss:  0.0171 Epoch FFT Loss:  0.8180 Epoch DTA Rank:  0.6018 Epoch DTA TV:  0.0301 Epoch DTA Proxy:  0.2072 Epoch DTA Trans:  0.0060 Epoch DTA Phys:  0.0067 Epoch DTA Preserve:  0.0049
DTA_GATE_RAMP epoch=13 gate_limit=0.060000
Time:  0.0809 Epoch: 013 Iter:   50/ 600 LR: 0.0000383414 Loss content:  0.0171 Loss fft:  0.8036 Loss dta_rank:  0.6022 Loss dta_tv:  0.0299 Loss dta_proxy:  0.1998 Loss dta_trans:  0.0062 Loss dta_phys:  0.0065 Loss dta_preserve:  0.0065
Time:  0.0726 Epoch: 013 Iter:  100/ 600 LR: 0.0000383414 Loss content:  0.0167 Loss fft:  0.8287 Loss dta_rank:  0.6065 Loss dta_tv:  0.0310 Loss dta_proxy:  0.1946 Loss dta_trans:  0.0069 Loss dta_phys:  0.0067 Loss dta_preserve:  0.0045
Time:  0.0752 Epoch: 013 Iter:  150/ 600 LR: 0.0000383414 Loss content:  0.0168 Loss fft:  0.8219 Loss dta_rank:  0.6036 Loss dta_tv:  0.0299 Loss dta_proxy:  0.2038 Loss dta_trans:  0.0066 Loss dta_phys:  0.0059 Loss dta_preserve:  0.0057
Time:  0.0742 Epoch: 013 Iter:  200/ 600 LR: 0.0000383414 Loss content:  0.0176 Loss fft:  0.8240 Loss dta_rank:  0.5988 Loss dta_tv:  0.0300 Loss dta_proxy:  0.2101 Loss dta_trans:  0.0060 Loss dta_phys:  0.0068 Loss dta_preserve:  0.0057
Time:  0.0807 Epoch: 013 Iter:  250/ 600 LR: 0.0000383414 Loss content:  0.0169 Loss fft:  0.7773 Loss dta_rank:  0.6045 Loss dta_tv:  0.0294 Loss dta_proxy:  0.2159 Loss dta_trans:  0.0063 Loss dta_phys:  0.0061 Loss dta_preserve:  0.0049
Time:  0.0750 Epoch: 013 Iter:  300/ 600 LR: 0.0000383414 Loss content:  0.0167 Loss fft:  0.8250 Loss dta_rank:  0.6006 Loss dta_tv:  0.0302 Loss dta_proxy:  0.2051 Loss dta_trans:  0.0058 Loss dta_phys:  0.0065 Loss dta_preserve:  0.0052
Time:  0.0792 Epoch: 013 Iter:  350/ 600 LR: 0.0000383414 Loss content:  0.0176 Loss fft:  0.8192 Loss dta_rank:  0.6048 Loss dta_tv:  0.0299 Loss dta_proxy:  0.2114 Loss dta_trans:  0.0062 Loss dta_phys:  0.0077 Loss dta_preserve:  0.0048
Time:  0.0752 Epoch: 013 Iter:  400/ 600 LR: 0.0000383414 Loss content:  0.0174 Loss fft:  0.8252 Loss dta_rank:  0.6066 Loss dta_tv:  0.0295 Loss dta_proxy:  0.2160 Loss dta_trans:  0.0060 Loss dta_phys:  0.0069 Loss dta_preserve:  0.0056
Time:  0.0768 Epoch: 013 Iter:  450/ 600 LR: 0.0000383414 Loss content:  0.0170 Loss fft:  0.8167 Loss dta_rank:  0.6001 Loss dta_tv:  0.0293 Loss dta_proxy:  0.2038 Loss dta_trans:  0.0055 Loss dta_phys:  0.0066 Loss dta_preserve:  0.0057
Time:  0.0761 Epoch: 013 Iter:  500/ 600 LR: 0.0000383414 Loss content:  0.0176 Loss fft:  0.8587 Loss dta_rank:  0.6025 Loss dta_tv:  0.0294 Loss dta_proxy:  0.2134 Loss dta_trans:  0.0056 Loss dta_phys:  0.0064 Loss dta_preserve:  0.0055
Time:  0.0733 Epoch: 013 Iter:  550/ 600 LR: 0.0000383414 Loss content:  0.0166 Loss fft:  0.8292 Loss dta_rank:  0.6015 Loss dta_tv:  0.0301 Loss dta_proxy:  0.2000 Loss dta_trans:  0.0059 Loss dta_phys:  0.0071 Loss dta_preserve:  0.0043
Time:  0.0804 Epoch: 013 Iter:  600/ 600 LR: 0.0000383414 Loss content:  0.0172 Loss fft:  0.8423 Loss dta_rank:  0.6031 Loss dta_tv:  0.0297 Loss dta_proxy:  0.2147 Loss dta_trans:  0.0058 Loss dta_phys:  0.0072 Loss dta_preserve:  0.0049
EPOCH: 13
Elapsed time: 0.92 Epoch Pixel Loss:  0.0171 Epoch FFT Loss:  0.8227 Epoch DTA Rank:  0.6029 Epoch DTA TV:  0.0299 Epoch DTA Proxy:  0.2074 Epoch DTA Trans:  0.0061 Epoch DTA Phys:  0.0067 Epoch DTA Preserve:  0.0053
DTA_GATE_RAMP epoch=14 gate_limit=0.060000
Time:  0.0833 Epoch: 014 Iter:   50/ 600 LR: 0.0000297690 Loss content:  0.0169 Loss fft:  0.8371 Loss dta_rank:  0.6010 Loss dta_tv:  0.0295 Loss dta_proxy:  0.2017 Loss dta_trans:  0.0057 Loss dta_phys:  0.0071 Loss dta_preserve:  0.0047
Time:  0.0773 Epoch: 014 Iter:  100/ 600 LR: 0.0000297690 Loss content:  0.0169 Loss fft:  0.8085 Loss dta_rank:  0.6125 Loss dta_tv:  0.0292 Loss dta_proxy:  0.2158 Loss dta_trans:  0.0061 Loss dta_phys:  0.0067 Loss dta_preserve:  0.0041
Time:  0.0793 Epoch: 014 Iter:  150/ 600 LR: 0.0000297690 Loss content:  0.0168 Loss fft:  0.8171 Loss dta_rank:  0.5982 Loss dta_tv:  0.0299 Loss dta_proxy:  0.2007 Loss dta_trans:  0.0057 Loss dta_phys:  0.0071 Loss dta_preserve:  0.0047
Time:  0.0757 Epoch: 014 Iter:  200/ 600 LR: 0.0000297690 Loss content:  0.0171 Loss fft:  0.8336 Loss dta_rank:  0.5990 Loss dta_tv:  0.0295 Loss dta_proxy:  0.1991 Loss dta_trans:  0.0054 Loss dta_phys:  0.0061 Loss dta_preserve:  0.0054
Time:  0.0760 Epoch: 014 Iter:  250/ 600 LR: 0.0000297690 Loss content:  0.0177 Loss fft:  0.8544 Loss dta_rank:  0.6023 Loss dta_tv:  0.0296 Loss dta_proxy:  0.2117 Loss dta_trans:  0.0055 Loss dta_phys:  0.0074 Loss dta_preserve:  0.0054
Time:  0.0780 Epoch: 014 Iter:  300/ 600 LR: 0.0000297690 Loss content:  0.0175 Loss fft:  0.8333 Loss dta_rank:  0.6015 Loss dta_tv:  0.0300 Loss dta_proxy:  0.1999 Loss dta_trans:  0.0055 Loss dta_phys:  0.0065 Loss dta_preserve:  0.0052
Time:  0.0777 Epoch: 014 Iter:  350/ 600 LR: 0.0000297690 Loss content:  0.0172 Loss fft:  0.7963 Loss dta_rank:  0.6010 Loss dta_tv:  0.0289 Loss dta_proxy:  0.2146 Loss dta_trans:  0.0061 Loss dta_phys:  0.0071 Loss dta_preserve:  0.0046
Time:  0.0780 Epoch: 014 Iter:  400/ 600 LR: 0.0000297690 Loss content:  0.0170 Loss fft:  0.8455 Loss dta_rank:  0.6059 Loss dta_tv:  0.0298 Loss dta_proxy:  0.2061 Loss dta_trans:  0.0059 Loss dta_phys:  0.0060 Loss dta_preserve:  0.0053
Time:  0.0796 Epoch: 014 Iter:  450/ 600 LR: 0.0000297690 Loss content:  0.0174 Loss fft:  0.8347 Loss dta_rank:  0.6041 Loss dta_tv:  0.0289 Loss dta_proxy:  0.2240 Loss dta_trans:  0.0061 Loss dta_phys:  0.0065 Loss dta_preserve:  0.0055
Time:  0.0806 Epoch: 014 Iter:  500/ 600 LR: 0.0000297690 Loss content:  0.0167 Loss fft:  0.8092 Loss dta_rank:  0.6008 Loss dta_tv:  0.0300 Loss dta_proxy:  0.2022 Loss dta_trans:  0.0059 Loss dta_phys:  0.0078 Loss dta_preserve:  0.0050
Time:  0.0738 Epoch: 014 Iter:  550/ 600 LR: 0.0000297690 Loss content:  0.0175 Loss fft:  0.8336 Loss dta_rank:  0.6021 Loss dta_tv:  0.0294 Loss dta_proxy:  0.2100 Loss dta_trans:  0.0059 Loss dta_phys:  0.0067 Loss dta_preserve:  0.0059
Time:  0.0757 Epoch: 014 Iter:  600/ 600 LR: 0.0000297690 Loss content:  0.0185 Loss fft:  0.8382 Loss dta_rank:  0.6053 Loss dta_tv:  0.0299 Loss dta_proxy:  0.2089 Loss dta_trans:  0.0059 Loss dta_phys:  0.0056 Loss dta_preserve:  0.0058
EPOCH: 14
Elapsed time: 0.94 Epoch Pixel Loss:  0.0173 Epoch FFT Loss:  0.8285 Epoch DTA Rank:  0.6028 Epoch DTA TV:  0.0295 Epoch DTA Proxy:  0.2079 Epoch DTA Trans:  0.0058 Epoch DTA Phys:  0.0067 Epoch DTA Preserve:  0.0051
DTA_GATE_RAMP epoch=15 gate_limit=0.060000
Time:  0.0786 Epoch: 015 Iter:   50/ 600 LR: 0.0000219361 Loss content:  0.0171 Loss fft:  0.8324 Loss dta_rank:  0.5998 Loss dta_tv:  0.0298 Loss dta_proxy:  0.2168 Loss dta_trans:  0.0055 Loss dta_phys:  0.0068 Loss dta_preserve:  0.0054
Time:  0.0789 Epoch: 015 Iter:  100/ 600 LR: 0.0000219361 Loss content:  0.0170 Loss fft:  0.7928 Loss dta_rank:  0.6014 Loss dta_tv:  0.0298 Loss dta_proxy:  0.2109 Loss dta_trans:  0.0056 Loss dta_phys:  0.0062 Loss dta_preserve:  0.0046
Time:  0.0740 Epoch: 015 Iter:  150/ 600 LR: 0.0000219361 Loss content:  0.0174 Loss fft:  0.8310 Loss dta_rank:  0.6070 Loss dta_tv:  0.0286 Loss dta_proxy:  0.2173 Loss dta_trans:  0.0053 Loss dta_phys:  0.0063 Loss dta_preserve:  0.0056
Time:  0.0758 Epoch: 015 Iter:  200/ 600 LR: 0.0000219361 Loss content:  0.0172 Loss fft:  0.8432 Loss dta_rank:  0.6004 Loss dta_tv:  0.0297 Loss dta_proxy:  0.2087 Loss dta_trans:  0.0055 Loss dta_phys:  0.0068 Loss dta_preserve:  0.0064
Time:  0.0765 Epoch: 015 Iter:  250/ 600 LR: 0.0000219361 Loss content:  0.0177 Loss fft:  0.8273 Loss dta_rank:  0.6006 Loss dta_tv:  0.0291 Loss dta_proxy:  0.2096 Loss dta_trans:  0.0062 Loss dta_phys:  0.0070 Loss dta_preserve:  0.0060
Time:  0.0800 Epoch: 015 Iter:  300/ 600 LR: 0.0000219361 Loss content:  0.0172 Loss fft:  0.8569 Loss dta_rank:  0.6008 Loss dta_tv:  0.0295 Loss dta_proxy:  0.2112 Loss dta_trans:  0.0058 Loss dta_phys:  0.0065 Loss dta_preserve:  0.0058
Time:  0.0749 Epoch: 015 Iter:  350/ 600 LR: 0.0000219361 Loss content:  0.0174 Loss fft:  0.8290 Loss dta_rank:  0.6010 Loss dta_tv:  0.0301 Loss dta_proxy:  0.1920 Loss dta_trans:  0.0057 Loss dta_phys:  0.0068 Loss dta_preserve:  0.0064
Time:  0.0761 Epoch: 015 Iter:  400/ 600 LR: 0.0000219361 Loss content:  0.0172 Loss fft:  0.8126 Loss dta_rank:  0.5993 Loss dta_tv:  0.0297 Loss dta_proxy:  0.2027 Loss dta_trans:  0.0063 Loss dta_phys:  0.0065 Loss dta_preserve:  0.0048
Time:  0.0792 Epoch: 015 Iter:  450/ 600 LR: 0.0000219361 Loss content:  0.0172 Loss fft:  0.8004 Loss dta_rank:  0.6040 Loss dta_tv:  0.0289 Loss dta_proxy:  0.2082 Loss dta_trans:  0.0056 Loss dta_phys:  0.0077 Loss dta_preserve:  0.0062
Time:  0.0766 Epoch: 015 Iter:  500/ 600 LR: 0.0000219361 Loss content:  0.0177 Loss fft:  0.8199 Loss dta_rank:  0.6020 Loss dta_tv:  0.0295 Loss dta_proxy:  0.2008 Loss dta_trans:  0.0059 Loss dta_phys:  0.0063 Loss dta_preserve:  0.0049
Time:  0.0748 Epoch: 015 Iter:  550/ 600 LR: 0.0000219361 Loss content:  0.0175 Loss fft:  0.8234 Loss dta_rank:  0.6052 Loss dta_tv:  0.0291 Loss dta_proxy:  0.2116 Loss dta_trans:  0.0058 Loss dta_phys:  0.0066 Loss dta_preserve:  0.0061
Time:  0.0743 Epoch: 015 Iter:  600/ 600 LR: 0.0000219361 Loss content:  0.0173 Loss fft:  0.8156 Loss dta_rank:  0.6081 Loss dta_tv:  0.0302 Loss dta_proxy:  0.2037 Loss dta_trans:  0.0065 Loss dta_phys:  0.0065 Loss dta_preserve:  0.0053
EPOCH: 15
Elapsed time: 0.92 Epoch Pixel Loss:  0.0173 Epoch FFT Loss:  0.8237 Epoch DTA Rank:  0.6025 Epoch DTA TV:  0.0295 Epoch DTA Proxy:  0.2078 Epoch DTA Trans:  0.0058 Epoch DTA Phys:  0.0067 Epoch DTA Preserve:  0.0056
DTA_GATE_RAMP epoch=16 gate_limit=0.060000
Time:  0.0724 Epoch: 016 Iter:   50/ 600 LR: 0.0000151017 Loss content:  0.0162 Loss fft:  0.7753 Loss dta_rank:  0.6046 Loss dta_tv:  0.0295 Loss dta_proxy:  0.2076 Loss dta_trans:  0.0059 Loss dta_phys:  0.0072 Loss dta_preserve:  0.0048
Time:  0.0661 Epoch: 016 Iter:  100/ 600 LR: 0.0000151017 Loss content:  0.0170 Loss fft:  0.7865 Loss dta_rank:  0.6069 Loss dta_tv:  0.0296 Loss dta_proxy:  0.2069 Loss dta_trans:  0.0056 Loss dta_phys:  0.0067 Loss dta_preserve:  0.0054
Time:  0.0788 Epoch: 016 Iter:  150/ 600 LR: 0.0000151017 Loss content:  0.0176 Loss fft:  0.8554 Loss dta_rank:  0.6017 Loss dta_tv:  0.0290 Loss dta_proxy:  0.2130 Loss dta_trans:  0.0052 Loss dta_phys:  0.0071 Loss dta_preserve:  0.0072
Time:  0.0766 Epoch: 016 Iter:  200/ 600 LR: 0.0000151017 Loss content:  0.0166 Loss fft:  0.8006 Loss dta_rank:  0.6044 Loss dta_tv:  0.0300 Loss dta_proxy:  0.1929 Loss dta_trans:  0.0070 Loss dta_phys:  0.0063 Loss dta_preserve:  0.0046
Time:  0.0747 Epoch: 016 Iter:  250/ 600 LR: 0.0000151017 Loss content:  0.0176 Loss fft:  0.8456 Loss dta_rank:  0.6010 Loss dta_tv:  0.0288 Loss dta_proxy:  0.2104 Loss dta_trans:  0.0051 Loss dta_phys:  0.0070 Loss dta_preserve:  0.0054
Time:  0.0774 Epoch: 016 Iter:  300/ 600 LR: 0.0000151017 Loss content:  0.0177 Loss fft:  0.8429 Loss dta_rank:  0.6019 Loss dta_tv:  0.0298 Loss dta_proxy:  0.2046 Loss dta_trans:  0.0061 Loss dta_phys:  0.0061 Loss dta_preserve:  0.0049
Time:  0.0770 Epoch: 016 Iter:  350/ 600 LR: 0.0000151017 Loss content:  0.0176 Loss fft:  0.8046 Loss dta_rank:  0.6043 Loss dta_tv:  0.0291 Loss dta_proxy:  0.2151 Loss dta_trans:  0.0060 Loss dta_phys:  0.0062 Loss dta_preserve:  0.0064
Time:  0.0746 Epoch: 016 Iter:  400/ 600 LR: 0.0000151017 Loss content:  0.0172 Loss fft:  0.8462 Loss dta_rank:  0.5971 Loss dta_tv:  0.0300 Loss dta_proxy:  0.2009 Loss dta_trans:  0.0054 Loss dta_phys:  0.0065 Loss dta_preserve:  0.0042
Time:  0.0717 Epoch: 016 Iter:  450/ 600 LR: 0.0000151017 Loss content:  0.0173 Loss fft:  0.8165 Loss dta_rank:  0.6059 Loss dta_tv:  0.0282 Loss dta_proxy:  0.2223 Loss dta_trans:  0.0057 Loss dta_phys:  0.0068 Loss dta_preserve:  0.0051
Time:  0.0764 Epoch: 016 Iter:  500/ 600 LR: 0.0000151017 Loss content:  0.0175 Loss fft:  0.8124 Loss dta_rank:  0.6052 Loss dta_tv:  0.0302 Loss dta_proxy:  0.1995 Loss dta_trans:  0.0067 Loss dta_phys:  0.0061 Loss dta_preserve:  0.0048
Time:  0.0791 Epoch: 016 Iter:  550/ 600 LR: 0.0000151017 Loss content:  0.0173 Loss fft:  0.8087 Loss dta_rank:  0.6055 Loss dta_tv:  0.0293 Loss dta_proxy:  0.2132 Loss dta_trans:  0.0055 Loss dta_phys:  0.0065 Loss dta_preserve:  0.0045
Time:  0.0767 Epoch: 016 Iter:  600/ 600 LR: 0.0000151017 Loss content:  0.0169 Loss fft:  0.8338 Loss dta_rank:  0.6025 Loss dta_tv:  0.0299 Loss dta_proxy:  0.2034 Loss dta_trans:  0.0056 Loss dta_phys:  0.0069 Loss dta_preserve:  0.0047
EPOCH: 16
Elapsed time: 0.91 Epoch Pixel Loss:  0.0172 Epoch FFT Loss:  0.8190 Epoch DTA Rank:  0.6034 Epoch DTA TV:  0.0295 Epoch DTA Proxy:  0.2075 Epoch DTA Trans:  0.0058 Epoch DTA Phys:  0.0066 Epoch DTA Preserve:  0.0052
DTA_GATE_RAMP epoch=17 gate_limit=0.060000
Time:  0.0805 Epoch: 017 Iter:   50/ 600 LR: 0.0000094853 Loss content:  0.0169 Loss fft:  0.7802 Loss dta_rank:  0.6008 Loss dta_tv:  0.0299 Loss dta_proxy:  0.1953 Loss dta_trans:  0.0056 Loss dta_phys:  0.0073 Loss dta_preserve:  0.0045
Time:  0.0770 Epoch: 017 Iter:  100/ 600 LR: 0.0000094853 Loss content:  0.0165 Loss fft:  0.7956 Loss dta_rank:  0.6010 Loss dta_tv:  0.0300 Loss dta_proxy:  0.1961 Loss dta_trans:  0.0060 Loss dta_phys:  0.0072 Loss dta_preserve:  0.0049
Time:  0.0777 Epoch: 017 Iter:  150/ 600 LR: 0.0000094853 Loss content:  0.0162 Loss fft:  0.8032 Loss dta_rank:  0.6015 Loss dta_tv:  0.0292 Loss dta_proxy:  0.2019 Loss dta_trans:  0.0061 Loss dta_phys:  0.0070 Loss dta_preserve:  0.0047
Time:  0.0754 Epoch: 017 Iter:  200/ 600 LR: 0.0000094853 Loss content:  0.0176 Loss fft:  0.8615 Loss dta_rank:  0.6035 Loss dta_tv:  0.0305 Loss dta_proxy:  0.2030 Loss dta_trans:  0.0056 Loss dta_phys:  0.0067 Loss dta_preserve:  0.0048
Time:  0.0718 Epoch: 017 Iter:  250/ 600 LR: 0.0000094853 Loss content:  0.0172 Loss fft:  0.8073 Loss dta_rank:  0.6072 Loss dta_tv:  0.0292 Loss dta_proxy:  0.2133 Loss dta_trans:  0.0054 Loss dta_phys:  0.0064 Loss dta_preserve:  0.0048
Time:  0.0684 Epoch: 017 Iter:  300/ 600 LR: 0.0000094853 Loss content:  0.0176 Loss fft:  0.8259 Loss dta_rank:  0.6052 Loss dta_tv:  0.0290 Loss dta_proxy:  0.2124 Loss dta_trans:  0.0057 Loss dta_phys:  0.0065 Loss dta_preserve:  0.0052
Time:  0.0755 Epoch: 017 Iter:  350/ 600 LR: 0.0000094853 Loss content:  0.0174 Loss fft:  0.8381 Loss dta_rank:  0.6052 Loss dta_tv:  0.0290 Loss dta_proxy:  0.2143 Loss dta_trans:  0.0057 Loss dta_phys:  0.0066 Loss dta_preserve:  0.0057
Time:  0.0795 Epoch: 017 Iter:  400/ 600 LR: 0.0000094853 Loss content:  0.0177 Loss fft:  0.8525 Loss dta_rank:  0.6009 Loss dta_tv:  0.0295 Loss dta_proxy:  0.1998 Loss dta_trans:  0.0055 Loss dta_phys:  0.0064 Loss dta_preserve:  0.0069
Time:  0.0758 Epoch: 017 Iter:  450/ 600 LR: 0.0000094853 Loss content:  0.0173 Loss fft:  0.7997 Loss dta_rank:  0.6038 Loss dta_tv:  0.0294 Loss dta_proxy:  0.2095 Loss dta_trans:  0.0063 Loss dta_phys:  0.0061 Loss dta_preserve:  0.0061
Time:  0.0737 Epoch: 017 Iter:  500/ 600 LR: 0.0000094853 Loss content:  0.0175 Loss fft:  0.8188 Loss dta_rank:  0.6042 Loss dta_tv:  0.0282 Loss dta_proxy:  0.2203 Loss dta_trans:  0.0055 Loss dta_phys:  0.0072 Loss dta_preserve:  0.0070
Time:  0.0810 Epoch: 017 Iter:  550/ 600 LR: 0.0000094853 Loss content:  0.0172 Loss fft:  0.8422 Loss dta_rank:  0.6042 Loss dta_tv:  0.0290 Loss dta_proxy:  0.2182 Loss dta_trans:  0.0064 Loss dta_phys:  0.0062 Loss dta_preserve:  0.0048
Time:  0.0762 Epoch: 017 Iter:  600/ 600 LR: 0.0000094853 Loss content:  0.0169 Loss fft:  0.8252 Loss dta_rank:  0.6023 Loss dta_tv:  0.0299 Loss dta_proxy:  0.2048 Loss dta_trans:  0.0062 Loss dta_phys:  0.0065 Loss dta_preserve:  0.0047
EPOCH: 17
Elapsed time: 0.92 Epoch Pixel Loss:  0.0172 Epoch FFT Loss:  0.8208 Epoch DTA Rank:  0.6033 Epoch DTA TV:  0.0294 Epoch DTA Proxy:  0.2074 Epoch DTA Trans:  0.0058 Epoch DTA Phys:  0.0067 Epoch DTA Preserve:  0.0054
DTA_GATE_RAMP epoch=18 gate_limit=0.060000
Time:  0.0777 Epoch: 018 Iter:   50/ 600 LR: 0.0000052550 Loss content:  0.0171 Loss fft:  0.8241 Loss dta_rank:  0.6027 Loss dta_tv:  0.0294 Loss dta_proxy:  0.2055 Loss dta_trans:  0.0060 Loss dta_phys:  0.0066 Loss dta_preserve:  0.0044
Time:  0.0763 Epoch: 018 Iter:  100/ 600 LR: 0.0000052550 Loss content:  0.0179 Loss fft:  0.8488 Loss dta_rank:  0.6034 Loss dta_tv:  0.0290 Loss dta_proxy:  0.2081 Loss dta_trans:  0.0065 Loss dta_phys:  0.0064 Loss dta_preserve:  0.0056
Time:  0.0783 Epoch: 018 Iter:  150/ 600 LR: 0.0000052550 Loss content:  0.0176 Loss fft:  0.8517 Loss dta_rank:  0.6040 Loss dta_tv:  0.0295 Loss dta_proxy:  0.2071 Loss dta_trans:  0.0058 Loss dta_phys:  0.0061 Loss dta_preserve:  0.0043
Time:  0.0753 Epoch: 018 Iter:  200/ 600 LR: 0.0000052550 Loss content:  0.0170 Loss fft:  0.8342 Loss dta_rank:  0.6027 Loss dta_tv:  0.0295 Loss dta_proxy:  0.2021 Loss dta_trans:  0.0058 Loss dta_phys:  0.0071 Loss dta_preserve:  0.0064
Time:  0.0750 Epoch: 018 Iter:  250/ 600 LR: 0.0000052550 Loss content:  0.0168 Loss fft:  0.7891 Loss dta_rank:  0.6006 Loss dta_tv:  0.0305 Loss dta_proxy:  0.1970 Loss dta_trans:  0.0061 Loss dta_phys:  0.0063 Loss dta_preserve:  0.0061
Time:  0.0783 Epoch: 018 Iter:  300/ 600 LR: 0.0000052550 Loss content:  0.0176 Loss fft:  0.8262 Loss dta_rank:  0.5969 Loss dta_tv:  0.0292 Loss dta_proxy:  0.2057 Loss dta_trans:  0.0048 Loss dta_phys:  0.0069 Loss dta_preserve:  0.0061
Time:  0.0736 Epoch: 018 Iter:  350/ 600 LR: 0.0000052550 Loss content:  0.0170 Loss fft:  0.8218 Loss dta_rank:  0.6050 Loss dta_tv:  0.0295 Loss dta_proxy:  0.2079 Loss dta_trans:  0.0060 Loss dta_phys:  0.0067 Loss dta_preserve:  0.0058
Time:  0.0788 Epoch: 018 Iter:  400/ 600 LR: 0.0000052550 Loss content:  0.0182 Loss fft:  0.8342 Loss dta_rank:  0.6055 Loss dta_tv:  0.0288 Loss dta_proxy:  0.2132 Loss dta_trans:  0.0058 Loss dta_phys:  0.0065 Loss dta_preserve:  0.0048
Time:  0.0760 Epoch: 018 Iter:  450/ 600 LR: 0.0000052550 Loss content:  0.0176 Loss fft:  0.8350 Loss dta_rank:  0.6010 Loss dta_tv:  0.0293 Loss dta_proxy:  0.2028 Loss dta_trans:  0.0055 Loss dta_phys:  0.0066 Loss dta_preserve:  0.0048
Time:  0.0761 Epoch: 018 Iter:  500/ 600 LR: 0.0000052550 Loss content:  0.0174 Loss fft:  0.8433 Loss dta_rank:  0.6039 Loss dta_tv:  0.0287 Loss dta_proxy:  0.2084 Loss dta_trans:  0.0044 Loss dta_phys:  0.0062 Loss dta_preserve:  0.0048
Time:  0.0757 Epoch: 018 Iter:  550/ 600 LR: 0.0000052550 Loss content:  0.0166 Loss fft:  0.7852 Loss dta_rank:  0.6061 Loss dta_tv:  0.0297 Loss dta_proxy:  0.1997 Loss dta_trans:  0.0054 Loss dta_phys:  0.0074 Loss dta_preserve:  0.0046
Time:  0.0744 Epoch: 018 Iter:  600/ 600 LR: 0.0000052550 Loss content:  0.0162 Loss fft:  0.8150 Loss dta_rank:  0.6047 Loss dta_tv:  0.0293 Loss dta_proxy:  0.2073 Loss dta_trans:  0.0065 Loss dta_phys:  0.0068 Loss dta_preserve:  0.0055
EPOCH: 18
Elapsed time: 0.92 Epoch Pixel Loss:  0.0173 Epoch FFT Loss:  0.8257 Epoch DTA Rank:  0.6030 Epoch DTA TV:  0.0294 Epoch DTA Proxy:  0.2054 Epoch DTA Trans:  0.0057 Epoch DTA Phys:  0.0066 Epoch DTA Preserve:  0.0053
DTA_GATE_RAMP epoch=19 gate_limit=0.060000
Time:  0.0802 Epoch: 019 Iter:   50/ 600 LR: 0.0000025070 Loss content:  0.0174 Loss fft:  0.8256 Loss dta_rank:  0.6034 Loss dta_tv:  0.0283 Loss dta_proxy:  0.2255 Loss dta_trans:  0.0055 Loss dta_phys:  0.0072 Loss dta_preserve:  0.0064
Time:  0.0795 Epoch: 019 Iter:  100/ 600 LR: 0.0000025070 Loss content:  0.0176 Loss fft:  0.8315 Loss dta_rank:  0.6061 Loss dta_tv:  0.0304 Loss dta_proxy:  0.1988 Loss dta_trans:  0.0064 Loss dta_phys:  0.0068 Loss dta_preserve:  0.0057
Time:  0.0772 Epoch: 019 Iter:  150/ 600 LR: 0.0000025070 Loss content:  0.0181 Loss fft:  0.8468 Loss dta_rank:  0.6035 Loss dta_tv:  0.0291 Loss dta_proxy:  0.2141 Loss dta_trans:  0.0062 Loss dta_phys:  0.0068 Loss dta_preserve:  0.0045
Time:  0.0773 Epoch: 019 Iter:  200/ 600 LR: 0.0000025070 Loss content:  0.0171 Loss fft:  0.8070 Loss dta_rank:  0.6009 Loss dta_tv:  0.0280 Loss dta_proxy:  0.2184 Loss dta_trans:  0.0051 Loss dta_phys:  0.0064 Loss dta_preserve:  0.0058
Time:  0.0732 Epoch: 019 Iter:  250/ 600 LR: 0.0000025070 Loss content:  0.0165 Loss fft:  0.7834 Loss dta_rank:  0.6054 Loss dta_tv:  0.0288 Loss dta_proxy:  0.2097 Loss dta_trans:  0.0053 Loss dta_phys:  0.0069 Loss dta_preserve:  0.0036
Time:  0.0749 Epoch: 019 Iter:  300/ 600 LR: 0.0000025070 Loss content:  0.0176 Loss fft:  0.8363 Loss dta_rank:  0.6014 Loss dta_tv:  0.0284 Loss dta_proxy:  0.2103 Loss dta_trans:  0.0042 Loss dta_phys:  0.0067 Loss dta_preserve:  0.0050
Time:  0.0767 Epoch: 019 Iter:  350/ 600 LR: 0.0000025070 Loss content:  0.0175 Loss fft:  0.8546 Loss dta_rank:  0.6001 Loss dta_tv:  0.0304 Loss dta_proxy:  0.1924 Loss dta_trans:  0.0059 Loss dta_phys:  0.0069 Loss dta_preserve:  0.0049
Time:  0.0737 Epoch: 019 Iter:  400/ 600 LR: 0.0000025070 Loss content:  0.0175 Loss fft:  0.8170 Loss dta_rank:  0.6021 Loss dta_tv:  0.0290 Loss dta_proxy:  0.2099 Loss dta_trans:  0.0067 Loss dta_phys:  0.0066 Loss dta_preserve:  0.0051
Time:  0.0743 Epoch: 019 Iter:  450/ 600 LR: 0.0000025070 Loss content:  0.0173 Loss fft:  0.8051 Loss dta_rank:  0.6004 Loss dta_tv:  0.0293 Loss dta_proxy:  0.2148 Loss dta_trans:  0.0060 Loss dta_phys:  0.0067 Loss dta_preserve:  0.0050
Time:  0.0743 Epoch: 019 Iter:  500/ 600 LR: 0.0000025070 Loss content:  0.0164 Loss fft:  0.7949 Loss dta_rank:  0.6011 Loss dta_tv:  0.0307 Loss dta_proxy:  0.1943 Loss dta_trans:  0.0062 Loss dta_phys:  0.0073 Loss dta_preserve:  0.0048
Time:  0.0708 Epoch: 019 Iter:  550/ 600 LR: 0.0000025070 Loss content:  0.0172 Loss fft:  0.8210 Loss dta_rank:  0.6042 Loss dta_tv:  0.0300 Loss dta_proxy:  0.2024 Loss dta_trans:  0.0063 Loss dta_phys:  0.0068 Loss dta_preserve:  0.0067
Time:  0.0705 Epoch: 019 Iter:  600/ 600 LR: 0.0000025070 Loss content:  0.0174 Loss fft:  0.8364 Loss dta_rank:  0.6041 Loss dta_tv:  0.0288 Loss dta_proxy:  0.2157 Loss dta_trans:  0.0058 Loss dta_phys:  0.0068 Loss dta_preserve:  0.0044
EPOCH: 19
Elapsed time: 0.91 Epoch Pixel Loss:  0.0173 Epoch FFT Loss:  0.8216 Epoch DTA Rank:  0.6027 Epoch DTA TV:  0.0293 Epoch DTA Proxy:  0.2089 Epoch DTA Trans:  0.0058 Epoch DTA Phys:  0.0068 Epoch DTA Preserve:  0.0051
DTA_GATE_RAMP epoch=20 gate_limit=0.060000
Time:  0.0796 Epoch: 020 Iter:   50/ 600 LR: 0.0000012125 Loss content:  0.0170 Loss fft:  0.8307 Loss dta_rank:  0.6046 Loss dta_tv:  0.0297 Loss dta_proxy:  0.2094 Loss dta_trans:  0.0056 Loss dta_phys:  0.0065 Loss dta_preserve:  0.0040
Time:  0.0800 Epoch: 020 Iter:  100/ 600 LR: 0.0000012125 Loss content:  0.0167 Loss fft:  0.8108 Loss dta_rank:  0.5993 Loss dta_tv:  0.0293 Loss dta_proxy:  0.2098 Loss dta_trans:  0.0053 Loss dta_phys:  0.0066 Loss dta_preserve:  0.0051
Time:  0.0742 Epoch: 020 Iter:  150/ 600 LR: 0.0000012125 Loss content:  0.0165 Loss fft:  0.8046 Loss dta_rank:  0.6018 Loss dta_tv:  0.0291 Loss dta_proxy:  0.2063 Loss dta_trans:  0.0057 Loss dta_phys:  0.0066 Loss dta_preserve:  0.0045
Time:  0.0715 Epoch: 020 Iter:  200/ 600 LR: 0.0000012125 Loss content:  0.0172 Loss fft:  0.8117 Loss dta_rank:  0.6030 Loss dta_tv:  0.0291 Loss dta_proxy:  0.2029 Loss dta_trans:  0.0050 Loss dta_phys:  0.0067 Loss dta_preserve:  0.0049
Time:  0.0732 Epoch: 020 Iter:  250/ 600 LR: 0.0000012125 Loss content:  0.0169 Loss fft:  0.8389 Loss dta_rank:  0.6005 Loss dta_tv:  0.0296 Loss dta_proxy:  0.2121 Loss dta_trans:  0.0060 Loss dta_phys:  0.0064 Loss dta_preserve:  0.0051
Time:  0.0760 Epoch: 020 Iter:  300/ 600 LR: 0.0000012125 Loss content:  0.0169 Loss fft:  0.8158 Loss dta_rank:  0.6025 Loss dta_tv:  0.0294 Loss dta_proxy:  0.2056 Loss dta_trans:  0.0072 Loss dta_phys:  0.0066 Loss dta_preserve:  0.0045
Time:  0.0698 Epoch: 020 Iter:  350/ 600 LR: 0.0000012125 Loss content:  0.0170 Loss fft:  0.8174 Loss dta_rank:  0.6064 Loss dta_tv:  0.0293 Loss dta_proxy:  0.2079 Loss dta_trans:  0.0056 Loss dta_phys:  0.0064 Loss dta_preserve:  0.0043
Time:  0.0716 Epoch: 020 Iter:  400/ 600 LR: 0.0000012125 Loss content:  0.0174 Loss fft:  0.8190 Loss dta_rank:  0.6016 Loss dta_tv:  0.0296 Loss dta_proxy:  0.2050 Loss dta_trans:  0.0063 Loss dta_phys:  0.0066 Loss dta_preserve:  0.0047
Time:  0.0715 Epoch: 020 Iter:  450/ 600 LR: 0.0000012125 Loss content:  0.0168 Loss fft:  0.8276 Loss dta_rank:  0.6021 Loss dta_tv:  0.0288 Loss dta_proxy:  0.2139 Loss dta_trans:  0.0051 Loss dta_phys:  0.0063 Loss dta_preserve:  0.0045
Time:  0.0798 Epoch: 020 Iter:  500/ 600 LR: 0.0000012125 Loss content:  0.0168 Loss fft:  0.8152 Loss dta_rank:  0.6016 Loss dta_tv:  0.0301 Loss dta_proxy:  0.2029 Loss dta_trans:  0.0065 Loss dta_phys:  0.0068 Loss dta_preserve:  0.0043
Time:  0.0771 Epoch: 020 Iter:  550/ 600 LR: 0.0000012125 Loss content:  0.0178 Loss fft:  0.8323 Loss dta_rank:  0.6009 Loss dta_tv:  0.0294 Loss dta_proxy:  0.2056 Loss dta_trans:  0.0056 Loss dta_phys:  0.0072 Loss dta_preserve:  0.0068
Time:  0.0781 Epoch: 020 Iter:  600/ 600 LR: 0.0000012125 Loss content:  0.0178 Loss fft:  0.7979 Loss dta_rank:  0.6047 Loss dta_tv:  0.0278 Loss dta_proxy:  0.2176 Loss dta_trans:  0.0048 Loss dta_phys:  0.0072 Loss dta_preserve:  0.0060
EPOCH: 20
Elapsed time: 0.91 Epoch Pixel Loss:  0.0171 Epoch FFT Loss:  0.8185 Epoch DTA Rank:  0.6024 Epoch DTA TV:  0.0292 Epoch DTA Proxy:  0.2083 Epoch DTA Trans:  0.0057 Epoch DTA Phys:  0.0066 Epoch DTA Preserve:  0.0049
