Namespace(model_name='ConvIR-Haze4K-DTA-v2-adapter_only-shuffle-seed3407-f2-oof20', data='Haze4K', version='base', fam_mode='original', arch='dta_v2', seed=3407, mode='train', data_dir='/sda/home/wangyuxin/ConvIR-B/datasets/Haze4K/Haze4K', batch_size=4, learning_rate=0.0001, weight_decay=0.0, num_epoch=20, stop_epoch=20, print_freq=50, num_worker=4, save_freq=5, valid_freq=9999, mod_stats_freq=5, mod_stats_batches=16, grad_clip_norm=0.001, dta_grad_clip_norm=0.05, dta_neighbor_grad_clip_norm=0.005, init_model='/sda/home/wangyuxin/ConvIR-B/checkpoints/official/Haze4K/haze4k-base.pkl', init_model_partial=True, partial_new_prefixes='DTA.', resume='', train_scope='adapter_only', dta_depth_cache_dir='/sda/home/wangyuxin/ConvIR-B/depth_cache/depth_anything_v2_small_hf', dta_train_depth_split='train', dta_eval_depth_split='train', valid_root_split='train', eval_root_split='test', dta_require_depth=True, dta_variant='v2', dta_depth_mode='shuffle', dta_prior_channels=32, dta_gate_bias=-6.0, dta_gate_limit=0.06, dta_gamma_limit=0.12, dta_beta_limit=0.06, dta_alpha_init=1.0, dta_confidence_floor=0.25, dta_confidence_local_scale=6.0, dta_output_residual_scale=0.03, dta_use_trans_gt=True, dta_trans_weight=0.02, dta_phys_weight=0.005, dta_preserve_weight=0.02, dta_preserve_trans_thresh=0.8, dta_gate_ramp_start=0.01, dta_gate_ramp_mid=0.03, dta_gate_ramp_end=0.06, dta_gate_ramp_warmup_epochs=2, dta_gate_ramp_mid_epochs=8, dta_rank_weight=0.001, dta_tv_weight=0.0001, dta_proxy_weight=0.0, dta_rank_pairs=512, dta_rank_min_depth_gap=0.03, split_json='/sda/home/wangyuxin/ConvIR-B/repos/ConvIR-B-dta-v2-calibrated/experience_docx/experiment_logs/haze4k_dta_v2_calibrated_20260611/dta_v2_haze4k_oof_splits_seed3407.json', split_name='fold2_train', test_model='', save_image=False, leaning_rate=0.0001, model_save_dir='results/ConvIR-Haze4K-DTA-v2-adapter_only-shuffle-seed3407-f2-oof20/Training-Results/', result_dir='results/ConvIR-Haze4K-DTA-v2-adapter_only-shuffle-seed3407-f2-oof20/images/Haze4K', init_model_sha256='6f42037d57a4e3de3a10ac0ab909d66a3415864a19433c29204a975f4efa4088')
/sda/home/wangyuxin/ConvIR-B/repos/ConvIR-B-dta-v2-calibrated/Dehazing/ITS/main.py:14: FutureWarning: You are using `torch.load` with `weights_only=False` (the current default value), which uses the default pickle module implicitly. It is possible to construct malicious pickle data which will execute arbitrary code during unpickling (See https://github.com/pytorch/pytorch/blob/main/SECURITY.md#untrusted-models for more details). In a future release, the default value for `weights_only` will be flipped to `True`. This limits the functions that could be executed during unpickling. Arbitrary objects will no longer be allowed to be loaded via this mode unless they are explicitly allowlisted by the user via `torch.serialization.add_safe_globals`. We recommend you start setting `weights_only=True` for any use case where you don't have full control of the loaded file. Please open an issue on GitHub for any issues related to this experimental feature.
  state = torch.load(path, map_location=map_location)
INIT_MODEL_PARTIAL_LOAD path=/sda/home/wangyuxin/ConvIR-B/checkpoints/official/Haze4K/haze4k-base.pkl loaded=602 missing_allowed=25 unexpected=[] allowed_new_prefixes=('DTA.',)
TRAIN_SCOPE scope=adapter_only arch=dta_v2 trainable=74699 total=8705364
/sda/home/wangyuxin/ConvIR-B/envs/convir-cu121/lib/python3.10/site-packages/torch/optim/lr_scheduler.py:224: UserWarning: Detected call of `lr_scheduler.step()` before `optimizer.step()`. In PyTorch 1.1.0 and later, you should call them in the opposite order: `optimizer.step()` before `lr_scheduler.step()`.  Failure to do this will result in PyTorch skipping the first value of the learning rate schedule. See more details at https://pytorch.org/docs/stable/optim.html#how-to-adjust-learning-rate
  warnings.warn(
DTA_GATE_RAMP epoch=1 gate_limit=0.010000
Time:  0.1007 Epoch: 001 Iter:   50/ 600 LR: 0.0000333333 Loss content:  0.0175 Loss fft:  0.8023 Loss dta_rank:  0.6931 Loss dta_tv:  0.0030 Loss dta_proxy:  0.2859 Loss dta_trans:  0.0414 Loss dta_phys:  0.0076 Loss dta_preserve:  0.0058
Time:  0.0757 Epoch: 001 Iter:  100/ 600 LR: 0.0000333333 Loss content:  0.0174 Loss fft:  0.8141 Loss dta_rank:  0.6937 Loss dta_tv:  0.0098 Loss dta_proxy:  0.3176 Loss dta_trans:  0.0340 Loss dta_phys:  0.0100 Loss dta_preserve:  0.0048
Time:  0.0697 Epoch: 001 Iter:  150/ 600 LR: 0.0000333333 Loss content:  0.0178 Loss fft:  0.8454 Loss dta_rank:  0.6966 Loss dta_tv:  0.0152 Loss dta_proxy:  0.3826 Loss dta_trans:  0.0287 Loss dta_phys:  0.0104 Loss dta_preserve:  0.0059
Time:  0.0691 Epoch: 001 Iter:  200/ 600 LR: 0.0000333333 Loss content:  0.0170 Loss fft:  0.8063 Loss dta_rank:  0.7016 Loss dta_tv:  0.0191 Loss dta_proxy:  0.3926 Loss dta_trans:  0.0264 Loss dta_phys:  0.0113 Loss dta_preserve:  0.0049
Time:  0.0723 Epoch: 001 Iter:  250/ 600 LR: 0.0000333333 Loss content:  0.0179 Loss fft:  0.8675 Loss dta_rank:  0.7108 Loss dta_tv:  0.0229 Loss dta_proxy:  0.3878 Loss dta_trans:  0.0210 Loss dta_phys:  0.0088 Loss dta_preserve:  0.0045
Time:  0.0763 Epoch: 001 Iter:  300/ 600 LR: 0.0000333333 Loss content:  0.0174 Loss fft:  0.8171 Loss dta_rank:  0.7119 Loss dta_tv:  0.0278 Loss dta_proxy:  0.3814 Loss dta_trans:  0.0183 Loss dta_phys:  0.0092 Loss dta_preserve:  0.0048
Time:  0.0717 Epoch: 001 Iter:  350/ 600 LR: 0.0000333333 Loss content:  0.0173 Loss fft:  0.8180 Loss dta_rank:  0.7126 Loss dta_tv:  0.0316 Loss dta_proxy:  0.3821 Loss dta_trans:  0.0187 Loss dta_phys:  0.0079 Loss dta_preserve:  0.0041
Time:  0.0732 Epoch: 001 Iter:  400/ 600 LR: 0.0000333333 Loss content:  0.0166 Loss fft:  0.8124 Loss dta_rank:  0.7217 Loss dta_tv:  0.0340 Loss dta_proxy:  0.3891 Loss dta_trans:  0.0160 Loss dta_phys:  0.0078 Loss dta_preserve:  0.0049
Time:  0.0766 Epoch: 001 Iter:  450/ 600 LR: 0.0000333333 Loss content:  0.0173 Loss fft:  0.7871 Loss dta_rank:  0.7268 Loss dta_tv:  0.0344 Loss dta_proxy:  0.4039 Loss dta_trans:  0.0140 Loss dta_phys:  0.0075 Loss dta_preserve:  0.0055
Time:  0.0779 Epoch: 001 Iter:  500/ 600 LR: 0.0000333333 Loss content:  0.0172 Loss fft:  0.8133 Loss dta_rank:  0.7320 Loss dta_tv:  0.0356 Loss dta_proxy:  0.4017 Loss dta_trans:  0.0125 Loss dta_phys:  0.0081 Loss dta_preserve:  0.0051
Time:  0.0777 Epoch: 001 Iter:  550/ 600 LR: 0.0000333333 Loss content:  0.0171 Loss fft:  0.8132 Loss dta_rank:  0.7257 Loss dta_tv:  0.0353 Loss dta_proxy:  0.4229 Loss dta_trans:  0.0124 Loss dta_phys:  0.0081 Loss dta_preserve:  0.0045
Time:  0.0774 Epoch: 001 Iter:  600/ 600 LR: 0.0000333333 Loss content:  0.0173 Loss fft:  0.8414 Loss dta_rank:  0.7314 Loss dta_tv:  0.0356 Loss dta_proxy:  0.4359 Loss dta_trans:  0.0110 Loss dta_phys:  0.0078 Loss dta_preserve:  0.0052
EPOCH: 01
Elapsed time: 0.92 Epoch Pixel Loss:  0.0173 Epoch FFT Loss:  0.8198 Epoch DTA Rank:  0.7132 Epoch DTA TV:  0.0253 Epoch DTA Proxy:  0.3820 Epoch DTA Trans:  0.0212 Epoch DTA Phys:  0.0087 Epoch DTA Preserve:  0.0050
DTA_GATE_RAMP epoch=2 gate_limit=0.010000
Time:  0.0813 Epoch: 002 Iter:   50/ 600 LR: 0.0000666667 Loss content:  0.0164 Loss fft:  0.8173 Loss dta_rank:  0.7316 Loss dta_tv:  0.0361 Loss dta_proxy:  0.4396 Loss dta_trans:  0.0105 Loss dta_phys:  0.0081 Loss dta_preserve:  0.0058
Time:  0.0754 Epoch: 002 Iter:  100/ 600 LR: 0.0000666667 Loss content:  0.0170 Loss fft:  0.8147 Loss dta_rank:  0.7327 Loss dta_tv:  0.0372 Loss dta_proxy:  0.4171 Loss dta_trans:  0.0114 Loss dta_phys:  0.0078 Loss dta_preserve:  0.0064
Time:  0.0758 Epoch: 002 Iter:  150/ 600 LR: 0.0000666667 Loss content:  0.0175 Loss fft:  0.8026 Loss dta_rank:  0.7320 Loss dta_tv:  0.0362 Loss dta_proxy:  0.4289 Loss dta_trans:  0.0112 Loss dta_phys:  0.0075 Loss dta_preserve:  0.0054
Time:  0.0764 Epoch: 002 Iter:  200/ 600 LR: 0.0000666667 Loss content:  0.0163 Loss fft:  0.7974 Loss dta_rank:  0.7318 Loss dta_tv:  0.0362 Loss dta_proxy:  0.3986 Loss dta_trans:  0.0104 Loss dta_phys:  0.0068 Loss dta_preserve:  0.0048
Time:  0.0812 Epoch: 002 Iter:  250/ 600 LR: 0.0000666667 Loss content:  0.0165 Loss fft:  0.8053 Loss dta_rank:  0.7307 Loss dta_tv:  0.0359 Loss dta_proxy:  0.4153 Loss dta_trans:  0.0107 Loss dta_phys:  0.0076 Loss dta_preserve:  0.0040
Time:  0.0747 Epoch: 002 Iter:  300/ 600 LR: 0.0000666667 Loss content:  0.0172 Loss fft:  0.8389 Loss dta_rank:  0.7289 Loss dta_tv:  0.0354 Loss dta_proxy:  0.4053 Loss dta_trans:  0.0102 Loss dta_phys:  0.0070 Loss dta_preserve:  0.0053
Time:  0.0733 Epoch: 002 Iter:  350/ 600 LR: 0.0000666667 Loss content:  0.0174 Loss fft:  0.8293 Loss dta_rank:  0.7361 Loss dta_tv:  0.0354 Loss dta_proxy:  0.4318 Loss dta_trans:  0.0090 Loss dta_phys:  0.0069 Loss dta_preserve:  0.0049
Time:  0.0795 Epoch: 002 Iter:  400/ 600 LR: 0.0000666667 Loss content:  0.0169 Loss fft:  0.8121 Loss dta_rank:  0.7350 Loss dta_tv:  0.0346 Loss dta_proxy:  0.4325 Loss dta_trans:  0.0097 Loss dta_phys:  0.0068 Loss dta_preserve:  0.0050
Time:  0.0760 Epoch: 002 Iter:  450/ 600 LR: 0.0000666667 Loss content:  0.0172 Loss fft:  0.8387 Loss dta_rank:  0.7318 Loss dta_tv:  0.0350 Loss dta_proxy:  0.4261 Loss dta_trans:  0.0096 Loss dta_phys:  0.0067 Loss dta_preserve:  0.0053
Time:  0.0781 Epoch: 002 Iter:  500/ 600 LR: 0.0000666667 Loss content:  0.0174 Loss fft:  0.8457 Loss dta_rank:  0.7326 Loss dta_tv:  0.0341 Loss dta_proxy:  0.4367 Loss dta_trans:  0.0081 Loss dta_phys:  0.0074 Loss dta_preserve:  0.0039
Time:  0.0778 Epoch: 002 Iter:  550/ 600 LR: 0.0000666667 Loss content:  0.0161 Loss fft:  0.7974 Loss dta_rank:  0.7380 Loss dta_tv:  0.0345 Loss dta_proxy:  0.4378 Loss dta_trans:  0.0094 Loss dta_phys:  0.0069 Loss dta_preserve:  0.0046
Time:  0.0766 Epoch: 002 Iter:  600/ 600 LR: 0.0000666667 Loss content:  0.0179 Loss fft:  0.8532 Loss dta_rank:  0.7362 Loss dta_tv:  0.0337 Loss dta_proxy:  0.4428 Loss dta_trans:  0.0084 Loss dta_phys:  0.0071 Loss dta_preserve:  0.0058
EPOCH: 02
Elapsed time: 0.93 Epoch Pixel Loss:  0.0170 Epoch FFT Loss:  0.8210 Epoch DTA Rank:  0.7331 Epoch DTA TV:  0.0353 Epoch DTA Proxy:  0.4260 Epoch DTA Trans:  0.0099 Epoch DTA Phys:  0.0072 Epoch DTA Preserve:  0.0051
DTA_GATE_RAMP epoch=3 gate_limit=0.030000
Time:  0.0769 Epoch: 003 Iter:   50/ 600 LR: 0.0001000000 Loss content:  0.0172 Loss fft:  0.8334 Loss dta_rank:  0.7419 Loss dta_tv:  0.0353 Loss dta_proxy:  0.4158 Loss dta_trans:  0.0076 Loss dta_phys:  0.0065 Loss dta_preserve:  0.0050
Time:  0.0695 Epoch: 003 Iter:  100/ 600 LR: 0.0001000000 Loss content:  0.0170 Loss fft:  0.8216 Loss dta_rank:  0.7432 Loss dta_tv:  0.0341 Loss dta_proxy:  0.4314 Loss dta_trans:  0.0083 Loss dta_phys:  0.0063 Loss dta_preserve:  0.0054
Time:  0.0725 Epoch: 003 Iter:  150/ 600 LR: 0.0001000000 Loss content:  0.0168 Loss fft:  0.8021 Loss dta_rank:  0.7405 Loss dta_tv:  0.0334 Loss dta_proxy:  0.4416 Loss dta_trans:  0.0082 Loss dta_phys:  0.0066 Loss dta_preserve:  0.0049
Time:  0.0744 Epoch: 003 Iter:  200/ 600 LR: 0.0001000000 Loss content:  0.0163 Loss fft:  0.7953 Loss dta_rank:  0.7308 Loss dta_tv:  0.0348 Loss dta_proxy:  0.3961 Loss dta_trans:  0.0085 Loss dta_phys:  0.0076 Loss dta_preserve:  0.0044
Time:  0.0745 Epoch: 003 Iter:  250/ 600 LR: 0.0001000000 Loss content:  0.0164 Loss fft:  0.8319 Loss dta_rank:  0.7379 Loss dta_tv:  0.0326 Loss dta_proxy:  0.4547 Loss dta_trans:  0.0077 Loss dta_phys:  0.0068 Loss dta_preserve:  0.0049
Time:  0.0763 Epoch: 003 Iter:  300/ 600 LR: 0.0001000000 Loss content:  0.0182 Loss fft:  0.8544 Loss dta_rank:  0.7335 Loss dta_tv:  0.0336 Loss dta_proxy:  0.4256 Loss dta_trans:  0.0080 Loss dta_phys:  0.0069 Loss dta_preserve:  0.0060
Time:  0.0769 Epoch: 003 Iter:  350/ 600 LR: 0.0001000000 Loss content:  0.0170 Loss fft:  0.8292 Loss dta_rank:  0.7398 Loss dta_tv:  0.0335 Loss dta_proxy:  0.4246 Loss dta_trans:  0.0083 Loss dta_phys:  0.0077 Loss dta_preserve:  0.0065
Time:  0.0777 Epoch: 003 Iter:  400/ 600 LR: 0.0001000000 Loss content:  0.0173 Loss fft:  0.8381 Loss dta_rank:  0.7416 Loss dta_tv:  0.0334 Loss dta_proxy:  0.4244 Loss dta_trans:  0.0079 Loss dta_phys:  0.0066 Loss dta_preserve:  0.0043
Time:  0.0771 Epoch: 003 Iter:  450/ 600 LR: 0.0001000000 Loss content:  0.0177 Loss fft:  0.8074 Loss dta_rank:  0.7455 Loss dta_tv:  0.0320 Loss dta_proxy:  0.4433 Loss dta_trans:  0.0069 Loss dta_phys:  0.0064 Loss dta_preserve:  0.0056
Time:  0.0773 Epoch: 003 Iter:  500/ 600 LR: 0.0001000000 Loss content:  0.0178 Loss fft:  0.8155 Loss dta_rank:  0.7416 Loss dta_tv:  0.0314 Loss dta_proxy:  0.4474 Loss dta_trans:  0.0077 Loss dta_phys:  0.0069 Loss dta_preserve:  0.0070
Time:  0.0763 Epoch: 003 Iter:  550/ 600 LR: 0.0001000000 Loss content:  0.0169 Loss fft:  0.7947 Loss dta_rank:  0.7342 Loss dta_tv:  0.0326 Loss dta_proxy:  0.4335 Loss dta_trans:  0.0072 Loss dta_phys:  0.0074 Loss dta_preserve:  0.0054
Time:  0.0760 Epoch: 003 Iter:  600/ 600 LR: 0.0001000000 Loss content:  0.0174 Loss fft:  0.8140 Loss dta_rank:  0.7364 Loss dta_tv:  0.0328 Loss dta_proxy:  0.4131 Loss dta_trans:  0.0077 Loss dta_phys:  0.0067 Loss dta_preserve:  0.0058
EPOCH: 03
Elapsed time: 0.91 Epoch Pixel Loss:  0.0172 Epoch FFT Loss:  0.8198 Epoch DTA Rank:  0.7389 Epoch DTA TV:  0.0333 Epoch DTA Proxy:  0.4293 Epoch DTA Trans:  0.0078 Epoch DTA Phys:  0.0069 Epoch DTA Preserve:  0.0054
/sda/home/wangyuxin/ConvIR-B/envs/convir-cu121/lib/python3.10/site-packages/torch/optim/lr_scheduler.py:1087: UserWarning: To get the last learning rate computed by the scheduler, please use `get_last_lr()`.
  _warn_get_lr_called_within_step(self)
DTA_GATE_RAMP epoch=4 gate_limit=0.030000
Time:  0.0824 Epoch: 004 Iter:   50/ 600 LR: 0.0001000000 Loss content:  0.0172 Loss fft:  0.8286 Loss dta_rank:  0.7451 Loss dta_tv:  0.0324 Loss dta_proxy:  0.4279 Loss dta_trans:  0.0070 Loss dta_phys:  0.0066 Loss dta_preserve:  0.0040
Time:  0.0756 Epoch: 004 Iter:  100/ 600 LR: 0.0001000000 Loss content:  0.0170 Loss fft:  0.8155 Loss dta_rank:  0.7395 Loss dta_tv:  0.0326 Loss dta_proxy:  0.4292 Loss dta_trans:  0.0076 Loss dta_phys:  0.0066 Loss dta_preserve:  0.0047
Time:  0.0788 Epoch: 004 Iter:  150/ 600 LR: 0.0001000000 Loss content:  0.0173 Loss fft:  0.8308 Loss dta_rank:  0.7387 Loss dta_tv:  0.0315 Loss dta_proxy:  0.4367 Loss dta_trans:  0.0063 Loss dta_phys:  0.0067 Loss dta_preserve:  0.0042
Time:  0.0759 Epoch: 004 Iter:  200/ 600 LR: 0.0001000000 Loss content:  0.0171 Loss fft:  0.8031 Loss dta_rank:  0.7386 Loss dta_tv:  0.0320 Loss dta_proxy:  0.4144 Loss dta_trans:  0.0070 Loss dta_phys:  0.0064 Loss dta_preserve:  0.0102
Time:  0.0787 Epoch: 004 Iter:  250/ 600 LR: 0.0001000000 Loss content:  0.0184 Loss fft:  0.8461 Loss dta_rank:  0.7425 Loss dta_tv:  0.0312 Loss dta_proxy:  0.4352 Loss dta_trans:  0.0065 Loss dta_phys:  0.0061 Loss dta_preserve:  0.0061
Time:  0.0766 Epoch: 004 Iter:  300/ 600 LR: 0.0001000000 Loss content:  0.0178 Loss fft:  0.8313 Loss dta_rank:  0.7413 Loss dta_tv:  0.0316 Loss dta_proxy:  0.4367 Loss dta_trans:  0.0076 Loss dta_phys:  0.0066 Loss dta_preserve:  0.0059
Time:  0.0753 Epoch: 004 Iter:  350/ 600 LR: 0.0001000000 Loss content:  0.0168 Loss fft:  0.8036 Loss dta_rank:  0.7351 Loss dta_tv:  0.0310 Loss dta_proxy:  0.4419 Loss dta_trans:  0.0072 Loss dta_phys:  0.0064 Loss dta_preserve:  0.0052
Time:  0.0804 Epoch: 004 Iter:  400/ 600 LR: 0.0001000000 Loss content:  0.0165 Loss fft:  0.7964 Loss dta_rank:  0.7310 Loss dta_tv:  0.0312 Loss dta_proxy:  0.4256 Loss dta_trans:  0.0079 Loss dta_phys:  0.0070 Loss dta_preserve:  0.0043
Time:  0.0775 Epoch: 004 Iter:  450/ 600 LR: 0.0001000000 Loss content:  0.0159 Loss fft:  0.8073 Loss dta_rank:  0.7375 Loss dta_tv:  0.0312 Loss dta_proxy:  0.4357 Loss dta_trans:  0.0071 Loss dta_phys:  0.0075 Loss dta_preserve:  0.0056
Time:  0.0758 Epoch: 004 Iter:  500/ 600 LR: 0.0001000000 Loss content:  0.0172 Loss fft:  0.8116 Loss dta_rank:  0.7372 Loss dta_tv:  0.0305 Loss dta_proxy:  0.4228 Loss dta_trans:  0.0060 Loss dta_phys:  0.0065 Loss dta_preserve:  0.0044
Time:  0.0782 Epoch: 004 Iter:  550/ 600 LR: 0.0001000000 Loss content:  0.0169 Loss fft:  0.8191 Loss dta_rank:  0.7379 Loss dta_tv:  0.0321 Loss dta_proxy:  0.4278 Loss dta_trans:  0.0077 Loss dta_phys:  0.0075 Loss dta_preserve:  0.0051
Time:  0.0766 Epoch: 004 Iter:  600/ 600 LR: 0.0001000000 Loss content:  0.0177 Loss fft:  0.8436 Loss dta_rank:  0.7407 Loss dta_tv:  0.0303 Loss dta_proxy:  0.4484 Loss dta_trans:  0.0067 Loss dta_phys:  0.0067 Loss dta_preserve:  0.0049
EPOCH: 04
Elapsed time: 0.93 Epoch Pixel Loss:  0.0171 Epoch FFT Loss:  0.8198 Epoch DTA Rank:  0.7388 Epoch DTA TV:  0.0315 Epoch DTA Proxy:  0.4319 Epoch DTA Trans:  0.0071 Epoch DTA Phys:  0.0067 Epoch DTA Preserve:  0.0054
DTA_GATE_RAMP epoch=5 gate_limit=0.030000
Time:  0.0813 Epoch: 005 Iter:   50/ 600 LR: 0.0000983215 Loss content:  0.0176 Loss fft:  0.8130 Loss dta_rank:  0.7461 Loss dta_tv:  0.0295 Loss dta_proxy:  0.4497 Loss dta_trans:  0.0058 Loss dta_phys:  0.0067 Loss dta_preserve:  0.0039
Time:  0.0727 Epoch: 005 Iter:  100/ 600 LR: 0.0000983215 Loss content:  0.0167 Loss fft:  0.8145 Loss dta_rank:  0.7391 Loss dta_tv:  0.0311 Loss dta_proxy:  0.4326 Loss dta_trans:  0.0078 Loss dta_phys:  0.0071 Loss dta_preserve:  0.0052
Time:  0.0759 Epoch: 005 Iter:  150/ 600 LR: 0.0000983215 Loss content:  0.0168 Loss fft:  0.8273 Loss dta_rank:  0.7410 Loss dta_tv:  0.0307 Loss dta_proxy:  0.4245 Loss dta_trans:  0.0070 Loss dta_phys:  0.0068 Loss dta_preserve:  0.0043
Time:  0.0768 Epoch: 005 Iter:  200/ 600 LR: 0.0000983215 Loss content:  0.0180 Loss fft:  0.8300 Loss dta_rank:  0.7428 Loss dta_tv:  0.0303 Loss dta_proxy:  0.4436 Loss dta_trans:  0.0062 Loss dta_phys:  0.0068 Loss dta_preserve:  0.0049
Time:  0.0682 Epoch: 005 Iter:  250/ 600 LR: 0.0000983215 Loss content:  0.0176 Loss fft:  0.7862 Loss dta_rank:  0.7410 Loss dta_tv:  0.0304 Loss dta_proxy:  0.4331 Loss dta_trans:  0.0064 Loss dta_phys:  0.0074 Loss dta_preserve:  0.0055
Time:  0.0736 Epoch: 005 Iter:  300/ 600 LR: 0.0000983215 Loss content:  0.0169 Loss fft:  0.8247 Loss dta_rank:  0.7434 Loss dta_tv:  0.0311 Loss dta_proxy:  0.4040 Loss dta_trans:  0.0074 Loss dta_phys:  0.0063 Loss dta_preserve:  0.0045
Time:  0.0697 Epoch: 005 Iter:  350/ 600 LR: 0.0000983215 Loss content:  0.0165 Loss fft:  0.7915 Loss dta_rank:  0.7430 Loss dta_tv:  0.0309 Loss dta_proxy:  0.4156 Loss dta_trans:  0.0068 Loss dta_phys:  0.0065 Loss dta_preserve:  0.0048
Time:  0.0754 Epoch: 005 Iter:  400/ 600 LR: 0.0000983215 Loss content:  0.0170 Loss fft:  0.8057 Loss dta_rank:  0.7400 Loss dta_tv:  0.0293 Loss dta_proxy:  0.4399 Loss dta_trans:  0.0059 Loss dta_phys:  0.0062 Loss dta_preserve:  0.0055
Time:  0.0768 Epoch: 005 Iter:  450/ 600 LR: 0.0000983215 Loss content:  0.0163 Loss fft:  0.7990 Loss dta_rank:  0.7414 Loss dta_tv:  0.0294 Loss dta_proxy:  0.4364 Loss dta_trans:  0.0067 Loss dta_phys:  0.0071 Loss dta_preserve:  0.0048
Time:  0.0764 Epoch: 005 Iter:  500/ 600 LR: 0.0000983215 Loss content:  0.0178 Loss fft:  0.8548 Loss dta_rank:  0.7344 Loss dta_tv:  0.0290 Loss dta_proxy:  0.4577 Loss dta_trans:  0.0073 Loss dta_phys:  0.0072 Loss dta_preserve:  0.0059
Time:  0.0766 Epoch: 005 Iter:  550/ 600 LR: 0.0000983215 Loss content:  0.0173 Loss fft:  0.8083 Loss dta_rank:  0.7355 Loss dta_tv:  0.0291 Loss dta_proxy:  0.4310 Loss dta_trans:  0.0062 Loss dta_phys:  0.0058 Loss dta_preserve:  0.0045
Time:  0.0750 Epoch: 005 Iter:  600/ 600 LR: 0.0000983215 Loss content:  0.0173 Loss fft:  0.8308 Loss dta_rank:  0.7357 Loss dta_tv:  0.0294 Loss dta_proxy:  0.4414 Loss dta_trans:  0.0073 Loss dta_phys:  0.0075 Loss dta_preserve:  0.0055
EPOCH: 05
Elapsed time: 0.90 Epoch Pixel Loss:  0.0172 Epoch FFT Loss:  0.8155 Epoch DTA Rank:  0.7403 Epoch DTA TV:  0.0300 Epoch DTA Proxy:  0.4341 Epoch DTA Trans:  0.0067 Epoch DTA Phys:  0.0068 Epoch DTA Preserve:  0.0049
DTA_GATE_RAMP epoch=6 gate_limit=0.030000
Time:  0.0813 Epoch: 006 Iter:   50/ 600 LR: 0.0000942212 Loss content:  0.0180 Loss fft:  0.8240 Loss dta_rank:  0.7395 Loss dta_tv:  0.0296 Loss dta_proxy:  0.4201 Loss dta_trans:  0.0063 Loss dta_phys:  0.0068 Loss dta_preserve:  0.0049
Time:  0.0771 Epoch: 006 Iter:  100/ 600 LR: 0.0000942212 Loss content:  0.0178 Loss fft:  0.8192 Loss dta_rank:  0.7401 Loss dta_tv:  0.0288 Loss dta_proxy:  0.4499 Loss dta_trans:  0.0064 Loss dta_phys:  0.0071 Loss dta_preserve:  0.0058
Time:  0.0747 Epoch: 006 Iter:  150/ 600 LR: 0.0000942212 Loss content:  0.0164 Loss fft:  0.8034 Loss dta_rank:  0.7377 Loss dta_tv:  0.0296 Loss dta_proxy:  0.4233 Loss dta_trans:  0.0064 Loss dta_phys:  0.0063 Loss dta_preserve:  0.0046
Time:  0.0713 Epoch: 006 Iter:  200/ 600 LR: 0.0000942212 Loss content:  0.0162 Loss fft:  0.8055 Loss dta_rank:  0.7412 Loss dta_tv:  0.0288 Loss dta_proxy:  0.4384 Loss dta_trans:  0.0066 Loss dta_phys:  0.0063 Loss dta_preserve:  0.0039
Time:  0.0661 Epoch: 006 Iter:  250/ 600 LR: 0.0000942212 Loss content:  0.0166 Loss fft:  0.8026 Loss dta_rank:  0.7316 Loss dta_tv:  0.0298 Loss dta_proxy:  0.4144 Loss dta_trans:  0.0071 Loss dta_phys:  0.0064 Loss dta_preserve:  0.0046
Time:  0.0672 Epoch: 006 Iter:  300/ 600 LR: 0.0000942212 Loss content:  0.0176 Loss fft:  0.8175 Loss dta_rank:  0.7352 Loss dta_tv:  0.0285 Loss dta_proxy:  0.4503 Loss dta_trans:  0.0065 Loss dta_phys:  0.0075 Loss dta_preserve:  0.0050
Time:  0.0757 Epoch: 006 Iter:  350/ 600 LR: 0.0000942212 Loss content:  0.0173 Loss fft:  0.8406 Loss dta_rank:  0.7378 Loss dta_tv:  0.0294 Loss dta_proxy:  0.4367 Loss dta_trans:  0.0060 Loss dta_phys:  0.0072 Loss dta_preserve:  0.0058
Time:  0.0799 Epoch: 006 Iter:  400/ 600 LR: 0.0000942212 Loss content:  0.0171 Loss fft:  0.8390 Loss dta_rank:  0.7378 Loss dta_tv:  0.0284 Loss dta_proxy:  0.4414 Loss dta_trans:  0.0059 Loss dta_phys:  0.0065 Loss dta_preserve:  0.0045
Time:  0.0736 Epoch: 006 Iter:  450/ 600 LR: 0.0000942212 Loss content:  0.0171 Loss fft:  0.8215 Loss dta_rank:  0.7374 Loss dta_tv:  0.0294 Loss dta_proxy:  0.4359 Loss dta_trans:  0.0059 Loss dta_phys:  0.0066 Loss dta_preserve:  0.0058
Time:  0.0707 Epoch: 006 Iter:  500/ 600 LR: 0.0000942212 Loss content:  0.0175 Loss fft:  0.8577 Loss dta_rank:  0.7447 Loss dta_tv:  0.0286 Loss dta_proxy:  0.4472 Loss dta_trans:  0.0059 Loss dta_phys:  0.0061 Loss dta_preserve:  0.0062
Time:  0.0713 Epoch: 006 Iter:  550/ 600 LR: 0.0000942212 Loss content:  0.0164 Loss fft:  0.8033 Loss dta_rank:  0.7352 Loss dta_tv:  0.0298 Loss dta_proxy:  0.4215 Loss dta_trans:  0.0075 Loss dta_phys:  0.0073 Loss dta_preserve:  0.0048
Time:  0.0722 Epoch: 006 Iter:  600/ 600 LR: 0.0000942212 Loss content:  0.0173 Loss fft:  0.8216 Loss dta_rank:  0.7387 Loss dta_tv:  0.0285 Loss dta_proxy:  0.4628 Loss dta_trans:  0.0063 Loss dta_phys:  0.0079 Loss dta_preserve:  0.0050
EPOCH: 06
Elapsed time: 0.88 Epoch Pixel Loss:  0.0171 Epoch FFT Loss:  0.8213 Epoch DTA Rank:  0.7381 Epoch DTA TV:  0.0291 Epoch DTA Proxy:  0.4368 Epoch DTA Trans:  0.0064 Epoch DTA Phys:  0.0068 Epoch DTA Preserve:  0.0051
DTA_GATE_RAMP epoch=7 gate_limit=0.030000
Time:  0.0770 Epoch: 007 Iter:   50/ 600 LR: 0.0000886874 Loss content:  0.0169 Loss fft:  0.8034 Loss dta_rank:  0.7394 Loss dta_tv:  0.0294 Loss dta_proxy:  0.4331 Loss dta_trans:  0.0067 Loss dta_phys:  0.0074 Loss dta_preserve:  0.0055
Time:  0.0757 Epoch: 007 Iter:  100/ 600 LR: 0.0000886874 Loss content:  0.0173 Loss fft:  0.8218 Loss dta_rank:  0.7408 Loss dta_tv:  0.0285 Loss dta_proxy:  0.4426 Loss dta_trans:  0.0061 Loss dta_phys:  0.0071 Loss dta_preserve:  0.0060
Time:  0.0726 Epoch: 007 Iter:  150/ 600 LR: 0.0000886874 Loss content:  0.0180 Loss fft:  0.8464 Loss dta_rank:  0.7353 Loss dta_tv:  0.0289 Loss dta_proxy:  0.4238 Loss dta_trans:  0.0061 Loss dta_phys:  0.0062 Loss dta_preserve:  0.0059
Time:  0.0738 Epoch: 007 Iter:  200/ 600 LR: 0.0000886874 Loss content:  0.0164 Loss fft:  0.7818 Loss dta_rank:  0.7408 Loss dta_tv:  0.0288 Loss dta_proxy:  0.4505 Loss dta_trans:  0.0064 Loss dta_phys:  0.0069 Loss dta_preserve:  0.0058
Time:  0.0705 Epoch: 007 Iter:  250/ 600 LR: 0.0000886874 Loss content:  0.0168 Loss fft:  0.7920 Loss dta_rank:  0.7449 Loss dta_tv:  0.0292 Loss dta_proxy:  0.4421 Loss dta_trans:  0.0063 Loss dta_phys:  0.0070 Loss dta_preserve:  0.0067
Time:  0.0792 Epoch: 007 Iter:  300/ 600 LR: 0.0000886874 Loss content:  0.0172 Loss fft:  0.8198 Loss dta_rank:  0.7482 Loss dta_tv:  0.0295 Loss dta_proxy:  0.4377 Loss dta_trans:  0.0062 Loss dta_phys:  0.0071 Loss dta_preserve:  0.0044
Time:  0.0769 Epoch: 007 Iter:  350/ 600 LR: 0.0000886874 Loss content:  0.0174 Loss fft:  0.8240 Loss dta_rank:  0.7463 Loss dta_tv:  0.0291 Loss dta_proxy:  0.4252 Loss dta_trans:  0.0067 Loss dta_phys:  0.0068 Loss dta_preserve:  0.0068
Time:  0.0769 Epoch: 007 Iter:  400/ 600 LR: 0.0000886874 Loss content:  0.0174 Loss fft:  0.8372 Loss dta_rank:  0.7346 Loss dta_tv:  0.0270 Loss dta_proxy:  0.4508 Loss dta_trans:  0.0069 Loss dta_phys:  0.0069 Loss dta_preserve:  0.0053
Time:  0.0787 Epoch: 007 Iter:  450/ 600 LR: 0.0000886874 Loss content:  0.0175 Loss fft:  0.8255 Loss dta_rank:  0.7366 Loss dta_tv:  0.0277 Loss dta_proxy:  0.4320 Loss dta_trans:  0.0062 Loss dta_phys:  0.0066 Loss dta_preserve:  0.0045
Time:  0.0731 Epoch: 007 Iter:  500/ 600 LR: 0.0000886874 Loss content:  0.0175 Loss fft:  0.8300 Loss dta_rank:  0.7358 Loss dta_tv:  0.0280 Loss dta_proxy:  0.4321 Loss dta_trans:  0.0059 Loss dta_phys:  0.0061 Loss dta_preserve:  0.0048
Time:  0.0766 Epoch: 007 Iter:  550/ 600 LR: 0.0000886874 Loss content:  0.0175 Loss fft:  0.8444 Loss dta_rank:  0.7390 Loss dta_tv:  0.0273 Loss dta_proxy:  0.4460 Loss dta_trans:  0.0059 Loss dta_phys:  0.0063 Loss dta_preserve:  0.0055
Time:  0.0766 Epoch: 007 Iter:  600/ 600 LR: 0.0000886874 Loss content:  0.0168 Loss fft:  0.8090 Loss dta_rank:  0.7358 Loss dta_tv:  0.0279 Loss dta_proxy:  0.4253 Loss dta_trans:  0.0064 Loss dta_phys:  0.0072 Loss dta_preserve:  0.0047
EPOCH: 07
Elapsed time: 0.91 Epoch Pixel Loss:  0.0172 Epoch FFT Loss:  0.8196 Epoch DTA Rank:  0.7398 Epoch DTA TV:  0.0284 Epoch DTA Proxy:  0.4368 Epoch DTA Trans:  0.0063 Epoch DTA Phys:  0.0068 Epoch DTA Preserve:  0.0055
DTA_GATE_RAMP epoch=8 gate_limit=0.030000
Time:  0.0844 Epoch: 008 Iter:   50/ 600 LR: 0.0000819070 Loss content:  0.0171 Loss fft:  0.8044 Loss dta_rank:  0.7360 Loss dta_tv:  0.0282 Loss dta_proxy:  0.4331 Loss dta_trans:  0.0075 Loss dta_phys:  0.0073 Loss dta_preserve:  0.0046
Time:  0.0768 Epoch: 008 Iter:  100/ 600 LR: 0.0000819070 Loss content:  0.0167 Loss fft:  0.8072 Loss dta_rank:  0.7400 Loss dta_tv:  0.0279 Loss dta_proxy:  0.4318 Loss dta_trans:  0.0056 Loss dta_phys:  0.0068 Loss dta_preserve:  0.0050
Time:  0.0772 Epoch: 008 Iter:  150/ 600 LR: 0.0000819070 Loss content:  0.0171 Loss fft:  0.8420 Loss dta_rank:  0.7378 Loss dta_tv:  0.0275 Loss dta_proxy:  0.4423 Loss dta_trans:  0.0057 Loss dta_phys:  0.0064 Loss dta_preserve:  0.0049
Time:  0.0723 Epoch: 008 Iter:  200/ 600 LR: 0.0000819070 Loss content:  0.0177 Loss fft:  0.8241 Loss dta_rank:  0.7436 Loss dta_tv:  0.0286 Loss dta_proxy:  0.4327 Loss dta_trans:  0.0060 Loss dta_phys:  0.0066 Loss dta_preserve:  0.0055
Time:  0.0697 Epoch: 008 Iter:  250/ 600 LR: 0.0000819070 Loss content:  0.0167 Loss fft:  0.8146 Loss dta_rank:  0.7359 Loss dta_tv:  0.0285 Loss dta_proxy:  0.4297 Loss dta_trans:  0.0066 Loss dta_phys:  0.0074 Loss dta_preserve:  0.0044
Time:  0.0736 Epoch: 008 Iter:  300/ 600 LR: 0.0000819070 Loss content:  0.0180 Loss fft:  0.8333 Loss dta_rank:  0.7406 Loss dta_tv:  0.0284 Loss dta_proxy:  0.4210 Loss dta_trans:  0.0064 Loss dta_phys:  0.0064 Loss dta_preserve:  0.0047
Time:  0.0753 Epoch: 008 Iter:  350/ 600 LR: 0.0000819070 Loss content:  0.0164 Loss fft:  0.7874 Loss dta_rank:  0.7374 Loss dta_tv:  0.0275 Loss dta_proxy:  0.4419 Loss dta_trans:  0.0066 Loss dta_phys:  0.0070 Loss dta_preserve:  0.0060
Time:  0.0764 Epoch: 008 Iter:  400/ 600 LR: 0.0000819070 Loss content:  0.0182 Loss fft:  0.8362 Loss dta_rank:  0.7411 Loss dta_tv:  0.0277 Loss dta_proxy:  0.4356 Loss dta_trans:  0.0070 Loss dta_phys:  0.0059 Loss dta_preserve:  0.0047
Time:  0.0768 Epoch: 008 Iter:  450/ 600 LR: 0.0000819070 Loss content:  0.0171 Loss fft:  0.8410 Loss dta_rank:  0.7425 Loss dta_tv:  0.0269 Loss dta_proxy:  0.4693 Loss dta_trans:  0.0065 Loss dta_phys:  0.0073 Loss dta_preserve:  0.0053
Time:  0.0769 Epoch: 008 Iter:  500/ 600 LR: 0.0000819070 Loss content:  0.0173 Loss fft:  0.8183 Loss dta_rank:  0.7312 Loss dta_tv:  0.0271 Loss dta_proxy:  0.4391 Loss dta_trans:  0.0058 Loss dta_phys:  0.0070 Loss dta_preserve:  0.0047
Time:  0.0727 Epoch: 008 Iter:  550/ 600 LR: 0.0000819070 Loss content:  0.0176 Loss fft:  0.8419 Loss dta_rank:  0.7450 Loss dta_tv:  0.0273 Loss dta_proxy:  0.4534 Loss dta_trans:  0.0051 Loss dta_phys:  0.0064 Loss dta_preserve:  0.0053
Time:  0.0739 Epoch: 008 Iter:  600/ 600 LR: 0.0000819070 Loss content:  0.0172 Loss fft:  0.8079 Loss dta_rank:  0.7355 Loss dta_tv:  0.0265 Loss dta_proxy:  0.4658 Loss dta_trans:  0.0056 Loss dta_phys:  0.0065 Loss dta_preserve:  0.0049
EPOCH: 08
Elapsed time: 0.91 Epoch Pixel Loss:  0.0172 Epoch FFT Loss:  0.8215 Epoch DTA Rank:  0.7389 Epoch DTA TV:  0.0277 Epoch DTA Proxy:  0.4413 Epoch DTA Trans:  0.0062 Epoch DTA Phys:  0.0067 Epoch DTA Preserve:  0.0050
DTA_GATE_RAMP epoch=9 gate_limit=0.060000
Time:  0.0837 Epoch: 009 Iter:   50/ 600 LR: 0.0000741093 Loss content:  0.0174 Loss fft:  0.7975 Loss dta_rank:  0.7423 Loss dta_tv:  0.0270 Loss dta_proxy:  0.4379 Loss dta_trans:  0.0068 Loss dta_phys:  0.0076 Loss dta_preserve:  0.0057
Time:  0.0782 Epoch: 009 Iter:  100/ 600 LR: 0.0000741093 Loss content:  0.0173 Loss fft:  0.8507 Loss dta_rank:  0.7412 Loss dta_tv:  0.0273 Loss dta_proxy:  0.4326 Loss dta_trans:  0.0060 Loss dta_phys:  0.0061 Loss dta_preserve:  0.0047
Time:  0.0805 Epoch: 009 Iter:  150/ 600 LR: 0.0000741093 Loss content:  0.0166 Loss fft:  0.8138 Loss dta_rank:  0.7422 Loss dta_tv:  0.0277 Loss dta_proxy:  0.4306 Loss dta_trans:  0.0061 Loss dta_phys:  0.0076 Loss dta_preserve:  0.0047
Time:  0.0765 Epoch: 009 Iter:  200/ 600 LR: 0.0000741093 Loss content:  0.0181 Loss fft:  0.8450 Loss dta_rank:  0.7393 Loss dta_tv:  0.0281 Loss dta_proxy:  0.4362 Loss dta_trans:  0.0059 Loss dta_phys:  0.0067 Loss dta_preserve:  0.0052
Time:  0.0764 Epoch: 009 Iter:  250/ 600 LR: 0.0000741093 Loss content:  0.0171 Loss fft:  0.8149 Loss dta_rank:  0.7368 Loss dta_tv:  0.0275 Loss dta_proxy:  0.4413 Loss dta_trans:  0.0060 Loss dta_phys:  0.0063 Loss dta_preserve:  0.0057
Time:  0.0780 Epoch: 009 Iter:  300/ 600 LR: 0.0000741093 Loss content:  0.0172 Loss fft:  0.8200 Loss dta_rank:  0.7416 Loss dta_tv:  0.0275 Loss dta_proxy:  0.4537 Loss dta_trans:  0.0063 Loss dta_phys:  0.0066 Loss dta_preserve:  0.0040
Time:  0.0759 Epoch: 009 Iter:  350/ 600 LR: 0.0000741093 Loss content:  0.0179 Loss fft:  0.8528 Loss dta_rank:  0.7425 Loss dta_tv:  0.0267 Loss dta_proxy:  0.4511 Loss dta_trans:  0.0057 Loss dta_phys:  0.0069 Loss dta_preserve:  0.0064
Time:  0.0781 Epoch: 009 Iter:  400/ 600 LR: 0.0000741093 Loss content:  0.0171 Loss fft:  0.8002 Loss dta_rank:  0.7426 Loss dta_tv:  0.0280 Loss dta_proxy:  0.4266 Loss dta_trans:  0.0071 Loss dta_phys:  0.0068 Loss dta_preserve:  0.0047
Time:  0.0806 Epoch: 009 Iter:  450/ 600 LR: 0.0000741093 Loss content:  0.0180 Loss fft:  0.8029 Loss dta_rank:  0.7345 Loss dta_tv:  0.0281 Loss dta_proxy:  0.4231 Loss dta_trans:  0.0068 Loss dta_phys:  0.0068 Loss dta_preserve:  0.0050
Time:  0.0760 Epoch: 009 Iter:  500/ 600 LR: 0.0000741093 Loss content:  0.0168 Loss fft:  0.8284 Loss dta_rank:  0.7483 Loss dta_tv:  0.0262 Loss dta_proxy:  0.4763 Loss dta_trans:  0.0055 Loss dta_phys:  0.0063 Loss dta_preserve:  0.0040
Time:  0.0788 Epoch: 009 Iter:  550/ 600 LR: 0.0000741093 Loss content:  0.0169 Loss fft:  0.8103 Loss dta_rank:  0.7400 Loss dta_tv:  0.0273 Loss dta_proxy:  0.4446 Loss dta_trans:  0.0057 Loss dta_phys:  0.0079 Loss dta_preserve:  0.0050
Time:  0.0729 Epoch: 009 Iter:  600/ 600 LR: 0.0000741093 Loss content:  0.0165 Loss fft:  0.8098 Loss dta_rank:  0.7367 Loss dta_tv:  0.0282 Loss dta_proxy:  0.4269 Loss dta_trans:  0.0070 Loss dta_phys:  0.0068 Loss dta_preserve:  0.0045
EPOCH: 09
Elapsed time: 0.94 Epoch Pixel Loss:  0.0173 Epoch FFT Loss:  0.8205 Epoch DTA Rank:  0.7407 Epoch DTA TV:  0.0275 Epoch DTA Proxy:  0.4401 Epoch DTA Trans:  0.0062 Epoch DTA Phys:  0.0069 Epoch DTA Preserve:  0.0050
DTA_GATE_RAMP epoch=10 gate_limit=0.060000
Time:  0.0834 Epoch: 010 Iter:   50/ 600 LR: 0.0000655580 Loss content:  0.0177 Loss fft:  0.8584 Loss dta_rank:  0.7416 Loss dta_tv:  0.0267 Loss dta_proxy:  0.4347 Loss dta_trans:  0.0061 Loss dta_phys:  0.0073 Loss dta_preserve:  0.0042
Time:  0.0738 Epoch: 010 Iter:  100/ 600 LR: 0.0000655580 Loss content:  0.0173 Loss fft:  0.8217 Loss dta_rank:  0.7355 Loss dta_tv:  0.0263 Loss dta_proxy:  0.4416 Loss dta_trans:  0.0052 Loss dta_phys:  0.0060 Loss dta_preserve:  0.0049
Time:  0.0733 Epoch: 010 Iter:  150/ 600 LR: 0.0000655580 Loss content:  0.0175 Loss fft:  0.8101 Loss dta_rank:  0.7411 Loss dta_tv:  0.0268 Loss dta_proxy:  0.4509 Loss dta_trans:  0.0064 Loss dta_phys:  0.0071 Loss dta_preserve:  0.0040
Time:  0.0702 Epoch: 010 Iter:  200/ 600 LR: 0.0000655580 Loss content:  0.0166 Loss fft:  0.8001 Loss dta_rank:  0.7392 Loss dta_tv:  0.0271 Loss dta_proxy:  0.4522 Loss dta_trans:  0.0061 Loss dta_phys:  0.0072 Loss dta_preserve:  0.0056
Time:  0.0666 Epoch: 010 Iter:  250/ 600 LR: 0.0000655580 Loss content:  0.0175 Loss fft:  0.8164 Loss dta_rank:  0.7448 Loss dta_tv:  0.0270 Loss dta_proxy:  0.4580 Loss dta_trans:  0.0049 Loss dta_phys:  0.0068 Loss dta_preserve:  0.0073
Time:  0.0652 Epoch: 010 Iter:  300/ 600 LR: 0.0000655580 Loss content:  0.0169 Loss fft:  0.8118 Loss dta_rank:  0.7435 Loss dta_tv:  0.0283 Loss dta_proxy:  0.4296 Loss dta_trans:  0.0067 Loss dta_phys:  0.0068 Loss dta_preserve:  0.0048
Time:  0.0728 Epoch: 010 Iter:  350/ 600 LR: 0.0000655580 Loss content:  0.0172 Loss fft:  0.8250 Loss dta_rank:  0.7473 Loss dta_tv:  0.0259 Loss dta_proxy:  0.4539 Loss dta_trans:  0.0055 Loss dta_phys:  0.0069 Loss dta_preserve:  0.0077
Time:  0.0736 Epoch: 010 Iter:  400/ 600 LR: 0.0000655580 Loss content:  0.0176 Loss fft:  0.8339 Loss dta_rank:  0.7495 Loss dta_tv:  0.0272 Loss dta_proxy:  0.4281 Loss dta_trans:  0.0059 Loss dta_phys:  0.0067 Loss dta_preserve:  0.0046
Time:  0.0720 Epoch: 010 Iter:  450/ 600 LR: 0.0000655580 Loss content:  0.0165 Loss fft:  0.8203 Loss dta_rank:  0.7332 Loss dta_tv:  0.0281 Loss dta_proxy:  0.4297 Loss dta_trans:  0.0054 Loss dta_phys:  0.0069 Loss dta_preserve:  0.0045
Time:  0.0752 Epoch: 010 Iter:  500/ 600 LR: 0.0000655580 Loss content:  0.0171 Loss fft:  0.8354 Loss dta_rank:  0.7406 Loss dta_tv:  0.0266 Loss dta_proxy:  0.4341 Loss dta_trans:  0.0066 Loss dta_phys:  0.0062 Loss dta_preserve:  0.0062
Time:  0.0775 Epoch: 010 Iter:  550/ 600 LR: 0.0000655580 Loss content:  0.0164 Loss fft:  0.7893 Loss dta_rank:  0.7420 Loss dta_tv:  0.0267 Loss dta_proxy:  0.4309 Loss dta_trans:  0.0067 Loss dta_phys:  0.0065 Loss dta_preserve:  0.0044
Time:  0.0766 Epoch: 010 Iter:  600/ 600 LR: 0.0000655580 Loss content:  0.0167 Loss fft:  0.7930 Loss dta_rank:  0.7365 Loss dta_tv:  0.0271 Loss dta_proxy:  0.4413 Loss dta_trans:  0.0068 Loss dta_phys:  0.0066 Loss dta_preserve:  0.0042
EPOCH: 10
Elapsed time: 0.88 Epoch Pixel Loss:  0.0171 Epoch FFT Loss:  0.8179 Epoch DTA Rank:  0.7412 Epoch DTA TV:  0.0270 Epoch DTA Proxy:  0.4404 Epoch DTA Trans:  0.0060 Epoch DTA Phys:  0.0068 Epoch DTA Preserve:  0.0052
DTA_GATE_RAMP epoch=11 gate_limit=0.060000
Time:  0.0810 Epoch: 011 Iter:   50/ 600 LR: 0.0000565424 Loss content:  0.0170 Loss fft:  0.7978 Loss dta_rank:  0.7423 Loss dta_tv:  0.0262 Loss dta_proxy:  0.4395 Loss dta_trans:  0.0054 Loss dta_phys:  0.0063 Loss dta_preserve:  0.0046
Time:  0.0805 Epoch: 011 Iter:  100/ 600 LR: 0.0000565424 Loss content:  0.0163 Loss fft:  0.7996 Loss dta_rank:  0.7375 Loss dta_tv:  0.0266 Loss dta_proxy:  0.4369 Loss dta_trans:  0.0057 Loss dta_phys:  0.0062 Loss dta_preserve:  0.0047
Time:  0.0787 Epoch: 011 Iter:  150/ 600 LR: 0.0000565424 Loss content:  0.0165 Loss fft:  0.8039 Loss dta_rank:  0.7394 Loss dta_tv:  0.0270 Loss dta_proxy:  0.4441 Loss dta_trans:  0.0056 Loss dta_phys:  0.0068 Loss dta_preserve:  0.0051
Time:  0.0801 Epoch: 011 Iter:  200/ 600 LR: 0.0000565424 Loss content:  0.0173 Loss fft:  0.7991 Loss dta_rank:  0.7416 Loss dta_tv:  0.0268 Loss dta_proxy:  0.4297 Loss dta_trans:  0.0070 Loss dta_phys:  0.0073 Loss dta_preserve:  0.0049
Time:  0.0769 Epoch: 011 Iter:  250/ 600 LR: 0.0000565424 Loss content:  0.0176 Loss fft:  0.8427 Loss dta_rank:  0.7405 Loss dta_tv:  0.0264 Loss dta_proxy:  0.4361 Loss dta_trans:  0.0061 Loss dta_phys:  0.0059 Loss dta_preserve:  0.0054
Time:  0.0725 Epoch: 011 Iter:  300/ 600 LR: 0.0000565424 Loss content:  0.0174 Loss fft:  0.8215 Loss dta_rank:  0.7411 Loss dta_tv:  0.0270 Loss dta_proxy:  0.4349 Loss dta_trans:  0.0053 Loss dta_phys:  0.0064 Loss dta_preserve:  0.0049
Time:  0.0770 Epoch: 011 Iter:  350/ 600 LR: 0.0000565424 Loss content:  0.0173 Loss fft:  0.8378 Loss dta_rank:  0.7389 Loss dta_tv:  0.0266 Loss dta_proxy:  0.4428 Loss dta_trans:  0.0064 Loss dta_phys:  0.0065 Loss dta_preserve:  0.0063
Time:  0.0775 Epoch: 011 Iter:  400/ 600 LR: 0.0000565424 Loss content:  0.0171 Loss fft:  0.8046 Loss dta_rank:  0.7446 Loss dta_tv:  0.0268 Loss dta_proxy:  0.4429 Loss dta_trans:  0.0061 Loss dta_phys:  0.0078 Loss dta_preserve:  0.0055
Time:  0.0788 Epoch: 011 Iter:  450/ 600 LR: 0.0000565424 Loss content:  0.0175 Loss fft:  0.8268 Loss dta_rank:  0.7338 Loss dta_tv:  0.0259 Loss dta_proxy:  0.4548 Loss dta_trans:  0.0053 Loss dta_phys:  0.0068 Loss dta_preserve:  0.0057
Time:  0.0761 Epoch: 011 Iter:  500/ 600 LR: 0.0000565424 Loss content:  0.0169 Loss fft:  0.8044 Loss dta_rank:  0.7427 Loss dta_tv:  0.0268 Loss dta_proxy:  0.4480 Loss dta_trans:  0.0064 Loss dta_phys:  0.0070 Loss dta_preserve:  0.0062
Time:  0.0766 Epoch: 011 Iter:  550/ 600 LR: 0.0000565424 Loss content:  0.0173 Loss fft:  0.8163 Loss dta_rank:  0.7410 Loss dta_tv:  0.0263 Loss dta_proxy:  0.4466 Loss dta_trans:  0.0061 Loss dta_phys:  0.0059 Loss dta_preserve:  0.0041
Time:  0.0774 Epoch: 011 Iter:  600/ 600 LR: 0.0000565424 Loss content:  0.0168 Loss fft:  0.8208 Loss dta_rank:  0.7350 Loss dta_tv:  0.0261 Loss dta_proxy:  0.4556 Loss dta_trans:  0.0057 Loss dta_phys:  0.0073 Loss dta_preserve:  0.0042
EPOCH: 11
Elapsed time: 0.94 Epoch Pixel Loss:  0.0171 Epoch FFT Loss:  0.8146 Epoch DTA Rank:  0.7399 Epoch DTA TV:  0.0266 Epoch DTA Proxy:  0.4427 Epoch DTA Trans:  0.0059 Epoch DTA Phys:  0.0067 Epoch DTA Preserve:  0.0051
DTA_GATE_RAMP epoch=12 gate_limit=0.060000
Time:  0.0833 Epoch: 012 Iter:   50/ 600 LR: 0.0000473670 Loss content:  0.0166 Loss fft:  0.7960 Loss dta_rank:  0.7475 Loss dta_tv:  0.0264 Loss dta_proxy:  0.4419 Loss dta_trans:  0.0052 Loss dta_phys:  0.0065 Loss dta_preserve:  0.0053
Time:  0.0776 Epoch: 012 Iter:  100/ 600 LR: 0.0000473670 Loss content:  0.0166 Loss fft:  0.8011 Loss dta_rank:  0.7356 Loss dta_tv:  0.0259 Loss dta_proxy:  0.4378 Loss dta_trans:  0.0065 Loss dta_phys:  0.0079 Loss dta_preserve:  0.0047
Time:  0.0776 Epoch: 012 Iter:  150/ 600 LR: 0.0000473670 Loss content:  0.0177 Loss fft:  0.8509 Loss dta_rank:  0.7430 Loss dta_tv:  0.0265 Loss dta_proxy:  0.4411 Loss dta_trans:  0.0052 Loss dta_phys:  0.0068 Loss dta_preserve:  0.0047
Time:  0.0787 Epoch: 012 Iter:  200/ 600 LR: 0.0000473670 Loss content:  0.0165 Loss fft:  0.7853 Loss dta_rank:  0.7371 Loss dta_tv:  0.0265 Loss dta_proxy:  0.4435 Loss dta_trans:  0.0058 Loss dta_phys:  0.0075 Loss dta_preserve:  0.0048
Time:  0.0778 Epoch: 012 Iter:  250/ 600 LR: 0.0000473670 Loss content:  0.0172 Loss fft:  0.8229 Loss dta_rank:  0.7400 Loss dta_tv:  0.0266 Loss dta_proxy:  0.4491 Loss dta_trans:  0.0064 Loss dta_phys:  0.0075 Loss dta_preserve:  0.0051
Time:  0.0777 Epoch: 012 Iter:  300/ 600 LR: 0.0000473670 Loss content:  0.0169 Loss fft:  0.8157 Loss dta_rank:  0.7361 Loss dta_tv:  0.0260 Loss dta_proxy:  0.4421 Loss dta_trans:  0.0057 Loss dta_phys:  0.0066 Loss dta_preserve:  0.0072
Time:  0.0791 Epoch: 012 Iter:  350/ 600 LR: 0.0000473670 Loss content:  0.0177 Loss fft:  0.8306 Loss dta_rank:  0.7432 Loss dta_tv:  0.0265 Loss dta_proxy:  0.4380 Loss dta_trans:  0.0056 Loss dta_phys:  0.0063 Loss dta_preserve:  0.0057
Time:  0.0771 Epoch: 012 Iter:  400/ 600 LR: 0.0000473670 Loss content:  0.0172 Loss fft:  0.8125 Loss dta_rank:  0.7357 Loss dta_tv:  0.0267 Loss dta_proxy:  0.4135 Loss dta_trans:  0.0065 Loss dta_phys:  0.0061 Loss dta_preserve:  0.0050
Time:  0.0763 Epoch: 012 Iter:  450/ 600 LR: 0.0000473670 Loss content:  0.0176 Loss fft:  0.8330 Loss dta_rank:  0.7370 Loss dta_tv:  0.0261 Loss dta_proxy:  0.4479 Loss dta_trans:  0.0059 Loss dta_phys:  0.0069 Loss dta_preserve:  0.0052
Time:  0.0760 Epoch: 012 Iter:  500/ 600 LR: 0.0000473670 Loss content:  0.0166 Loss fft:  0.8038 Loss dta_rank:  0.7417 Loss dta_tv:  0.0262 Loss dta_proxy:  0.4530 Loss dta_trans:  0.0057 Loss dta_phys:  0.0064 Loss dta_preserve:  0.0056
Time:  0.0777 Epoch: 012 Iter:  550/ 600 LR: 0.0000473670 Loss content:  0.0167 Loss fft:  0.8305 Loss dta_rank:  0.7426 Loss dta_tv:  0.0262 Loss dta_proxy:  0.4639 Loss dta_trans:  0.0059 Loss dta_phys:  0.0062 Loss dta_preserve:  0.0045
Time:  0.0758 Epoch: 012 Iter:  600/ 600 LR: 0.0000473670 Loss content:  0.0166 Loss fft:  0.7840 Loss dta_rank:  0.7370 Loss dta_tv:  0.0259 Loss dta_proxy:  0.4476 Loss dta_trans:  0.0066 Loss dta_phys:  0.0063 Loss dta_preserve:  0.0050
EPOCH: 12
Elapsed time: 0.94 Epoch Pixel Loss:  0.0170 Epoch FFT Loss:  0.8139 Epoch DTA Rank:  0.7397 Epoch DTA TV:  0.0263 Epoch DTA Proxy:  0.4433 Epoch DTA Trans:  0.0059 Epoch DTA Phys:  0.0067 Epoch DTA Preserve:  0.0052
DTA_GATE_RAMP epoch=13 gate_limit=0.060000
Time:  0.0807 Epoch: 013 Iter:   50/ 600 LR: 0.0000383414 Loss content:  0.0173 Loss fft:  0.8335 Loss dta_rank:  0.7379 Loss dta_tv:  0.0254 Loss dta_proxy:  0.4523 Loss dta_trans:  0.0051 Loss dta_phys:  0.0061 Loss dta_preserve:  0.0046
Time:  0.0733 Epoch: 013 Iter:  100/ 600 LR: 0.0000383414 Loss content:  0.0165 Loss fft:  0.8074 Loss dta_rank:  0.7380 Loss dta_tv:  0.0264 Loss dta_proxy:  0.4337 Loss dta_trans:  0.0057 Loss dta_phys:  0.0073 Loss dta_preserve:  0.0053
Time:  0.0700 Epoch: 013 Iter:  150/ 600 LR: 0.0000383414 Loss content:  0.0175 Loss fft:  0.8046 Loss dta_rank:  0.7449 Loss dta_tv:  0.0263 Loss dta_proxy:  0.4483 Loss dta_trans:  0.0065 Loss dta_phys:  0.0068 Loss dta_preserve:  0.0063
Time:  0.0739 Epoch: 013 Iter:  200/ 600 LR: 0.0000383414 Loss content:  0.0169 Loss fft:  0.8218 Loss dta_rank:  0.7348 Loss dta_tv:  0.0261 Loss dta_proxy:  0.4418 Loss dta_trans:  0.0063 Loss dta_phys:  0.0072 Loss dta_preserve:  0.0047
Time:  0.0754 Epoch: 013 Iter:  250/ 600 LR: 0.0000383414 Loss content:  0.0166 Loss fft:  0.8155 Loss dta_rank:  0.7444 Loss dta_tv:  0.0264 Loss dta_proxy:  0.4398 Loss dta_trans:  0.0065 Loss dta_phys:  0.0067 Loss dta_preserve:  0.0055
Time:  0.0801 Epoch: 013 Iter:  300/ 600 LR: 0.0000383414 Loss content:  0.0172 Loss fft:  0.8330 Loss dta_rank:  0.7301 Loss dta_tv:  0.0265 Loss dta_proxy:  0.4241 Loss dta_trans:  0.0064 Loss dta_phys:  0.0070 Loss dta_preserve:  0.0065
Time:  0.0790 Epoch: 013 Iter:  350/ 600 LR: 0.0000383414 Loss content:  0.0162 Loss fft:  0.7843 Loss dta_rank:  0.7415 Loss dta_tv:  0.0261 Loss dta_proxy:  0.4531 Loss dta_trans:  0.0060 Loss dta_phys:  0.0070 Loss dta_preserve:  0.0050
Time:  0.0765 Epoch: 013 Iter:  400/ 600 LR: 0.0000383414 Loss content:  0.0171 Loss fft:  0.8143 Loss dta_rank:  0.7417 Loss dta_tv:  0.0265 Loss dta_proxy:  0.4454 Loss dta_trans:  0.0057 Loss dta_phys:  0.0070 Loss dta_preserve:  0.0056
Time:  0.0762 Epoch: 013 Iter:  450/ 600 LR: 0.0000383414 Loss content:  0.0165 Loss fft:  0.8183 Loss dta_rank:  0.7448 Loss dta_tv:  0.0279 Loss dta_proxy:  0.4145 Loss dta_trans:  0.0067 Loss dta_phys:  0.0067 Loss dta_preserve:  0.0041
Time:  0.0765 Epoch: 013 Iter:  500/ 600 LR: 0.0000383414 Loss content:  0.0172 Loss fft:  0.8157 Loss dta_rank:  0.7457 Loss dta_tv:  0.0265 Loss dta_proxy:  0.4511 Loss dta_trans:  0.0050 Loss dta_phys:  0.0066 Loss dta_preserve:  0.0057
Time:  0.0785 Epoch: 013 Iter:  550/ 600 LR: 0.0000383414 Loss content:  0.0175 Loss fft:  0.8390 Loss dta_rank:  0.7434 Loss dta_tv:  0.0265 Loss dta_proxy:  0.4347 Loss dta_trans:  0.0055 Loss dta_phys:  0.0057 Loss dta_preserve:  0.0040
Time:  0.0754 Epoch: 013 Iter:  600/ 600 LR: 0.0000383414 Loss content:  0.0174 Loss fft:  0.8420 Loss dta_rank:  0.7477 Loss dta_tv:  0.0256 Loss dta_proxy:  0.4475 Loss dta_trans:  0.0054 Loss dta_phys:  0.0069 Loss dta_preserve:  0.0076
EPOCH: 13
Elapsed time: 0.92 Epoch Pixel Loss:  0.0170 Epoch FFT Loss:  0.8191 Epoch DTA Rank:  0.7412 Epoch DTA TV:  0.0263 Epoch DTA Proxy:  0.4405 Epoch DTA Trans:  0.0059 Epoch DTA Phys:  0.0067 Epoch DTA Preserve:  0.0054
DTA_GATE_RAMP epoch=14 gate_limit=0.060000
Time:  0.0823 Epoch: 014 Iter:   50/ 600 LR: 0.0000297690 Loss content:  0.0168 Loss fft:  0.8075 Loss dta_rank:  0.7475 Loss dta_tv:  0.0267 Loss dta_proxy:  0.4424 Loss dta_trans:  0.0063 Loss dta_phys:  0.0065 Loss dta_preserve:  0.0064
Time:  0.0767 Epoch: 014 Iter:  100/ 600 LR: 0.0000297690 Loss content:  0.0169 Loss fft:  0.8164 Loss dta_rank:  0.7338 Loss dta_tv:  0.0265 Loss dta_proxy:  0.4186 Loss dta_trans:  0.0059 Loss dta_phys:  0.0068 Loss dta_preserve:  0.0041
Time:  0.0769 Epoch: 014 Iter:  150/ 600 LR: 0.0000297690 Loss content:  0.0173 Loss fft:  0.8024 Loss dta_rank:  0.7425 Loss dta_tv:  0.0255 Loss dta_proxy:  0.4489 Loss dta_trans:  0.0063 Loss dta_phys:  0.0063 Loss dta_preserve:  0.0053
Time:  0.0778 Epoch: 014 Iter:  200/ 600 LR: 0.0000297690 Loss content:  0.0177 Loss fft:  0.8393 Loss dta_rank:  0.7361 Loss dta_tv:  0.0262 Loss dta_proxy:  0.4374 Loss dta_trans:  0.0059 Loss dta_phys:  0.0067 Loss dta_preserve:  0.0045
Time:  0.0716 Epoch: 014 Iter:  250/ 600 LR: 0.0000297690 Loss content:  0.0171 Loss fft:  0.8284 Loss dta_rank:  0.7408 Loss dta_tv:  0.0269 Loss dta_proxy:  0.4357 Loss dta_trans:  0.0060 Loss dta_phys:  0.0064 Loss dta_preserve:  0.0042
Time:  0.0724 Epoch: 014 Iter:  300/ 600 LR: 0.0000297690 Loss content:  0.0175 Loss fft:  0.8384 Loss dta_rank:  0.7340 Loss dta_tv:  0.0266 Loss dta_proxy:  0.4257 Loss dta_trans:  0.0060 Loss dta_phys:  0.0067 Loss dta_preserve:  0.0052
Time:  0.0735 Epoch: 014 Iter:  350/ 600 LR: 0.0000297690 Loss content:  0.0166 Loss fft:  0.7871 Loss dta_rank:  0.7453 Loss dta_tv:  0.0266 Loss dta_proxy:  0.4438 Loss dta_trans:  0.0064 Loss dta_phys:  0.0073 Loss dta_preserve:  0.0059
Time:  0.0756 Epoch: 014 Iter:  400/ 600 LR: 0.0000297690 Loss content:  0.0174 Loss fft:  0.8279 Loss dta_rank:  0.7413 Loss dta_tv:  0.0261 Loss dta_proxy:  0.4451 Loss dta_trans:  0.0057 Loss dta_phys:  0.0067 Loss dta_preserve:  0.0052
Time:  0.0763 Epoch: 014 Iter:  450/ 600 LR: 0.0000297690 Loss content:  0.0172 Loss fft:  0.8192 Loss dta_rank:  0.7386 Loss dta_tv:  0.0260 Loss dta_proxy:  0.4500 Loss dta_trans:  0.0062 Loss dta_phys:  0.0067 Loss dta_preserve:  0.0046
Time:  0.0842 Epoch: 014 Iter:  500/ 600 LR: 0.0000297690 Loss content:  0.0172 Loss fft:  0.8324 Loss dta_rank:  0.7470 Loss dta_tv:  0.0260 Loss dta_proxy:  0.4476 Loss dta_trans:  0.0057 Loss dta_phys:  0.0066 Loss dta_preserve:  0.0057
Time:  0.0775 Epoch: 014 Iter:  550/ 600 LR: 0.0000297690 Loss content:  0.0169 Loss fft:  0.8246 Loss dta_rank:  0.7401 Loss dta_tv:  0.0263 Loss dta_proxy:  0.4398 Loss dta_trans:  0.0056 Loss dta_phys:  0.0066 Loss dta_preserve:  0.0046
Time:  0.0766 Epoch: 014 Iter:  600/ 600 LR: 0.0000297690 Loss content:  0.0166 Loss fft:  0.7714 Loss dta_rank:  0.7391 Loss dta_tv:  0.0257 Loss dta_proxy:  0.4472 Loss dta_trans:  0.0057 Loss dta_phys:  0.0066 Loss dta_preserve:  0.0051
EPOCH: 14
Elapsed time: 0.92 Epoch Pixel Loss:  0.0171 Epoch FFT Loss:  0.8163 Epoch DTA Rank:  0.7405 Epoch DTA TV:  0.0263 Epoch DTA Proxy:  0.4402 Epoch DTA Trans:  0.0060 Epoch DTA Phys:  0.0067 Epoch DTA Preserve:  0.0051
DTA_GATE_RAMP epoch=15 gate_limit=0.060000
Time:  0.0802 Epoch: 015 Iter:   50/ 600 LR: 0.0000219361 Loss content:  0.0179 Loss fft:  0.8397 Loss dta_rank:  0.7383 Loss dta_tv:  0.0264 Loss dta_proxy:  0.4520 Loss dta_trans:  0.0053 Loss dta_phys:  0.0072 Loss dta_preserve:  0.0056
Time:  0.0777 Epoch: 015 Iter:  100/ 600 LR: 0.0000219361 Loss content:  0.0177 Loss fft:  0.8298 Loss dta_rank:  0.7450 Loss dta_tv:  0.0257 Loss dta_proxy:  0.4438 Loss dta_trans:  0.0051 Loss dta_phys:  0.0070 Loss dta_preserve:  0.0060
Time:  0.0764 Epoch: 015 Iter:  150/ 600 LR: 0.0000219361 Loss content:  0.0166 Loss fft:  0.7902 Loss dta_rank:  0.7449 Loss dta_tv:  0.0262 Loss dta_proxy:  0.4362 Loss dta_trans:  0.0069 Loss dta_phys:  0.0067 Loss dta_preserve:  0.0045
Time:  0.0777 Epoch: 015 Iter:  200/ 600 LR: 0.0000219361 Loss content:  0.0174 Loss fft:  0.8272 Loss dta_rank:  0.7407 Loss dta_tv:  0.0258 Loss dta_proxy:  0.4442 Loss dta_trans:  0.0058 Loss dta_phys:  0.0070 Loss dta_preserve:  0.0052
Time:  0.0799 Epoch: 015 Iter:  250/ 600 LR: 0.0000219361 Loss content:  0.0168 Loss fft:  0.8138 Loss dta_rank:  0.7408 Loss dta_tv:  0.0262 Loss dta_proxy:  0.4487 Loss dta_trans:  0.0052 Loss dta_phys:  0.0065 Loss dta_preserve:  0.0045
Time:  0.0735 Epoch: 015 Iter:  300/ 600 LR: 0.0000219361 Loss content:  0.0171 Loss fft:  0.8166 Loss dta_rank:  0.7425 Loss dta_tv:  0.0259 Loss dta_proxy:  0.4313 Loss dta_trans:  0.0051 Loss dta_phys:  0.0066 Loss dta_preserve:  0.0055
Time:  0.0689 Epoch: 015 Iter:  350/ 600 LR: 0.0000219361 Loss content:  0.0168 Loss fft:  0.7884 Loss dta_rank:  0.7379 Loss dta_tv:  0.0254 Loss dta_proxy:  0.4560 Loss dta_trans:  0.0053 Loss dta_phys:  0.0072 Loss dta_preserve:  0.0059
Time:  0.0687 Epoch: 015 Iter:  400/ 600 LR: 0.0000219361 Loss content:  0.0171 Loss fft:  0.7915 Loss dta_rank:  0.7476 Loss dta_tv:  0.0259 Loss dta_proxy:  0.4388 Loss dta_trans:  0.0068 Loss dta_phys:  0.0068 Loss dta_preserve:  0.0044
Time:  0.0672 Epoch: 015 Iter:  450/ 600 LR: 0.0000219361 Loss content:  0.0170 Loss fft:  0.8264 Loss dta_rank:  0.7464 Loss dta_tv:  0.0260 Loss dta_proxy:  0.4384 Loss dta_trans:  0.0059 Loss dta_phys:  0.0073 Loss dta_preserve:  0.0048
Time:  0.0656 Epoch: 015 Iter:  500/ 600 LR: 0.0000219361 Loss content:  0.0170 Loss fft:  0.8114 Loss dta_rank:  0.7334 Loss dta_tv:  0.0265 Loss dta_proxy:  0.4154 Loss dta_trans:  0.0067 Loss dta_phys:  0.0066 Loss dta_preserve:  0.0051
Time:  0.0672 Epoch: 015 Iter:  550/ 600 LR: 0.0000219361 Loss content:  0.0165 Loss fft:  0.8345 Loss dta_rank:  0.7394 Loss dta_tv:  0.0265 Loss dta_proxy:  0.4219 Loss dta_trans:  0.0060 Loss dta_phys:  0.0060 Loss dta_preserve:  0.0047
Time:  0.0792 Epoch: 015 Iter:  600/ 600 LR: 0.0000219361 Loss content:  0.0176 Loss fft:  0.8517 Loss dta_rank:  0.7385 Loss dta_tv:  0.0261 Loss dta_proxy:  0.4515 Loss dta_trans:  0.0058 Loss dta_phys:  0.0063 Loss dta_preserve:  0.0048
EPOCH: 15
Elapsed time: 0.89 Epoch Pixel Loss:  0.0171 Epoch FFT Loss:  0.8184 Epoch DTA Rank:  0.7413 Epoch DTA TV:  0.0261 Epoch DTA Proxy:  0.4398 Epoch DTA Trans:  0.0058 Epoch DTA Phys:  0.0068 Epoch DTA Preserve:  0.0051
DTA_GATE_RAMP epoch=16 gate_limit=0.060000
Time:  0.0853 Epoch: 016 Iter:   50/ 600 LR: 0.0000151017 Loss content:  0.0170 Loss fft:  0.8240 Loss dta_rank:  0.7433 Loss dta_tv:  0.0263 Loss dta_proxy:  0.4418 Loss dta_trans:  0.0055 Loss dta_phys:  0.0071 Loss dta_preserve:  0.0050
Time:  0.0770 Epoch: 016 Iter:  100/ 600 LR: 0.0000151017 Loss content:  0.0174 Loss fft:  0.8146 Loss dta_rank:  0.7408 Loss dta_tv:  0.0255 Loss dta_proxy:  0.4533 Loss dta_trans:  0.0053 Loss dta_phys:  0.0066 Loss dta_preserve:  0.0053
Time:  0.0774 Epoch: 016 Iter:  150/ 600 LR: 0.0000151017 Loss content:  0.0171 Loss fft:  0.8085 Loss dta_rank:  0.7450 Loss dta_tv:  0.0271 Loss dta_proxy:  0.4061 Loss dta_trans:  0.0059 Loss dta_phys:  0.0064 Loss dta_preserve:  0.0043
Time:  0.0763 Epoch: 016 Iter:  200/ 600 LR: 0.0000151017 Loss content:  0.0174 Loss fft:  0.8070 Loss dta_rank:  0.7385 Loss dta_tv:  0.0253 Loss dta_proxy:  0.4495 Loss dta_trans:  0.0053 Loss dta_phys:  0.0067 Loss dta_preserve:  0.0051
Time:  0.0767 Epoch: 016 Iter:  250/ 600 LR: 0.0000151017 Loss content:  0.0173 Loss fft:  0.8130 Loss dta_rank:  0.7459 Loss dta_tv:  0.0262 Loss dta_proxy:  0.4571 Loss dta_trans:  0.0058 Loss dta_phys:  0.0070 Loss dta_preserve:  0.0081
Time:  0.0759 Epoch: 016 Iter:  300/ 600 LR: 0.0000151017 Loss content:  0.0173 Loss fft:  0.8369 Loss dta_rank:  0.7415 Loss dta_tv:  0.0262 Loss dta_proxy:  0.4535 Loss dta_trans:  0.0052 Loss dta_phys:  0.0070 Loss dta_preserve:  0.0050
Time:  0.0726 Epoch: 016 Iter:  350/ 600 LR: 0.0000151017 Loss content:  0.0179 Loss fft:  0.8203 Loss dta_rank:  0.7421 Loss dta_tv:  0.0258 Loss dta_proxy:  0.4365 Loss dta_trans:  0.0052 Loss dta_phys:  0.0067 Loss dta_preserve:  0.0061
Time:  0.0775 Epoch: 016 Iter:  400/ 600 LR: 0.0000151017 Loss content:  0.0177 Loss fft:  0.8527 Loss dta_rank:  0.7409 Loss dta_tv:  0.0264 Loss dta_proxy:  0.4506 Loss dta_trans:  0.0054 Loss dta_phys:  0.0068 Loss dta_preserve:  0.0052
Time:  0.0736 Epoch: 016 Iter:  450/ 600 LR: 0.0000151017 Loss content:  0.0162 Loss fft:  0.7975 Loss dta_rank:  0.7349 Loss dta_tv:  0.0263 Loss dta_proxy:  0.4312 Loss dta_trans:  0.0068 Loss dta_phys:  0.0066 Loss dta_preserve:  0.0045
Time:  0.0749 Epoch: 016 Iter:  500/ 600 LR: 0.0000151017 Loss content:  0.0171 Loss fft:  0.8185 Loss dta_rank:  0.7413 Loss dta_tv:  0.0269 Loss dta_proxy:  0.4279 Loss dta_trans:  0.0059 Loss dta_phys:  0.0063 Loss dta_preserve:  0.0054
Time:  0.0752 Epoch: 016 Iter:  550/ 600 LR: 0.0000151017 Loss content:  0.0171 Loss fft:  0.8312 Loss dta_rank:  0.7415 Loss dta_tv:  0.0260 Loss dta_proxy:  0.4550 Loss dta_trans:  0.0054 Loss dta_phys:  0.0075 Loss dta_preserve:  0.0056
Time:  0.0735 Epoch: 016 Iter:  600/ 600 LR: 0.0000151017 Loss content:  0.0166 Loss fft:  0.7943 Loss dta_rank:  0.7398 Loss dta_tv:  0.0265 Loss dta_proxy:  0.4306 Loss dta_trans:  0.0067 Loss dta_phys:  0.0066 Loss dta_preserve:  0.0059
EPOCH: 16
Elapsed time: 0.92 Epoch Pixel Loss:  0.0172 Epoch FFT Loss:  0.8182 Epoch DTA Rank:  0.7413 Epoch DTA TV:  0.0262 Epoch DTA Proxy:  0.4411 Epoch DTA Trans:  0.0057 Epoch DTA Phys:  0.0068 Epoch DTA Preserve:  0.0055
DTA_GATE_RAMP epoch=17 gate_limit=0.060000
Time:  0.0810 Epoch: 017 Iter:   50/ 600 LR: 0.0000094853 Loss content:  0.0174 Loss fft:  0.8495 Loss dta_rank:  0.7402 Loss dta_tv:  0.0269 Loss dta_proxy:  0.4261 Loss dta_trans:  0.0051 Loss dta_phys:  0.0068 Loss dta_preserve:  0.0055
Time:  0.0781 Epoch: 017 Iter:  100/ 600 LR: 0.0000094853 Loss content:  0.0175 Loss fft:  0.8225 Loss dta_rank:  0.7474 Loss dta_tv:  0.0261 Loss dta_proxy:  0.4432 Loss dta_trans:  0.0055 Loss dta_phys:  0.0064 Loss dta_preserve:  0.0052
Time:  0.0777 Epoch: 017 Iter:  150/ 600 LR: 0.0000094853 Loss content:  0.0166 Loss fft:  0.8075 Loss dta_rank:  0.7455 Loss dta_tv:  0.0260 Loss dta_proxy:  0.4516 Loss dta_trans:  0.0057 Loss dta_phys:  0.0065 Loss dta_preserve:  0.0058
Time:  0.0746 Epoch: 017 Iter:  200/ 600 LR: 0.0000094853 Loss content:  0.0172 Loss fft:  0.7997 Loss dta_rank:  0.7408 Loss dta_tv:  0.0263 Loss dta_proxy:  0.4320 Loss dta_trans:  0.0064 Loss dta_phys:  0.0068 Loss dta_preserve:  0.0057
Time:  0.0770 Epoch: 017 Iter:  250/ 600 LR: 0.0000094853 Loss content:  0.0175 Loss fft:  0.8468 Loss dta_rank:  0.7381 Loss dta_tv:  0.0269 Loss dta_proxy:  0.4104 Loss dta_trans:  0.0058 Loss dta_phys:  0.0064 Loss dta_preserve:  0.0048
Time:  0.0785 Epoch: 017 Iter:  300/ 600 LR: 0.0000094853 Loss content:  0.0174 Loss fft:  0.8294 Loss dta_rank:  0.7355 Loss dta_tv:  0.0263 Loss dta_proxy:  0.4367 Loss dta_trans:  0.0054 Loss dta_phys:  0.0068 Loss dta_preserve:  0.0037
Time:  0.0797 Epoch: 017 Iter:  350/ 600 LR: 0.0000094853 Loss content:  0.0169 Loss fft:  0.7999 Loss dta_rank:  0.7490 Loss dta_tv:  0.0266 Loss dta_proxy:  0.4564 Loss dta_trans:  0.0055 Loss dta_phys:  0.0069 Loss dta_preserve:  0.0045
Time:  0.0774 Epoch: 017 Iter:  400/ 600 LR: 0.0000094853 Loss content:  0.0167 Loss fft:  0.8249 Loss dta_rank:  0.7504 Loss dta_tv:  0.0260 Loss dta_proxy:  0.4358 Loss dta_trans:  0.0052 Loss dta_phys:  0.0061 Loss dta_preserve:  0.0051
Time:  0.0791 Epoch: 017 Iter:  450/ 600 LR: 0.0000094853 Loss content:  0.0172 Loss fft:  0.8088 Loss dta_rank:  0.7344 Loss dta_tv:  0.0266 Loss dta_proxy:  0.4303 Loss dta_trans:  0.0073 Loss dta_phys:  0.0062 Loss dta_preserve:  0.0045
Time:  0.0774 Epoch: 017 Iter:  500/ 600 LR: 0.0000094853 Loss content:  0.0169 Loss fft:  0.8042 Loss dta_rank:  0.7434 Loss dta_tv:  0.0264 Loss dta_proxy:  0.4417 Loss dta_trans:  0.0057 Loss dta_phys:  0.0072 Loss dta_preserve:  0.0061
Time:  0.0799 Epoch: 017 Iter:  550/ 600 LR: 0.0000094853 Loss content:  0.0169 Loss fft:  0.8157 Loss dta_rank:  0.7425 Loss dta_tv:  0.0258 Loss dta_proxy:  0.4564 Loss dta_trans:  0.0061 Loss dta_phys:  0.0073 Loss dta_preserve:  0.0048
Time:  0.0765 Epoch: 017 Iter:  600/ 600 LR: 0.0000094853 Loss content:  0.0172 Loss fft:  0.8405 Loss dta_rank:  0.7425 Loss dta_tv:  0.0260 Loss dta_proxy:  0.4448 Loss dta_trans:  0.0049 Loss dta_phys:  0.0072 Loss dta_preserve:  0.0055
EPOCH: 17
Elapsed time: 0.94 Epoch Pixel Loss:  0.0171 Epoch FFT Loss:  0.8208 Epoch DTA Rank:  0.7425 Epoch DTA TV:  0.0263 Epoch DTA Proxy:  0.4388 Epoch DTA Trans:  0.0057 Epoch DTA Phys:  0.0067 Epoch DTA Preserve:  0.0051
DTA_GATE_RAMP epoch=18 gate_limit=0.060000
Time:  0.0800 Epoch: 018 Iter:   50/ 600 LR: 0.0000052550 Loss content:  0.0171 Loss fft:  0.8081 Loss dta_rank:  0.7458 Loss dta_tv:  0.0263 Loss dta_proxy:  0.4511 Loss dta_trans:  0.0056 Loss dta_phys:  0.0069 Loss dta_preserve:  0.0073
Time:  0.0742 Epoch: 018 Iter:  100/ 600 LR: 0.0000052550 Loss content:  0.0173 Loss fft:  0.8086 Loss dta_rank:  0.7344 Loss dta_tv:  0.0264 Loss dta_proxy:  0.4398 Loss dta_trans:  0.0055 Loss dta_phys:  0.0073 Loss dta_preserve:  0.0055
Time:  0.0794 Epoch: 018 Iter:  150/ 600 LR: 0.0000052550 Loss content:  0.0162 Loss fft:  0.7946 Loss dta_rank:  0.7435 Loss dta_tv:  0.0262 Loss dta_proxy:  0.4478 Loss dta_trans:  0.0053 Loss dta_phys:  0.0067 Loss dta_preserve:  0.0043
Time:  0.0785 Epoch: 018 Iter:  200/ 600 LR: 0.0000052550 Loss content:  0.0167 Loss fft:  0.8117 Loss dta_rank:  0.7330 Loss dta_tv:  0.0262 Loss dta_proxy:  0.4291 Loss dta_trans:  0.0058 Loss dta_phys:  0.0064 Loss dta_preserve:  0.0049
Time:  0.0764 Epoch: 018 Iter:  250/ 600 LR: 0.0000052550 Loss content:  0.0175 Loss fft:  0.8208 Loss dta_rank:  0.7359 Loss dta_tv:  0.0265 Loss dta_proxy:  0.4320 Loss dta_trans:  0.0057 Loss dta_phys:  0.0066 Loss dta_preserve:  0.0051
Time:  0.0772 Epoch: 018 Iter:  300/ 600 LR: 0.0000052550 Loss content:  0.0173 Loss fft:  0.8202 Loss dta_rank:  0.7450 Loss dta_tv:  0.0260 Loss dta_proxy:  0.4494 Loss dta_trans:  0.0055 Loss dta_phys:  0.0067 Loss dta_preserve:  0.0056
Time:  0.0752 Epoch: 018 Iter:  350/ 600 LR: 0.0000052550 Loss content:  0.0165 Loss fft:  0.8051 Loss dta_rank:  0.7371 Loss dta_tv:  0.0262 Loss dta_proxy:  0.4475 Loss dta_trans:  0.0060 Loss dta_phys:  0.0067 Loss dta_preserve:  0.0064
Time:  0.0668 Epoch: 018 Iter:  400/ 600 LR: 0.0000052550 Loss content:  0.0170 Loss fft:  0.7982 Loss dta_rank:  0.7406 Loss dta_tv:  0.0262 Loss dta_proxy:  0.4375 Loss dta_trans:  0.0061 Loss dta_phys:  0.0068 Loss dta_preserve:  0.0058
Time:  0.0678 Epoch: 018 Iter:  450/ 600 LR: 0.0000052550 Loss content:  0.0170 Loss fft:  0.8488 Loss dta_rank:  0.7410 Loss dta_tv:  0.0265 Loss dta_proxy:  0.4325 Loss dta_trans:  0.0059 Loss dta_phys:  0.0071 Loss dta_preserve:  0.0048
Time:  0.0773 Epoch: 018 Iter:  500/ 600 LR: 0.0000052550 Loss content:  0.0181 Loss fft:  0.8147 Loss dta_rank:  0.7443 Loss dta_tv:  0.0260 Loss dta_proxy:  0.4309 Loss dta_trans:  0.0059 Loss dta_phys:  0.0061 Loss dta_preserve:  0.0049
Time:  0.0785 Epoch: 018 Iter:  550/ 600 LR: 0.0000052550 Loss content:  0.0173 Loss fft:  0.8469 Loss dta_rank:  0.7411 Loss dta_tv:  0.0259 Loss dta_proxy:  0.4575 Loss dta_trans:  0.0055 Loss dta_phys:  0.0062 Loss dta_preserve:  0.0070
Time:  0.0742 Epoch: 018 Iter:  600/ 600 LR: 0.0000052550 Loss content:  0.0180 Loss fft:  0.8333 Loss dta_rank:  0.7356 Loss dta_tv:  0.0271 Loss dta_proxy:  0.4234 Loss dta_trans:  0.0069 Loss dta_phys:  0.0067 Loss dta_preserve:  0.0048
EPOCH: 18
Elapsed time: 0.91 Epoch Pixel Loss:  0.0172 Epoch FFT Loss:  0.8176 Epoch DTA Rank:  0.7398 Epoch DTA TV:  0.0263 Epoch DTA Proxy:  0.4399 Epoch DTA Trans:  0.0058 Epoch DTA Phys:  0.0067 Epoch DTA Preserve:  0.0055
DTA_GATE_RAMP epoch=19 gate_limit=0.060000
Time:  0.0818 Epoch: 019 Iter:   50/ 600 LR: 0.0000025070 Loss content:  0.0168 Loss fft:  0.8324 Loss dta_rank:  0.7429 Loss dta_tv:  0.0265 Loss dta_proxy:  0.4518 Loss dta_trans:  0.0061 Loss dta_phys:  0.0073 Loss dta_preserve:  0.0055
Time:  0.0760 Epoch: 019 Iter:  100/ 600 LR: 0.0000025070 Loss content:  0.0170 Loss fft:  0.8088 Loss dta_rank:  0.7406 Loss dta_tv:  0.0264 Loss dta_proxy:  0.4262 Loss dta_trans:  0.0060 Loss dta_phys:  0.0066 Loss dta_preserve:  0.0050
Time:  0.0764 Epoch: 019 Iter:  150/ 600 LR: 0.0000025070 Loss content:  0.0169 Loss fft:  0.7830 Loss dta_rank:  0.7426 Loss dta_tv:  0.0262 Loss dta_proxy:  0.4403 Loss dta_trans:  0.0065 Loss dta_phys:  0.0069 Loss dta_preserve:  0.0048
Time:  0.0745 Epoch: 019 Iter:  200/ 600 LR: 0.0000025070 Loss content:  0.0177 Loss fft:  0.8548 Loss dta_rank:  0.7367 Loss dta_tv:  0.0255 Loss dta_proxy:  0.4539 Loss dta_trans:  0.0058 Loss dta_phys:  0.0066 Loss dta_preserve:  0.0046
Time:  0.0796 Epoch: 019 Iter:  250/ 600 LR: 0.0000025070 Loss content:  0.0164 Loss fft:  0.7951 Loss dta_rank:  0.7351 Loss dta_tv:  0.0261 Loss dta_proxy:  0.4456 Loss dta_trans:  0.0055 Loss dta_phys:  0.0066 Loss dta_preserve:  0.0050
Time:  0.0769 Epoch: 019 Iter:  300/ 600 LR: 0.0000025070 Loss content:  0.0175 Loss fft:  0.8289 Loss dta_rank:  0.7384 Loss dta_tv:  0.0263 Loss dta_proxy:  0.4259 Loss dta_trans:  0.0061 Loss dta_phys:  0.0070 Loss dta_preserve:  0.0051
Time:  0.0792 Epoch: 019 Iter:  350/ 600 LR: 0.0000025070 Loss content:  0.0164 Loss fft:  0.8057 Loss dta_rank:  0.7465 Loss dta_tv:  0.0259 Loss dta_proxy:  0.4496 Loss dta_trans:  0.0053 Loss dta_phys:  0.0067 Loss dta_preserve:  0.0058
Time:  0.0810 Epoch: 019 Iter:  400/ 600 LR: 0.0000025070 Loss content:  0.0171 Loss fft:  0.8285 Loss dta_rank:  0.7427 Loss dta_tv:  0.0265 Loss dta_proxy:  0.4354 Loss dta_trans:  0.0057 Loss dta_phys:  0.0073 Loss dta_preserve:  0.0045
Time:  0.0781 Epoch: 019 Iter:  450/ 600 LR: 0.0000025070 Loss content:  0.0174 Loss fft:  0.8077 Loss dta_rank:  0.7353 Loss dta_tv:  0.0268 Loss dta_proxy:  0.4036 Loss dta_trans:  0.0053 Loss dta_phys:  0.0065 Loss dta_preserve:  0.0053
Time:  0.0788 Epoch: 019 Iter:  500/ 600 LR: 0.0000025070 Loss content:  0.0171 Loss fft:  0.8037 Loss dta_rank:  0.7456 Loss dta_tv:  0.0256 Loss dta_proxy:  0.4725 Loss dta_trans:  0.0061 Loss dta_phys:  0.0071 Loss dta_preserve:  0.0070
Time:  0.0776 Epoch: 019 Iter:  550/ 600 LR: 0.0000025070 Loss content:  0.0163 Loss fft:  0.8093 Loss dta_rank:  0.7395 Loss dta_tv:  0.0264 Loss dta_proxy:  0.4497 Loss dta_trans:  0.0053 Loss dta_phys:  0.0061 Loss dta_preserve:  0.0041
Time:  0.0753 Epoch: 019 Iter:  600/ 600 LR: 0.0000025070 Loss content:  0.0179 Loss fft:  0.8321 Loss dta_rank:  0.7391 Loss dta_tv:  0.0261 Loss dta_proxy:  0.4418 Loss dta_trans:  0.0051 Loss dta_phys:  0.0064 Loss dta_preserve:  0.0050
EPOCH: 19
Elapsed time: 0.94 Epoch Pixel Loss:  0.0170 Epoch FFT Loss:  0.8158 Epoch DTA Rank:  0.7404 Epoch DTA TV:  0.0262 Epoch DTA Proxy:  0.4414 Epoch DTA Trans:  0.0057 Epoch DTA Phys:  0.0068 Epoch DTA Preserve:  0.0052
DTA_GATE_RAMP epoch=20 gate_limit=0.060000
Time:  0.0778 Epoch: 020 Iter:   50/ 600 LR: 0.0000012125 Loss content:  0.0178 Loss fft:  0.8557 Loss dta_rank:  0.7455 Loss dta_tv:  0.0266 Loss dta_proxy:  0.4451 Loss dta_trans:  0.0058 Loss dta_phys:  0.0069 Loss dta_preserve:  0.0049
Time:  0.0766 Epoch: 020 Iter:  100/ 600 LR: 0.0000012125 Loss content:  0.0174 Loss fft:  0.8110 Loss dta_rank:  0.7393 Loss dta_tv:  0.0261 Loss dta_proxy:  0.4378 Loss dta_trans:  0.0050 Loss dta_phys:  0.0070 Loss dta_preserve:  0.0043
Time:  0.0735 Epoch: 020 Iter:  150/ 600 LR: 0.0000012125 Loss content:  0.0163 Loss fft:  0.8325 Loss dta_rank:  0.7419 Loss dta_tv:  0.0259 Loss dta_proxy:  0.4387 Loss dta_trans:  0.0062 Loss dta_phys:  0.0061 Loss dta_preserve:  0.0046
Time:  0.0738 Epoch: 020 Iter:  200/ 600 LR: 0.0000012125 Loss content:  0.0169 Loss fft:  0.7997 Loss dta_rank:  0.7375 Loss dta_tv:  0.0260 Loss dta_proxy:  0.4432 Loss dta_trans:  0.0063 Loss dta_phys:  0.0069 Loss dta_preserve:  0.0047
Time:  0.0728 Epoch: 020 Iter:  250/ 600 LR: 0.0000012125 Loss content:  0.0177 Loss fft:  0.8162 Loss dta_rank:  0.7456 Loss dta_tv:  0.0257 Loss dta_proxy:  0.4536 Loss dta_trans:  0.0055 Loss dta_phys:  0.0074 Loss dta_preserve:  0.0058
Time:  0.0758 Epoch: 020 Iter:  300/ 600 LR: 0.0000012125 Loss content:  0.0176 Loss fft:  0.8156 Loss dta_rank:  0.7348 Loss dta_tv:  0.0257 Loss dta_proxy:  0.4415 Loss dta_trans:  0.0067 Loss dta_phys:  0.0064 Loss dta_preserve:  0.0048
Time:  0.0772 Epoch: 020 Iter:  350/ 600 LR: 0.0000012125 Loss content:  0.0165 Loss fft:  0.7958 Loss dta_rank:  0.7402 Loss dta_tv:  0.0266 Loss dta_proxy:  0.4229 Loss dta_trans:  0.0056 Loss dta_phys:  0.0069 Loss dta_preserve:  0.0039
Time:  0.0742 Epoch: 020 Iter:  400/ 600 LR: 0.0000012125 Loss content:  0.0171 Loss fft:  0.8349 Loss dta_rank:  0.7464 Loss dta_tv:  0.0264 Loss dta_proxy:  0.4473 Loss dta_trans:  0.0050 Loss dta_phys:  0.0064 Loss dta_preserve:  0.0050
Time:  0.0753 Epoch: 020 Iter:  450/ 600 LR: 0.0000012125 Loss content:  0.0170 Loss fft:  0.8348 Loss dta_rank:  0.7386 Loss dta_tv:  0.0261 Loss dta_proxy:  0.4430 Loss dta_trans:  0.0052 Loss dta_phys:  0.0064 Loss dta_preserve:  0.0044
Time:  0.0781 Epoch: 020 Iter:  500/ 600 LR: 0.0000012125 Loss content:  0.0166 Loss fft:  0.8299 Loss dta_rank:  0.7433 Loss dta_tv:  0.0265 Loss dta_proxy:  0.4401 Loss dta_trans:  0.0057 Loss dta_phys:  0.0068 Loss dta_preserve:  0.0053
Time:  0.0795 Epoch: 020 Iter:  550/ 600 LR: 0.0000012125 Loss content:  0.0170 Loss fft:  0.8425 Loss dta_rank:  0.7444 Loss dta_tv:  0.0263 Loss dta_proxy:  0.4443 Loss dta_trans:  0.0047 Loss dta_phys:  0.0066 Loss dta_preserve:  0.0051
Time:  0.0725 Epoch: 020 Iter:  600/ 600 LR: 0.0000012125 Loss content:  0.0166 Loss fft:  0.8030 Loss dta_rank:  0.7361 Loss dta_tv:  0.0265 Loss dta_proxy:  0.4351 Loss dta_trans:  0.0073 Loss dta_phys:  0.0069 Loss dta_preserve:  0.0050
EPOCH: 20
Elapsed time: 0.91 Epoch Pixel Loss:  0.0170 Epoch FFT Loss:  0.8226 Epoch DTA Rank:  0.7411 Epoch DTA TV:  0.0262 Epoch DTA Proxy:  0.4411 Epoch DTA Trans:  0.0058 Epoch DTA Phys:  0.0067 Epoch DTA Preserve:  0.0048
