Namespace(model_name='ConvIR-Haze4K-DTA-v2-adapter_only-normal-seed3413-f0-oof20', data='Haze4K', version='base', fam_mode='original', arch='dta_v2', seed=3413, mode='train', data_dir='/sda/home/wangyuxin/ConvIR-B/datasets/Haze4K/Haze4K', batch_size=4, learning_rate=0.0001, weight_decay=0.0, num_epoch=20, stop_epoch=20, print_freq=50, num_worker=4, save_freq=5, valid_freq=9999, mod_stats_freq=5, mod_stats_batches=16, grad_clip_norm=0.001, dta_grad_clip_norm=0.05, dta_neighbor_grad_clip_norm=0.005, init_model='/sda/home/wangyuxin/ConvIR-B/checkpoints/official/Haze4K/haze4k-base.pkl', init_model_partial=True, partial_new_prefixes='DTA.', resume='', train_scope='adapter_only', dta_depth_cache_dir='/sda/home/wangyuxin/ConvIR-B/depth_cache/depth_anything_v2_small_hf', dta_train_depth_split='train', dta_eval_depth_split='train', valid_root_split='train', eval_root_split='test', dta_require_depth=True, dta_variant='v2', dta_depth_mode='normal', dta_prior_channels=32, dta_gate_bias=-6.0, dta_gate_limit=0.06, dta_gamma_limit=0.12, dta_beta_limit=0.06, dta_alpha_init=1.0, dta_confidence_floor=0.25, dta_confidence_local_scale=6.0, dta_output_residual_scale=0.03, dta_use_trans_gt=True, dta_trans_weight=0.02, dta_phys_weight=0.005, dta_preserve_weight=0.02, dta_preserve_trans_thresh=0.8, dta_gate_ramp_start=0.01, dta_gate_ramp_mid=0.03, dta_gate_ramp_end=0.06, dta_gate_ramp_warmup_epochs=2, dta_gate_ramp_mid_epochs=8, dta_rank_weight=0.001, dta_tv_weight=0.0001, dta_proxy_weight=0.0, dta_rank_pairs=512, dta_rank_min_depth_gap=0.03, split_json='/sda/home/wangyuxin/ConvIR-B/repos/ConvIR-B-dta-v2-calibrated/experience_docx/experiment_logs/haze4k_dta_v2_calibrated_20260611/dta_v2_haze4k_oof_splits_seed3407.json', split_name='fold0_train', test_model='', save_image=False, leaning_rate=0.0001, model_save_dir='results/ConvIR-Haze4K-DTA-v2-adapter_only-normal-seed3413-f0-oof20/Training-Results/', result_dir='results/ConvIR-Haze4K-DTA-v2-adapter_only-normal-seed3413-f0-oof20/images/Haze4K', init_model_sha256='6f42037d57a4e3de3a10ac0ab909d66a3415864a19433c29204a975f4efa4088')
/sda/home/wangyuxin/ConvIR-B/repos/ConvIR-B-dta-v2-calibrated/Dehazing/ITS/main.py:14: FutureWarning: You are using `torch.load` with `weights_only=False` (the current default value), which uses the default pickle module implicitly. It is possible to construct malicious pickle data which will execute arbitrary code during unpickling (See https://github.com/pytorch/pytorch/blob/main/SECURITY.md#untrusted-models for more details). In a future release, the default value for `weights_only` will be flipped to `True`. This limits the functions that could be executed during unpickling. Arbitrary objects will no longer be allowed to be loaded via this mode unless they are explicitly allowlisted by the user via `torch.serialization.add_safe_globals`. We recommend you start setting `weights_only=True` for any use case where you don't have full control of the loaded file. Please open an issue on GitHub for any issues related to this experimental feature.
  state = torch.load(path, map_location=map_location)
INIT_MODEL_PARTIAL_LOAD path=/sda/home/wangyuxin/ConvIR-B/checkpoints/official/Haze4K/haze4k-base.pkl loaded=602 missing_allowed=25 unexpected=[] allowed_new_prefixes=('DTA.',)
TRAIN_SCOPE scope=adapter_only arch=dta_v2 trainable=74699 total=8705364
/sda/home/wangyuxin/ConvIR-B/envs/convir-cu121/lib/python3.10/site-packages/torch/optim/lr_scheduler.py:224: UserWarning: Detected call of `lr_scheduler.step()` before `optimizer.step()`. In PyTorch 1.1.0 and later, you should call them in the opposite order: `optimizer.step()` before `lr_scheduler.step()`.  Failure to do this will result in PyTorch skipping the first value of the learning rate schedule. See more details at https://pytorch.org/docs/stable/optim.html#how-to-adjust-learning-rate
  warnings.warn(
DTA_GATE_RAMP epoch=1 gate_limit=0.010000
Time:  0.1086 Epoch: 001 Iter:   50/ 600 LR: 0.0000333333 Loss content:  0.0169 Loss fft:  0.8232 Loss dta_rank:  0.6914 Loss dta_tv:  0.0042 Loss dta_proxy:  0.2959 Loss dta_trans:  0.0422 Loss dta_phys:  0.0068 Loss dta_preserve:  0.0054
Time:  0.0736 Epoch: 001 Iter:  100/ 600 LR: 0.0000333333 Loss content:  0.0172 Loss fft:  0.8542 Loss dta_rank:  0.6916 Loss dta_tv:  0.0099 Loss dta_proxy:  0.3166 Loss dta_trans:  0.0379 Loss dta_phys:  0.0107 Loss dta_preserve:  0.0048
Time:  0.0755 Epoch: 001 Iter:  150/ 600 LR: 0.0000333333 Loss content:  0.0168 Loss fft:  0.7685 Loss dta_rank:  0.6931 Loss dta_tv:  0.0133 Loss dta_proxy:  0.3396 Loss dta_trans:  0.0336 Loss dta_phys:  0.0106 Loss dta_preserve:  0.0042
Time:  0.0812 Epoch: 001 Iter:  200/ 600 LR: 0.0000333333 Loss content:  0.0165 Loss fft:  0.8292 Loss dta_rank:  0.6970 Loss dta_tv:  0.0160 Loss dta_proxy:  0.3544 Loss dta_trans:  0.0327 Loss dta_phys:  0.0099 Loss dta_preserve:  0.0055
Time:  0.0759 Epoch: 001 Iter:  250/ 600 LR: 0.0000333333 Loss content:  0.0168 Loss fft:  0.8155 Loss dta_rank:  0.7019 Loss dta_tv:  0.0180 Loss dta_proxy:  0.3580 Loss dta_trans:  0.0295 Loss dta_phys:  0.0093 Loss dta_preserve:  0.0048
Time:  0.0760 Epoch: 001 Iter:  300/ 600 LR: 0.0000333333 Loss content:  0.0170 Loss fft:  0.8074 Loss dta_rank:  0.7089 Loss dta_tv:  0.0211 Loss dta_proxy:  0.3813 Loss dta_trans:  0.0236 Loss dta_phys:  0.0095 Loss dta_preserve:  0.0048
Time:  0.0772 Epoch: 001 Iter:  350/ 600 LR: 0.0000333333 Loss content:  0.0171 Loss fft:  0.7988 Loss dta_rank:  0.7157 Loss dta_tv:  0.0245 Loss dta_proxy:  0.3836 Loss dta_trans:  0.0234 Loss dta_phys:  0.0103 Loss dta_preserve:  0.0044
Time:  0.0765 Epoch: 001 Iter:  400/ 600 LR: 0.0000333333 Loss content:  0.0177 Loss fft:  0.8147 Loss dta_rank:  0.7274 Loss dta_tv:  0.0280 Loss dta_proxy:  0.4035 Loss dta_trans:  0.0181 Loss dta_phys:  0.0075 Loss dta_preserve:  0.0058
Time:  0.0745 Epoch: 001 Iter:  450/ 600 LR: 0.0000333333 Loss content:  0.0179 Loss fft:  0.8348 Loss dta_rank:  0.7365 Loss dta_tv:  0.0315 Loss dta_proxy:  0.3993 Loss dta_trans:  0.0162 Loss dta_phys:  0.0083 Loss dta_preserve:  0.0058
Time:  0.0764 Epoch: 001 Iter:  500/ 600 LR: 0.0000333333 Loss content:  0.0161 Loss fft:  0.8086 Loss dta_rank:  0.7456 Loss dta_tv:  0.0333 Loss dta_proxy:  0.4315 Loss dta_trans:  0.0129 Loss dta_phys:  0.0081 Loss dta_preserve:  0.0045
Time:  0.0752 Epoch: 001 Iter:  550/ 600 LR: 0.0000333333 Loss content:  0.0173 Loss fft:  0.8340 Loss dta_rank:  0.7535 Loss dta_tv:  0.0342 Loss dta_proxy:  0.4418 Loss dta_trans:  0.0126 Loss dta_phys:  0.0078 Loss dta_preserve:  0.0057
Time:  0.0708 Epoch: 001 Iter:  600/ 600 LR: 0.0000333333 Loss content:  0.0171 Loss fft:  0.8109 Loss dta_rank:  0.7500 Loss dta_tv:  0.0345 Loss dta_proxy:  0.4422 Loss dta_trans:  0.0110 Loss dta_phys:  0.0072 Loss dta_preserve:  0.0056
EPOCH: 01
Elapsed time: 0.94 Epoch Pixel Loss:  0.0170 Epoch FFT Loss:  0.8166 Epoch DTA Rank:  0.7177 Epoch DTA TV:  0.0224 Epoch DTA Proxy:  0.3790 Epoch DTA Trans:  0.0245 Epoch DTA Phys:  0.0088 Epoch DTA Preserve:  0.0051
DTA_GATE_RAMP epoch=2 gate_limit=0.010000
Time:  0.0819 Epoch: 002 Iter:   50/ 600 LR: 0.0000666667 Loss content:  0.0172 Loss fft:  0.8448 Loss dta_rank:  0.7566 Loss dta_tv:  0.0368 Loss dta_proxy:  0.4219 Loss dta_trans:  0.0123 Loss dta_phys:  0.0076 Loss dta_preserve:  0.0046
Time:  0.0738 Epoch: 002 Iter:  100/ 600 LR: 0.0000666667 Loss content:  0.0179 Loss fft:  0.8255 Loss dta_rank:  0.7574 Loss dta_tv:  0.0353 Loss dta_proxy:  0.4409 Loss dta_trans:  0.0105 Loss dta_phys:  0.0078 Loss dta_preserve:  0.0053
Time:  0.0791 Epoch: 002 Iter:  150/ 600 LR: 0.0000666667 Loss content:  0.0169 Loss fft:  0.7889 Loss dta_rank:  0.7592 Loss dta_tv:  0.0344 Loss dta_proxy:  0.4424 Loss dta_trans:  0.0106 Loss dta_phys:  0.0070 Loss dta_preserve:  0.0051
Time:  0.0772 Epoch: 002 Iter:  200/ 600 LR: 0.0000666667 Loss content:  0.0178 Loss fft:  0.8301 Loss dta_rank:  0.7642 Loss dta_tv:  0.0352 Loss dta_proxy:  0.4345 Loss dta_trans:  0.0096 Loss dta_phys:  0.0077 Loss dta_preserve:  0.0045
Time:  0.0720 Epoch: 002 Iter:  250/ 600 LR: 0.0000666667 Loss content:  0.0175 Loss fft:  0.8080 Loss dta_rank:  0.7699 Loss dta_tv:  0.0347 Loss dta_proxy:  0.4427 Loss dta_trans:  0.0102 Loss dta_phys:  0.0073 Loss dta_preserve:  0.0042
Time:  0.0711 Epoch: 002 Iter:  300/ 600 LR: 0.0000666667 Loss content:  0.0166 Loss fft:  0.8063 Loss dta_rank:  0.7630 Loss dta_tv:  0.0357 Loss dta_proxy:  0.4337 Loss dta_trans:  0.0111 Loss dta_phys:  0.0063 Loss dta_preserve:  0.0056
Time:  0.0749 Epoch: 002 Iter:  350/ 600 LR: 0.0000666667 Loss content:  0.0168 Loss fft:  0.8195 Loss dta_rank:  0.7645 Loss dta_tv:  0.0348 Loss dta_proxy:  0.4284 Loss dta_trans:  0.0110 Loss dta_phys:  0.0069 Loss dta_preserve:  0.0052
Time:  0.0751 Epoch: 002 Iter:  400/ 600 LR: 0.0000666667 Loss content:  0.0177 Loss fft:  0.8546 Loss dta_rank:  0.7631 Loss dta_tv:  0.0330 Loss dta_proxy:  0.4510 Loss dta_trans:  0.0093 Loss dta_phys:  0.0067 Loss dta_preserve:  0.0062
Time:  0.0738 Epoch: 002 Iter:  450/ 600 LR: 0.0000666667 Loss content:  0.0176 Loss fft:  0.8236 Loss dta_rank:  0.7657 Loss dta_tv:  0.0329 Loss dta_proxy:  0.4586 Loss dta_trans:  0.0103 Loss dta_phys:  0.0068 Loss dta_preserve:  0.0046
Time:  0.0724 Epoch: 002 Iter:  500/ 600 LR: 0.0000666667 Loss content:  0.0170 Loss fft:  0.8077 Loss dta_rank:  0.7657 Loss dta_tv:  0.0329 Loss dta_proxy:  0.4483 Loss dta_trans:  0.0090 Loss dta_phys:  0.0064 Loss dta_preserve:  0.0059
Time:  0.0722 Epoch: 002 Iter:  550/ 600 LR: 0.0000666667 Loss content:  0.0167 Loss fft:  0.8206 Loss dta_rank:  0.7659 Loss dta_tv:  0.0331 Loss dta_proxy:  0.4421 Loss dta_trans:  0.0095 Loss dta_phys:  0.0076 Loss dta_preserve:  0.0047
Time:  0.0667 Epoch: 002 Iter:  600/ 600 LR: 0.0000666667 Loss content:  0.0174 Loss fft:  0.8149 Loss dta_rank:  0.7624 Loss dta_tv:  0.0314 Loss dta_proxy:  0.4788 Loss dta_trans:  0.0088 Loss dta_phys:  0.0078 Loss dta_preserve:  0.0058
EPOCH: 02
Elapsed time: 0.89 Epoch Pixel Loss:  0.0173 Epoch FFT Loss:  0.8204 Epoch DTA Rank:  0.7631 Epoch DTA TV:  0.0342 Epoch DTA Proxy:  0.4436 Epoch DTA Trans:  0.0102 Epoch DTA Phys:  0.0072 Epoch DTA Preserve:  0.0051
DTA_GATE_RAMP epoch=3 gate_limit=0.030000
Time:  0.0782 Epoch: 003 Iter:   50/ 600 LR: 0.0001000000 Loss content:  0.0163 Loss fft:  0.7842 Loss dta_rank:  0.7628 Loss dta_tv:  0.0327 Loss dta_proxy:  0.4555 Loss dta_trans:  0.0092 Loss dta_phys:  0.0079 Loss dta_preserve:  0.0058
Time:  0.0771 Epoch: 003 Iter:  100/ 600 LR: 0.0001000000 Loss content:  0.0173 Loss fft:  0.8334 Loss dta_rank:  0.7698 Loss dta_tv:  0.0325 Loss dta_proxy:  0.4644 Loss dta_trans:  0.0092 Loss dta_phys:  0.0076 Loss dta_preserve:  0.0058
Time:  0.0721 Epoch: 003 Iter:  150/ 600 LR: 0.0001000000 Loss content:  0.0171 Loss fft:  0.8226 Loss dta_rank:  0.7696 Loss dta_tv:  0.0325 Loss dta_proxy:  0.4441 Loss dta_trans:  0.0084 Loss dta_phys:  0.0067 Loss dta_preserve:  0.0053
Time:  0.0754 Epoch: 003 Iter:  200/ 600 LR: 0.0001000000 Loss content:  0.0182 Loss fft:  0.8424 Loss dta_rank:  0.7674 Loss dta_tv:  0.0320 Loss dta_proxy:  0.4431 Loss dta_trans:  0.0094 Loss dta_phys:  0.0064 Loss dta_preserve:  0.0056
Time:  0.0761 Epoch: 003 Iter:  250/ 600 LR: 0.0001000000 Loss content:  0.0174 Loss fft:  0.8274 Loss dta_rank:  0.7684 Loss dta_tv:  0.0317 Loss dta_proxy:  0.4447 Loss dta_trans:  0.0096 Loss dta_phys:  0.0075 Loss dta_preserve:  0.0070
Time:  0.0721 Epoch: 003 Iter:  300/ 600 LR: 0.0001000000 Loss content:  0.0171 Loss fft:  0.8087 Loss dta_rank:  0.7690 Loss dta_tv:  0.0305 Loss dta_proxy:  0.4512 Loss dta_trans:  0.0081 Loss dta_phys:  0.0065 Loss dta_preserve:  0.0049
Time:  0.0745 Epoch: 003 Iter:  350/ 600 LR: 0.0001000000 Loss content:  0.0168 Loss fft:  0.7997 Loss dta_rank:  0.7706 Loss dta_tv:  0.0311 Loss dta_proxy:  0.4538 Loss dta_trans:  0.0082 Loss dta_phys:  0.0069 Loss dta_preserve:  0.0049
Time:  0.0725 Epoch: 003 Iter:  400/ 600 LR: 0.0001000000 Loss content:  0.0176 Loss fft:  0.8354 Loss dta_rank:  0.7707 Loss dta_tv:  0.0315 Loss dta_proxy:  0.4632 Loss dta_trans:  0.0075 Loss dta_phys:  0.0068 Loss dta_preserve:  0.0043
Time:  0.0768 Epoch: 003 Iter:  450/ 600 LR: 0.0001000000 Loss content:  0.0166 Loss fft:  0.8212 Loss dta_rank:  0.7721 Loss dta_tv:  0.0314 Loss dta_proxy:  0.4494 Loss dta_trans:  0.0073 Loss dta_phys:  0.0061 Loss dta_preserve:  0.0044
Time:  0.0674 Epoch: 003 Iter:  500/ 600 LR: 0.0001000000 Loss content:  0.0171 Loss fft:  0.8362 Loss dta_rank:  0.7710 Loss dta_tv:  0.0314 Loss dta_proxy:  0.4433 Loss dta_trans:  0.0080 Loss dta_phys:  0.0059 Loss dta_preserve:  0.0042
Time:  0.0690 Epoch: 003 Iter:  550/ 600 LR: 0.0001000000 Loss content:  0.0167 Loss fft:  0.8128 Loss dta_rank:  0.7666 Loss dta_tv:  0.0303 Loss dta_proxy:  0.4578 Loss dta_trans:  0.0069 Loss dta_phys:  0.0070 Loss dta_preserve:  0.0042
Time:  0.0699 Epoch: 003 Iter:  600/ 600 LR: 0.0001000000 Loss content:  0.0176 Loss fft:  0.8352 Loss dta_rank:  0.7734 Loss dta_tv:  0.0309 Loss dta_proxy:  0.4600 Loss dta_trans:  0.0088 Loss dta_phys:  0.0073 Loss dta_preserve:  0.0049
EPOCH: 03
Elapsed time: 0.88 Epoch Pixel Loss:  0.0172 Epoch FFT Loss:  0.8216 Epoch DTA Rank:  0.7693 Epoch DTA TV:  0.0315 Epoch DTA Proxy:  0.4525 Epoch DTA Trans:  0.0084 Epoch DTA Phys:  0.0069 Epoch DTA Preserve:  0.0051
/sda/home/wangyuxin/ConvIR-B/envs/convir-cu121/lib/python3.10/site-packages/torch/optim/lr_scheduler.py:1087: UserWarning: To get the last learning rate computed by the scheduler, please use `get_last_lr()`.
  _warn_get_lr_called_within_step(self)
DTA_GATE_RAMP epoch=4 gate_limit=0.030000
Time:  0.0764 Epoch: 004 Iter:   50/ 600 LR: 0.0001000000 Loss content:  0.0175 Loss fft:  0.8186 Loss dta_rank:  0.7668 Loss dta_tv:  0.0293 Loss dta_proxy:  0.4729 Loss dta_trans:  0.0076 Loss dta_phys:  0.0071 Loss dta_preserve:  0.0060
Time:  0.0704 Epoch: 004 Iter:  100/ 600 LR: 0.0001000000 Loss content:  0.0179 Loss fft:  0.8386 Loss dta_rank:  0.7664 Loss dta_tv:  0.0304 Loss dta_proxy:  0.4577 Loss dta_trans:  0.0077 Loss dta_phys:  0.0066 Loss dta_preserve:  0.0048
Time:  0.0676 Epoch: 004 Iter:  150/ 600 LR: 0.0001000000 Loss content:  0.0174 Loss fft:  0.8184 Loss dta_rank:  0.7705 Loss dta_tv:  0.0301 Loss dta_proxy:  0.4414 Loss dta_trans:  0.0082 Loss dta_phys:  0.0068 Loss dta_preserve:  0.0056
Time:  0.0751 Epoch: 004 Iter:  200/ 600 LR: 0.0001000000 Loss content:  0.0170 Loss fft:  0.8393 Loss dta_rank:  0.7654 Loss dta_tv:  0.0290 Loss dta_proxy:  0.4855 Loss dta_trans:  0.0063 Loss dta_phys:  0.0066 Loss dta_preserve:  0.0044
Time:  0.0730 Epoch: 004 Iter:  250/ 600 LR: 0.0001000000 Loss content:  0.0162 Loss fft:  0.7587 Loss dta_rank:  0.7696 Loss dta_tv:  0.0302 Loss dta_proxy:  0.4497 Loss dta_trans:  0.0077 Loss dta_phys:  0.0063 Loss dta_preserve:  0.0038
Time:  0.0765 Epoch: 004 Iter:  300/ 600 LR: 0.0001000000 Loss content:  0.0182 Loss fft:  0.8505 Loss dta_rank:  0.7674 Loss dta_tv:  0.0301 Loss dta_proxy:  0.4410 Loss dta_trans:  0.0073 Loss dta_phys:  0.0063 Loss dta_preserve:  0.0059
Time:  0.0782 Epoch: 004 Iter:  350/ 600 LR: 0.0001000000 Loss content:  0.0173 Loss fft:  0.8178 Loss dta_rank:  0.7765 Loss dta_tv:  0.0290 Loss dta_proxy:  0.4671 Loss dta_trans:  0.0069 Loss dta_phys:  0.0070 Loss dta_preserve:  0.0050
Time:  0.0797 Epoch: 004 Iter:  400/ 600 LR: 0.0001000000 Loss content:  0.0170 Loss fft:  0.7923 Loss dta_rank:  0.7699 Loss dta_tv:  0.0292 Loss dta_proxy:  0.4560 Loss dta_trans:  0.0086 Loss dta_phys:  0.0067 Loss dta_preserve:  0.0057
Time:  0.0715 Epoch: 004 Iter:  450/ 600 LR: 0.0001000000 Loss content:  0.0178 Loss fft:  0.8311 Loss dta_rank:  0.7743 Loss dta_tv:  0.0307 Loss dta_proxy:  0.4284 Loss dta_trans:  0.0077 Loss dta_phys:  0.0069 Loss dta_preserve:  0.0046
Time:  0.0731 Epoch: 004 Iter:  500/ 600 LR: 0.0001000000 Loss content:  0.0168 Loss fft:  0.8196 Loss dta_rank:  0.7740 Loss dta_tv:  0.0298 Loss dta_proxy:  0.4529 Loss dta_trans:  0.0068 Loss dta_phys:  0.0066 Loss dta_preserve:  0.0040
Time:  0.0751 Epoch: 004 Iter:  550/ 600 LR: 0.0001000000 Loss content:  0.0163 Loss fft:  0.7901 Loss dta_rank:  0.7698 Loss dta_tv:  0.0289 Loss dta_proxy:  0.4562 Loss dta_trans:  0.0085 Loss dta_phys:  0.0074 Loss dta_preserve:  0.0048
Time:  0.0733 Epoch: 004 Iter:  600/ 600 LR: 0.0001000000 Loss content:  0.0171 Loss fft:  0.8141 Loss dta_rank:  0.7757 Loss dta_tv:  0.0291 Loss dta_proxy:  0.4470 Loss dta_trans:  0.0074 Loss dta_phys:  0.0070 Loss dta_preserve:  0.0049
EPOCH: 04
Elapsed time: 0.89 Epoch Pixel Loss:  0.0172 Epoch FFT Loss:  0.8158 Epoch DTA Rank:  0.7705 Epoch DTA TV:  0.0297 Epoch DTA Proxy:  0.4547 Epoch DTA Trans:  0.0075 Epoch DTA Phys:  0.0068 Epoch DTA Preserve:  0.0049
DTA_GATE_RAMP epoch=5 gate_limit=0.030000
Time:  0.0825 Epoch: 005 Iter:   50/ 600 LR: 0.0000983215 Loss content:  0.0177 Loss fft:  0.8451 Loss dta_rank:  0.7737 Loss dta_tv:  0.0289 Loss dta_proxy:  0.4481 Loss dta_trans:  0.0071 Loss dta_phys:  0.0064 Loss dta_preserve:  0.0054
Time:  0.0762 Epoch: 005 Iter:  100/ 600 LR: 0.0000983215 Loss content:  0.0174 Loss fft:  0.7980 Loss dta_rank:  0.7696 Loss dta_tv:  0.0288 Loss dta_proxy:  0.4457 Loss dta_trans:  0.0081 Loss dta_phys:  0.0069 Loss dta_preserve:  0.0047
Time:  0.0765 Epoch: 005 Iter:  150/ 600 LR: 0.0000983215 Loss content:  0.0167 Loss fft:  0.7944 Loss dta_rank:  0.7720 Loss dta_tv:  0.0287 Loss dta_proxy:  0.4612 Loss dta_trans:  0.0076 Loss dta_phys:  0.0073 Loss dta_preserve:  0.0047
Time:  0.0794 Epoch: 005 Iter:  200/ 600 LR: 0.0000983215 Loss content:  0.0172 Loss fft:  0.8392 Loss dta_rank:  0.7760 Loss dta_tv:  0.0293 Loss dta_proxy:  0.4623 Loss dta_trans:  0.0072 Loss dta_phys:  0.0065 Loss dta_preserve:  0.0054
Time:  0.0718 Epoch: 005 Iter:  250/ 600 LR: 0.0000983215 Loss content:  0.0166 Loss fft:  0.7970 Loss dta_rank:  0.7703 Loss dta_tv:  0.0286 Loss dta_proxy:  0.4641 Loss dta_trans:  0.0072 Loss dta_phys:  0.0077 Loss dta_preserve:  0.0046
Time:  0.0772 Epoch: 005 Iter:  300/ 600 LR: 0.0000983215 Loss content:  0.0172 Loss fft:  0.8054 Loss dta_rank:  0.7719 Loss dta_tv:  0.0279 Loss dta_proxy:  0.4671 Loss dta_trans:  0.0061 Loss dta_phys:  0.0059 Loss dta_preserve:  0.0043
Time:  0.0777 Epoch: 005 Iter:  350/ 600 LR: 0.0000983215 Loss content:  0.0173 Loss fft:  0.8374 Loss dta_rank:  0.7655 Loss dta_tv:  0.0288 Loss dta_proxy:  0.4391 Loss dta_trans:  0.0072 Loss dta_phys:  0.0064 Loss dta_preserve:  0.0046
Time:  0.0778 Epoch: 005 Iter:  400/ 600 LR: 0.0000983215 Loss content:  0.0173 Loss fft:  0.8016 Loss dta_rank:  0.7734 Loss dta_tv:  0.0286 Loss dta_proxy:  0.4639 Loss dta_trans:  0.0073 Loss dta_phys:  0.0078 Loss dta_preserve:  0.0046
Time:  0.0757 Epoch: 005 Iter:  450/ 600 LR: 0.0000983215 Loss content:  0.0174 Loss fft:  0.8532 Loss dta_rank:  0.7776 Loss dta_tv:  0.0289 Loss dta_proxy:  0.4559 Loss dta_trans:  0.0061 Loss dta_phys:  0.0067 Loss dta_preserve:  0.0062
Time:  0.0757 Epoch: 005 Iter:  500/ 600 LR: 0.0000983215 Loss content:  0.0167 Loss fft:  0.8124 Loss dta_rank:  0.7704 Loss dta_tv:  0.0282 Loss dta_proxy:  0.4621 Loss dta_trans:  0.0080 Loss dta_phys:  0.0069 Loss dta_preserve:  0.0055
Time:  0.0747 Epoch: 005 Iter:  550/ 600 LR: 0.0000983215 Loss content:  0.0164 Loss fft:  0.8033 Loss dta_rank:  0.7704 Loss dta_tv:  0.0276 Loss dta_proxy:  0.4643 Loss dta_trans:  0.0072 Loss dta_phys:  0.0067 Loss dta_preserve:  0.0041
Time:  0.0700 Epoch: 005 Iter:  600/ 600 LR: 0.0000983215 Loss content:  0.0172 Loss fft:  0.8309 Loss dta_rank:  0.7714 Loss dta_tv:  0.0281 Loss dta_proxy:  0.4468 Loss dta_trans:  0.0061 Loss dta_phys:  0.0069 Loss dta_preserve:  0.0057
EPOCH: 05
Elapsed time: 0.92 Epoch Pixel Loss:  0.0171 Epoch FFT Loss:  0.8182 Epoch DTA Rank:  0.7719 Epoch DTA TV:  0.0285 Epoch DTA Proxy:  0.4567 Epoch DTA Trans:  0.0071 Epoch DTA Phys:  0.0069 Epoch DTA Preserve:  0.0050
DTA_GATE_RAMP epoch=6 gate_limit=0.030000
Time:  0.0831 Epoch: 006 Iter:   50/ 600 LR: 0.0000942212 Loss content:  0.0172 Loss fft:  0.8222 Loss dta_rank:  0.7754 Loss dta_tv:  0.0281 Loss dta_proxy:  0.4473 Loss dta_trans:  0.0071 Loss dta_phys:  0.0067 Loss dta_preserve:  0.0062
Time:  0.0730 Epoch: 006 Iter:  100/ 600 LR: 0.0000942212 Loss content:  0.0166 Loss fft:  0.8222 Loss dta_rank:  0.7727 Loss dta_tv:  0.0282 Loss dta_proxy:  0.4558 Loss dta_trans:  0.0068 Loss dta_phys:  0.0073 Loss dta_preserve:  0.0053
Time:  0.0721 Epoch: 006 Iter:  150/ 600 LR: 0.0000942212 Loss content:  0.0168 Loss fft:  0.8095 Loss dta_rank:  0.7735 Loss dta_tv:  0.0288 Loss dta_proxy:  0.4223 Loss dta_trans:  0.0077 Loss dta_phys:  0.0063 Loss dta_preserve:  0.0055
Time:  0.0747 Epoch: 006 Iter:  200/ 600 LR: 0.0000942212 Loss content:  0.0166 Loss fft:  0.8078 Loss dta_rank:  0.7720 Loss dta_tv:  0.0289 Loss dta_proxy:  0.4494 Loss dta_trans:  0.0073 Loss dta_phys:  0.0075 Loss dta_preserve:  0.0045
Time:  0.0748 Epoch: 006 Iter:  250/ 600 LR: 0.0000942212 Loss content:  0.0170 Loss fft:  0.7967 Loss dta_rank:  0.7753 Loss dta_tv:  0.0280 Loss dta_proxy:  0.4568 Loss dta_trans:  0.0063 Loss dta_phys:  0.0071 Loss dta_preserve:  0.0043
Time:  0.0749 Epoch: 006 Iter:  300/ 600 LR: 0.0000942212 Loss content:  0.0170 Loss fft:  0.8204 Loss dta_rank:  0.7713 Loss dta_tv:  0.0283 Loss dta_proxy:  0.4638 Loss dta_trans:  0.0073 Loss dta_phys:  0.0067 Loss dta_preserve:  0.0043
Time:  0.0752 Epoch: 006 Iter:  350/ 600 LR: 0.0000942212 Loss content:  0.0169 Loss fft:  0.8122 Loss dta_rank:  0.7700 Loss dta_tv:  0.0275 Loss dta_proxy:  0.4587 Loss dta_trans:  0.0067 Loss dta_phys:  0.0062 Loss dta_preserve:  0.0046
Time:  0.0759 Epoch: 006 Iter:  400/ 600 LR: 0.0000942212 Loss content:  0.0171 Loss fft:  0.8306 Loss dta_rank:  0.7769 Loss dta_tv:  0.0275 Loss dta_proxy:  0.4618 Loss dta_trans:  0.0066 Loss dta_phys:  0.0070 Loss dta_preserve:  0.0050
Time:  0.0757 Epoch: 006 Iter:  450/ 600 LR: 0.0000942212 Loss content:  0.0171 Loss fft:  0.8013 Loss dta_rank:  0.7707 Loss dta_tv:  0.0265 Loss dta_proxy:  0.4767 Loss dta_trans:  0.0068 Loss dta_phys:  0.0070 Loss dta_preserve:  0.0047
Time:  0.0768 Epoch: 006 Iter:  500/ 600 LR: 0.0000942212 Loss content:  0.0172 Loss fft:  0.8287 Loss dta_rank:  0.7684 Loss dta_tv:  0.0263 Loss dta_proxy:  0.4724 Loss dta_trans:  0.0073 Loss dta_phys:  0.0072 Loss dta_preserve:  0.0048
Time:  0.0752 Epoch: 006 Iter:  550/ 600 LR: 0.0000942212 Loss content:  0.0183 Loss fft:  0.8628 Loss dta_rank:  0.7806 Loss dta_tv:  0.0275 Loss dta_proxy:  0.4506 Loss dta_trans:  0.0067 Loss dta_phys:  0.0062 Loss dta_preserve:  0.0063
Time:  0.0718 Epoch: 006 Iter:  600/ 600 LR: 0.0000942212 Loss content:  0.0168 Loss fft:  0.8220 Loss dta_rank:  0.7719 Loss dta_tv:  0.0272 Loss dta_proxy:  0.4571 Loss dta_trans:  0.0071 Loss dta_phys:  0.0072 Loss dta_preserve:  0.0049
EPOCH: 06
Elapsed time: 0.91 Epoch Pixel Loss:  0.0170 Epoch FFT Loss:  0.8197 Epoch DTA Rank:  0.7732 Epoch DTA TV:  0.0277 Epoch DTA Proxy:  0.4561 Epoch DTA Trans:  0.0070 Epoch DTA Phys:  0.0069 Epoch DTA Preserve:  0.0050
DTA_GATE_RAMP epoch=7 gate_limit=0.030000
Time:  0.0802 Epoch: 007 Iter:   50/ 600 LR: 0.0000886874 Loss content:  0.0166 Loss fft:  0.8074 Loss dta_rank:  0.7775 Loss dta_tv:  0.0262 Loss dta_proxy:  0.4962 Loss dta_trans:  0.0059 Loss dta_phys:  0.0071 Loss dta_preserve:  0.0035
Time:  0.0753 Epoch: 007 Iter:  100/ 600 LR: 0.0000886874 Loss content:  0.0172 Loss fft:  0.8305 Loss dta_rank:  0.7758 Loss dta_tv:  0.0285 Loss dta_proxy:  0.4452 Loss dta_trans:  0.0076 Loss dta_phys:  0.0069 Loss dta_preserve:  0.0059
Time:  0.0771 Epoch: 007 Iter:  150/ 600 LR: 0.0000886874 Loss content:  0.0170 Loss fft:  0.8142 Loss dta_rank:  0.7665 Loss dta_tv:  0.0275 Loss dta_proxy:  0.4466 Loss dta_trans:  0.0060 Loss dta_phys:  0.0069 Loss dta_preserve:  0.0056
Time:  0.0750 Epoch: 007 Iter:  200/ 600 LR: 0.0000886874 Loss content:  0.0168 Loss fft:  0.7962 Loss dta_rank:  0.7738 Loss dta_tv:  0.0281 Loss dta_proxy:  0.4413 Loss dta_trans:  0.0070 Loss dta_phys:  0.0064 Loss dta_preserve:  0.0046
Time:  0.0783 Epoch: 007 Iter:  250/ 600 LR: 0.0000886874 Loss content:  0.0165 Loss fft:  0.8165 Loss dta_rank:  0.7784 Loss dta_tv:  0.0279 Loss dta_proxy:  0.4535 Loss dta_trans:  0.0068 Loss dta_phys:  0.0075 Loss dta_preserve:  0.0057
Time:  0.0770 Epoch: 007 Iter:  300/ 600 LR: 0.0000886874 Loss content:  0.0169 Loss fft:  0.7967 Loss dta_rank:  0.7726 Loss dta_tv:  0.0268 Loss dta_proxy:  0.4584 Loss dta_trans:  0.0068 Loss dta_phys:  0.0061 Loss dta_preserve:  0.0054
Time:  0.0787 Epoch: 007 Iter:  350/ 600 LR: 0.0000886874 Loss content:  0.0179 Loss fft:  0.8389 Loss dta_rank:  0.7774 Loss dta_tv:  0.0271 Loss dta_proxy:  0.4530 Loss dta_trans:  0.0071 Loss dta_phys:  0.0063 Loss dta_preserve:  0.0039
Time:  0.0752 Epoch: 007 Iter:  400/ 600 LR: 0.0000886874 Loss content:  0.0174 Loss fft:  0.8394 Loss dta_rank:  0.7708 Loss dta_tv:  0.0267 Loss dta_proxy:  0.4680 Loss dta_trans:  0.0066 Loss dta_phys:  0.0065 Loss dta_preserve:  0.0046
Time:  0.0758 Epoch: 007 Iter:  450/ 600 LR: 0.0000886874 Loss content:  0.0172 Loss fft:  0.8125 Loss dta_rank:  0.7691 Loss dta_tv:  0.0276 Loss dta_proxy:  0.4436 Loss dta_trans:  0.0076 Loss dta_phys:  0.0075 Loss dta_preserve:  0.0072
Time:  0.0752 Epoch: 007 Iter:  500/ 600 LR: 0.0000886874 Loss content:  0.0172 Loss fft:  0.8304 Loss dta_rank:  0.7731 Loss dta_tv:  0.0264 Loss dta_proxy:  0.4685 Loss dta_trans:  0.0066 Loss dta_phys:  0.0068 Loss dta_preserve:  0.0059
Time:  0.0770 Epoch: 007 Iter:  550/ 600 LR: 0.0000886874 Loss content:  0.0171 Loss fft:  0.8095 Loss dta_rank:  0.7739 Loss dta_tv:  0.0256 Loss dta_proxy:  0.4806 Loss dta_trans:  0.0057 Loss dta_phys:  0.0071 Loss dta_preserve:  0.0046
Time:  0.0758 Epoch: 007 Iter:  600/ 600 LR: 0.0000886874 Loss content:  0.0165 Loss fft:  0.7972 Loss dta_rank:  0.7737 Loss dta_tv:  0.0261 Loss dta_proxy:  0.4394 Loss dta_trans:  0.0067 Loss dta_phys:  0.0067 Loss dta_preserve:  0.0047
EPOCH: 07
Elapsed time: 0.92 Epoch Pixel Loss:  0.0170 Epoch FFT Loss:  0.8158 Epoch DTA Rank:  0.7735 Epoch DTA TV:  0.0270 Epoch DTA Proxy:  0.4579 Epoch DTA Trans:  0.0067 Epoch DTA Phys:  0.0068 Epoch DTA Preserve:  0.0051
DTA_GATE_RAMP epoch=8 gate_limit=0.030000
Time:  0.0802 Epoch: 008 Iter:   50/ 600 LR: 0.0000819070 Loss content:  0.0178 Loss fft:  0.8214 Loss dta_rank:  0.7711 Loss dta_tv:  0.0264 Loss dta_proxy:  0.4677 Loss dta_trans:  0.0077 Loss dta_phys:  0.0079 Loss dta_preserve:  0.0060
Time:  0.0726 Epoch: 008 Iter:  100/ 600 LR: 0.0000819070 Loss content:  0.0173 Loss fft:  0.7879 Loss dta_rank:  0.7737 Loss dta_tv:  0.0263 Loss dta_proxy:  0.4541 Loss dta_trans:  0.0065 Loss dta_phys:  0.0074 Loss dta_preserve:  0.0056
Time:  0.0757 Epoch: 008 Iter:  150/ 600 LR: 0.0000819070 Loss content:  0.0178 Loss fft:  0.8460 Loss dta_rank:  0.7736 Loss dta_tv:  0.0260 Loss dta_proxy:  0.4793 Loss dta_trans:  0.0055 Loss dta_phys:  0.0070 Loss dta_preserve:  0.0055
Time:  0.0739 Epoch: 008 Iter:  200/ 600 LR: 0.0000819070 Loss content:  0.0172 Loss fft:  0.8136 Loss dta_rank:  0.7745 Loss dta_tv:  0.0264 Loss dta_proxy:  0.4511 Loss dta_trans:  0.0077 Loss dta_phys:  0.0063 Loss dta_preserve:  0.0049
Time:  0.0749 Epoch: 008 Iter:  250/ 600 LR: 0.0000819070 Loss content:  0.0167 Loss fft:  0.8124 Loss dta_rank:  0.7772 Loss dta_tv:  0.0270 Loss dta_proxy:  0.4462 Loss dta_trans:  0.0067 Loss dta_phys:  0.0070 Loss dta_preserve:  0.0043
Time:  0.0760 Epoch: 008 Iter:  300/ 600 LR: 0.0000819070 Loss content:  0.0170 Loss fft:  0.8244 Loss dta_rank:  0.7766 Loss dta_tv:  0.0268 Loss dta_proxy:  0.4639 Loss dta_trans:  0.0059 Loss dta_phys:  0.0062 Loss dta_preserve:  0.0044
Time:  0.0735 Epoch: 008 Iter:  350/ 600 LR: 0.0000819070 Loss content:  0.0171 Loss fft:  0.8116 Loss dta_rank:  0.7715 Loss dta_tv:  0.0266 Loss dta_proxy:  0.4624 Loss dta_trans:  0.0071 Loss dta_phys:  0.0060 Loss dta_preserve:  0.0047
Time:  0.0754 Epoch: 008 Iter:  400/ 600 LR: 0.0000819070 Loss content:  0.0171 Loss fft:  0.8366 Loss dta_rank:  0.7749 Loss dta_tv:  0.0259 Loss dta_proxy:  0.4612 Loss dta_trans:  0.0071 Loss dta_phys:  0.0066 Loss dta_preserve:  0.0043
Time:  0.0665 Epoch: 008 Iter:  450/ 600 LR: 0.0000819070 Loss content:  0.0168 Loss fft:  0.8233 Loss dta_rank:  0.7687 Loss dta_tv:  0.0256 Loss dta_proxy:  0.4958 Loss dta_trans:  0.0053 Loss dta_phys:  0.0079 Loss dta_preserve:  0.0048
Time:  0.0722 Epoch: 008 Iter:  500/ 600 LR: 0.0000819070 Loss content:  0.0170 Loss fft:  0.8029 Loss dta_rank:  0.7730 Loss dta_tv:  0.0264 Loss dta_proxy:  0.4588 Loss dta_trans:  0.0056 Loss dta_phys:  0.0067 Loss dta_preserve:  0.0044
Time:  0.0710 Epoch: 008 Iter:  550/ 600 LR: 0.0000819070 Loss content:  0.0168 Loss fft:  0.8189 Loss dta_rank:  0.7721 Loss dta_tv:  0.0263 Loss dta_proxy:  0.4552 Loss dta_trans:  0.0066 Loss dta_phys:  0.0069 Loss dta_preserve:  0.0043
Time:  0.0680 Epoch: 008 Iter:  600/ 600 LR: 0.0000819070 Loss content:  0.0169 Loss fft:  0.8104 Loss dta_rank:  0.7717 Loss dta_tv:  0.0275 Loss dta_proxy:  0.4349 Loss dta_trans:  0.0068 Loss dta_phys:  0.0067 Loss dta_preserve:  0.0054
EPOCH: 08
Elapsed time: 0.88 Epoch Pixel Loss:  0.0171 Epoch FFT Loss:  0.8175 Epoch DTA Rank:  0.7732 Epoch DTA TV:  0.0264 Epoch DTA Proxy:  0.4609 Epoch DTA Trans:  0.0065 Epoch DTA Phys:  0.0069 Epoch DTA Preserve:  0.0049
DTA_GATE_RAMP epoch=9 gate_limit=0.060000
Time:  0.0753 Epoch: 009 Iter:   50/ 600 LR: 0.0000741093 Loss content:  0.0172 Loss fft:  0.7814 Loss dta_rank:  0.7738 Loss dta_tv:  0.0272 Loss dta_proxy:  0.4415 Loss dta_trans:  0.0066 Loss dta_phys:  0.0070 Loss dta_preserve:  0.0053
Time:  0.0754 Epoch: 009 Iter:  100/ 600 LR: 0.0000741093 Loss content:  0.0174 Loss fft:  0.8223 Loss dta_rank:  0.7768 Loss dta_tv:  0.0264 Loss dta_proxy:  0.4677 Loss dta_trans:  0.0061 Loss dta_phys:  0.0071 Loss dta_preserve:  0.0058
Time:  0.0738 Epoch: 009 Iter:  150/ 600 LR: 0.0000741093 Loss content:  0.0165 Loss fft:  0.8216 Loss dta_rank:  0.7736 Loss dta_tv:  0.0268 Loss dta_proxy:  0.4589 Loss dta_trans:  0.0060 Loss dta_phys:  0.0067 Loss dta_preserve:  0.0044
Time:  0.0756 Epoch: 009 Iter:  200/ 600 LR: 0.0000741093 Loss content:  0.0174 Loss fft:  0.8031 Loss dta_rank:  0.7705 Loss dta_tv:  0.0266 Loss dta_proxy:  0.4674 Loss dta_trans:  0.0069 Loss dta_phys:  0.0075 Loss dta_preserve:  0.0054
Time:  0.0750 Epoch: 009 Iter:  250/ 600 LR: 0.0000741093 Loss content:  0.0204 Loss fft:  1.2054 Loss dta_rank:  0.7731 Loss dta_tv:  0.0262 Loss dta_proxy:  0.4651 Loss dta_trans:  0.0059 Loss dta_phys:  0.0071 Loss dta_preserve:  0.0053
Time:  0.0766 Epoch: 009 Iter:  300/ 600 LR: 0.0000741093 Loss content:  0.0176 Loss fft:  0.8329 Loss dta_rank:  0.7761 Loss dta_tv:  0.0262 Loss dta_proxy:  0.4577 Loss dta_trans:  0.0076 Loss dta_phys:  0.0061 Loss dta_preserve:  0.0055
Time:  0.0755 Epoch: 009 Iter:  350/ 600 LR: 0.0000741093 Loss content:  0.0179 Loss fft:  0.8657 Loss dta_rank:  0.7710 Loss dta_tv:  0.0265 Loss dta_proxy:  0.4599 Loss dta_trans:  0.0073 Loss dta_phys:  0.0074 Loss dta_preserve:  0.0057
Time:  0.0749 Epoch: 009 Iter:  400/ 600 LR: 0.0000741093 Loss content:  0.0162 Loss fft:  0.7996 Loss dta_rank:  0.7794 Loss dta_tv:  0.0262 Loss dta_proxy:  0.4545 Loss dta_trans:  0.0058 Loss dta_phys:  0.0064 Loss dta_preserve:  0.0043
Time:  0.0748 Epoch: 009 Iter:  450/ 600 LR: 0.0000741093 Loss content:  0.0166 Loss fft:  0.8061 Loss dta_rank:  0.7790 Loss dta_tv:  0.0267 Loss dta_proxy:  0.4511 Loss dta_trans:  0.0067 Loss dta_phys:  0.0064 Loss dta_preserve:  0.0055
Time:  0.0731 Epoch: 009 Iter:  500/ 600 LR: 0.0000741093 Loss content:  0.0171 Loss fft:  0.8380 Loss dta_rank:  0.7755 Loss dta_tv:  0.0266 Loss dta_proxy:  0.4515 Loss dta_trans:  0.0065 Loss dta_phys:  0.0064 Loss dta_preserve:  0.0042
Time:  0.0740 Epoch: 009 Iter:  550/ 600 LR: 0.0000741093 Loss content:  0.0170 Loss fft:  0.8128 Loss dta_rank:  0.7766 Loss dta_tv:  0.0268 Loss dta_proxy:  0.4489 Loss dta_trans:  0.0064 Loss dta_phys:  0.0065 Loss dta_preserve:  0.0053
Time:  0.0748 Epoch: 009 Iter:  600/ 600 LR: 0.0000741093 Loss content:  0.0178 Loss fft:  0.8603 Loss dta_rank:  0.7795 Loss dta_tv:  0.0261 Loss dta_proxy:  0.4491 Loss dta_trans:  0.0060 Loss dta_phys:  0.0064 Loss dta_preserve:  0.0055
EPOCH: 09
Elapsed time: 0.90 Epoch Pixel Loss:  0.0174 Epoch FFT Loss:  0.8541 Epoch DTA Rank:  0.7754 Epoch DTA TV:  0.0265 Epoch DTA Proxy:  0.4561 Epoch DTA Trans:  0.0065 Epoch DTA Phys:  0.0068 Epoch DTA Preserve:  0.0052
DTA_GATE_RAMP epoch=10 gate_limit=0.060000
Time:  0.0834 Epoch: 010 Iter:   50/ 600 LR: 0.0000655580 Loss content:  0.0176 Loss fft:  0.8427 Loss dta_rank:  0.7747 Loss dta_tv:  0.0267 Loss dta_proxy:  0.4442 Loss dta_trans:  0.0067 Loss dta_phys:  0.0070 Loss dta_preserve:  0.0052
Time:  0.0743 Epoch: 010 Iter:  100/ 600 LR: 0.0000655580 Loss content:  0.0168 Loss fft:  0.7849 Loss dta_rank:  0.7749 Loss dta_tv:  0.0265 Loss dta_proxy:  0.4508 Loss dta_trans:  0.0059 Loss dta_phys:  0.0059 Loss dta_preserve:  0.0059
Time:  0.0764 Epoch: 010 Iter:  150/ 600 LR: 0.0000655580 Loss content:  0.0175 Loss fft:  0.8332 Loss dta_rank:  0.7762 Loss dta_tv:  0.0263 Loss dta_proxy:  0.4591 Loss dta_trans:  0.0074 Loss dta_phys:  0.0064 Loss dta_preserve:  0.0041
Time:  0.0760 Epoch: 010 Iter:  200/ 600 LR: 0.0000655580 Loss content:  0.0168 Loss fft:  0.8181 Loss dta_rank:  0.7717 Loss dta_tv:  0.0254 Loss dta_proxy:  0.4729 Loss dta_trans:  0.0061 Loss dta_phys:  0.0067 Loss dta_preserve:  0.0033
Time:  0.0716 Epoch: 010 Iter:  250/ 600 LR: 0.0000655580 Loss content:  0.0169 Loss fft:  0.8034 Loss dta_rank:  0.7748 Loss dta_tv:  0.0255 Loss dta_proxy:  0.4746 Loss dta_trans:  0.0053 Loss dta_phys:  0.0074 Loss dta_preserve:  0.0042
Time:  0.0782 Epoch: 010 Iter:  300/ 600 LR: 0.0000655580 Loss content:  0.0166 Loss fft:  0.8142 Loss dta_rank:  0.7708 Loss dta_tv:  0.0258 Loss dta_proxy:  0.4575 Loss dta_trans:  0.0068 Loss dta_phys:  0.0075 Loss dta_preserve:  0.0059
Time:  0.0776 Epoch: 010 Iter:  350/ 600 LR: 0.0000655580 Loss content:  0.0176 Loss fft:  0.8433 Loss dta_rank:  0.7730 Loss dta_tv:  0.0254 Loss dta_proxy:  0.4625 Loss dta_trans:  0.0062 Loss dta_phys:  0.0072 Loss dta_preserve:  0.0057
Time:  0.0779 Epoch: 010 Iter:  400/ 600 LR: 0.0000655580 Loss content:  0.0168 Loss fft:  0.8072 Loss dta_rank:  0.7765 Loss dta_tv:  0.0262 Loss dta_proxy:  0.4651 Loss dta_trans:  0.0061 Loss dta_phys:  0.0063 Loss dta_preserve:  0.0049
Time:  0.0758 Epoch: 010 Iter:  450/ 600 LR: 0.0000655580 Loss content:  0.0170 Loss fft:  0.8126 Loss dta_rank:  0.7701 Loss dta_tv:  0.0258 Loss dta_proxy:  0.4789 Loss dta_trans:  0.0071 Loss dta_phys:  0.0071 Loss dta_preserve:  0.0042
Time:  0.0733 Epoch: 010 Iter:  500/ 600 LR: 0.0000655580 Loss content:  0.0170 Loss fft:  0.8149 Loss dta_rank:  0.7680 Loss dta_tv:  0.0255 Loss dta_proxy:  0.4652 Loss dta_trans:  0.0062 Loss dta_phys:  0.0072 Loss dta_preserve:  0.0053
Time:  0.0728 Epoch: 010 Iter:  550/ 600 LR: 0.0000655580 Loss content:  0.0168 Loss fft:  0.8303 Loss dta_rank:  0.7765 Loss dta_tv:  0.0255 Loss dta_proxy:  0.4543 Loss dta_trans:  0.0060 Loss dta_phys:  0.0063 Loss dta_preserve:  0.0059
Time:  0.0745 Epoch: 010 Iter:  600/ 600 LR: 0.0000655580 Loss content:  0.0177 Loss fft:  0.8284 Loss dta_rank:  0.7743 Loss dta_tv:  0.0261 Loss dta_proxy:  0.4527 Loss dta_trans:  0.0056 Loss dta_phys:  0.0059 Loss dta_preserve:  0.0050
EPOCH: 10
Elapsed time: 0.92 Epoch Pixel Loss:  0.0171 Epoch FFT Loss:  0.8194 Epoch DTA Rank:  0.7735 Epoch DTA TV:  0.0259 Epoch DTA Proxy:  0.4615 Epoch DTA Trans:  0.0063 Epoch DTA Phys:  0.0068 Epoch DTA Preserve:  0.0050
DTA_GATE_RAMP epoch=11 gate_limit=0.060000
Time:  0.0827 Epoch: 011 Iter:   50/ 600 LR: 0.0000565424 Loss content:  0.0164 Loss fft:  0.8204 Loss dta_rank:  0.7726 Loss dta_tv:  0.0266 Loss dta_proxy:  0.4508 Loss dta_trans:  0.0061 Loss dta_phys:  0.0073 Loss dta_preserve:  0.0056
Time:  0.0757 Epoch: 011 Iter:  100/ 600 LR: 0.0000565424 Loss content:  0.0175 Loss fft:  0.8259 Loss dta_rank:  0.7740 Loss dta_tv:  0.0258 Loss dta_proxy:  0.4582 Loss dta_trans:  0.0057 Loss dta_phys:  0.0066 Loss dta_preserve:  0.0045
Time:  0.0754 Epoch: 011 Iter:  150/ 600 LR: 0.0000565424 Loss content:  0.0165 Loss fft:  0.7907 Loss dta_rank:  0.7756 Loss dta_tv:  0.0268 Loss dta_proxy:  0.4521 Loss dta_trans:  0.0062 Loss dta_phys:  0.0072 Loss dta_preserve:  0.0055
Time:  0.0794 Epoch: 011 Iter:  200/ 600 LR: 0.0000565424 Loss content:  0.0175 Loss fft:  0.8505 Loss dta_rank:  0.7792 Loss dta_tv:  0.0253 Loss dta_proxy:  0.4758 Loss dta_trans:  0.0053 Loss dta_phys:  0.0059 Loss dta_preserve:  0.0046
Time:  0.0761 Epoch: 011 Iter:  250/ 600 LR: 0.0000565424 Loss content:  0.0178 Loss fft:  0.8370 Loss dta_rank:  0.7765 Loss dta_tv:  0.0262 Loss dta_proxy:  0.4402 Loss dta_trans:  0.0079 Loss dta_phys:  0.0059 Loss dta_preserve:  0.0070
Time:  0.0743 Epoch: 011 Iter:  300/ 600 LR: 0.0000565424 Loss content:  0.0178 Loss fft:  0.8326 Loss dta_rank:  0.7703 Loss dta_tv:  0.0249 Loss dta_proxy:  0.4734 Loss dta_trans:  0.0063 Loss dta_phys:  0.0071 Loss dta_preserve:  0.0057
Time:  0.0792 Epoch: 011 Iter:  350/ 600 LR: 0.0000565424 Loss content:  0.0167 Loss fft:  0.8049 Loss dta_rank:  0.7748 Loss dta_tv:  0.0256 Loss dta_proxy:  0.4604 Loss dta_trans:  0.0059 Loss dta_phys:  0.0066 Loss dta_preserve:  0.0048
Time:  0.0691 Epoch: 011 Iter:  400/ 600 LR: 0.0000565424 Loss content:  0.0175 Loss fft:  0.8366 Loss dta_rank:  0.7782 Loss dta_tv:  0.0261 Loss dta_proxy:  0.4696 Loss dta_trans:  0.0055 Loss dta_phys:  0.0071 Loss dta_preserve:  0.0051
Time:  0.0745 Epoch: 011 Iter:  450/ 600 LR: 0.0000565424 Loss content:  0.0166 Loss fft:  0.8225 Loss dta_rank:  0.7711 Loss dta_tv:  0.0256 Loss dta_proxy:  0.4631 Loss dta_trans:  0.0061 Loss dta_phys:  0.0071 Loss dta_preserve:  0.0067
Time:  0.0749 Epoch: 011 Iter:  500/ 600 LR: 0.0000565424 Loss content:  0.0178 Loss fft:  0.8254 Loss dta_rank:  0.7703 Loss dta_tv:  0.0254 Loss dta_proxy:  0.4630 Loss dta_trans:  0.0068 Loss dta_phys:  0.0069 Loss dta_preserve:  0.0061
Time:  0.0751 Epoch: 011 Iter:  550/ 600 LR: 0.0000565424 Loss content:  0.0167 Loss fft:  0.8030 Loss dta_rank:  0.7729 Loss dta_tv:  0.0255 Loss dta_proxy:  0.4579 Loss dta_trans:  0.0060 Loss dta_phys:  0.0066 Loss dta_preserve:  0.0037
Time:  0.0704 Epoch: 011 Iter:  600/ 600 LR: 0.0000565424 Loss content:  0.0169 Loss fft:  0.8065 Loss dta_rank:  0.7693 Loss dta_tv:  0.0260 Loss dta_proxy:  0.4499 Loss dta_trans:  0.0071 Loss dta_phys:  0.0078 Loss dta_preserve:  0.0050
EPOCH: 11
Elapsed time: 0.91 Epoch Pixel Loss:  0.0171 Epoch FFT Loss:  0.8213 Epoch DTA Rank:  0.7737 Epoch DTA TV:  0.0258 Epoch DTA Proxy:  0.4595 Epoch DTA Trans:  0.0062 Epoch DTA Phys:  0.0069 Epoch DTA Preserve:  0.0053
DTA_GATE_RAMP epoch=12 gate_limit=0.060000
Time:  0.0831 Epoch: 012 Iter:   50/ 600 LR: 0.0000473670 Loss content:  0.0173 Loss fft:  0.8267 Loss dta_rank:  0.7689 Loss dta_tv:  0.0260 Loss dta_proxy:  0.4562 Loss dta_trans:  0.0058 Loss dta_phys:  0.0059 Loss dta_preserve:  0.0068
Time:  0.0793 Epoch: 012 Iter:  100/ 600 LR: 0.0000473670 Loss content:  0.0170 Loss fft:  0.8414 Loss dta_rank:  0.7744 Loss dta_tv:  0.0257 Loss dta_proxy:  0.4726 Loss dta_trans:  0.0061 Loss dta_phys:  0.0070 Loss dta_preserve:  0.0051
Time:  0.0806 Epoch: 012 Iter:  150/ 600 LR: 0.0000473670 Loss content:  0.0164 Loss fft:  0.8005 Loss dta_rank:  0.7779 Loss dta_tv:  0.0259 Loss dta_proxy:  0.4483 Loss dta_trans:  0.0069 Loss dta_phys:  0.0060 Loss dta_preserve:  0.0050
Time:  0.0741 Epoch: 012 Iter:  200/ 600 LR: 0.0000473670 Loss content:  0.0169 Loss fft:  0.8066 Loss dta_rank:  0.7785 Loss dta_tv:  0.0252 Loss dta_proxy:  0.4749 Loss dta_trans:  0.0053 Loss dta_phys:  0.0066 Loss dta_preserve:  0.0044
Time:  0.0731 Epoch: 012 Iter:  250/ 600 LR: 0.0000473670 Loss content:  0.0170 Loss fft:  0.7854 Loss dta_rank:  0.7791 Loss dta_tv:  0.0265 Loss dta_proxy:  0.4670 Loss dta_trans:  0.0077 Loss dta_phys:  0.0073 Loss dta_preserve:  0.0045
Time:  0.0746 Epoch: 012 Iter:  300/ 600 LR: 0.0000473670 Loss content:  0.0175 Loss fft:  0.8249 Loss dta_rank:  0.7744 Loss dta_tv:  0.0254 Loss dta_proxy:  0.4699 Loss dta_trans:  0.0071 Loss dta_phys:  0.0070 Loss dta_preserve:  0.0056
Time:  0.0753 Epoch: 012 Iter:  350/ 600 LR: 0.0000473670 Loss content:  0.0174 Loss fft:  0.8321 Loss dta_rank:  0.7751 Loss dta_tv:  0.0252 Loss dta_proxy:  0.4583 Loss dta_trans:  0.0058 Loss dta_phys:  0.0072 Loss dta_preserve:  0.0060
Time:  0.0752 Epoch: 012 Iter:  400/ 600 LR: 0.0000473670 Loss content:  0.0174 Loss fft:  0.8274 Loss dta_rank:  0.7729 Loss dta_tv:  0.0259 Loss dta_proxy:  0.4422 Loss dta_trans:  0.0059 Loss dta_phys:  0.0068 Loss dta_preserve:  0.0061
Time:  0.0744 Epoch: 012 Iter:  450/ 600 LR: 0.0000473670 Loss content:  0.0168 Loss fft:  0.8243 Loss dta_rank:  0.7811 Loss dta_tv:  0.0257 Loss dta_proxy:  0.4597 Loss dta_trans:  0.0052 Loss dta_phys:  0.0063 Loss dta_preserve:  0.0044
Time:  0.0761 Epoch: 012 Iter:  500/ 600 LR: 0.0000473670 Loss content:  0.0169 Loss fft:  0.7964 Loss dta_rank:  0.7711 Loss dta_tv:  0.0256 Loss dta_proxy:  0.4557 Loss dta_trans:  0.0076 Loss dta_phys:  0.0073 Loss dta_preserve:  0.0048
Time:  0.0760 Epoch: 012 Iter:  550/ 600 LR: 0.0000473670 Loss content:  0.0172 Loss fft:  0.8153 Loss dta_rank:  0.7715 Loss dta_tv:  0.0256 Loss dta_proxy:  0.4404 Loss dta_trans:  0.0065 Loss dta_phys:  0.0065 Loss dta_preserve:  0.0038
Time:  0.0763 Epoch: 012 Iter:  600/ 600 LR: 0.0000473670 Loss content:  0.0165 Loss fft:  0.8112 Loss dta_rank:  0.7753 Loss dta_tv:  0.0250 Loss dta_proxy:  0.4514 Loss dta_trans:  0.0060 Loss dta_phys:  0.0073 Loss dta_preserve:  0.0049
EPOCH: 12
Elapsed time: 0.92 Epoch Pixel Loss:  0.0170 Epoch FFT Loss:  0.8160 Epoch DTA Rank:  0.7750 Epoch DTA TV:  0.0256 Epoch DTA Proxy:  0.4580 Epoch DTA Trans:  0.0063 Epoch DTA Phys:  0.0068 Epoch DTA Preserve:  0.0051
DTA_GATE_RAMP epoch=13 gate_limit=0.060000
Time:  0.0789 Epoch: 013 Iter:   50/ 600 LR: 0.0000383414 Loss content:  0.0169 Loss fft:  0.8021 Loss dta_rank:  0.7707 Loss dta_tv:  0.0264 Loss dta_proxy:  0.4387 Loss dta_trans:  0.0075 Loss dta_phys:  0.0068 Loss dta_preserve:  0.0045
Time:  0.0719 Epoch: 013 Iter:  100/ 600 LR: 0.0000383414 Loss content:  0.0164 Loss fft:  0.8141 Loss dta_rank:  0.7759 Loss dta_tv:  0.0256 Loss dta_proxy:  0.4689 Loss dta_trans:  0.0061 Loss dta_phys:  0.0073 Loss dta_preserve:  0.0047
Time:  0.0732 Epoch: 013 Iter:  150/ 600 LR: 0.0000383414 Loss content:  0.0177 Loss fft:  0.8349 Loss dta_rank:  0.7785 Loss dta_tv:  0.0257 Loss dta_proxy:  0.4575 Loss dta_trans:  0.0058 Loss dta_phys:  0.0064 Loss dta_preserve:  0.0061
Time:  0.0737 Epoch: 013 Iter:  200/ 600 LR: 0.0000383414 Loss content:  0.0169 Loss fft:  0.8211 Loss dta_rank:  0.7779 Loss dta_tv:  0.0256 Loss dta_proxy:  0.4529 Loss dta_trans:  0.0061 Loss dta_phys:  0.0068 Loss dta_preserve:  0.0058
Time:  0.0755 Epoch: 013 Iter:  250/ 600 LR: 0.0000383414 Loss content:  0.0172 Loss fft:  0.7961 Loss dta_rank:  0.7730 Loss dta_tv:  0.0249 Loss dta_proxy:  0.4583 Loss dta_trans:  0.0056 Loss dta_phys:  0.0063 Loss dta_preserve:  0.0050
Time:  0.0763 Epoch: 013 Iter:  300/ 600 LR: 0.0000383414 Loss content:  0.0170 Loss fft:  0.8279 Loss dta_rank:  0.7718 Loss dta_tv:  0.0256 Loss dta_proxy:  0.4455 Loss dta_trans:  0.0052 Loss dta_phys:  0.0066 Loss dta_preserve:  0.0042
Time:  0.0748 Epoch: 013 Iter:  350/ 600 LR: 0.0000383414 Loss content:  0.0169 Loss fft:  0.8216 Loss dta_rank:  0.7692 Loss dta_tv:  0.0249 Loss dta_proxy:  0.4641 Loss dta_trans:  0.0064 Loss dta_phys:  0.0071 Loss dta_preserve:  0.0056
Time:  0.0772 Epoch: 013 Iter:  400/ 600 LR: 0.0000383414 Loss content:  0.0169 Loss fft:  0.8117 Loss dta_rank:  0.7727 Loss dta_tv:  0.0246 Loss dta_proxy:  0.4817 Loss dta_trans:  0.0058 Loss dta_phys:  0.0065 Loss dta_preserve:  0.0054
Time:  0.0778 Epoch: 013 Iter:  450/ 600 LR: 0.0000383414 Loss content:  0.0162 Loss fft:  0.7823 Loss dta_rank:  0.7730 Loss dta_tv:  0.0251 Loss dta_proxy:  0.4538 Loss dta_trans:  0.0076 Loss dta_phys:  0.0073 Loss dta_preserve:  0.0042
Time:  0.0769 Epoch: 013 Iter:  500/ 600 LR: 0.0000383414 Loss content:  0.0174 Loss fft:  0.8402 Loss dta_rank:  0.7772 Loss dta_tv:  0.0245 Loss dta_proxy:  0.4714 Loss dta_trans:  0.0058 Loss dta_phys:  0.0062 Loss dta_preserve:  0.0041
Time:  0.0789 Epoch: 013 Iter:  550/ 600 LR: 0.0000383414 Loss content:  0.0167 Loss fft:  0.8056 Loss dta_rank:  0.7784 Loss dta_tv:  0.0256 Loss dta_proxy:  0.4547 Loss dta_trans:  0.0068 Loss dta_phys:  0.0069 Loss dta_preserve:  0.0048
Time:  0.0762 Epoch: 013 Iter:  600/ 600 LR: 0.0000383414 Loss content:  0.0170 Loss fft:  0.8121 Loss dta_rank:  0.7771 Loss dta_tv:  0.0255 Loss dta_proxy:  0.4736 Loss dta_trans:  0.0060 Loss dta_phys:  0.0066 Loss dta_preserve:  0.0046
EPOCH: 13
Elapsed time: 0.91 Epoch Pixel Loss:  0.0169 Epoch FFT Loss:  0.8142 Epoch DTA Rank:  0.7746 Epoch DTA TV:  0.0253 Epoch DTA Proxy:  0.4601 Epoch DTA Trans:  0.0062 Epoch DTA Phys:  0.0067 Epoch DTA Preserve:  0.0049
DTA_GATE_RAMP epoch=14 gate_limit=0.060000
Time:  0.0806 Epoch: 014 Iter:   50/ 600 LR: 0.0000297690 Loss content:  0.0164 Loss fft:  0.8187 Loss dta_rank:  0.7747 Loss dta_tv:  0.0254 Loss dta_proxy:  0.4551 Loss dta_trans:  0.0067 Loss dta_phys:  0.0071 Loss dta_preserve:  0.0054
Time:  0.0721 Epoch: 014 Iter:  100/ 600 LR: 0.0000297690 Loss content:  0.0173 Loss fft:  0.8223 Loss dta_rank:  0.7732 Loss dta_tv:  0.0253 Loss dta_proxy:  0.4571 Loss dta_trans:  0.0056 Loss dta_phys:  0.0059 Loss dta_preserve:  0.0041
Time:  0.0769 Epoch: 014 Iter:  150/ 600 LR: 0.0000297690 Loss content:  0.0167 Loss fft:  0.7971 Loss dta_rank:  0.7738 Loss dta_tv:  0.0254 Loss dta_proxy:  0.4597 Loss dta_trans:  0.0065 Loss dta_phys:  0.0073 Loss dta_preserve:  0.0062
Time:  0.0781 Epoch: 014 Iter:  200/ 600 LR: 0.0000297690 Loss content:  0.0172 Loss fft:  0.8087 Loss dta_rank:  0.7718 Loss dta_tv:  0.0252 Loss dta_proxy:  0.4588 Loss dta_trans:  0.0059 Loss dta_phys:  0.0070 Loss dta_preserve:  0.0047
Time:  0.0760 Epoch: 014 Iter:  250/ 600 LR: 0.0000297690 Loss content:  0.0175 Loss fft:  0.8178 Loss dta_rank:  0.7733 Loss dta_tv:  0.0257 Loss dta_proxy:  0.4628 Loss dta_trans:  0.0068 Loss dta_phys:  0.0069 Loss dta_preserve:  0.0081
Time:  0.0748 Epoch: 014 Iter:  300/ 600 LR: 0.0000297690 Loss content:  0.0166 Loss fft:  0.7738 Loss dta_rank:  0.7749 Loss dta_tv:  0.0259 Loss dta_proxy:  0.4356 Loss dta_trans:  0.0062 Loss dta_phys:  0.0070 Loss dta_preserve:  0.0057
Time:  0.0776 Epoch: 014 Iter:  350/ 600 LR: 0.0000297690 Loss content:  0.0175 Loss fft:  0.8415 Loss dta_rank:  0.7758 Loss dta_tv:  0.0247 Loss dta_proxy:  0.4754 Loss dta_trans:  0.0052 Loss dta_phys:  0.0069 Loss dta_preserve:  0.0062
Time:  0.0744 Epoch: 014 Iter:  400/ 600 LR: 0.0000297690 Loss content:  0.0172 Loss fft:  0.8352 Loss dta_rank:  0.7764 Loss dta_tv:  0.0255 Loss dta_proxy:  0.4628 Loss dta_trans:  0.0053 Loss dta_phys:  0.0071 Loss dta_preserve:  0.0062
Time:  0.0734 Epoch: 014 Iter:  450/ 600 LR: 0.0000297690 Loss content:  0.0173 Loss fft:  0.8275 Loss dta_rank:  0.7739 Loss dta_tv:  0.0249 Loss dta_proxy:  0.4756 Loss dta_trans:  0.0059 Loss dta_phys:  0.0065 Loss dta_preserve:  0.0042
Time:  0.0738 Epoch: 014 Iter:  500/ 600 LR: 0.0000297690 Loss content:  0.0175 Loss fft:  0.8702 Loss dta_rank:  0.7746 Loss dta_tv:  0.0251 Loss dta_proxy:  0.4637 Loss dta_trans:  0.0061 Loss dta_phys:  0.0065 Loss dta_preserve:  0.0060
Time:  0.0767 Epoch: 014 Iter:  550/ 600 LR: 0.0000297690 Loss content:  0.0173 Loss fft:  0.7908 Loss dta_rank:  0.7807 Loss dta_tv:  0.0257 Loss dta_proxy:  0.4607 Loss dta_trans:  0.0066 Loss dta_phys:  0.0067 Loss dta_preserve:  0.0052
Time:  0.0741 Epoch: 014 Iter:  600/ 600 LR: 0.0000297690 Loss content:  0.0178 Loss fft:  0.8234 Loss dta_rank:  0.7678 Loss dta_tv:  0.0253 Loss dta_proxy:  0.4575 Loss dta_trans:  0.0061 Loss dta_phys:  0.0071 Loss dta_preserve:  0.0052
EPOCH: 14
Elapsed time: 0.91 Epoch Pixel Loss:  0.0172 Epoch FFT Loss:  0.8189 Epoch DTA Rank:  0.7742 Epoch DTA TV:  0.0253 Epoch DTA Proxy:  0.4604 Epoch DTA Trans:  0.0061 Epoch DTA Phys:  0.0069 Epoch DTA Preserve:  0.0056
DTA_GATE_RAMP epoch=15 gate_limit=0.060000
Time:  0.0726 Epoch: 015 Iter:   50/ 600 LR: 0.0000219361 Loss content:  0.0162 Loss fft:  0.7661 Loss dta_rank:  0.7733 Loss dta_tv:  0.0258 Loss dta_proxy:  0.4554 Loss dta_trans:  0.0068 Loss dta_phys:  0.0073 Loss dta_preserve:  0.0050
Time:  0.0680 Epoch: 015 Iter:  100/ 600 LR: 0.0000219361 Loss content:  0.0176 Loss fft:  0.8384 Loss dta_rank:  0.7785 Loss dta_tv:  0.0249 Loss dta_proxy:  0.4724 Loss dta_trans:  0.0064 Loss dta_phys:  0.0070 Loss dta_preserve:  0.0040
Time:  0.0757 Epoch: 015 Iter:  150/ 600 LR: 0.0000219361 Loss content:  0.0169 Loss fft:  0.7964 Loss dta_rank:  0.7756 Loss dta_tv:  0.0247 Loss dta_proxy:  0.4536 Loss dta_trans:  0.0056 Loss dta_phys:  0.0070 Loss dta_preserve:  0.0042
Time:  0.0780 Epoch: 015 Iter:  200/ 600 LR: 0.0000219361 Loss content:  0.0172 Loss fft:  0.8383 Loss dta_rank:  0.7790 Loss dta_tv:  0.0251 Loss dta_proxy:  0.4738 Loss dta_trans:  0.0056 Loss dta_phys:  0.0066 Loss dta_preserve:  0.0051
Time:  0.0764 Epoch: 015 Iter:  250/ 600 LR: 0.0000219361 Loss content:  0.0178 Loss fft:  0.8122 Loss dta_rank:  0.7694 Loss dta_tv:  0.0251 Loss dta_proxy:  0.4629 Loss dta_trans:  0.0060 Loss dta_phys:  0.0071 Loss dta_preserve:  0.0050
Time:  0.0760 Epoch: 015 Iter:  300/ 600 LR: 0.0000219361 Loss content:  0.0178 Loss fft:  0.8346 Loss dta_rank:  0.7779 Loss dta_tv:  0.0249 Loss dta_proxy:  0.4639 Loss dta_trans:  0.0058 Loss dta_phys:  0.0068 Loss dta_preserve:  0.0043
Time:  0.0672 Epoch: 015 Iter:  350/ 600 LR: 0.0000219361 Loss content:  0.0166 Loss fft:  0.8087 Loss dta_rank:  0.7762 Loss dta_tv:  0.0256 Loss dta_proxy:  0.4495 Loss dta_trans:  0.0066 Loss dta_phys:  0.0067 Loss dta_preserve:  0.0047
Time:  0.0691 Epoch: 015 Iter:  400/ 600 LR: 0.0000219361 Loss content:  0.0178 Loss fft:  0.8206 Loss dta_rank:  0.7706 Loss dta_tv:  0.0246 Loss dta_proxy:  0.4627 Loss dta_trans:  0.0062 Loss dta_phys:  0.0069 Loss dta_preserve:  0.0052
Time:  0.0697 Epoch: 015 Iter:  450/ 600 LR: 0.0000219361 Loss content:  0.0171 Loss fft:  0.8398 Loss dta_rank:  0.7733 Loss dta_tv:  0.0247 Loss dta_proxy:  0.4621 Loss dta_trans:  0.0055 Loss dta_phys:  0.0069 Loss dta_preserve:  0.0043
Time:  0.0728 Epoch: 015 Iter:  500/ 600 LR: 0.0000219361 Loss content:  0.0172 Loss fft:  0.8188 Loss dta_rank:  0.7734 Loss dta_tv:  0.0251 Loss dta_proxy:  0.4626 Loss dta_trans:  0.0058 Loss dta_phys:  0.0076 Loss dta_preserve:  0.0035
Time:  0.0759 Epoch: 015 Iter:  550/ 600 LR: 0.0000219361 Loss content:  0.0171 Loss fft:  0.8094 Loss dta_rank:  0.7727 Loss dta_tv:  0.0253 Loss dta_proxy:  0.4565 Loss dta_trans:  0.0056 Loss dta_phys:  0.0063 Loss dta_preserve:  0.0055
Time:  0.0742 Epoch: 015 Iter:  600/ 600 LR: 0.0000219361 Loss content:  0.0171 Loss fft:  0.8319 Loss dta_rank:  0.7734 Loss dta_tv:  0.0258 Loss dta_proxy:  0.4575 Loss dta_trans:  0.0071 Loss dta_phys:  0.0068 Loss dta_preserve:  0.0040
EPOCH: 15
Elapsed time: 0.88 Epoch Pixel Loss:  0.0172 Epoch FFT Loss:  0.8179 Epoch DTA Rank:  0.7744 Epoch DTA TV:  0.0251 Epoch DTA Proxy:  0.4611 Epoch DTA Trans:  0.0061 Epoch DTA Phys:  0.0069 Epoch DTA Preserve:  0.0046
DTA_GATE_RAMP epoch=16 gate_limit=0.060000
Time:  0.0809 Epoch: 016 Iter:   50/ 600 LR: 0.0000151017 Loss content:  0.0175 Loss fft:  0.8054 Loss dta_rank:  0.7714 Loss dta_tv:  0.0251 Loss dta_proxy:  0.4541 Loss dta_trans:  0.0051 Loss dta_phys:  0.0058 Loss dta_preserve:  0.0052
Time:  0.0731 Epoch: 016 Iter:  100/ 600 LR: 0.0000151017 Loss content:  0.0161 Loss fft:  0.7914 Loss dta_rank:  0.7735 Loss dta_tv:  0.0260 Loss dta_proxy:  0.4332 Loss dta_trans:  0.0064 Loss dta_phys:  0.0063 Loss dta_preserve:  0.0045
Time:  0.0736 Epoch: 016 Iter:  150/ 600 LR: 0.0000151017 Loss content:  0.0168 Loss fft:  0.8056 Loss dta_rank:  0.7724 Loss dta_tv:  0.0246 Loss dta_proxy:  0.4708 Loss dta_trans:  0.0056 Loss dta_phys:  0.0062 Loss dta_preserve:  0.0071
Time:  0.0765 Epoch: 016 Iter:  200/ 600 LR: 0.0000151017 Loss content:  0.0173 Loss fft:  0.8021 Loss dta_rank:  0.7745 Loss dta_tv:  0.0252 Loss dta_proxy:  0.4484 Loss dta_trans:  0.0060 Loss dta_phys:  0.0068 Loss dta_preserve:  0.0051
Time:  0.0735 Epoch: 016 Iter:  250/ 600 LR: 0.0000151017 Loss content:  0.0173 Loss fft:  0.8497 Loss dta_rank:  0.7771 Loss dta_tv:  0.0252 Loss dta_proxy:  0.4681 Loss dta_trans:  0.0057 Loss dta_phys:  0.0068 Loss dta_preserve:  0.0057
Time:  0.0744 Epoch: 016 Iter:  300/ 600 LR: 0.0000151017 Loss content:  0.0170 Loss fft:  0.8251 Loss dta_rank:  0.7751 Loss dta_tv:  0.0254 Loss dta_proxy:  0.4533 Loss dta_trans:  0.0072 Loss dta_phys:  0.0065 Loss dta_preserve:  0.0045
Time:  0.0758 Epoch: 016 Iter:  350/ 600 LR: 0.0000151017 Loss content:  0.0175 Loss fft:  0.8261 Loss dta_rank:  0.7753 Loss dta_tv:  0.0249 Loss dta_proxy:  0.4684 Loss dta_trans:  0.0062 Loss dta_phys:  0.0068 Loss dta_preserve:  0.0047
Time:  0.0765 Epoch: 016 Iter:  400/ 600 LR: 0.0000151017 Loss content:  0.0175 Loss fft:  0.8577 Loss dta_rank:  0.7746 Loss dta_tv:  0.0249 Loss dta_proxy:  0.4555 Loss dta_trans:  0.0060 Loss dta_phys:  0.0067 Loss dta_preserve:  0.0050
Time:  0.0787 Epoch: 016 Iter:  450/ 600 LR: 0.0000151017 Loss content:  0.0167 Loss fft:  0.7928 Loss dta_rank:  0.7718 Loss dta_tv:  0.0247 Loss dta_proxy:  0.4676 Loss dta_trans:  0.0055 Loss dta_phys:  0.0072 Loss dta_preserve:  0.0044
Time:  0.0776 Epoch: 016 Iter:  500/ 600 LR: 0.0000151017 Loss content:  0.0170 Loss fft:  0.8136 Loss dta_rank:  0.7752 Loss dta_tv:  0.0252 Loss dta_proxy:  0.4461 Loss dta_trans:  0.0068 Loss dta_phys:  0.0069 Loss dta_preserve:  0.0048
Time:  0.0728 Epoch: 016 Iter:  550/ 600 LR: 0.0000151017 Loss content:  0.0173 Loss fft:  0.8019 Loss dta_rank:  0.7716 Loss dta_tv:  0.0251 Loss dta_proxy:  0.4607 Loss dta_trans:  0.0070 Loss dta_phys:  0.0075 Loss dta_preserve:  0.0051
Time:  0.0750 Epoch: 016 Iter:  600/ 600 LR: 0.0000151017 Loss content:  0.0169 Loss fft:  0.8016 Loss dta_rank:  0.7729 Loss dta_tv:  0.0257 Loss dta_proxy:  0.4558 Loss dta_trans:  0.0059 Loss dta_phys:  0.0070 Loss dta_preserve:  0.0048
EPOCH: 16
Elapsed time: 0.91 Epoch Pixel Loss:  0.0171 Epoch FFT Loss:  0.8144 Epoch DTA Rank:  0.7738 Epoch DTA TV:  0.0252 Epoch DTA Proxy:  0.4568 Epoch DTA Trans:  0.0061 Epoch DTA Phys:  0.0067 Epoch DTA Preserve:  0.0051
DTA_GATE_RAMP epoch=17 gate_limit=0.060000
Time:  0.0798 Epoch: 017 Iter:   50/ 600 LR: 0.0000094853 Loss content:  0.0163 Loss fft:  0.7698 Loss dta_rank:  0.7733 Loss dta_tv:  0.0257 Loss dta_proxy:  0.4502 Loss dta_trans:  0.0067 Loss dta_phys:  0.0068 Loss dta_preserve:  0.0044
Time:  0.0740 Epoch: 017 Iter:  100/ 600 LR: 0.0000094853 Loss content:  0.0166 Loss fft:  0.8337 Loss dta_rank:  0.7740 Loss dta_tv:  0.0251 Loss dta_proxy:  0.4598 Loss dta_trans:  0.0058 Loss dta_phys:  0.0072 Loss dta_preserve:  0.0056
Time:  0.0763 Epoch: 017 Iter:  150/ 600 LR: 0.0000094853 Loss content:  0.0169 Loss fft:  0.8424 Loss dta_rank:  0.7786 Loss dta_tv:  0.0252 Loss dta_proxy:  0.4679 Loss dta_trans:  0.0060 Loss dta_phys:  0.0067 Loss dta_preserve:  0.0043
Time:  0.0768 Epoch: 017 Iter:  200/ 600 LR: 0.0000094853 Loss content:  0.0170 Loss fft:  0.8070 Loss dta_rank:  0.7760 Loss dta_tv:  0.0260 Loss dta_proxy:  0.4453 Loss dta_trans:  0.0074 Loss dta_phys:  0.0065 Loss dta_preserve:  0.0054
Time:  0.0764 Epoch: 017 Iter:  250/ 600 LR: 0.0000094853 Loss content:  0.0174 Loss fft:  0.8036 Loss dta_rank:  0.7769 Loss dta_tv:  0.0254 Loss dta_proxy:  0.4552 Loss dta_trans:  0.0057 Loss dta_phys:  0.0070 Loss dta_preserve:  0.0047
Time:  0.0715 Epoch: 017 Iter:  300/ 600 LR: 0.0000094853 Loss content:  0.0177 Loss fft:  0.8467 Loss dta_rank:  0.7708 Loss dta_tv:  0.0244 Loss dta_proxy:  0.4764 Loss dta_trans:  0.0057 Loss dta_phys:  0.0068 Loss dta_preserve:  0.0057
Time:  0.0734 Epoch: 017 Iter:  350/ 600 LR: 0.0000094853 Loss content:  0.0174 Loss fft:  0.8204 Loss dta_rank:  0.7755 Loss dta_tv:  0.0250 Loss dta_proxy:  0.4767 Loss dta_trans:  0.0056 Loss dta_phys:  0.0073 Loss dta_preserve:  0.0082
Time:  0.0713 Epoch: 017 Iter:  400/ 600 LR: 0.0000094853 Loss content:  0.0173 Loss fft:  0.8230 Loss dta_rank:  0.7722 Loss dta_tv:  0.0248 Loss dta_proxy:  0.4579 Loss dta_trans:  0.0060 Loss dta_phys:  0.0072 Loss dta_preserve:  0.0051
Time:  0.0737 Epoch: 017 Iter:  450/ 600 LR: 0.0000094853 Loss content:  0.0180 Loss fft:  0.8308 Loss dta_rank:  0.7771 Loss dta_tv:  0.0251 Loss dta_proxy:  0.4547 Loss dta_trans:  0.0062 Loss dta_phys:  0.0075 Loss dta_preserve:  0.0066
Time:  0.0719 Epoch: 017 Iter:  500/ 600 LR: 0.0000094853 Loss content:  0.0178 Loss fft:  0.8349 Loss dta_rank:  0.7766 Loss dta_tv:  0.0253 Loss dta_proxy:  0.4627 Loss dta_trans:  0.0056 Loss dta_phys:  0.0059 Loss dta_preserve:  0.0047
Time:  0.0771 Epoch: 017 Iter:  550/ 600 LR: 0.0000094853 Loss content:  0.0172 Loss fft:  0.8239 Loss dta_rank:  0.7755 Loss dta_tv:  0.0253 Loss dta_proxy:  0.4602 Loss dta_trans:  0.0058 Loss dta_phys:  0.0068 Loss dta_preserve:  0.0056
Time:  0.0758 Epoch: 017 Iter:  600/ 600 LR: 0.0000094853 Loss content:  0.0173 Loss fft:  0.8112 Loss dta_rank:  0.7730 Loss dta_tv:  0.0251 Loss dta_proxy:  0.4525 Loss dta_trans:  0.0058 Loss dta_phys:  0.0068 Loss dta_preserve:  0.0052
EPOCH: 17
Elapsed time: 0.90 Epoch Pixel Loss:  0.0172 Epoch FFT Loss:  0.8206 Epoch DTA Rank:  0.7749 Epoch DTA TV:  0.0252 Epoch DTA Proxy:  0.4600 Epoch DTA Trans:  0.0060 Epoch DTA Phys:  0.0069 Epoch DTA Preserve:  0.0055
DTA_GATE_RAMP epoch=18 gate_limit=0.060000
Time:  0.0791 Epoch: 018 Iter:   50/ 600 LR: 0.0000052550 Loss content:  0.0175 Loss fft:  0.8191 Loss dta_rank:  0.7755 Loss dta_tv:  0.0257 Loss dta_proxy:  0.4435 Loss dta_trans:  0.0060 Loss dta_phys:  0.0069 Loss dta_preserve:  0.0061
Time:  0.0759 Epoch: 018 Iter:  100/ 600 LR: 0.0000052550 Loss content:  0.0181 Loss fft:  0.8487 Loss dta_rank:  0.7734 Loss dta_tv:  0.0248 Loss dta_proxy:  0.4632 Loss dta_trans:  0.0058 Loss dta_phys:  0.0061 Loss dta_preserve:  0.0046
Time:  0.0743 Epoch: 018 Iter:  150/ 600 LR: 0.0000052550 Loss content:  0.0171 Loss fft:  0.7836 Loss dta_rank:  0.7755 Loss dta_tv:  0.0259 Loss dta_proxy:  0.4366 Loss dta_trans:  0.0067 Loss dta_phys:  0.0068 Loss dta_preserve:  0.0046
Time:  0.0750 Epoch: 018 Iter:  200/ 600 LR: 0.0000052550 Loss content:  0.0171 Loss fft:  0.8210 Loss dta_rank:  0.7766 Loss dta_tv:  0.0247 Loss dta_proxy:  0.4596 Loss dta_trans:  0.0054 Loss dta_phys:  0.0065 Loss dta_preserve:  0.0045
Time:  0.0750 Epoch: 018 Iter:  250/ 600 LR: 0.0000052550 Loss content:  0.0171 Loss fft:  0.8124 Loss dta_rank:  0.7761 Loss dta_tv:  0.0251 Loss dta_proxy:  0.4582 Loss dta_trans:  0.0069 Loss dta_phys:  0.0071 Loss dta_preserve:  0.0054
Time:  0.0729 Epoch: 018 Iter:  300/ 600 LR: 0.0000052550 Loss content:  0.0165 Loss fft:  0.8031 Loss dta_rank:  0.7792 Loss dta_tv:  0.0252 Loss dta_proxy:  0.4586 Loss dta_trans:  0.0062 Loss dta_phys:  0.0069 Loss dta_preserve:  0.0060
Time:  0.0749 Epoch: 018 Iter:  350/ 600 LR: 0.0000052550 Loss content:  0.0170 Loss fft:  0.8217 Loss dta_rank:  0.7676 Loss dta_tv:  0.0242 Loss dta_proxy:  0.4712 Loss dta_trans:  0.0056 Loss dta_phys:  0.0070 Loss dta_preserve:  0.0047
Time:  0.0781 Epoch: 018 Iter:  400/ 600 LR: 0.0000052550 Loss content:  0.0172 Loss fft:  0.8408 Loss dta_rank:  0.7746 Loss dta_tv:  0.0246 Loss dta_proxy:  0.4720 Loss dta_trans:  0.0054 Loss dta_phys:  0.0069 Loss dta_preserve:  0.0042
Time:  0.0779 Epoch: 018 Iter:  450/ 600 LR: 0.0000052550 Loss content:  0.0168 Loss fft:  0.8030 Loss dta_rank:  0.7754 Loss dta_tv:  0.0253 Loss dta_proxy:  0.4556 Loss dta_trans:  0.0060 Loss dta_phys:  0.0067 Loss dta_preserve:  0.0062
Time:  0.0740 Epoch: 018 Iter:  500/ 600 LR: 0.0000052550 Loss content:  0.0180 Loss fft:  0.8238 Loss dta_rank:  0.7699 Loss dta_tv:  0.0247 Loss dta_proxy:  0.4516 Loss dta_trans:  0.0056 Loss dta_phys:  0.0063 Loss dta_preserve:  0.0052
Time:  0.0748 Epoch: 018 Iter:  550/ 600 LR: 0.0000052550 Loss content:  0.0181 Loss fft:  0.8245 Loss dta_rank:  0.7722 Loss dta_tv:  0.0253 Loss dta_proxy:  0.4447 Loss dta_trans:  0.0062 Loss dta_phys:  0.0069 Loss dta_preserve:  0.0056
Time:  0.0728 Epoch: 018 Iter:  600/ 600 LR: 0.0000052550 Loss content:  0.0167 Loss fft:  0.8071 Loss dta_rank:  0.7745 Loss dta_tv:  0.0251 Loss dta_proxy:  0.4723 Loss dta_trans:  0.0066 Loss dta_phys:  0.0070 Loss dta_preserve:  0.0052
EPOCH: 18
Elapsed time: 0.91 Epoch Pixel Loss:  0.0173 Epoch FFT Loss:  0.8174 Epoch DTA Rank:  0.7742 Epoch DTA TV:  0.0251 Epoch DTA Proxy:  0.4573 Epoch DTA Trans:  0.0060 Epoch DTA Phys:  0.0067 Epoch DTA Preserve:  0.0052
DTA_GATE_RAMP epoch=19 gate_limit=0.060000
Time:  0.0789 Epoch: 019 Iter:   50/ 600 LR: 0.0000025070 Loss content:  0.0171 Loss fft:  0.8212 Loss dta_rank:  0.7738 Loss dta_tv:  0.0246 Loss dta_proxy:  0.4758 Loss dta_trans:  0.0051 Loss dta_phys:  0.0067 Loss dta_preserve:  0.0046
Time:  0.0732 Epoch: 019 Iter:  100/ 600 LR: 0.0000025070 Loss content:  0.0167 Loss fft:  0.8117 Loss dta_rank:  0.7735 Loss dta_tv:  0.0251 Loss dta_proxy:  0.4577 Loss dta_trans:  0.0058 Loss dta_phys:  0.0072 Loss dta_preserve:  0.0052
Time:  0.0720 Epoch: 019 Iter:  150/ 600 LR: 0.0000025070 Loss content:  0.0175 Loss fft:  0.8493 Loss dta_rank:  0.7713 Loss dta_tv:  0.0246 Loss dta_proxy:  0.4655 Loss dta_trans:  0.0064 Loss dta_phys:  0.0065 Loss dta_preserve:  0.0058
Time:  0.0731 Epoch: 019 Iter:  200/ 600 LR: 0.0000025070 Loss content:  0.0176 Loss fft:  0.8469 Loss dta_rank:  0.7752 Loss dta_tv:  0.0244 Loss dta_proxy:  0.4788 Loss dta_trans:  0.0053 Loss dta_phys:  0.0067 Loss dta_preserve:  0.0062
Time:  0.0739 Epoch: 019 Iter:  250/ 600 LR: 0.0000025070 Loss content:  0.0168 Loss fft:  0.7739 Loss dta_rank:  0.7724 Loss dta_tv:  0.0252 Loss dta_proxy:  0.4426 Loss dta_trans:  0.0057 Loss dta_phys:  0.0065 Loss dta_preserve:  0.0044
Time:  0.0748 Epoch: 019 Iter:  300/ 600 LR: 0.0000025070 Loss content:  0.0170 Loss fft:  0.8093 Loss dta_rank:  0.7731 Loss dta_tv:  0.0247 Loss dta_proxy:  0.4652 Loss dta_trans:  0.0055 Loss dta_phys:  0.0070 Loss dta_preserve:  0.0050
Time:  0.0715 Epoch: 019 Iter:  350/ 600 LR: 0.0000025070 Loss content:  0.0169 Loss fft:  0.8310 Loss dta_rank:  0.7775 Loss dta_tv:  0.0260 Loss dta_proxy:  0.4274 Loss dta_trans:  0.0064 Loss dta_phys:  0.0063 Loss dta_preserve:  0.0051
Time:  0.0772 Epoch: 019 Iter:  400/ 600 LR: 0.0000025070 Loss content:  0.0168 Loss fft:  0.7682 Loss dta_rank:  0.7697 Loss dta_tv:  0.0252 Loss dta_proxy:  0.4467 Loss dta_trans:  0.0066 Loss dta_phys:  0.0065 Loss dta_preserve:  0.0043
Time:  0.0761 Epoch: 019 Iter:  450/ 600 LR: 0.0000025070 Loss content:  0.0172 Loss fft:  0.8158 Loss dta_rank:  0.7778 Loss dta_tv:  0.0245 Loss dta_proxy:  0.4736 Loss dta_trans:  0.0065 Loss dta_phys:  0.0066 Loss dta_preserve:  0.0051
Time:  0.0707 Epoch: 019 Iter:  500/ 600 LR: 0.0000025070 Loss content:  0.0170 Loss fft:  0.8259 Loss dta_rank:  0.7748 Loss dta_tv:  0.0252 Loss dta_proxy:  0.4449 Loss dta_trans:  0.0061 Loss dta_phys:  0.0067 Loss dta_preserve:  0.0053
Time:  0.0717 Epoch: 019 Iter:  550/ 600 LR: 0.0000025070 Loss content:  0.0168 Loss fft:  0.8450 Loss dta_rank:  0.7778 Loss dta_tv:  0.0253 Loss dta_proxy:  0.4599 Loss dta_trans:  0.0064 Loss dta_phys:  0.0066 Loss dta_preserve:  0.0046
Time:  0.0737 Epoch: 019 Iter:  600/ 600 LR: 0.0000025070 Loss content:  0.0169 Loss fft:  0.8216 Loss dta_rank:  0.7696 Loss dta_tv:  0.0251 Loss dta_proxy:  0.4537 Loss dta_trans:  0.0064 Loss dta_phys:  0.0072 Loss dta_preserve:  0.0039
EPOCH: 19
Elapsed time: 0.89 Epoch Pixel Loss:  0.0170 Epoch FFT Loss:  0.8183 Epoch DTA Rank:  0.7739 Epoch DTA TV:  0.0250 Epoch DTA Proxy:  0.4577 Epoch DTA Trans:  0.0060 Epoch DTA Phys:  0.0067 Epoch DTA Preserve:  0.0050
DTA_GATE_RAMP epoch=20 gate_limit=0.060000
Time:  0.0773 Epoch: 020 Iter:   50/ 600 LR: 0.0000012125 Loss content:  0.0170 Loss fft:  0.7974 Loss dta_rank:  0.7723 Loss dta_tv:  0.0247 Loss dta_proxy:  0.4639 Loss dta_trans:  0.0057 Loss dta_phys:  0.0068 Loss dta_preserve:  0.0043
Time:  0.0766 Epoch: 020 Iter:  100/ 600 LR: 0.0000012125 Loss content:  0.0166 Loss fft:  0.7917 Loss dta_rank:  0.7805 Loss dta_tv:  0.0248 Loss dta_proxy:  0.4696 Loss dta_trans:  0.0049 Loss dta_phys:  0.0070 Loss dta_preserve:  0.0052
Time:  0.0721 Epoch: 020 Iter:  150/ 600 LR: 0.0000012125 Loss content:  0.0184 Loss fft:  0.8515 Loss dta_rank:  0.7745 Loss dta_tv:  0.0245 Loss dta_proxy:  0.4634 Loss dta_trans:  0.0053 Loss dta_phys:  0.0072 Loss dta_preserve:  0.0039
Time:  0.0716 Epoch: 020 Iter:  200/ 600 LR: 0.0000012125 Loss content:  0.0171 Loss fft:  0.8148 Loss dta_rank:  0.7709 Loss dta_tv:  0.0251 Loss dta_proxy:  0.4553 Loss dta_trans:  0.0063 Loss dta_phys:  0.0070 Loss dta_preserve:  0.0042
Time:  0.0693 Epoch: 020 Iter:  250/ 600 LR: 0.0000012125 Loss content:  0.0174 Loss fft:  0.8186 Loss dta_rank:  0.7745 Loss dta_tv:  0.0252 Loss dta_proxy:  0.4633 Loss dta_trans:  0.0061 Loss dta_phys:  0.0066 Loss dta_preserve:  0.0045
Time:  0.0725 Epoch: 020 Iter:  300/ 600 LR: 0.0000012125 Loss content:  0.0182 Loss fft:  0.8359 Loss dta_rank:  0.7735 Loss dta_tv:  0.0253 Loss dta_proxy:  0.4447 Loss dta_trans:  0.0053 Loss dta_phys:  0.0071 Loss dta_preserve:  0.0047
Time:  0.0719 Epoch: 020 Iter:  350/ 600 LR: 0.0000012125 Loss content:  0.0165 Loss fft:  0.8027 Loss dta_rank:  0.7719 Loss dta_tv:  0.0253 Loss dta_proxy:  0.4575 Loss dta_trans:  0.0060 Loss dta_phys:  0.0062 Loss dta_preserve:  0.0048
Time:  0.0730 Epoch: 020 Iter:  400/ 600 LR: 0.0000012125 Loss content:  0.0173 Loss fft:  0.8484 Loss dta_rank:  0.7747 Loss dta_tv:  0.0247 Loss dta_proxy:  0.4611 Loss dta_trans:  0.0057 Loss dta_phys:  0.0066 Loss dta_preserve:  0.0056
Time:  0.0728 Epoch: 020 Iter:  450/ 600 LR: 0.0000012125 Loss content:  0.0174 Loss fft:  0.8237 Loss dta_rank:  0.7720 Loss dta_tv:  0.0251 Loss dta_proxy:  0.4682 Loss dta_trans:  0.0055 Loss dta_phys:  0.0067 Loss dta_preserve:  0.0041
Time:  0.0697 Epoch: 020 Iter:  500/ 600 LR: 0.0000012125 Loss content:  0.0168 Loss fft:  0.8327 Loss dta_rank:  0.7809 Loss dta_tv:  0.0250 Loss dta_proxy:  0.4729 Loss dta_trans:  0.0067 Loss dta_phys:  0.0069 Loss dta_preserve:  0.0059
Time:  0.0725 Epoch: 020 Iter:  550/ 600 LR: 0.0000012125 Loss content:  0.0165 Loss fft:  0.7870 Loss dta_rank:  0.7728 Loss dta_tv:  0.0254 Loss dta_proxy:  0.4523 Loss dta_trans:  0.0070 Loss dta_phys:  0.0070 Loss dta_preserve:  0.0052
Time:  0.0711 Epoch: 020 Iter:  600/ 600 LR: 0.0000012125 Loss content:  0.0168 Loss fft:  0.8060 Loss dta_rank:  0.7724 Loss dta_tv:  0.0243 Loss dta_proxy:  0.4698 Loss dta_trans:  0.0061 Loss dta_phys:  0.0069 Loss dta_preserve:  0.0053
EPOCH: 20
Elapsed time: 0.88 Epoch Pixel Loss:  0.0172 Epoch FFT Loss:  0.8175 Epoch DTA Rank:  0.7743 Epoch DTA TV:  0.0249 Epoch DTA Proxy:  0.4618 Epoch DTA Trans:  0.0059 Epoch DTA Phys:  0.0068 Epoch DTA Preserve:  0.0048
