Namespace(model_name='ConvIR-Haze4K-DTA-v2-adapter_only-invert-seed3411-f2-oof20', data='Haze4K', version='base', fam_mode='original', arch='dta_v2', seed=3411, mode='train', data_dir='/sda/home/wangyuxin/ConvIR-B/datasets/Haze4K/Haze4K', batch_size=4, learning_rate=0.0001, weight_decay=0.0, num_epoch=20, stop_epoch=20, print_freq=50, num_worker=4, save_freq=5, valid_freq=9999, mod_stats_freq=5, mod_stats_batches=16, grad_clip_norm=0.001, dta_grad_clip_norm=0.05, dta_neighbor_grad_clip_norm=0.005, init_model='/sda/home/wangyuxin/ConvIR-B/checkpoints/official/Haze4K/haze4k-base.pkl', init_model_partial=True, partial_new_prefixes='DTA.', resume='', train_scope='adapter_only', dta_depth_cache_dir='/sda/home/wangyuxin/ConvIR-B/depth_cache/depth_anything_v2_small_hf', dta_train_depth_split='train', dta_eval_depth_split='train', valid_root_split='train', eval_root_split='test', dta_require_depth=True, dta_variant='v2', dta_depth_mode='invert', dta_prior_channels=32, dta_gate_bias=-6.0, dta_gate_limit=0.06, dta_gamma_limit=0.12, dta_beta_limit=0.06, dta_alpha_init=1.0, dta_confidence_floor=0.25, dta_confidence_local_scale=6.0, dta_output_residual_scale=0.03, dta_use_trans_gt=True, dta_trans_weight=0.02, dta_phys_weight=0.005, dta_preserve_weight=0.02, dta_preserve_trans_thresh=0.8, dta_gate_ramp_start=0.01, dta_gate_ramp_mid=0.03, dta_gate_ramp_end=0.06, dta_gate_ramp_warmup_epochs=2, dta_gate_ramp_mid_epochs=8, dta_rank_weight=0.001, dta_tv_weight=0.0001, dta_proxy_weight=0.0, dta_rank_pairs=512, dta_rank_min_depth_gap=0.03, split_json='/sda/home/wangyuxin/ConvIR-B/repos/ConvIR-B-dta-v2-calibrated/experience_docx/experiment_logs/haze4k_dta_v2_calibrated_20260611/dta_v2_haze4k_oof_splits_seed3407.json', split_name='fold2_train', test_model='', save_image=False, leaning_rate=0.0001, model_save_dir='results/ConvIR-Haze4K-DTA-v2-adapter_only-invert-seed3411-f2-oof20/Training-Results/', result_dir='results/ConvIR-Haze4K-DTA-v2-adapter_only-invert-seed3411-f2-oof20/images/Haze4K', init_model_sha256='6f42037d57a4e3de3a10ac0ab909d66a3415864a19433c29204a975f4efa4088')
/sda/home/wangyuxin/ConvIR-B/repos/ConvIR-B-dta-v2-calibrated/Dehazing/ITS/main.py:14: FutureWarning: You are using `torch.load` with `weights_only=False` (the current default value), which uses the default pickle module implicitly. It is possible to construct malicious pickle data which will execute arbitrary code during unpickling (See https://github.com/pytorch/pytorch/blob/main/SECURITY.md#untrusted-models for more details). In a future release, the default value for `weights_only` will be flipped to `True`. This limits the functions that could be executed during unpickling. Arbitrary objects will no longer be allowed to be loaded via this mode unless they are explicitly allowlisted by the user via `torch.serialization.add_safe_globals`. We recommend you start setting `weights_only=True` for any use case where you don't have full control of the loaded file. Please open an issue on GitHub for any issues related to this experimental feature.
  state = torch.load(path, map_location=map_location)
INIT_MODEL_PARTIAL_LOAD path=/sda/home/wangyuxin/ConvIR-B/checkpoints/official/Haze4K/haze4k-base.pkl loaded=602 missing_allowed=25 unexpected=[] allowed_new_prefixes=('DTA.',)
TRAIN_SCOPE scope=adapter_only arch=dta_v2 trainable=74699 total=8705364
/sda/home/wangyuxin/ConvIR-B/envs/convir-cu121/lib/python3.10/site-packages/torch/optim/lr_scheduler.py:224: UserWarning: Detected call of `lr_scheduler.step()` before `optimizer.step()`. In PyTorch 1.1.0 and later, you should call them in the opposite order: `optimizer.step()` before `lr_scheduler.step()`.  Failure to do this will result in PyTorch skipping the first value of the learning rate schedule. See more details at https://pytorch.org/docs/stable/optim.html#how-to-adjust-learning-rate
  warnings.warn(
DTA_GATE_RAMP epoch=1 gate_limit=0.010000
Time:  0.1307 Epoch: 001 Iter:   50/ 600 LR: 0.0000333333 Loss content:  0.0168 Loss fft:  0.8413 Loss dta_rank:  0.6926 Loss dta_tv:  0.0030 Loss dta_proxy:  0.1253 Loss dta_trans:  0.0418 Loss dta_phys:  0.0068 Loss dta_preserve:  0.0035
Time:  0.0896 Epoch: 001 Iter:  100/ 600 LR: 0.0000333333 Loss content:  0.0176 Loss fft:  0.8015 Loss dta_rank:  0.6890 Loss dta_tv:  0.0097 Loss dta_proxy:  0.1279 Loss dta_trans:  0.0336 Loss dta_phys:  0.0083 Loss dta_preserve:  0.0053
Time:  0.0790 Epoch: 001 Iter:  150/ 600 LR: 0.0000333333 Loss content:  0.0171 Loss fft:  0.8409 Loss dta_rank:  0.6816 Loss dta_tv:  0.0158 Loss dta_proxy:  0.1251 Loss dta_trans:  0.0284 Loss dta_phys:  0.0085 Loss dta_preserve:  0.0055
Time:  0.0758 Epoch: 001 Iter:  200/ 600 LR: 0.0000333333 Loss content:  0.0165 Loss fft:  0.8044 Loss dta_rank:  0.6677 Loss dta_tv:  0.0225 Loss dta_proxy:  0.1452 Loss dta_trans:  0.0221 Loss dta_phys:  0.0082 Loss dta_preserve:  0.0049
Time:  0.0771 Epoch: 001 Iter:  250/ 600 LR: 0.0000333333 Loss content:  0.0171 Loss fft:  0.8110 Loss dta_rank:  0.6569 Loss dta_tv:  0.0295 Loss dta_proxy:  0.1587 Loss dta_trans:  0.0170 Loss dta_phys:  0.0060 Loss dta_preserve:  0.0050
Time:  0.0860 Epoch: 001 Iter:  300/ 600 LR: 0.0000333333 Loss content:  0.0171 Loss fft:  0.8186 Loss dta_rank:  0.6444 Loss dta_tv:  0.0336 Loss dta_proxy:  0.1863 Loss dta_trans:  0.0142 Loss dta_phys:  0.0058 Loss dta_preserve:  0.0059
Time:  0.0797 Epoch: 001 Iter:  350/ 600 LR: 0.0000333333 Loss content:  0.0173 Loss fft:  0.7912 Loss dta_rank:  0.6405 Loss dta_tv:  0.0365 Loss dta_proxy:  0.1898 Loss dta_trans:  0.0124 Loss dta_phys:  0.0063 Loss dta_preserve:  0.0056
Time:  0.0892 Epoch: 001 Iter:  400/ 600 LR: 0.0000333333 Loss content:  0.0170 Loss fft:  0.8125 Loss dta_rank:  0.6306 Loss dta_tv:  0.0382 Loss dta_proxy:  0.1942 Loss dta_trans:  0.0114 Loss dta_phys:  0.0058 Loss dta_preserve:  0.0045
Time:  0.0901 Epoch: 001 Iter:  450/ 600 LR: 0.0000333333 Loss content:  0.0175 Loss fft:  0.8249 Loss dta_rank:  0.6311 Loss dta_tv:  0.0410 Loss dta_proxy:  0.1946 Loss dta_trans:  0.0102 Loss dta_phys:  0.0078 Loss dta_preserve:  0.0051
Time:  0.0870 Epoch: 001 Iter:  500/ 600 LR: 0.0000333333 Loss content:  0.0171 Loss fft:  0.8305 Loss dta_rank:  0.6283 Loss dta_tv:  0.0399 Loss dta_proxy:  0.2069 Loss dta_trans:  0.0118 Loss dta_phys:  0.0070 Loss dta_preserve:  0.0053
Time:  0.0760 Epoch: 001 Iter:  550/ 600 LR: 0.0000333333 Loss content:  0.0170 Loss fft:  0.8283 Loss dta_rank:  0.6288 Loss dta_tv:  0.0387 Loss dta_proxy:  0.2046 Loss dta_trans:  0.0097 Loss dta_phys:  0.0064 Loss dta_preserve:  0.0044
Time:  0.0799 Epoch: 001 Iter:  600/ 600 LR: 0.0000333333 Loss content:  0.0168 Loss fft:  0.8242 Loss dta_rank:  0.6265 Loss dta_tv:  0.0399 Loss dta_proxy:  0.2094 Loss dta_trans:  0.0099 Loss dta_phys:  0.0073 Loss dta_preserve:  0.0040
EPOCH: 01
Elapsed time: 1.04 Epoch Pixel Loss:  0.0171 Epoch FFT Loss:  0.8191 Epoch DTA Rank:  0.6515 Epoch DTA TV:  0.0290 Epoch DTA Proxy:  0.1723 Epoch DTA Trans:  0.0185 Epoch DTA Phys:  0.0070 Epoch DTA Preserve:  0.0049
DTA_GATE_RAMP epoch=2 gate_limit=0.010000
Time:  0.0946 Epoch: 002 Iter:   50/ 600 LR: 0.0000666667 Loss content:  0.0171 Loss fft:  0.8181 Loss dta_rank:  0.6257 Loss dta_tv:  0.0399 Loss dta_proxy:  0.2052 Loss dta_trans:  0.0093 Loss dta_phys:  0.0063 Loss dta_preserve:  0.0049
Time:  0.0900 Epoch: 002 Iter:  100/ 600 LR: 0.0000666667 Loss content:  0.0175 Loss fft:  0.8199 Loss dta_rank:  0.6227 Loss dta_tv:  0.0409 Loss dta_proxy:  0.2056 Loss dta_trans:  0.0105 Loss dta_phys:  0.0073 Loss dta_preserve:  0.0042
Time:  0.0803 Epoch: 002 Iter:  150/ 600 LR: 0.0000666667 Loss content:  0.0174 Loss fft:  0.8291 Loss dta_rank:  0.6252 Loss dta_tv:  0.0396 Loss dta_proxy:  0.2100 Loss dta_trans:  0.0085 Loss dta_phys:  0.0070 Loss dta_preserve:  0.0058
Time:  0.0759 Epoch: 002 Iter:  200/ 600 LR: 0.0000666667 Loss content:  0.0167 Loss fft:  0.8044 Loss dta_rank:  0.6199 Loss dta_tv:  0.0396 Loss dta_proxy:  0.2202 Loss dta_trans:  0.0089 Loss dta_phys:  0.0073 Loss dta_preserve:  0.0058
Time:  0.0711 Epoch: 002 Iter:  250/ 600 LR: 0.0000666667 Loss content:  0.0169 Loss fft:  0.7903 Loss dta_rank:  0.6184 Loss dta_tv:  0.0387 Loss dta_proxy:  0.2129 Loss dta_trans:  0.0091 Loss dta_phys:  0.0063 Loss dta_preserve:  0.0049
Time:  0.0737 Epoch: 002 Iter:  300/ 600 LR: 0.0000666667 Loss content:  0.0174 Loss fft:  0.8258 Loss dta_rank:  0.6223 Loss dta_tv:  0.0388 Loss dta_proxy:  0.2073 Loss dta_trans:  0.0088 Loss dta_phys:  0.0071 Loss dta_preserve:  0.0050
Time:  0.0669 Epoch: 002 Iter:  350/ 600 LR: 0.0000666667 Loss content:  0.0168 Loss fft:  0.8073 Loss dta_rank:  0.6192 Loss dta_tv:  0.0402 Loss dta_proxy:  0.2040 Loss dta_trans:  0.0090 Loss dta_phys:  0.0066 Loss dta_preserve:  0.0045
Time:  0.0733 Epoch: 002 Iter:  400/ 600 LR: 0.0000666667 Loss content:  0.0176 Loss fft:  0.8300 Loss dta_rank:  0.6179 Loss dta_tv:  0.0390 Loss dta_proxy:  0.2112 Loss dta_trans:  0.0077 Loss dta_phys:  0.0063 Loss dta_preserve:  0.0062
Time:  0.0724 Epoch: 002 Iter:  450/ 600 LR: 0.0000666667 Loss content:  0.0178 Loss fft:  0.8207 Loss dta_rank:  0.6227 Loss dta_tv:  0.0379 Loss dta_proxy:  0.2232 Loss dta_trans:  0.0092 Loss dta_phys:  0.0071 Loss dta_preserve:  0.0054
Time:  0.0730 Epoch: 002 Iter:  500/ 600 LR: 0.0000666667 Loss content:  0.0166 Loss fft:  0.8093 Loss dta_rank:  0.6164 Loss dta_tv:  0.0379 Loss dta_proxy:  0.2087 Loss dta_trans:  0.0083 Loss dta_phys:  0.0070 Loss dta_preserve:  0.0046
Time:  0.0735 Epoch: 002 Iter:  550/ 600 LR: 0.0000666667 Loss content:  0.0179 Loss fft:  0.8409 Loss dta_rank:  0.6123 Loss dta_tv:  0.0386 Loss dta_proxy:  0.2094 Loss dta_trans:  0.0097 Loss dta_phys:  0.0064 Loss dta_preserve:  0.0053
Time:  0.0737 Epoch: 002 Iter:  600/ 600 LR: 0.0000666667 Loss content:  0.0176 Loss fft:  0.8213 Loss dta_rank:  0.6137 Loss dta_tv:  0.0370 Loss dta_proxy:  0.2185 Loss dta_trans:  0.0074 Loss dta_phys:  0.0061 Loss dta_preserve:  0.0064
EPOCH: 02
Elapsed time: 0.92 Epoch Pixel Loss:  0.0173 Epoch FFT Loss:  0.8181 Epoch DTA Rank:  0.6197 Epoch DTA TV:  0.0390 Epoch DTA Proxy:  0.2114 Epoch DTA Trans:  0.0089 Epoch DTA Phys:  0.0067 Epoch DTA Preserve:  0.0053
DTA_GATE_RAMP epoch=3 gate_limit=0.030000
Time:  0.0816 Epoch: 003 Iter:   50/ 600 LR: 0.0001000000 Loss content:  0.0174 Loss fft:  0.8267 Loss dta_rank:  0.6146 Loss dta_tv:  0.0373 Loss dta_proxy:  0.2154 Loss dta_trans:  0.0093 Loss dta_phys:  0.0071 Loss dta_preserve:  0.0054
Time:  0.0738 Epoch: 003 Iter:  100/ 600 LR: 0.0001000000 Loss content:  0.0174 Loss fft:  0.8189 Loss dta_rank:  0.6158 Loss dta_tv:  0.0359 Loss dta_proxy:  0.2158 Loss dta_trans:  0.0073 Loss dta_phys:  0.0055 Loss dta_preserve:  0.0065
Time:  0.0755 Epoch: 003 Iter:  150/ 600 LR: 0.0001000000 Loss content:  0.0176 Loss fft:  0.8277 Loss dta_rank:  0.6184 Loss dta_tv:  0.0365 Loss dta_proxy:  0.2065 Loss dta_trans:  0.0076 Loss dta_phys:  0.0057 Loss dta_preserve:  0.0048
Time:  0.0741 Epoch: 003 Iter:  200/ 600 LR: 0.0001000000 Loss content:  0.0176 Loss fft:  0.8525 Loss dta_rank:  0.6140 Loss dta_tv:  0.0373 Loss dta_proxy:  0.2108 Loss dta_trans:  0.0070 Loss dta_phys:  0.0067 Loss dta_preserve:  0.0070
Time:  0.0755 Epoch: 003 Iter:  250/ 600 LR: 0.0001000000 Loss content:  0.0171 Loss fft:  0.8010 Loss dta_rank:  0.6056 Loss dta_tv:  0.0364 Loss dta_proxy:  0.2164 Loss dta_trans:  0.0078 Loss dta_phys:  0.0067 Loss dta_preserve:  0.0049
Time:  0.0747 Epoch: 003 Iter:  300/ 600 LR: 0.0001000000 Loss content:  0.0168 Loss fft:  0.8154 Loss dta_rank:  0.6152 Loss dta_tv:  0.0369 Loss dta_proxy:  0.2110 Loss dta_trans:  0.0087 Loss dta_phys:  0.0058 Loss dta_preserve:  0.0052
Time:  0.0779 Epoch: 003 Iter:  350/ 600 LR: 0.0001000000 Loss content:  0.0172 Loss fft:  0.8270 Loss dta_rank:  0.6089 Loss dta_tv:  0.0366 Loss dta_proxy:  0.2123 Loss dta_trans:  0.0077 Loss dta_phys:  0.0064 Loss dta_preserve:  0.0051
Time:  0.0745 Epoch: 003 Iter:  400/ 600 LR: 0.0001000000 Loss content:  0.0173 Loss fft:  0.8106 Loss dta_rank:  0.6124 Loss dta_tv:  0.0354 Loss dta_proxy:  0.2217 Loss dta_trans:  0.0071 Loss dta_phys:  0.0073 Loss dta_preserve:  0.0070
Time:  0.0782 Epoch: 003 Iter:  450/ 600 LR: 0.0001000000 Loss content:  0.0182 Loss fft:  0.8324 Loss dta_rank:  0.6099 Loss dta_tv:  0.0349 Loss dta_proxy:  0.2136 Loss dta_trans:  0.0066 Loss dta_phys:  0.0064 Loss dta_preserve:  0.0062
Time:  0.0710 Epoch: 003 Iter:  500/ 600 LR: 0.0001000000 Loss content:  0.0171 Loss fft:  0.8280 Loss dta_rank:  0.6094 Loss dta_tv:  0.0361 Loss dta_proxy:  0.2102 Loss dta_trans:  0.0067 Loss dta_phys:  0.0073 Loss dta_preserve:  0.0048
Time:  0.0630 Epoch: 003 Iter:  550/ 600 LR: 0.0001000000 Loss content:  0.0170 Loss fft:  0.8030 Loss dta_rank:  0.6093 Loss dta_tv:  0.0362 Loss dta_proxy:  0.2051 Loss dta_trans:  0.0074 Loss dta_phys:  0.0070 Loss dta_preserve:  0.0053
Time:  0.0691 Epoch: 003 Iter:  600/ 600 LR: 0.0001000000 Loss content:  0.0169 Loss fft:  0.7879 Loss dta_rank:  0.6125 Loss dta_tv:  0.0360 Loss dta_proxy:  0.2128 Loss dta_trans:  0.0081 Loss dta_phys:  0.0073 Loss dta_preserve:  0.0049
EPOCH: 03
Elapsed time: 0.89 Epoch Pixel Loss:  0.0173 Epoch FFT Loss:  0.8193 Epoch DTA Rank:  0.6122 Epoch DTA TV:  0.0363 Epoch DTA Proxy:  0.2126 Epoch DTA Trans:  0.0076 Epoch DTA Phys:  0.0066 Epoch DTA Preserve:  0.0056
/sda/home/wangyuxin/ConvIR-B/envs/convir-cu121/lib/python3.10/site-packages/torch/optim/lr_scheduler.py:1087: UserWarning: To get the last learning rate computed by the scheduler, please use `get_last_lr()`.
  _warn_get_lr_called_within_step(self)
DTA_GATE_RAMP epoch=4 gate_limit=0.030000
Time:  0.0771 Epoch: 004 Iter:   50/ 600 LR: 0.0001000000 Loss content:  0.0171 Loss fft:  0.8383 Loss dta_rank:  0.6115 Loss dta_tv:  0.0348 Loss dta_proxy:  0.2111 Loss dta_trans:  0.0069 Loss dta_phys:  0.0064 Loss dta_preserve:  0.0039
Time:  0.0716 Epoch: 004 Iter:  100/ 600 LR: 0.0001000000 Loss content:  0.0173 Loss fft:  0.8197 Loss dta_rank:  0.6078 Loss dta_tv:  0.0341 Loss dta_proxy:  0.2146 Loss dta_trans:  0.0082 Loss dta_phys:  0.0061 Loss dta_preserve:  0.0087
Time:  0.0660 Epoch: 004 Iter:  150/ 600 LR: 0.0001000000 Loss content:  0.0176 Loss fft:  0.8330 Loss dta_rank:  0.6063 Loss dta_tv:  0.0348 Loss dta_proxy:  0.1976 Loss dta_trans:  0.0075 Loss dta_phys:  0.0065 Loss dta_preserve:  0.0053
Time:  0.0775 Epoch: 004 Iter:  200/ 600 LR: 0.0001000000 Loss content:  0.0168 Loss fft:  0.8090 Loss dta_rank:  0.6125 Loss dta_tv:  0.0345 Loss dta_proxy:  0.2138 Loss dta_trans:  0.0071 Loss dta_phys:  0.0066 Loss dta_preserve:  0.0040
Time:  0.0752 Epoch: 004 Iter:  250/ 600 LR: 0.0001000000 Loss content:  0.0174 Loss fft:  0.8421 Loss dta_rank:  0.6144 Loss dta_tv:  0.0344 Loss dta_proxy:  0.2093 Loss dta_trans:  0.0070 Loss dta_phys:  0.0064 Loss dta_preserve:  0.0040
Time:  0.0746 Epoch: 004 Iter:  300/ 600 LR: 0.0001000000 Loss content:  0.0165 Loss fft:  0.8025 Loss dta_rank:  0.6068 Loss dta_tv:  0.0337 Loss dta_proxy:  0.2144 Loss dta_trans:  0.0072 Loss dta_phys:  0.0067 Loss dta_preserve:  0.0055
Time:  0.0733 Epoch: 004 Iter:  350/ 600 LR: 0.0001000000 Loss content:  0.0174 Loss fft:  0.8241 Loss dta_rank:  0.6088 Loss dta_tv:  0.0335 Loss dta_proxy:  0.2083 Loss dta_trans:  0.0068 Loss dta_phys:  0.0062 Loss dta_preserve:  0.0055
Time:  0.0770 Epoch: 004 Iter:  400/ 600 LR: 0.0001000000 Loss content:  0.0175 Loss fft:  0.8266 Loss dta_rank:  0.6105 Loss dta_tv:  0.0343 Loss dta_proxy:  0.2097 Loss dta_trans:  0.0066 Loss dta_phys:  0.0070 Loss dta_preserve:  0.0054
Time:  0.0783 Epoch: 004 Iter:  450/ 600 LR: 0.0001000000 Loss content:  0.0163 Loss fft:  0.8013 Loss dta_rank:  0.6096 Loss dta_tv:  0.0338 Loss dta_proxy:  0.2182 Loss dta_trans:  0.0068 Loss dta_phys:  0.0072 Loss dta_preserve:  0.0046
Time:  0.0738 Epoch: 004 Iter:  500/ 600 LR: 0.0001000000 Loss content:  0.0167 Loss fft:  0.8014 Loss dta_rank:  0.6110 Loss dta_tv:  0.0331 Loss dta_proxy:  0.2136 Loss dta_trans:  0.0067 Loss dta_phys:  0.0063 Loss dta_preserve:  0.0051
Time:  0.0652 Epoch: 004 Iter:  550/ 600 LR: 0.0001000000 Loss content:  0.0173 Loss fft:  0.8204 Loss dta_rank:  0.6058 Loss dta_tv:  0.0344 Loss dta_proxy:  0.2098 Loss dta_trans:  0.0069 Loss dta_phys:  0.0063 Loss dta_preserve:  0.0069
Time:  0.0658 Epoch: 004 Iter:  600/ 600 LR: 0.0001000000 Loss content:  0.0180 Loss fft:  0.8498 Loss dta_rank:  0.6075 Loss dta_tv:  0.0333 Loss dta_proxy:  0.2123 Loss dta_trans:  0.0061 Loss dta_phys:  0.0058 Loss dta_preserve:  0.0062
EPOCH: 04
Elapsed time: 0.88 Epoch Pixel Loss:  0.0172 Epoch FFT Loss:  0.8224 Epoch DTA Rank:  0.6094 Epoch DTA TV:  0.0341 Epoch DTA Proxy:  0.2110 Epoch DTA Trans:  0.0070 Epoch DTA Phys:  0.0065 Epoch DTA Preserve:  0.0054
DTA_GATE_RAMP epoch=5 gate_limit=0.030000
Time:  0.0807 Epoch: 005 Iter:   50/ 600 LR: 0.0000983215 Loss content:  0.0179 Loss fft:  0.8098 Loss dta_rank:  0.6067 Loss dta_tv:  0.0338 Loss dta_proxy:  0.2016 Loss dta_trans:  0.0067 Loss dta_phys:  0.0070 Loss dta_preserve:  0.0049
Time:  0.0694 Epoch: 005 Iter:  100/ 600 LR: 0.0000983215 Loss content:  0.0172 Loss fft:  0.8315 Loss dta_rank:  0.6131 Loss dta_tv:  0.0326 Loss dta_proxy:  0.2201 Loss dta_trans:  0.0060 Loss dta_phys:  0.0068 Loss dta_preserve:  0.0043
Time:  0.0681 Epoch: 005 Iter:  150/ 600 LR: 0.0000983215 Loss content:  0.0172 Loss fft:  0.8194 Loss dta_rank:  0.6089 Loss dta_tv:  0.0327 Loss dta_proxy:  0.2106 Loss dta_trans:  0.0067 Loss dta_phys:  0.0061 Loss dta_preserve:  0.0045
Time:  0.0703 Epoch: 005 Iter:  200/ 600 LR: 0.0000983215 Loss content:  0.0176 Loss fft:  0.8293 Loss dta_rank:  0.6045 Loss dta_tv:  0.0319 Loss dta_proxy:  0.2167 Loss dta_trans:  0.0058 Loss dta_phys:  0.0067 Loss dta_preserve:  0.0053
Time:  0.0738 Epoch: 005 Iter:  250/ 600 LR: 0.0000983215 Loss content:  0.0172 Loss fft:  0.8041 Loss dta_rank:  0.6061 Loss dta_tv:  0.0339 Loss dta_proxy:  0.2040 Loss dta_trans:  0.0072 Loss dta_phys:  0.0066 Loss dta_preserve:  0.0046
Time:  0.0658 Epoch: 005 Iter:  300/ 600 LR: 0.0000983215 Loss content:  0.0170 Loss fft:  0.8279 Loss dta_rank:  0.6078 Loss dta_tv:  0.0332 Loss dta_proxy:  0.2009 Loss dta_trans:  0.0066 Loss dta_phys:  0.0065 Loss dta_preserve:  0.0061
Time:  0.0702 Epoch: 005 Iter:  350/ 600 LR: 0.0000983215 Loss content:  0.0173 Loss fft:  0.8282 Loss dta_rank:  0.6080 Loss dta_tv:  0.0329 Loss dta_proxy:  0.2162 Loss dta_trans:  0.0066 Loss dta_phys:  0.0073 Loss dta_preserve:  0.0051
Time:  0.0763 Epoch: 005 Iter:  400/ 600 LR: 0.0000983215 Loss content:  0.0172 Loss fft:  0.8089 Loss dta_rank:  0.6100 Loss dta_tv:  0.0322 Loss dta_proxy:  0.2182 Loss dta_trans:  0.0066 Loss dta_phys:  0.0064 Loss dta_preserve:  0.0046
Time:  0.0769 Epoch: 005 Iter:  450/ 600 LR: 0.0000983215 Loss content:  0.0174 Loss fft:  0.8185 Loss dta_rank:  0.6041 Loss dta_tv:  0.0326 Loss dta_proxy:  0.1999 Loss dta_trans:  0.0052 Loss dta_phys:  0.0062 Loss dta_preserve:  0.0061
Time:  0.0759 Epoch: 005 Iter:  500/ 600 LR: 0.0000983215 Loss content:  0.0169 Loss fft:  0.7911 Loss dta_rank:  0.6109 Loss dta_tv:  0.0327 Loss dta_proxy:  0.1997 Loss dta_trans:  0.0085 Loss dta_phys:  0.0069 Loss dta_preserve:  0.0047
Time:  0.0765 Epoch: 005 Iter:  550/ 600 LR: 0.0000983215 Loss content:  0.0171 Loss fft:  0.8180 Loss dta_rank:  0.6060 Loss dta_tv:  0.0313 Loss dta_proxy:  0.2115 Loss dta_trans:  0.0065 Loss dta_phys:  0.0066 Loss dta_preserve:  0.0052
Time:  0.0695 Epoch: 005 Iter:  600/ 600 LR: 0.0000983215 Loss content:  0.0173 Loss fft:  0.8238 Loss dta_rank:  0.6017 Loss dta_tv:  0.0318 Loss dta_proxy:  0.2101 Loss dta_trans:  0.0071 Loss dta_phys:  0.0066 Loss dta_preserve:  0.0047
EPOCH: 05
Elapsed time: 0.88 Epoch Pixel Loss:  0.0173 Epoch FFT Loss:  0.8175 Epoch DTA Rank:  0.6073 Epoch DTA TV:  0.0326 Epoch DTA Proxy:  0.2091 Epoch DTA Trans:  0.0066 Epoch DTA Phys:  0.0066 Epoch DTA Preserve:  0.0050
DTA_GATE_RAMP epoch=6 gate_limit=0.030000
Time:  0.0814 Epoch: 006 Iter:   50/ 600 LR: 0.0000942212 Loss content:  0.0172 Loss fft:  0.8261 Loss dta_rank:  0.6133 Loss dta_tv:  0.0327 Loss dta_proxy:  0.2154 Loss dta_trans:  0.0061 Loss dta_phys:  0.0063 Loss dta_preserve:  0.0045
Time:  0.0784 Epoch: 006 Iter:  100/ 600 LR: 0.0000942212 Loss content:  0.0161 Loss fft:  0.8086 Loss dta_rank:  0.6076 Loss dta_tv:  0.0330 Loss dta_proxy:  0.1961 Loss dta_trans:  0.0060 Loss dta_phys:  0.0059 Loss dta_preserve:  0.0046
Time:  0.0727 Epoch: 006 Iter:  150/ 600 LR: 0.0000942212 Loss content:  0.0169 Loss fft:  0.8360 Loss dta_rank:  0.6053 Loss dta_tv:  0.0320 Loss dta_proxy:  0.2126 Loss dta_trans:  0.0065 Loss dta_phys:  0.0060 Loss dta_preserve:  0.0060
Time:  0.0707 Epoch: 006 Iter:  200/ 600 LR: 0.0000942212 Loss content:  0.0173 Loss fft:  0.7951 Loss dta_rank:  0.6054 Loss dta_tv:  0.0316 Loss dta_proxy:  0.2124 Loss dta_trans:  0.0069 Loss dta_phys:  0.0081 Loss dta_preserve:  0.0047
Time:  0.0746 Epoch: 006 Iter:  250/ 600 LR: 0.0000942212 Loss content:  0.0171 Loss fft:  0.8349 Loss dta_rank:  0.6006 Loss dta_tv:  0.0318 Loss dta_proxy:  0.2119 Loss dta_trans:  0.0056 Loss dta_phys:  0.0069 Loss dta_preserve:  0.0049
Time:  0.0745 Epoch: 006 Iter:  300/ 600 LR: 0.0000942212 Loss content:  0.0173 Loss fft:  0.8265 Loss dta_rank:  0.6006 Loss dta_tv:  0.0323 Loss dta_proxy:  0.2035 Loss dta_trans:  0.0062 Loss dta_phys:  0.0065 Loss dta_preserve:  0.0056
Time:  0.0785 Epoch: 006 Iter:  350/ 600 LR: 0.0000942212 Loss content:  0.0173 Loss fft:  0.8068 Loss dta_rank:  0.6072 Loss dta_tv:  0.0315 Loss dta_proxy:  0.2147 Loss dta_trans:  0.0065 Loss dta_phys:  0.0073 Loss dta_preserve:  0.0052
Time:  0.0756 Epoch: 006 Iter:  400/ 600 LR: 0.0000942212 Loss content:  0.0181 Loss fft:  0.8005 Loss dta_rank:  0.6093 Loss dta_tv:  0.0298 Loss dta_proxy:  0.2158 Loss dta_trans:  0.0073 Loss dta_phys:  0.0063 Loss dta_preserve:  0.0055
Time:  0.0768 Epoch: 006 Iter:  450/ 600 LR: 0.0000942212 Loss content:  0.0171 Loss fft:  0.8063 Loss dta_rank:  0.6059 Loss dta_tv:  0.0317 Loss dta_proxy:  0.2021 Loss dta_trans:  0.0060 Loss dta_phys:  0.0060 Loss dta_preserve:  0.0051
Time:  0.0730 Epoch: 006 Iter:  500/ 600 LR: 0.0000942212 Loss content:  0.0167 Loss fft:  0.7971 Loss dta_rank:  0.6073 Loss dta_tv:  0.0316 Loss dta_proxy:  0.2163 Loss dta_trans:  0.0067 Loss dta_phys:  0.0067 Loss dta_preserve:  0.0046
Time:  0.0725 Epoch: 006 Iter:  550/ 600 LR: 0.0000942212 Loss content:  0.0173 Loss fft:  0.8434 Loss dta_rank:  0.6047 Loss dta_tv:  0.0313 Loss dta_proxy:  0.2255 Loss dta_trans:  0.0053 Loss dta_phys:  0.0061 Loss dta_preserve:  0.0055
Time:  0.0737 Epoch: 006 Iter:  600/ 600 LR: 0.0000942212 Loss content:  0.0175 Loss fft:  0.8302 Loss dta_rank:  0.6084 Loss dta_tv:  0.0317 Loss dta_proxy:  0.2135 Loss dta_trans:  0.0072 Loss dta_phys:  0.0072 Loss dta_preserve:  0.0055
EPOCH: 06
Elapsed time: 0.91 Epoch Pixel Loss:  0.0172 Epoch FFT Loss:  0.8176 Epoch DTA Rank:  0.6063 Epoch DTA TV:  0.0317 Epoch DTA Proxy:  0.2116 Epoch DTA Trans:  0.0064 Epoch DTA Phys:  0.0066 Epoch DTA Preserve:  0.0051
DTA_GATE_RAMP epoch=7 gate_limit=0.030000
Time:  0.0780 Epoch: 007 Iter:   50/ 600 LR: 0.0000886874 Loss content:  0.0175 Loss fft:  0.8456 Loss dta_rank:  0.6008 Loss dta_tv:  0.0316 Loss dta_proxy:  0.2078 Loss dta_trans:  0.0061 Loss dta_phys:  0.0066 Loss dta_preserve:  0.0047
Time:  0.0819 Epoch: 007 Iter:  100/ 600 LR: 0.0000886874 Loss content:  0.0177 Loss fft:  0.8069 Loss dta_rank:  0.6036 Loss dta_tv:  0.0302 Loss dta_proxy:  0.2157 Loss dta_trans:  0.0065 Loss dta_phys:  0.0062 Loss dta_preserve:  0.0049
Time:  0.0755 Epoch: 007 Iter:  150/ 600 LR: 0.0000886874 Loss content:  0.0186 Loss fft:  0.8340 Loss dta_rank:  0.6106 Loss dta_tv:  0.0300 Loss dta_proxy:  0.2214 Loss dta_trans:  0.0057 Loss dta_phys:  0.0071 Loss dta_preserve:  0.0056
Time:  0.0752 Epoch: 007 Iter:  200/ 600 LR: 0.0000886874 Loss content:  0.0176 Loss fft:  0.8229 Loss dta_rank:  0.6097 Loss dta_tv:  0.0316 Loss dta_proxy:  0.1997 Loss dta_trans:  0.0067 Loss dta_phys:  0.0070 Loss dta_preserve:  0.0055
Time:  0.0719 Epoch: 007 Iter:  250/ 600 LR: 0.0000886874 Loss content:  0.0171 Loss fft:  0.8203 Loss dta_rank:  0.6053 Loss dta_tv:  0.0304 Loss dta_proxy:  0.2188 Loss dta_trans:  0.0062 Loss dta_phys:  0.0067 Loss dta_preserve:  0.0047
Time:  0.0771 Epoch: 007 Iter:  300/ 600 LR: 0.0000886874 Loss content:  0.0174 Loss fft:  0.8067 Loss dta_rank:  0.6016 Loss dta_tv:  0.0309 Loss dta_proxy:  0.2003 Loss dta_trans:  0.0071 Loss dta_phys:  0.0071 Loss dta_preserve:  0.0066
Time:  0.0721 Epoch: 007 Iter:  350/ 600 LR: 0.0000886874 Loss content:  0.0161 Loss fft:  0.7802 Loss dta_rank:  0.6082 Loss dta_tv:  0.0307 Loss dta_proxy:  0.2007 Loss dta_trans:  0.0056 Loss dta_phys:  0.0072 Loss dta_preserve:  0.0051
Time:  0.0728 Epoch: 007 Iter:  400/ 600 LR: 0.0000886874 Loss content:  0.0163 Loss fft:  0.8109 Loss dta_rank:  0.5995 Loss dta_tv:  0.0314 Loss dta_proxy:  0.1976 Loss dta_trans:  0.0063 Loss dta_phys:  0.0068 Loss dta_preserve:  0.0053
Time:  0.0743 Epoch: 007 Iter:  450/ 600 LR: 0.0000886874 Loss content:  0.0167 Loss fft:  0.8280 Loss dta_rank:  0.6008 Loss dta_tv:  0.0313 Loss dta_proxy:  0.1925 Loss dta_trans:  0.0059 Loss dta_phys:  0.0057 Loss dta_preserve:  0.0043
Time:  0.0768 Epoch: 007 Iter:  500/ 600 LR: 0.0000886874 Loss content:  0.0167 Loss fft:  0.8228 Loss dta_rank:  0.6148 Loss dta_tv:  0.0310 Loss dta_proxy:  0.2095 Loss dta_trans:  0.0069 Loss dta_phys:  0.0074 Loss dta_preserve:  0.0055
Time:  0.0762 Epoch: 007 Iter:  550/ 600 LR: 0.0000886874 Loss content:  0.0172 Loss fft:  0.8242 Loss dta_rank:  0.6047 Loss dta_tv:  0.0307 Loss dta_proxy:  0.1965 Loss dta_trans:  0.0064 Loss dta_phys:  0.0063 Loss dta_preserve:  0.0055
Time:  0.0766 Epoch: 007 Iter:  600/ 600 LR: 0.0000886874 Loss content:  0.0175 Loss fft:  0.8349 Loss dta_rank:  0.6085 Loss dta_tv:  0.0299 Loss dta_proxy:  0.2221 Loss dta_trans:  0.0060 Loss dta_phys:  0.0064 Loss dta_preserve:  0.0046
EPOCH: 07
Elapsed time: 0.91 Epoch Pixel Loss:  0.0172 Epoch FFT Loss:  0.8198 Epoch DTA Rank:  0.6057 Epoch DTA TV:  0.0308 Epoch DTA Proxy:  0.2069 Epoch DTA Trans:  0.0063 Epoch DTA Phys:  0.0067 Epoch DTA Preserve:  0.0052
DTA_GATE_RAMP epoch=8 gate_limit=0.030000
Time:  0.0811 Epoch: 008 Iter:   50/ 600 LR: 0.0000819070 Loss content:  0.0176 Loss fft:  0.8466 Loss dta_rank:  0.6019 Loss dta_tv:  0.0307 Loss dta_proxy:  0.2060 Loss dta_trans:  0.0060 Loss dta_phys:  0.0070 Loss dta_preserve:  0.0048
Time:  0.0767 Epoch: 008 Iter:  100/ 600 LR: 0.0000819070 Loss content:  0.0171 Loss fft:  0.8266 Loss dta_rank:  0.6038 Loss dta_tv:  0.0306 Loss dta_proxy:  0.2070 Loss dta_trans:  0.0065 Loss dta_phys:  0.0069 Loss dta_preserve:  0.0046
Time:  0.0757 Epoch: 008 Iter:  150/ 600 LR: 0.0000819070 Loss content:  0.0169 Loss fft:  0.8114 Loss dta_rank:  0.6073 Loss dta_tv:  0.0299 Loss dta_proxy:  0.2130 Loss dta_trans:  0.0057 Loss dta_phys:  0.0073 Loss dta_preserve:  0.0051
Time:  0.0784 Epoch: 008 Iter:  200/ 600 LR: 0.0000819070 Loss content:  0.0173 Loss fft:  0.8136 Loss dta_rank:  0.6101 Loss dta_tv:  0.0305 Loss dta_proxy:  0.2122 Loss dta_trans:  0.0068 Loss dta_phys:  0.0070 Loss dta_preserve:  0.0070
Time:  0.0754 Epoch: 008 Iter:  250/ 600 LR: 0.0000819070 Loss content:  0.0173 Loss fft:  0.8207 Loss dta_rank:  0.6073 Loss dta_tv:  0.0304 Loss dta_proxy:  0.2107 Loss dta_trans:  0.0061 Loss dta_phys:  0.0069 Loss dta_preserve:  0.0052
Time:  0.0734 Epoch: 008 Iter:  300/ 600 LR: 0.0000819070 Loss content:  0.0165 Loss fft:  0.7891 Loss dta_rank:  0.6043 Loss dta_tv:  0.0316 Loss dta_proxy:  0.1935 Loss dta_trans:  0.0062 Loss dta_phys:  0.0065 Loss dta_preserve:  0.0055
Time:  0.0742 Epoch: 008 Iter:  350/ 600 LR: 0.0000819070 Loss content:  0.0167 Loss fft:  0.7979 Loss dta_rank:  0.6033 Loss dta_tv:  0.0300 Loss dta_proxy:  0.2133 Loss dta_trans:  0.0068 Loss dta_phys:  0.0072 Loss dta_preserve:  0.0048
Time:  0.0766 Epoch: 008 Iter:  400/ 600 LR: 0.0000819070 Loss content:  0.0175 Loss fft:  0.8524 Loss dta_rank:  0.6030 Loss dta_tv:  0.0309 Loss dta_proxy:  0.1955 Loss dta_trans:  0.0056 Loss dta_phys:  0.0070 Loss dta_preserve:  0.0056
Time:  0.0767 Epoch: 008 Iter:  450/ 600 LR: 0.0000819070 Loss content:  0.0174 Loss fft:  0.8052 Loss dta_rank:  0.6032 Loss dta_tv:  0.0307 Loss dta_proxy:  0.2011 Loss dta_trans:  0.0058 Loss dta_phys:  0.0067 Loss dta_preserve:  0.0044
Time:  0.0765 Epoch: 008 Iter:  500/ 600 LR: 0.0000819070 Loss content:  0.0174 Loss fft:  0.8477 Loss dta_rank:  0.6040 Loss dta_tv:  0.0305 Loss dta_proxy:  0.2035 Loss dta_trans:  0.0060 Loss dta_phys:  0.0066 Loss dta_preserve:  0.0039
Time:  0.0767 Epoch: 008 Iter:  550/ 600 LR: 0.0000819070 Loss content:  0.0171 Loss fft:  0.8119 Loss dta_rank:  0.6024 Loss dta_tv:  0.0307 Loss dta_proxy:  0.1909 Loss dta_trans:  0.0069 Loss dta_phys:  0.0062 Loss dta_preserve:  0.0052
Time:  0.0746 Epoch: 008 Iter:  600/ 600 LR: 0.0000819070 Loss content:  0.0170 Loss fft:  0.7955 Loss dta_rank:  0.6006 Loss dta_tv:  0.0306 Loss dta_proxy:  0.1983 Loss dta_trans:  0.0057 Loss dta_phys:  0.0059 Loss dta_preserve:  0.0048
EPOCH: 08
Elapsed time: 0.92 Epoch Pixel Loss:  0.0171 Epoch FFT Loss:  0.8182 Epoch DTA Rank:  0.6043 Epoch DTA TV:  0.0306 Epoch DTA Proxy:  0.2038 Epoch DTA Trans:  0.0062 Epoch DTA Phys:  0.0068 Epoch DTA Preserve:  0.0051
DTA_GATE_RAMP epoch=9 gate_limit=0.060000
Time:  0.0804 Epoch: 009 Iter:   50/ 600 LR: 0.0000741093 Loss content:  0.0174 Loss fft:  0.8278 Loss dta_rank:  0.6023 Loss dta_tv:  0.0308 Loss dta_proxy:  0.1971 Loss dta_trans:  0.0063 Loss dta_phys:  0.0069 Loss dta_preserve:  0.0054
Time:  0.0764 Epoch: 009 Iter:  100/ 600 LR: 0.0000741093 Loss content:  0.0165 Loss fft:  0.7830 Loss dta_rank:  0.6083 Loss dta_tv:  0.0299 Loss dta_proxy:  0.2081 Loss dta_trans:  0.0065 Loss dta_phys:  0.0067 Loss dta_preserve:  0.0047
Time:  0.0720 Epoch: 009 Iter:  150/ 600 LR: 0.0000741093 Loss content:  0.0166 Loss fft:  0.7769 Loss dta_rank:  0.5989 Loss dta_tv:  0.0308 Loss dta_proxy:  0.1882 Loss dta_trans:  0.0065 Loss dta_phys:  0.0068 Loss dta_preserve:  0.0058
Time:  0.0659 Epoch: 009 Iter:  200/ 600 LR: 0.0000741093 Loss content:  0.0168 Loss fft:  0.8280 Loss dta_rank:  0.6064 Loss dta_tv:  0.0307 Loss dta_proxy:  0.1940 Loss dta_trans:  0.0057 Loss dta_phys:  0.0068 Loss dta_preserve:  0.0049
Time:  0.0707 Epoch: 009 Iter:  250/ 600 LR: 0.0000741093 Loss content:  0.0168 Loss fft:  0.8135 Loss dta_rank:  0.6041 Loss dta_tv:  0.0302 Loss dta_proxy:  0.1997 Loss dta_trans:  0.0066 Loss dta_phys:  0.0074 Loss dta_preserve:  0.0044
Time:  0.0712 Epoch: 009 Iter:  300/ 600 LR: 0.0000741093 Loss content:  0.0168 Loss fft:  0.8308 Loss dta_rank:  0.6042 Loss dta_tv:  0.0297 Loss dta_proxy:  0.1939 Loss dta_trans:  0.0057 Loss dta_phys:  0.0059 Loss dta_preserve:  0.0048
Time:  0.0748 Epoch: 009 Iter:  350/ 600 LR: 0.0000741093 Loss content:  0.0177 Loss fft:  0.8341 Loss dta_rank:  0.6056 Loss dta_tv:  0.0298 Loss dta_proxy:  0.1971 Loss dta_trans:  0.0061 Loss dta_phys:  0.0071 Loss dta_preserve:  0.0048
Time:  0.0709 Epoch: 009 Iter:  400/ 600 LR: 0.0000741093 Loss content:  0.0173 Loss fft:  0.8303 Loss dta_rank:  0.6081 Loss dta_tv:  0.0293 Loss dta_proxy:  0.2001 Loss dta_trans:  0.0059 Loss dta_phys:  0.0071 Loss dta_preserve:  0.0055
Time:  0.0743 Epoch: 009 Iter:  450/ 600 LR: 0.0000741093 Loss content:  0.0178 Loss fft:  0.8334 Loss dta_rank:  0.6062 Loss dta_tv:  0.0294 Loss dta_proxy:  0.2085 Loss dta_trans:  0.0067 Loss dta_phys:  0.0066 Loss dta_preserve:  0.0067
Time:  0.0739 Epoch: 009 Iter:  500/ 600 LR: 0.0000741093 Loss content:  0.0171 Loss fft:  0.8252 Loss dta_rank:  0.6030 Loss dta_tv:  0.0299 Loss dta_proxy:  0.1974 Loss dta_trans:  0.0059 Loss dta_phys:  0.0069 Loss dta_preserve:  0.0050
Time:  0.0810 Epoch: 009 Iter:  550/ 600 LR: 0.0000741093 Loss content:  0.0181 Loss fft:  0.8391 Loss dta_rank:  0.6086 Loss dta_tv:  0.0291 Loss dta_proxy:  0.2093 Loss dta_trans:  0.0053 Loss dta_phys:  0.0068 Loss dta_preserve:  0.0055
Time:  0.0799 Epoch: 009 Iter:  600/ 600 LR: 0.0000741093 Loss content:  0.0161 Loss fft:  0.8207 Loss dta_rank:  0.6010 Loss dta_tv:  0.0305 Loss dta_proxy:  0.1896 Loss dta_trans:  0.0061 Loss dta_phys:  0.0064 Loss dta_preserve:  0.0051
EPOCH: 09
Elapsed time: 0.89 Epoch Pixel Loss:  0.0171 Epoch FFT Loss:  0.8202 Epoch DTA Rank:  0.6047 Epoch DTA TV:  0.0300 Epoch DTA Proxy:  0.1986 Epoch DTA Trans:  0.0061 Epoch DTA Phys:  0.0068 Epoch DTA Preserve:  0.0052
DTA_GATE_RAMP epoch=10 gate_limit=0.060000
Time:  0.0838 Epoch: 010 Iter:   50/ 600 LR: 0.0000655580 Loss content:  0.0171 Loss fft:  0.8192 Loss dta_rank:  0.6003 Loss dta_tv:  0.0304 Loss dta_proxy:  0.1969 Loss dta_trans:  0.0060 Loss dta_phys:  0.0062 Loss dta_preserve:  0.0078
Time:  0.0732 Epoch: 010 Iter:  100/ 600 LR: 0.0000655580 Loss content:  0.0174 Loss fft:  0.8276 Loss dta_rank:  0.5950 Loss dta_tv:  0.0298 Loss dta_proxy:  0.1954 Loss dta_trans:  0.0051 Loss dta_phys:  0.0057 Loss dta_preserve:  0.0057
Time:  0.0744 Epoch: 010 Iter:  150/ 600 LR: 0.0000655580 Loss content:  0.0172 Loss fft:  0.7961 Loss dta_rank:  0.6046 Loss dta_tv:  0.0293 Loss dta_proxy:  0.1998 Loss dta_trans:  0.0066 Loss dta_phys:  0.0082 Loss dta_preserve:  0.0050
Time:  0.0751 Epoch: 010 Iter:  200/ 600 LR: 0.0000655580 Loss content:  0.0166 Loss fft:  0.7912 Loss dta_rank:  0.6053 Loss dta_tv:  0.0299 Loss dta_proxy:  0.2025 Loss dta_trans:  0.0058 Loss dta_phys:  0.0071 Loss dta_preserve:  0.0047
Time:  0.0742 Epoch: 010 Iter:  250/ 600 LR: 0.0000655580 Loss content:  0.0176 Loss fft:  0.8411 Loss dta_rank:  0.6064 Loss dta_tv:  0.0289 Loss dta_proxy:  0.2027 Loss dta_trans:  0.0060 Loss dta_phys:  0.0064 Loss dta_preserve:  0.0052
Time:  0.0765 Epoch: 010 Iter:  300/ 600 LR: 0.0000655580 Loss content:  0.0167 Loss fft:  0.7839 Loss dta_rank:  0.6014 Loss dta_tv:  0.0309 Loss dta_proxy:  0.1853 Loss dta_trans:  0.0066 Loss dta_phys:  0.0073 Loss dta_preserve:  0.0045
Time:  0.0770 Epoch: 010 Iter:  350/ 600 LR: 0.0000655580 Loss content:  0.0172 Loss fft:  0.8403 Loss dta_rank:  0.6013 Loss dta_tv:  0.0302 Loss dta_proxy:  0.1941 Loss dta_trans:  0.0058 Loss dta_phys:  0.0060 Loss dta_preserve:  0.0050
Time:  0.0785 Epoch: 010 Iter:  400/ 600 LR: 0.0000655580 Loss content:  0.0162 Loss fft:  0.8114 Loss dta_rank:  0.5941 Loss dta_tv:  0.0292 Loss dta_proxy:  0.1914 Loss dta_trans:  0.0062 Loss dta_phys:  0.0062 Loss dta_preserve:  0.0050
Time:  0.0754 Epoch: 010 Iter:  450/ 600 LR: 0.0000655580 Loss content:  0.0170 Loss fft:  0.8318 Loss dta_rank:  0.6030 Loss dta_tv:  0.0307 Loss dta_proxy:  0.1891 Loss dta_trans:  0.0056 Loss dta_phys:  0.0063 Loss dta_preserve:  0.0074
Time:  0.0811 Epoch: 010 Iter:  500/ 600 LR: 0.0000655580 Loss content:  0.0171 Loss fft:  0.8189 Loss dta_rank:  0.6042 Loss dta_tv:  0.0297 Loss dta_proxy:  0.1930 Loss dta_trans:  0.0060 Loss dta_phys:  0.0070 Loss dta_preserve:  0.0044
Time:  0.0749 Epoch: 010 Iter:  550/ 600 LR: 0.0000655580 Loss content:  0.0172 Loss fft:  0.8304 Loss dta_rank:  0.5992 Loss dta_tv:  0.0289 Loss dta_proxy:  0.1949 Loss dta_trans:  0.0063 Loss dta_phys:  0.0068 Loss dta_preserve:  0.0035
Time:  0.0781 Epoch: 010 Iter:  600/ 600 LR: 0.0000655580 Loss content:  0.0176 Loss fft:  0.8161 Loss dta_rank:  0.6059 Loss dta_tv:  0.0306 Loss dta_proxy:  0.1868 Loss dta_trans:  0.0074 Loss dta_phys:  0.0070 Loss dta_preserve:  0.0057
EPOCH: 10
Elapsed time: 0.93 Epoch Pixel Loss:  0.0171 Epoch FFT Loss:  0.8173 Epoch DTA Rank:  0.6017 Epoch DTA TV:  0.0299 Epoch DTA Proxy:  0.1943 Epoch DTA Trans:  0.0061 Epoch DTA Phys:  0.0067 Epoch DTA Preserve:  0.0053
DTA_GATE_RAMP epoch=11 gate_limit=0.060000
Time:  0.0838 Epoch: 011 Iter:   50/ 600 LR: 0.0000565424 Loss content:  0.0172 Loss fft:  0.8128 Loss dta_rank:  0.6040 Loss dta_tv:  0.0296 Loss dta_proxy:  0.1972 Loss dta_trans:  0.0055 Loss dta_phys:  0.0068 Loss dta_preserve:  0.0051
Time:  0.0686 Epoch: 011 Iter:  100/ 600 LR: 0.0000565424 Loss content:  0.0169 Loss fft:  0.8221 Loss dta_rank:  0.6024 Loss dta_tv:  0.0296 Loss dta_proxy:  0.2004 Loss dta_trans:  0.0054 Loss dta_phys:  0.0068 Loss dta_preserve:  0.0046
Time:  0.0684 Epoch: 011 Iter:  150/ 600 LR: 0.0000565424 Loss content:  0.0165 Loss fft:  0.8125 Loss dta_rank:  0.6034 Loss dta_tv:  0.0293 Loss dta_proxy:  0.2004 Loss dta_trans:  0.0059 Loss dta_phys:  0.0066 Loss dta_preserve:  0.0056
Time:  0.0764 Epoch: 011 Iter:  200/ 600 LR: 0.0000565424 Loss content:  0.0171 Loss fft:  0.8311 Loss dta_rank:  0.6021 Loss dta_tv:  0.0299 Loss dta_proxy:  0.1934 Loss dta_trans:  0.0050 Loss dta_phys:  0.0068 Loss dta_preserve:  0.0048
Time:  0.0796 Epoch: 011 Iter:  250/ 600 LR: 0.0000565424 Loss content:  0.0166 Loss fft:  0.7897 Loss dta_rank:  0.6028 Loss dta_tv:  0.0302 Loss dta_proxy:  0.1971 Loss dta_trans:  0.0067 Loss dta_phys:  0.0066 Loss dta_preserve:  0.0046
Time:  0.0731 Epoch: 011 Iter:  300/ 600 LR: 0.0000565424 Loss content:  0.0174 Loss fft:  0.8011 Loss dta_rank:  0.6039 Loss dta_tv:  0.0295 Loss dta_proxy:  0.1973 Loss dta_trans:  0.0068 Loss dta_phys:  0.0065 Loss dta_preserve:  0.0055
Time:  0.0754 Epoch: 011 Iter:  350/ 600 LR: 0.0000565424 Loss content:  0.0173 Loss fft:  0.8198 Loss dta_rank:  0.6019 Loss dta_tv:  0.0288 Loss dta_proxy:  0.2064 Loss dta_trans:  0.0062 Loss dta_phys:  0.0068 Loss dta_preserve:  0.0048
Time:  0.0767 Epoch: 011 Iter:  400/ 600 LR: 0.0000565424 Loss content:  0.0165 Loss fft:  0.8290 Loss dta_rank:  0.5983 Loss dta_tv:  0.0293 Loss dta_proxy:  0.1937 Loss dta_trans:  0.0057 Loss dta_phys:  0.0057 Loss dta_preserve:  0.0044
Time:  0.0747 Epoch: 011 Iter:  450/ 600 LR: 0.0000565424 Loss content:  0.0177 Loss fft:  0.8662 Loss dta_rank:  0.6039 Loss dta_tv:  0.0302 Loss dta_proxy:  0.1981 Loss dta_trans:  0.0055 Loss dta_phys:  0.0061 Loss dta_preserve:  0.0043
Time:  0.0764 Epoch: 011 Iter:  500/ 600 LR: 0.0000565424 Loss content:  0.0163 Loss fft:  0.7755 Loss dta_rank:  0.6095 Loss dta_tv:  0.0292 Loss dta_proxy:  0.1983 Loss dta_trans:  0.0061 Loss dta_phys:  0.0076 Loss dta_preserve:  0.0056
Time:  0.0738 Epoch: 011 Iter:  550/ 600 LR: 0.0000565424 Loss content:  0.0179 Loss fft:  0.8436 Loss dta_rank:  0.6040 Loss dta_tv:  0.0303 Loss dta_proxy:  0.1913 Loss dta_trans:  0.0061 Loss dta_phys:  0.0070 Loss dta_preserve:  0.0054
Time:  0.0732 Epoch: 011 Iter:  600/ 600 LR: 0.0000565424 Loss content:  0.0169 Loss fft:  0.8186 Loss dta_rank:  0.6045 Loss dta_tv:  0.0295 Loss dta_proxy:  0.1954 Loss dta_trans:  0.0054 Loss dta_phys:  0.0070 Loss dta_preserve:  0.0045
EPOCH: 11
Elapsed time: 0.90 Epoch Pixel Loss:  0.0170 Epoch FFT Loss:  0.8185 Epoch DTA Rank:  0.6034 Epoch DTA TV:  0.0296 Epoch DTA Proxy:  0.1974 Epoch DTA Trans:  0.0059 Epoch DTA Phys:  0.0067 Epoch DTA Preserve:  0.0049
DTA_GATE_RAMP epoch=12 gate_limit=0.060000
Time:  0.0814 Epoch: 012 Iter:   50/ 600 LR: 0.0000473670 Loss content:  0.0169 Loss fft:  0.8250 Loss dta_rank:  0.6057 Loss dta_tv:  0.0292 Loss dta_proxy:  0.2040 Loss dta_trans:  0.0063 Loss dta_phys:  0.0067 Loss dta_preserve:  0.0041
Time:  0.0744 Epoch: 012 Iter:  100/ 600 LR: 0.0000473670 Loss content:  0.0167 Loss fft:  0.8164 Loss dta_rank:  0.6022 Loss dta_tv:  0.0292 Loss dta_proxy:  0.1922 Loss dta_trans:  0.0060 Loss dta_phys:  0.0065 Loss dta_preserve:  0.0050
Time:  0.0774 Epoch: 012 Iter:  150/ 600 LR: 0.0000473670 Loss content:  0.0168 Loss fft:  0.8148 Loss dta_rank:  0.6048 Loss dta_tv:  0.0292 Loss dta_proxy:  0.1983 Loss dta_trans:  0.0057 Loss dta_phys:  0.0066 Loss dta_preserve:  0.0052
Time:  0.0781 Epoch: 012 Iter:  200/ 600 LR: 0.0000473670 Loss content:  0.0178 Loss fft:  0.8448 Loss dta_rank:  0.6035 Loss dta_tv:  0.0293 Loss dta_proxy:  0.1961 Loss dta_trans:  0.0067 Loss dta_phys:  0.0076 Loss dta_preserve:  0.0051
Time:  0.0737 Epoch: 012 Iter:  250/ 600 LR: 0.0000473670 Loss content:  0.0178 Loss fft:  0.8268 Loss dta_rank:  0.5984 Loss dta_tv:  0.0295 Loss dta_proxy:  0.1984 Loss dta_trans:  0.0056 Loss dta_phys:  0.0059 Loss dta_preserve:  0.0060
Time:  0.0749 Epoch: 012 Iter:  300/ 600 LR: 0.0000473670 Loss content:  0.0174 Loss fft:  0.8085 Loss dta_rank:  0.6099 Loss dta_tv:  0.0291 Loss dta_proxy:  0.2014 Loss dta_trans:  0.0065 Loss dta_phys:  0.0069 Loss dta_preserve:  0.0054
Time:  0.0745 Epoch: 012 Iter:  350/ 600 LR: 0.0000473670 Loss content:  0.0159 Loss fft:  0.7672 Loss dta_rank:  0.6047 Loss dta_tv:  0.0291 Loss dta_proxy:  0.2008 Loss dta_trans:  0.0059 Loss dta_phys:  0.0066 Loss dta_preserve:  0.0036
Time:  0.0781 Epoch: 012 Iter:  400/ 600 LR: 0.0000473670 Loss content:  0.0170 Loss fft:  0.8456 Loss dta_rank:  0.6045 Loss dta_tv:  0.0304 Loss dta_proxy:  0.1916 Loss dta_trans:  0.0062 Loss dta_phys:  0.0061 Loss dta_preserve:  0.0042
Time:  0.0797 Epoch: 012 Iter:  450/ 600 LR: 0.0000473670 Loss content:  0.0166 Loss fft:  0.8074 Loss dta_rank:  0.6006 Loss dta_tv:  0.0298 Loss dta_proxy:  0.1905 Loss dta_trans:  0.0062 Loss dta_phys:  0.0069 Loss dta_preserve:  0.0045
Time:  0.0777 Epoch: 012 Iter:  500/ 600 LR: 0.0000473670 Loss content:  0.0161 Loss fft:  0.7958 Loss dta_rank:  0.6013 Loss dta_tv:  0.0284 Loss dta_proxy:  0.2041 Loss dta_trans:  0.0059 Loss dta_phys:  0.0070 Loss dta_preserve:  0.0040
Time:  0.0747 Epoch: 012 Iter:  550/ 600 LR: 0.0000473670 Loss content:  0.0171 Loss fft:  0.8186 Loss dta_rank:  0.6029 Loss dta_tv:  0.0293 Loss dta_proxy:  0.1917 Loss dta_trans:  0.0061 Loss dta_phys:  0.0065 Loss dta_preserve:  0.0058
Time:  0.0749 Epoch: 012 Iter:  600/ 600 LR: 0.0000473670 Loss content:  0.0172 Loss fft:  0.8084 Loss dta_rank:  0.6009 Loss dta_tv:  0.0293 Loss dta_proxy:  0.1947 Loss dta_trans:  0.0053 Loss dta_phys:  0.0068 Loss dta_preserve:  0.0046
EPOCH: 12
Elapsed time: 0.92 Epoch Pixel Loss:  0.0170 Epoch FFT Loss:  0.8150 Epoch DTA Rank:  0.6033 Epoch DTA TV:  0.0293 Epoch DTA Proxy:  0.1970 Epoch DTA Trans:  0.0060 Epoch DTA Phys:  0.0067 Epoch DTA Preserve:  0.0048
DTA_GATE_RAMP epoch=13 gate_limit=0.060000
Time:  0.0788 Epoch: 013 Iter:   50/ 600 LR: 0.0000383414 Loss content:  0.0177 Loss fft:  0.8112 Loss dta_rank:  0.6065 Loss dta_tv:  0.0301 Loss dta_proxy:  0.1998 Loss dta_trans:  0.0067 Loss dta_phys:  0.0065 Loss dta_preserve:  0.0040
Time:  0.0743 Epoch: 013 Iter:  100/ 600 LR: 0.0000383414 Loss content:  0.0174 Loss fft:  0.8116 Loss dta_rank:  0.6037 Loss dta_tv:  0.0293 Loss dta_proxy:  0.2006 Loss dta_trans:  0.0057 Loss dta_phys:  0.0069 Loss dta_preserve:  0.0066
Time:  0.0759 Epoch: 013 Iter:  150/ 600 LR: 0.0000383414 Loss content:  0.0173 Loss fft:  0.8311 Loss dta_rank:  0.6002 Loss dta_tv:  0.0288 Loss dta_proxy:  0.1988 Loss dta_trans:  0.0052 Loss dta_phys:  0.0072 Loss dta_preserve:  0.0060
Time:  0.0766 Epoch: 013 Iter:  200/ 600 LR: 0.0000383414 Loss content:  0.0166 Loss fft:  0.8013 Loss dta_rank:  0.6015 Loss dta_tv:  0.0299 Loss dta_proxy:  0.1916 Loss dta_trans:  0.0064 Loss dta_phys:  0.0070 Loss dta_preserve:  0.0048
Time:  0.0777 Epoch: 013 Iter:  250/ 600 LR: 0.0000383414 Loss content:  0.0170 Loss fft:  0.7938 Loss dta_rank:  0.6001 Loss dta_tv:  0.0290 Loss dta_proxy:  0.2023 Loss dta_trans:  0.0063 Loss dta_phys:  0.0065 Loss dta_preserve:  0.0063
Time:  0.0780 Epoch: 013 Iter:  300/ 600 LR: 0.0000383414 Loss content:  0.0178 Loss fft:  0.8723 Loss dta_rank:  0.6022 Loss dta_tv:  0.0296 Loss dta_proxy:  0.1925 Loss dta_trans:  0.0061 Loss dta_phys:  0.0062 Loss dta_preserve:  0.0066
Time:  0.0766 Epoch: 013 Iter:  350/ 600 LR: 0.0000383414 Loss content:  0.0169 Loss fft:  0.8269 Loss dta_rank:  0.6034 Loss dta_tv:  0.0298 Loss dta_proxy:  0.1932 Loss dta_trans:  0.0061 Loss dta_phys:  0.0070 Loss dta_preserve:  0.0072
Time:  0.0750 Epoch: 013 Iter:  400/ 600 LR: 0.0000383414 Loss content:  0.0177 Loss fft:  0.8180 Loss dta_rank:  0.6058 Loss dta_tv:  0.0287 Loss dta_proxy:  0.2071 Loss dta_trans:  0.0063 Loss dta_phys:  0.0069 Loss dta_preserve:  0.0048
Time:  0.0753 Epoch: 013 Iter:  450/ 600 LR: 0.0000383414 Loss content:  0.0171 Loss fft:  0.8276 Loss dta_rank:  0.6042 Loss dta_tv:  0.0297 Loss dta_proxy:  0.1899 Loss dta_trans:  0.0062 Loss dta_phys:  0.0072 Loss dta_preserve:  0.0065
Time:  0.0686 Epoch: 013 Iter:  500/ 600 LR: 0.0000383414 Loss content:  0.0167 Loss fft:  0.8242 Loss dta_rank:  0.6059 Loss dta_tv:  0.0291 Loss dta_proxy:  0.2057 Loss dta_trans:  0.0051 Loss dta_phys:  0.0060 Loss dta_preserve:  0.0056
Time:  0.0743 Epoch: 013 Iter:  550/ 600 LR: 0.0000383414 Loss content:  0.0175 Loss fft:  0.8470 Loss dta_rank:  0.5999 Loss dta_tv:  0.0289 Loss dta_proxy:  0.1981 Loss dta_trans:  0.0058 Loss dta_phys:  0.0064 Loss dta_preserve:  0.0064
Time:  0.0745 Epoch: 013 Iter:  600/ 600 LR: 0.0000383414 Loss content:  0.0168 Loss fft:  0.8166 Loss dta_rank:  0.6020 Loss dta_tv:  0.0296 Loss dta_proxy:  0.1947 Loss dta_trans:  0.0057 Loss dta_phys:  0.0069 Loss dta_preserve:  0.0042
EPOCH: 13
Elapsed time: 0.91 Epoch Pixel Loss:  0.0172 Epoch FFT Loss:  0.8235 Epoch DTA Rank:  0.6029 Epoch DTA TV:  0.0294 Epoch DTA Proxy:  0.1979 Epoch DTA Trans:  0.0060 Epoch DTA Phys:  0.0067 Epoch DTA Preserve:  0.0057
DTA_GATE_RAMP epoch=14 gate_limit=0.060000
Time:  0.0812 Epoch: 014 Iter:   50/ 600 LR: 0.0000297690 Loss content:  0.0177 Loss fft:  0.8214 Loss dta_rank:  0.6037 Loss dta_tv:  0.0292 Loss dta_proxy:  0.1968 Loss dta_trans:  0.0060 Loss dta_phys:  0.0070 Loss dta_preserve:  0.0053
Time:  0.0752 Epoch: 014 Iter:  100/ 600 LR: 0.0000297690 Loss content:  0.0160 Loss fft:  0.7895 Loss dta_rank:  0.6044 Loss dta_tv:  0.0295 Loss dta_proxy:  0.1945 Loss dta_trans:  0.0058 Loss dta_phys:  0.0071 Loss dta_preserve:  0.0046
Time:  0.0774 Epoch: 014 Iter:  150/ 600 LR: 0.0000297690 Loss content:  0.0170 Loss fft:  0.8244 Loss dta_rank:  0.6040 Loss dta_tv:  0.0295 Loss dta_proxy:  0.1903 Loss dta_trans:  0.0054 Loss dta_phys:  0.0068 Loss dta_preserve:  0.0053
Time:  0.0772 Epoch: 014 Iter:  200/ 600 LR: 0.0000297690 Loss content:  0.0171 Loss fft:  0.8272 Loss dta_rank:  0.6003 Loss dta_tv:  0.0294 Loss dta_proxy:  0.1921 Loss dta_trans:  0.0055 Loss dta_phys:  0.0061 Loss dta_preserve:  0.0044
Time:  0.0760 Epoch: 014 Iter:  250/ 600 LR: 0.0000297690 Loss content:  0.0182 Loss fft:  0.8191 Loss dta_rank:  0.6018 Loss dta_tv:  0.0286 Loss dta_proxy:  0.2120 Loss dta_trans:  0.0062 Loss dta_phys:  0.0059 Loss dta_preserve:  0.0061
Time:  0.0774 Epoch: 014 Iter:  300/ 600 LR: 0.0000297690 Loss content:  0.0169 Loss fft:  0.8058 Loss dta_rank:  0.5945 Loss dta_tv:  0.0288 Loss dta_proxy:  0.1928 Loss dta_trans:  0.0052 Loss dta_phys:  0.0067 Loss dta_preserve:  0.0040
Time:  0.0770 Epoch: 014 Iter:  350/ 600 LR: 0.0000297690 Loss content:  0.0176 Loss fft:  0.8532 Loss dta_rank:  0.6070 Loss dta_tv:  0.0296 Loss dta_proxy:  0.2023 Loss dta_trans:  0.0059 Loss dta_phys:  0.0065 Loss dta_preserve:  0.0043
Time:  0.0781 Epoch: 014 Iter:  400/ 600 LR: 0.0000297690 Loss content:  0.0172 Loss fft:  0.8160 Loss dta_rank:  0.6012 Loss dta_tv:  0.0290 Loss dta_proxy:  0.1963 Loss dta_trans:  0.0060 Loss dta_phys:  0.0072 Loss dta_preserve:  0.0055
Time:  0.0792 Epoch: 014 Iter:  450/ 600 LR: 0.0000297690 Loss content:  0.0178 Loss fft:  0.8454 Loss dta_rank:  0.6016 Loss dta_tv:  0.0293 Loss dta_proxy:  0.1886 Loss dta_trans:  0.0058 Loss dta_phys:  0.0064 Loss dta_preserve:  0.0055
Time:  0.0709 Epoch: 014 Iter:  500/ 600 LR: 0.0000297690 Loss content:  0.0173 Loss fft:  0.8115 Loss dta_rank:  0.6073 Loss dta_tv:  0.0296 Loss dta_proxy:  0.1945 Loss dta_trans:  0.0056 Loss dta_phys:  0.0063 Loss dta_preserve:  0.0060
Time:  0.0616 Epoch: 014 Iter:  550/ 600 LR: 0.0000297690 Loss content:  0.0167 Loss fft:  0.7983 Loss dta_rank:  0.6033 Loss dta_tv:  0.0285 Loss dta_proxy:  0.2066 Loss dta_trans:  0.0058 Loss dta_phys:  0.0070 Loss dta_preserve:  0.0052
Time:  0.0595 Epoch: 014 Iter:  600/ 600 LR: 0.0000297690 Loss content:  0.0166 Loss fft:  0.8262 Loss dta_rank:  0.6041 Loss dta_tv:  0.0287 Loss dta_proxy:  0.1905 Loss dta_trans:  0.0053 Loss dta_phys:  0.0068 Loss dta_preserve:  0.0040
EPOCH: 14
Elapsed time: 0.89 Epoch Pixel Loss:  0.0172 Epoch FFT Loss:  0.8198 Epoch DTA Rank:  0.6028 Epoch DTA TV:  0.0291 Epoch DTA Proxy:  0.1964 Epoch DTA Trans:  0.0057 Epoch DTA Phys:  0.0067 Epoch DTA Preserve:  0.0050
DTA_GATE_RAMP epoch=15 gate_limit=0.060000
Time:  0.0683 Epoch: 015 Iter:   50/ 600 LR: 0.0000219361 Loss content:  0.0172 Loss fft:  0.8051 Loss dta_rank:  0.6050 Loss dta_tv:  0.0291 Loss dta_proxy:  0.1911 Loss dta_trans:  0.0062 Loss dta_phys:  0.0066 Loss dta_preserve:  0.0058
Time:  0.0704 Epoch: 015 Iter:  100/ 600 LR: 0.0000219361 Loss content:  0.0171 Loss fft:  0.8015 Loss dta_rank:  0.6051 Loss dta_tv:  0.0293 Loss dta_proxy:  0.1931 Loss dta_trans:  0.0064 Loss dta_phys:  0.0065 Loss dta_preserve:  0.0042
Time:  0.0720 Epoch: 015 Iter:  150/ 600 LR: 0.0000219361 Loss content:  0.0180 Loss fft:  0.8461 Loss dta_rank:  0.6034 Loss dta_tv:  0.0297 Loss dta_proxy:  0.1938 Loss dta_trans:  0.0060 Loss dta_phys:  0.0071 Loss dta_preserve:  0.0049
Time:  0.0762 Epoch: 015 Iter:  200/ 600 LR: 0.0000219361 Loss content:  0.0165 Loss fft:  0.8093 Loss dta_rank:  0.6032 Loss dta_tv:  0.0300 Loss dta_proxy:  0.1904 Loss dta_trans:  0.0067 Loss dta_phys:  0.0073 Loss dta_preserve:  0.0045
Time:  0.0683 Epoch: 015 Iter:  250/ 600 LR: 0.0000219361 Loss content:  0.0169 Loss fft:  0.7920 Loss dta_rank:  0.6028 Loss dta_tv:  0.0292 Loss dta_proxy:  0.2009 Loss dta_trans:  0.0060 Loss dta_phys:  0.0070 Loss dta_preserve:  0.0046
Time:  0.0736 Epoch: 015 Iter:  300/ 600 LR: 0.0000219361 Loss content:  0.0170 Loss fft:  0.8221 Loss dta_rank:  0.5994 Loss dta_tv:  0.0290 Loss dta_proxy:  0.2044 Loss dta_trans:  0.0056 Loss dta_phys:  0.0069 Loss dta_preserve:  0.0050
Time:  0.0757 Epoch: 015 Iter:  350/ 600 LR: 0.0000219361 Loss content:  0.0177 Loss fft:  0.8187 Loss dta_rank:  0.6042 Loss dta_tv:  0.0298 Loss dta_proxy:  0.1948 Loss dta_trans:  0.0058 Loss dta_phys:  0.0068 Loss dta_preserve:  0.0068
Time:  0.0739 Epoch: 015 Iter:  400/ 600 LR: 0.0000219361 Loss content:  0.0167 Loss fft:  0.7949 Loss dta_rank:  0.6036 Loss dta_tv:  0.0286 Loss dta_proxy:  0.2078 Loss dta_trans:  0.0054 Loss dta_phys:  0.0074 Loss dta_preserve:  0.0056
Time:  0.0765 Epoch: 015 Iter:  450/ 600 LR: 0.0000219361 Loss content:  0.0175 Loss fft:  0.8375 Loss dta_rank:  0.6016 Loss dta_tv:  0.0291 Loss dta_proxy:  0.1914 Loss dta_trans:  0.0052 Loss dta_phys:  0.0079 Loss dta_preserve:  0.0054
Time:  0.0742 Epoch: 015 Iter:  500/ 600 LR: 0.0000219361 Loss content:  0.0177 Loss fft:  0.8753 Loss dta_rank:  0.5944 Loss dta_tv:  0.0292 Loss dta_proxy:  0.1929 Loss dta_trans:  0.0054 Loss dta_phys:  0.0062 Loss dta_preserve:  0.0040
Time:  0.0772 Epoch: 015 Iter:  550/ 600 LR: 0.0000219361 Loss content:  0.0179 Loss fft:  0.8400 Loss dta_rank:  0.5993 Loss dta_tv:  0.0292 Loss dta_proxy:  0.1998 Loss dta_trans:  0.0049 Loss dta_phys:  0.0056 Loss dta_preserve:  0.0073
Time:  0.0724 Epoch: 015 Iter:  600/ 600 LR: 0.0000219361 Loss content:  0.0173 Loss fft:  0.8476 Loss dta_rank:  0.6011 Loss dta_tv:  0.0281 Loss dta_proxy:  0.2038 Loss dta_trans:  0.0054 Loss dta_phys:  0.0057 Loss dta_preserve:  0.0051
EPOCH: 15
Elapsed time: 0.88 Epoch Pixel Loss:  0.0173 Epoch FFT Loss:  0.8242 Epoch DTA Rank:  0.6019 Epoch DTA TV:  0.0292 Epoch DTA Proxy:  0.1970 Epoch DTA Trans:  0.0057 Epoch DTA Phys:  0.0067 Epoch DTA Preserve:  0.0053
DTA_GATE_RAMP epoch=16 gate_limit=0.060000
Time:  0.0795 Epoch: 016 Iter:   50/ 600 LR: 0.0000151017 Loss content:  0.0181 Loss fft:  0.8307 Loss dta_rank:  0.6020 Loss dta_tv:  0.0288 Loss dta_proxy:  0.1934 Loss dta_trans:  0.0057 Loss dta_phys:  0.0064 Loss dta_preserve:  0.0070
Time:  0.0764 Epoch: 016 Iter:  100/ 600 LR: 0.0000151017 Loss content:  0.0180 Loss fft:  0.8560 Loss dta_rank:  0.6029 Loss dta_tv:  0.0282 Loss dta_proxy:  0.2092 Loss dta_trans:  0.0055 Loss dta_phys:  0.0068 Loss dta_preserve:  0.0046
Time:  0.0746 Epoch: 016 Iter:  150/ 600 LR: 0.0000151017 Loss content:  0.0169 Loss fft:  0.8254 Loss dta_rank:  0.5981 Loss dta_tv:  0.0289 Loss dta_proxy:  0.1939 Loss dta_trans:  0.0054 Loss dta_phys:  0.0058 Loss dta_preserve:  0.0042
Time:  0.0727 Epoch: 016 Iter:  200/ 600 LR: 0.0000151017 Loss content:  0.0163 Loss fft:  0.7710 Loss dta_rank:  0.6054 Loss dta_tv:  0.0296 Loss dta_proxy:  0.1924 Loss dta_trans:  0.0060 Loss dta_phys:  0.0063 Loss dta_preserve:  0.0042
Time:  0.0770 Epoch: 016 Iter:  250/ 600 LR: 0.0000151017 Loss content:  0.0167 Loss fft:  0.7986 Loss dta_rank:  0.6051 Loss dta_tv:  0.0291 Loss dta_proxy:  0.1929 Loss dta_trans:  0.0067 Loss dta_phys:  0.0069 Loss dta_preserve:  0.0047
Time:  0.0761 Epoch: 016 Iter:  300/ 600 LR: 0.0000151017 Loss content:  0.0174 Loss fft:  0.8648 Loss dta_rank:  0.6014 Loss dta_tv:  0.0290 Loss dta_proxy:  0.1945 Loss dta_trans:  0.0058 Loss dta_phys:  0.0070 Loss dta_preserve:  0.0062
Time:  0.0746 Epoch: 016 Iter:  350/ 600 LR: 0.0000151017 Loss content:  0.0168 Loss fft:  0.8233 Loss dta_rank:  0.6025 Loss dta_tv:  0.0298 Loss dta_proxy:  0.1917 Loss dta_trans:  0.0066 Loss dta_phys:  0.0066 Loss dta_preserve:  0.0052
Time:  0.0773 Epoch: 016 Iter:  400/ 600 LR: 0.0000151017 Loss content:  0.0164 Loss fft:  0.7792 Loss dta_rank:  0.6034 Loss dta_tv:  0.0282 Loss dta_proxy:  0.2004 Loss dta_trans:  0.0055 Loss dta_phys:  0.0071 Loss dta_preserve:  0.0063
Time:  0.0707 Epoch: 016 Iter:  450/ 600 LR: 0.0000151017 Loss content:  0.0177 Loss fft:  0.8296 Loss dta_rank:  0.6010 Loss dta_tv:  0.0282 Loss dta_proxy:  0.1978 Loss dta_trans:  0.0049 Loss dta_phys:  0.0070 Loss dta_preserve:  0.0055
Time:  0.0725 Epoch: 016 Iter:  500/ 600 LR: 0.0000151017 Loss content:  0.0166 Loss fft:  0.8013 Loss dta_rank:  0.6005 Loss dta_tv:  0.0289 Loss dta_proxy:  0.1928 Loss dta_trans:  0.0053 Loss dta_phys:  0.0067 Loss dta_preserve:  0.0068
Time:  0.0746 Epoch: 016 Iter:  550/ 600 LR: 0.0000151017 Loss content:  0.0172 Loss fft:  0.8222 Loss dta_rank:  0.5997 Loss dta_tv:  0.0291 Loss dta_proxy:  0.1898 Loss dta_trans:  0.0066 Loss dta_phys:  0.0069 Loss dta_preserve:  0.0056
Time:  0.0727 Epoch: 016 Iter:  600/ 600 LR: 0.0000151017 Loss content:  0.0171 Loss fft:  0.8344 Loss dta_rank:  0.6055 Loss dta_tv:  0.0293 Loss dta_proxy:  0.2010 Loss dta_trans:  0.0064 Loss dta_phys:  0.0066 Loss dta_preserve:  0.0053
EPOCH: 16
Elapsed time: 0.90 Epoch Pixel Loss:  0.0171 Epoch FFT Loss:  0.8197 Epoch DTA Rank:  0.6023 Epoch DTA TV:  0.0289 Epoch DTA Proxy:  0.1958 Epoch DTA Trans:  0.0059 Epoch DTA Phys:  0.0067 Epoch DTA Preserve:  0.0055
DTA_GATE_RAMP epoch=17 gate_limit=0.060000
Time:  0.0800 Epoch: 017 Iter:   50/ 600 LR: 0.0000094853 Loss content:  0.0172 Loss fft:  0.8160 Loss dta_rank:  0.6027 Loss dta_tv:  0.0280 Loss dta_proxy:  0.2112 Loss dta_trans:  0.0052 Loss dta_phys:  0.0077 Loss dta_preserve:  0.0049
Time:  0.0815 Epoch: 017 Iter:  100/ 600 LR: 0.0000094853 Loss content:  0.0172 Loss fft:  0.8340 Loss dta_rank:  0.6013 Loss dta_tv:  0.0281 Loss dta_proxy:  0.1998 Loss dta_trans:  0.0058 Loss dta_phys:  0.0063 Loss dta_preserve:  0.0049
Time:  0.0788 Epoch: 017 Iter:  150/ 600 LR: 0.0000094853 Loss content:  0.0173 Loss fft:  0.8168 Loss dta_rank:  0.5983 Loss dta_tv:  0.0287 Loss dta_proxy:  0.1951 Loss dta_trans:  0.0048 Loss dta_phys:  0.0059 Loss dta_preserve:  0.0053
Time:  0.0747 Epoch: 017 Iter:  200/ 600 LR: 0.0000094853 Loss content:  0.0168 Loss fft:  0.8182 Loss dta_rank:  0.6027 Loss dta_tv:  0.0291 Loss dta_proxy:  0.1920 Loss dta_trans:  0.0051 Loss dta_phys:  0.0067 Loss dta_preserve:  0.0048
Time:  0.0737 Epoch: 017 Iter:  250/ 600 LR: 0.0000094853 Loss content:  0.0168 Loss fft:  0.8108 Loss dta_rank:  0.6047 Loss dta_tv:  0.0291 Loss dta_proxy:  0.1943 Loss dta_trans:  0.0063 Loss dta_phys:  0.0067 Loss dta_preserve:  0.0062
Time:  0.0697 Epoch: 017 Iter:  300/ 600 LR: 0.0000094853 Loss content:  0.0173 Loss fft:  0.8055 Loss dta_rank:  0.6022 Loss dta_tv:  0.0293 Loss dta_proxy:  0.1919 Loss dta_trans:  0.0063 Loss dta_phys:  0.0067 Loss dta_preserve:  0.0073
Time:  0.0697 Epoch: 017 Iter:  350/ 600 LR: 0.0000094853 Loss content:  0.0171 Loss fft:  0.8154 Loss dta_rank:  0.5982 Loss dta_tv:  0.0302 Loss dta_proxy:  0.1848 Loss dta_trans:  0.0058 Loss dta_phys:  0.0068 Loss dta_preserve:  0.0051
Time:  0.0745 Epoch: 017 Iter:  400/ 600 LR: 0.0000094853 Loss content:  0.0170 Loss fft:  0.8096 Loss dta_rank:  0.6028 Loss dta_tv:  0.0289 Loss dta_proxy:  0.1927 Loss dta_trans:  0.0059 Loss dta_phys:  0.0069 Loss dta_preserve:  0.0047
Time:  0.0700 Epoch: 017 Iter:  450/ 600 LR: 0.0000094853 Loss content:  0.0169 Loss fft:  0.8379 Loss dta_rank:  0.6062 Loss dta_tv:  0.0297 Loss dta_proxy:  0.1962 Loss dta_trans:  0.0056 Loss dta_phys:  0.0064 Loss dta_preserve:  0.0064
Time:  0.0700 Epoch: 017 Iter:  500/ 600 LR: 0.0000094853 Loss content:  0.0165 Loss fft:  0.7901 Loss dta_rank:  0.6017 Loss dta_tv:  0.0290 Loss dta_proxy:  0.1972 Loss dta_trans:  0.0062 Loss dta_phys:  0.0066 Loss dta_preserve:  0.0040
Time:  0.0749 Epoch: 017 Iter:  550/ 600 LR: 0.0000094853 Loss content:  0.0181 Loss fft:  0.8441 Loss dta_rank:  0.6029 Loss dta_tv:  0.0287 Loss dta_proxy:  0.2015 Loss dta_trans:  0.0053 Loss dta_phys:  0.0068 Loss dta_preserve:  0.0059
Time:  0.0742 Epoch: 017 Iter:  600/ 600 LR: 0.0000094853 Loss content:  0.0175 Loss fft:  0.8148 Loss dta_rank:  0.6060 Loss dta_tv:  0.0285 Loss dta_proxy:  0.1916 Loss dta_trans:  0.0067 Loss dta_phys:  0.0064 Loss dta_preserve:  0.0052
EPOCH: 17
Elapsed time: 0.90 Epoch Pixel Loss:  0.0171 Epoch FFT Loss:  0.8178 Epoch DTA Rank:  0.6025 Epoch DTA TV:  0.0289 Epoch DTA Proxy:  0.1957 Epoch DTA Trans:  0.0057 Epoch DTA Phys:  0.0067 Epoch DTA Preserve:  0.0054
DTA_GATE_RAMP epoch=18 gate_limit=0.060000
Time:  0.0831 Epoch: 018 Iter:   50/ 600 LR: 0.0000052550 Loss content:  0.0161 Loss fft:  0.7780 Loss dta_rank:  0.6034 Loss dta_tv:  0.0292 Loss dta_proxy:  0.1884 Loss dta_trans:  0.0066 Loss dta_phys:  0.0075 Loss dta_preserve:  0.0049
Time:  0.0757 Epoch: 018 Iter:  100/ 600 LR: 0.0000052550 Loss content:  0.0173 Loss fft:  0.8224 Loss dta_rank:  0.6039 Loss dta_tv:  0.0282 Loss dta_proxy:  0.2041 Loss dta_trans:  0.0060 Loss dta_phys:  0.0073 Loss dta_preserve:  0.0052
Time:  0.0752 Epoch: 018 Iter:  150/ 600 LR: 0.0000052550 Loss content:  0.0166 Loss fft:  0.8023 Loss dta_rank:  0.6032 Loss dta_tv:  0.0287 Loss dta_proxy:  0.1966 Loss dta_trans:  0.0051 Loss dta_phys:  0.0068 Loss dta_preserve:  0.0057
Time:  0.0759 Epoch: 018 Iter:  200/ 600 LR: 0.0000052550 Loss content:  0.0168 Loss fft:  0.8267 Loss dta_rank:  0.5986 Loss dta_tv:  0.0293 Loss dta_proxy:  0.1954 Loss dta_trans:  0.0059 Loss dta_phys:  0.0064 Loss dta_preserve:  0.0051
Time:  0.0753 Epoch: 018 Iter:  250/ 600 LR: 0.0000052550 Loss content:  0.0181 Loss fft:  0.8516 Loss dta_rank:  0.6033 Loss dta_tv:  0.0290 Loss dta_proxy:  0.1972 Loss dta_trans:  0.0058 Loss dta_phys:  0.0071 Loss dta_preserve:  0.0061
Time:  0.0734 Epoch: 018 Iter:  300/ 600 LR: 0.0000052550 Loss content:  0.0167 Loss fft:  0.7996 Loss dta_rank:  0.6039 Loss dta_tv:  0.0287 Loss dta_proxy:  0.2022 Loss dta_trans:  0.0051 Loss dta_phys:  0.0062 Loss dta_preserve:  0.0040
Time:  0.0786 Epoch: 018 Iter:  350/ 600 LR: 0.0000052550 Loss content:  0.0169 Loss fft:  0.7776 Loss dta_rank:  0.6039 Loss dta_tv:  0.0292 Loss dta_proxy:  0.1989 Loss dta_trans:  0.0059 Loss dta_phys:  0.0065 Loss dta_preserve:  0.0040
Time:  0.0753 Epoch: 018 Iter:  400/ 600 LR: 0.0000052550 Loss content:  0.0174 Loss fft:  0.8197 Loss dta_rank:  0.6007 Loss dta_tv:  0.0294 Loss dta_proxy:  0.1865 Loss dta_trans:  0.0059 Loss dta_phys:  0.0065 Loss dta_preserve:  0.0046
Time:  0.0758 Epoch: 018 Iter:  450/ 600 LR: 0.0000052550 Loss content:  0.0185 Loss fft:  0.8494 Loss dta_rank:  0.6030 Loss dta_tv:  0.0288 Loss dta_proxy:  0.2053 Loss dta_trans:  0.0064 Loss dta_phys:  0.0063 Loss dta_preserve:  0.0058
Time:  0.0759 Epoch: 018 Iter:  500/ 600 LR: 0.0000052550 Loss content:  0.0173 Loss fft:  0.8007 Loss dta_rank:  0.6055 Loss dta_tv:  0.0280 Loss dta_proxy:  0.2019 Loss dta_trans:  0.0053 Loss dta_phys:  0.0069 Loss dta_preserve:  0.0051
Time:  0.0746 Epoch: 018 Iter:  550/ 600 LR: 0.0000052550 Loss content:  0.0177 Loss fft:  0.8436 Loss dta_rank:  0.6029 Loss dta_tv:  0.0287 Loss dta_proxy:  0.1901 Loss dta_trans:  0.0053 Loss dta_phys:  0.0069 Loss dta_preserve:  0.0050
Time:  0.0731 Epoch: 018 Iter:  600/ 600 LR: 0.0000052550 Loss content:  0.0174 Loss fft:  0.8616 Loss dta_rank:  0.6016 Loss dta_tv:  0.0292 Loss dta_proxy:  0.1956 Loss dta_trans:  0.0057 Loss dta_phys:  0.0060 Loss dta_preserve:  0.0056
EPOCH: 18
Elapsed time: 0.91 Epoch Pixel Loss:  0.0172 Epoch FFT Loss:  0.8194 Epoch DTA Rank:  0.6028 Epoch DTA TV:  0.0289 Epoch DTA Proxy:  0.1968 Epoch DTA Trans:  0.0057 Epoch DTA Phys:  0.0067 Epoch DTA Preserve:  0.0051
DTA_GATE_RAMP epoch=19 gate_limit=0.060000
Time:  0.0731 Epoch: 019 Iter:   50/ 600 LR: 0.0000025070 Loss content:  0.0175 Loss fft:  0.8716 Loss dta_rank:  0.6006 Loss dta_tv:  0.0294 Loss dta_proxy:  0.1884 Loss dta_trans:  0.0051 Loss dta_phys:  0.0065 Loss dta_preserve:  0.0045
Time:  0.0697 Epoch: 019 Iter:  100/ 600 LR: 0.0000025070 Loss content:  0.0170 Loss fft:  0.8207 Loss dta_rank:  0.6062 Loss dta_tv:  0.0297 Loss dta_proxy:  0.1938 Loss dta_trans:  0.0066 Loss dta_phys:  0.0059 Loss dta_preserve:  0.0052
Time:  0.0769 Epoch: 019 Iter:  150/ 600 LR: 0.0000025070 Loss content:  0.0175 Loss fft:  0.8190 Loss dta_rank:  0.6043 Loss dta_tv:  0.0293 Loss dta_proxy:  0.1958 Loss dta_trans:  0.0065 Loss dta_phys:  0.0062 Loss dta_preserve:  0.0074
Time:  0.0750 Epoch: 019 Iter:  200/ 600 LR: 0.0000025070 Loss content:  0.0176 Loss fft:  0.8336 Loss dta_rank:  0.5983 Loss dta_tv:  0.0284 Loss dta_proxy:  0.2001 Loss dta_trans:  0.0057 Loss dta_phys:  0.0065 Loss dta_preserve:  0.0058
Time:  0.0744 Epoch: 019 Iter:  250/ 600 LR: 0.0000025070 Loss content:  0.0173 Loss fft:  0.8268 Loss dta_rank:  0.6048 Loss dta_tv:  0.0285 Loss dta_proxy:  0.1998 Loss dta_trans:  0.0062 Loss dta_phys:  0.0072 Loss dta_preserve:  0.0052
Time:  0.0748 Epoch: 019 Iter:  300/ 600 LR: 0.0000025070 Loss content:  0.0167 Loss fft:  0.7935 Loss dta_rank:  0.6050 Loss dta_tv:  0.0282 Loss dta_proxy:  0.1997 Loss dta_trans:  0.0060 Loss dta_phys:  0.0074 Loss dta_preserve:  0.0058
Time:  0.0743 Epoch: 019 Iter:  350/ 600 LR: 0.0000025070 Loss content:  0.0170 Loss fft:  0.7965 Loss dta_rank:  0.6041 Loss dta_tv:  0.0286 Loss dta_proxy:  0.1958 Loss dta_trans:  0.0056 Loss dta_phys:  0.0073 Loss dta_preserve:  0.0054
Time:  0.0753 Epoch: 019 Iter:  400/ 600 LR: 0.0000025070 Loss content:  0.0170 Loss fft:  0.8033 Loss dta_rank:  0.6031 Loss dta_tv:  0.0283 Loss dta_proxy:  0.1989 Loss dta_trans:  0.0052 Loss dta_phys:  0.0071 Loss dta_preserve:  0.0055
Time:  0.0742 Epoch: 019 Iter:  450/ 600 LR: 0.0000025070 Loss content:  0.0171 Loss fft:  0.8457 Loss dta_rank:  0.5993 Loss dta_tv:  0.0291 Loss dta_proxy:  0.1921 Loss dta_trans:  0.0048 Loss dta_phys:  0.0069 Loss dta_preserve:  0.0049
Time:  0.0768 Epoch: 019 Iter:  500/ 600 LR: 0.0000025070 Loss content:  0.0174 Loss fft:  0.8309 Loss dta_rank:  0.6003 Loss dta_tv:  0.0290 Loss dta_proxy:  0.1963 Loss dta_trans:  0.0054 Loss dta_phys:  0.0066 Loss dta_preserve:  0.0049
Time:  0.0767 Epoch: 019 Iter:  550/ 600 LR: 0.0000025070 Loss content:  0.0171 Loss fft:  0.8063 Loss dta_rank:  0.6054 Loss dta_tv:  0.0287 Loss dta_proxy:  0.1958 Loss dta_trans:  0.0048 Loss dta_phys:  0.0064 Loss dta_preserve:  0.0048
Time:  0.0762 Epoch: 019 Iter:  600/ 600 LR: 0.0000025070 Loss content:  0.0173 Loss fft:  0.8116 Loss dta_rank:  0.6048 Loss dta_tv:  0.0287 Loss dta_proxy:  0.1969 Loss dta_trans:  0.0059 Loss dta_phys:  0.0062 Loss dta_preserve:  0.0046
EPOCH: 19
Elapsed time: 0.90 Epoch Pixel Loss:  0.0172 Epoch FFT Loss:  0.8216 Epoch DTA Rank:  0.6030 Epoch DTA TV:  0.0288 Epoch DTA Proxy:  0.1961 Epoch DTA Trans:  0.0057 Epoch DTA Phys:  0.0067 Epoch DTA Preserve:  0.0053
DTA_GATE_RAMP epoch=20 gate_limit=0.060000
Time:  0.0814 Epoch: 020 Iter:   50/ 600 LR: 0.0000012125 Loss content:  0.0162 Loss fft:  0.7835 Loss dta_rank:  0.6025 Loss dta_tv:  0.0285 Loss dta_proxy:  0.1987 Loss dta_trans:  0.0064 Loss dta_phys:  0.0067 Loss dta_preserve:  0.0039
Time:  0.0735 Epoch: 020 Iter:  100/ 600 LR: 0.0000012125 Loss content:  0.0161 Loss fft:  0.7848 Loss dta_rank:  0.6085 Loss dta_tv:  0.0297 Loss dta_proxy:  0.1952 Loss dta_trans:  0.0058 Loss dta_phys:  0.0065 Loss dta_preserve:  0.0041
Time:  0.0762 Epoch: 020 Iter:  150/ 600 LR: 0.0000012125 Loss content:  0.0174 Loss fft:  0.8336 Loss dta_rank:  0.6000 Loss dta_tv:  0.0287 Loss dta_proxy:  0.1879 Loss dta_trans:  0.0057 Loss dta_phys:  0.0066 Loss dta_preserve:  0.0048
Time:  0.0781 Epoch: 020 Iter:  200/ 600 LR: 0.0000012125 Loss content:  0.0185 Loss fft:  0.8787 Loss dta_rank:  0.6039 Loss dta_tv:  0.0287 Loss dta_proxy:  0.2089 Loss dta_trans:  0.0054 Loss dta_phys:  0.0062 Loss dta_preserve:  0.0047
Time:  0.0770 Epoch: 020 Iter:  250/ 600 LR: 0.0000012125 Loss content:  0.0165 Loss fft:  0.8054 Loss dta_rank:  0.6016 Loss dta_tv:  0.0289 Loss dta_proxy:  0.1986 Loss dta_trans:  0.0046 Loss dta_phys:  0.0070 Loss dta_preserve:  0.0041
Time:  0.0751 Epoch: 020 Iter:  300/ 600 LR: 0.0000012125 Loss content:  0.0179 Loss fft:  0.8244 Loss dta_rank:  0.6040 Loss dta_tv:  0.0289 Loss dta_proxy:  0.1956 Loss dta_trans:  0.0059 Loss dta_phys:  0.0064 Loss dta_preserve:  0.0055
Time:  0.0752 Epoch: 020 Iter:  350/ 600 LR: 0.0000012125 Loss content:  0.0177 Loss fft:  0.8570 Loss dta_rank:  0.6001 Loss dta_tv:  0.0294 Loss dta_proxy:  0.1911 Loss dta_trans:  0.0057 Loss dta_phys:  0.0070 Loss dta_preserve:  0.0055
Time:  0.0773 Epoch: 020 Iter:  400/ 600 LR: 0.0000012125 Loss content:  0.0176 Loss fft:  0.8237 Loss dta_rank:  0.6065 Loss dta_tv:  0.0276 Loss dta_proxy:  0.2118 Loss dta_trans:  0.0059 Loss dta_phys:  0.0063 Loss dta_preserve:  0.0048
Time:  0.0603 Epoch: 020 Iter:  450/ 600 LR: 0.0000012125 Loss content:  0.0162 Loss fft:  0.7865 Loss dta_rank:  0.5997 Loss dta_tv:  0.0292 Loss dta_proxy:  0.1957 Loss dta_trans:  0.0055 Loss dta_phys:  0.0075 Loss dta_preserve:  0.0047
Time:  0.0663 Epoch: 020 Iter:  500/ 600 LR: 0.0000012125 Loss content:  0.0165 Loss fft:  0.7755 Loss dta_rank:  0.6068 Loss dta_tv:  0.0281 Loss dta_proxy:  0.2038 Loss dta_trans:  0.0062 Loss dta_phys:  0.0064 Loss dta_preserve:  0.0049
Time:  0.0694 Epoch: 020 Iter:  550/ 600 LR: 0.0000012125 Loss content:  0.0161 Loss fft:  0.8034 Loss dta_rank:  0.6006 Loss dta_tv:  0.0292 Loss dta_proxy:  0.1992 Loss dta_trans:  0.0062 Loss dta_phys:  0.0074 Loss dta_preserve:  0.0044
Time:  0.0718 Epoch: 020 Iter:  600/ 600 LR: 0.0000012125 Loss content:  0.0169 Loss fft:  0.7991 Loss dta_rank:  0.6059 Loss dta_tv:  0.0293 Loss dta_proxy:  0.1924 Loss dta_trans:  0.0057 Loss dta_phys:  0.0071 Loss dta_preserve:  0.0066
EPOCH: 20
Elapsed time: 0.89 Epoch Pixel Loss:  0.0170 Epoch FFT Loss:  0.8130 Epoch DTA Rank:  0.6033 Epoch DTA TV:  0.0288 Epoch DTA Proxy:  0.1982 Epoch DTA Trans:  0.0058 Epoch DTA Phys:  0.0068 Epoch DTA Preserve:  0.0048
