Namespace(model_name='ConvIR-Haze4K-DTA-v2-adapter_only-normal-seed3411-f0-oof20', data='Haze4K', version='base', fam_mode='original', arch='dta_v2', seed=3411, mode='train', data_dir='/sda/home/wangyuxin/ConvIR-B/datasets/Haze4K/Haze4K', batch_size=4, learning_rate=0.0001, weight_decay=0.0, num_epoch=20, stop_epoch=20, print_freq=50, num_worker=4, save_freq=5, valid_freq=9999, mod_stats_freq=5, mod_stats_batches=16, grad_clip_norm=0.001, dta_grad_clip_norm=0.05, dta_neighbor_grad_clip_norm=0.005, init_model='/sda/home/wangyuxin/ConvIR-B/checkpoints/official/Haze4K/haze4k-base.pkl', init_model_partial=True, partial_new_prefixes='DTA.', resume='', train_scope='adapter_only', dta_depth_cache_dir='/sda/home/wangyuxin/ConvIR-B/depth_cache/depth_anything_v2_small_hf', dta_train_depth_split='train', dta_eval_depth_split='train', valid_root_split='train', eval_root_split='test', dta_require_depth=True, dta_variant='v2', dta_depth_mode='normal', dta_prior_channels=32, dta_gate_bias=-6.0, dta_gate_limit=0.06, dta_gamma_limit=0.12, dta_beta_limit=0.06, dta_alpha_init=1.0, dta_confidence_floor=0.25, dta_confidence_local_scale=6.0, dta_output_residual_scale=0.03, dta_use_trans_gt=True, dta_trans_weight=0.02, dta_phys_weight=0.005, dta_preserve_weight=0.02, dta_preserve_trans_thresh=0.8, dta_gate_ramp_start=0.01, dta_gate_ramp_mid=0.03, dta_gate_ramp_end=0.06, dta_gate_ramp_warmup_epochs=2, dta_gate_ramp_mid_epochs=8, dta_rank_weight=0.001, dta_tv_weight=0.0001, dta_proxy_weight=0.0, dta_rank_pairs=512, dta_rank_min_depth_gap=0.03, split_json='/sda/home/wangyuxin/ConvIR-B/repos/ConvIR-B-dta-v2-calibrated/experience_docx/experiment_logs/haze4k_dta_v2_calibrated_20260611/dta_v2_haze4k_oof_splits_seed3407.json', split_name='fold0_train', test_model='', save_image=False, leaning_rate=0.0001, model_save_dir='results/ConvIR-Haze4K-DTA-v2-adapter_only-normal-seed3411-f0-oof20/Training-Results/', result_dir='results/ConvIR-Haze4K-DTA-v2-adapter_only-normal-seed3411-f0-oof20/images/Haze4K', init_model_sha256='6f42037d57a4e3de3a10ac0ab909d66a3415864a19433c29204a975f4efa4088')
/sda/home/wangyuxin/ConvIR-B/repos/ConvIR-B-dta-v2-calibrated/Dehazing/ITS/main.py:14: FutureWarning: You are using `torch.load` with `weights_only=False` (the current default value), which uses the default pickle module implicitly. It is possible to construct malicious pickle data which will execute arbitrary code during unpickling (See https://github.com/pytorch/pytorch/blob/main/SECURITY.md#untrusted-models for more details). In a future release, the default value for `weights_only` will be flipped to `True`. This limits the functions that could be executed during unpickling. Arbitrary objects will no longer be allowed to be loaded via this mode unless they are explicitly allowlisted by the user via `torch.serialization.add_safe_globals`. We recommend you start setting `weights_only=True` for any use case where you don't have full control of the loaded file. Please open an issue on GitHub for any issues related to this experimental feature.
  state = torch.load(path, map_location=map_location)
INIT_MODEL_PARTIAL_LOAD path=/sda/home/wangyuxin/ConvIR-B/checkpoints/official/Haze4K/haze4k-base.pkl loaded=602 missing_allowed=25 unexpected=[] allowed_new_prefixes=('DTA.',)
TRAIN_SCOPE scope=adapter_only arch=dta_v2 trainable=74699 total=8705364
/sda/home/wangyuxin/ConvIR-B/envs/convir-cu121/lib/python3.10/site-packages/torch/optim/lr_scheduler.py:224: UserWarning: Detected call of `lr_scheduler.step()` before `optimizer.step()`. In PyTorch 1.1.0 and later, you should call them in the opposite order: `optimizer.step()` before `lr_scheduler.step()`.  Failure to do this will result in PyTorch skipping the first value of the learning rate schedule. See more details at https://pytorch.org/docs/stable/optim.html#how-to-adjust-learning-rate
  warnings.warn(
DTA_GATE_RAMP epoch=1 gate_limit=0.010000
Time:  0.0934 Epoch: 001 Iter:   50/ 600 LR: 0.0000333333 Loss content:  0.0173 Loss fft:  0.8296 Loss dta_rank:  0.6938 Loss dta_tv:  0.0029 Loss dta_proxy:  0.2747 Loss dta_trans:  0.0412 Loss dta_phys:  0.0082 Loss dta_preserve:  0.0046
Time:  0.0704 Epoch: 001 Iter:  100/ 600 LR: 0.0000333333 Loss content:  0.0173 Loss fft:  0.8001 Loss dta_rank:  0.6963 Loss dta_tv:  0.0100 Loss dta_proxy:  0.3233 Loss dta_trans:  0.0345 Loss dta_phys:  0.0089 Loss dta_preserve:  0.0045
Time:  0.0769 Epoch: 001 Iter:  150/ 600 LR: 0.0000333333 Loss content:  0.0173 Loss fft:  0.8146 Loss dta_rank:  0.7036 Loss dta_tv:  0.0152 Loss dta_proxy:  0.3563 Loss dta_trans:  0.0293 Loss dta_phys:  0.0084 Loss dta_preserve:  0.0046
Time:  0.0722 Epoch: 001 Iter:  200/ 600 LR: 0.0000333333 Loss content:  0.0169 Loss fft:  0.7995 Loss dta_rank:  0.7131 Loss dta_tv:  0.0199 Loss dta_proxy:  0.3861 Loss dta_trans:  0.0247 Loss dta_phys:  0.0080 Loss dta_preserve:  0.0055
Time:  0.0793 Epoch: 001 Iter:  250/ 600 LR: 0.0000333333 Loss content:  0.0178 Loss fft:  0.8182 Loss dta_rank:  0.7234 Loss dta_tv:  0.0253 Loss dta_proxy:  0.3892 Loss dta_trans:  0.0181 Loss dta_phys:  0.0079 Loss dta_preserve:  0.0052
Time:  0.0687 Epoch: 001 Iter:  300/ 600 LR: 0.0000333333 Loss content:  0.0169 Loss fft:  0.8191 Loss dta_rank:  0.7360 Loss dta_tv:  0.0292 Loss dta_proxy:  0.4075 Loss dta_trans:  0.0152 Loss dta_phys:  0.0070 Loss dta_preserve:  0.0056
Time:  0.0685 Epoch: 001 Iter:  350/ 600 LR: 0.0000333333 Loss content:  0.0176 Loss fft:  0.8400 Loss dta_rank:  0.7411 Loss dta_tv:  0.0330 Loss dta_proxy:  0.4058 Loss dta_trans:  0.0128 Loss dta_phys:  0.0064 Loss dta_preserve:  0.0049
Time:  0.0663 Epoch: 001 Iter:  400/ 600 LR: 0.0000333333 Loss content:  0.0174 Loss fft:  0.8150 Loss dta_rank:  0.7511 Loss dta_tv:  0.0345 Loss dta_proxy:  0.4205 Loss dta_trans:  0.0116 Loss dta_phys:  0.0068 Loss dta_preserve:  0.0063
Time:  0.0655 Epoch: 001 Iter:  450/ 600 LR: 0.0000333333 Loss content:  0.0177 Loss fft:  0.8278 Loss dta_rank:  0.7531 Loss dta_tv:  0.0350 Loss dta_proxy:  0.4424 Loss dta_trans:  0.0113 Loss dta_phys:  0.0079 Loss dta_preserve:  0.0045
Time:  0.0697 Epoch: 001 Iter:  500/ 600 LR: 0.0000333333 Loss content:  0.0177 Loss fft:  0.8375 Loss dta_rank:  0.7624 Loss dta_tv:  0.0354 Loss dta_proxy:  0.4448 Loss dta_trans:  0.0104 Loss dta_phys:  0.0069 Loss dta_preserve:  0.0051
Time:  0.0710 Epoch: 001 Iter:  550/ 600 LR: 0.0000333333 Loss content:  0.0161 Loss fft:  0.8032 Loss dta_rank:  0.7610 Loss dta_tv:  0.0369 Loss dta_proxy:  0.4349 Loss dta_trans:  0.0104 Loss dta_phys:  0.0068 Loss dta_preserve:  0.0048
Time:  0.0705 Epoch: 001 Iter:  600/ 600 LR: 0.0000333333 Loss content:  0.0166 Loss fft:  0.8279 Loss dta_rank:  0.7598 Loss dta_tv:  0.0355 Loss dta_proxy:  0.4486 Loss dta_trans:  0.0102 Loss dta_phys:  0.0068 Loss dta_preserve:  0.0069
EPOCH: 01
Elapsed time: 0.87 Epoch Pixel Loss:  0.0172 Epoch FFT Loss:  0.8194 Epoch DTA Rank:  0.7329 Epoch DTA TV:  0.0261 Epoch DTA Proxy:  0.3945 Epoch DTA Trans:  0.0191 Epoch DTA Phys:  0.0075 Epoch DTA Preserve:  0.0052
DTA_GATE_RAMP epoch=2 gate_limit=0.010000
Time:  0.0810 Epoch: 002 Iter:   50/ 600 LR: 0.0000666667 Loss content:  0.0176 Loss fft:  0.8433 Loss dta_rank:  0.7623 Loss dta_tv:  0.0358 Loss dta_proxy:  0.4513 Loss dta_trans:  0.0113 Loss dta_phys:  0.0071 Loss dta_preserve:  0.0047
Time:  0.0751 Epoch: 002 Iter:  100/ 600 LR: 0.0000666667 Loss content:  0.0168 Loss fft:  0.8020 Loss dta_rank:  0.7615 Loss dta_tv:  0.0368 Loss dta_proxy:  0.4232 Loss dta_trans:  0.0101 Loss dta_phys:  0.0076 Loss dta_preserve:  0.0048
Time:  0.0748 Epoch: 002 Iter:  150/ 600 LR: 0.0000666667 Loss content:  0.0167 Loss fft:  0.8170 Loss dta_rank:  0.7643 Loss dta_tv:  0.0354 Loss dta_proxy:  0.4400 Loss dta_trans:  0.0097 Loss dta_phys:  0.0070 Loss dta_preserve:  0.0047
Time:  0.0766 Epoch: 002 Iter:  200/ 600 LR: 0.0000666667 Loss content:  0.0175 Loss fft:  0.8007 Loss dta_rank:  0.7667 Loss dta_tv:  0.0367 Loss dta_proxy:  0.4473 Loss dta_trans:  0.0098 Loss dta_phys:  0.0073 Loss dta_preserve:  0.0056
Time:  0.0743 Epoch: 002 Iter:  250/ 600 LR: 0.0000666667 Loss content:  0.0167 Loss fft:  0.7814 Loss dta_rank:  0.7621 Loss dta_tv:  0.0356 Loss dta_proxy:  0.4352 Loss dta_trans:  0.0088 Loss dta_phys:  0.0068 Loss dta_preserve:  0.0050
Time:  0.0731 Epoch: 002 Iter:  300/ 600 LR: 0.0000666667 Loss content:  0.0171 Loss fft:  0.8088 Loss dta_rank:  0.7603 Loss dta_tv:  0.0345 Loss dta_proxy:  0.4530 Loss dta_trans:  0.0093 Loss dta_phys:  0.0069 Loss dta_preserve:  0.0047
Time:  0.0697 Epoch: 002 Iter:  350/ 600 LR: 0.0000666667 Loss content:  0.0179 Loss fft:  0.8431 Loss dta_rank:  0.7663 Loss dta_tv:  0.0355 Loss dta_proxy:  0.4372 Loss dta_trans:  0.0087 Loss dta_phys:  0.0064 Loss dta_preserve:  0.0045
Time:  0.0734 Epoch: 002 Iter:  400/ 600 LR: 0.0000666667 Loss content:  0.0171 Loss fft:  0.8498 Loss dta_rank:  0.7676 Loss dta_tv:  0.0345 Loss dta_proxy:  0.4523 Loss dta_trans:  0.0091 Loss dta_phys:  0.0061 Loss dta_preserve:  0.0052
Time:  0.0739 Epoch: 002 Iter:  450/ 600 LR: 0.0000666667 Loss content:  0.0169 Loss fft:  0.7869 Loss dta_rank:  0.7649 Loss dta_tv:  0.0344 Loss dta_proxy:  0.4510 Loss dta_trans:  0.0089 Loss dta_phys:  0.0078 Loss dta_preserve:  0.0052
Time:  0.0659 Epoch: 002 Iter:  500/ 600 LR: 0.0000666667 Loss content:  0.0177 Loss fft:  0.8438 Loss dta_rank:  0.7661 Loss dta_tv:  0.0348 Loss dta_proxy:  0.4348 Loss dta_trans:  0.0099 Loss dta_phys:  0.0077 Loss dta_preserve:  0.0045
Time:  0.0729 Epoch: 002 Iter:  550/ 600 LR: 0.0000666667 Loss content:  0.0178 Loss fft:  0.8202 Loss dta_rank:  0.7682 Loss dta_tv:  0.0338 Loss dta_proxy:  0.4446 Loss dta_trans:  0.0081 Loss dta_phys:  0.0066 Loss dta_preserve:  0.0058
Time:  0.0699 Epoch: 002 Iter:  600/ 600 LR: 0.0000666667 Loss content:  0.0171 Loss fft:  0.8123 Loss dta_rank:  0.7692 Loss dta_tv:  0.0326 Loss dta_proxy:  0.4758 Loss dta_trans:  0.0082 Loss dta_phys:  0.0069 Loss dta_preserve:  0.0064
EPOCH: 02
Elapsed time: 0.88 Epoch Pixel Loss:  0.0172 Epoch FFT Loss:  0.8174 Epoch DTA Rank:  0.7650 Epoch DTA TV:  0.0350 Epoch DTA Proxy:  0.4455 Epoch DTA Trans:  0.0093 Epoch DTA Phys:  0.0070 Epoch DTA Preserve:  0.0051
DTA_GATE_RAMP epoch=3 gate_limit=0.030000
Time:  0.0733 Epoch: 003 Iter:   50/ 600 LR: 0.0001000000 Loss content:  0.0181 Loss fft:  0.8584 Loss dta_rank:  0.7700 Loss dta_tv:  0.0328 Loss dta_proxy:  0.4390 Loss dta_trans:  0.0089 Loss dta_phys:  0.0065 Loss dta_preserve:  0.0043
Time:  0.0756 Epoch: 003 Iter:  100/ 600 LR: 0.0001000000 Loss content:  0.0174 Loss fft:  0.8420 Loss dta_rank:  0.7701 Loss dta_tv:  0.0331 Loss dta_proxy:  0.4588 Loss dta_trans:  0.0072 Loss dta_phys:  0.0061 Loss dta_preserve:  0.0054
Time:  0.0634 Epoch: 003 Iter:  150/ 600 LR: 0.0001000000 Loss content:  0.0164 Loss fft:  0.7861 Loss dta_rank:  0.7651 Loss dta_tv:  0.0332 Loss dta_proxy:  0.4471 Loss dta_trans:  0.0090 Loss dta_phys:  0.0070 Loss dta_preserve:  0.0054
Time:  0.0599 Epoch: 003 Iter:  200/ 600 LR: 0.0001000000 Loss content:  0.0173 Loss fft:  0.8306 Loss dta_rank:  0.7679 Loss dta_tv:  0.0326 Loss dta_proxy:  0.4420 Loss dta_trans:  0.0081 Loss dta_phys:  0.0067 Loss dta_preserve:  0.0065
Time:  0.0605 Epoch: 003 Iter:  250/ 600 LR: 0.0001000000 Loss content:  0.0178 Loss fft:  0.8267 Loss dta_rank:  0.7642 Loss dta_tv:  0.0317 Loss dta_proxy:  0.4538 Loss dta_trans:  0.0086 Loss dta_phys:  0.0072 Loss dta_preserve:  0.0054
Time:  0.0617 Epoch: 003 Iter:  300/ 600 LR: 0.0001000000 Loss content:  0.0174 Loss fft:  0.8278 Loss dta_rank:  0.7641 Loss dta_tv:  0.0322 Loss dta_proxy:  0.4391 Loss dta_trans:  0.0084 Loss dta_phys:  0.0066 Loss dta_preserve:  0.0052
Time:  0.0630 Epoch: 003 Iter:  350/ 600 LR: 0.0001000000 Loss content:  0.0171 Loss fft:  0.8047 Loss dta_rank:  0.7660 Loss dta_tv:  0.0317 Loss dta_proxy:  0.4496 Loss dta_trans:  0.0087 Loss dta_phys:  0.0073 Loss dta_preserve:  0.0053
Time:  0.0623 Epoch: 003 Iter:  400/ 600 LR: 0.0001000000 Loss content:  0.0168 Loss fft:  0.8132 Loss dta_rank:  0.7653 Loss dta_tv:  0.0308 Loss dta_proxy:  0.4614 Loss dta_trans:  0.0076 Loss dta_phys:  0.0068 Loss dta_preserve:  0.0049
Time:  0.0617 Epoch: 003 Iter:  450/ 600 LR: 0.0001000000 Loss content:  0.0174 Loss fft:  0.8274 Loss dta_rank:  0.7733 Loss dta_tv:  0.0309 Loss dta_proxy:  0.4471 Loss dta_trans:  0.0073 Loss dta_phys:  0.0069 Loss dta_preserve:  0.0057
Time:  0.0625 Epoch: 003 Iter:  500/ 600 LR: 0.0001000000 Loss content:  0.0168 Loss fft:  0.8137 Loss dta_rank:  0.7752 Loss dta_tv:  0.0309 Loss dta_proxy:  0.4493 Loss dta_trans:  0.0072 Loss dta_phys:  0.0075 Loss dta_preserve:  0.0045
Time:  0.0591 Epoch: 003 Iter:  550/ 600 LR: 0.0001000000 Loss content:  0.0171 Loss fft:  0.8322 Loss dta_rank:  0.7719 Loss dta_tv:  0.0306 Loss dta_proxy:  0.4668 Loss dta_trans:  0.0073 Loss dta_phys:  0.0073 Loss dta_preserve:  0.0049
Time:  0.0583 Epoch: 003 Iter:  600/ 600 LR: 0.0001000000 Loss content:  0.0167 Loss fft:  0.8079 Loss dta_rank:  0.7732 Loss dta_tv:  0.0309 Loss dta_proxy:  0.4558 Loss dta_trans:  0.0082 Loss dta_phys:  0.0068 Loss dta_preserve:  0.0052
EPOCH: 03
Elapsed time: 0.76 Epoch Pixel Loss:  0.0172 Epoch FFT Loss:  0.8226 Epoch DTA Rank:  0.7688 Epoch DTA TV:  0.0318 Epoch DTA Proxy:  0.4508 Epoch DTA Trans:  0.0080 Epoch DTA Phys:  0.0069 Epoch DTA Preserve:  0.0052
/sda/home/wangyuxin/ConvIR-B/envs/convir-cu121/lib/python3.10/site-packages/torch/optim/lr_scheduler.py:1087: UserWarning: To get the last learning rate computed by the scheduler, please use `get_last_lr()`.
  _warn_get_lr_called_within_step(self)
DTA_GATE_RAMP epoch=4 gate_limit=0.030000
Time:  0.0687 Epoch: 004 Iter:   50/ 600 LR: 0.0001000000 Loss content:  0.0173 Loss fft:  0.8219 Loss dta_rank:  0.7713 Loss dta_tv:  0.0310 Loss dta_proxy:  0.4355 Loss dta_trans:  0.0076 Loss dta_phys:  0.0066 Loss dta_preserve:  0.0062
Time:  0.0620 Epoch: 004 Iter:  100/ 600 LR: 0.0001000000 Loss content:  0.0169 Loss fft:  0.7973 Loss dta_rank:  0.7723 Loss dta_tv:  0.0304 Loss dta_proxy:  0.4460 Loss dta_trans:  0.0081 Loss dta_phys:  0.0071 Loss dta_preserve:  0.0044
Time:  0.0632 Epoch: 004 Iter:  150/ 600 LR: 0.0001000000 Loss content:  0.0171 Loss fft:  0.8255 Loss dta_rank:  0.7706 Loss dta_tv:  0.0297 Loss dta_proxy:  0.4648 Loss dta_trans:  0.0073 Loss dta_phys:  0.0068 Loss dta_preserve:  0.0049
Time:  0.0698 Epoch: 004 Iter:  200/ 600 LR: 0.0001000000 Loss content:  0.0175 Loss fft:  0.8329 Loss dta_rank:  0.7725 Loss dta_tv:  0.0303 Loss dta_proxy:  0.4396 Loss dta_trans:  0.0071 Loss dta_phys:  0.0065 Loss dta_preserve:  0.0051
Time:  0.0690 Epoch: 004 Iter:  250/ 600 LR: 0.0001000000 Loss content:  0.0178 Loss fft:  0.8380 Loss dta_rank:  0.7675 Loss dta_tv:  0.0291 Loss dta_proxy:  0.4618 Loss dta_trans:  0.0075 Loss dta_phys:  0.0078 Loss dta_preserve:  0.0055
Time:  0.0752 Epoch: 004 Iter:  300/ 600 LR: 0.0001000000 Loss content:  0.0165 Loss fft:  0.8144 Loss dta_rank:  0.7789 Loss dta_tv:  0.0309 Loss dta_proxy:  0.4605 Loss dta_trans:  0.0079 Loss dta_phys:  0.0069 Loss dta_preserve:  0.0060
Time:  0.0754 Epoch: 004 Iter:  350/ 600 LR: 0.0001000000 Loss content:  0.0172 Loss fft:  0.8255 Loss dta_rank:  0.7736 Loss dta_tv:  0.0298 Loss dta_proxy:  0.4424 Loss dta_trans:  0.0066 Loss dta_phys:  0.0057 Loss dta_preserve:  0.0058
Time:  0.0755 Epoch: 004 Iter:  400/ 600 LR: 0.0001000000 Loss content:  0.0173 Loss fft:  0.8239 Loss dta_rank:  0.7689 Loss dta_tv:  0.0286 Loss dta_proxy:  0.4643 Loss dta_trans:  0.0078 Loss dta_phys:  0.0071 Loss dta_preserve:  0.0056
Time:  0.0744 Epoch: 004 Iter:  450/ 600 LR: 0.0001000000 Loss content:  0.0162 Loss fft:  0.7963 Loss dta_rank:  0.7759 Loss dta_tv:  0.0292 Loss dta_proxy:  0.4352 Loss dta_trans:  0.0066 Loss dta_phys:  0.0067 Loss dta_preserve:  0.0045
Time:  0.0768 Epoch: 004 Iter:  500/ 600 LR: 0.0001000000 Loss content:  0.0172 Loss fft:  0.8215 Loss dta_rank:  0.7700 Loss dta_tv:  0.0285 Loss dta_proxy:  0.4672 Loss dta_trans:  0.0078 Loss dta_phys:  0.0070 Loss dta_preserve:  0.0050
Time:  0.0765 Epoch: 004 Iter:  550/ 600 LR: 0.0001000000 Loss content:  0.0174 Loss fft:  0.8192 Loss dta_rank:  0.7719 Loss dta_tv:  0.0289 Loss dta_proxy:  0.4529 Loss dta_trans:  0.0080 Loss dta_phys:  0.0069 Loss dta_preserve:  0.0047
Time:  0.0727 Epoch: 004 Iter:  600/ 600 LR: 0.0001000000 Loss content:  0.0173 Loss fft:  0.8177 Loss dta_rank:  0.7681 Loss dta_tv:  0.0282 Loss dta_proxy:  0.4727 Loss dta_trans:  0.0072 Loss dta_phys:  0.0068 Loss dta_preserve:  0.0058
EPOCH: 04
Elapsed time: 0.86 Epoch Pixel Loss:  0.0171 Epoch FFT Loss:  0.8195 Epoch DTA Rank:  0.7718 Epoch DTA TV:  0.0296 Epoch DTA Proxy:  0.4536 Epoch DTA Trans:  0.0074 Epoch DTA Phys:  0.0068 Epoch DTA Preserve:  0.0053
DTA_GATE_RAMP epoch=5 gate_limit=0.030000
Time:  0.0783 Epoch: 005 Iter:   50/ 600 LR: 0.0000983215 Loss content:  0.0172 Loss fft:  0.8172 Loss dta_rank:  0.7725 Loss dta_tv:  0.0289 Loss dta_proxy:  0.4415 Loss dta_trans:  0.0075 Loss dta_phys:  0.0066 Loss dta_preserve:  0.0073
Time:  0.0766 Epoch: 005 Iter:  100/ 600 LR: 0.0000983215 Loss content:  0.0171 Loss fft:  0.8199 Loss dta_rank:  0.7738 Loss dta_tv:  0.0281 Loss dta_proxy:  0.4708 Loss dta_trans:  0.0069 Loss dta_phys:  0.0068 Loss dta_preserve:  0.0051
Time:  0.0679 Epoch: 005 Iter:  150/ 600 LR: 0.0000983215 Loss content:  0.0173 Loss fft:  0.8213 Loss dta_rank:  0.7709 Loss dta_tv:  0.0290 Loss dta_proxy:  0.4351 Loss dta_trans:  0.0075 Loss dta_phys:  0.0060 Loss dta_preserve:  0.0050
Time:  0.0743 Epoch: 005 Iter:  200/ 600 LR: 0.0000983215 Loss content:  0.0181 Loss fft:  0.8477 Loss dta_rank:  0.7705 Loss dta_tv:  0.0282 Loss dta_proxy:  0.4552 Loss dta_trans:  0.0060 Loss dta_phys:  0.0066 Loss dta_preserve:  0.0057
Time:  0.0654 Epoch: 005 Iter:  250/ 600 LR: 0.0000983215 Loss content:  0.0171 Loss fft:  0.8029 Loss dta_rank:  0.7715 Loss dta_tv:  0.0284 Loss dta_proxy:  0.4636 Loss dta_trans:  0.0066 Loss dta_phys:  0.0066 Loss dta_preserve:  0.0060
Time:  0.0658 Epoch: 005 Iter:  300/ 600 LR: 0.0000983215 Loss content:  0.0170 Loss fft:  0.8196 Loss dta_rank:  0.7753 Loss dta_tv:  0.0293 Loss dta_proxy:  0.4428 Loss dta_trans:  0.0070 Loss dta_phys:  0.0065 Loss dta_preserve:  0.0052
Time:  0.0616 Epoch: 005 Iter:  350/ 600 LR: 0.0000983215 Loss content:  0.0165 Loss fft:  0.8109 Loss dta_rank:  0.7747 Loss dta_tv:  0.0281 Loss dta_proxy:  0.4537 Loss dta_trans:  0.0064 Loss dta_phys:  0.0071 Loss dta_preserve:  0.0053
Time:  0.0623 Epoch: 005 Iter:  400/ 600 LR: 0.0000983215 Loss content:  0.0171 Loss fft:  0.8092 Loss dta_rank:  0.7745 Loss dta_tv:  0.0276 Loss dta_proxy:  0.4690 Loss dta_trans:  0.0067 Loss dta_phys:  0.0068 Loss dta_preserve:  0.0044
Time:  0.0608 Epoch: 005 Iter:  450/ 600 LR: 0.0000983215 Loss content:  0.0168 Loss fft:  0.8030 Loss dta_rank:  0.7706 Loss dta_tv:  0.0277 Loss dta_proxy:  0.4571 Loss dta_trans:  0.0068 Loss dta_phys:  0.0071 Loss dta_preserve:  0.0044
Time:  0.0621 Epoch: 005 Iter:  500/ 600 LR: 0.0000983215 Loss content:  0.0173 Loss fft:  0.8274 Loss dta_rank:  0.7749 Loss dta_tv:  0.0273 Loss dta_proxy:  0.4627 Loss dta_trans:  0.0069 Loss dta_phys:  0.0066 Loss dta_preserve:  0.0053
Time:  0.0611 Epoch: 005 Iter:  550/ 600 LR: 0.0000983215 Loss content:  0.0175 Loss fft:  0.8381 Loss dta_rank:  0.7693 Loss dta_tv:  0.0279 Loss dta_proxy:  0.4592 Loss dta_trans:  0.0078 Loss dta_phys:  0.0071 Loss dta_preserve:  0.0049
Time:  0.0616 Epoch: 005 Iter:  600/ 600 LR: 0.0000983215 Loss content:  0.0170 Loss fft:  0.8001 Loss dta_rank:  0.7779 Loss dta_tv:  0.0282 Loss dta_proxy:  0.4565 Loss dta_trans:  0.0069 Loss dta_phys:  0.0071 Loss dta_preserve:  0.0050
EPOCH: 05
Elapsed time: 0.80 Epoch Pixel Loss:  0.0172 Epoch FFT Loss:  0.8181 Epoch DTA Rank:  0.7730 Epoch DTA TV:  0.0282 Epoch DTA Proxy:  0.4556 Epoch DTA Trans:  0.0069 Epoch DTA Phys:  0.0067 Epoch DTA Preserve:  0.0053
DTA_GATE_RAMP epoch=6 gate_limit=0.030000
Time:  0.0764 Epoch: 006 Iter:   50/ 600 LR: 0.0000942212 Loss content:  0.0179 Loss fft:  0.8424 Loss dta_rank:  0.7675 Loss dta_tv:  0.0279 Loss dta_proxy:  0.4430 Loss dta_trans:  0.0079 Loss dta_phys:  0.0066 Loss dta_preserve:  0.0056
Time:  0.0735 Epoch: 006 Iter:  100/ 600 LR: 0.0000942212 Loss content:  0.0175 Loss fft:  0.8410 Loss dta_rank:  0.7736 Loss dta_tv:  0.0280 Loss dta_proxy:  0.4540 Loss dta_trans:  0.0067 Loss dta_phys:  0.0070 Loss dta_preserve:  0.0040
Time:  0.0750 Epoch: 006 Iter:  150/ 600 LR: 0.0000942212 Loss content:  0.0173 Loss fft:  0.8405 Loss dta_rank:  0.7753 Loss dta_tv:  0.0275 Loss dta_proxy:  0.4482 Loss dta_trans:  0.0058 Loss dta_phys:  0.0057 Loss dta_preserve:  0.0048
Time:  0.0770 Epoch: 006 Iter:  200/ 600 LR: 0.0000942212 Loss content:  0.0165 Loss fft:  0.8039 Loss dta_rank:  0.7722 Loss dta_tv:  0.0270 Loss dta_proxy:  0.4745 Loss dta_trans:  0.0062 Loss dta_phys:  0.0077 Loss dta_preserve:  0.0056
Time:  0.0759 Epoch: 006 Iter:  250/ 600 LR: 0.0000942212 Loss content:  0.0177 Loss fft:  0.8367 Loss dta_rank:  0.7749 Loss dta_tv:  0.0267 Loss dta_proxy:  0.4643 Loss dta_trans:  0.0067 Loss dta_phys:  0.0062 Loss dta_preserve:  0.0045
Time:  0.0709 Epoch: 006 Iter:  300/ 600 LR: 0.0000942212 Loss content:  0.0168 Loss fft:  0.8129 Loss dta_rank:  0.7754 Loss dta_tv:  0.0273 Loss dta_proxy:  0.4591 Loss dta_trans:  0.0069 Loss dta_phys:  0.0074 Loss dta_preserve:  0.0051
Time:  0.0705 Epoch: 006 Iter:  350/ 600 LR: 0.0000942212 Loss content:  0.0171 Loss fft:  0.8299 Loss dta_rank:  0.7705 Loss dta_tv:  0.0277 Loss dta_proxy:  0.4360 Loss dta_trans:  0.0077 Loss dta_phys:  0.0066 Loss dta_preserve:  0.0058
Time:  0.0745 Epoch: 006 Iter:  400/ 600 LR: 0.0000942212 Loss content:  0.0172 Loss fft:  0.8305 Loss dta_rank:  0.7708 Loss dta_tv:  0.0259 Loss dta_proxy:  0.4768 Loss dta_trans:  0.0077 Loss dta_phys:  0.0064 Loss dta_preserve:  0.0052
Time:  0.0737 Epoch: 006 Iter:  450/ 600 LR: 0.0000942212 Loss content:  0.0171 Loss fft:  0.7943 Loss dta_rank:  0.7758 Loss dta_tv:  0.0279 Loss dta_proxy:  0.4505 Loss dta_trans:  0.0063 Loss dta_phys:  0.0069 Loss dta_preserve:  0.0048
Time:  0.0762 Epoch: 006 Iter:  500/ 600 LR: 0.0000942212 Loss content:  0.0168 Loss fft:  0.8051 Loss dta_rank:  0.7735 Loss dta_tv:  0.0264 Loss dta_proxy:  0.4731 Loss dta_trans:  0.0061 Loss dta_phys:  0.0071 Loss dta_preserve:  0.0058
Time:  0.0751 Epoch: 006 Iter:  550/ 600 LR: 0.0000942212 Loss content:  0.0170 Loss fft:  0.8269 Loss dta_rank:  0.7766 Loss dta_tv:  0.0272 Loss dta_proxy:  0.4664 Loss dta_trans:  0.0064 Loss dta_phys:  0.0067 Loss dta_preserve:  0.0041
Time:  0.0752 Epoch: 006 Iter:  600/ 600 LR: 0.0000942212 Loss content:  0.0175 Loss fft:  0.8024 Loss dta_rank:  0.7688 Loss dta_tv:  0.0275 Loss dta_proxy:  0.4564 Loss dta_trans:  0.0065 Loss dta_phys:  0.0072 Loss dta_preserve:  0.0051
EPOCH: 06
Elapsed time: 0.90 Epoch Pixel Loss:  0.0172 Epoch FFT Loss:  0.8222 Epoch DTA Rank:  0.7729 Epoch DTA TV:  0.0273 Epoch DTA Proxy:  0.4585 Epoch DTA Trans:  0.0068 Epoch DTA Phys:  0.0068 Epoch DTA Preserve:  0.0050
DTA_GATE_RAMP epoch=7 gate_limit=0.030000
Time:  0.0786 Epoch: 007 Iter:   50/ 600 LR: 0.0000886874 Loss content:  0.0173 Loss fft:  0.8539 Loss dta_rank:  0.7832 Loss dta_tv:  0.0281 Loss dta_proxy:  0.4458 Loss dta_trans:  0.0067 Loss dta_phys:  0.0059 Loss dta_preserve:  0.0048
Time:  0.0769 Epoch: 007 Iter:  100/ 600 LR: 0.0000886874 Loss content:  0.0171 Loss fft:  0.8105 Loss dta_rank:  0.7725 Loss dta_tv:  0.0263 Loss dta_proxy:  0.4645 Loss dta_trans:  0.0062 Loss dta_phys:  0.0068 Loss dta_preserve:  0.0044
Time:  0.0753 Epoch: 007 Iter:  150/ 600 LR: 0.0000886874 Loss content:  0.0166 Loss fft:  0.8022 Loss dta_rank:  0.7726 Loss dta_tv:  0.0262 Loss dta_proxy:  0.4876 Loss dta_trans:  0.0065 Loss dta_phys:  0.0080 Loss dta_preserve:  0.0050
Time:  0.0771 Epoch: 007 Iter:  200/ 600 LR: 0.0000886874 Loss content:  0.0175 Loss fft:  0.8415 Loss dta_rank:  0.7769 Loss dta_tv:  0.0271 Loss dta_proxy:  0.4434 Loss dta_trans:  0.0068 Loss dta_phys:  0.0063 Loss dta_preserve:  0.0054
Time:  0.0695 Epoch: 007 Iter:  250/ 600 LR: 0.0000886874 Loss content:  0.0169 Loss fft:  0.8057 Loss dta_rank:  0.7734 Loss dta_tv:  0.0258 Loss dta_proxy:  0.4734 Loss dta_trans:  0.0063 Loss dta_phys:  0.0068 Loss dta_preserve:  0.0041
Time:  0.0654 Epoch: 007 Iter:  300/ 600 LR: 0.0000886874 Loss content:  0.0162 Loss fft:  0.7804 Loss dta_rank:  0.7734 Loss dta_tv:  0.0269 Loss dta_proxy:  0.4469 Loss dta_trans:  0.0083 Loss dta_phys:  0.0070 Loss dta_preserve:  0.0043
Time:  0.0744 Epoch: 007 Iter:  350/ 600 LR: 0.0000886874 Loss content:  0.0181 Loss fft:  0.8288 Loss dta_rank:  0.7723 Loss dta_tv:  0.0261 Loss dta_proxy:  0.4699 Loss dta_trans:  0.0075 Loss dta_phys:  0.0066 Loss dta_preserve:  0.0054
Time:  0.0728 Epoch: 007 Iter:  400/ 600 LR: 0.0000886874 Loss content:  0.0166 Loss fft:  0.8001 Loss dta_rank:  0.7756 Loss dta_tv:  0.0269 Loss dta_proxy:  0.4719 Loss dta_trans:  0.0058 Loss dta_phys:  0.0074 Loss dta_preserve:  0.0046
Time:  0.0735 Epoch: 007 Iter:  450/ 600 LR: 0.0000886874 Loss content:  0.0170 Loss fft:  0.8169 Loss dta_rank:  0.7652 Loss dta_tv:  0.0275 Loss dta_proxy:  0.4488 Loss dta_trans:  0.0066 Loss dta_phys:  0.0070 Loss dta_preserve:  0.0044
Time:  0.0745 Epoch: 007 Iter:  500/ 600 LR: 0.0000886874 Loss content:  0.0175 Loss fft:  0.8214 Loss dta_rank:  0.7753 Loss dta_tv:  0.0266 Loss dta_proxy:  0.4608 Loss dta_trans:  0.0064 Loss dta_phys:  0.0073 Loss dta_preserve:  0.0050
Time:  0.0717 Epoch: 007 Iter:  550/ 600 LR: 0.0000886874 Loss content:  0.0165 Loss fft:  0.8278 Loss dta_rank:  0.7744 Loss dta_tv:  0.0269 Loss dta_proxy:  0.4557 Loss dta_trans:  0.0063 Loss dta_phys:  0.0068 Loss dta_preserve:  0.0056
Time:  0.0712 Epoch: 007 Iter:  600/ 600 LR: 0.0000886874 Loss content:  0.0168 Loss fft:  0.8147 Loss dta_rank:  0.7723 Loss dta_tv:  0.0259 Loss dta_proxy:  0.4646 Loss dta_trans:  0.0056 Loss dta_phys:  0.0066 Loss dta_preserve:  0.0049
EPOCH: 07
Elapsed time: 0.89 Epoch Pixel Loss:  0.0170 Epoch FFT Loss:  0.8170 Epoch DTA Rank:  0.7739 Epoch DTA TV:  0.0267 Epoch DTA Proxy:  0.4611 Epoch DTA Trans:  0.0066 Epoch DTA Phys:  0.0069 Epoch DTA Preserve:  0.0048
DTA_GATE_RAMP epoch=8 gate_limit=0.030000
Time:  0.0782 Epoch: 008 Iter:   50/ 600 LR: 0.0000819070 Loss content:  0.0172 Loss fft:  0.8291 Loss dta_rank:  0.7757 Loss dta_tv:  0.0263 Loss dta_proxy:  0.4592 Loss dta_trans:  0.0058 Loss dta_phys:  0.0063 Loss dta_preserve:  0.0067
Time:  0.0692 Epoch: 008 Iter:  100/ 600 LR: 0.0000819070 Loss content:  0.0171 Loss fft:  0.8041 Loss dta_rank:  0.7765 Loss dta_tv:  0.0263 Loss dta_proxy:  0.4665 Loss dta_trans:  0.0069 Loss dta_phys:  0.0067 Loss dta_preserve:  0.0055
Time:  0.0710 Epoch: 008 Iter:  150/ 600 LR: 0.0000819070 Loss content:  0.0169 Loss fft:  0.7952 Loss dta_rank:  0.7718 Loss dta_tv:  0.0255 Loss dta_proxy:  0.4660 Loss dta_trans:  0.0057 Loss dta_phys:  0.0071 Loss dta_preserve:  0.0057
Time:  0.0767 Epoch: 008 Iter:  200/ 600 LR: 0.0000819070 Loss content:  0.0176 Loss fft:  0.8302 Loss dta_rank:  0.7734 Loss dta_tv:  0.0256 Loss dta_proxy:  0.4677 Loss dta_trans:  0.0065 Loss dta_phys:  0.0069 Loss dta_preserve:  0.0054
Time:  0.0762 Epoch: 008 Iter:  250/ 600 LR: 0.0000819070 Loss content:  0.0169 Loss fft:  0.8105 Loss dta_rank:  0.7754 Loss dta_tv:  0.0259 Loss dta_proxy:  0.4465 Loss dta_trans:  0.0058 Loss dta_phys:  0.0066 Loss dta_preserve:  0.0048
Time:  0.0742 Epoch: 008 Iter:  300/ 600 LR: 0.0000819070 Loss content:  0.0171 Loss fft:  0.8258 Loss dta_rank:  0.7664 Loss dta_tv:  0.0255 Loss dta_proxy:  0.4617 Loss dta_trans:  0.0076 Loss dta_phys:  0.0075 Loss dta_preserve:  0.0049
Time:  0.0753 Epoch: 008 Iter:  350/ 600 LR: 0.0000819070 Loss content:  0.0171 Loss fft:  0.8335 Loss dta_rank:  0.7728 Loss dta_tv:  0.0263 Loss dta_proxy:  0.4485 Loss dta_trans:  0.0066 Loss dta_phys:  0.0064 Loss dta_preserve:  0.0053
Time:  0.0736 Epoch: 008 Iter:  400/ 600 LR: 0.0000819070 Loss content:  0.0179 Loss fft:  0.8267 Loss dta_rank:  0.7756 Loss dta_tv:  0.0266 Loss dta_proxy:  0.4417 Loss dta_trans:  0.0070 Loss dta_phys:  0.0069 Loss dta_preserve:  0.0052
Time:  0.0765 Epoch: 008 Iter:  450/ 600 LR: 0.0000819070 Loss content:  0.0171 Loss fft:  0.8196 Loss dta_rank:  0.7687 Loss dta_tv:  0.0255 Loss dta_proxy:  0.4708 Loss dta_trans:  0.0063 Loss dta_phys:  0.0071 Loss dta_preserve:  0.0046
Time:  0.0746 Epoch: 008 Iter:  500/ 600 LR: 0.0000819070 Loss content:  0.0170 Loss fft:  0.8024 Loss dta_rank:  0.7764 Loss dta_tv:  0.0262 Loss dta_proxy:  0.4397 Loss dta_trans:  0.0060 Loss dta_phys:  0.0067 Loss dta_preserve:  0.0049
Time:  0.0758 Epoch: 008 Iter:  550/ 600 LR: 0.0000819070 Loss content:  0.0164 Loss fft:  0.7981 Loss dta_rank:  0.7702 Loss dta_tv:  0.0257 Loss dta_proxy:  0.4563 Loss dta_trans:  0.0063 Loss dta_phys:  0.0071 Loss dta_preserve:  0.0050
Time:  0.0741 Epoch: 008 Iter:  600/ 600 LR: 0.0000819070 Loss content:  0.0170 Loss fft:  0.8365 Loss dta_rank:  0.7735 Loss dta_tv:  0.0270 Loss dta_proxy:  0.4504 Loss dta_trans:  0.0073 Loss dta_phys:  0.0066 Loss dta_preserve:  0.0054
EPOCH: 08
Elapsed time: 0.90 Epoch Pixel Loss:  0.0171 Epoch FFT Loss:  0.8177 Epoch DTA Rank:  0.7731 Epoch DTA TV:  0.0260 Epoch DTA Proxy:  0.4562 Epoch DTA Trans:  0.0065 Epoch DTA Phys:  0.0068 Epoch DTA Preserve:  0.0053
DTA_GATE_RAMP epoch=9 gate_limit=0.060000
Time:  0.0803 Epoch: 009 Iter:   50/ 600 LR: 0.0000741093 Loss content:  0.0160 Loss fft:  0.7771 Loss dta_rank:  0.7778 Loss dta_tv:  0.0264 Loss dta_proxy:  0.4560 Loss dta_trans:  0.0061 Loss dta_phys:  0.0066 Loss dta_preserve:  0.0041
Time:  0.0767 Epoch: 009 Iter:  100/ 600 LR: 0.0000741093 Loss content:  0.0181 Loss fft:  0.8497 Loss dta_rank:  0.7747 Loss dta_tv:  0.0253 Loss dta_proxy:  0.4726 Loss dta_trans:  0.0062 Loss dta_phys:  0.0073 Loss dta_preserve:  0.0052
Time:  0.0738 Epoch: 009 Iter:  150/ 600 LR: 0.0000741093 Loss content:  0.0167 Loss fft:  0.7816 Loss dta_rank:  0.7757 Loss dta_tv:  0.0262 Loss dta_proxy:  0.4515 Loss dta_trans:  0.0068 Loss dta_phys:  0.0073 Loss dta_preserve:  0.0045
Time:  0.0743 Epoch: 009 Iter:  200/ 600 LR: 0.0000741093 Loss content:  0.0174 Loss fft:  0.8373 Loss dta_rank:  0.7766 Loss dta_tv:  0.0257 Loss dta_proxy:  0.4597 Loss dta_trans:  0.0067 Loss dta_phys:  0.0065 Loss dta_preserve:  0.0059
Time:  0.0751 Epoch: 009 Iter:  250/ 600 LR: 0.0000741093 Loss content:  0.0178 Loss fft:  0.8286 Loss dta_rank:  0.7728 Loss dta_tv:  0.0258 Loss dta_proxy:  0.4629 Loss dta_trans:  0.0064 Loss dta_phys:  0.0068 Loss dta_preserve:  0.0048
Time:  0.0710 Epoch: 009 Iter:  300/ 600 LR: 0.0000741093 Loss content:  0.0168 Loss fft:  0.7956 Loss dta_rank:  0.7693 Loss dta_tv:  0.0258 Loss dta_proxy:  0.4531 Loss dta_trans:  0.0068 Loss dta_phys:  0.0068 Loss dta_preserve:  0.0043
Time:  0.0728 Epoch: 009 Iter:  350/ 600 LR: 0.0000741093 Loss content:  0.0183 Loss fft:  0.8718 Loss dta_rank:  0.7820 Loss dta_tv:  0.0265 Loss dta_proxy:  0.4475 Loss dta_trans:  0.0067 Loss dta_phys:  0.0059 Loss dta_preserve:  0.0048
Time:  0.0675 Epoch: 009 Iter:  400/ 600 LR: 0.0000741093 Loss content:  0.0172 Loss fft:  0.8203 Loss dta_rank:  0.7683 Loss dta_tv:  0.0253 Loss dta_proxy:  0.4548 Loss dta_trans:  0.0068 Loss dta_phys:  0.0069 Loss dta_preserve:  0.0066
Time:  0.0769 Epoch: 009 Iter:  450/ 600 LR: 0.0000741093 Loss content:  0.0172 Loss fft:  0.7985 Loss dta_rank:  0.7720 Loss dta_tv:  0.0245 Loss dta_proxy:  0.4596 Loss dta_trans:  0.0067 Loss dta_phys:  0.0067 Loss dta_preserve:  0.0040
Time:  0.0739 Epoch: 009 Iter:  500/ 600 LR: 0.0000741093 Loss content:  0.0174 Loss fft:  0.8406 Loss dta_rank:  0.7751 Loss dta_tv:  0.0254 Loss dta_proxy:  0.4711 Loss dta_trans:  0.0054 Loss dta_phys:  0.0067 Loss dta_preserve:  0.0053
Time:  0.0775 Epoch: 009 Iter:  550/ 600 LR: 0.0000741093 Loss content:  0.0167 Loss fft:  0.7991 Loss dta_rank:  0.7750 Loss dta_tv:  0.0263 Loss dta_proxy:  0.4508 Loss dta_trans:  0.0056 Loss dta_phys:  0.0065 Loss dta_preserve:  0.0047
Time:  0.0730 Epoch: 009 Iter:  600/ 600 LR: 0.0000741093 Loss content:  0.0169 Loss fft:  0.8137 Loss dta_rank:  0.7797 Loss dta_tv:  0.0257 Loss dta_proxy:  0.4618 Loss dta_trans:  0.0073 Loss dta_phys:  0.0070 Loss dta_preserve:  0.0063
EPOCH: 09
Elapsed time: 0.90 Epoch Pixel Loss:  0.0172 Epoch FFT Loss:  0.8178 Epoch DTA Rank:  0.7749 Epoch DTA TV:  0.0257 Epoch DTA Proxy:  0.4585 Epoch DTA Trans:  0.0065 Epoch DTA Phys:  0.0067 Epoch DTA Preserve:  0.0050
DTA_GATE_RAMP epoch=10 gate_limit=0.060000
Time:  0.0781 Epoch: 010 Iter:   50/ 600 LR: 0.0000655580 Loss content:  0.0171 Loss fft:  0.8128 Loss dta_rank:  0.7651 Loss dta_tv:  0.0256 Loss dta_proxy:  0.4446 Loss dta_trans:  0.0080 Loss dta_phys:  0.0073 Loss dta_preserve:  0.0053
Time:  0.0742 Epoch: 010 Iter:  100/ 600 LR: 0.0000655580 Loss content:  0.0164 Loss fft:  0.8105 Loss dta_rank:  0.7742 Loss dta_tv:  0.0251 Loss dta_proxy:  0.4760 Loss dta_trans:  0.0060 Loss dta_phys:  0.0065 Loss dta_preserve:  0.0053
Time:  0.0729 Epoch: 010 Iter:  150/ 600 LR: 0.0000655580 Loss content:  0.0177 Loss fft:  0.8175 Loss dta_rank:  0.7757 Loss dta_tv:  0.0258 Loss dta_proxy:  0.4571 Loss dta_trans:  0.0071 Loss dta_phys:  0.0067 Loss dta_preserve:  0.0053
Time:  0.0700 Epoch: 010 Iter:  200/ 600 LR: 0.0000655580 Loss content:  0.0172 Loss fft:  0.8180 Loss dta_rank:  0.7745 Loss dta_tv:  0.0254 Loss dta_proxy:  0.4585 Loss dta_trans:  0.0058 Loss dta_phys:  0.0071 Loss dta_preserve:  0.0066
Time:  0.0710 Epoch: 010 Iter:  250/ 600 LR: 0.0000655580 Loss content:  0.0166 Loss fft:  0.7906 Loss dta_rank:  0.7760 Loss dta_tv:  0.0258 Loss dta_proxy:  0.4436 Loss dta_trans:  0.0067 Loss dta_phys:  0.0067 Loss dta_preserve:  0.0040
Time:  0.0753 Epoch: 010 Iter:  300/ 600 LR: 0.0000655580 Loss content:  0.0167 Loss fft:  0.8184 Loss dta_rank:  0.7716 Loss dta_tv:  0.0257 Loss dta_proxy:  0.4573 Loss dta_trans:  0.0061 Loss dta_phys:  0.0063 Loss dta_preserve:  0.0040
Time:  0.0719 Epoch: 010 Iter:  350/ 600 LR: 0.0000655580 Loss content:  0.0178 Loss fft:  0.8323 Loss dta_rank:  0.7751 Loss dta_tv:  0.0258 Loss dta_proxy:  0.4487 Loss dta_trans:  0.0065 Loss dta_phys:  0.0072 Loss dta_preserve:  0.0049
Time:  0.0699 Epoch: 010 Iter:  400/ 600 LR: 0.0000655580 Loss content:  0.0175 Loss fft:  0.8385 Loss dta_rank:  0.7823 Loss dta_tv:  0.0255 Loss dta_proxy:  0.4558 Loss dta_trans:  0.0058 Loss dta_phys:  0.0062 Loss dta_preserve:  0.0053
Time:  0.0721 Epoch: 010 Iter:  450/ 600 LR: 0.0000655580 Loss content:  0.0171 Loss fft:  0.8316 Loss dta_rank:  0.7775 Loss dta_tv:  0.0248 Loss dta_proxy:  0.4751 Loss dta_trans:  0.0061 Loss dta_phys:  0.0067 Loss dta_preserve:  0.0057
Time:  0.0720 Epoch: 010 Iter:  500/ 600 LR: 0.0000655580 Loss content:  0.0165 Loss fft:  0.7951 Loss dta_rank:  0.7775 Loss dta_tv:  0.0253 Loss dta_proxy:  0.4663 Loss dta_trans:  0.0057 Loss dta_phys:  0.0069 Loss dta_preserve:  0.0046
Time:  0.0721 Epoch: 010 Iter:  550/ 600 LR: 0.0000655580 Loss content:  0.0167 Loss fft:  0.8092 Loss dta_rank:  0.7806 Loss dta_tv:  0.0252 Loss dta_proxy:  0.4522 Loss dta_trans:  0.0067 Loss dta_phys:  0.0072 Loss dta_preserve:  0.0053
Time:  0.0749 Epoch: 010 Iter:  600/ 600 LR: 0.0000655580 Loss content:  0.0173 Loss fft:  0.8071 Loss dta_rank:  0.7751 Loss dta_tv:  0.0252 Loss dta_proxy:  0.4598 Loss dta_trans:  0.0058 Loss dta_phys:  0.0067 Loss dta_preserve:  0.0049
EPOCH: 10
Elapsed time: 0.88 Epoch Pixel Loss:  0.0171 Epoch FFT Loss:  0.8151 Epoch DTA Rank:  0.7754 Epoch DTA TV:  0.0254 Epoch DTA Proxy:  0.4579 Epoch DTA Trans:  0.0064 Epoch DTA Phys:  0.0068 Epoch DTA Preserve:  0.0051
DTA_GATE_RAMP epoch=11 gate_limit=0.060000
Time:  0.0789 Epoch: 011 Iter:   50/ 600 LR: 0.0000565424 Loss content:  0.0173 Loss fft:  0.8338 Loss dta_rank:  0.7762 Loss dta_tv:  0.0259 Loss dta_proxy:  0.4490 Loss dta_trans:  0.0067 Loss dta_phys:  0.0065 Loss dta_preserve:  0.0056
Time:  0.0730 Epoch: 011 Iter:  100/ 600 LR: 0.0000565424 Loss content:  0.0171 Loss fft:  0.8202 Loss dta_rank:  0.7743 Loss dta_tv:  0.0251 Loss dta_proxy:  0.4594 Loss dta_trans:  0.0058 Loss dta_phys:  0.0072 Loss dta_preserve:  0.0066
Time:  0.0628 Epoch: 011 Iter:  150/ 600 LR: 0.0000565424 Loss content:  0.0169 Loss fft:  0.8123 Loss dta_rank:  0.7755 Loss dta_tv:  0.0251 Loss dta_proxy:  0.4596 Loss dta_trans:  0.0057 Loss dta_phys:  0.0064 Loss dta_preserve:  0.0063
Time:  0.0623 Epoch: 011 Iter:  200/ 600 LR: 0.0000565424 Loss content:  0.0167 Loss fft:  0.8128 Loss dta_rank:  0.7796 Loss dta_tv:  0.0259 Loss dta_proxy:  0.4576 Loss dta_trans:  0.0067 Loss dta_phys:  0.0071 Loss dta_preserve:  0.0061
Time:  0.0735 Epoch: 011 Iter:  250/ 600 LR: 0.0000565424 Loss content:  0.0168 Loss fft:  0.8170 Loss dta_rank:  0.7818 Loss dta_tv:  0.0245 Loss dta_proxy:  0.4683 Loss dta_trans:  0.0049 Loss dta_phys:  0.0068 Loss dta_preserve:  0.0055
Time:  0.0748 Epoch: 011 Iter:  300/ 600 LR: 0.0000565424 Loss content:  0.0172 Loss fft:  0.8407 Loss dta_rank:  0.7794 Loss dta_tv:  0.0263 Loss dta_proxy:  0.4452 Loss dta_trans:  0.0063 Loss dta_phys:  0.0074 Loss dta_preserve:  0.0061
Time:  0.0762 Epoch: 011 Iter:  350/ 600 LR: 0.0000565424 Loss content:  0.0178 Loss fft:  0.8212 Loss dta_rank:  0.7705 Loss dta_tv:  0.0245 Loss dta_proxy:  0.4816 Loss dta_trans:  0.0064 Loss dta_phys:  0.0073 Loss dta_preserve:  0.0062
Time:  0.0744 Epoch: 011 Iter:  400/ 600 LR: 0.0000565424 Loss content:  0.0164 Loss fft:  0.8075 Loss dta_rank:  0.7696 Loss dta_tv:  0.0253 Loss dta_proxy:  0.4456 Loss dta_trans:  0.0058 Loss dta_phys:  0.0064 Loss dta_preserve:  0.0040
Time:  0.0675 Epoch: 011 Iter:  450/ 600 LR: 0.0000565424 Loss content:  0.0175 Loss fft:  0.8360 Loss dta_rank:  0.7725 Loss dta_tv:  0.0247 Loss dta_proxy:  0.4648 Loss dta_trans:  0.0063 Loss dta_phys:  0.0062 Loss dta_preserve:  0.0053
Time:  0.0664 Epoch: 011 Iter:  500/ 600 LR: 0.0000565424 Loss content:  0.0170 Loss fft:  0.8031 Loss dta_rank:  0.7748 Loss dta_tv:  0.0251 Loss dta_proxy:  0.4490 Loss dta_trans:  0.0063 Loss dta_phys:  0.0070 Loss dta_preserve:  0.0051
Time:  0.0688 Epoch: 011 Iter:  550/ 600 LR: 0.0000565424 Loss content:  0.0171 Loss fft:  0.8166 Loss dta_rank:  0.7745 Loss dta_tv:  0.0252 Loss dta_proxy:  0.4267 Loss dta_trans:  0.0064 Loss dta_phys:  0.0060 Loss dta_preserve:  0.0046
Time:  0.0676 Epoch: 011 Iter:  600/ 600 LR: 0.0000565424 Loss content:  0.0170 Loss fft:  0.8159 Loss dta_rank:  0.7769 Loss dta_tv:  0.0250 Loss dta_proxy:  0.4605 Loss dta_trans:  0.0067 Loss dta_phys:  0.0068 Loss dta_preserve:  0.0060
EPOCH: 11
Elapsed time: 0.85 Epoch Pixel Loss:  0.0171 Epoch FFT Loss:  0.8198 Epoch DTA Rank:  0.7755 Epoch DTA TV:  0.0252 Epoch DTA Proxy:  0.4556 Epoch DTA Trans:  0.0062 Epoch DTA Phys:  0.0067 Epoch DTA Preserve:  0.0056
DTA_GATE_RAMP epoch=12 gate_limit=0.060000
Time:  0.0789 Epoch: 012 Iter:   50/ 600 LR: 0.0000473670 Loss content:  0.0171 Loss fft:  0.8289 Loss dta_rank:  0.7766 Loss dta_tv:  0.0241 Loss dta_proxy:  0.4760 Loss dta_trans:  0.0058 Loss dta_phys:  0.0069 Loss dta_preserve:  0.0047
Time:  0.0750 Epoch: 012 Iter:  100/ 600 LR: 0.0000473670 Loss content:  0.0163 Loss fft:  0.7844 Loss dta_rank:  0.7683 Loss dta_tv:  0.0249 Loss dta_proxy:  0.4398 Loss dta_trans:  0.0054 Loss dta_phys:  0.0066 Loss dta_preserve:  0.0045
Time:  0.0728 Epoch: 012 Iter:  150/ 600 LR: 0.0000473670 Loss content:  0.0172 Loss fft:  0.7994 Loss dta_rank:  0.7722 Loss dta_tv:  0.0253 Loss dta_proxy:  0.4565 Loss dta_trans:  0.0060 Loss dta_phys:  0.0073 Loss dta_preserve:  0.0047
Time:  0.0745 Epoch: 012 Iter:  200/ 600 LR: 0.0000473670 Loss content:  0.0174 Loss fft:  0.7972 Loss dta_rank:  0.7703 Loss dta_tv:  0.0259 Loss dta_proxy:  0.4502 Loss dta_trans:  0.0070 Loss dta_phys:  0.0071 Loss dta_preserve:  0.0059
Time:  0.0738 Epoch: 012 Iter:  250/ 600 LR: 0.0000473670 Loss content:  0.0172 Loss fft:  0.8070 Loss dta_rank:  0.7726 Loss dta_tv:  0.0247 Loss dta_proxy:  0.4555 Loss dta_trans:  0.0067 Loss dta_phys:  0.0071 Loss dta_preserve:  0.0052
Time:  0.0739 Epoch: 012 Iter:  300/ 600 LR: 0.0000473670 Loss content:  0.0181 Loss fft:  0.7911 Loss dta_rank:  0.7720 Loss dta_tv:  0.0257 Loss dta_proxy:  0.4433 Loss dta_trans:  0.0074 Loss dta_phys:  0.0065 Loss dta_preserve:  0.0057
Time:  0.0741 Epoch: 012 Iter:  350/ 600 LR: 0.0000473670 Loss content:  0.0166 Loss fft:  0.8049 Loss dta_rank:  0.7766 Loss dta_tv:  0.0254 Loss dta_proxy:  0.4568 Loss dta_trans:  0.0065 Loss dta_phys:  0.0070 Loss dta_preserve:  0.0057
Time:  0.0757 Epoch: 012 Iter:  400/ 600 LR: 0.0000473670 Loss content:  0.0166 Loss fft:  0.8309 Loss dta_rank:  0.7779 Loss dta_tv:  0.0254 Loss dta_proxy:  0.4474 Loss dta_trans:  0.0051 Loss dta_phys:  0.0056 Loss dta_preserve:  0.0045
Time:  0.0725 Epoch: 012 Iter:  450/ 600 LR: 0.0000473670 Loss content:  0.0173 Loss fft:  0.8253 Loss dta_rank:  0.7786 Loss dta_tv:  0.0255 Loss dta_proxy:  0.4546 Loss dta_trans:  0.0061 Loss dta_phys:  0.0069 Loss dta_preserve:  0.0040
Time:  0.0760 Epoch: 012 Iter:  500/ 600 LR: 0.0000473670 Loss content:  0.0176 Loss fft:  0.8355 Loss dta_rank:  0.7785 Loss dta_tv:  0.0246 Loss dta_proxy:  0.4624 Loss dta_trans:  0.0055 Loss dta_phys:  0.0068 Loss dta_preserve:  0.0057
Time:  0.0753 Epoch: 012 Iter:  550/ 600 LR: 0.0000473670 Loss content:  0.0171 Loss fft:  0.8269 Loss dta_rank:  0.7736 Loss dta_tv:  0.0246 Loss dta_proxy:  0.4548 Loss dta_trans:  0.0062 Loss dta_phys:  0.0065 Loss dta_preserve:  0.0049
Time:  0.0763 Epoch: 012 Iter:  600/ 600 LR: 0.0000473670 Loss content:  0.0172 Loss fft:  0.8386 Loss dta_rank:  0.7761 Loss dta_tv:  0.0244 Loss dta_proxy:  0.4661 Loss dta_trans:  0.0063 Loss dta_phys:  0.0067 Loss dta_preserve:  0.0057
EPOCH: 12
Elapsed time: 0.90 Epoch Pixel Loss:  0.0171 Epoch FFT Loss:  0.8142 Epoch DTA Rank:  0.7744 Epoch DTA TV:  0.0250 Epoch DTA Proxy:  0.4553 Epoch DTA Trans:  0.0062 Epoch DTA Phys:  0.0068 Epoch DTA Preserve:  0.0051
DTA_GATE_RAMP epoch=13 gate_limit=0.060000
Time:  0.0805 Epoch: 013 Iter:   50/ 600 LR: 0.0000383414 Loss content:  0.0168 Loss fft:  0.8046 Loss dta_rank:  0.7801 Loss dta_tv:  0.0260 Loss dta_proxy:  0.4493 Loss dta_trans:  0.0059 Loss dta_phys:  0.0064 Loss dta_preserve:  0.0054
Time:  0.0741 Epoch: 013 Iter:  100/ 600 LR: 0.0000383414 Loss content:  0.0168 Loss fft:  0.8083 Loss dta_rank:  0.7792 Loss dta_tv:  0.0260 Loss dta_proxy:  0.4517 Loss dta_trans:  0.0063 Loss dta_phys:  0.0067 Loss dta_preserve:  0.0056
Time:  0.0771 Epoch: 013 Iter:  150/ 600 LR: 0.0000383414 Loss content:  0.0172 Loss fft:  0.8097 Loss dta_rank:  0.7695 Loss dta_tv:  0.0235 Loss dta_proxy:  0.4848 Loss dta_trans:  0.0059 Loss dta_phys:  0.0069 Loss dta_preserve:  0.0035
Time:  0.0721 Epoch: 013 Iter:  200/ 600 LR: 0.0000383414 Loss content:  0.0172 Loss fft:  0.8356 Loss dta_rank:  0.7769 Loss dta_tv:  0.0256 Loss dta_proxy:  0.4422 Loss dta_trans:  0.0053 Loss dta_phys:  0.0072 Loss dta_preserve:  0.0045
Time:  0.0683 Epoch: 013 Iter:  250/ 600 LR: 0.0000383414 Loss content:  0.0169 Loss fft:  0.8002 Loss dta_rank:  0.7768 Loss dta_tv:  0.0249 Loss dta_proxy:  0.4553 Loss dta_trans:  0.0061 Loss dta_phys:  0.0067 Loss dta_preserve:  0.0043
Time:  0.0626 Epoch: 013 Iter:  300/ 600 LR: 0.0000383414 Loss content:  0.0168 Loss fft:  0.8011 Loss dta_rank:  0.7769 Loss dta_tv:  0.0247 Loss dta_proxy:  0.4474 Loss dta_trans:  0.0060 Loss dta_phys:  0.0064 Loss dta_preserve:  0.0054
Time:  0.0644 Epoch: 013 Iter:  350/ 600 LR: 0.0000383414 Loss content:  0.0167 Loss fft:  0.8061 Loss dta_rank:  0.7751 Loss dta_tv:  0.0253 Loss dta_proxy:  0.4375 Loss dta_trans:  0.0071 Loss dta_phys:  0.0069 Loss dta_preserve:  0.0052
Time:  0.0755 Epoch: 013 Iter:  400/ 600 LR: 0.0000383414 Loss content:  0.0171 Loss fft:  0.7803 Loss dta_rank:  0.7734 Loss dta_tv:  0.0246 Loss dta_proxy:  0.4712 Loss dta_trans:  0.0066 Loss dta_phys:  0.0076 Loss dta_preserve:  0.0054
Time:  0.0724 Epoch: 013 Iter:  450/ 600 LR: 0.0000383414 Loss content:  0.0177 Loss fft:  0.8418 Loss dta_rank:  0.7732 Loss dta_tv:  0.0247 Loss dta_proxy:  0.4526 Loss dta_trans:  0.0066 Loss dta_phys:  0.0071 Loss dta_preserve:  0.0060
Time:  0.0755 Epoch: 013 Iter:  500/ 600 LR: 0.0000383414 Loss content:  0.0174 Loss fft:  0.8518 Loss dta_rank:  0.7740 Loss dta_tv:  0.0249 Loss dta_proxy:  0.4614 Loss dta_trans:  0.0059 Loss dta_phys:  0.0062 Loss dta_preserve:  0.0038
Time:  0.0766 Epoch: 013 Iter:  550/ 600 LR: 0.0000383414 Loss content:  0.0175 Loss fft:  0.8315 Loss dta_rank:  0.7696 Loss dta_tv:  0.0248 Loss dta_proxy:  0.4642 Loss dta_trans:  0.0061 Loss dta_phys:  0.0069 Loss dta_preserve:  0.0059
Time:  0.0768 Epoch: 013 Iter:  600/ 600 LR: 0.0000383414 Loss content:  0.0166 Loss fft:  0.8122 Loss dta_rank:  0.7791 Loss dta_tv:  0.0253 Loss dta_proxy:  0.4518 Loss dta_trans:  0.0068 Loss dta_phys:  0.0069 Loss dta_preserve:  0.0062
EPOCH: 13
Elapsed time: 0.88 Epoch Pixel Loss:  0.0171 Epoch FFT Loss:  0.8153 Epoch DTA Rank:  0.7753 Epoch DTA TV:  0.0250 Epoch DTA Proxy:  0.4558 Epoch DTA Trans:  0.0062 Epoch DTA Phys:  0.0068 Epoch DTA Preserve:  0.0051
DTA_GATE_RAMP epoch=14 gate_limit=0.060000
Time:  0.0785 Epoch: 014 Iter:   50/ 600 LR: 0.0000297690 Loss content:  0.0166 Loss fft:  0.8068 Loss dta_rank:  0.7749 Loss dta_tv:  0.0249 Loss dta_proxy:  0.4632 Loss dta_trans:  0.0052 Loss dta_phys:  0.0069 Loss dta_preserve:  0.0040
Time:  0.0790 Epoch: 014 Iter:  100/ 600 LR: 0.0000297690 Loss content:  0.0167 Loss fft:  0.8188 Loss dta_rank:  0.7786 Loss dta_tv:  0.0255 Loss dta_proxy:  0.4531 Loss dta_trans:  0.0062 Loss dta_phys:  0.0063 Loss dta_preserve:  0.0044
Time:  0.0738 Epoch: 014 Iter:  150/ 600 LR: 0.0000297690 Loss content:  0.0166 Loss fft:  0.8107 Loss dta_rank:  0.7811 Loss dta_tv:  0.0256 Loss dta_proxy:  0.4550 Loss dta_trans:  0.0064 Loss dta_phys:  0.0067 Loss dta_preserve:  0.0061
Time:  0.0737 Epoch: 014 Iter:  200/ 600 LR: 0.0000297690 Loss content:  0.0158 Loss fft:  0.7778 Loss dta_rank:  0.7764 Loss dta_tv:  0.0247 Loss dta_proxy:  0.4498 Loss dta_trans:  0.0054 Loss dta_phys:  0.0063 Loss dta_preserve:  0.0049
Time:  0.0771 Epoch: 014 Iter:  250/ 600 LR: 0.0000297690 Loss content:  0.0175 Loss fft:  0.8364 Loss dta_rank:  0.7773 Loss dta_tv:  0.0246 Loss dta_proxy:  0.4600 Loss dta_trans:  0.0055 Loss dta_phys:  0.0068 Loss dta_preserve:  0.0057
Time:  0.0728 Epoch: 014 Iter:  300/ 600 LR: 0.0000297690 Loss content:  0.0171 Loss fft:  0.8136 Loss dta_rank:  0.7678 Loss dta_tv:  0.0246 Loss dta_proxy:  0.4550 Loss dta_trans:  0.0067 Loss dta_phys:  0.0073 Loss dta_preserve:  0.0059
Time:  0.0743 Epoch: 014 Iter:  350/ 600 LR: 0.0000297690 Loss content:  0.0177 Loss fft:  0.8210 Loss dta_rank:  0.7718 Loss dta_tv:  0.0247 Loss dta_proxy:  0.4413 Loss dta_trans:  0.0067 Loss dta_phys:  0.0066 Loss dta_preserve:  0.0056
Time:  0.0755 Epoch: 014 Iter:  400/ 600 LR: 0.0000297690 Loss content:  0.0174 Loss fft:  0.8342 Loss dta_rank:  0.7772 Loss dta_tv:  0.0246 Loss dta_proxy:  0.4562 Loss dta_trans:  0.0060 Loss dta_phys:  0.0071 Loss dta_preserve:  0.0046
Time:  0.0750 Epoch: 014 Iter:  450/ 600 LR: 0.0000297690 Loss content:  0.0170 Loss fft:  0.8268 Loss dta_rank:  0.7747 Loss dta_tv:  0.0250 Loss dta_proxy:  0.4547 Loss dta_trans:  0.0059 Loss dta_phys:  0.0064 Loss dta_preserve:  0.0051
Time:  0.0739 Epoch: 014 Iter:  500/ 600 LR: 0.0000297690 Loss content:  0.0162 Loss fft:  0.7871 Loss dta_rank:  0.7750 Loss dta_tv:  0.0254 Loss dta_proxy:  0.4523 Loss dta_trans:  0.0068 Loss dta_phys:  0.0071 Loss dta_preserve:  0.0043
Time:  0.0735 Epoch: 014 Iter:  550/ 600 LR: 0.0000297690 Loss content:  0.0166 Loss fft:  0.8010 Loss dta_rank:  0.7738 Loss dta_tv:  0.0249 Loss dta_proxy:  0.4600 Loss dta_trans:  0.0059 Loss dta_phys:  0.0070 Loss dta_preserve:  0.0060
Time:  0.0721 Epoch: 014 Iter:  600/ 600 LR: 0.0000297690 Loss content:  0.0176 Loss fft:  0.8180 Loss dta_rank:  0.7700 Loss dta_tv:  0.0244 Loss dta_proxy:  0.4489 Loss dta_trans:  0.0067 Loss dta_phys:  0.0061 Loss dta_preserve:  0.0050
EPOCH: 14
Elapsed time: 0.90 Epoch Pixel Loss:  0.0169 Epoch FFT Loss:  0.8127 Epoch DTA Rank:  0.7749 Epoch DTA TV:  0.0249 Epoch DTA Proxy:  0.4541 Epoch DTA Trans:  0.0061 Epoch DTA Phys:  0.0067 Epoch DTA Preserve:  0.0051
DTA_GATE_RAMP epoch=15 gate_limit=0.060000
Time:  0.0783 Epoch: 015 Iter:   50/ 600 LR: 0.0000219361 Loss content:  0.0178 Loss fft:  0.8301 Loss dta_rank:  0.7747 Loss dta_tv:  0.0242 Loss dta_proxy:  0.4792 Loss dta_trans:  0.0053 Loss dta_phys:  0.0064 Loss dta_preserve:  0.0047
Time:  0.0745 Epoch: 015 Iter:  100/ 600 LR: 0.0000219361 Loss content:  0.0175 Loss fft:  0.8262 Loss dta_rank:  0.7707 Loss dta_tv:  0.0244 Loss dta_proxy:  0.4709 Loss dta_trans:  0.0061 Loss dta_phys:  0.0071 Loss dta_preserve:  0.0071
Time:  0.0736 Epoch: 015 Iter:  150/ 600 LR: 0.0000219361 Loss content:  0.0170 Loss fft:  0.8281 Loss dta_rank:  0.7774 Loss dta_tv:  0.0254 Loss dta_proxy:  0.4452 Loss dta_trans:  0.0061 Loss dta_phys:  0.0063 Loss dta_preserve:  0.0043
Time:  0.0758 Epoch: 015 Iter:  200/ 600 LR: 0.0000219361 Loss content:  0.0172 Loss fft:  0.8186 Loss dta_rank:  0.7833 Loss dta_tv:  0.0245 Loss dta_proxy:  0.4544 Loss dta_trans:  0.0053 Loss dta_phys:  0.0070 Loss dta_preserve:  0.0047
Time:  0.0734 Epoch: 015 Iter:  250/ 600 LR: 0.0000219361 Loss content:  0.0163 Loss fft:  0.7891 Loss dta_rank:  0.7707 Loss dta_tv:  0.0249 Loss dta_proxy:  0.4593 Loss dta_trans:  0.0067 Loss dta_phys:  0.0070 Loss dta_preserve:  0.0055
Time:  0.0745 Epoch: 015 Iter:  300/ 600 LR: 0.0000219361 Loss content:  0.0170 Loss fft:  0.8104 Loss dta_rank:  0.7778 Loss dta_tv:  0.0247 Loss dta_proxy:  0.4693 Loss dta_trans:  0.0057 Loss dta_phys:  0.0074 Loss dta_preserve:  0.0051
Time:  0.0773 Epoch: 015 Iter:  350/ 600 LR: 0.0000219361 Loss content:  0.0178 Loss fft:  0.8451 Loss dta_rank:  0.7789 Loss dta_tv:  0.0241 Loss dta_proxy:  0.4757 Loss dta_trans:  0.0053 Loss dta_phys:  0.0062 Loss dta_preserve:  0.0056
Time:  0.0745 Epoch: 015 Iter:  400/ 600 LR: 0.0000219361 Loss content:  0.0168 Loss fft:  0.7962 Loss dta_rank:  0.7707 Loss dta_tv:  0.0253 Loss dta_proxy:  0.4392 Loss dta_trans:  0.0068 Loss dta_phys:  0.0068 Loss dta_preserve:  0.0046
Time:  0.0743 Epoch: 015 Iter:  450/ 600 LR: 0.0000219361 Loss content:  0.0170 Loss fft:  0.8223 Loss dta_rank:  0.7777 Loss dta_tv:  0.0258 Loss dta_proxy:  0.4438 Loss dta_trans:  0.0061 Loss dta_phys:  0.0063 Loss dta_preserve:  0.0054
Time:  0.0718 Epoch: 015 Iter:  500/ 600 LR: 0.0000219361 Loss content:  0.0172 Loss fft:  0.8343 Loss dta_rank:  0.7766 Loss dta_tv:  0.0254 Loss dta_proxy:  0.4429 Loss dta_trans:  0.0069 Loss dta_phys:  0.0064 Loss dta_preserve:  0.0051
Time:  0.0722 Epoch: 015 Iter:  550/ 600 LR: 0.0000219361 Loss content:  0.0181 Loss fft:  0.8517 Loss dta_rank:  0.7765 Loss dta_tv:  0.0247 Loss dta_proxy:  0.4511 Loss dta_trans:  0.0060 Loss dta_phys:  0.0067 Loss dta_preserve:  0.0065
Time:  0.0713 Epoch: 015 Iter:  600/ 600 LR: 0.0000219361 Loss content:  0.0166 Loss fft:  0.7766 Loss dta_rank:  0.7754 Loss dta_tv:  0.0248 Loss dta_proxy:  0.4649 Loss dta_trans:  0.0066 Loss dta_phys:  0.0072 Loss dta_preserve:  0.0044
EPOCH: 15
Elapsed time: 0.90 Epoch Pixel Loss:  0.0172 Epoch FFT Loss:  0.8191 Epoch DTA Rank:  0.7759 Epoch DTA TV:  0.0249 Epoch DTA Proxy:  0.4580 Epoch DTA Trans:  0.0061 Epoch DTA Phys:  0.0067 Epoch DTA Preserve:  0.0052
DTA_GATE_RAMP epoch=16 gate_limit=0.060000
Time:  0.0795 Epoch: 016 Iter:   50/ 600 LR: 0.0000151017 Loss content:  0.0165 Loss fft:  0.8092 Loss dta_rank:  0.7762 Loss dta_tv:  0.0246 Loss dta_proxy:  0.4501 Loss dta_trans:  0.0051 Loss dta_phys:  0.0061 Loss dta_preserve:  0.0051
Time:  0.0710 Epoch: 016 Iter:  100/ 600 LR: 0.0000151017 Loss content:  0.0177 Loss fft:  0.8175 Loss dta_rank:  0.7796 Loss dta_tv:  0.0243 Loss dta_proxy:  0.4645 Loss dta_trans:  0.0054 Loss dta_phys:  0.0066 Loss dta_preserve:  0.0055
Time:  0.0713 Epoch: 016 Iter:  150/ 600 LR: 0.0000151017 Loss content:  0.0174 Loss fft:  0.8379 Loss dta_rank:  0.7755 Loss dta_tv:  0.0249 Loss dta_proxy:  0.4568 Loss dta_trans:  0.0062 Loss dta_phys:  0.0068 Loss dta_preserve:  0.0055
Time:  0.0725 Epoch: 016 Iter:  200/ 600 LR: 0.0000151017 Loss content:  0.0169 Loss fft:  0.8026 Loss dta_rank:  0.7764 Loss dta_tv:  0.0248 Loss dta_proxy:  0.4533 Loss dta_trans:  0.0072 Loss dta_phys:  0.0069 Loss dta_preserve:  0.0042
Time:  0.0735 Epoch: 016 Iter:  250/ 600 LR: 0.0000151017 Loss content:  0.0171 Loss fft:  0.8278 Loss dta_rank:  0.7765 Loss dta_tv:  0.0249 Loss dta_proxy:  0.4499 Loss dta_trans:  0.0067 Loss dta_phys:  0.0065 Loss dta_preserve:  0.0059
Time:  0.0684 Epoch: 016 Iter:  300/ 600 LR: 0.0000151017 Loss content:  0.0168 Loss fft:  0.8106 Loss dta_rank:  0.7762 Loss dta_tv:  0.0255 Loss dta_proxy:  0.4399 Loss dta_trans:  0.0072 Loss dta_phys:  0.0065 Loss dta_preserve:  0.0066
Time:  0.0730 Epoch: 016 Iter:  350/ 600 LR: 0.0000151017 Loss content:  0.0181 Loss fft:  0.8630 Loss dta_rank:  0.7759 Loss dta_tv:  0.0247 Loss dta_proxy:  0.4599 Loss dta_trans:  0.0057 Loss dta_phys:  0.0074 Loss dta_preserve:  0.0046
Time:  0.0743 Epoch: 016 Iter:  400/ 600 LR: 0.0000151017 Loss content:  0.0172 Loss fft:  0.8159 Loss dta_rank:  0.7658 Loss dta_tv:  0.0247 Loss dta_proxy:  0.4415 Loss dta_trans:  0.0067 Loss dta_phys:  0.0071 Loss dta_preserve:  0.0057
Time:  0.0755 Epoch: 016 Iter:  450/ 600 LR: 0.0000151017 Loss content:  0.0166 Loss fft:  0.7760 Loss dta_rank:  0.7724 Loss dta_tv:  0.0251 Loss dta_proxy:  0.4273 Loss dta_trans:  0.0056 Loss dta_phys:  0.0069 Loss dta_preserve:  0.0051
Time:  0.0748 Epoch: 016 Iter:  500/ 600 LR: 0.0000151017 Loss content:  0.0166 Loss fft:  0.8016 Loss dta_rank:  0.7731 Loss dta_tv:  0.0240 Loss dta_proxy:  0.4717 Loss dta_trans:  0.0060 Loss dta_phys:  0.0071 Loss dta_preserve:  0.0041
Time:  0.0731 Epoch: 016 Iter:  550/ 600 LR: 0.0000151017 Loss content:  0.0169 Loss fft:  0.8182 Loss dta_rank:  0.7775 Loss dta_tv:  0.0243 Loss dta_proxy:  0.4700 Loss dta_trans:  0.0059 Loss dta_phys:  0.0069 Loss dta_preserve:  0.0057
Time:  0.0749 Epoch: 016 Iter:  600/ 600 LR: 0.0000151017 Loss content:  0.0178 Loss fft:  0.8402 Loss dta_rank:  0.7731 Loss dta_tv:  0.0247 Loss dta_proxy:  0.4530 Loss dta_trans:  0.0056 Loss dta_phys:  0.0067 Loss dta_preserve:  0.0068
EPOCH: 16
Elapsed time: 0.89 Epoch Pixel Loss:  0.0171 Epoch FFT Loss:  0.8184 Epoch DTA Rank:  0.7749 Epoch DTA TV:  0.0247 Epoch DTA Proxy:  0.4532 Epoch DTA Trans:  0.0061 Epoch DTA Phys:  0.0068 Epoch DTA Preserve:  0.0054
DTA_GATE_RAMP epoch=17 gate_limit=0.060000
Time:  0.0792 Epoch: 017 Iter:   50/ 600 LR: 0.0000094853 Loss content:  0.0171 Loss fft:  0.8222 Loss dta_rank:  0.7755 Loss dta_tv:  0.0234 Loss dta_proxy:  0.4773 Loss dta_trans:  0.0058 Loss dta_phys:  0.0063 Loss dta_preserve:  0.0055
Time:  0.0749 Epoch: 017 Iter:  100/ 600 LR: 0.0000094853 Loss content:  0.0175 Loss fft:  0.8358 Loss dta_rank:  0.7760 Loss dta_tv:  0.0246 Loss dta_proxy:  0.4476 Loss dta_trans:  0.0064 Loss dta_phys:  0.0072 Loss dta_preserve:  0.0042
Time:  0.0761 Epoch: 017 Iter:  150/ 600 LR: 0.0000094853 Loss content:  0.0172 Loss fft:  0.7942 Loss dta_rank:  0.7751 Loss dta_tv:  0.0236 Loss dta_proxy:  0.4638 Loss dta_trans:  0.0052 Loss dta_phys:  0.0065 Loss dta_preserve:  0.0043
Time:  0.0727 Epoch: 017 Iter:  200/ 600 LR: 0.0000094853 Loss content:  0.0164 Loss fft:  0.8026 Loss dta_rank:  0.7759 Loss dta_tv:  0.0249 Loss dta_proxy:  0.4485 Loss dta_trans:  0.0058 Loss dta_phys:  0.0065 Loss dta_preserve:  0.0047
Time:  0.0739 Epoch: 017 Iter:  250/ 600 LR: 0.0000094853 Loss content:  0.0163 Loss fft:  0.7988 Loss dta_rank:  0.7750 Loss dta_tv:  0.0255 Loss dta_proxy:  0.4416 Loss dta_trans:  0.0068 Loss dta_phys:  0.0069 Loss dta_preserve:  0.0053
Time:  0.0746 Epoch: 017 Iter:  300/ 600 LR: 0.0000094853 Loss content:  0.0168 Loss fft:  0.8163 Loss dta_rank:  0.7749 Loss dta_tv:  0.0257 Loss dta_proxy:  0.4386 Loss dta_trans:  0.0058 Loss dta_phys:  0.0067 Loss dta_preserve:  0.0047
Time:  0.0780 Epoch: 017 Iter:  350/ 600 LR: 0.0000094853 Loss content:  0.0165 Loss fft:  0.7873 Loss dta_rank:  0.7733 Loss dta_tv:  0.0247 Loss dta_proxy:  0.4546 Loss dta_trans:  0.0069 Loss dta_phys:  0.0073 Loss dta_preserve:  0.0038
Time:  0.0773 Epoch: 017 Iter:  400/ 600 LR: 0.0000094853 Loss content:  0.0173 Loss fft:  0.8210 Loss dta_rank:  0.7728 Loss dta_tv:  0.0242 Loss dta_proxy:  0.4567 Loss dta_trans:  0.0057 Loss dta_phys:  0.0071 Loss dta_preserve:  0.0054
Time:  0.0747 Epoch: 017 Iter:  450/ 600 LR: 0.0000094853 Loss content:  0.0168 Loss fft:  0.8338 Loss dta_rank:  0.7751 Loss dta_tv:  0.0251 Loss dta_proxy:  0.4388 Loss dta_trans:  0.0055 Loss dta_phys:  0.0064 Loss dta_preserve:  0.0056
Time:  0.0764 Epoch: 017 Iter:  500/ 600 LR: 0.0000094853 Loss content:  0.0168 Loss fft:  0.8187 Loss dta_rank:  0.7760 Loss dta_tv:  0.0249 Loss dta_proxy:  0.4496 Loss dta_trans:  0.0059 Loss dta_phys:  0.0062 Loss dta_preserve:  0.0054
Time:  0.0669 Epoch: 017 Iter:  550/ 600 LR: 0.0000094853 Loss content:  0.0173 Loss fft:  0.8117 Loss dta_rank:  0.7771 Loss dta_tv:  0.0246 Loss dta_proxy:  0.4557 Loss dta_trans:  0.0061 Loss dta_phys:  0.0069 Loss dta_preserve:  0.0053
Time:  0.0635 Epoch: 017 Iter:  600/ 600 LR: 0.0000094853 Loss content:  0.0173 Loss fft:  0.8266 Loss dta_rank:  0.7713 Loss dta_tv:  0.0247 Loss dta_proxy:  0.4470 Loss dta_trans:  0.0068 Loss dta_phys:  0.0069 Loss dta_preserve:  0.0070
EPOCH: 17
Elapsed time: 0.89 Epoch Pixel Loss:  0.0169 Epoch FFT Loss:  0.8141 Epoch DTA Rank:  0.7748 Epoch DTA TV:  0.0247 Epoch DTA Proxy:  0.4516 Epoch DTA Trans:  0.0061 Epoch DTA Phys:  0.0067 Epoch DTA Preserve:  0.0051
DTA_GATE_RAMP epoch=18 gate_limit=0.060000
Time:  0.0796 Epoch: 018 Iter:   50/ 600 LR: 0.0000052550 Loss content:  0.0171 Loss fft:  0.7955 Loss dta_rank:  0.7702 Loss dta_tv:  0.0253 Loss dta_proxy:  0.4399 Loss dta_trans:  0.0065 Loss dta_phys:  0.0070 Loss dta_preserve:  0.0063
Time:  0.0709 Epoch: 018 Iter:  100/ 600 LR: 0.0000052550 Loss content:  0.0170 Loss fft:  0.8225 Loss dta_rank:  0.7769 Loss dta_tv:  0.0248 Loss dta_proxy:  0.4631 Loss dta_trans:  0.0063 Loss dta_phys:  0.0070 Loss dta_preserve:  0.0053
Time:  0.0777 Epoch: 018 Iter:  150/ 600 LR: 0.0000052550 Loss content:  0.0163 Loss fft:  0.7955 Loss dta_rank:  0.7780 Loss dta_tv:  0.0245 Loss dta_proxy:  0.4602 Loss dta_trans:  0.0056 Loss dta_phys:  0.0065 Loss dta_preserve:  0.0040
Time:  0.0794 Epoch: 018 Iter:  200/ 600 LR: 0.0000052550 Loss content:  0.0177 Loss fft:  0.8514 Loss dta_rank:  0.7726 Loss dta_tv:  0.0243 Loss dta_proxy:  0.4675 Loss dta_trans:  0.0059 Loss dta_phys:  0.0070 Loss dta_preserve:  0.0056
Time:  0.0741 Epoch: 018 Iter:  250/ 600 LR: 0.0000052550 Loss content:  0.0179 Loss fft:  0.8262 Loss dta_rank:  0.7730 Loss dta_tv:  0.0243 Loss dta_proxy:  0.4567 Loss dta_trans:  0.0056 Loss dta_phys:  0.0068 Loss dta_preserve:  0.0059
Time:  0.0772 Epoch: 018 Iter:  300/ 600 LR: 0.0000052550 Loss content:  0.0169 Loss fft:  0.7951 Loss dta_rank:  0.7732 Loss dta_tv:  0.0241 Loss dta_proxy:  0.4640 Loss dta_trans:  0.0064 Loss dta_phys:  0.0068 Loss dta_preserve:  0.0043
Time:  0.0740 Epoch: 018 Iter:  350/ 600 LR: 0.0000052550 Loss content:  0.0164 Loss fft:  0.7911 Loss dta_rank:  0.7726 Loss dta_tv:  0.0250 Loss dta_proxy:  0.4482 Loss dta_trans:  0.0067 Loss dta_phys:  0.0068 Loss dta_preserve:  0.0044
Time:  0.0761 Epoch: 018 Iter:  400/ 600 LR: 0.0000052550 Loss content:  0.0174 Loss fft:  0.8222 Loss dta_rank:  0.7724 Loss dta_tv:  0.0251 Loss dta_proxy:  0.4481 Loss dta_trans:  0.0058 Loss dta_phys:  0.0067 Loss dta_preserve:  0.0056
Time:  0.0770 Epoch: 018 Iter:  450/ 600 LR: 0.0000052550 Loss content:  0.0183 Loss fft:  0.8033 Loss dta_rank:  0.7734 Loss dta_tv:  0.0246 Loss dta_proxy:  0.4496 Loss dta_trans:  0.0062 Loss dta_phys:  0.0062 Loss dta_preserve:  0.0053
Time:  0.0739 Epoch: 018 Iter:  500/ 600 LR: 0.0000052550 Loss content:  0.0175 Loss fft:  0.8176 Loss dta_rank:  0.7714 Loss dta_tv:  0.0241 Loss dta_proxy:  0.4576 Loss dta_trans:  0.0069 Loss dta_phys:  0.0068 Loss dta_preserve:  0.0045
Time:  0.0747 Epoch: 018 Iter:  550/ 600 LR: 0.0000052550 Loss content:  0.0175 Loss fft:  0.8214 Loss dta_rank:  0.7760 Loss dta_tv:  0.0250 Loss dta_proxy:  0.4470 Loss dta_trans:  0.0055 Loss dta_phys:  0.0070 Loss dta_preserve:  0.0055
Time:  0.0720 Epoch: 018 Iter:  600/ 600 LR: 0.0000052550 Loss content:  0.0175 Loss fft:  0.8408 Loss dta_rank:  0.7804 Loss dta_tv:  0.0242 Loss dta_proxy:  0.4534 Loss dta_trans:  0.0055 Loss dta_phys:  0.0067 Loss dta_preserve:  0.0048
EPOCH: 18
Elapsed time: 0.91 Epoch Pixel Loss:  0.0173 Epoch FFT Loss:  0.8152 Epoch DTA Rank:  0.7742 Epoch DTA TV:  0.0246 Epoch DTA Proxy:  0.4546 Epoch DTA Trans:  0.0061 Epoch DTA Phys:  0.0068 Epoch DTA Preserve:  0.0051
DTA_GATE_RAMP epoch=19 gate_limit=0.060000
Time:  0.0760 Epoch: 019 Iter:   50/ 600 LR: 0.0000025070 Loss content:  0.0561 Loss fft:  3.2219 Loss dta_rank:  0.7759 Loss dta_tv:  0.0248 Loss dta_proxy:  0.4564 Loss dta_trans:  0.0061 Loss dta_phys:  0.0069 Loss dta_preserve:  0.0173
Time:  0.0722 Epoch: 019 Iter:  100/ 600 LR: 0.0000025070 Loss content:  0.0175 Loss fft:  0.8307 Loss dta_rank:  0.7713 Loss dta_tv:  0.0245 Loss dta_proxy:  0.4733 Loss dta_trans:  0.0055 Loss dta_phys:  0.0068 Loss dta_preserve:  0.0042
Time:  0.0737 Epoch: 019 Iter:  150/ 600 LR: 0.0000025070 Loss content:  0.0170 Loss fft:  0.8120 Loss dta_rank:  0.7723 Loss dta_tv:  0.0246 Loss dta_proxy:  0.4522 Loss dta_trans:  0.0059 Loss dta_phys:  0.0064 Loss dta_preserve:  0.0044
Time:  0.0707 Epoch: 019 Iter:  200/ 600 LR: 0.0000025070 Loss content:  0.0172 Loss fft:  0.8211 Loss dta_rank:  0.7777 Loss dta_tv:  0.0244 Loss dta_proxy:  0.4576 Loss dta_trans:  0.0058 Loss dta_phys:  0.0069 Loss dta_preserve:  0.0053
Time:  0.0707 Epoch: 019 Iter:  250/ 600 LR: 0.0000025070 Loss content:  0.0165 Loss fft:  0.7758 Loss dta_rank:  0.7694 Loss dta_tv:  0.0253 Loss dta_proxy:  0.4327 Loss dta_trans:  0.0067 Loss dta_phys:  0.0071 Loss dta_preserve:  0.0049
Time:  0.0746 Epoch: 019 Iter:  300/ 600 LR: 0.0000025070 Loss content:  0.0173 Loss fft:  0.8141 Loss dta_rank:  0.7769 Loss dta_tv:  0.0242 Loss dta_proxy:  0.4676 Loss dta_trans:  0.0048 Loss dta_phys:  0.0063 Loss dta_preserve:  0.0058
Time:  0.0762 Epoch: 019 Iter:  350/ 600 LR: 0.0000025070 Loss content:  0.0180 Loss fft:  0.8338 Loss dta_rank:  0.7723 Loss dta_tv:  0.0248 Loss dta_proxy:  0.4328 Loss dta_trans:  0.0072 Loss dta_phys:  0.0069 Loss dta_preserve:  0.0076
Time:  0.0743 Epoch: 019 Iter:  400/ 600 LR: 0.0000025070 Loss content:  0.0170 Loss fft:  0.8155 Loss dta_rank:  0.7791 Loss dta_tv:  0.0244 Loss dta_proxy:  0.4626 Loss dta_trans:  0.0062 Loss dta_phys:  0.0061 Loss dta_preserve:  0.0046
Time:  0.0733 Epoch: 019 Iter:  450/ 600 LR: 0.0000025070 Loss content:  0.0171 Loss fft:  0.8350 Loss dta_rank:  0.7803 Loss dta_tv:  0.0247 Loss dta_proxy:  0.4526 Loss dta_trans:  0.0062 Loss dta_phys:  0.0064 Loss dta_preserve:  0.0056
Time:  0.0713 Epoch: 019 Iter:  500/ 600 LR: 0.0000025070 Loss content:  0.0170 Loss fft:  0.8158 Loss dta_rank:  0.7783 Loss dta_tv:  0.0244 Loss dta_proxy:  0.4641 Loss dta_trans:  0.0057 Loss dta_phys:  0.0063 Loss dta_preserve:  0.0047
Time:  0.0749 Epoch: 019 Iter:  550/ 600 LR: 0.0000025070 Loss content:  0.0168 Loss fft:  0.8154 Loss dta_rank:  0.7707 Loss dta_tv:  0.0250 Loss dta_proxy:  0.4485 Loss dta_trans:  0.0060 Loss dta_phys:  0.0071 Loss dta_preserve:  0.0048
Time:  0.0748 Epoch: 019 Iter:  600/ 600 LR: 0.0000025070 Loss content:  0.0164 Loss fft:  0.8054 Loss dta_rank:  0.7739 Loss dta_tv:  0.0252 Loss dta_proxy:  0.4454 Loss dta_trans:  0.0055 Loss dta_phys:  0.0071 Loss dta_preserve:  0.0051
EPOCH: 19
Elapsed time: 0.89 Epoch Pixel Loss:  0.0203 Epoch FFT Loss:  1.0164 Epoch DTA Rank:  0.7749 Epoch DTA TV:  0.0247 Epoch DTA Proxy:  0.4538 Epoch DTA Trans:  0.0060 Epoch DTA Phys:  0.0067 Epoch DTA Preserve:  0.0062
DTA_GATE_RAMP epoch=20 gate_limit=0.060000
Time:  0.0782 Epoch: 020 Iter:   50/ 600 LR: 0.0000012125 Loss content:  0.0167 Loss fft:  0.8027 Loss dta_rank:  0.7762 Loss dta_tv:  0.0253 Loss dta_proxy:  0.4562 Loss dta_trans:  0.0068 Loss dta_phys:  0.0073 Loss dta_preserve:  0.0050
Time:  0.0629 Epoch: 020 Iter:  100/ 600 LR: 0.0000012125 Loss content:  0.0172 Loss fft:  0.8003 Loss dta_rank:  0.7716 Loss dta_tv:  0.0245 Loss dta_proxy:  0.4609 Loss dta_trans:  0.0064 Loss dta_phys:  0.0070 Loss dta_preserve:  0.0041
Time:  0.0716 Epoch: 020 Iter:  150/ 600 LR: 0.0000012125 Loss content:  0.0175 Loss fft:  0.8346 Loss dta_rank:  0.7805 Loss dta_tv:  0.0247 Loss dta_proxy:  0.4632 Loss dta_trans:  0.0058 Loss dta_phys:  0.0067 Loss dta_preserve:  0.0058
Time:  0.0720 Epoch: 020 Iter:  200/ 600 LR: 0.0000012125 Loss content:  0.0168 Loss fft:  0.8399 Loss dta_rank:  0.7749 Loss dta_tv:  0.0246 Loss dta_proxy:  0.4602 Loss dta_trans:  0.0061 Loss dta_phys:  0.0068 Loss dta_preserve:  0.0052
Time:  0.0718 Epoch: 020 Iter:  250/ 600 LR: 0.0000012125 Loss content:  0.0179 Loss fft:  0.8367 Loss dta_rank:  0.7722 Loss dta_tv:  0.0244 Loss dta_proxy:  0.4441 Loss dta_trans:  0.0059 Loss dta_phys:  0.0069 Loss dta_preserve:  0.0055
Time:  0.0725 Epoch: 020 Iter:  300/ 600 LR: 0.0000012125 Loss content:  0.0173 Loss fft:  0.8214 Loss dta_rank:  0.7736 Loss dta_tv:  0.0245 Loss dta_proxy:  0.4470 Loss dta_trans:  0.0058 Loss dta_phys:  0.0067 Loss dta_preserve:  0.0047
Time:  0.0757 Epoch: 020 Iter:  350/ 600 LR: 0.0000012125 Loss content:  0.0174 Loss fft:  0.8085 Loss dta_rank:  0.7714 Loss dta_tv:  0.0244 Loss dta_proxy:  0.4511 Loss dta_trans:  0.0064 Loss dta_phys:  0.0065 Loss dta_preserve:  0.0055
Time:  0.0750 Epoch: 020 Iter:  400/ 600 LR: 0.0000012125 Loss content:  0.0170 Loss fft:  0.7949 Loss dta_rank:  0.7731 Loss dta_tv:  0.0244 Loss dta_proxy:  0.4678 Loss dta_trans:  0.0060 Loss dta_phys:  0.0069 Loss dta_preserve:  0.0046
Time:  0.0722 Epoch: 020 Iter:  450/ 600 LR: 0.0000012125 Loss content:  0.0168 Loss fft:  0.7890 Loss dta_rank:  0.7723 Loss dta_tv:  0.0257 Loss dta_proxy:  0.4355 Loss dta_trans:  0.0065 Loss dta_phys:  0.0074 Loss dta_preserve:  0.0043
Time:  0.0723 Epoch: 020 Iter:  500/ 600 LR: 0.0000012125 Loss content:  0.0172 Loss fft:  0.8593 Loss dta_rank:  0.7730 Loss dta_tv:  0.0233 Loss dta_proxy:  0.4919 Loss dta_trans:  0.0047 Loss dta_phys:  0.0067 Loss dta_preserve:  0.0034
Time:  0.0721 Epoch: 020 Iter:  550/ 600 LR: 0.0000012125 Loss content:  0.0178 Loss fft:  0.7986 Loss dta_rank:  0.7714 Loss dta_tv:  0.0247 Loss dta_proxy:  0.4381 Loss dta_trans:  0.0060 Loss dta_phys:  0.0071 Loss dta_preserve:  0.0048
Time:  0.0694 Epoch: 020 Iter:  600/ 600 LR: 0.0000012125 Loss content:  0.0172 Loss fft:  0.8348 Loss dta_rank:  0.7744 Loss dta_tv:  0.0256 Loss dta_proxy:  0.4392 Loss dta_trans:  0.0066 Loss dta_phys:  0.0062 Loss dta_preserve:  0.0055
EPOCH: 20
Elapsed time: 0.87 Epoch Pixel Loss:  0.0172 Epoch FFT Loss:  0.8184 Epoch DTA Rank:  0.7737 Epoch DTA TV:  0.0247 Epoch DTA Proxy:  0.4546 Epoch DTA Trans:  0.0061 Epoch DTA Phys:  0.0068 Epoch DTA Preserve:  0.0049
