Namespace(model_name='ConvIR-Haze4K-DTA-v2-adapter_only-normal-seed3413-f4-oof20', data='Haze4K', version='base', fam_mode='original', arch='dta_v2', seed=3413, mode='train', data_dir='/sda/home/wangyuxin/ConvIR-B/datasets/Haze4K/Haze4K', batch_size=4, learning_rate=0.0001, weight_decay=0.0, num_epoch=20, stop_epoch=20, print_freq=50, num_worker=4, save_freq=5, valid_freq=9999, mod_stats_freq=5, mod_stats_batches=16, grad_clip_norm=0.001, dta_grad_clip_norm=0.05, dta_neighbor_grad_clip_norm=0.005, init_model='/sda/home/wangyuxin/ConvIR-B/checkpoints/official/Haze4K/haze4k-base.pkl', init_model_partial=True, partial_new_prefixes='DTA.', resume='', train_scope='adapter_only', dta_depth_cache_dir='/sda/home/wangyuxin/ConvIR-B/depth_cache/depth_anything_v2_small_hf', dta_train_depth_split='train', dta_eval_depth_split='train', valid_root_split='train', eval_root_split='test', dta_require_depth=True, dta_variant='v2', dta_depth_mode='normal', dta_prior_channels=32, dta_gate_bias=-6.0, dta_gate_limit=0.06, dta_gamma_limit=0.12, dta_beta_limit=0.06, dta_alpha_init=1.0, dta_confidence_floor=0.25, dta_confidence_local_scale=6.0, dta_output_residual_scale=0.03, dta_use_trans_gt=True, dta_trans_weight=0.02, dta_phys_weight=0.005, dta_preserve_weight=0.02, dta_preserve_trans_thresh=0.8, dta_gate_ramp_start=0.01, dta_gate_ramp_mid=0.03, dta_gate_ramp_end=0.06, dta_gate_ramp_warmup_epochs=2, dta_gate_ramp_mid_epochs=8, dta_rank_weight=0.001, dta_tv_weight=0.0001, dta_proxy_weight=0.0, dta_rank_pairs=512, dta_rank_min_depth_gap=0.03, split_json='/sda/home/wangyuxin/ConvIR-B/repos/ConvIR-B-dta-v2-calibrated/experience_docx/experiment_logs/haze4k_dta_v2_calibrated_20260611/dta_v2_haze4k_oof_splits_seed3407.json', split_name='fold4_train', test_model='', save_image=False, leaning_rate=0.0001, model_save_dir='results/ConvIR-Haze4K-DTA-v2-adapter_only-normal-seed3413-f4-oof20/Training-Results/', result_dir='results/ConvIR-Haze4K-DTA-v2-adapter_only-normal-seed3413-f4-oof20/images/Haze4K', init_model_sha256='6f42037d57a4e3de3a10ac0ab909d66a3415864a19433c29204a975f4efa4088')
/sda/home/wangyuxin/ConvIR-B/repos/ConvIR-B-dta-v2-calibrated/Dehazing/ITS/main.py:14: FutureWarning: You are using `torch.load` with `weights_only=False` (the current default value), which uses the default pickle module implicitly. It is possible to construct malicious pickle data which will execute arbitrary code during unpickling (See https://github.com/pytorch/pytorch/blob/main/SECURITY.md#untrusted-models for more details). In a future release, the default value for `weights_only` will be flipped to `True`. This limits the functions that could be executed during unpickling. Arbitrary objects will no longer be allowed to be loaded via this mode unless they are explicitly allowlisted by the user via `torch.serialization.add_safe_globals`. We recommend you start setting `weights_only=True` for any use case where you don't have full control of the loaded file. Please open an issue on GitHub for any issues related to this experimental feature.
  state = torch.load(path, map_location=map_location)
INIT_MODEL_PARTIAL_LOAD path=/sda/home/wangyuxin/ConvIR-B/checkpoints/official/Haze4K/haze4k-base.pkl loaded=602 missing_allowed=25 unexpected=[] allowed_new_prefixes=('DTA.',)
TRAIN_SCOPE scope=adapter_only arch=dta_v2 trainable=74699 total=8705364
/sda/home/wangyuxin/ConvIR-B/envs/convir-cu121/lib/python3.10/site-packages/torch/optim/lr_scheduler.py:224: UserWarning: Detected call of `lr_scheduler.step()` before `optimizer.step()`. In PyTorch 1.1.0 and later, you should call them in the opposite order: `optimizer.step()` before `lr_scheduler.step()`.  Failure to do this will result in PyTorch skipping the first value of the learning rate schedule. See more details at https://pytorch.org/docs/stable/optim.html#how-to-adjust-learning-rate
  warnings.warn(
DTA_GATE_RAMP epoch=1 gate_limit=0.010000
Time:  0.0938 Epoch: 001 Iter:   50/ 600 LR: 0.0000333333 Loss content:  0.0163 Loss fft:  0.7946 Loss dta_rank:  0.6918 Loss dta_tv:  0.0039 Loss dta_proxy:  0.2788 Loss dta_trans:  0.0397 Loss dta_phys:  0.0068 Loss dta_preserve:  0.0045
Time:  0.0639 Epoch: 001 Iter:  100/ 600 LR: 0.0000333333 Loss content:  0.0175 Loss fft:  0.8245 Loss dta_rank:  0.6911 Loss dta_tv:  0.0095 Loss dta_proxy:  0.3163 Loss dta_trans:  0.0385 Loss dta_phys:  0.0087 Loss dta_preserve:  0.0049
Time:  0.0649 Epoch: 001 Iter:  150/ 600 LR: 0.0000333333 Loss content:  0.0171 Loss fft:  0.8007 Loss dta_rank:  0.6913 Loss dta_tv:  0.0139 Loss dta_proxy:  0.3621 Loss dta_trans:  0.0345 Loss dta_phys:  0.0101 Loss dta_preserve:  0.0057
Time:  0.0633 Epoch: 001 Iter:  200/ 600 LR: 0.0000333333 Loss content:  0.0173 Loss fft:  0.8276 Loss dta_rank:  0.6966 Loss dta_tv:  0.0166 Loss dta_proxy:  0.3657 Loss dta_trans:  0.0308 Loss dta_phys:  0.0116 Loss dta_preserve:  0.0049
Time:  0.0661 Epoch: 001 Iter:  250/ 600 LR: 0.0000333333 Loss content:  0.0170 Loss fft:  0.8165 Loss dta_rank:  0.7022 Loss dta_tv:  0.0178 Loss dta_proxy:  0.3464 Loss dta_trans:  0.0308 Loss dta_phys:  0.0112 Loss dta_preserve:  0.0052
Time:  0.0752 Epoch: 001 Iter:  300/ 600 LR: 0.0000333333 Loss content:  0.0167 Loss fft:  0.8050 Loss dta_rank:  0.7101 Loss dta_tv:  0.0211 Loss dta_proxy:  0.3759 Loss dta_trans:  0.0252 Loss dta_phys:  0.0110 Loss dta_preserve:  0.0049
Time:  0.0786 Epoch: 001 Iter:  350/ 600 LR: 0.0000333333 Loss content:  0.0170 Loss fft:  0.8378 Loss dta_rank:  0.7176 Loss dta_tv:  0.0249 Loss dta_proxy:  0.3917 Loss dta_trans:  0.0209 Loss dta_phys:  0.0092 Loss dta_preserve:  0.0065
Time:  0.0761 Epoch: 001 Iter:  400/ 600 LR: 0.0000333333 Loss content:  0.0163 Loss fft:  0.7976 Loss dta_rank:  0.7252 Loss dta_tv:  0.0288 Loss dta_proxy:  0.3946 Loss dta_trans:  0.0183 Loss dta_phys:  0.0087 Loss dta_preserve:  0.0046
Time:  0.0746 Epoch: 001 Iter:  450/ 600 LR: 0.0000333333 Loss content:  0.0173 Loss fft:  0.8388 Loss dta_rank:  0.7362 Loss dta_tv:  0.0320 Loss dta_proxy:  0.4026 Loss dta_trans:  0.0156 Loss dta_phys:  0.0069 Loss dta_preserve:  0.0049
Time:  0.0787 Epoch: 001 Iter:  500/ 600 LR: 0.0000333333 Loss content:  0.0176 Loss fft:  0.8194 Loss dta_rank:  0.7416 Loss dta_tv:  0.0341 Loss dta_proxy:  0.4294 Loss dta_trans:  0.0128 Loss dta_phys:  0.0081 Loss dta_preserve:  0.0057
Time:  0.0788 Epoch: 001 Iter:  550/ 600 LR: 0.0000333333 Loss content:  0.0177 Loss fft:  0.8489 Loss dta_rank:  0.7493 Loss dta_tv:  0.0342 Loss dta_proxy:  0.4348 Loss dta_trans:  0.0121 Loss dta_phys:  0.0077 Loss dta_preserve:  0.0040
Time:  0.0776 Epoch: 001 Iter:  600/ 600 LR: 0.0000333333 Loss content:  0.0174 Loss fft:  0.8328 Loss dta_rank:  0.7480 Loss dta_tv:  0.0341 Loss dta_proxy:  0.4561 Loss dta_trans:  0.0120 Loss dta_phys:  0.0081 Loss dta_preserve:  0.0060
EPOCH: 01
Elapsed time: 0.89 Epoch Pixel Loss:  0.0171 Epoch FFT Loss:  0.8203 Epoch DTA Rank:  0.7168 Epoch DTA TV:  0.0226 Epoch DTA Proxy:  0.3795 Epoch DTA Trans:  0.0243 Epoch DTA Phys:  0.0090 Epoch DTA Preserve:  0.0052
DTA_GATE_RAMP epoch=2 gate_limit=0.010000
Time:  0.0854 Epoch: 002 Iter:   50/ 600 LR: 0.0000666667 Loss content:  0.0175 Loss fft:  0.8387 Loss dta_rank:  0.7514 Loss dta_tv:  0.0357 Loss dta_proxy:  0.4397 Loss dta_trans:  0.0121 Loss dta_phys:  0.0078 Loss dta_preserve:  0.0044
Time:  0.0778 Epoch: 002 Iter:  100/ 600 LR: 0.0000666667 Loss content:  0.0177 Loss fft:  0.8300 Loss dta_rank:  0.7625 Loss dta_tv:  0.0357 Loss dta_proxy:  0.4508 Loss dta_trans:  0.0108 Loss dta_phys:  0.0078 Loss dta_preserve:  0.0060
Time:  0.0809 Epoch: 002 Iter:  150/ 600 LR: 0.0000666667 Loss content:  0.0178 Loss fft:  0.8430 Loss dta_rank:  0.7640 Loss dta_tv:  0.0354 Loss dta_proxy:  0.4315 Loss dta_trans:  0.0108 Loss dta_phys:  0.0073 Loss dta_preserve:  0.0048
Time:  0.0758 Epoch: 002 Iter:  200/ 600 LR: 0.0000666667 Loss content:  0.0166 Loss fft:  0.8342 Loss dta_rank:  0.7607 Loss dta_tv:  0.0357 Loss dta_proxy:  0.4486 Loss dta_trans:  0.0102 Loss dta_phys:  0.0078 Loss dta_preserve:  0.0054
Time:  0.0718 Epoch: 002 Iter:  250/ 600 LR: 0.0000666667 Loss content:  0.0177 Loss fft:  0.8125 Loss dta_rank:  0.7615 Loss dta_tv:  0.0357 Loss dta_proxy:  0.4249 Loss dta_trans:  0.0099 Loss dta_phys:  0.0067 Loss dta_preserve:  0.0045
Time:  0.0640 Epoch: 002 Iter:  300/ 600 LR: 0.0000666667 Loss content:  0.0168 Loss fft:  0.8081 Loss dta_rank:  0.7596 Loss dta_tv:  0.0350 Loss dta_proxy:  0.4320 Loss dta_trans:  0.0108 Loss dta_phys:  0.0065 Loss dta_preserve:  0.0048
Time:  0.0700 Epoch: 002 Iter:  350/ 600 LR: 0.0000666667 Loss content:  0.0174 Loss fft:  0.8413 Loss dta_rank:  0.7623 Loss dta_tv:  0.0337 Loss dta_proxy:  0.4535 Loss dta_trans:  0.0093 Loss dta_phys:  0.0069 Loss dta_preserve:  0.0050
Time:  0.0791 Epoch: 002 Iter:  400/ 600 LR: 0.0000666667 Loss content:  0.0171 Loss fft:  0.7993 Loss dta_rank:  0.7631 Loss dta_tv:  0.0335 Loss dta_proxy:  0.4367 Loss dta_trans:  0.0090 Loss dta_phys:  0.0073 Loss dta_preserve:  0.0057
Time:  0.0771 Epoch: 002 Iter:  450/ 600 LR: 0.0000666667 Loss content:  0.0170 Loss fft:  0.8191 Loss dta_rank:  0.7655 Loss dta_tv:  0.0350 Loss dta_proxy:  0.4356 Loss dta_trans:  0.0098 Loss dta_phys:  0.0064 Loss dta_preserve:  0.0051
Time:  0.0780 Epoch: 002 Iter:  500/ 600 LR: 0.0000666667 Loss content:  0.0179 Loss fft:  0.8566 Loss dta_rank:  0.7668 Loss dta_tv:  0.0329 Loss dta_proxy:  0.4768 Loss dta_trans:  0.0081 Loss dta_phys:  0.0069 Loss dta_preserve:  0.0071
Time:  0.0759 Epoch: 002 Iter:  550/ 600 LR: 0.0000666667 Loss content:  0.0172 Loss fft:  0.8350 Loss dta_rank:  0.7726 Loss dta_tv:  0.0338 Loss dta_proxy:  0.4567 Loss dta_trans:  0.0082 Loss dta_phys:  0.0071 Loss dta_preserve:  0.0049
Time:  0.0750 Epoch: 002 Iter:  600/ 600 LR: 0.0000666667 Loss content:  0.0172 Loss fft:  0.7888 Loss dta_rank:  0.7673 Loss dta_tv:  0.0335 Loss dta_proxy:  0.4451 Loss dta_trans:  0.0081 Loss dta_phys:  0.0070 Loss dta_preserve:  0.0050
EPOCH: 02
Elapsed time: 0.92 Epoch Pixel Loss:  0.0173 Epoch FFT Loss:  0.8256 Epoch DTA Rank:  0.7631 Epoch DTA TV:  0.0346 Epoch DTA Proxy:  0.4443 Epoch DTA Trans:  0.0098 Epoch DTA Phys:  0.0071 Epoch DTA Preserve:  0.0052
DTA_GATE_RAMP epoch=3 gate_limit=0.030000
Time:  0.0805 Epoch: 003 Iter:   50/ 600 LR: 0.0001000000 Loss content:  0.0178 Loss fft:  0.8407 Loss dta_rank:  0.7653 Loss dta_tv:  0.0320 Loss dta_proxy:  0.4542 Loss dta_trans:  0.0084 Loss dta_phys:  0.0068 Loss dta_preserve:  0.0056
Time:  0.0767 Epoch: 003 Iter:  100/ 600 LR: 0.0001000000 Loss content:  0.0170 Loss fft:  0.7914 Loss dta_rank:  0.7635 Loss dta_tv:  0.0321 Loss dta_proxy:  0.4492 Loss dta_trans:  0.0086 Loss dta_phys:  0.0072 Loss dta_preserve:  0.0053
Time:  0.0777 Epoch: 003 Iter:  150/ 600 LR: 0.0001000000 Loss content:  0.0171 Loss fft:  0.8175 Loss dta_rank:  0.7649 Loss dta_tv:  0.0326 Loss dta_proxy:  0.4472 Loss dta_trans:  0.0072 Loss dta_phys:  0.0069 Loss dta_preserve:  0.0045
Time:  0.0778 Epoch: 003 Iter:  200/ 600 LR: 0.0001000000 Loss content:  0.0169 Loss fft:  0.8380 Loss dta_rank:  0.7639 Loss dta_tv:  0.0331 Loss dta_proxy:  0.4446 Loss dta_trans:  0.0084 Loss dta_phys:  0.0073 Loss dta_preserve:  0.0053
Time:  0.0753 Epoch: 003 Iter:  250/ 600 LR: 0.0001000000 Loss content:  0.0179 Loss fft:  0.8359 Loss dta_rank:  0.7656 Loss dta_tv:  0.0320 Loss dta_proxy:  0.4312 Loss dta_trans:  0.0092 Loss dta_phys:  0.0062 Loss dta_preserve:  0.0057
Time:  0.0765 Epoch: 003 Iter:  300/ 600 LR: 0.0001000000 Loss content:  0.0170 Loss fft:  0.8093 Loss dta_rank:  0.7667 Loss dta_tv:  0.0308 Loss dta_proxy:  0.4552 Loss dta_trans:  0.0091 Loss dta_phys:  0.0078 Loss dta_preserve:  0.0058
Time:  0.0754 Epoch: 003 Iter:  350/ 600 LR: 0.0001000000 Loss content:  0.0176 Loss fft:  0.8417 Loss dta_rank:  0.7667 Loss dta_tv:  0.0314 Loss dta_proxy:  0.4511 Loss dta_trans:  0.0086 Loss dta_phys:  0.0082 Loss dta_preserve:  0.0048
Time:  0.0780 Epoch: 003 Iter:  400/ 600 LR: 0.0001000000 Loss content:  0.0171 Loss fft:  0.8220 Loss dta_rank:  0.7675 Loss dta_tv:  0.0321 Loss dta_proxy:  0.4438 Loss dta_trans:  0.0078 Loss dta_phys:  0.0064 Loss dta_preserve:  0.0051
Time:  0.0800 Epoch: 003 Iter:  450/ 600 LR: 0.0001000000 Loss content:  0.0167 Loss fft:  0.8113 Loss dta_rank:  0.7800 Loss dta_tv:  0.0315 Loss dta_proxy:  0.4551 Loss dta_trans:  0.0074 Loss dta_phys:  0.0061 Loss dta_preserve:  0.0047
Time:  0.0753 Epoch: 003 Iter:  500/ 600 LR: 0.0001000000 Loss content:  0.0174 Loss fft:  0.8323 Loss dta_rank:  0.7672 Loss dta_tv:  0.0304 Loss dta_proxy:  0.4736 Loss dta_trans:  0.0072 Loss dta_phys:  0.0066 Loss dta_preserve:  0.0042
Time:  0.0771 Epoch: 003 Iter:  550/ 600 LR: 0.0001000000 Loss content:  0.0168 Loss fft:  0.7810 Loss dta_rank:  0.7688 Loss dta_tv:  0.0309 Loss dta_proxy:  0.4619 Loss dta_trans:  0.0073 Loss dta_phys:  0.0068 Loss dta_preserve:  0.0049
Time:  0.0755 Epoch: 003 Iter:  600/ 600 LR: 0.0001000000 Loss content:  0.0172 Loss fft:  0.7954 Loss dta_rank:  0.7736 Loss dta_tv:  0.0314 Loss dta_proxy:  0.4443 Loss dta_trans:  0.0080 Loss dta_phys:  0.0075 Loss dta_preserve:  0.0060
EPOCH: 03
Elapsed time: 0.93 Epoch Pixel Loss:  0.0172 Epoch FFT Loss:  0.8180 Epoch DTA Rank:  0.7678 Epoch DTA TV:  0.0317 Epoch DTA Proxy:  0.4509 Epoch DTA Trans:  0.0081 Epoch DTA Phys:  0.0070 Epoch DTA Preserve:  0.0052
/sda/home/wangyuxin/ConvIR-B/envs/convir-cu121/lib/python3.10/site-packages/torch/optim/lr_scheduler.py:1087: UserWarning: To get the last learning rate computed by the scheduler, please use `get_last_lr()`.
  _warn_get_lr_called_within_step(self)
DTA_GATE_RAMP epoch=4 gate_limit=0.030000
Time:  0.0813 Epoch: 004 Iter:   50/ 600 LR: 0.0001000000 Loss content:  0.0163 Loss fft:  0.8046 Loss dta_rank:  0.7719 Loss dta_tv:  0.0307 Loss dta_proxy:  0.4457 Loss dta_trans:  0.0065 Loss dta_phys:  0.0070 Loss dta_preserve:  0.0046
Time:  0.0771 Epoch: 004 Iter:  100/ 600 LR: 0.0001000000 Loss content:  0.0182 Loss fft:  0.8595 Loss dta_rank:  0.7692 Loss dta_tv:  0.0305 Loss dta_proxy:  0.4623 Loss dta_trans:  0.0069 Loss dta_phys:  0.0063 Loss dta_preserve:  0.0043
Time:  0.0786 Epoch: 004 Iter:  150/ 600 LR: 0.0001000000 Loss content:  0.0170 Loss fft:  0.8107 Loss dta_rank:  0.7699 Loss dta_tv:  0.0304 Loss dta_proxy:  0.4479 Loss dta_trans:  0.0080 Loss dta_phys:  0.0073 Loss dta_preserve:  0.0052
Time:  0.0777 Epoch: 004 Iter:  200/ 600 LR: 0.0001000000 Loss content:  0.0174 Loss fft:  0.8176 Loss dta_rank:  0.7672 Loss dta_tv:  0.0297 Loss dta_proxy:  0.4563 Loss dta_trans:  0.0074 Loss dta_phys:  0.0072 Loss dta_preserve:  0.0046
Time:  0.0791 Epoch: 004 Iter:  250/ 600 LR: 0.0001000000 Loss content:  0.0174 Loss fft:  0.8500 Loss dta_rank:  0.7685 Loss dta_tv:  0.0295 Loss dta_proxy:  0.4655 Loss dta_trans:  0.0065 Loss dta_phys:  0.0067 Loss dta_preserve:  0.0050
Time:  0.0775 Epoch: 004 Iter:  300/ 600 LR: 0.0001000000 Loss content:  0.0168 Loss fft:  0.8019 Loss dta_rank:  0.7683 Loss dta_tv:  0.0302 Loss dta_proxy:  0.4427 Loss dta_trans:  0.0072 Loss dta_phys:  0.0062 Loss dta_preserve:  0.0052
Time:  0.0765 Epoch: 004 Iter:  350/ 600 LR: 0.0001000000 Loss content:  0.0167 Loss fft:  0.8033 Loss dta_rank:  0.7678 Loss dta_tv:  0.0293 Loss dta_proxy:  0.4501 Loss dta_trans:  0.0075 Loss dta_phys:  0.0071 Loss dta_preserve:  0.0049
Time:  0.0771 Epoch: 004 Iter:  400/ 600 LR: 0.0001000000 Loss content:  0.0173 Loss fft:  0.8142 Loss dta_rank:  0.7664 Loss dta_tv:  0.0281 Loss dta_proxy:  0.4752 Loss dta_trans:  0.0069 Loss dta_phys:  0.0065 Loss dta_preserve:  0.0043
Time:  0.0757 Epoch: 004 Iter:  450/ 600 LR: 0.0001000000 Loss content:  0.0171 Loss fft:  0.8455 Loss dta_rank:  0.7748 Loss dta_tv:  0.0307 Loss dta_proxy:  0.4353 Loss dta_trans:  0.0080 Loss dta_phys:  0.0067 Loss dta_preserve:  0.0052
Time:  0.0739 Epoch: 004 Iter:  500/ 600 LR: 0.0001000000 Loss content:  0.0171 Loss fft:  0.8126 Loss dta_rank:  0.7741 Loss dta_tv:  0.0292 Loss dta_proxy:  0.4589 Loss dta_trans:  0.0077 Loss dta_phys:  0.0073 Loss dta_preserve:  0.0058
Time:  0.0753 Epoch: 004 Iter:  550/ 600 LR: 0.0001000000 Loss content:  0.0169 Loss fft:  0.8241 Loss dta_rank:  0.7712 Loss dta_tv:  0.0286 Loss dta_proxy:  0.4752 Loss dta_trans:  0.0075 Loss dta_phys:  0.0068 Loss dta_preserve:  0.0097
Time:  0.0742 Epoch: 004 Iter:  600/ 600 LR: 0.0001000000 Loss content:  0.0168 Loss fft:  0.8042 Loss dta_rank:  0.7715 Loss dta_tv:  0.0292 Loss dta_proxy:  0.4441 Loss dta_trans:  0.0081 Loss dta_phys:  0.0068 Loss dta_preserve:  0.0047
EPOCH: 04
Elapsed time: 0.93 Epoch Pixel Loss:  0.0171 Epoch FFT Loss:  0.8207 Epoch DTA Rank:  0.7701 Epoch DTA TV:  0.0297 Epoch DTA Proxy:  0.4549 Epoch DTA Trans:  0.0074 Epoch DTA Phys:  0.0068 Epoch DTA Preserve:  0.0053
DTA_GATE_RAMP epoch=5 gate_limit=0.030000
Time:  0.0842 Epoch: 005 Iter:   50/ 600 LR: 0.0000983215 Loss content:  0.0175 Loss fft:  0.8337 Loss dta_rank:  0.7711 Loss dta_tv:  0.0287 Loss dta_proxy:  0.4345 Loss dta_trans:  0.0076 Loss dta_phys:  0.0066 Loss dta_preserve:  0.0042
Time:  0.0755 Epoch: 005 Iter:  100/ 600 LR: 0.0000983215 Loss content:  0.0175 Loss fft:  0.8334 Loss dta_rank:  0.7764 Loss dta_tv:  0.0296 Loss dta_proxy:  0.4500 Loss dta_trans:  0.0074 Loss dta_phys:  0.0066 Loss dta_preserve:  0.0054
Time:  0.0801 Epoch: 005 Iter:  150/ 600 LR: 0.0000983215 Loss content:  0.0166 Loss fft:  0.8145 Loss dta_rank:  0.7701 Loss dta_tv:  0.0284 Loss dta_proxy:  0.4671 Loss dta_trans:  0.0068 Loss dta_phys:  0.0071 Loss dta_preserve:  0.0046
Time:  0.0757 Epoch: 005 Iter:  200/ 600 LR: 0.0000983215 Loss content:  0.0174 Loss fft:  0.8215 Loss dta_rank:  0.7743 Loss dta_tv:  0.0282 Loss dta_proxy:  0.4552 Loss dta_trans:  0.0075 Loss dta_phys:  0.0067 Loss dta_preserve:  0.0042
Time:  0.0764 Epoch: 005 Iter:  250/ 600 LR: 0.0000983215 Loss content:  0.0169 Loss fft:  0.8036 Loss dta_rank:  0.7707 Loss dta_tv:  0.0290 Loss dta_proxy:  0.4624 Loss dta_trans:  0.0069 Loss dta_phys:  0.0073 Loss dta_preserve:  0.0047
Time:  0.0784 Epoch: 005 Iter:  300/ 600 LR: 0.0000983215 Loss content:  0.0170 Loss fft:  0.7937 Loss dta_rank:  0.7682 Loss dta_tv:  0.0294 Loss dta_proxy:  0.4421 Loss dta_trans:  0.0075 Loss dta_phys:  0.0072 Loss dta_preserve:  0.0047
Time:  0.0796 Epoch: 005 Iter:  350/ 600 LR: 0.0000983215 Loss content:  0.0173 Loss fft:  0.7973 Loss dta_rank:  0.7688 Loss dta_tv:  0.0285 Loss dta_proxy:  0.4496 Loss dta_trans:  0.0074 Loss dta_phys:  0.0074 Loss dta_preserve:  0.0061
Time:  0.0816 Epoch: 005 Iter:  400/ 600 LR: 0.0000983215 Loss content:  0.0177 Loss fft:  0.8402 Loss dta_rank:  0.7738 Loss dta_tv:  0.0286 Loss dta_proxy:  0.4635 Loss dta_trans:  0.0070 Loss dta_phys:  0.0070 Loss dta_preserve:  0.0046
Time:  0.0785 Epoch: 005 Iter:  450/ 600 LR: 0.0000983215 Loss content:  0.0174 Loss fft:  0.8232 Loss dta_rank:  0.7701 Loss dta_tv:  0.0281 Loss dta_proxy:  0.4634 Loss dta_trans:  0.0067 Loss dta_phys:  0.0068 Loss dta_preserve:  0.0058
Time:  0.0799 Epoch: 005 Iter:  500/ 600 LR: 0.0000983215 Loss content:  0.0173 Loss fft:  0.8304 Loss dta_rank:  0.7669 Loss dta_tv:  0.0277 Loss dta_proxy:  0.4594 Loss dta_trans:  0.0060 Loss dta_phys:  0.0064 Loss dta_preserve:  0.0062
Time:  0.0795 Epoch: 005 Iter:  550/ 600 LR: 0.0000983215 Loss content:  0.0174 Loss fft:  0.8343 Loss dta_rank:  0.7700 Loss dta_tv:  0.0274 Loss dta_proxy:  0.4731 Loss dta_trans:  0.0065 Loss dta_phys:  0.0070 Loss dta_preserve:  0.0050
Time:  0.0788 Epoch: 005 Iter:  600/ 600 LR: 0.0000983215 Loss content:  0.0166 Loss fft:  0.8005 Loss dta_rank:  0.7741 Loss dta_tv:  0.0287 Loss dta_proxy:  0.4300 Loss dta_trans:  0.0063 Loss dta_phys:  0.0067 Loss dta_preserve:  0.0041
EPOCH: 05
Elapsed time: 0.95 Epoch Pixel Loss:  0.0172 Epoch FFT Loss:  0.8189 Epoch DTA Rank:  0.7712 Epoch DTA TV:  0.0285 Epoch DTA Proxy:  0.4542 Epoch DTA Trans:  0.0070 Epoch DTA Phys:  0.0069 Epoch DTA Preserve:  0.0050
DTA_GATE_RAMP epoch=6 gate_limit=0.030000
Time:  0.0817 Epoch: 006 Iter:   50/ 600 LR: 0.0000942212 Loss content:  0.0174 Loss fft:  0.7786 Loss dta_rank:  0.7717 Loss dta_tv:  0.0285 Loss dta_proxy:  0.4329 Loss dta_trans:  0.0071 Loss dta_phys:  0.0067 Loss dta_preserve:  0.0051
Time:  0.0779 Epoch: 006 Iter:  100/ 600 LR: 0.0000942212 Loss content:  0.0181 Loss fft:  0.8472 Loss dta_rank:  0.7695 Loss dta_tv:  0.0278 Loss dta_proxy:  0.4609 Loss dta_trans:  0.0063 Loss dta_phys:  0.0065 Loss dta_preserve:  0.0068
Time:  0.0766 Epoch: 006 Iter:  150/ 600 LR: 0.0000942212 Loss content:  0.0174 Loss fft:  0.8117 Loss dta_rank:  0.7758 Loss dta_tv:  0.0288 Loss dta_proxy:  0.4576 Loss dta_trans:  0.0064 Loss dta_phys:  0.0068 Loss dta_preserve:  0.0072
Time:  0.0780 Epoch: 006 Iter:  200/ 600 LR: 0.0000942212 Loss content:  0.0188 Loss fft:  0.8685 Loss dta_rank:  0.7696 Loss dta_tv:  0.0269 Loss dta_proxy:  0.4723 Loss dta_trans:  0.0064 Loss dta_phys:  0.0072 Loss dta_preserve:  0.0055
Time:  0.0749 Epoch: 006 Iter:  250/ 600 LR: 0.0000942212 Loss content:  0.0170 Loss fft:  0.8224 Loss dta_rank:  0.7708 Loss dta_tv:  0.0280 Loss dta_proxy:  0.4610 Loss dta_trans:  0.0066 Loss dta_phys:  0.0062 Loss dta_preserve:  0.0052
Time:  0.0777 Epoch: 006 Iter:  300/ 600 LR: 0.0000942212 Loss content:  0.0167 Loss fft:  0.7929 Loss dta_rank:  0.7747 Loss dta_tv:  0.0273 Loss dta_proxy:  0.4665 Loss dta_trans:  0.0068 Loss dta_phys:  0.0071 Loss dta_preserve:  0.0045
Time:  0.0784 Epoch: 006 Iter:  350/ 600 LR: 0.0000942212 Loss content:  0.0169 Loss fft:  0.8123 Loss dta_rank:  0.7702 Loss dta_tv:  0.0271 Loss dta_proxy:  0.4590 Loss dta_trans:  0.0069 Loss dta_phys:  0.0065 Loss dta_preserve:  0.0057
Time:  0.0791 Epoch: 006 Iter:  400/ 600 LR: 0.0000942212 Loss content:  0.0181 Loss fft:  0.8485 Loss dta_rank:  0.7683 Loss dta_tv:  0.0272 Loss dta_proxy:  0.4488 Loss dta_trans:  0.0069 Loss dta_phys:  0.0067 Loss dta_preserve:  0.0041
Time:  0.0801 Epoch: 006 Iter:  450/ 600 LR: 0.0000942212 Loss content:  0.0164 Loss fft:  0.7711 Loss dta_rank:  0.7657 Loss dta_tv:  0.0272 Loss dta_proxy:  0.4481 Loss dta_trans:  0.0072 Loss dta_phys:  0.0077 Loss dta_preserve:  0.0042
Time:  0.0782 Epoch: 006 Iter:  500/ 600 LR: 0.0000942212 Loss content:  0.0169 Loss fft:  0.8044 Loss dta_rank:  0.7714 Loss dta_tv:  0.0262 Loss dta_proxy:  0.4747 Loss dta_trans:  0.0066 Loss dta_phys:  0.0070 Loss dta_preserve:  0.0052
Time:  0.0784 Epoch: 006 Iter:  550/ 600 LR: 0.0000942212 Loss content:  0.0176 Loss fft:  0.8440 Loss dta_rank:  0.7770 Loss dta_tv:  0.0276 Loss dta_proxy:  0.4631 Loss dta_trans:  0.0060 Loss dta_phys:  0.0063 Loss dta_preserve:  0.0052
Time:  0.0786 Epoch: 006 Iter:  600/ 600 LR: 0.0000942212 Loss content:  0.0174 Loss fft:  0.8040 Loss dta_rank:  0.7750 Loss dta_tv:  0.0276 Loss dta_proxy:  0.4539 Loss dta_trans:  0.0057 Loss dta_phys:  0.0062 Loss dta_preserve:  0.0061
EPOCH: 06
Elapsed time: 0.94 Epoch Pixel Loss:  0.0174 Epoch FFT Loss:  0.8171 Epoch DTA Rank:  0.7716 Epoch DTA TV:  0.0275 Epoch DTA Proxy:  0.4582 Epoch DTA Trans:  0.0066 Epoch DTA Phys:  0.0068 Epoch DTA Preserve:  0.0054
DTA_GATE_RAMP epoch=7 gate_limit=0.030000
Time:  0.0822 Epoch: 007 Iter:   50/ 600 LR: 0.0000886874 Loss content:  0.0164 Loss fft:  0.8135 Loss dta_rank:  0.7706 Loss dta_tv:  0.0276 Loss dta_proxy:  0.4643 Loss dta_trans:  0.0068 Loss dta_phys:  0.0069 Loss dta_preserve:  0.0050
Time:  0.0751 Epoch: 007 Iter:  100/ 600 LR: 0.0000886874 Loss content:  0.0171 Loss fft:  0.8102 Loss dta_rank:  0.7759 Loss dta_tv:  0.0280 Loss dta_proxy:  0.4329 Loss dta_trans:  0.0054 Loss dta_phys:  0.0065 Loss dta_preserve:  0.0052
Time:  0.0743 Epoch: 007 Iter:  150/ 600 LR: 0.0000886874 Loss content:  0.0174 Loss fft:  0.8177 Loss dta_rank:  0.7763 Loss dta_tv:  0.0266 Loss dta_proxy:  0.4656 Loss dta_trans:  0.0071 Loss dta_phys:  0.0067 Loss dta_preserve:  0.0054
Time:  0.0695 Epoch: 007 Iter:  200/ 600 LR: 0.0000886874 Loss content:  0.0169 Loss fft:  0.8187 Loss dta_rank:  0.7706 Loss dta_tv:  0.0263 Loss dta_proxy:  0.4744 Loss dta_trans:  0.0072 Loss dta_phys:  0.0071 Loss dta_preserve:  0.0048
Time:  0.0750 Epoch: 007 Iter:  250/ 600 LR: 0.0000886874 Loss content:  0.0166 Loss fft:  0.8109 Loss dta_rank:  0.7704 Loss dta_tv:  0.0267 Loss dta_proxy:  0.4507 Loss dta_trans:  0.0068 Loss dta_phys:  0.0070 Loss dta_preserve:  0.0039
Time:  0.0795 Epoch: 007 Iter:  300/ 600 LR: 0.0000886874 Loss content:  0.0175 Loss fft:  0.8205 Loss dta_rank:  0.7728 Loss dta_tv:  0.0268 Loss dta_proxy:  0.4615 Loss dta_trans:  0.0068 Loss dta_phys:  0.0075 Loss dta_preserve:  0.0051
Time:  0.0787 Epoch: 007 Iter:  350/ 600 LR: 0.0000886874 Loss content:  0.0173 Loss fft:  0.8232 Loss dta_rank:  0.7722 Loss dta_tv:  0.0276 Loss dta_proxy:  0.4642 Loss dta_trans:  0.0063 Loss dta_phys:  0.0066 Loss dta_preserve:  0.0048
Time:  0.0807 Epoch: 007 Iter:  400/ 600 LR: 0.0000886874 Loss content:  0.0168 Loss fft:  0.8208 Loss dta_rank:  0.7741 Loss dta_tv:  0.0268 Loss dta_proxy:  0.4596 Loss dta_trans:  0.0065 Loss dta_phys:  0.0072 Loss dta_preserve:  0.0046
Time:  0.0778 Epoch: 007 Iter:  450/ 600 LR: 0.0000886874 Loss content:  0.0176 Loss fft:  0.8320 Loss dta_rank:  0.7702 Loss dta_tv:  0.0268 Loss dta_proxy:  0.4519 Loss dta_trans:  0.0065 Loss dta_phys:  0.0065 Loss dta_preserve:  0.0076
Time:  0.0753 Epoch: 007 Iter:  500/ 600 LR: 0.0000886874 Loss content:  0.0174 Loss fft:  0.8601 Loss dta_rank:  0.7760 Loss dta_tv:  0.0270 Loss dta_proxy:  0.4646 Loss dta_trans:  0.0062 Loss dta_phys:  0.0064 Loss dta_preserve:  0.0055
Time:  0.0788 Epoch: 007 Iter:  550/ 600 LR: 0.0000886874 Loss content:  0.0175 Loss fft:  0.8097 Loss dta_rank:  0.7751 Loss dta_tv:  0.0261 Loss dta_proxy:  0.4870 Loss dta_trans:  0.0056 Loss dta_phys:  0.0067 Loss dta_preserve:  0.0040
Time:  0.0740 Epoch: 007 Iter:  600/ 600 LR: 0.0000886874 Loss content:  0.0174 Loss fft:  0.8132 Loss dta_rank:  0.7723 Loss dta_tv:  0.0267 Loss dta_proxy:  0.4380 Loss dta_trans:  0.0061 Loss dta_phys:  0.0063 Loss dta_preserve:  0.0054
EPOCH: 07
Elapsed time: 0.92 Epoch Pixel Loss:  0.0172 Epoch FFT Loss:  0.8209 Epoch DTA Rank:  0.7730 Epoch DTA TV:  0.0269 Epoch DTA Proxy:  0.4596 Epoch DTA Trans:  0.0064 Epoch DTA Phys:  0.0068 Epoch DTA Preserve:  0.0051
DTA_GATE_RAMP epoch=8 gate_limit=0.030000
Time:  0.0824 Epoch: 008 Iter:   50/ 600 LR: 0.0000819070 Loss content:  0.0165 Loss fft:  0.7913 Loss dta_rank:  0.7671 Loss dta_tv:  0.0262 Loss dta_proxy:  0.4706 Loss dta_trans:  0.0064 Loss dta_phys:  0.0079 Loss dta_preserve:  0.0052
Time:  0.0764 Epoch: 008 Iter:  100/ 600 LR: 0.0000819070 Loss content:  0.0174 Loss fft:  0.8324 Loss dta_rank:  0.7742 Loss dta_tv:  0.0267 Loss dta_proxy:  0.4549 Loss dta_trans:  0.0074 Loss dta_phys:  0.0069 Loss dta_preserve:  0.0050
Time:  0.0761 Epoch: 008 Iter:  150/ 600 LR: 0.0000819070 Loss content:  0.0174 Loss fft:  0.8394 Loss dta_rank:  0.7722 Loss dta_tv:  0.0270 Loss dta_proxy:  0.4486 Loss dta_trans:  0.0065 Loss dta_phys:  0.0058 Loss dta_preserve:  0.0060
Time:  0.0745 Epoch: 008 Iter:  200/ 600 LR: 0.0000819070 Loss content:  0.0165 Loss fft:  0.7947 Loss dta_rank:  0.7678 Loss dta_tv:  0.0268 Loss dta_proxy:  0.4506 Loss dta_trans:  0.0076 Loss dta_phys:  0.0067 Loss dta_preserve:  0.0051
Time:  0.0800 Epoch: 008 Iter:  250/ 600 LR: 0.0000819070 Loss content:  0.0165 Loss fft:  0.8062 Loss dta_rank:  0.7728 Loss dta_tv:  0.0262 Loss dta_proxy:  0.4585 Loss dta_trans:  0.0059 Loss dta_phys:  0.0061 Loss dta_preserve:  0.0039
Time:  0.0775 Epoch: 008 Iter:  300/ 600 LR: 0.0000819070 Loss content:  0.0171 Loss fft:  0.8144 Loss dta_rank:  0.7740 Loss dta_tv:  0.0257 Loss dta_proxy:  0.4602 Loss dta_trans:  0.0054 Loss dta_phys:  0.0066 Loss dta_preserve:  0.0044
Time:  0.0792 Epoch: 008 Iter:  350/ 600 LR: 0.0000819070 Loss content:  0.0168 Loss fft:  0.8079 Loss dta_rank:  0.7705 Loss dta_tv:  0.0257 Loss dta_proxy:  0.4564 Loss dta_trans:  0.0065 Loss dta_phys:  0.0069 Loss dta_preserve:  0.0047
Time:  0.0757 Epoch: 008 Iter:  400/ 600 LR: 0.0000819070 Loss content:  0.0175 Loss fft:  0.8749 Loss dta_rank:  0.7766 Loss dta_tv:  0.0266 Loss dta_proxy:  0.4491 Loss dta_trans:  0.0059 Loss dta_phys:  0.0065 Loss dta_preserve:  0.0051
Time:  0.0778 Epoch: 008 Iter:  450/ 600 LR: 0.0000819070 Loss content:  0.0176 Loss fft:  0.8395 Loss dta_rank:  0.7784 Loss dta_tv:  0.0257 Loss dta_proxy:  0.4878 Loss dta_trans:  0.0055 Loss dta_phys:  0.0069 Loss dta_preserve:  0.0054
Time:  0.0762 Epoch: 008 Iter:  500/ 600 LR: 0.0000819070 Loss content:  0.0170 Loss fft:  0.8379 Loss dta_rank:  0.7726 Loss dta_tv:  0.0262 Loss dta_proxy:  0.4736 Loss dta_trans:  0.0055 Loss dta_phys:  0.0077 Loss dta_preserve:  0.0047
Time:  0.0753 Epoch: 008 Iter:  550/ 600 LR: 0.0000819070 Loss content:  0.0171 Loss fft:  0.7934 Loss dta_rank:  0.7666 Loss dta_tv:  0.0262 Loss dta_proxy:  0.4510 Loss dta_trans:  0.0068 Loss dta_phys:  0.0070 Loss dta_preserve:  0.0051
Time:  0.0767 Epoch: 008 Iter:  600/ 600 LR: 0.0000819070 Loss content:  0.0171 Loss fft:  0.8140 Loss dta_rank:  0.7727 Loss dta_tv:  0.0274 Loss dta_proxy:  0.4456 Loss dta_trans:  0.0072 Loss dta_phys:  0.0078 Loss dta_preserve:  0.0066
EPOCH: 08
Elapsed time: 0.93 Epoch Pixel Loss:  0.0170 Epoch FFT Loss:  0.8205 Epoch DTA Rank:  0.7721 Epoch DTA TV:  0.0264 Epoch DTA Proxy:  0.4589 Epoch DTA Trans:  0.0064 Epoch DTA Phys:  0.0069 Epoch DTA Preserve:  0.0051
DTA_GATE_RAMP epoch=9 gate_limit=0.060000
Time:  0.0809 Epoch: 009 Iter:   50/ 600 LR: 0.0000741093 Loss content:  0.0172 Loss fft:  0.8247 Loss dta_rank:  0.7761 Loss dta_tv:  0.0266 Loss dta_proxy:  0.4699 Loss dta_trans:  0.0058 Loss dta_phys:  0.0066 Loss dta_preserve:  0.0053
Time:  0.0757 Epoch: 009 Iter:  100/ 600 LR: 0.0000741093 Loss content:  0.0178 Loss fft:  0.8241 Loss dta_rank:  0.7697 Loss dta_tv:  0.0257 Loss dta_proxy:  0.4638 Loss dta_trans:  0.0062 Loss dta_phys:  0.0070 Loss dta_preserve:  0.0052
Time:  0.0782 Epoch: 009 Iter:  150/ 600 LR: 0.0000741093 Loss content:  0.0168 Loss fft:  0.8290 Loss dta_rank:  0.7764 Loss dta_tv:  0.0260 Loss dta_proxy:  0.4637 Loss dta_trans:  0.0053 Loss dta_phys:  0.0064 Loss dta_preserve:  0.0059
Time:  0.0751 Epoch: 009 Iter:  200/ 600 LR: 0.0000741093 Loss content:  0.0172 Loss fft:  0.7952 Loss dta_rank:  0.7730 Loss dta_tv:  0.0266 Loss dta_proxy:  0.4550 Loss dta_trans:  0.0067 Loss dta_phys:  0.0066 Loss dta_preserve:  0.0048
Time:  0.0757 Epoch: 009 Iter:  250/ 600 LR: 0.0000741093 Loss content:  0.0163 Loss fft:  0.7995 Loss dta_rank:  0.7735 Loss dta_tv:  0.0267 Loss dta_proxy:  0.4527 Loss dta_trans:  0.0057 Loss dta_phys:  0.0071 Loss dta_preserve:  0.0046
Time:  0.0778 Epoch: 009 Iter:  300/ 600 LR: 0.0000741093 Loss content:  0.0175 Loss fft:  0.8258 Loss dta_rank:  0.7788 Loss dta_tv:  0.0264 Loss dta_proxy:  0.4593 Loss dta_trans:  0.0059 Loss dta_phys:  0.0069 Loss dta_preserve:  0.0052
Time:  0.0761 Epoch: 009 Iter:  350/ 600 LR: 0.0000741093 Loss content:  0.0171 Loss fft:  0.8103 Loss dta_rank:  0.7713 Loss dta_tv:  0.0256 Loss dta_proxy:  0.4890 Loss dta_trans:  0.0055 Loss dta_phys:  0.0068 Loss dta_preserve:  0.0060
Time:  0.0769 Epoch: 009 Iter:  400/ 600 LR: 0.0000741093 Loss content:  0.0168 Loss fft:  0.7943 Loss dta_rank:  0.7734 Loss dta_tv:  0.0264 Loss dta_proxy:  0.4644 Loss dta_trans:  0.0059 Loss dta_phys:  0.0073 Loss dta_preserve:  0.0046
Time:  0.0747 Epoch: 009 Iter:  450/ 600 LR: 0.0000741093 Loss content:  0.0175 Loss fft:  0.8386 Loss dta_rank:  0.7719 Loss dta_tv:  0.0263 Loss dta_proxy:  0.4599 Loss dta_trans:  0.0068 Loss dta_phys:  0.0062 Loss dta_preserve:  0.0053
Time:  0.0788 Epoch: 009 Iter:  500/ 600 LR: 0.0000741093 Loss content:  0.0171 Loss fft:  0.8325 Loss dta_rank:  0.7698 Loss dta_tv:  0.0264 Loss dta_proxy:  0.4387 Loss dta_trans:  0.0068 Loss dta_phys:  0.0061 Loss dta_preserve:  0.0046
Time:  0.0771 Epoch: 009 Iter:  550/ 600 LR: 0.0000741093 Loss content:  0.0169 Loss fft:  0.8065 Loss dta_rank:  0.7740 Loss dta_tv:  0.0262 Loss dta_proxy:  0.4416 Loss dta_trans:  0.0072 Loss dta_phys:  0.0074 Loss dta_preserve:  0.0054
Time:  0.0735 Epoch: 009 Iter:  600/ 600 LR: 0.0000741093 Loss content:  0.0174 Loss fft:  0.8362 Loss dta_rank:  0.7723 Loss dta_tv:  0.0260 Loss dta_proxy:  0.4536 Loss dta_trans:  0.0061 Loss dta_phys:  0.0070 Loss dta_preserve:  0.0050
EPOCH: 09
Elapsed time: 0.92 Epoch Pixel Loss:  0.0171 Epoch FFT Loss:  0.8181 Epoch DTA Rank:  0.7734 Epoch DTA TV:  0.0262 Epoch DTA Proxy:  0.4593 Epoch DTA Trans:  0.0062 Epoch DTA Phys:  0.0068 Epoch DTA Preserve:  0.0052
DTA_GATE_RAMP epoch=10 gate_limit=0.060000
Time:  0.0785 Epoch: 010 Iter:   50/ 600 LR: 0.0000655580 Loss content:  0.0164 Loss fft:  0.7961 Loss dta_rank:  0.7724 Loss dta_tv:  0.0262 Loss dta_proxy:  0.4678 Loss dta_trans:  0.0064 Loss dta_phys:  0.0070 Loss dta_preserve:  0.0045
Time:  0.0764 Epoch: 010 Iter:  100/ 600 LR: 0.0000655580 Loss content:  0.0172 Loss fft:  0.8271 Loss dta_rank:  0.7745 Loss dta_tv:  0.0263 Loss dta_proxy:  0.4634 Loss dta_trans:  0.0059 Loss dta_phys:  0.0065 Loss dta_preserve:  0.0046
Time:  0.0770 Epoch: 010 Iter:  150/ 600 LR: 0.0000655580 Loss content:  0.0177 Loss fft:  0.8358 Loss dta_rank:  0.7686 Loss dta_tv:  0.0252 Loss dta_proxy:  0.4577 Loss dta_trans:  0.0061 Loss dta_phys:  0.0061 Loss dta_preserve:  0.0043
Time:  0.0771 Epoch: 010 Iter:  200/ 600 LR: 0.0000655580 Loss content:  0.0177 Loss fft:  0.8152 Loss dta_rank:  0.7694 Loss dta_tv:  0.0258 Loss dta_proxy:  0.4564 Loss dta_trans:  0.0065 Loss dta_phys:  0.0074 Loss dta_preserve:  0.0052
Time:  0.0735 Epoch: 010 Iter:  250/ 600 LR: 0.0000655580 Loss content:  0.0172 Loss fft:  0.8239 Loss dta_rank:  0.7841 Loss dta_tv:  0.0264 Loss dta_proxy:  0.4702 Loss dta_trans:  0.0062 Loss dta_phys:  0.0067 Loss dta_preserve:  0.0056
Time:  0.0611 Epoch: 010 Iter:  300/ 600 LR: 0.0000655580 Loss content:  0.0176 Loss fft:  0.8306 Loss dta_rank:  0.7690 Loss dta_tv:  0.0246 Loss dta_proxy:  0.4759 Loss dta_trans:  0.0058 Loss dta_phys:  0.0071 Loss dta_preserve:  0.0044
Time:  0.0645 Epoch: 010 Iter:  350/ 600 LR: 0.0000655580 Loss content:  0.0171 Loss fft:  0.8171 Loss dta_rank:  0.7758 Loss dta_tv:  0.0264 Loss dta_proxy:  0.4608 Loss dta_trans:  0.0064 Loss dta_phys:  0.0068 Loss dta_preserve:  0.0057
Time:  0.0635 Epoch: 010 Iter:  400/ 600 LR: 0.0000655580 Loss content:  0.0168 Loss fft:  0.7889 Loss dta_rank:  0.7705 Loss dta_tv:  0.0263 Loss dta_proxy:  0.4529 Loss dta_trans:  0.0061 Loss dta_phys:  0.0068 Loss dta_preserve:  0.0056
Time:  0.0626 Epoch: 010 Iter:  450/ 600 LR: 0.0000655580 Loss content:  0.0167 Loss fft:  0.8265 Loss dta_rank:  0.7712 Loss dta_tv:  0.0264 Loss dta_proxy:  0.4380 Loss dta_trans:  0.0063 Loss dta_phys:  0.0068 Loss dta_preserve:  0.0054
Time:  0.0631 Epoch: 010 Iter:  500/ 600 LR: 0.0000655580 Loss content:  0.0176 Loss fft:  0.8266 Loss dta_rank:  0.7742 Loss dta_tv:  0.0259 Loss dta_proxy:  0.4525 Loss dta_trans:  0.0061 Loss dta_phys:  0.0067 Loss dta_preserve:  0.0059
Time:  0.0635 Epoch: 010 Iter:  550/ 600 LR: 0.0000655580 Loss content:  0.0176 Loss fft:  0.8556 Loss dta_rank:  0.7794 Loss dta_tv:  0.0263 Loss dta_proxy:  0.4566 Loss dta_trans:  0.0057 Loss dta_phys:  0.0061 Loss dta_preserve:  0.0063
Time:  0.0640 Epoch: 010 Iter:  600/ 600 LR: 0.0000655580 Loss content:  0.0166 Loss fft:  0.7912 Loss dta_rank:  0.7738 Loss dta_tv:  0.0254 Loss dta_proxy:  0.4660 Loss dta_trans:  0.0060 Loss dta_phys:  0.0073 Loss dta_preserve:  0.0039
EPOCH: 10
Elapsed time: 0.83 Epoch Pixel Loss:  0.0172 Epoch FFT Loss:  0.8196 Epoch DTA Rank:  0.7736 Epoch DTA TV:  0.0259 Epoch DTA Proxy:  0.4598 Epoch DTA Trans:  0.0061 Epoch DTA Phys:  0.0068 Epoch DTA Preserve:  0.0051
DTA_GATE_RAMP epoch=11 gate_limit=0.060000
Time:  0.0759 Epoch: 011 Iter:   50/ 600 LR: 0.0000565424 Loss content:  0.0175 Loss fft:  0.8350 Loss dta_rank:  0.7736 Loss dta_tv:  0.0252 Loss dta_proxy:  0.4726 Loss dta_trans:  0.0057 Loss dta_phys:  0.0065 Loss dta_preserve:  0.0051
Time:  0.0778 Epoch: 011 Iter:  100/ 600 LR: 0.0000565424 Loss content:  0.0164 Loss fft:  0.8036 Loss dta_rank:  0.7741 Loss dta_tv:  0.0265 Loss dta_proxy:  0.4488 Loss dta_trans:  0.0060 Loss dta_phys:  0.0072 Loss dta_preserve:  0.0041
Time:  0.0767 Epoch: 011 Iter:  150/ 600 LR: 0.0000565424 Loss content:  0.0176 Loss fft:  0.8346 Loss dta_rank:  0.7707 Loss dta_tv:  0.0258 Loss dta_proxy:  0.4419 Loss dta_trans:  0.0062 Loss dta_phys:  0.0065 Loss dta_preserve:  0.0051
Time:  0.0780 Epoch: 011 Iter:  200/ 600 LR: 0.0000565424 Loss content:  0.0172 Loss fft:  0.8400 Loss dta_rank:  0.7758 Loss dta_tv:  0.0256 Loss dta_proxy:  0.4686 Loss dta_trans:  0.0054 Loss dta_phys:  0.0064 Loss dta_preserve:  0.0050
Time:  0.0790 Epoch: 011 Iter:  250/ 600 LR: 0.0000565424 Loss content:  0.0175 Loss fft:  0.8504 Loss dta_rank:  0.7717 Loss dta_tv:  0.0257 Loss dta_proxy:  0.4637 Loss dta_trans:  0.0068 Loss dta_phys:  0.0065 Loss dta_preserve:  0.0047
Time:  0.0769 Epoch: 011 Iter:  300/ 600 LR: 0.0000565424 Loss content:  0.0172 Loss fft:  0.8129 Loss dta_rank:  0.7730 Loss dta_tv:  0.0254 Loss dta_proxy:  0.4581 Loss dta_trans:  0.0060 Loss dta_phys:  0.0071 Loss dta_preserve:  0.0050
Time:  0.0748 Epoch: 011 Iter:  350/ 600 LR: 0.0000565424 Loss content:  0.0178 Loss fft:  0.8498 Loss dta_rank:  0.7765 Loss dta_tv:  0.0256 Loss dta_proxy:  0.4486 Loss dta_trans:  0.0064 Loss dta_phys:  0.0068 Loss dta_preserve:  0.0050
Time:  0.0772 Epoch: 011 Iter:  400/ 600 LR: 0.0000565424 Loss content:  0.0175 Loss fft:  0.8069 Loss dta_rank:  0.7720 Loss dta_tv:  0.0244 Loss dta_proxy:  0.4850 Loss dta_trans:  0.0061 Loss dta_phys:  0.0068 Loss dta_preserve:  0.0056
Time:  0.0781 Epoch: 011 Iter:  450/ 600 LR: 0.0000565424 Loss content:  0.0180 Loss fft:  0.8411 Loss dta_rank:  0.7729 Loss dta_tv:  0.0256 Loss dta_proxy:  0.4619 Loss dta_trans:  0.0063 Loss dta_phys:  0.0069 Loss dta_preserve:  0.0051
Time:  0.0772 Epoch: 011 Iter:  500/ 600 LR: 0.0000565424 Loss content:  0.0168 Loss fft:  0.8067 Loss dta_rank:  0.7744 Loss dta_tv:  0.0252 Loss dta_proxy:  0.4645 Loss dta_trans:  0.0067 Loss dta_phys:  0.0068 Loss dta_preserve:  0.0055
Time:  0.0779 Epoch: 011 Iter:  550/ 600 LR: 0.0000565424 Loss content:  0.0167 Loss fft:  0.7920 Loss dta_rank:  0.7695 Loss dta_tv:  0.0245 Loss dta_proxy:  0.4640 Loss dta_trans:  0.0057 Loss dta_phys:  0.0075 Loss dta_preserve:  0.0041
Time:  0.0748 Epoch: 011 Iter:  600/ 600 LR: 0.0000565424 Loss content:  0.0171 Loss fft:  0.7978 Loss dta_rank:  0.7733 Loss dta_tv:  0.0261 Loss dta_proxy:  0.4383 Loss dta_trans:  0.0060 Loss dta_phys:  0.0070 Loss dta_preserve:  0.0042
EPOCH: 11
Elapsed time: 0.93 Epoch Pixel Loss:  0.0173 Epoch FFT Loss:  0.8226 Epoch DTA Rank:  0.7731 Epoch DTA TV:  0.0255 Epoch DTA Proxy:  0.4597 Epoch DTA Trans:  0.0061 Epoch DTA Phys:  0.0068 Epoch DTA Preserve:  0.0049
DTA_GATE_RAMP epoch=12 gate_limit=0.060000
Time:  0.0815 Epoch: 012 Iter:   50/ 600 LR: 0.0000473670 Loss content:  0.0170 Loss fft:  0.8104 Loss dta_rank:  0.7710 Loss dta_tv:  0.0251 Loss dta_proxy:  0.4660 Loss dta_trans:  0.0058 Loss dta_phys:  0.0072 Loss dta_preserve:  0.0052
Time:  0.0806 Epoch: 012 Iter:  100/ 600 LR: 0.0000473670 Loss content:  0.0173 Loss fft:  0.7979 Loss dta_rank:  0.7725 Loss dta_tv:  0.0255 Loss dta_proxy:  0.4425 Loss dta_trans:  0.0063 Loss dta_phys:  0.0063 Loss dta_preserve:  0.0053
Time:  0.0758 Epoch: 012 Iter:  150/ 600 LR: 0.0000473670 Loss content:  0.0172 Loss fft:  0.8448 Loss dta_rank:  0.7753 Loss dta_tv:  0.0254 Loss dta_proxy:  0.4416 Loss dta_trans:  0.0061 Loss dta_phys:  0.0069 Loss dta_preserve:  0.0042
Time:  0.0766 Epoch: 012 Iter:  200/ 600 LR: 0.0000473670 Loss content:  0.0173 Loss fft:  0.8342 Loss dta_rank:  0.7744 Loss dta_tv:  0.0250 Loss dta_proxy:  0.4725 Loss dta_trans:  0.0061 Loss dta_phys:  0.0072 Loss dta_preserve:  0.0057
Time:  0.0758 Epoch: 012 Iter:  250/ 600 LR: 0.0000473670 Loss content:  0.0172 Loss fft:  0.8231 Loss dta_rank:  0.7762 Loss dta_tv:  0.0253 Loss dta_proxy:  0.4560 Loss dta_trans:  0.0051 Loss dta_phys:  0.0063 Loss dta_preserve:  0.0062
Time:  0.0776 Epoch: 012 Iter:  300/ 600 LR: 0.0000473670 Loss content:  0.0174 Loss fft:  0.8135 Loss dta_rank:  0.7753 Loss dta_tv:  0.0254 Loss dta_proxy:  0.4510 Loss dta_trans:  0.0057 Loss dta_phys:  0.0068 Loss dta_preserve:  0.0047
Time:  0.0770 Epoch: 012 Iter:  350/ 600 LR: 0.0000473670 Loss content:  0.0168 Loss fft:  0.8338 Loss dta_rank:  0.7752 Loss dta_tv:  0.0255 Loss dta_proxy:  0.4605 Loss dta_trans:  0.0062 Loss dta_phys:  0.0066 Loss dta_preserve:  0.0061
Time:  0.0760 Epoch: 012 Iter:  400/ 600 LR: 0.0000473670 Loss content:  0.0159 Loss fft:  0.7713 Loss dta_rank:  0.7793 Loss dta_tv:  0.0260 Loss dta_proxy:  0.4589 Loss dta_trans:  0.0067 Loss dta_phys:  0.0071 Loss dta_preserve:  0.0047
Time:  0.0751 Epoch: 012 Iter:  450/ 600 LR: 0.0000473670 Loss content:  0.0169 Loss fft:  0.8040 Loss dta_rank:  0.7757 Loss dta_tv:  0.0261 Loss dta_proxy:  0.4438 Loss dta_trans:  0.0068 Loss dta_phys:  0.0068 Loss dta_preserve:  0.0048
Time:  0.0782 Epoch: 012 Iter:  500/ 600 LR: 0.0000473670 Loss content:  0.0180 Loss fft:  0.8564 Loss dta_rank:  0.7726 Loss dta_tv:  0.0253 Loss dta_proxy:  0.4519 Loss dta_trans:  0.0065 Loss dta_phys:  0.0065 Loss dta_preserve:  0.0049
Time:  0.0781 Epoch: 012 Iter:  550/ 600 LR: 0.0000473670 Loss content:  0.0171 Loss fft:  0.8367 Loss dta_rank:  0.7723 Loss dta_tv:  0.0252 Loss dta_proxy:  0.4583 Loss dta_trans:  0.0060 Loss dta_phys:  0.0067 Loss dta_preserve:  0.0045
Time:  0.0762 Epoch: 012 Iter:  600/ 600 LR: 0.0000473670 Loss content:  0.0173 Loss fft:  0.8235 Loss dta_rank:  0.7749 Loss dta_tv:  0.0246 Loss dta_proxy:  0.4665 Loss dta_trans:  0.0061 Loss dta_phys:  0.0069 Loss dta_preserve:  0.0049
EPOCH: 12
Elapsed time: 0.93 Epoch Pixel Loss:  0.0171 Epoch FFT Loss:  0.8208 Epoch DTA Rank:  0.7745 Epoch DTA TV:  0.0254 Epoch DTA Proxy:  0.4558 Epoch DTA Trans:  0.0061 Epoch DTA Phys:  0.0068 Epoch DTA Preserve:  0.0051
DTA_GATE_RAMP epoch=13 gate_limit=0.060000
Time:  0.0786 Epoch: 013 Iter:   50/ 600 LR: 0.0000383414 Loss content:  0.0171 Loss fft:  0.8291 Loss dta_rank:  0.7735 Loss dta_tv:  0.0248 Loss dta_proxy:  0.4664 Loss dta_trans:  0.0061 Loss dta_phys:  0.0059 Loss dta_preserve:  0.0052
Time:  0.0756 Epoch: 013 Iter:  100/ 600 LR: 0.0000383414 Loss content:  0.0167 Loss fft:  0.8188 Loss dta_rank:  0.7744 Loss dta_tv:  0.0260 Loss dta_proxy:  0.4588 Loss dta_trans:  0.0064 Loss dta_phys:  0.0078 Loss dta_preserve:  0.0048
Time:  0.0756 Epoch: 013 Iter:  150/ 600 LR: 0.0000383414 Loss content:  0.0171 Loss fft:  0.8273 Loss dta_rank:  0.7755 Loss dta_tv:  0.0251 Loss dta_proxy:  0.4732 Loss dta_trans:  0.0060 Loss dta_phys:  0.0073 Loss dta_preserve:  0.0040
Time:  0.0783 Epoch: 013 Iter:  200/ 600 LR: 0.0000383414 Loss content:  0.0168 Loss fft:  0.8227 Loss dta_rank:  0.7749 Loss dta_tv:  0.0250 Loss dta_proxy:  0.4520 Loss dta_trans:  0.0067 Loss dta_phys:  0.0066 Loss dta_preserve:  0.0047
Time:  0.0777 Epoch: 013 Iter:  250/ 600 LR: 0.0000383414 Loss content:  0.0173 Loss fft:  0.8031 Loss dta_rank:  0.7698 Loss dta_tv:  0.0245 Loss dta_proxy:  0.4758 Loss dta_trans:  0.0059 Loss dta_phys:  0.0081 Loss dta_preserve:  0.0058
Time:  0.0776 Epoch: 013 Iter:  300/ 600 LR: 0.0000383414 Loss content:  0.0170 Loss fft:  0.8162 Loss dta_rank:  0.7708 Loss dta_tv:  0.0246 Loss dta_proxy:  0.4544 Loss dta_trans:  0.0060 Loss dta_phys:  0.0065 Loss dta_preserve:  0.0048
Time:  0.0777 Epoch: 013 Iter:  350/ 600 LR: 0.0000383414 Loss content:  0.0173 Loss fft:  0.7797 Loss dta_rank:  0.7637 Loss dta_tv:  0.0245 Loss dta_proxy:  0.4627 Loss dta_trans:  0.0053 Loss dta_phys:  0.0067 Loss dta_preserve:  0.0049
Time:  0.0779 Epoch: 013 Iter:  400/ 600 LR: 0.0000383414 Loss content:  0.0172 Loss fft:  0.8365 Loss dta_rank:  0.7780 Loss dta_tv:  0.0253 Loss dta_proxy:  0.4668 Loss dta_trans:  0.0061 Loss dta_phys:  0.0065 Loss dta_preserve:  0.0043
Time:  0.0775 Epoch: 013 Iter:  450/ 600 LR: 0.0000383414 Loss content:  0.0165 Loss fft:  0.7756 Loss dta_rank:  0.7768 Loss dta_tv:  0.0261 Loss dta_proxy:  0.4472 Loss dta_trans:  0.0059 Loss dta_phys:  0.0069 Loss dta_preserve:  0.0051
Time:  0.0835 Epoch: 013 Iter:  500/ 600 LR: 0.0000383414 Loss content:  0.0174 Loss fft:  0.8138 Loss dta_rank:  0.7747 Loss dta_tv:  0.0246 Loss dta_proxy:  0.4788 Loss dta_trans:  0.0048 Loss dta_phys:  0.0060 Loss dta_preserve:  0.0061
Time:  0.0763 Epoch: 013 Iter:  550/ 600 LR: 0.0000383414 Loss content:  0.0176 Loss fft:  0.8168 Loss dta_rank:  0.7755 Loss dta_tv:  0.0256 Loss dta_proxy:  0.4569 Loss dta_trans:  0.0065 Loss dta_phys:  0.0070 Loss dta_preserve:  0.0046
Time:  0.0786 Epoch: 013 Iter:  600/ 600 LR: 0.0000383414 Loss content:  0.0168 Loss fft:  0.8343 Loss dta_rank:  0.7706 Loss dta_tv:  0.0261 Loss dta_proxy:  0.4331 Loss dta_trans:  0.0060 Loss dta_phys:  0.0065 Loss dta_preserve:  0.0043
EPOCH: 13
Elapsed time: 0.94 Epoch Pixel Loss:  0.0171 Epoch FFT Loss:  0.8145 Epoch DTA Rank:  0.7732 Epoch DTA TV:  0.0252 Epoch DTA Proxy:  0.4605 Epoch DTA Trans:  0.0060 Epoch DTA Phys:  0.0068 Epoch DTA Preserve:  0.0049
DTA_GATE_RAMP epoch=14 gate_limit=0.060000
Time:  0.0842 Epoch: 014 Iter:   50/ 600 LR: 0.0000297690 Loss content:  0.0175 Loss fft:  0.8229 Loss dta_rank:  0.7727 Loss dta_tv:  0.0244 Loss dta_proxy:  0.4755 Loss dta_trans:  0.0052 Loss dta_phys:  0.0066 Loss dta_preserve:  0.0055
Time:  0.0775 Epoch: 014 Iter:  100/ 600 LR: 0.0000297690 Loss content:  0.0168 Loss fft:  0.8068 Loss dta_rank:  0.7737 Loss dta_tv:  0.0243 Loss dta_proxy:  0.4841 Loss dta_trans:  0.0054 Loss dta_phys:  0.0070 Loss dta_preserve:  0.0048
Time:  0.0772 Epoch: 014 Iter:  150/ 600 LR: 0.0000297690 Loss content:  0.0170 Loss fft:  0.8326 Loss dta_rank:  0.7757 Loss dta_tv:  0.0249 Loss dta_proxy:  0.4624 Loss dta_trans:  0.0063 Loss dta_phys:  0.0074 Loss dta_preserve:  0.0042
Time:  0.0783 Epoch: 014 Iter:  200/ 600 LR: 0.0000297690 Loss content:  0.0173 Loss fft:  0.8245 Loss dta_rank:  0.7765 Loss dta_tv:  0.0252 Loss dta_proxy:  0.4440 Loss dta_trans:  0.0055 Loss dta_phys:  0.0064 Loss dta_preserve:  0.0061
Time:  0.0765 Epoch: 014 Iter:  250/ 600 LR: 0.0000297690 Loss content:  0.0172 Loss fft:  0.8199 Loss dta_rank:  0.7705 Loss dta_tv:  0.0251 Loss dta_proxy:  0.4731 Loss dta_trans:  0.0064 Loss dta_phys:  0.0065 Loss dta_preserve:  0.0052
Time:  0.0782 Epoch: 014 Iter:  300/ 600 LR: 0.0000297690 Loss content:  0.0173 Loss fft:  0.8287 Loss dta_rank:  0.7779 Loss dta_tv:  0.0249 Loss dta_proxy:  0.4569 Loss dta_trans:  0.0061 Loss dta_phys:  0.0070 Loss dta_preserve:  0.0049
Time:  0.0782 Epoch: 014 Iter:  350/ 600 LR: 0.0000297690 Loss content:  0.0167 Loss fft:  0.7993 Loss dta_rank:  0.7746 Loss dta_tv:  0.0255 Loss dta_proxy:  0.4449 Loss dta_trans:  0.0052 Loss dta_phys:  0.0066 Loss dta_preserve:  0.0059
Time:  0.0777 Epoch: 014 Iter:  400/ 600 LR: 0.0000297690 Loss content:  0.0166 Loss fft:  0.8284 Loss dta_rank:  0.7755 Loss dta_tv:  0.0255 Loss dta_proxy:  0.4650 Loss dta_trans:  0.0058 Loss dta_phys:  0.0075 Loss dta_preserve:  0.0045
Time:  0.0783 Epoch: 014 Iter:  450/ 600 LR: 0.0000297690 Loss content:  0.0177 Loss fft:  0.8099 Loss dta_rank:  0.7820 Loss dta_tv:  0.0255 Loss dta_proxy:  0.4732 Loss dta_trans:  0.0063 Loss dta_phys:  0.0066 Loss dta_preserve:  0.0058
Time:  0.0776 Epoch: 014 Iter:  500/ 600 LR: 0.0000297690 Loss content:  0.0167 Loss fft:  0.8187 Loss dta_rank:  0.7729 Loss dta_tv:  0.0252 Loss dta_proxy:  0.4714 Loss dta_trans:  0.0058 Loss dta_phys:  0.0068 Loss dta_preserve:  0.0040
Time:  0.0777 Epoch: 014 Iter:  550/ 600 LR: 0.0000297690 Loss content:  0.0174 Loss fft:  0.8194 Loss dta_rank:  0.7718 Loss dta_tv:  0.0248 Loss dta_proxy:  0.4576 Loss dta_trans:  0.0056 Loss dta_phys:  0.0072 Loss dta_preserve:  0.0049
Time:  0.0740 Epoch: 014 Iter:  600/ 600 LR: 0.0000297690 Loss content:  0.0176 Loss fft:  0.8199 Loss dta_rank:  0.7685 Loss dta_tv:  0.0247 Loss dta_proxy:  0.4713 Loss dta_trans:  0.0066 Loss dta_phys:  0.0070 Loss dta_preserve:  0.0060
EPOCH: 14
Elapsed time: 0.94 Epoch Pixel Loss:  0.0172 Epoch FFT Loss:  0.8193 Epoch DTA Rank:  0.7744 Epoch DTA TV:  0.0250 Epoch DTA Proxy:  0.4649 Epoch DTA Trans:  0.0058 Epoch DTA Phys:  0.0069 Epoch DTA Preserve:  0.0051
DTA_GATE_RAMP epoch=15 gate_limit=0.060000
Time:  0.0822 Epoch: 015 Iter:   50/ 600 LR: 0.0000219361 Loss content:  0.0168 Loss fft:  0.7965 Loss dta_rank:  0.7740 Loss dta_tv:  0.0255 Loss dta_proxy:  0.4606 Loss dta_trans:  0.0065 Loss dta_phys:  0.0067 Loss dta_preserve:  0.0045
Time:  0.0771 Epoch: 015 Iter:  100/ 600 LR: 0.0000219361 Loss content:  0.0170 Loss fft:  0.8015 Loss dta_rank:  0.7718 Loss dta_tv:  0.0251 Loss dta_proxy:  0.4616 Loss dta_trans:  0.0058 Loss dta_phys:  0.0068 Loss dta_preserve:  0.0043
Time:  0.0767 Epoch: 015 Iter:  150/ 600 LR: 0.0000219361 Loss content:  0.0173 Loss fft:  0.8411 Loss dta_rank:  0.7742 Loss dta_tv:  0.0247 Loss dta_proxy:  0.4718 Loss dta_trans:  0.0052 Loss dta_phys:  0.0064 Loss dta_preserve:  0.0053
Time:  0.0784 Epoch: 015 Iter:  200/ 600 LR: 0.0000219361 Loss content:  0.0167 Loss fft:  0.7916 Loss dta_rank:  0.7745 Loss dta_tv:  0.0254 Loss dta_proxy:  0.4517 Loss dta_trans:  0.0061 Loss dta_phys:  0.0063 Loss dta_preserve:  0.0046
Time:  0.0784 Epoch: 015 Iter:  250/ 600 LR: 0.0000219361 Loss content:  0.0167 Loss fft:  0.8191 Loss dta_rank:  0.7752 Loss dta_tv:  0.0257 Loss dta_proxy:  0.4515 Loss dta_trans:  0.0056 Loss dta_phys:  0.0064 Loss dta_preserve:  0.0049
Time:  0.0757 Epoch: 015 Iter:  300/ 600 LR: 0.0000219361 Loss content:  0.0174 Loss fft:  0.8481 Loss dta_rank:  0.7734 Loss dta_tv:  0.0250 Loss dta_proxy:  0.4604 Loss dta_trans:  0.0055 Loss dta_phys:  0.0066 Loss dta_preserve:  0.0043
Time:  0.0769 Epoch: 015 Iter:  350/ 600 LR: 0.0000219361 Loss content:  0.0173 Loss fft:  0.8191 Loss dta_rank:  0.7725 Loss dta_tv:  0.0255 Loss dta_proxy:  0.4549 Loss dta_trans:  0.0058 Loss dta_phys:  0.0068 Loss dta_preserve:  0.0044
Time:  0.0779 Epoch: 015 Iter:  400/ 600 LR: 0.0000219361 Loss content:  0.0166 Loss fft:  0.7967 Loss dta_rank:  0.7742 Loss dta_tv:  0.0256 Loss dta_proxy:  0.4525 Loss dta_trans:  0.0072 Loss dta_phys:  0.0069 Loss dta_preserve:  0.0053
Time:  0.0747 Epoch: 015 Iter:  450/ 600 LR: 0.0000219361 Loss content:  0.0170 Loss fft:  0.8154 Loss dta_rank:  0.7703 Loss dta_tv:  0.0246 Loss dta_proxy:  0.4685 Loss dta_trans:  0.0061 Loss dta_phys:  0.0065 Loss dta_preserve:  0.0046
Time:  0.0754 Epoch: 015 Iter:  500/ 600 LR: 0.0000219361 Loss content:  0.0174 Loss fft:  0.8037 Loss dta_rank:  0.7694 Loss dta_tv:  0.0243 Loss dta_proxy:  0.4652 Loss dta_trans:  0.0055 Loss dta_phys:  0.0074 Loss dta_preserve:  0.0047
Time:  0.0791 Epoch: 015 Iter:  550/ 600 LR: 0.0000219361 Loss content:  0.0177 Loss fft:  0.8242 Loss dta_rank:  0.7728 Loss dta_tv:  0.0248 Loss dta_proxy:  0.4615 Loss dta_trans:  0.0059 Loss dta_phys:  0.0073 Loss dta_preserve:  0.0056
Time:  0.0758 Epoch: 015 Iter:  600/ 600 LR: 0.0000219361 Loss content:  0.0174 Loss fft:  0.8382 Loss dta_rank:  0.7756 Loss dta_tv:  0.0253 Loss dta_proxy:  0.4588 Loss dta_trans:  0.0068 Loss dta_phys:  0.0062 Loss dta_preserve:  0.0052
EPOCH: 15
Elapsed time: 0.93 Epoch Pixel Loss:  0.0171 Epoch FFT Loss:  0.8163 Epoch DTA Rank:  0.7732 Epoch DTA TV:  0.0251 Epoch DTA Proxy:  0.4599 Epoch DTA Trans:  0.0060 Epoch DTA Phys:  0.0067 Epoch DTA Preserve:  0.0048
DTA_GATE_RAMP epoch=16 gate_limit=0.060000
Time:  0.0764 Epoch: 016 Iter:   50/ 600 LR: 0.0000151017 Loss content:  0.0175 Loss fft:  0.8467 Loss dta_rank:  0.7787 Loss dta_tv:  0.0253 Loss dta_proxy:  0.4512 Loss dta_trans:  0.0054 Loss dta_phys:  0.0072 Loss dta_preserve:  0.0067
Time:  0.0682 Epoch: 016 Iter:  100/ 600 LR: 0.0000151017 Loss content:  0.0165 Loss fft:  0.7989 Loss dta_rank:  0.7726 Loss dta_tv:  0.0252 Loss dta_proxy:  0.4446 Loss dta_trans:  0.0056 Loss dta_phys:  0.0067 Loss dta_preserve:  0.0050
Time:  0.0715 Epoch: 016 Iter:  150/ 600 LR: 0.0000151017 Loss content:  0.0174 Loss fft:  0.8133 Loss dta_rank:  0.7753 Loss dta_tv:  0.0247 Loss dta_proxy:  0.4802 Loss dta_trans:  0.0060 Loss dta_phys:  0.0071 Loss dta_preserve:  0.0051
Time:  0.0750 Epoch: 016 Iter:  200/ 600 LR: 0.0000151017 Loss content:  0.0175 Loss fft:  0.8048 Loss dta_rank:  0.7752 Loss dta_tv:  0.0251 Loss dta_proxy:  0.4614 Loss dta_trans:  0.0051 Loss dta_phys:  0.0072 Loss dta_preserve:  0.0046
Time:  0.0772 Epoch: 016 Iter:  250/ 600 LR: 0.0000151017 Loss content:  0.0170 Loss fft:  0.8144 Loss dta_rank:  0.7713 Loss dta_tv:  0.0252 Loss dta_proxy:  0.4514 Loss dta_trans:  0.0060 Loss dta_phys:  0.0071 Loss dta_preserve:  0.0056
Time:  0.0757 Epoch: 016 Iter:  300/ 600 LR: 0.0000151017 Loss content:  0.0166 Loss fft:  0.8060 Loss dta_rank:  0.7743 Loss dta_tv:  0.0253 Loss dta_proxy:  0.4491 Loss dta_trans:  0.0064 Loss dta_phys:  0.0067 Loss dta_preserve:  0.0043
Time:  0.0696 Epoch: 016 Iter:  350/ 600 LR: 0.0000151017 Loss content:  0.0178 Loss fft:  0.8319 Loss dta_rank:  0.7715 Loss dta_tv:  0.0235 Loss dta_proxy:  0.4838 Loss dta_trans:  0.0050 Loss dta_phys:  0.0068 Loss dta_preserve:  0.0069
Time:  0.0738 Epoch: 016 Iter:  400/ 600 LR: 0.0000151017 Loss content:  0.0176 Loss fft:  0.8419 Loss dta_rank:  0.7720 Loss dta_tv:  0.0249 Loss dta_proxy:  0.4541 Loss dta_trans:  0.0056 Loss dta_phys:  0.0060 Loss dta_preserve:  0.0057
Time:  0.0761 Epoch: 016 Iter:  450/ 600 LR: 0.0000151017 Loss content:  0.0166 Loss fft:  0.8082 Loss dta_rank:  0.7727 Loss dta_tv:  0.0251 Loss dta_proxy:  0.4612 Loss dta_trans:  0.0063 Loss dta_phys:  0.0065 Loss dta_preserve:  0.0055
Time:  0.0724 Epoch: 016 Iter:  500/ 600 LR: 0.0000151017 Loss content:  0.0172 Loss fft:  0.8084 Loss dta_rank:  0.7794 Loss dta_tv:  0.0253 Loss dta_proxy:  0.4584 Loss dta_trans:  0.0067 Loss dta_phys:  0.0068 Loss dta_preserve:  0.0053
Time:  0.0671 Epoch: 016 Iter:  550/ 600 LR: 0.0000151017 Loss content:  0.0173 Loss fft:  0.8111 Loss dta_rank:  0.7756 Loss dta_tv:  0.0245 Loss dta_proxy:  0.4635 Loss dta_trans:  0.0059 Loss dta_phys:  0.0068 Loss dta_preserve:  0.0051
Time:  0.0646 Epoch: 016 Iter:  600/ 600 LR: 0.0000151017 Loss content:  0.0171 Loss fft:  0.8158 Loss dta_rank:  0.7710 Loss dta_tv:  0.0252 Loss dta_proxy:  0.4494 Loss dta_trans:  0.0070 Loss dta_phys:  0.0072 Loss dta_preserve:  0.0043
EPOCH: 16
Elapsed time: 0.87 Epoch Pixel Loss:  0.0172 Epoch FFT Loss:  0.8168 Epoch DTA Rank:  0.7741 Epoch DTA TV:  0.0249 Epoch DTA Proxy:  0.4590 Epoch DTA Trans:  0.0059 Epoch DTA Phys:  0.0068 Epoch DTA Preserve:  0.0053
DTA_GATE_RAMP epoch=17 gate_limit=0.060000
Time:  0.0797 Epoch: 017 Iter:   50/ 600 LR: 0.0000094853 Loss content:  0.0165 Loss fft:  0.8089 Loss dta_rank:  0.7710 Loss dta_tv:  0.0245 Loss dta_proxy:  0.4647 Loss dta_trans:  0.0056 Loss dta_phys:  0.0064 Loss dta_preserve:  0.0040
Time:  0.0750 Epoch: 017 Iter:  100/ 600 LR: 0.0000094853 Loss content:  0.0168 Loss fft:  0.8278 Loss dta_rank:  0.7720 Loss dta_tv:  0.0249 Loss dta_proxy:  0.4635 Loss dta_trans:  0.0063 Loss dta_phys:  0.0068 Loss dta_preserve:  0.0058
Time:  0.0751 Epoch: 017 Iter:  150/ 600 LR: 0.0000094853 Loss content:  0.0171 Loss fft:  0.8122 Loss dta_rank:  0.7756 Loss dta_tv:  0.0245 Loss dta_proxy:  0.4621 Loss dta_trans:  0.0059 Loss dta_phys:  0.0071 Loss dta_preserve:  0.0054
Time:  0.0773 Epoch: 017 Iter:  200/ 600 LR: 0.0000094853 Loss content:  0.0169 Loss fft:  0.8419 Loss dta_rank:  0.7764 Loss dta_tv:  0.0256 Loss dta_proxy:  0.4424 Loss dta_trans:  0.0062 Loss dta_phys:  0.0067 Loss dta_preserve:  0.0056
Time:  0.0799 Epoch: 017 Iter:  250/ 600 LR: 0.0000094853 Loss content:  0.0174 Loss fft:  0.8434 Loss dta_rank:  0.7740 Loss dta_tv:  0.0246 Loss dta_proxy:  0.4678 Loss dta_trans:  0.0054 Loss dta_phys:  0.0066 Loss dta_preserve:  0.0062
Time:  0.0762 Epoch: 017 Iter:  300/ 600 LR: 0.0000094853 Loss content:  0.0165 Loss fft:  0.8050 Loss dta_rank:  0.7728 Loss dta_tv:  0.0252 Loss dta_proxy:  0.4650 Loss dta_trans:  0.0066 Loss dta_phys:  0.0066 Loss dta_preserve:  0.0058
Time:  0.0782 Epoch: 017 Iter:  350/ 600 LR: 0.0000094853 Loss content:  0.0178 Loss fft:  0.8315 Loss dta_rank:  0.7729 Loss dta_tv:  0.0240 Loss dta_proxy:  0.4848 Loss dta_trans:  0.0057 Loss dta_phys:  0.0069 Loss dta_preserve:  0.0063
Time:  0.0753 Epoch: 017 Iter:  400/ 600 LR: 0.0000094853 Loss content:  0.0168 Loss fft:  0.7921 Loss dta_rank:  0.7701 Loss dta_tv:  0.0251 Loss dta_proxy:  0.4345 Loss dta_trans:  0.0057 Loss dta_phys:  0.0069 Loss dta_preserve:  0.0049
Time:  0.0743 Epoch: 017 Iter:  450/ 600 LR: 0.0000094853 Loss content:  0.0171 Loss fft:  0.8140 Loss dta_rank:  0.7751 Loss dta_tv:  0.0250 Loss dta_proxy:  0.4645 Loss dta_trans:  0.0068 Loss dta_phys:  0.0066 Loss dta_preserve:  0.0069
Time:  0.0761 Epoch: 017 Iter:  500/ 600 LR: 0.0000094853 Loss content:  0.0179 Loss fft:  0.8517 Loss dta_rank:  0.7732 Loss dta_tv:  0.0247 Loss dta_proxy:  0.4659 Loss dta_trans:  0.0058 Loss dta_phys:  0.0070 Loss dta_preserve:  0.0058
Time:  0.0790 Epoch: 017 Iter:  550/ 600 LR: 0.0000094853 Loss content:  0.0168 Loss fft:  0.7973 Loss dta_rank:  0.7762 Loss dta_tv:  0.0252 Loss dta_proxy:  0.4563 Loss dta_trans:  0.0065 Loss dta_phys:  0.0067 Loss dta_preserve:  0.0052
Time:  0.0733 Epoch: 017 Iter:  600/ 600 LR: 0.0000094853 Loss content:  0.0172 Loss fft:  0.8202 Loss dta_rank:  0.7760 Loss dta_tv:  0.0245 Loss dta_proxy:  0.4771 Loss dta_trans:  0.0056 Loss dta_phys:  0.0070 Loss dta_preserve:  0.0066
EPOCH: 17
Elapsed time: 0.92 Epoch Pixel Loss:  0.0171 Epoch FFT Loss:  0.8205 Epoch DTA Rank:  0.7738 Epoch DTA TV:  0.0248 Epoch DTA Proxy:  0.4624 Epoch DTA Trans:  0.0060 Epoch DTA Phys:  0.0068 Epoch DTA Preserve:  0.0057
DTA_GATE_RAMP epoch=18 gate_limit=0.060000
Time:  0.0812 Epoch: 018 Iter:   50/ 600 LR: 0.0000052550 Loss content:  0.0173 Loss fft:  0.8353 Loss dta_rank:  0.7794 Loss dta_tv:  0.0255 Loss dta_proxy:  0.4572 Loss dta_trans:  0.0063 Loss dta_phys:  0.0069 Loss dta_preserve:  0.0062
Time:  0.0747 Epoch: 018 Iter:  100/ 600 LR: 0.0000052550 Loss content:  0.0181 Loss fft:  0.8683 Loss dta_rank:  0.7753 Loss dta_tv:  0.0251 Loss dta_proxy:  0.4579 Loss dta_trans:  0.0060 Loss dta_phys:  0.0065 Loss dta_preserve:  0.0072
Time:  0.0735 Epoch: 018 Iter:  150/ 600 LR: 0.0000052550 Loss content:  0.0171 Loss fft:  0.8064 Loss dta_rank:  0.7763 Loss dta_tv:  0.0257 Loss dta_proxy:  0.4372 Loss dta_trans:  0.0062 Loss dta_phys:  0.0061 Loss dta_preserve:  0.0048
Time:  0.0764 Epoch: 018 Iter:  200/ 600 LR: 0.0000052550 Loss content:  0.0163 Loss fft:  0.7922 Loss dta_rank:  0.7712 Loss dta_tv:  0.0250 Loss dta_proxy:  0.4499 Loss dta_trans:  0.0059 Loss dta_phys:  0.0070 Loss dta_preserve:  0.0041
Time:  0.0765 Epoch: 018 Iter:  250/ 600 LR: 0.0000052550 Loss content:  0.0172 Loss fft:  0.7948 Loss dta_rank:  0.7722 Loss dta_tv:  0.0244 Loss dta_proxy:  0.4635 Loss dta_trans:  0.0057 Loss dta_phys:  0.0072 Loss dta_preserve:  0.0048
Time:  0.0778 Epoch: 018 Iter:  300/ 600 LR: 0.0000052550 Loss content:  0.0170 Loss fft:  0.8216 Loss dta_rank:  0.7746 Loss dta_tv:  0.0241 Loss dta_proxy:  0.4634 Loss dta_trans:  0.0056 Loss dta_phys:  0.0066 Loss dta_preserve:  0.0040
Time:  0.0733 Epoch: 018 Iter:  350/ 600 LR: 0.0000052550 Loss content:  0.0171 Loss fft:  0.8105 Loss dta_rank:  0.7725 Loss dta_tv:  0.0247 Loss dta_proxy:  0.4741 Loss dta_trans:  0.0055 Loss dta_phys:  0.0065 Loss dta_preserve:  0.0052
Time:  0.0751 Epoch: 018 Iter:  400/ 600 LR: 0.0000052550 Loss content:  0.0168 Loss fft:  0.8056 Loss dta_rank:  0.7693 Loss dta_tv:  0.0251 Loss dta_proxy:  0.4610 Loss dta_trans:  0.0061 Loss dta_phys:  0.0074 Loss dta_preserve:  0.0051
Time:  0.0775 Epoch: 018 Iter:  450/ 600 LR: 0.0000052550 Loss content:  0.0168 Loss fft:  0.8144 Loss dta_rank:  0.7777 Loss dta_tv:  0.0256 Loss dta_proxy:  0.4394 Loss dta_trans:  0.0059 Loss dta_phys:  0.0076 Loss dta_preserve:  0.0056
Time:  0.0778 Epoch: 018 Iter:  500/ 600 LR: 0.0000052550 Loss content:  0.0169 Loss fft:  0.8161 Loss dta_rank:  0.7719 Loss dta_tv:  0.0243 Loss dta_proxy:  0.4670 Loss dta_trans:  0.0049 Loss dta_phys:  0.0067 Loss dta_preserve:  0.0043
Time:  0.0778 Epoch: 018 Iter:  550/ 600 LR: 0.0000052550 Loss content:  0.0176 Loss fft:  0.8419 Loss dta_rank:  0.7802 Loss dta_tv:  0.0249 Loss dta_proxy:  0.4735 Loss dta_trans:  0.0054 Loss dta_phys:  0.0073 Loss dta_preserve:  0.0045
Time:  0.0753 Epoch: 018 Iter:  600/ 600 LR: 0.0000052550 Loss content:  0.0165 Loss fft:  0.8055 Loss dta_rank:  0.7733 Loss dta_tv:  0.0243 Loss dta_proxy:  0.4656 Loss dta_trans:  0.0061 Loss dta_phys:  0.0066 Loss dta_preserve:  0.0047
EPOCH: 18
Elapsed time: 0.92 Epoch Pixel Loss:  0.0171 Epoch FFT Loss:  0.8177 Epoch DTA Rank:  0.7745 Epoch DTA TV:  0.0249 Epoch DTA Proxy:  0.4591 Epoch DTA Trans:  0.0058 Epoch DTA Phys:  0.0069 Epoch DTA Preserve:  0.0050
DTA_GATE_RAMP epoch=19 gate_limit=0.060000
Time:  0.0816 Epoch: 019 Iter:   50/ 600 LR: 0.0000025070 Loss content:  0.0170 Loss fft:  0.8192 Loss dta_rank:  0.7735 Loss dta_tv:  0.0246 Loss dta_proxy:  0.4711 Loss dta_trans:  0.0051 Loss dta_phys:  0.0074 Loss dta_preserve:  0.0045
Time:  0.0788 Epoch: 019 Iter:  100/ 600 LR: 0.0000025070 Loss content:  0.0166 Loss fft:  0.8265 Loss dta_rank:  0.7759 Loss dta_tv:  0.0257 Loss dta_proxy:  0.4469 Loss dta_trans:  0.0064 Loss dta_phys:  0.0063 Loss dta_preserve:  0.0050
Time:  0.0797 Epoch: 019 Iter:  150/ 600 LR: 0.0000025070 Loss content:  0.0173 Loss fft:  0.8393 Loss dta_rank:  0.7737 Loss dta_tv:  0.0255 Loss dta_proxy:  0.4573 Loss dta_trans:  0.0068 Loss dta_phys:  0.0067 Loss dta_preserve:  0.0052
Time:  0.0810 Epoch: 019 Iter:  200/ 600 LR: 0.0000025070 Loss content:  0.0172 Loss fft:  0.8315 Loss dta_rank:  0.7762 Loss dta_tv:  0.0244 Loss dta_proxy:  0.4806 Loss dta_trans:  0.0061 Loss dta_phys:  0.0071 Loss dta_preserve:  0.0060
Time:  0.0793 Epoch: 019 Iter:  250/ 600 LR: 0.0000025070 Loss content:  0.0168 Loss fft:  0.7789 Loss dta_rank:  0.7709 Loss dta_tv:  0.0248 Loss dta_proxy:  0.4512 Loss dta_trans:  0.0055 Loss dta_phys:  0.0069 Loss dta_preserve:  0.0059
Time:  0.0790 Epoch: 019 Iter:  300/ 600 LR: 0.0000025070 Loss content:  0.0172 Loss fft:  0.8223 Loss dta_rank:  0.7792 Loss dta_tv:  0.0246 Loss dta_proxy:  0.4631 Loss dta_trans:  0.0053 Loss dta_phys:  0.0066 Loss dta_preserve:  0.0053
Time:  0.0792 Epoch: 019 Iter:  350/ 600 LR: 0.0000025070 Loss content:  0.0169 Loss fft:  0.8284 Loss dta_rank:  0.7767 Loss dta_tv:  0.0251 Loss dta_proxy:  0.4496 Loss dta_trans:  0.0051 Loss dta_phys:  0.0062 Loss dta_preserve:  0.0043
Time:  0.0799 Epoch: 019 Iter:  400/ 600 LR: 0.0000025070 Loss content:  0.0174 Loss fft:  0.8173 Loss dta_rank:  0.7735 Loss dta_tv:  0.0243 Loss dta_proxy:  0.4691 Loss dta_trans:  0.0057 Loss dta_phys:  0.0071 Loss dta_preserve:  0.0046
Time:  0.0792 Epoch: 019 Iter:  450/ 600 LR: 0.0000025070 Loss content:  0.0172 Loss fft:  0.8246 Loss dta_rank:  0.7752 Loss dta_tv:  0.0241 Loss dta_proxy:  0.4785 Loss dta_trans:  0.0053 Loss dta_phys:  0.0065 Loss dta_preserve:  0.0060
Time:  0.0742 Epoch: 019 Iter:  500/ 600 LR: 0.0000025070 Loss content:  0.0170 Loss fft:  0.8253 Loss dta_rank:  0.7825 Loss dta_tv:  0.0250 Loss dta_proxy:  0.4754 Loss dta_trans:  0.0056 Loss dta_phys:  0.0070 Loss dta_preserve:  0.0042
Time:  0.0745 Epoch: 019 Iter:  550/ 600 LR: 0.0000025070 Loss content:  0.0168 Loss fft:  0.8477 Loss dta_rank:  0.7790 Loss dta_tv:  0.0256 Loss dta_proxy:  0.4553 Loss dta_trans:  0.0064 Loss dta_phys:  0.0065 Loss dta_preserve:  0.0049
Time:  0.0741 Epoch: 019 Iter:  600/ 600 LR: 0.0000025070 Loss content:  0.0170 Loss fft:  0.8051 Loss dta_rank:  0.7760 Loss dta_tv:  0.0250 Loss dta_proxy:  0.4541 Loss dta_trans:  0.0061 Loss dta_phys:  0.0077 Loss dta_preserve:  0.0049
EPOCH: 19
Elapsed time: 0.95 Epoch Pixel Loss:  0.0170 Epoch FFT Loss:  0.8222 Epoch DTA Rank:  0.7760 Epoch DTA TV:  0.0249 Epoch DTA Proxy:  0.4627 Epoch DTA Trans:  0.0058 Epoch DTA Phys:  0.0068 Epoch DTA Preserve:  0.0051
DTA_GATE_RAMP epoch=20 gate_limit=0.060000
Time:  0.0973 Epoch: 020 Iter:   50/ 600 LR: 0.0000012125 Loss content:  0.0167 Loss fft:  0.7873 Loss dta_rank:  0.7740 Loss dta_tv:  0.0251 Loss dta_proxy:  0.4610 Loss dta_trans:  0.0059 Loss dta_phys:  0.0067 Loss dta_preserve:  0.0045
Time:  0.0905 Epoch: 020 Iter:  100/ 600 LR: 0.0000012125 Loss content:  0.0169 Loss fft:  0.7949 Loss dta_rank:  0.7750 Loss dta_tv:  0.0245 Loss dta_proxy:  0.4571 Loss dta_trans:  0.0058 Loss dta_phys:  0.0072 Loss dta_preserve:  0.0063
Time:  0.0826 Epoch: 020 Iter:  150/ 600 LR: 0.0000012125 Loss content:  0.0170 Loss fft:  0.8044 Loss dta_rank:  0.7733 Loss dta_tv:  0.0240 Loss dta_proxy:  0.4819 Loss dta_trans:  0.0060 Loss dta_phys:  0.0072 Loss dta_preserve:  0.0050
Time:  0.0861 Epoch: 020 Iter:  200/ 600 LR: 0.0000012125 Loss content:  0.0173 Loss fft:  0.8224 Loss dta_rank:  0.7735 Loss dta_tv:  0.0242 Loss dta_proxy:  0.4658 Loss dta_trans:  0.0056 Loss dta_phys:  0.0072 Loss dta_preserve:  0.0053
Time:  0.0925 Epoch: 020 Iter:  250/ 600 LR: 0.0000012125 Loss content:  0.0173 Loss fft:  0.8178 Loss dta_rank:  0.7745 Loss dta_tv:  0.0250 Loss dta_proxy:  0.4705 Loss dta_trans:  0.0056 Loss dta_phys:  0.0068 Loss dta_preserve:  0.0056
Time:  0.0842 Epoch: 020 Iter:  300/ 600 LR: 0.0000012125 Loss content:  0.0174 Loss fft:  0.8235 Loss dta_rank:  0.7717 Loss dta_tv:  0.0245 Loss dta_proxy:  0.4567 Loss dta_trans:  0.0054 Loss dta_phys:  0.0072 Loss dta_preserve:  0.0040
Time:  0.0877 Epoch: 020 Iter:  350/ 600 LR: 0.0000012125 Loss content:  0.0177 Loss fft:  0.8593 Loss dta_rank:  0.7710 Loss dta_tv:  0.0251 Loss dta_proxy:  0.4676 Loss dta_trans:  0.0062 Loss dta_phys:  0.0068 Loss dta_preserve:  0.0047
Time:  0.0850 Epoch: 020 Iter:  400/ 600 LR: 0.0000012125 Loss content:  0.0179 Loss fft:  0.8722 Loss dta_rank:  0.7775 Loss dta_tv:  0.0251 Loss dta_proxy:  0.4748 Loss dta_trans:  0.0062 Loss dta_phys:  0.0063 Loss dta_preserve:  0.0055
Time:  0.0864 Epoch: 020 Iter:  450/ 600 LR: 0.0000012125 Loss content:  0.0173 Loss fft:  0.8055 Loss dta_rank:  0.7757 Loss dta_tv:  0.0248 Loss dta_proxy:  0.4606 Loss dta_trans:  0.0059 Loss dta_phys:  0.0066 Loss dta_preserve:  0.0087
Time:  0.0878 Epoch: 020 Iter:  500/ 600 LR: 0.0000012125 Loss content:  0.0170 Loss fft:  0.8208 Loss dta_rank:  0.7701 Loss dta_tv:  0.0248 Loss dta_proxy:  0.4622 Loss dta_trans:  0.0070 Loss dta_phys:  0.0070 Loss dta_preserve:  0.0053
Time:  0.0890 Epoch: 020 Iter:  550/ 600 LR: 0.0000012125 Loss content:  0.0176 Loss fft:  0.8357 Loss dta_rank:  0.7676 Loss dta_tv:  0.0246 Loss dta_proxy:  0.4558 Loss dta_trans:  0.0052 Loss dta_phys:  0.0068 Loss dta_preserve:  0.0055
Time:  0.0838 Epoch: 020 Iter:  600/ 600 LR: 0.0000012125 Loss content:  0.0164 Loss fft:  0.7724 Loss dta_rank:  0.7682 Loss dta_tv:  0.0239 Loss dta_proxy:  0.4691 Loss dta_trans:  0.0054 Loss dta_phys:  0.0067 Loss dta_preserve:  0.0049
EPOCH: 20
Elapsed time: 1.06 Epoch Pixel Loss:  0.0172 Epoch FFT Loss:  0.8180 Epoch DTA Rank:  0.7727 Epoch DTA TV:  0.0246 Epoch DTA Proxy:  0.4652 Epoch DTA Trans:  0.0058 Epoch DTA Phys:  0.0069 Epoch DTA Preserve:  0.0054
