Namespace(model_name='ConvIR-Haze4K-DTA-v2-adapter_only-zero-seed3407-f1-oof20', data='Haze4K', version='base', fam_mode='original', arch='dta_v2', seed=3407, mode='train', data_dir='/sda/home/wangyuxin/ConvIR-B/datasets/Haze4K/Haze4K', batch_size=4, learning_rate=0.0001, weight_decay=0.0, num_epoch=20, stop_epoch=20, print_freq=50, num_worker=4, save_freq=5, valid_freq=9999, mod_stats_freq=5, mod_stats_batches=16, grad_clip_norm=0.001, dta_grad_clip_norm=0.05, dta_neighbor_grad_clip_norm=0.005, init_model='/sda/home/wangyuxin/ConvIR-B/checkpoints/official/Haze4K/haze4k-base.pkl', init_model_partial=True, partial_new_prefixes='DTA.', resume='', train_scope='adapter_only', dta_depth_cache_dir='/sda/home/wangyuxin/ConvIR-B/depth_cache/depth_anything_v2_small_hf', dta_train_depth_split='train', dta_eval_depth_split='train', valid_root_split='train', eval_root_split='test', dta_require_depth=True, dta_variant='v2', dta_depth_mode='zero', dta_prior_channels=32, dta_gate_bias=-6.0, dta_gate_limit=0.06, dta_gamma_limit=0.12, dta_beta_limit=0.06, dta_alpha_init=1.0, dta_confidence_floor=0.25, dta_confidence_local_scale=6.0, dta_output_residual_scale=0.03, dta_use_trans_gt=True, dta_trans_weight=0.02, dta_phys_weight=0.005, dta_preserve_weight=0.02, dta_preserve_trans_thresh=0.8, dta_gate_ramp_start=0.01, dta_gate_ramp_mid=0.03, dta_gate_ramp_end=0.06, dta_gate_ramp_warmup_epochs=2, dta_gate_ramp_mid_epochs=8, dta_rank_weight=0.001, dta_tv_weight=0.0001, dta_proxy_weight=0.0, dta_rank_pairs=512, dta_rank_min_depth_gap=0.03, split_json='/sda/home/wangyuxin/ConvIR-B/repos/ConvIR-B-dta-v2-calibrated/experience_docx/experiment_logs/haze4k_dta_v2_calibrated_20260611/dta_v2_haze4k_oof_splits_seed3407.json', split_name='fold1_train', test_model='', save_image=False, leaning_rate=0.0001, model_save_dir='results/ConvIR-Haze4K-DTA-v2-adapter_only-zero-seed3407-f1-oof20/Training-Results/', result_dir='results/ConvIR-Haze4K-DTA-v2-adapter_only-zero-seed3407-f1-oof20/images/Haze4K', init_model_sha256='6f42037d57a4e3de3a10ac0ab909d66a3415864a19433c29204a975f4efa4088')
/sda/home/wangyuxin/ConvIR-B/repos/ConvIR-B-dta-v2-calibrated/Dehazing/ITS/main.py:14: FutureWarning: You are using `torch.load` with `weights_only=False` (the current default value), which uses the default pickle module implicitly. It is possible to construct malicious pickle data which will execute arbitrary code during unpickling (See https://github.com/pytorch/pytorch/blob/main/SECURITY.md#untrusted-models for more details). In a future release, the default value for `weights_only` will be flipped to `True`. This limits the functions that could be executed during unpickling. Arbitrary objects will no longer be allowed to be loaded via this mode unless they are explicitly allowlisted by the user via `torch.serialization.add_safe_globals`. We recommend you start setting `weights_only=True` for any use case where you don't have full control of the loaded file. Please open an issue on GitHub for any issues related to this experimental feature.
  state = torch.load(path, map_location=map_location)
INIT_MODEL_PARTIAL_LOAD path=/sda/home/wangyuxin/ConvIR-B/checkpoints/official/Haze4K/haze4k-base.pkl loaded=602 missing_allowed=25 unexpected=[] allowed_new_prefixes=('DTA.',)
TRAIN_SCOPE scope=adapter_only arch=dta_v2 trainable=74699 total=8705364
/sda/home/wangyuxin/ConvIR-B/envs/convir-cu121/lib/python3.10/site-packages/torch/optim/lr_scheduler.py:224: UserWarning: Detected call of `lr_scheduler.step()` before `optimizer.step()`. In PyTorch 1.1.0 and later, you should call them in the opposite order: `optimizer.step()` before `lr_scheduler.step()`.  Failure to do this will result in PyTorch skipping the first value of the learning rate schedule. See more details at https://pytorch.org/docs/stable/optim.html#how-to-adjust-learning-rate
  warnings.warn(
DTA_GATE_RAMP epoch=1 gate_limit=0.010000
Time:  0.0861 Epoch: 001 Iter:   50/ 600 LR: 0.0000333333 Loss content:  0.0181 Loss fft:  0.8245 Loss dta_rank:  0.0000 Loss dta_tv:  0.0040 Loss dta_proxy:  0.5308 Loss dta_trans:  0.0420 Loss dta_phys:  0.0071 Loss dta_preserve:  0.0055
Time:  0.0774 Epoch: 001 Iter:  100/ 600 LR: 0.0000333333 Loss content:  0.0171 Loss fft:  0.8572 Loss dta_rank:  0.0000 Loss dta_tv:  0.0104 Loss dta_proxy:  0.5791 Loss dta_trans:  0.0360 Loss dta_phys:  0.0090 Loss dta_preserve:  0.0051
Time:  0.0767 Epoch: 001 Iter:  150/ 600 LR: 0.0000333333 Loss content:  0.0167 Loss fft:  0.8064 Loss dta_rank:  0.0000 Loss dta_tv:  0.0147 Loss dta_proxy:  0.6065 Loss dta_trans:  0.0305 Loss dta_phys:  0.0099 Loss dta_preserve:  0.0049
Time:  0.0739 Epoch: 001 Iter:  200/ 600 LR: 0.0000333333 Loss content:  0.0168 Loss fft:  0.8070 Loss dta_rank:  0.0000 Loss dta_tv:  0.0193 Loss dta_proxy:  0.6411 Loss dta_trans:  0.0251 Loss dta_phys:  0.0101 Loss dta_preserve:  0.0046
Time:  0.0760 Epoch: 001 Iter:  250/ 600 LR: 0.0000333333 Loss content:  0.0172 Loss fft:  0.8280 Loss dta_rank:  0.0000 Loss dta_tv:  0.0246 Loss dta_proxy:  0.6350 Loss dta_trans:  0.0222 Loss dta_phys:  0.0098 Loss dta_preserve:  0.0047
Time:  0.0776 Epoch: 001 Iter:  300/ 600 LR: 0.0000333333 Loss content:  0.0171 Loss fft:  0.8325 Loss dta_rank:  0.0000 Loss dta_tv:  0.0290 Loss dta_proxy:  0.6157 Loss dta_trans:  0.0187 Loss dta_phys:  0.0087 Loss dta_preserve:  0.0060
Time:  0.0769 Epoch: 001 Iter:  350/ 600 LR: 0.0000333333 Loss content:  0.0167 Loss fft:  0.8182 Loss dta_rank:  0.0000 Loss dta_tv:  0.0318 Loss dta_proxy:  0.6319 Loss dta_trans:  0.0170 Loss dta_phys:  0.0076 Loss dta_preserve:  0.0042
Time:  0.0778 Epoch: 001 Iter:  400/ 600 LR: 0.0000333333 Loss content:  0.0176 Loss fft:  0.8310 Loss dta_rank:  0.0000 Loss dta_tv:  0.0341 Loss dta_proxy:  0.6487 Loss dta_trans:  0.0149 Loss dta_phys:  0.0084 Loss dta_preserve:  0.0084
Time:  0.0737 Epoch: 001 Iter:  450/ 600 LR: 0.0000333333 Loss content:  0.0168 Loss fft:  0.7942 Loss dta_rank:  0.0000 Loss dta_tv:  0.0364 Loss dta_proxy:  0.6234 Loss dta_trans:  0.0149 Loss dta_phys:  0.0080 Loss dta_preserve:  0.0048
Time:  0.0732 Epoch: 001 Iter:  500/ 600 LR: 0.0000333333 Loss content:  0.0170 Loss fft:  0.8059 Loss dta_rank:  0.0000 Loss dta_tv:  0.0375 Loss dta_proxy:  0.6419 Loss dta_trans:  0.0118 Loss dta_phys:  0.0084 Loss dta_preserve:  0.0044
Time:  0.0654 Epoch: 001 Iter:  550/ 600 LR: 0.0000333333 Loss content:  0.0177 Loss fft:  0.8478 Loss dta_rank:  0.0000 Loss dta_tv:  0.0379 Loss dta_proxy:  0.6367 Loss dta_trans:  0.0130 Loss dta_phys:  0.0079 Loss dta_preserve:  0.0053
Time:  0.0724 Epoch: 001 Iter:  600/ 600 LR: 0.0000333333 Loss content:  0.0169 Loss fft:  0.8073 Loss dta_rank:  0.0000 Loss dta_tv:  0.0391 Loss dta_proxy:  0.6195 Loss dta_trans:  0.0116 Loss dta_phys:  0.0067 Loss dta_preserve:  0.0035
EPOCH: 01
Elapsed time: 0.91 Epoch Pixel Loss:  0.0171 Epoch FFT Loss:  0.8217 Epoch DTA Rank:  0.0000 Epoch DTA TV:  0.0266 Epoch DTA Proxy:  0.6175 Epoch DTA Trans:  0.0215 Epoch DTA Phys:  0.0085 Epoch DTA Preserve:  0.0051
DTA_GATE_RAMP epoch=2 gate_limit=0.010000
Time:  0.0784 Epoch: 002 Iter:   50/ 600 LR: 0.0000666667 Loss content:  0.0175 Loss fft:  0.8327 Loss dta_rank:  0.0000 Loss dta_tv:  0.0394 Loss dta_proxy:  0.6451 Loss dta_trans:  0.0105 Loss dta_phys:  0.0077 Loss dta_preserve:  0.0057
Time:  0.0768 Epoch: 002 Iter:  100/ 600 LR: 0.0000666667 Loss content:  0.0169 Loss fft:  0.8213 Loss dta_rank:  0.0000 Loss dta_tv:  0.0396 Loss dta_proxy:  0.6451 Loss dta_trans:  0.0118 Loss dta_phys:  0.0079 Loss dta_preserve:  0.0048
Time:  0.0772 Epoch: 002 Iter:  150/ 600 LR: 0.0000666667 Loss content:  0.0176 Loss fft:  0.8333 Loss dta_rank:  0.0000 Loss dta_tv:  0.0394 Loss dta_proxy:  0.6279 Loss dta_trans:  0.0100 Loss dta_phys:  0.0074 Loss dta_preserve:  0.0049
Time:  0.0812 Epoch: 002 Iter:  200/ 600 LR: 0.0000666667 Loss content:  0.0167 Loss fft:  0.8140 Loss dta_rank:  0.0000 Loss dta_tv:  0.0383 Loss dta_proxy:  0.6411 Loss dta_trans:  0.0105 Loss dta_phys:  0.0078 Loss dta_preserve:  0.0053
Time:  0.0787 Epoch: 002 Iter:  250/ 600 LR: 0.0000666667 Loss content:  0.0169 Loss fft:  0.8112 Loss dta_rank:  0.0000 Loss dta_tv:  0.0376 Loss dta_proxy:  0.6334 Loss dta_trans:  0.0109 Loss dta_phys:  0.0074 Loss dta_preserve:  0.0046
Time:  0.0782 Epoch: 002 Iter:  300/ 600 LR: 0.0000666667 Loss content:  0.0171 Loss fft:  0.8141 Loss dta_rank:  0.0000 Loss dta_tv:  0.0374 Loss dta_proxy:  0.6225 Loss dta_trans:  0.0099 Loss dta_phys:  0.0066 Loss dta_preserve:  0.0067
Time:  0.0720 Epoch: 002 Iter:  350/ 600 LR: 0.0000666667 Loss content:  0.0169 Loss fft:  0.8168 Loss dta_rank:  0.0000 Loss dta_tv:  0.0370 Loss dta_proxy:  0.6475 Loss dta_trans:  0.0082 Loss dta_phys:  0.0070 Loss dta_preserve:  0.0069
Time:  0.0665 Epoch: 002 Iter:  400/ 600 LR: 0.0000666667 Loss content:  0.0181 Loss fft:  0.8385 Loss dta_rank:  0.0000 Loss dta_tv:  0.0377 Loss dta_proxy:  0.6489 Loss dta_trans:  0.0100 Loss dta_phys:  0.0063 Loss dta_preserve:  0.0044
Time:  0.0701 Epoch: 002 Iter:  450/ 600 LR: 0.0000666667 Loss content:  0.0170 Loss fft:  0.8194 Loss dta_rank:  0.0000 Loss dta_tv:  0.0380 Loss dta_proxy:  0.6288 Loss dta_trans:  0.0094 Loss dta_phys:  0.0069 Loss dta_preserve:  0.0054
Time:  0.0717 Epoch: 002 Iter:  500/ 600 LR: 0.0000666667 Loss content:  0.0176 Loss fft:  0.8348 Loss dta_rank:  0.0000 Loss dta_tv:  0.0370 Loss dta_proxy:  0.6616 Loss dta_trans:  0.0080 Loss dta_phys:  0.0064 Loss dta_preserve:  0.0058
Time:  0.0749 Epoch: 002 Iter:  550/ 600 LR: 0.0000666667 Loss content:  0.0172 Loss fft:  0.8209 Loss dta_rank:  0.0000 Loss dta_tv:  0.0368 Loss dta_proxy:  0.6557 Loss dta_trans:  0.0085 Loss dta_phys:  0.0072 Loss dta_preserve:  0.0071
Time:  0.0706 Epoch: 002 Iter:  600/ 600 LR: 0.0000666667 Loss content:  0.0170 Loss fft:  0.7966 Loss dta_rank:  0.0000 Loss dta_tv:  0.0383 Loss dta_proxy:  0.6247 Loss dta_trans:  0.0091 Loss dta_phys:  0.0066 Loss dta_preserve:  0.0052
EPOCH: 02
Elapsed time: 0.90 Epoch Pixel Loss:  0.0172 Epoch FFT Loss:  0.8211 Epoch DTA Rank:  0.0000 Epoch DTA TV:  0.0381 Epoch DTA Proxy:  0.6402 Epoch DTA Trans:  0.0097 Epoch DTA Phys:  0.0071 Epoch DTA Preserve:  0.0056
DTA_GATE_RAMP epoch=3 gate_limit=0.030000
Time:  0.0766 Epoch: 003 Iter:   50/ 600 LR: 0.0001000000 Loss content:  0.0181 Loss fft:  0.8413 Loss dta_rank:  0.0000 Loss dta_tv:  0.0371 Loss dta_proxy:  0.6370 Loss dta_trans:  0.0094 Loss dta_phys:  0.0059 Loss dta_preserve:  0.0049
Time:  0.0745 Epoch: 003 Iter:  100/ 600 LR: 0.0001000000 Loss content:  0.0167 Loss fft:  0.8157 Loss dta_rank:  0.0000 Loss dta_tv:  0.0369 Loss dta_proxy:  0.6278 Loss dta_trans:  0.0077 Loss dta_phys:  0.0066 Loss dta_preserve:  0.0055
Time:  0.0767 Epoch: 003 Iter:  150/ 600 LR: 0.0001000000 Loss content:  0.0165 Loss fft:  0.7913 Loss dta_rank:  0.0000 Loss dta_tv:  0.0369 Loss dta_proxy:  0.6328 Loss dta_trans:  0.0082 Loss dta_phys:  0.0071 Loss dta_preserve:  0.0054
Time:  0.0791 Epoch: 003 Iter:  200/ 600 LR: 0.0001000000 Loss content:  0.0170 Loss fft:  0.8081 Loss dta_rank:  0.0000 Loss dta_tv:  0.0361 Loss dta_proxy:  0.6648 Loss dta_trans:  0.0071 Loss dta_phys:  0.0075 Loss dta_preserve:  0.0055
Time:  0.0791 Epoch: 003 Iter:  250/ 600 LR: 0.0001000000 Loss content:  0.0162 Loss fft:  0.8118 Loss dta_rank:  0.0000 Loss dta_tv:  0.0374 Loss dta_proxy:  0.6344 Loss dta_trans:  0.0076 Loss dta_phys:  0.0064 Loss dta_preserve:  0.0055
Time:  0.0738 Epoch: 003 Iter:  300/ 600 LR: 0.0001000000 Loss content:  0.0174 Loss fft:  0.8349 Loss dta_rank:  0.0000 Loss dta_tv:  0.0371 Loss dta_proxy:  0.6340 Loss dta_trans:  0.0074 Loss dta_phys:  0.0067 Loss dta_preserve:  0.0059
Time:  0.0686 Epoch: 003 Iter:  350/ 600 LR: 0.0001000000 Loss content:  0.0176 Loss fft:  0.8272 Loss dta_rank:  0.0000 Loss dta_tv:  0.0357 Loss dta_proxy:  0.6422 Loss dta_trans:  0.0081 Loss dta_phys:  0.0070 Loss dta_preserve:  0.0046
Time:  0.0628 Epoch: 003 Iter:  400/ 600 LR: 0.0001000000 Loss content:  0.0173 Loss fft:  0.8519 Loss dta_rank:  0.0000 Loss dta_tv:  0.0365 Loss dta_proxy:  0.6571 Loss dta_trans:  0.0073 Loss dta_phys:  0.0069 Loss dta_preserve:  0.0048
Time:  0.0618 Epoch: 003 Iter:  450/ 600 LR: 0.0001000000 Loss content:  0.0172 Loss fft:  0.8413 Loss dta_rank:  0.0000 Loss dta_tv:  0.0350 Loss dta_proxy:  0.6511 Loss dta_trans:  0.0062 Loss dta_phys:  0.0065 Loss dta_preserve:  0.0055
Time:  0.0623 Epoch: 003 Iter:  500/ 600 LR: 0.0001000000 Loss content:  0.0174 Loss fft:  0.8254 Loss dta_rank:  0.0000 Loss dta_tv:  0.0361 Loss dta_proxy:  0.6310 Loss dta_trans:  0.0068 Loss dta_phys:  0.0069 Loss dta_preserve:  0.0053
Time:  0.0670 Epoch: 003 Iter:  550/ 600 LR: 0.0001000000 Loss content:  0.0178 Loss fft:  0.8106 Loss dta_rank:  0.0000 Loss dta_tv:  0.0350 Loss dta_proxy:  0.6265 Loss dta_trans:  0.0078 Loss dta_phys:  0.0066 Loss dta_preserve:  0.0044
Time:  0.0751 Epoch: 003 Iter:  600/ 600 LR: 0.0001000000 Loss content:  0.0176 Loss fft:  0.8155 Loss dta_rank:  0.0000 Loss dta_tv:  0.0345 Loss dta_proxy:  0.6596 Loss dta_trans:  0.0087 Loss dta_phys:  0.0072 Loss dta_preserve:  0.0054
EPOCH: 03
Elapsed time: 0.86 Epoch Pixel Loss:  0.0172 Epoch FFT Loss:  0.8229 Epoch DTA Rank:  0.0000 Epoch DTA TV:  0.0362 Epoch DTA Proxy:  0.6415 Epoch DTA Trans:  0.0077 Epoch DTA Phys:  0.0068 Epoch DTA Preserve:  0.0052
/sda/home/wangyuxin/ConvIR-B/envs/convir-cu121/lib/python3.10/site-packages/torch/optim/lr_scheduler.py:1087: UserWarning: To get the last learning rate computed by the scheduler, please use `get_last_lr()`.
  _warn_get_lr_called_within_step(self)
DTA_GATE_RAMP epoch=4 gate_limit=0.030000
Time:  0.0767 Epoch: 004 Iter:   50/ 600 LR: 0.0001000000 Loss content:  0.0163 Loss fft:  0.7917 Loss dta_rank:  0.0000 Loss dta_tv:  0.0358 Loss dta_proxy:  0.6268 Loss dta_trans:  0.0078 Loss dta_phys:  0.0062 Loss dta_preserve:  0.0053
Time:  0.0778 Epoch: 004 Iter:  100/ 600 LR: 0.0001000000 Loss content:  0.0165 Loss fft:  0.8108 Loss dta_rank:  0.0000 Loss dta_tv:  0.0354 Loss dta_proxy:  0.6333 Loss dta_trans:  0.0070 Loss dta_phys:  0.0067 Loss dta_preserve:  0.0043
Time:  0.0758 Epoch: 004 Iter:  150/ 600 LR: 0.0001000000 Loss content:  0.0178 Loss fft:  0.8274 Loss dta_rank:  0.0000 Loss dta_tv:  0.0345 Loss dta_proxy:  0.6386 Loss dta_trans:  0.0067 Loss dta_phys:  0.0069 Loss dta_preserve:  0.0046
Time:  0.0682 Epoch: 004 Iter:  200/ 600 LR: 0.0001000000 Loss content:  0.0172 Loss fft:  0.8247 Loss dta_rank:  0.0000 Loss dta_tv:  0.0343 Loss dta_proxy:  0.6418 Loss dta_trans:  0.0066 Loss dta_phys:  0.0064 Loss dta_preserve:  0.0057
Time:  0.0648 Epoch: 004 Iter:  250/ 600 LR: 0.0001000000 Loss content:  0.0177 Loss fft:  0.8413 Loss dta_rank:  0.0000 Loss dta_tv:  0.0335 Loss dta_proxy:  0.6570 Loss dta_trans:  0.0066 Loss dta_phys:  0.0068 Loss dta_preserve:  0.0057
Time:  0.0743 Epoch: 004 Iter:  300/ 600 LR: 0.0001000000 Loss content:  0.0171 Loss fft:  0.8274 Loss dta_rank:  0.0000 Loss dta_tv:  0.0333 Loss dta_proxy:  0.6465 Loss dta_trans:  0.0079 Loss dta_phys:  0.0070 Loss dta_preserve:  0.0051
Time:  0.0773 Epoch: 004 Iter:  350/ 600 LR: 0.0001000000 Loss content:  0.0169 Loss fft:  0.8075 Loss dta_rank:  0.0000 Loss dta_tv:  0.0345 Loss dta_proxy:  0.6388 Loss dta_trans:  0.0065 Loss dta_phys:  0.0066 Loss dta_preserve:  0.0051
Time:  0.0741 Epoch: 004 Iter:  400/ 600 LR: 0.0001000000 Loss content:  0.0176 Loss fft:  0.8551 Loss dta_rank:  0.0000 Loss dta_tv:  0.0346 Loss dta_proxy:  0.6218 Loss dta_trans:  0.0062 Loss dta_phys:  0.0064 Loss dta_preserve:  0.0054
Time:  0.0717 Epoch: 004 Iter:  450/ 600 LR: 0.0001000000 Loss content:  0.0168 Loss fft:  0.8454 Loss dta_rank:  0.0000 Loss dta_tv:  0.0329 Loss dta_proxy:  0.6640 Loss dta_trans:  0.0065 Loss dta_phys:  0.0068 Loss dta_preserve:  0.0055
Time:  0.0732 Epoch: 004 Iter:  500/ 600 LR: 0.0001000000 Loss content:  0.0171 Loss fft:  0.8259 Loss dta_rank:  0.0000 Loss dta_tv:  0.0340 Loss dta_proxy:  0.6397 Loss dta_trans:  0.0069 Loss dta_phys:  0.0060 Loss dta_preserve:  0.0047
Time:  0.0760 Epoch: 004 Iter:  550/ 600 LR: 0.0001000000 Loss content:  0.0176 Loss fft:  0.8199 Loss dta_rank:  0.0000 Loss dta_tv:  0.0336 Loss dta_proxy:  0.6426 Loss dta_trans:  0.0070 Loss dta_phys:  0.0072 Loss dta_preserve:  0.0052
Time:  0.0778 Epoch: 004 Iter:  600/ 600 LR: 0.0001000000 Loss content:  0.0174 Loss fft:  0.8411 Loss dta_rank:  0.0000 Loss dta_tv:  0.0330 Loss dta_proxy:  0.6401 Loss dta_trans:  0.0061 Loss dta_phys:  0.0068 Loss dta_preserve:  0.0056
EPOCH: 04
Elapsed time: 0.89 Epoch Pixel Loss:  0.0172 Epoch FFT Loss:  0.8265 Epoch DTA Rank:  0.0000 Epoch DTA TV:  0.0341 Epoch DTA Proxy:  0.6409 Epoch DTA Trans:  0.0068 Epoch DTA Phys:  0.0067 Epoch DTA Preserve:  0.0052
DTA_GATE_RAMP epoch=5 gate_limit=0.030000
Time:  0.0801 Epoch: 005 Iter:   50/ 600 LR: 0.0000983215 Loss content:  0.0173 Loss fft:  0.8278 Loss dta_rank:  0.0000 Loss dta_tv:  0.0330 Loss dta_proxy:  0.6491 Loss dta_trans:  0.0060 Loss dta_phys:  0.0061 Loss dta_preserve:  0.0047
Time:  0.0761 Epoch: 005 Iter:  100/ 600 LR: 0.0000983215 Loss content:  0.0171 Loss fft:  0.8244 Loss dta_rank:  0.0000 Loss dta_tv:  0.0337 Loss dta_proxy:  0.6269 Loss dta_trans:  0.0072 Loss dta_phys:  0.0066 Loss dta_preserve:  0.0049
Time:  0.0774 Epoch: 005 Iter:  150/ 600 LR: 0.0000983215 Loss content:  0.0166 Loss fft:  0.8260 Loss dta_rank:  0.0000 Loss dta_tv:  0.0328 Loss dta_proxy:  0.6308 Loss dta_trans:  0.0067 Loss dta_phys:  0.0069 Loss dta_preserve:  0.0056
Time:  0.0738 Epoch: 005 Iter:  200/ 600 LR: 0.0000983215 Loss content:  0.0172 Loss fft:  0.8325 Loss dta_rank:  0.0000 Loss dta_tv:  0.0331 Loss dta_proxy:  0.6377 Loss dta_trans:  0.0058 Loss dta_phys:  0.0055 Loss dta_preserve:  0.0044
Time:  0.0710 Epoch: 005 Iter:  250/ 600 LR: 0.0000983215 Loss content:  0.0175 Loss fft:  0.7979 Loss dta_rank:  0.0000 Loss dta_tv:  0.0322 Loss dta_proxy:  0.6552 Loss dta_trans:  0.0070 Loss dta_phys:  0.0077 Loss dta_preserve:  0.0051
Time:  0.0724 Epoch: 005 Iter:  300/ 600 LR: 0.0000983215 Loss content:  0.0175 Loss fft:  0.8108 Loss dta_rank:  0.0000 Loss dta_tv:  0.0325 Loss dta_proxy:  0.6374 Loss dta_trans:  0.0068 Loss dta_phys:  0.0065 Loss dta_preserve:  0.0052
Time:  0.0699 Epoch: 005 Iter:  350/ 600 LR: 0.0000983215 Loss content:  0.0164 Loss fft:  0.7924 Loss dta_rank:  0.0000 Loss dta_tv:  0.0336 Loss dta_proxy:  0.6168 Loss dta_trans:  0.0075 Loss dta_phys:  0.0063 Loss dta_preserve:  0.0050
Time:  0.0738 Epoch: 005 Iter:  400/ 600 LR: 0.0000983215 Loss content:  0.0173 Loss fft:  0.8282 Loss dta_rank:  0.0000 Loss dta_tv:  0.0326 Loss dta_proxy:  0.6343 Loss dta_trans:  0.0070 Loss dta_phys:  0.0070 Loss dta_preserve:  0.0058
Time:  0.0743 Epoch: 005 Iter:  450/ 600 LR: 0.0000983215 Loss content:  0.0171 Loss fft:  0.8500 Loss dta_rank:  0.0000 Loss dta_tv:  0.0323 Loss dta_proxy:  0.6377 Loss dta_trans:  0.0055 Loss dta_phys:  0.0064 Loss dta_preserve:  0.0045
Time:  0.0751 Epoch: 005 Iter:  500/ 600 LR: 0.0000983215 Loss content:  0.0183 Loss fft:  0.8268 Loss dta_rank:  0.0000 Loss dta_tv:  0.0315 Loss dta_proxy:  0.6609 Loss dta_trans:  0.0059 Loss dta_phys:  0.0078 Loss dta_preserve:  0.0042
Time:  0.0808 Epoch: 005 Iter:  550/ 600 LR: 0.0000983215 Loss content:  0.0173 Loss fft:  0.8290 Loss dta_rank:  0.0000 Loss dta_tv:  0.0320 Loss dta_proxy:  0.6419 Loss dta_trans:  0.0066 Loss dta_phys:  0.0070 Loss dta_preserve:  0.0045
Time:  0.0790 Epoch: 005 Iter:  600/ 600 LR: 0.0000983215 Loss content:  0.0176 Loss fft:  0.8473 Loss dta_rank:  0.0000 Loss dta_tv:  0.0316 Loss dta_proxy:  0.6618 Loss dta_trans:  0.0056 Loss dta_phys:  0.0064 Loss dta_preserve:  0.0050
EPOCH: 05
Elapsed time: 0.91 Epoch Pixel Loss:  0.0173 Epoch FFT Loss:  0.8244 Epoch DTA Rank:  0.0000 Epoch DTA TV:  0.0326 Epoch DTA Proxy:  0.6409 Epoch DTA Trans:  0.0065 Epoch DTA Phys:  0.0067 Epoch DTA Preserve:  0.0049
DTA_GATE_RAMP epoch=6 gate_limit=0.030000
Time:  0.0777 Epoch: 006 Iter:   50/ 600 LR: 0.0000942212 Loss content:  0.0166 Loss fft:  0.7978 Loss dta_rank:  0.0000 Loss dta_tv:  0.0333 Loss dta_proxy:  0.6192 Loss dta_trans:  0.0063 Loss dta_phys:  0.0068 Loss dta_preserve:  0.0060
Time:  0.0746 Epoch: 006 Iter:  100/ 600 LR: 0.0000942212 Loss content:  0.0180 Loss fft:  0.8432 Loss dta_rank:  0.0000 Loss dta_tv:  0.0308 Loss dta_proxy:  0.6714 Loss dta_trans:  0.0059 Loss dta_phys:  0.0071 Loss dta_preserve:  0.0076
Time:  0.0756 Epoch: 006 Iter:  150/ 600 LR: 0.0000942212 Loss content:  0.0172 Loss fft:  0.8297 Loss dta_rank:  0.0000 Loss dta_tv:  0.0326 Loss dta_proxy:  0.6350 Loss dta_trans:  0.0063 Loss dta_phys:  0.0062 Loss dta_preserve:  0.0056
Time:  0.0751 Epoch: 006 Iter:  200/ 600 LR: 0.0000942212 Loss content:  0.0173 Loss fft:  0.8373 Loss dta_rank:  0.0000 Loss dta_tv:  0.0316 Loss dta_proxy:  0.6403 Loss dta_trans:  0.0060 Loss dta_phys:  0.0062 Loss dta_preserve:  0.0051
Time:  0.0777 Epoch: 006 Iter:  250/ 600 LR: 0.0000942212 Loss content:  0.0169 Loss fft:  0.8200 Loss dta_rank:  0.0000 Loss dta_tv:  0.0320 Loss dta_proxy:  0.6410 Loss dta_trans:  0.0062 Loss dta_phys:  0.0072 Loss dta_preserve:  0.0044
Time:  0.0743 Epoch: 006 Iter:  300/ 600 LR: 0.0000942212 Loss content:  0.0173 Loss fft:  0.8073 Loss dta_rank:  0.0000 Loss dta_tv:  0.0315 Loss dta_proxy:  0.6316 Loss dta_trans:  0.0065 Loss dta_phys:  0.0060 Loss dta_preserve:  0.0049
Time:  0.0788 Epoch: 006 Iter:  350/ 600 LR: 0.0000942212 Loss content:  0.0172 Loss fft:  0.8427 Loss dta_rank:  0.0000 Loss dta_tv:  0.0314 Loss dta_proxy:  0.6427 Loss dta_trans:  0.0060 Loss dta_phys:  0.0065 Loss dta_preserve:  0.0054
Time:  0.0759 Epoch: 006 Iter:  400/ 600 LR: 0.0000942212 Loss content:  0.0174 Loss fft:  0.8264 Loss dta_rank:  0.0000 Loss dta_tv:  0.0306 Loss dta_proxy:  0.6556 Loss dta_trans:  0.0047 Loss dta_phys:  0.0059 Loss dta_preserve:  0.0044
Time:  0.0738 Epoch: 006 Iter:  450/ 600 LR: 0.0000942212 Loss content:  0.0171 Loss fft:  0.8159 Loss dta_rank:  0.0000 Loss dta_tv:  0.0315 Loss dta_proxy:  0.6346 Loss dta_trans:  0.0076 Loss dta_phys:  0.0067 Loss dta_preserve:  0.0049
Time:  0.0770 Epoch: 006 Iter:  500/ 600 LR: 0.0000942212 Loss content:  0.0174 Loss fft:  0.8138 Loss dta_rank:  0.0000 Loss dta_tv:  0.0309 Loss dta_proxy:  0.6453 Loss dta_trans:  0.0063 Loss dta_phys:  0.0074 Loss dta_preserve:  0.0044
Time:  0.0746 Epoch: 006 Iter:  550/ 600 LR: 0.0000942212 Loss content:  0.0176 Loss fft:  0.8031 Loss dta_rank:  0.0000 Loss dta_tv:  0.0314 Loss dta_proxy:  0.6342 Loss dta_trans:  0.0061 Loss dta_phys:  0.0068 Loss dta_preserve:  0.0054
Time:  0.0743 Epoch: 006 Iter:  600/ 600 LR: 0.0000942212 Loss content:  0.0175 Loss fft:  0.8361 Loss dta_rank:  0.0000 Loss dta_tv:  0.0307 Loss dta_proxy:  0.6580 Loss dta_trans:  0.0063 Loss dta_phys:  0.0075 Loss dta_preserve:  0.0046
EPOCH: 06
Elapsed time: 0.91 Epoch Pixel Loss:  0.0173 Epoch FFT Loss:  0.8228 Epoch DTA Rank:  0.0000 Epoch DTA TV:  0.0315 Epoch DTA Proxy:  0.6424 Epoch DTA Trans:  0.0062 Epoch DTA Phys:  0.0067 Epoch DTA Preserve:  0.0052
DTA_GATE_RAMP epoch=7 gate_limit=0.030000
Time:  0.0841 Epoch: 007 Iter:   50/ 600 LR: 0.0000886874 Loss content:  0.0168 Loss fft:  0.8096 Loss dta_rank:  0.0000 Loss dta_tv:  0.0315 Loss dta_proxy:  0.6441 Loss dta_trans:  0.0062 Loss dta_phys:  0.0075 Loss dta_preserve:  0.0052
Time:  0.0774 Epoch: 007 Iter:  100/ 600 LR: 0.0000886874 Loss content:  0.0170 Loss fft:  0.8020 Loss dta_rank:  0.0000 Loss dta_tv:  0.0312 Loss dta_proxy:  0.6407 Loss dta_trans:  0.0065 Loss dta_phys:  0.0068 Loss dta_preserve:  0.0052
Time:  0.0755 Epoch: 007 Iter:  150/ 600 LR: 0.0000886874 Loss content:  0.0178 Loss fft:  0.8375 Loss dta_rank:  0.0000 Loss dta_tv:  0.0308 Loss dta_proxy:  0.6392 Loss dta_trans:  0.0062 Loss dta_phys:  0.0059 Loss dta_preserve:  0.0058
Time:  0.0743 Epoch: 007 Iter:  200/ 600 LR: 0.0000886874 Loss content:  0.0174 Loss fft:  0.8402 Loss dta_rank:  0.0000 Loss dta_tv:  0.0313 Loss dta_proxy:  0.6290 Loss dta_trans:  0.0058 Loss dta_phys:  0.0063 Loss dta_preserve:  0.0052
Time:  0.0731 Epoch: 007 Iter:  250/ 600 LR: 0.0000886874 Loss content:  0.0168 Loss fft:  0.8056 Loss dta_rank:  0.0000 Loss dta_tv:  0.0311 Loss dta_proxy:  0.6357 Loss dta_trans:  0.0073 Loss dta_phys:  0.0068 Loss dta_preserve:  0.0066
Time:  0.0709 Epoch: 007 Iter:  300/ 600 LR: 0.0000886874 Loss content:  0.0182 Loss fft:  0.8490 Loss dta_rank:  0.0000 Loss dta_tv:  0.0300 Loss dta_proxy:  0.6599 Loss dta_trans:  0.0060 Loss dta_phys:  0.0071 Loss dta_preserve:  0.0043
Time:  0.0753 Epoch: 007 Iter:  350/ 600 LR: 0.0000886874 Loss content:  0.0171 Loss fft:  0.7921 Loss dta_rank:  0.0000 Loss dta_tv:  0.0319 Loss dta_proxy:  0.6314 Loss dta_trans:  0.0055 Loss dta_phys:  0.0069 Loss dta_preserve:  0.0047
Time:  0.0742 Epoch: 007 Iter:  400/ 600 LR: 0.0000886874 Loss content:  0.0167 Loss fft:  0.8275 Loss dta_rank:  0.0000 Loss dta_tv:  0.0323 Loss dta_proxy:  0.6385 Loss dta_trans:  0.0062 Loss dta_phys:  0.0067 Loss dta_preserve:  0.0058
Time:  0.0752 Epoch: 007 Iter:  450/ 600 LR: 0.0000886874 Loss content:  0.0167 Loss fft:  0.8192 Loss dta_rank:  0.0000 Loss dta_tv:  0.0305 Loss dta_proxy:  0.6490 Loss dta_trans:  0.0051 Loss dta_phys:  0.0061 Loss dta_preserve:  0.0048
Time:  0.0760 Epoch: 007 Iter:  500/ 600 LR: 0.0000886874 Loss content:  0.0176 Loss fft:  0.8317 Loss dta_rank:  0.0000 Loss dta_tv:  0.0303 Loss dta_proxy:  0.6487 Loss dta_trans:  0.0070 Loss dta_phys:  0.0067 Loss dta_preserve:  0.0045
Time:  0.0770 Epoch: 007 Iter:  550/ 600 LR: 0.0000886874 Loss content:  0.0176 Loss fft:  0.8581 Loss dta_rank:  0.0000 Loss dta_tv:  0.0299 Loss dta_proxy:  0.6404 Loss dta_trans:  0.0059 Loss dta_phys:  0.0061 Loss dta_preserve:  0.0052
Time:  0.0745 Epoch: 007 Iter:  600/ 600 LR: 0.0000886874 Loss content:  0.0169 Loss fft:  0.8052 Loss dta_rank:  0.0000 Loss dta_tv:  0.0293 Loss dta_proxy:  0.6421 Loss dta_trans:  0.0071 Loss dta_phys:  0.0065 Loss dta_preserve:  0.0072
EPOCH: 07
Elapsed time: 0.91 Epoch Pixel Loss:  0.0172 Epoch FFT Loss:  0.8231 Epoch DTA Rank:  0.0000 Epoch DTA TV:  0.0309 Epoch DTA Proxy:  0.6416 Epoch DTA Trans:  0.0062 Epoch DTA Phys:  0.0066 Epoch DTA Preserve:  0.0054
DTA_GATE_RAMP epoch=8 gate_limit=0.030000
Time:  0.0788 Epoch: 008 Iter:   50/ 600 LR: 0.0000819070 Loss content:  0.0177 Loss fft:  0.8515 Loss dta_rank:  0.0000 Loss dta_tv:  0.0297 Loss dta_proxy:  0.6683 Loss dta_trans:  0.0055 Loss dta_phys:  0.0073 Loss dta_preserve:  0.0043
Time:  0.0777 Epoch: 008 Iter:  100/ 600 LR: 0.0000819070 Loss content:  0.0173 Loss fft:  0.7923 Loss dta_rank:  0.0000 Loss dta_tv:  0.0311 Loss dta_proxy:  0.6215 Loss dta_trans:  0.0064 Loss dta_phys:  0.0061 Loss dta_preserve:  0.0048
Time:  0.0777 Epoch: 008 Iter:  150/ 600 LR: 0.0000819070 Loss content:  0.0171 Loss fft:  0.8298 Loss dta_rank:  0.0000 Loss dta_tv:  0.0292 Loss dta_proxy:  0.6412 Loss dta_trans:  0.0065 Loss dta_phys:  0.0071 Loss dta_preserve:  0.0047
Time:  0.0822 Epoch: 008 Iter:  200/ 600 LR: 0.0000819070 Loss content:  0.0168 Loss fft:  0.8381 Loss dta_rank:  0.0000 Loss dta_tv:  0.0309 Loss dta_proxy:  0.6303 Loss dta_trans:  0.0057 Loss dta_phys:  0.0061 Loss dta_preserve:  0.0047
Time:  0.0762 Epoch: 008 Iter:  250/ 600 LR: 0.0000819070 Loss content:  0.0176 Loss fft:  0.8517 Loss dta_rank:  0.0000 Loss dta_tv:  0.0309 Loss dta_proxy:  0.6465 Loss dta_trans:  0.0056 Loss dta_phys:  0.0066 Loss dta_preserve:  0.0063
Time:  0.0734 Epoch: 008 Iter:  300/ 600 LR: 0.0000819070 Loss content:  0.0173 Loss fft:  0.8147 Loss dta_rank:  0.0000 Loss dta_tv:  0.0307 Loss dta_proxy:  0.6260 Loss dta_trans:  0.0063 Loss dta_phys:  0.0061 Loss dta_preserve:  0.0061
Time:  0.0760 Epoch: 008 Iter:  350/ 600 LR: 0.0000819070 Loss content:  0.0175 Loss fft:  0.8062 Loss dta_rank:  0.0000 Loss dta_tv:  0.0294 Loss dta_proxy:  0.6654 Loss dta_trans:  0.0066 Loss dta_phys:  0.0067 Loss dta_preserve:  0.0056
Time:  0.0712 Epoch: 008 Iter:  400/ 600 LR: 0.0000819070 Loss content:  0.0170 Loss fft:  0.8105 Loss dta_rank:  0.0000 Loss dta_tv:  0.0295 Loss dta_proxy:  0.6239 Loss dta_trans:  0.0054 Loss dta_phys:  0.0065 Loss dta_preserve:  0.0050
Time:  0.0644 Epoch: 008 Iter:  450/ 600 LR: 0.0000819070 Loss content:  0.0171 Loss fft:  0.8264 Loss dta_rank:  0.0000 Loss dta_tv:  0.0290 Loss dta_proxy:  0.6643 Loss dta_trans:  0.0056 Loss dta_phys:  0.0073 Loss dta_preserve:  0.0049
Time:  0.0730 Epoch: 008 Iter:  500/ 600 LR: 0.0000819070 Loss content:  0.0165 Loss fft:  0.8049 Loss dta_rank:  0.0000 Loss dta_tv:  0.0303 Loss dta_proxy:  0.6548 Loss dta_trans:  0.0071 Loss dta_phys:  0.0074 Loss dta_preserve:  0.0059
Time:  0.0733 Epoch: 008 Iter:  550/ 600 LR: 0.0000819070 Loss content:  0.0171 Loss fft:  0.8244 Loss dta_rank:  0.0000 Loss dta_tv:  0.0303 Loss dta_proxy:  0.6403 Loss dta_trans:  0.0063 Loss dta_phys:  0.0069 Loss dta_preserve:  0.0050
Time:  0.0702 Epoch: 008 Iter:  600/ 600 LR: 0.0000819070 Loss content:  0.0171 Loss fft:  0.8207 Loss dta_rank:  0.0000 Loss dta_tv:  0.0295 Loss dta_proxy:  0.6622 Loss dta_trans:  0.0053 Loss dta_phys:  0.0067 Loss dta_preserve:  0.0060
EPOCH: 08
Elapsed time: 0.90 Epoch Pixel Loss:  0.0172 Epoch FFT Loss:  0.8226 Epoch DTA Rank:  0.0000 Epoch DTA TV:  0.0300 Epoch DTA Proxy:  0.6454 Epoch DTA Trans:  0.0060 Epoch DTA Phys:  0.0067 Epoch DTA Preserve:  0.0053
DTA_GATE_RAMP epoch=9 gate_limit=0.060000
Time:  0.0825 Epoch: 009 Iter:   50/ 600 LR: 0.0000741093 Loss content:  0.0165 Loss fft:  0.8218 Loss dta_rank:  0.0000 Loss dta_tv:  0.0298 Loss dta_proxy:  0.6371 Loss dta_trans:  0.0056 Loss dta_phys:  0.0065 Loss dta_preserve:  0.0056
Time:  0.0712 Epoch: 009 Iter:  100/ 600 LR: 0.0000741093 Loss content:  0.0179 Loss fft:  0.8444 Loss dta_rank:  0.0000 Loss dta_tv:  0.0299 Loss dta_proxy:  0.6433 Loss dta_trans:  0.0055 Loss dta_phys:  0.0070 Loss dta_preserve:  0.0075
Time:  0.0754 Epoch: 009 Iter:  150/ 600 LR: 0.0000741093 Loss content:  0.0170 Loss fft:  0.8258 Loss dta_rank:  0.0000 Loss dta_tv:  0.0302 Loss dta_proxy:  0.6492 Loss dta_trans:  0.0059 Loss dta_phys:  0.0068 Loss dta_preserve:  0.0051
Time:  0.0784 Epoch: 009 Iter:  200/ 600 LR: 0.0000741093 Loss content:  0.0162 Loss fft:  0.7896 Loss dta_rank:  0.0000 Loss dta_tv:  0.0308 Loss dta_proxy:  0.6071 Loss dta_trans:  0.0065 Loss dta_phys:  0.0059 Loss dta_preserve:  0.0051
Time:  0.0752 Epoch: 009 Iter:  250/ 600 LR: 0.0000741093 Loss content:  0.0171 Loss fft:  0.8037 Loss dta_rank:  0.0000 Loss dta_tv:  0.0302 Loss dta_proxy:  0.6440 Loss dta_trans:  0.0067 Loss dta_phys:  0.0066 Loss dta_preserve:  0.0048
Time:  0.0696 Epoch: 009 Iter:  300/ 600 LR: 0.0000741093 Loss content:  0.0170 Loss fft:  0.8181 Loss dta_rank:  0.0000 Loss dta_tv:  0.0295 Loss dta_proxy:  0.6565 Loss dta_trans:  0.0057 Loss dta_phys:  0.0063 Loss dta_preserve:  0.0041
Time:  0.0724 Epoch: 009 Iter:  350/ 600 LR: 0.0000741093 Loss content:  0.0169 Loss fft:  0.8197 Loss dta_rank:  0.0000 Loss dta_tv:  0.0298 Loss dta_proxy:  0.6542 Loss dta_trans:  0.0059 Loss dta_phys:  0.0072 Loss dta_preserve:  0.0047
Time:  0.0743 Epoch: 009 Iter:  400/ 600 LR: 0.0000741093 Loss content:  0.0166 Loss fft:  0.8079 Loss dta_rank:  0.0000 Loss dta_tv:  0.0300 Loss dta_proxy:  0.6443 Loss dta_trans:  0.0064 Loss dta_phys:  0.0070 Loss dta_preserve:  0.0044
Time:  0.0760 Epoch: 009 Iter:  450/ 600 LR: 0.0000741093 Loss content:  0.0176 Loss fft:  0.8331 Loss dta_rank:  0.0000 Loss dta_tv:  0.0293 Loss dta_proxy:  0.6461 Loss dta_trans:  0.0057 Loss dta_phys:  0.0067 Loss dta_preserve:  0.0053
Time:  0.0750 Epoch: 009 Iter:  500/ 600 LR: 0.0000741093 Loss content:  0.0175 Loss fft:  0.8443 Loss dta_rank:  0.0000 Loss dta_tv:  0.0290 Loss dta_proxy:  0.6458 Loss dta_trans:  0.0055 Loss dta_phys:  0.0069 Loss dta_preserve:  0.0051
Time:  0.0758 Epoch: 009 Iter:  550/ 600 LR: 0.0000741093 Loss content:  0.0176 Loss fft:  0.8250 Loss dta_rank:  0.0000 Loss dta_tv:  0.0296 Loss dta_proxy:  0.6319 Loss dta_trans:  0.0072 Loss dta_phys:  0.0066 Loss dta_preserve:  0.0066
Time:  0.0763 Epoch: 009 Iter:  600/ 600 LR: 0.0000741093 Loss content:  0.0164 Loss fft:  0.8066 Loss dta_rank:  0.0000 Loss dta_tv:  0.0295 Loss dta_proxy:  0.6303 Loss dta_trans:  0.0059 Loss dta_phys:  0.0068 Loss dta_preserve:  0.0048
EPOCH: 09
Elapsed time: 0.91 Epoch Pixel Loss:  0.0170 Epoch FFT Loss:  0.8200 Epoch DTA Rank:  0.0000 Epoch DTA TV:  0.0298 Epoch DTA Proxy:  0.6408 Epoch DTA Trans:  0.0060 Epoch DTA Phys:  0.0067 Epoch DTA Preserve:  0.0053
DTA_GATE_RAMP epoch=10 gate_limit=0.060000
Time:  0.0821 Epoch: 010 Iter:   50/ 600 LR: 0.0000655580 Loss content:  0.0165 Loss fft:  0.8321 Loss dta_rank:  0.0000 Loss dta_tv:  0.0296 Loss dta_proxy:  0.6361 Loss dta_trans:  0.0063 Loss dta_phys:  0.0070 Loss dta_preserve:  0.0051
Time:  0.0700 Epoch: 010 Iter:  100/ 600 LR: 0.0000655580 Loss content:  0.0163 Loss fft:  0.8087 Loss dta_rank:  0.0000 Loss dta_tv:  0.0301 Loss dta_proxy:  0.6363 Loss dta_trans:  0.0060 Loss dta_phys:  0.0065 Loss dta_preserve:  0.0048
Time:  0.0782 Epoch: 010 Iter:  150/ 600 LR: 0.0000655580 Loss content:  0.0171 Loss fft:  0.8243 Loss dta_rank:  0.0000 Loss dta_tv:  0.0295 Loss dta_proxy:  0.6438 Loss dta_trans:  0.0062 Loss dta_phys:  0.0069 Loss dta_preserve:  0.0049
Time:  0.0799 Epoch: 010 Iter:  200/ 600 LR: 0.0000655580 Loss content:  0.0173 Loss fft:  0.8167 Loss dta_rank:  0.0000 Loss dta_tv:  0.0297 Loss dta_proxy:  0.6415 Loss dta_trans:  0.0060 Loss dta_phys:  0.0067 Loss dta_preserve:  0.0071
Time:  0.0758 Epoch: 010 Iter:  250/ 600 LR: 0.0000655580 Loss content:  0.0173 Loss fft:  0.8179 Loss dta_rank:  0.0000 Loss dta_tv:  0.0297 Loss dta_proxy:  0.6465 Loss dta_trans:  0.0063 Loss dta_phys:  0.0068 Loss dta_preserve:  0.0048
Time:  0.0793 Epoch: 010 Iter:  300/ 600 LR: 0.0000655580 Loss content:  0.0166 Loss fft:  0.8264 Loss dta_rank:  0.0000 Loss dta_tv:  0.0297 Loss dta_proxy:  0.6269 Loss dta_trans:  0.0055 Loss dta_phys:  0.0063 Loss dta_preserve:  0.0048
Time:  0.0756 Epoch: 010 Iter:  350/ 600 LR: 0.0000655580 Loss content:  0.0173 Loss fft:  0.8163 Loss dta_rank:  0.0000 Loss dta_tv:  0.0287 Loss dta_proxy:  0.6524 Loss dta_trans:  0.0058 Loss dta_phys:  0.0067 Loss dta_preserve:  0.0049
Time:  0.0767 Epoch: 010 Iter:  400/ 600 LR: 0.0000655580 Loss content:  0.0168 Loss fft:  0.8135 Loss dta_rank:  0.0000 Loss dta_tv:  0.0286 Loss dta_proxy:  0.6362 Loss dta_trans:  0.0066 Loss dta_phys:  0.0065 Loss dta_preserve:  0.0043
Time:  0.0751 Epoch: 010 Iter:  450/ 600 LR: 0.0000655580 Loss content:  0.0173 Loss fft:  0.8453 Loss dta_rank:  0.0000 Loss dta_tv:  0.0297 Loss dta_proxy:  0.6338 Loss dta_trans:  0.0057 Loss dta_phys:  0.0069 Loss dta_preserve:  0.0045
Time:  0.0769 Epoch: 010 Iter:  500/ 600 LR: 0.0000655580 Loss content:  0.0170 Loss fft:  0.7987 Loss dta_rank:  0.0000 Loss dta_tv:  0.0294 Loss dta_proxy:  0.6503 Loss dta_trans:  0.0054 Loss dta_phys:  0.0063 Loss dta_preserve:  0.0049
Time:  0.0776 Epoch: 010 Iter:  550/ 600 LR: 0.0000655580 Loss content:  0.0173 Loss fft:  0.8607 Loss dta_rank:  0.0000 Loss dta_tv:  0.0292 Loss dta_proxy:  0.6485 Loss dta_trans:  0.0051 Loss dta_phys:  0.0061 Loss dta_preserve:  0.0065
Time:  0.0744 Epoch: 010 Iter:  600/ 600 LR: 0.0000655580 Loss content:  0.0168 Loss fft:  0.7890 Loss dta_rank:  0.0000 Loss dta_tv:  0.0289 Loss dta_proxy:  0.6499 Loss dta_trans:  0.0063 Loss dta_phys:  0.0073 Loss dta_preserve:  0.0052
EPOCH: 10
Elapsed time: 0.93 Epoch Pixel Loss:  0.0170 Epoch FFT Loss:  0.8208 Epoch DTA Rank:  0.0000 Epoch DTA TV:  0.0294 Epoch DTA Proxy:  0.6419 Epoch DTA Trans:  0.0059 Epoch DTA Phys:  0.0067 Epoch DTA Preserve:  0.0051
DTA_GATE_RAMP epoch=11 gate_limit=0.060000
Time:  0.0753 Epoch: 011 Iter:   50/ 600 LR: 0.0000565424 Loss content:  0.0175 Loss fft:  0.8292 Loss dta_rank:  0.0000 Loss dta_tv:  0.0286 Loss dta_proxy:  0.6412 Loss dta_trans:  0.0047 Loss dta_phys:  0.0066 Loss dta_preserve:  0.0050
Time:  0.0674 Epoch: 011 Iter:  100/ 600 LR: 0.0000565424 Loss content:  0.0171 Loss fft:  0.8090 Loss dta_rank:  0.0000 Loss dta_tv:  0.0291 Loss dta_proxy:  0.6445 Loss dta_trans:  0.0058 Loss dta_phys:  0.0060 Loss dta_preserve:  0.0047
Time:  0.0754 Epoch: 011 Iter:  150/ 600 LR: 0.0000565424 Loss content:  0.0170 Loss fft:  0.8152 Loss dta_rank:  0.0000 Loss dta_tv:  0.0299 Loss dta_proxy:  0.6417 Loss dta_trans:  0.0063 Loss dta_phys:  0.0069 Loss dta_preserve:  0.0052
Time:  0.0764 Epoch: 011 Iter:  200/ 600 LR: 0.0000565424 Loss content:  0.0169 Loss fft:  0.7937 Loss dta_rank:  0.0000 Loss dta_tv:  0.0293 Loss dta_proxy:  0.6396 Loss dta_trans:  0.0056 Loss dta_phys:  0.0073 Loss dta_preserve:  0.0058
Time:  0.0701 Epoch: 011 Iter:  250/ 600 LR: 0.0000565424 Loss content:  0.0166 Loss fft:  0.8217 Loss dta_rank:  0.0000 Loss dta_tv:  0.0302 Loss dta_proxy:  0.6327 Loss dta_trans:  0.0059 Loss dta_phys:  0.0060 Loss dta_preserve:  0.0042
Time:  0.0728 Epoch: 011 Iter:  300/ 600 LR: 0.0000565424 Loss content:  0.0179 Loss fft:  0.8634 Loss dta_rank:  0.0000 Loss dta_tv:  0.0295 Loss dta_proxy:  0.6388 Loss dta_trans:  0.0054 Loss dta_phys:  0.0056 Loss dta_preserve:  0.0062
Time:  0.0802 Epoch: 011 Iter:  350/ 600 LR: 0.0000565424 Loss content:  0.0176 Loss fft:  0.8652 Loss dta_rank:  0.0000 Loss dta_tv:  0.0287 Loss dta_proxy:  0.6454 Loss dta_trans:  0.0059 Loss dta_phys:  0.0073 Loss dta_preserve:  0.0060
Time:  0.0760 Epoch: 011 Iter:  400/ 600 LR: 0.0000565424 Loss content:  0.0170 Loss fft:  0.7775 Loss dta_rank:  0.0000 Loss dta_tv:  0.0292 Loss dta_proxy:  0.6390 Loss dta_trans:  0.0067 Loss dta_phys:  0.0071 Loss dta_preserve:  0.0043
Time:  0.0717 Epoch: 011 Iter:  450/ 600 LR: 0.0000565424 Loss content:  0.0161 Loss fft:  0.7831 Loss dta_rank:  0.0000 Loss dta_tv:  0.0290 Loss dta_proxy:  0.6409 Loss dta_trans:  0.0060 Loss dta_phys:  0.0072 Loss dta_preserve:  0.0050
Time:  0.0752 Epoch: 011 Iter:  500/ 600 LR: 0.0000565424 Loss content:  0.0175 Loss fft:  0.8649 Loss dta_rank:  0.0000 Loss dta_tv:  0.0289 Loss dta_proxy:  0.6280 Loss dta_trans:  0.0064 Loss dta_phys:  0.0064 Loss dta_preserve:  0.0046
Time:  0.0785 Epoch: 011 Iter:  550/ 600 LR: 0.0000565424 Loss content:  0.0176 Loss fft:  0.8424 Loss dta_rank:  0.0000 Loss dta_tv:  0.0285 Loss dta_proxy:  0.6670 Loss dta_trans:  0.0061 Loss dta_phys:  0.0068 Loss dta_preserve:  0.0053
Time:  0.0743 Epoch: 011 Iter:  600/ 600 LR: 0.0000565424 Loss content:  0.0173 Loss fft:  0.8208 Loss dta_rank:  0.0000 Loss dta_tv:  0.0286 Loss dta_proxy:  0.6467 Loss dta_trans:  0.0055 Loss dta_phys:  0.0065 Loss dta_preserve:  0.0043
EPOCH: 11
Elapsed time: 0.90 Epoch Pixel Loss:  0.0172 Epoch FFT Loss:  0.8238 Epoch DTA Rank:  0.0000 Epoch DTA TV:  0.0291 Epoch DTA Proxy:  0.6421 Epoch DTA Trans:  0.0059 Epoch DTA Phys:  0.0066 Epoch DTA Preserve:  0.0050
DTA_GATE_RAMP epoch=12 gate_limit=0.060000
Time:  0.0863 Epoch: 012 Iter:   50/ 600 LR: 0.0000473670 Loss content:  0.0170 Loss fft:  0.7944 Loss dta_rank:  0.0000 Loss dta_tv:  0.0289 Loss dta_proxy:  0.6441 Loss dta_trans:  0.0054 Loss dta_phys:  0.0066 Loss dta_preserve:  0.0050
Time:  0.0801 Epoch: 012 Iter:  100/ 600 LR: 0.0000473670 Loss content:  0.0170 Loss fft:  0.8065 Loss dta_rank:  0.0000 Loss dta_tv:  0.0286 Loss dta_proxy:  0.6407 Loss dta_trans:  0.0066 Loss dta_phys:  0.0073 Loss dta_preserve:  0.0054
Time:  0.0757 Epoch: 012 Iter:  150/ 600 LR: 0.0000473670 Loss content:  0.0180 Loss fft:  0.8558 Loss dta_rank:  0.0000 Loss dta_tv:  0.0287 Loss dta_proxy:  0.6470 Loss dta_trans:  0.0053 Loss dta_phys:  0.0063 Loss dta_preserve:  0.0052
Time:  0.0761 Epoch: 012 Iter:  200/ 600 LR: 0.0000473670 Loss content:  0.0171 Loss fft:  0.8297 Loss dta_rank:  0.0000 Loss dta_tv:  0.0292 Loss dta_proxy:  0.6172 Loss dta_trans:  0.0054 Loss dta_phys:  0.0060 Loss dta_preserve:  0.0055
Time:  0.0782 Epoch: 012 Iter:  250/ 600 LR: 0.0000473670 Loss content:  0.0172 Loss fft:  0.8184 Loss dta_rank:  0.0000 Loss dta_tv:  0.0289 Loss dta_proxy:  0.6445 Loss dta_trans:  0.0057 Loss dta_phys:  0.0064 Loss dta_preserve:  0.0051
Time:  0.0756 Epoch: 012 Iter:  300/ 600 LR: 0.0000473670 Loss content:  0.0166 Loss fft:  0.8127 Loss dta_rank:  0.0000 Loss dta_tv:  0.0283 Loss dta_proxy:  0.6357 Loss dta_trans:  0.0052 Loss dta_phys:  0.0063 Loss dta_preserve:  0.0043
Time:  0.0764 Epoch: 012 Iter:  350/ 600 LR: 0.0000473670 Loss content:  0.0173 Loss fft:  0.8160 Loss dta_rank:  0.0000 Loss dta_tv:  0.0285 Loss dta_proxy:  0.6333 Loss dta_trans:  0.0051 Loss dta_phys:  0.0066 Loss dta_preserve:  0.0050
Time:  0.0784 Epoch: 012 Iter:  400/ 600 LR: 0.0000473670 Loss content:  0.0173 Loss fft:  0.7989 Loss dta_rank:  0.0000 Loss dta_tv:  0.0284 Loss dta_proxy:  0.6378 Loss dta_trans:  0.0056 Loss dta_phys:  0.0066 Loss dta_preserve:  0.0049
Time:  0.0783 Epoch: 012 Iter:  450/ 600 LR: 0.0000473670 Loss content:  0.0170 Loss fft:  0.8129 Loss dta_rank:  0.0000 Loss dta_tv:  0.0281 Loss dta_proxy:  0.6275 Loss dta_trans:  0.0064 Loss dta_phys:  0.0060 Loss dta_preserve:  0.0055
Time:  0.0775 Epoch: 012 Iter:  500/ 600 LR: 0.0000473670 Loss content:  0.0172 Loss fft:  0.8158 Loss dta_rank:  0.0000 Loss dta_tv:  0.0293 Loss dta_proxy:  0.6425 Loss dta_trans:  0.0065 Loss dta_phys:  0.0067 Loss dta_preserve:  0.0047
Time:  0.0755 Epoch: 012 Iter:  550/ 600 LR: 0.0000473670 Loss content:  0.0175 Loss fft:  0.8369 Loss dta_rank:  0.0000 Loss dta_tv:  0.0296 Loss dta_proxy:  0.6313 Loss dta_trans:  0.0062 Loss dta_phys:  0.0066 Loss dta_preserve:  0.0046
Time:  0.0778 Epoch: 012 Iter:  600/ 600 LR: 0.0000473670 Loss content:  0.0174 Loss fft:  0.8317 Loss dta_rank:  0.0000 Loss dta_tv:  0.0282 Loss dta_proxy:  0.6569 Loss dta_trans:  0.0056 Loss dta_phys:  0.0076 Loss dta_preserve:  0.0057
EPOCH: 12
Elapsed time: 0.94 Epoch Pixel Loss:  0.0172 Epoch FFT Loss:  0.8191 Epoch DTA Rank:  0.0000 Epoch DTA TV:  0.0287 Epoch DTA Proxy:  0.6382 Epoch DTA Trans:  0.0057 Epoch DTA Phys:  0.0066 Epoch DTA Preserve:  0.0051
DTA_GATE_RAMP epoch=13 gate_limit=0.060000
Time:  0.0881 Epoch: 013 Iter:   50/ 600 LR: 0.0000383414 Loss content:  0.0176 Loss fft:  0.8125 Loss dta_rank:  0.0000 Loss dta_tv:  0.0280 Loss dta_proxy:  0.6687 Loss dta_trans:  0.0061 Loss dta_phys:  0.0075 Loss dta_preserve:  0.0058
Time:  0.0757 Epoch: 013 Iter:  100/ 600 LR: 0.0000383414 Loss content:  0.0173 Loss fft:  0.8266 Loss dta_rank:  0.0000 Loss dta_tv:  0.0286 Loss dta_proxy:  0.6460 Loss dta_trans:  0.0060 Loss dta_phys:  0.0066 Loss dta_preserve:  0.0048
Time:  0.0739 Epoch: 013 Iter:  150/ 600 LR: 0.0000383414 Loss content:  0.0165 Loss fft:  0.8018 Loss dta_rank:  0.0000 Loss dta_tv:  0.0281 Loss dta_proxy:  0.6550 Loss dta_trans:  0.0053 Loss dta_phys:  0.0064 Loss dta_preserve:  0.0046
Time:  0.0756 Epoch: 013 Iter:  200/ 600 LR: 0.0000383414 Loss content:  0.0170 Loss fft:  0.8409 Loss dta_rank:  0.0000 Loss dta_tv:  0.0284 Loss dta_proxy:  0.6620 Loss dta_trans:  0.0055 Loss dta_phys:  0.0070 Loss dta_preserve:  0.0057
Time:  0.0772 Epoch: 013 Iter:  250/ 600 LR: 0.0000383414 Loss content:  0.0172 Loss fft:  0.8403 Loss dta_rank:  0.0000 Loss dta_tv:  0.0294 Loss dta_proxy:  0.6148 Loss dta_trans:  0.0060 Loss dta_phys:  0.0063 Loss dta_preserve:  0.0065
Time:  0.0778 Epoch: 013 Iter:  300/ 600 LR: 0.0000383414 Loss content:  0.0168 Loss fft:  0.8261 Loss dta_rank:  0.0000 Loss dta_tv:  0.0298 Loss dta_proxy:  0.6225 Loss dta_trans:  0.0054 Loss dta_phys:  0.0067 Loss dta_preserve:  0.0053
Time:  0.0710 Epoch: 013 Iter:  350/ 600 LR: 0.0000383414 Loss content:  0.0168 Loss fft:  0.8307 Loss dta_rank:  0.0000 Loss dta_tv:  0.0299 Loss dta_proxy:  0.6261 Loss dta_trans:  0.0061 Loss dta_phys:  0.0062 Loss dta_preserve:  0.0056
Time:  0.0755 Epoch: 013 Iter:  400/ 600 LR: 0.0000383414 Loss content:  0.0169 Loss fft:  0.8049 Loss dta_rank:  0.0000 Loss dta_tv:  0.0281 Loss dta_proxy:  0.6355 Loss dta_trans:  0.0064 Loss dta_phys:  0.0062 Loss dta_preserve:  0.0047
Time:  0.0854 Epoch: 013 Iter:  450/ 600 LR: 0.0000383414 Loss content:  0.0173 Loss fft:  0.8155 Loss dta_rank:  0.0000 Loss dta_tv:  0.0280 Loss dta_proxy:  0.6568 Loss dta_trans:  0.0048 Loss dta_phys:  0.0066 Loss dta_preserve:  0.0064
Time:  0.0776 Epoch: 013 Iter:  500/ 600 LR: 0.0000383414 Loss content:  0.0175 Loss fft:  0.8306 Loss dta_rank:  0.0000 Loss dta_tv:  0.0290 Loss dta_proxy:  0.6383 Loss dta_trans:  0.0064 Loss dta_phys:  0.0065 Loss dta_preserve:  0.0051
Time:  0.0794 Epoch: 013 Iter:  550/ 600 LR: 0.0000383414 Loss content:  0.0170 Loss fft:  0.8086 Loss dta_rank:  0.0000 Loss dta_tv:  0.0285 Loss dta_proxy:  0.6472 Loss dta_trans:  0.0051 Loss dta_phys:  0.0064 Loss dta_preserve:  0.0054
Time:  0.0761 Epoch: 013 Iter:  600/ 600 LR: 0.0000383414 Loss content:  0.0181 Loss fft:  0.8320 Loss dta_rank:  0.0000 Loss dta_tv:  0.0282 Loss dta_proxy:  0.6499 Loss dta_trans:  0.0053 Loss dta_phys:  0.0079 Loss dta_preserve:  0.0053
EPOCH: 13
Elapsed time: 0.94 Epoch Pixel Loss:  0.0172 Epoch FFT Loss:  0.8225 Epoch DTA Rank:  0.0000 Epoch DTA TV:  0.0287 Epoch DTA Proxy:  0.6436 Epoch DTA Trans:  0.0057 Epoch DTA Phys:  0.0067 Epoch DTA Preserve:  0.0054
DTA_GATE_RAMP epoch=14 gate_limit=0.060000
Time:  0.0831 Epoch: 014 Iter:   50/ 600 LR: 0.0000297690 Loss content:  0.0169 Loss fft:  0.8306 Loss dta_rank:  0.0000 Loss dta_tv:  0.0294 Loss dta_proxy:  0.6206 Loss dta_trans:  0.0059 Loss dta_phys:  0.0061 Loss dta_preserve:  0.0053
Time:  0.0758 Epoch: 014 Iter:  100/ 600 LR: 0.0000297690 Loss content:  0.0172 Loss fft:  0.8189 Loss dta_rank:  0.0000 Loss dta_tv:  0.0289 Loss dta_proxy:  0.6431 Loss dta_trans:  0.0057 Loss dta_phys:  0.0063 Loss dta_preserve:  0.0046
Time:  0.0754 Epoch: 014 Iter:  150/ 600 LR: 0.0000297690 Loss content:  0.0165 Loss fft:  0.8107 Loss dta_rank:  0.0000 Loss dta_tv:  0.0289 Loss dta_proxy:  0.6364 Loss dta_trans:  0.0056 Loss dta_phys:  0.0073 Loss dta_preserve:  0.0057
Time:  0.0775 Epoch: 014 Iter:  200/ 600 LR: 0.0000297690 Loss content:  0.0174 Loss fft:  0.8377 Loss dta_rank:  0.0000 Loss dta_tv:  0.0283 Loss dta_proxy:  0.6323 Loss dta_trans:  0.0055 Loss dta_phys:  0.0059 Loss dta_preserve:  0.0056
Time:  0.0757 Epoch: 014 Iter:  250/ 600 LR: 0.0000297690 Loss content:  0.0164 Loss fft:  0.8152 Loss dta_rank:  0.0000 Loss dta_tv:  0.0290 Loss dta_proxy:  0.6133 Loss dta_trans:  0.0060 Loss dta_phys:  0.0063 Loss dta_preserve:  0.0039
Time:  0.0761 Epoch: 014 Iter:  300/ 600 LR: 0.0000297690 Loss content:  0.0173 Loss fft:  0.8146 Loss dta_rank:  0.0000 Loss dta_tv:  0.0282 Loss dta_proxy:  0.6392 Loss dta_trans:  0.0050 Loss dta_phys:  0.0065 Loss dta_preserve:  0.0050
Time:  0.0762 Epoch: 014 Iter:  350/ 600 LR: 0.0000297690 Loss content:  0.0169 Loss fft:  0.8086 Loss dta_rank:  0.0000 Loss dta_tv:  0.0291 Loss dta_proxy:  0.6357 Loss dta_trans:  0.0060 Loss dta_phys:  0.0074 Loss dta_preserve:  0.0047
Time:  0.0742 Epoch: 014 Iter:  400/ 600 LR: 0.0000297690 Loss content:  0.0175 Loss fft:  0.8360 Loss dta_rank:  0.0000 Loss dta_tv:  0.0281 Loss dta_proxy:  0.6665 Loss dta_trans:  0.0050 Loss dta_phys:  0.0069 Loss dta_preserve:  0.0046
Time:  0.0762 Epoch: 014 Iter:  450/ 600 LR: 0.0000297690 Loss content:  0.0173 Loss fft:  0.8269 Loss dta_rank:  0.0000 Loss dta_tv:  0.0281 Loss dta_proxy:  0.6503 Loss dta_trans:  0.0062 Loss dta_phys:  0.0068 Loss dta_preserve:  0.0052
Time:  0.0795 Epoch: 014 Iter:  500/ 600 LR: 0.0000297690 Loss content:  0.0175 Loss fft:  0.8327 Loss dta_rank:  0.0000 Loss dta_tv:  0.0280 Loss dta_proxy:  0.6510 Loss dta_trans:  0.0050 Loss dta_phys:  0.0063 Loss dta_preserve:  0.0053
Time:  0.0782 Epoch: 014 Iter:  550/ 600 LR: 0.0000297690 Loss content:  0.0176 Loss fft:  0.8300 Loss dta_rank:  0.0000 Loss dta_tv:  0.0286 Loss dta_proxy:  0.6550 Loss dta_trans:  0.0064 Loss dta_phys:  0.0073 Loss dta_preserve:  0.0041
Time:  0.0781 Epoch: 014 Iter:  600/ 600 LR: 0.0000297690 Loss content:  0.0172 Loss fft:  0.8017 Loss dta_rank:  0.0000 Loss dta_tv:  0.0278 Loss dta_proxy:  0.6610 Loss dta_trans:  0.0063 Loss dta_phys:  0.0064 Loss dta_preserve:  0.0050
EPOCH: 14
Elapsed time: 0.93 Epoch Pixel Loss:  0.0171 Epoch FFT Loss:  0.8220 Epoch DTA Rank:  0.0000 Epoch DTA TV:  0.0285 Epoch DTA Proxy:  0.6420 Epoch DTA Trans:  0.0057 Epoch DTA Phys:  0.0066 Epoch DTA Preserve:  0.0049
DTA_GATE_RAMP epoch=15 gate_limit=0.060000
Time:  0.0792 Epoch: 015 Iter:   50/ 600 LR: 0.0000219361 Loss content:  0.0179 Loss fft:  0.8246 Loss dta_rank:  0.0000 Loss dta_tv:  0.0280 Loss dta_proxy:  0.6493 Loss dta_trans:  0.0060 Loss dta_phys:  0.0071 Loss dta_preserve:  0.0046
Time:  0.0782 Epoch: 015 Iter:  100/ 600 LR: 0.0000219361 Loss content:  0.0171 Loss fft:  0.8150 Loss dta_rank:  0.0000 Loss dta_tv:  0.0284 Loss dta_proxy:  0.6391 Loss dta_trans:  0.0047 Loss dta_phys:  0.0067 Loss dta_preserve:  0.0059
Time:  0.0778 Epoch: 015 Iter:  150/ 600 LR: 0.0000219361 Loss content:  0.0179 Loss fft:  0.8707 Loss dta_rank:  0.0000 Loss dta_tv:  0.0283 Loss dta_proxy:  0.6465 Loss dta_trans:  0.0054 Loss dta_phys:  0.0059 Loss dta_preserve:  0.0059
Time:  0.0773 Epoch: 015 Iter:  200/ 600 LR: 0.0000219361 Loss content:  0.0165 Loss fft:  0.7890 Loss dta_rank:  0.0000 Loss dta_tv:  0.0288 Loss dta_proxy:  0.6292 Loss dta_trans:  0.0071 Loss dta_phys:  0.0057 Loss dta_preserve:  0.0056
Time:  0.0762 Epoch: 015 Iter:  250/ 600 LR: 0.0000219361 Loss content:  0.0173 Loss fft:  0.8325 Loss dta_rank:  0.0000 Loss dta_tv:  0.0290 Loss dta_proxy:  0.6428 Loss dta_trans:  0.0052 Loss dta_phys:  0.0066 Loss dta_preserve:  0.0042
Time:  0.0734 Epoch: 015 Iter:  300/ 600 LR: 0.0000219361 Loss content:  0.0172 Loss fft:  0.8288 Loss dta_rank:  0.0000 Loss dta_tv:  0.0284 Loss dta_proxy:  0.6432 Loss dta_trans:  0.0065 Loss dta_phys:  0.0071 Loss dta_preserve:  0.0070
Time:  0.0733 Epoch: 015 Iter:  350/ 600 LR: 0.0000219361 Loss content:  0.0169 Loss fft:  0.8312 Loss dta_rank:  0.0000 Loss dta_tv:  0.0278 Loss dta_proxy:  0.6670 Loss dta_trans:  0.0045 Loss dta_phys:  0.0070 Loss dta_preserve:  0.0048
Time:  0.0715 Epoch: 015 Iter:  400/ 600 LR: 0.0000219361 Loss content:  0.0173 Loss fft:  0.8567 Loss dta_rank:  0.0000 Loss dta_tv:  0.0292 Loss dta_proxy:  0.6309 Loss dta_trans:  0.0054 Loss dta_phys:  0.0060 Loss dta_preserve:  0.0059
Time:  0.0633 Epoch: 015 Iter:  450/ 600 LR: 0.0000219361 Loss content:  0.0174 Loss fft:  0.7915 Loss dta_rank:  0.0000 Loss dta_tv:  0.0286 Loss dta_proxy:  0.6308 Loss dta_trans:  0.0063 Loss dta_phys:  0.0075 Loss dta_preserve:  0.0055
Time:  0.0628 Epoch: 015 Iter:  500/ 600 LR: 0.0000219361 Loss content:  0.0176 Loss fft:  0.8162 Loss dta_rank:  0.0000 Loss dta_tv:  0.0291 Loss dta_proxy:  0.6336 Loss dta_trans:  0.0063 Loss dta_phys:  0.0069 Loss dta_preserve:  0.0078
Time:  0.0715 Epoch: 015 Iter:  550/ 600 LR: 0.0000219361 Loss content:  0.0169 Loss fft:  0.8368 Loss dta_rank:  0.0000 Loss dta_tv:  0.0288 Loss dta_proxy:  0.6617 Loss dta_trans:  0.0049 Loss dta_phys:  0.0071 Loss dta_preserve:  0.0059
Time:  0.0694 Epoch: 015 Iter:  600/ 600 LR: 0.0000219361 Loss content:  0.0171 Loss fft:  0.8039 Loss dta_rank:  0.0000 Loss dta_tv:  0.0287 Loss dta_proxy:  0.6346 Loss dta_trans:  0.0052 Loss dta_phys:  0.0066 Loss dta_preserve:  0.0048
EPOCH: 15
Elapsed time: 0.88 Epoch Pixel Loss:  0.0173 Epoch FFT Loss:  0.8247 Epoch DTA Rank:  0.0000 Epoch DTA TV:  0.0286 Epoch DTA Proxy:  0.6424 Epoch DTA Trans:  0.0056 Epoch DTA Phys:  0.0067 Epoch DTA Preserve:  0.0057
DTA_GATE_RAMP epoch=16 gate_limit=0.060000
Time:  0.0821 Epoch: 016 Iter:   50/ 600 LR: 0.0000151017 Loss content:  0.0168 Loss fft:  0.8243 Loss dta_rank:  0.0000 Loss dta_tv:  0.0285 Loss dta_proxy:  0.6379 Loss dta_trans:  0.0054 Loss dta_phys:  0.0070 Loss dta_preserve:  0.0050
Time:  0.0776 Epoch: 016 Iter:  100/ 600 LR: 0.0000151017 Loss content:  0.0175 Loss fft:  0.8329 Loss dta_rank:  0.0000 Loss dta_tv:  0.0278 Loss dta_proxy:  0.6433 Loss dta_trans:  0.0048 Loss dta_phys:  0.0063 Loss dta_preserve:  0.0056
Time:  0.0782 Epoch: 016 Iter:  150/ 600 LR: 0.0000151017 Loss content:  0.0172 Loss fft:  0.8118 Loss dta_rank:  0.0000 Loss dta_tv:  0.0294 Loss dta_proxy:  0.6356 Loss dta_trans:  0.0058 Loss dta_phys:  0.0063 Loss dta_preserve:  0.0060
Time:  0.0815 Epoch: 016 Iter:  200/ 600 LR: 0.0000151017 Loss content:  0.0173 Loss fft:  0.8212 Loss dta_rank:  0.0000 Loss dta_tv:  0.0283 Loss dta_proxy:  0.6486 Loss dta_trans:  0.0056 Loss dta_phys:  0.0067 Loss dta_preserve:  0.0061
Time:  0.0784 Epoch: 016 Iter:  250/ 600 LR: 0.0000151017 Loss content:  0.0173 Loss fft:  0.8545 Loss dta_rank:  0.0000 Loss dta_tv:  0.0287 Loss dta_proxy:  0.6474 Loss dta_trans:  0.0049 Loss dta_phys:  0.0062 Loss dta_preserve:  0.0058
Time:  0.0787 Epoch: 016 Iter:  300/ 600 LR: 0.0000151017 Loss content:  0.0172 Loss fft:  0.8136 Loss dta_rank:  0.0000 Loss dta_tv:  0.0288 Loss dta_proxy:  0.6408 Loss dta_trans:  0.0064 Loss dta_phys:  0.0072 Loss dta_preserve:  0.0049
Time:  0.0755 Epoch: 016 Iter:  350/ 600 LR: 0.0000151017 Loss content:  0.0179 Loss fft:  0.8388 Loss dta_rank:  0.0000 Loss dta_tv:  0.0288 Loss dta_proxy:  0.6312 Loss dta_trans:  0.0060 Loss dta_phys:  0.0067 Loss dta_preserve:  0.0054
Time:  0.0766 Epoch: 016 Iter:  400/ 600 LR: 0.0000151017 Loss content:  0.0163 Loss fft:  0.8227 Loss dta_rank:  0.0000 Loss dta_tv:  0.0287 Loss dta_proxy:  0.6404 Loss dta_trans:  0.0052 Loss dta_phys:  0.0068 Loss dta_preserve:  0.0045
Time:  0.0753 Epoch: 016 Iter:  450/ 600 LR: 0.0000151017 Loss content:  0.0172 Loss fft:  0.8038 Loss dta_rank:  0.0000 Loss dta_tv:  0.0284 Loss dta_proxy:  0.6372 Loss dta_trans:  0.0055 Loss dta_phys:  0.0064 Loss dta_preserve:  0.0048
Time:  0.0726 Epoch: 016 Iter:  500/ 600 LR: 0.0000151017 Loss content:  0.0172 Loss fft:  0.8022 Loss dta_rank:  0.0000 Loss dta_tv:  0.0287 Loss dta_proxy:  0.6403 Loss dta_trans:  0.0062 Loss dta_phys:  0.0068 Loss dta_preserve:  0.0063
Time:  0.0771 Epoch: 016 Iter:  550/ 600 LR: 0.0000151017 Loss content:  0.0175 Loss fft:  0.8131 Loss dta_rank:  0.0000 Loss dta_tv:  0.0280 Loss dta_proxy:  0.6577 Loss dta_trans:  0.0057 Loss dta_phys:  0.0075 Loss dta_preserve:  0.0055
Time:  0.0739 Epoch: 016 Iter:  600/ 600 LR: 0.0000151017 Loss content:  0.0170 Loss fft:  0.8207 Loss dta_rank:  0.0000 Loss dta_tv:  0.0282 Loss dta_proxy:  0.6322 Loss dta_trans:  0.0063 Loss dta_phys:  0.0064 Loss dta_preserve:  0.0049
EPOCH: 16
Elapsed time: 0.93 Epoch Pixel Loss:  0.0172 Epoch FFT Loss:  0.8216 Epoch DTA Rank:  0.0000 Epoch DTA TV:  0.0285 Epoch DTA Proxy:  0.6410 Epoch DTA Trans:  0.0056 Epoch DTA Phys:  0.0067 Epoch DTA Preserve:  0.0054
DTA_GATE_RAMP epoch=17 gate_limit=0.060000
Time:  0.0787 Epoch: 017 Iter:   50/ 600 LR: 0.0000094853 Loss content:  0.0172 Loss fft:  0.8246 Loss dta_rank:  0.0000 Loss dta_tv:  0.0282 Loss dta_proxy:  0.6423 Loss dta_trans:  0.0049 Loss dta_phys:  0.0065 Loss dta_preserve:  0.0046
Time:  0.0704 Epoch: 017 Iter:  100/ 600 LR: 0.0000094853 Loss content:  0.0171 Loss fft:  0.8283 Loss dta_rank:  0.0000 Loss dta_tv:  0.0284 Loss dta_proxy:  0.6466 Loss dta_trans:  0.0050 Loss dta_phys:  0.0059 Loss dta_preserve:  0.0053
Time:  0.0706 Epoch: 017 Iter:  150/ 600 LR: 0.0000094853 Loss content:  0.0174 Loss fft:  0.8048 Loss dta_rank:  0.0000 Loss dta_tv:  0.0278 Loss dta_proxy:  0.6463 Loss dta_trans:  0.0062 Loss dta_phys:  0.0070 Loss dta_preserve:  0.0048
Time:  0.0757 Epoch: 017 Iter:  200/ 600 LR: 0.0000094853 Loss content:  0.0173 Loss fft:  0.8134 Loss dta_rank:  0.0000 Loss dta_tv:  0.0290 Loss dta_proxy:  0.6338 Loss dta_trans:  0.0055 Loss dta_phys:  0.0067 Loss dta_preserve:  0.0052
Time:  0.0757 Epoch: 017 Iter:  250/ 600 LR: 0.0000094853 Loss content:  0.0179 Loss fft:  0.8155 Loss dta_rank:  0.0000 Loss dta_tv:  0.0287 Loss dta_proxy:  0.6389 Loss dta_trans:  0.0052 Loss dta_phys:  0.0063 Loss dta_preserve:  0.0039
Time:  0.0749 Epoch: 017 Iter:  300/ 600 LR: 0.0000094853 Loss content:  0.0172 Loss fft:  0.8290 Loss dta_rank:  0.0000 Loss dta_tv:  0.0284 Loss dta_proxy:  0.6333 Loss dta_trans:  0.0053 Loss dta_phys:  0.0062 Loss dta_preserve:  0.0056
Time:  0.0782 Epoch: 017 Iter:  350/ 600 LR: 0.0000094853 Loss content:  0.0177 Loss fft:  0.8346 Loss dta_rank:  0.0000 Loss dta_tv:  0.0293 Loss dta_proxy:  0.6335 Loss dta_trans:  0.0059 Loss dta_phys:  0.0067 Loss dta_preserve:  0.0048
Time:  0.0770 Epoch: 017 Iter:  400/ 600 LR: 0.0000094853 Loss content:  0.0164 Loss fft:  0.8099 Loss dta_rank:  0.0000 Loss dta_tv:  0.0285 Loss dta_proxy:  0.6207 Loss dta_trans:  0.0056 Loss dta_phys:  0.0068 Loss dta_preserve:  0.0050
Time:  0.0794 Epoch: 017 Iter:  450/ 600 LR: 0.0000094853 Loss content:  0.0166 Loss fft:  0.8198 Loss dta_rank:  0.0000 Loss dta_tv:  0.0284 Loss dta_proxy:  0.6479 Loss dta_trans:  0.0056 Loss dta_phys:  0.0069 Loss dta_preserve:  0.0046
Time:  0.0816 Epoch: 017 Iter:  500/ 600 LR: 0.0000094853 Loss content:  0.0178 Loss fft:  0.8211 Loss dta_rank:  0.0000 Loss dta_tv:  0.0283 Loss dta_proxy:  0.6515 Loss dta_trans:  0.0060 Loss dta_phys:  0.0065 Loss dta_preserve:  0.0052
Time:  0.0756 Epoch: 017 Iter:  550/ 600 LR: 0.0000094853 Loss content:  0.0176 Loss fft:  0.8173 Loss dta_rank:  0.0000 Loss dta_tv:  0.0287 Loss dta_proxy:  0.6411 Loss dta_trans:  0.0056 Loss dta_phys:  0.0069 Loss dta_preserve:  0.0052
Time:  0.0752 Epoch: 017 Iter:  600/ 600 LR: 0.0000094853 Loss content:  0.0173 Loss fft:  0.8259 Loss dta_rank:  0.0000 Loss dta_tv:  0.0287 Loss dta_proxy:  0.6422 Loss dta_trans:  0.0051 Loss dta_phys:  0.0063 Loss dta_preserve:  0.0053
EPOCH: 17
Elapsed time: 0.92 Epoch Pixel Loss:  0.0173 Epoch FFT Loss:  0.8204 Epoch DTA Rank:  0.0000 Epoch DTA TV:  0.0285 Epoch DTA Proxy:  0.6399 Epoch DTA Trans:  0.0055 Epoch DTA Phys:  0.0066 Epoch DTA Preserve:  0.0050
DTA_GATE_RAMP epoch=18 gate_limit=0.060000
Time:  0.0813 Epoch: 018 Iter:   50/ 600 LR: 0.0000052550 Loss content:  0.0173 Loss fft:  0.8022 Loss dta_rank:  0.0000 Loss dta_tv:  0.0282 Loss dta_proxy:  0.6445 Loss dta_trans:  0.0065 Loss dta_phys:  0.0064 Loss dta_preserve:  0.0056
Time:  0.0773 Epoch: 018 Iter:  100/ 600 LR: 0.0000052550 Loss content:  0.0180 Loss fft:  0.7960 Loss dta_rank:  0.0000 Loss dta_tv:  0.0282 Loss dta_proxy:  0.6511 Loss dta_trans:  0.0058 Loss dta_phys:  0.0073 Loss dta_preserve:  0.0052
Time:  0.0772 Epoch: 018 Iter:  150/ 600 LR: 0.0000052550 Loss content:  0.0178 Loss fft:  0.8496 Loss dta_rank:  0.0000 Loss dta_tv:  0.0289 Loss dta_proxy:  0.6463 Loss dta_trans:  0.0052 Loss dta_phys:  0.0068 Loss dta_preserve:  0.0055
Time:  0.0749 Epoch: 018 Iter:  200/ 600 LR: 0.0000052550 Loss content:  0.0169 Loss fft:  0.7976 Loss dta_rank:  0.0000 Loss dta_tv:  0.0286 Loss dta_proxy:  0.6326 Loss dta_trans:  0.0052 Loss dta_phys:  0.0064 Loss dta_preserve:  0.0051
Time:  0.0775 Epoch: 018 Iter:  250/ 600 LR: 0.0000052550 Loss content:  0.0171 Loss fft:  0.8170 Loss dta_rank:  0.0000 Loss dta_tv:  0.0290 Loss dta_proxy:  0.6316 Loss dta_trans:  0.0054 Loss dta_phys:  0.0065 Loss dta_preserve:  0.0048
Time:  0.0805 Epoch: 018 Iter:  300/ 600 LR: 0.0000052550 Loss content:  0.0170 Loss fft:  0.8352 Loss dta_rank:  0.0000 Loss dta_tv:  0.0285 Loss dta_proxy:  0.6387 Loss dta_trans:  0.0055 Loss dta_phys:  0.0066 Loss dta_preserve:  0.0055
Time:  0.0769 Epoch: 018 Iter:  350/ 600 LR: 0.0000052550 Loss content:  0.0176 Loss fft:  0.8141 Loss dta_rank:  0.0000 Loss dta_tv:  0.0280 Loss dta_proxy:  0.6561 Loss dta_trans:  0.0057 Loss dta_phys:  0.0066 Loss dta_preserve:  0.0062
Time:  0.0723 Epoch: 018 Iter:  400/ 600 LR: 0.0000052550 Loss content:  0.0175 Loss fft:  0.8138 Loss dta_rank:  0.0000 Loss dta_tv:  0.0281 Loss dta_proxy:  0.6524 Loss dta_trans:  0.0060 Loss dta_phys:  0.0069 Loss dta_preserve:  0.0054
Time:  0.0717 Epoch: 018 Iter:  450/ 600 LR: 0.0000052550 Loss content:  0.0168 Loss fft:  0.8248 Loss dta_rank:  0.0000 Loss dta_tv:  0.0285 Loss dta_proxy:  0.6174 Loss dta_trans:  0.0055 Loss dta_phys:  0.0062 Loss dta_preserve:  0.0048
Time:  0.0698 Epoch: 018 Iter:  500/ 600 LR: 0.0000052550 Loss content:  0.0174 Loss fft:  0.8203 Loss dta_rank:  0.0000 Loss dta_tv:  0.0283 Loss dta_proxy:  0.6397 Loss dta_trans:  0.0054 Loss dta_phys:  0.0065 Loss dta_preserve:  0.0049
Time:  0.0766 Epoch: 018 Iter:  550/ 600 LR: 0.0000052550 Loss content:  0.0175 Loss fft:  0.8657 Loss dta_rank:  0.0000 Loss dta_tv:  0.0289 Loss dta_proxy:  0.6264 Loss dta_trans:  0.0055 Loss dta_phys:  0.0068 Loss dta_preserve:  0.0046
Time:  0.0746 Epoch: 018 Iter:  600/ 600 LR: 0.0000052550 Loss content:  0.0172 Loss fft:  0.8373 Loss dta_rank:  0.0000 Loss dta_tv:  0.0287 Loss dta_proxy:  0.6197 Loss dta_trans:  0.0052 Loss dta_phys:  0.0060 Loss dta_preserve:  0.0049
EPOCH: 18
Elapsed time: 0.91 Epoch Pixel Loss:  0.0174 Epoch FFT Loss:  0.8228 Epoch DTA Rank:  0.0000 Epoch DTA TV:  0.0285 Epoch DTA Proxy:  0.6380 Epoch DTA Trans:  0.0056 Epoch DTA Phys:  0.0066 Epoch DTA Preserve:  0.0052
DTA_GATE_RAMP epoch=19 gate_limit=0.060000
Time:  0.0809 Epoch: 019 Iter:   50/ 600 LR: 0.0000025070 Loss content:  0.0165 Loss fft:  0.8136 Loss dta_rank:  0.0000 Loss dta_tv:  0.0286 Loss dta_proxy:  0.6434 Loss dta_trans:  0.0058 Loss dta_phys:  0.0070 Loss dta_preserve:  0.0037
Time:  0.0749 Epoch: 019 Iter:  100/ 600 LR: 0.0000025070 Loss content:  0.0169 Loss fft:  0.8225 Loss dta_rank:  0.0000 Loss dta_tv:  0.0292 Loss dta_proxy:  0.6252 Loss dta_trans:  0.0060 Loss dta_phys:  0.0067 Loss dta_preserve:  0.0050
Time:  0.0780 Epoch: 019 Iter:  150/ 600 LR: 0.0000025070 Loss content:  0.0171 Loss fft:  0.8021 Loss dta_rank:  0.0000 Loss dta_tv:  0.0285 Loss dta_proxy:  0.6315 Loss dta_trans:  0.0062 Loss dta_phys:  0.0069 Loss dta_preserve:  0.0050
Time:  0.0758 Epoch: 019 Iter:  200/ 600 LR: 0.0000025070 Loss content:  0.0172 Loss fft:  0.8321 Loss dta_rank:  0.0000 Loss dta_tv:  0.0284 Loss dta_proxy:  0.6511 Loss dta_trans:  0.0060 Loss dta_phys:  0.0067 Loss dta_preserve:  0.0043
Time:  0.0758 Epoch: 019 Iter:  250/ 600 LR: 0.0000025070 Loss content:  0.0179 Loss fft:  0.8510 Loss dta_rank:  0.0000 Loss dta_tv:  0.0278 Loss dta_proxy:  0.6424 Loss dta_trans:  0.0062 Loss dta_phys:  0.0067 Loss dta_preserve:  0.0062
Time:  0.0697 Epoch: 019 Iter:  300/ 600 LR: 0.0000025070 Loss content:  0.0171 Loss fft:  0.8095 Loss dta_rank:  0.0000 Loss dta_tv:  0.0284 Loss dta_proxy:  0.6379 Loss dta_trans:  0.0056 Loss dta_phys:  0.0065 Loss dta_preserve:  0.0047
Time:  0.0756 Epoch: 019 Iter:  350/ 600 LR: 0.0000025070 Loss content:  0.0175 Loss fft:  0.8378 Loss dta_rank:  0.0000 Loss dta_tv:  0.0282 Loss dta_proxy:  0.6467 Loss dta_trans:  0.0058 Loss dta_phys:  0.0071 Loss dta_preserve:  0.0044
Time:  0.0738 Epoch: 019 Iter:  400/ 600 LR: 0.0000025070 Loss content:  0.0173 Loss fft:  0.8313 Loss dta_rank:  0.0000 Loss dta_tv:  0.0289 Loss dta_proxy:  0.6376 Loss dta_trans:  0.0049 Loss dta_phys:  0.0069 Loss dta_preserve:  0.0040
Time:  0.0782 Epoch: 019 Iter:  450/ 600 LR: 0.0000025070 Loss content:  0.0162 Loss fft:  0.8042 Loss dta_rank:  0.0000 Loss dta_tv:  0.0287 Loss dta_proxy:  0.6297 Loss dta_trans:  0.0056 Loss dta_phys:  0.0064 Loss dta_preserve:  0.0042
Time:  0.0779 Epoch: 019 Iter:  500/ 600 LR: 0.0000025070 Loss content:  0.0174 Loss fft:  0.8342 Loss dta_rank:  0.0000 Loss dta_tv:  0.0270 Loss dta_proxy:  0.6766 Loss dta_trans:  0.0047 Loss dta_phys:  0.0067 Loss dta_preserve:  0.0051
Time:  0.0746 Epoch: 019 Iter:  550/ 600 LR: 0.0000025070 Loss content:  0.0167 Loss fft:  0.8104 Loss dta_rank:  0.0000 Loss dta_tv:  0.0281 Loss dta_proxy:  0.6370 Loss dta_trans:  0.0049 Loss dta_phys:  0.0067 Loss dta_preserve:  0.0045
Time:  0.0768 Epoch: 019 Iter:  600/ 600 LR: 0.0000025070 Loss content:  0.0174 Loss fft:  0.8321 Loss dta_rank:  0.0000 Loss dta_tv:  0.0284 Loss dta_proxy:  0.6385 Loss dta_trans:  0.0053 Loss dta_phys:  0.0060 Loss dta_preserve:  0.0053
EPOCH: 19
Elapsed time: 0.92 Epoch Pixel Loss:  0.0171 Epoch FFT Loss:  0.8234 Epoch DTA Rank:  0.0000 Epoch DTA TV:  0.0284 Epoch DTA Proxy:  0.6415 Epoch DTA Trans:  0.0056 Epoch DTA Phys:  0.0067 Epoch DTA Preserve:  0.0047
DTA_GATE_RAMP epoch=20 gate_limit=0.060000
Time:  0.0795 Epoch: 020 Iter:   50/ 600 LR: 0.0000012125 Loss content:  0.0179 Loss fft:  0.8703 Loss dta_rank:  0.0000 Loss dta_tv:  0.0288 Loss dta_proxy:  0.6463 Loss dta_trans:  0.0060 Loss dta_phys:  0.0071 Loss dta_preserve:  0.0047
Time:  0.0743 Epoch: 020 Iter:  100/ 600 LR: 0.0000012125 Loss content:  0.0171 Loss fft:  0.8098 Loss dta_rank:  0.0000 Loss dta_tv:  0.0289 Loss dta_proxy:  0.6341 Loss dta_trans:  0.0051 Loss dta_phys:  0.0065 Loss dta_preserve:  0.0054
Time:  0.0752 Epoch: 020 Iter:  150/ 600 LR: 0.0000012125 Loss content:  0.0166 Loss fft:  0.8198 Loss dta_rank:  0.0000 Loss dta_tv:  0.0286 Loss dta_proxy:  0.6394 Loss dta_trans:  0.0047 Loss dta_phys:  0.0064 Loss dta_preserve:  0.0050
Time:  0.0748 Epoch: 020 Iter:  200/ 600 LR: 0.0000012125 Loss content:  0.0165 Loss fft:  0.7995 Loss dta_rank:  0.0000 Loss dta_tv:  0.0287 Loss dta_proxy:  0.6333 Loss dta_trans:  0.0051 Loss dta_phys:  0.0068 Loss dta_preserve:  0.0067
Time:  0.0719 Epoch: 020 Iter:  250/ 600 LR: 0.0000012125 Loss content:  0.0172 Loss fft:  0.8465 Loss dta_rank:  0.0000 Loss dta_tv:  0.0288 Loss dta_proxy:  0.6363 Loss dta_trans:  0.0051 Loss dta_phys:  0.0073 Loss dta_preserve:  0.0048
Time:  0.0794 Epoch: 020 Iter:  300/ 600 LR: 0.0000012125 Loss content:  0.0165 Loss fft:  0.8012 Loss dta_rank:  0.0000 Loss dta_tv:  0.0285 Loss dta_proxy:  0.6262 Loss dta_trans:  0.0065 Loss dta_phys:  0.0063 Loss dta_preserve:  0.0045
Time:  0.0728 Epoch: 020 Iter:  350/ 600 LR: 0.0000012125 Loss content:  0.0170 Loss fft:  0.8315 Loss dta_rank:  0.0000 Loss dta_tv:  0.0284 Loss dta_proxy:  0.6460 Loss dta_trans:  0.0050 Loss dta_phys:  0.0063 Loss dta_preserve:  0.0051
Time:  0.0722 Epoch: 020 Iter:  400/ 600 LR: 0.0000012125 Loss content:  0.0160 Loss fft:  0.7863 Loss dta_rank:  0.0000 Loss dta_tv:  0.0293 Loss dta_proxy:  0.6295 Loss dta_trans:  0.0053 Loss dta_phys:  0.0069 Loss dta_preserve:  0.0056
Time:  0.0763 Epoch: 020 Iter:  450/ 600 LR: 0.0000012125 Loss content:  0.0171 Loss fft:  0.8070 Loss dta_rank:  0.0000 Loss dta_tv:  0.0274 Loss dta_proxy:  0.6547 Loss dta_trans:  0.0063 Loss dta_phys:  0.0065 Loss dta_preserve:  0.0044
Time:  0.0744 Epoch: 020 Iter:  500/ 600 LR: 0.0000012125 Loss content:  0.0168 Loss fft:  0.8024 Loss dta_rank:  0.0000 Loss dta_tv:  0.0281 Loss dta_proxy:  0.6337 Loss dta_trans:  0.0058 Loss dta_phys:  0.0064 Loss dta_preserve:  0.0045
Time:  0.0745 Epoch: 020 Iter:  550/ 600 LR: 0.0000012125 Loss content:  0.0173 Loss fft:  0.8253 Loss dta_rank:  0.0000 Loss dta_tv:  0.0280 Loss dta_proxy:  0.6535 Loss dta_trans:  0.0060 Loss dta_phys:  0.0067 Loss dta_preserve:  0.0070
Time:  0.0727 Epoch: 020 Iter:  600/ 600 LR: 0.0000012125 Loss content:  0.0170 Loss fft:  0.8354 Loss dta_rank:  0.0000 Loss dta_tv:  0.0279 Loss dta_proxy:  0.6601 Loss dta_trans:  0.0054 Loss dta_phys:  0.0064 Loss dta_preserve:  0.0058
EPOCH: 20
Elapsed time: 0.90 Epoch Pixel Loss:  0.0169 Epoch FFT Loss:  0.8196 Epoch DTA Rank:  0.0000 Epoch DTA TV:  0.0284 Epoch DTA Proxy:  0.6411 Epoch DTA Trans:  0.0055 Epoch DTA Phys:  0.0066 Epoch DTA Preserve:  0.0053
