Namespace(model_name='ConvIR-Haze4K-DTA-v2-adapter_only-shuffle-seed3413-f0-oof20', data='Haze4K', version='base', fam_mode='original', arch='dta_v2', seed=3413, mode='train', data_dir='/sda/home/wangyuxin/ConvIR-B/datasets/Haze4K/Haze4K', batch_size=4, learning_rate=0.0001, weight_decay=0.0, num_epoch=20, stop_epoch=20, print_freq=50, num_worker=4, save_freq=5, valid_freq=9999, mod_stats_freq=5, mod_stats_batches=16, grad_clip_norm=0.001, dta_grad_clip_norm=0.05, dta_neighbor_grad_clip_norm=0.005, init_model='/sda/home/wangyuxin/ConvIR-B/checkpoints/official/Haze4K/haze4k-base.pkl', init_model_partial=True, partial_new_prefixes='DTA.', resume='', train_scope='adapter_only', dta_depth_cache_dir='/sda/home/wangyuxin/ConvIR-B/depth_cache/depth_anything_v2_small_hf', dta_train_depth_split='train', dta_eval_depth_split='train', valid_root_split='train', eval_root_split='test', dta_require_depth=True, dta_variant='v2', dta_depth_mode='shuffle', dta_prior_channels=32, dta_gate_bias=-6.0, dta_gate_limit=0.06, dta_gamma_limit=0.12, dta_beta_limit=0.06, dta_alpha_init=1.0, dta_confidence_floor=0.25, dta_confidence_local_scale=6.0, dta_output_residual_scale=0.03, dta_use_trans_gt=True, dta_trans_weight=0.02, dta_phys_weight=0.005, dta_preserve_weight=0.02, dta_preserve_trans_thresh=0.8, dta_gate_ramp_start=0.01, dta_gate_ramp_mid=0.03, dta_gate_ramp_end=0.06, dta_gate_ramp_warmup_epochs=2, dta_gate_ramp_mid_epochs=8, dta_rank_weight=0.001, dta_tv_weight=0.0001, dta_proxy_weight=0.0, dta_rank_pairs=512, dta_rank_min_depth_gap=0.03, split_json='/sda/home/wangyuxin/ConvIR-B/repos/ConvIR-B-dta-v2-calibrated/experience_docx/experiment_logs/haze4k_dta_v2_calibrated_20260611/dta_v2_haze4k_oof_splits_seed3407.json', split_name='fold0_train', test_model='', save_image=False, leaning_rate=0.0001, model_save_dir='results/ConvIR-Haze4K-DTA-v2-adapter_only-shuffle-seed3413-f0-oof20/Training-Results/', result_dir='results/ConvIR-Haze4K-DTA-v2-adapter_only-shuffle-seed3413-f0-oof20/images/Haze4K', init_model_sha256='6f42037d57a4e3de3a10ac0ab909d66a3415864a19433c29204a975f4efa4088')
/sda/home/wangyuxin/ConvIR-B/repos/ConvIR-B-dta-v2-calibrated/Dehazing/ITS/main.py:14: FutureWarning: You are using `torch.load` with `weights_only=False` (the current default value), which uses the default pickle module implicitly. It is possible to construct malicious pickle data which will execute arbitrary code during unpickling (See https://github.com/pytorch/pytorch/blob/main/SECURITY.md#untrusted-models for more details). In a future release, the default value for `weights_only` will be flipped to `True`. This limits the functions that could be executed during unpickling. Arbitrary objects will no longer be allowed to be loaded via this mode unless they are explicitly allowlisted by the user via `torch.serialization.add_safe_globals`. We recommend you start setting `weights_only=True` for any use case where you don't have full control of the loaded file. Please open an issue on GitHub for any issues related to this experimental feature.
  state = torch.load(path, map_location=map_location)
INIT_MODEL_PARTIAL_LOAD path=/sda/home/wangyuxin/ConvIR-B/checkpoints/official/Haze4K/haze4k-base.pkl loaded=602 missing_allowed=25 unexpected=[] allowed_new_prefixes=('DTA.',)
TRAIN_SCOPE scope=adapter_only arch=dta_v2 trainable=74699 total=8705364
/sda/home/wangyuxin/ConvIR-B/envs/convir-cu121/lib/python3.10/site-packages/torch/optim/lr_scheduler.py:224: UserWarning: Detected call of `lr_scheduler.step()` before `optimizer.step()`. In PyTorch 1.1.0 and later, you should call them in the opposite order: `optimizer.step()` before `lr_scheduler.step()`.  Failure to do this will result in PyTorch skipping the first value of the learning rate schedule. See more details at https://pytorch.org/docs/stable/optim.html#how-to-adjust-learning-rate
  warnings.warn(
DTA_GATE_RAMP epoch=1 gate_limit=0.010000
Time:  0.0864 Epoch: 001 Iter:   50/ 600 LR: 0.0000333333 Loss content:  0.0170 Loss fft:  0.8232 Loss dta_rank:  0.6924 Loss dta_tv:  0.0042 Loss dta_proxy:  0.2962 Loss dta_trans:  0.0422 Loss dta_phys:  0.0068 Loss dta_preserve:  0.0054
Time:  0.0605 Epoch: 001 Iter:  100/ 600 LR: 0.0000333333 Loss content:  0.0172 Loss fft:  0.8543 Loss dta_rank:  0.6931 Loss dta_tv:  0.0099 Loss dta_proxy:  0.3161 Loss dta_trans:  0.0379 Loss dta_phys:  0.0106 Loss dta_preserve:  0.0048
Time:  0.0648 Epoch: 001 Iter:  150/ 600 LR: 0.0000333333 Loss content:  0.0168 Loss fft:  0.7685 Loss dta_rank:  0.6942 Loss dta_tv:  0.0133 Loss dta_proxy:  0.3384 Loss dta_trans:  0.0335 Loss dta_phys:  0.0105 Loss dta_preserve:  0.0043
Time:  0.0687 Epoch: 001 Iter:  200/ 600 LR: 0.0000333333 Loss content:  0.0165 Loss fft:  0.8293 Loss dta_rank:  0.6964 Loss dta_tv:  0.0162 Loss dta_proxy:  0.3532 Loss dta_trans:  0.0325 Loss dta_phys:  0.0098 Loss dta_preserve:  0.0056
Time:  0.0799 Epoch: 001 Iter:  250/ 600 LR: 0.0000333333 Loss content:  0.0168 Loss fft:  0.8155 Loss dta_rank:  0.6991 Loss dta_tv:  0.0184 Loss dta_proxy:  0.3563 Loss dta_trans:  0.0292 Loss dta_phys:  0.0092 Loss dta_preserve:  0.0049
Time:  0.0865 Epoch: 001 Iter:  300/ 600 LR: 0.0000333333 Loss content:  0.0170 Loss fft:  0.8075 Loss dta_rank:  0.7040 Loss dta_tv:  0.0217 Loss dta_proxy:  0.3784 Loss dta_trans:  0.0231 Loss dta_phys:  0.0094 Loss dta_preserve:  0.0048
Time:  0.0840 Epoch: 001 Iter:  350/ 600 LR: 0.0000333333 Loss content:  0.0171 Loss fft:  0.7989 Loss dta_rank:  0.7081 Loss dta_tv:  0.0253 Loss dta_proxy:  0.3803 Loss dta_trans:  0.0228 Loss dta_phys:  0.0101 Loss dta_preserve:  0.0044
Time:  0.0838 Epoch: 001 Iter:  400/ 600 LR: 0.0000333333 Loss content:  0.0177 Loss fft:  0.8149 Loss dta_rank:  0.7136 Loss dta_tv:  0.0290 Loss dta_proxy:  0.3925 Loss dta_trans:  0.0175 Loss dta_phys:  0.0073 Loss dta_preserve:  0.0058
Time:  0.0806 Epoch: 001 Iter:  450/ 600 LR: 0.0000333333 Loss content:  0.0179 Loss fft:  0.8349 Loss dta_rank:  0.7185 Loss dta_tv:  0.0327 Loss dta_proxy:  0.3893 Loss dta_trans:  0.0157 Loss dta_phys:  0.0081 Loss dta_preserve:  0.0058
Time:  0.0734 Epoch: 001 Iter:  500/ 600 LR: 0.0000333333 Loss content:  0.0161 Loss fft:  0.8088 Loss dta_rank:  0.7273 Loss dta_tv:  0.0345 Loss dta_proxy:  0.4162 Loss dta_trans:  0.0124 Loss dta_phys:  0.0080 Loss dta_preserve:  0.0046
Time:  0.0820 Epoch: 001 Iter:  550/ 600 LR: 0.0000333333 Loss content:  0.0173 Loss fft:  0.8341 Loss dta_rank:  0.7317 Loss dta_tv:  0.0354 Loss dta_proxy:  0.4309 Loss dta_trans:  0.0122 Loss dta_phys:  0.0077 Loss dta_preserve:  0.0058
Time:  0.0804 Epoch: 001 Iter:  600/ 600 LR: 0.0000333333 Loss content:  0.0171 Loss fft:  0.8110 Loss dta_rank:  0.7314 Loss dta_tv:  0.0357 Loss dta_proxy:  0.4329 Loss dta_trans:  0.0107 Loss dta_phys:  0.0071 Loss dta_preserve:  0.0056
EPOCH: 01
Elapsed time: 0.93 Epoch Pixel Loss:  0.0170 Epoch FFT Loss:  0.8167 Epoch DTA Rank:  0.7091 Epoch DTA TV:  0.0230 Epoch DTA Proxy:  0.3734 Epoch DTA Trans:  0.0241 Epoch DTA Phys:  0.0087 Epoch DTA Preserve:  0.0052
DTA_GATE_RAMP epoch=2 gate_limit=0.010000
Time:  0.0895 Epoch: 002 Iter:   50/ 600 LR: 0.0000666667 Loss content:  0.0173 Loss fft:  0.8450 Loss dta_rank:  0.7286 Loss dta_tv:  0.0382 Loss dta_proxy:  0.4074 Loss dta_trans:  0.0119 Loss dta_phys:  0.0074 Loss dta_preserve:  0.0046
Time:  0.0758 Epoch: 002 Iter:  100/ 600 LR: 0.0000666667 Loss content:  0.0179 Loss fft:  0.8256 Loss dta_rank:  0.7353 Loss dta_tv:  0.0366 Loss dta_proxy:  0.4321 Loss dta_trans:  0.0102 Loss dta_phys:  0.0077 Loss dta_preserve:  0.0054
Time:  0.0797 Epoch: 002 Iter:  150/ 600 LR: 0.0000666667 Loss content:  0.0169 Loss fft:  0.7891 Loss dta_rank:  0.7329 Loss dta_tv:  0.0357 Loss dta_proxy:  0.4274 Loss dta_trans:  0.0103 Loss dta_phys:  0.0070 Loss dta_preserve:  0.0051
Time:  0.0844 Epoch: 002 Iter:  200/ 600 LR: 0.0000666667 Loss content:  0.0178 Loss fft:  0.8303 Loss dta_rank:  0.7312 Loss dta_tv:  0.0367 Loss dta_proxy:  0.4124 Loss dta_trans:  0.0093 Loss dta_phys:  0.0076 Loss dta_preserve:  0.0046
Time:  0.0852 Epoch: 002 Iter:  250/ 600 LR: 0.0000666667 Loss content:  0.0175 Loss fft:  0.8080 Loss dta_rank:  0.7435 Loss dta_tv:  0.0361 Loss dta_proxy:  0.4217 Loss dta_trans:  0.0099 Loss dta_phys:  0.0072 Loss dta_preserve:  0.0043
Time:  0.0810 Epoch: 002 Iter:  300/ 600 LR: 0.0000666667 Loss content:  0.0167 Loss fft:  0.8063 Loss dta_rank:  0.7318 Loss dta_tv:  0.0370 Loss dta_proxy:  0.4156 Loss dta_trans:  0.0108 Loss dta_phys:  0.0063 Loss dta_preserve:  0.0057
Time:  0.0814 Epoch: 002 Iter:  350/ 600 LR: 0.0000666667 Loss content:  0.0168 Loss fft:  0.8197 Loss dta_rank:  0.7359 Loss dta_tv:  0.0363 Loss dta_proxy:  0.4115 Loss dta_trans:  0.0108 Loss dta_phys:  0.0069 Loss dta_preserve:  0.0053
Time:  0.0850 Epoch: 002 Iter:  400/ 600 LR: 0.0000666667 Loss content:  0.0177 Loss fft:  0.8548 Loss dta_rank:  0.7318 Loss dta_tv:  0.0344 Loss dta_proxy:  0.4347 Loss dta_trans:  0.0090 Loss dta_phys:  0.0066 Loss dta_preserve:  0.0063
Time:  0.0837 Epoch: 002 Iter:  450/ 600 LR: 0.0000666667 Loss content:  0.0176 Loss fft:  0.8237 Loss dta_rank:  0.7338 Loss dta_tv:  0.0344 Loss dta_proxy:  0.4453 Loss dta_trans:  0.0100 Loss dta_phys:  0.0067 Loss dta_preserve:  0.0047
Time:  0.0762 Epoch: 002 Iter:  500/ 600 LR: 0.0000666667 Loss content:  0.0170 Loss fft:  0.8077 Loss dta_rank:  0.7392 Loss dta_tv:  0.0344 Loss dta_proxy:  0.4322 Loss dta_trans:  0.0087 Loss dta_phys:  0.0063 Loss dta_preserve:  0.0059
Time:  0.0750 Epoch: 002 Iter:  550/ 600 LR: 0.0000666667 Loss content:  0.0167 Loss fft:  0.8208 Loss dta_rank:  0.7317 Loss dta_tv:  0.0346 Loss dta_proxy:  0.4233 Loss dta_trans:  0.0093 Loss dta_phys:  0.0075 Loss dta_preserve:  0.0047
Time:  0.0849 Epoch: 002 Iter:  600/ 600 LR: 0.0000666667 Loss content:  0.0174 Loss fft:  0.8150 Loss dta_rank:  0.7343 Loss dta_tv:  0.0329 Loss dta_proxy:  0.4622 Loss dta_trans:  0.0085 Loss dta_phys:  0.0077 Loss dta_preserve:  0.0059
EPOCH: 02
Elapsed time: 0.99 Epoch Pixel Loss:  0.0173 Epoch FFT Loss:  0.8205 Epoch DTA Rank:  0.7342 Epoch DTA TV:  0.0356 Epoch DTA Proxy:  0.4271 Epoch DTA Trans:  0.0099 Epoch DTA Phys:  0.0071 Epoch DTA Preserve:  0.0052
DTA_GATE_RAMP epoch=3 gate_limit=0.030000
Time:  0.0900 Epoch: 003 Iter:   50/ 600 LR: 0.0001000000 Loss content:  0.0164 Loss fft:  0.7844 Loss dta_rank:  0.7334 Loss dta_tv:  0.0342 Loss dta_proxy:  0.4380 Loss dta_trans:  0.0089 Loss dta_phys:  0.0078 Loss dta_preserve:  0.0059
Time:  0.0857 Epoch: 003 Iter:  100/ 600 LR: 0.0001000000 Loss content:  0.0173 Loss fft:  0.8335 Loss dta_rank:  0.7405 Loss dta_tv:  0.0341 Loss dta_proxy:  0.4468 Loss dta_trans:  0.0090 Loss dta_phys:  0.0075 Loss dta_preserve:  0.0058
Time:  0.0826 Epoch: 003 Iter:  150/ 600 LR: 0.0001000000 Loss content:  0.0171 Loss fft:  0.8227 Loss dta_rank:  0.7410 Loss dta_tv:  0.0341 Loss dta_proxy:  0.4217 Loss dta_trans:  0.0081 Loss dta_phys:  0.0066 Loss dta_preserve:  0.0054
Time:  0.0833 Epoch: 003 Iter:  200/ 600 LR: 0.0001000000 Loss content:  0.0182 Loss fft:  0.8425 Loss dta_rank:  0.7392 Loss dta_tv:  0.0335 Loss dta_proxy:  0.4262 Loss dta_trans:  0.0092 Loss dta_phys:  0.0064 Loss dta_preserve:  0.0057
Time:  0.0978 Epoch: 003 Iter:  250/ 600 LR: 0.0001000000 Loss content:  0.0174 Loss fft:  0.8275 Loss dta_rank:  0.7380 Loss dta_tv:  0.0334 Loss dta_proxy:  0.4308 Loss dta_trans:  0.0094 Loss dta_phys:  0.0074 Loss dta_preserve:  0.0071
Time:  0.0856 Epoch: 003 Iter:  300/ 600 LR: 0.0001000000 Loss content:  0.0171 Loss fft:  0.8088 Loss dta_rank:  0.7361 Loss dta_tv:  0.0321 Loss dta_proxy:  0.4344 Loss dta_trans:  0.0078 Loss dta_phys:  0.0064 Loss dta_preserve:  0.0049
Time:  0.0720 Epoch: 003 Iter:  350/ 600 LR: 0.0001000000 Loss content:  0.0168 Loss fft:  0.7998 Loss dta_rank:  0.7423 Loss dta_tv:  0.0326 Loss dta_proxy:  0.4382 Loss dta_trans:  0.0079 Loss dta_phys:  0.0069 Loss dta_preserve:  0.0049
Time:  0.0719 Epoch: 003 Iter:  400/ 600 LR: 0.0001000000 Loss content:  0.0176 Loss fft:  0.8356 Loss dta_rank:  0.7436 Loss dta_tv:  0.0329 Loss dta_proxy:  0.4471 Loss dta_trans:  0.0073 Loss dta_phys:  0.0068 Loss dta_preserve:  0.0043
Time:  0.0688 Epoch: 003 Iter:  450/ 600 LR: 0.0001000000 Loss content:  0.0166 Loss fft:  0.8214 Loss dta_rank:  0.7411 Loss dta_tv:  0.0329 Loss dta_proxy:  0.4286 Loss dta_trans:  0.0071 Loss dta_phys:  0.0060 Loss dta_preserve:  0.0044
Time:  0.0784 Epoch: 003 Iter:  500/ 600 LR: 0.0001000000 Loss content:  0.0171 Loss fft:  0.8363 Loss dta_rank:  0.7384 Loss dta_tv:  0.0330 Loss dta_proxy:  0.4270 Loss dta_trans:  0.0077 Loss dta_phys:  0.0059 Loss dta_preserve:  0.0042
Time:  0.0730 Epoch: 003 Iter:  550/ 600 LR: 0.0001000000 Loss content:  0.0167 Loss fft:  0.8130 Loss dta_rank:  0.7395 Loss dta_tv:  0.0317 Loss dta_proxy:  0.4380 Loss dta_trans:  0.0067 Loss dta_phys:  0.0070 Loss dta_preserve:  0.0043
Time:  0.0726 Epoch: 003 Iter:  600/ 600 LR: 0.0001000000 Loss content:  0.0176 Loss fft:  0.8353 Loss dta_rank:  0.7341 Loss dta_tv:  0.0324 Loss dta_proxy:  0.4383 Loss dta_trans:  0.0086 Loss dta_phys:  0.0073 Loss dta_preserve:  0.0049
EPOCH: 03
Elapsed time: 0.97 Epoch Pixel Loss:  0.0172 Epoch FFT Loss:  0.8217 Epoch DTA Rank:  0.7389 Epoch DTA TV:  0.0331 Epoch DTA Proxy:  0.4346 Epoch DTA Trans:  0.0081 Epoch DTA Phys:  0.0068 Epoch DTA Preserve:  0.0052
/sda/home/wangyuxin/ConvIR-B/envs/convir-cu121/lib/python3.10/site-packages/torch/optim/lr_scheduler.py:1087: UserWarning: To get the last learning rate computed by the scheduler, please use `get_last_lr()`.
  _warn_get_lr_called_within_step(self)
DTA_GATE_RAMP epoch=4 gate_limit=0.030000
Time:  0.0851 Epoch: 004 Iter:   50/ 600 LR: 0.0001000000 Loss content:  0.0175 Loss fft:  0.8187 Loss dta_rank:  0.7401 Loss dta_tv:  0.0310 Loss dta_proxy:  0.4595 Loss dta_trans:  0.0073 Loss dta_phys:  0.0070 Loss dta_preserve:  0.0060
Time:  0.0699 Epoch: 004 Iter:  100/ 600 LR: 0.0001000000 Loss content:  0.0179 Loss fft:  0.8387 Loss dta_rank:  0.7391 Loss dta_tv:  0.0319 Loss dta_proxy:  0.4427 Loss dta_trans:  0.0074 Loss dta_phys:  0.0066 Loss dta_preserve:  0.0048
Time:  0.0742 Epoch: 004 Iter:  150/ 600 LR: 0.0001000000 Loss content:  0.0174 Loss fft:  0.8185 Loss dta_rank:  0.7359 Loss dta_tv:  0.0318 Loss dta_proxy:  0.4196 Loss dta_trans:  0.0080 Loss dta_phys:  0.0068 Loss dta_preserve:  0.0056
Time:  0.0739 Epoch: 004 Iter:  200/ 600 LR: 0.0001000000 Loss content:  0.0170 Loss fft:  0.8393 Loss dta_rank:  0.7349 Loss dta_tv:  0.0307 Loss dta_proxy:  0.4657 Loss dta_trans:  0.0060 Loss dta_phys:  0.0065 Loss dta_preserve:  0.0044
Time:  0.0757 Epoch: 004 Iter:  250/ 600 LR: 0.0001000000 Loss content:  0.0163 Loss fft:  0.7587 Loss dta_rank:  0.7358 Loss dta_tv:  0.0319 Loss dta_proxy:  0.4289 Loss dta_trans:  0.0075 Loss dta_phys:  0.0063 Loss dta_preserve:  0.0038
Time:  0.0721 Epoch: 004 Iter:  300/ 600 LR: 0.0001000000 Loss content:  0.0182 Loss fft:  0.8506 Loss dta_rank:  0.7272 Loss dta_tv:  0.0319 Loss dta_proxy:  0.4163 Loss dta_trans:  0.0070 Loss dta_phys:  0.0063 Loss dta_preserve:  0.0060
Time:  0.0687 Epoch: 004 Iter:  350/ 600 LR: 0.0001000000 Loss content:  0.0173 Loss fft:  0.8180 Loss dta_rank:  0.7481 Loss dta_tv:  0.0306 Loss dta_proxy:  0.4498 Loss dta_trans:  0.0066 Loss dta_phys:  0.0069 Loss dta_preserve:  0.0050
Time:  0.0694 Epoch: 004 Iter:  400/ 600 LR: 0.0001000000 Loss content:  0.0170 Loss fft:  0.7924 Loss dta_rank:  0.7391 Loss dta_tv:  0.0307 Loss dta_proxy:  0.4393 Loss dta_trans:  0.0083 Loss dta_phys:  0.0067 Loss dta_preserve:  0.0058
Time:  0.0736 Epoch: 004 Iter:  450/ 600 LR: 0.0001000000 Loss content:  0.0178 Loss fft:  0.8313 Loss dta_rank:  0.7362 Loss dta_tv:  0.0323 Loss dta_proxy:  0.4000 Loss dta_trans:  0.0074 Loss dta_phys:  0.0069 Loss dta_preserve:  0.0047
Time:  0.0738 Epoch: 004 Iter:  500/ 600 LR: 0.0001000000 Loss content:  0.0168 Loss fft:  0.8198 Loss dta_rank:  0.7368 Loss dta_tv:  0.0314 Loss dta_proxy:  0.4261 Loss dta_trans:  0.0065 Loss dta_phys:  0.0065 Loss dta_preserve:  0.0041
Time:  0.0735 Epoch: 004 Iter:  550/ 600 LR: 0.0001000000 Loss content:  0.0163 Loss fft:  0.7902 Loss dta_rank:  0.7387 Loss dta_tv:  0.0304 Loss dta_proxy:  0.4323 Loss dta_trans:  0.0082 Loss dta_phys:  0.0074 Loss dta_preserve:  0.0050
Time:  0.0735 Epoch: 004 Iter:  600/ 600 LR: 0.0001000000 Loss content:  0.0171 Loss fft:  0.8142 Loss dta_rank:  0.7405 Loss dta_tv:  0.0308 Loss dta_proxy:  0.4284 Loss dta_trans:  0.0071 Loss dta_phys:  0.0069 Loss dta_preserve:  0.0049
EPOCH: 04
Elapsed time: 0.89 Epoch Pixel Loss:  0.0172 Epoch FFT Loss:  0.8159 Epoch DTA Rank:  0.7377 Epoch DTA TV:  0.0313 Epoch DTA Proxy:  0.4341 Epoch DTA Trans:  0.0073 Epoch DTA Phys:  0.0067 Epoch DTA Preserve:  0.0050
DTA_GATE_RAMP epoch=5 gate_limit=0.030000
Time:  0.0758 Epoch: 005 Iter:   50/ 600 LR: 0.0000983215 Loss content:  0.0177 Loss fft:  0.8452 Loss dta_rank:  0.7438 Loss dta_tv:  0.0305 Loss dta_proxy:  0.4303 Loss dta_trans:  0.0068 Loss dta_phys:  0.0063 Loss dta_preserve:  0.0054
Time:  0.0746 Epoch: 005 Iter:  100/ 600 LR: 0.0000983215 Loss content:  0.0174 Loss fft:  0.7981 Loss dta_rank:  0.7366 Loss dta_tv:  0.0303 Loss dta_proxy:  0.4242 Loss dta_trans:  0.0078 Loss dta_phys:  0.0069 Loss dta_preserve:  0.0047
Time:  0.0816 Epoch: 005 Iter:  150/ 600 LR: 0.0000983215 Loss content:  0.0167 Loss fft:  0.7944 Loss dta_rank:  0.7414 Loss dta_tv:  0.0303 Loss dta_proxy:  0.4351 Loss dta_trans:  0.0073 Loss dta_phys:  0.0072 Loss dta_preserve:  0.0047
Time:  0.0687 Epoch: 005 Iter:  200/ 600 LR: 0.0000983215 Loss content:  0.0172 Loss fft:  0.8394 Loss dta_rank:  0.7402 Loss dta_tv:  0.0309 Loss dta_proxy:  0.4355 Loss dta_trans:  0.0070 Loss dta_phys:  0.0065 Loss dta_preserve:  0.0054
Time:  0.0712 Epoch: 005 Iter:  250/ 600 LR: 0.0000983215 Loss content:  0.0166 Loss fft:  0.7971 Loss dta_rank:  0.7384 Loss dta_tv:  0.0301 Loss dta_proxy:  0.4433 Loss dta_trans:  0.0069 Loss dta_phys:  0.0077 Loss dta_preserve:  0.0047
Time:  0.0729 Epoch: 005 Iter:  300/ 600 LR: 0.0000983215 Loss content:  0.0172 Loss fft:  0.8055 Loss dta_rank:  0.7400 Loss dta_tv:  0.0294 Loss dta_proxy:  0.4486 Loss dta_trans:  0.0059 Loss dta_phys:  0.0059 Loss dta_preserve:  0.0043
Time:  0.0728 Epoch: 005 Iter:  350/ 600 LR: 0.0000983215 Loss content:  0.0173 Loss fft:  0.8376 Loss dta_rank:  0.7347 Loss dta_tv:  0.0305 Loss dta_proxy:  0.4254 Loss dta_trans:  0.0070 Loss dta_phys:  0.0063 Loss dta_preserve:  0.0047
Time:  0.0757 Epoch: 005 Iter:  400/ 600 LR: 0.0000983215 Loss content:  0.0173 Loss fft:  0.8017 Loss dta_rank:  0.7375 Loss dta_tv:  0.0301 Loss dta_proxy:  0.4417 Loss dta_trans:  0.0070 Loss dta_phys:  0.0078 Loss dta_preserve:  0.0046
Time:  0.0775 Epoch: 005 Iter:  450/ 600 LR: 0.0000983215 Loss content:  0.0174 Loss fft:  0.8533 Loss dta_rank:  0.7414 Loss dta_tv:  0.0306 Loss dta_proxy:  0.4374 Loss dta_trans:  0.0058 Loss dta_phys:  0.0067 Loss dta_preserve:  0.0063
Time:  0.0759 Epoch: 005 Iter:  500/ 600 LR: 0.0000983215 Loss content:  0.0167 Loss fft:  0.8124 Loss dta_rank:  0.7345 Loss dta_tv:  0.0298 Loss dta_proxy:  0.4424 Loss dta_trans:  0.0078 Loss dta_phys:  0.0069 Loss dta_preserve:  0.0055
Time:  0.0801 Epoch: 005 Iter:  550/ 600 LR: 0.0000983215 Loss content:  0.0164 Loss fft:  0.8033 Loss dta_rank:  0.7391 Loss dta_tv:  0.0293 Loss dta_proxy:  0.4455 Loss dta_trans:  0.0070 Loss dta_phys:  0.0067 Loss dta_preserve:  0.0041
Time:  0.0764 Epoch: 005 Iter:  600/ 600 LR: 0.0000983215 Loss content:  0.0172 Loss fft:  0.8310 Loss dta_rank:  0.7398 Loss dta_tv:  0.0298 Loss dta_proxy:  0.4247 Loss dta_trans:  0.0058 Loss dta_phys:  0.0069 Loss dta_preserve:  0.0057
EPOCH: 05
Elapsed time: 0.91 Epoch Pixel Loss:  0.0171 Epoch FFT Loss:  0.8183 Epoch DTA Rank:  0.7389 Epoch DTA TV:  0.0301 Epoch DTA Proxy:  0.4362 Epoch DTA Trans:  0.0068 Epoch DTA Phys:  0.0068 Epoch DTA Preserve:  0.0050
DTA_GATE_RAMP epoch=6 gate_limit=0.030000
Time:  0.0808 Epoch: 006 Iter:   50/ 600 LR: 0.0000942212 Loss content:  0.0172 Loss fft:  0.8223 Loss dta_rank:  0.7380 Loss dta_tv:  0.0298 Loss dta_proxy:  0.4225 Loss dta_trans:  0.0068 Loss dta_phys:  0.0066 Loss dta_preserve:  0.0062
Time:  0.0748 Epoch: 006 Iter:  100/ 600 LR: 0.0000942212 Loss content:  0.0166 Loss fft:  0.8223 Loss dta_rank:  0.7388 Loss dta_tv:  0.0299 Loss dta_proxy:  0.4352 Loss dta_trans:  0.0066 Loss dta_phys:  0.0072 Loss dta_preserve:  0.0053
Time:  0.0735 Epoch: 006 Iter:  150/ 600 LR: 0.0000942212 Loss content:  0.0168 Loss fft:  0.8095 Loss dta_rank:  0.7451 Loss dta_tv:  0.0304 Loss dta_proxy:  0.3995 Loss dta_trans:  0.0075 Loss dta_phys:  0.0063 Loss dta_preserve:  0.0056
Time:  0.0740 Epoch: 006 Iter:  200/ 600 LR: 0.0000942212 Loss content:  0.0166 Loss fft:  0.8079 Loss dta_rank:  0.7426 Loss dta_tv:  0.0304 Loss dta_proxy:  0.4278 Loss dta_trans:  0.0070 Loss dta_phys:  0.0076 Loss dta_preserve:  0.0046
Time:  0.0738 Epoch: 006 Iter:  250/ 600 LR: 0.0000942212 Loss content:  0.0170 Loss fft:  0.7968 Loss dta_rank:  0.7418 Loss dta_tv:  0.0295 Loss dta_proxy:  0.4324 Loss dta_trans:  0.0061 Loss dta_phys:  0.0071 Loss dta_preserve:  0.0043
Time:  0.0737 Epoch: 006 Iter:  300/ 600 LR: 0.0000942212 Loss content:  0.0170 Loss fft:  0.8205 Loss dta_rank:  0.7385 Loss dta_tv:  0.0298 Loss dta_proxy:  0.4428 Loss dta_trans:  0.0071 Loss dta_phys:  0.0067 Loss dta_preserve:  0.0043
Time:  0.0641 Epoch: 006 Iter:  350/ 600 LR: 0.0000942212 Loss content:  0.0169 Loss fft:  0.8124 Loss dta_rank:  0.7372 Loss dta_tv:  0.0290 Loss dta_proxy:  0.4357 Loss dta_trans:  0.0064 Loss dta_phys:  0.0062 Loss dta_preserve:  0.0046
Time:  0.0777 Epoch: 006 Iter:  400/ 600 LR: 0.0000942212 Loss content:  0.0171 Loss fft:  0.8307 Loss dta_rank:  0.7444 Loss dta_tv:  0.0290 Loss dta_proxy:  0.4383 Loss dta_trans:  0.0063 Loss dta_phys:  0.0070 Loss dta_preserve:  0.0050
Time:  0.0738 Epoch: 006 Iter:  450/ 600 LR: 0.0000942212 Loss content:  0.0171 Loss fft:  0.8014 Loss dta_rank:  0.7370 Loss dta_tv:  0.0280 Loss dta_proxy:  0.4547 Loss dta_trans:  0.0065 Loss dta_phys:  0.0070 Loss dta_preserve:  0.0048
Time:  0.0747 Epoch: 006 Iter:  500/ 600 LR: 0.0000942212 Loss content:  0.0172 Loss fft:  0.8288 Loss dta_rank:  0.7371 Loss dta_tv:  0.0280 Loss dta_proxy:  0.4567 Loss dta_trans:  0.0069 Loss dta_phys:  0.0071 Loss dta_preserve:  0.0049
Time:  0.0738 Epoch: 006 Iter:  550/ 600 LR: 0.0000942212 Loss content:  0.0183 Loss fft:  0.8628 Loss dta_rank:  0.7478 Loss dta_tv:  0.0291 Loss dta_proxy:  0.4316 Loss dta_trans:  0.0065 Loss dta_phys:  0.0061 Loss dta_preserve:  0.0063
Time:  0.0762 Epoch: 006 Iter:  600/ 600 LR: 0.0000942212 Loss content:  0.0168 Loss fft:  0.8221 Loss dta_rank:  0.7458 Loss dta_tv:  0.0287 Loss dta_proxy:  0.4438 Loss dta_trans:  0.0069 Loss dta_phys:  0.0071 Loss dta_preserve:  0.0050
EPOCH: 06
Elapsed time: 0.89 Epoch Pixel Loss:  0.0170 Epoch FFT Loss:  0.8198 Epoch DTA Rank:  0.7412 Epoch DTA TV:  0.0293 Epoch DTA Proxy:  0.4351 Epoch DTA Trans:  0.0067 Epoch DTA Phys:  0.0068 Epoch DTA Preserve:  0.0051
DTA_GATE_RAMP epoch=7 gate_limit=0.030000
Time:  0.0760 Epoch: 007 Iter:   50/ 600 LR: 0.0000886874 Loss content:  0.0166 Loss fft:  0.8075 Loss dta_rank:  0.7482 Loss dta_tv:  0.0277 Loss dta_proxy:  0.4776 Loss dta_trans:  0.0056 Loss dta_phys:  0.0071 Loss dta_preserve:  0.0036
Time:  0.0756 Epoch: 007 Iter:  100/ 600 LR: 0.0000886874 Loss content:  0.0172 Loss fft:  0.8306 Loss dta_rank:  0.7359 Loss dta_tv:  0.0300 Loss dta_proxy:  0.4213 Loss dta_trans:  0.0074 Loss dta_phys:  0.0068 Loss dta_preserve:  0.0059
Time:  0.0745 Epoch: 007 Iter:  150/ 600 LR: 0.0000886874 Loss content:  0.0170 Loss fft:  0.8144 Loss dta_rank:  0.7396 Loss dta_tv:  0.0289 Loss dta_proxy:  0.4308 Loss dta_trans:  0.0057 Loss dta_phys:  0.0069 Loss dta_preserve:  0.0057
Time:  0.0744 Epoch: 007 Iter:  200/ 600 LR: 0.0000886874 Loss content:  0.0168 Loss fft:  0.7964 Loss dta_rank:  0.7411 Loss dta_tv:  0.0294 Loss dta_proxy:  0.4213 Loss dta_trans:  0.0067 Loss dta_phys:  0.0064 Loss dta_preserve:  0.0046
Time:  0.0758 Epoch: 007 Iter:  250/ 600 LR: 0.0000886874 Loss content:  0.0165 Loss fft:  0.8166 Loss dta_rank:  0.7465 Loss dta_tv:  0.0294 Loss dta_proxy:  0.4352 Loss dta_trans:  0.0065 Loss dta_phys:  0.0075 Loss dta_preserve:  0.0058
Time:  0.0736 Epoch: 007 Iter:  300/ 600 LR: 0.0000886874 Loss content:  0.0169 Loss fft:  0.7968 Loss dta_rank:  0.7422 Loss dta_tv:  0.0282 Loss dta_proxy:  0.4422 Loss dta_trans:  0.0066 Loss dta_phys:  0.0061 Loss dta_preserve:  0.0054
Time:  0.0698 Epoch: 007 Iter:  350/ 600 LR: 0.0000886874 Loss content:  0.0179 Loss fft:  0.8390 Loss dta_rank:  0.7469 Loss dta_tv:  0.0285 Loss dta_proxy:  0.4293 Loss dta_trans:  0.0068 Loss dta_phys:  0.0063 Loss dta_preserve:  0.0039
Time:  0.0662 Epoch: 007 Iter:  400/ 600 LR: 0.0000886874 Loss content:  0.0174 Loss fft:  0.8396 Loss dta_rank:  0.7368 Loss dta_tv:  0.0282 Loss dta_proxy:  0.4485 Loss dta_trans:  0.0063 Loss dta_phys:  0.0065 Loss dta_preserve:  0.0047
Time:  0.0757 Epoch: 007 Iter:  450/ 600 LR: 0.0000886874 Loss content:  0.0172 Loss fft:  0.8126 Loss dta_rank:  0.7327 Loss dta_tv:  0.0293 Loss dta_proxy:  0.4223 Loss dta_trans:  0.0073 Loss dta_phys:  0.0074 Loss dta_preserve:  0.0072
Time:  0.0752 Epoch: 007 Iter:  500/ 600 LR: 0.0000886874 Loss content:  0.0172 Loss fft:  0.8305 Loss dta_rank:  0.7434 Loss dta_tv:  0.0280 Loss dta_proxy:  0.4521 Loss dta_trans:  0.0063 Loss dta_phys:  0.0068 Loss dta_preserve:  0.0059
Time:  0.0720 Epoch: 007 Iter:  550/ 600 LR: 0.0000886874 Loss content:  0.0171 Loss fft:  0.8096 Loss dta_rank:  0.7374 Loss dta_tv:  0.0271 Loss dta_proxy:  0.4568 Loss dta_trans:  0.0054 Loss dta_phys:  0.0070 Loss dta_preserve:  0.0047
Time:  0.0721 Epoch: 007 Iter:  600/ 600 LR: 0.0000886874 Loss content:  0.0165 Loss fft:  0.7973 Loss dta_rank:  0.7405 Loss dta_tv:  0.0277 Loss dta_proxy:  0.4223 Loss dta_trans:  0.0065 Loss dta_phys:  0.0067 Loss dta_preserve:  0.0048
EPOCH: 07
Elapsed time: 0.88 Epoch Pixel Loss:  0.0170 Epoch FFT Loss:  0.8159 Epoch DTA Rank:  0.7409 Epoch DTA TV:  0.0285 Epoch DTA Proxy:  0.4383 Epoch DTA Trans:  0.0064 Epoch DTA Phys:  0.0068 Epoch DTA Preserve:  0.0052
DTA_GATE_RAMP epoch=8 gate_limit=0.030000
Time:  0.0812 Epoch: 008 Iter:   50/ 600 LR: 0.0000819070 Loss content:  0.0178 Loss fft:  0.8216 Loss dta_rank:  0.7384 Loss dta_tv:  0.0281 Loss dta_proxy:  0.4525 Loss dta_trans:  0.0074 Loss dta_phys:  0.0079 Loss dta_preserve:  0.0060
Time:  0.0725 Epoch: 008 Iter:  100/ 600 LR: 0.0000819070 Loss content:  0.0173 Loss fft:  0.7881 Loss dta_rank:  0.7361 Loss dta_tv:  0.0282 Loss dta_proxy:  0.4327 Loss dta_trans:  0.0062 Loss dta_phys:  0.0074 Loss dta_preserve:  0.0056
Time:  0.0719 Epoch: 008 Iter:  150/ 600 LR: 0.0000819070 Loss content:  0.0178 Loss fft:  0.8461 Loss dta_rank:  0.7413 Loss dta_tv:  0.0276 Loss dta_proxy:  0.4644 Loss dta_trans:  0.0053 Loss dta_phys:  0.0069 Loss dta_preserve:  0.0056
Time:  0.0744 Epoch: 008 Iter:  200/ 600 LR: 0.0000819070 Loss content:  0.0172 Loss fft:  0.8137 Loss dta_rank:  0.7436 Loss dta_tv:  0.0280 Loss dta_proxy:  0.4313 Loss dta_trans:  0.0075 Loss dta_phys:  0.0063 Loss dta_preserve:  0.0049
Time:  0.0723 Epoch: 008 Iter:  250/ 600 LR: 0.0000819070 Loss content:  0.0167 Loss fft:  0.8126 Loss dta_rank:  0.7420 Loss dta_tv:  0.0285 Loss dta_proxy:  0.4292 Loss dta_trans:  0.0064 Loss dta_phys:  0.0070 Loss dta_preserve:  0.0044
Time:  0.0685 Epoch: 008 Iter:  300/ 600 LR: 0.0000819070 Loss content:  0.0170 Loss fft:  0.8245 Loss dta_rank:  0.7454 Loss dta_tv:  0.0284 Loss dta_proxy:  0.4518 Loss dta_trans:  0.0057 Loss dta_phys:  0.0062 Loss dta_preserve:  0.0045
Time:  0.0737 Epoch: 008 Iter:  350/ 600 LR: 0.0000819070 Loss content:  0.0171 Loss fft:  0.8116 Loss dta_rank:  0.7382 Loss dta_tv:  0.0282 Loss dta_proxy:  0.4462 Loss dta_trans:  0.0068 Loss dta_phys:  0.0060 Loss dta_preserve:  0.0047
Time:  0.0713 Epoch: 008 Iter:  400/ 600 LR: 0.0000819070 Loss content:  0.0171 Loss fft:  0.8367 Loss dta_rank:  0.7403 Loss dta_tv:  0.0275 Loss dta_proxy:  0.4385 Loss dta_trans:  0.0069 Loss dta_phys:  0.0066 Loss dta_preserve:  0.0043
Time:  0.0747 Epoch: 008 Iter:  450/ 600 LR: 0.0000819070 Loss content:  0.0168 Loss fft:  0.8235 Loss dta_rank:  0.7391 Loss dta_tv:  0.0271 Loss dta_proxy:  0.4765 Loss dta_trans:  0.0050 Loss dta_phys:  0.0079 Loss dta_preserve:  0.0048
Time:  0.0757 Epoch: 008 Iter:  500/ 600 LR: 0.0000819070 Loss content:  0.0170 Loss fft:  0.8029 Loss dta_rank:  0.7402 Loss dta_tv:  0.0279 Loss dta_proxy:  0.4400 Loss dta_trans:  0.0053 Loss dta_phys:  0.0067 Loss dta_preserve:  0.0045
Time:  0.0724 Epoch: 008 Iter:  550/ 600 LR: 0.0000819070 Loss content:  0.0168 Loss fft:  0.8190 Loss dta_rank:  0.7393 Loss dta_tv:  0.0278 Loss dta_proxy:  0.4317 Loss dta_trans:  0.0064 Loss dta_phys:  0.0070 Loss dta_preserve:  0.0043
Time:  0.0721 Epoch: 008 Iter:  600/ 600 LR: 0.0000819070 Loss content:  0.0169 Loss fft:  0.8105 Loss dta_rank:  0.7350 Loss dta_tv:  0.0291 Loss dta_proxy:  0.4114 Loss dta_trans:  0.0065 Loss dta_phys:  0.0067 Loss dta_preserve:  0.0054
EPOCH: 08
Elapsed time: 0.88 Epoch Pixel Loss:  0.0171 Epoch FFT Loss:  0.8176 Epoch DTA Rank:  0.7399 Epoch DTA TV:  0.0280 Epoch DTA Proxy:  0.4422 Epoch DTA Trans:  0.0063 Epoch DTA Phys:  0.0069 Epoch DTA Preserve:  0.0049
DTA_GATE_RAMP epoch=9 gate_limit=0.060000
Time:  0.0773 Epoch: 009 Iter:   50/ 600 LR: 0.0000741093 Loss content:  0.0172 Loss fft:  0.7815 Loss dta_rank:  0.7378 Loss dta_tv:  0.0287 Loss dta_proxy:  0.4164 Loss dta_trans:  0.0064 Loss dta_phys:  0.0070 Loss dta_preserve:  0.0053
Time:  0.0753 Epoch: 009 Iter:  100/ 600 LR: 0.0000741093 Loss content:  0.0174 Loss fft:  0.8224 Loss dta_rank:  0.7461 Loss dta_tv:  0.0279 Loss dta_proxy:  0.4497 Loss dta_trans:  0.0058 Loss dta_phys:  0.0071 Loss dta_preserve:  0.0059
Time:  0.0762 Epoch: 009 Iter:  150/ 600 LR: 0.0000741093 Loss content:  0.0165 Loss fft:  0.8217 Loss dta_rank:  0.7351 Loss dta_tv:  0.0285 Loss dta_proxy:  0.4352 Loss dta_trans:  0.0057 Loss dta_phys:  0.0067 Loss dta_preserve:  0.0044
Time:  0.0760 Epoch: 009 Iter:  200/ 600 LR: 0.0000741093 Loss content:  0.0174 Loss fft:  0.8033 Loss dta_rank:  0.7361 Loss dta_tv:  0.0282 Loss dta_proxy:  0.4449 Loss dta_trans:  0.0067 Loss dta_phys:  0.0076 Loss dta_preserve:  0.0055
Time:  0.0785 Epoch: 009 Iter:  250/ 600 LR: 0.0000741093 Loss content:  0.0186 Loss fft:  1.0307 Loss dta_rank:  0.7465 Loss dta_tv:  0.0277 Loss dta_proxy:  0.4468 Loss dta_trans:  0.0056 Loss dta_phys:  0.0070 Loss dta_preserve:  0.0053
Time:  0.0756 Epoch: 009 Iter:  300/ 600 LR: 0.0000741093 Loss content:  0.0176 Loss fft:  0.8330 Loss dta_rank:  0.7386 Loss dta_tv:  0.0276 Loss dta_proxy:  0.4328 Loss dta_trans:  0.0073 Loss dta_phys:  0.0061 Loss dta_preserve:  0.0055
Time:  0.0747 Epoch: 009 Iter:  350/ 600 LR: 0.0000741093 Loss content:  0.0179 Loss fft:  0.8660 Loss dta_rank:  0.7386 Loss dta_tv:  0.0280 Loss dta_proxy:  0.4433 Loss dta_trans:  0.0070 Loss dta_phys:  0.0074 Loss dta_preserve:  0.0058
Time:  0.0746 Epoch: 009 Iter:  400/ 600 LR: 0.0000741093 Loss content:  0.0162 Loss fft:  0.7997 Loss dta_rank:  0.7362 Loss dta_tv:  0.0278 Loss dta_proxy:  0.4256 Loss dta_trans:  0.0055 Loss dta_phys:  0.0063 Loss dta_preserve:  0.0043
Time:  0.0747 Epoch: 009 Iter:  450/ 600 LR: 0.0000741093 Loss content:  0.0166 Loss fft:  0.8062 Loss dta_rank:  0.7505 Loss dta_tv:  0.0281 Loss dta_proxy:  0.4398 Loss dta_trans:  0.0064 Loss dta_phys:  0.0064 Loss dta_preserve:  0.0055
Time:  0.0630 Epoch: 009 Iter:  500/ 600 LR: 0.0000741093 Loss content:  0.0171 Loss fft:  0.8380 Loss dta_rank:  0.7411 Loss dta_tv:  0.0281 Loss dta_proxy:  0.4357 Loss dta_trans:  0.0062 Loss dta_phys:  0.0064 Loss dta_preserve:  0.0042
Time:  0.0612 Epoch: 009 Iter:  550/ 600 LR: 0.0000741093 Loss content:  0.0170 Loss fft:  0.8129 Loss dta_rank:  0.7523 Loss dta_tv:  0.0281 Loss dta_proxy:  0.4344 Loss dta_trans:  0.0061 Loss dta_phys:  0.0065 Loss dta_preserve:  0.0053
Time:  0.0672 Epoch: 009 Iter:  600/ 600 LR: 0.0000741093 Loss content:  0.0178 Loss fft:  0.8603 Loss dta_rank:  0.7407 Loss dta_tv:  0.0275 Loss dta_proxy:  0.4235 Loss dta_trans:  0.0058 Loss dta_phys:  0.0064 Loss dta_preserve:  0.0055
EPOCH: 09
Elapsed time: 0.88 Epoch Pixel Loss:  0.0173 Epoch FFT Loss:  0.8396 Epoch DTA Rank:  0.7416 Epoch DTA TV:  0.0280 Epoch DTA Proxy:  0.4357 Epoch DTA Trans:  0.0062 Epoch DTA Phys:  0.0067 Epoch DTA Preserve:  0.0052
DTA_GATE_RAMP epoch=10 gate_limit=0.060000
Time:  0.0797 Epoch: 010 Iter:   50/ 600 LR: 0.0000655580 Loss content:  0.0176 Loss fft:  0.8427 Loss dta_rank:  0.7448 Loss dta_tv:  0.0282 Loss dta_proxy:  0.4240 Loss dta_trans:  0.0064 Loss dta_phys:  0.0070 Loss dta_preserve:  0.0052
Time:  0.0736 Epoch: 010 Iter:  100/ 600 LR: 0.0000655580 Loss content:  0.0168 Loss fft:  0.7848 Loss dta_rank:  0.7442 Loss dta_tv:  0.0280 Loss dta_proxy:  0.4326 Loss dta_trans:  0.0056 Loss dta_phys:  0.0058 Loss dta_preserve:  0.0059
Time:  0.0741 Epoch: 010 Iter:  150/ 600 LR: 0.0000655580 Loss content:  0.0175 Loss fft:  0.8332 Loss dta_rank:  0.7394 Loss dta_tv:  0.0278 Loss dta_proxy:  0.4407 Loss dta_trans:  0.0071 Loss dta_phys:  0.0064 Loss dta_preserve:  0.0041
Time:  0.0741 Epoch: 010 Iter:  200/ 600 LR: 0.0000655580 Loss content:  0.0169 Loss fft:  0.8183 Loss dta_rank:  0.7364 Loss dta_tv:  0.0268 Loss dta_proxy:  0.4479 Loss dta_trans:  0.0059 Loss dta_phys:  0.0067 Loss dta_preserve:  0.0033
Time:  0.0671 Epoch: 010 Iter:  250/ 600 LR: 0.0000655580 Loss content:  0.0169 Loss fft:  0.8035 Loss dta_rank:  0.7437 Loss dta_tv:  0.0268 Loss dta_proxy:  0.4544 Loss dta_trans:  0.0051 Loss dta_phys:  0.0074 Loss dta_preserve:  0.0042
Time:  0.0625 Epoch: 010 Iter:  300/ 600 LR: 0.0000655580 Loss content:  0.0166 Loss fft:  0.8143 Loss dta_rank:  0.7383 Loss dta_tv:  0.0273 Loss dta_proxy:  0.4475 Loss dta_trans:  0.0066 Loss dta_phys:  0.0075 Loss dta_preserve:  0.0059
Time:  0.0604 Epoch: 010 Iter:  350/ 600 LR: 0.0000655580 Loss content:  0.0175 Loss fft:  0.8434 Loss dta_rank:  0.7387 Loss dta_tv:  0.0269 Loss dta_proxy:  0.4441 Loss dta_trans:  0.0058 Loss dta_phys:  0.0071 Loss dta_preserve:  0.0058
Time:  0.0620 Epoch: 010 Iter:  400/ 600 LR: 0.0000655580 Loss content:  0.0167 Loss fft:  0.8073 Loss dta_rank:  0.7400 Loss dta_tv:  0.0278 Loss dta_proxy:  0.4451 Loss dta_trans:  0.0059 Loss dta_phys:  0.0063 Loss dta_preserve:  0.0050
Time:  0.0603 Epoch: 010 Iter:  450/ 600 LR: 0.0000655580 Loss content:  0.0170 Loss fft:  0.8127 Loss dta_rank:  0.7335 Loss dta_tv:  0.0272 Loss dta_proxy:  0.4603 Loss dta_trans:  0.0068 Loss dta_phys:  0.0071 Loss dta_preserve:  0.0042
Time:  0.0615 Epoch: 010 Iter:  500/ 600 LR: 0.0000655580 Loss content:  0.0170 Loss fft:  0.8150 Loss dta_rank:  0.7369 Loss dta_tv:  0.0270 Loss dta_proxy:  0.4495 Loss dta_trans:  0.0059 Loss dta_phys:  0.0072 Loss dta_preserve:  0.0054
Time:  0.0618 Epoch: 010 Iter:  550/ 600 LR: 0.0000655580 Loss content:  0.0168 Loss fft:  0.8304 Loss dta_rank:  0.7450 Loss dta_tv:  0.0270 Loss dta_proxy:  0.4388 Loss dta_trans:  0.0057 Loss dta_phys:  0.0063 Loss dta_preserve:  0.0059
Time:  0.0668 Epoch: 010 Iter:  600/ 600 LR: 0.0000655580 Loss content:  0.0177 Loss fft:  0.8285 Loss dta_rank:  0.7456 Loss dta_tv:  0.0276 Loss dta_proxy:  0.4298 Loss dta_trans:  0.0054 Loss dta_phys:  0.0059 Loss dta_preserve:  0.0050
EPOCH: 10
Elapsed time: 0.81 Epoch Pixel Loss:  0.0171 Epoch FFT Loss:  0.8195 Epoch DTA Rank:  0.7405 Epoch DTA TV:  0.0274 Epoch DTA Proxy:  0.4429 Epoch DTA Trans:  0.0060 Epoch DTA Phys:  0.0067 Epoch DTA Preserve:  0.0050
DTA_GATE_RAMP epoch=11 gate_limit=0.060000
Time:  0.0671 Epoch: 011 Iter:   50/ 600 LR: 0.0000565424 Loss content:  0.0164 Loss fft:  0.8205 Loss dta_rank:  0.7359 Loss dta_tv:  0.0280 Loss dta_proxy:  0.4265 Loss dta_trans:  0.0059 Loss dta_phys:  0.0074 Loss dta_preserve:  0.0056
Time:  0.0679 Epoch: 011 Iter:  100/ 600 LR: 0.0000565424 Loss content:  0.0175 Loss fft:  0.8260 Loss dta_rank:  0.7370 Loss dta_tv:  0.0273 Loss dta_proxy:  0.4355 Loss dta_trans:  0.0054 Loss dta_phys:  0.0067 Loss dta_preserve:  0.0045
Time:  0.0641 Epoch: 011 Iter:  150/ 600 LR: 0.0000565424 Loss content:  0.0165 Loss fft:  0.7908 Loss dta_rank:  0.7426 Loss dta_tv:  0.0283 Loss dta_proxy:  0.4300 Loss dta_trans:  0.0059 Loss dta_phys:  0.0072 Loss dta_preserve:  0.0055
Time:  0.0609 Epoch: 011 Iter:  200/ 600 LR: 0.0000565424 Loss content:  0.0175 Loss fft:  0.8506 Loss dta_rank:  0.7391 Loss dta_tv:  0.0269 Loss dta_proxy:  0.4529 Loss dta_trans:  0.0050 Loss dta_phys:  0.0060 Loss dta_preserve:  0.0046
Time:  0.0620 Epoch: 011 Iter:  250/ 600 LR: 0.0000565424 Loss content:  0.0178 Loss fft:  0.8371 Loss dta_rank:  0.7345 Loss dta_tv:  0.0279 Loss dta_proxy:  0.4127 Loss dta_trans:  0.0076 Loss dta_phys:  0.0059 Loss dta_preserve:  0.0070
Time:  0.0624 Epoch: 011 Iter:  300/ 600 LR: 0.0000565424 Loss content:  0.0178 Loss fft:  0.8327 Loss dta_rank:  0.7384 Loss dta_tv:  0.0265 Loss dta_proxy:  0.4618 Loss dta_trans:  0.0060 Loss dta_phys:  0.0070 Loss dta_preserve:  0.0057
Time:  0.0620 Epoch: 011 Iter:  350/ 600 LR: 0.0000565424 Loss content:  0.0167 Loss fft:  0.8051 Loss dta_rank:  0.7365 Loss dta_tv:  0.0273 Loss dta_proxy:  0.4372 Loss dta_trans:  0.0056 Loss dta_phys:  0.0066 Loss dta_preserve:  0.0049
Time:  0.0670 Epoch: 011 Iter:  400/ 600 LR: 0.0000565424 Loss content:  0.0175 Loss fft:  0.8367 Loss dta_rank:  0.7443 Loss dta_tv:  0.0277 Loss dta_proxy:  0.4512 Loss dta_trans:  0.0052 Loss dta_phys:  0.0070 Loss dta_preserve:  0.0051
Time:  0.0744 Epoch: 011 Iter:  450/ 600 LR: 0.0000565424 Loss content:  0.0166 Loss fft:  0.8226 Loss dta_rank:  0.7377 Loss dta_tv:  0.0271 Loss dta_proxy:  0.4462 Loss dta_trans:  0.0058 Loss dta_phys:  0.0072 Loss dta_preserve:  0.0067
Time:  0.0731 Epoch: 011 Iter:  500/ 600 LR: 0.0000565424 Loss content:  0.0178 Loss fft:  0.8255 Loss dta_rank:  0.7402 Loss dta_tv:  0.0269 Loss dta_proxy:  0.4543 Loss dta_trans:  0.0065 Loss dta_phys:  0.0068 Loss dta_preserve:  0.0061
Time:  0.0735 Epoch: 011 Iter:  550/ 600 LR: 0.0000565424 Loss content:  0.0167 Loss fft:  0.8030 Loss dta_rank:  0.7468 Loss dta_tv:  0.0269 Loss dta_proxy:  0.4446 Loss dta_trans:  0.0057 Loss dta_phys:  0.0066 Loss dta_preserve:  0.0037
Time:  0.0732 Epoch: 011 Iter:  600/ 600 LR: 0.0000565424 Loss content:  0.0169 Loss fft:  0.8066 Loss dta_rank:  0.7307 Loss dta_tv:  0.0275 Loss dta_proxy:  0.4260 Loss dta_trans:  0.0068 Loss dta_phys:  0.0078 Loss dta_preserve:  0.0050
EPOCH: 11
Elapsed time: 0.81 Epoch Pixel Loss:  0.0171 Epoch FFT Loss:  0.8214 Epoch DTA Rank:  0.7386 Epoch DTA TV:  0.0274 Epoch DTA Proxy:  0.4399 Epoch DTA Trans:  0.0060 Epoch DTA Phys:  0.0068 Epoch DTA Preserve:  0.0054
DTA_GATE_RAMP epoch=12 gate_limit=0.060000
Time:  0.0806 Epoch: 012 Iter:   50/ 600 LR: 0.0000473670 Loss content:  0.0173 Loss fft:  0.8268 Loss dta_rank:  0.7352 Loss dta_tv:  0.0275 Loss dta_proxy:  0.4365 Loss dta_trans:  0.0055 Loss dta_phys:  0.0058 Loss dta_preserve:  0.0069
Time:  0.0746 Epoch: 012 Iter:  100/ 600 LR: 0.0000473670 Loss content:  0.0170 Loss fft:  0.8415 Loss dta_rank:  0.7425 Loss dta_tv:  0.0271 Loss dta_proxy:  0.4491 Loss dta_trans:  0.0059 Loss dta_phys:  0.0070 Loss dta_preserve:  0.0051
Time:  0.0750 Epoch: 012 Iter:  150/ 600 LR: 0.0000473670 Loss content:  0.0164 Loss fft:  0.8006 Loss dta_rank:  0.7418 Loss dta_tv:  0.0274 Loss dta_proxy:  0.4309 Loss dta_trans:  0.0066 Loss dta_phys:  0.0060 Loss dta_preserve:  0.0051
Time:  0.0766 Epoch: 012 Iter:  200/ 600 LR: 0.0000473670 Loss content:  0.0169 Loss fft:  0.8067 Loss dta_rank:  0.7467 Loss dta_tv:  0.0266 Loss dta_proxy:  0.4585 Loss dta_trans:  0.0049 Loss dta_phys:  0.0066 Loss dta_preserve:  0.0044
Time:  0.0754 Epoch: 012 Iter:  250/ 600 LR: 0.0000473670 Loss content:  0.0170 Loss fft:  0.7855 Loss dta_rank:  0.7487 Loss dta_tv:  0.0279 Loss dta_proxy:  0.4538 Loss dta_trans:  0.0074 Loss dta_phys:  0.0074 Loss dta_preserve:  0.0045
Time:  0.0713 Epoch: 012 Iter:  300/ 600 LR: 0.0000473670 Loss content:  0.0175 Loss fft:  0.8251 Loss dta_rank:  0.7417 Loss dta_tv:  0.0268 Loss dta_proxy:  0.4514 Loss dta_trans:  0.0068 Loss dta_phys:  0.0069 Loss dta_preserve:  0.0057
Time:  0.0754 Epoch: 012 Iter:  350/ 600 LR: 0.0000473670 Loss content:  0.0174 Loss fft:  0.8322 Loss dta_rank:  0.7414 Loss dta_tv:  0.0267 Loss dta_proxy:  0.4426 Loss dta_trans:  0.0055 Loss dta_phys:  0.0071 Loss dta_preserve:  0.0061
Time:  0.0783 Epoch: 012 Iter:  400/ 600 LR: 0.0000473670 Loss content:  0.0174 Loss fft:  0.8275 Loss dta_rank:  0.7387 Loss dta_tv:  0.0274 Loss dta_proxy:  0.4241 Loss dta_trans:  0.0057 Loss dta_phys:  0.0067 Loss dta_preserve:  0.0062
Time:  0.0732 Epoch: 012 Iter:  450/ 600 LR: 0.0000473670 Loss content:  0.0167 Loss fft:  0.8244 Loss dta_rank:  0.7432 Loss dta_tv:  0.0272 Loss dta_proxy:  0.4425 Loss dta_trans:  0.0050 Loss dta_phys:  0.0063 Loss dta_preserve:  0.0044
Time:  0.0739 Epoch: 012 Iter:  500/ 600 LR: 0.0000473670 Loss content:  0.0169 Loss fft:  0.7965 Loss dta_rank:  0.7427 Loss dta_tv:  0.0270 Loss dta_proxy:  0.4434 Loss dta_trans:  0.0073 Loss dta_phys:  0.0073 Loss dta_preserve:  0.0048
Time:  0.0748 Epoch: 012 Iter:  550/ 600 LR: 0.0000473670 Loss content:  0.0172 Loss fft:  0.8154 Loss dta_rank:  0.7374 Loss dta_tv:  0.0271 Loss dta_proxy:  0.4218 Loss dta_trans:  0.0062 Loss dta_phys:  0.0064 Loss dta_preserve:  0.0039
Time:  0.0757 Epoch: 012 Iter:  600/ 600 LR: 0.0000473670 Loss content:  0.0165 Loss fft:  0.8113 Loss dta_rank:  0.7435 Loss dta_tv:  0.0264 Loss dta_proxy:  0.4338 Loss dta_trans:  0.0057 Loss dta_phys:  0.0073 Loss dta_preserve:  0.0049
EPOCH: 12
Elapsed time: 0.91 Epoch Pixel Loss:  0.0170 Epoch FFT Loss:  0.8161 Epoch DTA Rank:  0.7419 Epoch DTA TV:  0.0271 Epoch DTA Proxy:  0.4407 Epoch DTA Trans:  0.0060 Epoch DTA Phys:  0.0067 Epoch DTA Preserve:  0.0052
DTA_GATE_RAMP epoch=13 gate_limit=0.060000
Time:  0.0770 Epoch: 013 Iter:   50/ 600 LR: 0.0000383414 Loss content:  0.0169 Loss fft:  0.8023 Loss dta_rank:  0.7417 Loss dta_tv:  0.0279 Loss dta_proxy:  0.4191 Loss dta_trans:  0.0073 Loss dta_phys:  0.0068 Loss dta_preserve:  0.0045
Time:  0.0745 Epoch: 013 Iter:  100/ 600 LR: 0.0000383414 Loss content:  0.0164 Loss fft:  0.8143 Loss dta_rank:  0.7426 Loss dta_tv:  0.0270 Loss dta_proxy:  0.4534 Loss dta_trans:  0.0057 Loss dta_phys:  0.0073 Loss dta_preserve:  0.0047
Time:  0.0742 Epoch: 013 Iter:  150/ 600 LR: 0.0000383414 Loss content:  0.0177 Loss fft:  0.8350 Loss dta_rank:  0.7388 Loss dta_tv:  0.0272 Loss dta_proxy:  0.4398 Loss dta_trans:  0.0056 Loss dta_phys:  0.0064 Loss dta_preserve:  0.0061
Time:  0.0760 Epoch: 013 Iter:  200/ 600 LR: 0.0000383414 Loss content:  0.0169 Loss fft:  0.8213 Loss dta_rank:  0.7466 Loss dta_tv:  0.0270 Loss dta_proxy:  0.4387 Loss dta_trans:  0.0059 Loss dta_phys:  0.0068 Loss dta_preserve:  0.0059
Time:  0.0771 Epoch: 013 Iter:  250/ 600 LR: 0.0000383414 Loss content:  0.0172 Loss fft:  0.7962 Loss dta_rank:  0.7424 Loss dta_tv:  0.0263 Loss dta_proxy:  0.4365 Loss dta_trans:  0.0054 Loss dta_phys:  0.0062 Loss dta_preserve:  0.0051
Time:  0.0723 Epoch: 013 Iter:  300/ 600 LR: 0.0000383414 Loss content:  0.0170 Loss fft:  0.8281 Loss dta_rank:  0.7398 Loss dta_tv:  0.0270 Loss dta_proxy:  0.4279 Loss dta_trans:  0.0050 Loss dta_phys:  0.0066 Loss dta_preserve:  0.0042
Time:  0.0670 Epoch: 013 Iter:  350/ 600 LR: 0.0000383414 Loss content:  0.0169 Loss fft:  0.8217 Loss dta_rank:  0.7411 Loss dta_tv:  0.0263 Loss dta_proxy:  0.4496 Loss dta_trans:  0.0062 Loss dta_phys:  0.0071 Loss dta_preserve:  0.0057
Time:  0.0622 Epoch: 013 Iter:  400/ 600 LR: 0.0000383414 Loss content:  0.0169 Loss fft:  0.8118 Loss dta_rank:  0.7412 Loss dta_tv:  0.0260 Loss dta_proxy:  0.4636 Loss dta_trans:  0.0054 Loss dta_phys:  0.0064 Loss dta_preserve:  0.0054
Time:  0.0712 Epoch: 013 Iter:  450/ 600 LR: 0.0000383414 Loss content:  0.0162 Loss fft:  0.7824 Loss dta_rank:  0.7381 Loss dta_tv:  0.0266 Loss dta_proxy:  0.4325 Loss dta_trans:  0.0073 Loss dta_phys:  0.0072 Loss dta_preserve:  0.0043
Time:  0.0732 Epoch: 013 Iter:  500/ 600 LR: 0.0000383414 Loss content:  0.0174 Loss fft:  0.8404 Loss dta_rank:  0.7530 Loss dta_tv:  0.0259 Loss dta_proxy:  0.4598 Loss dta_trans:  0.0054 Loss dta_phys:  0.0062 Loss dta_preserve:  0.0041
Time:  0.0765 Epoch: 013 Iter:  550/ 600 LR: 0.0000383414 Loss content:  0.0167 Loss fft:  0.8057 Loss dta_rank:  0.7451 Loss dta_tv:  0.0270 Loss dta_proxy:  0.4292 Loss dta_trans:  0.0066 Loss dta_phys:  0.0069 Loss dta_preserve:  0.0048
Time:  0.0779 Epoch: 013 Iter:  600/ 600 LR: 0.0000383414 Loss content:  0.0170 Loss fft:  0.8122 Loss dta_rank:  0.7412 Loss dta_tv:  0.0269 Loss dta_proxy:  0.4571 Loss dta_trans:  0.0057 Loss dta_phys:  0.0066 Loss dta_preserve:  0.0047
EPOCH: 13
Elapsed time: 0.88 Epoch Pixel Loss:  0.0169 Epoch FFT Loss:  0.8143 Epoch DTA Rank:  0.7426 Epoch DTA TV:  0.0268 Epoch DTA Proxy:  0.4423 Epoch DTA Trans:  0.0060 Epoch DTA Phys:  0.0067 Epoch DTA Preserve:  0.0049
DTA_GATE_RAMP epoch=14 gate_limit=0.060000
Time:  0.0819 Epoch: 014 Iter:   50/ 600 LR: 0.0000297690 Loss content:  0.0164 Loss fft:  0.8199 Loss dta_rank:  0.7482 Loss dta_tv:  0.0269 Loss dta_proxy:  0.4357 Loss dta_trans:  0.0064 Loss dta_phys:  0.0071 Loss dta_preserve:  0.0055
Time:  0.0757 Epoch: 014 Iter:  100/ 600 LR: 0.0000297690 Loss content:  0.0173 Loss fft:  0.8224 Loss dta_rank:  0.7326 Loss dta_tv:  0.0267 Loss dta_proxy:  0.4414 Loss dta_trans:  0.0053 Loss dta_phys:  0.0059 Loss dta_preserve:  0.0041
Time:  0.0762 Epoch: 014 Iter:  150/ 600 LR: 0.0000297690 Loss content:  0.0167 Loss fft:  0.7973 Loss dta_rank:  0.7466 Loss dta_tv:  0.0268 Loss dta_proxy:  0.4448 Loss dta_trans:  0.0063 Loss dta_phys:  0.0073 Loss dta_preserve:  0.0062
Time:  0.0781 Epoch: 014 Iter:  200/ 600 LR: 0.0000297690 Loss content:  0.0172 Loss fft:  0.8087 Loss dta_rank:  0.7415 Loss dta_tv:  0.0266 Loss dta_proxy:  0.4386 Loss dta_trans:  0.0056 Loss dta_phys:  0.0070 Loss dta_preserve:  0.0047
Time:  0.0697 Epoch: 014 Iter:  250/ 600 LR: 0.0000297690 Loss content:  0.0175 Loss fft:  0.8180 Loss dta_rank:  0.7415 Loss dta_tv:  0.0272 Loss dta_proxy:  0.4437 Loss dta_trans:  0.0065 Loss dta_phys:  0.0069 Loss dta_preserve:  0.0081
Time:  0.0650 Epoch: 014 Iter:  300/ 600 LR: 0.0000297690 Loss content:  0.0166 Loss fft:  0.7739 Loss dta_rank:  0.7426 Loss dta_tv:  0.0274 Loss dta_proxy:  0.4139 Loss dta_trans:  0.0060 Loss dta_phys:  0.0070 Loss dta_preserve:  0.0058
Time:  0.0621 Epoch: 014 Iter:  350/ 600 LR: 0.0000297690 Loss content:  0.0175 Loss fft:  0.8416 Loss dta_rank:  0.7518 Loss dta_tv:  0.0262 Loss dta_proxy:  0.4579 Loss dta_trans:  0.0049 Loss dta_phys:  0.0069 Loss dta_preserve:  0.0062
Time:  0.0628 Epoch: 014 Iter:  400/ 600 LR: 0.0000297690 Loss content:  0.0172 Loss fft:  0.8354 Loss dta_rank:  0.7445 Loss dta_tv:  0.0268 Loss dta_proxy:  0.4473 Loss dta_trans:  0.0050 Loss dta_phys:  0.0071 Loss dta_preserve:  0.0062
Time:  0.0629 Epoch: 014 Iter:  450/ 600 LR: 0.0000297690 Loss content:  0.0173 Loss fft:  0.8276 Loss dta_rank:  0.7432 Loss dta_tv:  0.0262 Loss dta_proxy:  0.4606 Loss dta_trans:  0.0057 Loss dta_phys:  0.0065 Loss dta_preserve:  0.0043
Time:  0.0732 Epoch: 014 Iter:  500/ 600 LR: 0.0000297690 Loss content:  0.0175 Loss fft:  0.8703 Loss dta_rank:  0.7419 Loss dta_tv:  0.0266 Loss dta_proxy:  0.4458 Loss dta_trans:  0.0059 Loss dta_phys:  0.0066 Loss dta_preserve:  0.0060
Time:  0.0762 Epoch: 014 Iter:  550/ 600 LR: 0.0000297690 Loss content:  0.0173 Loss fft:  0.7909 Loss dta_rank:  0.7435 Loss dta_tv:  0.0271 Loss dta_proxy:  0.4390 Loss dta_trans:  0.0063 Loss dta_phys:  0.0067 Loss dta_preserve:  0.0052
Time:  0.0740 Epoch: 014 Iter:  600/ 600 LR: 0.0000297690 Loss content:  0.0178 Loss fft:  0.8235 Loss dta_rank:  0.7411 Loss dta_tv:  0.0268 Loss dta_proxy:  0.4444 Loss dta_trans:  0.0059 Loss dta_phys:  0.0072 Loss dta_preserve:  0.0052
EPOCH: 14
Elapsed time: 0.86 Epoch Pixel Loss:  0.0172 Epoch FFT Loss:  0.8191 Epoch DTA Rank:  0.7432 Epoch DTA TV:  0.0268 Epoch DTA Proxy:  0.4428 Epoch DTA Trans:  0.0058 Epoch DTA Phys:  0.0068 Epoch DTA Preserve:  0.0056
DTA_GATE_RAMP epoch=15 gate_limit=0.060000
Time:  0.0701 Epoch: 015 Iter:   50/ 600 LR: 0.0000219361 Loss content:  0.0163 Loss fft:  0.7662 Loss dta_rank:  0.7393 Loss dta_tv:  0.0272 Loss dta_proxy:  0.4397 Loss dta_trans:  0.0066 Loss dta_phys:  0.0072 Loss dta_preserve:  0.0050
Time:  0.0694 Epoch: 015 Iter:  100/ 600 LR: 0.0000219361 Loss content:  0.0176 Loss fft:  0.8385 Loss dta_rank:  0.7396 Loss dta_tv:  0.0264 Loss dta_proxy:  0.4484 Loss dta_trans:  0.0061 Loss dta_phys:  0.0070 Loss dta_preserve:  0.0040
Time:  0.0724 Epoch: 015 Iter:  150/ 600 LR: 0.0000219361 Loss content:  0.0169 Loss fft:  0.7965 Loss dta_rank:  0.7407 Loss dta_tv:  0.0261 Loss dta_proxy:  0.4340 Loss dta_trans:  0.0054 Loss dta_phys:  0.0070 Loss dta_preserve:  0.0042
Time:  0.0769 Epoch: 015 Iter:  200/ 600 LR: 0.0000219361 Loss content:  0.0172 Loss fft:  0.8383 Loss dta_rank:  0.7445 Loss dta_tv:  0.0266 Loss dta_proxy:  0.4546 Loss dta_trans:  0.0053 Loss dta_phys:  0.0065 Loss dta_preserve:  0.0052
Time:  0.0745 Epoch: 015 Iter:  250/ 600 LR: 0.0000219361 Loss content:  0.0178 Loss fft:  0.8124 Loss dta_rank:  0.7375 Loss dta_tv:  0.0266 Loss dta_proxy:  0.4478 Loss dta_trans:  0.0058 Loss dta_phys:  0.0071 Loss dta_preserve:  0.0050
Time:  0.0692 Epoch: 015 Iter:  300/ 600 LR: 0.0000219361 Loss content:  0.0178 Loss fft:  0.8347 Loss dta_rank:  0.7488 Loss dta_tv:  0.0264 Loss dta_proxy:  0.4504 Loss dta_trans:  0.0056 Loss dta_phys:  0.0068 Loss dta_preserve:  0.0044
Time:  0.0622 Epoch: 015 Iter:  350/ 600 LR: 0.0000219361 Loss content:  0.0166 Loss fft:  0.8089 Loss dta_rank:  0.7385 Loss dta_tv:  0.0271 Loss dta_proxy:  0.4242 Loss dta_trans:  0.0064 Loss dta_phys:  0.0067 Loss dta_preserve:  0.0047
Time:  0.0613 Epoch: 015 Iter:  400/ 600 LR: 0.0000219361 Loss content:  0.0178 Loss fft:  0.8208 Loss dta_rank:  0.7386 Loss dta_tv:  0.0260 Loss dta_proxy:  0.4508 Loss dta_trans:  0.0060 Loss dta_phys:  0.0070 Loss dta_preserve:  0.0052
Time:  0.0695 Epoch: 015 Iter:  450/ 600 LR: 0.0000219361 Loss content:  0.0171 Loss fft:  0.8400 Loss dta_rank:  0.7398 Loss dta_tv:  0.0261 Loss dta_proxy:  0.4438 Loss dta_trans:  0.0052 Loss dta_phys:  0.0069 Loss dta_preserve:  0.0043
Time:  0.0749 Epoch: 015 Iter:  500/ 600 LR: 0.0000219361 Loss content:  0.0172 Loss fft:  0.8190 Loss dta_rank:  0.7479 Loss dta_tv:  0.0264 Loss dta_proxy:  0.4478 Loss dta_trans:  0.0055 Loss dta_phys:  0.0076 Loss dta_preserve:  0.0035
Time:  0.0740 Epoch: 015 Iter:  550/ 600 LR: 0.0000219361 Loss content:  0.0171 Loss fft:  0.8095 Loss dta_rank:  0.7404 Loss dta_tv:  0.0267 Loss dta_proxy:  0.4406 Loss dta_trans:  0.0054 Loss dta_phys:  0.0064 Loss dta_preserve:  0.0056
Time:  0.0741 Epoch: 015 Iter:  600/ 600 LR: 0.0000219361 Loss content:  0.0171 Loss fft:  0.8319 Loss dta_rank:  0.7355 Loss dta_tv:  0.0272 Loss dta_proxy:  0.4349 Loss dta_trans:  0.0068 Loss dta_phys:  0.0068 Loss dta_preserve:  0.0040
EPOCH: 15
Elapsed time: 0.85 Epoch Pixel Loss:  0.0172 Epoch FFT Loss:  0.8181 Epoch DTA Rank:  0.7409 Epoch DTA TV:  0.0266 Epoch DTA Proxy:  0.4431 Epoch DTA Trans:  0.0058 Epoch DTA Phys:  0.0069 Epoch DTA Preserve:  0.0046
DTA_GATE_RAMP epoch=16 gate_limit=0.060000
Time:  0.0818 Epoch: 016 Iter:   50/ 600 LR: 0.0000151017 Loss content:  0.0175 Loss fft:  0.8055 Loss dta_rank:  0.7438 Loss dta_tv:  0.0265 Loss dta_proxy:  0.4377 Loss dta_trans:  0.0049 Loss dta_phys:  0.0058 Loss dta_preserve:  0.0053
Time:  0.0694 Epoch: 016 Iter:  100/ 600 LR: 0.0000151017 Loss content:  0.0161 Loss fft:  0.7915 Loss dta_rank:  0.7360 Loss dta_tv:  0.0275 Loss dta_proxy:  0.4055 Loss dta_trans:  0.0062 Loss dta_phys:  0.0063 Loss dta_preserve:  0.0045
Time:  0.0620 Epoch: 016 Iter:  150/ 600 LR: 0.0000151017 Loss content:  0.0168 Loss fft:  0.8058 Loss dta_rank:  0.7476 Loss dta_tv:  0.0259 Loss dta_proxy:  0.4552 Loss dta_trans:  0.0053 Loss dta_phys:  0.0062 Loss dta_preserve:  0.0071
Time:  0.0619 Epoch: 016 Iter:  200/ 600 LR: 0.0000151017 Loss content:  0.0173 Loss fft:  0.8022 Loss dta_rank:  0.7399 Loss dta_tv:  0.0266 Loss dta_proxy:  0.4206 Loss dta_trans:  0.0058 Loss dta_phys:  0.0068 Loss dta_preserve:  0.0051
Time:  0.0629 Epoch: 016 Iter:  250/ 600 LR: 0.0000151017 Loss content:  0.0173 Loss fft:  0.8499 Loss dta_rank:  0.7426 Loss dta_tv:  0.0266 Loss dta_proxy:  0.4456 Loss dta_trans:  0.0054 Loss dta_phys:  0.0068 Loss dta_preserve:  0.0058
Time:  0.0626 Epoch: 016 Iter:  300/ 600 LR: 0.0000151017 Loss content:  0.0170 Loss fft:  0.8252 Loss dta_rank:  0.7413 Loss dta_tv:  0.0268 Loss dta_proxy:  0.4325 Loss dta_trans:  0.0069 Loss dta_phys:  0.0066 Loss dta_preserve:  0.0045
Time:  0.0723 Epoch: 016 Iter:  350/ 600 LR: 0.0000151017 Loss content:  0.0175 Loss fft:  0.8262 Loss dta_rank:  0.7450 Loss dta_tv:  0.0263 Loss dta_proxy:  0.4525 Loss dta_trans:  0.0060 Loss dta_phys:  0.0067 Loss dta_preserve:  0.0048
Time:  0.0751 Epoch: 016 Iter:  400/ 600 LR: 0.0000151017 Loss content:  0.0175 Loss fft:  0.8578 Loss dta_rank:  0.7414 Loss dta_tv:  0.0264 Loss dta_proxy:  0.4363 Loss dta_trans:  0.0057 Loss dta_phys:  0.0067 Loss dta_preserve:  0.0051
Time:  0.0734 Epoch: 016 Iter:  450/ 600 LR: 0.0000151017 Loss content:  0.0167 Loss fft:  0.7928 Loss dta_rank:  0.7390 Loss dta_tv:  0.0261 Loss dta_proxy:  0.4476 Loss dta_trans:  0.0052 Loss dta_phys:  0.0072 Loss dta_preserve:  0.0044
Time:  0.0741 Epoch: 016 Iter:  500/ 600 LR: 0.0000151017 Loss content:  0.0170 Loss fft:  0.8137 Loss dta_rank:  0.7394 Loss dta_tv:  0.0266 Loss dta_proxy:  0.4276 Loss dta_trans:  0.0065 Loss dta_phys:  0.0069 Loss dta_preserve:  0.0049
Time:  0.0709 Epoch: 016 Iter:  550/ 600 LR: 0.0000151017 Loss content:  0.0173 Loss fft:  0.8020 Loss dta_rank:  0.7395 Loss dta_tv:  0.0265 Loss dta_proxy:  0.4437 Loss dta_trans:  0.0067 Loss dta_phys:  0.0074 Loss dta_preserve:  0.0051
Time:  0.0758 Epoch: 016 Iter:  600/ 600 LR: 0.0000151017 Loss content:  0.0169 Loss fft:  0.8016 Loss dta_rank:  0.7422 Loss dta_tv:  0.0272 Loss dta_proxy:  0.4338 Loss dta_trans:  0.0058 Loss dta_phys:  0.0069 Loss dta_preserve:  0.0048
EPOCH: 16
Elapsed time: 0.85 Epoch Pixel Loss:  0.0171 Epoch FFT Loss:  0.8145 Epoch DTA Rank:  0.7415 Epoch DTA TV:  0.0266 Epoch DTA Proxy:  0.4366 Epoch DTA Trans:  0.0059 Epoch DTA Phys:  0.0067 Epoch DTA Preserve:  0.0051
DTA_GATE_RAMP epoch=17 gate_limit=0.060000
Time:  0.0795 Epoch: 017 Iter:   50/ 600 LR: 0.0000094853 Loss content:  0.0163 Loss fft:  0.7699 Loss dta_rank:  0.7327 Loss dta_tv:  0.0271 Loss dta_proxy:  0.4264 Loss dta_trans:  0.0064 Loss dta_phys:  0.0068 Loss dta_preserve:  0.0044
Time:  0.0705 Epoch: 017 Iter:  100/ 600 LR: 0.0000094853 Loss content:  0.0166 Loss fft:  0.8338 Loss dta_rank:  0.7384 Loss dta_tv:  0.0266 Loss dta_proxy:  0.4399 Loss dta_trans:  0.0055 Loss dta_phys:  0.0072 Loss dta_preserve:  0.0056
Time:  0.0731 Epoch: 017 Iter:  150/ 600 LR: 0.0000094853 Loss content:  0.0169 Loss fft:  0.8426 Loss dta_rank:  0.7389 Loss dta_tv:  0.0267 Loss dta_proxy:  0.4443 Loss dta_trans:  0.0057 Loss dta_phys:  0.0067 Loss dta_preserve:  0.0044
Time:  0.0758 Epoch: 017 Iter:  200/ 600 LR: 0.0000094853 Loss content:  0.0170 Loss fft:  0.8072 Loss dta_rank:  0.7369 Loss dta_tv:  0.0275 Loss dta_proxy:  0.4211 Loss dta_trans:  0.0072 Loss dta_phys:  0.0065 Loss dta_preserve:  0.0054
Time:  0.0766 Epoch: 017 Iter:  250/ 600 LR: 0.0000094853 Loss content:  0.0174 Loss fft:  0.8036 Loss dta_rank:  0.7395 Loss dta_tv:  0.0268 Loss dta_proxy:  0.4390 Loss dta_trans:  0.0054 Loss dta_phys:  0.0070 Loss dta_preserve:  0.0047
Time:  0.0762 Epoch: 017 Iter:  300/ 600 LR: 0.0000094853 Loss content:  0.0177 Loss fft:  0.8467 Loss dta_rank:  0.7424 Loss dta_tv:  0.0257 Loss dta_proxy:  0.4617 Loss dta_trans:  0.0054 Loss dta_phys:  0.0068 Loss dta_preserve:  0.0057
Time:  0.0737 Epoch: 017 Iter:  350/ 600 LR: 0.0000094853 Loss content:  0.0174 Loss fft:  0.8207 Loss dta_rank:  0.7468 Loss dta_tv:  0.0264 Loss dta_proxy:  0.4631 Loss dta_trans:  0.0054 Loss dta_phys:  0.0073 Loss dta_preserve:  0.0083
Time:  0.0770 Epoch: 017 Iter:  400/ 600 LR: 0.0000094853 Loss content:  0.0173 Loss fft:  0.8231 Loss dta_rank:  0.7377 Loss dta_tv:  0.0262 Loss dta_proxy:  0.4361 Loss dta_trans:  0.0057 Loss dta_phys:  0.0072 Loss dta_preserve:  0.0052
Time:  0.0759 Epoch: 017 Iter:  450/ 600 LR: 0.0000094853 Loss content:  0.0180 Loss fft:  0.8310 Loss dta_rank:  0.7340 Loss dta_tv:  0.0265 Loss dta_proxy:  0.4350 Loss dta_trans:  0.0060 Loss dta_phys:  0.0075 Loss dta_preserve:  0.0066
Time:  0.0786 Epoch: 017 Iter:  500/ 600 LR: 0.0000094853 Loss content:  0.0178 Loss fft:  0.8351 Loss dta_rank:  0.7458 Loss dta_tv:  0.0267 Loss dta_proxy:  0.4431 Loss dta_trans:  0.0054 Loss dta_phys:  0.0059 Loss dta_preserve:  0.0048
Time:  0.0749 Epoch: 017 Iter:  550/ 600 LR: 0.0000094853 Loss content:  0.0172 Loss fft:  0.8241 Loss dta_rank:  0.7450 Loss dta_tv:  0.0267 Loss dta_proxy:  0.4458 Loss dta_trans:  0.0056 Loss dta_phys:  0.0068 Loss dta_preserve:  0.0057
Time:  0.0725 Epoch: 017 Iter:  600/ 600 LR: 0.0000094853 Loss content:  0.0173 Loss fft:  0.8114 Loss dta_rank:  0.7333 Loss dta_tv:  0.0265 Loss dta_proxy:  0.4270 Loss dta_trans:  0.0056 Loss dta_phys:  0.0068 Loss dta_preserve:  0.0053
EPOCH: 17
Elapsed time: 0.91 Epoch Pixel Loss:  0.0172 Epoch FFT Loss:  0.8208 Epoch DTA Rank:  0.7393 Epoch DTA TV:  0.0266 Epoch DTA Proxy:  0.4402 Epoch DTA Trans:  0.0058 Epoch DTA Phys:  0.0069 Epoch DTA Preserve:  0.0055
DTA_GATE_RAMP epoch=18 gate_limit=0.060000
Time:  0.0774 Epoch: 018 Iter:   50/ 600 LR: 0.0000052550 Loss content:  0.0176 Loss fft:  0.8192 Loss dta_rank:  0.7381 Loss dta_tv:  0.0271 Loss dta_proxy:  0.4240 Loss dta_trans:  0.0058 Loss dta_phys:  0.0068 Loss dta_preserve:  0.0061
Time:  0.0723 Epoch: 018 Iter:  100/ 600 LR: 0.0000052550 Loss content:  0.0181 Loss fft:  0.8489 Loss dta_rank:  0.7359 Loss dta_tv:  0.0263 Loss dta_proxy:  0.4413 Loss dta_trans:  0.0055 Loss dta_phys:  0.0061 Loss dta_preserve:  0.0046
Time:  0.0726 Epoch: 018 Iter:  150/ 600 LR: 0.0000052550 Loss content:  0.0171 Loss fft:  0.7838 Loss dta_rank:  0.7384 Loss dta_tv:  0.0274 Loss dta_proxy:  0.4078 Loss dta_trans:  0.0064 Loss dta_phys:  0.0067 Loss dta_preserve:  0.0046
Time:  0.0736 Epoch: 018 Iter:  200/ 600 LR: 0.0000052550 Loss content:  0.0171 Loss fft:  0.8210 Loss dta_rank:  0.7428 Loss dta_tv:  0.0262 Loss dta_proxy:  0.4378 Loss dta_trans:  0.0051 Loss dta_phys:  0.0065 Loss dta_preserve:  0.0045
Time:  0.0734 Epoch: 018 Iter:  250/ 600 LR: 0.0000052550 Loss content:  0.0171 Loss fft:  0.8125 Loss dta_rank:  0.7467 Loss dta_tv:  0.0265 Loss dta_proxy:  0.4389 Loss dta_trans:  0.0066 Loss dta_phys:  0.0071 Loss dta_preserve:  0.0055
Time:  0.0800 Epoch: 018 Iter:  300/ 600 LR: 0.0000052550 Loss content:  0.0165 Loss fft:  0.8033 Loss dta_rank:  0.7430 Loss dta_tv:  0.0266 Loss dta_proxy:  0.4333 Loss dta_trans:  0.0060 Loss dta_phys:  0.0068 Loss dta_preserve:  0.0061
Time:  0.0760 Epoch: 018 Iter:  350/ 600 LR: 0.0000052550 Loss content:  0.0170 Loss fft:  0.8219 Loss dta_rank:  0.7398 Loss dta_tv:  0.0256 Loss dta_proxy:  0.4607 Loss dta_trans:  0.0053 Loss dta_phys:  0.0070 Loss dta_preserve:  0.0048
Time:  0.0775 Epoch: 018 Iter:  400/ 600 LR: 0.0000052550 Loss content:  0.0172 Loss fft:  0.8409 Loss dta_rank:  0.7420 Loss dta_tv:  0.0260 Loss dta_proxy:  0.4514 Loss dta_trans:  0.0051 Loss dta_phys:  0.0069 Loss dta_preserve:  0.0042
Time:  0.0738 Epoch: 018 Iter:  450/ 600 LR: 0.0000052550 Loss content:  0.0168 Loss fft:  0.8031 Loss dta_rank:  0.7464 Loss dta_tv:  0.0268 Loss dta_proxy:  0.4434 Loss dta_trans:  0.0057 Loss dta_phys:  0.0066 Loss dta_preserve:  0.0062
Time:  0.0742 Epoch: 018 Iter:  500/ 600 LR: 0.0000052550 Loss content:  0.0180 Loss fft:  0.8239 Loss dta_rank:  0.7425 Loss dta_tv:  0.0260 Loss dta_proxy:  0.4391 Loss dta_trans:  0.0054 Loss dta_phys:  0.0063 Loss dta_preserve:  0.0052
Time:  0.0628 Epoch: 018 Iter:  550/ 600 LR: 0.0000052550 Loss content:  0.0181 Loss fft:  0.8246 Loss dta_rank:  0.7365 Loss dta_tv:  0.0268 Loss dta_proxy:  0.4202 Loss dta_trans:  0.0060 Loss dta_phys:  0.0069 Loss dta_preserve:  0.0057
Time:  0.0635 Epoch: 018 Iter:  600/ 600 LR: 0.0000052550 Loss content:  0.0167 Loss fft:  0.8072 Loss dta_rank:  0.7452 Loss dta_tv:  0.0264 Loss dta_proxy:  0.4537 Loss dta_trans:  0.0063 Loss dta_phys:  0.0069 Loss dta_preserve:  0.0052
EPOCH: 18
Elapsed time: 0.88 Epoch Pixel Loss:  0.0173 Epoch FFT Loss:  0.8175 Epoch DTA Rank:  0.7414 Epoch DTA TV:  0.0265 Epoch DTA Proxy:  0.4376 Epoch DTA Trans:  0.0058 Epoch DTA Phys:  0.0067 Epoch DTA Preserve:  0.0052
DTA_GATE_RAMP epoch=19 gate_limit=0.060000
Time:  0.0709 Epoch: 019 Iter:   50/ 600 LR: 0.0000025070 Loss content:  0.0171 Loss fft:  0.8213 Loss dta_rank:  0.7380 Loss dta_tv:  0.0260 Loss dta_proxy:  0.4622 Loss dta_trans:  0.0049 Loss dta_phys:  0.0066 Loss dta_preserve:  0.0046
Time:  0.0707 Epoch: 019 Iter:  100/ 600 LR: 0.0000025070 Loss content:  0.0167 Loss fft:  0.8119 Loss dta_rank:  0.7413 Loss dta_tv:  0.0265 Loss dta_proxy:  0.4314 Loss dta_trans:  0.0055 Loss dta_phys:  0.0072 Loss dta_preserve:  0.0052
Time:  0.0713 Epoch: 019 Iter:  150/ 600 LR: 0.0000025070 Loss content:  0.0175 Loss fft:  0.8494 Loss dta_rank:  0.7384 Loss dta_tv:  0.0260 Loss dta_proxy:  0.4465 Loss dta_trans:  0.0062 Loss dta_phys:  0.0065 Loss dta_preserve:  0.0059
Time:  0.0746 Epoch: 019 Iter:  200/ 600 LR: 0.0000025070 Loss content:  0.0176 Loss fft:  0.8470 Loss dta_rank:  0.7402 Loss dta_tv:  0.0258 Loss dta_proxy:  0.4649 Loss dta_trans:  0.0051 Loss dta_phys:  0.0067 Loss dta_preserve:  0.0063
Time:  0.0732 Epoch: 019 Iter:  250/ 600 LR: 0.0000025070 Loss content:  0.0169 Loss fft:  0.7741 Loss dta_rank:  0.7433 Loss dta_tv:  0.0266 Loss dta_proxy:  0.4291 Loss dta_trans:  0.0055 Loss dta_phys:  0.0065 Loss dta_preserve:  0.0044
Time:  0.0742 Epoch: 019 Iter:  300/ 600 LR: 0.0000025070 Loss content:  0.0170 Loss fft:  0.8095 Loss dta_rank:  0.7383 Loss dta_tv:  0.0262 Loss dta_proxy:  0.4458 Loss dta_trans:  0.0053 Loss dta_phys:  0.0070 Loss dta_preserve:  0.0051
Time:  0.0744 Epoch: 019 Iter:  350/ 600 LR: 0.0000025070 Loss content:  0.0169 Loss fft:  0.8312 Loss dta_rank:  0.7446 Loss dta_tv:  0.0274 Loss dta_proxy:  0.4082 Loss dta_trans:  0.0061 Loss dta_phys:  0.0062 Loss dta_preserve:  0.0052
Time:  0.0750 Epoch: 019 Iter:  400/ 600 LR: 0.0000025070 Loss content:  0.0168 Loss fft:  0.7684 Loss dta_rank:  0.7398 Loss dta_tv:  0.0265 Loss dta_proxy:  0.4297 Loss dta_trans:  0.0064 Loss dta_phys:  0.0065 Loss dta_preserve:  0.0043
Time:  0.0715 Epoch: 019 Iter:  450/ 600 LR: 0.0000025070 Loss content:  0.0172 Loss fft:  0.8160 Loss dta_rank:  0.7405 Loss dta_tv:  0.0259 Loss dta_proxy:  0.4557 Loss dta_trans:  0.0062 Loss dta_phys:  0.0066 Loss dta_preserve:  0.0051
Time:  0.0746 Epoch: 019 Iter:  500/ 600 LR: 0.0000025070 Loss content:  0.0170 Loss fft:  0.8260 Loss dta_rank:  0.7400 Loss dta_tv:  0.0265 Loss dta_proxy:  0.4275 Loss dta_trans:  0.0058 Loss dta_phys:  0.0067 Loss dta_preserve:  0.0053
Time:  0.0744 Epoch: 019 Iter:  550/ 600 LR: 0.0000025070 Loss content:  0.0168 Loss fft:  0.8452 Loss dta_rank:  0.7420 Loss dta_tv:  0.0269 Loss dta_proxy:  0.4394 Loss dta_trans:  0.0061 Loss dta_phys:  0.0066 Loss dta_preserve:  0.0046
Time:  0.0722 Epoch: 019 Iter:  600/ 600 LR: 0.0000025070 Loss content:  0.0169 Loss fft:  0.8218 Loss dta_rank:  0.7412 Loss dta_tv:  0.0265 Loss dta_proxy:  0.4389 Loss dta_trans:  0.0062 Loss dta_phys:  0.0072 Loss dta_preserve:  0.0039
EPOCH: 19
Elapsed time: 0.88 Epoch Pixel Loss:  0.0170 Epoch FFT Loss:  0.8185 Epoch DTA Rank:  0.7406 Epoch DTA TV:  0.0264 Epoch DTA Proxy:  0.4399 Epoch DTA Trans:  0.0058 Epoch DTA Phys:  0.0067 Epoch DTA Preserve:  0.0050
DTA_GATE_RAMP epoch=20 gate_limit=0.060000
Time:  0.0775 Epoch: 020 Iter:   50/ 600 LR: 0.0000012125 Loss content:  0.0170 Loss fft:  0.7974 Loss dta_rank:  0.7363 Loss dta_tv:  0.0261 Loss dta_proxy:  0.4497 Loss dta_trans:  0.0054 Loss dta_phys:  0.0068 Loss dta_preserve:  0.0043
Time:  0.0768 Epoch: 020 Iter:  100/ 600 LR: 0.0000012125 Loss content:  0.0166 Loss fft:  0.7918 Loss dta_rank:  0.7495 Loss dta_tv:  0.0261 Loss dta_proxy:  0.4531 Loss dta_trans:  0.0046 Loss dta_phys:  0.0070 Loss dta_preserve:  0.0053
Time:  0.0617 Epoch: 020 Iter:  150/ 600 LR: 0.0000012125 Loss content:  0.0184 Loss fft:  0.8517 Loss dta_rank:  0.7449 Loss dta_tv:  0.0259 Loss dta_proxy:  0.4484 Loss dta_trans:  0.0050 Loss dta_phys:  0.0072 Loss dta_preserve:  0.0039
Time:  0.0708 Epoch: 020 Iter:  200/ 600 LR: 0.0000012125 Loss content:  0.0171 Loss fft:  0.8150 Loss dta_rank:  0.7367 Loss dta_tv:  0.0265 Loss dta_proxy:  0.4372 Loss dta_trans:  0.0060 Loss dta_phys:  0.0070 Loss dta_preserve:  0.0043
Time:  0.0716 Epoch: 020 Iter:  250/ 600 LR: 0.0000012125 Loss content:  0.0174 Loss fft:  0.8189 Loss dta_rank:  0.7442 Loss dta_tv:  0.0266 Loss dta_proxy:  0.4502 Loss dta_trans:  0.0059 Loss dta_phys:  0.0066 Loss dta_preserve:  0.0045
Time:  0.0619 Epoch: 020 Iter:  300/ 600 LR: 0.0000012125 Loss content:  0.0182 Loss fft:  0.8359 Loss dta_rank:  0.7358 Loss dta_tv:  0.0268 Loss dta_proxy:  0.4233 Loss dta_trans:  0.0051 Loss dta_phys:  0.0070 Loss dta_preserve:  0.0047
Time:  0.0707 Epoch: 020 Iter:  350/ 600 LR: 0.0000012125 Loss content:  0.0165 Loss fft:  0.8028 Loss dta_rank:  0.7464 Loss dta_tv:  0.0266 Loss dta_proxy:  0.4451 Loss dta_trans:  0.0057 Loss dta_phys:  0.0062 Loss dta_preserve:  0.0049
Time:  0.0778 Epoch: 020 Iter:  400/ 600 LR: 0.0000012125 Loss content:  0.0173 Loss fft:  0.8486 Loss dta_rank:  0.7356 Loss dta_tv:  0.0262 Loss dta_proxy:  0.4372 Loss dta_trans:  0.0055 Loss dta_phys:  0.0066 Loss dta_preserve:  0.0056
Time:  0.0764 Epoch: 020 Iter:  450/ 600 LR: 0.0000012125 Loss content:  0.0174 Loss fft:  0.8238 Loss dta_rank:  0.7392 Loss dta_tv:  0.0264 Loss dta_proxy:  0.4551 Loss dta_trans:  0.0052 Loss dta_phys:  0.0067 Loss dta_preserve:  0.0041
Time:  0.0733 Epoch: 020 Iter:  500/ 600 LR: 0.0000012125 Loss content:  0.0168 Loss fft:  0.8328 Loss dta_rank:  0.7412 Loss dta_tv:  0.0265 Loss dta_proxy:  0.4518 Loss dta_trans:  0.0064 Loss dta_phys:  0.0068 Loss dta_preserve:  0.0059
Time:  0.0621 Epoch: 020 Iter:  550/ 600 LR: 0.0000012125 Loss content:  0.0165 Loss fft:  0.7871 Loss dta_rank:  0.7360 Loss dta_tv:  0.0269 Loss dta_proxy:  0.4343 Loss dta_trans:  0.0068 Loss dta_phys:  0.0070 Loss dta_preserve:  0.0052
Time:  0.0619 Epoch: 020 Iter:  600/ 600 LR: 0.0000012125 Loss content:  0.0168 Loss fft:  0.8061 Loss dta_rank:  0.7380 Loss dta_tv:  0.0256 Loss dta_proxy:  0.4534 Loss dta_trans:  0.0058 Loss dta_phys:  0.0069 Loss dta_preserve:  0.0054
EPOCH: 20
Elapsed time: 0.85 Epoch Pixel Loss:  0.0172 Epoch FFT Loss:  0.8177 Epoch DTA Rank:  0.7403 Epoch DTA TV:  0.0263 Epoch DTA Proxy:  0.4449 Epoch DTA Trans:  0.0056 Epoch DTA Phys:  0.0068 Epoch DTA Preserve:  0.0048
