Namespace(model_name='ConvIR-Haze4K-DTA-v2-adapter_only-zero-seed3407-f3-oof20', data='Haze4K', version='base', fam_mode='original', arch='dta_v2', seed=3407, mode='train', data_dir='/sda/home/wangyuxin/ConvIR-B/datasets/Haze4K/Haze4K', batch_size=4, learning_rate=0.0001, weight_decay=0.0, num_epoch=20, stop_epoch=20, print_freq=50, num_worker=4, save_freq=5, valid_freq=9999, mod_stats_freq=5, mod_stats_batches=16, grad_clip_norm=0.001, dta_grad_clip_norm=0.05, dta_neighbor_grad_clip_norm=0.005, init_model='/sda/home/wangyuxin/ConvIR-B/checkpoints/official/Haze4K/haze4k-base.pkl', init_model_partial=True, partial_new_prefixes='DTA.', resume='', train_scope='adapter_only', dta_depth_cache_dir='/sda/home/wangyuxin/ConvIR-B/depth_cache/depth_anything_v2_small_hf', dta_train_depth_split='train', dta_eval_depth_split='train', valid_root_split='train', eval_root_split='test', dta_require_depth=True, dta_variant='v2', dta_depth_mode='zero', dta_prior_channels=32, dta_gate_bias=-6.0, dta_gate_limit=0.06, dta_gamma_limit=0.12, dta_beta_limit=0.06, dta_alpha_init=1.0, dta_confidence_floor=0.25, dta_confidence_local_scale=6.0, dta_output_residual_scale=0.03, dta_use_trans_gt=True, dta_trans_weight=0.02, dta_phys_weight=0.005, dta_preserve_weight=0.02, dta_preserve_trans_thresh=0.8, dta_gate_ramp_start=0.01, dta_gate_ramp_mid=0.03, dta_gate_ramp_end=0.06, dta_gate_ramp_warmup_epochs=2, dta_gate_ramp_mid_epochs=8, dta_rank_weight=0.001, dta_tv_weight=0.0001, dta_proxy_weight=0.0, dta_rank_pairs=512, dta_rank_min_depth_gap=0.03, split_json='/sda/home/wangyuxin/ConvIR-B/repos/ConvIR-B-dta-v2-calibrated/experience_docx/experiment_logs/haze4k_dta_v2_calibrated_20260611/dta_v2_haze4k_oof_splits_seed3407.json', split_name='fold3_train', test_model='', save_image=False, leaning_rate=0.0001, model_save_dir='results/ConvIR-Haze4K-DTA-v2-adapter_only-zero-seed3407-f3-oof20/Training-Results/', result_dir='results/ConvIR-Haze4K-DTA-v2-adapter_only-zero-seed3407-f3-oof20/images/Haze4K', init_model_sha256='6f42037d57a4e3de3a10ac0ab909d66a3415864a19433c29204a975f4efa4088')
/sda/home/wangyuxin/ConvIR-B/repos/ConvIR-B-dta-v2-calibrated/Dehazing/ITS/main.py:14: FutureWarning: You are using `torch.load` with `weights_only=False` (the current default value), which uses the default pickle module implicitly. It is possible to construct malicious pickle data which will execute arbitrary code during unpickling (See https://github.com/pytorch/pytorch/blob/main/SECURITY.md#untrusted-models for more details). In a future release, the default value for `weights_only` will be flipped to `True`. This limits the functions that could be executed during unpickling. Arbitrary objects will no longer be allowed to be loaded via this mode unless they are explicitly allowlisted by the user via `torch.serialization.add_safe_globals`. We recommend you start setting `weights_only=True` for any use case where you don't have full control of the loaded file. Please open an issue on GitHub for any issues related to this experimental feature.
  state = torch.load(path, map_location=map_location)
INIT_MODEL_PARTIAL_LOAD path=/sda/home/wangyuxin/ConvIR-B/checkpoints/official/Haze4K/haze4k-base.pkl loaded=602 missing_allowed=25 unexpected=[] allowed_new_prefixes=('DTA.',)
TRAIN_SCOPE scope=adapter_only arch=dta_v2 trainable=74699 total=8705364
/sda/home/wangyuxin/ConvIR-B/envs/convir-cu121/lib/python3.10/site-packages/torch/optim/lr_scheduler.py:224: UserWarning: Detected call of `lr_scheduler.step()` before `optimizer.step()`. In PyTorch 1.1.0 and later, you should call them in the opposite order: `optimizer.step()` before `lr_scheduler.step()`.  Failure to do this will result in PyTorch skipping the first value of the learning rate schedule. See more details at https://pytorch.org/docs/stable/optim.html#how-to-adjust-learning-rate
  warnings.warn(
DTA_GATE_RAMP epoch=1 gate_limit=0.010000
Time:  0.0837 Epoch: 001 Iter:   50/ 600 LR: 0.0000333333 Loss content:  0.0180 Loss fft:  0.8208 Loss dta_rank:  0.0000 Loss dta_tv:  0.0038 Loss dta_proxy:  0.5288 Loss dta_trans:  0.0394 Loss dta_phys:  0.0079 Loss dta_preserve:  0.0043
Time:  0.0690 Epoch: 001 Iter:  100/ 600 LR: 0.0000333333 Loss content:  0.0180 Loss fft:  0.8561 Loss dta_rank:  0.0000 Loss dta_tv:  0.0107 Loss dta_proxy:  0.5821 Loss dta_trans:  0.0340 Loss dta_phys:  0.0093 Loss dta_preserve:  0.0083
Time:  0.0665 Epoch: 001 Iter:  150/ 600 LR: 0.0000333333 Loss content:  0.0170 Loss fft:  0.8371 Loss dta_rank:  0.0000 Loss dta_tv:  0.0151 Loss dta_proxy:  0.6097 Loss dta_trans:  0.0302 Loss dta_phys:  0.0105 Loss dta_preserve:  0.0054
Time:  0.0759 Epoch: 001 Iter:  200/ 600 LR: 0.0000333333 Loss content:  0.0168 Loss fft:  0.7985 Loss dta_rank:  0.0000 Loss dta_tv:  0.0196 Loss dta_proxy:  0.6316 Loss dta_trans:  0.0250 Loss dta_phys:  0.0087 Loss dta_preserve:  0.0071
Time:  0.0716 Epoch: 001 Iter:  250/ 600 LR: 0.0000333333 Loss content:  0.0172 Loss fft:  0.7916 Loss dta_rank:  0.0000 Loss dta_tv:  0.0251 Loss dta_proxy:  0.6296 Loss dta_trans:  0.0205 Loss dta_phys:  0.0096 Loss dta_preserve:  0.0052
Time:  0.0723 Epoch: 001 Iter:  300/ 600 LR: 0.0000333333 Loss content:  0.0165 Loss fft:  0.8143 Loss dta_rank:  0.0000 Loss dta_tv:  0.0301 Loss dta_proxy:  0.6182 Loss dta_trans:  0.0181 Loss dta_phys:  0.0088 Loss dta_preserve:  0.0049
Time:  0.0737 Epoch: 001 Iter:  350/ 600 LR: 0.0000333333 Loss content:  0.0171 Loss fft:  0.8308 Loss dta_rank:  0.0000 Loss dta_tv:  0.0338 Loss dta_proxy:  0.6371 Loss dta_trans:  0.0162 Loss dta_phys:  0.0082 Loss dta_preserve:  0.0059
Time:  0.0723 Epoch: 001 Iter:  400/ 600 LR: 0.0000333333 Loss content:  0.0170 Loss fft:  0.7960 Loss dta_rank:  0.0000 Loss dta_tv:  0.0361 Loss dta_proxy:  0.6291 Loss dta_trans:  0.0156 Loss dta_phys:  0.0081 Loss dta_preserve:  0.0046
Time:  0.0715 Epoch: 001 Iter:  450/ 600 LR: 0.0000333333 Loss content:  0.0169 Loss fft:  0.8353 Loss dta_rank:  0.0000 Loss dta_tv:  0.0375 Loss dta_proxy:  0.6281 Loss dta_trans:  0.0138 Loss dta_phys:  0.0072 Loss dta_preserve:  0.0050
Time:  0.0747 Epoch: 001 Iter:  500/ 600 LR: 0.0000333333 Loss content:  0.0171 Loss fft:  0.8179 Loss dta_rank:  0.0000 Loss dta_tv:  0.0387 Loss dta_proxy:  0.6196 Loss dta_trans:  0.0143 Loss dta_phys:  0.0074 Loss dta_preserve:  0.0054
Time:  0.0748 Epoch: 001 Iter:  550/ 600 LR: 0.0000333333 Loss content:  0.0173 Loss fft:  0.8178 Loss dta_rank:  0.0000 Loss dta_tv:  0.0377 Loss dta_proxy:  0.6536 Loss dta_trans:  0.0113 Loss dta_phys:  0.0082 Loss dta_preserve:  0.0043
Time:  0.0718 Epoch: 001 Iter:  600/ 600 LR: 0.0000333333 Loss content:  0.0172 Loss fft:  0.8470 Loss dta_rank:  0.0000 Loss dta_tv:  0.0387 Loss dta_proxy:  0.6492 Loss dta_trans:  0.0114 Loss dta_phys:  0.0070 Loss dta_preserve:  0.0066
EPOCH: 01
Elapsed time: 0.88 Epoch Pixel Loss:  0.0172 Epoch FFT Loss:  0.8219 Epoch DTA Rank:  0.0000 Epoch DTA TV:  0.0272 Epoch DTA Proxy:  0.6181 Epoch DTA Trans:  0.0208 Epoch DTA Phys:  0.0084 Epoch DTA Preserve:  0.0056
DTA_GATE_RAMP epoch=2 gate_limit=0.010000
Time:  0.0755 Epoch: 002 Iter:   50/ 600 LR: 0.0000666667 Loss content:  0.0169 Loss fft:  0.8123 Loss dta_rank:  0.0000 Loss dta_tv:  0.0393 Loss dta_proxy:  0.6505 Loss dta_trans:  0.0118 Loss dta_phys:  0.0078 Loss dta_preserve:  0.0058
Time:  0.0794 Epoch: 002 Iter:  100/ 600 LR: 0.0000666667 Loss content:  0.0166 Loss fft:  0.7999 Loss dta_rank:  0.0000 Loss dta_tv:  0.0401 Loss dta_proxy:  0.6336 Loss dta_trans:  0.0099 Loss dta_phys:  0.0074 Loss dta_preserve:  0.0067
Time:  0.0751 Epoch: 002 Iter:  150/ 600 LR: 0.0000666667 Loss content:  0.0174 Loss fft:  0.8314 Loss dta_rank:  0.0000 Loss dta_tv:  0.0381 Loss dta_proxy:  0.6417 Loss dta_trans:  0.0107 Loss dta_phys:  0.0072 Loss dta_preserve:  0.0048
Time:  0.0734 Epoch: 002 Iter:  200/ 600 LR: 0.0000666667 Loss content:  0.0167 Loss fft:  0.8050 Loss dta_rank:  0.0000 Loss dta_tv:  0.0390 Loss dta_proxy:  0.6152 Loss dta_trans:  0.0097 Loss dta_phys:  0.0070 Loss dta_preserve:  0.0052
Time:  0.0720 Epoch: 002 Iter:  250/ 600 LR: 0.0000666667 Loss content:  0.0177 Loss fft:  0.8400 Loss dta_rank:  0.0000 Loss dta_tv:  0.0380 Loss dta_proxy:  0.6533 Loss dta_trans:  0.0106 Loss dta_phys:  0.0073 Loss dta_preserve:  0.0057
Time:  0.0757 Epoch: 002 Iter:  300/ 600 LR: 0.0000666667 Loss content:  0.0169 Loss fft:  0.8252 Loss dta_rank:  0.0000 Loss dta_tv:  0.0381 Loss dta_proxy:  0.6480 Loss dta_trans:  0.0099 Loss dta_phys:  0.0074 Loss dta_preserve:  0.0059
Time:  0.0774 Epoch: 002 Iter:  350/ 600 LR: 0.0000666667 Loss content:  0.0168 Loss fft:  0.8137 Loss dta_rank:  0.0000 Loss dta_tv:  0.0372 Loss dta_proxy:  0.6250 Loss dta_trans:  0.0095 Loss dta_phys:  0.0063 Loss dta_preserve:  0.0057
Time:  0.0766 Epoch: 002 Iter:  400/ 600 LR: 0.0000666667 Loss content:  0.0173 Loss fft:  0.8330 Loss dta_rank:  0.0000 Loss dta_tv:  0.0372 Loss dta_proxy:  0.6528 Loss dta_trans:  0.0088 Loss dta_phys:  0.0076 Loss dta_preserve:  0.0054
Time:  0.0729 Epoch: 002 Iter:  450/ 600 LR: 0.0000666667 Loss content:  0.0174 Loss fft:  0.8215 Loss dta_rank:  0.0000 Loss dta_tv:  0.0367 Loss dta_proxy:  0.6336 Loss dta_trans:  0.0097 Loss dta_phys:  0.0068 Loss dta_preserve:  0.0047
Time:  0.0752 Epoch: 002 Iter:  500/ 600 LR: 0.0000666667 Loss content:  0.0174 Loss fft:  0.8300 Loss dta_rank:  0.0000 Loss dta_tv:  0.0371 Loss dta_proxy:  0.6473 Loss dta_trans:  0.0085 Loss dta_phys:  0.0074 Loss dta_preserve:  0.0046
Time:  0.0750 Epoch: 002 Iter:  550/ 600 LR: 0.0000666667 Loss content:  0.0165 Loss fft:  0.8062 Loss dta_rank:  0.0000 Loss dta_tv:  0.0372 Loss dta_proxy:  0.6399 Loss dta_trans:  0.0091 Loss dta_phys:  0.0067 Loss dta_preserve:  0.0052
Time:  0.0768 Epoch: 002 Iter:  600/ 600 LR: 0.0000666667 Loss content:  0.0176 Loss fft:  0.8264 Loss dta_rank:  0.0000 Loss dta_tv:  0.0375 Loss dta_proxy:  0.6526 Loss dta_trans:  0.0101 Loss dta_phys:  0.0070 Loss dta_preserve:  0.0056
EPOCH: 02
Elapsed time: 0.91 Epoch Pixel Loss:  0.0171 Epoch FFT Loss:  0.8204 Epoch DTA Rank:  0.0000 Epoch DTA TV:  0.0380 Epoch DTA Proxy:  0.6411 Epoch DTA Trans:  0.0099 Epoch DTA Phys:  0.0072 Epoch DTA Preserve:  0.0054
DTA_GATE_RAMP epoch=3 gate_limit=0.030000
Time:  0.0788 Epoch: 003 Iter:   50/ 600 LR: 0.0001000000 Loss content:  0.0174 Loss fft:  0.8102 Loss dta_rank:  0.0000 Loss dta_tv:  0.0383 Loss dta_proxy:  0.6313 Loss dta_trans:  0.0085 Loss dta_phys:  0.0067 Loss dta_preserve:  0.0048
Time:  0.0713 Epoch: 003 Iter:  100/ 600 LR: 0.0001000000 Loss content:  0.0164 Loss fft:  0.7887 Loss dta_rank:  0.0000 Loss dta_tv:  0.0362 Loss dta_proxy:  0.6452 Loss dta_trans:  0.0077 Loss dta_phys:  0.0064 Loss dta_preserve:  0.0053
Time:  0.0690 Epoch: 003 Iter:  150/ 600 LR: 0.0001000000 Loss content:  0.0178 Loss fft:  0.8243 Loss dta_rank:  0.0000 Loss dta_tv:  0.0351 Loss dta_proxy:  0.6633 Loss dta_trans:  0.0079 Loss dta_phys:  0.0072 Loss dta_preserve:  0.0055
Time:  0.0692 Epoch: 003 Iter:  200/ 600 LR: 0.0001000000 Loss content:  0.0174 Loss fft:  0.8120 Loss dta_rank:  0.0000 Loss dta_tv:  0.0365 Loss dta_proxy:  0.6325 Loss dta_trans:  0.0077 Loss dta_phys:  0.0068 Loss dta_preserve:  0.0048
Time:  0.0683 Epoch: 003 Iter:  250/ 600 LR: 0.0001000000 Loss content:  0.0170 Loss fft:  0.8377 Loss dta_rank:  0.0000 Loss dta_tv:  0.0357 Loss dta_proxy:  0.6513 Loss dta_trans:  0.0081 Loss dta_phys:  0.0071 Loss dta_preserve:  0.0053
Time:  0.0609 Epoch: 003 Iter:  300/ 600 LR: 0.0001000000 Loss content:  0.0173 Loss fft:  0.8452 Loss dta_rank:  0.0000 Loss dta_tv:  0.0365 Loss dta_proxy:  0.6182 Loss dta_trans:  0.0077 Loss dta_phys:  0.0063 Loss dta_preserve:  0.0046
Time:  0.0700 Epoch: 003 Iter:  350/ 600 LR: 0.0001000000 Loss content:  0.0165 Loss fft:  0.8178 Loss dta_rank:  0.0000 Loss dta_tv:  0.0361 Loss dta_proxy:  0.6397 Loss dta_trans:  0.0075 Loss dta_phys:  0.0063 Loss dta_preserve:  0.0045
Time:  0.0704 Epoch: 003 Iter:  400/ 600 LR: 0.0001000000 Loss content:  0.0172 Loss fft:  0.8328 Loss dta_rank:  0.0000 Loss dta_tv:  0.0354 Loss dta_proxy:  0.6481 Loss dta_trans:  0.0083 Loss dta_phys:  0.0072 Loss dta_preserve:  0.0054
Time:  0.0705 Epoch: 003 Iter:  450/ 600 LR: 0.0001000000 Loss content:  0.0165 Loss fft:  0.7931 Loss dta_rank:  0.0000 Loss dta_tv:  0.0354 Loss dta_proxy:  0.6307 Loss dta_trans:  0.0073 Loss dta_phys:  0.0067 Loss dta_preserve:  0.0045
Time:  0.0744 Epoch: 003 Iter:  500/ 600 LR: 0.0001000000 Loss content:  0.0176 Loss fft:  0.8217 Loss dta_rank:  0.0000 Loss dta_tv:  0.0347 Loss dta_proxy:  0.6476 Loss dta_trans:  0.0081 Loss dta_phys:  0.0072 Loss dta_preserve:  0.0050
Time:  0.0729 Epoch: 003 Iter:  550/ 600 LR: 0.0001000000 Loss content:  0.0175 Loss fft:  0.8180 Loss dta_rank:  0.0000 Loss dta_tv:  0.0355 Loss dta_proxy:  0.6263 Loss dta_trans:  0.0070 Loss dta_phys:  0.0070 Loss dta_preserve:  0.0057
Time:  0.0752 Epoch: 003 Iter:  600/ 600 LR: 0.0001000000 Loss content:  0.0182 Loss fft:  0.8380 Loss dta_rank:  0.0000 Loss dta_tv:  0.0346 Loss dta_proxy:  0.6377 Loss dta_trans:  0.0066 Loss dta_phys:  0.0065 Loss dta_preserve:  0.0056
EPOCH: 03
Elapsed time: 0.86 Epoch Pixel Loss:  0.0172 Epoch FFT Loss:  0.8200 Epoch DTA Rank:  0.0000 Epoch DTA TV:  0.0358 Epoch DTA Proxy:  0.6393 Epoch DTA Trans:  0.0077 Epoch DTA Phys:  0.0068 Epoch DTA Preserve:  0.0051
/sda/home/wangyuxin/ConvIR-B/envs/convir-cu121/lib/python3.10/site-packages/torch/optim/lr_scheduler.py:1087: UserWarning: To get the last learning rate computed by the scheduler, please use `get_last_lr()`.
  _warn_get_lr_called_within_step(self)
DTA_GATE_RAMP epoch=4 gate_limit=0.030000
Time:  0.0775 Epoch: 004 Iter:   50/ 600 LR: 0.0001000000 Loss content:  0.0175 Loss fft:  0.8270 Loss dta_rank:  0.0000 Loss dta_tv:  0.0341 Loss dta_proxy:  0.6466 Loss dta_trans:  0.0071 Loss dta_phys:  0.0073 Loss dta_preserve:  0.0046
Time:  0.0748 Epoch: 004 Iter:  100/ 600 LR: 0.0001000000 Loss content:  0.0166 Loss fft:  0.8240 Loss dta_rank:  0.0000 Loss dta_tv:  0.0347 Loss dta_proxy:  0.6388 Loss dta_trans:  0.0063 Loss dta_phys:  0.0071 Loss dta_preserve:  0.0050
Time:  0.0695 Epoch: 004 Iter:  150/ 600 LR: 0.0001000000 Loss content:  0.0169 Loss fft:  0.8194 Loss dta_rank:  0.0000 Loss dta_tv:  0.0340 Loss dta_proxy:  0.6439 Loss dta_trans:  0.0062 Loss dta_phys:  0.0068 Loss dta_preserve:  0.0057
Time:  0.0601 Epoch: 004 Iter:  200/ 600 LR: 0.0001000000 Loss content:  0.0164 Loss fft:  0.7925 Loss dta_rank:  0.0000 Loss dta_tv:  0.0343 Loss dta_proxy:  0.6338 Loss dta_trans:  0.0069 Loss dta_phys:  0.0060 Loss dta_preserve:  0.0042
Time:  0.0668 Epoch: 004 Iter:  250/ 600 LR: 0.0001000000 Loss content:  0.0176 Loss fft:  0.8283 Loss dta_rank:  0.0000 Loss dta_tv:  0.0334 Loss dta_proxy:  0.6613 Loss dta_trans:  0.0062 Loss dta_phys:  0.0065 Loss dta_preserve:  0.0060
Time:  0.0743 Epoch: 004 Iter:  300/ 600 LR: 0.0001000000 Loss content:  0.0171 Loss fft:  0.8321 Loss dta_rank:  0.0000 Loss dta_tv:  0.0348 Loss dta_proxy:  0.6118 Loss dta_trans:  0.0082 Loss dta_phys:  0.0061 Loss dta_preserve:  0.0058
Time:  0.0771 Epoch: 004 Iter:  350/ 600 LR: 0.0001000000 Loss content:  0.0180 Loss fft:  0.8352 Loss dta_rank:  0.0000 Loss dta_tv:  0.0333 Loss dta_proxy:  0.6490 Loss dta_trans:  0.0081 Loss dta_phys:  0.0066 Loss dta_preserve:  0.0055
Time:  0.0750 Epoch: 004 Iter:  400/ 600 LR: 0.0001000000 Loss content:  0.0167 Loss fft:  0.8232 Loss dta_rank:  0.0000 Loss dta_tv:  0.0336 Loss dta_proxy:  0.6157 Loss dta_trans:  0.0081 Loss dta_phys:  0.0063 Loss dta_preserve:  0.0065
Time:  0.0785 Epoch: 004 Iter:  450/ 600 LR: 0.0001000000 Loss content:  0.0168 Loss fft:  0.8313 Loss dta_rank:  0.0000 Loss dta_tv:  0.0329 Loss dta_proxy:  0.6594 Loss dta_trans:  0.0062 Loss dta_phys:  0.0069 Loss dta_preserve:  0.0044
Time:  0.0788 Epoch: 004 Iter:  500/ 600 LR: 0.0001000000 Loss content:  0.0169 Loss fft:  0.8134 Loss dta_rank:  0.0000 Loss dta_tv:  0.0330 Loss dta_proxy:  0.6385 Loss dta_trans:  0.0066 Loss dta_phys:  0.0069 Loss dta_preserve:  0.0054
Time:  0.0750 Epoch: 004 Iter:  550/ 600 LR: 0.0001000000 Loss content:  0.0181 Loss fft:  0.8657 Loss dta_rank:  0.0000 Loss dta_tv:  0.0335 Loss dta_proxy:  0.6620 Loss dta_trans:  0.0072 Loss dta_phys:  0.0083 Loss dta_preserve:  0.0059
Time:  0.0726 Epoch: 004 Iter:  600/ 600 LR: 0.0001000000 Loss content:  0.0174 Loss fft:  0.8056 Loss dta_rank:  0.0000 Loss dta_tv:  0.0335 Loss dta_proxy:  0.6381 Loss dta_trans:  0.0061 Loss dta_phys:  0.0063 Loss dta_preserve:  0.0078
EPOCH: 04
Elapsed time: 0.88 Epoch Pixel Loss:  0.0172 Epoch FFT Loss:  0.8248 Epoch DTA Rank:  0.0000 Epoch DTA TV:  0.0338 Epoch DTA Proxy:  0.6416 Epoch DTA Trans:  0.0069 Epoch DTA Phys:  0.0068 Epoch DTA Preserve:  0.0056
DTA_GATE_RAMP epoch=5 gate_limit=0.030000
Time:  0.0762 Epoch: 005 Iter:   50/ 600 LR: 0.0000983215 Loss content:  0.0173 Loss fft:  0.8179 Loss dta_rank:  0.0000 Loss dta_tv:  0.0327 Loss dta_proxy:  0.6587 Loss dta_trans:  0.0071 Loss dta_phys:  0.0069 Loss dta_preserve:  0.0044
Time:  0.0738 Epoch: 005 Iter:  100/ 600 LR: 0.0000983215 Loss content:  0.0170 Loss fft:  0.8420 Loss dta_rank:  0.0000 Loss dta_tv:  0.0334 Loss dta_proxy:  0.6316 Loss dta_trans:  0.0075 Loss dta_phys:  0.0068 Loss dta_preserve:  0.0057
Time:  0.0738 Epoch: 005 Iter:  150/ 600 LR: 0.0000983215 Loss content:  0.0171 Loss fft:  0.8295 Loss dta_rank:  0.0000 Loss dta_tv:  0.0321 Loss dta_proxy:  0.6541 Loss dta_trans:  0.0076 Loss dta_phys:  0.0071 Loss dta_preserve:  0.0055
Time:  0.0763 Epoch: 005 Iter:  200/ 600 LR: 0.0000983215 Loss content:  0.0173 Loss fft:  0.8090 Loss dta_rank:  0.0000 Loss dta_tv:  0.0320 Loss dta_proxy:  0.6439 Loss dta_trans:  0.0070 Loss dta_phys:  0.0065 Loss dta_preserve:  0.0053
Time:  0.0732 Epoch: 005 Iter:  250/ 600 LR: 0.0000983215 Loss content:  0.0170 Loss fft:  0.8068 Loss dta_rank:  0.0000 Loss dta_tv:  0.0318 Loss dta_proxy:  0.6418 Loss dta_trans:  0.0055 Loss dta_phys:  0.0067 Loss dta_preserve:  0.0054
Time:  0.0719 Epoch: 005 Iter:  300/ 600 LR: 0.0000983215 Loss content:  0.0169 Loss fft:  0.8256 Loss dta_rank:  0.0000 Loss dta_tv:  0.0325 Loss dta_proxy:  0.6242 Loss dta_trans:  0.0075 Loss dta_phys:  0.0066 Loss dta_preserve:  0.0044
Time:  0.0741 Epoch: 005 Iter:  350/ 600 LR: 0.0000983215 Loss content:  0.0180 Loss fft:  0.8370 Loss dta_rank:  0.0000 Loss dta_tv:  0.0330 Loss dta_proxy:  0.6285 Loss dta_trans:  0.0064 Loss dta_phys:  0.0062 Loss dta_preserve:  0.0056
Time:  0.0765 Epoch: 005 Iter:  400/ 600 LR: 0.0000983215 Loss content:  0.0166 Loss fft:  0.8068 Loss dta_rank:  0.0000 Loss dta_tv:  0.0329 Loss dta_proxy:  0.6483 Loss dta_trans:  0.0061 Loss dta_phys:  0.0068 Loss dta_preserve:  0.0052
Time:  0.0769 Epoch: 005 Iter:  450/ 600 LR: 0.0000983215 Loss content:  0.0163 Loss fft:  0.7783 Loss dta_rank:  0.0000 Loss dta_tv:  0.0328 Loss dta_proxy:  0.6239 Loss dta_trans:  0.0059 Loss dta_phys:  0.0064 Loss dta_preserve:  0.0047
Time:  0.0726 Epoch: 005 Iter:  500/ 600 LR: 0.0000983215 Loss content:  0.0171 Loss fft:  0.8200 Loss dta_rank:  0.0000 Loss dta_tv:  0.0321 Loss dta_proxy:  0.6500 Loss dta_trans:  0.0058 Loss dta_phys:  0.0070 Loss dta_preserve:  0.0052
Time:  0.0745 Epoch: 005 Iter:  550/ 600 LR: 0.0000983215 Loss content:  0.0170 Loss fft:  0.7966 Loss dta_rank:  0.0000 Loss dta_tv:  0.0327 Loss dta_proxy:  0.6296 Loss dta_trans:  0.0067 Loss dta_phys:  0.0068 Loss dta_preserve:  0.0052
Time:  0.0750 Epoch: 005 Iter:  600/ 600 LR: 0.0000983215 Loss content:  0.0168 Loss fft:  0.8161 Loss dta_rank:  0.0000 Loss dta_tv:  0.0316 Loss dta_proxy:  0.6458 Loss dta_trans:  0.0064 Loss dta_phys:  0.0067 Loss dta_preserve:  0.0065
EPOCH: 05
Elapsed time: 0.90 Epoch Pixel Loss:  0.0170 Epoch FFT Loss:  0.8155 Epoch DTA Rank:  0.0000 Epoch DTA TV:  0.0325 Epoch DTA Proxy:  0.6400 Epoch DTA Trans:  0.0066 Epoch DTA Phys:  0.0067 Epoch DTA Preserve:  0.0053
DTA_GATE_RAMP epoch=6 gate_limit=0.030000
Time:  0.0769 Epoch: 006 Iter:   50/ 600 LR: 0.0000942212 Loss content:  0.0172 Loss fft:  0.8248 Loss dta_rank:  0.0000 Loss dta_tv:  0.0319 Loss dta_proxy:  0.6311 Loss dta_trans:  0.0065 Loss dta_phys:  0.0066 Loss dta_preserve:  0.0053
Time:  0.0741 Epoch: 006 Iter:  100/ 600 LR: 0.0000942212 Loss content:  0.0176 Loss fft:  0.8235 Loss dta_rank:  0.0000 Loss dta_tv:  0.0315 Loss dta_proxy:  0.6544 Loss dta_trans:  0.0057 Loss dta_phys:  0.0058 Loss dta_preserve:  0.0044
Time:  0.0764 Epoch: 006 Iter:  150/ 600 LR: 0.0000942212 Loss content:  0.0171 Loss fft:  0.8236 Loss dta_rank:  0.0000 Loss dta_tv:  0.0315 Loss dta_proxy:  0.6409 Loss dta_trans:  0.0055 Loss dta_phys:  0.0065 Loss dta_preserve:  0.0056
Time:  0.0741 Epoch: 006 Iter:  200/ 600 LR: 0.0000942212 Loss content:  0.0172 Loss fft:  0.8293 Loss dta_rank:  0.0000 Loss dta_tv:  0.0321 Loss dta_proxy:  0.6403 Loss dta_trans:  0.0062 Loss dta_phys:  0.0072 Loss dta_preserve:  0.0056
Time:  0.0739 Epoch: 006 Iter:  250/ 600 LR: 0.0000942212 Loss content:  0.0170 Loss fft:  0.8123 Loss dta_rank:  0.0000 Loss dta_tv:  0.0331 Loss dta_proxy:  0.6295 Loss dta_trans:  0.0064 Loss dta_phys:  0.0071 Loss dta_preserve:  0.0063
Time:  0.0751 Epoch: 006 Iter:  300/ 600 LR: 0.0000942212 Loss content:  0.0177 Loss fft:  0.8030 Loss dta_rank:  0.0000 Loss dta_tv:  0.0315 Loss dta_proxy:  0.6439 Loss dta_trans:  0.0061 Loss dta_phys:  0.0065 Loss dta_preserve:  0.0056
Time:  0.0748 Epoch: 006 Iter:  350/ 600 LR: 0.0000942212 Loss content:  0.0174 Loss fft:  0.8612 Loss dta_rank:  0.0000 Loss dta_tv:  0.0312 Loss dta_proxy:  0.6361 Loss dta_trans:  0.0059 Loss dta_phys:  0.0058 Loss dta_preserve:  0.0048
Time:  0.0762 Epoch: 006 Iter:  400/ 600 LR: 0.0000942212 Loss content:  0.0168 Loss fft:  0.7789 Loss dta_rank:  0.0000 Loss dta_tv:  0.0317 Loss dta_proxy:  0.6448 Loss dta_trans:  0.0055 Loss dta_phys:  0.0068 Loss dta_preserve:  0.0055
Time:  0.0730 Epoch: 006 Iter:  450/ 600 LR: 0.0000942212 Loss content:  0.0170 Loss fft:  0.8420 Loss dta_rank:  0.0000 Loss dta_tv:  0.0315 Loss dta_proxy:  0.6305 Loss dta_trans:  0.0054 Loss dta_phys:  0.0069 Loss dta_preserve:  0.0053
Time:  0.0756 Epoch: 006 Iter:  500/ 600 LR: 0.0000942212 Loss content:  0.0164 Loss fft:  0.8186 Loss dta_rank:  0.0000 Loss dta_tv:  0.0308 Loss dta_proxy:  0.6501 Loss dta_trans:  0.0069 Loss dta_phys:  0.0068 Loss dta_preserve:  0.0062
Time:  0.0672 Epoch: 006 Iter:  550/ 600 LR: 0.0000942212 Loss content:  0.0160 Loss fft:  0.7792 Loss dta_rank:  0.0000 Loss dta_tv:  0.0314 Loss dta_proxy:  0.6424 Loss dta_trans:  0.0077 Loss dta_phys:  0.0071 Loss dta_preserve:  0.0058
Time:  0.0603 Epoch: 006 Iter:  600/ 600 LR: 0.0000942212 Loss content:  0.0169 Loss fft:  0.8174 Loss dta_rank:  0.0000 Loss dta_tv:  0.0299 Loss dta_proxy:  0.6668 Loss dta_trans:  0.0066 Loss dta_phys:  0.0075 Loss dta_preserve:  0.0040
EPOCH: 06
Elapsed time: 0.88 Epoch Pixel Loss:  0.0170 Epoch FFT Loss:  0.8178 Epoch DTA Rank:  0.0000 Epoch DTA TV:  0.0315 Epoch DTA Proxy:  0.6426 Epoch DTA Trans:  0.0062 Epoch DTA Phys:  0.0067 Epoch DTA Preserve:  0.0054
DTA_GATE_RAMP epoch=7 gate_limit=0.030000
Time:  0.0765 Epoch: 007 Iter:   50/ 600 LR: 0.0000886874 Loss content:  0.0174 Loss fft:  0.8232 Loss dta_rank:  0.0000 Loss dta_tv:  0.0306 Loss dta_proxy:  0.6538 Loss dta_trans:  0.0064 Loss dta_phys:  0.0063 Loss dta_preserve:  0.0051
Time:  0.0653 Epoch: 007 Iter:  100/ 600 LR: 0.0000886874 Loss content:  0.0176 Loss fft:  0.8368 Loss dta_rank:  0.0000 Loss dta_tv:  0.0307 Loss dta_proxy:  0.6521 Loss dta_trans:  0.0057 Loss dta_phys:  0.0076 Loss dta_preserve:  0.0066
Time:  0.0644 Epoch: 007 Iter:  150/ 600 LR: 0.0000886874 Loss content:  0.0165 Loss fft:  0.7960 Loss dta_rank:  0.0000 Loss dta_tv:  0.0314 Loss dta_proxy:  0.6310 Loss dta_trans:  0.0066 Loss dta_phys:  0.0069 Loss dta_preserve:  0.0054
Time:  0.0607 Epoch: 007 Iter:  200/ 600 LR: 0.0000886874 Loss content:  0.0168 Loss fft:  0.8220 Loss dta_rank:  0.0000 Loss dta_tv:  0.0316 Loss dta_proxy:  0.6123 Loss dta_trans:  0.0063 Loss dta_phys:  0.0059 Loss dta_preserve:  0.0050
Time:  0.0612 Epoch: 007 Iter:  250/ 600 LR: 0.0000886874 Loss content:  0.0173 Loss fft:  0.8278 Loss dta_rank:  0.0000 Loss dta_tv:  0.0296 Loss dta_proxy:  0.6559 Loss dta_trans:  0.0060 Loss dta_phys:  0.0065 Loss dta_preserve:  0.0072
Time:  0.0721 Epoch: 007 Iter:  300/ 600 LR: 0.0000886874 Loss content:  0.0171 Loss fft:  0.8277 Loss dta_rank:  0.0000 Loss dta_tv:  0.0294 Loss dta_proxy:  0.6498 Loss dta_trans:  0.0068 Loss dta_phys:  0.0070 Loss dta_preserve:  0.0053
Time:  0.0773 Epoch: 007 Iter:  350/ 600 LR: 0.0000886874 Loss content:  0.0174 Loss fft:  0.8272 Loss dta_rank:  0.0000 Loss dta_tv:  0.0310 Loss dta_proxy:  0.6446 Loss dta_trans:  0.0064 Loss dta_phys:  0.0070 Loss dta_preserve:  0.0058
Time:  0.0802 Epoch: 007 Iter:  400/ 600 LR: 0.0000886874 Loss content:  0.0169 Loss fft:  0.8440 Loss dta_rank:  0.0000 Loss dta_tv:  0.0306 Loss dta_proxy:  0.6448 Loss dta_trans:  0.0060 Loss dta_phys:  0.0067 Loss dta_preserve:  0.0043
Time:  0.0731 Epoch: 007 Iter:  450/ 600 LR: 0.0000886874 Loss content:  0.0174 Loss fft:  0.8222 Loss dta_rank:  0.0000 Loss dta_tv:  0.0308 Loss dta_proxy:  0.6394 Loss dta_trans:  0.0062 Loss dta_phys:  0.0065 Loss dta_preserve:  0.0039
Time:  0.0727 Epoch: 007 Iter:  500/ 600 LR: 0.0000886874 Loss content:  0.0161 Loss fft:  0.7955 Loss dta_rank:  0.0000 Loss dta_tv:  0.0307 Loss dta_proxy:  0.6410 Loss dta_trans:  0.0062 Loss dta_phys:  0.0064 Loss dta_preserve:  0.0052
Time:  0.0724 Epoch: 007 Iter:  550/ 600 LR: 0.0000886874 Loss content:  0.0167 Loss fft:  0.8115 Loss dta_rank:  0.0000 Loss dta_tv:  0.0307 Loss dta_proxy:  0.6489 Loss dta_trans:  0.0065 Loss dta_phys:  0.0073 Loss dta_preserve:  0.0045
Time:  0.0730 Epoch: 007 Iter:  600/ 600 LR: 0.0000886874 Loss content:  0.0162 Loss fft:  0.7932 Loss dta_rank:  0.0000 Loss dta_tv:  0.0298 Loss dta_proxy:  0.6402 Loss dta_trans:  0.0053 Loss dta_phys:  0.0072 Loss dta_preserve:  0.0047
EPOCH: 07
Elapsed time: 0.85 Epoch Pixel Loss:  0.0170 Epoch FFT Loss:  0.8189 Epoch DTA Rank:  0.0000 Epoch DTA TV:  0.0306 Epoch DTA Proxy:  0.6428 Epoch DTA Trans:  0.0062 Epoch DTA Phys:  0.0068 Epoch DTA Preserve:  0.0052
DTA_GATE_RAMP epoch=8 gate_limit=0.030000
Time:  0.0752 Epoch: 008 Iter:   50/ 600 LR: 0.0000819070 Loss content:  0.0176 Loss fft:  0.8313 Loss dta_rank:  0.0000 Loss dta_tv:  0.0305 Loss dta_proxy:  0.6289 Loss dta_trans:  0.0057 Loss dta_phys:  0.0060 Loss dta_preserve:  0.0061
Time:  0.0728 Epoch: 008 Iter:  100/ 600 LR: 0.0000819070 Loss content:  0.0173 Loss fft:  0.7992 Loss dta_rank:  0.0000 Loss dta_tv:  0.0307 Loss dta_proxy:  0.6389 Loss dta_trans:  0.0068 Loss dta_phys:  0.0068 Loss dta_preserve:  0.0052
Time:  0.0717 Epoch: 008 Iter:  150/ 600 LR: 0.0000819070 Loss content:  0.0170 Loss fft:  0.8101 Loss dta_rank:  0.0000 Loss dta_tv:  0.0306 Loss dta_proxy:  0.6378 Loss dta_trans:  0.0075 Loss dta_phys:  0.0069 Loss dta_preserve:  0.0039
Time:  0.0691 Epoch: 008 Iter:  200/ 600 LR: 0.0000819070 Loss content:  0.0178 Loss fft:  0.8810 Loss dta_rank:  0.0000 Loss dta_tv:  0.0301 Loss dta_proxy:  0.6420 Loss dta_trans:  0.0055 Loss dta_phys:  0.0065 Loss dta_preserve:  0.0048
Time:  0.0656 Epoch: 008 Iter:  250/ 600 LR: 0.0000819070 Loss content:  0.0166 Loss fft:  0.8394 Loss dta_rank:  0.0000 Loss dta_tv:  0.0314 Loss dta_proxy:  0.6388 Loss dta_trans:  0.0071 Loss dta_phys:  0.0065 Loss dta_preserve:  0.0043
Time:  0.0639 Epoch: 008 Iter:  300/ 600 LR: 0.0000819070 Loss content:  0.0169 Loss fft:  0.8194 Loss dta_rank:  0.0000 Loss dta_tv:  0.0309 Loss dta_proxy:  0.6366 Loss dta_trans:  0.0063 Loss dta_phys:  0.0071 Loss dta_preserve:  0.0045
Time:  0.0709 Epoch: 008 Iter:  350/ 600 LR: 0.0000819070 Loss content:  0.0174 Loss fft:  0.8483 Loss dta_rank:  0.0000 Loss dta_tv:  0.0298 Loss dta_proxy:  0.6392 Loss dta_trans:  0.0053 Loss dta_phys:  0.0065 Loss dta_preserve:  0.0051
Time:  0.0674 Epoch: 008 Iter:  400/ 600 LR: 0.0000819070 Loss content:  0.0172 Loss fft:  0.8039 Loss dta_rank:  0.0000 Loss dta_tv:  0.0301 Loss dta_proxy:  0.6454 Loss dta_trans:  0.0060 Loss dta_phys:  0.0068 Loss dta_preserve:  0.0063
Time:  0.0739 Epoch: 008 Iter:  450/ 600 LR: 0.0000819070 Loss content:  0.0163 Loss fft:  0.8057 Loss dta_rank:  0.0000 Loss dta_tv:  0.0297 Loss dta_proxy:  0.6461 Loss dta_trans:  0.0055 Loss dta_phys:  0.0067 Loss dta_preserve:  0.0067
Time:  0.0682 Epoch: 008 Iter:  500/ 600 LR: 0.0000819070 Loss content:  0.0178 Loss fft:  0.8428 Loss dta_rank:  0.0000 Loss dta_tv:  0.0296 Loss dta_proxy:  0.6527 Loss dta_trans:  0.0049 Loss dta_phys:  0.0065 Loss dta_preserve:  0.0059
Time:  0.0670 Epoch: 008 Iter:  550/ 600 LR: 0.0000819070 Loss content:  0.0176 Loss fft:  0.8290 Loss dta_rank:  0.0000 Loss dta_tv:  0.0298 Loss dta_proxy:  0.6440 Loss dta_trans:  0.0061 Loss dta_phys:  0.0072 Loss dta_preserve:  0.0052
Time:  0.0763 Epoch: 008 Iter:  600/ 600 LR: 0.0000819070 Loss content:  0.0171 Loss fft:  0.8038 Loss dta_rank:  0.0000 Loss dta_tv:  0.0298 Loss dta_proxy:  0.6546 Loss dta_trans:  0.0052 Loss dta_phys:  0.0073 Loss dta_preserve:  0.0048
EPOCH: 08
Elapsed time: 0.85 Epoch Pixel Loss:  0.0172 Epoch FFT Loss:  0.8262 Epoch DTA Rank:  0.0000 Epoch DTA TV:  0.0302 Epoch DTA Proxy:  0.6421 Epoch DTA Trans:  0.0060 Epoch DTA Phys:  0.0067 Epoch DTA Preserve:  0.0052
DTA_GATE_RAMP epoch=9 gate_limit=0.060000
Time:  0.0747 Epoch: 009 Iter:   50/ 600 LR: 0.0000741093 Loss content:  0.0166 Loss fft:  0.7976 Loss dta_rank:  0.0000 Loss dta_tv:  0.0289 Loss dta_proxy:  0.6502 Loss dta_trans:  0.0057 Loss dta_phys:  0.0067 Loss dta_preserve:  0.0065
Time:  0.0620 Epoch: 009 Iter:  100/ 600 LR: 0.0000741093 Loss content:  0.0176 Loss fft:  0.8316 Loss dta_rank:  0.0000 Loss dta_tv:  0.0308 Loss dta_proxy:  0.6137 Loss dta_trans:  0.0061 Loss dta_phys:  0.0065 Loss dta_preserve:  0.0045
Time:  0.0613 Epoch: 009 Iter:  150/ 600 LR: 0.0000741093 Loss content:  0.0179 Loss fft:  0.8258 Loss dta_rank:  0.0000 Loss dta_tv:  0.0295 Loss dta_proxy:  0.6457 Loss dta_trans:  0.0055 Loss dta_phys:  0.0072 Loss dta_preserve:  0.0056
Time:  0.0606 Epoch: 009 Iter:  200/ 600 LR: 0.0000741093 Loss content:  0.0167 Loss fft:  0.7841 Loss dta_rank:  0.0000 Loss dta_tv:  0.0299 Loss dta_proxy:  0.6304 Loss dta_trans:  0.0066 Loss dta_phys:  0.0063 Loss dta_preserve:  0.0047
Time:  0.0660 Epoch: 009 Iter:  250/ 600 LR: 0.0000741093 Loss content:  0.0173 Loss fft:  0.8097 Loss dta_rank:  0.0000 Loss dta_tv:  0.0298 Loss dta_proxy:  0.6523 Loss dta_trans:  0.0056 Loss dta_phys:  0.0065 Loss dta_preserve:  0.0038
Time:  0.0696 Epoch: 009 Iter:  300/ 600 LR: 0.0000741093 Loss content:  0.0168 Loss fft:  0.8537 Loss dta_rank:  0.0000 Loss dta_tv:  0.0290 Loss dta_proxy:  0.6662 Loss dta_trans:  0.0052 Loss dta_phys:  0.0069 Loss dta_preserve:  0.0046
Time:  0.0734 Epoch: 009 Iter:  350/ 600 LR: 0.0000741093 Loss content:  0.0180 Loss fft:  0.8333 Loss dta_rank:  0.0000 Loss dta_tv:  0.0291 Loss dta_proxy:  0.6571 Loss dta_trans:  0.0059 Loss dta_phys:  0.0072 Loss dta_preserve:  0.0058
Time:  0.0757 Epoch: 009 Iter:  400/ 600 LR: 0.0000741093 Loss content:  0.0175 Loss fft:  0.8234 Loss dta_rank:  0.0000 Loss dta_tv:  0.0288 Loss dta_proxy:  0.6593 Loss dta_trans:  0.0066 Loss dta_phys:  0.0067 Loss dta_preserve:  0.0064
Time:  0.0700 Epoch: 009 Iter:  450/ 600 LR: 0.0000741093 Loss content:  0.0169 Loss fft:  0.8091 Loss dta_rank:  0.0000 Loss dta_tv:  0.0300 Loss dta_proxy:  0.6211 Loss dta_trans:  0.0065 Loss dta_phys:  0.0062 Loss dta_preserve:  0.0046
Time:  0.0674 Epoch: 009 Iter:  500/ 600 LR: 0.0000741093 Loss content:  0.0169 Loss fft:  0.8249 Loss dta_rank:  0.0000 Loss dta_tv:  0.0296 Loss dta_proxy:  0.6330 Loss dta_trans:  0.0054 Loss dta_phys:  0.0068 Loss dta_preserve:  0.0038
Time:  0.0665 Epoch: 009 Iter:  550/ 600 LR: 0.0000741093 Loss content:  0.0182 Loss fft:  0.8425 Loss dta_rank:  0.0000 Loss dta_tv:  0.0292 Loss dta_proxy:  0.6530 Loss dta_trans:  0.0055 Loss dta_phys:  0.0070 Loss dta_preserve:  0.0058
Time:  0.0734 Epoch: 009 Iter:  600/ 600 LR: 0.0000741093 Loss content:  0.0169 Loss fft:  0.8149 Loss dta_rank:  0.0000 Loss dta_tv:  0.0297 Loss dta_proxy:  0.6412 Loss dta_trans:  0.0066 Loss dta_phys:  0.0071 Loss dta_preserve:  0.0051
EPOCH: 09
Elapsed time: 0.82 Epoch Pixel Loss:  0.0173 Epoch FFT Loss:  0.8209 Epoch DTA Rank:  0.0000 Epoch DTA TV:  0.0295 Epoch DTA Proxy:  0.6436 Epoch DTA Trans:  0.0059 Epoch DTA Phys:  0.0068 Epoch DTA Preserve:  0.0051
DTA_GATE_RAMP epoch=10 gate_limit=0.060000
Time:  0.0703 Epoch: 010 Iter:   50/ 600 LR: 0.0000655580 Loss content:  0.0177 Loss fft:  0.8446 Loss dta_rank:  0.0000 Loss dta_tv:  0.0295 Loss dta_proxy:  0.6353 Loss dta_trans:  0.0051 Loss dta_phys:  0.0061 Loss dta_preserve:  0.0039
Time:  0.0669 Epoch: 010 Iter:  100/ 600 LR: 0.0000655580 Loss content:  0.0174 Loss fft:  0.8328 Loss dta_rank:  0.0000 Loss dta_tv:  0.0294 Loss dta_proxy:  0.6386 Loss dta_trans:  0.0061 Loss dta_phys:  0.0062 Loss dta_preserve:  0.0047
Time:  0.0735 Epoch: 010 Iter:  150/ 600 LR: 0.0000655580 Loss content:  0.0171 Loss fft:  0.8344 Loss dta_rank:  0.0000 Loss dta_tv:  0.0299 Loss dta_proxy:  0.6462 Loss dta_trans:  0.0051 Loss dta_phys:  0.0067 Loss dta_preserve:  0.0048
Time:  0.0719 Epoch: 010 Iter:  200/ 600 LR: 0.0000655580 Loss content:  0.0176 Loss fft:  0.8348 Loss dta_rank:  0.0000 Loss dta_tv:  0.0291 Loss dta_proxy:  0.6445 Loss dta_trans:  0.0054 Loss dta_phys:  0.0061 Loss dta_preserve:  0.0053
Time:  0.0755 Epoch: 010 Iter:  250/ 600 LR: 0.0000655580 Loss content:  0.0175 Loss fft:  0.8133 Loss dta_rank:  0.0000 Loss dta_tv:  0.0286 Loss dta_proxy:  0.6506 Loss dta_trans:  0.0059 Loss dta_phys:  0.0073 Loss dta_preserve:  0.0048
Time:  0.0721 Epoch: 010 Iter:  300/ 600 LR: 0.0000655580 Loss content:  0.0166 Loss fft:  0.7896 Loss dta_rank:  0.0000 Loss dta_tv:  0.0299 Loss dta_proxy:  0.6298 Loss dta_trans:  0.0062 Loss dta_phys:  0.0072 Loss dta_preserve:  0.0047
Time:  0.0772 Epoch: 010 Iter:  350/ 600 LR: 0.0000655580 Loss content:  0.0168 Loss fft:  0.8102 Loss dta_rank:  0.0000 Loss dta_tv:  0.0293 Loss dta_proxy:  0.6590 Loss dta_trans:  0.0058 Loss dta_phys:  0.0070 Loss dta_preserve:  0.0055
Time:  0.0701 Epoch: 010 Iter:  400/ 600 LR: 0.0000655580 Loss content:  0.0168 Loss fft:  0.8143 Loss dta_rank:  0.0000 Loss dta_tv:  0.0295 Loss dta_proxy:  0.6287 Loss dta_trans:  0.0066 Loss dta_phys:  0.0069 Loss dta_preserve:  0.0051
Time:  0.0707 Epoch: 010 Iter:  450/ 600 LR: 0.0000655580 Loss content:  0.0171 Loss fft:  0.8465 Loss dta_rank:  0.0000 Loss dta_tv:  0.0290 Loss dta_proxy:  0.6466 Loss dta_trans:  0.0062 Loss dta_phys:  0.0069 Loss dta_preserve:  0.0051
Time:  0.0757 Epoch: 010 Iter:  500/ 600 LR: 0.0000655580 Loss content:  0.0172 Loss fft:  0.8151 Loss dta_rank:  0.0000 Loss dta_tv:  0.0291 Loss dta_proxy:  0.6431 Loss dta_trans:  0.0057 Loss dta_phys:  0.0070 Loss dta_preserve:  0.0055
Time:  0.0767 Epoch: 010 Iter:  550/ 600 LR: 0.0000655580 Loss content:  0.0178 Loss fft:  0.8427 Loss dta_rank:  0.0000 Loss dta_tv:  0.0286 Loss dta_proxy:  0.6623 Loss dta_trans:  0.0050 Loss dta_phys:  0.0070 Loss dta_preserve:  0.0058
Time:  0.0738 Epoch: 010 Iter:  600/ 600 LR: 0.0000655580 Loss content:  0.0179 Loss fft:  0.8204 Loss dta_rank:  0.0000 Loss dta_tv:  0.0287 Loss dta_proxy:  0.6444 Loss dta_trans:  0.0055 Loss dta_phys:  0.0069 Loss dta_preserve:  0.0062
EPOCH: 10
Elapsed time: 0.88 Epoch Pixel Loss:  0.0173 Epoch FFT Loss:  0.8249 Epoch DTA Rank:  0.0000 Epoch DTA TV:  0.0292 Epoch DTA Proxy:  0.6441 Epoch DTA Trans:  0.0057 Epoch DTA Phys:  0.0068 Epoch DTA Preserve:  0.0051
DTA_GATE_RAMP epoch=11 gate_limit=0.060000
Time:  0.0758 Epoch: 011 Iter:   50/ 600 LR: 0.0000565424 Loss content:  0.0170 Loss fft:  0.8176 Loss dta_rank:  0.0000 Loss dta_tv:  0.0290 Loss dta_proxy:  0.6387 Loss dta_trans:  0.0051 Loss dta_phys:  0.0057 Loss dta_preserve:  0.0051
Time:  0.0741 Epoch: 011 Iter:  100/ 600 LR: 0.0000565424 Loss content:  0.0171 Loss fft:  0.8344 Loss dta_rank:  0.0000 Loss dta_tv:  0.0295 Loss dta_proxy:  0.6453 Loss dta_trans:  0.0059 Loss dta_phys:  0.0072 Loss dta_preserve:  0.0063
Time:  0.0750 Epoch: 011 Iter:  150/ 600 LR: 0.0000565424 Loss content:  0.0170 Loss fft:  0.7949 Loss dta_rank:  0.0000 Loss dta_tv:  0.0296 Loss dta_proxy:  0.6372 Loss dta_trans:  0.0060 Loss dta_phys:  0.0068 Loss dta_preserve:  0.0043
Time:  0.0726 Epoch: 011 Iter:  200/ 600 LR: 0.0000565424 Loss content:  0.0174 Loss fft:  0.8412 Loss dta_rank:  0.0000 Loss dta_tv:  0.0284 Loss dta_proxy:  0.6393 Loss dta_trans:  0.0059 Loss dta_phys:  0.0064 Loss dta_preserve:  0.0042
Time:  0.0741 Epoch: 011 Iter:  250/ 600 LR: 0.0000565424 Loss content:  0.0175 Loss fft:  0.8800 Loss dta_rank:  0.0000 Loss dta_tv:  0.0298 Loss dta_proxy:  0.6308 Loss dta_trans:  0.0052 Loss dta_phys:  0.0060 Loss dta_preserve:  0.0055
Time:  0.0745 Epoch: 011 Iter:  300/ 600 LR: 0.0000565424 Loss content:  0.0164 Loss fft:  0.7880 Loss dta_rank:  0.0000 Loss dta_tv:  0.0302 Loss dta_proxy:  0.6263 Loss dta_trans:  0.0063 Loss dta_phys:  0.0068 Loss dta_preserve:  0.0039
Time:  0.0721 Epoch: 011 Iter:  350/ 600 LR: 0.0000565424 Loss content:  0.0172 Loss fft:  0.8455 Loss dta_rank:  0.0000 Loss dta_tv:  0.0293 Loss dta_proxy:  0.6464 Loss dta_trans:  0.0058 Loss dta_phys:  0.0065 Loss dta_preserve:  0.0062
Time:  0.0723 Epoch: 011 Iter:  400/ 600 LR: 0.0000565424 Loss content:  0.0171 Loss fft:  0.7807 Loss dta_rank:  0.0000 Loss dta_tv:  0.0285 Loss dta_proxy:  0.6445 Loss dta_trans:  0.0061 Loss dta_phys:  0.0071 Loss dta_preserve:  0.0044
Time:  0.0732 Epoch: 011 Iter:  450/ 600 LR: 0.0000565424 Loss content:  0.0166 Loss fft:  0.8152 Loss dta_rank:  0.0000 Loss dta_tv:  0.0291 Loss dta_proxy:  0.6433 Loss dta_trans:  0.0059 Loss dta_phys:  0.0070 Loss dta_preserve:  0.0055
Time:  0.0717 Epoch: 011 Iter:  500/ 600 LR: 0.0000565424 Loss content:  0.0173 Loss fft:  0.8257 Loss dta_rank:  0.0000 Loss dta_tv:  0.0287 Loss dta_proxy:  0.6460 Loss dta_trans:  0.0057 Loss dta_phys:  0.0068 Loss dta_preserve:  0.0046
Time:  0.0759 Epoch: 011 Iter:  550/ 600 LR: 0.0000565424 Loss content:  0.0174 Loss fft:  0.8130 Loss dta_rank:  0.0000 Loss dta_tv:  0.0290 Loss dta_proxy:  0.6537 Loss dta_trans:  0.0055 Loss dta_phys:  0.0066 Loss dta_preserve:  0.0062
Time:  0.0721 Epoch: 011 Iter:  600/ 600 LR: 0.0000565424 Loss content:  0.0168 Loss fft:  0.7824 Loss dta_rank:  0.0000 Loss dta_tv:  0.0291 Loss dta_proxy:  0.6456 Loss dta_trans:  0.0062 Loss dta_phys:  0.0074 Loss dta_preserve:  0.0055
EPOCH: 11
Elapsed time: 0.89 Epoch Pixel Loss:  0.0171 Epoch FFT Loss:  0.8182 Epoch DTA Rank:  0.0000 Epoch DTA TV:  0.0292 Epoch DTA Proxy:  0.6414 Epoch DTA Trans:  0.0058 Epoch DTA Phys:  0.0067 Epoch DTA Preserve:  0.0051
DTA_GATE_RAMP epoch=12 gate_limit=0.060000
Time:  0.0780 Epoch: 012 Iter:   50/ 600 LR: 0.0000473670 Loss content:  0.0177 Loss fft:  0.8186 Loss dta_rank:  0.0000 Loss dta_tv:  0.0285 Loss dta_proxy:  0.6448 Loss dta_trans:  0.0056 Loss dta_phys:  0.0068 Loss dta_preserve:  0.0066
Time:  0.0693 Epoch: 012 Iter:  100/ 600 LR: 0.0000473670 Loss content:  0.0160 Loss fft:  0.7827 Loss dta_rank:  0.0000 Loss dta_tv:  0.0291 Loss dta_proxy:  0.6402 Loss dta_trans:  0.0051 Loss dta_phys:  0.0067 Loss dta_preserve:  0.0047
Time:  0.0647 Epoch: 012 Iter:  150/ 600 LR: 0.0000473670 Loss content:  0.0177 Loss fft:  0.8282 Loss dta_rank:  0.0000 Loss dta_tv:  0.0301 Loss dta_proxy:  0.6380 Loss dta_trans:  0.0062 Loss dta_phys:  0.0068 Loss dta_preserve:  0.0045
Time:  0.0712 Epoch: 012 Iter:  200/ 600 LR: 0.0000473670 Loss content:  0.0163 Loss fft:  0.7995 Loss dta_rank:  0.0000 Loss dta_tv:  0.0298 Loss dta_proxy:  0.6284 Loss dta_trans:  0.0059 Loss dta_phys:  0.0069 Loss dta_preserve:  0.0050
Time:  0.0714 Epoch: 012 Iter:  250/ 600 LR: 0.0000473670 Loss content:  0.0176 Loss fft:  0.8319 Loss dta_rank:  0.0000 Loss dta_tv:  0.0287 Loss dta_proxy:  0.6512 Loss dta_trans:  0.0055 Loss dta_phys:  0.0072 Loss dta_preserve:  0.0076
Time:  0.0732 Epoch: 012 Iter:  300/ 600 LR: 0.0000473670 Loss content:  0.0167 Loss fft:  0.8134 Loss dta_rank:  0.0000 Loss dta_tv:  0.0298 Loss dta_proxy:  0.6264 Loss dta_trans:  0.0059 Loss dta_phys:  0.0066 Loss dta_preserve:  0.0041
Time:  0.0722 Epoch: 012 Iter:  350/ 600 LR: 0.0000473670 Loss content:  0.0167 Loss fft:  0.8027 Loss dta_rank:  0.0000 Loss dta_tv:  0.0296 Loss dta_proxy:  0.6341 Loss dta_trans:  0.0058 Loss dta_phys:  0.0071 Loss dta_preserve:  0.0054
Time:  0.0748 Epoch: 012 Iter:  400/ 600 LR: 0.0000473670 Loss content:  0.0174 Loss fft:  0.8313 Loss dta_rank:  0.0000 Loss dta_tv:  0.0290 Loss dta_proxy:  0.6310 Loss dta_trans:  0.0057 Loss dta_phys:  0.0060 Loss dta_preserve:  0.0053
Time:  0.0753 Epoch: 012 Iter:  450/ 600 LR: 0.0000473670 Loss content:  0.0177 Loss fft:  0.8256 Loss dta_rank:  0.0000 Loss dta_tv:  0.0285 Loss dta_proxy:  0.6419 Loss dta_trans:  0.0061 Loss dta_phys:  0.0069 Loss dta_preserve:  0.0057
Time:  0.0760 Epoch: 012 Iter:  500/ 600 LR: 0.0000473670 Loss content:  0.0182 Loss fft:  0.8411 Loss dta_rank:  0.0000 Loss dta_tv:  0.0294 Loss dta_proxy:  0.6376 Loss dta_trans:  0.0060 Loss dta_phys:  0.0062 Loss dta_preserve:  0.0059
Time:  0.0717 Epoch: 012 Iter:  550/ 600 LR: 0.0000473670 Loss content:  0.0174 Loss fft:  0.8358 Loss dta_rank:  0.0000 Loss dta_tv:  0.0281 Loss dta_proxy:  0.6686 Loss dta_trans:  0.0056 Loss dta_phys:  0.0071 Loss dta_preserve:  0.0049
Time:  0.0710 Epoch: 012 Iter:  600/ 600 LR: 0.0000473670 Loss content:  0.0174 Loss fft:  0.8254 Loss dta_rank:  0.0000 Loss dta_tv:  0.0291 Loss dta_proxy:  0.6323 Loss dta_trans:  0.0055 Loss dta_phys:  0.0070 Loss dta_preserve:  0.0055
EPOCH: 12
Elapsed time: 0.87 Epoch Pixel Loss:  0.0172 Epoch FFT Loss:  0.8197 Epoch DTA Rank:  0.0000 Epoch DTA TV:  0.0291 Epoch DTA Proxy:  0.6395 Epoch DTA Trans:  0.0057 Epoch DTA Phys:  0.0068 Epoch DTA Preserve:  0.0054
DTA_GATE_RAMP epoch=13 gate_limit=0.060000
Time:  0.0772 Epoch: 013 Iter:   50/ 600 LR: 0.0000383414 Loss content:  0.0173 Loss fft:  0.8293 Loss dta_rank:  0.0000 Loss dta_tv:  0.0292 Loss dta_proxy:  0.6480 Loss dta_trans:  0.0054 Loss dta_phys:  0.0061 Loss dta_preserve:  0.0044
Time:  0.0707 Epoch: 013 Iter:  100/ 600 LR: 0.0000383414 Loss content:  0.0168 Loss fft:  0.8106 Loss dta_rank:  0.0000 Loss dta_tv:  0.0290 Loss dta_proxy:  0.6274 Loss dta_trans:  0.0060 Loss dta_phys:  0.0059 Loss dta_preserve:  0.0064
Time:  0.0723 Epoch: 013 Iter:  150/ 600 LR: 0.0000383414 Loss content:  0.0170 Loss fft:  0.8048 Loss dta_rank:  0.0000 Loss dta_tv:  0.0278 Loss dta_proxy:  0.6539 Loss dta_trans:  0.0051 Loss dta_phys:  0.0070 Loss dta_preserve:  0.0045
Time:  0.0754 Epoch: 013 Iter:  200/ 600 LR: 0.0000383414 Loss content:  0.0172 Loss fft:  0.8132 Loss dta_rank:  0.0000 Loss dta_tv:  0.0286 Loss dta_proxy:  0.6539 Loss dta_trans:  0.0055 Loss dta_phys:  0.0077 Loss dta_preserve:  0.0046
Time:  0.0742 Epoch: 013 Iter:  250/ 600 LR: 0.0000383414 Loss content:  0.0165 Loss fft:  0.8149 Loss dta_rank:  0.0000 Loss dta_tv:  0.0296 Loss dta_proxy:  0.6181 Loss dta_trans:  0.0067 Loss dta_phys:  0.0066 Loss dta_preserve:  0.0042
Time:  0.0701 Epoch: 013 Iter:  300/ 600 LR: 0.0000383414 Loss content:  0.0181 Loss fft:  0.8419 Loss dta_rank:  0.0000 Loss dta_tv:  0.0288 Loss dta_proxy:  0.6439 Loss dta_trans:  0.0053 Loss dta_phys:  0.0068 Loss dta_preserve:  0.0070
Time:  0.0735 Epoch: 013 Iter:  350/ 600 LR: 0.0000383414 Loss content:  0.0168 Loss fft:  0.8036 Loss dta_rank:  0.0000 Loss dta_tv:  0.0286 Loss dta_proxy:  0.6544 Loss dta_trans:  0.0060 Loss dta_phys:  0.0066 Loss dta_preserve:  0.0041
Time:  0.0734 Epoch: 013 Iter:  400/ 600 LR: 0.0000383414 Loss content:  0.0165 Loss fft:  0.8076 Loss dta_rank:  0.0000 Loss dta_tv:  0.0292 Loss dta_proxy:  0.6238 Loss dta_trans:  0.0059 Loss dta_phys:  0.0069 Loss dta_preserve:  0.0048
Time:  0.0749 Epoch: 013 Iter:  450/ 600 LR: 0.0000383414 Loss content:  0.0171 Loss fft:  0.8312 Loss dta_rank:  0.0000 Loss dta_tv:  0.0290 Loss dta_proxy:  0.6443 Loss dta_trans:  0.0054 Loss dta_phys:  0.0067 Loss dta_preserve:  0.0051
Time:  0.0774 Epoch: 013 Iter:  500/ 600 LR: 0.0000383414 Loss content:  0.0168 Loss fft:  0.8216 Loss dta_rank:  0.0000 Loss dta_tv:  0.0292 Loss dta_proxy:  0.6315 Loss dta_trans:  0.0057 Loss dta_phys:  0.0063 Loss dta_preserve:  0.0051
Time:  0.0756 Epoch: 013 Iter:  550/ 600 LR: 0.0000383414 Loss content:  0.0169 Loss fft:  0.8194 Loss dta_rank:  0.0000 Loss dta_tv:  0.0291 Loss dta_proxy:  0.6530 Loss dta_trans:  0.0057 Loss dta_phys:  0.0063 Loss dta_preserve:  0.0043
Time:  0.0775 Epoch: 013 Iter:  600/ 600 LR: 0.0000383414 Loss content:  0.0176 Loss fft:  0.8547 Loss dta_rank:  0.0000 Loss dta_tv:  0.0287 Loss dta_proxy:  0.6377 Loss dta_trans:  0.0055 Loss dta_phys:  0.0067 Loss dta_preserve:  0.0060
EPOCH: 13
Elapsed time: 0.90 Epoch Pixel Loss:  0.0171 Epoch FFT Loss:  0.8211 Epoch DTA Rank:  0.0000 Epoch DTA TV:  0.0289 Epoch DTA Proxy:  0.6408 Epoch DTA Trans:  0.0057 Epoch DTA Phys:  0.0066 Epoch DTA Preserve:  0.0050
DTA_GATE_RAMP epoch=14 gate_limit=0.060000
Time:  0.0681 Epoch: 014 Iter:   50/ 600 LR: 0.0000297690 Loss content:  0.0177 Loss fft:  0.8509 Loss dta_rank:  0.0000 Loss dta_tv:  0.0277 Loss dta_proxy:  0.6548 Loss dta_trans:  0.0049 Loss dta_phys:  0.0064 Loss dta_preserve:  0.0058
Time:  0.0654 Epoch: 014 Iter:  100/ 600 LR: 0.0000297690 Loss content:  0.0169 Loss fft:  0.8275 Loss dta_rank:  0.0000 Loss dta_tv:  0.0293 Loss dta_proxy:  0.6476 Loss dta_trans:  0.0059 Loss dta_phys:  0.0062 Loss dta_preserve:  0.0047
Time:  0.0626 Epoch: 014 Iter:  150/ 600 LR: 0.0000297690 Loss content:  0.0166 Loss fft:  0.8058 Loss dta_rank:  0.0000 Loss dta_tv:  0.0287 Loss dta_proxy:  0.6276 Loss dta_trans:  0.0062 Loss dta_phys:  0.0068 Loss dta_preserve:  0.0041
Time:  0.0723 Epoch: 014 Iter:  200/ 600 LR: 0.0000297690 Loss content:  0.0167 Loss fft:  0.7958 Loss dta_rank:  0.0000 Loss dta_tv:  0.0288 Loss dta_proxy:  0.6243 Loss dta_trans:  0.0054 Loss dta_phys:  0.0061 Loss dta_preserve:  0.0043
Time:  0.0756 Epoch: 014 Iter:  250/ 600 LR: 0.0000297690 Loss content:  0.0168 Loss fft:  0.8245 Loss dta_rank:  0.0000 Loss dta_tv:  0.0289 Loss dta_proxy:  0.6372 Loss dta_trans:  0.0055 Loss dta_phys:  0.0067 Loss dta_preserve:  0.0052
Time:  0.0743 Epoch: 014 Iter:  300/ 600 LR: 0.0000297690 Loss content:  0.0174 Loss fft:  0.8281 Loss dta_rank:  0.0000 Loss dta_tv:  0.0290 Loss dta_proxy:  0.6356 Loss dta_trans:  0.0059 Loss dta_phys:  0.0073 Loss dta_preserve:  0.0052
Time:  0.0736 Epoch: 014 Iter:  350/ 600 LR: 0.0000297690 Loss content:  0.0176 Loss fft:  0.8182 Loss dta_rank:  0.0000 Loss dta_tv:  0.0294 Loss dta_proxy:  0.6295 Loss dta_trans:  0.0058 Loss dta_phys:  0.0062 Loss dta_preserve:  0.0046
Time:  0.0743 Epoch: 014 Iter:  400/ 600 LR: 0.0000297690 Loss content:  0.0168 Loss fft:  0.8366 Loss dta_rank:  0.0000 Loss dta_tv:  0.0283 Loss dta_proxy:  0.6482 Loss dta_trans:  0.0061 Loss dta_phys:  0.0069 Loss dta_preserve:  0.0061
Time:  0.0633 Epoch: 014 Iter:  450/ 600 LR: 0.0000297690 Loss content:  0.0169 Loss fft:  0.8058 Loss dta_rank:  0.0000 Loss dta_tv:  0.0286 Loss dta_proxy:  0.6555 Loss dta_trans:  0.0055 Loss dta_phys:  0.0074 Loss dta_preserve:  0.0056
Time:  0.0757 Epoch: 014 Iter:  500/ 600 LR: 0.0000297690 Loss content:  0.0173 Loss fft:  0.8105 Loss dta_rank:  0.0000 Loss dta_tv:  0.0284 Loss dta_proxy:  0.6560 Loss dta_trans:  0.0060 Loss dta_phys:  0.0073 Loss dta_preserve:  0.0053
Time:  0.0747 Epoch: 014 Iter:  550/ 600 LR: 0.0000297690 Loss content:  0.0176 Loss fft:  0.8300 Loss dta_rank:  0.0000 Loss dta_tv:  0.0286 Loss dta_proxy:  0.6409 Loss dta_trans:  0.0061 Loss dta_phys:  0.0063 Loss dta_preserve:  0.0052
Time:  0.0740 Epoch: 014 Iter:  600/ 600 LR: 0.0000297690 Loss content:  0.0163 Loss fft:  0.8080 Loss dta_rank:  0.0000 Loss dta_tv:  0.0282 Loss dta_proxy:  0.6431 Loss dta_trans:  0.0050 Loss dta_phys:  0.0069 Loss dta_preserve:  0.0048
EPOCH: 14
Elapsed time: 0.86 Epoch Pixel Loss:  0.0171 Epoch FFT Loss:  0.8201 Epoch DTA Rank:  0.0000 Epoch DTA TV:  0.0287 Epoch DTA Proxy:  0.6417 Epoch DTA Trans:  0.0057 Epoch DTA Phys:  0.0067 Epoch DTA Preserve:  0.0051
DTA_GATE_RAMP epoch=15 gate_limit=0.060000
Time:  0.0788 Epoch: 015 Iter:   50/ 600 LR: 0.0000219361 Loss content:  0.0173 Loss fft:  0.8213 Loss dta_rank:  0.0000 Loss dta_tv:  0.0282 Loss dta_proxy:  0.6496 Loss dta_trans:  0.0048 Loss dta_phys:  0.0073 Loss dta_preserve:  0.0046
Time:  0.0743 Epoch: 015 Iter:  100/ 600 LR: 0.0000219361 Loss content:  0.0169 Loss fft:  0.8278 Loss dta_rank:  0.0000 Loss dta_tv:  0.0288 Loss dta_proxy:  0.6390 Loss dta_trans:  0.0067 Loss dta_phys:  0.0070 Loss dta_preserve:  0.0051
Time:  0.0726 Epoch: 015 Iter:  150/ 600 LR: 0.0000219361 Loss content:  0.0170 Loss fft:  0.8161 Loss dta_rank:  0.0000 Loss dta_tv:  0.0282 Loss dta_proxy:  0.6401 Loss dta_trans:  0.0057 Loss dta_phys:  0.0058 Loss dta_preserve:  0.0044
Time:  0.0735 Epoch: 015 Iter:  200/ 600 LR: 0.0000219361 Loss content:  0.0177 Loss fft:  0.8437 Loss dta_rank:  0.0000 Loss dta_tv:  0.0281 Loss dta_proxy:  0.6319 Loss dta_trans:  0.0056 Loss dta_phys:  0.0068 Loss dta_preserve:  0.0053
Time:  0.0729 Epoch: 015 Iter:  250/ 600 LR: 0.0000219361 Loss content:  0.0172 Loss fft:  0.8500 Loss dta_rank:  0.0000 Loss dta_tv:  0.0276 Loss dta_proxy:  0.6608 Loss dta_trans:  0.0051 Loss dta_phys:  0.0062 Loss dta_preserve:  0.0039
Time:  0.0745 Epoch: 015 Iter:  300/ 600 LR: 0.0000219361 Loss content:  0.0171 Loss fft:  0.8145 Loss dta_rank:  0.0000 Loss dta_tv:  0.0287 Loss dta_proxy:  0.6252 Loss dta_trans:  0.0053 Loss dta_phys:  0.0071 Loss dta_preserve:  0.0044
Time:  0.0788 Epoch: 015 Iter:  350/ 600 LR: 0.0000219361 Loss content:  0.0168 Loss fft:  0.8026 Loss dta_rank:  0.0000 Loss dta_tv:  0.0274 Loss dta_proxy:  0.6646 Loss dta_trans:  0.0049 Loss dta_phys:  0.0064 Loss dta_preserve:  0.0066
Time:  0.0742 Epoch: 015 Iter:  400/ 600 LR: 0.0000219361 Loss content:  0.0165 Loss fft:  0.7996 Loss dta_rank:  0.0000 Loss dta_tv:  0.0289 Loss dta_proxy:  0.6420 Loss dta_trans:  0.0065 Loss dta_phys:  0.0067 Loss dta_preserve:  0.0047
Time:  0.0730 Epoch: 015 Iter:  450/ 600 LR: 0.0000219361 Loss content:  0.0174 Loss fft:  0.8571 Loss dta_rank:  0.0000 Loss dta_tv:  0.0293 Loss dta_proxy:  0.6272 Loss dta_trans:  0.0061 Loss dta_phys:  0.0067 Loss dta_preserve:  0.0070
Time:  0.0739 Epoch: 015 Iter:  500/ 600 LR: 0.0000219361 Loss content:  0.0167 Loss fft:  0.8027 Loss dta_rank:  0.0000 Loss dta_tv:  0.0289 Loss dta_proxy:  0.6332 Loss dta_trans:  0.0065 Loss dta_phys:  0.0066 Loss dta_preserve:  0.0049
Time:  0.0695 Epoch: 015 Iter:  550/ 600 LR: 0.0000219361 Loss content:  0.0166 Loss fft:  0.8064 Loss dta_rank:  0.0000 Loss dta_tv:  0.0278 Loss dta_proxy:  0.6586 Loss dta_trans:  0.0053 Loss dta_phys:  0.0078 Loss dta_preserve:  0.0041
Time:  0.0760 Epoch: 015 Iter:  600/ 600 LR: 0.0000219361 Loss content:  0.0166 Loss fft:  0.7825 Loss dta_rank:  0.0000 Loss dta_tv:  0.0287 Loss dta_proxy:  0.6358 Loss dta_trans:  0.0056 Loss dta_phys:  0.0072 Loss dta_preserve:  0.0049
EPOCH: 15
Elapsed time: 0.90 Epoch Pixel Loss:  0.0170 Epoch FFT Loss:  0.8187 Epoch DTA Rank:  0.0000 Epoch DTA TV:  0.0284 Epoch DTA Proxy:  0.6423 Epoch DTA Trans:  0.0057 Epoch DTA Phys:  0.0068 Epoch DTA Preserve:  0.0050
DTA_GATE_RAMP epoch=16 gate_limit=0.060000
Time:  0.0812 Epoch: 016 Iter:   50/ 600 LR: 0.0000151017 Loss content:  0.0168 Loss fft:  0.8139 Loss dta_rank:  0.0000 Loss dta_tv:  0.0280 Loss dta_proxy:  0.6422 Loss dta_trans:  0.0056 Loss dta_phys:  0.0064 Loss dta_preserve:  0.0057
Time:  0.0728 Epoch: 016 Iter:  100/ 600 LR: 0.0000151017 Loss content:  0.0174 Loss fft:  0.8192 Loss dta_rank:  0.0000 Loss dta_tv:  0.0283 Loss dta_proxy:  0.6426 Loss dta_trans:  0.0048 Loss dta_phys:  0.0073 Loss dta_preserve:  0.0051
Time:  0.0730 Epoch: 016 Iter:  150/ 600 LR: 0.0000151017 Loss content:  0.0176 Loss fft:  0.8123 Loss dta_rank:  0.0000 Loss dta_tv:  0.0289 Loss dta_proxy:  0.6360 Loss dta_trans:  0.0053 Loss dta_phys:  0.0065 Loss dta_preserve:  0.0048
Time:  0.0681 Epoch: 016 Iter:  200/ 600 LR: 0.0000151017 Loss content:  0.0168 Loss fft:  0.8119 Loss dta_rank:  0.0000 Loss dta_tv:  0.0290 Loss dta_proxy:  0.6522 Loss dta_trans:  0.0061 Loss dta_phys:  0.0069 Loss dta_preserve:  0.0051
Time:  0.0714 Epoch: 016 Iter:  250/ 600 LR: 0.0000151017 Loss content:  0.0169 Loss fft:  0.8158 Loss dta_rank:  0.0000 Loss dta_tv:  0.0277 Loss dta_proxy:  0.6475 Loss dta_trans:  0.0054 Loss dta_phys:  0.0069 Loss dta_preserve:  0.0049
Time:  0.0740 Epoch: 016 Iter:  300/ 600 LR: 0.0000151017 Loss content:  0.0176 Loss fft:  0.8409 Loss dta_rank:  0.0000 Loss dta_tv:  0.0290 Loss dta_proxy:  0.6480 Loss dta_trans:  0.0055 Loss dta_phys:  0.0065 Loss dta_preserve:  0.0051
Time:  0.0736 Epoch: 016 Iter:  350/ 600 LR: 0.0000151017 Loss content:  0.0170 Loss fft:  0.8182 Loss dta_rank:  0.0000 Loss dta_tv:  0.0290 Loss dta_proxy:  0.6330 Loss dta_trans:  0.0055 Loss dta_phys:  0.0067 Loss dta_preserve:  0.0055
Time:  0.0775 Epoch: 016 Iter:  400/ 600 LR: 0.0000151017 Loss content:  0.0168 Loss fft:  0.8307 Loss dta_rank:  0.0000 Loss dta_tv:  0.0280 Loss dta_proxy:  0.6459 Loss dta_trans:  0.0057 Loss dta_phys:  0.0063 Loss dta_preserve:  0.0045
Time:  0.0796 Epoch: 016 Iter:  450/ 600 LR: 0.0000151017 Loss content:  0.0174 Loss fft:  0.8395 Loss dta_rank:  0.0000 Loss dta_tv:  0.0289 Loss dta_proxy:  0.6411 Loss dta_trans:  0.0056 Loss dta_phys:  0.0067 Loss dta_preserve:  0.0040
Time:  0.0808 Epoch: 016 Iter:  500/ 600 LR: 0.0000151017 Loss content:  0.0178 Loss fft:  0.8381 Loss dta_rank:  0.0000 Loss dta_tv:  0.0286 Loss dta_proxy:  0.6375 Loss dta_trans:  0.0049 Loss dta_phys:  0.0062 Loss dta_preserve:  0.0069
Time:  0.0801 Epoch: 016 Iter:  550/ 600 LR: 0.0000151017 Loss content:  0.0169 Loss fft:  0.8119 Loss dta_rank:  0.0000 Loss dta_tv:  0.0281 Loss dta_proxy:  0.6455 Loss dta_trans:  0.0051 Loss dta_phys:  0.0072 Loss dta_preserve:  0.0042
Time:  0.0731 Epoch: 016 Iter:  600/ 600 LR: 0.0000151017 Loss content:  0.0167 Loss fft:  0.7896 Loss dta_rank:  0.0000 Loss dta_tv:  0.0286 Loss dta_proxy:  0.6380 Loss dta_trans:  0.0056 Loss dta_phys:  0.0065 Loss dta_preserve:  0.0049
EPOCH: 16
Elapsed time: 0.91 Epoch Pixel Loss:  0.0171 Epoch FFT Loss:  0.8202 Epoch DTA Rank:  0.0000 Epoch DTA TV:  0.0285 Epoch DTA Proxy:  0.6425 Epoch DTA Trans:  0.0054 Epoch DTA Phys:  0.0067 Epoch DTA Preserve:  0.0051
DTA_GATE_RAMP epoch=17 gate_limit=0.060000
Time:  0.0811 Epoch: 017 Iter:   50/ 600 LR: 0.0000094853 Loss content:  0.0170 Loss fft:  0.8436 Loss dta_rank:  0.0000 Loss dta_tv:  0.0287 Loss dta_proxy:  0.6375 Loss dta_trans:  0.0047 Loss dta_phys:  0.0069 Loss dta_preserve:  0.0044
Time:  0.0760 Epoch: 017 Iter:  100/ 600 LR: 0.0000094853 Loss content:  0.0175 Loss fft:  0.8216 Loss dta_rank:  0.0000 Loss dta_tv:  0.0288 Loss dta_proxy:  0.6509 Loss dta_trans:  0.0063 Loss dta_phys:  0.0071 Loss dta_preserve:  0.0060
Time:  0.0777 Epoch: 017 Iter:  150/ 600 LR: 0.0000094853 Loss content:  0.0167 Loss fft:  0.8092 Loss dta_rank:  0.0000 Loss dta_tv:  0.0276 Loss dta_proxy:  0.6588 Loss dta_trans:  0.0053 Loss dta_phys:  0.0073 Loss dta_preserve:  0.0053
Time:  0.0720 Epoch: 017 Iter:  200/ 600 LR: 0.0000094853 Loss content:  0.0164 Loss fft:  0.8093 Loss dta_rank:  0.0000 Loss dta_tv:  0.0288 Loss dta_proxy:  0.6346 Loss dta_trans:  0.0061 Loss dta_phys:  0.0067 Loss dta_preserve:  0.0040
Time:  0.0809 Epoch: 017 Iter:  250/ 600 LR: 0.0000094853 Loss content:  0.0176 Loss fft:  0.8170 Loss dta_rank:  0.0000 Loss dta_tv:  0.0298 Loss dta_proxy:  0.6230 Loss dta_trans:  0.0062 Loss dta_phys:  0.0065 Loss dta_preserve:  0.0055
Time:  0.0756 Epoch: 017 Iter:  300/ 600 LR: 0.0000094853 Loss content:  0.0179 Loss fft:  0.8398 Loss dta_rank:  0.0000 Loss dta_tv:  0.0288 Loss dta_proxy:  0.6495 Loss dta_trans:  0.0051 Loss dta_phys:  0.0063 Loss dta_preserve:  0.0055
Time:  0.0719 Epoch: 017 Iter:  350/ 600 LR: 0.0000094853 Loss content:  0.0174 Loss fft:  0.8170 Loss dta_rank:  0.0000 Loss dta_tv:  0.0280 Loss dta_proxy:  0.6542 Loss dta_trans:  0.0045 Loss dta_phys:  0.0069 Loss dta_preserve:  0.0045
Time:  0.0655 Epoch: 017 Iter:  400/ 600 LR: 0.0000094853 Loss content:  0.0171 Loss fft:  0.8282 Loss dta_rank:  0.0000 Loss dta_tv:  0.0289 Loss dta_proxy:  0.6195 Loss dta_trans:  0.0061 Loss dta_phys:  0.0072 Loss dta_preserve:  0.0058
Time:  0.0737 Epoch: 017 Iter:  450/ 600 LR: 0.0000094853 Loss content:  0.0172 Loss fft:  0.8236 Loss dta_rank:  0.0000 Loss dta_tv:  0.0292 Loss dta_proxy:  0.6163 Loss dta_trans:  0.0062 Loss dta_phys:  0.0064 Loss dta_preserve:  0.0054
Time:  0.0716 Epoch: 017 Iter:  500/ 600 LR: 0.0000094853 Loss content:  0.0171 Loss fft:  0.7996 Loss dta_rank:  0.0000 Loss dta_tv:  0.0285 Loss dta_proxy:  0.6320 Loss dta_trans:  0.0053 Loss dta_phys:  0.0065 Loss dta_preserve:  0.0058
Time:  0.0715 Epoch: 017 Iter:  550/ 600 LR: 0.0000094853 Loss content:  0.0178 Loss fft:  0.8293 Loss dta_rank:  0.0000 Loss dta_tv:  0.0278 Loss dta_proxy:  0.6536 Loss dta_trans:  0.0050 Loss dta_phys:  0.0062 Loss dta_preserve:  0.0071
Time:  0.0736 Epoch: 017 Iter:  600/ 600 LR: 0.0000094853 Loss content:  0.0163 Loss fft:  0.8433 Loss dta_rank:  0.0000 Loss dta_tv:  0.0290 Loss dta_proxy:  0.6268 Loss dta_trans:  0.0057 Loss dta_phys:  0.0059 Loss dta_preserve:  0.0043
EPOCH: 17
Elapsed time: 0.89 Epoch Pixel Loss:  0.0172 Epoch FFT Loss:  0.8235 Epoch DTA Rank:  0.0000 Epoch DTA TV:  0.0287 Epoch DTA Proxy:  0.6381 Epoch DTA Trans:  0.0055 Epoch DTA Phys:  0.0066 Epoch DTA Preserve:  0.0053
DTA_GATE_RAMP epoch=18 gate_limit=0.060000
Time:  0.0768 Epoch: 018 Iter:   50/ 600 LR: 0.0000052550 Loss content:  0.0165 Loss fft:  0.8146 Loss dta_rank:  0.0000 Loss dta_tv:  0.0292 Loss dta_proxy:  0.6287 Loss dta_trans:  0.0059 Loss dta_phys:  0.0071 Loss dta_preserve:  0.0064
Time:  0.0717 Epoch: 018 Iter:  100/ 600 LR: 0.0000052550 Loss content:  0.0171 Loss fft:  0.8116 Loss dta_rank:  0.0000 Loss dta_tv:  0.0289 Loss dta_proxy:  0.6311 Loss dta_trans:  0.0053 Loss dta_phys:  0.0073 Loss dta_preserve:  0.0058
Time:  0.0716 Epoch: 018 Iter:  150/ 600 LR: 0.0000052550 Loss content:  0.0170 Loss fft:  0.8314 Loss dta_rank:  0.0000 Loss dta_tv:  0.0285 Loss dta_proxy:  0.6561 Loss dta_trans:  0.0049 Loss dta_phys:  0.0063 Loss dta_preserve:  0.0055
Time:  0.0724 Epoch: 018 Iter:  200/ 600 LR: 0.0000052550 Loss content:  0.0170 Loss fft:  0.8083 Loss dta_rank:  0.0000 Loss dta_tv:  0.0295 Loss dta_proxy:  0.6180 Loss dta_trans:  0.0053 Loss dta_phys:  0.0068 Loss dta_preserve:  0.0046
Time:  0.0745 Epoch: 018 Iter:  250/ 600 LR: 0.0000052550 Loss content:  0.0168 Loss fft:  0.7969 Loss dta_rank:  0.0000 Loss dta_tv:  0.0286 Loss dta_proxy:  0.6198 Loss dta_trans:  0.0056 Loss dta_phys:  0.0060 Loss dta_preserve:  0.0047
Time:  0.0761 Epoch: 018 Iter:  300/ 600 LR: 0.0000052550 Loss content:  0.0171 Loss fft:  0.8305 Loss dta_rank:  0.0000 Loss dta_tv:  0.0281 Loss dta_proxy:  0.6533 Loss dta_trans:  0.0055 Loss dta_phys:  0.0069 Loss dta_preserve:  0.0070
Time:  0.0743 Epoch: 018 Iter:  350/ 600 LR: 0.0000052550 Loss content:  0.0168 Loss fft:  0.8254 Loss dta_rank:  0.0000 Loss dta_tv:  0.0288 Loss dta_proxy:  0.6376 Loss dta_trans:  0.0063 Loss dta_phys:  0.0061 Loss dta_preserve:  0.0041
Time:  0.0680 Epoch: 018 Iter:  400/ 600 LR: 0.0000052550 Loss content:  0.0175 Loss fft:  0.8047 Loss dta_rank:  0.0000 Loss dta_tv:  0.0282 Loss dta_proxy:  0.6486 Loss dta_trans:  0.0057 Loss dta_phys:  0.0068 Loss dta_preserve:  0.0061
Time:  0.0757 Epoch: 018 Iter:  450/ 600 LR: 0.0000052550 Loss content:  0.0170 Loss fft:  0.8328 Loss dta_rank:  0.0000 Loss dta_tv:  0.0281 Loss dta_proxy:  0.6340 Loss dta_trans:  0.0060 Loss dta_phys:  0.0064 Loss dta_preserve:  0.0046
Time:  0.0759 Epoch: 018 Iter:  500/ 600 LR: 0.0000052550 Loss content:  0.0171 Loss fft:  0.8052 Loss dta_rank:  0.0000 Loss dta_tv:  0.0290 Loss dta_proxy:  0.6371 Loss dta_trans:  0.0051 Loss dta_phys:  0.0075 Loss dta_preserve:  0.0054
Time:  0.0607 Epoch: 018 Iter:  550/ 600 LR: 0.0000052550 Loss content:  0.0179 Loss fft:  0.8320 Loss dta_rank:  0.0000 Loss dta_tv:  0.0280 Loss dta_proxy:  0.6555 Loss dta_trans:  0.0053 Loss dta_phys:  0.0071 Loss dta_preserve:  0.0054
Time:  0.0713 Epoch: 018 Iter:  600/ 600 LR: 0.0000052550 Loss content:  0.0177 Loss fft:  0.8655 Loss dta_rank:  0.0000 Loss dta_tv:  0.0291 Loss dta_proxy:  0.6328 Loss dta_trans:  0.0056 Loss dta_phys:  0.0069 Loss dta_preserve:  0.0054
EPOCH: 18
Elapsed time: 0.87 Epoch Pixel Loss:  0.0171 Epoch FFT Loss:  0.8216 Epoch DTA Rank:  0.0000 Epoch DTA TV:  0.0287 Epoch DTA Proxy:  0.6377 Epoch DTA Trans:  0.0055 Epoch DTA Phys:  0.0068 Epoch DTA Preserve:  0.0054
DTA_GATE_RAMP epoch=19 gate_limit=0.060000
Time:  0.0773 Epoch: 019 Iter:   50/ 600 LR: 0.0000025070 Loss content:  0.0168 Loss fft:  0.8120 Loss dta_rank:  0.0000 Loss dta_tv:  0.0281 Loss dta_proxy:  0.6471 Loss dta_trans:  0.0052 Loss dta_phys:  0.0067 Loss dta_preserve:  0.0047
Time:  0.0724 Epoch: 019 Iter:  100/ 600 LR: 0.0000025070 Loss content:  0.0169 Loss fft:  0.8011 Loss dta_rank:  0.0000 Loss dta_tv:  0.0281 Loss dta_proxy:  0.6302 Loss dta_trans:  0.0052 Loss dta_phys:  0.0070 Loss dta_preserve:  0.0046
Time:  0.0725 Epoch: 019 Iter:  150/ 600 LR: 0.0000025070 Loss content:  0.0176 Loss fft:  0.8155 Loss dta_rank:  0.0000 Loss dta_tv:  0.0280 Loss dta_proxy:  0.6472 Loss dta_trans:  0.0059 Loss dta_phys:  0.0067 Loss dta_preserve:  0.0090
Time:  0.0738 Epoch: 019 Iter:  200/ 600 LR: 0.0000025070 Loss content:  0.0159 Loss fft:  0.7806 Loss dta_rank:  0.0000 Loss dta_tv:  0.0292 Loss dta_proxy:  0.6384 Loss dta_trans:  0.0070 Loss dta_phys:  0.0071 Loss dta_preserve:  0.0043
Time:  0.0712 Epoch: 019 Iter:  250/ 600 LR: 0.0000025070 Loss content:  0.0167 Loss fft:  0.8282 Loss dta_rank:  0.0000 Loss dta_tv:  0.0282 Loss dta_proxy:  0.6532 Loss dta_trans:  0.0048 Loss dta_phys:  0.0063 Loss dta_preserve:  0.0060
Time:  0.0697 Epoch: 019 Iter:  300/ 600 LR: 0.0000025070 Loss content:  0.0172 Loss fft:  0.8471 Loss dta_rank:  0.0000 Loss dta_tv:  0.0290 Loss dta_proxy:  0.6229 Loss dta_trans:  0.0055 Loss dta_phys:  0.0070 Loss dta_preserve:  0.0047
Time:  0.0773 Epoch: 019 Iter:  350/ 600 LR: 0.0000025070 Loss content:  0.0174 Loss fft:  0.8408 Loss dta_rank:  0.0000 Loss dta_tv:  0.0291 Loss dta_proxy:  0.6346 Loss dta_trans:  0.0052 Loss dta_phys:  0.0069 Loss dta_preserve:  0.0051
Time:  0.0735 Epoch: 019 Iter:  400/ 600 LR: 0.0000025070 Loss content:  0.0172 Loss fft:  0.8247 Loss dta_rank:  0.0000 Loss dta_tv:  0.0283 Loss dta_proxy:  0.6300 Loss dta_trans:  0.0058 Loss dta_phys:  0.0063 Loss dta_preserve:  0.0057
Time:  0.0726 Epoch: 019 Iter:  450/ 600 LR: 0.0000025070 Loss content:  0.0167 Loss fft:  0.8063 Loss dta_rank:  0.0000 Loss dta_tv:  0.0283 Loss dta_proxy:  0.6239 Loss dta_trans:  0.0050 Loss dta_phys:  0.0068 Loss dta_preserve:  0.0046
Time:  0.0680 Epoch: 019 Iter:  500/ 600 LR: 0.0000025070 Loss content:  0.0177 Loss fft:  0.8423 Loss dta_rank:  0.0000 Loss dta_tv:  0.0280 Loss dta_proxy:  0.6590 Loss dta_trans:  0.0054 Loss dta_phys:  0.0066 Loss dta_preserve:  0.0059
Time:  0.0720 Epoch: 019 Iter:  550/ 600 LR: 0.0000025070 Loss content:  0.0164 Loss fft:  0.7988 Loss dta_rank:  0.0000 Loss dta_tv:  0.0283 Loss dta_proxy:  0.6432 Loss dta_trans:  0.0053 Loss dta_phys:  0.0065 Loss dta_preserve:  0.0052
Time:  0.0682 Epoch: 019 Iter:  600/ 600 LR: 0.0000025070 Loss content:  0.0178 Loss fft:  0.8257 Loss dta_rank:  0.0000 Loss dta_tv:  0.0285 Loss dta_proxy:  0.6437 Loss dta_trans:  0.0058 Loss dta_phys:  0.0073 Loss dta_preserve:  0.0051
EPOCH: 19
Elapsed time: 0.87 Epoch Pixel Loss:  0.0170 Epoch FFT Loss:  0.8186 Epoch DTA Rank:  0.0000 Epoch DTA TV:  0.0284 Epoch DTA Proxy:  0.6395 Epoch DTA Trans:  0.0055 Epoch DTA Phys:  0.0068 Epoch DTA Preserve:  0.0054
DTA_GATE_RAMP epoch=20 gate_limit=0.060000
Time:  0.0809 Epoch: 020 Iter:   50/ 600 LR: 0.0000012125 Loss content:  0.0177 Loss fft:  0.8455 Loss dta_rank:  0.0000 Loss dta_tv:  0.0292 Loss dta_proxy:  0.6305 Loss dta_trans:  0.0062 Loss dta_phys:  0.0070 Loss dta_preserve:  0.0051
Time:  0.0725 Epoch: 020 Iter:  100/ 600 LR: 0.0000012125 Loss content:  0.0168 Loss fft:  0.8043 Loss dta_rank:  0.0000 Loss dta_tv:  0.0279 Loss dta_proxy:  0.6515 Loss dta_trans:  0.0054 Loss dta_phys:  0.0073 Loss dta_preserve:  0.0055
Time:  0.0730 Epoch: 020 Iter:  150/ 600 LR: 0.0000012125 Loss content:  0.0164 Loss fft:  0.8059 Loss dta_rank:  0.0000 Loss dta_tv:  0.0298 Loss dta_proxy:  0.6028 Loss dta_trans:  0.0067 Loss dta_phys:  0.0063 Loss dta_preserve:  0.0041
Time:  0.0754 Epoch: 020 Iter:  200/ 600 LR: 0.0000012125 Loss content:  0.0176 Loss fft:  0.8183 Loss dta_rank:  0.0000 Loss dta_tv:  0.0282 Loss dta_proxy:  0.6432 Loss dta_trans:  0.0056 Loss dta_phys:  0.0065 Loss dta_preserve:  0.0046
Time:  0.0731 Epoch: 020 Iter:  250/ 600 LR: 0.0000012125 Loss content:  0.0170 Loss fft:  0.8116 Loss dta_rank:  0.0000 Loss dta_tv:  0.0285 Loss dta_proxy:  0.6426 Loss dta_trans:  0.0056 Loss dta_phys:  0.0069 Loss dta_preserve:  0.0051
Time:  0.0706 Epoch: 020 Iter:  300/ 600 LR: 0.0000012125 Loss content:  0.0166 Loss fft:  0.8061 Loss dta_rank:  0.0000 Loss dta_tv:  0.0292 Loss dta_proxy:  0.6213 Loss dta_trans:  0.0058 Loss dta_phys:  0.0068 Loss dta_preserve:  0.0059
Time:  0.0714 Epoch: 020 Iter:  350/ 600 LR: 0.0000012125 Loss content:  0.0163 Loss fft:  0.8098 Loss dta_rank:  0.0000 Loss dta_tv:  0.0283 Loss dta_proxy:  0.6342 Loss dta_trans:  0.0057 Loss dta_phys:  0.0063 Loss dta_preserve:  0.0044
Time:  0.0747 Epoch: 020 Iter:  400/ 600 LR: 0.0000012125 Loss content:  0.0167 Loss fft:  0.8176 Loss dta_rank:  0.0000 Loss dta_tv:  0.0287 Loss dta_proxy:  0.6259 Loss dta_trans:  0.0054 Loss dta_phys:  0.0064 Loss dta_preserve:  0.0065
Time:  0.0751 Epoch: 020 Iter:  450/ 600 LR: 0.0000012125 Loss content:  0.0167 Loss fft:  0.8244 Loss dta_rank:  0.0000 Loss dta_tv:  0.0284 Loss dta_proxy:  0.6506 Loss dta_trans:  0.0048 Loss dta_phys:  0.0070 Loss dta_preserve:  0.0054
Time:  0.0707 Epoch: 020 Iter:  500/ 600 LR: 0.0000012125 Loss content:  0.0168 Loss fft:  0.8159 Loss dta_rank:  0.0000 Loss dta_tv:  0.0285 Loss dta_proxy:  0.6478 Loss dta_trans:  0.0056 Loss dta_phys:  0.0066 Loss dta_preserve:  0.0066
Time:  0.0693 Epoch: 020 Iter:  550/ 600 LR: 0.0000012125 Loss content:  0.0171 Loss fft:  0.8149 Loss dta_rank:  0.0000 Loss dta_tv:  0.0275 Loss dta_proxy:  0.6509 Loss dta_trans:  0.0044 Loss dta_phys:  0.0064 Loss dta_preserve:  0.0049
Time:  0.0694 Epoch: 020 Iter:  600/ 600 LR: 0.0000012125 Loss content:  0.0176 Loss fft:  0.8514 Loss dta_rank:  0.0000 Loss dta_tv:  0.0280 Loss dta_proxy:  0.6602 Loss dta_trans:  0.0046 Loss dta_phys:  0.0061 Loss dta_preserve:  0.0059
EPOCH: 20
Elapsed time: 0.88 Epoch Pixel Loss:  0.0169 Epoch FFT Loss:  0.8188 Epoch DTA Rank:  0.0000 Epoch DTA TV:  0.0285 Epoch DTA Proxy:  0.6385 Epoch DTA Trans:  0.0055 Epoch DTA Phys:  0.0066 Epoch DTA Preserve:  0.0053
