Namespace(model_name='ConvIR-Haze4K-DTA-v2-adapter_only-normal-seed3407-f0-oof20', data='Haze4K', version='base', fam_mode='original', arch='dta_v2', seed=3407, mode='train', data_dir='/sda/home/wangyuxin/ConvIR-B/datasets/Haze4K/Haze4K', batch_size=4, learning_rate=0.0001, weight_decay=0.0, num_epoch=20, stop_epoch=20, print_freq=50, num_worker=4, save_freq=5, valid_freq=9999, mod_stats_freq=5, mod_stats_batches=16, grad_clip_norm=0.001, dta_grad_clip_norm=0.05, dta_neighbor_grad_clip_norm=0.005, init_model='/sda/home/wangyuxin/ConvIR-B/checkpoints/official/Haze4K/haze4k-base.pkl', init_model_partial=True, partial_new_prefixes='DTA.', resume='', train_scope='adapter_only', dta_depth_cache_dir='/sda/home/wangyuxin/ConvIR-B/depth_cache/depth_anything_v2_small_hf', dta_train_depth_split='train', dta_eval_depth_split='train', valid_root_split='train', eval_root_split='test', dta_require_depth=True, dta_variant='v2', dta_depth_mode='normal', dta_prior_channels=32, dta_gate_bias=-6.0, dta_gate_limit=0.06, dta_gamma_limit=0.12, dta_beta_limit=0.06, dta_alpha_init=1.0, dta_confidence_floor=0.25, dta_confidence_local_scale=6.0, dta_output_residual_scale=0.03, dta_use_trans_gt=True, dta_trans_weight=0.02, dta_phys_weight=0.005, dta_preserve_weight=0.02, dta_preserve_trans_thresh=0.8, dta_gate_ramp_start=0.01, dta_gate_ramp_mid=0.03, dta_gate_ramp_end=0.06, dta_gate_ramp_warmup_epochs=2, dta_gate_ramp_mid_epochs=8, dta_rank_weight=0.001, dta_tv_weight=0.0001, dta_proxy_weight=0.0, dta_rank_pairs=512, dta_rank_min_depth_gap=0.03, split_json='/sda/home/wangyuxin/ConvIR-B/repos/ConvIR-B-dta-v2-calibrated/experience_docx/experiment_logs/haze4k_dta_v2_calibrated_20260611/dta_v2_haze4k_oof_splits_seed3407.json', split_name='fold0_train', test_model='', save_image=False, leaning_rate=0.0001, model_save_dir='results/ConvIR-Haze4K-DTA-v2-adapter_only-normal-seed3407-f0-oof20/Training-Results/', result_dir='results/ConvIR-Haze4K-DTA-v2-adapter_only-normal-seed3407-f0-oof20/images/Haze4K', init_model_sha256='6f42037d57a4e3de3a10ac0ab909d66a3415864a19433c29204a975f4efa4088')
/sda/home/wangyuxin/ConvIR-B/repos/ConvIR-B-dta-v2-calibrated/Dehazing/ITS/main.py:14: FutureWarning: You are using `torch.load` with `weights_only=False` (the current default value), which uses the default pickle module implicitly. It is possible to construct malicious pickle data which will execute arbitrary code during unpickling (See https://github.com/pytorch/pytorch/blob/main/SECURITY.md#untrusted-models for more details). In a future release, the default value for `weights_only` will be flipped to `True`. This limits the functions that could be executed during unpickling. Arbitrary objects will no longer be allowed to be loaded via this mode unless they are explicitly allowlisted by the user via `torch.serialization.add_safe_globals`. We recommend you start setting `weights_only=True` for any use case where you don't have full control of the loaded file. Please open an issue on GitHub for any issues related to this experimental feature.
  state = torch.load(path, map_location=map_location)
INIT_MODEL_PARTIAL_LOAD path=/sda/home/wangyuxin/ConvIR-B/checkpoints/official/Haze4K/haze4k-base.pkl loaded=602 missing_allowed=25 unexpected=[] allowed_new_prefixes=('DTA.',)
TRAIN_SCOPE scope=adapter_only arch=dta_v2 trainable=74699 total=8705364
/sda/home/wangyuxin/ConvIR-B/envs/convir-cu121/lib/python3.10/site-packages/torch/optim/lr_scheduler.py:224: UserWarning: Detected call of `lr_scheduler.step()` before `optimizer.step()`. In PyTorch 1.1.0 and later, you should call them in the opposite order: `optimizer.step()` before `lr_scheduler.step()`.  Failure to do this will result in PyTorch skipping the first value of the learning rate schedule. See more details at https://pytorch.org/docs/stable/optim.html#how-to-adjust-learning-rate
  warnings.warn(
DTA_GATE_RAMP epoch=1 gate_limit=0.010000
Time:  0.0932 Epoch: 001 Iter:   50/ 600 LR: 0.0000333333 Loss content:  0.0178 Loss fft:  0.8085 Loss dta_rank:  0.6924 Loss dta_tv:  0.0040 Loss dta_proxy:  0.2866 Loss dta_trans:  0.0413 Loss dta_phys:  0.0074 Loss dta_preserve:  0.0053
Time:  0.0738 Epoch: 001 Iter:  100/ 600 LR: 0.0000333333 Loss content:  0.0178 Loss fft:  0.8343 Loss dta_rank:  0.6937 Loss dta_tv:  0.0107 Loss dta_proxy:  0.3410 Loss dta_trans:  0.0354 Loss dta_phys:  0.0094 Loss dta_preserve:  0.0043
Time:  0.0738 Epoch: 001 Iter:  150/ 600 LR: 0.0000333333 Loss content:  0.0173 Loss fft:  0.8405 Loss dta_rank:  0.6979 Loss dta_tv:  0.0148 Loss dta_proxy:  0.3702 Loss dta_trans:  0.0280 Loss dta_phys:  0.0111 Loss dta_preserve:  0.0047
Time:  0.0750 Epoch: 001 Iter:  200/ 600 LR: 0.0000333333 Loss content:  0.0169 Loss fft:  0.8103 Loss dta_rank:  0.7047 Loss dta_tv:  0.0184 Loss dta_proxy:  0.3966 Loss dta_trans:  0.0259 Loss dta_phys:  0.0109 Loss dta_preserve:  0.0040
Time:  0.0779 Epoch: 001 Iter:  250/ 600 LR: 0.0000333333 Loss content:  0.0172 Loss fft:  0.8316 Loss dta_rank:  0.7151 Loss dta_tv:  0.0216 Loss dta_proxy:  0.3780 Loss dta_trans:  0.0236 Loss dta_phys:  0.0091 Loss dta_preserve:  0.0037
Time:  0.0631 Epoch: 001 Iter:  300/ 600 LR: 0.0000333333 Loss content:  0.0175 Loss fft:  0.8647 Loss dta_rank:  0.7254 Loss dta_tv:  0.0261 Loss dta_proxy:  0.3758 Loss dta_trans:  0.0195 Loss dta_phys:  0.0087 Loss dta_preserve:  0.0076
Time:  0.0625 Epoch: 001 Iter:  350/ 600 LR: 0.0000333333 Loss content:  0.0171 Loss fft:  0.8048 Loss dta_rank:  0.7326 Loss dta_tv:  0.0287 Loss dta_proxy:  0.4070 Loss dta_trans:  0.0174 Loss dta_phys:  0.0087 Loss dta_preserve:  0.0046
Time:  0.0743 Epoch: 001 Iter:  400/ 600 LR: 0.0000333333 Loss content:  0.0175 Loss fft:  0.8202 Loss dta_rank:  0.7385 Loss dta_tv:  0.0310 Loss dta_proxy:  0.4183 Loss dta_trans:  0.0145 Loss dta_phys:  0.0090 Loss dta_preserve:  0.0054
Time:  0.0723 Epoch: 001 Iter:  450/ 600 LR: 0.0000333333 Loss content:  0.0170 Loss fft:  0.8021 Loss dta_rank:  0.7479 Loss dta_tv:  0.0325 Loss dta_proxy:  0.4203 Loss dta_trans:  0.0143 Loss dta_phys:  0.0077 Loss dta_preserve:  0.0039
Time:  0.0737 Epoch: 001 Iter:  500/ 600 LR: 0.0000333333 Loss content:  0.0168 Loss fft:  0.8182 Loss dta_rank:  0.7523 Loss dta_tv:  0.0344 Loss dta_proxy:  0.4207 Loss dta_trans:  0.0136 Loss dta_phys:  0.0081 Loss dta_preserve:  0.0068
Time:  0.0747 Epoch: 001 Iter:  550/ 600 LR: 0.0000333333 Loss content:  0.0168 Loss fft:  0.8067 Loss dta_rank:  0.7521 Loss dta_tv:  0.0340 Loss dta_proxy:  0.4483 Loss dta_trans:  0.0129 Loss dta_phys:  0.0084 Loss dta_preserve:  0.0056
Time:  0.0774 Epoch: 001 Iter:  600/ 600 LR: 0.0000333333 Loss content:  0.0175 Loss fft:  0.8351 Loss dta_rank:  0.7532 Loss dta_tv:  0.0351 Loss dta_proxy:  0.4374 Loss dta_trans:  0.0140 Loss dta_phys:  0.0080 Loss dta_preserve:  0.0043
EPOCH: 01
Elapsed time: 0.89 Epoch Pixel Loss:  0.0173 Epoch FFT Loss:  0.8231 Epoch DTA Rank:  0.7255 Epoch DTA TV:  0.0243 Epoch DTA Proxy:  0.3917 Epoch DTA Trans:  0.0217 Epoch DTA Phys:  0.0089 Epoch DTA Preserve:  0.0050
DTA_GATE_RAMP epoch=2 gate_limit=0.010000
Time:  0.0794 Epoch: 002 Iter:   50/ 600 LR: 0.0000666667 Loss content:  0.0175 Loss fft:  0.8078 Loss dta_rank:  0.7539 Loss dta_tv:  0.0350 Loss dta_proxy:  0.4405 Loss dta_trans:  0.0114 Loss dta_phys:  0.0074 Loss dta_preserve:  0.0069
Time:  0.0787 Epoch: 002 Iter:  100/ 600 LR: 0.0000666667 Loss content:  0.0173 Loss fft:  0.8291 Loss dta_rank:  0.7587 Loss dta_tv:  0.0352 Loss dta_proxy:  0.4299 Loss dta_trans:  0.0121 Loss dta_phys:  0.0082 Loss dta_preserve:  0.0049
Time:  0.0749 Epoch: 002 Iter:  150/ 600 LR: 0.0000666667 Loss content:  0.0172 Loss fft:  0.8316 Loss dta_rank:  0.7589 Loss dta_tv:  0.0341 Loss dta_proxy:  0.4475 Loss dta_trans:  0.0111 Loss dta_phys:  0.0063 Loss dta_preserve:  0.0050
Time:  0.0749 Epoch: 002 Iter:  200/ 600 LR: 0.0000666667 Loss content:  0.0168 Loss fft:  0.7834 Loss dta_rank:  0.7583 Loss dta_tv:  0.0352 Loss dta_proxy:  0.3959 Loss dta_trans:  0.0110 Loss dta_phys:  0.0069 Loss dta_preserve:  0.0045
Time:  0.0740 Epoch: 002 Iter:  250/ 600 LR: 0.0000666667 Loss content:  0.0166 Loss fft:  0.8099 Loss dta_rank:  0.7581 Loss dta_tv:  0.0337 Loss dta_proxy:  0.4566 Loss dta_trans:  0.0101 Loss dta_phys:  0.0074 Loss dta_preserve:  0.0051
Time:  0.0753 Epoch: 002 Iter:  300/ 600 LR: 0.0000666667 Loss content:  0.0172 Loss fft:  0.8201 Loss dta_rank:  0.7594 Loss dta_tv:  0.0328 Loss dta_proxy:  0.4342 Loss dta_trans:  0.0106 Loss dta_phys:  0.0072 Loss dta_preserve:  0.0054
Time:  0.0782 Epoch: 002 Iter:  350/ 600 LR: 0.0000666667 Loss content:  0.0166 Loss fft:  0.8174 Loss dta_rank:  0.7620 Loss dta_tv:  0.0331 Loss dta_proxy:  0.4519 Loss dta_trans:  0.0100 Loss dta_phys:  0.0084 Loss dta_preserve:  0.0059
Time:  0.0756 Epoch: 002 Iter:  400/ 600 LR: 0.0000666667 Loss content:  0.0174 Loss fft:  0.8301 Loss dta_rank:  0.7578 Loss dta_tv:  0.0333 Loss dta_proxy:  0.4245 Loss dta_trans:  0.0111 Loss dta_phys:  0.0081 Loss dta_preserve:  0.0046
Time:  0.0736 Epoch: 002 Iter:  450/ 600 LR: 0.0000666667 Loss content:  0.0173 Loss fft:  0.8110 Loss dta_rank:  0.7628 Loss dta_tv:  0.0321 Loss dta_proxy:  0.4478 Loss dta_trans:  0.0096 Loss dta_phys:  0.0078 Loss dta_preserve:  0.0054
Time:  0.0750 Epoch: 002 Iter:  500/ 600 LR: 0.0000666667 Loss content:  0.0171 Loss fft:  0.8070 Loss dta_rank:  0.7634 Loss dta_tv:  0.0326 Loss dta_proxy:  0.4631 Loss dta_trans:  0.0090 Loss dta_phys:  0.0075 Loss dta_preserve:  0.0050
Time:  0.0775 Epoch: 002 Iter:  550/ 600 LR: 0.0000666667 Loss content:  0.0173 Loss fft:  0.8152 Loss dta_rank:  0.7680 Loss dta_tv:  0.0328 Loss dta_proxy:  0.4507 Loss dta_trans:  0.0087 Loss dta_phys:  0.0062 Loss dta_preserve:  0.0044
Time:  0.0775 Epoch: 002 Iter:  600/ 600 LR: 0.0000666667 Loss content:  0.0173 Loss fft:  0.8297 Loss dta_rank:  0.7670 Loss dta_tv:  0.0325 Loss dta_proxy:  0.4549 Loss dta_trans:  0.0083 Loss dta_phys:  0.0068 Loss dta_preserve:  0.0056
EPOCH: 02
Elapsed time: 0.92 Epoch Pixel Loss:  0.0171 Epoch FFT Loss:  0.8160 Epoch DTA Rank:  0.7607 Epoch DTA TV:  0.0335 Epoch DTA Proxy:  0.4415 Epoch DTA Trans:  0.0102 Epoch DTA Phys:  0.0074 Epoch DTA Preserve:  0.0052
DTA_GATE_RAMP epoch=3 gate_limit=0.030000
Time:  0.0756 Epoch: 003 Iter:   50/ 600 LR: 0.0001000000 Loss content:  0.0176 Loss fft:  0.8484 Loss dta_rank:  0.7647 Loss dta_tv:  0.0328 Loss dta_proxy:  0.4308 Loss dta_trans:  0.0087 Loss dta_phys:  0.0070 Loss dta_preserve:  0.0050
Time:  0.0768 Epoch: 003 Iter:  100/ 600 LR: 0.0001000000 Loss content:  0.0177 Loss fft:  0.8280 Loss dta_rank:  0.7665 Loss dta_tv:  0.0326 Loss dta_proxy:  0.4392 Loss dta_trans:  0.0080 Loss dta_phys:  0.0071 Loss dta_preserve:  0.0067
Time:  0.0756 Epoch: 003 Iter:  150/ 600 LR: 0.0001000000 Loss content:  0.0179 Loss fft:  0.8216 Loss dta_rank:  0.7661 Loss dta_tv:  0.0304 Loss dta_proxy:  0.4755 Loss dta_trans:  0.0098 Loss dta_phys:  0.0071 Loss dta_preserve:  0.0060
Time:  0.0748 Epoch: 003 Iter:  200/ 600 LR: 0.0001000000 Loss content:  0.0171 Loss fft:  0.8522 Loss dta_rank:  0.7718 Loss dta_tv:  0.0319 Loss dta_proxy:  0.4457 Loss dta_trans:  0.0081 Loss dta_phys:  0.0072 Loss dta_preserve:  0.0062
Time:  0.0744 Epoch: 003 Iter:  250/ 600 LR: 0.0001000000 Loss content:  0.0163 Loss fft:  0.8213 Loss dta_rank:  0.7773 Loss dta_tv:  0.0325 Loss dta_proxy:  0.4503 Loss dta_trans:  0.0076 Loss dta_phys:  0.0071 Loss dta_preserve:  0.0047
Time:  0.0741 Epoch: 003 Iter:  300/ 600 LR: 0.0001000000 Loss content:  0.0169 Loss fft:  0.7961 Loss dta_rank:  0.7689 Loss dta_tv:  0.0319 Loss dta_proxy:  0.4321 Loss dta_trans:  0.0087 Loss dta_phys:  0.0064 Loss dta_preserve:  0.0051
Time:  0.0732 Epoch: 003 Iter:  350/ 600 LR: 0.0001000000 Loss content:  0.0168 Loss fft:  0.8210 Loss dta_rank:  0.7704 Loss dta_tv:  0.0308 Loss dta_proxy:  0.4726 Loss dta_trans:  0.0093 Loss dta_phys:  0.0072 Loss dta_preserve:  0.0050
Time:  0.0771 Epoch: 003 Iter:  400/ 600 LR: 0.0001000000 Loss content:  0.0174 Loss fft:  0.8530 Loss dta_rank:  0.7704 Loss dta_tv:  0.0317 Loss dta_proxy:  0.4465 Loss dta_trans:  0.0086 Loss dta_phys:  0.0074 Loss dta_preserve:  0.0053
Time:  0.0778 Epoch: 003 Iter:  450/ 600 LR: 0.0001000000 Loss content:  0.0166 Loss fft:  0.8095 Loss dta_rank:  0.7698 Loss dta_tv:  0.0310 Loss dta_proxy:  0.4455 Loss dta_trans:  0.0083 Loss dta_phys:  0.0070 Loss dta_preserve:  0.0050
Time:  0.0789 Epoch: 003 Iter:  500/ 600 LR: 0.0001000000 Loss content:  0.0161 Loss fft:  0.7717 Loss dta_rank:  0.7647 Loss dta_tv:  0.0296 Loss dta_proxy:  0.4515 Loss dta_trans:  0.0075 Loss dta_phys:  0.0068 Loss dta_preserve:  0.0051
Time:  0.0763 Epoch: 003 Iter:  550/ 600 LR: 0.0001000000 Loss content:  0.0175 Loss fft:  0.8225 Loss dta_rank:  0.7698 Loss dta_tv:  0.0309 Loss dta_proxy:  0.4636 Loss dta_trans:  0.0077 Loss dta_phys:  0.0072 Loss dta_preserve:  0.0063
Time:  0.0770 Epoch: 003 Iter:  600/ 600 LR: 0.0001000000 Loss content:  0.0172 Loss fft:  0.8259 Loss dta_rank:  0.7698 Loss dta_tv:  0.0306 Loss dta_proxy:  0.4558 Loss dta_trans:  0.0073 Loss dta_phys:  0.0069 Loss dta_preserve:  0.0047
EPOCH: 03
Elapsed time: 0.91 Epoch Pixel Loss:  0.0171 Epoch FFT Loss:  0.8226 Epoch DTA Rank:  0.7692 Epoch DTA TV:  0.0314 Epoch DTA Proxy:  0.4508 Epoch DTA Trans:  0.0083 Epoch DTA Phys:  0.0070 Epoch DTA Preserve:  0.0054
/sda/home/wangyuxin/ConvIR-B/envs/convir-cu121/lib/python3.10/site-packages/torch/optim/lr_scheduler.py:1087: UserWarning: To get the last learning rate computed by the scheduler, please use `get_last_lr()`.
  _warn_get_lr_called_within_step(self)
DTA_GATE_RAMP epoch=4 gate_limit=0.030000
Time:  0.0817 Epoch: 004 Iter:   50/ 600 LR: 0.0001000000 Loss content:  0.0168 Loss fft:  0.8010 Loss dta_rank:  0.7652 Loss dta_tv:  0.0301 Loss dta_proxy:  0.4528 Loss dta_trans:  0.0091 Loss dta_phys:  0.0076 Loss dta_preserve:  0.0055
Time:  0.0797 Epoch: 004 Iter:  100/ 600 LR: 0.0001000000 Loss content:  0.0165 Loss fft:  0.8165 Loss dta_rank:  0.7717 Loss dta_tv:  0.0300 Loss dta_proxy:  0.4560 Loss dta_trans:  0.0072 Loss dta_phys:  0.0062 Loss dta_preserve:  0.0046
Time:  0.0701 Epoch: 004 Iter:  150/ 600 LR: 0.0001000000 Loss content:  0.0167 Loss fft:  0.8004 Loss dta_rank:  0.7673 Loss dta_tv:  0.0288 Loss dta_proxy:  0.4591 Loss dta_trans:  0.0077 Loss dta_phys:  0.0080 Loss dta_preserve:  0.0051
Time:  0.0786 Epoch: 004 Iter:  200/ 600 LR: 0.0001000000 Loss content:  0.0185 Loss fft:  0.8371 Loss dta_rank:  0.7703 Loss dta_tv:  0.0290 Loss dta_proxy:  0.4485 Loss dta_trans:  0.0074 Loss dta_phys:  0.0064 Loss dta_preserve:  0.0051
Time:  0.0706 Epoch: 004 Iter:  250/ 600 LR: 0.0001000000 Loss content:  0.0176 Loss fft:  0.8211 Loss dta_rank:  0.7738 Loss dta_tv:  0.0299 Loss dta_proxy:  0.4647 Loss dta_trans:  0.0070 Loss dta_phys:  0.0068 Loss dta_preserve:  0.0055
Time:  0.0755 Epoch: 004 Iter:  300/ 600 LR: 0.0001000000 Loss content:  0.0170 Loss fft:  0.8098 Loss dta_rank:  0.7698 Loss dta_tv:  0.0296 Loss dta_proxy:  0.4481 Loss dta_trans:  0.0071 Loss dta_phys:  0.0065 Loss dta_preserve:  0.0049
Time:  0.0765 Epoch: 004 Iter:  350/ 600 LR: 0.0001000000 Loss content:  0.0171 Loss fft:  0.8142 Loss dta_rank:  0.7750 Loss dta_tv:  0.0298 Loss dta_proxy:  0.4476 Loss dta_trans:  0.0073 Loss dta_phys:  0.0071 Loss dta_preserve:  0.0055
Time:  0.0727 Epoch: 004 Iter:  400/ 600 LR: 0.0001000000 Loss content:  0.0174 Loss fft:  0.8280 Loss dta_rank:  0.7731 Loss dta_tv:  0.0292 Loss dta_proxy:  0.4521 Loss dta_trans:  0.0076 Loss dta_phys:  0.0060 Loss dta_preserve:  0.0047
Time:  0.0743 Epoch: 004 Iter:  450/ 600 LR: 0.0001000000 Loss content:  0.0164 Loss fft:  0.8126 Loss dta_rank:  0.7744 Loss dta_tv:  0.0291 Loss dta_proxy:  0.4611 Loss dta_trans:  0.0071 Loss dta_phys:  0.0070 Loss dta_preserve:  0.0053
Time:  0.0758 Epoch: 004 Iter:  500/ 600 LR: 0.0001000000 Loss content:  0.0172 Loss fft:  0.8181 Loss dta_rank:  0.7734 Loss dta_tv:  0.0294 Loss dta_proxy:  0.4629 Loss dta_trans:  0.0074 Loss dta_phys:  0.0075 Loss dta_preserve:  0.0050
Time:  0.0675 Epoch: 004 Iter:  550/ 600 LR: 0.0001000000 Loss content:  0.0178 Loss fft:  0.8239 Loss dta_rank:  0.7722 Loss dta_tv:  0.0296 Loss dta_proxy:  0.4517 Loss dta_trans:  0.0064 Loss dta_phys:  0.0069 Loss dta_preserve:  0.0059
Time:  0.0741 Epoch: 004 Iter:  600/ 600 LR: 0.0001000000 Loss content:  0.0175 Loss fft:  0.8316 Loss dta_rank:  0.7812 Loss dta_tv:  0.0295 Loss dta_proxy:  0.4447 Loss dta_trans:  0.0070 Loss dta_phys:  0.0063 Loss dta_preserve:  0.0046
EPOCH: 04
Elapsed time: 0.90 Epoch Pixel Loss:  0.0172 Epoch FFT Loss:  0.8179 Epoch DTA Rank:  0.7723 Epoch DTA TV:  0.0295 Epoch DTA Proxy:  0.4541 Epoch DTA Trans:  0.0073 Epoch DTA Phys:  0.0068 Epoch DTA Preserve:  0.0051
DTA_GATE_RAMP epoch=5 gate_limit=0.030000
Time:  0.0789 Epoch: 005 Iter:   50/ 600 LR: 0.0000983215 Loss content:  0.0175 Loss fft:  0.8378 Loss dta_rank:  0.7745 Loss dta_tv:  0.0287 Loss dta_proxy:  0.4595 Loss dta_trans:  0.0073 Loss dta_phys:  0.0067 Loss dta_preserve:  0.0045
Time:  0.0763 Epoch: 005 Iter:  100/ 600 LR: 0.0000983215 Loss content:  0.0167 Loss fft:  0.8234 Loss dta_rank:  0.7781 Loss dta_tv:  0.0300 Loss dta_proxy:  0.4287 Loss dta_trans:  0.0068 Loss dta_phys:  0.0068 Loss dta_preserve:  0.0053
Time:  0.0732 Epoch: 005 Iter:  150/ 600 LR: 0.0000983215 Loss content:  0.0167 Loss fft:  0.8058 Loss dta_rank:  0.7732 Loss dta_tv:  0.0287 Loss dta_proxy:  0.4595 Loss dta_trans:  0.0065 Loss dta_phys:  0.0061 Loss dta_preserve:  0.0060
Time:  0.0741 Epoch: 005 Iter:  200/ 600 LR: 0.0000983215 Loss content:  0.0172 Loss fft:  0.8008 Loss dta_rank:  0.7728 Loss dta_tv:  0.0292 Loss dta_proxy:  0.4419 Loss dta_trans:  0.0076 Loss dta_phys:  0.0058 Loss dta_preserve:  0.0054
Time:  0.0760 Epoch: 005 Iter:  250/ 600 LR: 0.0000983215 Loss content:  0.0174 Loss fft:  0.8270 Loss dta_rank:  0.7743 Loss dta_tv:  0.0286 Loss dta_proxy:  0.4624 Loss dta_trans:  0.0066 Loss dta_phys:  0.0071 Loss dta_preserve:  0.0048
Time:  0.0751 Epoch: 005 Iter:  300/ 600 LR: 0.0000983215 Loss content:  0.0173 Loss fft:  0.8230 Loss dta_rank:  0.7759 Loss dta_tv:  0.0287 Loss dta_proxy:  0.4368 Loss dta_trans:  0.0071 Loss dta_phys:  0.0067 Loss dta_preserve:  0.0043
Time:  0.0730 Epoch: 005 Iter:  350/ 600 LR: 0.0000983215 Loss content:  0.0176 Loss fft:  0.8089 Loss dta_rank:  0.7771 Loss dta_tv:  0.0286 Loss dta_proxy:  0.4456 Loss dta_trans:  0.0073 Loss dta_phys:  0.0062 Loss dta_preserve:  0.0053
Time:  0.0760 Epoch: 005 Iter:  400/ 600 LR: 0.0000983215 Loss content:  0.0173 Loss fft:  0.8145 Loss dta_rank:  0.7710 Loss dta_tv:  0.0268 Loss dta_proxy:  0.4645 Loss dta_trans:  0.0075 Loss dta_phys:  0.0084 Loss dta_preserve:  0.0050
Time:  0.0760 Epoch: 005 Iter:  450/ 600 LR: 0.0000983215 Loss content:  0.0171 Loss fft:  0.8366 Loss dta_rank:  0.7748 Loss dta_tv:  0.0279 Loss dta_proxy:  0.4522 Loss dta_trans:  0.0068 Loss dta_phys:  0.0061 Loss dta_preserve:  0.0043
Time:  0.0742 Epoch: 005 Iter:  500/ 600 LR: 0.0000983215 Loss content:  0.0168 Loss fft:  0.8069 Loss dta_rank:  0.7663 Loss dta_tv:  0.0261 Loss dta_proxy:  0.4729 Loss dta_trans:  0.0061 Loss dta_phys:  0.0066 Loss dta_preserve:  0.0046
Time:  0.0771 Epoch: 005 Iter:  550/ 600 LR: 0.0000983215 Loss content:  0.0166 Loss fft:  0.7980 Loss dta_rank:  0.7715 Loss dta_tv:  0.0276 Loss dta_proxy:  0.4668 Loss dta_trans:  0.0073 Loss dta_phys:  0.0081 Loss dta_preserve:  0.0046
Time:  0.0796 Epoch: 005 Iter:  600/ 600 LR: 0.0000983215 Loss content:  0.0168 Loss fft:  0.7953 Loss dta_rank:  0.7684 Loss dta_tv:  0.0277 Loss dta_proxy:  0.4626 Loss dta_trans:  0.0067 Loss dta_phys:  0.0074 Loss dta_preserve:  0.0042
EPOCH: 05
Elapsed time: 0.91 Epoch Pixel Loss:  0.0171 Epoch FFT Loss:  0.8148 Epoch DTA Rank:  0.7731 Epoch DTA TV:  0.0282 Epoch DTA Proxy:  0.4545 Epoch DTA Trans:  0.0070 Epoch DTA Phys:  0.0068 Epoch DTA Preserve:  0.0049
DTA_GATE_RAMP epoch=6 gate_limit=0.030000
Time:  0.0825 Epoch: 006 Iter:   50/ 600 LR: 0.0000942212 Loss content:  0.0173 Loss fft:  0.8080 Loss dta_rank:  0.7745 Loss dta_tv:  0.0280 Loss dta_proxy:  0.4531 Loss dta_trans:  0.0073 Loss dta_phys:  0.0077 Loss dta_preserve:  0.0044
Time:  0.0761 Epoch: 006 Iter:  100/ 600 LR: 0.0000942212 Loss content:  0.0170 Loss fft:  0.7934 Loss dta_rank:  0.7694 Loss dta_tv:  0.0271 Loss dta_proxy:  0.4745 Loss dta_trans:  0.0070 Loss dta_phys:  0.0075 Loss dta_preserve:  0.0054
Time:  0.0741 Epoch: 006 Iter:  150/ 600 LR: 0.0000942212 Loss content:  0.0169 Loss fft:  0.8087 Loss dta_rank:  0.7754 Loss dta_tv:  0.0274 Loss dta_proxy:  0.4628 Loss dta_trans:  0.0078 Loss dta_phys:  0.0065 Loss dta_preserve:  0.0041
Time:  0.0763 Epoch: 006 Iter:  200/ 600 LR: 0.0000942212 Loss content:  0.0170 Loss fft:  0.8315 Loss dta_rank:  0.7708 Loss dta_tv:  0.0268 Loss dta_proxy:  0.4782 Loss dta_trans:  0.0062 Loss dta_phys:  0.0072 Loss dta_preserve:  0.0045
Time:  0.0753 Epoch: 006 Iter:  250/ 600 LR: 0.0000942212 Loss content:  0.0168 Loss fft:  0.8282 Loss dta_rank:  0.7757 Loss dta_tv:  0.0281 Loss dta_proxy:  0.4409 Loss dta_trans:  0.0069 Loss dta_phys:  0.0056 Loss dta_preserve:  0.0046
Time:  0.0731 Epoch: 006 Iter:  300/ 600 LR: 0.0000942212 Loss content:  0.0173 Loss fft:  0.7918 Loss dta_rank:  0.7726 Loss dta_tv:  0.0273 Loss dta_proxy:  0.4534 Loss dta_trans:  0.0072 Loss dta_phys:  0.0073 Loss dta_preserve:  0.0079
Time:  0.0776 Epoch: 006 Iter:  350/ 600 LR: 0.0000942212 Loss content:  0.0163 Loss fft:  0.7898 Loss dta_rank:  0.7821 Loss dta_tv:  0.0274 Loss dta_proxy:  0.4582 Loss dta_trans:  0.0071 Loss dta_phys:  0.0068 Loss dta_preserve:  0.0047
Time:  0.0786 Epoch: 006 Iter:  400/ 600 LR: 0.0000942212 Loss content:  0.0174 Loss fft:  0.8340 Loss dta_rank:  0.7701 Loss dta_tv:  0.0266 Loss dta_proxy:  0.4550 Loss dta_trans:  0.0070 Loss dta_phys:  0.0070 Loss dta_preserve:  0.0041
Time:  0.0755 Epoch: 006 Iter:  450/ 600 LR: 0.0000942212 Loss content:  0.0170 Loss fft:  0.8324 Loss dta_rank:  0.7745 Loss dta_tv:  0.0275 Loss dta_proxy:  0.4475 Loss dta_trans:  0.0052 Loss dta_phys:  0.0063 Loss dta_preserve:  0.0050
Time:  0.0773 Epoch: 006 Iter:  500/ 600 LR: 0.0000942212 Loss content:  0.0173 Loss fft:  0.8228 Loss dta_rank:  0.7715 Loss dta_tv:  0.0271 Loss dta_proxy:  0.4636 Loss dta_trans:  0.0065 Loss dta_phys:  0.0064 Loss dta_preserve:  0.0052
Time:  0.0791 Epoch: 006 Iter:  550/ 600 LR: 0.0000942212 Loss content:  0.0171 Loss fft:  0.8390 Loss dta_rank:  0.7767 Loss dta_tv:  0.0275 Loss dta_proxy:  0.4516 Loss dta_trans:  0.0060 Loss dta_phys:  0.0065 Loss dta_preserve:  0.0051
Time:  0.0736 Epoch: 006 Iter:  600/ 600 LR: 0.0000942212 Loss content:  0.0168 Loss fft:  0.8389 Loss dta_rank:  0.7780 Loss dta_tv:  0.0270 Loss dta_proxy:  0.4663 Loss dta_trans:  0.0065 Loss dta_phys:  0.0072 Loss dta_preserve:  0.0060
EPOCH: 06
Elapsed time: 0.92 Epoch Pixel Loss:  0.0170 Epoch FFT Loss:  0.8182 Epoch DTA Rank:  0.7743 Epoch DTA TV:  0.0273 Epoch DTA Proxy:  0.4588 Epoch DTA Trans:  0.0067 Epoch DTA Phys:  0.0068 Epoch DTA Preserve:  0.0051
DTA_GATE_RAMP epoch=7 gate_limit=0.030000
Time:  0.0818 Epoch: 007 Iter:   50/ 600 LR: 0.0000886874 Loss content:  0.0170 Loss fft:  0.8072 Loss dta_rank:  0.7696 Loss dta_tv:  0.0260 Loss dta_proxy:  0.4637 Loss dta_trans:  0.0065 Loss dta_phys:  0.0065 Loss dta_preserve:  0.0045
Time:  0.0750 Epoch: 007 Iter:  100/ 600 LR: 0.0000886874 Loss content:  0.0174 Loss fft:  0.8279 Loss dta_rank:  0.7731 Loss dta_tv:  0.0265 Loss dta_proxy:  0.4584 Loss dta_trans:  0.0067 Loss dta_phys:  0.0071 Loss dta_preserve:  0.0046
Time:  0.0739 Epoch: 007 Iter:  150/ 600 LR: 0.0000886874 Loss content:  0.0183 Loss fft:  0.8289 Loss dta_rank:  0.7771 Loss dta_tv:  0.0264 Loss dta_proxy:  0.4664 Loss dta_trans:  0.0070 Loss dta_phys:  0.0066 Loss dta_preserve:  0.0065
Time:  0.0771 Epoch: 007 Iter:  200/ 600 LR: 0.0000886874 Loss content:  0.0164 Loss fft:  0.8071 Loss dta_rank:  0.7734 Loss dta_tv:  0.0264 Loss dta_proxy:  0.4593 Loss dta_trans:  0.0061 Loss dta_phys:  0.0069 Loss dta_preserve:  0.0052
Time:  0.0735 Epoch: 007 Iter:  250/ 600 LR: 0.0000886874 Loss content:  0.0172 Loss fft:  0.8223 Loss dta_rank:  0.7718 Loss dta_tv:  0.0266 Loss dta_proxy:  0.4457 Loss dta_trans:  0.0059 Loss dta_phys:  0.0071 Loss dta_preserve:  0.0061
Time:  0.0765 Epoch: 007 Iter:  300/ 600 LR: 0.0000886874 Loss content:  0.0170 Loss fft:  0.8170 Loss dta_rank:  0.7757 Loss dta_tv:  0.0270 Loss dta_proxy:  0.4352 Loss dta_trans:  0.0076 Loss dta_phys:  0.0073 Loss dta_preserve:  0.0048
Time:  0.0765 Epoch: 007 Iter:  350/ 600 LR: 0.0000886874 Loss content:  0.0168 Loss fft:  0.7919 Loss dta_rank:  0.7741 Loss dta_tv:  0.0268 Loss dta_proxy:  0.4369 Loss dta_trans:  0.0060 Loss dta_phys:  0.0062 Loss dta_preserve:  0.0048
Time:  0.0748 Epoch: 007 Iter:  400/ 600 LR: 0.0000886874 Loss content:  0.0170 Loss fft:  0.8153 Loss dta_rank:  0.7766 Loss dta_tv:  0.0270 Loss dta_proxy:  0.4523 Loss dta_trans:  0.0070 Loss dta_phys:  0.0066 Loss dta_preserve:  0.0043
Time:  0.0766 Epoch: 007 Iter:  450/ 600 LR: 0.0000886874 Loss content:  0.0169 Loss fft:  0.8147 Loss dta_rank:  0.7713 Loss dta_tv:  0.0269 Loss dta_proxy:  0.4603 Loss dta_trans:  0.0069 Loss dta_phys:  0.0071 Loss dta_preserve:  0.0060
Time:  0.0754 Epoch: 007 Iter:  500/ 600 LR: 0.0000886874 Loss content:  0.0176 Loss fft:  0.8137 Loss dta_rank:  0.7761 Loss dta_tv:  0.0260 Loss dta_proxy:  0.4714 Loss dta_trans:  0.0058 Loss dta_phys:  0.0067 Loss dta_preserve:  0.0040
Time:  0.0760 Epoch: 007 Iter:  550/ 600 LR: 0.0000886874 Loss content:  0.0170 Loss fft:  0.8204 Loss dta_rank:  0.7742 Loss dta_tv:  0.0266 Loss dta_proxy:  0.4632 Loss dta_trans:  0.0073 Loss dta_phys:  0.0064 Loss dta_preserve:  0.0048
Time:  0.0732 Epoch: 007 Iter:  600/ 600 LR: 0.0000886874 Loss content:  0.0174 Loss fft:  0.8157 Loss dta_rank:  0.7755 Loss dta_tv:  0.0260 Loss dta_proxy:  0.4682 Loss dta_trans:  0.0055 Loss dta_phys:  0.0067 Loss dta_preserve:  0.0056
EPOCH: 07
Elapsed time: 0.91 Epoch Pixel Loss:  0.0172 Epoch FFT Loss:  0.8152 Epoch DTA Rank:  0.7740 Epoch DTA TV:  0.0265 Epoch DTA Proxy:  0.4567 Epoch DTA Trans:  0.0065 Epoch DTA Phys:  0.0068 Epoch DTA Preserve:  0.0051
DTA_GATE_RAMP epoch=8 gate_limit=0.030000
Time:  0.0804 Epoch: 008 Iter:   50/ 600 LR: 0.0000819070 Loss content:  0.0172 Loss fft:  0.8332 Loss dta_rank:  0.7699 Loss dta_tv:  0.0252 Loss dta_proxy:  0.4748 Loss dta_trans:  0.0060 Loss dta_phys:  0.0077 Loss dta_preserve:  0.0057
Time:  0.0766 Epoch: 008 Iter:  100/ 600 LR: 0.0000819070 Loss content:  0.0173 Loss fft:  0.8027 Loss dta_rank:  0.7698 Loss dta_tv:  0.0264 Loss dta_proxy:  0.4425 Loss dta_trans:  0.0065 Loss dta_phys:  0.0064 Loss dta_preserve:  0.0047
Time:  0.0772 Epoch: 008 Iter:  150/ 600 LR: 0.0000819070 Loss content:  0.0173 Loss fft:  0.8287 Loss dta_rank:  0.7710 Loss dta_tv:  0.0261 Loss dta_proxy:  0.4464 Loss dta_trans:  0.0066 Loss dta_phys:  0.0064 Loss dta_preserve:  0.0052
Time:  0.0742 Epoch: 008 Iter:  200/ 600 LR: 0.0000819070 Loss content:  0.0175 Loss fft:  0.8122 Loss dta_rank:  0.7726 Loss dta_tv:  0.0264 Loss dta_proxy:  0.4563 Loss dta_trans:  0.0064 Loss dta_phys:  0.0074 Loss dta_preserve:  0.0049
Time:  0.0726 Epoch: 008 Iter:  250/ 600 LR: 0.0000819070 Loss content:  0.0174 Loss fft:  0.8452 Loss dta_rank:  0.7772 Loss dta_tv:  0.0266 Loss dta_proxy:  0.4430 Loss dta_trans:  0.0071 Loss dta_phys:  0.0068 Loss dta_preserve:  0.0044
Time:  0.0724 Epoch: 008 Iter:  300/ 600 LR: 0.0000819070 Loss content:  0.0172 Loss fft:  0.8090 Loss dta_rank:  0.7734 Loss dta_tv:  0.0261 Loss dta_proxy:  0.4651 Loss dta_trans:  0.0076 Loss dta_phys:  0.0067 Loss dta_preserve:  0.0052
Time:  0.0635 Epoch: 008 Iter:  350/ 600 LR: 0.0000819070 Loss content:  0.0168 Loss fft:  0.8037 Loss dta_rank:  0.7774 Loss dta_tv:  0.0257 Loss dta_proxy:  0.4670 Loss dta_trans:  0.0064 Loss dta_phys:  0.0069 Loss dta_preserve:  0.0039
Time:  0.0618 Epoch: 008 Iter:  400/ 600 LR: 0.0000819070 Loss content:  0.0176 Loss fft:  0.8544 Loss dta_rank:  0.7756 Loss dta_tv:  0.0256 Loss dta_proxy:  0.4597 Loss dta_trans:  0.0058 Loss dta_phys:  0.0062 Loss dta_preserve:  0.0050
Time:  0.0607 Epoch: 008 Iter:  450/ 600 LR: 0.0000819070 Loss content:  0.0174 Loss fft:  0.8170 Loss dta_rank:  0.7756 Loss dta_tv:  0.0257 Loss dta_proxy:  0.4518 Loss dta_trans:  0.0062 Loss dta_phys:  0.0065 Loss dta_preserve:  0.0065
Time:  0.0616 Epoch: 008 Iter:  500/ 600 LR: 0.0000819070 Loss content:  0.0171 Loss fft:  0.8067 Loss dta_rank:  0.7708 Loss dta_tv:  0.0260 Loss dta_proxy:  0.4497 Loss dta_trans:  0.0069 Loss dta_phys:  0.0065 Loss dta_preserve:  0.0042
Time:  0.0809 Epoch: 008 Iter:  550/ 600 LR: 0.0000819070 Loss content:  0.0173 Loss fft:  0.8382 Loss dta_rank:  0.7800 Loss dta_tv:  0.0263 Loss dta_proxy:  0.4651 Loss dta_trans:  0.0059 Loss dta_phys:  0.0063 Loss dta_preserve:  0.0041
Time:  0.0785 Epoch: 008 Iter:  600/ 600 LR: 0.0000819070 Loss content:  0.0172 Loss fft:  0.7910 Loss dta_rank:  0.7750 Loss dta_tv:  0.0261 Loss dta_proxy:  0.4632 Loss dta_trans:  0.0059 Loss dta_phys:  0.0072 Loss dta_preserve:  0.0051
EPOCH: 08
Elapsed time: 0.86 Epoch Pixel Loss:  0.0173 Epoch FFT Loss:  0.8202 Epoch DTA Rank:  0.7740 Epoch DTA TV:  0.0260 Epoch DTA Proxy:  0.4571 Epoch DTA Trans:  0.0064 Epoch DTA Phys:  0.0068 Epoch DTA Preserve:  0.0049
DTA_GATE_RAMP epoch=9 gate_limit=0.060000
Time:  0.0772 Epoch: 009 Iter:   50/ 600 LR: 0.0000741093 Loss content:  0.0170 Loss fft:  0.8178 Loss dta_rank:  0.7755 Loss dta_tv:  0.0254 Loss dta_proxy:  0.4638 Loss dta_trans:  0.0058 Loss dta_phys:  0.0071 Loss dta_preserve:  0.0048
Time:  0.0758 Epoch: 009 Iter:  100/ 600 LR: 0.0000741093 Loss content:  0.0172 Loss fft:  0.8010 Loss dta_rank:  0.7740 Loss dta_tv:  0.0260 Loss dta_proxy:  0.4535 Loss dta_trans:  0.0059 Loss dta_phys:  0.0064 Loss dta_preserve:  0.0058
Time:  0.0689 Epoch: 009 Iter:  150/ 600 LR: 0.0000741093 Loss content:  0.0171 Loss fft:  0.7831 Loss dta_rank:  0.7713 Loss dta_tv:  0.0250 Loss dta_proxy:  0.4769 Loss dta_trans:  0.0067 Loss dta_phys:  0.0075 Loss dta_preserve:  0.0072
Time:  0.0621 Epoch: 009 Iter:  200/ 600 LR: 0.0000741093 Loss content:  0.0170 Loss fft:  0.8328 Loss dta_rank:  0.7703 Loss dta_tv:  0.0252 Loss dta_proxy:  0.4390 Loss dta_trans:  0.0068 Loss dta_phys:  0.0061 Loss dta_preserve:  0.0038
Time:  0.0615 Epoch: 009 Iter:  250/ 600 LR: 0.0000741093 Loss content:  0.0168 Loss fft:  0.8253 Loss dta_rank:  0.7704 Loss dta_tv:  0.0255 Loss dta_proxy:  0.4561 Loss dta_trans:  0.0055 Loss dta_phys:  0.0068 Loss dta_preserve:  0.0044
Time:  0.0625 Epoch: 009 Iter:  300/ 600 LR: 0.0000741093 Loss content:  0.0181 Loss fft:  0.8511 Loss dta_rank:  0.7770 Loss dta_tv:  0.0254 Loss dta_proxy:  0.4640 Loss dta_trans:  0.0059 Loss dta_phys:  0.0064 Loss dta_preserve:  0.0057
Time:  0.0613 Epoch: 009 Iter:  350/ 600 LR: 0.0000741093 Loss content:  0.0169 Loss fft:  0.8069 Loss dta_rank:  0.7723 Loss dta_tv:  0.0247 Loss dta_proxy:  0.4598 Loss dta_trans:  0.0063 Loss dta_phys:  0.0062 Loss dta_preserve:  0.0048
Time:  0.0625 Epoch: 009 Iter:  400/ 600 LR: 0.0000741093 Loss content:  0.0168 Loss fft:  0.7940 Loss dta_rank:  0.7722 Loss dta_tv:  0.0258 Loss dta_proxy:  0.4367 Loss dta_trans:  0.0079 Loss dta_phys:  0.0067 Loss dta_preserve:  0.0059
Time:  0.0621 Epoch: 009 Iter:  450/ 600 LR: 0.0000741093 Loss content:  0.0163 Loss fft:  0.7978 Loss dta_rank:  0.7759 Loss dta_tv:  0.0259 Loss dta_proxy:  0.4734 Loss dta_trans:  0.0066 Loss dta_phys:  0.0072 Loss dta_preserve:  0.0053
Time:  0.0624 Epoch: 009 Iter:  500/ 600 LR: 0.0000741093 Loss content:  0.0172 Loss fft:  0.8395 Loss dta_rank:  0.7725 Loss dta_tv:  0.0257 Loss dta_proxy:  0.4553 Loss dta_trans:  0.0056 Loss dta_phys:  0.0065 Loss dta_preserve:  0.0045
Time:  0.0655 Epoch: 009 Iter:  550/ 600 LR: 0.0000741093 Loss content:  0.0166 Loss fft:  0.8067 Loss dta_rank:  0.7731 Loss dta_tv:  0.0259 Loss dta_proxy:  0.4550 Loss dta_trans:  0.0070 Loss dta_phys:  0.0067 Loss dta_preserve:  0.0055
Time:  0.0763 Epoch: 009 Iter:  600/ 600 LR: 0.0000741093 Loss content:  0.0169 Loss fft:  0.8189 Loss dta_rank:  0.7772 Loss dta_tv:  0.0261 Loss dta_proxy:  0.4586 Loss dta_trans:  0.0059 Loss dta_phys:  0.0073 Loss dta_preserve:  0.0054
EPOCH: 09
Elapsed time: 0.80 Epoch Pixel Loss:  0.0170 Epoch FFT Loss:  0.8146 Epoch DTA Rank:  0.7735 Epoch DTA TV:  0.0256 Epoch DTA Proxy:  0.4577 Epoch DTA Trans:  0.0063 Epoch DTA Phys:  0.0067 Epoch DTA Preserve:  0.0053
DTA_GATE_RAMP epoch=10 gate_limit=0.060000
Time:  0.0789 Epoch: 010 Iter:   50/ 600 LR: 0.0000655580 Loss content:  0.0166 Loss fft:  0.8072 Loss dta_rank:  0.7740 Loss dta_tv:  0.0260 Loss dta_proxy:  0.4639 Loss dta_trans:  0.0061 Loss dta_phys:  0.0067 Loss dta_preserve:  0.0044
Time:  0.0752 Epoch: 010 Iter:  100/ 600 LR: 0.0000655580 Loss content:  0.0162 Loss fft:  0.7726 Loss dta_rank:  0.7762 Loss dta_tv:  0.0258 Loss dta_proxy:  0.4556 Loss dta_trans:  0.0063 Loss dta_phys:  0.0071 Loss dta_preserve:  0.0056
Time:  0.0738 Epoch: 010 Iter:  150/ 600 LR: 0.0000655580 Loss content:  0.0171 Loss fft:  0.8388 Loss dta_rank:  0.7732 Loss dta_tv:  0.0250 Loss dta_proxy:  0.4787 Loss dta_trans:  0.0059 Loss dta_phys:  0.0073 Loss dta_preserve:  0.0056
Time:  0.0761 Epoch: 010 Iter:  200/ 600 LR: 0.0000655580 Loss content:  0.0176 Loss fft:  0.8286 Loss dta_rank:  0.7767 Loss dta_tv:  0.0252 Loss dta_proxy:  0.4518 Loss dta_trans:  0.0065 Loss dta_phys:  0.0062 Loss dta_preserve:  0.0052
Time:  0.0749 Epoch: 010 Iter:  250/ 600 LR: 0.0000655580 Loss content:  0.0171 Loss fft:  0.7983 Loss dta_rank:  0.7698 Loss dta_tv:  0.0248 Loss dta_proxy:  0.4754 Loss dta_trans:  0.0066 Loss dta_phys:  0.0067 Loss dta_preserve:  0.0059
Time:  0.0742 Epoch: 010 Iter:  300/ 600 LR: 0.0000655580 Loss content:  0.0167 Loss fft:  0.8192 Loss dta_rank:  0.7834 Loss dta_tv:  0.0266 Loss dta_proxy:  0.4418 Loss dta_trans:  0.0065 Loss dta_phys:  0.0069 Loss dta_preserve:  0.0054
Time:  0.0775 Epoch: 010 Iter:  350/ 600 LR: 0.0000655580 Loss content:  0.0167 Loss fft:  0.8025 Loss dta_rank:  0.7729 Loss dta_tv:  0.0255 Loss dta_proxy:  0.4599 Loss dta_trans:  0.0065 Loss dta_phys:  0.0066 Loss dta_preserve:  0.0042
Time:  0.0794 Epoch: 010 Iter:  400/ 600 LR: 0.0000655580 Loss content:  0.0173 Loss fft:  0.8292 Loss dta_rank:  0.7736 Loss dta_tv:  0.0248 Loss dta_proxy:  0.4583 Loss dta_trans:  0.0063 Loss dta_phys:  0.0064 Loss dta_preserve:  0.0056
Time:  0.0804 Epoch: 010 Iter:  450/ 600 LR: 0.0000655580 Loss content:  0.0170 Loss fft:  0.8296 Loss dta_rank:  0.7759 Loss dta_tv:  0.0258 Loss dta_proxy:  0.4435 Loss dta_trans:  0.0056 Loss dta_phys:  0.0064 Loss dta_preserve:  0.0045
Time:  0.0764 Epoch: 010 Iter:  500/ 600 LR: 0.0000655580 Loss content:  0.0182 Loss fft:  0.8429 Loss dta_rank:  0.7761 Loss dta_tv:  0.0247 Loss dta_proxy:  0.4772 Loss dta_trans:  0.0054 Loss dta_phys:  0.0066 Loss dta_preserve:  0.0054
Time:  0.0780 Epoch: 010 Iter:  550/ 600 LR: 0.0000655580 Loss content:  0.0170 Loss fft:  0.8325 Loss dta_rank:  0.7735 Loss dta_tv:  0.0250 Loss dta_proxy:  0.4764 Loss dta_trans:  0.0061 Loss dta_phys:  0.0075 Loss dta_preserve:  0.0049
Time:  0.0726 Epoch: 010 Iter:  600/ 600 LR: 0.0000655580 Loss content:  0.0175 Loss fft:  0.7959 Loss dta_rank:  0.7682 Loss dta_tv:  0.0250 Loss dta_proxy:  0.4519 Loss dta_trans:  0.0068 Loss dta_phys:  0.0070 Loss dta_preserve:  0.0047
EPOCH: 10
Elapsed time: 0.92 Epoch Pixel Loss:  0.0171 Epoch FFT Loss:  0.8165 Epoch DTA Rank:  0.7745 Epoch DTA TV:  0.0253 Epoch DTA Proxy:  0.4612 Epoch DTA Trans:  0.0062 Epoch DTA Phys:  0.0068 Epoch DTA Preserve:  0.0051
DTA_GATE_RAMP epoch=11 gate_limit=0.060000
Time:  0.0715 Epoch: 011 Iter:   50/ 600 LR: 0.0000565424 Loss content:  0.0166 Loss fft:  0.7935 Loss dta_rank:  0.7788 Loss dta_tv:  0.0246 Loss dta_proxy:  0.4717 Loss dta_trans:  0.0067 Loss dta_phys:  0.0068 Loss dta_preserve:  0.0044
Time:  0.0637 Epoch: 011 Iter:  100/ 600 LR: 0.0000565424 Loss content:  0.0168 Loss fft:  0.8246 Loss dta_rank:  0.7734 Loss dta_tv:  0.0249 Loss dta_proxy:  0.4588 Loss dta_trans:  0.0057 Loss dta_phys:  0.0063 Loss dta_preserve:  0.0045
Time:  0.0633 Epoch: 011 Iter:  150/ 600 LR: 0.0000565424 Loss content:  0.0176 Loss fft:  0.8241 Loss dta_rank:  0.7763 Loss dta_tv:  0.0248 Loss dta_proxy:  0.4781 Loss dta_trans:  0.0066 Loss dta_phys:  0.0067 Loss dta_preserve:  0.0051
Time:  0.0619 Epoch: 011 Iter:  200/ 600 LR: 0.0000565424 Loss content:  0.0164 Loss fft:  0.7839 Loss dta_rank:  0.7720 Loss dta_tv:  0.0254 Loss dta_proxy:  0.4427 Loss dta_trans:  0.0069 Loss dta_phys:  0.0072 Loss dta_preserve:  0.0044
Time:  0.0618 Epoch: 011 Iter:  250/ 600 LR: 0.0000565424 Loss content:  0.0175 Loss fft:  0.8297 Loss dta_rank:  0.7721 Loss dta_tv:  0.0256 Loss dta_proxy:  0.4493 Loss dta_trans:  0.0066 Loss dta_phys:  0.0068 Loss dta_preserve:  0.0055
Time:  0.0624 Epoch: 011 Iter:  300/ 600 LR: 0.0000565424 Loss content:  0.0175 Loss fft:  0.8134 Loss dta_rank:  0.7712 Loss dta_tv:  0.0252 Loss dta_proxy:  0.4499 Loss dta_trans:  0.0066 Loss dta_phys:  0.0066 Loss dta_preserve:  0.0048
Time:  0.0611 Epoch: 011 Iter:  350/ 600 LR: 0.0000565424 Loss content:  0.0168 Loss fft:  0.8220 Loss dta_rank:  0.7773 Loss dta_tv:  0.0248 Loss dta_proxy:  0.4711 Loss dta_trans:  0.0065 Loss dta_phys:  0.0059 Loss dta_preserve:  0.0055
Time:  0.0622 Epoch: 011 Iter:  400/ 600 LR: 0.0000565424 Loss content:  0.0176 Loss fft:  0.7927 Loss dta_rank:  0.7709 Loss dta_tv:  0.0248 Loss dta_proxy:  0.4562 Loss dta_trans:  0.0061 Loss dta_phys:  0.0068 Loss dta_preserve:  0.0057
Time:  0.0621 Epoch: 011 Iter:  450/ 600 LR: 0.0000565424 Loss content:  0.0168 Loss fft:  0.8095 Loss dta_rank:  0.7778 Loss dta_tv:  0.0247 Loss dta_proxy:  0.4598 Loss dta_trans:  0.0061 Loss dta_phys:  0.0065 Loss dta_preserve:  0.0047
Time:  0.0626 Epoch: 011 Iter:  500/ 600 LR: 0.0000565424 Loss content:  0.0169 Loss fft:  0.8121 Loss dta_rank:  0.7775 Loss dta_tv:  0.0251 Loss dta_proxy:  0.4568 Loss dta_trans:  0.0052 Loss dta_phys:  0.0070 Loss dta_preserve:  0.0052
Time:  0.0654 Epoch: 011 Iter:  550/ 600 LR: 0.0000565424 Loss content:  0.0170 Loss fft:  0.8095 Loss dta_rank:  0.7716 Loss dta_tv:  0.0258 Loss dta_proxy:  0.4741 Loss dta_trans:  0.0063 Loss dta_phys:  0.0073 Loss dta_preserve:  0.0058
Time:  0.0773 Epoch: 011 Iter:  600/ 600 LR: 0.0000565424 Loss content:  0.0182 Loss fft:  0.8510 Loss dta_rank:  0.7778 Loss dta_tv:  0.0246 Loss dta_proxy:  0.4639 Loss dta_trans:  0.0058 Loss dta_phys:  0.0066 Loss dta_preserve:  0.0049
EPOCH: 11
Elapsed time: 0.78 Epoch Pixel Loss:  0.0171 Epoch FFT Loss:  0.8138 Epoch DTA Rank:  0.7747 Epoch DTA TV:  0.0250 Epoch DTA Proxy:  0.4610 Epoch DTA Trans:  0.0063 Epoch DTA Phys:  0.0067 Epoch DTA Preserve:  0.0050
DTA_GATE_RAMP epoch=12 gate_limit=0.060000
Time:  0.0809 Epoch: 012 Iter:   50/ 600 LR: 0.0000473670 Loss content:  0.0175 Loss fft:  0.8190 Loss dta_rank:  0.7762 Loss dta_tv:  0.0248 Loss dta_proxy:  0.4725 Loss dta_trans:  0.0056 Loss dta_phys:  0.0068 Loss dta_preserve:  0.0047
Time:  0.0750 Epoch: 012 Iter:  100/ 600 LR: 0.0000473670 Loss content:  0.0170 Loss fft:  0.8325 Loss dta_rank:  0.7727 Loss dta_tv:  0.0258 Loss dta_proxy:  0.4414 Loss dta_trans:  0.0063 Loss dta_phys:  0.0073 Loss dta_preserve:  0.0060
Time:  0.0693 Epoch: 012 Iter:  150/ 600 LR: 0.0000473670 Loss content:  0.0173 Loss fft:  0.8007 Loss dta_rank:  0.7701 Loss dta_tv:  0.0247 Loss dta_proxy:  0.4590 Loss dta_trans:  0.0063 Loss dta_phys:  0.0067 Loss dta_preserve:  0.0065
Time:  0.0697 Epoch: 012 Iter:  200/ 600 LR: 0.0000473670 Loss content:  0.0169 Loss fft:  0.8047 Loss dta_rank:  0.7709 Loss dta_tv:  0.0251 Loss dta_proxy:  0.4544 Loss dta_trans:  0.0065 Loss dta_phys:  0.0069 Loss dta_preserve:  0.0060
Time:  0.0781 Epoch: 012 Iter:  250/ 600 LR: 0.0000473670 Loss content:  0.0175 Loss fft:  0.8159 Loss dta_rank:  0.7764 Loss dta_tv:  0.0251 Loss dta_proxy:  0.4614 Loss dta_trans:  0.0062 Loss dta_phys:  0.0062 Loss dta_preserve:  0.0062
Time:  0.0647 Epoch: 012 Iter:  300/ 600 LR: 0.0000473670 Loss content:  0.0170 Loss fft:  0.8316 Loss dta_rank:  0.7765 Loss dta_tv:  0.0255 Loss dta_proxy:  0.4572 Loss dta_trans:  0.0058 Loss dta_phys:  0.0075 Loss dta_preserve:  0.0047
Time:  0.0621 Epoch: 012 Iter:  350/ 600 LR: 0.0000473670 Loss content:  0.0168 Loss fft:  0.7942 Loss dta_rank:  0.7700 Loss dta_tv:  0.0249 Loss dta_proxy:  0.4541 Loss dta_trans:  0.0063 Loss dta_phys:  0.0065 Loss dta_preserve:  0.0046
Time:  0.0621 Epoch: 012 Iter:  400/ 600 LR: 0.0000473670 Loss content:  0.0172 Loss fft:  0.8177 Loss dta_rank:  0.7769 Loss dta_tv:  0.0255 Loss dta_proxy:  0.4485 Loss dta_trans:  0.0060 Loss dta_phys:  0.0061 Loss dta_preserve:  0.0041
Time:  0.0674 Epoch: 012 Iter:  450/ 600 LR: 0.0000473670 Loss content:  0.0169 Loss fft:  0.7767 Loss dta_rank:  0.7747 Loss dta_tv:  0.0250 Loss dta_proxy:  0.4739 Loss dta_trans:  0.0062 Loss dta_phys:  0.0073 Loss dta_preserve:  0.0061
Time:  0.0696 Epoch: 012 Iter:  500/ 600 LR: 0.0000473670 Loss content:  0.0171 Loss fft:  0.8403 Loss dta_rank:  0.7773 Loss dta_tv:  0.0245 Loss dta_proxy:  0.4618 Loss dta_trans:  0.0069 Loss dta_phys:  0.0061 Loss dta_preserve:  0.0045
Time:  0.0767 Epoch: 012 Iter:  550/ 600 LR: 0.0000473670 Loss content:  0.0164 Loss fft:  0.8131 Loss dta_rank:  0.7778 Loss dta_tv:  0.0248 Loss dta_proxy:  0.4607 Loss dta_trans:  0.0060 Loss dta_phys:  0.0067 Loss dta_preserve:  0.0040
Time:  0.0777 Epoch: 012 Iter:  600/ 600 LR: 0.0000473670 Loss content:  0.0173 Loss fft:  0.8126 Loss dta_rank:  0.7711 Loss dta_tv:  0.0244 Loss dta_proxy:  0.4568 Loss dta_trans:  0.0060 Loss dta_phys:  0.0070 Loss dta_preserve:  0.0051
EPOCH: 12
Elapsed time: 0.86 Epoch Pixel Loss:  0.0171 Epoch FFT Loss:  0.8132 Epoch DTA Rank:  0.7742 Epoch DTA TV:  0.0250 Epoch DTA Proxy:  0.4585 Epoch DTA Trans:  0.0062 Epoch DTA Phys:  0.0067 Epoch DTA Preserve:  0.0052
DTA_GATE_RAMP epoch=13 gate_limit=0.060000
Time:  0.0799 Epoch: 013 Iter:   50/ 600 LR: 0.0000383414 Loss content:  0.0169 Loss fft:  0.8028 Loss dta_rank:  0.7728 Loss dta_tv:  0.0244 Loss dta_proxy:  0.4710 Loss dta_trans:  0.0058 Loss dta_phys:  0.0063 Loss dta_preserve:  0.0055
Time:  0.0751 Epoch: 013 Iter:  100/ 600 LR: 0.0000383414 Loss content:  0.0171 Loss fft:  0.7928 Loss dta_rank:  0.7723 Loss dta_tv:  0.0262 Loss dta_proxy:  0.4244 Loss dta_trans:  0.0070 Loss dta_phys:  0.0073 Loss dta_preserve:  0.0051
Time:  0.0765 Epoch: 013 Iter:  150/ 600 LR: 0.0000383414 Loss content:  0.0175 Loss fft:  0.8038 Loss dta_rank:  0.7791 Loss dta_tv:  0.0244 Loss dta_proxy:  0.4658 Loss dta_trans:  0.0055 Loss dta_phys:  0.0065 Loss dta_preserve:  0.0045
Time:  0.0764 Epoch: 013 Iter:  200/ 600 LR: 0.0000383414 Loss content:  0.0172 Loss fft:  0.8253 Loss dta_rank:  0.7681 Loss dta_tv:  0.0242 Loss dta_proxy:  0.4676 Loss dta_trans:  0.0073 Loss dta_phys:  0.0068 Loss dta_preserve:  0.0065
Time:  0.0752 Epoch: 013 Iter:  250/ 600 LR: 0.0000383414 Loss content:  0.0169 Loss fft:  0.8522 Loss dta_rank:  0.7765 Loss dta_tv:  0.0247 Loss dta_proxy:  0.4562 Loss dta_trans:  0.0061 Loss dta_phys:  0.0068 Loss dta_preserve:  0.0052
Time:  0.0748 Epoch: 013 Iter:  300/ 600 LR: 0.0000383414 Loss content:  0.0166 Loss fft:  0.8040 Loss dta_rank:  0.7739 Loss dta_tv:  0.0249 Loss dta_proxy:  0.4545 Loss dta_trans:  0.0072 Loss dta_phys:  0.0080 Loss dta_preserve:  0.0044
Time:  0.0794 Epoch: 013 Iter:  350/ 600 LR: 0.0000383414 Loss content:  0.0174 Loss fft:  0.8364 Loss dta_rank:  0.7732 Loss dta_tv:  0.0243 Loss dta_proxy:  0.4691 Loss dta_trans:  0.0059 Loss dta_phys:  0.0062 Loss dta_preserve:  0.0053
Time:  0.0756 Epoch: 013 Iter:  400/ 600 LR: 0.0000383414 Loss content:  0.0171 Loss fft:  0.8404 Loss dta_rank:  0.7756 Loss dta_tv:  0.0240 Loss dta_proxy:  0.4730 Loss dta_trans:  0.0054 Loss dta_phys:  0.0062 Loss dta_preserve:  0.0045
Time:  0.0757 Epoch: 013 Iter:  450/ 600 LR: 0.0000383414 Loss content:  0.0169 Loss fft:  0.8150 Loss dta_rank:  0.7729 Loss dta_tv:  0.0251 Loss dta_proxy:  0.4612 Loss dta_trans:  0.0058 Loss dta_phys:  0.0072 Loss dta_preserve:  0.0058
Time:  0.0742 Epoch: 013 Iter:  500/ 600 LR: 0.0000383414 Loss content:  0.0170 Loss fft:  0.8241 Loss dta_rank:  0.7765 Loss dta_tv:  0.0253 Loss dta_proxy:  0.4529 Loss dta_trans:  0.0067 Loss dta_phys:  0.0072 Loss dta_preserve:  0.0053
Time:  0.0710 Epoch: 013 Iter:  550/ 600 LR: 0.0000383414 Loss content:  0.0178 Loss fft:  0.8269 Loss dta_rank:  0.7714 Loss dta_tv:  0.0247 Loss dta_proxy:  0.4670 Loss dta_trans:  0.0065 Loss dta_phys:  0.0065 Loss dta_preserve:  0.0039
Time:  0.0723 Epoch: 013 Iter:  600/ 600 LR: 0.0000383414 Loss content:  0.0162 Loss fft:  0.7848 Loss dta_rank:  0.7724 Loss dta_tv:  0.0244 Loss dta_proxy:  0.4637 Loss dta_trans:  0.0055 Loss dta_phys:  0.0070 Loss dta_preserve:  0.0042
EPOCH: 13
Elapsed time: 0.91 Epoch Pixel Loss:  0.0170 Epoch FFT Loss:  0.8174 Epoch DTA Rank:  0.7737 Epoch DTA TV:  0.0247 Epoch DTA Proxy:  0.4605 Epoch DTA Trans:  0.0062 Epoch DTA Phys:  0.0068 Epoch DTA Preserve:  0.0050
DTA_GATE_RAMP epoch=14 gate_limit=0.060000
Time:  0.0810 Epoch: 014 Iter:   50/ 600 LR: 0.0000297690 Loss content:  0.0178 Loss fft:  0.8360 Loss dta_rank:  0.7770 Loss dta_tv:  0.0242 Loss dta_proxy:  0.4749 Loss dta_trans:  0.0054 Loss dta_phys:  0.0070 Loss dta_preserve:  0.0046
Time:  0.0781 Epoch: 014 Iter:  100/ 600 LR: 0.0000297690 Loss content:  0.0168 Loss fft:  0.8113 Loss dta_rank:  0.7774 Loss dta_tv:  0.0253 Loss dta_proxy:  0.4660 Loss dta_trans:  0.0060 Loss dta_phys:  0.0064 Loss dta_preserve:  0.0058
Time:  0.0787 Epoch: 014 Iter:  150/ 600 LR: 0.0000297690 Loss content:  0.0175 Loss fft:  0.8249 Loss dta_rank:  0.7787 Loss dta_tv:  0.0245 Loss dta_proxy:  0.4714 Loss dta_trans:  0.0062 Loss dta_phys:  0.0062 Loss dta_preserve:  0.0050
Time:  0.0767 Epoch: 014 Iter:  200/ 600 LR: 0.0000297690 Loss content:  0.0171 Loss fft:  0.8092 Loss dta_rank:  0.7756 Loss dta_tv:  0.0246 Loss dta_proxy:  0.4631 Loss dta_trans:  0.0054 Loss dta_phys:  0.0073 Loss dta_preserve:  0.0050
Time:  0.0766 Epoch: 014 Iter:  250/ 600 LR: 0.0000297690 Loss content:  0.0168 Loss fft:  0.8423 Loss dta_rank:  0.7798 Loss dta_tv:  0.0248 Loss dta_proxy:  0.4540 Loss dta_trans:  0.0055 Loss dta_phys:  0.0060 Loss dta_preserve:  0.0048
Time:  0.0754 Epoch: 014 Iter:  300/ 600 LR: 0.0000297690 Loss content:  0.0168 Loss fft:  0.8062 Loss dta_rank:  0.7727 Loss dta_tv:  0.0244 Loss dta_proxy:  0.4563 Loss dta_trans:  0.0069 Loss dta_phys:  0.0065 Loss dta_preserve:  0.0047
Time:  0.0718 Epoch: 014 Iter:  350/ 600 LR: 0.0000297690 Loss content:  0.0165 Loss fft:  0.7963 Loss dta_rank:  0.7749 Loss dta_tv:  0.0251 Loss dta_proxy:  0.4512 Loss dta_trans:  0.0068 Loss dta_phys:  0.0070 Loss dta_preserve:  0.0042
Time:  0.0727 Epoch: 014 Iter:  400/ 600 LR: 0.0000297690 Loss content:  0.0165 Loss fft:  0.7854 Loss dta_rank:  0.7726 Loss dta_tv:  0.0248 Loss dta_proxy:  0.4591 Loss dta_trans:  0.0061 Loss dta_phys:  0.0071 Loss dta_preserve:  0.0053
Time:  0.0718 Epoch: 014 Iter:  450/ 600 LR: 0.0000297690 Loss content:  0.0174 Loss fft:  0.8214 Loss dta_rank:  0.7783 Loss dta_tv:  0.0245 Loss dta_proxy:  0.4653 Loss dta_trans:  0.0061 Loss dta_phys:  0.0065 Loss dta_preserve:  0.0052
Time:  0.0713 Epoch: 014 Iter:  500/ 600 LR: 0.0000297690 Loss content:  0.0171 Loss fft:  0.7980 Loss dta_rank:  0.7707 Loss dta_tv:  0.0248 Loss dta_proxy:  0.4672 Loss dta_trans:  0.0064 Loss dta_phys:  0.0075 Loss dta_preserve:  0.0049
Time:  0.0691 Epoch: 014 Iter:  550/ 600 LR: 0.0000297690 Loss content:  0.0173 Loss fft:  0.8451 Loss dta_rank:  0.7720 Loss dta_tv:  0.0249 Loss dta_proxy:  0.4549 Loss dta_trans:  0.0056 Loss dta_phys:  0.0066 Loss dta_preserve:  0.0041
Time:  0.0616 Epoch: 014 Iter:  600/ 600 LR: 0.0000297690 Loss content:  0.0173 Loss fft:  0.8171 Loss dta_rank:  0.7731 Loss dta_tv:  0.0241 Loss dta_proxy:  0.4655 Loss dta_trans:  0.0061 Loss dta_phys:  0.0074 Loss dta_preserve:  0.0052
EPOCH: 14
Elapsed time: 0.89 Epoch Pixel Loss:  0.0171 Epoch FFT Loss:  0.8161 Epoch DTA Rank:  0.7752 Epoch DTA TV:  0.0247 Epoch DTA Proxy:  0.4624 Epoch DTA Trans:  0.0060 Epoch DTA Phys:  0.0068 Epoch DTA Preserve:  0.0049
DTA_GATE_RAMP epoch=15 gate_limit=0.060000
Time:  0.0732 Epoch: 015 Iter:   50/ 600 LR: 0.0000219361 Loss content:  0.0175 Loss fft:  0.8096 Loss dta_rank:  0.7809 Loss dta_tv:  0.0239 Loss dta_proxy:  0.4771 Loss dta_trans:  0.0057 Loss dta_phys:  0.0070 Loss dta_preserve:  0.0047
Time:  0.0779 Epoch: 015 Iter:  100/ 600 LR: 0.0000219361 Loss content:  0.0172 Loss fft:  0.8086 Loss dta_rank:  0.7792 Loss dta_tv:  0.0247 Loss dta_proxy:  0.4678 Loss dta_trans:  0.0055 Loss dta_phys:  0.0072 Loss dta_preserve:  0.0058
Time:  0.0775 Epoch: 015 Iter:  150/ 600 LR: 0.0000219361 Loss content:  0.0175 Loss fft:  0.8480 Loss dta_rank:  0.7726 Loss dta_tv:  0.0245 Loss dta_proxy:  0.4815 Loss dta_trans:  0.0057 Loss dta_phys:  0.0063 Loss dta_preserve:  0.0056
Time:  0.0752 Epoch: 015 Iter:  200/ 600 LR: 0.0000219361 Loss content:  0.0168 Loss fft:  0.8111 Loss dta_rank:  0.7736 Loss dta_tv:  0.0249 Loss dta_proxy:  0.4463 Loss dta_trans:  0.0055 Loss dta_phys:  0.0067 Loss dta_preserve:  0.0054
Time:  0.0729 Epoch: 015 Iter:  250/ 600 LR: 0.0000219361 Loss content:  0.0175 Loss fft:  0.8323 Loss dta_rank:  0.7744 Loss dta_tv:  0.0240 Loss dta_proxy:  0.4835 Loss dta_trans:  0.0054 Loss dta_phys:  0.0066 Loss dta_preserve:  0.0041
Time:  0.0720 Epoch: 015 Iter:  300/ 600 LR: 0.0000219361 Loss content:  0.0168 Loss fft:  0.8192 Loss dta_rank:  0.7716 Loss dta_tv:  0.0247 Loss dta_proxy:  0.4453 Loss dta_trans:  0.0054 Loss dta_phys:  0.0061 Loss dta_preserve:  0.0048
Time:  0.0736 Epoch: 015 Iter:  350/ 600 LR: 0.0000219361 Loss content:  0.0175 Loss fft:  0.8098 Loss dta_rank:  0.7743 Loss dta_tv:  0.0242 Loss dta_proxy:  0.4746 Loss dta_trans:  0.0060 Loss dta_phys:  0.0067 Loss dta_preserve:  0.0054
Time:  0.0677 Epoch: 015 Iter:  400/ 600 LR: 0.0000219361 Loss content:  0.0170 Loss fft:  0.8137 Loss dta_rank:  0.7783 Loss dta_tv:  0.0251 Loss dta_proxy:  0.4373 Loss dta_trans:  0.0062 Loss dta_phys:  0.0060 Loss dta_preserve:  0.0046
Time:  0.0745 Epoch: 015 Iter:  450/ 600 LR: 0.0000219361 Loss content:  0.0159 Loss fft:  0.7914 Loss dta_rank:  0.7744 Loss dta_tv:  0.0250 Loss dta_proxy:  0.4504 Loss dta_trans:  0.0061 Loss dta_phys:  0.0069 Loss dta_preserve:  0.0043
Time:  0.0742 Epoch: 015 Iter:  500/ 600 LR: 0.0000219361 Loss content:  0.0172 Loss fft:  0.8124 Loss dta_rank:  0.7738 Loss dta_tv:  0.0254 Loss dta_proxy:  0.4492 Loss dta_trans:  0.0073 Loss dta_phys:  0.0071 Loss dta_preserve:  0.0059
Time:  0.0710 Epoch: 015 Iter:  550/ 600 LR: 0.0000219361 Loss content:  0.0172 Loss fft:  0.8403 Loss dta_rank:  0.7755 Loss dta_tv:  0.0246 Loss dta_proxy:  0.4512 Loss dta_trans:  0.0057 Loss dta_phys:  0.0069 Loss dta_preserve:  0.0062
Time:  0.0728 Epoch: 015 Iter:  600/ 600 LR: 0.0000219361 Loss content:  0.0164 Loss fft:  0.8062 Loss dta_rank:  0.7704 Loss dta_tv:  0.0249 Loss dta_proxy:  0.4445 Loss dta_trans:  0.0066 Loss dta_phys:  0.0067 Loss dta_preserve:  0.0086
EPOCH: 15
Elapsed time: 0.89 Epoch Pixel Loss:  0.0170 Epoch FFT Loss:  0.8169 Epoch DTA Rank:  0.7749 Epoch DTA TV:  0.0246 Epoch DTA Proxy:  0.4590 Epoch DTA Trans:  0.0059 Epoch DTA Phys:  0.0067 Epoch DTA Preserve:  0.0054
DTA_GATE_RAMP epoch=16 gate_limit=0.060000
Time:  0.0759 Epoch: 016 Iter:   50/ 600 LR: 0.0000151017 Loss content:  0.0180 Loss fft:  0.8566 Loss dta_rank:  0.7769 Loss dta_tv:  0.0236 Loss dta_proxy:  0.4775 Loss dta_trans:  0.0064 Loss dta_phys:  0.0075 Loss dta_preserve:  0.0056
Time:  0.0744 Epoch: 016 Iter:  100/ 600 LR: 0.0000151017 Loss content:  0.0175 Loss fft:  0.7968 Loss dta_rank:  0.7711 Loss dta_tv:  0.0237 Loss dta_proxy:  0.4731 Loss dta_trans:  0.0054 Loss dta_phys:  0.0066 Loss dta_preserve:  0.0049
Time:  0.0748 Epoch: 016 Iter:  150/ 600 LR: 0.0000151017 Loss content:  0.0168 Loss fft:  0.8129 Loss dta_rank:  0.7768 Loss dta_tv:  0.0254 Loss dta_proxy:  0.4476 Loss dta_trans:  0.0062 Loss dta_phys:  0.0067 Loss dta_preserve:  0.0046
Time:  0.0738 Epoch: 016 Iter:  200/ 600 LR: 0.0000151017 Loss content:  0.0172 Loss fft:  0.8196 Loss dta_rank:  0.7764 Loss dta_tv:  0.0245 Loss dta_proxy:  0.4681 Loss dta_trans:  0.0065 Loss dta_phys:  0.0064 Loss dta_preserve:  0.0050
Time:  0.0761 Epoch: 016 Iter:  250/ 600 LR: 0.0000151017 Loss content:  0.0168 Loss fft:  0.8050 Loss dta_rank:  0.7717 Loss dta_tv:  0.0247 Loss dta_proxy:  0.4609 Loss dta_trans:  0.0069 Loss dta_phys:  0.0066 Loss dta_preserve:  0.0067
Time:  0.0738 Epoch: 016 Iter:  300/ 600 LR: 0.0000151017 Loss content:  0.0174 Loss fft:  0.8308 Loss dta_rank:  0.7748 Loss dta_tv:  0.0247 Loss dta_proxy:  0.4598 Loss dta_trans:  0.0062 Loss dta_phys:  0.0069 Loss dta_preserve:  0.0043
Time:  0.0738 Epoch: 016 Iter:  350/ 600 LR: 0.0000151017 Loss content:  0.0170 Loss fft:  0.7998 Loss dta_rank:  0.7752 Loss dta_tv:  0.0243 Loss dta_proxy:  0.4637 Loss dta_trans:  0.0063 Loss dta_phys:  0.0075 Loss dta_preserve:  0.0062
Time:  0.0778 Epoch: 016 Iter:  400/ 600 LR: 0.0000151017 Loss content:  0.0163 Loss fft:  0.8113 Loss dta_rank:  0.7790 Loss dta_tv:  0.0245 Loss dta_proxy:  0.4516 Loss dta_trans:  0.0058 Loss dta_phys:  0.0068 Loss dta_preserve:  0.0045
Time:  0.0759 Epoch: 016 Iter:  450/ 600 LR: 0.0000151017 Loss content:  0.0177 Loss fft:  0.8382 Loss dta_rank:  0.7766 Loss dta_tv:  0.0241 Loss dta_proxy:  0.4695 Loss dta_trans:  0.0057 Loss dta_phys:  0.0063 Loss dta_preserve:  0.0054
Time:  0.0745 Epoch: 016 Iter:  500/ 600 LR: 0.0000151017 Loss content:  0.0165 Loss fft:  0.8266 Loss dta_rank:  0.7796 Loss dta_tv:  0.0255 Loss dta_proxy:  0.4518 Loss dta_trans:  0.0062 Loss dta_phys:  0.0066 Loss dta_preserve:  0.0055
Time:  0.0766 Epoch: 016 Iter:  550/ 600 LR: 0.0000151017 Loss content:  0.0170 Loss fft:  0.8215 Loss dta_rank:  0.7728 Loss dta_tv:  0.0246 Loss dta_proxy:  0.4649 Loss dta_trans:  0.0061 Loss dta_phys:  0.0074 Loss dta_preserve:  0.0050
Time:  0.0768 Epoch: 016 Iter:  600/ 600 LR: 0.0000151017 Loss content:  0.0164 Loss fft:  0.7839 Loss dta_rank:  0.7759 Loss dta_tv:  0.0248 Loss dta_proxy:  0.4543 Loss dta_trans:  0.0062 Loss dta_phys:  0.0076 Loss dta_preserve:  0.0059
EPOCH: 16
Elapsed time: 0.91 Epoch Pixel Loss:  0.0171 Epoch FFT Loss:  0.8169 Epoch DTA Rank:  0.7756 Epoch DTA TV:  0.0245 Epoch DTA Proxy:  0.4619 Epoch DTA Trans:  0.0062 Epoch DTA Phys:  0.0069 Epoch DTA Preserve:  0.0053
DTA_GATE_RAMP epoch=17 gate_limit=0.060000
Time:  0.0840 Epoch: 017 Iter:   50/ 600 LR: 0.0000094853 Loss content:  0.0173 Loss fft:  0.8312 Loss dta_rank:  0.7777 Loss dta_tv:  0.0243 Loss dta_proxy:  0.4667 Loss dta_trans:  0.0058 Loss dta_phys:  0.0066 Loss dta_preserve:  0.0047
Time:  0.0707 Epoch: 017 Iter:  100/ 600 LR: 0.0000094853 Loss content:  0.0172 Loss fft:  0.8266 Loss dta_rank:  0.7703 Loss dta_tv:  0.0244 Loss dta_proxy:  0.4607 Loss dta_trans:  0.0065 Loss dta_phys:  0.0068 Loss dta_preserve:  0.0054
Time:  0.0770 Epoch: 017 Iter:  150/ 600 LR: 0.0000094853 Loss content:  0.0168 Loss fft:  0.7994 Loss dta_rank:  0.7731 Loss dta_tv:  0.0236 Loss dta_proxy:  0.4737 Loss dta_trans:  0.0058 Loss dta_phys:  0.0065 Loss dta_preserve:  0.0048
Time:  0.0778 Epoch: 017 Iter:  200/ 600 LR: 0.0000094853 Loss content:  0.0169 Loss fft:  0.8244 Loss dta_rank:  0.7779 Loss dta_tv:  0.0252 Loss dta_proxy:  0.4496 Loss dta_trans:  0.0056 Loss dta_phys:  0.0066 Loss dta_preserve:  0.0037
Time:  0.0781 Epoch: 017 Iter:  250/ 600 LR: 0.0000094853 Loss content:  0.0167 Loss fft:  0.8332 Loss dta_rank:  0.7744 Loss dta_tv:  0.0246 Loss dta_proxy:  0.4577 Loss dta_trans:  0.0060 Loss dta_phys:  0.0062 Loss dta_preserve:  0.0052
Time:  0.0779 Epoch: 017 Iter:  300/ 600 LR: 0.0000094853 Loss content:  0.0169 Loss fft:  0.8109 Loss dta_rank:  0.7788 Loss dta_tv:  0.0250 Loss dta_proxy:  0.4519 Loss dta_trans:  0.0064 Loss dta_phys:  0.0066 Loss dta_preserve:  0.0048
Time:  0.0803 Epoch: 017 Iter:  350/ 600 LR: 0.0000094853 Loss content:  0.0169 Loss fft:  0.8174 Loss dta_rank:  0.7764 Loss dta_tv:  0.0251 Loss dta_proxy:  0.4554 Loss dta_trans:  0.0057 Loss dta_phys:  0.0072 Loss dta_preserve:  0.0045
Time:  0.0763 Epoch: 017 Iter:  400/ 600 LR: 0.0000094853 Loss content:  0.0174 Loss fft:  0.8451 Loss dta_rank:  0.7807 Loss dta_tv:  0.0252 Loss dta_proxy:  0.4534 Loss dta_trans:  0.0060 Loss dta_phys:  0.0067 Loss dta_preserve:  0.0057
Time:  0.0769 Epoch: 017 Iter:  450/ 600 LR: 0.0000094853 Loss content:  0.0172 Loss fft:  0.8290 Loss dta_rank:  0.7708 Loss dta_tv:  0.0245 Loss dta_proxy:  0.4487 Loss dta_trans:  0.0054 Loss dta_phys:  0.0062 Loss dta_preserve:  0.0046
Time:  0.0772 Epoch: 017 Iter:  500/ 600 LR: 0.0000094853 Loss content:  0.0182 Loss fft:  0.8090 Loss dta_rank:  0.7767 Loss dta_tv:  0.0247 Loss dta_proxy:  0.4692 Loss dta_trans:  0.0061 Loss dta_phys:  0.0073 Loss dta_preserve:  0.0063
Time:  0.0780 Epoch: 017 Iter:  550/ 600 LR: 0.0000094853 Loss content:  0.0168 Loss fft:  0.7906 Loss dta_rank:  0.7787 Loss dta_tv:  0.0247 Loss dta_proxy:  0.4641 Loss dta_trans:  0.0054 Loss dta_phys:  0.0069 Loss dta_preserve:  0.0058
Time:  0.0731 Epoch: 017 Iter:  600/ 600 LR: 0.0000094853 Loss content:  0.0164 Loss fft:  0.8043 Loss dta_rank:  0.7774 Loss dta_tv:  0.0249 Loss dta_proxy:  0.4575 Loss dta_trans:  0.0063 Loss dta_phys:  0.0065 Loss dta_preserve:  0.0041
EPOCH: 17
Elapsed time: 0.93 Epoch Pixel Loss:  0.0171 Epoch FFT Loss:  0.8184 Epoch DTA Rank:  0.7761 Epoch DTA TV:  0.0247 Epoch DTA Proxy:  0.4591 Epoch DTA Trans:  0.0059 Epoch DTA Phys:  0.0067 Epoch DTA Preserve:  0.0050
DTA_GATE_RAMP epoch=18 gate_limit=0.060000
Time:  0.0807 Epoch: 018 Iter:   50/ 600 LR: 0.0000052550 Loss content:  0.0166 Loss fft:  0.7909 Loss dta_rank:  0.7780 Loss dta_tv:  0.0239 Loss dta_proxy:  0.4760 Loss dta_trans:  0.0049 Loss dta_phys:  0.0072 Loss dta_preserve:  0.0051
Time:  0.0733 Epoch: 018 Iter:  100/ 600 LR: 0.0000052550 Loss content:  0.0166 Loss fft:  0.8201 Loss dta_rank:  0.7789 Loss dta_tv:  0.0254 Loss dta_proxy:  0.4528 Loss dta_trans:  0.0059 Loss dta_phys:  0.0075 Loss dta_preserve:  0.0054
Time:  0.0749 Epoch: 018 Iter:  150/ 600 LR: 0.0000052550 Loss content:  0.0164 Loss fft:  0.8159 Loss dta_rank:  0.7751 Loss dta_tv:  0.0237 Loss dta_proxy:  0.4720 Loss dta_trans:  0.0052 Loss dta_phys:  0.0067 Loss dta_preserve:  0.0044
Time:  0.0734 Epoch: 018 Iter:  200/ 600 LR: 0.0000052550 Loss content:  0.0171 Loss fft:  0.8222 Loss dta_rank:  0.7823 Loss dta_tv:  0.0248 Loss dta_proxy:  0.4567 Loss dta_trans:  0.0052 Loss dta_phys:  0.0062 Loss dta_preserve:  0.0055
Time:  0.0731 Epoch: 018 Iter:  250/ 600 LR: 0.0000052550 Loss content:  0.0169 Loss fft:  0.8072 Loss dta_rank:  0.7772 Loss dta_tv:  0.0249 Loss dta_proxy:  0.4659 Loss dta_trans:  0.0068 Loss dta_phys:  0.0067 Loss dta_preserve:  0.0046
Time:  0.0737 Epoch: 018 Iter:  300/ 600 LR: 0.0000052550 Loss content:  0.0172 Loss fft:  0.8377 Loss dta_rank:  0.7758 Loss dta_tv:  0.0248 Loss dta_proxy:  0.4617 Loss dta_trans:  0.0063 Loss dta_phys:  0.0071 Loss dta_preserve:  0.0055
Time:  0.0735 Epoch: 018 Iter:  350/ 600 LR: 0.0000052550 Loss content:  0.0174 Loss fft:  0.8146 Loss dta_rank:  0.7747 Loss dta_tv:  0.0236 Loss dta_proxy:  0.4765 Loss dta_trans:  0.0059 Loss dta_phys:  0.0068 Loss dta_preserve:  0.0058
Time:  0.0729 Epoch: 018 Iter:  400/ 600 LR: 0.0000052550 Loss content:  0.0173 Loss fft:  0.8317 Loss dta_rank:  0.7729 Loss dta_tv:  0.0242 Loss dta_proxy:  0.4591 Loss dta_trans:  0.0060 Loss dta_phys:  0.0066 Loss dta_preserve:  0.0061
Time:  0.0755 Epoch: 018 Iter:  450/ 600 LR: 0.0000052550 Loss content:  0.0170 Loss fft:  0.8551 Loss dta_rank:  0.7767 Loss dta_tv:  0.0255 Loss dta_proxy:  0.4389 Loss dta_trans:  0.0071 Loss dta_phys:  0.0063 Loss dta_preserve:  0.0056
Time:  0.0763 Epoch: 018 Iter:  500/ 600 LR: 0.0000052550 Loss content:  0.0171 Loss fft:  0.7996 Loss dta_rank:  0.7766 Loss dta_tv:  0.0247 Loss dta_proxy:  0.4556 Loss dta_trans:  0.0060 Loss dta_phys:  0.0069 Loss dta_preserve:  0.0046
Time:  0.0758 Epoch: 018 Iter:  550/ 600 LR: 0.0000052550 Loss content:  0.0175 Loss fft:  0.8294 Loss dta_rank:  0.7771 Loss dta_tv:  0.0241 Loss dta_proxy:  0.4689 Loss dta_trans:  0.0058 Loss dta_phys:  0.0064 Loss dta_preserve:  0.0054
Time:  0.0732 Epoch: 018 Iter:  600/ 600 LR: 0.0000052550 Loss content:  0.0167 Loss fft:  0.8211 Loss dta_rank:  0.7721 Loss dta_tv:  0.0253 Loss dta_proxy:  0.4435 Loss dta_trans:  0.0060 Loss dta_phys:  0.0068 Loss dta_preserve:  0.0043
EPOCH: 18
Elapsed time: 0.90 Epoch Pixel Loss:  0.0170 Epoch FFT Loss:  0.8205 Epoch DTA Rank:  0.7765 Epoch DTA TV:  0.0246 Epoch DTA Proxy:  0.4606 Epoch DTA Trans:  0.0059 Epoch DTA Phys:  0.0068 Epoch DTA Preserve:  0.0052
DTA_GATE_RAMP epoch=19 gate_limit=0.060000
Time:  0.0794 Epoch: 019 Iter:   50/ 600 LR: 0.0000025070 Loss content:  0.0165 Loss fft:  0.7919 Loss dta_rank:  0.7750 Loss dta_tv:  0.0246 Loss dta_proxy:  0.4546 Loss dta_trans:  0.0067 Loss dta_phys:  0.0072 Loss dta_preserve:  0.0051
Time:  0.0660 Epoch: 019 Iter:  100/ 600 LR: 0.0000025070 Loss content:  0.0180 Loss fft:  0.8363 Loss dta_rank:  0.7796 Loss dta_tv:  0.0241 Loss dta_proxy:  0.4665 Loss dta_trans:  0.0058 Loss dta_phys:  0.0067 Loss dta_preserve:  0.0055
Time:  0.0688 Epoch: 019 Iter:  150/ 600 LR: 0.0000025070 Loss content:  0.0179 Loss fft:  0.8406 Loss dta_rank:  0.7708 Loss dta_tv:  0.0245 Loss dta_proxy:  0.4607 Loss dta_trans:  0.0067 Loss dta_phys:  0.0068 Loss dta_preserve:  0.0057
Time:  0.0733 Epoch: 019 Iter:  200/ 600 LR: 0.0000025070 Loss content:  0.0165 Loss fft:  0.7904 Loss dta_rank:  0.7702 Loss dta_tv:  0.0240 Loss dta_proxy:  0.4704 Loss dta_trans:  0.0059 Loss dta_phys:  0.0068 Loss dta_preserve:  0.0050
Time:  0.0733 Epoch: 019 Iter:  250/ 600 LR: 0.0000025070 Loss content:  0.0169 Loss fft:  0.8355 Loss dta_rank:  0.7782 Loss dta_tv:  0.0250 Loss dta_proxy:  0.4535 Loss dta_trans:  0.0061 Loss dta_phys:  0.0068 Loss dta_preserve:  0.0050
Time:  0.0773 Epoch: 019 Iter:  300/ 600 LR: 0.0000025070 Loss content:  0.0174 Loss fft:  0.8135 Loss dta_rank:  0.7763 Loss dta_tv:  0.0240 Loss dta_proxy:  0.4626 Loss dta_trans:  0.0058 Loss dta_phys:  0.0070 Loss dta_preserve:  0.0050
Time:  0.0754 Epoch: 019 Iter:  350/ 600 LR: 0.0000025070 Loss content:  0.0170 Loss fft:  0.8192 Loss dta_rank:  0.7776 Loss dta_tv:  0.0247 Loss dta_proxy:  0.4683 Loss dta_trans:  0.0054 Loss dta_phys:  0.0069 Loss dta_preserve:  0.0054
Time:  0.0729 Epoch: 019 Iter:  400/ 600 LR: 0.0000025070 Loss content:  0.0175 Loss fft:  0.8318 Loss dta_rank:  0.7759 Loss dta_tv:  0.0239 Loss dta_proxy:  0.4673 Loss dta_trans:  0.0060 Loss dta_phys:  0.0069 Loss dta_preserve:  0.0058
Time:  0.0757 Epoch: 019 Iter:  450/ 600 LR: 0.0000025070 Loss content:  0.0164 Loss fft:  0.8151 Loss dta_rank:  0.7744 Loss dta_tv:  0.0244 Loss dta_proxy:  0.4572 Loss dta_trans:  0.0059 Loss dta_phys:  0.0065 Loss dta_preserve:  0.0049
Time:  0.0777 Epoch: 019 Iter:  500/ 600 LR: 0.0000025070 Loss content:  0.0171 Loss fft:  0.8080 Loss dta_rank:  0.7743 Loss dta_tv:  0.0246 Loss dta_proxy:  0.4643 Loss dta_trans:  0.0065 Loss dta_phys:  0.0070 Loss dta_preserve:  0.0044
Time:  0.0781 Epoch: 019 Iter:  550/ 600 LR: 0.0000025070 Loss content:  0.0174 Loss fft:  0.8150 Loss dta_rank:  0.7754 Loss dta_tv:  0.0244 Loss dta_proxy:  0.4811 Loss dta_trans:  0.0055 Loss dta_phys:  0.0067 Loss dta_preserve:  0.0057
Time:  0.0762 Epoch: 019 Iter:  600/ 600 LR: 0.0000025070 Loss content:  0.0172 Loss fft:  0.8165 Loss dta_rank:  0.7755 Loss dta_tv:  0.0250 Loss dta_proxy:  0.4482 Loss dta_trans:  0.0062 Loss dta_phys:  0.0065 Loss dta_preserve:  0.0057
EPOCH: 19
Elapsed time: 0.90 Epoch Pixel Loss:  0.0171 Epoch FFT Loss:  0.8178 Epoch DTA Rank:  0.7753 Epoch DTA TV:  0.0244 Epoch DTA Proxy:  0.4629 Epoch DTA Trans:  0.0061 Epoch DTA Phys:  0.0068 Epoch DTA Preserve:  0.0053
DTA_GATE_RAMP epoch=20 gate_limit=0.060000
Time:  0.0793 Epoch: 020 Iter:   50/ 600 LR: 0.0000012125 Loss content:  0.0173 Loss fft:  0.8517 Loss dta_rank:  0.7757 Loss dta_tv:  0.0244 Loss dta_proxy:  0.4642 Loss dta_trans:  0.0056 Loss dta_phys:  0.0064 Loss dta_preserve:  0.0053
Time:  0.0765 Epoch: 020 Iter:  100/ 600 LR: 0.0000012125 Loss content:  0.0176 Loss fft:  0.8248 Loss dta_rank:  0.7748 Loss dta_tv:  0.0246 Loss dta_proxy:  0.4665 Loss dta_trans:  0.0059 Loss dta_phys:  0.0064 Loss dta_preserve:  0.0068
Time:  0.0746 Epoch: 020 Iter:  150/ 600 LR: 0.0000012125 Loss content:  0.0172 Loss fft:  0.8426 Loss dta_rank:  0.7779 Loss dta_tv:  0.0238 Loss dta_proxy:  0.4814 Loss dta_trans:  0.0046 Loss dta_phys:  0.0064 Loss dta_preserve:  0.0038
Time:  0.0735 Epoch: 020 Iter:  200/ 600 LR: 0.0000012125 Loss content:  0.0171 Loss fft:  0.8164 Loss dta_rank:  0.7744 Loss dta_tv:  0.0242 Loss dta_proxy:  0.4727 Loss dta_trans:  0.0058 Loss dta_phys:  0.0064 Loss dta_preserve:  0.0062
Time:  0.0762 Epoch: 020 Iter:  250/ 600 LR: 0.0000012125 Loss content:  0.0168 Loss fft:  0.8165 Loss dta_rank:  0.7751 Loss dta_tv:  0.0247 Loss dta_proxy:  0.4580 Loss dta_trans:  0.0054 Loss dta_phys:  0.0067 Loss dta_preserve:  0.0045
Time:  0.0741 Epoch: 020 Iter:  300/ 600 LR: 0.0000012125 Loss content:  0.0163 Loss fft:  0.7895 Loss dta_rank:  0.7715 Loss dta_tv:  0.0248 Loss dta_proxy:  0.4509 Loss dta_trans:  0.0058 Loss dta_phys:  0.0071 Loss dta_preserve:  0.0040
Time:  0.0776 Epoch: 020 Iter:  350/ 600 LR: 0.0000012125 Loss content:  0.0162 Loss fft:  0.7705 Loss dta_rank:  0.7714 Loss dta_tv:  0.0252 Loss dta_proxy:  0.4419 Loss dta_trans:  0.0072 Loss dta_phys:  0.0064 Loss dta_preserve:  0.0050
Time:  0.0773 Epoch: 020 Iter:  400/ 600 LR: 0.0000012125 Loss content:  0.0173 Loss fft:  0.8272 Loss dta_rank:  0.7816 Loss dta_tv:  0.0245 Loss dta_proxy:  0.4746 Loss dta_trans:  0.0056 Loss dta_phys:  0.0071 Loss dta_preserve:  0.0050
Time:  0.0771 Epoch: 020 Iter:  450/ 600 LR: 0.0000012125 Loss content:  0.0161 Loss fft:  0.8027 Loss dta_rank:  0.7733 Loss dta_tv:  0.0247 Loss dta_proxy:  0.4553 Loss dta_trans:  0.0057 Loss dta_phys:  0.0065 Loss dta_preserve:  0.0049
Time:  0.0780 Epoch: 020 Iter:  500/ 600 LR: 0.0000012125 Loss content:  0.0166 Loss fft:  0.8321 Loss dta_rank:  0.7802 Loss dta_tv:  0.0254 Loss dta_proxy:  0.4449 Loss dta_trans:  0.0069 Loss dta_phys:  0.0062 Loss dta_preserve:  0.0040
Time:  0.0762 Epoch: 020 Iter:  550/ 600 LR: 0.0000012125 Loss content:  0.0172 Loss fft:  0.8310 Loss dta_rank:  0.7811 Loss dta_tv:  0.0243 Loss dta_proxy:  0.4547 Loss dta_trans:  0.0064 Loss dta_phys:  0.0070 Loss dta_preserve:  0.0043
Time:  0.0730 Epoch: 020 Iter:  600/ 600 LR: 0.0000012125 Loss content:  0.0173 Loss fft:  0.8041 Loss dta_rank:  0.7803 Loss dta_tv:  0.0247 Loss dta_proxy:  0.4572 Loss dta_trans:  0.0060 Loss dta_phys:  0.0073 Loss dta_preserve:  0.0063
EPOCH: 20
Elapsed time: 0.92 Epoch Pixel Loss:  0.0169 Epoch FFT Loss:  0.8174 Epoch DTA Rank:  0.7764 Epoch DTA TV:  0.0246 Epoch DTA Proxy:  0.4602 Epoch DTA Trans:  0.0059 Epoch DTA Phys:  0.0067 Epoch DTA Preserve:  0.0050
