Namespace(model_name='ConvIR-Haze4K-DTA-v2-adapter_only-shuffle-seed3413-f3-oof20', data='Haze4K', version='base', fam_mode='original', arch='dta_v2', seed=3413, mode='train', data_dir='/sda/home/wangyuxin/ConvIR-B/datasets/Haze4K/Haze4K', batch_size=4, learning_rate=0.0001, weight_decay=0.0, num_epoch=20, stop_epoch=20, print_freq=50, num_worker=4, save_freq=5, valid_freq=9999, mod_stats_freq=5, mod_stats_batches=16, grad_clip_norm=0.001, dta_grad_clip_norm=0.05, dta_neighbor_grad_clip_norm=0.005, init_model='/sda/home/wangyuxin/ConvIR-B/checkpoints/official/Haze4K/haze4k-base.pkl', init_model_partial=True, partial_new_prefixes='DTA.', resume='', train_scope='adapter_only', dta_depth_cache_dir='/sda/home/wangyuxin/ConvIR-B/depth_cache/depth_anything_v2_small_hf', dta_train_depth_split='train', dta_eval_depth_split='train', valid_root_split='train', eval_root_split='test', dta_require_depth=True, dta_variant='v2', dta_depth_mode='shuffle', dta_prior_channels=32, dta_gate_bias=-6.0, dta_gate_limit=0.06, dta_gamma_limit=0.12, dta_beta_limit=0.06, dta_alpha_init=1.0, dta_confidence_floor=0.25, dta_confidence_local_scale=6.0, dta_output_residual_scale=0.03, dta_use_trans_gt=True, dta_trans_weight=0.02, dta_phys_weight=0.005, dta_preserve_weight=0.02, dta_preserve_trans_thresh=0.8, dta_gate_ramp_start=0.01, dta_gate_ramp_mid=0.03, dta_gate_ramp_end=0.06, dta_gate_ramp_warmup_epochs=2, dta_gate_ramp_mid_epochs=8, dta_rank_weight=0.001, dta_tv_weight=0.0001, dta_proxy_weight=0.0, dta_rank_pairs=512, dta_rank_min_depth_gap=0.03, split_json='/sda/home/wangyuxin/ConvIR-B/repos/ConvIR-B-dta-v2-calibrated/experience_docx/experiment_logs/haze4k_dta_v2_calibrated_20260611/dta_v2_haze4k_oof_splits_seed3407.json', split_name='fold3_train', test_model='', save_image=False, leaning_rate=0.0001, model_save_dir='results/ConvIR-Haze4K-DTA-v2-adapter_only-shuffle-seed3413-f3-oof20/Training-Results/', result_dir='results/ConvIR-Haze4K-DTA-v2-adapter_only-shuffle-seed3413-f3-oof20/images/Haze4K', init_model_sha256='6f42037d57a4e3de3a10ac0ab909d66a3415864a19433c29204a975f4efa4088')
/sda/home/wangyuxin/ConvIR-B/repos/ConvIR-B-dta-v2-calibrated/Dehazing/ITS/main.py:14: FutureWarning: You are using `torch.load` with `weights_only=False` (the current default value), which uses the default pickle module implicitly. It is possible to construct malicious pickle data which will execute arbitrary code during unpickling (See https://github.com/pytorch/pytorch/blob/main/SECURITY.md#untrusted-models for more details). In a future release, the default value for `weights_only` will be flipped to `True`. This limits the functions that could be executed during unpickling. Arbitrary objects will no longer be allowed to be loaded via this mode unless they are explicitly allowlisted by the user via `torch.serialization.add_safe_globals`. We recommend you start setting `weights_only=True` for any use case where you don't have full control of the loaded file. Please open an issue on GitHub for any issues related to this experimental feature.
  state = torch.load(path, map_location=map_location)
INIT_MODEL_PARTIAL_LOAD path=/sda/home/wangyuxin/ConvIR-B/checkpoints/official/Haze4K/haze4k-base.pkl loaded=602 missing_allowed=25 unexpected=[] allowed_new_prefixes=('DTA.',)
TRAIN_SCOPE scope=adapter_only arch=dta_v2 trainable=74699 total=8705364
/sda/home/wangyuxin/ConvIR-B/envs/convir-cu121/lib/python3.10/site-packages/torch/optim/lr_scheduler.py:224: UserWarning: Detected call of `lr_scheduler.step()` before `optimizer.step()`. In PyTorch 1.1.0 and later, you should call them in the opposite order: `optimizer.step()` before `lr_scheduler.step()`.  Failure to do this will result in PyTorch skipping the first value of the learning rate schedule. See more details at https://pytorch.org/docs/stable/optim.html#how-to-adjust-learning-rate
  warnings.warn(
DTA_GATE_RAMP epoch=1 gate_limit=0.010000
Time:  0.0964 Epoch: 001 Iter:   50/ 600 LR: 0.0000333333 Loss content:  0.0172 Loss fft:  0.8143 Loss dta_rank:  0.6925 Loss dta_tv:  0.0038 Loss dta_proxy:  0.2789 Loss dta_trans:  0.0416 Loss dta_phys:  0.0070 Loss dta_preserve:  0.0047
Time:  0.0742 Epoch: 001 Iter:  100/ 600 LR: 0.0000333333 Loss content:  0.0177 Loss fft:  0.8419 Loss dta_rank:  0.6927 Loss dta_tv:  0.0095 Loss dta_proxy:  0.3044 Loss dta_trans:  0.0349 Loss dta_phys:  0.0090 Loss dta_preserve:  0.0044
Time:  0.0735 Epoch: 001 Iter:  150/ 600 LR: 0.0000333333 Loss content:  0.0171 Loss fft:  0.8103 Loss dta_rank:  0.6937 Loss dta_tv:  0.0142 Loss dta_proxy:  0.3551 Loss dta_trans:  0.0367 Loss dta_phys:  0.0092 Loss dta_preserve:  0.0045
Time:  0.0716 Epoch: 001 Iter:  200/ 600 LR: 0.0000333333 Loss content:  0.0169 Loss fft:  0.7926 Loss dta_rank:  0.6960 Loss dta_tv:  0.0162 Loss dta_proxy:  0.3447 Loss dta_trans:  0.0302 Loss dta_phys:  0.0101 Loss dta_preserve:  0.0054
Time:  0.0717 Epoch: 001 Iter:  250/ 600 LR: 0.0000333333 Loss content:  0.0172 Loss fft:  0.8286 Loss dta_rank:  0.6994 Loss dta_tv:  0.0184 Loss dta_proxy:  0.3534 Loss dta_trans:  0.0272 Loss dta_phys:  0.0093 Loss dta_preserve:  0.0063
Time:  0.0763 Epoch: 001 Iter:  300/ 600 LR: 0.0000333333 Loss content:  0.0164 Loss fft:  0.7890 Loss dta_rank:  0.7048 Loss dta_tv:  0.0218 Loss dta_proxy:  0.3681 Loss dta_trans:  0.0226 Loss dta_phys:  0.0100 Loss dta_preserve:  0.0058
Time:  0.0738 Epoch: 001 Iter:  350/ 600 LR: 0.0000333333 Loss content:  0.0167 Loss fft:  0.8295 Loss dta_rank:  0.7098 Loss dta_tv:  0.0259 Loss dta_proxy:  0.3756 Loss dta_trans:  0.0216 Loss dta_phys:  0.0083 Loss dta_preserve:  0.0051
Time:  0.0805 Epoch: 001 Iter:  400/ 600 LR: 0.0000333333 Loss content:  0.0173 Loss fft:  0.7991 Loss dta_rank:  0.7129 Loss dta_tv:  0.0300 Loss dta_proxy:  0.3840 Loss dta_trans:  0.0174 Loss dta_phys:  0.0081 Loss dta_preserve:  0.0051
Time:  0.0835 Epoch: 001 Iter:  450/ 600 LR: 0.0000333333 Loss content:  0.0176 Loss fft:  0.8395 Loss dta_rank:  0.7172 Loss dta_tv:  0.0329 Loss dta_proxy:  0.4028 Loss dta_trans:  0.0157 Loss dta_phys:  0.0088 Loss dta_preserve:  0.0054
Time:  0.0843 Epoch: 001 Iter:  500/ 600 LR: 0.0000333333 Loss content:  0.0176 Loss fft:  0.8416 Loss dta_rank:  0.7198 Loss dta_tv:  0.0332 Loss dta_proxy:  0.4438 Loss dta_trans:  0.0120 Loss dta_phys:  0.0081 Loss dta_preserve:  0.0061
Time:  0.0757 Epoch: 001 Iter:  550/ 600 LR: 0.0000333333 Loss content:  0.0164 Loss fft:  0.7988 Loss dta_rank:  0.7258 Loss dta_tv:  0.0361 Loss dta_proxy:  0.4053 Loss dta_trans:  0.0129 Loss dta_phys:  0.0078 Loss dta_preserve:  0.0050
Time:  0.0817 Epoch: 001 Iter:  600/ 600 LR: 0.0000333333 Loss content:  0.0167 Loss fft:  0.7979 Loss dta_rank:  0.7321 Loss dta_tv:  0.0355 Loss dta_proxy:  0.4445 Loss dta_trans:  0.0125 Loss dta_phys:  0.0074 Loss dta_preserve:  0.0056
EPOCH: 01
Elapsed time: 0.95 Epoch Pixel Loss:  0.0171 Epoch FFT Loss:  0.8153 Epoch DTA Rank:  0.7081 Epoch DTA TV:  0.0231 Epoch DTA Proxy:  0.3717 Epoch DTA Trans:  0.0238 Epoch DTA Phys:  0.0086 Epoch DTA Preserve:  0.0053
DTA_GATE_RAMP epoch=2 gate_limit=0.010000
Time:  0.0879 Epoch: 002 Iter:   50/ 600 LR: 0.0000666667 Loss content:  0.0170 Loss fft:  0.8436 Loss dta_rank:  0.7284 Loss dta_tv:  0.0367 Loss dta_proxy:  0.4227 Loss dta_trans:  0.0110 Loss dta_phys:  0.0068 Loss dta_preserve:  0.0048
Time:  0.0815 Epoch: 002 Iter:  100/ 600 LR: 0.0000666667 Loss content:  0.0177 Loss fft:  0.8477 Loss dta_rank:  0.7324 Loss dta_tv:  0.0372 Loss dta_proxy:  0.4303 Loss dta_trans:  0.0104 Loss dta_phys:  0.0071 Loss dta_preserve:  0.0063
Time:  0.0739 Epoch: 002 Iter:  150/ 600 LR: 0.0000666667 Loss content:  0.0171 Loss fft:  0.8150 Loss dta_rank:  0.7325 Loss dta_tv:  0.0361 Loss dta_proxy:  0.3940 Loss dta_trans:  0.0103 Loss dta_phys:  0.0071 Loss dta_preserve:  0.0046
Time:  0.0789 Epoch: 002 Iter:  200/ 600 LR: 0.0000666667 Loss content:  0.0164 Loss fft:  0.8102 Loss dta_rank:  0.7330 Loss dta_tv:  0.0377 Loss dta_proxy:  0.4212 Loss dta_trans:  0.0106 Loss dta_phys:  0.0076 Loss dta_preserve:  0.0052
Time:  0.0803 Epoch: 002 Iter:  250/ 600 LR: 0.0000666667 Loss content:  0.0167 Loss fft:  0.7849 Loss dta_rank:  0.7348 Loss dta_tv:  0.0367 Loss dta_proxy:  0.4016 Loss dta_trans:  0.0098 Loss dta_phys:  0.0072 Loss dta_preserve:  0.0041
Time:  0.0707 Epoch: 002 Iter:  300/ 600 LR: 0.0000666667 Loss content:  0.0176 Loss fft:  0.8402 Loss dta_rank:  0.7343 Loss dta_tv:  0.0368 Loss dta_proxy:  0.4160 Loss dta_trans:  0.0104 Loss dta_phys:  0.0064 Loss dta_preserve:  0.0058
Time:  0.0688 Epoch: 002 Iter:  350/ 600 LR: 0.0000666667 Loss content:  0.0176 Loss fft:  0.8370 Loss dta_rank:  0.7341 Loss dta_tv:  0.0359 Loss dta_proxy:  0.4284 Loss dta_trans:  0.0096 Loss dta_phys:  0.0064 Loss dta_preserve:  0.0051
Time:  0.0728 Epoch: 002 Iter:  400/ 600 LR: 0.0000666667 Loss content:  0.0171 Loss fft:  0.8163 Loss dta_rank:  0.7381 Loss dta_tv:  0.0351 Loss dta_proxy:  0.4359 Loss dta_trans:  0.0082 Loss dta_phys:  0.0070 Loss dta_preserve:  0.0058
Time:  0.0760 Epoch: 002 Iter:  450/ 600 LR: 0.0000666667 Loss content:  0.0177 Loss fft:  0.8189 Loss dta_rank:  0.7349 Loss dta_tv:  0.0354 Loss dta_proxy:  0.4334 Loss dta_trans:  0.0096 Loss dta_phys:  0.0073 Loss dta_preserve:  0.0049
Time:  0.0676 Epoch: 002 Iter:  500/ 600 LR: 0.0000666667 Loss content:  0.0172 Loss fft:  0.8205 Loss dta_rank:  0.7408 Loss dta_tv:  0.0343 Loss dta_proxy:  0.4369 Loss dta_trans:  0.0086 Loss dta_phys:  0.0066 Loss dta_preserve:  0.0066
Time:  0.0624 Epoch: 002 Iter:  550/ 600 LR: 0.0000666667 Loss content:  0.0171 Loss fft:  0.8403 Loss dta_rank:  0.7419 Loss dta_tv:  0.0337 Loss dta_proxy:  0.4388 Loss dta_trans:  0.0085 Loss dta_phys:  0.0070 Loss dta_preserve:  0.0055
Time:  0.0606 Epoch: 002 Iter:  600/ 600 LR: 0.0000666667 Loss content:  0.0173 Loss fft:  0.8148 Loss dta_rank:  0.7410 Loss dta_tv:  0.0344 Loss dta_proxy:  0.4455 Loss dta_trans:  0.0088 Loss dta_phys:  0.0077 Loss dta_preserve:  0.0048
EPOCH: 02
Elapsed time: 0.88 Epoch Pixel Loss:  0.0172 Epoch FFT Loss:  0.8241 Epoch DTA Rank:  0.7355 Epoch DTA TV:  0.0358 Epoch DTA Proxy:  0.4254 Epoch DTA Trans:  0.0096 Epoch DTA Phys:  0.0070 Epoch DTA Preserve:  0.0053
DTA_GATE_RAMP epoch=3 gate_limit=0.030000
Time:  0.0728 Epoch: 003 Iter:   50/ 600 LR: 0.0001000000 Loss content:  0.0170 Loss fft:  0.8091 Loss dta_rank:  0.7343 Loss dta_tv:  0.0336 Loss dta_proxy:  0.4483 Loss dta_trans:  0.0097 Loss dta_phys:  0.0081 Loss dta_preserve:  0.0061
Time:  0.0655 Epoch: 003 Iter:  100/ 600 LR: 0.0001000000 Loss content:  0.0173 Loss fft:  0.8267 Loss dta_rank:  0.7406 Loss dta_tv:  0.0336 Loss dta_proxy:  0.4500 Loss dta_trans:  0.0090 Loss dta_phys:  0.0072 Loss dta_preserve:  0.0055
Time:  0.0604 Epoch: 003 Iter:  150/ 600 LR: 0.0001000000 Loss content:  0.0166 Loss fft:  0.8330 Loss dta_rank:  0.7428 Loss dta_tv:  0.0344 Loss dta_proxy:  0.4364 Loss dta_trans:  0.0071 Loss dta_phys:  0.0063 Loss dta_preserve:  0.0062
Time:  0.0687 Epoch: 003 Iter:  200/ 600 LR: 0.0001000000 Loss content:  0.0175 Loss fft:  0.8156 Loss dta_rank:  0.7333 Loss dta_tv:  0.0338 Loss dta_proxy:  0.4281 Loss dta_trans:  0.0092 Loss dta_phys:  0.0065 Loss dta_preserve:  0.0063
Time:  0.0752 Epoch: 003 Iter:  250/ 600 LR: 0.0001000000 Loss content:  0.0172 Loss fft:  0.7992 Loss dta_rank:  0.7398 Loss dta_tv:  0.0338 Loss dta_proxy:  0.4308 Loss dta_trans:  0.0093 Loss dta_phys:  0.0072 Loss dta_preserve:  0.0057
Time:  0.0739 Epoch: 003 Iter:  300/ 600 LR: 0.0001000000 Loss content:  0.0172 Loss fft:  0.8239 Loss dta_rank:  0.7379 Loss dta_tv:  0.0334 Loss dta_proxy:  0.4319 Loss dta_trans:  0.0075 Loss dta_phys:  0.0063 Loss dta_preserve:  0.0054
Time:  0.0720 Epoch: 003 Iter:  350/ 600 LR: 0.0001000000 Loss content:  0.0171 Loss fft:  0.8432 Loss dta_rank:  0.7361 Loss dta_tv:  0.0338 Loss dta_proxy:  0.4325 Loss dta_trans:  0.0080 Loss dta_phys:  0.0068 Loss dta_preserve:  0.0042
Time:  0.0785 Epoch: 003 Iter:  400/ 600 LR: 0.0001000000 Loss content:  0.0174 Loss fft:  0.8521 Loss dta_rank:  0.7409 Loss dta_tv:  0.0340 Loss dta_proxy:  0.4254 Loss dta_trans:  0.0080 Loss dta_phys:  0.0069 Loss dta_preserve:  0.0044
Time:  0.0791 Epoch: 003 Iter:  450/ 600 LR: 0.0001000000 Loss content:  0.0172 Loss fft:  0.8161 Loss dta_rank:  0.7370 Loss dta_tv:  0.0330 Loss dta_proxy:  0.4283 Loss dta_trans:  0.0075 Loss dta_phys:  0.0073 Loss dta_preserve:  0.0044
Time:  0.0792 Epoch: 003 Iter:  500/ 600 LR: 0.0001000000 Loss content:  0.0174 Loss fft:  0.8399 Loss dta_rank:  0.7369 Loss dta_tv:  0.0324 Loss dta_proxy:  0.4261 Loss dta_trans:  0.0081 Loss dta_phys:  0.0061 Loss dta_preserve:  0.0048
Time:  0.0789 Epoch: 003 Iter:  550/ 600 LR: 0.0001000000 Loss content:  0.0170 Loss fft:  0.8204 Loss dta_rank:  0.7432 Loss dta_tv:  0.0328 Loss dta_proxy:  0.4393 Loss dta_trans:  0.0073 Loss dta_phys:  0.0070 Loss dta_preserve:  0.0050
Time:  0.0778 Epoch: 003 Iter:  600/ 600 LR: 0.0001000000 Loss content:  0.0170 Loss fft:  0.8077 Loss dta_rank:  0.7374 Loss dta_tv:  0.0326 Loss dta_proxy:  0.4195 Loss dta_trans:  0.0087 Loss dta_phys:  0.0070 Loss dta_preserve:  0.0052
EPOCH: 03
Elapsed time: 0.89 Epoch Pixel Loss:  0.0172 Epoch FFT Loss:  0.8239 Epoch DTA Rank:  0.7384 Epoch DTA TV:  0.0334 Epoch DTA Proxy:  0.4330 Epoch DTA Trans:  0.0083 Epoch DTA Phys:  0.0069 Epoch DTA Preserve:  0.0053
/sda/home/wangyuxin/ConvIR-B/envs/convir-cu121/lib/python3.10/site-packages/torch/optim/lr_scheduler.py:1087: UserWarning: To get the last learning rate computed by the scheduler, please use `get_last_lr()`.
  _warn_get_lr_called_within_step(self)
DTA_GATE_RAMP epoch=4 gate_limit=0.030000
Time:  0.0841 Epoch: 004 Iter:   50/ 600 LR: 0.0001000000 Loss content:  0.0174 Loss fft:  0.8591 Loss dta_rank:  0.7428 Loss dta_tv:  0.0317 Loss dta_proxy:  0.4384 Loss dta_trans:  0.0063 Loss dta_phys:  0.0060 Loss dta_preserve:  0.0053
Time:  0.0762 Epoch: 004 Iter:  100/ 600 LR: 0.0001000000 Loss content:  0.0173 Loss fft:  0.8258 Loss dta_rank:  0.7371 Loss dta_tv:  0.0316 Loss dta_proxy:  0.4385 Loss dta_trans:  0.0087 Loss dta_phys:  0.0067 Loss dta_preserve:  0.0069
Time:  0.0797 Epoch: 004 Iter:  150/ 600 LR: 0.0001000000 Loss content:  0.0172 Loss fft:  0.8483 Loss dta_rank:  0.7356 Loss dta_tv:  0.0323 Loss dta_proxy:  0.4149 Loss dta_trans:  0.0086 Loss dta_phys:  0.0066 Loss dta_preserve:  0.0056
Time:  0.0831 Epoch: 004 Iter:  200/ 600 LR: 0.0001000000 Loss content:  0.0176 Loss fft:  0.8318 Loss dta_rank:  0.7351 Loss dta_tv:  0.0307 Loss dta_proxy:  0.4408 Loss dta_trans:  0.0058 Loss dta_phys:  0.0060 Loss dta_preserve:  0.0048
Time:  0.0807 Epoch: 004 Iter:  250/ 600 LR: 0.0001000000 Loss content:  0.0160 Loss fft:  0.7733 Loss dta_rank:  0.7385 Loss dta_tv:  0.0317 Loss dta_proxy:  0.4294 Loss dta_trans:  0.0068 Loss dta_phys:  0.0071 Loss dta_preserve:  0.0047
Time:  0.0793 Epoch: 004 Iter:  300/ 600 LR: 0.0001000000 Loss content:  0.0168 Loss fft:  0.8089 Loss dta_rank:  0.7387 Loss dta_tv:  0.0316 Loss dta_proxy:  0.4353 Loss dta_trans:  0.0076 Loss dta_phys:  0.0076 Loss dta_preserve:  0.0063
Time:  0.0803 Epoch: 004 Iter:  350/ 600 LR: 0.0001000000 Loss content:  0.0170 Loss fft:  0.8166 Loss dta_rank:  0.7416 Loss dta_tv:  0.0315 Loss dta_proxy:  0.4500 Loss dta_trans:  0.0074 Loss dta_phys:  0.0074 Loss dta_preserve:  0.0060
Time:  0.0797 Epoch: 004 Iter:  400/ 600 LR: 0.0001000000 Loss content:  0.0173 Loss fft:  0.8345 Loss dta_rank:  0.7433 Loss dta_tv:  0.0307 Loss dta_proxy:  0.4382 Loss dta_trans:  0.0074 Loss dta_phys:  0.0071 Loss dta_preserve:  0.0046
Time:  0.0800 Epoch: 004 Iter:  450/ 600 LR: 0.0001000000 Loss content:  0.0174 Loss fft:  0.8324 Loss dta_rank:  0.7351 Loss dta_tv:  0.0318 Loss dta_proxy:  0.4245 Loss dta_trans:  0.0075 Loss dta_phys:  0.0066 Loss dta_preserve:  0.0045
Time:  0.0791 Epoch: 004 Iter:  500/ 600 LR: 0.0001000000 Loss content:  0.0174 Loss fft:  0.8183 Loss dta_rank:  0.7363 Loss dta_tv:  0.0320 Loss dta_proxy:  0.4332 Loss dta_trans:  0.0069 Loss dta_phys:  0.0068 Loss dta_preserve:  0.0060
Time:  0.0798 Epoch: 004 Iter:  550/ 600 LR: 0.0001000000 Loss content:  0.0167 Loss fft:  0.8118 Loss dta_rank:  0.7360 Loss dta_tv:  0.0307 Loss dta_proxy:  0.4470 Loss dta_trans:  0.0077 Loss dta_phys:  0.0070 Loss dta_preserve:  0.0054
Time:  0.0793 Epoch: 004 Iter:  600/ 600 LR: 0.0001000000 Loss content:  0.0172 Loss fft:  0.8087 Loss dta_rank:  0.7458 Loss dta_tv:  0.0302 Loss dta_proxy:  0.4210 Loss dta_trans:  0.0069 Loss dta_phys:  0.0061 Loss dta_preserve:  0.0046
EPOCH: 04
Elapsed time: 0.96 Epoch Pixel Loss:  0.0171 Epoch FFT Loss:  0.8224 Epoch DTA Rank:  0.7388 Epoch DTA TV:  0.0314 Epoch DTA Proxy:  0.4343 Epoch DTA Trans:  0.0073 Epoch DTA Phys:  0.0067 Epoch DTA Preserve:  0.0054
DTA_GATE_RAMP epoch=5 gate_limit=0.030000
Time:  0.0820 Epoch: 005 Iter:   50/ 600 LR: 0.0000983215 Loss content:  0.0167 Loss fft:  0.7976 Loss dta_rank:  0.7383 Loss dta_tv:  0.0306 Loss dta_proxy:  0.4299 Loss dta_trans:  0.0077 Loss dta_phys:  0.0071 Loss dta_preserve:  0.0047
Time:  0.0770 Epoch: 005 Iter:  100/ 600 LR: 0.0000983215 Loss content:  0.0169 Loss fft:  0.8076 Loss dta_rank:  0.7425 Loss dta_tv:  0.0316 Loss dta_proxy:  0.4138 Loss dta_trans:  0.0073 Loss dta_phys:  0.0064 Loss dta_preserve:  0.0049
Time:  0.0793 Epoch: 005 Iter:  150/ 600 LR: 0.0000983215 Loss content:  0.0167 Loss fft:  0.7825 Loss dta_rank:  0.7421 Loss dta_tv:  0.0295 Loss dta_proxy:  0.4499 Loss dta_trans:  0.0074 Loss dta_phys:  0.0079 Loss dta_preserve:  0.0054
Time:  0.0811 Epoch: 005 Iter:  200/ 600 LR: 0.0000983215 Loss content:  0.0172 Loss fft:  0.8476 Loss dta_rank:  0.7423 Loss dta_tv:  0.0301 Loss dta_proxy:  0.4377 Loss dta_trans:  0.0064 Loss dta_phys:  0.0062 Loss dta_preserve:  0.0039
Time:  0.0811 Epoch: 005 Iter:  250/ 600 LR: 0.0000983215 Loss content:  0.0175 Loss fft:  0.8484 Loss dta_rank:  0.7359 Loss dta_tv:  0.0296 Loss dta_proxy:  0.4537 Loss dta_trans:  0.0078 Loss dta_phys:  0.0065 Loss dta_preserve:  0.0053
Time:  0.0740 Epoch: 005 Iter:  300/ 600 LR: 0.0000983215 Loss content:  0.0171 Loss fft:  0.8031 Loss dta_rank:  0.7372 Loss dta_tv:  0.0311 Loss dta_proxy:  0.4032 Loss dta_trans:  0.0072 Loss dta_phys:  0.0067 Loss dta_preserve:  0.0057
Time:  0.0759 Epoch: 005 Iter:  350/ 600 LR: 0.0000983215 Loss content:  0.0174 Loss fft:  0.8147 Loss dta_rank:  0.7406 Loss dta_tv:  0.0302 Loss dta_proxy:  0.4312 Loss dta_trans:  0.0076 Loss dta_phys:  0.0069 Loss dta_preserve:  0.0062
Time:  0.0778 Epoch: 005 Iter:  400/ 600 LR: 0.0000983215 Loss content:  0.0171 Loss fft:  0.8309 Loss dta_rank:  0.7420 Loss dta_tv:  0.0303 Loss dta_proxy:  0.4389 Loss dta_trans:  0.0063 Loss dta_phys:  0.0062 Loss dta_preserve:  0.0047
Time:  0.0766 Epoch: 005 Iter:  450/ 600 LR: 0.0000983215 Loss content:  0.0171 Loss fft:  0.8369 Loss dta_rank:  0.7410 Loss dta_tv:  0.0299 Loss dta_proxy:  0.4405 Loss dta_trans:  0.0049 Loss dta_phys:  0.0061 Loss dta_preserve:  0.0047
Time:  0.0794 Epoch: 005 Iter:  500/ 600 LR: 0.0000983215 Loss content:  0.0171 Loss fft:  0.8549 Loss dta_rank:  0.7391 Loss dta_tv:  0.0301 Loss dta_proxy:  0.4525 Loss dta_trans:  0.0072 Loss dta_phys:  0.0070 Loss dta_preserve:  0.0050
Time:  0.0812 Epoch: 005 Iter:  550/ 600 LR: 0.0000983215 Loss content:  0.0166 Loss fft:  0.7920 Loss dta_rank:  0.7369 Loss dta_tv:  0.0303 Loss dta_proxy:  0.4307 Loss dta_trans:  0.0076 Loss dta_phys:  0.0075 Loss dta_preserve:  0.0050
Time:  0.0792 Epoch: 005 Iter:  600/ 600 LR: 0.0000983215 Loss content:  0.0171 Loss fft:  0.8039 Loss dta_rank:  0.7409 Loss dta_tv:  0.0304 Loss dta_proxy:  0.4320 Loss dta_trans:  0.0063 Loss dta_phys:  0.0075 Loss dta_preserve:  0.0052
EPOCH: 05
Elapsed time: 0.95 Epoch Pixel Loss:  0.0170 Epoch FFT Loss:  0.8183 Epoch DTA Rank:  0.7399 Epoch DTA TV:  0.0303 Epoch DTA Proxy:  0.4345 Epoch DTA Trans:  0.0070 Epoch DTA Phys:  0.0068 Epoch DTA Preserve:  0.0051
DTA_GATE_RAMP epoch=6 gate_limit=0.030000
Time:  0.0850 Epoch: 006 Iter:   50/ 600 LR: 0.0000942212 Loss content:  0.0170 Loss fft:  0.8241 Loss dta_rank:  0.7445 Loss dta_tv:  0.0300 Loss dta_proxy:  0.4387 Loss dta_trans:  0.0066 Loss dta_phys:  0.0070 Loss dta_preserve:  0.0069
Time:  0.0768 Epoch: 006 Iter:  100/ 600 LR: 0.0000942212 Loss content:  0.0171 Loss fft:  0.8383 Loss dta_rank:  0.7422 Loss dta_tv:  0.0293 Loss dta_proxy:  0.4408 Loss dta_trans:  0.0059 Loss dta_phys:  0.0065 Loss dta_preserve:  0.0052
Time:  0.0758 Epoch: 006 Iter:  150/ 600 LR: 0.0000942212 Loss content:  0.0168 Loss fft:  0.7685 Loss dta_rank:  0.7440 Loss dta_tv:  0.0295 Loss dta_proxy:  0.4372 Loss dta_trans:  0.0064 Loss dta_phys:  0.0067 Loss dta_preserve:  0.0041
Time:  0.0778 Epoch: 006 Iter:  200/ 600 LR: 0.0000942212 Loss content:  0.0170 Loss fft:  0.8223 Loss dta_rank:  0.7485 Loss dta_tv:  0.0298 Loss dta_proxy:  0.4442 Loss dta_trans:  0.0068 Loss dta_phys:  0.0067 Loss dta_preserve:  0.0056
Time:  0.0744 Epoch: 006 Iter:  250/ 600 LR: 0.0000942212 Loss content:  0.0187 Loss fft:  0.8576 Loss dta_rank:  0.7429 Loss dta_tv:  0.0288 Loss dta_proxy:  0.4497 Loss dta_trans:  0.0073 Loss dta_phys:  0.0068 Loss dta_preserve:  0.0046
Time:  0.0811 Epoch: 006 Iter:  300/ 600 LR: 0.0000942212 Loss content:  0.0170 Loss fft:  0.8394 Loss dta_rank:  0.7339 Loss dta_tv:  0.0297 Loss dta_proxy:  0.4372 Loss dta_trans:  0.0062 Loss dta_phys:  0.0064 Loss dta_preserve:  0.0051
Time:  0.0647 Epoch: 006 Iter:  350/ 600 LR: 0.0000942212 Loss content:  0.0167 Loss fft:  0.7858 Loss dta_rank:  0.7406 Loss dta_tv:  0.0290 Loss dta_proxy:  0.4488 Loss dta_trans:  0.0065 Loss dta_phys:  0.0067 Loss dta_preserve:  0.0049
Time:  0.0644 Epoch: 006 Iter:  400/ 600 LR: 0.0000942212 Loss content:  0.0181 Loss fft:  0.8449 Loss dta_rank:  0.7466 Loss dta_tv:  0.0289 Loss dta_proxy:  0.4550 Loss dta_trans:  0.0058 Loss dta_phys:  0.0071 Loss dta_preserve:  0.0072
Time:  0.0639 Epoch: 006 Iter:  450/ 600 LR: 0.0000942212 Loss content:  0.0172 Loss fft:  0.8275 Loss dta_rank:  0.7395 Loss dta_tv:  0.0294 Loss dta_proxy:  0.4381 Loss dta_trans:  0.0064 Loss dta_phys:  0.0076 Loss dta_preserve:  0.0046
Time:  0.0654 Epoch: 006 Iter:  500/ 600 LR: 0.0000942212 Loss content:  0.0162 Loss fft:  0.7609 Loss dta_rank:  0.7335 Loss dta_tv:  0.0286 Loss dta_proxy:  0.4277 Loss dta_trans:  0.0069 Loss dta_phys:  0.0060 Loss dta_preserve:  0.0056
Time:  0.0654 Epoch: 006 Iter:  550/ 600 LR: 0.0000942212 Loss content:  0.0177 Loss fft:  0.8643 Loss dta_rank:  0.7475 Loss dta_tv:  0.0289 Loss dta_proxy:  0.4355 Loss dta_trans:  0.0062 Loss dta_phys:  0.0063 Loss dta_preserve:  0.0046
Time:  0.0647 Epoch: 006 Iter:  600/ 600 LR: 0.0000942212 Loss content:  0.0172 Loss fft:  0.8123 Loss dta_rank:  0.7386 Loss dta_tv:  0.0288 Loss dta_proxy:  0.4360 Loss dta_trans:  0.0075 Loss dta_phys:  0.0077 Loss dta_preserve:  0.0045
EPOCH: 06
Elapsed time: 0.86 Epoch Pixel Loss:  0.0172 Epoch FFT Loss:  0.8205 Epoch DTA Rank:  0.7418 Epoch DTA TV:  0.0292 Epoch DTA Proxy:  0.4407 Epoch DTA Trans:  0.0065 Epoch DTA Phys:  0.0068 Epoch DTA Preserve:  0.0053
DTA_GATE_RAMP epoch=7 gate_limit=0.030000
Time:  0.0758 Epoch: 007 Iter:   50/ 600 LR: 0.0000886874 Loss content:  0.0171 Loss fft:  0.8231 Loss dta_rank:  0.7409 Loss dta_tv:  0.0284 Loss dta_proxy:  0.4484 Loss dta_trans:  0.0071 Loss dta_phys:  0.0075 Loss dta_preserve:  0.0041
Time:  0.0659 Epoch: 007 Iter:  100/ 600 LR: 0.0000886874 Loss content:  0.0174 Loss fft:  0.8248 Loss dta_rank:  0.7332 Loss dta_tv:  0.0294 Loss dta_proxy:  0.4213 Loss dta_trans:  0.0070 Loss dta_phys:  0.0074 Loss dta_preserve:  0.0061
Time:  0.0766 Epoch: 007 Iter:  150/ 600 LR: 0.0000886874 Loss content:  0.0174 Loss fft:  0.8132 Loss dta_rank:  0.7448 Loss dta_tv:  0.0278 Loss dta_proxy:  0.4631 Loss dta_trans:  0.0055 Loss dta_phys:  0.0066 Loss dta_preserve:  0.0046
Time:  0.0752 Epoch: 007 Iter:  200/ 600 LR: 0.0000886874 Loss content:  0.0177 Loss fft:  0.8229 Loss dta_rank:  0.7454 Loss dta_tv:  0.0284 Loss dta_proxy:  0.4655 Loss dta_trans:  0.0059 Loss dta_phys:  0.0080 Loss dta_preserve:  0.0049
Time:  0.0769 Epoch: 007 Iter:  250/ 600 LR: 0.0000886874 Loss content:  0.0167 Loss fft:  0.8118 Loss dta_rank:  0.7391 Loss dta_tv:  0.0298 Loss dta_proxy:  0.4203 Loss dta_trans:  0.0074 Loss dta_phys:  0.0059 Loss dta_preserve:  0.0041
Time:  0.0828 Epoch: 007 Iter:  300/ 600 LR: 0.0000886874 Loss content:  0.0168 Loss fft:  0.8241 Loss dta_rank:  0.7400 Loss dta_tv:  0.0297 Loss dta_proxy:  0.4335 Loss dta_trans:  0.0066 Loss dta_phys:  0.0070 Loss dta_preserve:  0.0061
Time:  0.0775 Epoch: 007 Iter:  350/ 600 LR: 0.0000886874 Loss content:  0.0175 Loss fft:  0.8669 Loss dta_rank:  0.7418 Loss dta_tv:  0.0287 Loss dta_proxy:  0.4436 Loss dta_trans:  0.0062 Loss dta_phys:  0.0059 Loss dta_preserve:  0.0043
Time:  0.0774 Epoch: 007 Iter:  400/ 600 LR: 0.0000886874 Loss content:  0.0170 Loss fft:  0.8313 Loss dta_rank:  0.7400 Loss dta_tv:  0.0286 Loss dta_proxy:  0.4273 Loss dta_trans:  0.0058 Loss dta_phys:  0.0065 Loss dta_preserve:  0.0051
Time:  0.0702 Epoch: 007 Iter:  450/ 600 LR: 0.0000886874 Loss content:  0.0175 Loss fft:  0.8112 Loss dta_rank:  0.7394 Loss dta_tv:  0.0278 Loss dta_proxy:  0.4492 Loss dta_trans:  0.0050 Loss dta_phys:  0.0063 Loss dta_preserve:  0.0062
Time:  0.0687 Epoch: 007 Iter:  500/ 600 LR: 0.0000886874 Loss content:  0.0166 Loss fft:  0.8192 Loss dta_rank:  0.7439 Loss dta_tv:  0.0292 Loss dta_proxy:  0.4339 Loss dta_trans:  0.0077 Loss dta_phys:  0.0071 Loss dta_preserve:  0.0054
Time:  0.0784 Epoch: 007 Iter:  550/ 600 LR: 0.0000886874 Loss content:  0.0160 Loss fft:  0.7847 Loss dta_rank:  0.7362 Loss dta_tv:  0.0279 Loss dta_proxy:  0.4321 Loss dta_trans:  0.0065 Loss dta_phys:  0.0073 Loss dta_preserve:  0.0060
Time:  0.0732 Epoch: 007 Iter:  600/ 600 LR: 0.0000886874 Loss content:  0.0165 Loss fft:  0.8188 Loss dta_rank:  0.7404 Loss dta_tv:  0.0280 Loss dta_proxy:  0.4305 Loss dta_trans:  0.0063 Loss dta_phys:  0.0065 Loss dta_preserve:  0.0049
EPOCH: 07
Elapsed time: 0.90 Epoch Pixel Loss:  0.0170 Epoch FFT Loss:  0.8210 Epoch DTA Rank:  0.7404 Epoch DTA TV:  0.0286 Epoch DTA Proxy:  0.4390 Epoch DTA Trans:  0.0064 Epoch DTA Phys:  0.0068 Epoch DTA Preserve:  0.0052
DTA_GATE_RAMP epoch=8 gate_limit=0.030000
Time:  0.0796 Epoch: 008 Iter:   50/ 600 LR: 0.0000819070 Loss content:  0.0165 Loss fft:  0.8012 Loss dta_rank:  0.7423 Loss dta_tv:  0.0288 Loss dta_proxy:  0.4411 Loss dta_trans:  0.0060 Loss dta_phys:  0.0074 Loss dta_preserve:  0.0059
Time:  0.0786 Epoch: 008 Iter:  100/ 600 LR: 0.0000819070 Loss content:  0.0172 Loss fft:  0.8100 Loss dta_rank:  0.7400 Loss dta_tv:  0.0286 Loss dta_proxy:  0.4423 Loss dta_trans:  0.0067 Loss dta_phys:  0.0067 Loss dta_preserve:  0.0065
Time:  0.0769 Epoch: 008 Iter:  150/ 600 LR: 0.0000819070 Loss content:  0.0169 Loss fft:  0.8220 Loss dta_rank:  0.7409 Loss dta_tv:  0.0283 Loss dta_proxy:  0.4402 Loss dta_trans:  0.0056 Loss dta_phys:  0.0071 Loss dta_preserve:  0.0056
Time:  0.0780 Epoch: 008 Iter:  200/ 600 LR: 0.0000819070 Loss content:  0.0165 Loss fft:  0.8013 Loss dta_rank:  0.7414 Loss dta_tv:  0.0282 Loss dta_proxy:  0.4434 Loss dta_trans:  0.0068 Loss dta_phys:  0.0065 Loss dta_preserve:  0.0040
Time:  0.0790 Epoch: 008 Iter:  250/ 600 LR: 0.0000819070 Loss content:  0.0174 Loss fft:  0.8318 Loss dta_rank:  0.7439 Loss dta_tv:  0.0287 Loss dta_proxy:  0.4330 Loss dta_trans:  0.0069 Loss dta_phys:  0.0068 Loss dta_preserve:  0.0044
Time:  0.0795 Epoch: 008 Iter:  300/ 600 LR: 0.0000819070 Loss content:  0.0169 Loss fft:  0.8048 Loss dta_rank:  0.7445 Loss dta_tv:  0.0278 Loss dta_proxy:  0.4399 Loss dta_trans:  0.0058 Loss dta_phys:  0.0066 Loss dta_preserve:  0.0061
Time:  0.0766 Epoch: 008 Iter:  350/ 600 LR: 0.0000819070 Loss content:  0.0173 Loss fft:  0.8040 Loss dta_rank:  0.7321 Loss dta_tv:  0.0281 Loss dta_proxy:  0.4405 Loss dta_trans:  0.0069 Loss dta_phys:  0.0073 Loss dta_preserve:  0.0046
Time:  0.0755 Epoch: 008 Iter:  400/ 600 LR: 0.0000819070 Loss content:  0.0170 Loss fft:  0.8364 Loss dta_rank:  0.7353 Loss dta_tv:  0.0283 Loss dta_proxy:  0.4343 Loss dta_trans:  0.0049 Loss dta_phys:  0.0064 Loss dta_preserve:  0.0054
Time:  0.0788 Epoch: 008 Iter:  450/ 600 LR: 0.0000819070 Loss content:  0.0168 Loss fft:  0.8164 Loss dta_rank:  0.7356 Loss dta_tv:  0.0281 Loss dta_proxy:  0.4618 Loss dta_trans:  0.0066 Loss dta_phys:  0.0070 Loss dta_preserve:  0.0047
Time:  0.0732 Epoch: 008 Iter:  500/ 600 LR: 0.0000819070 Loss content:  0.0178 Loss fft:  0.8445 Loss dta_rank:  0.7348 Loss dta_tv:  0.0283 Loss dta_proxy:  0.4326 Loss dta_trans:  0.0059 Loss dta_phys:  0.0073 Loss dta_preserve:  0.0057
Time:  0.0754 Epoch: 008 Iter:  550/ 600 LR: 0.0000819070 Loss content:  0.0175 Loss fft:  0.8511 Loss dta_rank:  0.7400 Loss dta_tv:  0.0282 Loss dta_proxy:  0.4451 Loss dta_trans:  0.0066 Loss dta_phys:  0.0071 Loss dta_preserve:  0.0045
Time:  0.0758 Epoch: 008 Iter:  600/ 600 LR: 0.0000819070 Loss content:  0.0172 Loss fft:  0.8201 Loss dta_rank:  0.7431 Loss dta_tv:  0.0281 Loss dta_proxy:  0.4303 Loss dta_trans:  0.0069 Loss dta_phys:  0.0063 Loss dta_preserve:  0.0061
EPOCH: 08
Elapsed time: 0.93 Epoch Pixel Loss:  0.0171 Epoch FFT Loss:  0.8203 Epoch DTA Rank:  0.7395 Epoch DTA TV:  0.0283 Epoch DTA Proxy:  0.4404 Epoch DTA Trans:  0.0063 Epoch DTA Phys:  0.0069 Epoch DTA Preserve:  0.0053
DTA_GATE_RAMP epoch=9 gate_limit=0.060000
Time:  0.0819 Epoch: 009 Iter:   50/ 600 LR: 0.0000741093 Loss content:  0.0174 Loss fft:  0.8168 Loss dta_rank:  0.7423 Loss dta_tv:  0.0284 Loss dta_proxy:  0.4400 Loss dta_trans:  0.0055 Loss dta_phys:  0.0063 Loss dta_preserve:  0.0053
Time:  0.0768 Epoch: 009 Iter:  100/ 600 LR: 0.0000741093 Loss content:  0.0174 Loss fft:  0.8221 Loss dta_rank:  0.7417 Loss dta_tv:  0.0285 Loss dta_proxy:  0.4533 Loss dta_trans:  0.0056 Loss dta_phys:  0.0068 Loss dta_preserve:  0.0087
Time:  0.0730 Epoch: 009 Iter:  150/ 600 LR: 0.0000741093 Loss content:  0.0168 Loss fft:  0.8360 Loss dta_rank:  0.7391 Loss dta_tv:  0.0290 Loss dta_proxy:  0.4293 Loss dta_trans:  0.0062 Loss dta_phys:  0.0062 Loss dta_preserve:  0.0066
Time:  0.0767 Epoch: 009 Iter:  200/ 600 LR: 0.0000741093 Loss content:  0.0173 Loss fft:  0.8135 Loss dta_rank:  0.7390 Loss dta_tv:  0.0282 Loss dta_proxy:  0.4345 Loss dta_trans:  0.0066 Loss dta_phys:  0.0064 Loss dta_preserve:  0.0051
Time:  0.0782 Epoch: 009 Iter:  250/ 600 LR: 0.0000741093 Loss content:  0.0168 Loss fft:  0.8135 Loss dta_rank:  0.7382 Loss dta_tv:  0.0282 Loss dta_proxy:  0.4388 Loss dta_trans:  0.0053 Loss dta_phys:  0.0069 Loss dta_preserve:  0.0059
Time:  0.0748 Epoch: 009 Iter:  300/ 600 LR: 0.0000741093 Loss content:  0.0177 Loss fft:  0.8242 Loss dta_rank:  0.7372 Loss dta_tv:  0.0285 Loss dta_proxy:  0.4333 Loss dta_trans:  0.0065 Loss dta_phys:  0.0060 Loss dta_preserve:  0.0054
Time:  0.0819 Epoch: 009 Iter:  350/ 600 LR: 0.0000741093 Loss content:  0.0175 Loss fft:  0.8113 Loss dta_rank:  0.7400 Loss dta_tv:  0.0280 Loss dta_proxy:  0.4353 Loss dta_trans:  0.0052 Loss dta_phys:  0.0071 Loss dta_preserve:  0.0047
Time:  0.0778 Epoch: 009 Iter:  400/ 600 LR: 0.0000741093 Loss content:  0.0169 Loss fft:  0.8407 Loss dta_rank:  0.7389 Loss dta_tv:  0.0277 Loss dta_proxy:  0.4616 Loss dta_trans:  0.0068 Loss dta_phys:  0.0079 Loss dta_preserve:  0.0044
Time:  0.0761 Epoch: 009 Iter:  450/ 600 LR: 0.0000741093 Loss content:  0.0174 Loss fft:  0.8172 Loss dta_rank:  0.7440 Loss dta_tv:  0.0272 Loss dta_proxy:  0.4457 Loss dta_trans:  0.0060 Loss dta_phys:  0.0075 Loss dta_preserve:  0.0058
Time:  0.0768 Epoch: 009 Iter:  500/ 600 LR: 0.0000741093 Loss content:  0.0165 Loss fft:  0.8138 Loss dta_rank:  0.7360 Loss dta_tv:  0.0280 Loss dta_proxy:  0.4503 Loss dta_trans:  0.0066 Loss dta_phys:  0.0076 Loss dta_preserve:  0.0049
Time:  0.0773 Epoch: 009 Iter:  550/ 600 LR: 0.0000741093 Loss content:  0.0167 Loss fft:  0.8142 Loss dta_rank:  0.7492 Loss dta_tv:  0.0286 Loss dta_proxy:  0.4103 Loss dta_trans:  0.0062 Loss dta_phys:  0.0064 Loss dta_preserve:  0.0061
Time:  0.0738 Epoch: 009 Iter:  600/ 600 LR: 0.0000741093 Loss content:  0.0174 Loss fft:  0.8190 Loss dta_rank:  0.7412 Loss dta_tv:  0.0282 Loss dta_proxy:  0.4408 Loss dta_trans:  0.0061 Loss dta_phys:  0.0065 Loss dta_preserve:  0.0051
EPOCH: 09
Elapsed time: 0.93 Epoch Pixel Loss:  0.0172 Epoch FFT Loss:  0.8202 Epoch DTA Rank:  0.7406 Epoch DTA TV:  0.0282 Epoch DTA Proxy:  0.4394 Epoch DTA Trans:  0.0061 Epoch DTA Phys:  0.0068 Epoch DTA Preserve:  0.0057
DTA_GATE_RAMP epoch=10 gate_limit=0.060000
Time:  0.0801 Epoch: 010 Iter:   50/ 600 LR: 0.0000655580 Loss content:  0.0166 Loss fft:  0.8103 Loss dta_rank:  0.7491 Loss dta_tv:  0.0280 Loss dta_proxy:  0.4448 Loss dta_trans:  0.0056 Loss dta_phys:  0.0070 Loss dta_preserve:  0.0060
Time:  0.0747 Epoch: 010 Iter:  100/ 600 LR: 0.0000655580 Loss content:  0.0171 Loss fft:  0.8233 Loss dta_rank:  0.7435 Loss dta_tv:  0.0281 Loss dta_proxy:  0.4594 Loss dta_trans:  0.0063 Loss dta_phys:  0.0066 Loss dta_preserve:  0.0059
Time:  0.0767 Epoch: 010 Iter:  150/ 600 LR: 0.0000655580 Loss content:  0.0174 Loss fft:  0.8259 Loss dta_rank:  0.7485 Loss dta_tv:  0.0274 Loss dta_proxy:  0.4507 Loss dta_trans:  0.0063 Loss dta_phys:  0.0071 Loss dta_preserve:  0.0052
Time:  0.0736 Epoch: 010 Iter:  200/ 600 LR: 0.0000655580 Loss content:  0.0177 Loss fft:  0.8236 Loss dta_rank:  0.7338 Loss dta_tv:  0.0279 Loss dta_proxy:  0.4216 Loss dta_trans:  0.0059 Loss dta_phys:  0.0063 Loss dta_preserve:  0.0056
Time:  0.0778 Epoch: 010 Iter:  250/ 600 LR: 0.0000655580 Loss content:  0.0174 Loss fft:  0.8293 Loss dta_rank:  0.7445 Loss dta_tv:  0.0276 Loss dta_proxy:  0.4590 Loss dta_trans:  0.0057 Loss dta_phys:  0.0069 Loss dta_preserve:  0.0053
Time:  0.0742 Epoch: 010 Iter:  300/ 600 LR: 0.0000655580 Loss content:  0.0165 Loss fft:  0.7688 Loss dta_rank:  0.7454 Loss dta_tv:  0.0277 Loss dta_proxy:  0.4399 Loss dta_trans:  0.0063 Loss dta_phys:  0.0070 Loss dta_preserve:  0.0057
Time:  0.0677 Epoch: 010 Iter:  350/ 600 LR: 0.0000655580 Loss content:  0.0175 Loss fft:  0.8251 Loss dta_rank:  0.7417 Loss dta_tv:  0.0273 Loss dta_proxy:  0.4542 Loss dta_trans:  0.0054 Loss dta_phys:  0.0068 Loss dta_preserve:  0.0080
Time:  0.0748 Epoch: 010 Iter:  400/ 600 LR: 0.0000655580 Loss content:  0.0171 Loss fft:  0.8114 Loss dta_rank:  0.7390 Loss dta_tv:  0.0274 Loss dta_proxy:  0.4449 Loss dta_trans:  0.0060 Loss dta_phys:  0.0065 Loss dta_preserve:  0.0057
Time:  0.0765 Epoch: 010 Iter:  450/ 600 LR: 0.0000655580 Loss content:  0.0174 Loss fft:  0.8329 Loss dta_rank:  0.7357 Loss dta_tv:  0.0274 Loss dta_proxy:  0.4491 Loss dta_trans:  0.0058 Loss dta_phys:  0.0068 Loss dta_preserve:  0.0041
Time:  0.0746 Epoch: 010 Iter:  500/ 600 LR: 0.0000655580 Loss content:  0.0170 Loss fft:  0.8139 Loss dta_rank:  0.7390 Loss dta_tv:  0.0280 Loss dta_proxy:  0.4227 Loss dta_trans:  0.0061 Loss dta_phys:  0.0068 Loss dta_preserve:  0.0045
Time:  0.0718 Epoch: 010 Iter:  550/ 600 LR: 0.0000655580 Loss content:  0.0168 Loss fft:  0.8231 Loss dta_rank:  0.7370 Loss dta_tv:  0.0283 Loss dta_proxy:  0.4133 Loss dta_trans:  0.0059 Loss dta_phys:  0.0058 Loss dta_preserve:  0.0061
Time:  0.0713 Epoch: 010 Iter:  600/ 600 LR: 0.0000655580 Loss content:  0.0169 Loss fft:  0.8384 Loss dta_rank:  0.7427 Loss dta_tv:  0.0279 Loss dta_proxy:  0.4343 Loss dta_trans:  0.0072 Loss dta_phys:  0.0073 Loss dta_preserve:  0.0046
EPOCH: 10
Elapsed time: 0.90 Epoch Pixel Loss:  0.0171 Epoch FFT Loss:  0.8189 Epoch DTA Rank:  0.7416 Epoch DTA TV:  0.0277 Epoch DTA Proxy:  0.4412 Epoch DTA Trans:  0.0060 Epoch DTA Phys:  0.0068 Epoch DTA Preserve:  0.0056
DTA_GATE_RAMP epoch=11 gate_limit=0.060000
Time:  0.0795 Epoch: 011 Iter:   50/ 600 LR: 0.0000565424 Loss content:  0.0172 Loss fft:  0.8210 Loss dta_rank:  0.7385 Loss dta_tv:  0.0278 Loss dta_proxy:  0.4276 Loss dta_trans:  0.0058 Loss dta_phys:  0.0066 Loss dta_preserve:  0.0051
Time:  0.0758 Epoch: 011 Iter:  100/ 600 LR: 0.0000565424 Loss content:  0.0163 Loss fft:  0.8214 Loss dta_rank:  0.7372 Loss dta_tv:  0.0278 Loss dta_proxy:  0.4359 Loss dta_trans:  0.0063 Loss dta_phys:  0.0069 Loss dta_preserve:  0.0044
Time:  0.0759 Epoch: 011 Iter:  150/ 600 LR: 0.0000565424 Loss content:  0.0170 Loss fft:  0.8023 Loss dta_rank:  0.7423 Loss dta_tv:  0.0280 Loss dta_proxy:  0.4331 Loss dta_trans:  0.0060 Loss dta_phys:  0.0068 Loss dta_preserve:  0.0055
Time:  0.0756 Epoch: 011 Iter:  200/ 600 LR: 0.0000565424 Loss content:  0.0179 Loss fft:  0.8353 Loss dta_rank:  0.7320 Loss dta_tv:  0.0275 Loss dta_proxy:  0.4291 Loss dta_trans:  0.0068 Loss dta_phys:  0.0063 Loss dta_preserve:  0.0045
Time:  0.0754 Epoch: 011 Iter:  250/ 600 LR: 0.0000565424 Loss content:  0.0169 Loss fft:  0.8346 Loss dta_rank:  0.7329 Loss dta_tv:  0.0278 Loss dta_proxy:  0.4463 Loss dta_trans:  0.0069 Loss dta_phys:  0.0067 Loss dta_preserve:  0.0061
Time:  0.0735 Epoch: 011 Iter:  300/ 600 LR: 0.0000565424 Loss content:  0.0176 Loss fft:  0.8077 Loss dta_rank:  0.7394 Loss dta_tv:  0.0277 Loss dta_proxy:  0.4516 Loss dta_trans:  0.0067 Loss dta_phys:  0.0074 Loss dta_preserve:  0.0065
Time:  0.0746 Epoch: 011 Iter:  350/ 600 LR: 0.0000565424 Loss content:  0.0164 Loss fft:  0.8299 Loss dta_rank:  0.7383 Loss dta_tv:  0.0275 Loss dta_proxy:  0.4463 Loss dta_trans:  0.0050 Loss dta_phys:  0.0066 Loss dta_preserve:  0.0045
Time:  0.0749 Epoch: 011 Iter:  400/ 600 LR: 0.0000565424 Loss content:  0.0176 Loss fft:  0.8244 Loss dta_rank:  0.7433 Loss dta_tv:  0.0273 Loss dta_proxy:  0.4416 Loss dta_trans:  0.0058 Loss dta_phys:  0.0069 Loss dta_preserve:  0.0064
Time:  0.0758 Epoch: 011 Iter:  450/ 600 LR: 0.0000565424 Loss content:  0.0174 Loss fft:  0.8242 Loss dta_rank:  0.7402 Loss dta_tv:  0.0280 Loss dta_proxy:  0.4326 Loss dta_trans:  0.0056 Loss dta_phys:  0.0070 Loss dta_preserve:  0.0043
Time:  0.0739 Epoch: 011 Iter:  500/ 600 LR: 0.0000565424 Loss content:  0.0179 Loss fft:  0.7924 Loss dta_rank:  0.7496 Loss dta_tv:  0.0269 Loss dta_proxy:  0.4425 Loss dta_trans:  0.0059 Loss dta_phys:  0.0072 Loss dta_preserve:  0.0052
Time:  0.0764 Epoch: 011 Iter:  550/ 600 LR: 0.0000565424 Loss content:  0.0165 Loss fft:  0.7862 Loss dta_rank:  0.7407 Loss dta_tv:  0.0273 Loss dta_proxy:  0.4446 Loss dta_trans:  0.0072 Loss dta_phys:  0.0075 Loss dta_preserve:  0.0037
Time:  0.0718 Epoch: 011 Iter:  600/ 600 LR: 0.0000565424 Loss content:  0.0178 Loss fft:  0.8750 Loss dta_rank:  0.7364 Loss dta_tv:  0.0266 Loss dta_proxy:  0.4545 Loss dta_trans:  0.0059 Loss dta_phys:  0.0070 Loss dta_preserve:  0.0055
EPOCH: 11
Elapsed time: 0.91 Epoch Pixel Loss:  0.0172 Epoch FFT Loss:  0.8212 Epoch DTA Rank:  0.7392 Epoch DTA TV:  0.0275 Epoch DTA Proxy:  0.4405 Epoch DTA Trans:  0.0062 Epoch DTA Phys:  0.0069 Epoch DTA Preserve:  0.0052
DTA_GATE_RAMP epoch=12 gate_limit=0.060000
Time:  0.0785 Epoch: 012 Iter:   50/ 600 LR: 0.0000473670 Loss content:  0.0183 Loss fft:  0.8073 Loss dta_rank:  0.7405 Loss dta_tv:  0.0278 Loss dta_proxy:  0.4281 Loss dta_trans:  0.0056 Loss dta_phys:  0.0075 Loss dta_preserve:  0.0060
Time:  0.0760 Epoch: 012 Iter:  100/ 600 LR: 0.0000473670 Loss content:  0.0167 Loss fft:  0.7821 Loss dta_rank:  0.7376 Loss dta_tv:  0.0280 Loss dta_proxy:  0.4357 Loss dta_trans:  0.0060 Loss dta_phys:  0.0077 Loss dta_preserve:  0.0041
Time:  0.0725 Epoch: 012 Iter:  150/ 600 LR: 0.0000473670 Loss content:  0.0164 Loss fft:  0.7970 Loss dta_rank:  0.7452 Loss dta_tv:  0.0277 Loss dta_proxy:  0.4360 Loss dta_trans:  0.0056 Loss dta_phys:  0.0065 Loss dta_preserve:  0.0038
Time:  0.0727 Epoch: 012 Iter:  200/ 600 LR: 0.0000473670 Loss content:  0.0169 Loss fft:  0.7948 Loss dta_rank:  0.7444 Loss dta_tv:  0.0271 Loss dta_proxy:  0.4534 Loss dta_trans:  0.0060 Loss dta_phys:  0.0069 Loss dta_preserve:  0.0052
Time:  0.0735 Epoch: 012 Iter:  250/ 600 LR: 0.0000473670 Loss content:  0.0170 Loss fft:  0.8395 Loss dta_rank:  0.7414 Loss dta_tv:  0.0271 Loss dta_proxy:  0.4460 Loss dta_trans:  0.0054 Loss dta_phys:  0.0062 Loss dta_preserve:  0.0052
Time:  0.0617 Epoch: 012 Iter:  300/ 600 LR: 0.0000473670 Loss content:  0.0173 Loss fft:  0.8295 Loss dta_rank:  0.7465 Loss dta_tv:  0.0270 Loss dta_proxy:  0.4386 Loss dta_trans:  0.0058 Loss dta_phys:  0.0058 Loss dta_preserve:  0.0060
Time:  0.0624 Epoch: 012 Iter:  350/ 600 LR: 0.0000473670 Loss content:  0.0173 Loss fft:  0.8293 Loss dta_rank:  0.7483 Loss dta_tv:  0.0269 Loss dta_proxy:  0.4517 Loss dta_trans:  0.0062 Loss dta_phys:  0.0071 Loss dta_preserve:  0.0052
Time:  0.0619 Epoch: 012 Iter:  400/ 600 LR: 0.0000473670 Loss content:  0.0177 Loss fft:  0.8466 Loss dta_rank:  0.7443 Loss dta_tv:  0.0271 Loss dta_proxy:  0.4376 Loss dta_trans:  0.0065 Loss dta_phys:  0.0068 Loss dta_preserve:  0.0054
Time:  0.0626 Epoch: 012 Iter:  450/ 600 LR: 0.0000473670 Loss content:  0.0173 Loss fft:  0.8400 Loss dta_rank:  0.7405 Loss dta_tv:  0.0274 Loss dta_proxy:  0.4238 Loss dta_trans:  0.0055 Loss dta_phys:  0.0066 Loss dta_preserve:  0.0065
Time:  0.0629 Epoch: 012 Iter:  500/ 600 LR: 0.0000473670 Loss content:  0.0181 Loss fft:  0.8504 Loss dta_rank:  0.7459 Loss dta_tv:  0.0272 Loss dta_proxy:  0.4430 Loss dta_trans:  0.0065 Loss dta_phys:  0.0072 Loss dta_preserve:  0.0056
Time:  0.0666 Epoch: 012 Iter:  550/ 600 LR: 0.0000473670 Loss content:  0.0170 Loss fft:  0.8107 Loss dta_rank:  0.7359 Loss dta_tv:  0.0271 Loss dta_proxy:  0.4286 Loss dta_trans:  0.0071 Loss dta_phys:  0.0065 Loss dta_preserve:  0.0059
Time:  0.0726 Epoch: 012 Iter:  600/ 600 LR: 0.0000473670 Loss content:  0.0171 Loss fft:  0.8451 Loss dta_rank:  0.7408 Loss dta_tv:  0.0269 Loss dta_proxy:  0.4313 Loss dta_trans:  0.0057 Loss dta_phys:  0.0066 Loss dta_preserve:  0.0047
EPOCH: 12
Elapsed time: 0.83 Epoch Pixel Loss:  0.0172 Epoch FFT Loss:  0.8227 Epoch DTA Rank:  0.7426 Epoch DTA TV:  0.0273 Epoch DTA Proxy:  0.4378 Epoch DTA Trans:  0.0060 Epoch DTA Phys:  0.0068 Epoch DTA Preserve:  0.0053
DTA_GATE_RAMP epoch=13 gate_limit=0.060000
Time:  0.0795 Epoch: 013 Iter:   50/ 600 LR: 0.0000383414 Loss content:  0.0164 Loss fft:  0.8060 Loss dta_rank:  0.7374 Loss dta_tv:  0.0279 Loss dta_proxy:  0.4225 Loss dta_trans:  0.0077 Loss dta_phys:  0.0064 Loss dta_preserve:  0.0046
Time:  0.0710 Epoch: 013 Iter:  100/ 600 LR: 0.0000383414 Loss content:  0.0166 Loss fft:  0.8097 Loss dta_rank:  0.7340 Loss dta_tv:  0.0276 Loss dta_proxy:  0.4499 Loss dta_trans:  0.0061 Loss dta_phys:  0.0067 Loss dta_preserve:  0.0058
Time:  0.0760 Epoch: 013 Iter:  150/ 600 LR: 0.0000383414 Loss content:  0.0177 Loss fft:  0.8434 Loss dta_rank:  0.7437 Loss dta_tv:  0.0267 Loss dta_proxy:  0.4435 Loss dta_trans:  0.0052 Loss dta_phys:  0.0065 Loss dta_preserve:  0.0045
Time:  0.0755 Epoch: 013 Iter:  200/ 600 LR: 0.0000383414 Loss content:  0.0171 Loss fft:  0.8241 Loss dta_rank:  0.7496 Loss dta_tv:  0.0267 Loss dta_proxy:  0.4684 Loss dta_trans:  0.0052 Loss dta_phys:  0.0067 Loss dta_preserve:  0.0047
Time:  0.0766 Epoch: 013 Iter:  250/ 600 LR: 0.0000383414 Loss content:  0.0172 Loss fft:  0.7959 Loss dta_rank:  0.7412 Loss dta_tv:  0.0270 Loss dta_proxy:  0.4392 Loss dta_trans:  0.0054 Loss dta_phys:  0.0071 Loss dta_preserve:  0.0049
Time:  0.0737 Epoch: 013 Iter:  300/ 600 LR: 0.0000383414 Loss content:  0.0175 Loss fft:  0.8132 Loss dta_rank:  0.7492 Loss dta_tv:  0.0277 Loss dta_proxy:  0.4373 Loss dta_trans:  0.0058 Loss dta_phys:  0.0067 Loss dta_preserve:  0.0051
Time:  0.0745 Epoch: 013 Iter:  350/ 600 LR: 0.0000383414 Loss content:  0.0165 Loss fft:  0.7960 Loss dta_rank:  0.7487 Loss dta_tv:  0.0265 Loss dta_proxy:  0.4594 Loss dta_trans:  0.0053 Loss dta_phys:  0.0066 Loss dta_preserve:  0.0057
Time:  0.0726 Epoch: 013 Iter:  400/ 600 LR: 0.0000383414 Loss content:  0.0169 Loss fft:  0.8073 Loss dta_rank:  0.7447 Loss dta_tv:  0.0266 Loss dta_proxy:  0.4500 Loss dta_trans:  0.0069 Loss dta_phys:  0.0069 Loss dta_preserve:  0.0039
Time:  0.0755 Epoch: 013 Iter:  450/ 600 LR: 0.0000383414 Loss content:  0.0182 Loss fft:  0.8543 Loss dta_rank:  0.7353 Loss dta_tv:  0.0268 Loss dta_proxy:  0.4384 Loss dta_trans:  0.0057 Loss dta_phys:  0.0066 Loss dta_preserve:  0.0043
Time:  0.0783 Epoch: 013 Iter:  500/ 600 LR: 0.0000383414 Loss content:  0.0176 Loss fft:  0.8198 Loss dta_rank:  0.7440 Loss dta_tv:  0.0266 Loss dta_proxy:  0.4395 Loss dta_trans:  0.0054 Loss dta_phys:  0.0068 Loss dta_preserve:  0.0053
Time:  0.0763 Epoch: 013 Iter:  550/ 600 LR: 0.0000383414 Loss content:  0.0167 Loss fft:  0.8114 Loss dta_rank:  0.7433 Loss dta_tv:  0.0271 Loss dta_proxy:  0.4296 Loss dta_trans:  0.0066 Loss dta_phys:  0.0072 Loss dta_preserve:  0.0054
Time:  0.0724 Epoch: 013 Iter:  600/ 600 LR: 0.0000383414 Loss content:  0.0168 Loss fft:  0.8358 Loss dta_rank:  0.7416 Loss dta_tv:  0.0271 Loss dta_proxy:  0.4393 Loss dta_trans:  0.0059 Loss dta_phys:  0.0070 Loss dta_preserve:  0.0045
EPOCH: 13
Elapsed time: 0.90 Epoch Pixel Loss:  0.0171 Epoch FFT Loss:  0.8181 Epoch DTA Rank:  0.7427 Epoch DTA TV:  0.0270 Epoch DTA Proxy:  0.4431 Epoch DTA Trans:  0.0060 Epoch DTA Phys:  0.0068 Epoch DTA Preserve:  0.0049
DTA_GATE_RAMP epoch=14 gate_limit=0.060000
Time:  0.0857 Epoch: 014 Iter:   50/ 600 LR: 0.0000297690 Loss content:  0.0166 Loss fft:  0.7960 Loss dta_rank:  0.7442 Loss dta_tv:  0.0263 Loss dta_proxy:  0.4540 Loss dta_trans:  0.0067 Loss dta_phys:  0.0068 Loss dta_preserve:  0.0051
Time:  0.0762 Epoch: 014 Iter:  100/ 600 LR: 0.0000297690 Loss content:  0.0174 Loss fft:  0.8294 Loss dta_rank:  0.7333 Loss dta_tv:  0.0264 Loss dta_proxy:  0.4490 Loss dta_trans:  0.0056 Loss dta_phys:  0.0068 Loss dta_preserve:  0.0039
Time:  0.0792 Epoch: 014 Iter:  150/ 600 LR: 0.0000297690 Loss content:  0.0170 Loss fft:  0.8213 Loss dta_rank:  0.7423 Loss dta_tv:  0.0268 Loss dta_proxy:  0.4361 Loss dta_trans:  0.0055 Loss dta_phys:  0.0069 Loss dta_preserve:  0.0051
Time:  0.0776 Epoch: 014 Iter:  200/ 600 LR: 0.0000297690 Loss content:  0.0178 Loss fft:  0.8478 Loss dta_rank:  0.7502 Loss dta_tv:  0.0274 Loss dta_proxy:  0.4404 Loss dta_trans:  0.0058 Loss dta_phys:  0.0071 Loss dta_preserve:  0.0053
Time:  0.0769 Epoch: 014 Iter:  250/ 600 LR: 0.0000297690 Loss content:  0.0170 Loss fft:  0.7985 Loss dta_rank:  0.7426 Loss dta_tv:  0.0281 Loss dta_proxy:  0.4271 Loss dta_trans:  0.0058 Loss dta_phys:  0.0061 Loss dta_preserve:  0.0063
Time:  0.0754 Epoch: 014 Iter:  300/ 600 LR: 0.0000297690 Loss content:  0.0169 Loss fft:  0.8292 Loss dta_rank:  0.7446 Loss dta_tv:  0.0274 Loss dta_proxy:  0.4292 Loss dta_trans:  0.0055 Loss dta_phys:  0.0066 Loss dta_preserve:  0.0066
Time:  0.0763 Epoch: 014 Iter:  350/ 600 LR: 0.0000297690 Loss content:  0.0171 Loss fft:  0.7908 Loss dta_rank:  0.7458 Loss dta_tv:  0.0270 Loss dta_proxy:  0.4438 Loss dta_trans:  0.0063 Loss dta_phys:  0.0075 Loss dta_preserve:  0.0064
Time:  0.0781 Epoch: 014 Iter:  400/ 600 LR: 0.0000297690 Loss content:  0.0176 Loss fft:  0.8470 Loss dta_rank:  0.7434 Loss dta_tv:  0.0265 Loss dta_proxy:  0.4456 Loss dta_trans:  0.0051 Loss dta_phys:  0.0065 Loss dta_preserve:  0.0047
Time:  0.0728 Epoch: 014 Iter:  450/ 600 LR: 0.0000297690 Loss content:  0.0176 Loss fft:  0.8397 Loss dta_rank:  0.7392 Loss dta_tv:  0.0267 Loss dta_proxy:  0.4521 Loss dta_trans:  0.0066 Loss dta_phys:  0.0070 Loss dta_preserve:  0.0056
Time:  0.0721 Epoch: 014 Iter:  500/ 600 LR: 0.0000297690 Loss content:  0.0173 Loss fft:  0.8381 Loss dta_rank:  0.7419 Loss dta_tv:  0.0263 Loss dta_proxy:  0.4503 Loss dta_trans:  0.0055 Loss dta_phys:  0.0063 Loss dta_preserve:  0.0042
Time:  0.0763 Epoch: 014 Iter:  550/ 600 LR: 0.0000297690 Loss content:  0.0174 Loss fft:  0.8125 Loss dta_rank:  0.7393 Loss dta_tv:  0.0270 Loss dta_proxy:  0.4425 Loss dta_trans:  0.0057 Loss dta_phys:  0.0068 Loss dta_preserve:  0.0047
Time:  0.0752 Epoch: 014 Iter:  600/ 600 LR: 0.0000297690 Loss content:  0.0168 Loss fft:  0.7972 Loss dta_rank:  0.7408 Loss dta_tv:  0.0262 Loss dta_proxy:  0.4439 Loss dta_trans:  0.0058 Loss dta_phys:  0.0068 Loss dta_preserve:  0.0040
EPOCH: 14
Elapsed time: 0.93 Epoch Pixel Loss:  0.0172 Epoch FFT Loss:  0.8206 Epoch DTA Rank:  0.7423 Epoch DTA TV:  0.0268 Epoch DTA Proxy:  0.4428 Epoch DTA Trans:  0.0058 Epoch DTA Phys:  0.0068 Epoch DTA Preserve:  0.0052
DTA_GATE_RAMP epoch=15 gate_limit=0.060000
Time:  0.0848 Epoch: 015 Iter:   50/ 600 LR: 0.0000219361 Loss content:  0.0169 Loss fft:  0.8083 Loss dta_rank:  0.7461 Loss dta_tv:  0.0265 Loss dta_proxy:  0.4619 Loss dta_trans:  0.0057 Loss dta_phys:  0.0070 Loss dta_preserve:  0.0055
Time:  0.0779 Epoch: 015 Iter:  100/ 600 LR: 0.0000219361 Loss content:  0.0168 Loss fft:  0.8248 Loss dta_rank:  0.7451 Loss dta_tv:  0.0267 Loss dta_proxy:  0.4439 Loss dta_trans:  0.0059 Loss dta_phys:  0.0071 Loss dta_preserve:  0.0052
Time:  0.0785 Epoch: 015 Iter:  150/ 600 LR: 0.0000219361 Loss content:  0.0173 Loss fft:  0.8034 Loss dta_rank:  0.7394 Loss dta_tv:  0.0265 Loss dta_proxy:  0.4419 Loss dta_trans:  0.0062 Loss dta_phys:  0.0067 Loss dta_preserve:  0.0064
Time:  0.0737 Epoch: 015 Iter:  200/ 600 LR: 0.0000219361 Loss content:  0.0175 Loss fft:  0.8325 Loss dta_rank:  0.7420 Loss dta_tv:  0.0263 Loss dta_proxy:  0.4588 Loss dta_trans:  0.0055 Loss dta_phys:  0.0067 Loss dta_preserve:  0.0056
Time:  0.0769 Epoch: 015 Iter:  250/ 600 LR: 0.0000219361 Loss content:  0.0165 Loss fft:  0.8004 Loss dta_rank:  0.7439 Loss dta_tv:  0.0278 Loss dta_proxy:  0.4223 Loss dta_trans:  0.0063 Loss dta_phys:  0.0073 Loss dta_preserve:  0.0051
Time:  0.0728 Epoch: 015 Iter:  300/ 600 LR: 0.0000219361 Loss content:  0.0169 Loss fft:  0.8112 Loss dta_rank:  0.7378 Loss dta_tv:  0.0271 Loss dta_proxy:  0.4218 Loss dta_trans:  0.0052 Loss dta_phys:  0.0068 Loss dta_preserve:  0.0043
Time:  0.0731 Epoch: 015 Iter:  350/ 600 LR: 0.0000219361 Loss content:  0.0167 Loss fft:  0.8319 Loss dta_rank:  0.7402 Loss dta_tv:  0.0270 Loss dta_proxy:  0.4546 Loss dta_trans:  0.0056 Loss dta_phys:  0.0075 Loss dta_preserve:  0.0071
Time:  0.0737 Epoch: 015 Iter:  400/ 600 LR: 0.0000219361 Loss content:  0.0174 Loss fft:  0.8027 Loss dta_rank:  0.7397 Loss dta_tv:  0.0272 Loss dta_proxy:  0.4341 Loss dta_trans:  0.0067 Loss dta_phys:  0.0067 Loss dta_preserve:  0.0049
Time:  0.0648 Epoch: 015 Iter:  450/ 600 LR: 0.0000219361 Loss content:  0.0178 Loss fft:  0.8525 Loss dta_rank:  0.7425 Loss dta_tv:  0.0261 Loss dta_proxy:  0.4638 Loss dta_trans:  0.0053 Loss dta_phys:  0.0072 Loss dta_preserve:  0.0067
Time:  0.0738 Epoch: 015 Iter:  500/ 600 LR: 0.0000219361 Loss content:  0.0166 Loss fft:  0.8031 Loss dta_rank:  0.7423 Loss dta_tv:  0.0270 Loss dta_proxy:  0.4368 Loss dta_trans:  0.0061 Loss dta_phys:  0.0071 Loss dta_preserve:  0.0054
Time:  0.0731 Epoch: 015 Iter:  550/ 600 LR: 0.0000219361 Loss content:  0.0178 Loss fft:  0.8320 Loss dta_rank:  0.7443 Loss dta_tv:  0.0262 Loss dta_proxy:  0.4450 Loss dta_trans:  0.0058 Loss dta_phys:  0.0064 Loss dta_preserve:  0.0052
Time:  0.0714 Epoch: 015 Iter:  600/ 600 LR: 0.0000219361 Loss content:  0.0185 Loss fft:  0.8487 Loss dta_rank:  0.7329 Loss dta_tv:  0.0274 Loss dta_proxy:  0.4381 Loss dta_trans:  0.0059 Loss dta_phys:  0.0062 Loss dta_preserve:  0.0058
EPOCH: 15
Elapsed time: 0.90 Epoch Pixel Loss:  0.0172 Epoch FFT Loss:  0.8210 Epoch DTA Rank:  0.7414 Epoch DTA TV:  0.0268 Epoch DTA Proxy:  0.4436 Epoch DTA Trans:  0.0058 Epoch DTA Phys:  0.0069 Epoch DTA Preserve:  0.0056
DTA_GATE_RAMP epoch=16 gate_limit=0.060000
Time:  0.0819 Epoch: 016 Iter:   50/ 600 LR: 0.0000151017 Loss content:  0.0177 Loss fft:  0.8375 Loss dta_rank:  0.7419 Loss dta_tv:  0.0270 Loss dta_proxy:  0.4330 Loss dta_trans:  0.0067 Loss dta_phys:  0.0064 Loss dta_preserve:  0.0050
Time:  0.0780 Epoch: 016 Iter:  100/ 600 LR: 0.0000151017 Loss content:  0.0165 Loss fft:  0.8041 Loss dta_rank:  0.7363 Loss dta_tv:  0.0272 Loss dta_proxy:  0.4319 Loss dta_trans:  0.0057 Loss dta_phys:  0.0070 Loss dta_preserve:  0.0039
Time:  0.0803 Epoch: 016 Iter:  150/ 600 LR: 0.0000151017 Loss content:  0.0178 Loss fft:  0.8487 Loss dta_rank:  0.7472 Loss dta_tv:  0.0262 Loss dta_proxy:  0.4569 Loss dta_trans:  0.0052 Loss dta_phys:  0.0067 Loss dta_preserve:  0.0047
Time:  0.0774 Epoch: 016 Iter:  200/ 600 LR: 0.0000151017 Loss content:  0.0175 Loss fft:  0.8431 Loss dta_rank:  0.7412 Loss dta_tv:  0.0274 Loss dta_proxy:  0.4443 Loss dta_trans:  0.0060 Loss dta_phys:  0.0068 Loss dta_preserve:  0.0049
Time:  0.0806 Epoch: 016 Iter:  250/ 600 LR: 0.0000151017 Loss content:  0.0170 Loss fft:  0.8048 Loss dta_rank:  0.7381 Loss dta_tv:  0.0268 Loss dta_proxy:  0.4419 Loss dta_trans:  0.0064 Loss dta_phys:  0.0072 Loss dta_preserve:  0.0058
Time:  0.0781 Epoch: 016 Iter:  300/ 600 LR: 0.0000151017 Loss content:  0.0169 Loss fft:  0.8172 Loss dta_rank:  0.7413 Loss dta_tv:  0.0268 Loss dta_proxy:  0.4406 Loss dta_trans:  0.0056 Loss dta_phys:  0.0069 Loss dta_preserve:  0.0040
Time:  0.0766 Epoch: 016 Iter:  350/ 600 LR: 0.0000151017 Loss content:  0.0170 Loss fft:  0.7873 Loss dta_rank:  0.7390 Loss dta_tv:  0.0266 Loss dta_proxy:  0.4506 Loss dta_trans:  0.0057 Loss dta_phys:  0.0072 Loss dta_preserve:  0.0065
Time:  0.0813 Epoch: 016 Iter:  400/ 600 LR: 0.0000151017 Loss content:  0.0160 Loss fft:  0.7887 Loss dta_rank:  0.7370 Loss dta_tv:  0.0276 Loss dta_proxy:  0.4161 Loss dta_trans:  0.0053 Loss dta_phys:  0.0069 Loss dta_preserve:  0.0043
Time:  0.0753 Epoch: 016 Iter:  450/ 600 LR: 0.0000151017 Loss content:  0.0166 Loss fft:  0.8027 Loss dta_rank:  0.7400 Loss dta_tv:  0.0265 Loss dta_proxy:  0.4360 Loss dta_trans:  0.0052 Loss dta_phys:  0.0064 Loss dta_preserve:  0.0055
Time:  0.0746 Epoch: 016 Iter:  500/ 600 LR: 0.0000151017 Loss content:  0.0181 Loss fft:  0.8571 Loss dta_rank:  0.7439 Loss dta_tv:  0.0271 Loss dta_proxy:  0.4379 Loss dta_trans:  0.0058 Loss dta_phys:  0.0065 Loss dta_preserve:  0.0066
Time:  0.0786 Epoch: 016 Iter:  550/ 600 LR: 0.0000151017 Loss content:  0.0165 Loss fft:  0.8140 Loss dta_rank:  0.7422 Loss dta_tv:  0.0270 Loss dta_proxy:  0.4239 Loss dta_trans:  0.0055 Loss dta_phys:  0.0059 Loss dta_preserve:  0.0049
Time:  0.0797 Epoch: 016 Iter:  600/ 600 LR: 0.0000151017 Loss content:  0.0175 Loss fft:  0.8322 Loss dta_rank:  0.7391 Loss dta_tv:  0.0265 Loss dta_proxy:  0.4369 Loss dta_trans:  0.0067 Loss dta_phys:  0.0073 Loss dta_preserve:  0.0040
EPOCH: 16
Elapsed time: 0.95 Epoch Pixel Loss:  0.0171 Epoch FFT Loss:  0.8198 Epoch DTA Rank:  0.7406 Epoch DTA TV:  0.0269 Epoch DTA Proxy:  0.4375 Epoch DTA Trans:  0.0058 Epoch DTA Phys:  0.0068 Epoch DTA Preserve:  0.0050
DTA_GATE_RAMP epoch=17 gate_limit=0.060000
Time:  0.0819 Epoch: 017 Iter:   50/ 600 LR: 0.0000094853 Loss content:  0.0166 Loss fft:  0.7897 Loss dta_rank:  0.7390 Loss dta_tv:  0.0264 Loss dta_proxy:  0.4297 Loss dta_trans:  0.0057 Loss dta_phys:  0.0067 Loss dta_preserve:  0.0044
Time:  0.0762 Epoch: 017 Iter:  100/ 600 LR: 0.0000094853 Loss content:  0.0176 Loss fft:  0.8338 Loss dta_rank:  0.7400 Loss dta_tv:  0.0268 Loss dta_proxy:  0.4356 Loss dta_trans:  0.0068 Loss dta_phys:  0.0075 Loss dta_preserve:  0.0047
Time:  0.0774 Epoch: 017 Iter:  150/ 600 LR: 0.0000094853 Loss content:  0.0175 Loss fft:  0.8091 Loss dta_rank:  0.7338 Loss dta_tv:  0.0265 Loss dta_proxy:  0.4289 Loss dta_trans:  0.0056 Loss dta_phys:  0.0068 Loss dta_preserve:  0.0053
Time:  0.0781 Epoch: 017 Iter:  200/ 600 LR: 0.0000094853 Loss content:  0.0156 Loss fft:  0.7993 Loss dta_rank:  0.7396 Loss dta_tv:  0.0277 Loss dta_proxy:  0.4027 Loss dta_trans:  0.0058 Loss dta_phys:  0.0056 Loss dta_preserve:  0.0049
Time:  0.0794 Epoch: 017 Iter:  250/ 600 LR: 0.0000094853 Loss content:  0.0176 Loss fft:  0.8110 Loss dta_rank:  0.7339 Loss dta_tv:  0.0260 Loss dta_proxy:  0.4549 Loss dta_trans:  0.0050 Loss dta_phys:  0.0075 Loss dta_preserve:  0.0049
Time:  0.0718 Epoch: 017 Iter:  300/ 600 LR: 0.0000094853 Loss content:  0.0174 Loss fft:  0.8273 Loss dta_rank:  0.7504 Loss dta_tv:  0.0267 Loss dta_proxy:  0.4424 Loss dta_trans:  0.0055 Loss dta_phys:  0.0066 Loss dta_preserve:  0.0051
Time:  0.0768 Epoch: 017 Iter:  350/ 600 LR: 0.0000094853 Loss content:  0.0166 Loss fft:  0.8066 Loss dta_rank:  0.7444 Loss dta_tv:  0.0262 Loss dta_proxy:  0.4661 Loss dta_trans:  0.0051 Loss dta_phys:  0.0062 Loss dta_preserve:  0.0043
Time:  0.0755 Epoch: 017 Iter:  400/ 600 LR: 0.0000094853 Loss content:  0.0168 Loss fft:  0.8310 Loss dta_rank:  0.7361 Loss dta_tv:  0.0270 Loss dta_proxy:  0.4234 Loss dta_trans:  0.0060 Loss dta_phys:  0.0062 Loss dta_preserve:  0.0047
Time:  0.0758 Epoch: 017 Iter:  450/ 600 LR: 0.0000094853 Loss content:  0.0169 Loss fft:  0.8165 Loss dta_rank:  0.7399 Loss dta_tv:  0.0271 Loss dta_proxy:  0.4444 Loss dta_trans:  0.0061 Loss dta_phys:  0.0069 Loss dta_preserve:  0.0049
Time:  0.0747 Epoch: 017 Iter:  500/ 600 LR: 0.0000094853 Loss content:  0.0170 Loss fft:  0.8192 Loss dta_rank:  0.7347 Loss dta_tv:  0.0273 Loss dta_proxy:  0.4341 Loss dta_trans:  0.0059 Loss dta_phys:  0.0072 Loss dta_preserve:  0.0047
Time:  0.0770 Epoch: 017 Iter:  550/ 600 LR: 0.0000094853 Loss content:  0.0177 Loss fft:  0.8593 Loss dta_rank:  0.7411 Loss dta_tv:  0.0261 Loss dta_proxy:  0.4548 Loss dta_trans:  0.0061 Loss dta_phys:  0.0066 Loss dta_preserve:  0.0049
Time:  0.0775 Epoch: 017 Iter:  600/ 600 LR: 0.0000094853 Loss content:  0.0178 Loss fft:  0.8058 Loss dta_rank:  0.7395 Loss dta_tv:  0.0266 Loss dta_proxy:  0.4296 Loss dta_trans:  0.0063 Loss dta_phys:  0.0066 Loss dta_preserve:  0.0050
EPOCH: 17
Elapsed time: 0.93 Epoch Pixel Loss:  0.0171 Epoch FFT Loss:  0.8174 Epoch DTA Rank:  0.7394 Epoch DTA TV:  0.0267 Epoch DTA Proxy:  0.4372 Epoch DTA Trans:  0.0058 Epoch DTA Phys:  0.0067 Epoch DTA Preserve:  0.0048
DTA_GATE_RAMP epoch=18 gate_limit=0.060000
Time:  0.0846 Epoch: 018 Iter:   50/ 600 LR: 0.0000052550 Loss content:  0.0166 Loss fft:  0.7989 Loss dta_rank:  0.7432 Loss dta_tv:  0.0275 Loss dta_proxy:  0.4309 Loss dta_trans:  0.0060 Loss dta_phys:  0.0071 Loss dta_preserve:  0.0056
Time:  0.0761 Epoch: 018 Iter:  100/ 600 LR: 0.0000052550 Loss content:  0.0183 Loss fft:  0.8769 Loss dta_rank:  0.7397 Loss dta_tv:  0.0265 Loss dta_proxy:  0.4346 Loss dta_trans:  0.0055 Loss dta_phys:  0.0066 Loss dta_preserve:  0.0044
Time:  0.0774 Epoch: 018 Iter:  150/ 600 LR: 0.0000052550 Loss content:  0.0171 Loss fft:  0.8397 Loss dta_rank:  0.7392 Loss dta_tv:  0.0270 Loss dta_proxy:  0.4371 Loss dta_trans:  0.0051 Loss dta_phys:  0.0063 Loss dta_preserve:  0.0038
Time:  0.0775 Epoch: 018 Iter:  200/ 600 LR: 0.0000052550 Loss content:  0.0171 Loss fft:  0.7976 Loss dta_rank:  0.7385 Loss dta_tv:  0.0265 Loss dta_proxy:  0.4286 Loss dta_trans:  0.0053 Loss dta_phys:  0.0065 Loss dta_preserve:  0.0045
Time:  0.0789 Epoch: 018 Iter:  250/ 600 LR: 0.0000052550 Loss content:  0.0167 Loss fft:  0.8091 Loss dta_rank:  0.7440 Loss dta_tv:  0.0256 Loss dta_proxy:  0.4595 Loss dta_trans:  0.0050 Loss dta_phys:  0.0065 Loss dta_preserve:  0.0052
Time:  0.0795 Epoch: 018 Iter:  300/ 600 LR: 0.0000052550 Loss content:  0.0170 Loss fft:  0.8043 Loss dta_rank:  0.7440 Loss dta_tv:  0.0269 Loss dta_proxy:  0.4278 Loss dta_trans:  0.0066 Loss dta_phys:  0.0072 Loss dta_preserve:  0.0055
Time:  0.0785 Epoch: 018 Iter:  350/ 600 LR: 0.0000052550 Loss content:  0.0173 Loss fft:  0.8119 Loss dta_rank:  0.7414 Loss dta_tv:  0.0271 Loss dta_proxy:  0.4474 Loss dta_trans:  0.0059 Loss dta_phys:  0.0068 Loss dta_preserve:  0.0062
Time:  0.0776 Epoch: 018 Iter:  400/ 600 LR: 0.0000052550 Loss content:  0.0179 Loss fft:  0.8165 Loss dta_rank:  0.7450 Loss dta_tv:  0.0260 Loss dta_proxy:  0.4492 Loss dta_trans:  0.0055 Loss dta_phys:  0.0068 Loss dta_preserve:  0.0062
Time:  0.0755 Epoch: 018 Iter:  450/ 600 LR: 0.0000052550 Loss content:  0.0166 Loss fft:  0.7896 Loss dta_rank:  0.7384 Loss dta_tv:  0.0269 Loss dta_proxy:  0.4333 Loss dta_trans:  0.0064 Loss dta_phys:  0.0069 Loss dta_preserve:  0.0053
Time:  0.0774 Epoch: 018 Iter:  500/ 600 LR: 0.0000052550 Loss content:  0.0172 Loss fft:  0.8382 Loss dta_rank:  0.7462 Loss dta_tv:  0.0263 Loss dta_proxy:  0.4535 Loss dta_trans:  0.0051 Loss dta_phys:  0.0067 Loss dta_preserve:  0.0052
Time:  0.0770 Epoch: 018 Iter:  550/ 600 LR: 0.0000052550 Loss content:  0.0176 Loss fft:  0.8236 Loss dta_rank:  0.7427 Loss dta_tv:  0.0268 Loss dta_proxy:  0.4439 Loss dta_trans:  0.0059 Loss dta_phys:  0.0067 Loss dta_preserve:  0.0055
Time:  0.0755 Epoch: 018 Iter:  600/ 600 LR: 0.0000052550 Loss content:  0.0167 Loss fft:  0.8216 Loss dta_rank:  0.7404 Loss dta_tv:  0.0269 Loss dta_proxy:  0.4265 Loss dta_trans:  0.0060 Loss dta_phys:  0.0070 Loss dta_preserve:  0.0054
EPOCH: 18
Elapsed time: 0.94 Epoch Pixel Loss:  0.0172 Epoch FFT Loss:  0.8190 Epoch DTA Rank:  0.7419 Epoch DTA TV:  0.0267 Epoch DTA Proxy:  0.4394 Epoch DTA Trans:  0.0057 Epoch DTA Phys:  0.0068 Epoch DTA Preserve:  0.0052
DTA_GATE_RAMP epoch=19 gate_limit=0.060000
Time:  0.0838 Epoch: 019 Iter:   50/ 600 LR: 0.0000025070 Loss content:  0.0174 Loss fft:  0.8289 Loss dta_rank:  0.7456 Loss dta_tv:  0.0260 Loss dta_proxy:  0.4687 Loss dta_trans:  0.0046 Loss dta_phys:  0.0064 Loss dta_preserve:  0.0043
Time:  0.0708 Epoch: 019 Iter:  100/ 600 LR: 0.0000025070 Loss content:  0.0165 Loss fft:  0.8103 Loss dta_rank:  0.7338 Loss dta_tv:  0.0263 Loss dta_proxy:  0.4405 Loss dta_trans:  0.0054 Loss dta_phys:  0.0063 Loss dta_preserve:  0.0055
Time:  0.0838 Epoch: 019 Iter:  150/ 600 LR: 0.0000025070 Loss content:  0.0178 Loss fft:  0.8658 Loss dta_rank:  0.7438 Loss dta_tv:  0.0264 Loss dta_proxy:  0.4417 Loss dta_trans:  0.0057 Loss dta_phys:  0.0068 Loss dta_preserve:  0.0066
Time:  0.0899 Epoch: 019 Iter:  200/ 600 LR: 0.0000025070 Loss content:  0.0176 Loss fft:  0.8221 Loss dta_rank:  0.7427 Loss dta_tv:  0.0264 Loss dta_proxy:  0.4598 Loss dta_trans:  0.0053 Loss dta_phys:  0.0071 Loss dta_preserve:  0.0051
Time:  0.0933 Epoch: 019 Iter:  250/ 600 LR: 0.0000025070 Loss content:  0.0163 Loss fft:  0.7619 Loss dta_rank:  0.7387 Loss dta_tv:  0.0270 Loss dta_proxy:  0.4274 Loss dta_trans:  0.0058 Loss dta_phys:  0.0073 Loss dta_preserve:  0.0039
Time:  0.0969 Epoch: 019 Iter:  300/ 600 LR: 0.0000025070 Loss content:  0.0171 Loss fft:  0.8294 Loss dta_rank:  0.7426 Loss dta_tv:  0.0271 Loss dta_proxy:  0.4424 Loss dta_trans:  0.0065 Loss dta_phys:  0.0065 Loss dta_preserve:  0.0046
Time:  0.0924 Epoch: 019 Iter:  350/ 600 LR: 0.0000025070 Loss content:  0.0173 Loss fft:  0.8169 Loss dta_rank:  0.7393 Loss dta_tv:  0.0271 Loss dta_proxy:  0.4325 Loss dta_trans:  0.0066 Loss dta_phys:  0.0071 Loss dta_preserve:  0.0048
Time:  0.0891 Epoch: 019 Iter:  400/ 600 LR: 0.0000025070 Loss content:  0.0175 Loss fft:  0.8230 Loss dta_rank:  0.7370 Loss dta_tv:  0.0267 Loss dta_proxy:  0.4427 Loss dta_trans:  0.0059 Loss dta_phys:  0.0069 Loss dta_preserve:  0.0056
Time:  0.0746 Epoch: 019 Iter:  450/ 600 LR: 0.0000025070 Loss content:  0.0160 Loss fft:  0.7957 Loss dta_rank:  0.7393 Loss dta_tv:  0.0268 Loss dta_proxy:  0.4359 Loss dta_trans:  0.0057 Loss dta_phys:  0.0073 Loss dta_preserve:  0.0065
Time:  0.0894 Epoch: 019 Iter:  500/ 600 LR: 0.0000025070 Loss content:  0.0171 Loss fft:  0.8285 Loss dta_rank:  0.7403 Loss dta_tv:  0.0269 Loss dta_proxy:  0.4352 Loss dta_trans:  0.0058 Loss dta_phys:  0.0067 Loss dta_preserve:  0.0046
Time:  0.0868 Epoch: 019 Iter:  550/ 600 LR: 0.0000025070 Loss content:  0.0170 Loss fft:  0.8298 Loss dta_rank:  0.7407 Loss dta_tv:  0.0270 Loss dta_proxy:  0.4229 Loss dta_trans:  0.0060 Loss dta_phys:  0.0072 Loss dta_preserve:  0.0054
Time:  0.0867 Epoch: 019 Iter:  600/ 600 LR: 0.0000025070 Loss content:  0.0171 Loss fft:  0.8305 Loss dta_rank:  0.7361 Loss dta_tv:  0.0268 Loss dta_proxy:  0.4459 Loss dta_trans:  0.0060 Loss dta_phys:  0.0063 Loss dta_preserve:  0.0046
EPOCH: 19
Elapsed time: 1.04 Epoch Pixel Loss:  0.0170 Epoch FFT Loss:  0.8202 Epoch DTA Rank:  0.7400 Epoch DTA TV:  0.0267 Epoch DTA Proxy:  0.4413 Epoch DTA Trans:  0.0058 Epoch DTA Phys:  0.0068 Epoch DTA Preserve:  0.0051
DTA_GATE_RAMP epoch=20 gate_limit=0.060000
Time:  0.0885 Epoch: 020 Iter:   50/ 600 LR: 0.0000012125 Loss content:  0.0176 Loss fft:  0.8098 Loss dta_rank:  0.7404 Loss dta_tv:  0.0269 Loss dta_proxy:  0.4439 Loss dta_trans:  0.0071 Loss dta_phys:  0.0066 Loss dta_preserve:  0.0062
Time:  0.0787 Epoch: 020 Iter:  100/ 600 LR: 0.0000012125 Loss content:  0.0168 Loss fft:  0.8141 Loss dta_rank:  0.7402 Loss dta_tv:  0.0264 Loss dta_proxy:  0.4319 Loss dta_trans:  0.0057 Loss dta_phys:  0.0061 Loss dta_preserve:  0.0054
Time:  0.0929 Epoch: 020 Iter:  150/ 600 LR: 0.0000012125 Loss content:  0.0170 Loss fft:  0.8075 Loss dta_rank:  0.7458 Loss dta_tv:  0.0262 Loss dta_proxy:  0.4533 Loss dta_trans:  0.0057 Loss dta_phys:  0.0072 Loss dta_preserve:  0.0064
Time:  0.0834 Epoch: 020 Iter:  200/ 600 LR: 0.0000012125 Loss content:  0.0171 Loss fft:  0.8101 Loss dta_rank:  0.7326 Loss dta_tv:  0.0265 Loss dta_proxy:  0.4264 Loss dta_trans:  0.0055 Loss dta_phys:  0.0070 Loss dta_preserve:  0.0059
Time:  0.0856 Epoch: 020 Iter:  250/ 600 LR: 0.0000012125 Loss content:  0.0173 Loss fft:  0.8484 Loss dta_rank:  0.7384 Loss dta_tv:  0.0267 Loss dta_proxy:  0.4499 Loss dta_trans:  0.0056 Loss dta_phys:  0.0069 Loss dta_preserve:  0.0051
Time:  0.0838 Epoch: 020 Iter:  300/ 600 LR: 0.0000012125 Loss content:  0.0172 Loss fft:  0.8038 Loss dta_rank:  0.7402 Loss dta_tv:  0.0269 Loss dta_proxy:  0.4343 Loss dta_trans:  0.0059 Loss dta_phys:  0.0067 Loss dta_preserve:  0.0039
Time:  0.0807 Epoch: 020 Iter:  350/ 600 LR: 0.0000012125 Loss content:  0.0164 Loss fft:  0.7952 Loss dta_rank:  0.7405 Loss dta_tv:  0.0270 Loss dta_proxy:  0.4409 Loss dta_trans:  0.0057 Loss dta_phys:  0.0068 Loss dta_preserve:  0.0052
Time:  0.0773 Epoch: 020 Iter:  400/ 600 LR: 0.0000012125 Loss content:  0.0167 Loss fft:  0.7897 Loss dta_rank:  0.7352 Loss dta_tv:  0.0269 Loss dta_proxy:  0.4304 Loss dta_trans:  0.0058 Loss dta_phys:  0.0066 Loss dta_preserve:  0.0043
Time:  0.0763 Epoch: 020 Iter:  450/ 600 LR: 0.0000012125 Loss content:  0.0176 Loss fft:  0.8387 Loss dta_rank:  0.7428 Loss dta_tv:  0.0259 Loss dta_proxy:  0.4608 Loss dta_trans:  0.0051 Loss dta_phys:  0.0067 Loss dta_preserve:  0.0069
Time:  0.0699 Epoch: 020 Iter:  500/ 600 LR: 0.0000012125 Loss content:  0.0172 Loss fft:  0.8303 Loss dta_rank:  0.7405 Loss dta_tv:  0.0272 Loss dta_proxy:  0.4404 Loss dta_trans:  0.0058 Loss dta_phys:  0.0070 Loss dta_preserve:  0.0042
Time:  0.0732 Epoch: 020 Iter:  550/ 600 LR: 0.0000012125 Loss content:  0.0171 Loss fft:  0.8260 Loss dta_rank:  0.7373 Loss dta_tv:  0.0268 Loss dta_proxy:  0.4310 Loss dta_trans:  0.0057 Loss dta_phys:  0.0072 Loss dta_preserve:  0.0052
Time:  0.0757 Epoch: 020 Iter:  600/ 600 LR: 0.0000012125 Loss content:  0.0171 Loss fft:  0.8193 Loss dta_rank:  0.7380 Loss dta_tv:  0.0262 Loss dta_proxy:  0.4477 Loss dta_trans:  0.0053 Loss dta_phys:  0.0069 Loss dta_preserve:  0.0040
EPOCH: 20
Elapsed time: 0.97 Epoch Pixel Loss:  0.0171 Epoch FFT Loss:  0.8161 Epoch DTA Rank:  0.7393 Epoch DTA TV:  0.0267 Epoch DTA Proxy:  0.4409 Epoch DTA Trans:  0.0057 Epoch DTA Phys:  0.0068 Epoch DTA Preserve:  0.0052
