Namespace(model_name='ConvIR-Haze4K-DTA-v2-adapter_only-invert-seed3411-f4-oof20', data='Haze4K', version='base', fam_mode='original', arch='dta_v2', seed=3411, mode='train', data_dir='/sda/home/wangyuxin/ConvIR-B/datasets/Haze4K/Haze4K', batch_size=4, learning_rate=0.0001, weight_decay=0.0, num_epoch=20, stop_epoch=20, print_freq=50, num_worker=4, save_freq=5, valid_freq=9999, mod_stats_freq=5, mod_stats_batches=16, grad_clip_norm=0.001, dta_grad_clip_norm=0.05, dta_neighbor_grad_clip_norm=0.005, init_model='/sda/home/wangyuxin/ConvIR-B/checkpoints/official/Haze4K/haze4k-base.pkl', init_model_partial=True, partial_new_prefixes='DTA.', resume='', train_scope='adapter_only', dta_depth_cache_dir='/sda/home/wangyuxin/ConvIR-B/depth_cache/depth_anything_v2_small_hf', dta_train_depth_split='train', dta_eval_depth_split='train', valid_root_split='train', eval_root_split='test', dta_require_depth=True, dta_variant='v2', dta_depth_mode='invert', dta_prior_channels=32, dta_gate_bias=-6.0, dta_gate_limit=0.06, dta_gamma_limit=0.12, dta_beta_limit=0.06, dta_alpha_init=1.0, dta_confidence_floor=0.25, dta_confidence_local_scale=6.0, dta_output_residual_scale=0.03, dta_use_trans_gt=True, dta_trans_weight=0.02, dta_phys_weight=0.005, dta_preserve_weight=0.02, dta_preserve_trans_thresh=0.8, dta_gate_ramp_start=0.01, dta_gate_ramp_mid=0.03, dta_gate_ramp_end=0.06, dta_gate_ramp_warmup_epochs=2, dta_gate_ramp_mid_epochs=8, dta_rank_weight=0.001, dta_tv_weight=0.0001, dta_proxy_weight=0.0, dta_rank_pairs=512, dta_rank_min_depth_gap=0.03, split_json='/sda/home/wangyuxin/ConvIR-B/repos/ConvIR-B-dta-v2-calibrated/experience_docx/experiment_logs/haze4k_dta_v2_calibrated_20260611/dta_v2_haze4k_oof_splits_seed3407.json', split_name='fold4_train', test_model='', save_image=False, leaning_rate=0.0001, model_save_dir='results/ConvIR-Haze4K-DTA-v2-adapter_only-invert-seed3411-f4-oof20/Training-Results/', result_dir='results/ConvIR-Haze4K-DTA-v2-adapter_only-invert-seed3411-f4-oof20/images/Haze4K', init_model_sha256='6f42037d57a4e3de3a10ac0ab909d66a3415864a19433c29204a975f4efa4088')
/sda/home/wangyuxin/ConvIR-B/repos/ConvIR-B-dta-v2-calibrated/Dehazing/ITS/main.py:14: FutureWarning: You are using `torch.load` with `weights_only=False` (the current default value), which uses the default pickle module implicitly. It is possible to construct malicious pickle data which will execute arbitrary code during unpickling (See https://github.com/pytorch/pytorch/blob/main/SECURITY.md#untrusted-models for more details). In a future release, the default value for `weights_only` will be flipped to `True`. This limits the functions that could be executed during unpickling. Arbitrary objects will no longer be allowed to be loaded via this mode unless they are explicitly allowlisted by the user via `torch.serialization.add_safe_globals`. We recommend you start setting `weights_only=True` for any use case where you don't have full control of the loaded file. Please open an issue on GitHub for any issues related to this experimental feature.
  state = torch.load(path, map_location=map_location)
INIT_MODEL_PARTIAL_LOAD path=/sda/home/wangyuxin/ConvIR-B/checkpoints/official/Haze4K/haze4k-base.pkl loaded=602 missing_allowed=25 unexpected=[] allowed_new_prefixes=('DTA.',)
TRAIN_SCOPE scope=adapter_only arch=dta_v2 trainable=74699 total=8705364
/sda/home/wangyuxin/ConvIR-B/envs/convir-cu121/lib/python3.10/site-packages/torch/optim/lr_scheduler.py:224: UserWarning: Detected call of `lr_scheduler.step()` before `optimizer.step()`. In PyTorch 1.1.0 and later, you should call them in the opposite order: `optimizer.step()` before `lr_scheduler.step()`.  Failure to do this will result in PyTorch skipping the first value of the learning rate schedule. See more details at https://pytorch.org/docs/stable/optim.html#how-to-adjust-learning-rate
  warnings.warn(
DTA_GATE_RAMP epoch=1 gate_limit=0.010000
Time:  0.1033 Epoch: 001 Iter:   50/ 600 LR: 0.0000333333 Loss content:  0.0166 Loss fft:  0.8124 Loss dta_rank:  0.6924 Loss dta_tv:  0.0032 Loss dta_proxy:  0.1196 Loss dta_trans:  0.0398 Loss dta_phys:  0.0075 Loss dta_preserve:  0.0054
Time:  0.0789 Epoch: 001 Iter:  100/ 600 LR: 0.0000333333 Loss content:  0.0170 Loss fft:  0.8051 Loss dta_rank:  0.6889 Loss dta_tv:  0.0105 Loss dta_proxy:  0.1216 Loss dta_trans:  0.0333 Loss dta_phys:  0.0093 Loss dta_preserve:  0.0063
Time:  0.0747 Epoch: 001 Iter:  150/ 600 LR: 0.0000333333 Loss content:  0.0176 Loss fft:  0.8093 Loss dta_rank:  0.6814 Loss dta_tv:  0.0163 Loss dta_proxy:  0.1354 Loss dta_trans:  0.0270 Loss dta_phys:  0.0087 Loss dta_preserve:  0.0072
Time:  0.0776 Epoch: 001 Iter:  200/ 600 LR: 0.0000333333 Loss content:  0.0175 Loss fft:  0.8229 Loss dta_rank:  0.6673 Loss dta_tv:  0.0220 Loss dta_proxy:  0.1532 Loss dta_trans:  0.0232 Loss dta_phys:  0.0085 Loss dta_preserve:  0.0051
Time:  0.0691 Epoch: 001 Iter:  250/ 600 LR: 0.0000333333 Loss content:  0.0171 Loss fft:  0.8071 Loss dta_rank:  0.6584 Loss dta_tv:  0.0286 Loss dta_proxy:  0.1545 Loss dta_trans:  0.0162 Loss dta_phys:  0.0064 Loss dta_preserve:  0.0049
Time:  0.0768 Epoch: 001 Iter:  300/ 600 LR: 0.0000333333 Loss content:  0.0179 Loss fft:  0.8372 Loss dta_rank:  0.6455 Loss dta_tv:  0.0330 Loss dta_proxy:  0.1812 Loss dta_trans:  0.0138 Loss dta_phys:  0.0062 Loss dta_preserve:  0.0057
Time:  0.0752 Epoch: 001 Iter:  350/ 600 LR: 0.0000333333 Loss content:  0.0172 Loss fft:  0.8234 Loss dta_rank:  0.6380 Loss dta_tv:  0.0375 Loss dta_proxy:  0.1789 Loss dta_trans:  0.0122 Loss dta_phys:  0.0062 Loss dta_preserve:  0.0047
Time:  0.0789 Epoch: 001 Iter:  400/ 600 LR: 0.0000333333 Loss content:  0.0171 Loss fft:  0.8052 Loss dta_rank:  0.6325 Loss dta_tv:  0.0369 Loss dta_proxy:  0.1872 Loss dta_trans:  0.0113 Loss dta_phys:  0.0059 Loss dta_preserve:  0.0052
Time:  0.0757 Epoch: 001 Iter:  450/ 600 LR: 0.0000333333 Loss content:  0.0183 Loss fft:  0.8384 Loss dta_rank:  0.6345 Loss dta_tv:  0.0388 Loss dta_proxy:  0.2076 Loss dta_trans:  0.0097 Loss dta_phys:  0.0065 Loss dta_preserve:  0.0090
Time:  0.0725 Epoch: 001 Iter:  500/ 600 LR: 0.0000333333 Loss content:  0.0171 Loss fft:  0.8452 Loss dta_rank:  0.6257 Loss dta_tv:  0.0397 Loss dta_proxy:  0.2072 Loss dta_trans:  0.0100 Loss dta_phys:  0.0069 Loss dta_preserve:  0.0048
Time:  0.0663 Epoch: 001 Iter:  550/ 600 LR: 0.0000333333 Loss content:  0.0172 Loss fft:  0.8326 Loss dta_rank:  0.6266 Loss dta_tv:  0.0398 Loss dta_proxy:  0.2077 Loss dta_trans:  0.0112 Loss dta_phys:  0.0070 Loss dta_preserve:  0.0056
Time:  0.0646 Epoch: 001 Iter:  600/ 600 LR: 0.0000333333 Loss content:  0.0164 Loss fft:  0.8216 Loss dta_rank:  0.6238 Loss dta_tv:  0.0395 Loss dta_proxy:  0.2100 Loss dta_trans:  0.0096 Loss dta_phys:  0.0071 Loss dta_preserve:  0.0048
EPOCH: 01
Elapsed time: 0.92 Epoch Pixel Loss:  0.0173 Epoch FFT Loss:  0.8217 Epoch DTA Rank:  0.6513 Epoch DTA TV:  0.0288 Epoch DTA Proxy:  0.1720 Epoch DTA Trans:  0.0181 Epoch DTA Phys:  0.0072 Epoch DTA Preserve:  0.0057
DTA_GATE_RAMP epoch=2 gate_limit=0.010000
Time:  0.0735 Epoch: 002 Iter:   50/ 600 LR: 0.0000666667 Loss content:  0.0171 Loss fft:  0.8327 Loss dta_rank:  0.6214 Loss dta_tv:  0.0401 Loss dta_proxy:  0.2082 Loss dta_trans:  0.0098 Loss dta_phys:  0.0071 Loss dta_preserve:  0.0049
Time:  0.0757 Epoch: 002 Iter:  100/ 600 LR: 0.0000666667 Loss content:  0.0195 Loss fft:  0.8940 Loss dta_rank:  0.6213 Loss dta_tv:  0.0403 Loss dta_proxy:  0.2114 Loss dta_trans:  0.0106 Loss dta_phys:  0.0068 Loss dta_preserve:  0.0059
Time:  0.0747 Epoch: 002 Iter:  150/ 600 LR: 0.0000666667 Loss content:  0.0167 Loss fft:  0.7980 Loss dta_rank:  0.6227 Loss dta_tv:  0.0392 Loss dta_proxy:  0.2080 Loss dta_trans:  0.0098 Loss dta_phys:  0.0058 Loss dta_preserve:  0.0060
Time:  0.0741 Epoch: 002 Iter:  200/ 600 LR: 0.0000666667 Loss content:  0.0166 Loss fft:  0.8029 Loss dta_rank:  0.6203 Loss dta_tv:  0.0408 Loss dta_proxy:  0.2081 Loss dta_trans:  0.0082 Loss dta_phys:  0.0062 Loss dta_preserve:  0.0055
Time:  0.0747 Epoch: 002 Iter:  250/ 600 LR: 0.0000666667 Loss content:  0.0173 Loss fft:  0.8360 Loss dta_rank:  0.6194 Loss dta_tv:  0.0398 Loss dta_proxy:  0.2092 Loss dta_trans:  0.0096 Loss dta_phys:  0.0070 Loss dta_preserve:  0.0050
Time:  0.0779 Epoch: 002 Iter:  300/ 600 LR: 0.0000666667 Loss content:  0.0173 Loss fft:  0.8060 Loss dta_rank:  0.6172 Loss dta_tv:  0.0386 Loss dta_proxy:  0.2138 Loss dta_trans:  0.0084 Loss dta_phys:  0.0069 Loss dta_preserve:  0.0052
Time:  0.0719 Epoch: 002 Iter:  350/ 600 LR: 0.0000666667 Loss content:  0.0167 Loss fft:  0.8080 Loss dta_rank:  0.6171 Loss dta_tv:  0.0412 Loss dta_proxy:  0.2022 Loss dta_trans:  0.0092 Loss dta_phys:  0.0071 Loss dta_preserve:  0.0050
Time:  0.0706 Epoch: 002 Iter:  400/ 600 LR: 0.0000666667 Loss content:  0.0171 Loss fft:  0.8163 Loss dta_rank:  0.6192 Loss dta_tv:  0.0386 Loss dta_proxy:  0.2085 Loss dta_trans:  0.0079 Loss dta_phys:  0.0066 Loss dta_preserve:  0.0053
Time:  0.0724 Epoch: 002 Iter:  450/ 600 LR: 0.0000666667 Loss content:  0.0174 Loss fft:  0.8147 Loss dta_rank:  0.6198 Loss dta_tv:  0.0380 Loss dta_proxy:  0.2152 Loss dta_trans:  0.0065 Loss dta_phys:  0.0055 Loss dta_preserve:  0.0037
Time:  0.0715 Epoch: 002 Iter:  500/ 600 LR: 0.0000666667 Loss content:  0.0170 Loss fft:  0.7969 Loss dta_rank:  0.6182 Loss dta_tv:  0.0378 Loss dta_proxy:  0.2163 Loss dta_trans:  0.0076 Loss dta_phys:  0.0075 Loss dta_preserve:  0.0047
Time:  0.0731 Epoch: 002 Iter:  550/ 600 LR: 0.0000666667 Loss content:  0.0169 Loss fft:  0.7799 Loss dta_rank:  0.6139 Loss dta_tv:  0.0371 Loss dta_proxy:  0.2203 Loss dta_trans:  0.0085 Loss dta_phys:  0.0075 Loss dta_preserve:  0.0045
Time:  0.0734 Epoch: 002 Iter:  600/ 600 LR: 0.0000666667 Loss content:  0.0170 Loss fft:  0.7998 Loss dta_rank:  0.6145 Loss dta_tv:  0.0365 Loss dta_proxy:  0.2256 Loss dta_trans:  0.0076 Loss dta_phys:  0.0068 Loss dta_preserve:  0.0058
EPOCH: 02
Elapsed time: 0.89 Epoch Pixel Loss:  0.0172 Epoch FFT Loss:  0.8154 Epoch DTA Rank:  0.6187 Epoch DTA TV:  0.0390 Epoch DTA Proxy:  0.2122 Epoch DTA Trans:  0.0086 Epoch DTA Phys:  0.0067 Epoch DTA Preserve:  0.0051
DTA_GATE_RAMP epoch=3 gate_limit=0.030000
Time:  0.0779 Epoch: 003 Iter:   50/ 600 LR: 0.0001000000 Loss content:  0.0180 Loss fft:  0.8171 Loss dta_rank:  0.6158 Loss dta_tv:  0.0373 Loss dta_proxy:  0.2143 Loss dta_trans:  0.0079 Loss dta_phys:  0.0071 Loss dta_preserve:  0.0057
Time:  0.0761 Epoch: 003 Iter:  100/ 600 LR: 0.0001000000 Loss content:  0.0173 Loss fft:  0.8365 Loss dta_rank:  0.6121 Loss dta_tv:  0.0372 Loss dta_proxy:  0.2125 Loss dta_trans:  0.0080 Loss dta_phys:  0.0060 Loss dta_preserve:  0.0063
Time:  0.0744 Epoch: 003 Iter:  150/ 600 LR: 0.0001000000 Loss content:  0.0173 Loss fft:  0.8221 Loss dta_rank:  0.6173 Loss dta_tv:  0.0361 Loss dta_proxy:  0.2099 Loss dta_trans:  0.0075 Loss dta_phys:  0.0057 Loss dta_preserve:  0.0053
Time:  0.0700 Epoch: 003 Iter:  200/ 600 LR: 0.0001000000 Loss content:  0.0177 Loss fft:  0.8641 Loss dta_rank:  0.6099 Loss dta_tv:  0.0370 Loss dta_proxy:  0.2160 Loss dta_trans:  0.0069 Loss dta_phys:  0.0067 Loss dta_preserve:  0.0062
Time:  0.0661 Epoch: 003 Iter:  250/ 600 LR: 0.0001000000 Loss content:  0.0175 Loss fft:  0.8297 Loss dta_rank:  0.6132 Loss dta_tv:  0.0371 Loss dta_proxy:  0.2119 Loss dta_trans:  0.0076 Loss dta_phys:  0.0066 Loss dta_preserve:  0.0051
Time:  0.0739 Epoch: 003 Iter:  300/ 600 LR: 0.0001000000 Loss content:  0.0167 Loss fft:  0.8200 Loss dta_rank:  0.6154 Loss dta_tv:  0.0368 Loss dta_proxy:  0.2062 Loss dta_trans:  0.0080 Loss dta_phys:  0.0066 Loss dta_preserve:  0.0050
Time:  0.0732 Epoch: 003 Iter:  350/ 600 LR: 0.0001000000 Loss content:  0.0168 Loss fft:  0.7925 Loss dta_rank:  0.6136 Loss dta_tv:  0.0365 Loss dta_proxy:  0.2017 Loss dta_trans:  0.0068 Loss dta_phys:  0.0068 Loss dta_preserve:  0.0049
Time:  0.0709 Epoch: 003 Iter:  400/ 600 LR: 0.0001000000 Loss content:  0.0171 Loss fft:  0.8231 Loss dta_rank:  0.6090 Loss dta_tv:  0.0365 Loss dta_proxy:  0.2169 Loss dta_trans:  0.0065 Loss dta_phys:  0.0068 Loss dta_preserve:  0.0059
Time:  0.0776 Epoch: 003 Iter:  450/ 600 LR: 0.0001000000 Loss content:  0.0168 Loss fft:  0.7949 Loss dta_rank:  0.6129 Loss dta_tv:  0.0354 Loss dta_proxy:  0.2222 Loss dta_trans:  0.0074 Loss dta_phys:  0.0066 Loss dta_preserve:  0.0054
Time:  0.0779 Epoch: 003 Iter:  500/ 600 LR: 0.0001000000 Loss content:  0.0173 Loss fft:  0.8315 Loss dta_rank:  0.6099 Loss dta_tv:  0.0361 Loss dta_proxy:  0.2000 Loss dta_trans:  0.0081 Loss dta_phys:  0.0064 Loss dta_preserve:  0.0060
Time:  0.0749 Epoch: 003 Iter:  550/ 600 LR: 0.0001000000 Loss content:  0.0175 Loss fft:  0.8180 Loss dta_rank:  0.6056 Loss dta_tv:  0.0353 Loss dta_proxy:  0.2086 Loss dta_trans:  0.0063 Loss dta_phys:  0.0072 Loss dta_preserve:  0.0056
Time:  0.0749 Epoch: 003 Iter:  600/ 600 LR: 0.0001000000 Loss content:  0.0176 Loss fft:  0.8230 Loss dta_rank:  0.6095 Loss dta_tv:  0.0343 Loss dta_proxy:  0.2127 Loss dta_trans:  0.0074 Loss dta_phys:  0.0070 Loss dta_preserve:  0.0055
EPOCH: 03
Elapsed time: 0.89 Epoch Pixel Loss:  0.0173 Epoch FFT Loss:  0.8227 Epoch DTA Rank:  0.6120 Epoch DTA TV:  0.0363 Epoch DTA Proxy:  0.2111 Epoch DTA Trans:  0.0074 Epoch DTA Phys:  0.0066 Epoch DTA Preserve:  0.0056
/sda/home/wangyuxin/ConvIR-B/envs/convir-cu121/lib/python3.10/site-packages/torch/optim/lr_scheduler.py:1087: UserWarning: To get the last learning rate computed by the scheduler, please use `get_last_lr()`.
  _warn_get_lr_called_within_step(self)
DTA_GATE_RAMP epoch=4 gate_limit=0.030000
Time:  0.0817 Epoch: 004 Iter:   50/ 600 LR: 0.0001000000 Loss content:  0.0175 Loss fft:  0.8450 Loss dta_rank:  0.6135 Loss dta_tv:  0.0335 Loss dta_proxy:  0.2123 Loss dta_trans:  0.0066 Loss dta_phys:  0.0063 Loss dta_preserve:  0.0050
Time:  0.0737 Epoch: 004 Iter:  100/ 600 LR: 0.0001000000 Loss content:  0.0168 Loss fft:  0.8042 Loss dta_rank:  0.6100 Loss dta_tv:  0.0352 Loss dta_proxy:  0.2071 Loss dta_trans:  0.0076 Loss dta_phys:  0.0068 Loss dta_preserve:  0.0055
Time:  0.0787 Epoch: 004 Iter:  150/ 600 LR: 0.0001000000 Loss content:  0.0166 Loss fft:  0.7932 Loss dta_rank:  0.6100 Loss dta_tv:  0.0342 Loss dta_proxy:  0.2037 Loss dta_trans:  0.0070 Loss dta_phys:  0.0063 Loss dta_preserve:  0.0041
Time:  0.0830 Epoch: 004 Iter:  200/ 600 LR: 0.0001000000 Loss content:  0.0166 Loss fft:  0.8128 Loss dta_rank:  0.6062 Loss dta_tv:  0.0356 Loss dta_proxy:  0.2011 Loss dta_trans:  0.0065 Loss dta_phys:  0.0066 Loss dta_preserve:  0.0043
Time:  0.0707 Epoch: 004 Iter:  250/ 600 LR: 0.0001000000 Loss content:  0.0172 Loss fft:  0.8106 Loss dta_rank:  0.6098 Loss dta_tv:  0.0345 Loss dta_proxy:  0.2067 Loss dta_trans:  0.0066 Loss dta_phys:  0.0060 Loss dta_preserve:  0.0063
Time:  0.0749 Epoch: 004 Iter:  300/ 600 LR: 0.0001000000 Loss content:  0.0176 Loss fft:  0.8299 Loss dta_rank:  0.6028 Loss dta_tv:  0.0340 Loss dta_proxy:  0.2103 Loss dta_trans:  0.0063 Loss dta_phys:  0.0063 Loss dta_preserve:  0.0053
Time:  0.0759 Epoch: 004 Iter:  350/ 600 LR: 0.0001000000 Loss content:  0.0175 Loss fft:  0.8459 Loss dta_rank:  0.6064 Loss dta_tv:  0.0341 Loss dta_proxy:  0.2037 Loss dta_trans:  0.0068 Loss dta_phys:  0.0062 Loss dta_preserve:  0.0054
Time:  0.0731 Epoch: 004 Iter:  400/ 600 LR: 0.0001000000 Loss content:  0.0176 Loss fft:  0.8088 Loss dta_rank:  0.6076 Loss dta_tv:  0.0337 Loss dta_proxy:  0.2125 Loss dta_trans:  0.0069 Loss dta_phys:  0.0072 Loss dta_preserve:  0.0045
Time:  0.0768 Epoch: 004 Iter:  450/ 600 LR: 0.0001000000 Loss content:  0.0178 Loss fft:  0.8379 Loss dta_rank:  0.6073 Loss dta_tv:  0.0333 Loss dta_proxy:  0.2223 Loss dta_trans:  0.0067 Loss dta_phys:  0.0073 Loss dta_preserve:  0.0040
Time:  0.0738 Epoch: 004 Iter:  500/ 600 LR: 0.0001000000 Loss content:  0.0168 Loss fft:  0.8170 Loss dta_rank:  0.6097 Loss dta_tv:  0.0329 Loss dta_proxy:  0.2265 Loss dta_trans:  0.0065 Loss dta_phys:  0.0078 Loss dta_preserve:  0.0052
Time:  0.0743 Epoch: 004 Iter:  550/ 600 LR: 0.0001000000 Loss content:  0.0170 Loss fft:  0.7889 Loss dta_rank:  0.6098 Loss dta_tv:  0.0338 Loss dta_proxy:  0.2063 Loss dta_trans:  0.0078 Loss dta_phys:  0.0066 Loss dta_preserve:  0.0047
Time:  0.0727 Epoch: 004 Iter:  600/ 600 LR: 0.0001000000 Loss content:  0.0172 Loss fft:  0.8303 Loss dta_rank:  0.6118 Loss dta_tv:  0.0328 Loss dta_proxy:  0.2162 Loss dta_trans:  0.0058 Loss dta_phys:  0.0066 Loss dta_preserve:  0.0054
EPOCH: 04
Elapsed time: 0.91 Epoch Pixel Loss:  0.0172 Epoch FFT Loss:  0.8187 Epoch DTA Rank:  0.6087 Epoch DTA TV:  0.0340 Epoch DTA Proxy:  0.2107 Epoch DTA Trans:  0.0067 Epoch DTA Phys:  0.0067 Epoch DTA Preserve:  0.0050
DTA_GATE_RAMP epoch=5 gate_limit=0.030000
Time:  0.0788 Epoch: 005 Iter:   50/ 600 LR: 0.0000983215 Loss content:  0.0179 Loss fft:  0.8327 Loss dta_rank:  0.6106 Loss dta_tv:  0.0331 Loss dta_proxy:  0.2170 Loss dta_trans:  0.0066 Loss dta_phys:  0.0066 Loss dta_preserve:  0.0052
Time:  0.0753 Epoch: 005 Iter:  100/ 600 LR: 0.0000983215 Loss content:  0.0169 Loss fft:  0.8015 Loss dta_rank:  0.6112 Loss dta_tv:  0.0329 Loss dta_proxy:  0.2142 Loss dta_trans:  0.0070 Loss dta_phys:  0.0074 Loss dta_preserve:  0.0043
Time:  0.0759 Epoch: 005 Iter:  150/ 600 LR: 0.0000983215 Loss content:  0.0172 Loss fft:  0.8229 Loss dta_rank:  0.6051 Loss dta_tv:  0.0331 Loss dta_proxy:  0.2095 Loss dta_trans:  0.0060 Loss dta_phys:  0.0064 Loss dta_preserve:  0.0052
Time:  0.0780 Epoch: 005 Iter:  200/ 600 LR: 0.0000983215 Loss content:  0.0179 Loss fft:  0.8259 Loss dta_rank:  0.6013 Loss dta_tv:  0.0318 Loss dta_proxy:  0.2145 Loss dta_trans:  0.0056 Loss dta_phys:  0.0067 Loss dta_preserve:  0.0044
Time:  0.0796 Epoch: 005 Iter:  250/ 600 LR: 0.0000983215 Loss content:  0.0176 Loss fft:  0.8004 Loss dta_rank:  0.6075 Loss dta_tv:  0.0328 Loss dta_proxy:  0.2111 Loss dta_trans:  0.0060 Loss dta_phys:  0.0071 Loss dta_preserve:  0.0042
Time:  0.0806 Epoch: 005 Iter:  300/ 600 LR: 0.0000983215 Loss content:  0.0176 Loss fft:  0.8413 Loss dta_rank:  0.6091 Loss dta_tv:  0.0331 Loss dta_proxy:  0.2089 Loss dta_trans:  0.0065 Loss dta_phys:  0.0073 Loss dta_preserve:  0.0061
Time:  0.0786 Epoch: 005 Iter:  350/ 600 LR: 0.0000983215 Loss content:  0.0167 Loss fft:  0.8045 Loss dta_rank:  0.6028 Loss dta_tv:  0.0329 Loss dta_proxy:  0.2043 Loss dta_trans:  0.0067 Loss dta_phys:  0.0059 Loss dta_preserve:  0.0055
Time:  0.0802 Epoch: 005 Iter:  400/ 600 LR: 0.0000983215 Loss content:  0.0179 Loss fft:  0.8779 Loss dta_rank:  0.6065 Loss dta_tv:  0.0321 Loss dta_proxy:  0.2198 Loss dta_trans:  0.0051 Loss dta_phys:  0.0070 Loss dta_preserve:  0.0058
Time:  0.0781 Epoch: 005 Iter:  450/ 600 LR: 0.0000983215 Loss content:  0.0166 Loss fft:  0.8016 Loss dta_rank:  0.6019 Loss dta_tv:  0.0324 Loss dta_proxy:  0.2043 Loss dta_trans:  0.0061 Loss dta_phys:  0.0068 Loss dta_preserve:  0.0066
Time:  0.0777 Epoch: 005 Iter:  500/ 600 LR: 0.0000983215 Loss content:  0.0168 Loss fft:  0.8137 Loss dta_rank:  0.6012 Loss dta_tv:  0.0324 Loss dta_proxy:  0.2049 Loss dta_trans:  0.0076 Loss dta_phys:  0.0068 Loss dta_preserve:  0.0068
Time:  0.0727 Epoch: 005 Iter:  550/ 600 LR: 0.0000983215 Loss content:  0.0170 Loss fft:  0.8236 Loss dta_rank:  0.6092 Loss dta_tv:  0.0314 Loss dta_proxy:  0.2223 Loss dta_trans:  0.0061 Loss dta_phys:  0.0069 Loss dta_preserve:  0.0055
Time:  0.0734 Epoch: 005 Iter:  600/ 600 LR: 0.0000983215 Loss content:  0.0170 Loss fft:  0.7989 Loss dta_rank:  0.6064 Loss dta_tv:  0.0324 Loss dta_proxy:  0.2066 Loss dta_trans:  0.0069 Loss dta_phys:  0.0062 Loss dta_preserve:  0.0039
EPOCH: 05
Elapsed time: 0.93 Epoch Pixel Loss:  0.0173 Epoch FFT Loss:  0.8204 Epoch DTA Rank:  0.6061 Epoch DTA TV:  0.0325 Epoch DTA Proxy:  0.2115 Epoch DTA Trans:  0.0064 Epoch DTA Phys:  0.0068 Epoch DTA Preserve:  0.0053
DTA_GATE_RAMP epoch=6 gate_limit=0.030000
Time:  0.0833 Epoch: 006 Iter:   50/ 600 LR: 0.0000942212 Loss content:  0.0179 Loss fft:  0.8472 Loss dta_rank:  0.6087 Loss dta_tv:  0.0319 Loss dta_proxy:  0.2063 Loss dta_trans:  0.0060 Loss dta_phys:  0.0062 Loss dta_preserve:  0.0052
Time:  0.0784 Epoch: 006 Iter:  100/ 600 LR: 0.0000942212 Loss content:  0.0172 Loss fft:  0.8250 Loss dta_rank:  0.6070 Loss dta_tv:  0.0321 Loss dta_proxy:  0.2089 Loss dta_trans:  0.0059 Loss dta_phys:  0.0055 Loss dta_preserve:  0.0044
Time:  0.0716 Epoch: 006 Iter:  150/ 600 LR: 0.0000942212 Loss content:  0.0165 Loss fft:  0.7975 Loss dta_rank:  0.5994 Loss dta_tv:  0.0322 Loss dta_proxy:  0.2038 Loss dta_trans:  0.0059 Loss dta_phys:  0.0064 Loss dta_preserve:  0.0049
Time:  0.0714 Epoch: 006 Iter:  200/ 600 LR: 0.0000942212 Loss content:  0.0170 Loss fft:  0.8203 Loss dta_rank:  0.6010 Loss dta_tv:  0.0320 Loss dta_proxy:  0.2100 Loss dta_trans:  0.0061 Loss dta_phys:  0.0077 Loss dta_preserve:  0.0054
Time:  0.0627 Epoch: 006 Iter:  250/ 600 LR: 0.0000942212 Loss content:  0.0172 Loss fft:  0.7969 Loss dta_rank:  0.6071 Loss dta_tv:  0.0313 Loss dta_proxy:  0.2098 Loss dta_trans:  0.0065 Loss dta_phys:  0.0067 Loss dta_preserve:  0.0049
Time:  0.0674 Epoch: 006 Iter:  300/ 600 LR: 0.0000942212 Loss content:  0.0173 Loss fft:  0.8145 Loss dta_rank:  0.6056 Loss dta_tv:  0.0314 Loss dta_proxy:  0.2039 Loss dta_trans:  0.0066 Loss dta_phys:  0.0074 Loss dta_preserve:  0.0049
Time:  0.0771 Epoch: 006 Iter:  350/ 600 LR: 0.0000942212 Loss content:  0.0173 Loss fft:  0.8275 Loss dta_rank:  0.6094 Loss dta_tv:  0.0314 Loss dta_proxy:  0.2088 Loss dta_trans:  0.0062 Loss dta_phys:  0.0066 Loss dta_preserve:  0.0052
Time:  0.0760 Epoch: 006 Iter:  400/ 600 LR: 0.0000942212 Loss content:  0.0173 Loss fft:  0.8350 Loss dta_rank:  0.6122 Loss dta_tv:  0.0307 Loss dta_proxy:  0.2262 Loss dta_trans:  0.0070 Loss dta_phys:  0.0066 Loss dta_preserve:  0.0059
Time:  0.0749 Epoch: 006 Iter:  450/ 600 LR: 0.0000942212 Loss content:  0.0166 Loss fft:  0.7913 Loss dta_rank:  0.6071 Loss dta_tv:  0.0314 Loss dta_proxy:  0.2077 Loss dta_trans:  0.0077 Loss dta_phys:  0.0069 Loss dta_preserve:  0.0047
Time:  0.0715 Epoch: 006 Iter:  500/ 600 LR: 0.0000942212 Loss content:  0.0172 Loss fft:  0.8204 Loss dta_rank:  0.6076 Loss dta_tv:  0.0305 Loss dta_proxy:  0.2150 Loss dta_trans:  0.0052 Loss dta_phys:  0.0061 Loss dta_preserve:  0.0039
Time:  0.0752 Epoch: 006 Iter:  550/ 600 LR: 0.0000942212 Loss content:  0.0172 Loss fft:  0.8189 Loss dta_rank:  0.6053 Loss dta_tv:  0.0314 Loss dta_proxy:  0.2156 Loss dta_trans:  0.0067 Loss dta_phys:  0.0073 Loss dta_preserve:  0.0052
Time:  0.0715 Epoch: 006 Iter:  600/ 600 LR: 0.0000942212 Loss content:  0.0174 Loss fft:  0.8346 Loss dta_rank:  0.6091 Loss dta_tv:  0.0303 Loss dta_proxy:  0.2148 Loss dta_trans:  0.0065 Loss dta_phys:  0.0064 Loss dta_preserve:  0.0049
EPOCH: 06
Elapsed time: 0.88 Epoch Pixel Loss:  0.0172 Epoch FFT Loss:  0.8191 Epoch DTA Rank:  0.6066 Epoch DTA TV:  0.0314 Epoch DTA Proxy:  0.2109 Epoch DTA Trans:  0.0064 Epoch DTA Phys:  0.0066 Epoch DTA Preserve:  0.0050
DTA_GATE_RAMP epoch=7 gate_limit=0.030000
Time:  0.0795 Epoch: 007 Iter:   50/ 600 LR: 0.0000886874 Loss content:  0.0171 Loss fft:  0.8036 Loss dta_rank:  0.6064 Loss dta_tv:  0.0313 Loss dta_proxy:  0.2034 Loss dta_trans:  0.0063 Loss dta_phys:  0.0069 Loss dta_preserve:  0.0042
Time:  0.0770 Epoch: 007 Iter:  100/ 600 LR: 0.0000886874 Loss content:  0.0170 Loss fft:  0.7910 Loss dta_rank:  0.6098 Loss dta_tv:  0.0300 Loss dta_proxy:  0.2187 Loss dta_trans:  0.0060 Loss dta_phys:  0.0067 Loss dta_preserve:  0.0062
Time:  0.0755 Epoch: 007 Iter:  150/ 600 LR: 0.0000886874 Loss content:  0.0176 Loss fft:  0.8302 Loss dta_rank:  0.6095 Loss dta_tv:  0.0308 Loss dta_proxy:  0.2127 Loss dta_trans:  0.0063 Loss dta_phys:  0.0074 Loss dta_preserve:  0.0044
Time:  0.0741 Epoch: 007 Iter:  200/ 600 LR: 0.0000886874 Loss content:  0.0177 Loss fft:  0.8505 Loss dta_rank:  0.6045 Loss dta_tv:  0.0322 Loss dta_proxy:  0.1898 Loss dta_trans:  0.0075 Loss dta_phys:  0.0068 Loss dta_preserve:  0.0044
Time:  0.0756 Epoch: 007 Iter:  250/ 600 LR: 0.0000886874 Loss content:  0.0179 Loss fft:  0.8384 Loss dta_rank:  0.6036 Loss dta_tv:  0.0308 Loss dta_proxy:  0.2199 Loss dta_trans:  0.0055 Loss dta_phys:  0.0071 Loss dta_preserve:  0.0044
Time:  0.0749 Epoch: 007 Iter:  300/ 600 LR: 0.0000886874 Loss content:  0.0177 Loss fft:  0.8104 Loss dta_rank:  0.6049 Loss dta_tv:  0.0310 Loss dta_proxy:  0.2147 Loss dta_trans:  0.0057 Loss dta_phys:  0.0067 Loss dta_preserve:  0.0045
Time:  0.0751 Epoch: 007 Iter:  350/ 600 LR: 0.0000886874 Loss content:  0.0174 Loss fft:  0.8187 Loss dta_rank:  0.5986 Loss dta_tv:  0.0307 Loss dta_proxy:  0.2004 Loss dta_trans:  0.0060 Loss dta_phys:  0.0059 Loss dta_preserve:  0.0045
Time:  0.0738 Epoch: 007 Iter:  400/ 600 LR: 0.0000886874 Loss content:  0.0169 Loss fft:  0.8190 Loss dta_rank:  0.6084 Loss dta_tv:  0.0309 Loss dta_proxy:  0.2099 Loss dta_trans:  0.0059 Loss dta_phys:  0.0061 Loss dta_preserve:  0.0046
Time:  0.0732 Epoch: 007 Iter:  450/ 600 LR: 0.0000886874 Loss content:  0.0171 Loss fft:  0.8375 Loss dta_rank:  0.6027 Loss dta_tv:  0.0306 Loss dta_proxy:  0.2066 Loss dta_trans:  0.0051 Loss dta_phys:  0.0068 Loss dta_preserve:  0.0047
Time:  0.0709 Epoch: 007 Iter:  500/ 600 LR: 0.0000886874 Loss content:  0.0172 Loss fft:  0.8177 Loss dta_rank:  0.6019 Loss dta_tv:  0.0300 Loss dta_proxy:  0.2103 Loss dta_trans:  0.0054 Loss dta_phys:  0.0067 Loss dta_preserve:  0.0063
Time:  0.0725 Epoch: 007 Iter:  550/ 600 LR: 0.0000886874 Loss content:  0.0168 Loss fft:  0.8221 Loss dta_rank:  0.6031 Loss dta_tv:  0.0311 Loss dta_proxy:  0.1995 Loss dta_trans:  0.0053 Loss dta_phys:  0.0062 Loss dta_preserve:  0.0081
Time:  0.0744 Epoch: 007 Iter:  600/ 600 LR: 0.0000886874 Loss content:  0.0175 Loss fft:  0.8068 Loss dta_rank:  0.6094 Loss dta_tv:  0.0304 Loss dta_proxy:  0.2084 Loss dta_trans:  0.0064 Loss dta_phys:  0.0070 Loss dta_preserve:  0.0043
EPOCH: 07
Elapsed time: 0.90 Epoch Pixel Loss:  0.0173 Epoch FFT Loss:  0.8205 Epoch DTA Rank:  0.6052 Epoch DTA TV:  0.0308 Epoch DTA Proxy:  0.2079 Epoch DTA Trans:  0.0060 Epoch DTA Phys:  0.0067 Epoch DTA Preserve:  0.0051
DTA_GATE_RAMP epoch=8 gate_limit=0.030000
Time:  0.0811 Epoch: 008 Iter:   50/ 600 LR: 0.0000819070 Loss content:  0.0170 Loss fft:  0.8517 Loss dta_rank:  0.6100 Loss dta_tv:  0.0309 Loss dta_proxy:  0.2150 Loss dta_trans:  0.0064 Loss dta_phys:  0.0070 Loss dta_preserve:  0.0049
Time:  0.0788 Epoch: 008 Iter:  100/ 600 LR: 0.0000819070 Loss content:  0.0180 Loss fft:  0.8289 Loss dta_rank:  0.6104 Loss dta_tv:  0.0303 Loss dta_proxy:  0.2131 Loss dta_trans:  0.0057 Loss dta_phys:  0.0067 Loss dta_preserve:  0.0083
Time:  0.0725 Epoch: 008 Iter:  150/ 600 LR: 0.0000819070 Loss content:  0.0172 Loss fft:  0.8136 Loss dta_rank:  0.6043 Loss dta_tv:  0.0299 Loss dta_proxy:  0.2181 Loss dta_trans:  0.0055 Loss dta_phys:  0.0070 Loss dta_preserve:  0.0052
Time:  0.0755 Epoch: 008 Iter:  200/ 600 LR: 0.0000819070 Loss content:  0.0167 Loss fft:  0.8307 Loss dta_rank:  0.6043 Loss dta_tv:  0.0307 Loss dta_proxy:  0.2009 Loss dta_trans:  0.0061 Loss dta_phys:  0.0064 Loss dta_preserve:  0.0061
Time:  0.0717 Epoch: 008 Iter:  250/ 600 LR: 0.0000819070 Loss content:  0.0177 Loss fft:  0.7987 Loss dta_rank:  0.5996 Loss dta_tv:  0.0297 Loss dta_proxy:  0.2133 Loss dta_trans:  0.0066 Loss dta_phys:  0.0076 Loss dta_preserve:  0.0050
Time:  0.0723 Epoch: 008 Iter:  300/ 600 LR: 0.0000819070 Loss content:  0.0165 Loss fft:  0.8165 Loss dta_rank:  0.6079 Loss dta_tv:  0.0309 Loss dta_proxy:  0.1983 Loss dta_trans:  0.0065 Loss dta_phys:  0.0061 Loss dta_preserve:  0.0044
Time:  0.0756 Epoch: 008 Iter:  350/ 600 LR: 0.0000819070 Loss content:  0.0181 Loss fft:  0.8278 Loss dta_rank:  0.6086 Loss dta_tv:  0.0302 Loss dta_proxy:  0.2061 Loss dta_trans:  0.0064 Loss dta_phys:  0.0061 Loss dta_preserve:  0.0057
Time:  0.0723 Epoch: 008 Iter:  400/ 600 LR: 0.0000819070 Loss content:  0.0176 Loss fft:  0.8348 Loss dta_rank:  0.6023 Loss dta_tv:  0.0306 Loss dta_proxy:  0.2021 Loss dta_trans:  0.0057 Loss dta_phys:  0.0070 Loss dta_preserve:  0.0052
Time:  0.0785 Epoch: 008 Iter:  450/ 600 LR: 0.0000819070 Loss content:  0.0178 Loss fft:  0.8171 Loss dta_rank:  0.6088 Loss dta_tv:  0.0307 Loss dta_proxy:  0.2024 Loss dta_trans:  0.0056 Loss dta_phys:  0.0063 Loss dta_preserve:  0.0049
Time:  0.0704 Epoch: 008 Iter:  500/ 600 LR: 0.0000819070 Loss content:  0.0174 Loss fft:  0.8325 Loss dta_rank:  0.6021 Loss dta_tv:  0.0305 Loss dta_proxy:  0.2069 Loss dta_trans:  0.0058 Loss dta_phys:  0.0077 Loss dta_preserve:  0.0061
Time:  0.0683 Epoch: 008 Iter:  550/ 600 LR: 0.0000819070 Loss content:  0.0171 Loss fft:  0.8177 Loss dta_rank:  0.6045 Loss dta_tv:  0.0297 Loss dta_proxy:  0.2059 Loss dta_trans:  0.0058 Loss dta_phys:  0.0076 Loss dta_preserve:  0.0051
Time:  0.0597 Epoch: 008 Iter:  600/ 600 LR: 0.0000819070 Loss content:  0.0172 Loss fft:  0.8257 Loss dta_rank:  0.6049 Loss dta_tv:  0.0298 Loss dta_proxy:  0.2024 Loss dta_trans:  0.0057 Loss dta_phys:  0.0062 Loss dta_preserve:  0.0048
EPOCH: 08
Elapsed time: 0.88 Epoch Pixel Loss:  0.0174 Epoch FFT Loss:  0.8246 Epoch DTA Rank:  0.6056 Epoch DTA TV:  0.0303 Epoch DTA Proxy:  0.2070 Epoch DTA Trans:  0.0060 Epoch DTA Phys:  0.0068 Epoch DTA Preserve:  0.0055
DTA_GATE_RAMP epoch=9 gate_limit=0.060000
Time:  0.0761 Epoch: 009 Iter:   50/ 600 LR: 0.0000741093 Loss content:  0.0176 Loss fft:  0.8384 Loss dta_rank:  0.5990 Loss dta_tv:  0.0302 Loss dta_proxy:  0.1976 Loss dta_trans:  0.0052 Loss dta_phys:  0.0066 Loss dta_preserve:  0.0045
Time:  0.0727 Epoch: 009 Iter:  100/ 600 LR: 0.0000741093 Loss content:  0.0172 Loss fft:  0.8067 Loss dta_rank:  0.6068 Loss dta_tv:  0.0297 Loss dta_proxy:  0.2147 Loss dta_trans:  0.0065 Loss dta_phys:  0.0067 Loss dta_preserve:  0.0044
Time:  0.0758 Epoch: 009 Iter:  150/ 600 LR: 0.0000741093 Loss content:  0.0166 Loss fft:  0.7774 Loss dta_rank:  0.6040 Loss dta_tv:  0.0300 Loss dta_proxy:  0.1995 Loss dta_trans:  0.0053 Loss dta_phys:  0.0068 Loss dta_preserve:  0.0055
Time:  0.0788 Epoch: 009 Iter:  200/ 600 LR: 0.0000741093 Loss content:  0.0188 Loss fft:  0.8444 Loss dta_rank:  0.6059 Loss dta_tv:  0.0298 Loss dta_proxy:  0.2068 Loss dta_trans:  0.0052 Loss dta_phys:  0.0063 Loss dta_preserve:  0.0055
Time:  0.0733 Epoch: 009 Iter:  250/ 600 LR: 0.0000741093 Loss content:  0.0174 Loss fft:  0.8437 Loss dta_rank:  0.6116 Loss dta_tv:  0.0296 Loss dta_proxy:  0.2181 Loss dta_trans:  0.0061 Loss dta_phys:  0.0069 Loss dta_preserve:  0.0057
Time:  0.0786 Epoch: 009 Iter:  300/ 600 LR: 0.0000741093 Loss content:  0.0171 Loss fft:  0.8158 Loss dta_rank:  0.6065 Loss dta_tv:  0.0299 Loss dta_proxy:  0.1956 Loss dta_trans:  0.0048 Loss dta_phys:  0.0061 Loss dta_preserve:  0.0054
Time:  0.0744 Epoch: 009 Iter:  350/ 600 LR: 0.0000741093 Loss content:  0.0174 Loss fft:  0.8149 Loss dta_rank:  0.6043 Loss dta_tv:  0.0303 Loss dta_proxy:  0.1955 Loss dta_trans:  0.0066 Loss dta_phys:  0.0066 Loss dta_preserve:  0.0046
Time:  0.0736 Epoch: 009 Iter:  400/ 600 LR: 0.0000741093 Loss content:  0.0172 Loss fft:  0.8196 Loss dta_rank:  0.6068 Loss dta_tv:  0.0303 Loss dta_proxy:  0.2017 Loss dta_trans:  0.0060 Loss dta_phys:  0.0070 Loss dta_preserve:  0.0040
Time:  0.0768 Epoch: 009 Iter:  450/ 600 LR: 0.0000741093 Loss content:  0.0173 Loss fft:  0.8304 Loss dta_rank:  0.6083 Loss dta_tv:  0.0292 Loss dta_proxy:  0.2100 Loss dta_trans:  0.0056 Loss dta_phys:  0.0062 Loss dta_preserve:  0.0044
Time:  0.0730 Epoch: 009 Iter:  500/ 600 LR: 0.0000741093 Loss content:  0.0175 Loss fft:  0.8242 Loss dta_rank:  0.6074 Loss dta_tv:  0.0303 Loss dta_proxy:  0.1978 Loss dta_trans:  0.0073 Loss dta_phys:  0.0065 Loss dta_preserve:  0.0064
Time:  0.0763 Epoch: 009 Iter:  550/ 600 LR: 0.0000741093 Loss content:  0.0176 Loss fft:  0.8194 Loss dta_rank:  0.6059 Loss dta_tv:  0.0282 Loss dta_proxy:  0.2015 Loss dta_trans:  0.0059 Loss dta_phys:  0.0065 Loss dta_preserve:  0.0057
Time:  0.0729 Epoch: 009 Iter:  600/ 600 LR: 0.0000741093 Loss content:  0.0170 Loss fft:  0.8266 Loss dta_rank:  0.6023 Loss dta_tv:  0.0298 Loss dta_proxy:  0.1945 Loss dta_trans:  0.0063 Loss dta_phys:  0.0071 Loss dta_preserve:  0.0050
EPOCH: 09
Elapsed time: 0.91 Epoch Pixel Loss:  0.0174 Epoch FFT Loss:  0.8218 Epoch DTA Rank:  0.6058 Epoch DTA TV:  0.0298 Epoch DTA Proxy:  0.2028 Epoch DTA Trans:  0.0059 Epoch DTA Phys:  0.0066 Epoch DTA Preserve:  0.0051
DTA_GATE_RAMP epoch=10 gate_limit=0.060000
Time:  0.0820 Epoch: 010 Iter:   50/ 600 LR: 0.0000655580 Loss content:  0.0182 Loss fft:  0.8417 Loss dta_rank:  0.6054 Loss dta_tv:  0.0290 Loss dta_proxy:  0.1976 Loss dta_trans:  0.0063 Loss dta_phys:  0.0061 Loss dta_preserve:  0.0059
Time:  0.0735 Epoch: 010 Iter:  100/ 600 LR: 0.0000655580 Loss content:  0.0169 Loss fft:  0.8410 Loss dta_rank:  0.5935 Loss dta_tv:  0.0300 Loss dta_proxy:  0.1981 Loss dta_trans:  0.0052 Loss dta_phys:  0.0069 Loss dta_preserve:  0.0049
Time:  0.0745 Epoch: 010 Iter:  150/ 600 LR: 0.0000655580 Loss content:  0.0170 Loss fft:  0.7877 Loss dta_rank:  0.6043 Loss dta_tv:  0.0302 Loss dta_proxy:  0.2028 Loss dta_trans:  0.0062 Loss dta_phys:  0.0072 Loss dta_preserve:  0.0047
Time:  0.0735 Epoch: 010 Iter:  200/ 600 LR: 0.0000655580 Loss content:  0.0178 Loss fft:  0.8212 Loss dta_rank:  0.6032 Loss dta_tv:  0.0295 Loss dta_proxy:  0.2016 Loss dta_trans:  0.0063 Loss dta_phys:  0.0068 Loss dta_preserve:  0.0058
Time:  0.0769 Epoch: 010 Iter:  250/ 600 LR: 0.0000655580 Loss content:  0.0173 Loss fft:  0.8496 Loss dta_rank:  0.6024 Loss dta_tv:  0.0290 Loss dta_proxy:  0.1970 Loss dta_trans:  0.0055 Loss dta_phys:  0.0067 Loss dta_preserve:  0.0044
Time:  0.0727 Epoch: 010 Iter:  300/ 600 LR: 0.0000655580 Loss content:  0.0167 Loss fft:  0.7962 Loss dta_rank:  0.6054 Loss dta_tv:  0.0300 Loss dta_proxy:  0.1904 Loss dta_trans:  0.0051 Loss dta_phys:  0.0061 Loss dta_preserve:  0.0062
Time:  0.0738 Epoch: 010 Iter:  350/ 600 LR: 0.0000655580 Loss content:  0.0167 Loss fft:  0.7940 Loss dta_rank:  0.6079 Loss dta_tv:  0.0292 Loss dta_proxy:  0.1974 Loss dta_trans:  0.0057 Loss dta_phys:  0.0074 Loss dta_preserve:  0.0050
Time:  0.0745 Epoch: 010 Iter:  400/ 600 LR: 0.0000655580 Loss content:  0.0161 Loss fft:  0.7899 Loss dta_rank:  0.6083 Loss dta_tv:  0.0302 Loss dta_proxy:  0.1937 Loss dta_trans:  0.0058 Loss dta_phys:  0.0069 Loss dta_preserve:  0.0042
Time:  0.0762 Epoch: 010 Iter:  450/ 600 LR: 0.0000655580 Loss content:  0.0170 Loss fft:  0.8516 Loss dta_rank:  0.6009 Loss dta_tv:  0.0299 Loss dta_proxy:  0.1972 Loss dta_trans:  0.0060 Loss dta_phys:  0.0068 Loss dta_preserve:  0.0035
Time:  0.0771 Epoch: 010 Iter:  500/ 600 LR: 0.0000655580 Loss content:  0.0175 Loss fft:  0.8352 Loss dta_rank:  0.6039 Loss dta_tv:  0.0306 Loss dta_proxy:  0.1881 Loss dta_trans:  0.0060 Loss dta_phys:  0.0069 Loss dta_preserve:  0.0039
Time:  0.0777 Epoch: 010 Iter:  550/ 600 LR: 0.0000655580 Loss content:  0.0169 Loss fft:  0.8176 Loss dta_rank:  0.5988 Loss dta_tv:  0.0288 Loss dta_proxy:  0.2017 Loss dta_trans:  0.0055 Loss dta_phys:  0.0068 Loss dta_preserve:  0.0046
Time:  0.0732 Epoch: 010 Iter:  600/ 600 LR: 0.0000655580 Loss content:  0.0169 Loss fft:  0.8107 Loss dta_rank:  0.6079 Loss dta_tv:  0.0292 Loss dta_proxy:  0.2019 Loss dta_trans:  0.0057 Loss dta_phys:  0.0063 Loss dta_preserve:  0.0068
EPOCH: 10
Elapsed time: 0.91 Epoch Pixel Loss:  0.0171 Epoch FFT Loss:  0.8197 Epoch DTA Rank:  0.6035 Epoch DTA TV:  0.0296 Epoch DTA Proxy:  0.1973 Epoch DTA Trans:  0.0058 Epoch DTA Phys:  0.0067 Epoch DTA Preserve:  0.0050
DTA_GATE_RAMP epoch=11 gate_limit=0.060000
Time:  0.0746 Epoch: 011 Iter:   50/ 600 LR: 0.0000565424 Loss content:  0.0177 Loss fft:  0.8183 Loss dta_rank:  0.6069 Loss dta_tv:  0.0292 Loss dta_proxy:  0.1944 Loss dta_trans:  0.0057 Loss dta_phys:  0.0072 Loss dta_preserve:  0.0054
Time:  0.0727 Epoch: 011 Iter:  100/ 600 LR: 0.0000565424 Loss content:  0.0175 Loss fft:  0.8095 Loss dta_rank:  0.6046 Loss dta_tv:  0.0293 Loss dta_proxy:  0.2013 Loss dta_trans:  0.0063 Loss dta_phys:  0.0068 Loss dta_preserve:  0.0050
Time:  0.0655 Epoch: 011 Iter:  150/ 600 LR: 0.0000565424 Loss content:  0.0167 Loss fft:  0.8124 Loss dta_rank:  0.6031 Loss dta_tv:  0.0290 Loss dta_proxy:  0.1971 Loss dta_trans:  0.0057 Loss dta_phys:  0.0067 Loss dta_preserve:  0.0069
Time:  0.0743 Epoch: 011 Iter:  200/ 600 LR: 0.0000565424 Loss content:  0.0175 Loss fft:  0.8467 Loss dta_rank:  0.6043 Loss dta_tv:  0.0296 Loss dta_proxy:  0.1941 Loss dta_trans:  0.0049 Loss dta_phys:  0.0065 Loss dta_preserve:  0.0067
Time:  0.0745 Epoch: 011 Iter:  250/ 600 LR: 0.0000565424 Loss content:  0.0168 Loss fft:  0.7994 Loss dta_rank:  0.6028 Loss dta_tv:  0.0296 Loss dta_proxy:  0.1979 Loss dta_trans:  0.0055 Loss dta_phys:  0.0065 Loss dta_preserve:  0.0045
Time:  0.0742 Epoch: 011 Iter:  300/ 600 LR: 0.0000565424 Loss content:  0.0177 Loss fft:  0.8099 Loss dta_rank:  0.6039 Loss dta_tv:  0.0291 Loss dta_proxy:  0.1961 Loss dta_trans:  0.0061 Loss dta_phys:  0.0065 Loss dta_preserve:  0.0061
Time:  0.0788 Epoch: 011 Iter:  350/ 600 LR: 0.0000565424 Loss content:  0.0172 Loss fft:  0.8270 Loss dta_rank:  0.6049 Loss dta_tv:  0.0288 Loss dta_proxy:  0.2006 Loss dta_trans:  0.0059 Loss dta_phys:  0.0068 Loss dta_preserve:  0.0053
Time:  0.0758 Epoch: 011 Iter:  400/ 600 LR: 0.0000565424 Loss content:  0.0172 Loss fft:  0.8093 Loss dta_rank:  0.6015 Loss dta_tv:  0.0291 Loss dta_proxy:  0.1991 Loss dta_trans:  0.0058 Loss dta_phys:  0.0058 Loss dta_preserve:  0.0065
Time:  0.0747 Epoch: 011 Iter:  450/ 600 LR: 0.0000565424 Loss content:  0.0182 Loss fft:  0.8813 Loss dta_rank:  0.6036 Loss dta_tv:  0.0285 Loss dta_proxy:  0.1996 Loss dta_trans:  0.0056 Loss dta_phys:  0.0067 Loss dta_preserve:  0.0045
Time:  0.0740 Epoch: 011 Iter:  500/ 600 LR: 0.0000565424 Loss content:  0.0171 Loss fft:  0.7968 Loss dta_rank:  0.6077 Loss dta_tv:  0.0288 Loss dta_proxy:  0.1962 Loss dta_trans:  0.0048 Loss dta_phys:  0.0070 Loss dta_preserve:  0.0042
Time:  0.0782 Epoch: 011 Iter:  550/ 600 LR: 0.0000565424 Loss content:  0.0172 Loss fft:  0.8101 Loss dta_rank:  0.6068 Loss dta_tv:  0.0299 Loss dta_proxy:  0.1963 Loss dta_trans:  0.0063 Loss dta_phys:  0.0067 Loss dta_preserve:  0.0053
Time:  0.0740 Epoch: 011 Iter:  600/ 600 LR: 0.0000565424 Loss content:  0.0169 Loss fft:  0.7866 Loss dta_rank:  0.6060 Loss dta_tv:  0.0296 Loss dta_proxy:  0.1871 Loss dta_trans:  0.0069 Loss dta_phys:  0.0070 Loss dta_preserve:  0.0051
EPOCH: 11
Elapsed time: 0.89 Epoch Pixel Loss:  0.0173 Epoch FFT Loss:  0.8173 Epoch DTA Rank:  0.6047 Epoch DTA TV:  0.0292 Epoch DTA Proxy:  0.1966 Epoch DTA Trans:  0.0058 Epoch DTA Phys:  0.0067 Epoch DTA Preserve:  0.0055
DTA_GATE_RAMP epoch=12 gate_limit=0.060000
Time:  0.0807 Epoch: 012 Iter:   50/ 600 LR: 0.0000473670 Loss content:  0.0170 Loss fft:  0.8132 Loss dta_rank:  0.6045 Loss dta_tv:  0.0289 Loss dta_proxy:  0.1982 Loss dta_trans:  0.0057 Loss dta_phys:  0.0073 Loss dta_preserve:  0.0048
Time:  0.0741 Epoch: 012 Iter:  100/ 600 LR: 0.0000473670 Loss content:  0.0174 Loss fft:  0.8472 Loss dta_rank:  0.6066 Loss dta_tv:  0.0286 Loss dta_proxy:  0.2027 Loss dta_trans:  0.0048 Loss dta_phys:  0.0065 Loss dta_preserve:  0.0061
Time:  0.0750 Epoch: 012 Iter:  150/ 600 LR: 0.0000473670 Loss content:  0.0163 Loss fft:  0.8107 Loss dta_rank:  0.6014 Loss dta_tv:  0.0303 Loss dta_proxy:  0.2027 Loss dta_trans:  0.0059 Loss dta_phys:  0.0067 Loss dta_preserve:  0.0053
Time:  0.0735 Epoch: 012 Iter:  200/ 600 LR: 0.0000473670 Loss content:  0.0172 Loss fft:  0.7979 Loss dta_rank:  0.6059 Loss dta_tv:  0.0285 Loss dta_proxy:  0.2069 Loss dta_trans:  0.0056 Loss dta_phys:  0.0071 Loss dta_preserve:  0.0043
Time:  0.0736 Epoch: 012 Iter:  250/ 600 LR: 0.0000473670 Loss content:  0.0172 Loss fft:  0.8282 Loss dta_rank:  0.6034 Loss dta_tv:  0.0289 Loss dta_proxy:  0.1983 Loss dta_trans:  0.0053 Loss dta_phys:  0.0074 Loss dta_preserve:  0.0051
Time:  0.0778 Epoch: 012 Iter:  300/ 600 LR: 0.0000473670 Loss content:  0.0173 Loss fft:  0.8166 Loss dta_rank:  0.6053 Loss dta_tv:  0.0301 Loss dta_proxy:  0.1970 Loss dta_trans:  0.0063 Loss dta_phys:  0.0065 Loss dta_preserve:  0.0052
Time:  0.0747 Epoch: 012 Iter:  350/ 600 LR: 0.0000473670 Loss content:  0.0167 Loss fft:  0.8065 Loss dta_rank:  0.6050 Loss dta_tv:  0.0302 Loss dta_proxy:  0.1937 Loss dta_trans:  0.0058 Loss dta_phys:  0.0067 Loss dta_preserve:  0.0051
Time:  0.0754 Epoch: 012 Iter:  400/ 600 LR: 0.0000473670 Loss content:  0.0166 Loss fft:  0.8207 Loss dta_rank:  0.6034 Loss dta_tv:  0.0298 Loss dta_proxy:  0.1861 Loss dta_trans:  0.0056 Loss dta_phys:  0.0070 Loss dta_preserve:  0.0048
Time:  0.0799 Epoch: 012 Iter:  450/ 600 LR: 0.0000473670 Loss content:  0.0176 Loss fft:  0.8234 Loss dta_rank:  0.6024 Loss dta_tv:  0.0294 Loss dta_proxy:  0.1991 Loss dta_trans:  0.0055 Loss dta_phys:  0.0071 Loss dta_preserve:  0.0051
Time:  0.0774 Epoch: 012 Iter:  500/ 600 LR: 0.0000473670 Loss content:  0.0173 Loss fft:  0.8264 Loss dta_rank:  0.6015 Loss dta_tv:  0.0284 Loss dta_proxy:  0.2003 Loss dta_trans:  0.0055 Loss dta_phys:  0.0066 Loss dta_preserve:  0.0069
Time:  0.0736 Epoch: 012 Iter:  550/ 600 LR: 0.0000473670 Loss content:  0.0175 Loss fft:  0.8436 Loss dta_rank:  0.6010 Loss dta_tv:  0.0295 Loss dta_proxy:  0.1976 Loss dta_trans:  0.0058 Loss dta_phys:  0.0062 Loss dta_preserve:  0.0060
Time:  0.0705 Epoch: 012 Iter:  600/ 600 LR: 0.0000473670 Loss content:  0.0174 Loss fft:  0.7874 Loss dta_rank:  0.6047 Loss dta_tv:  0.0289 Loss dta_proxy:  0.1942 Loss dta_trans:  0.0060 Loss dta_phys:  0.0072 Loss dta_preserve:  0.0041
EPOCH: 12
Elapsed time: 0.91 Epoch Pixel Loss:  0.0171 Epoch FFT Loss:  0.8185 Epoch DTA Rank:  0.6038 Epoch DTA TV:  0.0293 Epoch DTA Proxy:  0.1981 Epoch DTA Trans:  0.0057 Epoch DTA Phys:  0.0069 Epoch DTA Preserve:  0.0052
DTA_GATE_RAMP epoch=13 gate_limit=0.060000
Time:  0.0774 Epoch: 013 Iter:   50/ 600 LR: 0.0000383414 Loss content:  0.0167 Loss fft:  0.8064 Loss dta_rank:  0.6097 Loss dta_tv:  0.0297 Loss dta_proxy:  0.1930 Loss dta_trans:  0.0055 Loss dta_phys:  0.0073 Loss dta_preserve:  0.0038
Time:  0.0701 Epoch: 013 Iter:  100/ 600 LR: 0.0000383414 Loss content:  0.0169 Loss fft:  0.8200 Loss dta_rank:  0.6078 Loss dta_tv:  0.0291 Loss dta_proxy:  0.1990 Loss dta_trans:  0.0057 Loss dta_phys:  0.0068 Loss dta_preserve:  0.0048
Time:  0.0763 Epoch: 013 Iter:  150/ 600 LR: 0.0000383414 Loss content:  0.0178 Loss fft:  0.8293 Loss dta_rank:  0.6057 Loss dta_tv:  0.0279 Loss dta_proxy:  0.2085 Loss dta_trans:  0.0050 Loss dta_phys:  0.0064 Loss dta_preserve:  0.0042
Time:  0.0689 Epoch: 013 Iter:  200/ 600 LR: 0.0000383414 Loss content:  0.0168 Loss fft:  0.8108 Loss dta_rank:  0.6024 Loss dta_tv:  0.0293 Loss dta_proxy:  0.1941 Loss dta_trans:  0.0058 Loss dta_phys:  0.0071 Loss dta_preserve:  0.0054
Time:  0.0715 Epoch: 013 Iter:  250/ 600 LR: 0.0000383414 Loss content:  0.0166 Loss fft:  0.8261 Loss dta_rank:  0.6008 Loss dta_tv:  0.0286 Loss dta_proxy:  0.2097 Loss dta_trans:  0.0056 Loss dta_phys:  0.0068 Loss dta_preserve:  0.0043
Time:  0.0758 Epoch: 013 Iter:  300/ 600 LR: 0.0000383414 Loss content:  0.0169 Loss fft:  0.8333 Loss dta_rank:  0.6023 Loss dta_tv:  0.0295 Loss dta_proxy:  0.1949 Loss dta_trans:  0.0061 Loss dta_phys:  0.0070 Loss dta_preserve:  0.0058
Time:  0.0757 Epoch: 013 Iter:  350/ 600 LR: 0.0000383414 Loss content:  0.0178 Loss fft:  0.8560 Loss dta_rank:  0.5963 Loss dta_tv:  0.0291 Loss dta_proxy:  0.1928 Loss dta_trans:  0.0050 Loss dta_phys:  0.0068 Loss dta_preserve:  0.0057
Time:  0.0758 Epoch: 013 Iter:  400/ 600 LR: 0.0000383414 Loss content:  0.0174 Loss fft:  0.8021 Loss dta_rank:  0.6064 Loss dta_tv:  0.0279 Loss dta_proxy:  0.2030 Loss dta_trans:  0.0056 Loss dta_phys:  0.0064 Loss dta_preserve:  0.0050
Time:  0.0741 Epoch: 013 Iter:  450/ 600 LR: 0.0000383414 Loss content:  0.0169 Loss fft:  0.8055 Loss dta_rank:  0.6012 Loss dta_tv:  0.0298 Loss dta_proxy:  0.1886 Loss dta_trans:  0.0059 Loss dta_phys:  0.0068 Loss dta_preserve:  0.0054
Time:  0.0681 Epoch: 013 Iter:  500/ 600 LR: 0.0000383414 Loss content:  0.0170 Loss fft:  0.8253 Loss dta_rank:  0.6059 Loss dta_tv:  0.0301 Loss dta_proxy:  0.1887 Loss dta_trans:  0.0060 Loss dta_phys:  0.0061 Loss dta_preserve:  0.0060
Time:  0.0748 Epoch: 013 Iter:  550/ 600 LR: 0.0000383414 Loss content:  0.0169 Loss fft:  0.8137 Loss dta_rank:  0.6005 Loss dta_tv:  0.0290 Loss dta_proxy:  0.1943 Loss dta_trans:  0.0060 Loss dta_phys:  0.0072 Loss dta_preserve:  0.0051
Time:  0.0669 Epoch: 013 Iter:  600/ 600 LR: 0.0000383414 Loss content:  0.0177 Loss fft:  0.8539 Loss dta_rank:  0.6021 Loss dta_tv:  0.0288 Loss dta_proxy:  0.2010 Loss dta_trans:  0.0052 Loss dta_phys:  0.0073 Loss dta_preserve:  0.0044
EPOCH: 13
Elapsed time: 0.88 Epoch Pixel Loss:  0.0171 Epoch FFT Loss:  0.8235 Epoch DTA Rank:  0.6034 Epoch DTA TV:  0.0291 Epoch DTA Proxy:  0.1973 Epoch DTA Trans:  0.0056 Epoch DTA Phys:  0.0068 Epoch DTA Preserve:  0.0050
DTA_GATE_RAMP epoch=14 gate_limit=0.060000
Time:  0.0767 Epoch: 014 Iter:   50/ 600 LR: 0.0000297690 Loss content:  0.0178 Loss fft:  0.8564 Loss dta_rank:  0.5975 Loss dta_tv:  0.0288 Loss dta_proxy:  0.2021 Loss dta_trans:  0.0053 Loss dta_phys:  0.0069 Loss dta_preserve:  0.0071
Time:  0.0756 Epoch: 014 Iter:  100/ 600 LR: 0.0000297690 Loss content:  0.0170 Loss fft:  0.8400 Loss dta_rank:  0.6031 Loss dta_tv:  0.0286 Loss dta_proxy:  0.1979 Loss dta_trans:  0.0052 Loss dta_phys:  0.0062 Loss dta_preserve:  0.0054
Time:  0.0738 Epoch: 014 Iter:  150/ 600 LR: 0.0000297690 Loss content:  0.0179 Loss fft:  0.8300 Loss dta_rank:  0.6013 Loss dta_tv:  0.0291 Loss dta_proxy:  0.1924 Loss dta_trans:  0.0053 Loss dta_phys:  0.0059 Loss dta_preserve:  0.0058
Time:  0.0748 Epoch: 014 Iter:  200/ 600 LR: 0.0000297690 Loss content:  0.0164 Loss fft:  0.8141 Loss dta_rank:  0.6003 Loss dta_tv:  0.0296 Loss dta_proxy:  0.1926 Loss dta_trans:  0.0055 Loss dta_phys:  0.0066 Loss dta_preserve:  0.0037
Time:  0.0724 Epoch: 014 Iter:  250/ 600 LR: 0.0000297690 Loss content:  0.0176 Loss fft:  0.8151 Loss dta_rank:  0.6032 Loss dta_tv:  0.0282 Loss dta_proxy:  0.2030 Loss dta_trans:  0.0060 Loss dta_phys:  0.0069 Loss dta_preserve:  0.0055
Time:  0.0725 Epoch: 014 Iter:  300/ 600 LR: 0.0000297690 Loss content:  0.0167 Loss fft:  0.7879 Loss dta_rank:  0.6021 Loss dta_tv:  0.0293 Loss dta_proxy:  0.1966 Loss dta_trans:  0.0054 Loss dta_phys:  0.0069 Loss dta_preserve:  0.0051
Time:  0.0688 Epoch: 014 Iter:  350/ 600 LR: 0.0000297690 Loss content:  0.0170 Loss fft:  0.8317 Loss dta_rank:  0.6025 Loss dta_tv:  0.0293 Loss dta_proxy:  0.1997 Loss dta_trans:  0.0060 Loss dta_phys:  0.0068 Loss dta_preserve:  0.0062
Time:  0.0719 Epoch: 014 Iter:  400/ 600 LR: 0.0000297690 Loss content:  0.0168 Loss fft:  0.8384 Loss dta_rank:  0.6018 Loss dta_tv:  0.0297 Loss dta_proxy:  0.1953 Loss dta_trans:  0.0054 Loss dta_phys:  0.0064 Loss dta_preserve:  0.0066
Time:  0.0746 Epoch: 014 Iter:  450/ 600 LR: 0.0000297690 Loss content:  0.0170 Loss fft:  0.8157 Loss dta_rank:  0.6011 Loss dta_tv:  0.0291 Loss dta_proxy:  0.1927 Loss dta_trans:  0.0049 Loss dta_phys:  0.0066 Loss dta_preserve:  0.0051
Time:  0.0778 Epoch: 014 Iter:  500/ 600 LR: 0.0000297690 Loss content:  0.0171 Loss fft:  0.7885 Loss dta_rank:  0.6010 Loss dta_tv:  0.0298 Loss dta_proxy:  0.1910 Loss dta_trans:  0.0065 Loss dta_phys:  0.0069 Loss dta_preserve:  0.0047
Time:  0.0777 Epoch: 014 Iter:  550/ 600 LR: 0.0000297690 Loss content:  0.0175 Loss fft:  0.8021 Loss dta_rank:  0.6081 Loss dta_tv:  0.0294 Loss dta_proxy:  0.2046 Loss dta_trans:  0.0062 Loss dta_phys:  0.0067 Loss dta_preserve:  0.0066
Time:  0.0765 Epoch: 014 Iter:  600/ 600 LR: 0.0000297690 Loss content:  0.0175 Loss fft:  0.8432 Loss dta_rank:  0.6061 Loss dta_tv:  0.0285 Loss dta_proxy:  0.2057 Loss dta_trans:  0.0060 Loss dta_phys:  0.0082 Loss dta_preserve:  0.0050
EPOCH: 14
Elapsed time: 0.90 Epoch Pixel Loss:  0.0172 Epoch FFT Loss:  0.8219 Epoch DTA Rank:  0.6023 Epoch DTA TV:  0.0291 Epoch DTA Proxy:  0.1978 Epoch DTA Trans:  0.0056 Epoch DTA Phys:  0.0067 Epoch DTA Preserve:  0.0056
DTA_GATE_RAMP epoch=15 gate_limit=0.060000
Time:  0.0748 Epoch: 015 Iter:   50/ 600 LR: 0.0000219361 Loss content:  0.0178 Loss fft:  0.8001 Loss dta_rank:  0.6024 Loss dta_tv:  0.0282 Loss dta_proxy:  0.1928 Loss dta_trans:  0.0053 Loss dta_phys:  0.0058 Loss dta_preserve:  0.0050
Time:  0.0711 Epoch: 015 Iter:  100/ 600 LR: 0.0000219361 Loss content:  0.0170 Loss fft:  0.7983 Loss dta_rank:  0.6079 Loss dta_tv:  0.0293 Loss dta_proxy:  0.1964 Loss dta_trans:  0.0059 Loss dta_phys:  0.0066 Loss dta_preserve:  0.0047
Time:  0.0724 Epoch: 015 Iter:  150/ 600 LR: 0.0000219361 Loss content:  0.0173 Loss fft:  0.8449 Loss dta_rank:  0.6029 Loss dta_tv:  0.0292 Loss dta_proxy:  0.1904 Loss dta_trans:  0.0056 Loss dta_phys:  0.0065 Loss dta_preserve:  0.0059
Time:  0.0663 Epoch: 015 Iter:  200/ 600 LR: 0.0000219361 Loss content:  0.0181 Loss fft:  0.8574 Loss dta_rank:  0.6007 Loss dta_tv:  0.0280 Loss dta_proxy:  0.2032 Loss dta_trans:  0.0046 Loss dta_phys:  0.0071 Loss dta_preserve:  0.0050
Time:  0.0784 Epoch: 015 Iter:  250/ 600 LR: 0.0000219361 Loss content:  0.0172 Loss fft:  0.8317 Loss dta_rank:  0.6046 Loss dta_tv:  0.0291 Loss dta_proxy:  0.1970 Loss dta_trans:  0.0055 Loss dta_phys:  0.0069 Loss dta_preserve:  0.0051
Time:  0.0777 Epoch: 015 Iter:  300/ 600 LR: 0.0000219361 Loss content:  0.0171 Loss fft:  0.8128 Loss dta_rank:  0.6027 Loss dta_tv:  0.0287 Loss dta_proxy:  0.2046 Loss dta_trans:  0.0052 Loss dta_phys:  0.0067 Loss dta_preserve:  0.0047
Time:  0.0758 Epoch: 015 Iter:  350/ 600 LR: 0.0000219361 Loss content:  0.0169 Loss fft:  0.8051 Loss dta_rank:  0.6017 Loss dta_tv:  0.0289 Loss dta_proxy:  0.2019 Loss dta_trans:  0.0053 Loss dta_phys:  0.0073 Loss dta_preserve:  0.0056
Time:  0.0712 Epoch: 015 Iter:  400/ 600 LR: 0.0000219361 Loss content:  0.0174 Loss fft:  0.8217 Loss dta_rank:  0.6029 Loss dta_tv:  0.0294 Loss dta_proxy:  0.1931 Loss dta_trans:  0.0057 Loss dta_phys:  0.0062 Loss dta_preserve:  0.0041
Time:  0.0725 Epoch: 015 Iter:  450/ 600 LR: 0.0000219361 Loss content:  0.0170 Loss fft:  0.8014 Loss dta_rank:  0.6014 Loss dta_tv:  0.0291 Loss dta_proxy:  0.1941 Loss dta_trans:  0.0063 Loss dta_phys:  0.0073 Loss dta_preserve:  0.0055
Time:  0.0787 Epoch: 015 Iter:  500/ 600 LR: 0.0000219361 Loss content:  0.0164 Loss fft:  0.8381 Loss dta_rank:  0.6019 Loss dta_tv:  0.0300 Loss dta_proxy:  0.1917 Loss dta_trans:  0.0058 Loss dta_phys:  0.0070 Loss dta_preserve:  0.0043
Time:  0.0810 Epoch: 015 Iter:  550/ 600 LR: 0.0000219361 Loss content:  0.0171 Loss fft:  0.8348 Loss dta_rank:  0.5978 Loss dta_tv:  0.0286 Loss dta_proxy:  0.2055 Loss dta_trans:  0.0048 Loss dta_phys:  0.0070 Loss dta_preserve:  0.0048
Time:  0.0833 Epoch: 015 Iter:  600/ 600 LR: 0.0000219361 Loss content:  0.0172 Loss fft:  0.7970 Loss dta_rank:  0.6041 Loss dta_tv:  0.0280 Loss dta_proxy:  0.2078 Loss dta_trans:  0.0062 Loss dta_phys:  0.0067 Loss dta_preserve:  0.0050
EPOCH: 15
Elapsed time: 0.91 Epoch Pixel Loss:  0.0172 Epoch FFT Loss:  0.8203 Epoch DTA Rank:  0.6026 Epoch DTA TV:  0.0289 Epoch DTA Proxy:  0.1982 Epoch DTA Trans:  0.0055 Epoch DTA Phys:  0.0068 Epoch DTA Preserve:  0.0050
DTA_GATE_RAMP epoch=16 gate_limit=0.060000
Time:  0.0768 Epoch: 016 Iter:   50/ 600 LR: 0.0000151017 Loss content:  0.0173 Loss fft:  0.8234 Loss dta_rank:  0.6023 Loss dta_tv:  0.0284 Loss dta_proxy:  0.1915 Loss dta_trans:  0.0049 Loss dta_phys:  0.0069 Loss dta_preserve:  0.0072
Time:  0.0695 Epoch: 016 Iter:  100/ 600 LR: 0.0000151017 Loss content:  0.0176 Loss fft:  0.8105 Loss dta_rank:  0.5982 Loss dta_tv:  0.0279 Loss dta_proxy:  0.2004 Loss dta_trans:  0.0049 Loss dta_phys:  0.0061 Loss dta_preserve:  0.0050
Time:  0.0724 Epoch: 016 Iter:  150/ 600 LR: 0.0000151017 Loss content:  0.0185 Loss fft:  0.8713 Loss dta_rank:  0.6018 Loss dta_tv:  0.0289 Loss dta_proxy:  0.1999 Loss dta_trans:  0.0052 Loss dta_phys:  0.0065 Loss dta_preserve:  0.0052
Time:  0.0708 Epoch: 016 Iter:  200/ 600 LR: 0.0000151017 Loss content:  0.0168 Loss fft:  0.8091 Loss dta_rank:  0.6091 Loss dta_tv:  0.0294 Loss dta_proxy:  0.1982 Loss dta_trans:  0.0059 Loss dta_phys:  0.0069 Loss dta_preserve:  0.0054
Time:  0.0696 Epoch: 016 Iter:  250/ 600 LR: 0.0000151017 Loss content:  0.0186 Loss fft:  0.8612 Loss dta_rank:  0.6022 Loss dta_tv:  0.0289 Loss dta_proxy:  0.1989 Loss dta_trans:  0.0069 Loss dta_phys:  0.0072 Loss dta_preserve:  0.0055
Time:  0.0643 Epoch: 016 Iter:  300/ 600 LR: 0.0000151017 Loss content:  0.0165 Loss fft:  0.7961 Loss dta_rank:  0.6071 Loss dta_tv:  0.0294 Loss dta_proxy:  0.1863 Loss dta_trans:  0.0062 Loss dta_phys:  0.0071 Loss dta_preserve:  0.0051
Time:  0.0635 Epoch: 016 Iter:  350/ 600 LR: 0.0000151017 Loss content:  0.0167 Loss fft:  0.8082 Loss dta_rank:  0.6023 Loss dta_tv:  0.0295 Loss dta_proxy:  0.1896 Loss dta_trans:  0.0063 Loss dta_phys:  0.0068 Loss dta_preserve:  0.0052
Time:  0.0639 Epoch: 016 Iter:  400/ 600 LR: 0.0000151017 Loss content:  0.0176 Loss fft:  0.8134 Loss dta_rank:  0.6005 Loss dta_tv:  0.0284 Loss dta_proxy:  0.2028 Loss dta_trans:  0.0054 Loss dta_phys:  0.0065 Loss dta_preserve:  0.0046
Time:  0.0704 Epoch: 016 Iter:  450/ 600 LR: 0.0000151017 Loss content:  0.0169 Loss fft:  0.7967 Loss dta_rank:  0.6024 Loss dta_tv:  0.0290 Loss dta_proxy:  0.1928 Loss dta_trans:  0.0055 Loss dta_phys:  0.0068 Loss dta_preserve:  0.0050
Time:  0.0740 Epoch: 016 Iter:  500/ 600 LR: 0.0000151017 Loss content:  0.0167 Loss fft:  0.8265 Loss dta_rank:  0.6001 Loss dta_tv:  0.0279 Loss dta_proxy:  0.2033 Loss dta_trans:  0.0048 Loss dta_phys:  0.0074 Loss dta_preserve:  0.0064
Time:  0.0752 Epoch: 016 Iter:  550/ 600 LR: 0.0000151017 Loss content:  0.0171 Loss fft:  0.8100 Loss dta_rank:  0.6009 Loss dta_tv:  0.0295 Loss dta_proxy:  0.1964 Loss dta_trans:  0.0056 Loss dta_phys:  0.0067 Loss dta_preserve:  0.0048
Time:  0.0745 Epoch: 016 Iter:  600/ 600 LR: 0.0000151017 Loss content:  0.0178 Loss fft:  0.8242 Loss dta_rank:  0.6083 Loss dta_tv:  0.0288 Loss dta_proxy:  0.1973 Loss dta_trans:  0.0057 Loss dta_phys:  0.0070 Loss dta_preserve:  0.0048
EPOCH: 16
Elapsed time: 0.85 Epoch Pixel Loss:  0.0173 Epoch FFT Loss:  0.8209 Epoch DTA Rank:  0.6029 Epoch DTA TV:  0.0288 Epoch DTA Proxy:  0.1964 Epoch DTA Trans:  0.0056 Epoch DTA Phys:  0.0068 Epoch DTA Preserve:  0.0053
DTA_GATE_RAMP epoch=17 gate_limit=0.060000
Time:  0.0791 Epoch: 017 Iter:   50/ 600 LR: 0.0000094853 Loss content:  0.0173 Loss fft:  0.8346 Loss dta_rank:  0.6023 Loss dta_tv:  0.0288 Loss dta_proxy:  0.1980 Loss dta_trans:  0.0054 Loss dta_phys:  0.0071 Loss dta_preserve:  0.0050
Time:  0.0646 Epoch: 017 Iter:  100/ 600 LR: 0.0000094853 Loss content:  0.0170 Loss fft:  0.7922 Loss dta_rank:  0.6029 Loss dta_tv:  0.0293 Loss dta_proxy:  0.1857 Loss dta_trans:  0.0057 Loss dta_phys:  0.0072 Loss dta_preserve:  0.0058
Time:  0.0606 Epoch: 017 Iter:  150/ 600 LR: 0.0000094853 Loss content:  0.0171 Loss fft:  0.8163 Loss dta_rank:  0.6055 Loss dta_tv:  0.0284 Loss dta_proxy:  0.2036 Loss dta_trans:  0.0061 Loss dta_phys:  0.0067 Loss dta_preserve:  0.0052
Time:  0.0638 Epoch: 017 Iter:  200/ 600 LR: 0.0000094853 Loss content:  0.0174 Loss fft:  0.8306 Loss dta_rank:  0.6015 Loss dta_tv:  0.0281 Loss dta_proxy:  0.2002 Loss dta_trans:  0.0051 Loss dta_phys:  0.0065 Loss dta_preserve:  0.0058
Time:  0.0711 Epoch: 017 Iter:  250/ 600 LR: 0.0000094853 Loss content:  0.0170 Loss fft:  0.8287 Loss dta_rank:  0.6023 Loss dta_tv:  0.0295 Loss dta_proxy:  0.2056 Loss dta_trans:  0.0058 Loss dta_phys:  0.0065 Loss dta_preserve:  0.0049
Time:  0.0678 Epoch: 017 Iter:  300/ 600 LR: 0.0000094853 Loss content:  0.0171 Loss fft:  0.8138 Loss dta_rank:  0.5976 Loss dta_tv:  0.0287 Loss dta_proxy:  0.1947 Loss dta_trans:  0.0057 Loss dta_phys:  0.0067 Loss dta_preserve:  0.0052
Time:  0.0653 Epoch: 017 Iter:  350/ 600 LR: 0.0000094853 Loss content:  0.0172 Loss fft:  0.8431 Loss dta_rank:  0.6066 Loss dta_tv:  0.0292 Loss dta_proxy:  0.1934 Loss dta_trans:  0.0060 Loss dta_phys:  0.0077 Loss dta_preserve:  0.0046
Time:  0.0684 Epoch: 017 Iter:  400/ 600 LR: 0.0000094853 Loss content:  0.0172 Loss fft:  0.8387 Loss dta_rank:  0.5970 Loss dta_tv:  0.0280 Loss dta_proxy:  0.2001 Loss dta_trans:  0.0045 Loss dta_phys:  0.0069 Loss dta_preserve:  0.0057
Time:  0.0641 Epoch: 017 Iter:  450/ 600 LR: 0.0000094853 Loss content:  0.0165 Loss fft:  0.8303 Loss dta_rank:  0.5987 Loss dta_tv:  0.0292 Loss dta_proxy:  0.1918 Loss dta_trans:  0.0064 Loss dta_phys:  0.0065 Loss dta_preserve:  0.0042
Time:  0.0651 Epoch: 017 Iter:  500/ 600 LR: 0.0000094853 Loss content:  0.0179 Loss fft:  0.8359 Loss dta_rank:  0.6035 Loss dta_tv:  0.0284 Loss dta_proxy:  0.2034 Loss dta_trans:  0.0055 Loss dta_phys:  0.0068 Loss dta_preserve:  0.0052
Time:  0.0710 Epoch: 017 Iter:  550/ 600 LR: 0.0000094853 Loss content:  0.0170 Loss fft:  0.8032 Loss dta_rank:  0.6014 Loss dta_tv:  0.0290 Loss dta_proxy:  0.1908 Loss dta_trans:  0.0051 Loss dta_phys:  0.0059 Loss dta_preserve:  0.0063
Time:  0.0735 Epoch: 017 Iter:  600/ 600 LR: 0.0000094853 Loss content:  0.0175 Loss fft:  0.8180 Loss dta_rank:  0.6054 Loss dta_tv:  0.0292 Loss dta_proxy:  0.1974 Loss dta_trans:  0.0050 Loss dta_phys:  0.0065 Loss dta_preserve:  0.0064
EPOCH: 17
Elapsed time: 0.82 Epoch Pixel Loss:  0.0172 Epoch FFT Loss:  0.8238 Epoch DTA Rank:  0.6021 Epoch DTA TV:  0.0288 Epoch DTA Proxy:  0.1970 Epoch DTA Trans:  0.0055 Epoch DTA Phys:  0.0067 Epoch DTA Preserve:  0.0054
DTA_GATE_RAMP epoch=18 gate_limit=0.060000
Time:  0.0741 Epoch: 018 Iter:   50/ 600 LR: 0.0000052550 Loss content:  0.0170 Loss fft:  0.8219 Loss dta_rank:  0.6040 Loss dta_tv:  0.0294 Loss dta_proxy:  0.1881 Loss dta_trans:  0.0057 Loss dta_phys:  0.0065 Loss dta_preserve:  0.0048
Time:  0.0716 Epoch: 018 Iter:  100/ 600 LR: 0.0000052550 Loss content:  0.0170 Loss fft:  0.7944 Loss dta_rank:  0.6053 Loss dta_tv:  0.0284 Loss dta_proxy:  0.1957 Loss dta_trans:  0.0057 Loss dta_phys:  0.0078 Loss dta_preserve:  0.0051
Time:  0.0677 Epoch: 018 Iter:  150/ 600 LR: 0.0000052550 Loss content:  0.0171 Loss fft:  0.8046 Loss dta_rank:  0.6013 Loss dta_tv:  0.0295 Loss dta_proxy:  0.1940 Loss dta_trans:  0.0050 Loss dta_phys:  0.0071 Loss dta_preserve:  0.0057
Time:  0.0717 Epoch: 018 Iter:  200/ 600 LR: 0.0000052550 Loss content:  0.0173 Loss fft:  0.8004 Loss dta_rank:  0.6041 Loss dta_tv:  0.0282 Loss dta_proxy:  0.2099 Loss dta_trans:  0.0051 Loss dta_phys:  0.0066 Loss dta_preserve:  0.0055
Time:  0.0691 Epoch: 018 Iter:  250/ 600 LR: 0.0000052550 Loss content:  0.0172 Loss fft:  0.8384 Loss dta_rank:  0.6016 Loss dta_tv:  0.0293 Loss dta_proxy:  0.1911 Loss dta_trans:  0.0054 Loss dta_phys:  0.0065 Loss dta_preserve:  0.0057
Time:  0.0694 Epoch: 018 Iter:  300/ 600 LR: 0.0000052550 Loss content:  0.0168 Loss fft:  0.8186 Loss dta_rank:  0.6025 Loss dta_tv:  0.0284 Loss dta_proxy:  0.1975 Loss dta_trans:  0.0053 Loss dta_phys:  0.0057 Loss dta_preserve:  0.0042
Time:  0.0712 Epoch: 018 Iter:  350/ 600 LR: 0.0000052550 Loss content:  0.0169 Loss fft:  0.8260 Loss dta_rank:  0.6002 Loss dta_tv:  0.0289 Loss dta_proxy:  0.1931 Loss dta_trans:  0.0053 Loss dta_phys:  0.0069 Loss dta_preserve:  0.0051
Time:  0.0677 Epoch: 018 Iter:  400/ 600 LR: 0.0000052550 Loss content:  0.0171 Loss fft:  0.8360 Loss dta_rank:  0.6064 Loss dta_tv:  0.0285 Loss dta_proxy:  0.2032 Loss dta_trans:  0.0061 Loss dta_phys:  0.0066 Loss dta_preserve:  0.0076
Time:  0.0705 Epoch: 018 Iter:  450/ 600 LR: 0.0000052550 Loss content:  0.0178 Loss fft:  0.8342 Loss dta_rank:  0.6004 Loss dta_tv:  0.0287 Loss dta_proxy:  0.1961 Loss dta_trans:  0.0052 Loss dta_phys:  0.0071 Loss dta_preserve:  0.0045
Time:  0.0756 Epoch: 018 Iter:  500/ 600 LR: 0.0000052550 Loss content:  0.0169 Loss fft:  0.8085 Loss dta_rank:  0.6009 Loss dta_tv:  0.0289 Loss dta_proxy:  0.1969 Loss dta_trans:  0.0062 Loss dta_phys:  0.0070 Loss dta_preserve:  0.0049
Time:  0.0756 Epoch: 018 Iter:  550/ 600 LR: 0.0000052550 Loss content:  0.0173 Loss fft:  0.8385 Loss dta_rank:  0.6030 Loss dta_tv:  0.0284 Loss dta_proxy:  0.2055 Loss dta_trans:  0.0042 Loss dta_phys:  0.0073 Loss dta_preserve:  0.0054
Time:  0.0754 Epoch: 018 Iter:  600/ 600 LR: 0.0000052550 Loss content:  0.0172 Loss fft:  0.8330 Loss dta_rank:  0.6038 Loss dta_tv:  0.0290 Loss dta_proxy:  0.1999 Loss dta_trans:  0.0061 Loss dta_phys:  0.0063 Loss dta_preserve:  0.0052
EPOCH: 18
Elapsed time: 0.86 Epoch Pixel Loss:  0.0171 Epoch FFT Loss:  0.8212 Epoch DTA Rank:  0.6028 Epoch DTA TV:  0.0288 Epoch DTA Proxy:  0.1976 Epoch DTA Trans:  0.0055 Epoch DTA Phys:  0.0068 Epoch DTA Preserve:  0.0053
DTA_GATE_RAMP epoch=19 gate_limit=0.060000
Time:  0.0794 Epoch: 019 Iter:   50/ 600 LR: 0.0000025070 Loss content:  0.0170 Loss fft:  0.8411 Loss dta_rank:  0.6000 Loss dta_tv:  0.0294 Loss dta_proxy:  0.1873 Loss dta_trans:  0.0056 Loss dta_phys:  0.0067 Loss dta_preserve:  0.0054
Time:  0.0725 Epoch: 019 Iter:  100/ 600 LR: 0.0000025070 Loss content:  0.0172 Loss fft:  0.8207 Loss dta_rank:  0.6038 Loss dta_tv:  0.0284 Loss dta_proxy:  0.1961 Loss dta_trans:  0.0061 Loss dta_phys:  0.0062 Loss dta_preserve:  0.0063
Time:  0.0733 Epoch: 019 Iter:  150/ 600 LR: 0.0000025070 Loss content:  0.0176 Loss fft:  0.8395 Loss dta_rank:  0.6054 Loss dta_tv:  0.0300 Loss dta_proxy:  0.1948 Loss dta_trans:  0.0059 Loss dta_phys:  0.0064 Loss dta_preserve:  0.0051
Time:  0.0665 Epoch: 019 Iter:  200/ 600 LR: 0.0000025070 Loss content:  0.0171 Loss fft:  0.8153 Loss dta_rank:  0.6053 Loss dta_tv:  0.0285 Loss dta_proxy:  0.2116 Loss dta_trans:  0.0057 Loss dta_phys:  0.0068 Loss dta_preserve:  0.0049
Time:  0.0743 Epoch: 019 Iter:  250/ 600 LR: 0.0000025070 Loss content:  0.0173 Loss fft:  0.8370 Loss dta_rank:  0.6049 Loss dta_tv:  0.0288 Loss dta_proxy:  0.1991 Loss dta_trans:  0.0053 Loss dta_phys:  0.0065 Loss dta_preserve:  0.0046
Time:  0.0703 Epoch: 019 Iter:  300/ 600 LR: 0.0000025070 Loss content:  0.0169 Loss fft:  0.8109 Loss dta_rank:  0.6057 Loss dta_tv:  0.0280 Loss dta_proxy:  0.1998 Loss dta_trans:  0.0054 Loss dta_phys:  0.0073 Loss dta_preserve:  0.0042
Time:  0.0760 Epoch: 019 Iter:  350/ 600 LR: 0.0000025070 Loss content:  0.0168 Loss fft:  0.7966 Loss dta_rank:  0.6032 Loss dta_tv:  0.0290 Loss dta_proxy:  0.1928 Loss dta_trans:  0.0051 Loss dta_phys:  0.0071 Loss dta_preserve:  0.0045
Time:  0.0710 Epoch: 019 Iter:  400/ 600 LR: 0.0000025070 Loss content:  0.0171 Loss fft:  0.8036 Loss dta_rank:  0.6037 Loss dta_tv:  0.0280 Loss dta_proxy:  0.2005 Loss dta_trans:  0.0052 Loss dta_phys:  0.0070 Loss dta_preserve:  0.0041
Time:  0.0724 Epoch: 019 Iter:  450/ 600 LR: 0.0000025070 Loss content:  0.0167 Loss fft:  0.8324 Loss dta_rank:  0.5967 Loss dta_tv:  0.0295 Loss dta_proxy:  0.1917 Loss dta_trans:  0.0057 Loss dta_phys:  0.0062 Loss dta_preserve:  0.0048
Time:  0.0743 Epoch: 019 Iter:  500/ 600 LR: 0.0000025070 Loss content:  0.0172 Loss fft:  0.8037 Loss dta_rank:  0.6033 Loss dta_tv:  0.0288 Loss dta_proxy:  0.1931 Loss dta_trans:  0.0057 Loss dta_phys:  0.0065 Loss dta_preserve:  0.0049
Time:  0.0864 Epoch: 019 Iter:  550/ 600 LR: 0.0000025070 Loss content:  0.0173 Loss fft:  0.8069 Loss dta_rank:  0.6033 Loss dta_tv:  0.0280 Loss dta_proxy:  0.1992 Loss dta_trans:  0.0055 Loss dta_phys:  0.0063 Loss dta_preserve:  0.0064
Time:  0.0787 Epoch: 019 Iter:  600/ 600 LR: 0.0000025070 Loss content:  0.0184 Loss fft:  0.8177 Loss dta_rank:  0.6060 Loss dta_tv:  0.0282 Loss dta_proxy:  0.2055 Loss dta_trans:  0.0058 Loss dta_phys:  0.0074 Loss dta_preserve:  0.0063
EPOCH: 19
Elapsed time: 0.90 Epoch Pixel Loss:  0.0172 Epoch FFT Loss:  0.8188 Epoch DTA Rank:  0.6034 Epoch DTA TV:  0.0287 Epoch DTA Proxy:  0.1976 Epoch DTA Trans:  0.0056 Epoch DTA Phys:  0.0067 Epoch DTA Preserve:  0.0051
DTA_GATE_RAMP epoch=20 gate_limit=0.060000
Time:  0.0919 Epoch: 020 Iter:   50/ 600 LR: 0.0000012125 Loss content:  0.0174 Loss fft:  0.7994 Loss dta_rank:  0.6054 Loss dta_tv:  0.0291 Loss dta_proxy:  0.1973 Loss dta_trans:  0.0060 Loss dta_phys:  0.0072 Loss dta_preserve:  0.0053
Time:  0.0849 Epoch: 020 Iter:  100/ 600 LR: 0.0000012125 Loss content:  0.0173 Loss fft:  0.8152 Loss dta_rank:  0.6094 Loss dta_tv:  0.0289 Loss dta_proxy:  0.1998 Loss dta_trans:  0.0060 Loss dta_phys:  0.0072 Loss dta_preserve:  0.0054
Time:  0.0834 Epoch: 020 Iter:  150/ 600 LR: 0.0000012125 Loss content:  0.0162 Loss fft:  0.7972 Loss dta_rank:  0.6048 Loss dta_tv:  0.0292 Loss dta_proxy:  0.1949 Loss dta_trans:  0.0051 Loss dta_phys:  0.0063 Loss dta_preserve:  0.0044
Time:  0.0855 Epoch: 020 Iter:  200/ 600 LR: 0.0000012125 Loss content:  0.0170 Loss fft:  0.8366 Loss dta_rank:  0.6031 Loss dta_tv:  0.0287 Loss dta_proxy:  0.2000 Loss dta_trans:  0.0047 Loss dta_phys:  0.0068 Loss dta_preserve:  0.0050
Time:  0.0893 Epoch: 020 Iter:  250/ 600 LR: 0.0000012125 Loss content:  0.0174 Loss fft:  0.8134 Loss dta_rank:  0.6063 Loss dta_tv:  0.0294 Loss dta_proxy:  0.1909 Loss dta_trans:  0.0059 Loss dta_phys:  0.0068 Loss dta_preserve:  0.0047
Time:  0.0863 Epoch: 020 Iter:  300/ 600 LR: 0.0000012125 Loss content:  0.0177 Loss fft:  0.8120 Loss dta_rank:  0.6037 Loss dta_tv:  0.0293 Loss dta_proxy:  0.1867 Loss dta_trans:  0.0057 Loss dta_phys:  0.0069 Loss dta_preserve:  0.0051
Time:  0.0886 Epoch: 020 Iter:  350/ 600 LR: 0.0000012125 Loss content:  0.0173 Loss fft:  0.8304 Loss dta_rank:  0.6013 Loss dta_tv:  0.0287 Loss dta_proxy:  0.1944 Loss dta_trans:  0.0057 Loss dta_phys:  0.0065 Loss dta_preserve:  0.0052
Time:  0.0890 Epoch: 020 Iter:  400/ 600 LR: 0.0000012125 Loss content:  0.0171 Loss fft:  0.8137 Loss dta_rank:  0.6013 Loss dta_tv:  0.0279 Loss dta_proxy:  0.2043 Loss dta_trans:  0.0060 Loss dta_phys:  0.0071 Loss dta_preserve:  0.0060
Time:  0.0885 Epoch: 020 Iter:  450/ 600 LR: 0.0000012125 Loss content:  0.0174 Loss fft:  0.8058 Loss dta_rank:  0.6042 Loss dta_tv:  0.0286 Loss dta_proxy:  0.1949 Loss dta_trans:  0.0057 Loss dta_phys:  0.0066 Loss dta_preserve:  0.0044
Time:  0.0885 Epoch: 020 Iter:  500/ 600 LR: 0.0000012125 Loss content:  0.0169 Loss fft:  0.8328 Loss dta_rank:  0.6033 Loss dta_tv:  0.0281 Loss dta_proxy:  0.2035 Loss dta_trans:  0.0052 Loss dta_phys:  0.0065 Loss dta_preserve:  0.0058
Time:  0.0867 Epoch: 020 Iter:  550/ 600 LR: 0.0000012125 Loss content:  0.0177 Loss fft:  0.8483 Loss dta_rank:  0.5985 Loss dta_tv:  0.0288 Loss dta_proxy:  0.2025 Loss dta_trans:  0.0059 Loss dta_phys:  0.0062 Loss dta_preserve:  0.0052
Time:  0.0827 Epoch: 020 Iter:  600/ 600 LR: 0.0000012125 Loss content:  0.0169 Loss fft:  0.8105 Loss dta_rank:  0.6026 Loss dta_tv:  0.0286 Loss dta_proxy:  0.1998 Loss dta_trans:  0.0055 Loss dta_phys:  0.0069 Loss dta_preserve:  0.0045
EPOCH: 20
Elapsed time: 1.05 Epoch Pixel Loss:  0.0172 Epoch FFT Loss:  0.8179 Epoch DTA Rank:  0.6037 Epoch DTA TV:  0.0288 Epoch DTA Proxy:  0.1974 Epoch DTA Trans:  0.0056 Epoch DTA Phys:  0.0067 Epoch DTA Preserve:  0.0051
