Namespace(model_name='ConvIR-Haze4K-DTA-v2-adapter_only-invert-seed3413-f3-oof20', data='Haze4K', version='base', fam_mode='original', arch='dta_v2', seed=3413, mode='train', data_dir='/sda/home/wangyuxin/ConvIR-B/datasets/Haze4K/Haze4K', batch_size=4, learning_rate=0.0001, weight_decay=0.0, num_epoch=20, stop_epoch=20, print_freq=50, num_worker=4, save_freq=5, valid_freq=9999, mod_stats_freq=5, mod_stats_batches=16, grad_clip_norm=0.001, dta_grad_clip_norm=0.05, dta_neighbor_grad_clip_norm=0.005, init_model='/sda/home/wangyuxin/ConvIR-B/checkpoints/official/Haze4K/haze4k-base.pkl', init_model_partial=True, partial_new_prefixes='DTA.', resume='', train_scope='adapter_only', dta_depth_cache_dir='/sda/home/wangyuxin/ConvIR-B/depth_cache/depth_anything_v2_small_hf', dta_train_depth_split='train', dta_eval_depth_split='train', valid_root_split='train', eval_root_split='test', dta_require_depth=True, dta_variant='v2', dta_depth_mode='invert', dta_prior_channels=32, dta_gate_bias=-6.0, dta_gate_limit=0.06, dta_gamma_limit=0.12, dta_beta_limit=0.06, dta_alpha_init=1.0, dta_confidence_floor=0.25, dta_confidence_local_scale=6.0, dta_output_residual_scale=0.03, dta_use_trans_gt=True, dta_trans_weight=0.02, dta_phys_weight=0.005, dta_preserve_weight=0.02, dta_preserve_trans_thresh=0.8, dta_gate_ramp_start=0.01, dta_gate_ramp_mid=0.03, dta_gate_ramp_end=0.06, dta_gate_ramp_warmup_epochs=2, dta_gate_ramp_mid_epochs=8, dta_rank_weight=0.001, dta_tv_weight=0.0001, dta_proxy_weight=0.0, dta_rank_pairs=512, dta_rank_min_depth_gap=0.03, split_json='/sda/home/wangyuxin/ConvIR-B/repos/ConvIR-B-dta-v2-calibrated/experience_docx/experiment_logs/haze4k_dta_v2_calibrated_20260611/dta_v2_haze4k_oof_splits_seed3407.json', split_name='fold3_train', test_model='', save_image=False, leaning_rate=0.0001, model_save_dir='results/ConvIR-Haze4K-DTA-v2-adapter_only-invert-seed3413-f3-oof20/Training-Results/', result_dir='results/ConvIR-Haze4K-DTA-v2-adapter_only-invert-seed3413-f3-oof20/images/Haze4K', init_model_sha256='6f42037d57a4e3de3a10ac0ab909d66a3415864a19433c29204a975f4efa4088')
/sda/home/wangyuxin/ConvIR-B/repos/ConvIR-B-dta-v2-calibrated/Dehazing/ITS/main.py:14: FutureWarning: You are using `torch.load` with `weights_only=False` (the current default value), which uses the default pickle module implicitly. It is possible to construct malicious pickle data which will execute arbitrary code during unpickling (See https://github.com/pytorch/pytorch/blob/main/SECURITY.md#untrusted-models for more details). In a future release, the default value for `weights_only` will be flipped to `True`. This limits the functions that could be executed during unpickling. Arbitrary objects will no longer be allowed to be loaded via this mode unless they are explicitly allowlisted by the user via `torch.serialization.add_safe_globals`. We recommend you start setting `weights_only=True` for any use case where you don't have full control of the loaded file. Please open an issue on GitHub for any issues related to this experimental feature.
  state = torch.load(path, map_location=map_location)
INIT_MODEL_PARTIAL_LOAD path=/sda/home/wangyuxin/ConvIR-B/checkpoints/official/Haze4K/haze4k-base.pkl loaded=602 missing_allowed=25 unexpected=[] allowed_new_prefixes=('DTA.',)
TRAIN_SCOPE scope=adapter_only arch=dta_v2 trainable=74699 total=8705364
/sda/home/wangyuxin/ConvIR-B/envs/convir-cu121/lib/python3.10/site-packages/torch/optim/lr_scheduler.py:224: UserWarning: Detected call of `lr_scheduler.step()` before `optimizer.step()`. In PyTorch 1.1.0 and later, you should call them in the opposite order: `optimizer.step()` before `lr_scheduler.step()`.  Failure to do this will result in PyTorch skipping the first value of the learning rate schedule. See more details at https://pytorch.org/docs/stable/optim.html#how-to-adjust-learning-rate
  warnings.warn(
DTA_GATE_RAMP epoch=1 gate_limit=0.010000
Time:  0.0993 Epoch: 001 Iter:   50/ 600 LR: 0.0000333333 Loss content:  0.0172 Loss fft:  0.8143 Loss dta_rank:  0.6944 Loss dta_tv:  0.0035 Loss dta_proxy:  0.1299 Loss dta_trans:  0.0417 Loss dta_phys:  0.0069 Loss dta_preserve:  0.0047
Time:  0.0801 Epoch: 001 Iter:  100/ 600 LR: 0.0000333333 Loss content:  0.0177 Loss fft:  0.8418 Loss dta_rank:  0.6943 Loss dta_tv:  0.0091 Loss dta_proxy:  0.1323 Loss dta_trans:  0.0349 Loss dta_phys:  0.0088 Loss dta_preserve:  0.0044
Time:  0.0788 Epoch: 001 Iter:  150/ 600 LR: 0.0000333333 Loss content:  0.0171 Loss fft:  0.8102 Loss dta_rank:  0.6928 Loss dta_tv:  0.0140 Loss dta_proxy:  0.1453 Loss dta_trans:  0.0364 Loss dta_phys:  0.0090 Loss dta_preserve:  0.0044
Time:  0.0653 Epoch: 001 Iter:  200/ 600 LR: 0.0000333333 Loss content:  0.0169 Loss fft:  0.7925 Loss dta_rank:  0.6877 Loss dta_tv:  0.0166 Loss dta_proxy:  0.1565 Loss dta_trans:  0.0295 Loss dta_phys:  0.0098 Loss dta_preserve:  0.0054
Time:  0.0712 Epoch: 001 Iter:  250/ 600 LR: 0.0000333333 Loss content:  0.0171 Loss fft:  0.8285 Loss dta_rank:  0.6799 Loss dta_tv:  0.0195 Loss dta_proxy:  0.1550 Loss dta_trans:  0.0258 Loss dta_phys:  0.0088 Loss dta_preserve:  0.0063
Time:  0.0738 Epoch: 001 Iter:  300/ 600 LR: 0.0000333333 Loss content:  0.0164 Loss fft:  0.7888 Loss dta_rank:  0.6696 Loss dta_tv:  0.0241 Loss dta_proxy:  0.1568 Loss dta_trans:  0.0205 Loss dta_phys:  0.0092 Loss dta_preserve:  0.0057
Time:  0.0727 Epoch: 001 Iter:  350/ 600 LR: 0.0000333333 Loss content:  0.0167 Loss fft:  0.8293 Loss dta_rank:  0.6590 Loss dta_tv:  0.0295 Loss dta_proxy:  0.1641 Loss dta_trans:  0.0189 Loss dta_phys:  0.0074 Loss dta_preserve:  0.0051
Time:  0.0711 Epoch: 001 Iter:  400/ 600 LR: 0.0000333333 Loss content:  0.0172 Loss fft:  0.7990 Loss dta_rank:  0.6485 Loss dta_tv:  0.0340 Loss dta_proxy:  0.1728 Loss dta_trans:  0.0151 Loss dta_phys:  0.0072 Loss dta_preserve:  0.0050
Time:  0.0746 Epoch: 001 Iter:  450/ 600 LR: 0.0000333333 Loss content:  0.0176 Loss fft:  0.8394 Loss dta_rank:  0.6449 Loss dta_tv:  0.0367 Loss dta_proxy:  0.1846 Loss dta_trans:  0.0137 Loss dta_phys:  0.0082 Loss dta_preserve:  0.0054
Time:  0.0766 Epoch: 001 Iter:  500/ 600 LR: 0.0000333333 Loss content:  0.0176 Loss fft:  0.8415 Loss dta_rank:  0.6372 Loss dta_tv:  0.0365 Loss dta_proxy:  0.2005 Loss dta_trans:  0.0109 Loss dta_phys:  0.0076 Loss dta_preserve:  0.0060
Time:  0.0716 Epoch: 001 Iter:  550/ 600 LR: 0.0000333333 Loss content:  0.0164 Loss fft:  0.7987 Loss dta_rank:  0.6329 Loss dta_tv:  0.0397 Loss dta_proxy:  0.1855 Loss dta_trans:  0.0117 Loss dta_phys:  0.0071 Loss dta_preserve:  0.0049
Time:  0.0680 Epoch: 001 Iter:  600/ 600 LR: 0.0000333333 Loss content:  0.0166 Loss fft:  0.7978 Loss dta_rank:  0.6296 Loss dta_tv:  0.0384 Loss dta_proxy:  0.2138 Loss dta_trans:  0.0118 Loss dta_phys:  0.0070 Loss dta_preserve:  0.0055
EPOCH: 01
Elapsed time: 0.91 Epoch Pixel Loss:  0.0171 Epoch FFT Loss:  0.8151 Epoch DTA Rank:  0.6642 Epoch DTA TV:  0.0251 Epoch DTA Proxy:  0.1664 Epoch DTA Trans:  0.0226 Epoch DTA Phys:  0.0081 Epoch DTA Preserve:  0.0052
DTA_GATE_RAMP epoch=2 gate_limit=0.010000
Time:  0.0795 Epoch: 002 Iter:   50/ 600 LR: 0.0000666667 Loss content:  0.0169 Loss fft:  0.8434 Loss dta_rank:  0.6276 Loss dta_tv:  0.0396 Loss dta_proxy:  0.2027 Loss dta_trans:  0.0103 Loss dta_phys:  0.0065 Loss dta_preserve:  0.0047
Time:  0.0704 Epoch: 002 Iter:  100/ 600 LR: 0.0000666667 Loss content:  0.0177 Loss fft:  0.8476 Loss dta_rank:  0.6246 Loss dta_tv:  0.0399 Loss dta_proxy:  0.2121 Loss dta_trans:  0.0101 Loss dta_phys:  0.0068 Loss dta_preserve:  0.0062
Time:  0.0719 Epoch: 002 Iter:  150/ 600 LR: 0.0000666667 Loss content:  0.0171 Loss fft:  0.8148 Loss dta_rank:  0.6207 Loss dta_tv:  0.0388 Loss dta_proxy:  0.2009 Loss dta_trans:  0.0098 Loss dta_phys:  0.0070 Loss dta_preserve:  0.0046
Time:  0.0658 Epoch: 002 Iter:  200/ 600 LR: 0.0000666667 Loss content:  0.0164 Loss fft:  0.8101 Loss dta_rank:  0.6212 Loss dta_tv:  0.0408 Loss dta_proxy:  0.1999 Loss dta_trans:  0.0104 Loss dta_phys:  0.0074 Loss dta_preserve:  0.0051
Time:  0.0661 Epoch: 002 Iter:  250/ 600 LR: 0.0000666667 Loss content:  0.0167 Loss fft:  0.7848 Loss dta_rank:  0.6211 Loss dta_tv:  0.0397 Loss dta_proxy:  0.2028 Loss dta_trans:  0.0097 Loss dta_phys:  0.0070 Loss dta_preserve:  0.0041
Time:  0.0703 Epoch: 002 Iter:  300/ 600 LR: 0.0000666667 Loss content:  0.0176 Loss fft:  0.8400 Loss dta_rank:  0.6188 Loss dta_tv:  0.0397 Loss dta_proxy:  0.2092 Loss dta_trans:  0.0103 Loss dta_phys:  0.0062 Loss dta_preserve:  0.0057
Time:  0.0714 Epoch: 002 Iter:  350/ 600 LR: 0.0000666667 Loss content:  0.0176 Loss fft:  0.8368 Loss dta_rank:  0.6172 Loss dta_tv:  0.0389 Loss dta_proxy:  0.2083 Loss dta_trans:  0.0094 Loss dta_phys:  0.0061 Loss dta_preserve:  0.0050
Time:  0.0719 Epoch: 002 Iter:  400/ 600 LR: 0.0000666667 Loss content:  0.0171 Loss fft:  0.8161 Loss dta_rank:  0.6145 Loss dta_tv:  0.0379 Loss dta_proxy:  0.2104 Loss dta_trans:  0.0082 Loss dta_phys:  0.0067 Loss dta_preserve:  0.0058
Time:  0.0732 Epoch: 002 Iter:  450/ 600 LR: 0.0000666667 Loss content:  0.0177 Loss fft:  0.8188 Loss dta_rank:  0.6185 Loss dta_tv:  0.0383 Loss dta_proxy:  0.2018 Loss dta_trans:  0.0096 Loss dta_phys:  0.0071 Loss dta_preserve:  0.0047
Time:  0.0750 Epoch: 002 Iter:  500/ 600 LR: 0.0000666667 Loss content:  0.0172 Loss fft:  0.8203 Loss dta_rank:  0.6154 Loss dta_tv:  0.0374 Loss dta_proxy:  0.2162 Loss dta_trans:  0.0085 Loss dta_phys:  0.0063 Loss dta_preserve:  0.0065
Time:  0.0761 Epoch: 002 Iter:  550/ 600 LR: 0.0000666667 Loss content:  0.0171 Loss fft:  0.8402 Loss dta_rank:  0.6130 Loss dta_tv:  0.0365 Loss dta_proxy:  0.2176 Loss dta_trans:  0.0082 Loss dta_phys:  0.0068 Loss dta_preserve:  0.0054
Time:  0.0699 Epoch: 002 Iter:  600/ 600 LR: 0.0000666667 Loss content:  0.0173 Loss fft:  0.8147 Loss dta_rank:  0.6156 Loss dta_tv:  0.0374 Loss dta_proxy:  0.2094 Loss dta_trans:  0.0086 Loss dta_phys:  0.0074 Loss dta_preserve:  0.0048
EPOCH: 02
Elapsed time: 0.86 Epoch Pixel Loss:  0.0172 Epoch FFT Loss:  0.8240 Epoch DTA Rank:  0.6190 Epoch DTA TV:  0.0387 Epoch DTA Proxy:  0.2076 Epoch DTA Trans:  0.0094 Epoch DTA Phys:  0.0068 Epoch DTA Preserve:  0.0052
DTA_GATE_RAMP epoch=3 gate_limit=0.030000
Time:  0.0768 Epoch: 003 Iter:   50/ 600 LR: 0.0001000000 Loss content:  0.0170 Loss fft:  0.8089 Loss dta_rank:  0.6155 Loss dta_tv:  0.0367 Loss dta_proxy:  0.2110 Loss dta_trans:  0.0095 Loss dta_phys:  0.0080 Loss dta_preserve:  0.0061
Time:  0.0770 Epoch: 003 Iter:  100/ 600 LR: 0.0001000000 Loss content:  0.0173 Loss fft:  0.8265 Loss dta_rank:  0.6122 Loss dta_tv:  0.0366 Loss dta_proxy:  0.2178 Loss dta_trans:  0.0087 Loss dta_phys:  0.0070 Loss dta_preserve:  0.0055
Time:  0.0766 Epoch: 003 Iter:  150/ 600 LR: 0.0001000000 Loss content:  0.0166 Loss fft:  0.8328 Loss dta_rank:  0.6143 Loss dta_tv:  0.0374 Loss dta_proxy:  0.2115 Loss dta_trans:  0.0070 Loss dta_phys:  0.0060 Loss dta_preserve:  0.0062
Time:  0.0770 Epoch: 003 Iter:  200/ 600 LR: 0.0001000000 Loss content:  0.0175 Loss fft:  0.8155 Loss dta_rank:  0.6164 Loss dta_tv:  0.0369 Loss dta_proxy:  0.2147 Loss dta_trans:  0.0094 Loss dta_phys:  0.0063 Loss dta_preserve:  0.0062
Time:  0.0729 Epoch: 003 Iter:  250/ 600 LR: 0.0001000000 Loss content:  0.0172 Loss fft:  0.7991 Loss dta_rank:  0.6142 Loss dta_tv:  0.0368 Loss dta_proxy:  0.2055 Loss dta_trans:  0.0093 Loss dta_phys:  0.0070 Loss dta_preserve:  0.0057
Time:  0.0733 Epoch: 003 Iter:  300/ 600 LR: 0.0001000000 Loss content:  0.0172 Loss fft:  0.8237 Loss dta_rank:  0.6121 Loss dta_tv:  0.0363 Loss dta_proxy:  0.1985 Loss dta_trans:  0.0074 Loss dta_phys:  0.0061 Loss dta_preserve:  0.0054
Time:  0.0729 Epoch: 003 Iter:  350/ 600 LR: 0.0001000000 Loss content:  0.0171 Loss fft:  0.8430 Loss dta_rank:  0.6175 Loss dta_tv:  0.0368 Loss dta_proxy:  0.2151 Loss dta_trans:  0.0074 Loss dta_phys:  0.0066 Loss dta_preserve:  0.0041
Time:  0.0729 Epoch: 003 Iter:  400/ 600 LR: 0.0001000000 Loss content:  0.0174 Loss fft:  0.8520 Loss dta_rank:  0.6085 Loss dta_tv:  0.0369 Loss dta_proxy:  0.2102 Loss dta_trans:  0.0079 Loss dta_phys:  0.0069 Loss dta_preserve:  0.0044
Time:  0.0760 Epoch: 003 Iter:  450/ 600 LR: 0.0001000000 Loss content:  0.0172 Loss fft:  0.8159 Loss dta_rank:  0.6129 Loss dta_tv:  0.0362 Loss dta_proxy:  0.2145 Loss dta_trans:  0.0075 Loss dta_phys:  0.0071 Loss dta_preserve:  0.0044
Time:  0.0784 Epoch: 003 Iter:  500/ 600 LR: 0.0001000000 Loss content:  0.0174 Loss fft:  0.8397 Loss dta_rank:  0.6108 Loss dta_tv:  0.0352 Loss dta_proxy:  0.2210 Loss dta_trans:  0.0080 Loss dta_phys:  0.0060 Loss dta_preserve:  0.0048
Time:  0.0765 Epoch: 003 Iter:  550/ 600 LR: 0.0001000000 Loss content:  0.0170 Loss fft:  0.8203 Loss dta_rank:  0.6113 Loss dta_tv:  0.0360 Loss dta_proxy:  0.2064 Loss dta_trans:  0.0071 Loss dta_phys:  0.0069 Loss dta_preserve:  0.0050
Time:  0.0752 Epoch: 003 Iter:  600/ 600 LR: 0.0001000000 Loss content:  0.0170 Loss fft:  0.8076 Loss dta_rank:  0.6145 Loss dta_tv:  0.0359 Loss dta_proxy:  0.2087 Loss dta_trans:  0.0086 Loss dta_phys:  0.0070 Loss dta_preserve:  0.0051
EPOCH: 03
Elapsed time: 0.91 Epoch Pixel Loss:  0.0172 Epoch FFT Loss:  0.8238 Epoch DTA Rank:  0.6134 Epoch DTA TV:  0.0365 Epoch DTA Proxy:  0.2112 Epoch DTA Trans:  0.0082 Epoch DTA Phys:  0.0067 Epoch DTA Preserve:  0.0052
/sda/home/wangyuxin/ConvIR-B/envs/convir-cu121/lib/python3.10/site-packages/torch/optim/lr_scheduler.py:1087: UserWarning: To get the last learning rate computed by the scheduler, please use `get_last_lr()`.
  _warn_get_lr_called_within_step(self)
DTA_GATE_RAMP epoch=4 gate_limit=0.030000
Time:  0.0717 Epoch: 004 Iter:   50/ 600 LR: 0.0001000000 Loss content:  0.0174 Loss fft:  0.8589 Loss dta_rank:  0.6070 Loss dta_tv:  0.0348 Loss dta_proxy:  0.2120 Loss dta_trans:  0.0063 Loss dta_phys:  0.0058 Loss dta_preserve:  0.0053
Time:  0.0693 Epoch: 004 Iter:  100/ 600 LR: 0.0001000000 Loss content:  0.0173 Loss fft:  0.8257 Loss dta_rank:  0.6168 Loss dta_tv:  0.0346 Loss dta_proxy:  0.2245 Loss dta_trans:  0.0088 Loss dta_phys:  0.0066 Loss dta_preserve:  0.0069
Time:  0.0700 Epoch: 004 Iter:  150/ 600 LR: 0.0001000000 Loss content:  0.0172 Loss fft:  0.8481 Loss dta_rank:  0.6128 Loss dta_tv:  0.0355 Loss dta_proxy:  0.1987 Loss dta_trans:  0.0084 Loss dta_phys:  0.0065 Loss dta_preserve:  0.0055
Time:  0.0729 Epoch: 004 Iter:  200/ 600 LR: 0.0001000000 Loss content:  0.0176 Loss fft:  0.8317 Loss dta_rank:  0.6116 Loss dta_tv:  0.0337 Loss dta_proxy:  0.2254 Loss dta_trans:  0.0057 Loss dta_phys:  0.0058 Loss dta_preserve:  0.0048
Time:  0.0696 Epoch: 004 Iter:  250/ 600 LR: 0.0001000000 Loss content:  0.0160 Loss fft:  0.7731 Loss dta_rank:  0.6112 Loss dta_tv:  0.0348 Loss dta_proxy:  0.2139 Loss dta_trans:  0.0069 Loss dta_phys:  0.0069 Loss dta_preserve:  0.0047
Time:  0.0717 Epoch: 004 Iter:  300/ 600 LR: 0.0001000000 Loss content:  0.0168 Loss fft:  0.8088 Loss dta_rank:  0.6091 Loss dta_tv:  0.0349 Loss dta_proxy:  0.2054 Loss dta_trans:  0.0074 Loss dta_phys:  0.0075 Loss dta_preserve:  0.0062
Time:  0.0766 Epoch: 004 Iter:  350/ 600 LR: 0.0001000000 Loss content:  0.0170 Loss fft:  0.8165 Loss dta_rank:  0.6103 Loss dta_tv:  0.0349 Loss dta_proxy:  0.2137 Loss dta_trans:  0.0071 Loss dta_phys:  0.0072 Loss dta_preserve:  0.0059
Time:  0.0786 Epoch: 004 Iter:  400/ 600 LR: 0.0001000000 Loss content:  0.0173 Loss fft:  0.8342 Loss dta_rank:  0.6101 Loss dta_tv:  0.0339 Loss dta_proxy:  0.2162 Loss dta_trans:  0.0074 Loss dta_phys:  0.0071 Loss dta_preserve:  0.0046
Time:  0.0732 Epoch: 004 Iter:  450/ 600 LR: 0.0001000000 Loss content:  0.0174 Loss fft:  0.8322 Loss dta_rank:  0.6065 Loss dta_tv:  0.0349 Loss dta_proxy:  0.2038 Loss dta_trans:  0.0072 Loss dta_phys:  0.0065 Loss dta_preserve:  0.0045
Time:  0.0749 Epoch: 004 Iter:  500/ 600 LR: 0.0001000000 Loss content:  0.0173 Loss fft:  0.8181 Loss dta_rank:  0.6075 Loss dta_tv:  0.0353 Loss dta_proxy:  0.2067 Loss dta_trans:  0.0069 Loss dta_phys:  0.0067 Loss dta_preserve:  0.0059
Time:  0.0723 Epoch: 004 Iter:  550/ 600 LR: 0.0001000000 Loss content:  0.0167 Loss fft:  0.8116 Loss dta_rank:  0.6062 Loss dta_tv:  0.0336 Loss dta_proxy:  0.2225 Loss dta_trans:  0.0078 Loss dta_phys:  0.0069 Loss dta_preserve:  0.0054
Time:  0.0715 Epoch: 004 Iter:  600/ 600 LR: 0.0001000000 Loss content:  0.0172 Loss fft:  0.8085 Loss dta_rank:  0.6033 Loss dta_tv:  0.0335 Loss dta_proxy:  0.2098 Loss dta_trans:  0.0068 Loss dta_phys:  0.0059 Loss dta_preserve:  0.0046
EPOCH: 04
Elapsed time: 0.88 Epoch Pixel Loss:  0.0171 Epoch FFT Loss:  0.8223 Epoch DTA Rank:  0.6094 Epoch DTA TV:  0.0345 Epoch DTA Proxy:  0.2127 Epoch DTA Trans:  0.0072 Epoch DTA Phys:  0.0066 Epoch DTA Preserve:  0.0054
DTA_GATE_RAMP epoch=5 gate_limit=0.030000
Time:  0.0740 Epoch: 005 Iter:   50/ 600 LR: 0.0000983215 Loss content:  0.0167 Loss fft:  0.7973 Loss dta_rank:  0.6109 Loss dta_tv:  0.0338 Loss dta_proxy:  0.2138 Loss dta_trans:  0.0074 Loss dta_phys:  0.0069 Loss dta_preserve:  0.0046
Time:  0.0724 Epoch: 005 Iter:  100/ 600 LR: 0.0000983215 Loss content:  0.0169 Loss fft:  0.8074 Loss dta_rank:  0.6100 Loss dta_tv:  0.0348 Loss dta_proxy:  0.1966 Loss dta_trans:  0.0072 Loss dta_phys:  0.0064 Loss dta_preserve:  0.0048
Time:  0.0725 Epoch: 005 Iter:  150/ 600 LR: 0.0000983215 Loss content:  0.0167 Loss fft:  0.7824 Loss dta_rank:  0.6069 Loss dta_tv:  0.0325 Loss dta_proxy:  0.2263 Loss dta_trans:  0.0074 Loss dta_phys:  0.0078 Loss dta_preserve:  0.0053
Time:  0.0642 Epoch: 005 Iter:  200/ 600 LR: 0.0000983215 Loss content:  0.0172 Loss fft:  0.8475 Loss dta_rank:  0.6008 Loss dta_tv:  0.0330 Loss dta_proxy:  0.2123 Loss dta_trans:  0.0064 Loss dta_phys:  0.0061 Loss dta_preserve:  0.0039
Time:  0.0677 Epoch: 005 Iter:  250/ 600 LR: 0.0000983215 Loss content:  0.0175 Loss fft:  0.8482 Loss dta_rank:  0.6047 Loss dta_tv:  0.0329 Loss dta_proxy:  0.2168 Loss dta_trans:  0.0079 Loss dta_phys:  0.0063 Loss dta_preserve:  0.0052
Time:  0.0725 Epoch: 005 Iter:  300/ 600 LR: 0.0000983215 Loss content:  0.0171 Loss fft:  0.8027 Loss dta_rank:  0.6104 Loss dta_tv:  0.0345 Loss dta_proxy:  0.2015 Loss dta_trans:  0.0069 Loss dta_phys:  0.0066 Loss dta_preserve:  0.0056
Time:  0.0771 Epoch: 005 Iter:  350/ 600 LR: 0.0000983215 Loss content:  0.0174 Loss fft:  0.8147 Loss dta_rank:  0.6095 Loss dta_tv:  0.0334 Loss dta_proxy:  0.2214 Loss dta_trans:  0.0075 Loss dta_phys:  0.0067 Loss dta_preserve:  0.0062
Time:  0.0783 Epoch: 005 Iter:  400/ 600 LR: 0.0000983215 Loss content:  0.0171 Loss fft:  0.8308 Loss dta_rank:  0.6031 Loss dta_tv:  0.0335 Loss dta_proxy:  0.2106 Loss dta_trans:  0.0062 Loss dta_phys:  0.0061 Loss dta_preserve:  0.0046
Time:  0.0694 Epoch: 005 Iter:  450/ 600 LR: 0.0000983215 Loss content:  0.0171 Loss fft:  0.8367 Loss dta_rank:  0.6074 Loss dta_tv:  0.0328 Loss dta_proxy:  0.2127 Loss dta_trans:  0.0049 Loss dta_phys:  0.0061 Loss dta_preserve:  0.0046
Time:  0.0733 Epoch: 005 Iter:  500/ 600 LR: 0.0000983215 Loss content:  0.0171 Loss fft:  0.8549 Loss dta_rank:  0.6133 Loss dta_tv:  0.0334 Loss dta_proxy:  0.2242 Loss dta_trans:  0.0070 Loss dta_phys:  0.0069 Loss dta_preserve:  0.0050
Time:  0.0762 Epoch: 005 Iter:  550/ 600 LR: 0.0000983215 Loss content:  0.0166 Loss fft:  0.7918 Loss dta_rank:  0.6090 Loss dta_tv:  0.0336 Loss dta_proxy:  0.2028 Loss dta_trans:  0.0075 Loss dta_phys:  0.0075 Loss dta_preserve:  0.0049
Time:  0.0735 Epoch: 005 Iter:  600/ 600 LR: 0.0000983215 Loss content:  0.0171 Loss fft:  0.8038 Loss dta_rank:  0.6117 Loss dta_tv:  0.0336 Loss dta_proxy:  0.2012 Loss dta_trans:  0.0065 Loss dta_phys:  0.0074 Loss dta_preserve:  0.0051
EPOCH: 05
Elapsed time: 0.88 Epoch Pixel Loss:  0.0170 Epoch FFT Loss:  0.8182 Epoch DTA Rank:  0.6082 Epoch DTA TV:  0.0335 Epoch DTA Proxy:  0.2117 Epoch DTA Trans:  0.0069 Epoch DTA Phys:  0.0067 Epoch DTA Preserve:  0.0050
DTA_GATE_RAMP epoch=6 gate_limit=0.030000
Time:  0.0763 Epoch: 006 Iter:   50/ 600 LR: 0.0000942212 Loss content:  0.0170 Loss fft:  0.8241 Loss dta_rank:  0.6026 Loss dta_tv:  0.0328 Loss dta_proxy:  0.2150 Loss dta_trans:  0.0065 Loss dta_phys:  0.0069 Loss dta_preserve:  0.0068
Time:  0.0615 Epoch: 006 Iter:  100/ 600 LR: 0.0000942212 Loss content:  0.0171 Loss fft:  0.8383 Loss dta_rank:  0.6059 Loss dta_tv:  0.0323 Loss dta_proxy:  0.2123 Loss dta_trans:  0.0059 Loss dta_phys:  0.0064 Loss dta_preserve:  0.0052
Time:  0.0623 Epoch: 006 Iter:  150/ 600 LR: 0.0000942212 Loss content:  0.0168 Loss fft:  0.7684 Loss dta_rank:  0.6079 Loss dta_tv:  0.0323 Loss dta_proxy:  0.2142 Loss dta_trans:  0.0064 Loss dta_phys:  0.0067 Loss dta_preserve:  0.0041
Time:  0.0626 Epoch: 006 Iter:  200/ 600 LR: 0.0000942212 Loss content:  0.0170 Loss fft:  0.8222 Loss dta_rank:  0.6038 Loss dta_tv:  0.0326 Loss dta_proxy:  0.2134 Loss dta_trans:  0.0069 Loss dta_phys:  0.0065 Loss dta_preserve:  0.0056
Time:  0.0649 Epoch: 006 Iter:  250/ 600 LR: 0.0000942212 Loss content:  0.0187 Loss fft:  0.8577 Loss dta_rank:  0.6070 Loss dta_tv:  0.0317 Loss dta_proxy:  0.2204 Loss dta_trans:  0.0072 Loss dta_phys:  0.0067 Loss dta_preserve:  0.0046
Time:  0.0685 Epoch: 006 Iter:  300/ 600 LR: 0.0000942212 Loss content:  0.0170 Loss fft:  0.8393 Loss dta_rank:  0.6106 Loss dta_tv:  0.0328 Loss dta_proxy:  0.2171 Loss dta_trans:  0.0061 Loss dta_phys:  0.0062 Loss dta_preserve:  0.0051
Time:  0.0694 Epoch: 006 Iter:  350/ 600 LR: 0.0000942212 Loss content:  0.0167 Loss fft:  0.7857 Loss dta_rank:  0.6068 Loss dta_tv:  0.0317 Loss dta_proxy:  0.2150 Loss dta_trans:  0.0062 Loss dta_phys:  0.0066 Loss dta_preserve:  0.0048
Time:  0.0793 Epoch: 006 Iter:  400/ 600 LR: 0.0000942212 Loss content:  0.0181 Loss fft:  0.8448 Loss dta_rank:  0.6054 Loss dta_tv:  0.0318 Loss dta_proxy:  0.2147 Loss dta_trans:  0.0055 Loss dta_phys:  0.0070 Loss dta_preserve:  0.0071
Time:  0.0724 Epoch: 006 Iter:  450/ 600 LR: 0.0000942212 Loss content:  0.0172 Loss fft:  0.8275 Loss dta_rank:  0.6087 Loss dta_tv:  0.0328 Loss dta_proxy:  0.2146 Loss dta_trans:  0.0064 Loss dta_phys:  0.0076 Loss dta_preserve:  0.0046
Time:  0.0740 Epoch: 006 Iter:  500/ 600 LR: 0.0000942212 Loss content:  0.0162 Loss fft:  0.7607 Loss dta_rank:  0.6123 Loss dta_tv:  0.0317 Loss dta_proxy:  0.2215 Loss dta_trans:  0.0067 Loss dta_phys:  0.0059 Loss dta_preserve:  0.0055
Time:  0.0699 Epoch: 006 Iter:  550/ 600 LR: 0.0000942212 Loss content:  0.0177 Loss fft:  0.8642 Loss dta_rank:  0.6007 Loss dta_tv:  0.0320 Loss dta_proxy:  0.2112 Loss dta_trans:  0.0061 Loss dta_phys:  0.0062 Loss dta_preserve:  0.0046
Time:  0.0723 Epoch: 006 Iter:  600/ 600 LR: 0.0000942212 Loss content:  0.0172 Loss fft:  0.8121 Loss dta_rank:  0.6093 Loss dta_tv:  0.0320 Loss dta_proxy:  0.2138 Loss dta_trans:  0.0077 Loss dta_phys:  0.0076 Loss dta_preserve:  0.0045
EPOCH: 06
Elapsed time: 0.84 Epoch Pixel Loss:  0.0172 Epoch FFT Loss:  0.8204 Epoch DTA Rank:  0.6068 Epoch DTA TV:  0.0322 Epoch DTA Proxy:  0.2153 Epoch DTA Trans:  0.0065 Epoch DTA Phys:  0.0067 Epoch DTA Preserve:  0.0052
DTA_GATE_RAMP epoch=7 gate_limit=0.030000
Time:  0.0744 Epoch: 007 Iter:   50/ 600 LR: 0.0000886874 Loss content:  0.0171 Loss fft:  0.8229 Loss dta_rank:  0.6088 Loss dta_tv:  0.0315 Loss dta_proxy:  0.2187 Loss dta_trans:  0.0068 Loss dta_phys:  0.0073 Loss dta_preserve:  0.0040
Time:  0.0744 Epoch: 007 Iter:  100/ 600 LR: 0.0000886874 Loss content:  0.0174 Loss fft:  0.8246 Loss dta_rank:  0.6075 Loss dta_tv:  0.0325 Loss dta_proxy:  0.2110 Loss dta_trans:  0.0073 Loss dta_phys:  0.0073 Loss dta_preserve:  0.0060
Time:  0.0764 Epoch: 007 Iter:  150/ 600 LR: 0.0000886874 Loss content:  0.0174 Loss fft:  0.8131 Loss dta_rank:  0.6047 Loss dta_tv:  0.0305 Loss dta_proxy:  0.2193 Loss dta_trans:  0.0054 Loss dta_phys:  0.0066 Loss dta_preserve:  0.0046
Time:  0.0757 Epoch: 007 Iter:  200/ 600 LR: 0.0000886874 Loss content:  0.0177 Loss fft:  0.8228 Loss dta_rank:  0.6049 Loss dta_tv:  0.0313 Loss dta_proxy:  0.2187 Loss dta_trans:  0.0058 Loss dta_phys:  0.0079 Loss dta_preserve:  0.0049
Time:  0.0617 Epoch: 007 Iter:  250/ 600 LR: 0.0000886874 Loss content:  0.0167 Loss fft:  0.8116 Loss dta_rank:  0.6067 Loss dta_tv:  0.0331 Loss dta_proxy:  0.2064 Loss dta_trans:  0.0074 Loss dta_phys:  0.0059 Loss dta_preserve:  0.0040
Time:  0.0594 Epoch: 007 Iter:  300/ 600 LR: 0.0000886874 Loss content:  0.0168 Loss fft:  0.8240 Loss dta_rank:  0.6052 Loss dta_tv:  0.0327 Loss dta_proxy:  0.2058 Loss dta_trans:  0.0067 Loss dta_phys:  0.0070 Loss dta_preserve:  0.0060
Time:  0.0674 Epoch: 007 Iter:  350/ 600 LR: 0.0000886874 Loss content:  0.0175 Loss fft:  0.8668 Loss dta_rank:  0.6044 Loss dta_tv:  0.0315 Loss dta_proxy:  0.2152 Loss dta_trans:  0.0061 Loss dta_phys:  0.0058 Loss dta_preserve:  0.0043
Time:  0.0746 Epoch: 007 Iter:  400/ 600 LR: 0.0000886874 Loss content:  0.0170 Loss fft:  0.8312 Loss dta_rank:  0.6050 Loss dta_tv:  0.0317 Loss dta_proxy:  0.2129 Loss dta_trans:  0.0057 Loss dta_phys:  0.0064 Loss dta_preserve:  0.0050
Time:  0.0753 Epoch: 007 Iter:  450/ 600 LR: 0.0000886874 Loss content:  0.0175 Loss fft:  0.8111 Loss dta_rank:  0.6039 Loss dta_tv:  0.0304 Loss dta_proxy:  0.2190 Loss dta_trans:  0.0049 Loss dta_phys:  0.0061 Loss dta_preserve:  0.0061
Time:  0.0760 Epoch: 007 Iter:  500/ 600 LR: 0.0000886874 Loss content:  0.0165 Loss fft:  0.8191 Loss dta_rank:  0.5997 Loss dta_tv:  0.0318 Loss dta_proxy:  0.2019 Loss dta_trans:  0.0078 Loss dta_phys:  0.0071 Loss dta_preserve:  0.0054
Time:  0.0774 Epoch: 007 Iter:  550/ 600 LR: 0.0000886874 Loss content:  0.0160 Loss fft:  0.7846 Loss dta_rank:  0.6068 Loss dta_tv:  0.0311 Loss dta_proxy:  0.2088 Loss dta_trans:  0.0063 Loss dta_phys:  0.0071 Loss dta_preserve:  0.0059
Time:  0.0720 Epoch: 007 Iter:  600/ 600 LR: 0.0000886874 Loss content:  0.0165 Loss fft:  0.8187 Loss dta_rank:  0.6053 Loss dta_tv:  0.0311 Loss dta_proxy:  0.2068 Loss dta_trans:  0.0059 Loss dta_phys:  0.0064 Loss dta_preserve:  0.0048
EPOCH: 07
Elapsed time: 0.87 Epoch Pixel Loss:  0.0170 Epoch FFT Loss:  0.8209 Epoch DTA Rank:  0.6052 Epoch DTA TV:  0.0316 Epoch DTA Proxy:  0.2121 Epoch DTA Trans:  0.0063 Epoch DTA Phys:  0.0067 Epoch DTA Preserve:  0.0051
DTA_GATE_RAMP epoch=8 gate_limit=0.030000
Time:  0.0810 Epoch: 008 Iter:   50/ 600 LR: 0.0000819070 Loss content:  0.0165 Loss fft:  0.8012 Loss dta_rank:  0.6037 Loss dta_tv:  0.0317 Loss dta_proxy:  0.2056 Loss dta_trans:  0.0061 Loss dta_phys:  0.0074 Loss dta_preserve:  0.0058
Time:  0.0751 Epoch: 008 Iter:  100/ 600 LR: 0.0000819070 Loss content:  0.0172 Loss fft:  0.8098 Loss dta_rank:  0.6045 Loss dta_tv:  0.0315 Loss dta_proxy:  0.2117 Loss dta_trans:  0.0068 Loss dta_phys:  0.0066 Loss dta_preserve:  0.0065
Time:  0.0738 Epoch: 008 Iter:  150/ 600 LR: 0.0000819070 Loss content:  0.0169 Loss fft:  0.8219 Loss dta_rank:  0.6022 Loss dta_tv:  0.0312 Loss dta_proxy:  0.2122 Loss dta_trans:  0.0055 Loss dta_phys:  0.0070 Loss dta_preserve:  0.0055
Time:  0.0621 Epoch: 008 Iter:  200/ 600 LR: 0.0000819070 Loss content:  0.0165 Loss fft:  0.8012 Loss dta_rank:  0.6070 Loss dta_tv:  0.0310 Loss dta_proxy:  0.2110 Loss dta_trans:  0.0070 Loss dta_phys:  0.0063 Loss dta_preserve:  0.0040
Time:  0.0620 Epoch: 008 Iter:  250/ 600 LR: 0.0000819070 Loss content:  0.0174 Loss fft:  0.8317 Loss dta_rank:  0.6082 Loss dta_tv:  0.0318 Loss dta_proxy:  0.1999 Loss dta_trans:  0.0069 Loss dta_phys:  0.0068 Loss dta_preserve:  0.0044
Time:  0.0623 Epoch: 008 Iter:  300/ 600 LR: 0.0000819070 Loss content:  0.0169 Loss fft:  0.8048 Loss dta_rank:  0.6020 Loss dta_tv:  0.0307 Loss dta_proxy:  0.2080 Loss dta_trans:  0.0055 Loss dta_phys:  0.0065 Loss dta_preserve:  0.0060
Time:  0.0613 Epoch: 008 Iter:  350/ 600 LR: 0.0000819070 Loss content:  0.0173 Loss fft:  0.8039 Loss dta_rank:  0.6080 Loss dta_tv:  0.0311 Loss dta_proxy:  0.2073 Loss dta_trans:  0.0069 Loss dta_phys:  0.0073 Loss dta_preserve:  0.0045
Time:  0.0652 Epoch: 008 Iter:  400/ 600 LR: 0.0000819070 Loss content:  0.0170 Loss fft:  0.8363 Loss dta_rank:  0.6050 Loss dta_tv:  0.0310 Loss dta_proxy:  0.2086 Loss dta_trans:  0.0047 Loss dta_phys:  0.0064 Loss dta_preserve:  0.0054
Time:  0.0743 Epoch: 008 Iter:  450/ 600 LR: 0.0000819070 Loss content:  0.0168 Loss fft:  0.8165 Loss dta_rank:  0.6060 Loss dta_tv:  0.0308 Loss dta_proxy:  0.2177 Loss dta_trans:  0.0066 Loss dta_phys:  0.0067 Loss dta_preserve:  0.0048
Time:  0.0630 Epoch: 008 Iter:  500/ 600 LR: 0.0000819070 Loss content:  0.0178 Loss fft:  0.8446 Loss dta_rank:  0.6089 Loss dta_tv:  0.0312 Loss dta_proxy:  0.2132 Loss dta_trans:  0.0058 Loss dta_phys:  0.0072 Loss dta_preserve:  0.0057
Time:  0.0664 Epoch: 008 Iter:  550/ 600 LR: 0.0000819070 Loss content:  0.0175 Loss fft:  0.8510 Loss dta_rank:  0.6074 Loss dta_tv:  0.0310 Loss dta_proxy:  0.2070 Loss dta_trans:  0.0067 Loss dta_phys:  0.0071 Loss dta_preserve:  0.0044
Time:  0.0713 Epoch: 008 Iter:  600/ 600 LR: 0.0000819070 Loss content:  0.0172 Loss fft:  0.8200 Loss dta_rank:  0.6062 Loss dta_tv:  0.0308 Loss dta_proxy:  0.1992 Loss dta_trans:  0.0069 Loss dta_phys:  0.0062 Loss dta_preserve:  0.0062
EPOCH: 08
Elapsed time: 0.82 Epoch Pixel Loss:  0.0171 Epoch FFT Loss:  0.8202 Epoch DTA Rank:  0.6058 Epoch DTA TV:  0.0311 Epoch DTA Proxy:  0.2085 Epoch DTA Trans:  0.0063 Epoch DTA Phys:  0.0068 Epoch DTA Preserve:  0.0053
DTA_GATE_RAMP epoch=9 gate_limit=0.060000
Time:  0.0775 Epoch: 009 Iter:   50/ 600 LR: 0.0000741093 Loss content:  0.0174 Loss fft:  0.8169 Loss dta_rank:  0.6070 Loss dta_tv:  0.0313 Loss dta_proxy:  0.2097 Loss dta_trans:  0.0054 Loss dta_phys:  0.0062 Loss dta_preserve:  0.0053
Time:  0.0749 Epoch: 009 Iter:  100/ 600 LR: 0.0000741093 Loss content:  0.0174 Loss fft:  0.8221 Loss dta_rank:  0.6052 Loss dta_tv:  0.0312 Loss dta_proxy:  0.2144 Loss dta_trans:  0.0059 Loss dta_phys:  0.0066 Loss dta_preserve:  0.0086
Time:  0.0761 Epoch: 009 Iter:  150/ 600 LR: 0.0000741093 Loss content:  0.0168 Loss fft:  0.8359 Loss dta_rank:  0.6022 Loss dta_tv:  0.0317 Loss dta_proxy:  0.1951 Loss dta_trans:  0.0063 Loss dta_phys:  0.0061 Loss dta_preserve:  0.0065
Time:  0.0749 Epoch: 009 Iter:  200/ 600 LR: 0.0000741093 Loss content:  0.0173 Loss fft:  0.8135 Loss dta_rank:  0.6048 Loss dta_tv:  0.0309 Loss dta_proxy:  0.2028 Loss dta_trans:  0.0065 Loss dta_phys:  0.0064 Loss dta_preserve:  0.0050
Time:  0.0669 Epoch: 009 Iter:  250/ 600 LR: 0.0000741093 Loss content:  0.0168 Loss fft:  0.8134 Loss dta_rank:  0.6056 Loss dta_tv:  0.0309 Loss dta_proxy:  0.2029 Loss dta_trans:  0.0053 Loss dta_phys:  0.0068 Loss dta_preserve:  0.0059
Time:  0.0682 Epoch: 009 Iter:  300/ 600 LR: 0.0000741093 Loss content:  0.0177 Loss fft:  0.8240 Loss dta_rank:  0.6042 Loss dta_tv:  0.0312 Loss dta_proxy:  0.2078 Loss dta_trans:  0.0066 Loss dta_phys:  0.0058 Loss dta_preserve:  0.0053
Time:  0.0756 Epoch: 009 Iter:  350/ 600 LR: 0.0000741093 Loss content:  0.0175 Loss fft:  0.8112 Loss dta_rank:  0.6048 Loss dta_tv:  0.0305 Loss dta_proxy:  0.2154 Loss dta_trans:  0.0051 Loss dta_phys:  0.0069 Loss dta_preserve:  0.0046
Time:  0.0719 Epoch: 009 Iter:  400/ 600 LR: 0.0000741093 Loss content:  0.0169 Loss fft:  0.8406 Loss dta_rank:  0.6091 Loss dta_tv:  0.0305 Loss dta_proxy:  0.2142 Loss dta_trans:  0.0065 Loss dta_phys:  0.0079 Loss dta_preserve:  0.0044
Time:  0.0753 Epoch: 009 Iter:  450/ 600 LR: 0.0000741093 Loss content:  0.0174 Loss fft:  0.8171 Loss dta_rank:  0.6059 Loss dta_tv:  0.0302 Loss dta_proxy:  0.2165 Loss dta_trans:  0.0058 Loss dta_phys:  0.0075 Loss dta_preserve:  0.0057
Time:  0.0718 Epoch: 009 Iter:  500/ 600 LR: 0.0000741093 Loss content:  0.0165 Loss fft:  0.8136 Loss dta_rank:  0.6055 Loss dta_tv:  0.0309 Loss dta_proxy:  0.2126 Loss dta_trans:  0.0064 Loss dta_phys:  0.0076 Loss dta_preserve:  0.0048
Time:  0.0735 Epoch: 009 Iter:  550/ 600 LR: 0.0000741093 Loss content:  0.0167 Loss fft:  0.8141 Loss dta_rank:  0.6020 Loss dta_tv:  0.0317 Loss dta_proxy:  0.1910 Loss dta_trans:  0.0062 Loss dta_phys:  0.0063 Loss dta_preserve:  0.0061
Time:  0.0721 Epoch: 009 Iter:  600/ 600 LR: 0.0000741093 Loss content:  0.0174 Loss fft:  0.8189 Loss dta_rank:  0.6009 Loss dta_tv:  0.0309 Loss dta_proxy:  0.2027 Loss dta_trans:  0.0059 Loss dta_phys:  0.0064 Loss dta_preserve:  0.0051
EPOCH: 09
Elapsed time: 0.88 Epoch Pixel Loss:  0.0172 Epoch FFT Loss:  0.8201 Epoch DTA Rank:  0.6048 Epoch DTA TV:  0.0310 Epoch DTA Proxy:  0.2071 Epoch DTA Trans:  0.0060 Epoch DTA Phys:  0.0067 Epoch DTA Preserve:  0.0056
DTA_GATE_RAMP epoch=10 gate_limit=0.060000
Time:  0.0782 Epoch: 010 Iter:   50/ 600 LR: 0.0000655580 Loss content:  0.0166 Loss fft:  0.8103 Loss dta_rank:  0.6024 Loss dta_tv:  0.0309 Loss dta_proxy:  0.2047 Loss dta_trans:  0.0055 Loss dta_phys:  0.0071 Loss dta_preserve:  0.0060
Time:  0.0775 Epoch: 010 Iter:  100/ 600 LR: 0.0000655580 Loss content:  0.0171 Loss fft:  0.8232 Loss dta_rank:  0.6022 Loss dta_tv:  0.0310 Loss dta_proxy:  0.2150 Loss dta_trans:  0.0063 Loss dta_phys:  0.0065 Loss dta_preserve:  0.0059
Time:  0.0771 Epoch: 010 Iter:  150/ 600 LR: 0.0000655580 Loss content:  0.0174 Loss fft:  0.8260 Loss dta_rank:  0.6005 Loss dta_tv:  0.0302 Loss dta_proxy:  0.2127 Loss dta_trans:  0.0064 Loss dta_phys:  0.0071 Loss dta_preserve:  0.0052
Time:  0.0724 Epoch: 010 Iter:  200/ 600 LR: 0.0000655580 Loss content:  0.0177 Loss fft:  0.8235 Loss dta_rank:  0.6080 Loss dta_tv:  0.0307 Loss dta_proxy:  0.2091 Loss dta_trans:  0.0059 Loss dta_phys:  0.0063 Loss dta_preserve:  0.0056
Time:  0.0725 Epoch: 010 Iter:  250/ 600 LR: 0.0000655580 Loss content:  0.0174 Loss fft:  0.8293 Loss dta_rank:  0.6034 Loss dta_tv:  0.0303 Loss dta_proxy:  0.2074 Loss dta_trans:  0.0056 Loss dta_phys:  0.0068 Loss dta_preserve:  0.0052
Time:  0.0742 Epoch: 010 Iter:  300/ 600 LR: 0.0000655580 Loss content:  0.0165 Loss fft:  0.7688 Loss dta_rank:  0.6005 Loss dta_tv:  0.0306 Loss dta_proxy:  0.2055 Loss dta_trans:  0.0063 Loss dta_phys:  0.0068 Loss dta_preserve:  0.0056
Time:  0.0729 Epoch: 010 Iter:  350/ 600 LR: 0.0000655580 Loss content:  0.0175 Loss fft:  0.8251 Loss dta_rank:  0.6037 Loss dta_tv:  0.0302 Loss dta_proxy:  0.2057 Loss dta_trans:  0.0054 Loss dta_phys:  0.0067 Loss dta_preserve:  0.0080
Time:  0.0758 Epoch: 010 Iter:  400/ 600 LR: 0.0000655580 Loss content:  0.0171 Loss fft:  0.8115 Loss dta_rank:  0.6070 Loss dta_tv:  0.0303 Loss dta_proxy:  0.2088 Loss dta_trans:  0.0060 Loss dta_phys:  0.0065 Loss dta_preserve:  0.0056
Time:  0.0764 Epoch: 010 Iter:  450/ 600 LR: 0.0000655580 Loss content:  0.0174 Loss fft:  0.8327 Loss dta_rank:  0.6079 Loss dta_tv:  0.0301 Loss dta_proxy:  0.2162 Loss dta_trans:  0.0058 Loss dta_phys:  0.0068 Loss dta_preserve:  0.0041
Time:  0.0725 Epoch: 010 Iter:  500/ 600 LR: 0.0000655580 Loss content:  0.0170 Loss fft:  0.8138 Loss dta_rank:  0.6056 Loss dta_tv:  0.0309 Loss dta_proxy:  0.2075 Loss dta_trans:  0.0061 Loss dta_phys:  0.0068 Loss dta_preserve:  0.0045
Time:  0.0736 Epoch: 010 Iter:  550/ 600 LR: 0.0000655580 Loss content:  0.0168 Loss fft:  0.8229 Loss dta_rank:  0.6024 Loss dta_tv:  0.0311 Loss dta_proxy:  0.1869 Loss dta_trans:  0.0058 Loss dta_phys:  0.0058 Loss dta_preserve:  0.0061
Time:  0.0721 Epoch: 010 Iter:  600/ 600 LR: 0.0000655580 Loss content:  0.0169 Loss fft:  0.8382 Loss dta_rank:  0.6040 Loss dta_tv:  0.0305 Loss dta_proxy:  0.2143 Loss dta_trans:  0.0071 Loss dta_phys:  0.0073 Loss dta_preserve:  0.0046
EPOCH: 10
Elapsed time: 0.90 Epoch Pixel Loss:  0.0171 Epoch FFT Loss:  0.8188 Epoch DTA Rank:  0.6040 Epoch DTA TV:  0.0306 Epoch DTA Proxy:  0.2078 Epoch DTA Trans:  0.0060 Epoch DTA Phys:  0.0067 Epoch DTA Preserve:  0.0055
DTA_GATE_RAMP epoch=11 gate_limit=0.060000
Time:  0.0797 Epoch: 011 Iter:   50/ 600 LR: 0.0000565424 Loss content:  0.0172 Loss fft:  0.8209 Loss dta_rank:  0.6048 Loss dta_tv:  0.0307 Loss dta_proxy:  0.2090 Loss dta_trans:  0.0057 Loss dta_phys:  0.0065 Loss dta_preserve:  0.0051
Time:  0.0739 Epoch: 011 Iter:  100/ 600 LR: 0.0000565424 Loss content:  0.0163 Loss fft:  0.8213 Loss dta_rank:  0.6042 Loss dta_tv:  0.0305 Loss dta_proxy:  0.2072 Loss dta_trans:  0.0061 Loss dta_phys:  0.0069 Loss dta_preserve:  0.0044
Time:  0.0762 Epoch: 011 Iter:  150/ 600 LR: 0.0000565424 Loss content:  0.0171 Loss fft:  0.8022 Loss dta_rank:  0.6051 Loss dta_tv:  0.0309 Loss dta_proxy:  0.1988 Loss dta_trans:  0.0058 Loss dta_phys:  0.0066 Loss dta_preserve:  0.0055
Time:  0.0720 Epoch: 011 Iter:  200/ 600 LR: 0.0000565424 Loss content:  0.0179 Loss fft:  0.8351 Loss dta_rank:  0.6099 Loss dta_tv:  0.0304 Loss dta_proxy:  0.2101 Loss dta_trans:  0.0067 Loss dta_phys:  0.0063 Loss dta_preserve:  0.0045
Time:  0.0770 Epoch: 011 Iter:  250/ 600 LR: 0.0000565424 Loss content:  0.0169 Loss fft:  0.8345 Loss dta_rank:  0.6078 Loss dta_tv:  0.0304 Loss dta_proxy:  0.2106 Loss dta_trans:  0.0070 Loss dta_phys:  0.0066 Loss dta_preserve:  0.0060
Time:  0.0697 Epoch: 011 Iter:  300/ 600 LR: 0.0000565424 Loss content:  0.0176 Loss fft:  0.8076 Loss dta_rank:  0.6010 Loss dta_tv:  0.0304 Loss dta_proxy:  0.2115 Loss dta_trans:  0.0069 Loss dta_phys:  0.0072 Loss dta_preserve:  0.0064
Time:  0.0669 Epoch: 011 Iter:  350/ 600 LR: 0.0000565424 Loss content:  0.0164 Loss fft:  0.8298 Loss dta_rank:  0.6002 Loss dta_tv:  0.0300 Loss dta_proxy:  0.2092 Loss dta_trans:  0.0050 Loss dta_phys:  0.0065 Loss dta_preserve:  0.0044
Time:  0.0745 Epoch: 011 Iter:  400/ 600 LR: 0.0000565424 Loss content:  0.0176 Loss fft:  0.8243 Loss dta_rank:  0.6038 Loss dta_tv:  0.0298 Loss dta_proxy:  0.2093 Loss dta_trans:  0.0058 Loss dta_phys:  0.0070 Loss dta_preserve:  0.0064
Time:  0.0684 Epoch: 011 Iter:  450/ 600 LR: 0.0000565424 Loss content:  0.0174 Loss fft:  0.8242 Loss dta_rank:  0.6033 Loss dta_tv:  0.0306 Loss dta_proxy:  0.2063 Loss dta_trans:  0.0055 Loss dta_phys:  0.0069 Loss dta_preserve:  0.0043
Time:  0.0732 Epoch: 011 Iter:  500/ 600 LR: 0.0000565424 Loss content:  0.0179 Loss fft:  0.7923 Loss dta_rank:  0.5981 Loss dta_tv:  0.0294 Loss dta_proxy:  0.1983 Loss dta_trans:  0.0060 Loss dta_phys:  0.0072 Loss dta_preserve:  0.0051
Time:  0.0776 Epoch: 011 Iter:  550/ 600 LR: 0.0000565424 Loss content:  0.0165 Loss fft:  0.7860 Loss dta_rank:  0.6037 Loss dta_tv:  0.0300 Loss dta_proxy:  0.2061 Loss dta_trans:  0.0072 Loss dta_phys:  0.0075 Loss dta_preserve:  0.0037
Time:  0.0739 Epoch: 011 Iter:  600/ 600 LR: 0.0000565424 Loss content:  0.0178 Loss fft:  0.8749 Loss dta_rank:  0.6053 Loss dta_tv:  0.0295 Loss dta_proxy:  0.2086 Loss dta_trans:  0.0057 Loss dta_phys:  0.0070 Loss dta_preserve:  0.0055
EPOCH: 11
Elapsed time: 0.89 Epoch Pixel Loss:  0.0172 Epoch FFT Loss:  0.8211 Epoch DTA Rank:  0.6040 Epoch DTA TV:  0.0302 Epoch DTA Proxy:  0.2071 Epoch DTA Trans:  0.0061 Epoch DTA Phys:  0.0069 Epoch DTA Preserve:  0.0051
DTA_GATE_RAMP epoch=12 gate_limit=0.060000
Time:  0.0795 Epoch: 012 Iter:   50/ 600 LR: 0.0000473670 Loss content:  0.0183 Loss fft:  0.8072 Loss dta_rank:  0.6045 Loss dta_tv:  0.0307 Loss dta_proxy:  0.1969 Loss dta_trans:  0.0053 Loss dta_phys:  0.0073 Loss dta_preserve:  0.0060
Time:  0.0730 Epoch: 012 Iter:  100/ 600 LR: 0.0000473670 Loss content:  0.0167 Loss fft:  0.7820 Loss dta_rank:  0.6020 Loss dta_tv:  0.0307 Loss dta_proxy:  0.2032 Loss dta_trans:  0.0061 Loss dta_phys:  0.0077 Loss dta_preserve:  0.0041
Time:  0.0746 Epoch: 012 Iter:  150/ 600 LR: 0.0000473670 Loss content:  0.0164 Loss fft:  0.7969 Loss dta_rank:  0.6010 Loss dta_tv:  0.0304 Loss dta_proxy:  0.2010 Loss dta_trans:  0.0056 Loss dta_phys:  0.0063 Loss dta_preserve:  0.0038
Time:  0.0705 Epoch: 012 Iter:  200/ 600 LR: 0.0000473670 Loss content:  0.0168 Loss fft:  0.7947 Loss dta_rank:  0.6037 Loss dta_tv:  0.0299 Loss dta_proxy:  0.2088 Loss dta_trans:  0.0062 Loss dta_phys:  0.0069 Loss dta_preserve:  0.0051
Time:  0.0635 Epoch: 012 Iter:  250/ 600 LR: 0.0000473670 Loss content:  0.0170 Loss fft:  0.8395 Loss dta_rank:  0.6001 Loss dta_tv:  0.0298 Loss dta_proxy:  0.2188 Loss dta_trans:  0.0054 Loss dta_phys:  0.0061 Loss dta_preserve:  0.0052
Time:  0.0625 Epoch: 012 Iter:  300/ 600 LR: 0.0000473670 Loss content:  0.0173 Loss fft:  0.8295 Loss dta_rank:  0.6007 Loss dta_tv:  0.0298 Loss dta_proxy:  0.2052 Loss dta_trans:  0.0056 Loss dta_phys:  0.0057 Loss dta_preserve:  0.0060
Time:  0.0614 Epoch: 012 Iter:  350/ 600 LR: 0.0000473670 Loss content:  0.0172 Loss fft:  0.8292 Loss dta_rank:  0.6019 Loss dta_tv:  0.0297 Loss dta_proxy:  0.2072 Loss dta_trans:  0.0063 Loss dta_phys:  0.0071 Loss dta_preserve:  0.0052
Time:  0.0621 Epoch: 012 Iter:  400/ 600 LR: 0.0000473670 Loss content:  0.0177 Loss fft:  0.8465 Loss dta_rank:  0.6025 Loss dta_tv:  0.0299 Loss dta_proxy:  0.2025 Loss dta_trans:  0.0066 Loss dta_phys:  0.0068 Loss dta_preserve:  0.0054
Time:  0.0627 Epoch: 012 Iter:  450/ 600 LR: 0.0000473670 Loss content:  0.0173 Loss fft:  0.8400 Loss dta_rank:  0.6026 Loss dta_tv:  0.0299 Loss dta_proxy:  0.2013 Loss dta_trans:  0.0055 Loss dta_phys:  0.0067 Loss dta_preserve:  0.0065
Time:  0.0730 Epoch: 012 Iter:  500/ 600 LR: 0.0000473670 Loss content:  0.0181 Loss fft:  0.8504 Loss dta_rank:  0.6018 Loss dta_tv:  0.0298 Loss dta_proxy:  0.2053 Loss dta_trans:  0.0064 Loss dta_phys:  0.0071 Loss dta_preserve:  0.0056
Time:  0.0724 Epoch: 012 Iter:  550/ 600 LR: 0.0000473670 Loss content:  0.0170 Loss fft:  0.8106 Loss dta_rank:  0.6078 Loss dta_tv:  0.0301 Loss dta_proxy:  0.2080 Loss dta_trans:  0.0069 Loss dta_phys:  0.0065 Loss dta_preserve:  0.0059
Time:  0.0705 Epoch: 012 Iter:  600/ 600 LR: 0.0000473670 Loss content:  0.0171 Loss fft:  0.8451 Loss dta_rank:  0.6052 Loss dta_tv:  0.0298 Loss dta_proxy:  0.2123 Loss dta_trans:  0.0056 Loss dta_phys:  0.0066 Loss dta_preserve:  0.0047
EPOCH: 12
Elapsed time: 0.83 Epoch Pixel Loss:  0.0172 Epoch FFT Loss:  0.8226 Epoch DTA Rank:  0.6028 Epoch DTA TV:  0.0300 Epoch DTA Proxy:  0.2059 Epoch DTA Trans:  0.0060 Epoch DTA Phys:  0.0067 Epoch DTA Preserve:  0.0053
DTA_GATE_RAMP epoch=13 gate_limit=0.060000
Time:  0.0785 Epoch: 013 Iter:   50/ 600 LR: 0.0000383414 Loss content:  0.0164 Loss fft:  0.8059 Loss dta_rank:  0.6040 Loss dta_tv:  0.0306 Loss dta_proxy:  0.1963 Loss dta_trans:  0.0077 Loss dta_phys:  0.0063 Loss dta_preserve:  0.0046
Time:  0.0705 Epoch: 013 Iter:  100/ 600 LR: 0.0000383414 Loss content:  0.0166 Loss fft:  0.8096 Loss dta_rank:  0.6070 Loss dta_tv:  0.0303 Loss dta_proxy:  0.2025 Loss dta_trans:  0.0058 Loss dta_phys:  0.0067 Loss dta_preserve:  0.0058
Time:  0.0733 Epoch: 013 Iter:  150/ 600 LR: 0.0000383414 Loss content:  0.0177 Loss fft:  0.8433 Loss dta_rank:  0.6037 Loss dta_tv:  0.0293 Loss dta_proxy:  0.2146 Loss dta_trans:  0.0052 Loss dta_phys:  0.0064 Loss dta_preserve:  0.0045
Time:  0.0744 Epoch: 013 Iter:  200/ 600 LR: 0.0000383414 Loss content:  0.0171 Loss fft:  0.8239 Loss dta_rank:  0.5981 Loss dta_tv:  0.0294 Loss dta_proxy:  0.2076 Loss dta_trans:  0.0052 Loss dta_phys:  0.0066 Loss dta_preserve:  0.0046
Time:  0.0811 Epoch: 013 Iter:  250/ 600 LR: 0.0000383414 Loss content:  0.0172 Loss fft:  0.7958 Loss dta_rank:  0.6044 Loss dta_tv:  0.0298 Loss dta_proxy:  0.2082 Loss dta_trans:  0.0055 Loss dta_phys:  0.0070 Loss dta_preserve:  0.0049
Time:  0.0733 Epoch: 013 Iter:  300/ 600 LR: 0.0000383414 Loss content:  0.0175 Loss fft:  0.8130 Loss dta_rank:  0.5978 Loss dta_tv:  0.0305 Loss dta_proxy:  0.1990 Loss dta_trans:  0.0059 Loss dta_phys:  0.0066 Loss dta_preserve:  0.0050
Time:  0.0716 Epoch: 013 Iter:  350/ 600 LR: 0.0000383414 Loss content:  0.0165 Loss fft:  0.7960 Loss dta_rank:  0.6022 Loss dta_tv:  0.0291 Loss dta_proxy:  0.2099 Loss dta_trans:  0.0055 Loss dta_phys:  0.0065 Loss dta_preserve:  0.0057
Time:  0.0750 Epoch: 013 Iter:  400/ 600 LR: 0.0000383414 Loss content:  0.0169 Loss fft:  0.8071 Loss dta_rank:  0.6018 Loss dta_tv:  0.0294 Loss dta_proxy:  0.2042 Loss dta_trans:  0.0069 Loss dta_phys:  0.0069 Loss dta_preserve:  0.0039
Time:  0.0752 Epoch: 013 Iter:  450/ 600 LR: 0.0000383414 Loss content:  0.0182 Loss fft:  0.8543 Loss dta_rank:  0.6068 Loss dta_tv:  0.0295 Loss dta_proxy:  0.2145 Loss dta_trans:  0.0058 Loss dta_phys:  0.0065 Loss dta_preserve:  0.0043
Time:  0.0750 Epoch: 013 Iter:  500/ 600 LR: 0.0000383414 Loss content:  0.0176 Loss fft:  0.8198 Loss dta_rank:  0.6030 Loss dta_tv:  0.0293 Loss dta_proxy:  0.2098 Loss dta_trans:  0.0053 Loss dta_phys:  0.0067 Loss dta_preserve:  0.0053
Time:  0.0722 Epoch: 013 Iter:  550/ 600 LR: 0.0000383414 Loss content:  0.0167 Loss fft:  0.8113 Loss dta_rank:  0.6020 Loss dta_tv:  0.0299 Loss dta_proxy:  0.2003 Loss dta_trans:  0.0065 Loss dta_phys:  0.0071 Loss dta_preserve:  0.0054
Time:  0.0746 Epoch: 013 Iter:  600/ 600 LR: 0.0000383414 Loss content:  0.0168 Loss fft:  0.8358 Loss dta_rank:  0.6042 Loss dta_tv:  0.0300 Loss dta_proxy:  0.2080 Loss dta_trans:  0.0060 Loss dta_phys:  0.0070 Loss dta_preserve:  0.0045
EPOCH: 13
Elapsed time: 0.90 Epoch Pixel Loss:  0.0171 Epoch FFT Loss:  0.8180 Epoch DTA Rank:  0.6029 Epoch DTA TV:  0.0297 Epoch DTA Proxy:  0.2063 Epoch DTA Trans:  0.0059 Epoch DTA Phys:  0.0067 Epoch DTA Preserve:  0.0049
DTA_GATE_RAMP epoch=14 gate_limit=0.060000
Time:  0.0770 Epoch: 014 Iter:   50/ 600 LR: 0.0000297690 Loss content:  0.0166 Loss fft:  0.7959 Loss dta_rank:  0.6036 Loss dta_tv:  0.0290 Loss dta_proxy:  0.2138 Loss dta_trans:  0.0067 Loss dta_phys:  0.0068 Loss dta_preserve:  0.0051
Time:  0.0724 Epoch: 014 Iter:  100/ 600 LR: 0.0000297690 Loss content:  0.0174 Loss fft:  0.8293 Loss dta_rank:  0.6089 Loss dta_tv:  0.0292 Loss dta_proxy:  0.2167 Loss dta_trans:  0.0056 Loss dta_phys:  0.0067 Loss dta_preserve:  0.0039
Time:  0.0755 Epoch: 014 Iter:  150/ 600 LR: 0.0000297690 Loss content:  0.0170 Loss fft:  0.8211 Loss dta_rank:  0.6058 Loss dta_tv:  0.0295 Loss dta_proxy:  0.2146 Loss dta_trans:  0.0054 Loss dta_phys:  0.0069 Loss dta_preserve:  0.0051
Time:  0.0712 Epoch: 014 Iter:  200/ 600 LR: 0.0000297690 Loss content:  0.0178 Loss fft:  0.8477 Loss dta_rank:  0.5994 Loss dta_tv:  0.0300 Loss dta_proxy:  0.2059 Loss dta_trans:  0.0056 Loss dta_phys:  0.0069 Loss dta_preserve:  0.0052
Time:  0.0780 Epoch: 014 Iter:  250/ 600 LR: 0.0000297690 Loss content:  0.0170 Loss fft:  0.7985 Loss dta_rank:  0.5987 Loss dta_tv:  0.0308 Loss dta_proxy:  0.1947 Loss dta_trans:  0.0059 Loss dta_phys:  0.0060 Loss dta_preserve:  0.0063
Time:  0.0765 Epoch: 014 Iter:  300/ 600 LR: 0.0000297690 Loss content:  0.0168 Loss fft:  0.8292 Loss dta_rank:  0.5994 Loss dta_tv:  0.0299 Loss dta_proxy:  0.2029 Loss dta_trans:  0.0056 Loss dta_phys:  0.0066 Loss dta_preserve:  0.0066
Time:  0.0727 Epoch: 014 Iter:  350/ 600 LR: 0.0000297690 Loss content:  0.0171 Loss fft:  0.7907 Loss dta_rank:  0.6023 Loss dta_tv:  0.0298 Loss dta_proxy:  0.2057 Loss dta_trans:  0.0063 Loss dta_phys:  0.0075 Loss dta_preserve:  0.0064
Time:  0.0748 Epoch: 014 Iter:  400/ 600 LR: 0.0000297690 Loss content:  0.0176 Loss fft:  0.8469 Loss dta_rank:  0.5996 Loss dta_tv:  0.0291 Loss dta_proxy:  0.2046 Loss dta_trans:  0.0049 Loss dta_phys:  0.0064 Loss dta_preserve:  0.0046
Time:  0.0670 Epoch: 014 Iter:  450/ 600 LR: 0.0000297690 Loss content:  0.0176 Loss fft:  0.8396 Loss dta_rank:  0.6046 Loss dta_tv:  0.0294 Loss dta_proxy:  0.2195 Loss dta_trans:  0.0067 Loss dta_phys:  0.0069 Loss dta_preserve:  0.0056
Time:  0.0596 Epoch: 014 Iter:  500/ 600 LR: 0.0000297690 Loss content:  0.0173 Loss fft:  0.8381 Loss dta_rank:  0.6038 Loss dta_tv:  0.0290 Loss dta_proxy:  0.2112 Loss dta_trans:  0.0054 Loss dta_phys:  0.0062 Loss dta_preserve:  0.0042
Time:  0.0636 Epoch: 014 Iter:  550/ 600 LR: 0.0000297690 Loss content:  0.0174 Loss fft:  0.8123 Loss dta_rank:  0.6077 Loss dta_tv:  0.0298 Loss dta_proxy:  0.2031 Loss dta_trans:  0.0057 Loss dta_phys:  0.0067 Loss dta_preserve:  0.0047
Time:  0.0668 Epoch: 014 Iter:  600/ 600 LR: 0.0000297690 Loss content:  0.0168 Loss fft:  0.7970 Loss dta_rank:  0.6055 Loss dta_tv:  0.0288 Loss dta_proxy:  0.2116 Loss dta_trans:  0.0058 Loss dta_phys:  0.0067 Loss dta_preserve:  0.0040
EPOCH: 14
Elapsed time: 0.86 Epoch Pixel Loss:  0.0172 Epoch FFT Loss:  0.8205 Epoch DTA Rank:  0.6033 Epoch DTA TV:  0.0295 Epoch DTA Proxy:  0.2087 Epoch DTA Trans:  0.0058 Epoch DTA Phys:  0.0067 Epoch DTA Preserve:  0.0051
DTA_GATE_RAMP epoch=15 gate_limit=0.060000
Time:  0.0718 Epoch: 015 Iter:   50/ 600 LR: 0.0000219361 Loss content:  0.0169 Loss fft:  0.8083 Loss dta_rank:  0.6019 Loss dta_tv:  0.0292 Loss dta_proxy:  0.2097 Loss dta_trans:  0.0058 Loss dta_phys:  0.0069 Loss dta_preserve:  0.0055
Time:  0.0636 Epoch: 015 Iter:  100/ 600 LR: 0.0000219361 Loss content:  0.0167 Loss fft:  0.8246 Loss dta_rank:  0.6005 Loss dta_tv:  0.0294 Loss dta_proxy:  0.2087 Loss dta_trans:  0.0059 Loss dta_phys:  0.0070 Loss dta_preserve:  0.0052
Time:  0.0663 Epoch: 015 Iter:  150/ 600 LR: 0.0000219361 Loss content:  0.0173 Loss fft:  0.8033 Loss dta_rank:  0.6051 Loss dta_tv:  0.0292 Loss dta_proxy:  0.2087 Loss dta_trans:  0.0061 Loss dta_phys:  0.0065 Loss dta_preserve:  0.0063
Time:  0.0643 Epoch: 015 Iter:  200/ 600 LR: 0.0000219361 Loss content:  0.0175 Loss fft:  0.8323 Loss dta_rank:  0.6074 Loss dta_tv:  0.0290 Loss dta_proxy:  0.2137 Loss dta_trans:  0.0056 Loss dta_phys:  0.0066 Loss dta_preserve:  0.0056
Time:  0.0631 Epoch: 015 Iter:  250/ 600 LR: 0.0000219361 Loss content:  0.0164 Loss fft:  0.8003 Loss dta_rank:  0.6025 Loss dta_tv:  0.0306 Loss dta_proxy:  0.2008 Loss dta_trans:  0.0063 Loss dta_phys:  0.0072 Loss dta_preserve:  0.0051
Time:  0.0687 Epoch: 015 Iter:  300/ 600 LR: 0.0000219361 Loss content:  0.0169 Loss fft:  0.8111 Loss dta_rank:  0.6005 Loss dta_tv:  0.0298 Loss dta_proxy:  0.1992 Loss dta_trans:  0.0052 Loss dta_phys:  0.0068 Loss dta_preserve:  0.0043
Time:  0.0746 Epoch: 015 Iter:  350/ 600 LR: 0.0000219361 Loss content:  0.0167 Loss fft:  0.8316 Loss dta_rank:  0.6024 Loss dta_tv:  0.0297 Loss dta_proxy:  0.2054 Loss dta_trans:  0.0054 Loss dta_phys:  0.0074 Loss dta_preserve:  0.0071
Time:  0.0760 Epoch: 015 Iter:  400/ 600 LR: 0.0000219361 Loss content:  0.0174 Loss fft:  0.8026 Loss dta_rank:  0.6052 Loss dta_tv:  0.0298 Loss dta_proxy:  0.2060 Loss dta_trans:  0.0067 Loss dta_phys:  0.0066 Loss dta_preserve:  0.0048
Time:  0.0717 Epoch: 015 Iter:  450/ 600 LR: 0.0000219361 Loss content:  0.0178 Loss fft:  0.8523 Loss dta_rank:  0.6009 Loss dta_tv:  0.0286 Loss dta_proxy:  0.2135 Loss dta_trans:  0.0051 Loss dta_phys:  0.0071 Loss dta_preserve:  0.0067
Time:  0.0781 Epoch: 015 Iter:  500/ 600 LR: 0.0000219361 Loss content:  0.0166 Loss fft:  0.8029 Loss dta_rank:  0.6045 Loss dta_tv:  0.0298 Loss dta_proxy:  0.2098 Loss dta_trans:  0.0061 Loss dta_phys:  0.0071 Loss dta_preserve:  0.0053
Time:  0.0749 Epoch: 015 Iter:  550/ 600 LR: 0.0000219361 Loss content:  0.0178 Loss fft:  0.8318 Loss dta_rank:  0.5990 Loss dta_tv:  0.0289 Loss dta_proxy:  0.2107 Loss dta_trans:  0.0057 Loss dta_phys:  0.0063 Loss dta_preserve:  0.0052
Time:  0.0714 Epoch: 015 Iter:  600/ 600 LR: 0.0000219361 Loss content:  0.0185 Loss fft:  0.8486 Loss dta_rank:  0.6055 Loss dta_tv:  0.0299 Loss dta_proxy:  0.2038 Loss dta_trans:  0.0059 Loss dta_phys:  0.0062 Loss dta_preserve:  0.0058
EPOCH: 15
Elapsed time: 0.85 Epoch Pixel Loss:  0.0172 Epoch FFT Loss:  0.8208 Epoch DTA Rank:  0.6029 Epoch DTA TV:  0.0295 Epoch DTA Proxy:  0.2075 Epoch DTA Trans:  0.0058 Epoch DTA Phys:  0.0068 Epoch DTA Preserve:  0.0056
DTA_GATE_RAMP epoch=16 gate_limit=0.060000
Time:  0.0794 Epoch: 016 Iter:   50/ 600 LR: 0.0000151017 Loss content:  0.0177 Loss fft:  0.8373 Loss dta_rank:  0.6006 Loss dta_tv:  0.0295 Loss dta_proxy:  0.2029 Loss dta_trans:  0.0069 Loss dta_phys:  0.0064 Loss dta_preserve:  0.0049
Time:  0.0718 Epoch: 016 Iter:  100/ 600 LR: 0.0000151017 Loss content:  0.0165 Loss fft:  0.8039 Loss dta_rank:  0.6041 Loss dta_tv:  0.0298 Loss dta_proxy:  0.2075 Loss dta_trans:  0.0058 Loss dta_phys:  0.0070 Loss dta_preserve:  0.0039
Time:  0.0744 Epoch: 016 Iter:  150/ 600 LR: 0.0000151017 Loss content:  0.0178 Loss fft:  0.8486 Loss dta_rank:  0.6047 Loss dta_tv:  0.0288 Loss dta_proxy:  0.2182 Loss dta_trans:  0.0051 Loss dta_phys:  0.0067 Loss dta_preserve:  0.0047
Time:  0.0744 Epoch: 016 Iter:  200/ 600 LR: 0.0000151017 Loss content:  0.0175 Loss fft:  0.8429 Loss dta_rank:  0.6016 Loss dta_tv:  0.0300 Loss dta_proxy:  0.2080 Loss dta_trans:  0.0062 Loss dta_phys:  0.0067 Loss dta_preserve:  0.0049
Time:  0.0731 Epoch: 016 Iter:  250/ 600 LR: 0.0000151017 Loss content:  0.0170 Loss fft:  0.8046 Loss dta_rank:  0.6062 Loss dta_tv:  0.0295 Loss dta_proxy:  0.2096 Loss dta_trans:  0.0064 Loss dta_phys:  0.0070 Loss dta_preserve:  0.0057
Time:  0.0730 Epoch: 016 Iter:  300/ 600 LR: 0.0000151017 Loss content:  0.0169 Loss fft:  0.8171 Loss dta_rank:  0.6042 Loss dta_tv:  0.0295 Loss dta_proxy:  0.2074 Loss dta_trans:  0.0055 Loss dta_phys:  0.0069 Loss dta_preserve:  0.0039
Time:  0.0733 Epoch: 016 Iter:  350/ 600 LR: 0.0000151017 Loss content:  0.0170 Loss fft:  0.7872 Loss dta_rank:  0.6047 Loss dta_tv:  0.0292 Loss dta_proxy:  0.2124 Loss dta_trans:  0.0057 Loss dta_phys:  0.0071 Loss dta_preserve:  0.0063
Time:  0.0730 Epoch: 016 Iter:  400/ 600 LR: 0.0000151017 Loss content:  0.0160 Loss fft:  0.7886 Loss dta_rank:  0.6022 Loss dta_tv:  0.0304 Loss dta_proxy:  0.2031 Loss dta_trans:  0.0051 Loss dta_phys:  0.0069 Loss dta_preserve:  0.0043
Time:  0.0740 Epoch: 016 Iter:  450/ 600 LR: 0.0000151017 Loss content:  0.0166 Loss fft:  0.8026 Loss dta_rank:  0.6046 Loss dta_tv:  0.0292 Loss dta_proxy:  0.2061 Loss dta_trans:  0.0053 Loss dta_phys:  0.0064 Loss dta_preserve:  0.0055
Time:  0.0733 Epoch: 016 Iter:  500/ 600 LR: 0.0000151017 Loss content:  0.0181 Loss fft:  0.8570 Loss dta_rank:  0.5997 Loss dta_tv:  0.0297 Loss dta_proxy:  0.2015 Loss dta_trans:  0.0057 Loss dta_phys:  0.0064 Loss dta_preserve:  0.0066
Time:  0.0722 Epoch: 016 Iter:  550/ 600 LR: 0.0000151017 Loss content:  0.0165 Loss fft:  0.8138 Loss dta_rank:  0.5998 Loss dta_tv:  0.0296 Loss dta_proxy:  0.1988 Loss dta_trans:  0.0054 Loss dta_phys:  0.0058 Loss dta_preserve:  0.0048
Time:  0.0683 Epoch: 016 Iter:  600/ 600 LR: 0.0000151017 Loss content:  0.0175 Loss fft:  0.8321 Loss dta_rank:  0.6093 Loss dta_tv:  0.0292 Loss dta_proxy:  0.2152 Loss dta_trans:  0.0066 Loss dta_phys:  0.0074 Loss dta_preserve:  0.0040
EPOCH: 16
Elapsed time: 0.88 Epoch Pixel Loss:  0.0171 Epoch FFT Loss:  0.8196 Epoch DTA Rank:  0.6035 Epoch DTA TV:  0.0295 Epoch DTA Proxy:  0.2076 Epoch DTA Trans:  0.0058 Epoch DTA Phys:  0.0067 Epoch DTA Preserve:  0.0050
DTA_GATE_RAMP epoch=17 gate_limit=0.060000
Time:  0.0732 Epoch: 017 Iter:   50/ 600 LR: 0.0000094853 Loss content:  0.0166 Loss fft:  0.7896 Loss dta_rank:  0.6058 Loss dta_tv:  0.0291 Loss dta_proxy:  0.2119 Loss dta_trans:  0.0054 Loss dta_phys:  0.0068 Loss dta_preserve:  0.0044
Time:  0.0742 Epoch: 017 Iter:  100/ 600 LR: 0.0000094853 Loss content:  0.0176 Loss fft:  0.8336 Loss dta_rank:  0.6029 Loss dta_tv:  0.0294 Loss dta_proxy:  0.2069 Loss dta_trans:  0.0067 Loss dta_phys:  0.0076 Loss dta_preserve:  0.0046
Time:  0.0753 Epoch: 017 Iter:  150/ 600 LR: 0.0000094853 Loss content:  0.0175 Loss fft:  0.8090 Loss dta_rank:  0.6066 Loss dta_tv:  0.0291 Loss dta_proxy:  0.2142 Loss dta_trans:  0.0055 Loss dta_phys:  0.0067 Loss dta_preserve:  0.0053
Time:  0.0732 Epoch: 017 Iter:  200/ 600 LR: 0.0000094853 Loss content:  0.0156 Loss fft:  0.7992 Loss dta_rank:  0.6040 Loss dta_tv:  0.0303 Loss dta_proxy:  0.1901 Loss dta_trans:  0.0057 Loss dta_phys:  0.0056 Loss dta_preserve:  0.0049
Time:  0.0750 Epoch: 017 Iter:  250/ 600 LR: 0.0000094853 Loss content:  0.0176 Loss fft:  0.8109 Loss dta_rank:  0.6102 Loss dta_tv:  0.0284 Loss dta_proxy:  0.2275 Loss dta_trans:  0.0050 Loss dta_phys:  0.0075 Loss dta_preserve:  0.0049
Time:  0.0729 Epoch: 017 Iter:  300/ 600 LR: 0.0000094853 Loss content:  0.0174 Loss fft:  0.8272 Loss dta_rank:  0.5988 Loss dta_tv:  0.0292 Loss dta_proxy:  0.2106 Loss dta_trans:  0.0056 Loss dta_phys:  0.0065 Loss dta_preserve:  0.0051
Time:  0.0731 Epoch: 017 Iter:  350/ 600 LR: 0.0000094853 Loss content:  0.0166 Loss fft:  0.8065 Loss dta_rank:  0.6010 Loss dta_tv:  0.0288 Loss dta_proxy:  0.2084 Loss dta_trans:  0.0053 Loss dta_phys:  0.0061 Loss dta_preserve:  0.0043
Time:  0.0720 Epoch: 017 Iter:  400/ 600 LR: 0.0000094853 Loss content:  0.0168 Loss fft:  0.8308 Loss dta_rank:  0.6067 Loss dta_tv:  0.0296 Loss dta_proxy:  0.2025 Loss dta_trans:  0.0060 Loss dta_phys:  0.0061 Loss dta_preserve:  0.0047
Time:  0.0612 Epoch: 017 Iter:  450/ 600 LR: 0.0000094853 Loss content:  0.0169 Loss fft:  0.8165 Loss dta_rank:  0.6012 Loss dta_tv:  0.0296 Loss dta_proxy:  0.2104 Loss dta_trans:  0.0061 Loss dta_phys:  0.0068 Loss dta_preserve:  0.0048
Time:  0.0685 Epoch: 017 Iter:  500/ 600 LR: 0.0000094853 Loss content:  0.0170 Loss fft:  0.8191 Loss dta_rank:  0.6037 Loss dta_tv:  0.0298 Loss dta_proxy:  0.2055 Loss dta_trans:  0.0058 Loss dta_phys:  0.0072 Loss dta_preserve:  0.0047
Time:  0.0734 Epoch: 017 Iter:  550/ 600 LR: 0.0000094853 Loss content:  0.0177 Loss fft:  0.8592 Loss dta_rank:  0.5998 Loss dta_tv:  0.0287 Loss dta_proxy:  0.2060 Loss dta_trans:  0.0061 Loss dta_phys:  0.0065 Loss dta_preserve:  0.0049
Time:  0.0621 Epoch: 017 Iter:  600/ 600 LR: 0.0000094853 Loss content:  0.0178 Loss fft:  0.8057 Loss dta_rank:  0.6005 Loss dta_tv:  0.0292 Loss dta_proxy:  0.2067 Loss dta_trans:  0.0063 Loss dta_phys:  0.0066 Loss dta_preserve:  0.0050
EPOCH: 17
Elapsed time: 0.86 Epoch Pixel Loss:  0.0171 Epoch FFT Loss:  0.8173 Epoch DTA Rank:  0.6034 Epoch DTA TV:  0.0293 Epoch DTA Proxy:  0.2084 Epoch DTA Trans:  0.0058 Epoch DTA Phys:  0.0067 Epoch DTA Preserve:  0.0048
DTA_GATE_RAMP epoch=18 gate_limit=0.060000
Time:  0.0753 Epoch: 018 Iter:   50/ 600 LR: 0.0000052550 Loss content:  0.0166 Loss fft:  0.7988 Loss dta_rank:  0.6032 Loss dta_tv:  0.0301 Loss dta_proxy:  0.1971 Loss dta_trans:  0.0060 Loss dta_phys:  0.0071 Loss dta_preserve:  0.0056
Time:  0.0702 Epoch: 018 Iter:  100/ 600 LR: 0.0000052550 Loss content:  0.0183 Loss fft:  0.8768 Loss dta_rank:  0.6061 Loss dta_tv:  0.0291 Loss dta_proxy:  0.2108 Loss dta_trans:  0.0055 Loss dta_phys:  0.0066 Loss dta_preserve:  0.0044
Time:  0.0743 Epoch: 018 Iter:  150/ 600 LR: 0.0000052550 Loss content:  0.0172 Loss fft:  0.8397 Loss dta_rank:  0.6020 Loss dta_tv:  0.0297 Loss dta_proxy:  0.2008 Loss dta_trans:  0.0050 Loss dta_phys:  0.0063 Loss dta_preserve:  0.0039
Time:  0.0726 Epoch: 018 Iter:  200/ 600 LR: 0.0000052550 Loss content:  0.0171 Loss fft:  0.7975 Loss dta_rank:  0.6059 Loss dta_tv:  0.0291 Loss dta_proxy:  0.2086 Loss dta_trans:  0.0051 Loss dta_phys:  0.0065 Loss dta_preserve:  0.0044
Time:  0.0737 Epoch: 018 Iter:  250/ 600 LR: 0.0000052550 Loss content:  0.0167 Loss fft:  0.8089 Loss dta_rank:  0.6038 Loss dta_tv:  0.0283 Loss dta_proxy:  0.2102 Loss dta_trans:  0.0050 Loss dta_phys:  0.0065 Loss dta_preserve:  0.0051
Time:  0.0693 Epoch: 018 Iter:  300/ 600 LR: 0.0000052550 Loss content:  0.0170 Loss fft:  0.8042 Loss dta_rank:  0.6033 Loss dta_tv:  0.0296 Loss dta_proxy:  0.2060 Loss dta_trans:  0.0067 Loss dta_phys:  0.0072 Loss dta_preserve:  0.0054
Time:  0.0842 Epoch: 018 Iter:  350/ 600 LR: 0.0000052550 Loss content:  0.0173 Loss fft:  0.8118 Loss dta_rank:  0.6007 Loss dta_tv:  0.0296 Loss dta_proxy:  0.2131 Loss dta_trans:  0.0059 Loss dta_phys:  0.0067 Loss dta_preserve:  0.0061
Time:  0.0853 Epoch: 018 Iter:  400/ 600 LR: 0.0000052550 Loss content:  0.0179 Loss fft:  0.8163 Loss dta_rank:  0.6066 Loss dta_tv:  0.0286 Loss dta_proxy:  0.2165 Loss dta_trans:  0.0055 Loss dta_phys:  0.0068 Loss dta_preserve:  0.0062
Time:  0.0861 Epoch: 018 Iter:  450/ 600 LR: 0.0000052550 Loss content:  0.0166 Loss fft:  0.7895 Loss dta_rank:  0.6047 Loss dta_tv:  0.0296 Loss dta_proxy:  0.2008 Loss dta_trans:  0.0064 Loss dta_phys:  0.0067 Loss dta_preserve:  0.0053
Time:  0.0826 Epoch: 018 Iter:  500/ 600 LR: 0.0000052550 Loss content:  0.0172 Loss fft:  0.8381 Loss dta_rank:  0.6016 Loss dta_tv:  0.0289 Loss dta_proxy:  0.2108 Loss dta_trans:  0.0049 Loss dta_phys:  0.0067 Loss dta_preserve:  0.0051
Time:  0.0811 Epoch: 018 Iter:  550/ 600 LR: 0.0000052550 Loss content:  0.0176 Loss fft:  0.8235 Loss dta_rank:  0.5998 Loss dta_tv:  0.0294 Loss dta_proxy:  0.1975 Loss dta_trans:  0.0059 Loss dta_phys:  0.0067 Loss dta_preserve:  0.0055
Time:  0.0831 Epoch: 018 Iter:  600/ 600 LR: 0.0000052550 Loss content:  0.0167 Loss fft:  0.8215 Loss dta_rank:  0.6029 Loss dta_tv:  0.0296 Loss dta_proxy:  0.2062 Loss dta_trans:  0.0061 Loss dta_phys:  0.0070 Loss dta_preserve:  0.0054
EPOCH: 18
Elapsed time: 0.94 Epoch Pixel Loss:  0.0172 Epoch FFT Loss:  0.8189 Epoch DTA Rank:  0.6034 Epoch DTA TV:  0.0293 Epoch DTA Proxy:  0.2065 Epoch DTA Trans:  0.0057 Epoch DTA Phys:  0.0067 Epoch DTA Preserve:  0.0052
DTA_GATE_RAMP epoch=19 gate_limit=0.060000
Time:  0.0800 Epoch: 019 Iter:   50/ 600 LR: 0.0000025070 Loss content:  0.0174 Loss fft:  0.8288 Loss dta_rank:  0.5987 Loss dta_tv:  0.0284 Loss dta_proxy:  0.2121 Loss dta_trans:  0.0046 Loss dta_phys:  0.0063 Loss dta_preserve:  0.0043
Time:  0.0832 Epoch: 019 Iter:  100/ 600 LR: 0.0000025070 Loss content:  0.0164 Loss fft:  0.8101 Loss dta_rank:  0.6059 Loss dta_tv:  0.0289 Loss dta_proxy:  0.2104 Loss dta_trans:  0.0052 Loss dta_phys:  0.0063 Loss dta_preserve:  0.0055
Time:  0.0828 Epoch: 019 Iter:  150/ 600 LR: 0.0000025070 Loss content:  0.0178 Loss fft:  0.8656 Loss dta_rank:  0.6058 Loss dta_tv:  0.0291 Loss dta_proxy:  0.2136 Loss dta_trans:  0.0055 Loss dta_phys:  0.0067 Loss dta_preserve:  0.0066
Time:  0.0783 Epoch: 019 Iter:  200/ 600 LR: 0.0000025070 Loss content:  0.0176 Loss fft:  0.8221 Loss dta_rank:  0.6059 Loss dta_tv:  0.0289 Loss dta_proxy:  0.2098 Loss dta_trans:  0.0052 Loss dta_phys:  0.0069 Loss dta_preserve:  0.0051
Time:  0.0826 Epoch: 019 Iter:  250/ 600 LR: 0.0000025070 Loss content:  0.0163 Loss fft:  0.7617 Loss dta_rank:  0.6040 Loss dta_tv:  0.0295 Loss dta_proxy:  0.2043 Loss dta_trans:  0.0058 Loss dta_phys:  0.0072 Loss dta_preserve:  0.0039
Time:  0.0847 Epoch: 019 Iter:  300/ 600 LR: 0.0000025070 Loss content:  0.0171 Loss fft:  0.8292 Loss dta_rank:  0.5999 Loss dta_tv:  0.0297 Loss dta_proxy:  0.2055 Loss dta_trans:  0.0064 Loss dta_phys:  0.0066 Loss dta_preserve:  0.0046
Time:  0.0845 Epoch: 019 Iter:  350/ 600 LR: 0.0000025070 Loss content:  0.0173 Loss fft:  0.8166 Loss dta_rank:  0.6025 Loss dta_tv:  0.0297 Loss dta_proxy:  0.1987 Loss dta_trans:  0.0068 Loss dta_phys:  0.0071 Loss dta_preserve:  0.0048
Time:  0.0876 Epoch: 019 Iter:  400/ 600 LR: 0.0000025070 Loss content:  0.0175 Loss fft:  0.8228 Loss dta_rank:  0.6062 Loss dta_tv:  0.0294 Loss dta_proxy:  0.2126 Loss dta_trans:  0.0059 Loss dta_phys:  0.0069 Loss dta_preserve:  0.0056
Time:  0.0739 Epoch: 019 Iter:  450/ 600 LR: 0.0000025070 Loss content:  0.0160 Loss fft:  0.7956 Loss dta_rank:  0.5965 Loss dta_tv:  0.0294 Loss dta_proxy:  0.2086 Loss dta_trans:  0.0056 Loss dta_phys:  0.0071 Loss dta_preserve:  0.0065
Time:  0.0865 Epoch: 019 Iter:  500/ 600 LR: 0.0000025070 Loss content:  0.0171 Loss fft:  0.8285 Loss dta_rank:  0.6010 Loss dta_tv:  0.0296 Loss dta_proxy:  0.2027 Loss dta_trans:  0.0058 Loss dta_phys:  0.0067 Loss dta_preserve:  0.0046
Time:  0.0924 Epoch: 019 Iter:  550/ 600 LR: 0.0000025070 Loss content:  0.0170 Loss fft:  0.8297 Loss dta_rank:  0.6007 Loss dta_tv:  0.0296 Loss dta_proxy:  0.2030 Loss dta_trans:  0.0059 Loss dta_phys:  0.0073 Loss dta_preserve:  0.0054
Time:  0.0826 Epoch: 019 Iter:  600/ 600 LR: 0.0000025070 Loss content:  0.0171 Loss fft:  0.8304 Loss dta_rank:  0.6038 Loss dta_tv:  0.0294 Loss dta_proxy:  0.2127 Loss dta_trans:  0.0060 Loss dta_phys:  0.0062 Loss dta_preserve:  0.0045
EPOCH: 19
Elapsed time: 1.00 Epoch Pixel Loss:  0.0170 Epoch FFT Loss:  0.8201 Epoch DTA Rank:  0.6025 Epoch DTA TV:  0.0293 Epoch DTA Proxy:  0.2078 Epoch DTA Trans:  0.0057 Epoch DTA Phys:  0.0068 Epoch DTA Preserve:  0.0051
DTA_GATE_RAMP epoch=20 gate_limit=0.060000
Time:  0.0746 Epoch: 020 Iter:   50/ 600 LR: 0.0000012125 Loss content:  0.0176 Loss fft:  0.8097 Loss dta_rank:  0.6038 Loss dta_tv:  0.0295 Loss dta_proxy:  0.2042 Loss dta_trans:  0.0072 Loss dta_phys:  0.0067 Loss dta_preserve:  0.0062
Time:  0.0770 Epoch: 020 Iter:  100/ 600 LR: 0.0000012125 Loss content:  0.0168 Loss fft:  0.8139 Loss dta_rank:  0.6044 Loss dta_tv:  0.0289 Loss dta_proxy:  0.2143 Loss dta_trans:  0.0057 Loss dta_phys:  0.0060 Loss dta_preserve:  0.0054
Time:  0.0702 Epoch: 020 Iter:  150/ 600 LR: 0.0000012125 Loss content:  0.0170 Loss fft:  0.8074 Loss dta_rank:  0.6012 Loss dta_tv:  0.0288 Loss dta_proxy:  0.2084 Loss dta_trans:  0.0058 Loss dta_phys:  0.0072 Loss dta_preserve:  0.0064
Time:  0.0760 Epoch: 020 Iter:  200/ 600 LR: 0.0000012125 Loss content:  0.0170 Loss fft:  0.8100 Loss dta_rank:  0.6078 Loss dta_tv:  0.0292 Loss dta_proxy:  0.2124 Loss dta_trans:  0.0056 Loss dta_phys:  0.0069 Loss dta_preserve:  0.0059
Time:  0.0758 Epoch: 020 Iter:  250/ 600 LR: 0.0000012125 Loss content:  0.0173 Loss fft:  0.8482 Loss dta_rank:  0.6019 Loss dta_tv:  0.0294 Loss dta_proxy:  0.2110 Loss dta_trans:  0.0056 Loss dta_phys:  0.0069 Loss dta_preserve:  0.0051
Time:  0.0704 Epoch: 020 Iter:  300/ 600 LR: 0.0000012125 Loss content:  0.0172 Loss fft:  0.8036 Loss dta_rank:  0.6038 Loss dta_tv:  0.0296 Loss dta_proxy:  0.2038 Loss dta_trans:  0.0060 Loss dta_phys:  0.0067 Loss dta_preserve:  0.0039
Time:  0.0729 Epoch: 020 Iter:  350/ 600 LR: 0.0000012125 Loss content:  0.0164 Loss fft:  0.7951 Loss dta_rank:  0.6049 Loss dta_tv:  0.0298 Loss dta_proxy:  0.2031 Loss dta_trans:  0.0056 Loss dta_phys:  0.0068 Loss dta_preserve:  0.0051
Time:  0.0753 Epoch: 020 Iter:  400/ 600 LR: 0.0000012125 Loss content:  0.0167 Loss fft:  0.7895 Loss dta_rank:  0.6069 Loss dta_tv:  0.0297 Loss dta_proxy:  0.2078 Loss dta_trans:  0.0057 Loss dta_phys:  0.0066 Loss dta_preserve:  0.0042
Time:  0.0769 Epoch: 020 Iter:  450/ 600 LR: 0.0000012125 Loss content:  0.0175 Loss fft:  0.8386 Loss dta_rank:  0.6060 Loss dta_tv:  0.0284 Loss dta_proxy:  0.2170 Loss dta_trans:  0.0051 Loss dta_phys:  0.0067 Loss dta_preserve:  0.0068
Time:  0.0830 Epoch: 020 Iter:  500/ 600 LR: 0.0000012125 Loss content:  0.0172 Loss fft:  0.8303 Loss dta_rank:  0.5991 Loss dta_tv:  0.0298 Loss dta_proxy:  0.2017 Loss dta_trans:  0.0058 Loss dta_phys:  0.0070 Loss dta_preserve:  0.0042
Time:  0.0840 Epoch: 020 Iter:  550/ 600 LR: 0.0000012125 Loss content:  0.0171 Loss fft:  0.8258 Loss dta_rank:  0.6043 Loss dta_tv:  0.0296 Loss dta_proxy:  0.2084 Loss dta_trans:  0.0059 Loss dta_phys:  0.0072 Loss dta_preserve:  0.0052
Time:  0.0796 Epoch: 020 Iter:  600/ 600 LR: 0.0000012125 Loss content:  0.0171 Loss fft:  0.8191 Loss dta_rank:  0.6039 Loss dta_tv:  0.0287 Loss dta_proxy:  0.2147 Loss dta_trans:  0.0053 Loss dta_phys:  0.0069 Loss dta_preserve:  0.0040
EPOCH: 20
Elapsed time: 0.92 Epoch Pixel Loss:  0.0171 Epoch FFT Loss:  0.8159 Epoch DTA Rank:  0.6040 Epoch DTA TV:  0.0293 Epoch DTA Proxy:  0.2089 Epoch DTA Trans:  0.0058 Epoch DTA Phys:  0.0068 Epoch DTA Preserve:  0.0052
