Namespace(model_name='ConvIR-Haze4K-DTA-v2-adapter_only-normal-seed3413-f3-oof20', data='Haze4K', version='base', fam_mode='original', arch='dta_v2', seed=3413, mode='train', data_dir='/sda/home/wangyuxin/ConvIR-B/datasets/Haze4K/Haze4K', batch_size=4, learning_rate=0.0001, weight_decay=0.0, num_epoch=20, stop_epoch=20, print_freq=50, num_worker=4, save_freq=5, valid_freq=9999, mod_stats_freq=5, mod_stats_batches=16, grad_clip_norm=0.001, dta_grad_clip_norm=0.05, dta_neighbor_grad_clip_norm=0.005, init_model='/sda/home/wangyuxin/ConvIR-B/checkpoints/official/Haze4K/haze4k-base.pkl', init_model_partial=True, partial_new_prefixes='DTA.', resume='', train_scope='adapter_only', dta_depth_cache_dir='/sda/home/wangyuxin/ConvIR-B/depth_cache/depth_anything_v2_small_hf', dta_train_depth_split='train', dta_eval_depth_split='train', valid_root_split='train', eval_root_split='test', dta_require_depth=True, dta_variant='v2', dta_depth_mode='normal', dta_prior_channels=32, dta_gate_bias=-6.0, dta_gate_limit=0.06, dta_gamma_limit=0.12, dta_beta_limit=0.06, dta_alpha_init=1.0, dta_confidence_floor=0.25, dta_confidence_local_scale=6.0, dta_output_residual_scale=0.03, dta_use_trans_gt=True, dta_trans_weight=0.02, dta_phys_weight=0.005, dta_preserve_weight=0.02, dta_preserve_trans_thresh=0.8, dta_gate_ramp_start=0.01, dta_gate_ramp_mid=0.03, dta_gate_ramp_end=0.06, dta_gate_ramp_warmup_epochs=2, dta_gate_ramp_mid_epochs=8, dta_rank_weight=0.001, dta_tv_weight=0.0001, dta_proxy_weight=0.0, dta_rank_pairs=512, dta_rank_min_depth_gap=0.03, split_json='/sda/home/wangyuxin/ConvIR-B/repos/ConvIR-B-dta-v2-calibrated/experience_docx/experiment_logs/haze4k_dta_v2_calibrated_20260611/dta_v2_haze4k_oof_splits_seed3407.json', split_name='fold3_train', test_model='', save_image=False, leaning_rate=0.0001, model_save_dir='results/ConvIR-Haze4K-DTA-v2-adapter_only-normal-seed3413-f3-oof20/Training-Results/', result_dir='results/ConvIR-Haze4K-DTA-v2-adapter_only-normal-seed3413-f3-oof20/images/Haze4K', init_model_sha256='6f42037d57a4e3de3a10ac0ab909d66a3415864a19433c29204a975f4efa4088')
/sda/home/wangyuxin/ConvIR-B/repos/ConvIR-B-dta-v2-calibrated/Dehazing/ITS/main.py:14: FutureWarning: You are using `torch.load` with `weights_only=False` (the current default value), which uses the default pickle module implicitly. It is possible to construct malicious pickle data which will execute arbitrary code during unpickling (See https://github.com/pytorch/pytorch/blob/main/SECURITY.md#untrusted-models for more details). In a future release, the default value for `weights_only` will be flipped to `True`. This limits the functions that could be executed during unpickling. Arbitrary objects will no longer be allowed to be loaded via this mode unless they are explicitly allowlisted by the user via `torch.serialization.add_safe_globals`. We recommend you start setting `weights_only=True` for any use case where you don't have full control of the loaded file. Please open an issue on GitHub for any issues related to this experimental feature.
  state = torch.load(path, map_location=map_location)
INIT_MODEL_PARTIAL_LOAD path=/sda/home/wangyuxin/ConvIR-B/checkpoints/official/Haze4K/haze4k-base.pkl loaded=602 missing_allowed=25 unexpected=[] allowed_new_prefixes=('DTA.',)
TRAIN_SCOPE scope=adapter_only arch=dta_v2 trainable=74699 total=8705364
/sda/home/wangyuxin/ConvIR-B/envs/convir-cu121/lib/python3.10/site-packages/torch/optim/lr_scheduler.py:224: UserWarning: Detected call of `lr_scheduler.step()` before `optimizer.step()`. In PyTorch 1.1.0 and later, you should call them in the opposite order: `optimizer.step()` before `lr_scheduler.step()`.  Failure to do this will result in PyTorch skipping the first value of the learning rate schedule. See more details at https://pytorch.org/docs/stable/optim.html#how-to-adjust-learning-rate
  warnings.warn(
DTA_GATE_RAMP epoch=1 gate_limit=0.010000
Time:  0.0911 Epoch: 001 Iter:   50/ 600 LR: 0.0000333333 Loss content:  0.0172 Loss fft:  0.8143 Loss dta_rank:  0.6916 Loss dta_tv:  0.0038 Loss dta_proxy:  0.2788 Loss dta_trans:  0.0415 Loss dta_phys:  0.0070 Loss dta_preserve:  0.0047
Time:  0.0784 Epoch: 001 Iter:  100/ 600 LR: 0.0000333333 Loss content:  0.0177 Loss fft:  0.8418 Loss dta_rank:  0.6914 Loss dta_tv:  0.0096 Loss dta_proxy:  0.3049 Loss dta_trans:  0.0349 Loss dta_phys:  0.0091 Loss dta_preserve:  0.0044
Time:  0.0884 Epoch: 001 Iter:  150/ 600 LR: 0.0000333333 Loss content:  0.0171 Loss fft:  0.8102 Loss dta_rank:  0.6924 Loss dta_tv:  0.0141 Loss dta_proxy:  0.3564 Loss dta_trans:  0.0368 Loss dta_phys:  0.0093 Loss dta_preserve:  0.0044
Time:  0.0877 Epoch: 001 Iter:  200/ 600 LR: 0.0000333333 Loss content:  0.0169 Loss fft:  0.7925 Loss dta_rank:  0.6967 Loss dta_tv:  0.0160 Loss dta_proxy:  0.3460 Loss dta_trans:  0.0304 Loss dta_phys:  0.0102 Loss dta_preserve:  0.0054
Time:  0.0876 Epoch: 001 Iter:  250/ 600 LR: 0.0000333333 Loss content:  0.0171 Loss fft:  0.8284 Loss dta_rank:  0.7026 Loss dta_tv:  0.0180 Loss dta_proxy:  0.3553 Loss dta_trans:  0.0276 Loss dta_phys:  0.0094 Loss dta_preserve:  0.0063
Time:  0.0843 Epoch: 001 Iter:  300/ 600 LR: 0.0000333333 Loss content:  0.0164 Loss fft:  0.7888 Loss dta_rank:  0.7102 Loss dta_tv:  0.0212 Loss dta_proxy:  0.3713 Loss dta_trans:  0.0231 Loss dta_phys:  0.0102 Loss dta_preserve:  0.0056
Time:  0.0878 Epoch: 001 Iter:  350/ 600 LR: 0.0000333333 Loss content:  0.0167 Loss fft:  0.8294 Loss dta_rank:  0.7187 Loss dta_tv:  0.0250 Loss dta_proxy:  0.3793 Loss dta_trans:  0.0222 Loss dta_phys:  0.0085 Loss dta_preserve:  0.0051
Time:  0.0775 Epoch: 001 Iter:  400/ 600 LR: 0.0000333333 Loss content:  0.0172 Loss fft:  0.7990 Loss dta_rank:  0.7285 Loss dta_tv:  0.0289 Loss dta_proxy:  0.3931 Loss dta_trans:  0.0180 Loss dta_phys:  0.0083 Loss dta_preserve:  0.0050
Time:  0.0856 Epoch: 001 Iter:  450/ 600 LR: 0.0000333333 Loss content:  0.0176 Loss fft:  0.8393 Loss dta_rank:  0.7337 Loss dta_tv:  0.0317 Loss dta_proxy:  0.4115 Loss dta_trans:  0.0163 Loss dta_phys:  0.0090 Loss dta_preserve:  0.0054
Time:  0.0812 Epoch: 001 Iter:  500/ 600 LR: 0.0000333333 Loss content:  0.0176 Loss fft:  0.8415 Loss dta_rank:  0.7417 Loss dta_tv:  0.0320 Loss dta_proxy:  0.4549 Loss dta_trans:  0.0124 Loss dta_phys:  0.0082 Loss dta_preserve:  0.0059
Time:  0.0692 Epoch: 001 Iter:  550/ 600 LR: 0.0000333333 Loss content:  0.0164 Loss fft:  0.7987 Loss dta_rank:  0.7473 Loss dta_tv:  0.0348 Loss dta_proxy:  0.4183 Loss dta_trans:  0.0134 Loss dta_phys:  0.0080 Loss dta_preserve:  0.0049
Time:  0.0801 Epoch: 001 Iter:  600/ 600 LR: 0.0000333333 Loss content:  0.0166 Loss fft:  0.7977 Loss dta_rank:  0.7516 Loss dta_tv:  0.0343 Loss dta_proxy:  0.4521 Loss dta_trans:  0.0128 Loss dta_phys:  0.0075 Loss dta_preserve:  0.0055
EPOCH: 01
Elapsed time: 1.00 Epoch Pixel Loss:  0.0171 Epoch FFT Loss:  0.8151 Epoch DTA Rank:  0.7172 Epoch DTA TV:  0.0224 Epoch DTA Proxy:  0.3768 Epoch DTA Trans:  0.0241 Epoch DTA Phys:  0.0087 Epoch DTA Preserve:  0.0052
DTA_GATE_RAMP epoch=2 gate_limit=0.010000
Time:  0.0911 Epoch: 002 Iter:   50/ 600 LR: 0.0000666667 Loss content:  0.0169 Loss fft:  0.8434 Loss dta_rank:  0.7552 Loss dta_tv:  0.0355 Loss dta_proxy:  0.4386 Loss dta_trans:  0.0114 Loss dta_phys:  0.0069 Loss dta_preserve:  0.0047
Time:  0.0736 Epoch: 002 Iter:  100/ 600 LR: 0.0000666667 Loss content:  0.0177 Loss fft:  0.8476 Loss dta_rank:  0.7590 Loss dta_tv:  0.0359 Loss dta_proxy:  0.4456 Loss dta_trans:  0.0107 Loss dta_phys:  0.0072 Loss dta_preserve:  0.0063
Time:  0.0698 Epoch: 002 Iter:  150/ 600 LR: 0.0000666667 Loss content:  0.0171 Loss fft:  0.8148 Loss dta_rank:  0.7631 Loss dta_tv:  0.0348 Loss dta_proxy:  0.4196 Loss dta_trans:  0.0106 Loss dta_phys:  0.0072 Loss dta_preserve:  0.0046
Time:  0.0670 Epoch: 002 Iter:  200/ 600 LR: 0.0000666667 Loss content:  0.0164 Loss fft:  0.8100 Loss dta_rank:  0.7624 Loss dta_tv:  0.0362 Loss dta_proxy:  0.4392 Loss dta_trans:  0.0109 Loss dta_phys:  0.0077 Loss dta_preserve:  0.0051
Time:  0.0712 Epoch: 002 Iter:  250/ 600 LR: 0.0000666667 Loss content:  0.0167 Loss fft:  0.7848 Loss dta_rank:  0.7619 Loss dta_tv:  0.0352 Loss dta_proxy:  0.4184 Loss dta_trans:  0.0100 Loss dta_phys:  0.0073 Loss dta_preserve:  0.0041
Time:  0.0735 Epoch: 002 Iter:  300/ 600 LR: 0.0000666667 Loss content:  0.0176 Loss fft:  0.8400 Loss dta_rank:  0.7648 Loss dta_tv:  0.0353 Loss dta_proxy:  0.4327 Loss dta_trans:  0.0107 Loss dta_phys:  0.0064 Loss dta_preserve:  0.0057
Time:  0.0717 Epoch: 002 Iter:  350/ 600 LR: 0.0000666667 Loss content:  0.0176 Loss fft:  0.8368 Loss dta_rank:  0.7658 Loss dta_tv:  0.0344 Loss dta_proxy:  0.4469 Loss dta_trans:  0.0098 Loss dta_phys:  0.0065 Loss dta_preserve:  0.0050
Time:  0.0681 Epoch: 002 Iter:  400/ 600 LR: 0.0000666667 Loss content:  0.0171 Loss fft:  0.8161 Loss dta_rank:  0.7676 Loss dta_tv:  0.0337 Loss dta_proxy:  0.4552 Loss dta_trans:  0.0084 Loss dta_phys:  0.0070 Loss dta_preserve:  0.0058
Time:  0.0746 Epoch: 002 Iter:  450/ 600 LR: 0.0000666667 Loss content:  0.0177 Loss fft:  0.8188 Loss dta_rank:  0.7634 Loss dta_tv:  0.0339 Loss dta_proxy:  0.4500 Loss dta_trans:  0.0098 Loss dta_phys:  0.0074 Loss dta_preserve:  0.0047
Time:  0.0721 Epoch: 002 Iter:  500/ 600 LR: 0.0000666667 Loss content:  0.0172 Loss fft:  0.8203 Loss dta_rank:  0.7657 Loss dta_tv:  0.0329 Loss dta_proxy:  0.4523 Loss dta_trans:  0.0089 Loss dta_phys:  0.0066 Loss dta_preserve:  0.0065
Time:  0.0719 Epoch: 002 Iter:  550/ 600 LR: 0.0000666667 Loss content:  0.0171 Loss fft:  0.8402 Loss dta_rank:  0.7686 Loss dta_tv:  0.0324 Loss dta_proxy:  0.4538 Loss dta_trans:  0.0087 Loss dta_phys:  0.0070 Loss dta_preserve:  0.0054
Time:  0.0778 Epoch: 002 Iter:  600/ 600 LR: 0.0000666667 Loss content:  0.0173 Loss fft:  0.8147 Loss dta_rank:  0.7660 Loss dta_tv:  0.0331 Loss dta_proxy:  0.4595 Loss dta_trans:  0.0090 Loss dta_phys:  0.0077 Loss dta_preserve:  0.0048
EPOCH: 02
Elapsed time: 0.89 Epoch Pixel Loss:  0.0172 Epoch FFT Loss:  0.8240 Epoch DTA Rank:  0.7636 Epoch DTA TV:  0.0344 Epoch DTA Proxy:  0.4427 Epoch DTA Trans:  0.0099 Epoch DTA Phys:  0.0071 Epoch DTA Preserve:  0.0052
DTA_GATE_RAMP epoch=3 gate_limit=0.030000
Time:  0.0889 Epoch: 003 Iter:   50/ 600 LR: 0.0001000000 Loss content:  0.0170 Loss fft:  0.8089 Loss dta_rank:  0.7655 Loss dta_tv:  0.0323 Loss dta_proxy:  0.4648 Loss dta_trans:  0.0099 Loss dta_phys:  0.0081 Loss dta_preserve:  0.0061
Time:  0.0849 Epoch: 003 Iter:  100/ 600 LR: 0.0001000000 Loss content:  0.0173 Loss fft:  0.8265 Loss dta_rank:  0.7685 Loss dta_tv:  0.0322 Loss dta_proxy:  0.4677 Loss dta_trans:  0.0092 Loss dta_phys:  0.0073 Loss dta_preserve:  0.0055
Time:  0.0855 Epoch: 003 Iter:  150/ 600 LR: 0.0001000000 Loss content:  0.0166 Loss fft:  0.8328 Loss dta_rank:  0.7677 Loss dta_tv:  0.0329 Loss dta_proxy:  0.4541 Loss dta_trans:  0.0073 Loss dta_phys:  0.0064 Loss dta_preserve:  0.0062
Time:  0.0810 Epoch: 003 Iter:  200/ 600 LR: 0.0001000000 Loss content:  0.0175 Loss fft:  0.8155 Loss dta_rank:  0.7649 Loss dta_tv:  0.0324 Loss dta_proxy:  0.4460 Loss dta_trans:  0.0094 Loss dta_phys:  0.0066 Loss dta_preserve:  0.0062
Time:  0.0745 Epoch: 003 Iter:  250/ 600 LR: 0.0001000000 Loss content:  0.0172 Loss fft:  0.7991 Loss dta_rank:  0.7668 Loss dta_tv:  0.0323 Loss dta_proxy:  0.4462 Loss dta_trans:  0.0095 Loss dta_phys:  0.0073 Loss dta_preserve:  0.0057
Time:  0.0845 Epoch: 003 Iter:  300/ 600 LR: 0.0001000000 Loss content:  0.0172 Loss fft:  0.8237 Loss dta_rank:  0.7691 Loss dta_tv:  0.0319 Loss dta_proxy:  0.4545 Loss dta_trans:  0.0077 Loss dta_phys:  0.0064 Loss dta_preserve:  0.0054
Time:  0.0830 Epoch: 003 Iter:  350/ 600 LR: 0.0001000000 Loss content:  0.0171 Loss fft:  0.8430 Loss dta_rank:  0.7635 Loss dta_tv:  0.0323 Loss dta_proxy:  0.4487 Loss dta_trans:  0.0083 Loss dta_phys:  0.0068 Loss dta_preserve:  0.0041
Time:  0.0830 Epoch: 003 Iter:  400/ 600 LR: 0.0001000000 Loss content:  0.0174 Loss fft:  0.8519 Loss dta_rank:  0.7737 Loss dta_tv:  0.0324 Loss dta_proxy:  0.4491 Loss dta_trans:  0.0083 Loss dta_phys:  0.0070 Loss dta_preserve:  0.0044
Time:  0.0755 Epoch: 003 Iter:  450/ 600 LR: 0.0001000000 Loss content:  0.0172 Loss fft:  0.8159 Loss dta_rank:  0.7671 Loss dta_tv:  0.0314 Loss dta_proxy:  0.4416 Loss dta_trans:  0.0077 Loss dta_phys:  0.0073 Loss dta_preserve:  0.0044
Time:  0.0884 Epoch: 003 Iter:  500/ 600 LR: 0.0001000000 Loss content:  0.0174 Loss fft:  0.8397 Loss dta_rank:  0.7710 Loss dta_tv:  0.0308 Loss dta_proxy:  0.4504 Loss dta_trans:  0.0084 Loss dta_phys:  0.0062 Loss dta_preserve:  0.0048
Time:  0.0792 Epoch: 003 Iter:  550/ 600 LR: 0.0001000000 Loss content:  0.0170 Loss fft:  0.8203 Loss dta_rank:  0.7686 Loss dta_tv:  0.0311 Loss dta_proxy:  0.4550 Loss dta_trans:  0.0075 Loss dta_phys:  0.0071 Loss dta_preserve:  0.0050
Time:  0.0723 Epoch: 003 Iter:  600/ 600 LR: 0.0001000000 Loss content:  0.0170 Loss fft:  0.8075 Loss dta_rank:  0.7660 Loss dta_tv:  0.0311 Loss dta_proxy:  0.4416 Loss dta_trans:  0.0089 Loss dta_phys:  0.0071 Loss dta_preserve:  0.0051
EPOCH: 03
Elapsed time: 0.98 Epoch Pixel Loss:  0.0172 Epoch FFT Loss:  0.8237 Epoch DTA Rank:  0.7677 Epoch DTA TV:  0.0319 Epoch DTA Proxy:  0.4516 Epoch DTA Trans:  0.0085 Epoch DTA Phys:  0.0070 Epoch DTA Preserve:  0.0052
/sda/home/wangyuxin/ConvIR-B/envs/convir-cu121/lib/python3.10/site-packages/torch/optim/lr_scheduler.py:1087: UserWarning: To get the last learning rate computed by the scheduler, please use `get_last_lr()`.
  _warn_get_lr_called_within_step(self)
DTA_GATE_RAMP epoch=4 gate_limit=0.030000
Time:  0.0799 Epoch: 004 Iter:   50/ 600 LR: 0.0001000000 Loss content:  0.0174 Loss fft:  0.8589 Loss dta_rank:  0.7733 Loss dta_tv:  0.0302 Loss dta_proxy:  0.4590 Loss dta_trans:  0.0065 Loss dta_phys:  0.0061 Loss dta_preserve:  0.0053
Time:  0.0720 Epoch: 004 Iter:  100/ 600 LR: 0.0001000000 Loss content:  0.0173 Loss fft:  0.8256 Loss dta_rank:  0.7638 Loss dta_tv:  0.0302 Loss dta_proxy:  0.4566 Loss dta_trans:  0.0088 Loss dta_phys:  0.0067 Loss dta_preserve:  0.0069
Time:  0.0766 Epoch: 004 Iter:  150/ 600 LR: 0.0001000000 Loss content:  0.0172 Loss fft:  0.8481 Loss dta_rank:  0.7677 Loss dta_tv:  0.0306 Loss dta_proxy:  0.4400 Loss dta_trans:  0.0089 Loss dta_phys:  0.0066 Loss dta_preserve:  0.0055
Time:  0.0748 Epoch: 004 Iter:  200/ 600 LR: 0.0001000000 Loss content:  0.0176 Loss fft:  0.8317 Loss dta_rank:  0.7684 Loss dta_tv:  0.0292 Loss dta_proxy:  0.4635 Loss dta_trans:  0.0061 Loss dta_phys:  0.0061 Loss dta_preserve:  0.0048
Time:  0.0762 Epoch: 004 Iter:  250/ 600 LR: 0.0001000000 Loss content:  0.0160 Loss fft:  0.7731 Loss dta_rank:  0.7686 Loss dta_tv:  0.0301 Loss dta_proxy:  0.4577 Loss dta_trans:  0.0071 Loss dta_phys:  0.0072 Loss dta_preserve:  0.0047
Time:  0.0739 Epoch: 004 Iter:  300/ 600 LR: 0.0001000000 Loss content:  0.0168 Loss fft:  0.8088 Loss dta_rank:  0.7704 Loss dta_tv:  0.0299 Loss dta_proxy:  0.4537 Loss dta_trans:  0.0079 Loss dta_phys:  0.0076 Loss dta_preserve:  0.0061
Time:  0.0731 Epoch: 004 Iter:  350/ 600 LR: 0.0001000000 Loss content:  0.0170 Loss fft:  0.8165 Loss dta_rank:  0.7687 Loss dta_tv:  0.0299 Loss dta_proxy:  0.4648 Loss dta_trans:  0.0077 Loss dta_phys:  0.0075 Loss dta_preserve:  0.0060
Time:  0.0767 Epoch: 004 Iter:  400/ 600 LR: 0.0001000000 Loss content:  0.0173 Loss fft:  0.8342 Loss dta_rank:  0.7696 Loss dta_tv:  0.0292 Loss dta_proxy:  0.4551 Loss dta_trans:  0.0075 Loss dta_phys:  0.0071 Loss dta_preserve:  0.0046
Time:  0.0713 Epoch: 004 Iter:  450/ 600 LR: 0.0001000000 Loss content:  0.0174 Loss fft:  0.8322 Loss dta_rank:  0.7732 Loss dta_tv:  0.0301 Loss dta_proxy:  0.4494 Loss dta_trans:  0.0077 Loss dta_phys:  0.0066 Loss dta_preserve:  0.0045
Time:  0.0765 Epoch: 004 Iter:  500/ 600 LR: 0.0001000000 Loss content:  0.0173 Loss fft:  0.8181 Loss dta_rank:  0.7712 Loss dta_tv:  0.0302 Loss dta_proxy:  0.4512 Loss dta_trans:  0.0072 Loss dta_phys:  0.0069 Loss dta_preserve:  0.0059
Time:  0.0740 Epoch: 004 Iter:  550/ 600 LR: 0.0001000000 Loss content:  0.0167 Loss fft:  0.8118 Loss dta_rank:  0.7733 Loss dta_tv:  0.0291 Loss dta_proxy:  0.4678 Loss dta_trans:  0.0079 Loss dta_phys:  0.0070 Loss dta_preserve:  0.0054
Time:  0.0724 Epoch: 004 Iter:  600/ 600 LR: 0.0001000000 Loss content:  0.0172 Loss fft:  0.8086 Loss dta_rank:  0.7760 Loss dta_tv:  0.0287 Loss dta_proxy:  0.4392 Loss dta_trans:  0.0072 Loss dta_phys:  0.0061 Loss dta_preserve:  0.0046
EPOCH: 04
Elapsed time: 0.90 Epoch Pixel Loss:  0.0171 Epoch FFT Loss:  0.8223 Epoch DTA Rank:  0.7703 Epoch DTA TV:  0.0298 Epoch DTA Proxy:  0.4548 Epoch DTA Trans:  0.0075 Epoch DTA Phys:  0.0068 Epoch DTA Preserve:  0.0054
DTA_GATE_RAMP epoch=5 gate_limit=0.030000
Time:  0.0803 Epoch: 005 Iter:   50/ 600 LR: 0.0000983215 Loss content:  0.0167 Loss fft:  0.7973 Loss dta_rank:  0.7683 Loss dta_tv:  0.0291 Loss dta_proxy:  0.4455 Loss dta_trans:  0.0080 Loss dta_phys:  0.0072 Loss dta_preserve:  0.0046
Time:  0.0723 Epoch: 005 Iter:  100/ 600 LR: 0.0000983215 Loss content:  0.0169 Loss fft:  0.8073 Loss dta_rank:  0.7701 Loss dta_tv:  0.0300 Loss dta_proxy:  0.4382 Loss dta_trans:  0.0076 Loss dta_phys:  0.0064 Loss dta_preserve:  0.0048
Time:  0.0768 Epoch: 005 Iter:  150/ 600 LR: 0.0000983215 Loss content:  0.0167 Loss fft:  0.7824 Loss dta_rank:  0.7717 Loss dta_tv:  0.0281 Loss dta_proxy:  0.4666 Loss dta_trans:  0.0076 Loss dta_phys:  0.0079 Loss dta_preserve:  0.0053
Time:  0.0757 Epoch: 005 Iter:  200/ 600 LR: 0.0000983215 Loss content:  0.0172 Loss fft:  0.8475 Loss dta_rank:  0.7795 Loss dta_tv:  0.0285 Loss dta_proxy:  0.4673 Loss dta_trans:  0.0066 Loss dta_phys:  0.0062 Loss dta_preserve:  0.0039
Time:  0.0747 Epoch: 005 Iter:  250/ 600 LR: 0.0000983215 Loss content:  0.0175 Loss fft:  0.8482 Loss dta_rank:  0.7725 Loss dta_tv:  0.0279 Loss dta_proxy:  0.4717 Loss dta_trans:  0.0080 Loss dta_phys:  0.0065 Loss dta_preserve:  0.0053
Time:  0.0718 Epoch: 005 Iter:  300/ 600 LR: 0.0000983215 Loss content:  0.0171 Loss fft:  0.8028 Loss dta_rank:  0.7686 Loss dta_tv:  0.0294 Loss dta_proxy:  0.4226 Loss dta_trans:  0.0076 Loss dta_phys:  0.0068 Loss dta_preserve:  0.0056
Time:  0.0742 Epoch: 005 Iter:  350/ 600 LR: 0.0000983215 Loss content:  0.0174 Loss fft:  0.8146 Loss dta_rank:  0.7690 Loss dta_tv:  0.0287 Loss dta_proxy:  0.4441 Loss dta_trans:  0.0079 Loss dta_phys:  0.0069 Loss dta_preserve:  0.0062
Time:  0.0718 Epoch: 005 Iter:  400/ 600 LR: 0.0000983215 Loss content:  0.0171 Loss fft:  0.8308 Loss dta_rank:  0.7764 Loss dta_tv:  0.0288 Loss dta_proxy:  0.4607 Loss dta_trans:  0.0065 Loss dta_phys:  0.0061 Loss dta_preserve:  0.0046
Time:  0.0758 Epoch: 005 Iter:  450/ 600 LR: 0.0000983215 Loss content:  0.0171 Loss fft:  0.8367 Loss dta_rank:  0.7721 Loss dta_tv:  0.0284 Loss dta_proxy:  0.4591 Loss dta_trans:  0.0052 Loss dta_phys:  0.0062 Loss dta_preserve:  0.0047
Time:  0.0738 Epoch: 005 Iter:  500/ 600 LR: 0.0000983215 Loss content:  0.0171 Loss fft:  0.8548 Loss dta_rank:  0.7670 Loss dta_tv:  0.0286 Loss dta_proxy:  0.4682 Loss dta_trans:  0.0074 Loss dta_phys:  0.0071 Loss dta_preserve:  0.0050
Time:  0.0737 Epoch: 005 Iter:  550/ 600 LR: 0.0000983215 Loss content:  0.0166 Loss fft:  0.7918 Loss dta_rank:  0.7692 Loss dta_tv:  0.0287 Loss dta_proxy:  0.4521 Loss dta_trans:  0.0078 Loss dta_phys:  0.0075 Loss dta_preserve:  0.0049
Time:  0.0725 Epoch: 005 Iter:  600/ 600 LR: 0.0000983215 Loss content:  0.0171 Loss fft:  0.8038 Loss dta_rank:  0.7673 Loss dta_tv:  0.0289 Loss dta_proxy:  0.4508 Loss dta_trans:  0.0064 Loss dta_phys:  0.0075 Loss dta_preserve:  0.0051
EPOCH: 05
Elapsed time: 0.90 Epoch Pixel Loss:  0.0170 Epoch FFT Loss:  0.8182 Epoch DTA Rank:  0.7710 Epoch DTA TV:  0.0288 Epoch DTA Proxy:  0.4539 Epoch DTA Trans:  0.0072 Epoch DTA Phys:  0.0069 Epoch DTA Preserve:  0.0050
DTA_GATE_RAMP epoch=6 gate_limit=0.030000
Time:  0.0755 Epoch: 006 Iter:   50/ 600 LR: 0.0000942212 Loss content:  0.0170 Loss fft:  0.8241 Loss dta_rank:  0.7768 Loss dta_tv:  0.0286 Loss dta_proxy:  0.4558 Loss dta_trans:  0.0069 Loss dta_phys:  0.0070 Loss dta_preserve:  0.0068
Time:  0.0694 Epoch: 006 Iter:  100/ 600 LR: 0.0000942212 Loss content:  0.0171 Loss fft:  0.8382 Loss dta_rank:  0.7729 Loss dta_tv:  0.0278 Loss dta_proxy:  0.4592 Loss dta_trans:  0.0062 Loss dta_phys:  0.0066 Loss dta_preserve:  0.0052
Time:  0.0705 Epoch: 006 Iter:  150/ 600 LR: 0.0000942212 Loss content:  0.0168 Loss fft:  0.7684 Loss dta_rank:  0.7719 Loss dta_tv:  0.0282 Loss dta_proxy:  0.4575 Loss dta_trans:  0.0066 Loss dta_phys:  0.0067 Loss dta_preserve:  0.0041
Time:  0.0747 Epoch: 006 Iter:  200/ 600 LR: 0.0000942212 Loss content:  0.0170 Loss fft:  0.8222 Loss dta_rank:  0.7768 Loss dta_tv:  0.0284 Loss dta_proxy:  0.4634 Loss dta_trans:  0.0070 Loss dta_phys:  0.0067 Loss dta_preserve:  0.0056
Time:  0.0743 Epoch: 006 Iter:  250/ 600 LR: 0.0000942212 Loss content:  0.0187 Loss fft:  0.8577 Loss dta_rank:  0.7720 Loss dta_tv:  0.0275 Loss dta_proxy:  0.4631 Loss dta_trans:  0.0075 Loss dta_phys:  0.0068 Loss dta_preserve:  0.0046
Time:  0.0705 Epoch: 006 Iter:  300/ 600 LR: 0.0000942212 Loss content:  0.0170 Loss fft:  0.8393 Loss dta_rank:  0.7681 Loss dta_tv:  0.0282 Loss dta_proxy:  0.4563 Loss dta_trans:  0.0065 Loss dta_phys:  0.0065 Loss dta_preserve:  0.0051
Time:  0.0735 Epoch: 006 Iter:  350/ 600 LR: 0.0000942212 Loss content:  0.0167 Loss fft:  0.7857 Loss dta_rank:  0.7723 Loss dta_tv:  0.0276 Loss dta_proxy:  0.4700 Loss dta_trans:  0.0068 Loss dta_phys:  0.0067 Loss dta_preserve:  0.0048
Time:  0.0731 Epoch: 006 Iter:  400/ 600 LR: 0.0000942212 Loss content:  0.0181 Loss fft:  0.8448 Loss dta_rank:  0.7737 Loss dta_tv:  0.0274 Loss dta_proxy:  0.4719 Loss dta_trans:  0.0061 Loss dta_phys:  0.0071 Loss dta_preserve:  0.0071
Time:  0.0768 Epoch: 006 Iter:  450/ 600 LR: 0.0000942212 Loss content:  0.0172 Loss fft:  0.8275 Loss dta_rank:  0.7690 Loss dta_tv:  0.0279 Loss dta_proxy:  0.4507 Loss dta_trans:  0.0067 Loss dta_phys:  0.0077 Loss dta_preserve:  0.0046
Time:  0.0657 Epoch: 006 Iter:  500/ 600 LR: 0.0000942212 Loss content:  0.0162 Loss fft:  0.7607 Loss dta_rank:  0.7651 Loss dta_tv:  0.0270 Loss dta_proxy:  0.4510 Loss dta_trans:  0.0072 Loss dta_phys:  0.0060 Loss dta_preserve:  0.0055
Time:  0.0610 Epoch: 006 Iter:  550/ 600 LR: 0.0000942212 Loss content:  0.0177 Loss fft:  0.8642 Loss dta_rank:  0.7779 Loss dta_tv:  0.0275 Loss dta_proxy:  0.4569 Loss dta_trans:  0.0065 Loss dta_phys:  0.0063 Loss dta_preserve:  0.0046
Time:  0.0718 Epoch: 006 Iter:  600/ 600 LR: 0.0000942212 Loss content:  0.0172 Loss fft:  0.8121 Loss dta_rank:  0.7680 Loss dta_tv:  0.0273 Loss dta_proxy:  0.4547 Loss dta_trans:  0.0077 Loss dta_phys:  0.0077 Loss dta_preserve:  0.0045
EPOCH: 06
Elapsed time: 0.86 Epoch Pixel Loss:  0.0172 Epoch FFT Loss:  0.8204 Epoch DTA Rank:  0.7720 Epoch DTA TV:  0.0278 Epoch DTA Proxy:  0.4592 Epoch DTA Trans:  0.0068 Epoch DTA Phys:  0.0068 Epoch DTA Preserve:  0.0052
DTA_GATE_RAMP epoch=7 gate_limit=0.030000
Time:  0.0783 Epoch: 007 Iter:   50/ 600 LR: 0.0000886874 Loss content:  0.0171 Loss fft:  0.8229 Loss dta_rank:  0.7685 Loss dta_tv:  0.0270 Loss dta_proxy:  0.4631 Loss dta_trans:  0.0074 Loss dta_phys:  0.0075 Loss dta_preserve:  0.0040
Time:  0.0718 Epoch: 007 Iter:  100/ 600 LR: 0.0000886874 Loss content:  0.0174 Loss fft:  0.8245 Loss dta_rank:  0.7713 Loss dta_tv:  0.0279 Loss dta_proxy:  0.4400 Loss dta_trans:  0.0072 Loss dta_phys:  0.0074 Loss dta_preserve:  0.0060
Time:  0.0741 Epoch: 007 Iter:  150/ 600 LR: 0.0000886874 Loss content:  0.0174 Loss fft:  0.8131 Loss dta_rank:  0.7743 Loss dta_tv:  0.0263 Loss dta_proxy:  0.4793 Loss dta_trans:  0.0058 Loss dta_phys:  0.0065 Loss dta_preserve:  0.0046
Time:  0.0756 Epoch: 007 Iter:  200/ 600 LR: 0.0000886874 Loss content:  0.0177 Loss fft:  0.8228 Loss dta_rank:  0.7726 Loss dta_tv:  0.0270 Loss dta_proxy:  0.4779 Loss dta_trans:  0.0062 Loss dta_phys:  0.0080 Loss dta_preserve:  0.0049
Time:  0.0769 Epoch: 007 Iter:  250/ 600 LR: 0.0000886874 Loss content:  0.0167 Loss fft:  0.8116 Loss dta_rank:  0.7718 Loss dta_tv:  0.0282 Loss dta_proxy:  0.4434 Loss dta_trans:  0.0076 Loss dta_phys:  0.0059 Loss dta_preserve:  0.0040
Time:  0.0772 Epoch: 007 Iter:  300/ 600 LR: 0.0000886874 Loss content:  0.0168 Loss fft:  0.8240 Loss dta_rank:  0.7740 Loss dta_tv:  0.0282 Loss dta_proxy:  0.4527 Loss dta_trans:  0.0068 Loss dta_phys:  0.0071 Loss dta_preserve:  0.0060
Time:  0.0769 Epoch: 007 Iter:  350/ 600 LR: 0.0000886874 Loss content:  0.0175 Loss fft:  0.8668 Loss dta_rank:  0.7744 Loss dta_tv:  0.0272 Loss dta_proxy:  0.4689 Loss dta_trans:  0.0065 Loss dta_phys:  0.0059 Loss dta_preserve:  0.0043
Time:  0.0734 Epoch: 007 Iter:  400/ 600 LR: 0.0000886874 Loss content:  0.0170 Loss fft:  0.8312 Loss dta_rank:  0.7720 Loss dta_tv:  0.0271 Loss dta_proxy:  0.4432 Loss dta_trans:  0.0061 Loss dta_phys:  0.0065 Loss dta_preserve:  0.0050
Time:  0.0735 Epoch: 007 Iter:  450/ 600 LR: 0.0000886874 Loss content:  0.0175 Loss fft:  0.8111 Loss dta_rank:  0.7750 Loss dta_tv:  0.0264 Loss dta_proxy:  0.4688 Loss dta_trans:  0.0052 Loss dta_phys:  0.0063 Loss dta_preserve:  0.0061
Time:  0.0788 Epoch: 007 Iter:  500/ 600 LR: 0.0000886874 Loss content:  0.0165 Loss fft:  0.8191 Loss dta_rank:  0.7788 Loss dta_tv:  0.0276 Loss dta_proxy:  0.4567 Loss dta_trans:  0.0080 Loss dta_phys:  0.0070 Loss dta_preserve:  0.0054
Time:  0.0802 Epoch: 007 Iter:  550/ 600 LR: 0.0000886874 Loss content:  0.0160 Loss fft:  0.7846 Loss dta_rank:  0.7697 Loss dta_tv:  0.0263 Loss dta_proxy:  0.4495 Loss dta_trans:  0.0068 Loss dta_phys:  0.0073 Loss dta_preserve:  0.0059
Time:  0.0777 Epoch: 007 Iter:  600/ 600 LR: 0.0000886874 Loss content:  0.0165 Loss fft:  0.8186 Loss dta_rank:  0.7723 Loss dta_tv:  0.0265 Loss dta_proxy:  0.4493 Loss dta_trans:  0.0066 Loss dta_phys:  0.0065 Loss dta_preserve:  0.0048
EPOCH: 07
Elapsed time: 0.92 Epoch Pixel Loss:  0.0170 Epoch FFT Loss:  0.8209 Epoch DTA Rank:  0.7729 Epoch DTA TV:  0.0272 Epoch DTA Proxy:  0.4577 Epoch DTA Trans:  0.0067 Epoch DTA Phys:  0.0068 Epoch DTA Preserve:  0.0051
DTA_GATE_RAMP epoch=8 gate_limit=0.030000
Time:  0.0832 Epoch: 008 Iter:   50/ 600 LR: 0.0000819070 Loss content:  0.0165 Loss fft:  0.8012 Loss dta_rank:  0.7744 Loss dta_tv:  0.0273 Loss dta_proxy:  0.4606 Loss dta_trans:  0.0063 Loss dta_phys:  0.0074 Loss dta_preserve:  0.0058
Time:  0.0723 Epoch: 008 Iter:  100/ 600 LR: 0.0000819070 Loss content:  0.0172 Loss fft:  0.8098 Loss dta_rank:  0.7734 Loss dta_tv:  0.0270 Loss dta_proxy:  0.4572 Loss dta_trans:  0.0070 Loss dta_phys:  0.0067 Loss dta_preserve:  0.0065
Time:  0.0724 Epoch: 008 Iter:  150/ 600 LR: 0.0000819070 Loss content:  0.0169 Loss fft:  0.8219 Loss dta_rank:  0.7747 Loss dta_tv:  0.0267 Loss dta_proxy:  0.4605 Loss dta_trans:  0.0060 Loss dta_phys:  0.0071 Loss dta_preserve:  0.0056
Time:  0.0733 Epoch: 008 Iter:  200/ 600 LR: 0.0000819070 Loss content:  0.0165 Loss fft:  0.8011 Loss dta_rank:  0.7706 Loss dta_tv:  0.0266 Loss dta_proxy:  0.4571 Loss dta_trans:  0.0069 Loss dta_phys:  0.0065 Loss dta_preserve:  0.0040
Time:  0.0728 Epoch: 008 Iter:  250/ 600 LR: 0.0000819070 Loss content:  0.0174 Loss fft:  0.8317 Loss dta_rank:  0.7695 Loss dta_tv:  0.0273 Loss dta_proxy:  0.4500 Loss dta_trans:  0.0072 Loss dta_phys:  0.0067 Loss dta_preserve:  0.0044
Time:  0.0741 Epoch: 008 Iter:  300/ 600 LR: 0.0000819070 Loss content:  0.0169 Loss fft:  0.8048 Loss dta_rank:  0.7751 Loss dta_tv:  0.0265 Loss dta_proxy:  0.4525 Loss dta_trans:  0.0061 Loss dta_phys:  0.0066 Loss dta_preserve:  0.0060
Time:  0.0727 Epoch: 008 Iter:  350/ 600 LR: 0.0000819070 Loss content:  0.0173 Loss fft:  0.8039 Loss dta_rank:  0.7691 Loss dta_tv:  0.0267 Loss dta_proxy:  0.4577 Loss dta_trans:  0.0071 Loss dta_phys:  0.0073 Loss dta_preserve:  0.0045
Time:  0.0730 Epoch: 008 Iter:  400/ 600 LR: 0.0000819070 Loss content:  0.0170 Loss fft:  0.8364 Loss dta_rank:  0.7731 Loss dta_tv:  0.0266 Loss dta_proxy:  0.4528 Loss dta_trans:  0.0053 Loss dta_phys:  0.0064 Loss dta_preserve:  0.0054
Time:  0.0745 Epoch: 008 Iter:  450/ 600 LR: 0.0000819070 Loss content:  0.0168 Loss fft:  0.8164 Loss dta_rank:  0.7715 Loss dta_tv:  0.0265 Loss dta_proxy:  0.4780 Loss dta_trans:  0.0069 Loss dta_phys:  0.0070 Loss dta_preserve:  0.0048
Time:  0.0753 Epoch: 008 Iter:  500/ 600 LR: 0.0000819070 Loss content:  0.0178 Loss fft:  0.8445 Loss dta_rank:  0.7697 Loss dta_tv:  0.0267 Loss dta_proxy:  0.4561 Loss dta_trans:  0.0061 Loss dta_phys:  0.0073 Loss dta_preserve:  0.0057
Time:  0.0772 Epoch: 008 Iter:  550/ 600 LR: 0.0000819070 Loss content:  0.0175 Loss fft:  0.8510 Loss dta_rank:  0.7713 Loss dta_tv:  0.0267 Loss dta_proxy:  0.4603 Loss dta_trans:  0.0068 Loss dta_phys:  0.0071 Loss dta_preserve:  0.0044
Time:  0.0762 Epoch: 008 Iter:  600/ 600 LR: 0.0000819070 Loss content:  0.0172 Loss fft:  0.8200 Loss dta_rank:  0.7733 Loss dta_tv:  0.0267 Loss dta_proxy:  0.4514 Loss dta_trans:  0.0071 Loss dta_phys:  0.0063 Loss dta_preserve:  0.0062
EPOCH: 08
Elapsed time: 0.90 Epoch Pixel Loss:  0.0171 Epoch FFT Loss:  0.8202 Epoch DTA Rank:  0.7722 Epoch DTA TV:  0.0268 Epoch DTA Proxy:  0.4579 Epoch DTA Trans:  0.0066 Epoch DTA Phys:  0.0069 Epoch DTA Preserve:  0.0053
DTA_GATE_RAMP epoch=9 gate_limit=0.060000
Time:  0.0790 Epoch: 009 Iter:   50/ 600 LR: 0.0000741093 Loss content:  0.0174 Loss fft:  0.8168 Loss dta_rank:  0.7716 Loss dta_tv:  0.0270 Loss dta_proxy:  0.4574 Loss dta_trans:  0.0058 Loss dta_phys:  0.0063 Loss dta_preserve:  0.0053
Time:  0.0752 Epoch: 009 Iter:  100/ 600 LR: 0.0000741093 Loss content:  0.0174 Loss fft:  0.8221 Loss dta_rank:  0.7729 Loss dta_tv:  0.0272 Loss dta_proxy:  0.4680 Loss dta_trans:  0.0058 Loss dta_phys:  0.0068 Loss dta_preserve:  0.0086
Time:  0.0731 Epoch: 009 Iter:  150/ 600 LR: 0.0000741093 Loss content:  0.0168 Loss fft:  0.8359 Loss dta_rank:  0.7752 Loss dta_tv:  0.0274 Loss dta_proxy:  0.4531 Loss dta_trans:  0.0064 Loss dta_phys:  0.0062 Loss dta_preserve:  0.0065
Time:  0.0777 Epoch: 009 Iter:  200/ 600 LR: 0.0000741093 Loss content:  0.0173 Loss fft:  0.8135 Loss dta_rank:  0.7727 Loss dta_tv:  0.0267 Loss dta_proxy:  0.4563 Loss dta_trans:  0.0069 Loss dta_phys:  0.0064 Loss dta_preserve:  0.0050
Time:  0.0731 Epoch: 009 Iter:  250/ 600 LR: 0.0000741093 Loss content:  0.0168 Loss fft:  0.8134 Loss dta_rank:  0.7710 Loss dta_tv:  0.0267 Loss dta_proxy:  0.4582 Loss dta_trans:  0.0055 Loss dta_phys:  0.0069 Loss dta_preserve:  0.0059
Time:  0.0673 Epoch: 009 Iter:  300/ 600 LR: 0.0000741093 Loss content:  0.0177 Loss fft:  0.8241 Loss dta_rank:  0.7739 Loss dta_tv:  0.0271 Loss dta_proxy:  0.4514 Loss dta_trans:  0.0067 Loss dta_phys:  0.0060 Loss dta_preserve:  0.0054
Time:  0.0747 Epoch: 009 Iter:  350/ 600 LR: 0.0000741093 Loss content:  0.0175 Loss fft:  0.8112 Loss dta_rank:  0.7737 Loss dta_tv:  0.0266 Loss dta_proxy:  0.4547 Loss dta_trans:  0.0055 Loss dta_phys:  0.0070 Loss dta_preserve:  0.0047
Time:  0.0724 Epoch: 009 Iter:  400/ 600 LR: 0.0000741093 Loss content:  0.0169 Loss fft:  0.8406 Loss dta_rank:  0.7686 Loss dta_tv:  0.0263 Loss dta_proxy:  0.4725 Loss dta_trans:  0.0070 Loss dta_phys:  0.0078 Loss dta_preserve:  0.0044
Time:  0.0748 Epoch: 009 Iter:  450/ 600 LR: 0.0000741093 Loss content:  0.0174 Loss fft:  0.8171 Loss dta_rank:  0.7712 Loss dta_tv:  0.0259 Loss dta_proxy:  0.4586 Loss dta_trans:  0.0063 Loss dta_phys:  0.0075 Loss dta_preserve:  0.0057
Time:  0.0727 Epoch: 009 Iter:  500/ 600 LR: 0.0000741093 Loss content:  0.0165 Loss fft:  0.8136 Loss dta_rank:  0.7725 Loss dta_tv:  0.0265 Loss dta_proxy:  0.4671 Loss dta_trans:  0.0070 Loss dta_phys:  0.0076 Loss dta_preserve:  0.0048
Time:  0.0784 Epoch: 009 Iter:  550/ 600 LR: 0.0000741093 Loss content:  0.0167 Loss fft:  0.8141 Loss dta_rank:  0.7752 Loss dta_tv:  0.0270 Loss dta_proxy:  0.4253 Loss dta_trans:  0.0064 Loss dta_phys:  0.0064 Loss dta_preserve:  0.0061
Time:  0.0742 Epoch: 009 Iter:  600/ 600 LR: 0.0000741093 Loss content:  0.0174 Loss fft:  0.8188 Loss dta_rank:  0.7788 Loss dta_tv:  0.0268 Loss dta_proxy:  0.4640 Loss dta_trans:  0.0063 Loss dta_phys:  0.0065 Loss dta_preserve:  0.0051
EPOCH: 09
Elapsed time: 0.90 Epoch Pixel Loss:  0.0172 Epoch FFT Loss:  0.8201 Epoch DTA Rank:  0.7731 Epoch DTA TV:  0.0268 Epoch DTA Proxy:  0.4572 Epoch DTA Trans:  0.0063 Epoch DTA Phys:  0.0068 Epoch DTA Preserve:  0.0056
DTA_GATE_RAMP epoch=10 gate_limit=0.060000
Time:  0.0813 Epoch: 010 Iter:   50/ 600 LR: 0.0000655580 Loss content:  0.0166 Loss fft:  0.8103 Loss dta_rank:  0.7764 Loss dta_tv:  0.0266 Loss dta_proxy:  0.4614 Loss dta_trans:  0.0059 Loss dta_phys:  0.0070 Loss dta_preserve:  0.0060
Time:  0.0755 Epoch: 010 Iter:  100/ 600 LR: 0.0000655580 Loss content:  0.0171 Loss fft:  0.8232 Loss dta_rank:  0.7760 Loss dta_tv:  0.0267 Loss dta_proxy:  0.4739 Loss dta_trans:  0.0066 Loss dta_phys:  0.0066 Loss dta_preserve:  0.0059
Time:  0.0774 Epoch: 010 Iter:  150/ 600 LR: 0.0000655580 Loss content:  0.0174 Loss fft:  0.8261 Loss dta_rank:  0.7777 Loss dta_tv:  0.0260 Loss dta_proxy:  0.4653 Loss dta_trans:  0.0065 Loss dta_phys:  0.0071 Loss dta_preserve:  0.0052
Time:  0.0789 Epoch: 010 Iter:  200/ 600 LR: 0.0000655580 Loss content:  0.0177 Loss fft:  0.8236 Loss dta_rank:  0.7706 Loss dta_tv:  0.0265 Loss dta_proxy:  0.4422 Loss dta_trans:  0.0061 Loss dta_phys:  0.0063 Loss dta_preserve:  0.0056
Time:  0.0827 Epoch: 010 Iter:  250/ 600 LR: 0.0000655580 Loss content:  0.0174 Loss fft:  0.8293 Loss dta_rank:  0.7753 Loss dta_tv:  0.0262 Loss dta_proxy:  0.4749 Loss dta_trans:  0.0060 Loss dta_phys:  0.0070 Loss dta_preserve:  0.0052
Time:  0.0790 Epoch: 010 Iter:  300/ 600 LR: 0.0000655580 Loss content:  0.0165 Loss fft:  0.7688 Loss dta_rank:  0.7756 Loss dta_tv:  0.0263 Loss dta_proxy:  0.4550 Loss dta_trans:  0.0066 Loss dta_phys:  0.0070 Loss dta_preserve:  0.0056
Time:  0.0790 Epoch: 010 Iter:  350/ 600 LR: 0.0000655580 Loss content:  0.0175 Loss fft:  0.8250 Loss dta_rank:  0.7722 Loss dta_tv:  0.0259 Loss dta_proxy:  0.4738 Loss dta_trans:  0.0056 Loss dta_phys:  0.0068 Loss dta_preserve:  0.0080
Time:  0.0722 Epoch: 010 Iter:  400/ 600 LR: 0.0000655580 Loss content:  0.0171 Loss fft:  0.8114 Loss dta_rank:  0.7697 Loss dta_tv:  0.0260 Loss dta_proxy:  0.4589 Loss dta_trans:  0.0062 Loss dta_phys:  0.0066 Loss dta_preserve:  0.0056
Time:  0.0733 Epoch: 010 Iter:  450/ 600 LR: 0.0000655580 Loss content:  0.0174 Loss fft:  0.8328 Loss dta_rank:  0.7705 Loss dta_tv:  0.0260 Loss dta_proxy:  0.4698 Loss dta_trans:  0.0060 Loss dta_phys:  0.0068 Loss dta_preserve:  0.0041
Time:  0.0704 Epoch: 010 Iter:  500/ 600 LR: 0.0000655580 Loss content:  0.0170 Loss fft:  0.8138 Loss dta_rank:  0.7724 Loss dta_tv:  0.0266 Loss dta_proxy:  0.4422 Loss dta_trans:  0.0064 Loss dta_phys:  0.0068 Loss dta_preserve:  0.0045
Time:  0.0720 Epoch: 010 Iter:  550/ 600 LR: 0.0000655580 Loss content:  0.0168 Loss fft:  0.8230 Loss dta_rank:  0.7765 Loss dta_tv:  0.0268 Loss dta_proxy:  0.4389 Loss dta_trans:  0.0062 Loss dta_phys:  0.0058 Loss dta_preserve:  0.0061
Time:  0.0723 Epoch: 010 Iter:  600/ 600 LR: 0.0000655580 Loss content:  0.0169 Loss fft:  0.8382 Loss dta_rank:  0.7746 Loss dta_tv:  0.0264 Loss dta_proxy:  0.4545 Loss dta_trans:  0.0074 Loss dta_phys:  0.0073 Loss dta_preserve:  0.0046
EPOCH: 10
Elapsed time: 0.92 Epoch Pixel Loss:  0.0171 Epoch FFT Loss:  0.8188 Epoch DTA Rank:  0.7739 Epoch DTA TV:  0.0263 Epoch DTA Proxy:  0.4592 Epoch DTA Trans:  0.0063 Epoch DTA Phys:  0.0068 Epoch DTA Preserve:  0.0055
DTA_GATE_RAMP epoch=11 gate_limit=0.060000
Time:  0.0809 Epoch: 011 Iter:   50/ 600 LR: 0.0000565424 Loss content:  0.0172 Loss fft:  0.8209 Loss dta_rank:  0.7717 Loss dta_tv:  0.0263 Loss dta_proxy:  0.4445 Loss dta_trans:  0.0062 Loss dta_phys:  0.0066 Loss dta_preserve:  0.0051
Time:  0.0733 Epoch: 011 Iter:  100/ 600 LR: 0.0000565424 Loss content:  0.0163 Loss fft:  0.8213 Loss dta_rank:  0.7737 Loss dta_tv:  0.0264 Loss dta_proxy:  0.4548 Loss dta_trans:  0.0066 Loss dta_phys:  0.0069 Loss dta_preserve:  0.0044
Time:  0.0761 Epoch: 011 Iter:  150/ 600 LR: 0.0000565424 Loss content:  0.0171 Loss fft:  0.8022 Loss dta_rank:  0.7726 Loss dta_tv:  0.0265 Loss dta_proxy:  0.4490 Loss dta_trans:  0.0062 Loss dta_phys:  0.0068 Loss dta_preserve:  0.0055
Time:  0.0740 Epoch: 011 Iter:  200/ 600 LR: 0.0000565424 Loss content:  0.0179 Loss fft:  0.8351 Loss dta_rank:  0.7667 Loss dta_tv:  0.0260 Loss dta_proxy:  0.4461 Loss dta_trans:  0.0071 Loss dta_phys:  0.0064 Loss dta_preserve:  0.0045
Time:  0.0759 Epoch: 011 Iter:  250/ 600 LR: 0.0000565424 Loss content:  0.0169 Loss fft:  0.8345 Loss dta_rank:  0.7702 Loss dta_tv:  0.0263 Loss dta_proxy:  0.4620 Loss dta_trans:  0.0071 Loss dta_phys:  0.0067 Loss dta_preserve:  0.0060
Time:  0.0720 Epoch: 011 Iter:  300/ 600 LR: 0.0000565424 Loss content:  0.0176 Loss fft:  0.8075 Loss dta_rank:  0.7762 Loss dta_tv:  0.0261 Loss dta_proxy:  0.4678 Loss dta_trans:  0.0070 Loss dta_phys:  0.0075 Loss dta_preserve:  0.0064
Time:  0.0731 Epoch: 011 Iter:  350/ 600 LR: 0.0000565424 Loss content:  0.0164 Loss fft:  0.8299 Loss dta_rank:  0.7777 Loss dta_tv:  0.0259 Loss dta_proxy:  0.4671 Loss dta_trans:  0.0053 Loss dta_phys:  0.0066 Loss dta_preserve:  0.0044
Time:  0.0755 Epoch: 011 Iter:  400/ 600 LR: 0.0000565424 Loss content:  0.0176 Loss fft:  0.8243 Loss dta_rank:  0.7739 Loss dta_tv:  0.0259 Loss dta_proxy:  0.4602 Loss dta_trans:  0.0060 Loss dta_phys:  0.0069 Loss dta_preserve:  0.0063
Time:  0.0776 Epoch: 011 Iter:  450/ 600 LR: 0.0000565424 Loss content:  0.0174 Loss fft:  0.8241 Loss dta_rank:  0.7747 Loss dta_tv:  0.0265 Loss dta_proxy:  0.4532 Loss dta_trans:  0.0059 Loss dta_phys:  0.0070 Loss dta_preserve:  0.0043
Time:  0.0763 Epoch: 011 Iter:  500/ 600 LR: 0.0000565424 Loss content:  0.0179 Loss fft:  0.7923 Loss dta_rank:  0.7806 Loss dta_tv:  0.0256 Loss dta_proxy:  0.4621 Loss dta_trans:  0.0061 Loss dta_phys:  0.0072 Loss dta_preserve:  0.0051
Time:  0.0752 Epoch: 011 Iter:  550/ 600 LR: 0.0000565424 Loss content:  0.0165 Loss fft:  0.7860 Loss dta_rank:  0.7730 Loss dta_tv:  0.0260 Loss dta_proxy:  0.4598 Loss dta_trans:  0.0075 Loss dta_phys:  0.0075 Loss dta_preserve:  0.0037
Time:  0.0731 Epoch: 011 Iter:  600/ 600 LR: 0.0000565424 Loss content:  0.0178 Loss fft:  0.8749 Loss dta_rank:  0.7703 Loss dta_tv:  0.0251 Loss dta_proxy:  0.4686 Loss dta_trans:  0.0062 Loss dta_phys:  0.0070 Loss dta_preserve:  0.0055
EPOCH: 11
Elapsed time: 0.91 Epoch Pixel Loss:  0.0172 Epoch FFT Loss:  0.8211 Epoch DTA Rank:  0.7734 Epoch DTA TV:  0.0260 Epoch DTA Proxy:  0.4579 Epoch DTA Trans:  0.0064 Epoch DTA Phys:  0.0069 Epoch DTA Preserve:  0.0051
DTA_GATE_RAMP epoch=12 gate_limit=0.060000
Time:  0.0803 Epoch: 012 Iter:   50/ 600 LR: 0.0000473670 Loss content:  0.0183 Loss fft:  0.8072 Loss dta_rank:  0.7729 Loss dta_tv:  0.0262 Loss dta_proxy:  0.4442 Loss dta_trans:  0.0059 Loss dta_phys:  0.0075 Loss dta_preserve:  0.0060
Time:  0.0747 Epoch: 012 Iter:  100/ 600 LR: 0.0000473670 Loss content:  0.0167 Loss fft:  0.7819 Loss dta_rank:  0.7760 Loss dta_tv:  0.0266 Loss dta_proxy:  0.4572 Loss dta_trans:  0.0063 Loss dta_phys:  0.0077 Loss dta_preserve:  0.0041
Time:  0.0757 Epoch: 012 Iter:  150/ 600 LR: 0.0000473670 Loss content:  0.0164 Loss fft:  0.7969 Loss dta_rank:  0.7761 Loss dta_tv:  0.0262 Loss dta_proxy:  0.4554 Loss dta_trans:  0.0059 Loss dta_phys:  0.0065 Loss dta_preserve:  0.0038
Time:  0.0775 Epoch: 012 Iter:  200/ 600 LR: 0.0000473670 Loss content:  0.0169 Loss fft:  0.7947 Loss dta_rank:  0.7741 Loss dta_tv:  0.0257 Loss dta_proxy:  0.4735 Loss dta_trans:  0.0063 Loss dta_phys:  0.0070 Loss dta_preserve:  0.0051
Time:  0.0731 Epoch: 012 Iter:  250/ 600 LR: 0.0000473670 Loss content:  0.0170 Loss fft:  0.8394 Loss dta_rank:  0.7771 Loss dta_tv:  0.0256 Loss dta_proxy:  0.4593 Loss dta_trans:  0.0057 Loss dta_phys:  0.0063 Loss dta_preserve:  0.0052
Time:  0.0632 Epoch: 012 Iter:  300/ 600 LR: 0.0000473670 Loss content:  0.0173 Loss fft:  0.8294 Loss dta_rank:  0.7768 Loss dta_tv:  0.0256 Loss dta_proxy:  0.4586 Loss dta_trans:  0.0060 Loss dta_phys:  0.0059 Loss dta_preserve:  0.0060
Time:  0.0722 Epoch: 012 Iter:  350/ 600 LR: 0.0000473670 Loss content:  0.0173 Loss fft:  0.8292 Loss dta_rank:  0.7762 Loss dta_tv:  0.0256 Loss dta_proxy:  0.4653 Loss dta_trans:  0.0064 Loss dta_phys:  0.0071 Loss dta_preserve:  0.0052
Time:  0.0731 Epoch: 012 Iter:  400/ 600 LR: 0.0000473670 Loss content:  0.0177 Loss fft:  0.8465 Loss dta_rank:  0.7760 Loss dta_tv:  0.0257 Loss dta_proxy:  0.4544 Loss dta_trans:  0.0068 Loss dta_phys:  0.0068 Loss dta_preserve:  0.0054
Time:  0.0733 Epoch: 012 Iter:  450/ 600 LR: 0.0000473670 Loss content:  0.0173 Loss fft:  0.8400 Loss dta_rank:  0.7761 Loss dta_tv:  0.0260 Loss dta_proxy:  0.4470 Loss dta_trans:  0.0057 Loss dta_phys:  0.0066 Loss dta_preserve:  0.0065
Time:  0.0702 Epoch: 012 Iter:  500/ 600 LR: 0.0000473670 Loss content:  0.0181 Loss fft:  0.8503 Loss dta_rank:  0.7771 Loss dta_tv:  0.0259 Loss dta_proxy:  0.4605 Loss dta_trans:  0.0068 Loss dta_phys:  0.0071 Loss dta_preserve:  0.0056
Time:  0.0727 Epoch: 012 Iter:  550/ 600 LR: 0.0000473670 Loss content:  0.0170 Loss fft:  0.8106 Loss dta_rank:  0.7690 Loss dta_tv:  0.0257 Loss dta_proxy:  0.4408 Loss dta_trans:  0.0075 Loss dta_phys:  0.0066 Loss dta_preserve:  0.0059
Time:  0.0738 Epoch: 012 Iter:  600/ 600 LR: 0.0000473670 Loss content:  0.0171 Loss fft:  0.8451 Loss dta_rank:  0.7703 Loss dta_tv:  0.0254 Loss dta_proxy:  0.4458 Loss dta_trans:  0.0060 Loss dta_phys:  0.0066 Loss dta_preserve:  0.0047
EPOCH: 12
Elapsed time: 0.88 Epoch Pixel Loss:  0.0172 Epoch FFT Loss:  0.8226 Epoch DTA Rank:  0.7748 Epoch DTA TV:  0.0259 Epoch DTA Proxy:  0.4552 Epoch DTA Trans:  0.0063 Epoch DTA Phys:  0.0068 Epoch DTA Preserve:  0.0053
DTA_GATE_RAMP epoch=13 gate_limit=0.060000
Time:  0.0769 Epoch: 013 Iter:   50/ 600 LR: 0.0000383414 Loss content:  0.0164 Loss fft:  0.8059 Loss dta_rank:  0.7732 Loss dta_tv:  0.0264 Loss dta_proxy:  0.4450 Loss dta_trans:  0.0079 Loss dta_phys:  0.0064 Loss dta_preserve:  0.0046
Time:  0.0746 Epoch: 013 Iter:  100/ 600 LR: 0.0000383414 Loss content:  0.0166 Loss fft:  0.8096 Loss dta_rank:  0.7705 Loss dta_tv:  0.0261 Loss dta_proxy:  0.4666 Loss dta_trans:  0.0064 Loss dta_phys:  0.0067 Loss dta_preserve:  0.0057
Time:  0.0732 Epoch: 013 Iter:  150/ 600 LR: 0.0000383414 Loss content:  0.0177 Loss fft:  0.8433 Loss dta_rank:  0.7732 Loss dta_tv:  0.0253 Loss dta_proxy:  0.4599 Loss dta_trans:  0.0055 Loss dta_phys:  0.0066 Loss dta_preserve:  0.0045
Time:  0.0727 Epoch: 013 Iter:  200/ 600 LR: 0.0000383414 Loss content:  0.0171 Loss fft:  0.8239 Loss dta_rank:  0.7789 Loss dta_tv:  0.0254 Loss dta_proxy:  0.4806 Loss dta_trans:  0.0054 Loss dta_phys:  0.0067 Loss dta_preserve:  0.0046
Time:  0.0630 Epoch: 013 Iter:  250/ 600 LR: 0.0000383414 Loss content:  0.0172 Loss fft:  0.7958 Loss dta_rank:  0.7723 Loss dta_tv:  0.0257 Loss dta_proxy:  0.4598 Loss dta_trans:  0.0057 Loss dta_phys:  0.0071 Loss dta_preserve:  0.0049
Time:  0.0620 Epoch: 013 Iter:  300/ 600 LR: 0.0000383414 Loss content:  0.0175 Loss fft:  0.8130 Loss dta_rank:  0.7803 Loss dta_tv:  0.0263 Loss dta_proxy:  0.4558 Loss dta_trans:  0.0061 Loss dta_phys:  0.0067 Loss dta_preserve:  0.0050
Time:  0.0617 Epoch: 013 Iter:  350/ 600 LR: 0.0000383414 Loss content:  0.0165 Loss fft:  0.7960 Loss dta_rank:  0.7751 Loss dta_tv:  0.0252 Loss dta_proxy:  0.4756 Loss dta_trans:  0.0055 Loss dta_phys:  0.0066 Loss dta_preserve:  0.0057
Time:  0.0711 Epoch: 013 Iter:  400/ 600 LR: 0.0000383414 Loss content:  0.0169 Loss fft:  0.8071 Loss dta_rank:  0.7753 Loss dta_tv:  0.0253 Loss dta_proxy:  0.4697 Loss dta_trans:  0.0071 Loss dta_phys:  0.0069 Loss dta_preserve:  0.0039
Time:  0.0725 Epoch: 013 Iter:  450/ 600 LR: 0.0000383414 Loss content:  0.0182 Loss fft:  0.8542 Loss dta_rank:  0.7714 Loss dta_tv:  0.0254 Loss dta_proxy:  0.4615 Loss dta_trans:  0.0059 Loss dta_phys:  0.0066 Loss dta_preserve:  0.0043
Time:  0.0752 Epoch: 013 Iter:  500/ 600 LR: 0.0000383414 Loss content:  0.0176 Loss fft:  0.8198 Loss dta_rank:  0.7741 Loss dta_tv:  0.0253 Loss dta_proxy:  0.4545 Loss dta_trans:  0.0057 Loss dta_phys:  0.0068 Loss dta_preserve:  0.0052
Time:  0.0625 Epoch: 013 Iter:  550/ 600 LR: 0.0000383414 Loss content:  0.0167 Loss fft:  0.8113 Loss dta_rank:  0.7753 Loss dta_tv:  0.0258 Loss dta_proxy:  0.4492 Loss dta_trans:  0.0070 Loss dta_phys:  0.0072 Loss dta_preserve:  0.0054
Time:  0.0617 Epoch: 013 Iter:  600/ 600 LR: 0.0000383414 Loss content:  0.0168 Loss fft:  0.8357 Loss dta_rank:  0.7725 Loss dta_tv:  0.0257 Loss dta_proxy:  0.4559 Loss dta_trans:  0.0062 Loss dta_phys:  0.0070 Loss dta_preserve:  0.0045
EPOCH: 13
Elapsed time: 0.83 Epoch Pixel Loss:  0.0171 Epoch FFT Loss:  0.8180 Epoch DTA Rank:  0.7744 Epoch DTA TV:  0.0257 Epoch DTA Proxy:  0.4612 Epoch DTA Trans:  0.0062 Epoch DTA Phys:  0.0068 Epoch DTA Preserve:  0.0049
DTA_GATE_RAMP epoch=14 gate_limit=0.060000
Time:  0.0731 Epoch: 014 Iter:   50/ 600 LR: 0.0000297690 Loss content:  0.0166 Loss fft:  0.7959 Loss dta_rank:  0.7726 Loss dta_tv:  0.0250 Loss dta_proxy:  0.4684 Loss dta_trans:  0.0070 Loss dta_phys:  0.0068 Loss dta_preserve:  0.0051
Time:  0.0728 Epoch: 014 Iter:  100/ 600 LR: 0.0000297690 Loss content:  0.0174 Loss fft:  0.8292 Loss dta_rank:  0.7675 Loss dta_tv:  0.0250 Loss dta_proxy:  0.4645 Loss dta_trans:  0.0059 Loss dta_phys:  0.0068 Loss dta_preserve:  0.0039
Time:  0.0745 Epoch: 014 Iter:  150/ 600 LR: 0.0000297690 Loss content:  0.0170 Loss fft:  0.8211 Loss dta_rank:  0.7715 Loss dta_tv:  0.0255 Loss dta_proxy:  0.4544 Loss dta_trans:  0.0058 Loss dta_phys:  0.0069 Loss dta_preserve:  0.0051
Time:  0.0789 Epoch: 014 Iter:  200/ 600 LR: 0.0000297690 Loss content:  0.0178 Loss fft:  0.8476 Loss dta_rank:  0.7793 Loss dta_tv:  0.0261 Loss dta_proxy:  0.4605 Loss dta_trans:  0.0061 Loss dta_phys:  0.0071 Loss dta_preserve:  0.0052
Time:  0.0751 Epoch: 014 Iter:  250/ 600 LR: 0.0000297690 Loss content:  0.0170 Loss fft:  0.7985 Loss dta_rank:  0.7792 Loss dta_tv:  0.0267 Loss dta_proxy:  0.4486 Loss dta_trans:  0.0060 Loss dta_phys:  0.0061 Loss dta_preserve:  0.0063
Time:  0.0735 Epoch: 014 Iter:  300/ 600 LR: 0.0000297690 Loss content:  0.0168 Loss fft:  0.8291 Loss dta_rank:  0.7794 Loss dta_tv:  0.0261 Loss dta_proxy:  0.4541 Loss dta_trans:  0.0057 Loss dta_phys:  0.0066 Loss dta_preserve:  0.0066
Time:  0.0785 Epoch: 014 Iter:  350/ 600 LR: 0.0000297690 Loss content:  0.0171 Loss fft:  0.7907 Loss dta_rank:  0.7746 Loss dta_tv:  0.0256 Loss dta_proxy:  0.4584 Loss dta_trans:  0.0065 Loss dta_phys:  0.0074 Loss dta_preserve:  0.0064
Time:  0.0683 Epoch: 014 Iter:  400/ 600 LR: 0.0000297690 Loss content:  0.0176 Loss fft:  0.8468 Loss dta_rank:  0.7782 Loss dta_tv:  0.0252 Loss dta_proxy:  0.4689 Loss dta_trans:  0.0054 Loss dta_phys:  0.0065 Loss dta_preserve:  0.0046
Time:  0.0695 Epoch: 014 Iter:  450/ 600 LR: 0.0000297690 Loss content:  0.0176 Loss fft:  0.8396 Loss dta_rank:  0.7721 Loss dta_tv:  0.0253 Loss dta_proxy:  0.4673 Loss dta_trans:  0.0069 Loss dta_phys:  0.0071 Loss dta_preserve:  0.0056
Time:  0.0697 Epoch: 014 Iter:  500/ 600 LR: 0.0000297690 Loss content:  0.0173 Loss fft:  0.8380 Loss dta_rank:  0.7730 Loss dta_tv:  0.0250 Loss dta_proxy:  0.4641 Loss dta_trans:  0.0058 Loss dta_phys:  0.0063 Loss dta_preserve:  0.0042
Time:  0.0686 Epoch: 014 Iter:  550/ 600 LR: 0.0000297690 Loss content:  0.0174 Loss fft:  0.8123 Loss dta_rank:  0.7702 Loss dta_tv:  0.0256 Loss dta_proxy:  0.4606 Loss dta_trans:  0.0059 Loss dta_phys:  0.0068 Loss dta_preserve:  0.0046
Time:  0.0673 Epoch: 014 Iter:  600/ 600 LR: 0.0000297690 Loss content:  0.0168 Loss fft:  0.7970 Loss dta_rank:  0.7708 Loss dta_tv:  0.0248 Loss dta_proxy:  0.4615 Loss dta_trans:  0.0061 Loss dta_phys:  0.0068 Loss dta_preserve:  0.0040
EPOCH: 14
Elapsed time: 0.87 Epoch Pixel Loss:  0.0172 Epoch FFT Loss:  0.8205 Epoch DTA Rank:  0.7740 Epoch DTA TV:  0.0255 Epoch DTA Proxy:  0.4609 Epoch DTA Trans:  0.0061 Epoch DTA Phys:  0.0068 Epoch DTA Preserve:  0.0051
DTA_GATE_RAMP epoch=15 gate_limit=0.060000
Time:  0.0801 Epoch: 015 Iter:   50/ 600 LR: 0.0000219361 Loss content:  0.0169 Loss fft:  0.8082 Loss dta_rank:  0.7745 Loss dta_tv:  0.0252 Loss dta_proxy:  0.4740 Loss dta_trans:  0.0059 Loss dta_phys:  0.0069 Loss dta_preserve:  0.0055
Time:  0.0738 Epoch: 015 Iter:  100/ 600 LR: 0.0000219361 Loss content:  0.0168 Loss fft:  0.8247 Loss dta_rank:  0.7761 Loss dta_tv:  0.0253 Loss dta_proxy:  0.4637 Loss dta_trans:  0.0062 Loss dta_phys:  0.0071 Loss dta_preserve:  0.0052
Time:  0.0740 Epoch: 015 Iter:  150/ 600 LR: 0.0000219361 Loss content:  0.0173 Loss fft:  0.8032 Loss dta_rank:  0.7728 Loss dta_tv:  0.0251 Loss dta_proxy:  0.4604 Loss dta_trans:  0.0065 Loss dta_phys:  0.0067 Loss dta_preserve:  0.0063
Time:  0.0721 Epoch: 015 Iter:  200/ 600 LR: 0.0000219361 Loss content:  0.0175 Loss fft:  0.8323 Loss dta_rank:  0.7687 Loss dta_tv:  0.0249 Loss dta_proxy:  0.4765 Loss dta_trans:  0.0057 Loss dta_phys:  0.0067 Loss dta_preserve:  0.0056
Time:  0.0764 Epoch: 015 Iter:  250/ 600 LR: 0.0000219361 Loss content:  0.0164 Loss fft:  0.8003 Loss dta_rank:  0.7762 Loss dta_tv:  0.0265 Loss dta_proxy:  0.4433 Loss dta_trans:  0.0065 Loss dta_phys:  0.0073 Loss dta_preserve:  0.0051
Time:  0.0744 Epoch: 015 Iter:  300/ 600 LR: 0.0000219361 Loss content:  0.0169 Loss fft:  0.8110 Loss dta_rank:  0.7763 Loss dta_tv:  0.0257 Loss dta_proxy:  0.4444 Loss dta_trans:  0.0054 Loss dta_phys:  0.0068 Loss dta_preserve:  0.0043
Time:  0.0740 Epoch: 015 Iter:  350/ 600 LR: 0.0000219361 Loss content:  0.0167 Loss fft:  0.8317 Loss dta_rank:  0.7743 Loss dta_tv:  0.0255 Loss dta_proxy:  0.4735 Loss dta_trans:  0.0058 Loss dta_phys:  0.0075 Loss dta_preserve:  0.0071
Time:  0.0717 Epoch: 015 Iter:  400/ 600 LR: 0.0000219361 Loss content:  0.0174 Loss fft:  0.8025 Loss dta_rank:  0.7721 Loss dta_tv:  0.0258 Loss dta_proxy:  0.4484 Loss dta_trans:  0.0069 Loss dta_phys:  0.0066 Loss dta_preserve:  0.0048
Time:  0.0743 Epoch: 015 Iter:  450/ 600 LR: 0.0000219361 Loss content:  0.0178 Loss fft:  0.8523 Loss dta_rank:  0.7764 Loss dta_tv:  0.0248 Loss dta_proxy:  0.4777 Loss dta_trans:  0.0056 Loss dta_phys:  0.0072 Loss dta_preserve:  0.0067
Time:  0.0652 Epoch: 015 Iter:  500/ 600 LR: 0.0000219361 Loss content:  0.0166 Loss fft:  0.8030 Loss dta_rank:  0.7724 Loss dta_tv:  0.0257 Loss dta_proxy:  0.4494 Loss dta_trans:  0.0063 Loss dta_phys:  0.0071 Loss dta_preserve:  0.0053
Time:  0.0724 Epoch: 015 Iter:  550/ 600 LR: 0.0000219361 Loss content:  0.0178 Loss fft:  0.8318 Loss dta_rank:  0.7771 Loss dta_tv:  0.0249 Loss dta_proxy:  0.4661 Loss dta_trans:  0.0061 Loss dta_phys:  0.0064 Loss dta_preserve:  0.0052
Time:  0.0714 Epoch: 015 Iter:  600/ 600 LR: 0.0000219361 Loss content:  0.0185 Loss fft:  0.8485 Loss dta_rank:  0.7721 Loss dta_tv:  0.0259 Loss dta_proxy:  0.4608 Loss dta_trans:  0.0062 Loss dta_phys:  0.0062 Loss dta_preserve:  0.0058
EPOCH: 15
Elapsed time: 0.88 Epoch Pixel Loss:  0.0172 Epoch FFT Loss:  0.8208 Epoch DTA Rank:  0.7741 Epoch DTA TV:  0.0254 Epoch DTA Proxy:  0.4615 Epoch DTA Trans:  0.0061 Epoch DTA Phys:  0.0069 Epoch DTA Preserve:  0.0056
DTA_GATE_RAMP epoch=16 gate_limit=0.060000
Time:  0.0776 Epoch: 016 Iter:   50/ 600 LR: 0.0000151017 Loss content:  0.0177 Loss fft:  0.8373 Loss dta_rank:  0.7772 Loss dta_tv:  0.0256 Loss dta_proxy:  0.4532 Loss dta_trans:  0.0069 Loss dta_phys:  0.0065 Loss dta_preserve:  0.0049
Time:  0.0736 Epoch: 016 Iter:  100/ 600 LR: 0.0000151017 Loss content:  0.0165 Loss fft:  0.8039 Loss dta_rank:  0.7734 Loss dta_tv:  0.0258 Loss dta_proxy:  0.4542 Loss dta_trans:  0.0059 Loss dta_phys:  0.0070 Loss dta_preserve:  0.0039
Time:  0.0754 Epoch: 016 Iter:  150/ 600 LR: 0.0000151017 Loss content:  0.0178 Loss fft:  0.8486 Loss dta_rank:  0.7728 Loss dta_tv:  0.0248 Loss dta_proxy:  0.4775 Loss dta_trans:  0.0055 Loss dta_phys:  0.0068 Loss dta_preserve:  0.0047
Time:  0.0683 Epoch: 016 Iter:  200/ 600 LR: 0.0000151017 Loss content:  0.0175 Loss fft:  0.8429 Loss dta_rank:  0.7762 Loss dta_tv:  0.0259 Loss dta_proxy:  0.4632 Loss dta_trans:  0.0062 Loss dta_phys:  0.0068 Loss dta_preserve:  0.0049
Time:  0.0673 Epoch: 016 Iter:  250/ 600 LR: 0.0000151017 Loss content:  0.0170 Loss fft:  0.8046 Loss dta_rank:  0.7705 Loss dta_tv:  0.0255 Loss dta_proxy:  0.4577 Loss dta_trans:  0.0067 Loss dta_phys:  0.0072 Loss dta_preserve:  0.0057
Time:  0.0678 Epoch: 016 Iter:  300/ 600 LR: 0.0000151017 Loss content:  0.0169 Loss fft:  0.8170 Loss dta_rank:  0.7737 Loss dta_tv:  0.0255 Loss dta_proxy:  0.4551 Loss dta_trans:  0.0058 Loss dta_phys:  0.0069 Loss dta_preserve:  0.0039
Time:  0.0690 Epoch: 016 Iter:  350/ 600 LR: 0.0000151017 Loss content:  0.0170 Loss fft:  0.7872 Loss dta_rank:  0.7713 Loss dta_tv:  0.0252 Loss dta_proxy:  0.4684 Loss dta_trans:  0.0060 Loss dta_phys:  0.0072 Loss dta_preserve:  0.0064
Time:  0.0671 Epoch: 016 Iter:  400/ 600 LR: 0.0000151017 Loss content:  0.0160 Loss fft:  0.7886 Loss dta_rank:  0.7741 Loss dta_tv:  0.0261 Loss dta_proxy:  0.4385 Loss dta_trans:  0.0056 Loss dta_phys:  0.0069 Loss dta_preserve:  0.0043
Time:  0.0705 Epoch: 016 Iter:  450/ 600 LR: 0.0000151017 Loss content:  0.0166 Loss fft:  0.8025 Loss dta_rank:  0.7715 Loss dta_tv:  0.0251 Loss dta_proxy:  0.4539 Loss dta_trans:  0.0055 Loss dta_phys:  0.0064 Loss dta_preserve:  0.0054
Time:  0.0763 Epoch: 016 Iter:  500/ 600 LR: 0.0000151017 Loss content:  0.0181 Loss fft:  0.8570 Loss dta_rank:  0.7783 Loss dta_tv:  0.0257 Loss dta_proxy:  0.4543 Loss dta_trans:  0.0061 Loss dta_phys:  0.0065 Loss dta_preserve:  0.0066
Time:  0.0755 Epoch: 016 Iter:  550/ 600 LR: 0.0000151017 Loss content:  0.0165 Loss fft:  0.8138 Loss dta_rank:  0.7782 Loss dta_tv:  0.0256 Loss dta_proxy:  0.4517 Loss dta_trans:  0.0058 Loss dta_phys:  0.0060 Loss dta_preserve:  0.0048
Time:  0.0764 Epoch: 016 Iter:  600/ 600 LR: 0.0000151017 Loss content:  0.0175 Loss fft:  0.8321 Loss dta_rank:  0.7683 Loss dta_tv:  0.0252 Loss dta_proxy:  0.4536 Loss dta_trans:  0.0069 Loss dta_phys:  0.0073 Loss dta_preserve:  0.0040
EPOCH: 16
Elapsed time: 0.87 Epoch Pixel Loss:  0.0171 Epoch FFT Loss:  0.8196 Epoch DTA Rank:  0.7738 Epoch DTA TV:  0.0255 Epoch DTA Proxy:  0.4568 Epoch DTA Trans:  0.0061 Epoch DTA Phys:  0.0068 Epoch DTA Preserve:  0.0050
DTA_GATE_RAMP epoch=17 gate_limit=0.060000
Time:  0.0782 Epoch: 017 Iter:   50/ 600 LR: 0.0000094853 Loss content:  0.0166 Loss fft:  0.7895 Loss dta_rank:  0.7715 Loss dta_tv:  0.0250 Loss dta_proxy:  0.4494 Loss dta_trans:  0.0059 Loss dta_phys:  0.0066 Loss dta_preserve:  0.0044
Time:  0.0709 Epoch: 017 Iter:  100/ 600 LR: 0.0000094853 Loss content:  0.0176 Loss fft:  0.8336 Loss dta_rank:  0.7750 Loss dta_tv:  0.0254 Loss dta_proxy:  0.4582 Loss dta_trans:  0.0071 Loss dta_phys:  0.0075 Loss dta_preserve:  0.0046
Time:  0.0698 Epoch: 017 Iter:  150/ 600 LR: 0.0000094853 Loss content:  0.0175 Loss fft:  0.8089 Loss dta_rank:  0.7703 Loss dta_tv:  0.0251 Loss dta_proxy:  0.4528 Loss dta_trans:  0.0058 Loss dta_phys:  0.0068 Loss dta_preserve:  0.0053
Time:  0.0698 Epoch: 017 Iter:  200/ 600 LR: 0.0000094853 Loss content:  0.0156 Loss fft:  0.7992 Loss dta_rank:  0.7749 Loss dta_tv:  0.0263 Loss dta_proxy:  0.4285 Loss dta_trans:  0.0060 Loss dta_phys:  0.0056 Loss dta_preserve:  0.0049
Time:  0.0744 Epoch: 017 Iter:  250/ 600 LR: 0.0000094853 Loss content:  0.0176 Loss fft:  0.8109 Loss dta_rank:  0.7687 Loss dta_tv:  0.0247 Loss dta_proxy:  0.4714 Loss dta_trans:  0.0053 Loss dta_phys:  0.0075 Loss dta_preserve:  0.0049
Time:  0.0688 Epoch: 017 Iter:  300/ 600 LR: 0.0000094853 Loss content:  0.0174 Loss fft:  0.8272 Loss dta_rank:  0.7790 Loss dta_tv:  0.0253 Loss dta_proxy:  0.4640 Loss dta_trans:  0.0057 Loss dta_phys:  0.0066 Loss dta_preserve:  0.0051
Time:  0.0714 Epoch: 017 Iter:  350/ 600 LR: 0.0000094853 Loss content:  0.0166 Loss fft:  0.8065 Loss dta_rank:  0.7748 Loss dta_tv:  0.0249 Loss dta_proxy:  0.4790 Loss dta_trans:  0.0052 Loss dta_phys:  0.0063 Loss dta_preserve:  0.0043
Time:  0.0746 Epoch: 017 Iter:  400/ 600 LR: 0.0000094853 Loss content:  0.0168 Loss fft:  0.8308 Loss dta_rank:  0.7718 Loss dta_tv:  0.0256 Loss dta_proxy:  0.4473 Loss dta_trans:  0.0063 Loss dta_phys:  0.0062 Loss dta_preserve:  0.0047
Time:  0.0727 Epoch: 017 Iter:  450/ 600 LR: 0.0000094853 Loss content:  0.0169 Loss fft:  0.8165 Loss dta_rank:  0.7762 Loss dta_tv:  0.0257 Loss dta_proxy:  0.4637 Loss dta_trans:  0.0065 Loss dta_phys:  0.0069 Loss dta_preserve:  0.0049
Time:  0.0755 Epoch: 017 Iter:  500/ 600 LR: 0.0000094853 Loss content:  0.0170 Loss fft:  0.8191 Loss dta_rank:  0.7747 Loss dta_tv:  0.0260 Loss dta_proxy:  0.4547 Loss dta_trans:  0.0062 Loss dta_phys:  0.0072 Loss dta_preserve:  0.0047
Time:  0.0729 Epoch: 017 Iter:  550/ 600 LR: 0.0000094853 Loss content:  0.0177 Loss fft:  0.8592 Loss dta_rank:  0.7767 Loss dta_tv:  0.0248 Loss dta_proxy:  0.4740 Loss dta_trans:  0.0065 Loss dta_phys:  0.0067 Loss dta_preserve:  0.0048
Time:  0.0725 Epoch: 017 Iter:  600/ 600 LR: 0.0000094853 Loss content:  0.0178 Loss fft:  0.8057 Loss dta_rank:  0.7762 Loss dta_tv:  0.0253 Loss dta_proxy:  0.4524 Loss dta_trans:  0.0065 Loss dta_phys:  0.0066 Loss dta_preserve:  0.0050
EPOCH: 17
Elapsed time: 0.87 Epoch Pixel Loss:  0.0171 Epoch FFT Loss:  0.8172 Epoch DTA Rank:  0.7742 Epoch DTA TV:  0.0253 Epoch DTA Proxy:  0.4580 Epoch DTA Trans:  0.0061 Epoch DTA Phys:  0.0067 Epoch DTA Preserve:  0.0048
DTA_GATE_RAMP epoch=18 gate_limit=0.060000
Time:  0.0695 Epoch: 018 Iter:   50/ 600 LR: 0.0000052550 Loss content:  0.0166 Loss fft:  0.7988 Loss dta_rank:  0.7746 Loss dta_tv:  0.0260 Loss dta_proxy:  0.4458 Loss dta_trans:  0.0063 Loss dta_phys:  0.0071 Loss dta_preserve:  0.0056
Time:  0.0671 Epoch: 018 Iter:  100/ 600 LR: 0.0000052550 Loss content:  0.0183 Loss fft:  0.8768 Loss dta_rank:  0.7707 Loss dta_tv:  0.0251 Loss dta_proxy:  0.4548 Loss dta_trans:  0.0057 Loss dta_phys:  0.0066 Loss dta_preserve:  0.0044
Time:  0.0747 Epoch: 018 Iter:  150/ 600 LR: 0.0000052550 Loss content:  0.0171 Loss fft:  0.8396 Loss dta_rank:  0.7753 Loss dta_tv:  0.0256 Loss dta_proxy:  0.4647 Loss dta_trans:  0.0054 Loss dta_phys:  0.0064 Loss dta_preserve:  0.0039
Time:  0.0740 Epoch: 018 Iter:  200/ 600 LR: 0.0000052550 Loss content:  0.0171 Loss fft:  0.7974 Loss dta_rank:  0.7712 Loss dta_tv:  0.0251 Loss dta_proxy:  0.4520 Loss dta_trans:  0.0057 Loss dta_phys:  0.0065 Loss dta_preserve:  0.0044
Time:  0.0753 Epoch: 018 Iter:  250/ 600 LR: 0.0000052550 Loss content:  0.0167 Loss fft:  0.8090 Loss dta_rank:  0.7726 Loss dta_tv:  0.0243 Loss dta_proxy:  0.4800 Loss dta_trans:  0.0053 Loss dta_phys:  0.0065 Loss dta_preserve:  0.0052
Time:  0.0745 Epoch: 018 Iter:  300/ 600 LR: 0.0000052550 Loss content:  0.0170 Loss fft:  0.8042 Loss dta_rank:  0.7742 Loss dta_tv:  0.0256 Loss dta_proxy:  0.4486 Loss dta_trans:  0.0069 Loss dta_phys:  0.0072 Loss dta_preserve:  0.0054
Time:  0.0692 Epoch: 018 Iter:  350/ 600 LR: 0.0000052550 Loss content:  0.0173 Loss fft:  0.8117 Loss dta_rank:  0.7776 Loss dta_tv:  0.0257 Loss dta_proxy:  0.4608 Loss dta_trans:  0.0061 Loss dta_phys:  0.0069 Loss dta_preserve:  0.0061
Time:  0.0738 Epoch: 018 Iter:  400/ 600 LR: 0.0000052550 Loss content:  0.0179 Loss fft:  0.8162 Loss dta_rank:  0.7709 Loss dta_tv:  0.0248 Loss dta_proxy:  0.4667 Loss dta_trans:  0.0057 Loss dta_phys:  0.0068 Loss dta_preserve:  0.0062
Time:  0.0771 Epoch: 018 Iter:  450/ 600 LR: 0.0000052550 Loss content:  0.0166 Loss fft:  0.7895 Loss dta_rank:  0.7718 Loss dta_tv:  0.0255 Loss dta_proxy:  0.4465 Loss dta_trans:  0.0067 Loss dta_phys:  0.0069 Loss dta_preserve:  0.0053
Time:  0.0765 Epoch: 018 Iter:  500/ 600 LR: 0.0000052550 Loss content:  0.0172 Loss fft:  0.8381 Loss dta_rank:  0.7754 Loss dta_tv:  0.0250 Loss dta_proxy:  0.4660 Loss dta_trans:  0.0054 Loss dta_phys:  0.0067 Loss dta_preserve:  0.0051
Time:  0.0760 Epoch: 018 Iter:  550/ 600 LR: 0.0000052550 Loss content:  0.0176 Loss fft:  0.8235 Loss dta_rank:  0.7780 Loss dta_tv:  0.0254 Loss dta_proxy:  0.4641 Loss dta_trans:  0.0062 Loss dta_phys:  0.0066 Loss dta_preserve:  0.0055
Time:  0.0741 Epoch: 018 Iter:  600/ 600 LR: 0.0000052550 Loss content:  0.0167 Loss fft:  0.8215 Loss dta_rank:  0.7738 Loss dta_tv:  0.0255 Loss dta_proxy:  0.4490 Loss dta_trans:  0.0061 Loss dta_phys:  0.0070 Loss dta_preserve:  0.0054
EPOCH: 18
Elapsed time: 0.89 Epoch Pixel Loss:  0.0172 Epoch FFT Loss:  0.8188 Epoch DTA Rank:  0.7739 Epoch DTA TV:  0.0253 Epoch DTA Proxy:  0.4582 Epoch DTA Trans:  0.0060 Epoch DTA Phys:  0.0068 Epoch DTA Preserve:  0.0052
DTA_GATE_RAMP epoch=19 gate_limit=0.060000
Time:  0.0747 Epoch: 019 Iter:   50/ 600 LR: 0.0000025070 Loss content:  0.0174 Loss fft:  0.8287 Loss dta_rank:  0.7775 Loss dta_tv:  0.0246 Loss dta_proxy:  0.4837 Loss dta_trans:  0.0049 Loss dta_phys:  0.0064 Loss dta_preserve:  0.0043
Time:  0.0611 Epoch: 019 Iter:  100/ 600 LR: 0.0000025070 Loss content:  0.0164 Loss fft:  0.8101 Loss dta_rank:  0.7712 Loss dta_tv:  0.0249 Loss dta_proxy:  0.4647 Loss dta_trans:  0.0056 Loss dta_phys:  0.0063 Loss dta_preserve:  0.0055
Time:  0.0610 Epoch: 019 Iter:  150/ 600 LR: 0.0000025070 Loss content:  0.0178 Loss fft:  0.8656 Loss dta_rank:  0.7719 Loss dta_tv:  0.0251 Loss dta_proxy:  0.4597 Loss dta_trans:  0.0059 Loss dta_phys:  0.0068 Loss dta_preserve:  0.0066
Time:  0.0646 Epoch: 019 Iter:  200/ 600 LR: 0.0000025070 Loss content:  0.0176 Loss fft:  0.8220 Loss dta_rank:  0.7714 Loss dta_tv:  0.0251 Loss dta_proxy:  0.4746 Loss dta_trans:  0.0056 Loss dta_phys:  0.0071 Loss dta_preserve:  0.0051
Time:  0.0732 Epoch: 019 Iter:  250/ 600 LR: 0.0000025070 Loss content:  0.0163 Loss fft:  0.7616 Loss dta_rank:  0.7735 Loss dta_tv:  0.0256 Loss dta_proxy:  0.4447 Loss dta_trans:  0.0060 Loss dta_phys:  0.0073 Loss dta_preserve:  0.0039
Time:  0.0770 Epoch: 019 Iter:  300/ 600 LR: 0.0000025070 Loss content:  0.0171 Loss fft:  0.8292 Loss dta_rank:  0.7773 Loss dta_tv:  0.0257 Loss dta_proxy:  0.4597 Loss dta_trans:  0.0067 Loss dta_phys:  0.0065 Loss dta_preserve:  0.0046
Time:  0.0750 Epoch: 019 Iter:  350/ 600 LR: 0.0000025070 Loss content:  0.0173 Loss fft:  0.8167 Loss dta_rank:  0.7748 Loss dta_tv:  0.0258 Loss dta_proxy:  0.4544 Loss dta_trans:  0.0068 Loss dta_phys:  0.0071 Loss dta_preserve:  0.0048
Time:  0.0733 Epoch: 019 Iter:  400/ 600 LR: 0.0000025070 Loss content:  0.0175 Loss fft:  0.8228 Loss dta_rank:  0.7712 Loss dta_tv:  0.0254 Loss dta_proxy:  0.4587 Loss dta_trans:  0.0062 Loss dta_phys:  0.0069 Loss dta_preserve:  0.0056
Time:  0.0772 Epoch: 019 Iter:  450/ 600 LR: 0.0000025070 Loss content:  0.0160 Loss fft:  0.7955 Loss dta_rank:  0.7812 Loss dta_tv:  0.0254 Loss dta_proxy:  0.4567 Loss dta_trans:  0.0060 Loss dta_phys:  0.0073 Loss dta_preserve:  0.0065
Time:  0.0732 Epoch: 019 Iter:  500/ 600 LR: 0.0000025070 Loss content:  0.0171 Loss fft:  0.8285 Loss dta_rank:  0.7761 Loss dta_tv:  0.0255 Loss dta_proxy:  0.4543 Loss dta_trans:  0.0060 Loss dta_phys:  0.0067 Loss dta_preserve:  0.0046
Time:  0.0745 Epoch: 019 Iter:  550/ 600 LR: 0.0000025070 Loss content:  0.0170 Loss fft:  0.8297 Loss dta_rank:  0.7763 Loss dta_tv:  0.0256 Loss dta_proxy:  0.4486 Loss dta_trans:  0.0062 Loss dta_phys:  0.0072 Loss dta_preserve:  0.0054
Time:  0.0760 Epoch: 019 Iter:  600/ 600 LR: 0.0000025070 Loss content:  0.0170 Loss fft:  0.8304 Loss dta_rank:  0.7736 Loss dta_tv:  0.0253 Loss dta_proxy:  0.4618 Loss dta_trans:  0.0062 Loss dta_phys:  0.0064 Loss dta_preserve:  0.0045
EPOCH: 19
Elapsed time: 0.86 Epoch Pixel Loss:  0.0170 Epoch FFT Loss:  0.8201 Epoch DTA Rank:  0.7747 Epoch DTA TV:  0.0253 Epoch DTA Proxy:  0.4601 Epoch DTA Trans:  0.0060 Epoch DTA Phys:  0.0068 Epoch DTA Preserve:  0.0051
DTA_GATE_RAMP epoch=20 gate_limit=0.060000
Time:  0.0803 Epoch: 020 Iter:   50/ 600 LR: 0.0000012125 Loss content:  0.0176 Loss fft:  0.8097 Loss dta_rank:  0.7726 Loss dta_tv:  0.0255 Loss dta_proxy:  0.4673 Loss dta_trans:  0.0074 Loss dta_phys:  0.0066 Loss dta_preserve:  0.0062
Time:  0.0786 Epoch: 020 Iter:  100/ 600 LR: 0.0000012125 Loss content:  0.0168 Loss fft:  0.8140 Loss dta_rank:  0.7725 Loss dta_tv:  0.0250 Loss dta_proxy:  0.4520 Loss dta_trans:  0.0059 Loss dta_phys:  0.0061 Loss dta_preserve:  0.0053
Time:  0.0746 Epoch: 020 Iter:  150/ 600 LR: 0.0000012125 Loss content:  0.0170 Loss fft:  0.8073 Loss dta_rank:  0.7754 Loss dta_tv:  0.0249 Loss dta_proxy:  0.4662 Loss dta_trans:  0.0060 Loss dta_phys:  0.0072 Loss dta_preserve:  0.0063
Time:  0.0751 Epoch: 020 Iter:  200/ 600 LR: 0.0000012125 Loss content:  0.0170 Loss fft:  0.8099 Loss dta_rank:  0.7692 Loss dta_tv:  0.0251 Loss dta_proxy:  0.4451 Loss dta_trans:  0.0057 Loss dta_phys:  0.0070 Loss dta_preserve:  0.0058
Time:  0.0731 Epoch: 020 Iter:  250/ 600 LR: 0.0000012125 Loss content:  0.0173 Loss fft:  0.8482 Loss dta_rank:  0.7760 Loss dta_tv:  0.0254 Loss dta_proxy:  0.4681 Loss dta_trans:  0.0058 Loss dta_phys:  0.0069 Loss dta_preserve:  0.0051
Time:  0.0734 Epoch: 020 Iter:  300/ 600 LR: 0.0000012125 Loss content:  0.0172 Loss fft:  0.8035 Loss dta_rank:  0.7735 Loss dta_tv:  0.0255 Loss dta_proxy:  0.4553 Loss dta_trans:  0.0061 Loss dta_phys:  0.0067 Loss dta_preserve:  0.0039
Time:  0.0658 Epoch: 020 Iter:  350/ 600 LR: 0.0000012125 Loss content:  0.0164 Loss fft:  0.7951 Loss dta_rank:  0.7721 Loss dta_tv:  0.0256 Loss dta_proxy:  0.4562 Loss dta_trans:  0.0060 Loss dta_phys:  0.0069 Loss dta_preserve:  0.0051
Time:  0.0693 Epoch: 020 Iter:  400/ 600 LR: 0.0000012125 Loss content:  0.0167 Loss fft:  0.7895 Loss dta_rank:  0.7702 Loss dta_tv:  0.0255 Loss dta_proxy:  0.4505 Loss dta_trans:  0.0061 Loss dta_phys:  0.0066 Loss dta_preserve:  0.0042
Time:  0.0687 Epoch: 020 Iter:  450/ 600 LR: 0.0000012125 Loss content:  0.0175 Loss fft:  0.8385 Loss dta_rank:  0.7723 Loss dta_tv:  0.0245 Loss dta_proxy:  0.4751 Loss dta_trans:  0.0053 Loss dta_phys:  0.0067 Loss dta_preserve:  0.0068
Time:  0.0672 Epoch: 020 Iter:  500/ 600 LR: 0.0000012125 Loss content:  0.0172 Loss fft:  0.8302 Loss dta_rank:  0.7779 Loss dta_tv:  0.0258 Loss dta_proxy:  0.4611 Loss dta_trans:  0.0061 Loss dta_phys:  0.0070 Loss dta_preserve:  0.0042
Time:  0.0652 Epoch: 020 Iter:  550/ 600 LR: 0.0000012125 Loss content:  0.0171 Loss fft:  0.8258 Loss dta_rank:  0.7728 Loss dta_tv:  0.0254 Loss dta_proxy:  0.4455 Loss dta_trans:  0.0060 Loss dta_phys:  0.0073 Loss dta_preserve:  0.0052
Time:  0.0627 Epoch: 020 Iter:  600/ 600 LR: 0.0000012125 Loss content:  0.0171 Loss fft:  0.8191 Loss dta_rank:  0.7721 Loss dta_tv:  0.0247 Loss dta_proxy:  0.4749 Loss dta_trans:  0.0055 Loss dta_phys:  0.0069 Loss dta_preserve:  0.0040
EPOCH: 20
Elapsed time: 0.86 Epoch Pixel Loss:  0.0171 Epoch FFT Loss:  0.8159 Epoch DTA Rank:  0.7730 Epoch DTA TV:  0.0252 Epoch DTA Proxy:  0.4598 Epoch DTA Trans:  0.0060 Epoch DTA Phys:  0.0068 Epoch DTA Preserve:  0.0052
