Namespace(model_name='ConvIR-Haze4K-DTA-v2-adapter_only-shuffle-seed3407-f4-oof20', data='Haze4K', version='base', fam_mode='original', arch='dta_v2', seed=3407, mode='train', data_dir='/sda/home/wangyuxin/ConvIR-B/datasets/Haze4K/Haze4K', batch_size=4, learning_rate=0.0001, weight_decay=0.0, num_epoch=20, stop_epoch=20, print_freq=50, num_worker=4, save_freq=5, valid_freq=9999, mod_stats_freq=5, mod_stats_batches=16, grad_clip_norm=0.001, dta_grad_clip_norm=0.05, dta_neighbor_grad_clip_norm=0.005, init_model='/sda/home/wangyuxin/ConvIR-B/checkpoints/official/Haze4K/haze4k-base.pkl', init_model_partial=True, partial_new_prefixes='DTA.', resume='', train_scope='adapter_only', dta_depth_cache_dir='/sda/home/wangyuxin/ConvIR-B/depth_cache/depth_anything_v2_small_hf', dta_train_depth_split='train', dta_eval_depth_split='train', valid_root_split='train', eval_root_split='test', dta_require_depth=True, dta_variant='v2', dta_depth_mode='shuffle', dta_prior_channels=32, dta_gate_bias=-6.0, dta_gate_limit=0.06, dta_gamma_limit=0.12, dta_beta_limit=0.06, dta_alpha_init=1.0, dta_confidence_floor=0.25, dta_confidence_local_scale=6.0, dta_output_residual_scale=0.03, dta_use_trans_gt=True, dta_trans_weight=0.02, dta_phys_weight=0.005, dta_preserve_weight=0.02, dta_preserve_trans_thresh=0.8, dta_gate_ramp_start=0.01, dta_gate_ramp_mid=0.03, dta_gate_ramp_end=0.06, dta_gate_ramp_warmup_epochs=2, dta_gate_ramp_mid_epochs=8, dta_rank_weight=0.001, dta_tv_weight=0.0001, dta_proxy_weight=0.0, dta_rank_pairs=512, dta_rank_min_depth_gap=0.03, split_json='/sda/home/wangyuxin/ConvIR-B/repos/ConvIR-B-dta-v2-calibrated/experience_docx/experiment_logs/haze4k_dta_v2_calibrated_20260611/dta_v2_haze4k_oof_splits_seed3407.json', split_name='fold4_train', test_model='', save_image=False, leaning_rate=0.0001, model_save_dir='results/ConvIR-Haze4K-DTA-v2-adapter_only-shuffle-seed3407-f4-oof20/Training-Results/', result_dir='results/ConvIR-Haze4K-DTA-v2-adapter_only-shuffle-seed3407-f4-oof20/images/Haze4K', init_model_sha256='6f42037d57a4e3de3a10ac0ab909d66a3415864a19433c29204a975f4efa4088')
/sda/home/wangyuxin/ConvIR-B/repos/ConvIR-B-dta-v2-calibrated/Dehazing/ITS/main.py:14: FutureWarning: You are using `torch.load` with `weights_only=False` (the current default value), which uses the default pickle module implicitly. It is possible to construct malicious pickle data which will execute arbitrary code during unpickling (See https://github.com/pytorch/pytorch/blob/main/SECURITY.md#untrusted-models for more details). In a future release, the default value for `weights_only` will be flipped to `True`. This limits the functions that could be executed during unpickling. Arbitrary objects will no longer be allowed to be loaded via this mode unless they are explicitly allowlisted by the user via `torch.serialization.add_safe_globals`. We recommend you start setting `weights_only=True` for any use case where you don't have full control of the loaded file. Please open an issue on GitHub for any issues related to this experimental feature.
  state = torch.load(path, map_location=map_location)
INIT_MODEL_PARTIAL_LOAD path=/sda/home/wangyuxin/ConvIR-B/checkpoints/official/Haze4K/haze4k-base.pkl loaded=602 missing_allowed=25 unexpected=[] allowed_new_prefixes=('DTA.',)
TRAIN_SCOPE scope=adapter_only arch=dta_v2 trainable=74699 total=8705364
/sda/home/wangyuxin/ConvIR-B/envs/convir-cu121/lib/python3.10/site-packages/torch/optim/lr_scheduler.py:224: UserWarning: Detected call of `lr_scheduler.step()` before `optimizer.step()`. In PyTorch 1.1.0 and later, you should call them in the opposite order: `optimizer.step()` before `lr_scheduler.step()`.  Failure to do this will result in PyTorch skipping the first value of the learning rate schedule. See more details at https://pytorch.org/docs/stable/optim.html#how-to-adjust-learning-rate
  warnings.warn(
DTA_GATE_RAMP epoch=1 gate_limit=0.010000
Time:  0.0978 Epoch: 001 Iter:   50/ 600 LR: 0.0000333333 Loss content:  0.0186 Loss fft:  0.8401 Loss dta_rank:  0.6932 Loss dta_tv:  0.0041 Loss dta_proxy:  0.2872 Loss dta_trans:  0.0395 Loss dta_phys:  0.0073 Loss dta_preserve:  0.0072
Time:  0.0758 Epoch: 001 Iter:  100/ 600 LR: 0.0000333333 Loss content:  0.0168 Loss fft:  0.8003 Loss dta_rank:  0.6937 Loss dta_tv:  0.0109 Loss dta_proxy:  0.3362 Loss dta_trans:  0.0315 Loss dta_phys:  0.0102 Loss dta_preserve:  0.0066
Time:  0.0723 Epoch: 001 Iter:  150/ 600 LR: 0.0000333333 Loss content:  0.0171 Loss fft:  0.8118 Loss dta_rank:  0.6959 Loss dta_tv:  0.0148 Loss dta_proxy:  0.3607 Loss dta_trans:  0.0293 Loss dta_phys:  0.0110 Loss dta_preserve:  0.0059
Time:  0.0707 Epoch: 001 Iter:  200/ 600 LR: 0.0000333333 Loss content:  0.0172 Loss fft:  0.8099 Loss dta_rank:  0.7002 Loss dta_tv:  0.0185 Loss dta_proxy:  0.3928 Loss dta_trans:  0.0267 Loss dta_phys:  0.0107 Loss dta_preserve:  0.0053
Time:  0.0730 Epoch: 001 Iter:  250/ 600 LR: 0.0000333333 Loss content:  0.0170 Loss fft:  0.8292 Loss dta_rank:  0.7061 Loss dta_tv:  0.0228 Loss dta_proxy:  0.3842 Loss dta_trans:  0.0243 Loss dta_phys:  0.0096 Loss dta_preserve:  0.0052
Time:  0.0740 Epoch: 001 Iter:  300/ 600 LR: 0.0000333333 Loss content:  0.0176 Loss fft:  0.8393 Loss dta_rank:  0.7119 Loss dta_tv:  0.0268 Loss dta_proxy:  0.3935 Loss dta_trans:  0.0185 Loss dta_phys:  0.0086 Loss dta_preserve:  0.0048
Time:  0.0724 Epoch: 001 Iter:  350/ 600 LR: 0.0000333333 Loss content:  0.0175 Loss fft:  0.8146 Loss dta_rank:  0.7141 Loss dta_tv:  0.0300 Loss dta_proxy:  0.4064 Loss dta_trans:  0.0166 Loss dta_phys:  0.0088 Loss dta_preserve:  0.0057
Time:  0.0767 Epoch: 001 Iter:  400/ 600 LR: 0.0000333333 Loss content:  0.0170 Loss fft:  0.8525 Loss dta_rank:  0.7243 Loss dta_tv:  0.0336 Loss dta_proxy:  0.3833 Loss dta_trans:  0.0149 Loss dta_phys:  0.0082 Loss dta_preserve:  0.0057
Time:  0.0789 Epoch: 001 Iter:  450/ 600 LR: 0.0000333333 Loss content:  0.0174 Loss fft:  0.8272 Loss dta_rank:  0.7267 Loss dta_tv:  0.0341 Loss dta_proxy:  0.4101 Loss dta_trans:  0.0140 Loss dta_phys:  0.0075 Loss dta_preserve:  0.0052
Time:  0.0798 Epoch: 001 Iter:  500/ 600 LR: 0.0000333333 Loss content:  0.0172 Loss fft:  0.8136 Loss dta_rank:  0.7322 Loss dta_tv:  0.0359 Loss dta_proxy:  0.4030 Loss dta_trans:  0.0124 Loss dta_phys:  0.0081 Loss dta_preserve:  0.0064
Time:  0.0804 Epoch: 001 Iter:  550/ 600 LR: 0.0000333333 Loss content:  0.0171 Loss fft:  0.8131 Loss dta_rank:  0.7340 Loss dta_tv:  0.0365 Loss dta_proxy:  0.4229 Loss dta_trans:  0.0131 Loss dta_phys:  0.0093 Loss dta_preserve:  0.0053
Time:  0.0795 Epoch: 001 Iter:  600/ 600 LR: 0.0000333333 Loss content:  0.0173 Loss fft:  0.8160 Loss dta_rank:  0.7296 Loss dta_tv:  0.0366 Loss dta_proxy:  0.4167 Loss dta_trans:  0.0122 Loss dta_phys:  0.0073 Loss dta_preserve:  0.0055
EPOCH: 01
Elapsed time: 0.93 Epoch Pixel Loss:  0.0173 Epoch FFT Loss:  0.8223 Epoch DTA Rank:  0.7135 Epoch DTA TV:  0.0254 Epoch DTA Proxy:  0.3831 Epoch DTA Trans:  0.0211 Epoch DTA Phys:  0.0089 Epoch DTA Preserve:  0.0057
DTA_GATE_RAMP epoch=2 gate_limit=0.010000
Time:  0.0828 Epoch: 002 Iter:   50/ 600 LR: 0.0000666667 Loss content:  0.0173 Loss fft:  0.8431 Loss dta_rank:  0.7319 Loss dta_tv:  0.0369 Loss dta_proxy:  0.4293 Loss dta_trans:  0.0104 Loss dta_phys:  0.0077 Loss dta_preserve:  0.0059
Time:  0.0716 Epoch: 002 Iter:  100/ 600 LR: 0.0000666667 Loss content:  0.0169 Loss fft:  0.8192 Loss dta_rank:  0.7278 Loss dta_tv:  0.0363 Loss dta_proxy:  0.4238 Loss dta_trans:  0.0104 Loss dta_phys:  0.0069 Loss dta_preserve:  0.0043
Time:  0.0772 Epoch: 002 Iter:  150/ 600 LR: 0.0000666667 Loss content:  0.0179 Loss fft:  0.8175 Loss dta_rank:  0.7254 Loss dta_tv:  0.0345 Loss dta_proxy:  0.4625 Loss dta_trans:  0.0102 Loss dta_phys:  0.0087 Loss dta_preserve:  0.0048
Time:  0.0803 Epoch: 002 Iter:  200/ 600 LR: 0.0000666667 Loss content:  0.0162 Loss fft:  0.7950 Loss dta_rank:  0.7311 Loss dta_tv:  0.0367 Loss dta_proxy:  0.3947 Loss dta_trans:  0.0110 Loss dta_phys:  0.0079 Loss dta_preserve:  0.0046
Time:  0.0736 Epoch: 002 Iter:  250/ 600 LR: 0.0000666667 Loss content:  0.0171 Loss fft:  0.8156 Loss dta_rank:  0.7317 Loss dta_tv:  0.0364 Loss dta_proxy:  0.4175 Loss dta_trans:  0.0102 Loss dta_phys:  0.0073 Loss dta_preserve:  0.0041
Time:  0.0749 Epoch: 002 Iter:  300/ 600 LR: 0.0000666667 Loss content:  0.0173 Loss fft:  0.8291 Loss dta_rank:  0.7332 Loss dta_tv:  0.0352 Loss dta_proxy:  0.4308 Loss dta_trans:  0.0097 Loss dta_phys:  0.0072 Loss dta_preserve:  0.0049
Time:  0.0787 Epoch: 002 Iter:  350/ 600 LR: 0.0000666667 Loss content:  0.0174 Loss fft:  0.8287 Loss dta_rank:  0.7375 Loss dta_tv:  0.0356 Loss dta_proxy:  0.4476 Loss dta_trans:  0.0094 Loss dta_phys:  0.0067 Loss dta_preserve:  0.0042
Time:  0.0798 Epoch: 002 Iter:  400/ 600 LR: 0.0000666667 Loss content:  0.0165 Loss fft:  0.8144 Loss dta_rank:  0.7372 Loss dta_tv:  0.0362 Loss dta_proxy:  0.4174 Loss dta_trans:  0.0102 Loss dta_phys:  0.0068 Loss dta_preserve:  0.0044
Time:  0.0768 Epoch: 002 Iter:  450/ 600 LR: 0.0000666667 Loss content:  0.0165 Loss fft:  0.8033 Loss dta_rank:  0.7331 Loss dta_tv:  0.0349 Loss dta_proxy:  0.4283 Loss dta_trans:  0.0095 Loss dta_phys:  0.0061 Loss dta_preserve:  0.0041
Time:  0.0743 Epoch: 002 Iter:  500/ 600 LR: 0.0000666667 Loss content:  0.0172 Loss fft:  0.8296 Loss dta_rank:  0.7346 Loss dta_tv:  0.0347 Loss dta_proxy:  0.4348 Loss dta_trans:  0.0082 Loss dta_phys:  0.0068 Loss dta_preserve:  0.0051
Time:  0.0720 Epoch: 002 Iter:  550/ 600 LR: 0.0000666667 Loss content:  0.0169 Loss fft:  0.8098 Loss dta_rank:  0.7394 Loss dta_tv:  0.0354 Loss dta_proxy:  0.4334 Loss dta_trans:  0.0083 Loss dta_phys:  0.0073 Loss dta_preserve:  0.0047
Time:  0.0721 Epoch: 002 Iter:  600/ 600 LR: 0.0000666667 Loss content:  0.0172 Loss fft:  0.8232 Loss dta_rank:  0.7369 Loss dta_tv:  0.0352 Loss dta_proxy:  0.4370 Loss dta_trans:  0.0080 Loss dta_phys:  0.0071 Loss dta_preserve:  0.0057
EPOCH: 02
Elapsed time: 0.92 Epoch Pixel Loss:  0.0170 Epoch FFT Loss:  0.8191 Epoch DTA Rank:  0.7333 Epoch DTA TV:  0.0357 Epoch DTA Proxy:  0.4298 Epoch DTA Trans:  0.0096 Epoch DTA Phys:  0.0072 Epoch DTA Preserve:  0.0047
DTA_GATE_RAMP epoch=3 gate_limit=0.030000
Time:  0.0774 Epoch: 003 Iter:   50/ 600 LR: 0.0001000000 Loss content:  0.0172 Loss fft:  0.8190 Loss dta_rank:  0.7435 Loss dta_tv:  0.0338 Loss dta_proxy:  0.4300 Loss dta_trans:  0.0081 Loss dta_phys:  0.0075 Loss dta_preserve:  0.0051
Time:  0.0742 Epoch: 003 Iter:  100/ 600 LR: 0.0001000000 Loss content:  0.0180 Loss fft:  0.8315 Loss dta_rank:  0.7374 Loss dta_tv:  0.0334 Loss dta_proxy:  0.4473 Loss dta_trans:  0.0081 Loss dta_phys:  0.0071 Loss dta_preserve:  0.0050
Time:  0.0728 Epoch: 003 Iter:  150/ 600 LR: 0.0001000000 Loss content:  0.0174 Loss fft:  0.8175 Loss dta_rank:  0.7355 Loss dta_tv:  0.0332 Loss dta_proxy:  0.4409 Loss dta_trans:  0.0077 Loss dta_phys:  0.0067 Loss dta_preserve:  0.0053
Time:  0.0769 Epoch: 003 Iter:  200/ 600 LR: 0.0001000000 Loss content:  0.0171 Loss fft:  0.8141 Loss dta_rank:  0.7366 Loss dta_tv:  0.0347 Loss dta_proxy:  0.4157 Loss dta_trans:  0.0091 Loss dta_phys:  0.0071 Loss dta_preserve:  0.0058
Time:  0.0767 Epoch: 003 Iter:  250/ 600 LR: 0.0001000000 Loss content:  0.0168 Loss fft:  0.8236 Loss dta_rank:  0.7353 Loss dta_tv:  0.0329 Loss dta_proxy:  0.4519 Loss dta_trans:  0.0070 Loss dta_phys:  0.0068 Loss dta_preserve:  0.0049
Time:  0.0771 Epoch: 003 Iter:  300/ 600 LR: 0.0001000000 Loss content:  0.0168 Loss fft:  0.8012 Loss dta_rank:  0.7356 Loss dta_tv:  0.0339 Loss dta_proxy:  0.4299 Loss dta_trans:  0.0075 Loss dta_phys:  0.0066 Loss dta_preserve:  0.0051
Time:  0.0773 Epoch: 003 Iter:  350/ 600 LR: 0.0001000000 Loss content:  0.0177 Loss fft:  0.8478 Loss dta_rank:  0.7353 Loss dta_tv:  0.0340 Loss dta_proxy:  0.4222 Loss dta_trans:  0.0069 Loss dta_phys:  0.0064 Loss dta_preserve:  0.0052
Time:  0.0759 Epoch: 003 Iter:  400/ 600 LR: 0.0001000000 Loss content:  0.0170 Loss fft:  0.8165 Loss dta_rank:  0.7435 Loss dta_tv:  0.0326 Loss dta_proxy:  0.4432 Loss dta_trans:  0.0075 Loss dta_phys:  0.0068 Loss dta_preserve:  0.0050
Time:  0.0761 Epoch: 003 Iter:  450/ 600 LR: 0.0001000000 Loss content:  0.0173 Loss fft:  0.8384 Loss dta_rank:  0.7385 Loss dta_tv:  0.0327 Loss dta_proxy:  0.4097 Loss dta_trans:  0.0076 Loss dta_phys:  0.0065 Loss dta_preserve:  0.0046
Time:  0.0759 Epoch: 003 Iter:  500/ 600 LR: 0.0001000000 Loss content:  0.0169 Loss fft:  0.7951 Loss dta_rank:  0.7447 Loss dta_tv:  0.0336 Loss dta_proxy:  0.4125 Loss dta_trans:  0.0083 Loss dta_phys:  0.0069 Loss dta_preserve:  0.0039
Time:  0.0735 Epoch: 003 Iter:  550/ 600 LR: 0.0001000000 Loss content:  0.0174 Loss fft:  0.8079 Loss dta_rank:  0.7385 Loss dta_tv:  0.0327 Loss dta_proxy:  0.4278 Loss dta_trans:  0.0081 Loss dta_phys:  0.0073 Loss dta_preserve:  0.0052
Time:  0.0645 Epoch: 003 Iter:  600/ 600 LR: 0.0001000000 Loss content:  0.0177 Loss fft:  0.8186 Loss dta_rank:  0.7334 Loss dta_tv:  0.0330 Loss dta_proxy:  0.4344 Loss dta_trans:  0.0078 Loss dta_phys:  0.0074 Loss dta_preserve:  0.0056
EPOCH: 03
Elapsed time: 0.90 Epoch Pixel Loss:  0.0173 Epoch FFT Loss:  0.8193 Epoch DTA Rank:  0.7382 Epoch DTA TV:  0.0334 Epoch DTA Proxy:  0.4305 Epoch DTA Trans:  0.0078 Epoch DTA Phys:  0.0069 Epoch DTA Preserve:  0.0051
/sda/home/wangyuxin/ConvIR-B/envs/convir-cu121/lib/python3.10/site-packages/torch/optim/lr_scheduler.py:1087: UserWarning: To get the last learning rate computed by the scheduler, please use `get_last_lr()`.
  _warn_get_lr_called_within_step(self)
DTA_GATE_RAMP epoch=4 gate_limit=0.030000
Time:  0.0683 Epoch: 004 Iter:   50/ 600 LR: 0.0001000000 Loss content:  0.0169 Loss fft:  0.7965 Loss dta_rank:  0.7395 Loss dta_tv:  0.0316 Loss dta_proxy:  0.4345 Loss dta_trans:  0.0060 Loss dta_phys:  0.0066 Loss dta_preserve:  0.0049
Time:  0.0706 Epoch: 004 Iter:  100/ 600 LR: 0.0001000000 Loss content:  0.0163 Loss fft:  0.8007 Loss dta_rank:  0.7379 Loss dta_tv:  0.0333 Loss dta_proxy:  0.4356 Loss dta_trans:  0.0076 Loss dta_phys:  0.0074 Loss dta_preserve:  0.0039
Time:  0.0796 Epoch: 004 Iter:  150/ 600 LR: 0.0001000000 Loss content:  0.0172 Loss fft:  0.8135 Loss dta_rank:  0.7370 Loss dta_tv:  0.0321 Loss dta_proxy:  0.4334 Loss dta_trans:  0.0063 Loss dta_phys:  0.0068 Loss dta_preserve:  0.0050
Time:  0.0770 Epoch: 004 Iter:  200/ 600 LR: 0.0001000000 Loss content:  0.0173 Loss fft:  0.8191 Loss dta_rank:  0.7412 Loss dta_tv:  0.0317 Loss dta_proxy:  0.4347 Loss dta_trans:  0.0057 Loss dta_phys:  0.0063 Loss dta_preserve:  0.0090
Time:  0.0784 Epoch: 004 Iter:  250/ 600 LR: 0.0001000000 Loss content:  0.0187 Loss fft:  0.8492 Loss dta_rank:  0.7410 Loss dta_tv:  0.0310 Loss dta_proxy:  0.4554 Loss dta_trans:  0.0062 Loss dta_phys:  0.0071 Loss dta_preserve:  0.0077
Time:  0.0805 Epoch: 004 Iter:  300/ 600 LR: 0.0001000000 Loss content:  0.0172 Loss fft:  0.8081 Loss dta_rank:  0.7437 Loss dta_tv:  0.0323 Loss dta_proxy:  0.4250 Loss dta_trans:  0.0074 Loss dta_phys:  0.0068 Loss dta_preserve:  0.0041
Time:  0.0761 Epoch: 004 Iter:  350/ 600 LR: 0.0001000000 Loss content:  0.0173 Loss fft:  0.8351 Loss dta_rank:  0.7337 Loss dta_tv:  0.0315 Loss dta_proxy:  0.4315 Loss dta_trans:  0.0078 Loss dta_phys:  0.0069 Loss dta_preserve:  0.0049
Time:  0.0766 Epoch: 004 Iter:  400/ 600 LR: 0.0001000000 Loss content:  0.0168 Loss fft:  0.8183 Loss dta_rank:  0.7289 Loss dta_tv:  0.0319 Loss dta_proxy:  0.4185 Loss dta_trans:  0.0084 Loss dta_phys:  0.0067 Loss dta_preserve:  0.0044
Time:  0.0760 Epoch: 004 Iter:  450/ 600 LR: 0.0001000000 Loss content:  0.0171 Loss fft:  0.8451 Loss dta_rank:  0.7410 Loss dta_tv:  0.0315 Loss dta_proxy:  0.4310 Loss dta_trans:  0.0067 Loss dta_phys:  0.0066 Loss dta_preserve:  0.0059
Time:  0.0808 Epoch: 004 Iter:  500/ 600 LR: 0.0001000000 Loss content:  0.0176 Loss fft:  0.8161 Loss dta_rank:  0.7364 Loss dta_tv:  0.0303 Loss dta_proxy:  0.4258 Loss dta_trans:  0.0079 Loss dta_phys:  0.0071 Loss dta_preserve:  0.0053
Time:  0.0777 Epoch: 004 Iter:  550/ 600 LR: 0.0001000000 Loss content:  0.0171 Loss fft:  0.8242 Loss dta_rank:  0.7442 Loss dta_tv:  0.0310 Loss dta_proxy:  0.4389 Loss dta_trans:  0.0069 Loss dta_phys:  0.0066 Loss dta_preserve:  0.0060
Time:  0.0772 Epoch: 004 Iter:  600/ 600 LR: 0.0001000000 Loss content:  0.0168 Loss fft:  0.8205 Loss dta_rank:  0.7420 Loss dta_tv:  0.0310 Loss dta_proxy:  0.4309 Loss dta_trans:  0.0054 Loss dta_phys:  0.0060 Loss dta_preserve:  0.0047
EPOCH: 04
Elapsed time: 0.92 Epoch Pixel Loss:  0.0172 Epoch FFT Loss:  0.8205 Epoch DTA Rank:  0.7389 Epoch DTA TV:  0.0316 Epoch DTA Proxy:  0.4329 Epoch DTA Trans:  0.0068 Epoch DTA Phys:  0.0068 Epoch DTA Preserve:  0.0055
DTA_GATE_RAMP epoch=5 gate_limit=0.030000
Time:  0.0776 Epoch: 005 Iter:   50/ 600 LR: 0.0000983215 Loss content:  0.0172 Loss fft:  0.8188 Loss dta_rank:  0.7417 Loss dta_tv:  0.0304 Loss dta_proxy:  0.4604 Loss dta_trans:  0.0064 Loss dta_phys:  0.0070 Loss dta_preserve:  0.0047
Time:  0.0775 Epoch: 005 Iter:  100/ 600 LR: 0.0000983215 Loss content:  0.0176 Loss fft:  0.8275 Loss dta_rank:  0.7458 Loss dta_tv:  0.0304 Loss dta_proxy:  0.4388 Loss dta_trans:  0.0061 Loss dta_phys:  0.0072 Loss dta_preserve:  0.0052
Time:  0.0809 Epoch: 005 Iter:  150/ 600 LR: 0.0000983215 Loss content:  0.0171 Loss fft:  0.8159 Loss dta_rank:  0.7410 Loss dta_tv:  0.0302 Loss dta_proxy:  0.4444 Loss dta_trans:  0.0068 Loss dta_phys:  0.0069 Loss dta_preserve:  0.0064
Time:  0.0775 Epoch: 005 Iter:  200/ 600 LR: 0.0000983215 Loss content:  0.0171 Loss fft:  0.8030 Loss dta_rank:  0.7430 Loss dta_tv:  0.0300 Loss dta_proxy:  0.4532 Loss dta_trans:  0.0066 Loss dta_phys:  0.0069 Loss dta_preserve:  0.0081
Time:  0.0774 Epoch: 005 Iter:  250/ 600 LR: 0.0000983215 Loss content:  0.0169 Loss fft:  0.8103 Loss dta_rank:  0.7456 Loss dta_tv:  0.0305 Loss dta_proxy:  0.4313 Loss dta_trans:  0.0066 Loss dta_phys:  0.0073 Loss dta_preserve:  0.0058
Time:  0.0760 Epoch: 005 Iter:  300/ 600 LR: 0.0000983215 Loss content:  0.0163 Loss fft:  0.8047 Loss dta_rank:  0.7401 Loss dta_tv:  0.0307 Loss dta_proxy:  0.4162 Loss dta_trans:  0.0069 Loss dta_phys:  0.0064 Loss dta_preserve:  0.0040
Time:  0.0731 Epoch: 005 Iter:  350/ 600 LR: 0.0000983215 Loss content:  0.0179 Loss fft:  0.8374 Loss dta_rank:  0.7406 Loss dta_tv:  0.0302 Loss dta_proxy:  0.4307 Loss dta_trans:  0.0071 Loss dta_phys:  0.0076 Loss dta_preserve:  0.0057
Time:  0.0776 Epoch: 005 Iter:  400/ 600 LR: 0.0000983215 Loss content:  0.0165 Loss fft:  0.8170 Loss dta_rank:  0.7409 Loss dta_tv:  0.0301 Loss dta_proxy:  0.4261 Loss dta_trans:  0.0059 Loss dta_phys:  0.0069 Loss dta_preserve:  0.0054
Time:  0.0785 Epoch: 005 Iter:  450/ 600 LR: 0.0000983215 Loss content:  0.0170 Loss fft:  0.8173 Loss dta_rank:  0.7381 Loss dta_tv:  0.0306 Loss dta_proxy:  0.4131 Loss dta_trans:  0.0069 Loss dta_phys:  0.0062 Loss dta_preserve:  0.0049
Time:  0.0799 Epoch: 005 Iter:  500/ 600 LR: 0.0000983215 Loss content:  0.0173 Loss fft:  0.8210 Loss dta_rank:  0.7398 Loss dta_tv:  0.0287 Loss dta_proxy:  0.4471 Loss dta_trans:  0.0061 Loss dta_phys:  0.0065 Loss dta_preserve:  0.0046
Time:  0.0757 Epoch: 005 Iter:  550/ 600 LR: 0.0000983215 Loss content:  0.0178 Loss fft:  0.8394 Loss dta_rank:  0.7379 Loss dta_tv:  0.0290 Loss dta_proxy:  0.4403 Loss dta_trans:  0.0062 Loss dta_phys:  0.0061 Loss dta_preserve:  0.0050
Time:  0.0727 Epoch: 005 Iter:  600/ 600 LR: 0.0000983215 Loss content:  0.0168 Loss fft:  0.8323 Loss dta_rank:  0.7431 Loss dta_tv:  0.0295 Loss dta_proxy:  0.4445 Loss dta_trans:  0.0061 Loss dta_phys:  0.0073 Loss dta_preserve:  0.0047
EPOCH: 05
Elapsed time: 0.93 Epoch Pixel Loss:  0.0171 Epoch FFT Loss:  0.8204 Epoch DTA Rank:  0.7415 Epoch DTA TV:  0.0300 Epoch DTA Proxy:  0.4372 Epoch DTA Trans:  0.0065 Epoch DTA Phys:  0.0069 Epoch DTA Preserve:  0.0054
DTA_GATE_RAMP epoch=6 gate_limit=0.030000
Time:  0.0824 Epoch: 006 Iter:   50/ 600 LR: 0.0000942212 Loss content:  0.0170 Loss fft:  0.8078 Loss dta_rank:  0.7383 Loss dta_tv:  0.0296 Loss dta_proxy:  0.4181 Loss dta_trans:  0.0058 Loss dta_phys:  0.0064 Loss dta_preserve:  0.0050
Time:  0.0800 Epoch: 006 Iter:  100/ 600 LR: 0.0000942212 Loss content:  0.0170 Loss fft:  0.8089 Loss dta_rank:  0.7395 Loss dta_tv:  0.0291 Loss dta_proxy:  0.4529 Loss dta_trans:  0.0059 Loss dta_phys:  0.0066 Loss dta_preserve:  0.0058
Time:  0.0804 Epoch: 006 Iter:  150/ 600 LR: 0.0000942212 Loss content:  0.0171 Loss fft:  0.8002 Loss dta_rank:  0.7357 Loss dta_tv:  0.0303 Loss dta_proxy:  0.4189 Loss dta_trans:  0.0065 Loss dta_phys:  0.0071 Loss dta_preserve:  0.0056
Time:  0.0794 Epoch: 006 Iter:  200/ 600 LR: 0.0000942212 Loss content:  0.0176 Loss fft:  0.8499 Loss dta_rank:  0.7470 Loss dta_tv:  0.0294 Loss dta_proxy:  0.4476 Loss dta_trans:  0.0064 Loss dta_phys:  0.0067 Loss dta_preserve:  0.0048
Time:  0.0725 Epoch: 006 Iter:  250/ 600 LR: 0.0000942212 Loss content:  0.0178 Loss fft:  0.8322 Loss dta_rank:  0.7319 Loss dta_tv:  0.0301 Loss dta_proxy:  0.4220 Loss dta_trans:  0.0070 Loss dta_phys:  0.0066 Loss dta_preserve:  0.0046
Time:  0.0700 Epoch: 006 Iter:  300/ 600 LR: 0.0000942212 Loss content:  0.0171 Loss fft:  0.8162 Loss dta_rank:  0.7381 Loss dta_tv:  0.0286 Loss dta_proxy:  0.4367 Loss dta_trans:  0.0059 Loss dta_phys:  0.0063 Loss dta_preserve:  0.0048
Time:  0.0767 Epoch: 006 Iter:  350/ 600 LR: 0.0000942212 Loss content:  0.0181 Loss fft:  0.8336 Loss dta_rank:  0.7410 Loss dta_tv:  0.0287 Loss dta_proxy:  0.4466 Loss dta_trans:  0.0069 Loss dta_phys:  0.0076 Loss dta_preserve:  0.0066
Time:  0.0793 Epoch: 006 Iter:  400/ 600 LR: 0.0000942212 Loss content:  0.0175 Loss fft:  0.8131 Loss dta_rank:  0.7455 Loss dta_tv:  0.0282 Loss dta_proxy:  0.4524 Loss dta_trans:  0.0058 Loss dta_phys:  0.0068 Loss dta_preserve:  0.0052
Time:  0.0694 Epoch: 006 Iter:  450/ 600 LR: 0.0000942212 Loss content:  0.0168 Loss fft:  0.8245 Loss dta_rank:  0.7433 Loss dta_tv:  0.0293 Loss dta_proxy:  0.4202 Loss dta_trans:  0.0068 Loss dta_phys:  0.0062 Loss dta_preserve:  0.0050
Time:  0.0710 Epoch: 006 Iter:  500/ 600 LR: 0.0000942212 Loss content:  0.0170 Loss fft:  0.8110 Loss dta_rank:  0.7408 Loss dta_tv:  0.0282 Loss dta_proxy:  0.4458 Loss dta_trans:  0.0058 Loss dta_phys:  0.0073 Loss dta_preserve:  0.0051
Time:  0.0748 Epoch: 006 Iter:  550/ 600 LR: 0.0000942212 Loss content:  0.0172 Loss fft:  0.8503 Loss dta_rank:  0.7429 Loss dta_tv:  0.0286 Loss dta_proxy:  0.4324 Loss dta_trans:  0.0061 Loss dta_phys:  0.0066 Loss dta_preserve:  0.0050
Time:  0.0700 Epoch: 006 Iter:  600/ 600 LR: 0.0000942212 Loss content:  0.0174 Loss fft:  0.8080 Loss dta_rank:  0.7366 Loss dta_tv:  0.0272 Loss dta_proxy:  0.4557 Loss dta_trans:  0.0055 Loss dta_phys:  0.0075 Loss dta_preserve:  0.0060
EPOCH: 06
Elapsed time: 0.91 Epoch Pixel Loss:  0.0173 Epoch FFT Loss:  0.8213 Epoch DTA Rank:  0.7400 Epoch DTA TV:  0.0289 Epoch DTA Proxy:  0.4374 Epoch DTA Trans:  0.0062 Epoch DTA Phys:  0.0068 Epoch DTA Preserve:  0.0053
DTA_GATE_RAMP epoch=7 gate_limit=0.030000
Time:  0.0718 Epoch: 007 Iter:   50/ 600 LR: 0.0000886874 Loss content:  0.0169 Loss fft:  0.7958 Loss dta_rank:  0.7415 Loss dta_tv:  0.0288 Loss dta_proxy:  0.4327 Loss dta_trans:  0.0064 Loss dta_phys:  0.0066 Loss dta_preserve:  0.0056
Time:  0.0669 Epoch: 007 Iter:  100/ 600 LR: 0.0000886874 Loss content:  0.0165 Loss fft:  0.8062 Loss dta_rank:  0.7408 Loss dta_tv:  0.0284 Loss dta_proxy:  0.4269 Loss dta_trans:  0.0071 Loss dta_phys:  0.0072 Loss dta_preserve:  0.0049
Time:  0.0739 Epoch: 007 Iter:  150/ 600 LR: 0.0000886874 Loss content:  0.0164 Loss fft:  0.7983 Loss dta_rank:  0.7397 Loss dta_tv:  0.0289 Loss dta_proxy:  0.4197 Loss dta_trans:  0.0061 Loss dta_phys:  0.0069 Loss dta_preserve:  0.0055
Time:  0.0767 Epoch: 007 Iter:  200/ 600 LR: 0.0000886874 Loss content:  0.0170 Loss fft:  0.8395 Loss dta_rank:  0.7376 Loss dta_tv:  0.0292 Loss dta_proxy:  0.4173 Loss dta_trans:  0.0065 Loss dta_phys:  0.0066 Loss dta_preserve:  0.0049
Time:  0.0749 Epoch: 007 Iter:  250/ 600 LR: 0.0000886874 Loss content:  0.0175 Loss fft:  0.8387 Loss dta_rank:  0.7438 Loss dta_tv:  0.0282 Loss dta_proxy:  0.4492 Loss dta_trans:  0.0062 Loss dta_phys:  0.0059 Loss dta_preserve:  0.0063
Time:  0.0782 Epoch: 007 Iter:  300/ 600 LR: 0.0000886874 Loss content:  0.0174 Loss fft:  0.8204 Loss dta_rank:  0.7468 Loss dta_tv:  0.0287 Loss dta_proxy:  0.4393 Loss dta_trans:  0.0064 Loss dta_phys:  0.0066 Loss dta_preserve:  0.0062
Time:  0.0777 Epoch: 007 Iter:  350/ 600 LR: 0.0000886874 Loss content:  0.0175 Loss fft:  0.8152 Loss dta_rank:  0.7461 Loss dta_tv:  0.0282 Loss dta_proxy:  0.4361 Loss dta_trans:  0.0060 Loss dta_phys:  0.0071 Loss dta_preserve:  0.0056
Time:  0.0791 Epoch: 007 Iter:  400/ 600 LR: 0.0000886874 Loss content:  0.0174 Loss fft:  0.8320 Loss dta_rank:  0.7360 Loss dta_tv:  0.0281 Loss dta_proxy:  0.4417 Loss dta_trans:  0.0056 Loss dta_phys:  0.0067 Loss dta_preserve:  0.0047
Time:  0.0791 Epoch: 007 Iter:  450/ 600 LR: 0.0000886874 Loss content:  0.0176 Loss fft:  0.8378 Loss dta_rank:  0.7383 Loss dta_tv:  0.0282 Loss dta_proxy:  0.4385 Loss dta_trans:  0.0062 Loss dta_phys:  0.0066 Loss dta_preserve:  0.0061
Time:  0.0805 Epoch: 007 Iter:  500/ 600 LR: 0.0000886874 Loss content:  0.0177 Loss fft:  0.8282 Loss dta_rank:  0.7409 Loss dta_tv:  0.0274 Loss dta_proxy:  0.4501 Loss dta_trans:  0.0057 Loss dta_phys:  0.0072 Loss dta_preserve:  0.0050
Time:  0.0794 Epoch: 007 Iter:  550/ 600 LR: 0.0000886874 Loss content:  0.0169 Loss fft:  0.8277 Loss dta_rank:  0.7473 Loss dta_tv:  0.0277 Loss dta_proxy:  0.4569 Loss dta_trans:  0.0061 Loss dta_phys:  0.0078 Loss dta_preserve:  0.0059
Time:  0.0771 Epoch: 007 Iter:  600/ 600 LR: 0.0000886874 Loss content:  0.0168 Loss fft:  0.8109 Loss dta_rank:  0.7376 Loss dta_tv:  0.0273 Loss dta_proxy:  0.4369 Loss dta_trans:  0.0063 Loss dta_phys:  0.0067 Loss dta_preserve:  0.0044
EPOCH: 07
Elapsed time: 0.92 Epoch Pixel Loss:  0.0171 Epoch FFT Loss:  0.8209 Epoch DTA Rank:  0.7414 Epoch DTA TV:  0.0283 Epoch DTA Proxy:  0.4371 Epoch DTA Trans:  0.0062 Epoch DTA Phys:  0.0068 Epoch DTA Preserve:  0.0054
DTA_GATE_RAMP epoch=8 gate_limit=0.030000
Time:  0.0844 Epoch: 008 Iter:   50/ 600 LR: 0.0000819070 Loss content:  0.0171 Loss fft:  0.8020 Loss dta_rank:  0.7368 Loss dta_tv:  0.0270 Loss dta_proxy:  0.4314 Loss dta_trans:  0.0055 Loss dta_phys:  0.0067 Loss dta_preserve:  0.0051
Time:  0.0704 Epoch: 008 Iter:  100/ 600 LR: 0.0000819070 Loss content:  0.0172 Loss fft:  0.8085 Loss dta_rank:  0.7400 Loss dta_tv:  0.0277 Loss dta_proxy:  0.4374 Loss dta_trans:  0.0062 Loss dta_phys:  0.0067 Loss dta_preserve:  0.0067
Time:  0.0784 Epoch: 008 Iter:  150/ 600 LR: 0.0000819070 Loss content:  0.0180 Loss fft:  0.8612 Loss dta_rank:  0.7385 Loss dta_tv:  0.0265 Loss dta_proxy:  0.4450 Loss dta_trans:  0.0058 Loss dta_phys:  0.0074 Loss dta_preserve:  0.0054
Time:  0.0786 Epoch: 008 Iter:  200/ 600 LR: 0.0000819070 Loss content:  0.0176 Loss fft:  0.8182 Loss dta_rank:  0.7484 Loss dta_tv:  0.0282 Loss dta_proxy:  0.4288 Loss dta_trans:  0.0066 Loss dta_phys:  0.0068 Loss dta_preserve:  0.0054
Time:  0.0796 Epoch: 008 Iter:  250/ 600 LR: 0.0000819070 Loss content:  0.0163 Loss fft:  0.7976 Loss dta_rank:  0.7351 Loss dta_tv:  0.0281 Loss dta_proxy:  0.4274 Loss dta_trans:  0.0064 Loss dta_phys:  0.0075 Loss dta_preserve:  0.0049
Time:  0.0800 Epoch: 008 Iter:  300/ 600 LR: 0.0000819070 Loss content:  0.0171 Loss fft:  0.8139 Loss dta_rank:  0.7434 Loss dta_tv:  0.0281 Loss dta_proxy:  0.4269 Loss dta_trans:  0.0065 Loss dta_phys:  0.0067 Loss dta_preserve:  0.0069
Time:  0.0758 Epoch: 008 Iter:  350/ 600 LR: 0.0000819070 Loss content:  0.0167 Loss fft:  0.7943 Loss dta_rank:  0.7413 Loss dta_tv:  0.0274 Loss dta_proxy:  0.4486 Loss dta_trans:  0.0054 Loss dta_phys:  0.0066 Loss dta_preserve:  0.0053
Time:  0.0760 Epoch: 008 Iter:  400/ 600 LR: 0.0000819070 Loss content:  0.0171 Loss fft:  0.8383 Loss dta_rank:  0.7344 Loss dta_tv:  0.0271 Loss dta_proxy:  0.4437 Loss dta_trans:  0.0066 Loss dta_phys:  0.0069 Loss dta_preserve:  0.0050
Time:  0.0784 Epoch: 008 Iter:  450/ 600 LR: 0.0000819070 Loss content:  0.0174 Loss fft:  0.8308 Loss dta_rank:  0.7375 Loss dta_tv:  0.0276 Loss dta_proxy:  0.4212 Loss dta_trans:  0.0063 Loss dta_phys:  0.0073 Loss dta_preserve:  0.0048
Time:  0.0790 Epoch: 008 Iter:  500/ 600 LR: 0.0000819070 Loss content:  0.0163 Loss fft:  0.7985 Loss dta_rank:  0.7367 Loss dta_tv:  0.0276 Loss dta_proxy:  0.4396 Loss dta_trans:  0.0055 Loss dta_phys:  0.0059 Loss dta_preserve:  0.0051
Time:  0.0739 Epoch: 008 Iter:  550/ 600 LR: 0.0000819070 Loss content:  0.0174 Loss fft:  0.8459 Loss dta_rank:  0.7427 Loss dta_tv:  0.0279 Loss dta_proxy:  0.4459 Loss dta_trans:  0.0058 Loss dta_phys:  0.0072 Loss dta_preserve:  0.0061
Time:  0.0714 Epoch: 008 Iter:  600/ 600 LR: 0.0000819070 Loss content:  0.0174 Loss fft:  0.8551 Loss dta_rank:  0.7390 Loss dta_tv:  0.0282 Loss dta_proxy:  0.4439 Loss dta_trans:  0.0049 Loss dta_phys:  0.0062 Loss dta_preserve:  0.0052
EPOCH: 08
Elapsed time: 0.93 Epoch Pixel Loss:  0.0171 Epoch FFT Loss:  0.8220 Epoch DTA Rank:  0.7395 Epoch DTA TV:  0.0276 Epoch DTA Proxy:  0.4367 Epoch DTA Trans:  0.0060 Epoch DTA Phys:  0.0068 Epoch DTA Preserve:  0.0055
DTA_GATE_RAMP epoch=9 gate_limit=0.060000
Time:  0.0812 Epoch: 009 Iter:   50/ 600 LR: 0.0000741093 Loss content:  0.0181 Loss fft:  0.8187 Loss dta_rank:  0.7391 Loss dta_tv:  0.0260 Loss dta_proxy:  0.4660 Loss dta_trans:  0.0052 Loss dta_phys:  0.0067 Loss dta_preserve:  0.0052
Time:  0.0765 Epoch: 009 Iter:  100/ 600 LR: 0.0000741093 Loss content:  0.0182 Loss fft:  0.8766 Loss dta_rank:  0.7403 Loss dta_tv:  0.0285 Loss dta_proxy:  0.4291 Loss dta_trans:  0.0060 Loss dta_phys:  0.0066 Loss dta_preserve:  0.0054
Time:  0.0782 Epoch: 009 Iter:  150/ 600 LR: 0.0000741093 Loss content:  0.0170 Loss fft:  0.8277 Loss dta_rank:  0.7368 Loss dta_tv:  0.0282 Loss dta_proxy:  0.4348 Loss dta_trans:  0.0054 Loss dta_phys:  0.0076 Loss dta_preserve:  0.0063
Time:  0.0749 Epoch: 009 Iter:  200/ 600 LR: 0.0000741093 Loss content:  0.0170 Loss fft:  0.8072 Loss dta_rank:  0.7379 Loss dta_tv:  0.0280 Loss dta_proxy:  0.4168 Loss dta_trans:  0.0060 Loss dta_phys:  0.0061 Loss dta_preserve:  0.0047
Time:  0.0767 Epoch: 009 Iter:  250/ 600 LR: 0.0000741093 Loss content:  0.0172 Loss fft:  0.8066 Loss dta_rank:  0.7399 Loss dta_tv:  0.0267 Loss dta_proxy:  0.4609 Loss dta_trans:  0.0062 Loss dta_phys:  0.0071 Loss dta_preserve:  0.0048
Time:  0.0796 Epoch: 009 Iter:  300/ 600 LR: 0.0000741093 Loss content:  0.0165 Loss fft:  0.7871 Loss dta_rank:  0.7301 Loss dta_tv:  0.0266 Loss dta_proxy:  0.4333 Loss dta_trans:  0.0068 Loss dta_phys:  0.0073 Loss dta_preserve:  0.0049
Time:  0.0761 Epoch: 009 Iter:  350/ 600 LR: 0.0000741093 Loss content:  0.0170 Loss fft:  0.8208 Loss dta_rank:  0.7387 Loss dta_tv:  0.0268 Loss dta_proxy:  0.4482 Loss dta_trans:  0.0064 Loss dta_phys:  0.0069 Loss dta_preserve:  0.0051
Time:  0.0741 Epoch: 009 Iter:  400/ 600 LR: 0.0000741093 Loss content:  0.0176 Loss fft:  0.8304 Loss dta_rank:  0.7419 Loss dta_tv:  0.0273 Loss dta_proxy:  0.4269 Loss dta_trans:  0.0063 Loss dta_phys:  0.0071 Loss dta_preserve:  0.0051
Time:  0.0794 Epoch: 009 Iter:  450/ 600 LR: 0.0000741093 Loss content:  0.0170 Loss fft:  0.8174 Loss dta_rank:  0.7384 Loss dta_tv:  0.0270 Loss dta_proxy:  0.4470 Loss dta_trans:  0.0047 Loss dta_phys:  0.0057 Loss dta_preserve:  0.0037
Time:  0.0741 Epoch: 009 Iter:  500/ 600 LR: 0.0000741093 Loss content:  0.0171 Loss fft:  0.8209 Loss dta_rank:  0.7469 Loss dta_tv:  0.0265 Loss dta_proxy:  0.4573 Loss dta_trans:  0.0059 Loss dta_phys:  0.0068 Loss dta_preserve:  0.0050
Time:  0.0746 Epoch: 009 Iter:  550/ 600 LR: 0.0000741093 Loss content:  0.0178 Loss fft:  0.8202 Loss dta_rank:  0.7372 Loss dta_tv:  0.0264 Loss dta_proxy:  0.4424 Loss dta_trans:  0.0059 Loss dta_phys:  0.0073 Loss dta_preserve:  0.0039
Time:  0.0697 Epoch: 009 Iter:  600/ 600 LR: 0.0000741093 Loss content:  0.0174 Loss fft:  0.8386 Loss dta_rank:  0.7435 Loss dta_tv:  0.0266 Loss dta_proxy:  0.4502 Loss dta_trans:  0.0060 Loss dta_phys:  0.0070 Loss dta_preserve:  0.0046
EPOCH: 09
Elapsed time: 0.92 Epoch Pixel Loss:  0.0173 Epoch FFT Loss:  0.8227 Epoch DTA Rank:  0.7392 Epoch DTA TV:  0.0271 Epoch DTA Proxy:  0.4427 Epoch DTA Trans:  0.0059 Epoch DTA Phys:  0.0068 Epoch DTA Preserve:  0.0049
DTA_GATE_RAMP epoch=10 gate_limit=0.060000
Time:  0.0800 Epoch: 010 Iter:   50/ 600 LR: 0.0000655580 Loss content:  0.0167 Loss fft:  0.8082 Loss dta_rank:  0.7417 Loss dta_tv:  0.0272 Loss dta_proxy:  0.4316 Loss dta_trans:  0.0059 Loss dta_phys:  0.0068 Loss dta_preserve:  0.0048
Time:  0.0799 Epoch: 010 Iter:  100/ 600 LR: 0.0000655580 Loss content:  0.0172 Loss fft:  0.8094 Loss dta_rank:  0.7366 Loss dta_tv:  0.0270 Loss dta_proxy:  0.4466 Loss dta_trans:  0.0053 Loss dta_phys:  0.0071 Loss dta_preserve:  0.0048
Time:  0.0798 Epoch: 010 Iter:  150/ 600 LR: 0.0000655580 Loss content:  0.0173 Loss fft:  0.8047 Loss dta_rank:  0.7433 Loss dta_tv:  0.0265 Loss dta_proxy:  0.4601 Loss dta_trans:  0.0060 Loss dta_phys:  0.0066 Loss dta_preserve:  0.0055
Time:  0.0800 Epoch: 010 Iter:  200/ 600 LR: 0.0000655580 Loss content:  0.0171 Loss fft:  0.8148 Loss dta_rank:  0.7366 Loss dta_tv:  0.0267 Loss dta_proxy:  0.4416 Loss dta_trans:  0.0063 Loss dta_phys:  0.0069 Loss dta_preserve:  0.0048
Time:  0.0767 Epoch: 010 Iter:  250/ 600 LR: 0.0000655580 Loss content:  0.0174 Loss fft:  0.7943 Loss dta_rank:  0.7410 Loss dta_tv:  0.0267 Loss dta_proxy:  0.4549 Loss dta_trans:  0.0060 Loss dta_phys:  0.0072 Loss dta_preserve:  0.0042
Time:  0.0773 Epoch: 010 Iter:  300/ 600 LR: 0.0000655580 Loss content:  0.0168 Loss fft:  0.8376 Loss dta_rank:  0.7424 Loss dta_tv:  0.0269 Loss dta_proxy:  0.4305 Loss dta_trans:  0.0065 Loss dta_phys:  0.0063 Loss dta_preserve:  0.0050
Time:  0.0781 Epoch: 010 Iter:  350/ 600 LR: 0.0000655580 Loss content:  0.0171 Loss fft:  0.8178 Loss dta_rank:  0.7406 Loss dta_tv:  0.0264 Loss dta_proxy:  0.4557 Loss dta_trans:  0.0052 Loss dta_phys:  0.0069 Loss dta_preserve:  0.0042
Time:  0.0807 Epoch: 010 Iter:  400/ 600 LR: 0.0000655580 Loss content:  0.0169 Loss fft:  0.8410 Loss dta_rank:  0.7532 Loss dta_tv:  0.0277 Loss dta_proxy:  0.4196 Loss dta_trans:  0.0055 Loss dta_phys:  0.0059 Loss dta_preserve:  0.0050
Time:  0.0799 Epoch: 010 Iter:  450/ 600 LR: 0.0000655580 Loss content:  0.0169 Loss fft:  0.8376 Loss dta_rank:  0.7326 Loss dta_tv:  0.0271 Loss dta_proxy:  0.4236 Loss dta_trans:  0.0068 Loss dta_phys:  0.0069 Loss dta_preserve:  0.0058
Time:  0.0782 Epoch: 010 Iter:  500/ 600 LR: 0.0000655580 Loss content:  0.0171 Loss fft:  0.8141 Loss dta_rank:  0.7449 Loss dta_tv:  0.0264 Loss dta_proxy:  0.4461 Loss dta_trans:  0.0053 Loss dta_phys:  0.0068 Loss dta_preserve:  0.0051
Time:  0.0785 Epoch: 010 Iter:  550/ 600 LR: 0.0000655580 Loss content:  0.0171 Loss fft:  0.8271 Loss dta_rank:  0.7378 Loss dta_tv:  0.0263 Loss dta_proxy:  0.4579 Loss dta_trans:  0.0058 Loss dta_phys:  0.0067 Loss dta_preserve:  0.0042
Time:  0.0732 Epoch: 010 Iter:  600/ 600 LR: 0.0000655580 Loss content:  0.0176 Loss fft:  0.8118 Loss dta_rank:  0.7363 Loss dta_tv:  0.0264 Loss dta_proxy:  0.4313 Loss dta_trans:  0.0065 Loss dta_phys:  0.0070 Loss dta_preserve:  0.0045
EPOCH: 10
Elapsed time: 0.95 Epoch Pixel Loss:  0.0171 Epoch FFT Loss:  0.8182 Epoch DTA Rank:  0.7406 Epoch DTA TV:  0.0268 Epoch DTA Proxy:  0.4416 Epoch DTA Trans:  0.0059 Epoch DTA Phys:  0.0068 Epoch DTA Preserve:  0.0048
DTA_GATE_RAMP epoch=11 gate_limit=0.060000
Time:  0.0746 Epoch: 011 Iter:   50/ 600 LR: 0.0000565424 Loss content:  0.0167 Loss fft:  0.8104 Loss dta_rank:  0.7405 Loss dta_tv:  0.0268 Loss dta_proxy:  0.4310 Loss dta_trans:  0.0059 Loss dta_phys:  0.0068 Loss dta_preserve:  0.0065
Time:  0.0729 Epoch: 011 Iter:  100/ 600 LR: 0.0000565424 Loss content:  0.0170 Loss fft:  0.8266 Loss dta_rank:  0.7324 Loss dta_tv:  0.0260 Loss dta_proxy:  0.4491 Loss dta_trans:  0.0049 Loss dta_phys:  0.0063 Loss dta_preserve:  0.0068
Time:  0.0749 Epoch: 011 Iter:  150/ 600 LR: 0.0000565424 Loss content:  0.0162 Loss fft:  0.7837 Loss dta_rank:  0.7369 Loss dta_tv:  0.0272 Loss dta_proxy:  0.4246 Loss dta_trans:  0.0066 Loss dta_phys:  0.0074 Loss dta_preserve:  0.0054
Time:  0.0785 Epoch: 011 Iter:  200/ 600 LR: 0.0000565424 Loss content:  0.0160 Loss fft:  0.7860 Loss dta_rank:  0.7450 Loss dta_tv:  0.0271 Loss dta_proxy:  0.4306 Loss dta_trans:  0.0058 Loss dta_phys:  0.0064 Loss dta_preserve:  0.0058
Time:  0.0757 Epoch: 011 Iter:  250/ 600 LR: 0.0000565424 Loss content:  0.0171 Loss fft:  0.8445 Loss dta_rank:  0.7422 Loss dta_tv:  0.0273 Loss dta_proxy:  0.4167 Loss dta_trans:  0.0061 Loss dta_phys:  0.0069 Loss dta_preserve:  0.0085
Time:  0.0723 Epoch: 011 Iter:  300/ 600 LR: 0.0000565424 Loss content:  0.0182 Loss fft:  0.8297 Loss dta_rank:  0.7414 Loss dta_tv:  0.0267 Loss dta_proxy:  0.4388 Loss dta_trans:  0.0057 Loss dta_phys:  0.0069 Loss dta_preserve:  0.0061
Time:  0.0740 Epoch: 011 Iter:  350/ 600 LR: 0.0000565424 Loss content:  0.0171 Loss fft:  0.8241 Loss dta_rank:  0.7363 Loss dta_tv:  0.0260 Loss dta_proxy:  0.4489 Loss dta_trans:  0.0055 Loss dta_phys:  0.0066 Loss dta_preserve:  0.0054
Time:  0.0773 Epoch: 011 Iter:  400/ 600 LR: 0.0000565424 Loss content:  0.0177 Loss fft:  0.8128 Loss dta_rank:  0.7364 Loss dta_tv:  0.0264 Loss dta_proxy:  0.4528 Loss dta_trans:  0.0064 Loss dta_phys:  0.0076 Loss dta_preserve:  0.0060
Time:  0.0733 Epoch: 011 Iter:  450/ 600 LR: 0.0000565424 Loss content:  0.0168 Loss fft:  0.8094 Loss dta_rank:  0.7426 Loss dta_tv:  0.0262 Loss dta_proxy:  0.4523 Loss dta_trans:  0.0058 Loss dta_phys:  0.0072 Loss dta_preserve:  0.0044
Time:  0.0740 Epoch: 011 Iter:  500/ 600 LR: 0.0000565424 Loss content:  0.0170 Loss fft:  0.8246 Loss dta_rank:  0.7471 Loss dta_tv:  0.0266 Loss dta_proxy:  0.4539 Loss dta_trans:  0.0053 Loss dta_phys:  0.0066 Loss dta_preserve:  0.0049
Time:  0.0714 Epoch: 011 Iter:  550/ 600 LR: 0.0000565424 Loss content:  0.0185 Loss fft:  0.8564 Loss dta_rank:  0.7439 Loss dta_tv:  0.0263 Loss dta_proxy:  0.4499 Loss dta_trans:  0.0053 Loss dta_phys:  0.0058 Loss dta_preserve:  0.0052
Time:  0.0713 Epoch: 011 Iter:  600/ 600 LR: 0.0000565424 Loss content:  0.0163 Loss fft:  0.7725 Loss dta_rank:  0.7397 Loss dta_tv:  0.0261 Loss dta_proxy:  0.4529 Loss dta_trans:  0.0052 Loss dta_phys:  0.0062 Loss dta_preserve:  0.0045
EPOCH: 11
Elapsed time: 0.89 Epoch Pixel Loss:  0.0171 Epoch FFT Loss:  0.8151 Epoch DTA Rank:  0.7404 Epoch DTA TV:  0.0266 Epoch DTA Proxy:  0.4418 Epoch DTA Trans:  0.0057 Epoch DTA Phys:  0.0067 Epoch DTA Preserve:  0.0058
DTA_GATE_RAMP epoch=12 gate_limit=0.060000
Time:  0.0766 Epoch: 012 Iter:   50/ 600 LR: 0.0000473670 Loss content:  0.0172 Loss fft:  0.7759 Loss dta_rank:  0.7429 Loss dta_tv:  0.0257 Loss dta_proxy:  0.4578 Loss dta_trans:  0.0059 Loss dta_phys:  0.0076 Loss dta_preserve:  0.0056
Time:  0.0709 Epoch: 012 Iter:  100/ 600 LR: 0.0000473670 Loss content:  0.0163 Loss fft:  0.7929 Loss dta_rank:  0.7364 Loss dta_tv:  0.0265 Loss dta_proxy:  0.4266 Loss dta_trans:  0.0056 Loss dta_phys:  0.0067 Loss dta_preserve:  0.0053
Time:  0.0609 Epoch: 012 Iter:  150/ 600 LR: 0.0000473670 Loss content:  0.0170 Loss fft:  0.8002 Loss dta_rank:  0.7389 Loss dta_tv:  0.0265 Loss dta_proxy:  0.4340 Loss dta_trans:  0.0068 Loss dta_phys:  0.0073 Loss dta_preserve:  0.0052
Time:  0.0664 Epoch: 012 Iter:  200/ 600 LR: 0.0000473670 Loss content:  0.0168 Loss fft:  0.8148 Loss dta_rank:  0.7390 Loss dta_tv:  0.0260 Loss dta_proxy:  0.4364 Loss dta_trans:  0.0059 Loss dta_phys:  0.0073 Loss dta_preserve:  0.0048
Time:  0.0757 Epoch: 012 Iter:  250/ 600 LR: 0.0000473670 Loss content:  0.0171 Loss fft:  0.8371 Loss dta_rank:  0.7438 Loss dta_tv:  0.0264 Loss dta_proxy:  0.4471 Loss dta_trans:  0.0051 Loss dta_phys:  0.0061 Loss dta_preserve:  0.0055
Time:  0.0795 Epoch: 012 Iter:  300/ 600 LR: 0.0000473670 Loss content:  0.0169 Loss fft:  0.8186 Loss dta_rank:  0.7372 Loss dta_tv:  0.0263 Loss dta_proxy:  0.4362 Loss dta_trans:  0.0055 Loss dta_phys:  0.0069 Loss dta_preserve:  0.0077
Time:  0.0784 Epoch: 012 Iter:  350/ 600 LR: 0.0000473670 Loss content:  0.0176 Loss fft:  0.8240 Loss dta_rank:  0.7417 Loss dta_tv:  0.0256 Loss dta_proxy:  0.4366 Loss dta_trans:  0.0057 Loss dta_phys:  0.0061 Loss dta_preserve:  0.0060
Time:  0.0794 Epoch: 012 Iter:  400/ 600 LR: 0.0000473670 Loss content:  0.0170 Loss fft:  0.8191 Loss dta_rank:  0.7413 Loss dta_tv:  0.0271 Loss dta_proxy:  0.4327 Loss dta_trans:  0.0066 Loss dta_phys:  0.0066 Loss dta_preserve:  0.0053
Time:  0.0706 Epoch: 012 Iter:  450/ 600 LR: 0.0000473670 Loss content:  0.0173 Loss fft:  0.8033 Loss dta_rank:  0.7354 Loss dta_tv:  0.0255 Loss dta_proxy:  0.4509 Loss dta_trans:  0.0063 Loss dta_phys:  0.0072 Loss dta_preserve:  0.0061
Time:  0.0725 Epoch: 012 Iter:  500/ 600 LR: 0.0000473670 Loss content:  0.0176 Loss fft:  0.8348 Loss dta_rank:  0.7392 Loss dta_tv:  0.0260 Loss dta_proxy:  0.4642 Loss dta_trans:  0.0055 Loss dta_phys:  0.0074 Loss dta_preserve:  0.0054
Time:  0.0747 Epoch: 012 Iter:  550/ 600 LR: 0.0000473670 Loss content:  0.0180 Loss fft:  0.8566 Loss dta_rank:  0.7396 Loss dta_tv:  0.0263 Loss dta_proxy:  0.4410 Loss dta_trans:  0.0055 Loss dta_phys:  0.0066 Loss dta_preserve:  0.0051
Time:  0.0717 Epoch: 012 Iter:  600/ 600 LR: 0.0000473670 Loss content:  0.0167 Loss fft:  0.8051 Loss dta_rank:  0.7412 Loss dta_tv:  0.0270 Loss dta_proxy:  0.4270 Loss dta_trans:  0.0059 Loss dta_phys:  0.0063 Loss dta_preserve:  0.0042
EPOCH: 12
Elapsed time: 0.88 Epoch Pixel Loss:  0.0171 Epoch FFT Loss:  0.8152 Epoch DTA Rank:  0.7397 Epoch DTA TV:  0.0262 Epoch DTA Proxy:  0.4409 Epoch DTA Trans:  0.0059 Epoch DTA Phys:  0.0069 Epoch DTA Preserve:  0.0055
DTA_GATE_RAMP epoch=13 gate_limit=0.060000
Time:  0.0771 Epoch: 013 Iter:   50/ 600 LR: 0.0000383414 Loss content:  0.0170 Loss fft:  0.8098 Loss dta_rank:  0.7381 Loss dta_tv:  0.0256 Loss dta_proxy:  0.4431 Loss dta_trans:  0.0053 Loss dta_phys:  0.0068 Loss dta_preserve:  0.0038
Time:  0.0745 Epoch: 013 Iter:  100/ 600 LR: 0.0000383414 Loss content:  0.0170 Loss fft:  0.8218 Loss dta_rank:  0.7421 Loss dta_tv:  0.0262 Loss dta_proxy:  0.4459 Loss dta_trans:  0.0062 Loss dta_phys:  0.0069 Loss dta_preserve:  0.0045
Time:  0.0755 Epoch: 013 Iter:  150/ 600 LR: 0.0000383414 Loss content:  0.0174 Loss fft:  0.8356 Loss dta_rank:  0.7419 Loss dta_tv:  0.0267 Loss dta_proxy:  0.4439 Loss dta_trans:  0.0059 Loss dta_phys:  0.0067 Loss dta_preserve:  0.0049
Time:  0.0777 Epoch: 013 Iter:  200/ 600 LR: 0.0000383414 Loss content:  0.0160 Loss fft:  0.7795 Loss dta_rank:  0.7360 Loss dta_tv:  0.0272 Loss dta_proxy:  0.4235 Loss dta_trans:  0.0056 Loss dta_phys:  0.0072 Loss dta_preserve:  0.0043
Time:  0.0738 Epoch: 013 Iter:  250/ 600 LR: 0.0000383414 Loss content:  0.0173 Loss fft:  0.8011 Loss dta_rank:  0.7387 Loss dta_tv:  0.0272 Loss dta_proxy:  0.4070 Loss dta_trans:  0.0056 Loss dta_phys:  0.0058 Loss dta_preserve:  0.0038
Time:  0.0742 Epoch: 013 Iter:  300/ 600 LR: 0.0000383414 Loss content:  0.0177 Loss fft:  0.8432 Loss dta_rank:  0.7310 Loss dta_tv:  0.0266 Loss dta_proxy:  0.4330 Loss dta_trans:  0.0052 Loss dta_phys:  0.0068 Loss dta_preserve:  0.0049
Time:  0.0805 Epoch: 013 Iter:  350/ 600 LR: 0.0000383414 Loss content:  0.0177 Loss fft:  0.8378 Loss dta_rank:  0.7394 Loss dta_tv:  0.0265 Loss dta_proxy:  0.4327 Loss dta_trans:  0.0055 Loss dta_phys:  0.0059 Loss dta_preserve:  0.0040
Time:  0.0798 Epoch: 013 Iter:  400/ 600 LR: 0.0000383414 Loss content:  0.0174 Loss fft:  0.8146 Loss dta_rank:  0.7352 Loss dta_tv:  0.0254 Loss dta_proxy:  0.4488 Loss dta_trans:  0.0053 Loss dta_phys:  0.0070 Loss dta_preserve:  0.0059
Time:  0.0788 Epoch: 013 Iter:  450/ 600 LR: 0.0000383414 Loss content:  0.0171 Loss fft:  0.8260 Loss dta_rank:  0.7481 Loss dta_tv:  0.0258 Loss dta_proxy:  0.4560 Loss dta_trans:  0.0060 Loss dta_phys:  0.0071 Loss dta_preserve:  0.0042
Time:  0.0764 Epoch: 013 Iter:  500/ 600 LR: 0.0000383414 Loss content:  0.0182 Loss fft:  0.8100 Loss dta_rank:  0.7470 Loss dta_tv:  0.0262 Loss dta_proxy:  0.4497 Loss dta_trans:  0.0058 Loss dta_phys:  0.0068 Loss dta_preserve:  0.0055
Time:  0.0762 Epoch: 013 Iter:  550/ 600 LR: 0.0000383414 Loss content:  0.0170 Loss fft:  0.7900 Loss dta_rank:  0.7454 Loss dta_tv:  0.0262 Loss dta_proxy:  0.4521 Loss dta_trans:  0.0050 Loss dta_phys:  0.0067 Loss dta_preserve:  0.0059
Time:  0.0743 Epoch: 013 Iter:  600/ 600 LR: 0.0000383414 Loss content:  0.0172 Loss fft:  0.8380 Loss dta_rank:  0.7472 Loss dta_tv:  0.0258 Loss dta_proxy:  0.4459 Loss dta_trans:  0.0054 Loss dta_phys:  0.0063 Loss dta_preserve:  0.0047
EPOCH: 13
Elapsed time: 0.92 Epoch Pixel Loss:  0.0172 Epoch FFT Loss:  0.8173 Epoch DTA Rank:  0.7408 Epoch DTA TV:  0.0263 Epoch DTA Proxy:  0.4401 Epoch DTA Trans:  0.0056 Epoch DTA Phys:  0.0067 Epoch DTA Preserve:  0.0047
DTA_GATE_RAMP epoch=14 gate_limit=0.060000
Time:  0.0787 Epoch: 014 Iter:   50/ 600 LR: 0.0000297690 Loss content:  0.0177 Loss fft:  0.8069 Loss dta_rank:  0.7494 Loss dta_tv:  0.0257 Loss dta_proxy:  0.4538 Loss dta_trans:  0.0057 Loss dta_phys:  0.0068 Loss dta_preserve:  0.0048
Time:  0.0750 Epoch: 014 Iter:  100/ 600 LR: 0.0000297690 Loss content:  0.0171 Loss fft:  0.8420 Loss dta_rank:  0.7430 Loss dta_tv:  0.0262 Loss dta_proxy:  0.4484 Loss dta_trans:  0.0053 Loss dta_phys:  0.0063 Loss dta_preserve:  0.0046
Time:  0.0696 Epoch: 014 Iter:  150/ 600 LR: 0.0000297690 Loss content:  0.0172 Loss fft:  0.7949 Loss dta_rank:  0.7453 Loss dta_tv:  0.0262 Loss dta_proxy:  0.4332 Loss dta_trans:  0.0055 Loss dta_phys:  0.0066 Loss dta_preserve:  0.0053
Time:  0.0731 Epoch: 014 Iter:  200/ 600 LR: 0.0000297690 Loss content:  0.0167 Loss fft:  0.8053 Loss dta_rank:  0.7311 Loss dta_tv:  0.0261 Loss dta_proxy:  0.4432 Loss dta_trans:  0.0057 Loss dta_phys:  0.0073 Loss dta_preserve:  0.0063
Time:  0.0732 Epoch: 014 Iter:  250/ 600 LR: 0.0000297690 Loss content:  0.0172 Loss fft:  0.8373 Loss dta_rank:  0.7391 Loss dta_tv:  0.0258 Loss dta_proxy:  0.4452 Loss dta_trans:  0.0049 Loss dta_phys:  0.0065 Loss dta_preserve:  0.0050
Time:  0.0707 Epoch: 014 Iter:  300/ 600 LR: 0.0000297690 Loss content:  0.0162 Loss fft:  0.7931 Loss dta_rank:  0.7313 Loss dta_tv:  0.0267 Loss dta_proxy:  0.4160 Loss dta_trans:  0.0063 Loss dta_phys:  0.0064 Loss dta_preserve:  0.0044
Time:  0.0727 Epoch: 014 Iter:  350/ 600 LR: 0.0000297690 Loss content:  0.0168 Loss fft:  0.8180 Loss dta_rank:  0.7412 Loss dta_tv:  0.0267 Loss dta_proxy:  0.4316 Loss dta_trans:  0.0056 Loss dta_phys:  0.0071 Loss dta_preserve:  0.0049
Time:  0.0674 Epoch: 014 Iter:  400/ 600 LR: 0.0000297690 Loss content:  0.0167 Loss fft:  0.8077 Loss dta_rank:  0.7473 Loss dta_tv:  0.0260 Loss dta_proxy:  0.4489 Loss dta_trans:  0.0055 Loss dta_phys:  0.0067 Loss dta_preserve:  0.0047
Time:  0.0718 Epoch: 014 Iter:  450/ 600 LR: 0.0000297690 Loss content:  0.0169 Loss fft:  0.8105 Loss dta_rank:  0.7409 Loss dta_tv:  0.0262 Loss dta_proxy:  0.4372 Loss dta_trans:  0.0065 Loss dta_phys:  0.0068 Loss dta_preserve:  0.0039
Time:  0.0690 Epoch: 014 Iter:  500/ 600 LR: 0.0000297690 Loss content:  0.0175 Loss fft:  0.8073 Loss dta_rank:  0.7390 Loss dta_tv:  0.0260 Loss dta_proxy:  0.4453 Loss dta_trans:  0.0059 Loss dta_phys:  0.0070 Loss dta_preserve:  0.0074
Time:  0.0647 Epoch: 014 Iter:  550/ 600 LR: 0.0000297690 Loss content:  0.0178 Loss fft:  0.8519 Loss dta_rank:  0.7377 Loss dta_tv:  0.0260 Loss dta_proxy:  0.4548 Loss dta_trans:  0.0053 Loss dta_phys:  0.0069 Loss dta_preserve:  0.0054
Time:  0.0662 Epoch: 014 Iter:  600/ 600 LR: 0.0000297690 Loss content:  0.0175 Loss fft:  0.8369 Loss dta_rank:  0.7403 Loss dta_tv:  0.0259 Loss dta_proxy:  0.4552 Loss dta_trans:  0.0054 Loss dta_phys:  0.0068 Loss dta_preserve:  0.0047
EPOCH: 14
Elapsed time: 0.86 Epoch Pixel Loss:  0.0171 Epoch FFT Loss:  0.8177 Epoch DTA Rank:  0.7405 Epoch DTA TV:  0.0261 Epoch DTA Proxy:  0.4427 Epoch DTA Trans:  0.0056 Epoch DTA Phys:  0.0068 Epoch DTA Preserve:  0.0051
DTA_GATE_RAMP epoch=15 gate_limit=0.060000
Time:  0.0726 Epoch: 015 Iter:   50/ 600 LR: 0.0000219361 Loss content:  0.0175 Loss fft:  0.8062 Loss dta_rank:  0.7358 Loss dta_tv:  0.0260 Loss dta_proxy:  0.4458 Loss dta_trans:  0.0054 Loss dta_phys:  0.0065 Loss dta_preserve:  0.0041
Time:  0.0660 Epoch: 015 Iter:  100/ 600 LR: 0.0000219361 Loss content:  0.0170 Loss fft:  0.8377 Loss dta_rank:  0.7480 Loss dta_tv:  0.0254 Loss dta_proxy:  0.4424 Loss dta_trans:  0.0056 Loss dta_phys:  0.0064 Loss dta_preserve:  0.0060
Time:  0.0628 Epoch: 015 Iter:  150/ 600 LR: 0.0000219361 Loss content:  0.0167 Loss fft:  0.8084 Loss dta_rank:  0.7451 Loss dta_tv:  0.0257 Loss dta_proxy:  0.4417 Loss dta_trans:  0.0053 Loss dta_phys:  0.0069 Loss dta_preserve:  0.0046
Time:  0.0726 Epoch: 015 Iter:  200/ 600 LR: 0.0000219361 Loss content:  0.0176 Loss fft:  0.8022 Loss dta_rank:  0.7369 Loss dta_tv:  0.0254 Loss dta_proxy:  0.4358 Loss dta_trans:  0.0061 Loss dta_phys:  0.0067 Loss dta_preserve:  0.0054
Time:  0.0745 Epoch: 015 Iter:  250/ 600 LR: 0.0000219361 Loss content:  0.0177 Loss fft:  0.8549 Loss dta_rank:  0.7377 Loss dta_tv:  0.0260 Loss dta_proxy:  0.4447 Loss dta_trans:  0.0051 Loss dta_phys:  0.0064 Loss dta_preserve:  0.0054
Time:  0.0740 Epoch: 015 Iter:  300/ 600 LR: 0.0000219361 Loss content:  0.0172 Loss fft:  0.8064 Loss dta_rank:  0.7408 Loss dta_tv:  0.0259 Loss dta_proxy:  0.4382 Loss dta_trans:  0.0050 Loss dta_phys:  0.0066 Loss dta_preserve:  0.0055
Time:  0.0733 Epoch: 015 Iter:  350/ 600 LR: 0.0000219361 Loss content:  0.0174 Loss fft:  0.8168 Loss dta_rank:  0.7384 Loss dta_tv:  0.0261 Loss dta_proxy:  0.4474 Loss dta_trans:  0.0057 Loss dta_phys:  0.0070 Loss dta_preserve:  0.0054
Time:  0.0740 Epoch: 015 Iter:  400/ 600 LR: 0.0000219361 Loss content:  0.0172 Loss fft:  0.8121 Loss dta_rank:  0.7419 Loss dta_tv:  0.0268 Loss dta_proxy:  0.4172 Loss dta_trans:  0.0057 Loss dta_phys:  0.0062 Loss dta_preserve:  0.0052
Time:  0.0739 Epoch: 015 Iter:  450/ 600 LR: 0.0000219361 Loss content:  0.0168 Loss fft:  0.8103 Loss dta_rank:  0.7416 Loss dta_tv:  0.0261 Loss dta_proxy:  0.4462 Loss dta_trans:  0.0054 Loss dta_phys:  0.0071 Loss dta_preserve:  0.0050
Time:  0.0735 Epoch: 015 Iter:  500/ 600 LR: 0.0000219361 Loss content:  0.0174 Loss fft:  0.8070 Loss dta_rank:  0.7367 Loss dta_tv:  0.0266 Loss dta_proxy:  0.4223 Loss dta_trans:  0.0064 Loss dta_phys:  0.0071 Loss dta_preserve:  0.0048
Time:  0.0734 Epoch: 015 Iter:  550/ 600 LR: 0.0000219361 Loss content:  0.0166 Loss fft:  0.8234 Loss dta_rank:  0.7439 Loss dta_tv:  0.0252 Loss dta_proxy:  0.4539 Loss dta_trans:  0.0061 Loss dta_phys:  0.0071 Loss dta_preserve:  0.0042
Time:  0.0691 Epoch: 015 Iter:  600/ 600 LR: 0.0000219361 Loss content:  0.0167 Loss fft:  0.8144 Loss dta_rank:  0.7442 Loss dta_tv:  0.0253 Loss dta_proxy:  0.4572 Loss dta_trans:  0.0049 Loss dta_phys:  0.0066 Loss dta_preserve:  0.0047
EPOCH: 15
Elapsed time: 0.86 Epoch Pixel Loss:  0.0172 Epoch FFT Loss:  0.8167 Epoch DTA Rank:  0.7409 Epoch DTA TV:  0.0259 Epoch DTA Proxy:  0.4411 Epoch DTA Trans:  0.0056 Epoch DTA Phys:  0.0067 Epoch DTA Preserve:  0.0050
DTA_GATE_RAMP epoch=16 gate_limit=0.060000
Time:  0.0712 Epoch: 016 Iter:   50/ 600 LR: 0.0000151017 Loss content:  0.0168 Loss fft:  0.8143 Loss dta_rank:  0.7486 Loss dta_tv:  0.0259 Loss dta_proxy:  0.4269 Loss dta_trans:  0.0056 Loss dta_phys:  0.0063 Loss dta_preserve:  0.0044
Time:  0.0756 Epoch: 016 Iter:  100/ 600 LR: 0.0000151017 Loss content:  0.0176 Loss fft:  0.8368 Loss dta_rank:  0.7440 Loss dta_tv:  0.0250 Loss dta_proxy:  0.4741 Loss dta_trans:  0.0052 Loss dta_phys:  0.0069 Loss dta_preserve:  0.0053
Time:  0.0703 Epoch: 016 Iter:  150/ 600 LR: 0.0000151017 Loss content:  0.0170 Loss fft:  0.8198 Loss dta_rank:  0.7396 Loss dta_tv:  0.0254 Loss dta_proxy:  0.4361 Loss dta_trans:  0.0050 Loss dta_phys:  0.0065 Loss dta_preserve:  0.0055
Time:  0.0692 Epoch: 016 Iter:  200/ 600 LR: 0.0000151017 Loss content:  0.0165 Loss fft:  0.7663 Loss dta_rank:  0.7388 Loss dta_tv:  0.0255 Loss dta_proxy:  0.4467 Loss dta_trans:  0.0057 Loss dta_phys:  0.0076 Loss dta_preserve:  0.0045
Time:  0.0732 Epoch: 016 Iter:  250/ 600 LR: 0.0000151017 Loss content:  0.0181 Loss fft:  0.8813 Loss dta_rank:  0.7391 Loss dta_tv:  0.0255 Loss dta_proxy:  0.4634 Loss dta_trans:  0.0052 Loss dta_phys:  0.0066 Loss dta_preserve:  0.0049
Time:  0.0738 Epoch: 016 Iter:  300/ 600 LR: 0.0000151017 Loss content:  0.0172 Loss fft:  0.8188 Loss dta_rank:  0.7339 Loss dta_tv:  0.0254 Loss dta_proxy:  0.4477 Loss dta_trans:  0.0054 Loss dta_phys:  0.0065 Loss dta_preserve:  0.0053
Time:  0.0754 Epoch: 016 Iter:  350/ 600 LR: 0.0000151017 Loss content:  0.0169 Loss fft:  0.8001 Loss dta_rank:  0.7428 Loss dta_tv:  0.0261 Loss dta_proxy:  0.4342 Loss dta_trans:  0.0057 Loss dta_phys:  0.0065 Loss dta_preserve:  0.0047
Time:  0.0760 Epoch: 016 Iter:  400/ 600 LR: 0.0000151017 Loss content:  0.0167 Loss fft:  0.8435 Loss dta_rank:  0.7515 Loss dta_tv:  0.0267 Loss dta_proxy:  0.4377 Loss dta_trans:  0.0057 Loss dta_phys:  0.0069 Loss dta_preserve:  0.0048
Time:  0.0636 Epoch: 016 Iter:  450/ 600 LR: 0.0000151017 Loss content:  0.0171 Loss fft:  0.8326 Loss dta_rank:  0.7391 Loss dta_tv:  0.0263 Loss dta_proxy:  0.4331 Loss dta_trans:  0.0051 Loss dta_phys:  0.0066 Loss dta_preserve:  0.0049
Time:  0.0628 Epoch: 016 Iter:  500/ 600 LR: 0.0000151017 Loss content:  0.0171 Loss fft:  0.8310 Loss dta_rank:  0.7333 Loss dta_tv:  0.0263 Loss dta_proxy:  0.4169 Loss dta_trans:  0.0059 Loss dta_phys:  0.0065 Loss dta_preserve:  0.0057
Time:  0.0650 Epoch: 016 Iter:  550/ 600 LR: 0.0000151017 Loss content:  0.0168 Loss fft:  0.7934 Loss dta_rank:  0.7462 Loss dta_tv:  0.0256 Loss dta_proxy:  0.4547 Loss dta_trans:  0.0057 Loss dta_phys:  0.0076 Loss dta_preserve:  0.0044
Time:  0.0667 Epoch: 016 Iter:  600/ 600 LR: 0.0000151017 Loss content:  0.0164 Loss fft:  0.7955 Loss dta_rank:  0.7367 Loss dta_tv:  0.0262 Loss dta_proxy:  0.4272 Loss dta_trans:  0.0059 Loss dta_phys:  0.0070 Loss dta_preserve:  0.0044
EPOCH: 16
Elapsed time: 0.85 Epoch Pixel Loss:  0.0170 Epoch FFT Loss:  0.8194 Epoch DTA Rank:  0.7411 Epoch DTA TV:  0.0258 Epoch DTA Proxy:  0.4416 Epoch DTA Trans:  0.0055 Epoch DTA Phys:  0.0068 Epoch DTA Preserve:  0.0049
DTA_GATE_RAMP epoch=17 gate_limit=0.060000
Time:  0.0774 Epoch: 017 Iter:   50/ 600 LR: 0.0000094853 Loss content:  0.0180 Loss fft:  0.8228 Loss dta_rank:  0.7382 Loss dta_tv:  0.0255 Loss dta_proxy:  0.4368 Loss dta_trans:  0.0055 Loss dta_phys:  0.0071 Loss dta_preserve:  0.0047
Time:  0.0742 Epoch: 017 Iter:  100/ 600 LR: 0.0000094853 Loss content:  0.0173 Loss fft:  0.8151 Loss dta_rank:  0.7424 Loss dta_tv:  0.0260 Loss dta_proxy:  0.4429 Loss dta_trans:  0.0058 Loss dta_phys:  0.0071 Loss dta_preserve:  0.0044
Time:  0.0751 Epoch: 017 Iter:  150/ 600 LR: 0.0000094853 Loss content:  0.0170 Loss fft:  0.8157 Loss dta_rank:  0.7435 Loss dta_tv:  0.0247 Loss dta_proxy:  0.4654 Loss dta_trans:  0.0046 Loss dta_phys:  0.0065 Loss dta_preserve:  0.0042
Time:  0.0763 Epoch: 017 Iter:  200/ 600 LR: 0.0000094853 Loss content:  0.0175 Loss fft:  0.8316 Loss dta_rank:  0.7405 Loss dta_tv:  0.0259 Loss dta_proxy:  0.4336 Loss dta_trans:  0.0055 Loss dta_phys:  0.0068 Loss dta_preserve:  0.0052
Time:  0.0768 Epoch: 017 Iter:  250/ 600 LR: 0.0000094853 Loss content:  0.0161 Loss fft:  0.7994 Loss dta_rank:  0.7358 Loss dta_tv:  0.0266 Loss dta_proxy:  0.4186 Loss dta_trans:  0.0060 Loss dta_phys:  0.0063 Loss dta_preserve:  0.0051
Time:  0.0802 Epoch: 017 Iter:  300/ 600 LR: 0.0000094853 Loss content:  0.0176 Loss fft:  0.8137 Loss dta_rank:  0.7372 Loss dta_tv:  0.0253 Loss dta_proxy:  0.4504 Loss dta_trans:  0.0050 Loss dta_phys:  0.0063 Loss dta_preserve:  0.0059
Time:  0.0771 Epoch: 017 Iter:  350/ 600 LR: 0.0000094853 Loss content:  0.0168 Loss fft:  0.8050 Loss dta_rank:  0.7477 Loss dta_tv:  0.0260 Loss dta_proxy:  0.4565 Loss dta_trans:  0.0058 Loss dta_phys:  0.0071 Loss dta_preserve:  0.0047
Time:  0.0746 Epoch: 017 Iter:  400/ 600 LR: 0.0000094853 Loss content:  0.0168 Loss fft:  0.7918 Loss dta_rank:  0.7399 Loss dta_tv:  0.0259 Loss dta_proxy:  0.4375 Loss dta_trans:  0.0064 Loss dta_phys:  0.0072 Loss dta_preserve:  0.0043
Time:  0.0732 Epoch: 017 Iter:  450/ 600 LR: 0.0000094853 Loss content:  0.0165 Loss fft:  0.8345 Loss dta_rank:  0.7426 Loss dta_tv:  0.0263 Loss dta_proxy:  0.4270 Loss dta_trans:  0.0057 Loss dta_phys:  0.0069 Loss dta_preserve:  0.0053
Time:  0.0748 Epoch: 017 Iter:  500/ 600 LR: 0.0000094853 Loss content:  0.0176 Loss fft:  0.8091 Loss dta_rank:  0.7402 Loss dta_tv:  0.0257 Loss dta_proxy:  0.4415 Loss dta_trans:  0.0061 Loss dta_phys:  0.0060 Loss dta_preserve:  0.0062
Time:  0.0764 Epoch: 017 Iter:  550/ 600 LR: 0.0000094853 Loss content:  0.0169 Loss fft:  0.8316 Loss dta_rank:  0.7407 Loss dta_tv:  0.0260 Loss dta_proxy:  0.4390 Loss dta_trans:  0.0051 Loss dta_phys:  0.0074 Loss dta_preserve:  0.0044
Time:  0.0686 Epoch: 017 Iter:  600/ 600 LR: 0.0000094853 Loss content:  0.0167 Loss fft:  0.8138 Loss dta_rank:  0.7478 Loss dta_tv:  0.0261 Loss dta_proxy:  0.4396 Loss dta_trans:  0.0047 Loss dta_phys:  0.0059 Loss dta_preserve:  0.0052
EPOCH: 17
Elapsed time: 0.91 Epoch Pixel Loss:  0.0171 Epoch FFT Loss:  0.8153 Epoch DTA Rank:  0.7414 Epoch DTA TV:  0.0258 Epoch DTA Proxy:  0.4407 Epoch DTA Trans:  0.0055 Epoch DTA Phys:  0.0067 Epoch DTA Preserve:  0.0050
DTA_GATE_RAMP epoch=18 gate_limit=0.060000
Time:  0.0811 Epoch: 018 Iter:   50/ 600 LR: 0.0000052550 Loss content:  0.0167 Loss fft:  0.7941 Loss dta_rank:  0.7372 Loss dta_tv:  0.0265 Loss dta_proxy:  0.4384 Loss dta_trans:  0.0060 Loss dta_phys:  0.0069 Loss dta_preserve:  0.0058
Time:  0.0817 Epoch: 018 Iter:  100/ 600 LR: 0.0000052550 Loss content:  0.0173 Loss fft:  0.8130 Loss dta_rank:  0.7417 Loss dta_tv:  0.0259 Loss dta_proxy:  0.4338 Loss dta_trans:  0.0056 Loss dta_phys:  0.0071 Loss dta_preserve:  0.0058
Time:  0.0708 Epoch: 018 Iter:  150/ 600 LR: 0.0000052550 Loss content:  0.0169 Loss fft:  0.8232 Loss dta_rank:  0.7476 Loss dta_tv:  0.0254 Loss dta_proxy:  0.4538 Loss dta_trans:  0.0050 Loss dta_phys:  0.0064 Loss dta_preserve:  0.0042
Time:  0.0814 Epoch: 018 Iter:  200/ 600 LR: 0.0000052550 Loss content:  0.0171 Loss fft:  0.8077 Loss dta_rank:  0.7462 Loss dta_tv:  0.0268 Loss dta_proxy:  0.4267 Loss dta_trans:  0.0059 Loss dta_phys:  0.0070 Loss dta_preserve:  0.0058
Time:  0.0783 Epoch: 018 Iter:  250/ 600 LR: 0.0000052550 Loss content:  0.0174 Loss fft:  0.8472 Loss dta_rank:  0.7423 Loss dta_tv:  0.0258 Loss dta_proxy:  0.4520 Loss dta_trans:  0.0054 Loss dta_phys:  0.0064 Loss dta_preserve:  0.0062
Time:  0.0848 Epoch: 018 Iter:  300/ 600 LR: 0.0000052550 Loss content:  0.0166 Loss fft:  0.8129 Loss dta_rank:  0.7439 Loss dta_tv:  0.0264 Loss dta_proxy:  0.4316 Loss dta_trans:  0.0059 Loss dta_phys:  0.0062 Loss dta_preserve:  0.0053
Time:  0.0786 Epoch: 018 Iter:  350/ 600 LR: 0.0000052550 Loss content:  0.0175 Loss fft:  0.8066 Loss dta_rank:  0.7461 Loss dta_tv:  0.0246 Loss dta_proxy:  0.4744 Loss dta_trans:  0.0052 Loss dta_phys:  0.0069 Loss dta_preserve:  0.0067
Time:  0.0744 Epoch: 018 Iter:  400/ 600 LR: 0.0000052550 Loss content:  0.0172 Loss fft:  0.8082 Loss dta_rank:  0.7440 Loss dta_tv:  0.0251 Loss dta_proxy:  0.4576 Loss dta_trans:  0.0049 Loss dta_phys:  0.0068 Loss dta_preserve:  0.0053
Time:  0.0754 Epoch: 018 Iter:  450/ 600 LR: 0.0000052550 Loss content:  0.0175 Loss fft:  0.8284 Loss dta_rank:  0.7404 Loss dta_tv:  0.0264 Loss dta_proxy:  0.4300 Loss dta_trans:  0.0055 Loss dta_phys:  0.0069 Loss dta_preserve:  0.0046
Time:  0.0769 Epoch: 018 Iter:  500/ 600 LR: 0.0000052550 Loss content:  0.0177 Loss fft:  0.8334 Loss dta_rank:  0.7486 Loss dta_tv:  0.0254 Loss dta_proxy:  0.4438 Loss dta_trans:  0.0055 Loss dta_phys:  0.0063 Loss dta_preserve:  0.0054
Time:  0.0753 Epoch: 018 Iter:  550/ 600 LR: 0.0000052550 Loss content:  0.0171 Loss fft:  0.8253 Loss dta_rank:  0.7438 Loss dta_tv:  0.0258 Loss dta_proxy:  0.4361 Loss dta_trans:  0.0062 Loss dta_phys:  0.0067 Loss dta_preserve:  0.0053
Time:  0.0729 Epoch: 018 Iter:  600/ 600 LR: 0.0000052550 Loss content:  0.0172 Loss fft:  0.8300 Loss dta_rank:  0.7349 Loss dta_tv:  0.0263 Loss dta_proxy:  0.4274 Loss dta_trans:  0.0059 Loss dta_phys:  0.0067 Loss dta_preserve:  0.0045
EPOCH: 18
Elapsed time: 0.93 Epoch Pixel Loss:  0.0172 Epoch FFT Loss:  0.8192 Epoch DTA Rank:  0.7431 Epoch DTA TV:  0.0259 Epoch DTA Proxy:  0.4421 Epoch DTA Trans:  0.0056 Epoch DTA Phys:  0.0067 Epoch DTA Preserve:  0.0054
DTA_GATE_RAMP epoch=19 gate_limit=0.060000
Time:  0.0758 Epoch: 019 Iter:   50/ 600 LR: 0.0000025070 Loss content:  0.0165 Loss fft:  0.7998 Loss dta_rank:  0.7359 Loss dta_tv:  0.0257 Loss dta_proxy:  0.4351 Loss dta_trans:  0.0050 Loss dta_phys:  0.0068 Loss dta_preserve:  0.0039
Time:  0.0735 Epoch: 019 Iter:  100/ 600 LR: 0.0000025070 Loss content:  0.0175 Loss fft:  0.8149 Loss dta_rank:  0.7405 Loss dta_tv:  0.0254 Loss dta_proxy:  0.4361 Loss dta_trans:  0.0049 Loss dta_phys:  0.0064 Loss dta_preserve:  0.0052
Time:  0.0706 Epoch: 019 Iter:  150/ 600 LR: 0.0000025070 Loss content:  0.0172 Loss fft:  0.7995 Loss dta_rank:  0.7323 Loss dta_tv:  0.0269 Loss dta_proxy:  0.4129 Loss dta_trans:  0.0068 Loss dta_phys:  0.0065 Loss dta_preserve:  0.0055
Time:  0.0668 Epoch: 019 Iter:  200/ 600 LR: 0.0000025070 Loss content:  0.0169 Loss fft:  0.8593 Loss dta_rank:  0.7368 Loss dta_tv:  0.0259 Loss dta_proxy:  0.4409 Loss dta_trans:  0.0055 Loss dta_phys:  0.0059 Loss dta_preserve:  0.0048
Time:  0.0732 Epoch: 019 Iter:  250/ 600 LR: 0.0000025070 Loss content:  0.0172 Loss fft:  0.8366 Loss dta_rank:  0.7392 Loss dta_tv:  0.0258 Loss dta_proxy:  0.4431 Loss dta_trans:  0.0055 Loss dta_phys:  0.0064 Loss dta_preserve:  0.0046
Time:  0.0730 Epoch: 019 Iter:  300/ 600 LR: 0.0000025070 Loss content:  0.0178 Loss fft:  0.8198 Loss dta_rank:  0.7366 Loss dta_tv:  0.0264 Loss dta_proxy:  0.4313 Loss dta_trans:  0.0064 Loss dta_phys:  0.0070 Loss dta_preserve:  0.0052
Time:  0.0712 Epoch: 019 Iter:  350/ 600 LR: 0.0000025070 Loss content:  0.0179 Loss fft:  0.8586 Loss dta_rank:  0.7464 Loss dta_tv:  0.0257 Loss dta_proxy:  0.4384 Loss dta_trans:  0.0052 Loss dta_phys:  0.0067 Loss dta_preserve:  0.0054
Time:  0.0678 Epoch: 019 Iter:  400/ 600 LR: 0.0000025070 Loss content:  0.0168 Loss fft:  0.8126 Loss dta_rank:  0.7419 Loss dta_tv:  0.0262 Loss dta_proxy:  0.4334 Loss dta_trans:  0.0056 Loss dta_phys:  0.0070 Loss dta_preserve:  0.0045
Time:  0.0779 Epoch: 019 Iter:  450/ 600 LR: 0.0000025070 Loss content:  0.0164 Loss fft:  0.7895 Loss dta_rank:  0.7380 Loss dta_tv:  0.0257 Loss dta_proxy:  0.4273 Loss dta_trans:  0.0054 Loss dta_phys:  0.0066 Loss dta_preserve:  0.0053
Time:  0.0752 Epoch: 019 Iter:  500/ 600 LR: 0.0000025070 Loss content:  0.0162 Loss fft:  0.7821 Loss dta_rank:  0.7407 Loss dta_tv:  0.0258 Loss dta_proxy:  0.4447 Loss dta_trans:  0.0061 Loss dta_phys:  0.0075 Loss dta_preserve:  0.0044
Time:  0.0729 Epoch: 019 Iter:  550/ 600 LR: 0.0000025070 Loss content:  0.0167 Loss fft:  0.8099 Loss dta_rank:  0.7434 Loss dta_tv:  0.0257 Loss dta_proxy:  0.4658 Loss dta_trans:  0.0049 Loss dta_phys:  0.0066 Loss dta_preserve:  0.0038
Time:  0.0733 Epoch: 019 Iter:  600/ 600 LR: 0.0000025070 Loss content:  0.0175 Loss fft:  0.8169 Loss dta_rank:  0.7413 Loss dta_tv:  0.0249 Loss dta_proxy:  0.4550 Loss dta_trans:  0.0060 Loss dta_phys:  0.0072 Loss dta_preserve:  0.0042
EPOCH: 19
Elapsed time: 0.87 Epoch Pixel Loss:  0.0171 Epoch FFT Loss:  0.8166 Epoch DTA Rank:  0.7394 Epoch DTA TV:  0.0258 Epoch DTA Proxy:  0.4387 Epoch DTA Trans:  0.0056 Epoch DTA Phys:  0.0067 Epoch DTA Preserve:  0.0047
DTA_GATE_RAMP epoch=20 gate_limit=0.060000
Time:  0.0802 Epoch: 020 Iter:   50/ 600 LR: 0.0000012125 Loss content:  0.0177 Loss fft:  0.8497 Loss dta_rank:  0.7392 Loss dta_tv:  0.0261 Loss dta_proxy:  0.4381 Loss dta_trans:  0.0055 Loss dta_phys:  0.0071 Loss dta_preserve:  0.0049
Time:  0.0632 Epoch: 020 Iter:  100/ 600 LR: 0.0000012125 Loss content:  0.0175 Loss fft:  0.8267 Loss dta_rank:  0.7404 Loss dta_tv:  0.0246 Loss dta_proxy:  0.4547 Loss dta_trans:  0.0048 Loss dta_phys:  0.0067 Loss dta_preserve:  0.0057
Time:  0.0706 Epoch: 020 Iter:  150/ 600 LR: 0.0000012125 Loss content:  0.0177 Loss fft:  0.8506 Loss dta_rank:  0.7435 Loss dta_tv:  0.0259 Loss dta_proxy:  0.4454 Loss dta_trans:  0.0045 Loss dta_phys:  0.0067 Loss dta_preserve:  0.0054
Time:  0.0661 Epoch: 020 Iter:  200/ 600 LR: 0.0000012125 Loss content:  0.0174 Loss fft:  0.7869 Loss dta_rank:  0.7342 Loss dta_tv:  0.0251 Loss dta_proxy:  0.4288 Loss dta_trans:  0.0058 Loss dta_phys:  0.0067 Loss dta_preserve:  0.0055
Time:  0.0681 Epoch: 020 Iter:  250/ 600 LR: 0.0000012125 Loss content:  0.0178 Loss fft:  0.8221 Loss dta_rank:  0.7414 Loss dta_tv:  0.0257 Loss dta_proxy:  0.4457 Loss dta_trans:  0.0065 Loss dta_phys:  0.0069 Loss dta_preserve:  0.0052
Time:  0.0665 Epoch: 020 Iter:  300/ 600 LR: 0.0000012125 Loss content:  0.0162 Loss fft:  0.8095 Loss dta_rank:  0.7414 Loss dta_tv:  0.0272 Loss dta_proxy:  0.4041 Loss dta_trans:  0.0058 Loss dta_phys:  0.0069 Loss dta_preserve:  0.0059
Time:  0.0765 Epoch: 020 Iter:  350/ 600 LR: 0.0000012125 Loss content:  0.0165 Loss fft:  0.8168 Loss dta_rank:  0.7410 Loss dta_tv:  0.0262 Loss dta_proxy:  0.4434 Loss dta_trans:  0.0054 Loss dta_phys:  0.0066 Loss dta_preserve:  0.0054
Time:  0.0877 Epoch: 020 Iter:  400/ 600 LR: 0.0000012125 Loss content:  0.0166 Loss fft:  0.8399 Loss dta_rank:  0.7418 Loss dta_tv:  0.0253 Loss dta_proxy:  0.4453 Loss dta_trans:  0.0049 Loss dta_phys:  0.0072 Loss dta_preserve:  0.0054
Time:  0.0855 Epoch: 020 Iter:  450/ 600 LR: 0.0000012125 Loss content:  0.0168 Loss fft:  0.8063 Loss dta_rank:  0.7433 Loss dta_tv:  0.0253 Loss dta_proxy:  0.4628 Loss dta_trans:  0.0055 Loss dta_phys:  0.0075 Loss dta_preserve:  0.0046
Time:  0.0892 Epoch: 020 Iter:  500/ 600 LR: 0.0000012125 Loss content:  0.0169 Loss fft:  0.8127 Loss dta_rank:  0.7468 Loss dta_tv:  0.0258 Loss dta_proxy:  0.4497 Loss dta_trans:  0.0053 Loss dta_phys:  0.0065 Loss dta_preserve:  0.0049
Time:  0.0889 Epoch: 020 Iter:  550/ 600 LR: 0.0000012125 Loss content:  0.0174 Loss fft:  0.8393 Loss dta_rank:  0.7419 Loss dta_tv:  0.0258 Loss dta_proxy:  0.4434 Loss dta_trans:  0.0057 Loss dta_phys:  0.0066 Loss dta_preserve:  0.0060
Time:  0.0933 Epoch: 020 Iter:  600/ 600 LR: 0.0000012125 Loss content:  0.0174 Loss fft:  0.8309 Loss dta_rank:  0.7362 Loss dta_tv:  0.0258 Loss dta_proxy:  0.4587 Loss dta_trans:  0.0061 Loss dta_phys:  0.0067 Loss dta_preserve:  0.0049
EPOCH: 20
Elapsed time: 0.94 Epoch Pixel Loss:  0.0172 Epoch FFT Loss:  0.8243 Epoch DTA Rank:  0.7409 Epoch DTA TV:  0.0257 Epoch DTA Proxy:  0.4433 Epoch DTA Trans:  0.0055 Epoch DTA Phys:  0.0068 Epoch DTA Preserve:  0.0053
