start root=/root/autodl-tmp/workspace/ConvIR-B-apdr-convir-v0-2r-fullimage-router tag=apdr_v0_2r_selector_seed3407 2026-06-02T22:27:36+08:00
{
  "stage": "apdr_v0_2r_arch_preflight",
  "seed": 3407,
  "device": "cuda",
  "data_dir": "/root/autodl-tmp/workspace/Dehaze-Net/dataset/HAZE4K",
  "checkpoint": "/root/autodl-tmp/workspace/ConvIR-B/Dehazing/pretrained_models/haze4k-base.pkl",
  "apdr_config": {
    "prior_mode": "rgb_haze",
    "residual_max": 0.04,
    "gate_max": 0.5,
    "gate_init": 0.01,
    "selector_mode": "v0_2r",
    "active_scales": "full",
    "loss_scales": "full_only",
    "anchor_lambda": 0.1,
    "gate_supervision_lambda": 0.02,
    "gate_lambda": 0.002,
    "residual_lambda": 0.02,
    "risk_temperature": 5.0
  },
  "pair_audit": {
    "status": "checked",
    "data_dir": "/root/autodl-tmp/workspace/Dehaze-Net/dataset/HAZE4K",
    "train": {
      "split": "train",
      "image_dir": "/root/autodl-tmp/workspace/Dehaze-Net/dataset/HAZE4K/train",
      "input_dir": "/root/autodl-tmp/workspace/Dehaze-Net/dataset/HAZE4K/train/haze",
      "label_dir": "/root/autodl-tmp/workspace/Dehaze-Net/dataset/HAZE4K/train/gt",
      "input_count": 3000,
      "label_count": 3000,
      "mapped_target_count": 3000,
      "missing_label_count": 0,
      "missing_labels": [],
      "orphan_label_count": 0,
      "orphan_labels": [],
      "duplicate_target_mapping_count": 0,
      "duplicate_target_mappings": {},
      "duplicate_input_stem_count": 0,
      "duplicate_input_stems": {},
      "duplicate_label_stem_count": 0,
      "duplicate_label_stems": {},
      "crop_compatible_sample_count": 32,
      "crop_compatible_failure_count": 0,
      "crop_compatible_failures": [],
      "pass": true
    },
    "test": {
      "split": "test",
      "image_dir": "/root/autodl-tmp/workspace/Dehaze-Net/dataset/HAZE4K/test",
      "input_dir": "/root/autodl-tmp/workspace/Dehaze-Net/dataset/HAZE4K/test/haze",
      "label_dir": "/root/autodl-tmp/workspace/Dehaze-Net/dataset/HAZE4K/test/gt",
      "input_count": 1000,
      "label_count": 1000,
      "mapped_target_count": 1000,
      "missing_label_count": 0,
      "missing_labels": [],
      "orphan_label_count": 0,
      "orphan_labels": [],
      "duplicate_target_mapping_count": 0,
      "duplicate_target_mappings": {},
      "duplicate_input_stem_count": 0,
      "duplicate_input_stems": {},
      "duplicate_label_stem_count": 0,
      "duplicate_label_stems": {},
      "crop_compatible_sample_count": 32,
      "crop_compatible_failure_count": 0,
      "crop_compatible_failures": [],
      "pass": true
    },
    "pass": true
  },
  "checkpoint_load": {
    "status": "loaded",
    "checkpoint": "/root/autodl-tmp/workspace/ConvIR-B/Dehazing/pretrained_models/haze4k-base.pkl",
    "original": {
      "missing": [],
      "unexpected": []
    },
    "apdr": {
      "missing": [
        "APDR_4.global_budget_tau",
        "APDR_4.global_budget_temperature",
        "APDR_4.image_context.0.weight",
        "APDR_4.image_context.0.bias",
        "APDR_4.image_context.2.weight",
        "APDR_4.image_context.2.bias",
        "APDR_4.feature_context.0.weight",
        "APDR_4.feature_context.0.bias",
        "APDR_4.context.0.weight",
        "APDR_4.context.0.bias",
        "APDR_4.residual_head.weight",
        "APDR_4.residual_head.bias",
        "APDR_4.spatial_gate_head.weight",
        "APDR_4.spatial_gate_head.bias",
        "APDR_4.global_router.router.0.weight",
        "APDR_4.global_router.router.0.bias",
        "APDR_4.global_router.router.2.weight",
        "APDR_4.global_router.router.2.bias",
        "APDR_4.global_router.router.4.weight",
        "APDR_4.global_router.router.4.bias",
        "APDR_2.global_budget_tau",
        "APDR_2.global_budget_temperature",
        "APDR_2.image_context.0.weight",
        "APDR_2.image_context.0.bias",
        "APDR_2.image_context.2.weight",
        "APDR_2.image_context.2.bias",
        "APDR_2.feature_context.0.weight",
        "APDR_2.feature_context.0.bias",
        "APDR_2.context.0.weight",
        "APDR_2.context.0.bias",
        "APDR_2.residual_head.weight",
        "APDR_2.residual_head.bias",
        "APDR_2.spatial_gate_head.weight",
        "APDR_2.spatial_gate_head.bias",
        "APDR_2.global_router.router.0.weight",
        "APDR_2.global_router.router.0.bias",
        "APDR_2.global_router.router.2.weight",
        "APDR_2.global_router.router.2.bias",
        "APDR_2.global_router.router.4.weight",
        "APDR_2.global_router.router.4.bias",
        "APDR_1.global_budget_tau",
        "APDR_1.global_budget_temperature",
        "APDR_1.image_context.0.weight",
        "APDR_1.image_context.0.bias",
        "APDR_1.image_context.2.weight",
        "APDR_1.image_context.2.bias",
        "APDR_1.feature_context.0.weight",
        "APDR_1.feature_context.0.bias",
        "APDR_1.context.0.weight",
        "APDR_1.context.0.bias",
        "APDR_1.residual_head.weight",
        "APDR_1.residual_head.bias",
        "APDR_1.spatial_gate_head.weight",
        "APDR_1.spatial_gate_head.bias",
        "APDR_1.global_router.router.0.weight",
        "APDR_1.global_router.router.0.bias",
        "APDR_1.global_router.router.2.weight",
        "APDR_1.global_router.router.2.bias",
        "APDR_1.global_router.router.4.weight",
        "APDR_1.global_router.router.4.bias"
      ],
      "unexpected": [],
      "bad_missing": [],
      "pass": true
    },
    "pass": true
  },
  "random_tensor_equivalence": {
    "max_abs_diff": 0.0,
    "mean_abs_diff": 0.0,
    "outputs": [
      {
        "output_index": 0,
        "shape": [
          1,
          3,
          64,
          64
        ],
        "max_abs_diff": 0.0,
        "mean_abs_diff": 0.0
      },
      {
        "output_index": 1,
        "shape": [
          1,
          3,
          128,
          128
        ],
        "max_abs_diff": 0.0,
        "mean_abs_diff": 0.0
      },
      {
        "output_index": 2,
        "shape": [
          1,
          3,
          256,
          256
        ],
        "max_abs_diff": 0.0,
        "mean_abs_diff": 0.0
      }
    ],
    "pass": true
  },
  "real_batch_equivalence": {
    "status": "checked",
    "max_abs_diff": 0.0,
    "mean_abs_diff": 0.0,
    "input_shape": [
      1,
      3,
      256,
      256
    ],
    "outputs": [
      {
        "output_index": 0,
        "shape": [
          1,
          3,
          64,
          64
        ],
        "max_abs_diff": 0.0,
        "mean_abs_diff": 0.0
      },
      {
        "output_index": 1,
        "shape": [
          1,
          3,
          128,
          128
        ],
        "max_abs_diff": 0.0,
        "mean_abs_diff": 0.0
      },
      {
        "output_index": 2,
        "shape": [
          1,
          3,
          256,
          256
        ],
        "max_abs_diff": 0.0,
        "mean_abs_diff": 0.0
      }
    ],
    "pass": true
  },
  "finite_backward": {
    "loss": 0.011606264859437943,
    "loss_content": 0.007853804156184196,
    "loss_finite": true,
    "apdr_training_regularization": {
      "apdr_anchor": 0.0,
      "apdr_gate_supervision": 0.18760308623313904,
      "apdr_gate": 0.00020000011136289686,
      "apdr_residual": 0.0
    },
    "trainable_param_count": 25301,
    "frozen_param_count": 8690483,
    "trainable_tensor_count": 18,
    "nonzero_grad_tensor_count": 6,
    "nonzero_grad_tensors": [
      "APDR_1.residual_head.weight",
      "APDR_1.residual_head.bias",
      "APDR_1.spatial_gate_head.weight",
      "APDR_1.spatial_gate_head.bias",
      "APDR_1.global_router.router.4.weight",
      "APDR_1.global_router.router.4.bias"
    ],
    "zero_grad_tensor_count": 12,
    "zero_grad_tensors_first30": [
      "APDR_1.image_context.0.weight",
      "APDR_1.image_context.0.bias",
      "APDR_1.image_context.2.weight",
      "APDR_1.image_context.2.bias",
      "APDR_1.feature_context.0.weight",
      "APDR_1.feature_context.0.bias",
      "APDR_1.context.0.weight",
      "APDR_1.context.0.bias",
      "APDR_1.global_router.router.0.weight",
      "APDR_1.global_router.router.0.bias",
      "APDR_1.global_router.router.2.weight",
      "APDR_1.global_router.router.2.bias"
    ],
    "nonfinite_grad_tensors": [],
    "frozen_with_grad_count": 0,
    "frozen_with_grad_first30": [],
    "pass": true
  },
  "apdr_stats_initial": {
    "scales": {
      "quarter": {
        "active": 0.0,
        "gate_mean": 0.0,
        "gate_std": 0.0,
        "gate_min": 0.0,
        "gate_max": 0.0,
        "residual_abs_mean": 0.0,
        "residual_abs_max": 0.0,
        "residual_raw_abs_mean": 0.0,
        "anchor_abs_mean": 0.6534155607223511,
        "global_gate_mean": 0.010000001639127731,
        "global_gate_min": 0.010000001639127731,
        "global_gate_max": 0.010000001639127731,
        "spatial_gate_mean": 0.010000001639127731,
        "spatial_gate_std": 0.0
      },
      "half": {
        "active": 0.0,
        "gate_mean": 0.0,
        "gate_std": 0.0,
        "gate_min": 0.0,
        "gate_max": 0.0,
        "residual_abs_mean": 0.0,
        "residual_abs_max": 0.0,
        "residual_raw_abs_mean": 0.0,
        "anchor_abs_mean": 0.6522074937820435,
        "global_gate_mean": 0.010000001639127731,
        "global_gate_min": 0.010000001639127731,
        "global_gate_max": 0.010000001639127731,
        "spatial_gate_mean": 0.010000001639127731,
        "spatial_gate_std": 0.0
      },
      "full": {
        "active": 1.0,
        "gate_mean": 0.00020000011136289686,
        "gate_std": 0.0,
        "gate_min": 0.00020000006770715117,
        "gate_max": 0.00020000006770715117,
        "residual_abs_mean": 0.0,
        "residual_abs_max": 0.0,
        "residual_raw_abs_mean": 0.0,
        "anchor_abs_mean": 0.6527758240699768,
        "global_gate_mean": 0.010000001639127731,
        "global_gate_min": 0.010000001639127731,
        "global_gate_max": 0.010000001639127731,
        "spatial_gate_mean": 0.010000000707805157,
        "spatial_gate_std": 0.0
      }
    }
  },
  "params": {
    "original": 8630665,
    "apdr_candidate": 8715784,
    "delta": 85119,
    "delta_pct": 0.9862391831915618
  },
  "pass": true
}
arch_preflight_pass 2026-06-02T22:27:40+08:00
selector_preflight_start global_epochs=5 spatial_epochs=3 2026-06-02T22:27:40+08:00
{
  "stage": "APDR-v0.2R full-image calibrated selector-only preflight",
  "checks": {
    "zero_residual_output": {
      "observed": 0.0,
      "required": "< 1e-06",
      "pass": true
    },
    "deterministic_full_image_hard_bce": {
      "observed": {
        "first": 1.7080414951778948,
        "last": 0.6302920144225936
      },
      "required": "last <= 0.55 and first-last >= 0.05",
      "pass": false
    },
    "auc_hard_vs_easy_by_z_img": {
      "observed": 0.97664,
      "required": ">= 0.82",
      "pass": true
    },
    "spearman_z_img_vs_a0_psnr": {
      "observed": -0.7466395691194065,
      "required": "<= -0.50",
      "pass": true
    },
    "hard_bottom25_mean_b_img": {
      "observed": 0.7823520376086235,
      "required": ">= 0.20",
      "pass": true
    },
    "easy_top25_mean_b_img": {
      "observed": 0.14615737826749683,
      "required": "<= 0.05",
      "pass": false
    },
    "hard_easy_b_img_ratio": {
      "observed": 5.352805632410599,
      "required": ">= 4.0",
      "pass": true
    },
    "spatial_bce_decreased": {
      "observed": {
        "first": 2.062084491364658,
        "last": 0.7336024921387434
      },
      "required": "last < first",
      "pass": true
    },
    "test_mean_spatial_bce": {
      "observed": 0.7574038908481598,
      "required": "<= 0.80",
      "pass": true
    }
  },
  "pass": false
}
selector_gate_fail_stop apdr_v0_2r_selector_seed3407 2026-06-02T22:38:50+08:00
