{
  "protocol": "fold0_internal_nested_selector_smoke",
  "internal_folds": 5,
  "folds": [
    {
      "fold": 0,
      "count": 120,
      "selected_count": 33,
      "coverage": 0.275,
      "global_mean_delta": 0.025185934702555337,
      "global_hard_bottom25_delta": 0.0050589243570963545,
      "global_easy_top25_delta": 0.048903401692708334,
      "global_mean_ssim_delta": 1.2328227361043294e-06,
      "global_positive_ratio_delta_gt_0": 0.20833333333333334,
      "global_positive_or_zero_ratio_delta_ge_0": 0.9333333333333333,
      "global_non_degradation_ratio_delta_ge_-0.01": 0.9416666666666667,
      "selected_mean_delta": 0.09158521710020123,
      "selected_hard_bottom25_delta": 0.07588386535644531,
      "selected_easy_top25_delta": 0.11285400390625,
      "selected_mean_ssim_delta": 4.482991767652107e-06,
      "selected_conditional_positive_ratio": 0.7575757575757576,
      "selected_conditional_non_degradation_ratio_delta_ge_-0.01": 0.7878787878787878,
      "strong_reference_cut_psnr": 42.74354362487793,
      "strong_regression_count_delta_le_-0.05": 3,
      "worst_regression_count_delta_le_-0.20": 2,
      "true_vs_zero_all_images": 0.020104153951009115,
      "true_vs_shuffle_all_images": 0.018651676177978516,
      "true_vs_normal_all_images": 0.017714309692382812,
      "true_vs_zero_selected_images": 0.07310601436730588,
      "true_vs_shuffle_selected_images": 0.06782427701083096,
      "true_vs_normal_selected_images": 0.06441567160866478
    },
    {
      "fold": 1,
      "count": 120,
      "selected_count": 26,
      "coverage": 0.21666666666666667,
      "global_mean_delta": 0.015792671839396158,
      "global_hard_bottom25_delta": 0.004663912455240885,
      "global_easy_top25_delta": 0.03877970377604167,
      "global_mean_ssim_delta": 4.0834148724873865e-06,
      "global_positive_ratio_delta_gt_0": 0.15,
      "global_positive_or_zero_ratio_delta_ge_0": 0.9333333333333333,
      "global_non_degradation_ratio_delta_ge_-0.01": 0.9416666666666667,
      "selected_mean_delta": 0.07288925464336689,
      "selected_hard_bottom25_delta": 0.03497934341430664,
      "selected_easy_top25_delta": 0.19389851888020834,
      "selected_mean_ssim_delta": 1.8846530180711012e-05,
      "selected_conditional_positive_ratio": 0.6923076923076923,
      "selected_conditional_non_degradation_ratio_delta_ge_-0.01": 0.7307692307692307,
      "strong_reference_cut_psnr": 42.629146575927734,
      "strong_regression_count_delta_le_-0.05": 0,
      "worst_regression_count_delta_le_-0.20": 3,
      "true_vs_zero_all_images": 0.01433580716451009,
      "true_vs_shuffle_all_images": 0.01320649782816569,
      "true_vs_normal_all_images": 0.01392671267191569,
      "true_vs_zero_selected_images": 0.06616526383620042,
      "true_vs_shuffle_selected_images": 0.06095306689922626,
      "true_vs_normal_selected_images": 0.06427713540884164
    },
    {
      "fold": 2,
      "count": 120,
      "selected_count": 64,
      "coverage": 0.5333333333333333,
      "global_mean_delta": 0.00889898935953776,
      "global_hard_bottom25_delta": -0.055666351318359376,
      "global_easy_top25_delta": 0.034732945760091144,
      "global_mean_ssim_delta": -9.484589099884033e-06,
      "global_positive_ratio_delta_gt_0": 0.325,
      "global_positive_or_zero_ratio_delta_ge_0": 0.7916666666666666,
      "global_non_degradation_ratio_delta_ge_-0.01": 0.7916666666666666,
      "selected_mean_delta": 0.0166856050491333,
      "selected_hard_bottom25_delta": -0.07590866088867188,
      "selected_easy_top25_delta": 0.10419883728027343,
      "selected_mean_ssim_delta": -1.7783604562282562e-05,
      "selected_conditional_positive_ratio": 0.609375,
      "selected_conditional_non_degradation_ratio_delta_ge_-0.01": 0.609375,
      "strong_reference_cut_psnr": 42.82459259033203,
      "strong_regression_count_delta_le_-0.05": 3,
      "worst_regression_count_delta_le_-0.20": 13,
      "true_vs_zero_all_images": 0.029477469126383462,
      "true_vs_shuffle_all_images": 0.02692446708679199,
      "true_vs_normal_all_images": 0.02832349141438802,
      "true_vs_zero_selected_images": 0.055270254611968994,
      "true_vs_shuffle_selected_images": 0.050483375787734985,
      "true_vs_normal_selected_images": 0.05310654640197754
    },
    {
      "fold": 3,
      "count": 120,
      "selected_count": 27,
      "coverage": 0.225,
      "global_mean_delta": 0.009157037734985352,
      "global_hard_bottom25_delta": 0.01369647979736328,
      "global_easy_top25_delta": 0.009395472208658854,
      "global_mean_ssim_delta": 2.6320417722066242e-06,
      "global_positive_ratio_delta_gt_0": 0.13333333333333333,
      "global_positive_or_zero_ratio_delta_ge_0": 0.9083333333333333,
      "global_non_degradation_ratio_delta_ge_-0.01": 0.925,
      "selected_mean_delta": 0.040697945488823786,
      "selected_hard_bottom25_delta": 0.0684823989868164,
      "selected_easy_top25_delta": 0.03131824069552951,
      "selected_mean_ssim_delta": 1.1697963432029442e-05,
      "selected_conditional_positive_ratio": 0.5925925925925926,
      "selected_conditional_non_degradation_ratio_delta_ge_-0.01": 0.6666666666666666,
      "strong_reference_cut_psnr": 42.85515022277832,
      "strong_regression_count_delta_le_-0.05": 1,
      "worst_regression_count_delta_le_-0.20": 1,
      "true_vs_zero_all_images": 0.008926105499267579,
      "true_vs_shuffle_all_images": 0.00788256327311198,
      "true_vs_normal_all_images": 0.007820940017700196,
      "true_vs_zero_selected_images": 0.03967157999674479,
      "true_vs_shuffle_selected_images": 0.03503361454716435,
      "true_vs_normal_selected_images": 0.034759733412000865
    },
    {
      "fold": 4,
      "count": 120,
      "selected_count": 34,
      "coverage": 0.2833333333333333,
      "global_mean_delta": 0.02479861577351888,
      "global_hard_bottom25_delta": 0.022595850626627605,
      "global_easy_top25_delta": 0.057432937622070315,
      "global_mean_ssim_delta": 8.126099904378255e-07,
      "global_positive_ratio_delta_gt_0": 0.225,
      "global_positive_or_zero_ratio_delta_ge_0": 0.9416666666666667,
      "global_non_degradation_ratio_delta_ge_-0.01": 0.9416666666666667,
      "selected_mean_delta": 0.0875245262594784,
      "selected_hard_bottom25_delta": 0.22595850626627603,
      "selected_easy_top25_delta": 0.14358234405517578,
      "selected_mean_ssim_delta": 2.868035260368796e-06,
      "selected_conditional_positive_ratio": 0.7941176470588235,
      "selected_conditional_non_degradation_ratio_delta_ge_-0.01": 0.7941176470588235,
      "strong_reference_cut_psnr": 42.67255210876465,
      "strong_regression_count_delta_le_-0.05": 0,
      "worst_regression_count_delta_le_-0.20": 2,
      "true_vs_zero_all_images": 0.02781527837117513,
      "true_vs_shuffle_all_images": 0.024422868092854818,
      "true_vs_normal_all_images": 0.026459439595540365,
      "true_vs_zero_selected_images": 0.09817157072179458,
      "true_vs_shuffle_selected_images": 0.0861983579747817,
      "true_vs_normal_selected_images": 0.09338625739602481
    }
  ],
  "aggregate": {
    "count_mean": 120,
    "count_min": 120,
    "count_max": 120,
    "selected_count_mean": 36.8,
    "selected_count_min": 26,
    "selected_count_max": 64,
    "coverage_mean": 0.30666666666666664,
    "coverage_min": 0.21666666666666667,
    "coverage_max": 0.5333333333333333,
    "global_mean_delta_mean": 0.016766649881998698,
    "global_mean_delta_min": 0.00889898935953776,
    "global_mean_delta_max": 0.025185934702555337,
    "global_hard_bottom25_delta_mean": -0.0019302368164062504,
    "global_hard_bottom25_delta_min": -0.055666351318359376,
    "global_hard_bottom25_delta_max": 0.022595850626627605,
    "global_easy_top25_delta_mean": 0.037848892211914065,
    "global_easy_top25_delta_min": 0.009395472208658854,
    "global_easy_top25_delta_max": 0.057432937622070315,
    "global_mean_ssim_delta_mean": -1.447399457295735e-07,
    "global_mean_ssim_delta_min": -9.484589099884033e-06,
    "global_mean_ssim_delta_max": 4.0834148724873865e-06,
    "global_positive_ratio_delta_gt_0_mean": 0.20833333333333334,
    "global_positive_ratio_delta_gt_0_min": 0.13333333333333333,
    "global_positive_ratio_delta_gt_0_max": 0.325,
    "global_positive_or_zero_ratio_delta_ge_0_mean": 0.9016666666666666,
    "global_positive_or_zero_ratio_delta_ge_0_min": 0.7916666666666666,
    "global_positive_or_zero_ratio_delta_ge_0_max": 0.9416666666666667,
    "global_non_degradation_ratio_delta_ge_-0.01_mean": 0.9083333333333333,
    "global_non_degradation_ratio_delta_ge_-0.01_min": 0.7916666666666666,
    "global_non_degradation_ratio_delta_ge_-0.01_max": 0.9416666666666667,
    "selected_mean_delta_mean": 0.06187650970820072,
    "selected_mean_delta_min": 0.0166856050491333,
    "selected_mean_delta_max": 0.09158521710020123,
    "selected_hard_bottom25_delta_mean": 0.06587909062703451,
    "selected_hard_bottom25_delta_min": -0.07590866088867188,
    "selected_hard_bottom25_delta_max": 0.22595850626627603,
    "selected_easy_top25_delta_mean": 0.11717038896348742,
    "selected_easy_top25_delta_min": 0.03131824069552951,
    "selected_easy_top25_delta_max": 0.19389851888020834,
    "selected_mean_ssim_delta_mean": 4.022383215695759e-06,
    "selected_mean_ssim_delta_min": -1.7783604562282562e-05,
    "selected_mean_ssim_delta_max": 1.8846530180711012e-05,
    "selected_conditional_positive_ratio_mean": 0.6891937379069731,
    "selected_conditional_positive_ratio_min": 0.5925925925925926,
    "selected_conditional_positive_ratio_max": 0.7941176470588235,
    "selected_conditional_non_degradation_ratio_delta_ge_-0.01_mean": 0.7177614664747017,
    "selected_conditional_non_degradation_ratio_delta_ge_-0.01_min": 0.609375,
    "selected_conditional_non_degradation_ratio_delta_ge_-0.01_max": 0.7941176470588235,
    "strong_reference_cut_psnr_mean": 42.74499702453613,
    "strong_reference_cut_psnr_min": 42.629146575927734,
    "strong_reference_cut_psnr_max": 42.85515022277832,
    "strong_regression_count_delta_le_-0.05_mean": 1.4,
    "strong_regression_count_delta_le_-0.05_min": 0,
    "strong_regression_count_delta_le_-0.05_max": 3,
    "worst_regression_count_delta_le_-0.20_mean": 4.2,
    "worst_regression_count_delta_le_-0.20_min": 1,
    "worst_regression_count_delta_le_-0.20_max": 13,
    "true_vs_zero_all_images_mean": 0.020131762822469076,
    "true_vs_zero_all_images_min": 0.008926105499267579,
    "true_vs_zero_all_images_max": 0.029477469126383462,
    "true_vs_shuffle_all_images_mean": 0.0182176144917806,
    "true_vs_shuffle_all_images_min": 0.00788256327311198,
    "true_vs_shuffle_all_images_max": 0.02692446708679199,
    "true_vs_normal_all_images_mean": 0.018848978678385416,
    "true_vs_normal_all_images_min": 0.007820940017700196,
    "true_vs_normal_all_images_max": 0.02832349141438802,
    "true_vs_zero_selected_images_mean": 0.06647693670680294,
    "true_vs_zero_selected_images_min": 0.03967157999674479,
    "true_vs_zero_selected_images_max": 0.09817157072179458,
    "true_vs_shuffle_selected_images_mean": 0.060098538443947656,
    "true_vs_shuffle_selected_images_min": 0.03503361454716435,
    "true_vs_shuffle_selected_images_max": 0.0861983579747817,
    "true_vs_normal_selected_images_mean": 0.06198906884550193,
    "true_vs_normal_selected_images_min": 0.034759733412000865,
    "true_vs_normal_selected_images_max": 0.09338625739602481
  },
  "warning": "This is still inside fold0 validation; use only to test same-fold threshold overfit risk.",
  "locked_test_touched": false
}
DTA_NESTED_SELECTOR_SMOKE_OK
