{
  "protocol": "same_fold_diagnostic_threshold_selector",
  "warning": "Use only as fold0 diagnostic unless wrapped in nested OOF threshold selection.",
  "common_count": 600,
  "feature_count": 26,
  "best_selector": {
    "feature": "DTA_v31_v31_wg18_light_hinge_seed3407_f0_scout5full_post_fallback_invert_dta_stage3_conf_mean",
    "direction": ">=",
    "threshold": 0.8679194450378418,
    "objective": 0.019186935106913255,
    "count": 600,
    "selected_count": 150,
    "coverage": 0.25,
    "mean_psnr_delta": 0.02197604179382324,
    "median_psnr_delta": 0.0,
    "hard_bottom25_psnr_delta": 0.012167269388834636,
    "easy_top25_psnr_delta": 0.046521759033203124,
    "mean_ssim_delta": 3.024737040201823e-06,
    "positive_ratio": 0.18,
    "strong_reference_cut_psnr": 42.755948066711426,
    "strong_regression_count_delta_le_-0.05": 7,
    "worst_regression_count_delta_le_-0.20": 9,
    "true_vs_zero_surplus": 0.019838151931762697,
    "true_vs_shuffle_surplus": 0.01767815589904785,
    "true_vs_normal_surplus": 0.01836107889811198
  },
  "accept_all_baseline": {
    "count": 600,
    "selected_count": 600,
    "coverage": 1.0,
    "mean_psnr_delta": 0.025083996454874673,
    "median_psnr_delta": 0.03541374206542969,
    "hard_bottom25_psnr_delta": 0.006701215108235677,
    "easy_top25_psnr_delta": 0.044017181396484376,
    "mean_ssim_delta": -2.3203790187835694e-05,
    "positive_ratio": 0.6033333333333334,
    "strong_reference_cut_psnr": 42.755948066711426,
    "strong_regression_count_delta_le_-0.05": 41,
    "worst_regression_count_delta_le_-0.20": 76,
    "true_vs_zero_surplus": 0.03701460520426432,
    "true_vs_shuffle_surplus": 0.03245356559753418,
    "true_vs_normal_surplus": 0.03342826207478841
  },
  "gain_auc_selected_score": 0.5927636298421808,
  "risk_auc_selected_risk_score": 0.5877120535714285,
  "gain_brier": 0.3140400029331671,
  "gain_ece": 0.26818346446059005,
  "risk_brier": 0.36243905336151255,
  "risk_ece": 0.3433205822551967,
  "locked_test_touched": false
}
DTA_V3_RISK_SELECTOR_OK
