INIT_MODEL_LOAD path=/root/autodl-tmp/workspace/ConvIR-B/Dehazing/pretrained_models/haze4k-base.pkl missing=[] unexpected=[]
{
  "checkpoint": "/root/autodl-tmp/workspace/ConvIR-B/Dehazing/pretrained_models/haze4k-base.pkl",
  "checkpoint_sha256": "6f42037d57a4e3de3a10ac0ab909d66a3415864a19433c29204a975f4efa4088",
  "checks": {
    "learning_rate_aliases_present": true,
    "official_state_clean": true,
    "strict_init_model_load": true,
    "synthetic_forward_finite": true,
    "synthetic_three_scales": true,
    "train_batch_forward_finite": true
  },
  "data_dir": "/root/autodl-tmp/workspace/Dehaze-Net/dataset/HAZE4K",
  "forbidden_state_keys": [],
  "init_model_loaded": true,
  "locked_test_touched": false,
  "parameter_count": 8630665,
  "pass": true,
  "synthetic_output_shapes": [
    [
      1,
      3,
      64,
      64
    ],
    [
      1,
      3,
      128,
      128
    ],
    [
      1,
      3,
      256,
      256
    ]
  ],
  "train_batch_l1_multiscale": 0.009162915870547295,
  "train_batch_shapes": {
    "input": [
      1,
      3,
      256,
      256
    ],
    "label": [
      1,
      3,
      256,
      256
    ],
    "outputs": [
      [
        1,
        3,
        64,
        64
      ],
      [
        1,
        3,
        128,
        128
      ],
      [
        1,
        3,
        256,
        256
      ]
    ]
  }
}
